DEBUG:root:Under real time Point 1485086706.62

DEBUG:root:Too small detection probably wrong
DEBUG:root:Under real time Point 0.0541460514069

DEBUG:root:Too small detection probably wrong
DEBUG:root:Under real time Point 0.0483689308167

DEBUG:root:Too small detection probably wrong
DEBUG:root:Under real time Point 0.044114112854

DEBUG:root:Too small detection probably wrong
DEBUG:root:Under real time Point 0.0487008094788

DEBUG:root:Too small detection probably wrong
DEBUG:root:Under real time Point 0.041736125946

DEBUG:root:Too small detection probably wrong
DEBUG:root:Under real time Point 0.0450839996338

DEBUG:root:Too small detection probably wrong
DEBUG:root:Under real time Point 0.0444869995117

DEBUG:root:Too small detection probably wrong
DEBUG:root:Under real time Point 0.0439100265503

DEBUG:root:Too small detection probably wrong
DEBUG:root:Under real time Point 0.0466179847717

DEBUG:root:Too small detection probably wrong
DEBUG:root:Under real time Point 0.0462119579315

DEBUG:root:Too small detection probably wrong
DEBUG:root:Under real time Point 0.0503618717194

DEBUG:root:Too small detection probably wrong
DEBUG:root:Under real time Point 0.0520048141479

DEBUG:root:Too small detection probably wrong
DEBUG:root:Under real time Point 0.0595519542694

DEBUG:root:Too small detection probably wrong
DEBUG:root:Under real time Point 0.0425469875336

DEBUG:root:Too small detection probably wrong
DEBUG:root:Under real time Point 0.0378170013428

DEBUG:root:Too small detection probably wrong
DEBUG:root:Under real time Point 0.0371780395508

DEBUG:root:Too small detection probably wrong
DEBUG:root:Under real time Point 0.0437610149384

DEBUG:root:Too small detection probably wrong
DEBUG:root:Under real time Point 0.0745921134949

DEBUG:root:Too small detection probably wrong
DEBUG:root:Under real time Point 0.0710091590881

DEBUG:root:Too small detection probably wrong
DEBUG:root:Under real time Point 0.045254945755

DEBUG:root:Too small detection probably wrong
DEBUG:root:Under real time Point 0.0425789356232

DEBUG:root:Too small detection probably wrong
DEBUG:root:Under real time Point 0.0416119098663

DEBUG:root:Too small detection probably wrong
DEBUG:root:Under real time Point 0.0399270057678

DEBUG:root:Too small detection probably wrong
DEBUG:root:Under real time Point 0.0428450107574

DEBUG:root:Too small detection probably wrong
DEBUG:root:Under real time Point 0.051332950592

DEBUG:root:Too small detection probably wrong
DEBUG:root:Under real time Point 0.049782037735

DEBUG:root:Too small detection probably wrong
DEBUG:root:Under real time Point 0.0474078655243

DEBUG:root:Too small detection probably wrong
DEBUG:root:Under real time Point 0.044881105423

DEBUG:root:Too small detection probably wrong
DEBUG:root:Under real time Point 0.0426139831543

DEBUG:root:Too small detection probably wrong
DEBUG:root:Under real time Point 0.0456211566925

DEBUG:root:Too small detection probably wrong
DEBUG:root:Under real time Point 0.0470159053802

DEBUG:root:Too small detection probably wrong
DEBUG:root:Under real time Point 0.0441691875458

DEBUG:root:Too small detection probably wrong
DEBUG:root:Under real time Point 0.0438680648804

DEBUG:root:Too small detection probably wrong
DEBUG:root:Under real time Point 0.0437309741974

DEBUG:root:Too small detection probably wrong
DEBUG:root:Under real time Point 0.0435879230499

DEBUG:root:Too small detection probably wrong
DEBUG:root:Under real time Point 0.0446760654449

DEBUG:root:Too small detection probably wrong
DEBUG:root:Under real time Point 0.049008846283

DEBUG:root:Too small detection probably wrong
DEBUG:root:Under real time Point 0.0423188209534

DEBUG:root:Too small detection probably wrong
DEBUG:root:Under real time Point 0.043426990509

DEBUG:root:Too small detection probably wrong
DEBUG:root:Under real time Point 0.0446259975433

DEBUG:root:Too small detection probably wrong
DEBUG:root:Under real time Point 0.0428848266602

DEBUG:root:Too small detection probably wrong
DEBUG:root:Under real time Point 0.0456178188324

DEBUG:root:Too small detection probably wrong
DEBUG:root:Under real time Point 0.0435099601746

DEBUG:root:Too small detection probably wrong
DEBUG:root:Under real time Point 0.042552947998

DEBUG:root:Too small detection probably wrong
DEBUG:root:Under real time Point 0.0479619503021

DEBUG:root:Too small detection probably wrong
DEBUG:root:Under real time Point 0.0442409515381

DEBUG:root:Too small detection probably wrong
DEBUG:root:Under real time Point 0.0467228889465

DEBUG:root:Too small detection probably wrong
DEBUG:root:Under real time Point 0.0482459068298

DEBUG:root:Too small detection probably wrong
DEBUG:root:Under real time Point 0.0556199550629

DEBUG:root:Too small detection probably wrong
DEBUG:root:Under real time Point 0.0525729656219

DEBUG:root:Too small detection probably wrong
DEBUG:root:Under real time Point 0.0513608455658

DEBUG:root:Too small detection probably wrong
DEBUG:root:Under real time Point 0.0426487922668

DEBUG:root:Too small detection probably wrong
DEBUG:root:Under real time Point 0.0389788150787

DEBUG:root:Too small detection probably wrong
DEBUG:root:Under real time Point 0.0410120487213

DEBUG:root:Too small detection probably wrong
DEBUG:root:Under real time Point 0.0392141342163

DEBUG:root:Too small detection probably wrong
DEBUG:root:Under real time Point 0.0391070842743

DEBUG:root:Too small detection probably wrong
DEBUG:root:Under real time Point 0.0426008701324

DEBUG:root:Too small detection probably wrong
DEBUG:root:Under real time Point 0.0410778522491

DEBUG:root:Too small detection probably wrong
DEBUG:root:Under real time Point 0.038360118866

DEBUG:root:Too small detection probably wrong
DEBUG:root:Under real time Point 0.0375330448151

DEBUG:root:Too small detection probably wrong
DEBUG:root:Under real time Point 0.0487852096558

DEBUG:root:Too small detection probably wrong
DEBUG:root:Under real time Point 0.0449750423431

DEBUG:root:Too small detection probably wrong
DEBUG:root:Under real time Point 0.0422971248627

DEBUG:root:Too small detection probably wrong
DEBUG:root:Under real time Point 0.0395638942719

DEBUG:root:Too small detection probably wrong
DEBUG:root:Under real time Point 0.0413510799408

DEBUG:root:Too small detection probably wrong
DEBUG:root:Under real time Point 0.0441398620605

DEBUG:root:Too small detection probably wrong
DEBUG:root:Under real time Point 0.0412058830261

DEBUG:root:Too small detection probably wrong
DEBUG:root:Under real time Point 0.041384935379

DEBUG:root:Too small detection probably wrong
DEBUG:root:Under real time Point 0.0491101741791

DEBUG:root:Too small detection probably wrong
DEBUG:root:Under real time Point 0.0422110557556

DEBUG:root:Too small detection probably wrong
DEBUG:root:Under real time Point 0.0381939411163

DEBUG:root:Too small detection probably wrong
DEBUG:root:Under real time Point 0.037672996521

DEBUG:root:Too small detection probably wrong
DEBUG:root:Under real time Point 0.0448920726776

DEBUG:root:Too small detection probably wrong
DEBUG:root:Under real time Point 0.0438351631165

DEBUG:root:Too small detection probably wrong
DEBUG:root:Under real time Point 0.041002035141

DEBUG:root:Too small detection probably wrong
DEBUG:root:Under real time Point 0.0394859313965

DEBUG:root:Too small detection probably wrong
DEBUG:root:Under real time Point 0.0424799919128

DEBUG:root:Too small detection probably wrong
DEBUG:root:Under real time Point 0.0402801036835

DEBUG:root:Too small detection probably wrong
DEBUG:root:Under real time Point 0.0405960083008

DEBUG:root:Too small detection probably wrong
DEBUG:root:Under real time Point 0.0429570674896

DEBUG:root:Too small detection probably wrong
DEBUG:root:Under real time Point 0.041090965271

DEBUG:root:Too small detection probably wrong
DEBUG:root:Under real time Point 0.039763212204

DEBUG:root:Too small detection probably wrong
DEBUG:root:Under real time Point 0.0427718162537

DEBUG:root:Too small detection probably wrong
DEBUG:root:Under real time Point 0.0395021438599

DEBUG:root:Too small detection probably wrong
DEBUG:root:Under real time Point 0.044242143631

DEBUG:root:Too small detection probably wrong
DEBUG:root:Under real time Point 0.0458409786224

DEBUG:root:Too small detection probably wrong
DEBUG:root:Under real time Point 0.0393028259277

DEBUG:root:Too small detection probably wrong
DEBUG:root:Under real time Point 0.0401058197021

DEBUG:root:Too small detection probably wrong
DEBUG:root:Under real time Point 0.0413200855255

DEBUG:root:Too small detection probably wrong
DEBUG:root:Under real time Point 0.0467128753662

DEBUG:root:Too small detection probably wrong
DEBUG:root:Under real time Point 0.0449669361115

DEBUG:root:Too small detection probably wrong
DEBUG:root:Under real time Point 0.0454440116882

DEBUG:root:Too small detection probably wrong
DEBUG:root:Under real time Point 0.0465140342712

DEBUG:root:Too small detection probably wrong
DEBUG:root:Under real time Point 0.0435321331024

DEBUG:root:Too small detection probably wrong
DEBUG:root:Under real time Point 0.0479371547699

DEBUG:root:Too small detection probably wrong
DEBUG:root:Under real time Point 0.0442039966583

DEBUG:root:Too small detection probably wrong
DEBUG:root:Under real time Point 0.0520660877228

DEBUG:root:Too small detection probably wrong
DEBUG:root:Under real time Point 0.0444889068604

DEBUG:root:Too small detection probably wrong
DEBUG:root:Under real time Point 0.0462799072266

DEBUG:root:Too small detection probably wrong
DEBUG:root:Under real time Point 0.0472178459167

DEBUG:root:Too small detection probably wrong
DEBUG:root:Under real time Point 0.0451829433441

DEBUG:root:Too small detection probably wrong
DEBUG:root:Under real time Point 0.041806936264

DEBUG:root:Too small detection probably wrong
DEBUG:root:Under real time Point 0.0400722026825

DEBUG:root:Too small detection probably wrong
DEBUG:root:Under real time Point 0.0437150001526

DEBUG:root:Too small detection probably wrong
DEBUG:root:Under real time Point 0.0394861698151

DEBUG:root:Too small detection probably wrong
DEBUG:root:Under real time Point 0.0411050319672

DEBUG:root:Too small detection probably wrong
DEBUG:root:Under real time Point 0.0428440570831

DEBUG:root:Too small detection probably wrong
DEBUG:root:Under real time Point 0.0437161922455

DEBUG:root:Too small detection probably wrong
DEBUG:root:Under real time Point 0.0496850013733

DEBUG:root:Too small detection probably wrong
DEBUG:root:Under real time Point 0.0401990413666

DEBUG:root:Too small detection probably wrong
DEBUG:root:Under real time Point 0.0413088798523

DEBUG:root:Too small detection probably wrong
DEBUG:root:Under real time Point 0.0423347949982

DEBUG:root:Too small detection probably wrong
DEBUG:root:Under real time Point 0.0430109500885

DEBUG:root:Too small detection probably wrong
DEBUG:root:Under real time Point 0.0433020591736

DEBUG:root:Too small detection probably wrong
DEBUG:root:Under real time Point 0.0448451042175

DEBUG:root:Too small detection probably wrong
DEBUG:root:Under real time Point 0.040424823761

DEBUG:root:Too small detection probably wrong
DEBUG:root:Under real time Point 0.0466961860657

DEBUG:root:Too small detection probably wrong
DEBUG:root:Under real time Point 0.0466551780701

DEBUG:root:Too small detection probably wrong
DEBUG:root:Under real time Point 0.0471799373627

DEBUG:root:Too small detection probably wrong
DEBUG:root:Under real time Point 0.0442750453949

DEBUG:root:Too small detection probably wrong
DEBUG:root:Under real time Point 0.0506889820099

DEBUG:root:Too small detection probably wrong
DEBUG:root:Under real time Point 0.0432670116425

DEBUG:root:Too small detection probably wrong
DEBUG:root:Under real time Point 0.04660987854

DEBUG:root:Too small detection probably wrong
DEBUG:root:Under real time Point 0.0420620441437

DEBUG:root:Too small detection probably wrong
DEBUG:root:Under real time Point 0.0393109321594

DEBUG:root:Too small detection probably wrong
DEBUG:root:Under real time Point 0.0416288375854

DEBUG:root:Too small detection probably wrong
DEBUG:root:Under real time Point 0.0440380573273

DEBUG:root:Too small detection probably wrong
DEBUG:root:Under real time Point 0.0403039455414

DEBUG:root:Too small detection probably wrong
DEBUG:root:Under real time Point 0.0409870147705

DEBUG:root:Too small detection probably wrong
DEBUG:root:Under real time Point 0.0385019779205

DEBUG:root:Too small detection probably wrong
DEBUG:root:Under real time Point 0.0376470088959

DEBUG:root:Too small detection probably wrong
DEBUG:root:Under real time Point 0.0386848449707

DEBUG:root:Too small detection probably wrong
DEBUG:root:Under real time Point 0.0451328754425

DEBUG:root:Too small detection probably wrong
DEBUG:root:Under real time Point 0.041533946991

DEBUG:root:Too small detection probably wrong
DEBUG:root:Under real time Point 0.0398511886597

DEBUG:root:Too small detection probably wrong
DEBUG:root:Under real time Point 0.0418899059296

DEBUG:root:Too small detection probably wrong
DEBUG:root:Under real time Point 0.0416100025177

DEBUG:root:Too small detection probably wrong
DEBUG:root:Under real time Point 0.039057970047

DEBUG:root:Too small detection probably wrong
DEBUG:root:Under real time Point 0.0406529903412

DEBUG:root:Too small detection probably wrong
DEBUG:root:Under real time Point 0.0393421649933

DEBUG:root:Too small detection probably wrong
DEBUG:root:Under real time Point 0.0394101142883

DEBUG:root:Too small detection probably wrong
DEBUG:root:Under real time Point 0.0374898910522

DEBUG:root:Too small detection probably wrong
DEBUG:root:Under real time Point 0.0417149066925

DEBUG:root:Too small detection probably wrong
DEBUG:root:Under real time Point 0.0389370918274

DEBUG:root:Too small detection probably wrong
DEBUG:root:Under real time Point 0.0439128875732

DEBUG:root:Too small detection probably wrong
DEBUG:root:Under real time Point 0.0411040782928

DEBUG:root:Too small detection probably wrong
DEBUG:root:Under real time Point 0.038232088089

DEBUG:root:Too small detection probably wrong
DEBUG:root:Under real time Point 0.036906003952

DEBUG:root:Too small detection probably wrong
DEBUG:root:Under real time Point 0.0379269123077

DEBUG:root:Too small detection probably wrong
DEBUG:root:Under real time Point 0.0423171520233

DEBUG:root:Too small detection probably wrong
DEBUG:root:Under real time Point 0.0442199707031

DEBUG:root:Too small detection probably wrong
DEBUG:root:Under real time Point 0.0408580303192

DEBUG:root:Too small detection probably wrong
DEBUG:root:Under real time Point 0.0448431968689

DEBUG:root:Too small detection probably wrong
DEBUG:root:Under real time Point 0.0398690700531

DEBUG:root:Too small detection probably wrong
DEBUG:root:Under real time Point 0.0449199676514

DEBUG:root:Too small detection probably wrong
DEBUG:root:Under real time Point 0.0424408912659

DEBUG:root:Too small detection probably wrong
DEBUG:root:Under real time Point 0.0526719093323

DEBUG:root:Too small detection probably wrong
DEBUG:root:Under real time Point 0.0481281280518

DEBUG:root:Too small detection probably wrong
DEBUG:root:Under real time Point 0.0497860908508

DEBUG:root:Too small detection probably wrong
DEBUG:root:Under real time Point 0.0427701473236

DEBUG:root:Too small detection probably wrong
DEBUG:root:Under real time Point 0.0461490154266

DEBUG:root:Too small detection probably wrong
DEBUG:root:Under real time Point 0.0443120002747

DEBUG:root:Too small detection probably wrong
DEBUG:root:Under real time Point 0.0480241775513

DEBUG:root:Too small detection probably wrong
DEBUG:root:Under real time Point 0.0504329204559

DEBUG:root:Too small detection probably wrong
DEBUG:root:Under real time Point 0.0505230426788

DEBUG:root:Too small detection probably wrong
DEBUG:root:Under real time Point 0.0470290184021

DEBUG:root:Nonetype
DEBUG:root:Under real time Point 0.0637450218201

DEBUG:root:Under real time Point 0.113468885422

DEBUG:root:Under real time Point 0.112409114838

DEBUG:root:Nonetype
DEBUG:root:Under real time Point 0.0620250701904

DEBUG:root:Nonetype
DEBUG:root:Under real time Point 0.0518400669098

DEBUG:root:Nonetype
DEBUG:root:Under real time Point 0.0571630001068

DEBUG:root:Nonetype
DEBUG:root:Under real time Point 0.0582041740417

DEBUG:root:Under real time Point 0.103218078613

DEBUG:root:Real time1485086714.71

DEBUG:root:Nonetype
DEBUG:root:Under real time Point 0.0588350296021

DEBUG:root:Under real time Point 0.10311794281

DEBUG:root:Nonetype
DEBUG:root:Under real time Point 0.0588581562042

DEBUG:root:Too small detection probably wrong
DEBUG:root:Under real time Point 0.0498161315918

DEBUG:root:Nonetype
DEBUG:root:Under real time Point 0.0671370029449

DEBUG:root:Nonetype
DEBUG:root:Under real time Point 0.0626249313354

DEBUG:root:Nonetype
DEBUG:root:Under real time Point 0.05309009552

DEBUG:root:Nonetype
DEBUG:root:Under real time Point 0.0555970668793

DEBUG:root:Nonetype
DEBUG:root:Under real time Point 0.0564241409302

DEBUG:root:Nonetype
DEBUG:root:Under real time Point 0.0644390583038

DEBUG:root:Nonetype
DEBUG:root:Under real time Point 0.0626029968262

DEBUG:root:Nonetype
DEBUG:root:Under real time Point 0.0626528263092

DEBUG:root:Nonetype
DEBUG:root:Under real time Point 0.0632569789886

DEBUG:root:Under real time Point 0.105609178543

DEBUG:root:Nonetype
DEBUG:root:Under real time Point 0.0622401237488

DEBUG:root:Nonetype
DEBUG:root:Under real time Point 0.0605959892273

DEBUG:root:Nonetype
DEBUG:root:Under real time Point 0.0620942115784

DEBUG:root:Nonetype
DEBUG:root:Under real time Point 0.0623259544373

DEBUG:root:Nonetype
DEBUG:root:Under real time Point 0.0581738948822

DEBUG:root:Too small detection probably wrong
DEBUG:root:Under real time Point 0.0524339675903

DEBUG:root:Nonetype
DEBUG:root:Under real time Point 0.0611810684204

DEBUG:root:Nonetype
DEBUG:root:Under real time Point 0.0658841133118

DEBUG:root:Nonetype
DEBUG:root:Under real time Point 0.0616869926453

DEBUG:root:Nonetype
DEBUG:root:Under real time Point 0.0626149177551

DEBUG:root:Nonetype
DEBUG:root:Under real time Point 0.0634319782257

DEBUG:root:Nonetype
DEBUG:root:Under real time Point 0.0576779842377

DEBUG:root:Nonetype
DEBUG:root:Under real time Point 0.0561439990997

DEBUG:root:Under real time Point 0.102995872498

DEBUG:root:Nonetype
DEBUG:root:Under real time Point 0.0645968914032

DEBUG:root:Nonetype
DEBUG:root:Under real time Point 0.0627300739288

DEBUG:root:Nonetype
DEBUG:root:Under real time Point 0.0541570186615

DEBUG:root:Nonetype
DEBUG:root:Under real time Point 0.0595259666443

DEBUG:root:Nonetype
DEBUG:root:Under real time Point 0.0610949993134

DEBUG:root:Nonetype
DEBUG:root:Under real time Point 0.0561339855194

DEBUG:root:Nonetype
DEBUG:root:Under real time Point 0.0547499656677

DEBUG:root:Nonetype
DEBUG:root:Under real time Point 0.0573790073395

DEBUG:root:Nonetype
DEBUG:root:Under real time Point 0.0604021549225

DEBUG:root:Too small detection probably wrong
DEBUG:root:Under real time Point 0.050742149353

DEBUG:root:Nonetype
DEBUG:root:Under real time Point 0.0564301013947

DEBUG:root:Nonetype
DEBUG:root:Under real time Point 0.0541751384735

DEBUG:root:Nonetype
DEBUG:root:Under real time Point 0.0546448230743

DEBUG:root:Nonetype
DEBUG:root:Under real time Point 0.0642988681793

DEBUG:root:Under real time Point 0.12561583519

DEBUG:root:Nonetype
DEBUG:root:Under real time Point 0.0868899822235

DEBUG:root:Nonetype
DEBUG:root:Under real time Point 0.0575389862061

DEBUG:root:Nonetype
DEBUG:root:Under real time Point 0.0559980869293

DEBUG:root:Nonetype
DEBUG:root:Under real time Point 0.0562770366669

DEBUG:root:Nonetype
DEBUG:root:Under real time Point 0.0623419284821

DEBUG:root:Under real time Point 0.104470014572

DEBUG:root:Nonetype
DEBUG:root:Under real time Point 0.0627250671387

DEBUG:root:Nonetype
DEBUG:root:Under real time Point 0.061448097229

DEBUG:root:Nonetype
DEBUG:root:Under real time Point 0.0628111362457

DEBUG:root:Nonetype
DEBUG:root:Under real time Point 0.0638320446014

DEBUG:root:Nonetype
DEBUG:root:Under real time Point 0.0660169124603

DEBUG:root:Nonetype
DEBUG:root:Under real time Point 0.0575559139252

DEBUG:root:Nonetype
DEBUG:root:Under real time Point 0.0622131824493

DEBUG:root:Nonetype
DEBUG:root:Under real time Point 0.062577009201

DEBUG:root:Nonetype
DEBUG:root:Under real time Point 0.0575330257416

DEBUG:root:Nonetype
DEBUG:root:Under real time Point 0.0595190525055

DEBUG:root:Nonetype
DEBUG:root:Under real time Point 0.0620307922363

DEBUG:root:Nonetype
DEBUG:root:Under real time Point 0.0506899356842

DEBUG:root:Nonetype
DEBUG:root:Under real time Point 0.0556130409241

DEBUG:root:Nonetype
DEBUG:root:Under real time Point 0.0562169551849

DEBUG:root:Nonetype
DEBUG:root:Under real time Point 0.06290102005

DEBUG:root:Too small detection probably wrong
DEBUG:root:Under real time Point 0.051521062851

DEBUG:root:Nonetype
DEBUG:root:Under real time Point 0.0617687702179

DEBUG:root:Too small detection probably wrong
DEBUG:root:Under real time Point 0.0490028858185

DEBUG:root:Nonetype
DEBUG:root:Under real time Point 0.0563321113586

DEBUG:root:Too small detection probably wrong
DEBUG:root:Under real time Point 0.0515260696411

DEBUG:root:Nonetype
DEBUG:root:Under real time Point 0.0589871406555

DEBUG:root:Under real time Point 0.105133056641

DEBUG:root:Nonetype
DEBUG:root:Under real time Point 0.061861038208

DEBUG:root:Too small detection probably wrong
DEBUG:root:Under real time Point 0.051570892334

DEBUG:root:Too small detection probably wrong
DEBUG:root:Under real time Point 0.0492739677429

DEBUG:root:Under real time Point 0.113902807236

DEBUG:root:Nonetype
DEBUG:root:Under real time Point 0.0546250343323

DEBUG:root:Under real time Point 0.101323843002

DEBUG:root:Under real time Point 0.107129096985

DEBUG:root:Too small detection probably wrong
DEBUG:root:Under real time Point 0.0453290939331

DEBUG:root:Nonetype
DEBUG:root:Under real time Point 0.0517590045929

DEBUG:root:Too small detection probably wrong
DEBUG:root:Under real time Point 0.0441889762878

DEBUG:root:Too small detection probably wrong
DEBUG:root:Under real time Point 0.0454289913177

DEBUG:root:Too small detection probably wrong
DEBUG:root:Under real time Point 0.0440011024475

DEBUG:root:Too small detection probably wrong
DEBUG:root:Under real time Point 0.0389769077301

DEBUG:root:Too small detection probably wrong
DEBUG:root:Under real time Point 0.0387940406799

DEBUG:root:Too small detection probably wrong
DEBUG:root:Under real time Point 0.0474109649658

DEBUG:root:Too small detection probably wrong
DEBUG:root:Under real time Point 0.0440361499786

DEBUG:root:Too small detection probably wrong
DEBUG:root:Under real time Point 0.0446019172668

DEBUG:root:Too small detection probably wrong
DEBUG:root:Under real time Point 0.0428290367126

DEBUG:root:Too small detection probably wrong
DEBUG:root:Under real time Point 0.0517158508301

DEBUG:root:Too small detection probably wrong
DEBUG:root:Under real time Point 0.0449068546295

DEBUG:root:Too small detection probably wrong
DEBUG:root:Under real time Point 0.0471749305725

DEBUG:root:Too small detection probably wrong
DEBUG:root:Under real time Point 0.0444450378418

DEBUG:root:Too small detection probably wrong
DEBUG:root:Under real time Point 0.047434091568

DEBUG:root:Too small detection probably wrong
DEBUG:root:Under real time Point 0.0434708595276

DEBUG:root:Too small detection probably wrong
DEBUG:root:Under real time Point 0.0398399829865

DEBUG:root:Too small detection probably wrong
DEBUG:root:Under real time Point 0.0446181297302

DEBUG:root:Too small detection probably wrong
DEBUG:root:Under real time Point 0.0442271232605

DEBUG:root:Too small detection probably wrong
DEBUG:root:Under real time Point 0.0407118797302

DEBUG:root:Too small detection probably wrong
DEBUG:root:Under real time Point 0.0460350513458

DEBUG:root:Too small detection probably wrong
DEBUG:root:Under real time Point 0.0409638881683

DEBUG:root:Too small detection probably wrong
DEBUG:root:Under real time Point 0.0492160320282

DEBUG:root:Too small detection probably wrong
DEBUG:root:Under real time Point 0.0426759719849

DEBUG:root:Too small detection probably wrong
DEBUG:root:Under real time Point 0.038633108139

DEBUG:root:Too small detection probably wrong
DEBUG:root:Under real time Point 0.0439591407776

DEBUG:root:Too small detection probably wrong
DEBUG:root:Under real time Point 0.0401949882507

DEBUG:root:Too small detection probably wrong
DEBUG:root:Under real time Point 0.0439960956573

DEBUG:root:Too small detection probably wrong
DEBUG:root:Under real time Point 0.0409240722656

DEBUG:root:Too small detection probably wrong
DEBUG:root:Under real time Point 0.0432460308075

DEBUG:root:Too small detection probably wrong
DEBUG:root:Under real time Point 0.0458090305328

DEBUG:root:Too small detection probably wrong
DEBUG:root:Under real time Point 0.0423409938812

DEBUG:root:Too small detection probably wrong
DEBUG:root:Under real time Point 0.0449950695038

DEBUG:root:Too small detection probably wrong
DEBUG:root:Under real time Point 0.0405271053314

DEBUG:root:Too small detection probably wrong
DEBUG:root:Under real time Point 0.0484890937805

DEBUG:root:Too small detection probably wrong
DEBUG:root:Under real time Point 0.0453050136566

DEBUG:root:Too small detection probably wrong
DEBUG:root:Under real time Point 0.0474281311035

DEBUG:root:Too small detection probably wrong
DEBUG:root:Under real time Point 0.0424230098724

DEBUG:root:Too small detection probably wrong
DEBUG:root:Under real time Point 0.0418558120728

DEBUG:root:Too small detection probably wrong
DEBUG:root:Under real time Point 0.0454630851746

DEBUG:root:Too small detection probably wrong
DEBUG:root:Under real time Point 0.0456299781799

DEBUG:root:Too small detection probably wrong
DEBUG:root:Under real time Point 0.0472309589386

DEBUG:root:Too small detection probably wrong
DEBUG:root:Under real time Point 0.0435910224915

DEBUG:root:Too small detection probably wrong
DEBUG:root:Under real time Point 0.0410380363464

DEBUG:root:Too small detection probably wrong
DEBUG:root:Under real time Point 0.0443081855774

DEBUG:root:Too small detection probably wrong
DEBUG:root:Under real time Point 0.0426380634308

DEBUG:root:Too small detection probably wrong
DEBUG:root:Under real time Point 0.0556199550629

DEBUG:root:Too small detection probably wrong
DEBUG:root:Under real time Point 0.0471160411835

DEBUG:root:Too small detection probably wrong
DEBUG:root:Under real time Point 0.0439088344574

DEBUG:root:Too small detection probably wrong
DEBUG:root:Under real time Point 0.0466749668121

DEBUG:root:Too small detection probably wrong
DEBUG:root:Under real time Point 0.048819065094

DEBUG:root:Too small detection probably wrong
DEBUG:root:Under real time Point 0.046658039093

DEBUG:root:Too small detection probably wrong
DEBUG:root:Under real time Point 0.0491960048676

DEBUG:root:Too small detection probably wrong
DEBUG:root:Under real time Point 0.0408880710602

DEBUG:root:Too small detection probably wrong
DEBUG:root:Under real time Point 0.0451078414917

DEBUG:root:Too small detection probably wrong
DEBUG:root:Under real time Point 0.0435390472412

DEBUG:root:Too small detection probably wrong
DEBUG:root:Under real time Point 0.0471432209015

DEBUG:root:Too small detection probably wrong
DEBUG:root:Under real time Point 0.0564761161804

DEBUG:root:Too small detection probably wrong
DEBUG:root:Under real time Point 0.101785182953

DEBUG:root:Too small detection probably wrong
DEBUG:root:Under real time Point 0.04390001297

DEBUG:root:Too small detection probably wrong
DEBUG:root:Under real time Point 0.0456140041351

DEBUG:root:Too small detection probably wrong
DEBUG:root:Under real time Point 0.0411639213562

DEBUG:root:Too small detection probably wrong
DEBUG:root:Under real time Point 0.0421760082245

DEBUG:root:Too small detection probably wrong
DEBUG:root:Under real time Point 0.0443120002747

DEBUG:root:Too small detection probably wrong
DEBUG:root:Under real time Point 0.0430669784546

DEBUG:root:Too small detection probably wrong
DEBUG:root:Under real time Point 0.0457901954651

DEBUG:root:Too small detection probably wrong
DEBUG:root:Under real time Point 0.0451211929321

DEBUG:root:Too small detection probably wrong
DEBUG:root:Under real time Point 0.0483429431915

DEBUG:root:Too small detection probably wrong
DEBUG:root:Under real time Point 0.0510048866272

DEBUG:root:Too small detection probably wrong
DEBUG:root:Under real time Point 0.0497891902924

DEBUG:root:Too small detection probably wrong
DEBUG:root:Under real time Point 0.0546560287476

DEBUG:root:Too small detection probably wrong
DEBUG:root:Under real time Point 0.0448760986328

DEBUG:root:Too small detection probably wrong
DEBUG:root:Under real time Point 0.041307926178

DEBUG:root:Too small detection probably wrong
DEBUG:root:Under real time Point 0.0464019775391

DEBUG:root:Too small detection probably wrong
DEBUG:root:Under real time Point 0.040952205658

DEBUG:root:Too small detection probably wrong
DEBUG:root:Under real time Point 0.0527069568634

DEBUG:root:Too small detection probably wrong
DEBUG:root:Under real time Point 0.048141002655

DEBUG:root:Too small detection probably wrong
DEBUG:root:Under real time Point 0.0480439662933

DEBUG:root:Too small detection probably wrong
DEBUG:root:Under real time Point 0.0407350063324

DEBUG:root:Too small detection probably wrong
DEBUG:root:Under real time Point 0.0423510074615

DEBUG:root:Too small detection probably wrong
DEBUG:root:Under real time Point 0.0400362014771

DEBUG:root:Too small detection probably wrong
DEBUG:root:Under real time Point 0.0401229858398

DEBUG:root:Too small detection probably wrong
DEBUG:root:Under real time Point 0.0499398708344

DEBUG:root:Too small detection probably wrong
DEBUG:root:Under real time Point 0.0459620952606

DEBUG:root:Too small detection probably wrong
DEBUG:root:Under real time Point 0.047966003418

DEBUG:root:Too small detection probably wrong
DEBUG:root:Under real time Point 0.0915310382843

DEBUG:root:Too small detection probably wrong
DEBUG:root:Under real time Point 0.0408411026001

DEBUG:root:Too small detection probably wrong
DEBUG:root:Under real time Point 0.0412399768829

DEBUG:root:Too small detection probably wrong
DEBUG:root:Under real time Point 0.0411930084229

DEBUG:root:Too small detection probably wrong
DEBUG:root:Under real time Point 0.0423018932343

DEBUG:root:Too small detection probably wrong
DEBUG:root:Under real time Point 0.0402321815491

DEBUG:root:Too small detection probably wrong
DEBUG:root:Under real time Point 0.0418820381165

DEBUG:root:Real time1485086724.19

DEBUG:root:Too small detection probably wrong
DEBUG:root:Under real time Point 0.0478038787842

DEBUG:root:Too small detection probably wrong
DEBUG:root:Under real time Point 0.0510411262512

DEBUG:root:Too small detection probably wrong
DEBUG:root:Under real time Point 0.0489227771759

DEBUG:root:Too small detection probably wrong
DEBUG:root:Under real time Point 0.0438780784607

DEBUG:root:Too small detection probably wrong
DEBUG:root:Under real time Point 0.0547528266907

DEBUG:root:Too small detection probably wrong
DEBUG:root:Under real time Point 0.0481848716736

DEBUG:root:Real time1485086724.58

DEBUG:root:Under real time Point 0.11221408844

DEBUG:root:Too small detection probably wrong
DEBUG:root:Under real time Point 0.0464308261871

DEBUG:root:Too small detection probably wrong
DEBUG:root:Under real time Point 0.0439310073853

DEBUG:root:Too small detection probably wrong
DEBUG:root:Under real time Point 0.0412230491638

DEBUG:root:Too small detection probably wrong
DEBUG:root:Under real time Point 0.0471279621124

DEBUG:root:Too small detection probably wrong
DEBUG:root:Under real time Point 0.0492448806763

DEBUG:root:Too small detection probably wrong
DEBUG:root:Under real time Point 0.0522119998932

DEBUG:root:Too small detection probably wrong
DEBUG:root:Under real time Point 0.0465929508209

DEBUG:root:Too small detection probably wrong
DEBUG:root:Under real time Point 0.0435020923615

DEBUG:root:Too small detection probably wrong
DEBUG:root:Under real time Point 0.0501148700714

DEBUG:root:Too small detection probably wrong
DEBUG:root:Under real time Point 0.043329000473

DEBUG:root:Too small detection probably wrong
DEBUG:root:Under real time Point 0.0440988540649

DEBUG:root:Real time1485086725.31

DEBUG:root:Real time1485086725.41

DEBUG:root:Under real time Point 0.10698890686

DEBUG:root:Nonetype
DEBUG:root:Under real time Point 0.0610990524292

DEBUG:root:Real time1485086725.68

DEBUG:root:Real time1485086725.78

DEBUG:root:Real time1485086725.88

DEBUG:root:Real time1485086725.98

DEBUG:root:Real time1485086726.08

DEBUG:root:Too small detection probably wrong
DEBUG:root:Under real time Point 0.0463769435883

DEBUG:root:Real time1485086726.22

DEBUG:root:Real time1485086726.33

DEBUG:root:Real time1485086726.43

DEBUG:root:Real time1485086726.53

DEBUG:root:Real time1485086726.63

DEBUG:root:Too small detection probably wrong
DEBUG:root:Under real time Point 0.0501308441162

DEBUG:root:Under real time Point 0.112694978714

DEBUG:root:Real time1485086726.89

DEBUG:root:Real time1485086727.0

DEBUG:root:Too small detection probably wrong
DEBUG:root:Under real time Point 0.0525040626526

DEBUG:root:Too small detection probably wrong
DEBUG:root:Under real time Point 0.0438339710236

DEBUG:root:Too small detection probably wrong
DEBUG:root:Under real time Point 0.0519509315491

DEBUG:root:Real time1485086727.25

DEBUG:root:Too small detection probably wrong
DEBUG:root:Under real time Point 0.0487818717957

DEBUG:root:Too small detection probably wrong
DEBUG:root:Under real time Point 0.0485398769379

DEBUG:root:Under real time Point 0.103439807892

DEBUG:root:Too small detection probably wrong
DEBUG:root:Under real time Point 0.0947690010071

DEBUG:root:Too small detection probably wrong
DEBUG:root:Under real time Point 0.0479989051819

DEBUG:root:Real time1485086727.69

DEBUG:root:Real time1485086727.79

DEBUG:root:Too small detection probably wrong
DEBUG:root:Under real time Point 0.0517230033875

DEBUG:root:Too small detection probably wrong
DEBUG:root:Under real time Point 0.0481939315796

DEBUG:root:Too small detection probably wrong
DEBUG:root:Under real time Point 0.0460488796234

DEBUG:root:Real time1485086728.04

DEBUG:root:Too small detection probably wrong
DEBUG:root:Under real time Point 0.0487179756165

DEBUG:root:Too small detection probably wrong
DEBUG:root:Under real time Point 0.0482161045074

DEBUG:root:Too small detection probably wrong
DEBUG:root:Under real time Point 0.0494940280914

DEBUG:root:Too small detection probably wrong
DEBUG:root:Under real time Point 0.0501937866211

DEBUG:root:Real time1485086728.34

DEBUG:root:Too small detection probably wrong
DEBUG:root:Under real time Point 0.0506908893585

DEBUG:root:Real time1485086728.49

DEBUG:root:Real time1485086728.59

DEBUG:root:Too small detection probably wrong
DEBUG:root:Under real time Point 0.0485348701477

DEBUG:root:Too small detection probably wrong
DEBUG:root:Under real time Point 0.0428111553192

DEBUG:root:Real time1485086728.78

DEBUG:root:Too small detection probably wrong
DEBUG:root:Under real time Point 0.0432560443878

DEBUG:root:Too small detection probably wrong
DEBUG:root:Under real time Point 0.0443480014801

DEBUG:root:Too small detection probably wrong
DEBUG:root:Under real time Point 0.0451920032501

DEBUG:root:Too small detection probably wrong
DEBUG:root:Under real time Point 0.0412089824677

DEBUG:root:Too small detection probably wrong
DEBUG:root:Under real time Point 0.0396091938019

DEBUG:root:Too small detection probably wrong
DEBUG:root:Under real time Point 0.040333032608

DEBUG:root:Too small detection probably wrong
DEBUG:root:Under real time Point 0.0447978973389

DEBUG:root:Real time1485086729.18

DEBUG:root:Real time1485086729.28

DEBUG:root:Real time1485086729.39

DEBUG:root:Real time1485086729.49

DEBUG:root:Real time1485086729.59

DEBUG:root:Too small detection probably wrong
DEBUG:root:Under real time Point 0.042151927948

DEBUG:root:Too small detection probably wrong
DEBUG:root:Under real time Point 0.0440340042114

DEBUG:root:Real time1485086729.77

DEBUG:root:Too small detection probably wrong
DEBUG:root:Under real time Point 0.0386638641357

DEBUG:root:Real time1485086729.92

DEBUG:root:Too small detection probably wrong
DEBUG:root:Under real time Point 0.0442709922791

DEBUG:root:Under real time Point 0.100224971771

DEBUG:root:Under real time Point 0.108985900879

DEBUG:root:Under real time Point 0.112749099731

DEBUG:root:Under real time Point 0.119045972824

DEBUG:root:Under real time Point 0.114855051041

DEBUG:root:Under real time Point 0.121556997299

DEBUG:root:Too small detection probably wrong
DEBUG:root:Under real time Point 0.0442290306091

DEBUG:root:Too small detection probably wrong
DEBUG:root:Under real time Point 0.0520479679108

DEBUG:root:Under real time Point 0.121829032898

DEBUG:root:Under real time Point 0.122390031815

DEBUG:root:Too small detection probably wrong
DEBUG:root:Under real time Point 0.0507030487061

DEBUG:root:Under real time Point 0.121063947678

DEBUG:root:Under real time Point 0.121671199799

DEBUG:root:Under real time Point 0.11833190918

DEBUG:root:Under real time Point 0.121963024139

DEBUG:root:Under real time Point 0.145568847656

DEBUG:root:Under real time Point 0.126652002335

DEBUG:root:Under real time Point 0.128401041031

DEBUG:root:Under real time Point 0.116054058075

DEBUG:root:Under real time Point 0.114645004272

DEBUG:root:Too small detection probably wrong
DEBUG:root:Under real time Point 0.0451989173889

DEBUG:root:Nonetype
DEBUG:root:Under real time Point 0.0541899204254

DEBUG:root:Under real time Point 0.121633052826

DEBUG:root:Under real time Point 0.152770042419

DEBUG:root:Under real time Point 0.113907814026

DEBUG:root:Under real time Point 0.12202501297

DEBUG:root:Too small detection probably wrong
DEBUG:root:Under real time Point 0.0503759384155

DEBUG:root:Too small detection probably wrong
DEBUG:root:Under real time Point 0.0550980567932

DEBUG:root:Too small detection probably wrong
DEBUG:root:Under real time Point 0.0471291542053

DEBUG:root:Under real time Point 0.136038064957

DEBUG:root:Too small detection probably wrong
DEBUG:root:Under real time Point 0.0521490573883

DEBUG:root:Too small detection probably wrong
DEBUG:root:Under real time Point 0.0530710220337

DEBUG:root:Under real time Point 0.12645483017

DEBUG:root:Too small detection probably wrong
DEBUG:root:Under real time Point 0.0495271682739

DEBUG:root:Nonetype
DEBUG:root:Under real time Point 0.0550801753998

DEBUG:root:Too small detection probably wrong
DEBUG:root:Under real time Point 0.0472519397736

DEBUG:root:Too small detection probably wrong
DEBUG:root:Under real time Point 0.0479271411896

DEBUG:root:Too small detection probably wrong
DEBUG:root:Under real time Point 0.0473480224609

DEBUG:root:Too small detection probably wrong
DEBUG:root:Under real time Point 0.0477690696716

DEBUG:root:Under real time Point 0.124064207077

DEBUG:root:Under real time Point 0.12059378624

DEBUG:root:Under real time Point 0.1291680336

DEBUG:root:Too small detection probably wrong
DEBUG:root:Under real time Point 0.0455510616302

DEBUG:root:Too small detection probably wrong
DEBUG:root:Under real time Point 0.0528790950775

DEBUG:root:Too small detection probably wrong
DEBUG:root:Under real time Point 0.0541551113129

DEBUG:root:Too small detection probably wrong
DEBUG:root:Under real time Point 0.0498580932617

DEBUG:root:Under real time Point 0.13684797287

DEBUG:root:Under real time Point 0.157159090042

DEBUG:root:Under real time Point 0.147409915924

DEBUG:root:Under real time Point 0.151726961136

DEBUG:root:Under real time Point 0.130151987076

DEBUG:root:Under real time Point 0.149271965027

DEBUG:root:Under real time Point 0.133930921555

DEBUG:root:Too small detection probably wrong
DEBUG:root:Under real time Point 0.0401358604431

DEBUG:root:Too small detection probably wrong
DEBUG:root:Under real time Point 0.045352935791

DEBUG:root:Under real time Point 0.133022069931

DEBUG:root:Too small detection probably wrong
DEBUG:root:Under real time Point 0.0395269393921

DEBUG:root:Under real time Point 0.114696025848

DEBUG:root:Under real time Point 0.114856958389

DEBUG:root:Too small detection probably wrong
DEBUG:root:Under real time Point 0.0410420894623

DEBUG:root:Too small detection probably wrong
DEBUG:root:Under real time Point 0.041002035141

DEBUG:root:Too small detection probably wrong
DEBUG:root:Under real time Point 0.0414140224457

DEBUG:root:Too small detection probably wrong
DEBUG:root:Under real time Point 0.041267156601

DEBUG:root:Too small detection probably wrong
DEBUG:root:Under real time Point 0.0489680767059

DEBUG:root:Too small detection probably wrong
DEBUG:root:Under real time Point 0.0419039726257

DEBUG:root:Too small detection probably wrong
DEBUG:root:Under real time Point 0.039076089859

DEBUG:root:Too small detection probably wrong
DEBUG:root:Under real time Point 0.0420010089874

DEBUG:root:Too small detection probably wrong
DEBUG:root:Under real time Point 0.04132604599

DEBUG:root:Too small detection probably wrong
DEBUG:root:Under real time Point 0.0394320487976

DEBUG:root:Too small detection probably wrong
DEBUG:root:Under real time Point 0.0429859161377

DEBUG:root:Too small detection probably wrong
DEBUG:root:Under real time Point 0.041512966156

DEBUG:root:Too small detection probably wrong
DEBUG:root:Under real time Point 0.0391371250153

DEBUG:root:Too small detection probably wrong
DEBUG:root:Under real time Point 0.0397889614105

DEBUG:root:Too small detection probably wrong
DEBUG:root:Under real time Point 0.044497013092

DEBUG:root:Too small detection probably wrong
DEBUG:root:Under real time Point 0.039911031723

DEBUG:root:Too small detection probably wrong
DEBUG:root:Under real time Point 0.0468821525574

DEBUG:root:Under real time Point 0.116183042526

DEBUG:root:Too small detection probably wrong
DEBUG:root:Under real time Point 0.041314125061

DEBUG:root:Under real time Point 0.127840042114

DEBUG:root:Under real time Point 0.131582021713

DEBUG:root:Under real time Point 0.134505033493

DEBUG:root:Too small detection probably wrong
DEBUG:root:Under real time Point 0.0486059188843

DEBUG:root:Under real time Point 0.139235019684

DEBUG:root:Under real time Point 0.137698888779

DEBUG:root:Under real time Point 0.135164022446

DEBUG:root:Under real time Point 0.12968993187

DEBUG:root:Under real time Point 0.13333106041

DEBUG:root:Under real time Point 0.120954036713

DEBUG:root:Under real time Point 0.11713385582

DEBUG:root:Under real time Point 0.122578144073

DEBUG:root:Too small detection probably wrong
DEBUG:root:Under real time Point 0.0426909923553

DEBUG:root:Under real time Point 0.117119073868

DEBUG:root:Under real time Point 0.121584177017

DEBUG:root:Under real time Point 0.132151126862

