DEBUG:root:Under real time Point 1482191587.21

DEBUG:root:Real time1482191587.45

DEBUG:root:Real time1482191587.66

DEBUG:root:Real time1482191587.88

DEBUG:root:Real time1482191588.08

DEBUG:root:Real time1482191588.3

DEBUG:root:Real time1482191588.51

DEBUG:root:Real time1482191588.72

DEBUG:root:Real time1482191588.93

DEBUG:root:Real time1482191589.14

DEBUG:root:Real time1482191589.35

DEBUG:root:Real time1482191589.55

DEBUG:root:Real time1482191589.75

DEBUG:root:Real time1482191589.95

DEBUG:root:Real time1482191590.15

DEBUG:root:Real time1482191590.36

DEBUG:root:Real time1482191590.57

DEBUG:root:Real time1482191590.84

DEBUG:root:Real time1482191591.04

DEBUG:root:Real time1482191591.25

DEBUG:root:Real time1482191591.45

DEBUG:root:Real time1482191591.66

DEBUG:root:Real time1482191591.87

DEBUG:root:Real time1482191592.08

DEBUG:root:Real time1482191592.27

DEBUG:root:Real time1482191592.46

DEBUG:root:Real time1482191592.64

DEBUG:root:Real time1482191592.83

DEBUG:root:Real time1482191593.02

DEBUG:root:Real time1482191593.22

DEBUG:root:Real time1482191593.41

DEBUG:root:Real time1482191593.6

DEBUG:root:Real time1482191593.78

DEBUG:root:Real time1482191593.97

DEBUG:root:Real time1482191594.16

DEBUG:root:Real time1482191594.35

DEBUG:root:Real time1482191594.54

DEBUG:root:Real time1482191594.72

DEBUG:root:Real time1482191594.91

DEBUG:root:Real time1482191595.1

DEBUG:root:Real time1482191595.29

DEBUG:root:Real time1482191595.48

DEBUG:root:Real time1482191595.74

DEBUG:root:Real time1482191595.94

DEBUG:root:Real time1482191596.15

DEBUG:root:Real time1482191596.35

DEBUG:root:Real time1482191596.56

DEBUG:root:Real time1482191596.74

DEBUG:root:Real time1482191596.93

DEBUG:root:Real time1482191597.12

DEBUG:root:Real time1482191597.31

DEBUG:root:Real time1482191597.5

DEBUG:root:Real time1482191597.68

DEBUG:root:Real time1482191597.87

DEBUG:root:Real time1482191598.06

DEBUG:root:Real time1482191598.24

DEBUG:root:Real time1482191598.43

DEBUG:root:Real time1482191598.62

DEBUG:root:Real time1482191598.81

DEBUG:root:Real time1482191598.99

DEBUG:root:Real time1482191599.19

DEBUG:root:Real time1482191599.38

DEBUG:root:Real time1482191599.57

DEBUG:root:Real time1482191599.76

DEBUG:root:Real time1482191599.95

DEBUG:root:Real time1482191600.14

DEBUG:root:Real time1482191600.33

DEBUG:root:Real time1482191600.53

DEBUG:root:Real time1482191600.8

DEBUG:root:Real time1482191600.99

DEBUG:root:Real time1482191601.18

DEBUG:root:Real time1482191601.37

DEBUG:root:Real time1482191601.56

DEBUG:root:Real time1482191601.75

DEBUG:root:Real time1482191601.94

DEBUG:root:Real time1482191602.14

DEBUG:root:Real time1482191602.33

DEBUG:root:Real time1482191602.52

DEBUG:root:Real time1482191602.71

DEBUG:root:Real time1482191602.89

DEBUG:root:Real time1482191603.08

DEBUG:root:Real time1482191603.27

DEBUG:root:Real time1482191603.46

DEBUG:root:Real time1482191603.66

DEBUG:root:Real time1482191603.85

DEBUG:root:Real time1482191604.04

DEBUG:root:Real time1482191604.23

DEBUG:root:Real time1482191604.42

DEBUG:root:Real time1482191604.61

DEBUG:root:Real time1482191604.8

DEBUG:root:Real time1482191604.99

DEBUG:root:Real time1482191605.19

DEBUG:root:Real time1482191605.37

DEBUG:root:Real time1482191605.56

DEBUG:root:Real time1482191605.82

DEBUG:root:Real time1482191606.01

DEBUG:root:Real time1482191606.2

DEBUG:root:Real time1482191606.39

DEBUG:root:Real time1482191606.58

DEBUG:root:Real time1482191606.77

DEBUG:root:Total time:19.6534779072
DEBUG:root:Under real time Point 1482191672.06

DEBUG:root:Real time1482191672.32

DEBUG:root:Real time1482191672.51

DEBUG:root:Real time1482191672.7

DEBUG:root:Real time1482191672.89

DEBUG:root:Real time1482191673.08

DEBUG:root:Real time1482191673.27

DEBUG:root:Real time1482191673.47

DEBUG:root:Real time1482191673.67

DEBUG:root:Real time1482191673.87

DEBUG:root:Real time1482191674.07

DEBUG:root:Real time1482191674.27

DEBUG:root:Real time1482191674.46

DEBUG:root:Real time1482191674.65

DEBUG:root:Real time1482191674.84

DEBUG:root:Real time1482191675.03

DEBUG:root:Real time1482191675.22

DEBUG:root:Real time1482191675.42

DEBUG:root:Real time1482191675.66

DEBUG:root:Real time1482191675.91

DEBUG:root:Real time1482191676.1

DEBUG:root:Real time1482191676.28

DEBUG:root:Real time1482191676.47

DEBUG:root:Real time1482191676.65

DEBUG:root:Real time1482191676.85

DEBUG:root:Real time1482191677.04

DEBUG:root:Real time1482191677.24

DEBUG:root:Real time1482191677.43

DEBUG:root:Real time1482191677.62

DEBUG:root:Real time1482191677.81

DEBUG:root:Real time1482191678.0

DEBUG:root:Real time1482191678.2

DEBUG:root:Real time1482191678.38

DEBUG:root:Real time1482191678.57

DEBUG:root:Real time1482191678.75

DEBUG:root:Real time1482191678.94

DEBUG:root:Real time1482191679.13

DEBUG:root:Real time1482191679.32

DEBUG:root:Real time1482191679.5

DEBUG:root:Real time1482191679.69

DEBUG:root:Real time1482191679.88

DEBUG:root:Real time1482191680.07

DEBUG:root:Real time1482191680.26

DEBUG:root:Real time1482191680.46

DEBUG:root:Real time1482191680.69

DEBUG:root:Real time1482191680.88

DEBUG:root:Real time1482191681.05

DEBUG:root:Real time1482191681.23

DEBUG:root:Real time1482191681.41

DEBUG:root:Real time1482191681.59

DEBUG:root:Real time1482191681.76

DEBUG:root:Real time1482191681.94

DEBUG:root:Real time1482191682.12

DEBUG:root:Real time1482191682.31

DEBUG:root:Real time1482191682.49

DEBUG:root:Real time1482191682.67

DEBUG:root:Real time1482191682.85

DEBUG:root:Real time1482191683.03

DEBUG:root:Real time1482191683.2

DEBUG:root:Real time1482191683.38

DEBUG:root:Real time1482191683.56

DEBUG:root:Real time1482191683.75

DEBUG:root:Real time1482191683.93

DEBUG:root:Real time1482191684.1

DEBUG:root:Real time1482191684.28

DEBUG:root:Real time1482191684.46

DEBUG:root:Real time1482191684.64

DEBUG:root:Real time1482191684.82

DEBUG:root:Real time1482191685.0

DEBUG:root:Real time1482191685.18

DEBUG:root:Real time1482191685.35

DEBUG:root:Real time1482191685.53

DEBUG:root:Real time1482191685.79

DEBUG:root:Real time1482191685.97

DEBUG:root:Real time1482191686.15

DEBUG:root:Real time1482191686.33

DEBUG:root:Real time1482191686.5

DEBUG:root:Real time1482191686.69

DEBUG:root:Real time1482191686.86

DEBUG:root:Real time1482191687.04

DEBUG:root:Real time1482191687.22

DEBUG:root:Real time1482191687.4

DEBUG:root:Real time1482191687.58

DEBUG:root:Real time1482191687.76

DEBUG:root:Real time1482191687.94

DEBUG:root:Real time1482191688.12

DEBUG:root:Real time1482191688.3

DEBUG:root:Real time1482191688.48

DEBUG:root:Real time1482191688.66

DEBUG:root:Real time1482191688.84

DEBUG:root:Real time1482191689.01

DEBUG:root:Real time1482191689.19

DEBUG:root:Real time1482191689.37

DEBUG:root:Real time1482191689.55

DEBUG:root:Real time1482191689.72

DEBUG:root:Real time1482191689.91

DEBUG:root:Real time1482191690.09

DEBUG:root:Real time1482191690.28

DEBUG:root:Real time1482191690.46

DEBUG:root:Real time1482191690.71

DEBUG:root:Total time:18.73067379
DEBUG:root:Under real time Point 1482191784.17

DEBUG:root:Real time1482191784.35

DEBUG:root:Real time1482191784.54

DEBUG:root:Real time1482191784.72

DEBUG:root:Real time1482191784.9

DEBUG:root:Real time1482191785.08

DEBUG:root:Real time1482191785.26

DEBUG:root:Real time1482191785.44

DEBUG:root:Real time1482191785.68

DEBUG:root:Real time1482191785.86

DEBUG:root:Real time1482191786.04

DEBUG:root:Real time1482191786.23

DEBUG:root:Real time1482191786.41

DEBUG:root:Real time1482191786.59

DEBUG:root:Real time1482191786.78

DEBUG:root:Real time1482191786.96

DEBUG:root:Real time1482191787.14

DEBUG:root:Real time1482191787.32

DEBUG:root:Real time1482191787.51

DEBUG:root:Real time1482191787.69

DEBUG:root:Real time1482191787.87

DEBUG:root:Real time1482191788.04

DEBUG:root:Real time1482191788.22

DEBUG:root:Real time1482191788.4

DEBUG:root:Real time1482191788.57

DEBUG:root:Real time1482191788.75

DEBUG:root:Real time1482191788.93

DEBUG:root:Real time1482191789.12

DEBUG:root:Real time1482191789.3

DEBUG:root:Real time1482191789.48

DEBUG:root:Real time1482191789.66

DEBUG:root:Real time1482191789.84

DEBUG:root:Real time1482191790.02

DEBUG:root:Real time1482191790.2

DEBUG:root:Real time1482191790.39

DEBUG:root:Real time1482191790.57

DEBUG:root:Real time1482191790.81

DEBUG:root:Real time1482191790.99

DEBUG:root:Real time1482191791.18

DEBUG:root:Real time1482191791.36

DEBUG:root:Real time1482191791.54

DEBUG:root:Real time1482191791.73

DEBUG:root:Real time1482191791.91

DEBUG:root:Real time1482191792.1

DEBUG:root:Real time1482191792.28

DEBUG:root:Real time1482191792.47

DEBUG:root:Real time1482191792.65

DEBUG:root:Real time1482191792.83

DEBUG:root:Real time1482191793.01

DEBUG:root:Real time1482191793.2

DEBUG:root:Real time1482191793.38

DEBUG:root:Real time1482191793.56

DEBUG:root:Real time1482191793.75

DEBUG:root:Real time1482191793.93

DEBUG:root:Real time1482191794.11

DEBUG:root:Real time1482191794.3

DEBUG:root:Real time1482191794.48

DEBUG:root:Real time1482191794.67

DEBUG:root:Real time1482191794.85

DEBUG:root:Real time1482191795.04

DEBUG:root:Real time1482191795.22

DEBUG:root:Real time1482191795.41

DEBUG:root:Real time1482191795.61

DEBUG:root:Real time1482191795.83

DEBUG:root:Real time1482191796.01

DEBUG:root:Real time1482191796.19

DEBUG:root:Real time1482191796.36

DEBUG:root:Real time1482191796.54

DEBUG:root:Real time1482191796.73

DEBUG:root:Real time1482191796.91

DEBUG:root:Real time1482191797.1

DEBUG:root:Real time1482191797.29

DEBUG:root:Real time1482191797.47

DEBUG:root:Real time1482191797.65

DEBUG:root:Real time1482191797.83

DEBUG:root:Real time1482191798.02

DEBUG:root:Real time1482191798.2

DEBUG:root:Real time1482191798.38

DEBUG:root:Real time1482191798.59

DEBUG:root:Real time1482191798.77

DEBUG:root:Real time1482191798.96

DEBUG:root:Real time1482191799.15

DEBUG:root:Real time1482191799.36

DEBUG:root:Real time1482191799.55

DEBUG:root:Real time1482191799.74

DEBUG:root:Real time1482191799.93

DEBUG:root:Real time1482191800.13

DEBUG:root:Real time1482191800.33

DEBUG:root:Real time1482191800.53

DEBUG:root:Real time1482191800.81

DEBUG:root:Real time1482191801.01

DEBUG:root:Real time1482191801.21

DEBUG:root:Real time1482191801.4

DEBUG:root:Real time1482191801.6

DEBUG:root:Real time1482191801.8

DEBUG:root:Real time1482191802.0

DEBUG:root:Real time1482191802.2

DEBUG:root:Real time1482191802.38

DEBUG:root:Real time1482191802.58

DEBUG:root:Real time1482191802.78

DEBUG:root:Total time:18.7053029537
DEBUG:root:Under real time Point 1482191903.76

DEBUG:root:Real time1482191903.95

DEBUG:root:Real time1482191904.14

DEBUG:root:Real time1482191904.33

DEBUG:root:Real time1482191904.52

DEBUG:root:Real time1482191904.7

DEBUG:root:Real time1482191904.89

DEBUG:root:Real time1482191905.07

DEBUG:root:Real time1482191905.26

DEBUG:root:Real time1482191905.44

DEBUG:root:Real time1482191905.69

DEBUG:root:Real time1482191905.88

DEBUG:root:Real time1482191906.07

DEBUG:root:Real time1482191906.26

DEBUG:root:Real time1482191906.44

DEBUG:root:Real time1482191906.63

DEBUG:root:Real time1482191906.82

DEBUG:root:Real time1482191907.01

DEBUG:root:Real time1482191907.21

DEBUG:root:Real time1482191907.4

DEBUG:root:Real time1482191907.6

DEBUG:root:Real time1482191907.79

DEBUG:root:Real time1482191907.98

DEBUG:root:Real time1482191908.17

DEBUG:root:Real time1482191908.35

DEBUG:root:Real time1482191908.54

DEBUG:root:Real time1482191908.73

DEBUG:root:Real time1482191908.91

DEBUG:root:Real time1482191909.1

DEBUG:root:Real time1482191909.29

DEBUG:root:Real time1482191909.48

DEBUG:root:Real time1482191909.66

DEBUG:root:Real time1482191909.85

DEBUG:root:Real time1482191910.04

DEBUG:root:Real time1482191910.23

DEBUG:root:Real time1482191910.42

DEBUG:root:Real time1482191910.65

DEBUG:root:Real time1482191910.83

DEBUG:root:Real time1482191911.01

DEBUG:root:Real time1482191911.21

DEBUG:root:Real time1482191911.4

DEBUG:root:Real time1482191911.58

DEBUG:root:Real time1482191911.77

DEBUG:root:Real time1482191911.96

DEBUG:root:Real time1482191912.15

DEBUG:root:Real time1482191912.34

DEBUG:root:Real time1482191912.52

DEBUG:root:Real time1482191912.71

DEBUG:root:Real time1482191912.89

DEBUG:root:Real time1482191913.07

DEBUG:root:Real time1482191913.25

DEBUG:root:Real time1482191913.43

DEBUG:root:Real time1482191913.61

DEBUG:root:Real time1482191913.79

DEBUG:root:Real time1482191913.98

DEBUG:root:Real time1482191914.16

DEBUG:root:Real time1482191914.35

DEBUG:root:Real time1482191914.54

DEBUG:root:Real time1482191914.72

DEBUG:root:Real time1482191914.91

DEBUG:root:Real time1482191915.08

DEBUG:root:Real time1482191915.26

DEBUG:root:Real time1482191915.45

DEBUG:root:Real time1482191915.68

DEBUG:root:Real time1482191915.86

DEBUG:root:Real time1482191916.04

DEBUG:root:Real time1482191916.23

DEBUG:root:Real time1482191916.41

DEBUG:root:Real time1482191916.6

DEBUG:root:Real time1482191916.79

DEBUG:root:Real time1482191916.98

DEBUG:root:Real time1482191917.16

DEBUG:root:Real time1482191917.35

DEBUG:root:Real time1482191917.53

DEBUG:root:Real time1482191917.72

DEBUG:root:Real time1482191917.91

DEBUG:root:Real time1482191918.1

DEBUG:root:Real time1482191918.28

DEBUG:root:Real time1482191918.47

DEBUG:root:Real time1482191918.65

DEBUG:root:Real time1482191918.83

DEBUG:root:Real time1482191919.01

DEBUG:root:Real time1482191919.2

DEBUG:root:Real time1482191919.38

DEBUG:root:Real time1482191919.57

DEBUG:root:Real time1482191919.75

DEBUG:root:Real time1482191919.94

DEBUG:root:Real time1482191920.12

DEBUG:root:Real time1482191920.3

DEBUG:root:Real time1482191920.48

DEBUG:root:Real time1482191920.71

DEBUG:root:Real time1482191920.89

DEBUG:root:Real time1482191921.08

DEBUG:root:Real time1482191921.26

DEBUG:root:Real time1482191921.44

DEBUG:root:Real time1482191921.63

DEBUG:root:Real time1482191921.81

DEBUG:root:Real time1482191922.01

DEBUG:root:Real time1482191922.2

DEBUG:root:Real time1482191922.39

DEBUG:root:Under real time Point 1482192201.89

DEBUG:root:Under real time Point 0.138215065002

DEBUG:root:Real time-0.101550102234

DEBUG:root:Real time-0.101323843002

DEBUG:root:Under real time Point 1482192356.72

DEBUG:root:Under real time Point 0.273322105408

DEBUG:root:Real time-0.100080966949

DEBUG:root:Nonetype
DEBUG:root:Real time-0.100087881088

DEBUG:root:Real time-0.100074052811

DEBUG:root:Real time-0.100069999695

DEBUG:root:Real time-0.100213050842

DEBUG:root:Real time-0.100077867508

DEBUG:root:Real time-0.100091934204

DEBUG:root:Real time-0.100076913834

DEBUG:root:Real time-0.100069999695

DEBUG:root:Real time-0.100087881088

DEBUG:root:Nonetype
DEBUG:root:Real time-0.100126028061

DEBUG:root:Real time-0.100113153458

DEBUG:root:Real time-0.100080013275

DEBUG:root:Nonetype
DEBUG:root:Real time-0.102256059647

DEBUG:root:Real time-0.100075006485

DEBUG:root:Real time-0.100077867508

DEBUG:root:Real time-0.100079059601

DEBUG:root:Real time-0.100080013275

DEBUG:root:Real time-0.100116014481

DEBUG:root:Real time-0.100080013275

DEBUG:root:Nonetype
DEBUG:root:Real time-0.100091934204

DEBUG:root:Real time-0.1001060009

DEBUG:root:Real time-0.100086927414

DEBUG:root:Real time-0.100079059601

DEBUG:root:Real time-0.100077867508

DEBUG:root:Real time-0.100082874298

DEBUG:root:Real time-0.102374076843

DEBUG:root:Real time-0.100081205368

DEBUG:root:Real time-0.100076913834

DEBUG:root:Real time-0.100083112717

DEBUG:root:Under real time Point 0.139905929565

DEBUG:root:Real time-0.100078105927

DEBUG:root:Real time-0.100080013275

DEBUG:root:Real time-0.100080966949

DEBUG:root:Real time-0.102973937988

DEBUG:root:Under real time Point 0.10348200798

DEBUG:root:Real time-0.100077867508

DEBUG:root:Real time-0.100076913834

DEBUG:root:Real time-0.100117921829

DEBUG:root:Real time-0.10011100769

DEBUG:root:Real time-0.100080013275

DEBUG:root:Real time-0.100079774857

DEBUG:root:Real time-0.102821111679

DEBUG:root:Real time-0.100075006485

DEBUG:root:Real time-0.100080966949

DEBUG:root:Real time-0.100175142288

DEBUG:root:Real time-0.100080966949

DEBUG:root:Real time-0.100089073181

DEBUG:root:Real time-0.101129055023

DEBUG:root:Real time-0.100080013275

DEBUG:root:Real time-0.100078105927

DEBUG:root:Real time-0.10195684433

DEBUG:root:Real time-0.100079059601

DEBUG:root:Real time-0.100080013275

DEBUG:root:Real time-0.100078821182

DEBUG:root:Real time-0.100077152252

DEBUG:root:Real time-0.100079774857

DEBUG:root:Nonetype
DEBUG:root:Real time-0.10129904747

DEBUG:root:Real time-0.100075960159

DEBUG:root:Real time-0.100080013275

DEBUG:root:Real time-0.100080013275

DEBUG:root:Real time-0.100080013275

DEBUG:root:Real time-0.100079059601

DEBUG:root:Real time-0.100081920624

DEBUG:root:Real time-0.100073814392

DEBUG:root:Real time-0.1001060009

DEBUG:root:Real time-0.100121974945

DEBUG:root:Real time-0.100077867508

DEBUG:root:Real time-0.10011100769

DEBUG:root:Real time-0.102180957794

DEBUG:root:Real time-0.10011100769

DEBUG:root:Real time-0.100079059601

DEBUG:root:Real time-0.100082874298

DEBUG:root:Real time-0.100075006485

DEBUG:root:Real time-0.100085020065

DEBUG:root:Real time-0.100080966949

DEBUG:root:Real time-0.100080013275

DEBUG:root:Real time-0.100078821182

DEBUG:root:Real time-0.100075006485

DEBUG:root:Real time-0.100095033646

DEBUG:root:Real time-0.100075006485

DEBUG:root:Real time-0.100996017456

DEBUG:root:Real time-0.100066900253

DEBUG:root:Real time-0.100108146667

DEBUG:root:Real time-0.100075006485

DEBUG:root:Real time-0.10008597374

DEBUG:root:Real time-0.100089073181

DEBUG:root:Real time-0.100082874298

DEBUG:root:Real time-0.100080013275

DEBUG:root:Real time-0.100096940994

DEBUG:root:Real time-0.100069046021

DEBUG:root:Real time-0.100092887878

DEBUG:root:Real time-0.101534843445

DEBUG:root:Real time-0.100106954575

DEBUG:root:Nonetype
DEBUG:root:Real time-0.100086927414

DEBUG:root:Real time-0.100080013275

DEBUG:root:Real time-0.10259604454

DEBUG:root:Real time-0.100079059601

DEBUG:root:Under real time Point 1482193143.91

DEBUG:root:Under real time Point 0.135724067688

DEBUG:root:Real time1482193144.14

DEBUG:root:Real time1482193144.24

DEBUG:root:Real time1482193144.34

DEBUG:root:Real time1482193144.45

DEBUG:root:Real time1482193144.55

DEBUG:root:Under real time Point 0.100224971771

DEBUG:root:Real time1482193144.75

DEBUG:root:Real time1482193144.85

DEBUG:root:Real time1482193144.95

DEBUG:root:Real time1482193145.05

DEBUG:root:Real time1482193145.15

DEBUG:root:Real time1482193145.25

DEBUG:root:Real time1482193145.35

DEBUG:root:Real time1482193145.45

DEBUG:root:Real time1482193145.55

DEBUG:root:Real time1482193145.65

DEBUG:root:Real time1482193145.75

DEBUG:root:Real time1482193145.85

DEBUG:root:Real time1482193145.95

DEBUG:root:Real time1482193146.05

DEBUG:root:Real time1482193146.15

DEBUG:root:Real time1482193146.25

DEBUG:root:Real time1482193146.36

DEBUG:root:Real time1482193146.46

DEBUG:root:Real time1482193146.56

DEBUG:root:Real time1482193146.66

DEBUG:root:Real time1482193146.76

DEBUG:root:Real time1482193146.86

DEBUG:root:Real time1482193146.96

DEBUG:root:Real time1482193147.06

DEBUG:root:Real time1482193147.16

DEBUG:root:Real time1482193147.27

DEBUG:root:Real time1482193147.37

DEBUG:root:Real time1482193147.47

DEBUG:root:Real time1482193147.57

DEBUG:root:Real time1482193147.67

DEBUG:root:Real time1482193147.77

DEBUG:root:Real time1482193147.87

DEBUG:root:Real time1482193147.97

DEBUG:root:Real time1482193148.07

DEBUG:root:Real time1482193148.17

DEBUG:root:Real time1482193148.27

DEBUG:root:Real time1482193148.37

DEBUG:root:Real time1482193148.47

DEBUG:root:Real time1482193148.57

DEBUG:root:Real time1482193148.67

DEBUG:root:Real time1482193148.77

DEBUG:root:Real time1482193148.87

DEBUG:root:Real time1482193148.98

DEBUG:root:Real time1482193149.08

DEBUG:root:Real time1482193149.18

DEBUG:root:Real time1482193149.28

DEBUG:root:Real time1482193149.38

DEBUG:root:Real time1482193149.48

DEBUG:root:Real time1482193149.58

DEBUG:root:Real time1482193149.68

DEBUG:root:Real time1482193149.78

DEBUG:root:Real time1482193149.88

DEBUG:root:Real time1482193149.98

DEBUG:root:Real time1482193150.08

DEBUG:root:Real time1482193150.18

DEBUG:root:Real time1482193150.28

DEBUG:root:Real time1482193150.38

DEBUG:root:Real time1482193150.48

DEBUG:root:Real time1482193150.59

DEBUG:root:Real time1482193150.69

DEBUG:root:Real time1482193150.79

DEBUG:root:Real time1482193150.89

DEBUG:root:Real time1482193150.99

DEBUG:root:Real time1482193151.09

DEBUG:root:Real time1482193151.19

DEBUG:root:Real time1482193151.29

DEBUG:root:Real time1482193151.39

DEBUG:root:Real time1482193151.49

DEBUG:root:Real time1482193151.6

DEBUG:root:Real time1482193151.7

DEBUG:root:Real time1482193151.8

DEBUG:root:Real time1482193151.9

DEBUG:root:Real time1482193152.0

DEBUG:root:Real time1482193152.1

DEBUG:root:Real time1482193152.2

DEBUG:root:Under real time Point 0.101186990738

DEBUG:root:Real time1482193152.4

DEBUG:root:Real time1482193152.5

DEBUG:root:Real time1482193152.6

DEBUG:root:Real time1482193152.7

DEBUG:root:Real time1482193152.8

DEBUG:root:Real time1482193152.91

DEBUG:root:Under real time Point 0.112434148788

DEBUG:root:Under real time Point 0.124053955078

DEBUG:root:Real time1482193153.25

DEBUG:root:Real time1482193153.35

DEBUG:root:Real time1482193153.45

DEBUG:root:Real time1482193153.55

DEBUG:root:Real time1482193153.65

DEBUG:root:Real time1482193153.75

DEBUG:root:Real time1482193153.85

DEBUG:root:Real time1482193153.95

DEBUG:root:Under real time Point 1482214834.87

DEBUG:root:Under real time Point 0.17862701416

DEBUG:root:Real time1482214835.15

DEBUG:root:Real time1482214835.25

DEBUG:root:Real time1482214835.35

DEBUG:root:Real time1482214835.45

DEBUG:root:Real time1482214835.55

DEBUG:root:Real time1482214835.65

DEBUG:root:Real time1482214835.76

DEBUG:root:Real time1482214835.86

