DEBUG:root:Under real time Point counter:3.40938568115e-05

DEBUG:root:Extracted signature:bitarray('11001000111001110000110001001110001110010011100111000011100111000111101100011100010001111000001111100001111000111000111101111011101111111101100000001011111100010000011111101110001110111110000101011100000001111100000111111000011111100011111000111110011111011110101010010000')
DEBUG:root:Matched frame over all scan:881

DEBUG:root:Errors over all scan:85

DEBUG:root:Result:tau3_fail
DEBUG:root:Match or Not:False
DEBUG:root:Under real time Point counter:0.231459856033

DEBUG:root:Extracted signature:bitarray('11111000110000011111011110000011111100100000111110010000011100000001111000100000100011100010011100001111100011111101111001100100010000011111000111001011111000110001011110000010000111100011000011100000000011000000000110000000011000000011011000011111001111101111101110101000')
DEBUG:root:Matched frame over all scan:883

DEBUG:root:Errors over all scan:74

DEBUG:root:Result:tau3_fail
DEBUG:root:Match or Not:False
DEBUG:root:Real time1487903730.48

DEBUG:root:Extracted signature:bitarray('11110000111000011110000111000011100000110000110000011000011000011000010000000000100000110010000110001111111011111101111011100100010000011110000110001011110000000001011100000100000111000111000011000000000011000000000100000000010001000011111110111111001111100111101100101000')
DEBUG:root:Matched frame over all scan:1220

DEBUG:root:Errors over all scan:72

DEBUG:root:Result:replica detected
DEBUG:root:Match or Not:True
DEBUG:root:Real time1487903730.68

DEBUG:root:Extracted signature:bitarray('11110001111000011100011110000011100111100000111000010000011000000000010000000011100000011110000011111100110011110011100011000100010000011100001110000011110000100001011100001100000111000110000011000000000010000000000100111000010111100011111110111111011111010110101100101000')
DEBUG:root:Matched frame over all scan:1220

DEBUG:root:Errors over all scan:76

DEBUG:root:Result:tau3_fail
DEBUG:root:Match or Not:False
DEBUG:root:Real time1487903730.88

DEBUG:root:Extracted signature:bitarray('11000001111000011000011111000010110011100000110000000000010000000000010000100111100011011100011011100111111011111101111101111011101111111100000100000011000000100000111001001100001110011100001111010000000110101110000101111000010111100011111110111111011110010100100010010000')
DEBUG:root:Matched frame over all scan:590

DEBUG:root:Errors over all scan:84

DEBUG:root:Result:tau3_fail
DEBUG:root:Match or Not:False
DEBUG:root:Real time1487903731.08

DEBUG:root:Extracted signature:bitarray('11000001111100011000011111100010000011110000110100111000010100001100111100011111000011111100011111000111110011110001100011000100010010111001000100000111001100100000101001001100011110111100001110111000000110111110000101111000010111100011111100111111011100010000100010010000')
DEBUG:root:Matched frame over all scan:886

DEBUG:root:Errors over all scan:91

DEBUG:root:Result:tau3_fail
DEBUG:root:Match or Not:False
DEBUG:root:Real time1487903731.28

DEBUG:root:Extracted signature:bitarray('11000000111101111000011111000110000111110001110000111001110110001111101100011111010001111100011111100111110011110001100011000100010010011000001110000111000000100001101101001100011110111100001110011100001010111100000101111000010111100011111100111111011100010000100010010000')
DEBUG:root:Matched frame over all scan:1065

DEBUG:root:Errors over all scan:87

DEBUG:root:Result:tau2_fail
DEBUG:root:Match or Not:False
DEBUG:root:Real time1487903731.48

DEBUG:root:Extracted signature:bitarray('11000001111001111000011111000110001111110001100110111100110110001111101100011111000001111100001111000111110011110001100010000100010010011001000110000111001100110001101001101100001110111100000110111100000010111110000101111000010111100011111100111111010100010000100010010000')
DEBUG:root:Matched frame over all scan:1073

DEBUG:root:Errors over all scan:85

DEBUG:root:Result:tau2_fail
DEBUG:root:Match or Not:False
DEBUG:root:Real time1487903731.68

DEBUG:root:Extracted signature:bitarray('11000001111001111000111111001110001111110001100110110001111110001001111100011011010001101110001000010111100011110011000010000100010010011100000100000111111100100001101001101100001010111100001111111000000110111100001101100000011100000011001000110111010100010000100010010000')
DEBUG:root:Matched frame over all scan:1065

DEBUG:root:Errors over all scan:81

DEBUG:root:Result:tau3_fail
DEBUG:root:Match or Not:False
DEBUG:root:Real time1487903731.88

DEBUG:root:Extracted signature:bitarray('11011100001000111001100001100110011011000001101100100001111100000001111001000001100100000011100000011000000100000010000010000100100101110111100000000011011100000010011111110000100011111000011001111000001001110000000111000000011100000011000001100000110000111011001100110000')
DEBUG:root:Matched frame over all scan:183

DEBUG:root:Errors over all scan:65

DEBUG:root:Result:replica detected
DEBUG:root:Match or Not:True
DEBUG:root:Real time1487903732.08

DEBUG:root:Extracted signature:bitarray('11011100001100111001100001100110011010001001101100100001111100000001111001000001100100000011100000011000000100000010000010000100100101110111100000010011011100000010011111110000100011111000011001011000001001110000000111000000011100000011000001100000110000111011001101110000')
DEBUG:root:Matched frame over all scan:896

DEBUG:root:Errors over all scan:65

DEBUG:root:Result:tau3_fail
DEBUG:root:Match or Not:False
DEBUG:root:Real time1487903732.28

DEBUG:root:Extracted signature:bitarray('11011100001100111001100001100110011010000001101101100001111100000001111001000011100110000011110000011000000100000010000010000100100101110111100000010011011100000010011111111000100011111100011001111100001001111000000111100000011100000011000001100000010000111011001101110000')
DEBUG:root:Matched frame over all scan:896

DEBUG:root:Errors over all scan:61

DEBUG:root:Result:tau3_fail
DEBUG:root:Match or Not:False
DEBUG:root:Real time1487903732.48

DEBUG:root:Extracted signature:bitarray('11011100001100111001100001100110011011001000101100100001111100000001111000000001100110000011100000011000000100000010000010000100100101110011000000000011011111000100011111110001100011111000011001111000001001110000000111100000011100000011000001100000110000111011001100110000')
DEBUG:root:Matched frame over all scan:896

DEBUG:root:Errors over all scan:64

DEBUG:root:Result:tau3_fail
DEBUG:root:Match or Not:False
DEBUG:root:Real time1487903732.68

DEBUG:root:Extracted signature:bitarray('11011100001100111001100001100110011010001001101100100001111100000001111001000011100100000011100000011000000100000010000010000100100101111111100000010011011100000010011111110000100011111000011001011000001001110000000111000000011000000011000001100000110000111011001101100000')
DEBUG:root:Matched frame over all scan:896

DEBUG:root:Errors over all scan:65

DEBUG:root:Result:tau3_fail
DEBUG:root:Match or Not:False
DEBUG:root:Real time1487903732.88

DEBUG:root:Extracted signature:bitarray('11011100001100111001100001100110011011001001101100100001111100000001111001000001100110000011100000011000000100000010000010000100100101110011000000010011001100000010011011111001100011111100011001011100001001110000000111100000011100000011000001100000110000111011001101110000')
DEBUG:root:Matched frame over all scan:896

DEBUG:root:Errors over all scan:66

DEBUG:root:Result:tau3_fail
DEBUG:root:Match or Not:False
DEBUG:root:Real time1487903733.08

DEBUG:root:Extracted signature:bitarray('11011100001100111001100001100110010010001001111101100001111100000001111001000011100100000011100000011000000100000010000010000100100101110011000000010011001100000010011011000001100011110000011001000000001001000000000111000000011000000011000001100000110000101001000101110000')
DEBUG:root:Matched frame over all scan:2093

DEBUG:root:Errors over all scan:68

DEBUG:root:Result:tau3_fail
DEBUG:root:Match or Not:False
DEBUG:root:Real time1487903733.29

DEBUG:root:Extracted signature:bitarray('11011100001000111001100001100110011010000001101100000001111100000001111001000001100100000011100000011000000100000010000010000100100101111111100000010011111100000010011111110000100011111000011001011000001001110000000111000000011000000011000001100000110000111011001101100000')
DEBUG:root:Matched frame over all scan:2093

DEBUG:root:Errors over all scan:63

DEBUG:root:Result:tau3_fail
DEBUG:root:Match or Not:False
DEBUG:root:Real time1487903733.49

DEBUG:root:Extracted signature:bitarray('11011100001000111001100001100110011010000001101100100001111100000001111001000001100100000011100000011000000100000010000010000100100101111111100000000011111111000010011111111000100011111100011001111100001001110000000111000000011100000011000001100000110000111011001100110000')
DEBUG:root:Matched frame over all scan:896

DEBUG:root:Errors over all scan:59

DEBUG:root:Result:tau3_fail
DEBUG:root:Match or Not:False
DEBUG:root:Real time1487903733.69

DEBUG:root:Extracted signature:bitarray('11011100001100111001100001100110011010000001101100100001111100000001111000000001100100000011100000011000000100000010000010000100100101110111000000010011011000000010011111000001100111110000011001010000001001000000000111000000011000000111000001100000110010111111001101100000')
DEBUG:root:Matched frame over all scan:191

DEBUG:root:Errors over all scan:63

DEBUG:root:Result:replica detected
DEBUG:root:Match or Not:True
DEBUG:root:Real time1487903733.89

DEBUG:root:Extracted signature:bitarray('11011100001100111001100001100110011011000001101100100001111100000001111001000001100100000011100000011000000100000010000010000100100101110111100000010011011111100010001111111000100011111100011001111100001001111000000111100000011100000011000001100000010000111011001101110000')
DEBUG:root:Matched frame over all scan:895

DEBUG:root:Errors over all scan:58

DEBUG:root:Result:tau3_fail
DEBUG:root:Match or Not:False
DEBUG:root:Real time1487903734.09

DEBUG:root:Extracted signature:bitarray('11011100001100111001100001100110011011001001101100100001111100000001111001000001100110000011100000011000000100000010000010000100100101110111100000010011011110000010011111111001100011111100011001011100001001111000000111100000011100000011000001100000110000111011001100110000')
DEBUG:root:Matched frame over all scan:896

DEBUG:root:Errors over all scan:61

DEBUG:root:Result:tau3_fail
DEBUG:root:Match or Not:False
DEBUG:root:Real time1487903734.29

DEBUG:root:Extracted signature:bitarray('11011100001000111001100001100110010010000001111100000001111100000001111001000001100100000011100000011000000100000010000010000100100101110111100000000011011100000010011111100000100011111000011001011000001001110000000111000000011000000011000001100001010000101011000101110000')
DEBUG:root:Matched frame over all scan:192

DEBUG:root:Errors over all scan:63

DEBUG:root:Result:replica detected
DEBUG:root:Match or Not:True
DEBUG:root:Real time1487903734.49

DEBUG:root:Extracted signature:bitarray('11011100001000111001100001100110010010000001111100000001111100000001111001000001100100000011100000011000000100000010000010000100100101110111100000000011011100000010011111100000100011111000011001011000001001110000000111000000011000000011000001100001010000101011000101110000')
DEBUG:root:Matched frame over all scan:192

DEBUG:root:Errors over all scan:63

DEBUG:root:Result:replica detected
DEBUG:root:Match or Not:True
DEBUG:root:Real time1487903734.69

DEBUG:root:Extracted signature:bitarray('11000001111001111000111111001100001111110011011111011011001110001111101100011111010001101110001101110011111000110001100011000100010010011010000000001011110100110001001101001100010010000000001011000000001010001100010100111001010111000010111000101110010100010000100010010000')
DEBUG:root:Matched frame over all scan:1473

DEBUG:root:Errors over all scan:82

DEBUG:root:Result:tau1_fail
DEBUG:root:Match or Not:False
DEBUG:root:Under real time Point counter:0.226881027222

DEBUG:root:Extracted signature:bitarray('11000000011110011000000001100010000110000000111000000100011000000100010000100000100111000010101111001000111000011101111101111011101111111111110001000011111110011000011111100000000111110000000011110000100011110000000111000000011000000011000000100000010110010100100011010000')
DEBUG:root:Matched frame over all scan:2098

DEBUG:root:Errors over all scan:70

DEBUG:root:Result:tau2_fail
DEBUG:root:Match or Not:False
DEBUG:root:Real time1487903735.12

DEBUG:root:Extracted signature:bitarray('11100001111010011100011100011011000111000000110001001100010001001100010010011000100111100010111100001110111011111101111101111011101111111110000110000011110000010001011100000100000011000110000011000000000011000000000100000001010001001010111110111111011111010110101010010000')
DEBUG:root:Matched frame over all scan:580

DEBUG:root:Errors over all scan:77

DEBUG:root:Result:tau3_fail
DEBUG:root:Match or Not:False
DEBUG:root:Real time1487903735.32

DEBUG:root:Extracted signature:bitarray('11000111011110011000110001100010001100111000110110011000010010001000010000011001101001101111001000010000000100011101111101110011101111111111110000000011111110000000011111100000000111110000000011111000000011110000000111000000011000000011000000100001010111010110101010010000')
DEBUG:root:Matched frame over all scan:2098

DEBUG:root:Errors over all scan:72

DEBUG:root:Result:tau1_fail
DEBUG:root:Match or Not:False
DEBUG:root:Real time1487903735.52

DEBUG:root:Extracted signature:bitarray('11110011111100011100011011000011001100110000110110011000011000001000110000011011100001101100001100100111001111000111111101111011011011111111000111000011111001110001011111000000000111100011000011100000000011000000000110000000010000001010111010111111011111010110101010010000')
DEBUG:root:Matched frame over all scan:2126

DEBUG:root:Errors over all scan:79

DEBUG:root:Result:tau2_fail
DEBUG:root:Match or Not:False
DEBUG:root:Real time1487903735.72

DEBUG:root:Extracted signature:bitarray('11111011011000011000110011000011001100110000110110011000011110001000110000010011100001101100011100100110001110000110111101111011011011111111000111000011111100100001011111000000000111110011000011110000001011100000000110000000010000001010000000101100011111011110101010010000')
DEBUG:root:Matched frame over all scan:2100

DEBUG:root:Errors over all scan:72

DEBUG:root:Result:tau2_fail
DEBUG:root:Match or Not:False
DEBUG:root:Real time1487903735.92

DEBUG:root:Extracted signature:bitarray('11111011011000011000011011000010000110110000101010001000011000001100110001011111000111111100111100101111001111100111111101110010010010110111100100001011111111110001011011011000010011101100000011111110000010111110010101111111010111111010111110111111011111011110101010010000')
DEBUG:root:Matched frame over all scan:913

DEBUG:root:Errors over all scan:88

DEBUG:root:Result:tau3_fail
DEBUG:root:Match or Not:False
DEBUG:root:Real time1487903736.12

DEBUG:root:Extracted signature:bitarray('11111011011000011100011011000010000110110000111010011000011000001101110001011111000111111100111100101111001111100111111101111110010011111111101110001011111111110001011011111000010011111110000011111111001010111110110101111111010111111010111100111111011111011110101010010000')
DEBUG:root:Matched frame over all scan:912

DEBUG:root:Errors over all scan:81

DEBUG:root:Result:tau3_fail
DEBUG:root:Match or Not:False
DEBUG:root:Real time1487903736.32

DEBUG:root:Extracted signature:bitarray('11111010011000011110011111000010000111110000100011001000011100000101110001011111001111111100111101101111001111000110011101110110010010010111100100001011111101110001011001111000010010111100001011101110000011111110010101111011010111111010111110111111011111011110101010010000')
DEBUG:root:Matched frame over all scan:915

DEBUG:root:Errors over all scan:91

DEBUG:root:Result:tau3_fail
DEBUG:root:Match or Not:False
DEBUG:root:Real time1487903736.52

DEBUG:root:Extracted signature:bitarray('11111010011000011110000111000011000101110000100011000000010000000100110001001111000111111100111101101111001111000110011101110110010010010011000000001011111101110001011001111000010110001000011011101100000010011100010101111011010111110010111110111111011111011110101010010000')
DEBUG:root:Matched frame over all scan:915

DEBUG:root:Errors over all scan:80

DEBUG:root:Result:tau3_fail
DEBUG:root:Match or Not:False
DEBUG:root:Real time1487903736.72

DEBUG:root:Extracted signature:bitarray('11111000111000011110000111000011000101100001100010000001010000000101110001001011000111111101111111101111011010001110011101110110010010010011000100001011111101110001011101111000010010001100011011001100000011001110010101111011010111110010111110111111011111011110111010011000')
DEBUG:root:Matched frame over all scan:915

DEBUG:root:Errors over all scan:86

DEBUG:root:Result:tau3_fail
DEBUG:root:Match or Not:False
DEBUG:root:Real time1487903736.92

DEBUG:root:Extracted signature:bitarray('11111000111000011110000111000011000011100000100011000011011100000100110001000011001110011101111111001111011000101100011101100110010010010011000000001011111101110001011101111000010110001000011011001000000011001100010100111011010111110010111100111111011111011110111010010000')
DEBUG:root:Matched frame over all scan:1312

DEBUG:root:Errors over all scan:89

DEBUG:root:Result:tau2_fail
DEBUG:root:Match or Not:False
DEBUG:root:Real time1487903737.12

DEBUG:root:Extracted signature:bitarray('11111100111001011000011110010000001111100110001111100011001111000001101011100011000111011100011111000111011000110000110001100110010010011111111100001101111111110001101011111000001011111110000101111110000001111100010010111010011011100011001000110000001100001101110111001000')
DEBUG:root:Matched frame over all scan:918

DEBUG:root:Errors over all scan:77

DEBUG:root:Result:tau3_fail
DEBUG:root:Match or Not:False
DEBUG:root:Real time1487903737.32

DEBUG:root:Extracted signature:bitarray('11001111110111101000111110100000011111100000001111110001101111100001101111000011010011000010011110010011100101110001110001100110010000011111111000000101111111100000101101111100001011011110000101011110000101111100001010111000101001100101001001010100100100101101010101101000')
DEBUG:root:Matched frame over all scan:918

DEBUG:root:Errors over all scan:69

DEBUG:root:Result:tau3_fail
DEBUG:root:Match or Not:False
DEBUG:root:Real time1487903737.52

DEBUG:root:Extracted signature:bitarray('11001111110011101000111110011100011111100001011111110000101111110001111011110011110011100010001100010011000101100011110011100110010010011111100000111001111111000000101111111000001010011110000101001110000101001110001010011000101001000101000001010100100100101101010101001000')
DEBUG:root:Matched frame over all scan:919

DEBUG:root:Errors over all scan:79

DEBUG:root:Result:tau3_fail
DEBUG:root:Match or Not:False
DEBUG:root:Real time1487903737.72

DEBUG:root:Extracted signature:bitarray('10001111111011100001111110011100111111101011011111111000001111111001100111110011001111000000111000011110000110000010000010010111111001111111100000111001111110000010101111111100001010111110000101111110000101011100001010110000101011000101010001010000101000101011011100101000')
DEBUG:root:Matched frame over all scan:2229

DEBUG:root:Errors over all scan:69

DEBUG:root:Result:tau3_fail
DEBUG:root:Match or Not:False
DEBUG:root:Real time1487903737.92

DEBUG:root:Extracted signature:bitarray('10001111111111100011111111111101110011111111011101100111101111100011100111100011011110001101111000011110000111100011100011000110010000011111001100110001111111100010101101111000001010011110000101011110000101111100001011110000101111000101110001011000101000101001011100101000')
DEBUG:root:Matched frame over all scan:2403

DEBUG:root:Errors over all scan:61

DEBUG:root:Result:replica detected
DEBUG:root:Match or Not:True
DEBUG:root:Real time1487903738.12

DEBUG:root:Extracted signature:bitarray('11111101111111101011100111011101111001110111011000111001101000011000110000111011001001111101001110010001000100110001110001100110010010111111000110110001111100110011001111001100001011100111000101100011000101000110001010001001101000100101001001100110100110101101010100101000')
DEBUG:root:Matched frame over all scan:1508

DEBUG:root:Errors over all scan:83

DEBUG:root:Result:tau3_fail
DEBUG:root:Match or Not:False
DEBUG:root:Real time1487903738.32

DEBUG:root:Extracted signature:bitarray('11110001110001111100001110000010000111111000000111100000001011000001111110000011100010001100111000101110001011000110000110001100100000011100000111100111000001111111111000111111110000111111111000111111011000111100001011111000101111000101110001010000101001100111011100100000')
DEBUG:root:Matched frame over all scan:1947

DEBUG:root:Errors over all scan:84

DEBUG:root:Result:tau2_fail
DEBUG:root:Match or Not:False
DEBUG:root:Real time1487903738.52

DEBUG:root:Extracted signature:bitarray('11111000100011111110000000011101000000000111000011000011100011000011110011001111101100111101110111101001111000111101111101111011111011111110000000001101110000000011101000000000111010000000111100000001111110000111111100011111100111111101111111011111101111101111010101101000')
DEBUG:root:Matched frame over all scan:1444

DEBUG:root:Errors over all scan:68

DEBUG:root:Result:replica detected
DEBUG:root:Match or Not:True
DEBUG:root:Real time1487903738.72

DEBUG:root:Extracted signature:bitarray('11110000000001111110000000000011000010000000100011100000010001100000010011000000100000011010000111100111100011100011100010000100000000011110000000001111100000000111111000000011110110000011111010001111111000111111100001111000101111000001110000011100001000011001000101101000')
DEBUG:root:Matched frame over all scan:1512

DEBUG:root:Errors over all scan:80

DEBUG:root:Result:tau3_fail
DEBUG:root:Match or Not:False
DEBUG:root:Real time1487903738.92

DEBUG:root:Extracted signature:bitarray('11111000000011110110011100000010011111100000101111000000010111000000011000000011100000001110111000011110000111000011000110011001101101111100000011111011000000111111011000111111110100111111111000111111100000111111101011110010001111000101110001011000101001101010011001010000')
DEBUG:root:Matched frame over all scan:2803

DEBUG:root:Errors over all scan:90

DEBUG:root:Result:tau2_fail
DEBUG:root:Match or Not:False
DEBUG:root:Real time1487903739.12

DEBUG:root:Extracted signature:bitarray('11111000000010010010011000000010011110000000101111000000011111000001111000000011100000001110110000011110000110000010000010011001101101111100000011111011000001111111011000111111110100111101110000111101100000111111001111000100011110000101110001010000101001101110011001011000')
DEBUG:root:Matched frame over all scan:2790

DEBUG:root:Errors over all scan:84

DEBUG:root:Result:tau3_fail
DEBUG:root:Match or Not:False
DEBUG:root:Real time1487903739.32

DEBUG:root:Extracted signature:bitarray('10110110000100010010111000000010011110000000001111000001001111000001110110000011100000000110000000010000000100000010000010001001111111011100000111111011000001111111011000111111110101111111111000111011101000110110010101011100010001100011000001010000101000101101010011011000')
DEBUG:root:Matched frame over all scan:2790

DEBUG:root:Errors over all scan:84

DEBUG:root:Result:tau3_fail
DEBUG:root:Match or Not:False
DEBUG:root:Real time1487903739.53

DEBUG:root:Extracted signature:bitarray('11111101111111101111100111111100111001110111011100111001101100011000010000111011011001111101000110010001100100110001110001100110010010011111000111110001111100110111001111001110000011100111000101100011100101000010001010001001101000100101001001100100100110101101010100101000')
DEBUG:root:Matched frame over all scan:1943

DEBUG:root:Errors over all scan:80

DEBUG:root:Result:tau3_fail
DEBUG:root:Match or Not:False
DEBUG:root:Real time1487903739.73

DEBUG:root:Extracted signature:bitarray('11111101111111101111100110111101111001110111011100111001101000111000110000110011001001111101001110010011000101110001110001100110010010011111001110111001111100110111001111001100000011000111000101000011000101000110001010001001101000100101001001000100101100101001010100101000')
DEBUG:root:Matched frame over all scan:2187

DEBUG:root:Errors over all scan:81

DEBUG:root:Result:tau3_fail
DEBUG:root:Match or Not:False
DEBUG:root:Under real time Point counter:0.222223043442

DEBUG:root:Extracted signature:bitarray('11111001111111101111100111111101111001110111011000111001101000111001110000110011000011111101001110010011100101110001110001100110010010011111001111110001111101110111001111001100001011000111000101100011000101000110001010001001101001100101011001001100101100101001010100101000')
DEBUG:root:Matched frame over all scan:930

DEBUG:root:Errors over all scan:80

DEBUG:root:Result:tau3_fail
DEBUG:root:Match or Not:False
DEBUG:root:Real time1487903740.15

DEBUG:root:Extracted signature:bitarray('11111001111111101111100111111101111001110111011000111001101000111000110000110011000011111101001110010011000101110001110001100110010010011111001111110001111101110111001111001100001011000111000101000011000101000110001010001001101001100101001001001100101100101001010100101000')
DEBUG:root:Matched frame over all scan:930

DEBUG:root:Errors over all scan:80

DEBUG:root:Result:tau3_fail
DEBUG:root:Match or Not:False
DEBUG:root:Real time1487903740.35

DEBUG:root:Extracted signature:bitarray('11111111110110001111101111011101110011110011011001111000101000111000010001110010000111111101001100010011000001100101100111100100010000011110011111110001111001101110001110011100000011001110000101000111000101000110011010001001101001000101010011001101101100101001000100101000')
DEBUG:root:Matched frame over all scan:931

DEBUG:root:Errors over all scan:81

DEBUG:root:Result:tau3_fail
DEBUG:root:Match or Not:False
DEBUG:root:Real time1487903740.55

DEBUG:root:Extracted signature:bitarray('11111001111111101111100111111101111001110111011000111001101000111000110000110011001001111001001110010011000101110001110001100110010010011111001111111001111100110111001111001100000011000111000101100011000101000110001010001001101001100101001001000100101100101001010100101000')
DEBUG:root:Matched frame over all scan:2187

DEBUG:root:Errors over all scan:80

DEBUG:root:Result:tau3_fail
DEBUG:root:Match or Not:False
DEBUG:root:Real time1487903740.75

DEBUG:root:Extracted signature:bitarray('11111001111111101111101111111101110011110111011001111001101000111000100001111011000111111101001110010011100101110001110001100110010010111111001111110001111001111111001110011100001011001111000101000111000101000110001010001000101001100101001001000100100110101101010100101000')
DEBUG:root:Matched frame over all scan:2390

DEBUG:root:Errors over all scan:74

DEBUG:root:Result:tau3_fail
DEBUG:root:Match or Not:False
DEBUG:root:Real time1487903740.95

DEBUG:root:Extracted signature:bitarray('11111000111111101111000111011101110001111111010001011100010011011000010110110000110011001110011001110111011011011100110001100110010010011111000111111001111100110110001001111100000010011110000101001111000101001100001010010000101000000101000011010011100011101101010111000000')
DEBUG:root:Matched frame over all scan:1510

DEBUG:root:Errors over all scan:83

DEBUG:root:Result:tau3_fail
DEBUG:root:Match or Not:False
DEBUG:root:Real time1487903741.15

DEBUG:root:Extracted signature:bitarray('11111000111111101111000111011101111001101111011000010100011000111100010001100000110011000010001001110010011011011110011001100110010010011111000110111001111100110111001101111000001010011110000101001111000101001100001010010000101000000101000001010001100011101101010101000000')
DEBUG:root:Matched frame over all scan:1728

DEBUG:root:Errors over all scan:93

DEBUG:root:Result:tau2_fail
DEBUG:root:Match or Not:False
DEBUG:root:Real time1487903741.35

DEBUG:root:Extracted signature:bitarray('11110111111111101100111111111101011111111111001111110111101011100000101110000001011100000011110000011100000100010011100010111011101111111111001110110001111100110111001111110000001011111100000101111110000101111100001011110000101110000101100001010001101011101111011101101000')
DEBUG:root:Matched frame over all scan:2681

DEBUG:root:Errors over all scan:66

DEBUG:root:Result:tau3_fail
DEBUG:root:Match or Not:False
DEBUG:root:Real time1487903741.55

DEBUG:root:Extracted signature:bitarray('11111111111111101101111111111100011111111111001111111111101111110001100111100011011100000011110000011100000110000010110011011011101101111111001111110001111101110111001111110000001011111100000101111110000101111100001011110000101110000101100001010011101011101111011101101000')
DEBUG:root:Matched frame over all scan:2681

DEBUG:root:Errors over all scan:61

DEBUG:root:Result:tau3_fail
DEBUG:root:Match or Not:False
DEBUG:root:Real time1487903741.75

DEBUG:root:Extracted signature:bitarray('11101111111111101101111111111101011111111111001011111111101011111001100011100011011100000011110000011100000110000010011011111011101101111111001111110001111101110111001111110000001011111100000101111110000101111100001011110000101110000101100001010011101011101111011101101000')
DEBUG:root:Matched frame over all scan:2681

DEBUG:root:Errors over all scan:62

DEBUG:root:Result:tau3_fail
DEBUG:root:Match or Not:False
DEBUG:root:Real time1487903741.95

DEBUG:root:Extracted signature:bitarray('11111111111111101101111111111100011111111111001111101011101111111001101111100011011100000011110000011110000110000010010011110111101100111111001111111001111100110111001111110000001011111100000101111110000101011100001011110000101110000101100001010011101011101111011101101000')
DEBUG:root:Matched frame over all scan:2681

DEBUG:root:Errors over all scan:64

DEBUG:root:Result:tau3_fail
DEBUG:root:Match or Not:False
DEBUG:root:Real time1487903742.15

DEBUG:root:Extracted signature:bitarray('11111111111111101101111111111100011011110111001101100111101111101001101111110011011110001111110000011110000110000010110011100111111100011111000110111001111100110111001111100000111011111110000101111111000101011100001011110000101111000101110001010011101111101101011101101000')
DEBUG:root:Matched frame over all scan:2681

DEBUG:root:Errors over all scan:65

DEBUG:root:Result:tau3_fail
DEBUG:root:Match or Not:False
DEBUG:root:Real time1487903742.35

DEBUG:root:Extracted signature:bitarray('11001111000110011001111000110010011110001100001111001111001111111110001111111100011111111001111110001111100011111101111101111011111111111111111000001111111111000100111111110001100111111000111011111001111010111111110001111111100111111110111111101111110111110111101111011000')
DEBUG:root:Matched frame over all scan:2044

DEBUG:root:Errors over all scan:71

DEBUG:root:Result:tau3_fail
DEBUG:root:Match or Not:False
DEBUG:root:Real time1487903742.55

DEBUG:root:Extracted signature:bitarray('11001111001100011001111001100010010010011000111011011100011111111000011111110000111011100011011100011111100011111001111101111011111111111111110000100111111111000100101111100001001011100000000101111000000101111100001011111100100111110100111111101111110111110111101111011000')
DEBUG:root:Matched frame over all scan:609

DEBUG:root:Errors over all scan:86

DEBUG:root:Result:tau3_fail
DEBUG:root:Match or Not:False
DEBUG:root:Real time1487903742.75

DEBUG:root:Extracted signature:bitarray('11001100011110011001100011100010011000111001001100011111101111111111101111111111011101111101110011101100111110000110100011111011101111111111000011110111111000011111101110000011111010000000111101000000111101000001111010000011101000011101000011010000101000101001011111111000')
DEBUG:root:Matched frame over all scan:1199

DEBUG:root:Errors over all scan:75

DEBUG:root:Result:tau3_fail
DEBUG:root:Match or Not:False
DEBUG:root:Real time1487903742.95

DEBUG:root:Extracted signature:bitarray('10001100011110011001100011100010011000111000001100011111101111111111101111111111011101111101100111101100111100000110000011111011111111111111000011110111111000011110101111000011101010000001111101000000111101000001111010000011101000011101000011010000101000101111011011011000')
DEBUG:root:Matched frame over all scan:1199

DEBUG:root:Errors over all scan:70

DEBUG:root:Result:tau3_fail
DEBUG:root:Match or Not:False
DEBUG:root:Real time1487903743.15

DEBUG:root:Extracted signature:bitarray('10001100011110011001100011100010010000111000101100011100101101111111101111111111011111111101110111101100111110001110000111111111111111111111000011100111111000011110101110000111101010000001110101000001111101000001111010000111101000011101000111010001101000101001011111011000')
DEBUG:root:Matched frame over all scan:1199

DEBUG:root:Errors over all scan:74

DEBUG:root:Result:tau3_fail
DEBUG:root:Match or Not:False
DEBUG:root:Real time1487903743.35

DEBUG:root:Extracted signature:bitarray('10101100011110011001100011110010011000111000001100011100101101111111101111111111011111111101110111101100111110001110000011111111111111111111000011110111111000011110101110000111101010000001110101000001111101000001111010000111101000011101000011010001101000101001011111011000')
DEBUG:root:Matched frame over all scan:1199

DEBUG:root:Errors over all scan:73

DEBUG:root:Result:tau3_fail
DEBUG:root:Match or Not:False
DEBUG:root:Real time1487903743.56

DEBUG:root:Extracted signature:bitarray('10101100011110011001100011110010010000111000001100011100101101111111101111111111011111111101110111101100111110001110000111111111111111111111000011100111111000011110101110000111101010000001110101000001110101000001111010000111101000011101000111010001101000101001011011011000')
DEBUG:root:Matched frame over all scan:1199

DEBUG:root:Errors over all scan:77

DEBUG:root:Result:tau3_fail
DEBUG:root:Match or Not:False
DEBUG:root:Real time1487903743.76

DEBUG:root:Extracted signature:bitarray('11101100000111011001100000110010011110001000101111000000011111001000011110001000111000100011000000010000010100001100011101111011111111111111100001100111111100000000111111100000001111110000000111110000000111110000001001000000100000000100000001000000100000101001010101101000')
DEBUG:root:Matched frame over all scan:207

DEBUG:root:Errors over all scan:57

DEBUG:root:Result:tau3_fail
DEBUG:root:Match or Not:False
DEBUG:root:Real time1487903743.96

DEBUG:root:Extracted signature:bitarray('10101111110000011001111000100010011010001000101100000001111111011001111111010001111001100011000100010000100100000110000110001100110000011100000111000111110000010000111110000000011111000000001101100000011111000000111010001110100001100100001001001000100000100001001100101000')
DEBUG:root:Matched frame over all scan:171

DEBUG:root:Errors over all scan:86

DEBUG:root:Result:tau3_fail
DEBUG:root:Match or Not:False
DEBUG:root:Real time1487903744.16

DEBUG:root:Extracted signature:bitarray('10101111100000011001111000100010011010001000101100000001111111011001111111010011111001100011000100010001100100011110000110001100110000011110000111000111110000010000111110000000011011000000001101100000011111000000111010001100100001100100001001000000100000100001000100101000')
DEBUG:root:Matched frame over all scan:183

DEBUG:root:Errors over all scan:86

DEBUG:root:Result:tau3_fail
DEBUG:root:Match or Not:False
DEBUG:root:Real time1487903744.36

DEBUG:root:Extracted signature:bitarray('11101111110000011001111000100010011000001000101100000001111111011001111111010000111001100011000100010000100100000110000110001100110000011110000110000111110000000001101110000000011011000000001101100000011111000000111010001100100001100100001001001000100000100001001100101000')
DEBUG:root:Matched frame over all scan:171

DEBUG:root:Errors over all scan:78

DEBUG:root:Result:tau3_fail
DEBUG:root:Match or Not:False
DEBUG:root:Real time1487903744.56

DEBUG:root:Extracted signature:bitarray('10101111110000011001101100000010011000001000101100000001111111011001111111010000111001100011000100010000100100001110000110001100110000011110000110000111110000000001111110000000011011000000001101100000011111000000111010001110100001100100001001000000100000100001001100101000')
DEBUG:root:Matched frame over all scan:183

DEBUG:root:Errors over all scan:78

DEBUG:root:Result:tau3_fail
DEBUG:root:Match or Not:False
DEBUG:root:Real time1487903744.76

DEBUG:root:Extracted signature:bitarray('11101111110000011001101100000010010000001000101100000001111111011001111111010000111001100011001100010000100100011010000110001100110000011110000110000111110000000001111100000000011111000000001101100000011111000000111010001110100001100100001001000000100000100001001100101000')
DEBUG:root:Matched frame over all scan:183

DEBUG:root:Errors over all scan:81

DEBUG:root:Result:tau3_fail
DEBUG:root:Match or Not:False
DEBUG:root:Under real time Point counter:0.217418193817

DEBUG:root:Extracted signature:bitarray('10101101110000011001111000100010011000001000101100001001111111011001111111010000111001100011000000010000100100000111000110001101110000011110000110000111110000000001101110000000011011000000001101100000011111000001111010001100100001100100001001000000100000100001001100101000')
DEBUG:root:Matched frame over all scan:183

DEBUG:root:Errors over all scan:80

DEBUG:root:Result:tau3_fail
DEBUG:root:Match or Not:False
DEBUG:root:Real time1487903745.18

DEBUG:root:Extracted signature:bitarray('10111111010000011001110000000010011000000000101100010001111111011001111111110000111001100011001100010000100100011110000110001100110000011110000110000111110000000001111100000000011011000000001101100000011111000001111010001110100001100100001001000000100000100001001100101000')
DEBUG:root:Matched frame over all scan:183

DEBUG:root:Errors over all scan:82

DEBUG:root:Result:tau3_fail
DEBUG:root:Match or Not:False
DEBUG:root:Real time1487903745.38

DEBUG:root:Extracted signature:bitarray('11101111010000011101100000000010011000000000101100000001111111011001111111010000111001100011000000010000100100000110000110001101110000011110000110000111110000000001111100000000011111000000001111100000011111000001111010001100100001100100001001000000100000100001001100101000')
DEBUG:root:Matched frame over all scan:701

DEBUG:root:Errors over all scan:76

DEBUG:root:Result:tau3_fail
DEBUG:root:Match or Not:False
DEBUG:root:Real time1487903745.58

DEBUG:root:Extracted signature:bitarray('10101111010000011101110000000010011000100000101100000001111110011001111110010000111001100011000000010000100100000111000110001101101100011110000110000111110000000001111110000000011111000000011111100000011111000001111010001100100001100100001001000000100000100001001100101000')
DEBUG:root:Matched frame over all scan:701

DEBUG:root:Errors over all scan:75

DEBUG:root:Result:tau3_fail
DEBUG:root:Match or Not:False
DEBUG:root:Real time1487903745.78

DEBUG:root:Extracted signature:bitarray('10111111010000011111100000000010010000000000101000001001111110011001111111110000111001100011000000010000010100000111000110001101101000011110000110000111110000000001111100000000011111000000011101000000011111000001111010001000100001000100011001000100100000100001001100101000')
DEBUG:root:Matched frame over all scan:701

DEBUG:root:Errors over all scan:74

DEBUG:root:Result:tau3_fail
DEBUG:root:Match or Not:False
DEBUG:root:Real time1487903745.98

DEBUG:root:Extracted signature:bitarray('11101111010000011101100000000010011000100001101000011001111111011001111111111000111011100011000000010000110100000111000110001101101000011110000110000111010000000001111100000000011111000000011101000000011111000001111010001000100001000100001001000000100000100001001100101000')
DEBUG:root:Matched frame over all scan:701

DEBUG:root:Errors over all scan:78

DEBUG:root:Result:tau2_fail
DEBUG:root:Match or Not:False
DEBUG:root:Real time1487903746.18

DEBUG:root:Extracted signature:bitarray('10101111010000011101110000010010011000100000101100011001101111011001111111111000111011100011000000010000110100000111000110001101101100011110000110000111110000000001111110000000011011000000011101100000011111000001111010001000100001100100001001001000100000100001001100101000')
DEBUG:root:Matched frame over all scan:1335

DEBUG:root:Errors over all scan:82

DEBUG:root:Result:tau2_fail
DEBUG:root:Match or Not:False
DEBUG:root:Real time1487903746.38

DEBUG:root:Extracted signature:bitarray('10101111010000011101100000000010011000100011101100011001101110011000111111111000111011100011000000010000011110000111000110001101101100011110000110001111110000000001111100000000011011000000011101000000111111000011101010011000100001000100000011001000100000100011001100101000')
DEBUG:root:Matched frame over all scan:1335

DEBUG:root:Errors over all scan:82

DEBUG:root:Result:tau2_fail
DEBUG:root:Match or Not:False
DEBUG:root:Real time1487903746.58

DEBUG:root:Extracted signature:bitarray('10101111010000011101100000000010011000100001101100011001101111011001111111111000111011100011000000010000110110000111000110001101101100011110000110000111110000000001111100000000011011000000011101000000111111000001111010001000100001000100001001001000100000100011001100101000')
DEBUG:root:Matched frame over all scan:1335

DEBUG:root:Errors over all scan:77

DEBUG:root:Result:tau2_fail
DEBUG:root:Match or Not:False
DEBUG:root:Real time1487903746.78

DEBUG:root:Extracted signature:bitarray('11110001100111011110001100111011110000001110111000000111011000000011010000000100100000100010001110011001100100000010000010000100000101111000000000000101011101000100101111110001001011111000100001101000110001110000000011000000101000100101001000010100011000001001100110010000')
DEBUG:root:Matched frame over all scan:1513

DEBUG:root:Errors over all scan:79

DEBUG:root:Result:tau3_fail
DEBUG:root:Match or Not:False
DEBUG:root:Real time1487903746.98

DEBUG:root:Extracted signature:bitarray('11110001100111011110001100111101100001001111111000000111111000000011010000000110100000110010001110011001100100000010000010000100010001011011000000100001011001000100001111110001000011111000110001111000110001110000100011000000101000100101001000010100011000001001100100010000')
DEBUG:root:Matched frame over all scan:983

DEBUG:root:Errors over all scan:72

DEBUG:root:Result:tau3_fail
DEBUG:root:Match or Not:False
DEBUG:root:Real time1487903747.18

DEBUG:root:Extracted signature:bitarray('11110001100011011110000100111011100001000110111000000011011000000011010000000001100000100010001110011001100100000010000010000100000101111011000000000001001000000100001110000001001011000000100011100000110001000000000010000000101000100101001000010100001000001001000110010000')
DEBUG:root:Matched frame over all scan:2095

DEBUG:root:Errors over all scan:76

DEBUG:root:Result:tau3_fail
DEBUG:root:Match or Not:False
DEBUG:root:Real time1487903747.38

DEBUG:root:Extracted signature:bitarray('11110001100011111110001100111111110001000111111000000011111000000011010000000111100000100010001110011001100100000010000010000100000101111011111000100101011111000100101111110001001011111000100001111000110001110001000011000000101000100101001000010100011000011001100110010000')
DEBUG:root:Matched frame over all scan:983

DEBUG:root:Errors over all scan:76

DEBUG:root:Result:tau3_fail
DEBUG:root:Match or Not:False
DEBUG:root:Real time1487903747.58

DEBUG:root:Extracted signature:bitarray('11110001100111011110001100111101110001001111111000000111111000000011010000000101100000100010001110011001100100000010000010000100000001111011000000100001011101000100001111110001000011111000110001111000110001110001000011000000101000100101001000010100011000011001100100010000')
DEBUG:root:Matched frame over all scan:983

DEBUG:root:Errors over all scan:74

DEBUG:root:Result:tau3_fail
DEBUG:root:Match or Not:False
DEBUG:root:Real time1487903747.78

DEBUG:root:Extracted signature:bitarray('11110001100111011110001100111101110000001111111000000111111000000011010000000111100000110110001110011001100100000010000010000100010000011011000000100001011000000100001111110001000010110000110001000000110001010000100011000001101000100101001000010100011000101001000100010000')
DEBUG:root:Matched frame over all scan:964

DEBUG:root:Errors over all scan:81

DEBUG:root:Result:tau3_fail
DEBUG:root:Match or Not:False
DEBUG:root:Real time1487903747.99

DEBUG:root:Extracted signature:bitarray('11110001100111011110001100111011110001001111111000000111111000000111010000000111100000110010001110011001100100010010000010000100000101111001000000000001001000000100001110010001000011000000110001000000110001000001000011000000101000110101001100010100001100001001000100010000')
DEBUG:root:Matched frame over all scan:333

DEBUG:root:Errors over all scan:85

DEBUG:root:Result:tau3_fail
DEBUG:root:Match or Not:False
DEBUG:root:Real time1487903748.19

DEBUG:root:Extracted signature:bitarray('11110001100111011110001100111101110000001111111000000111111000000111010000001100100000110010001110001001100100010010000010000100000101011011000000100001011111000100001111110001000011111000110001111000110001110001100011000000101000100101001000010100011000001001100100010000')
DEBUG:root:Matched frame over all scan:981

DEBUG:root:Errors over all scan:67

DEBUG:root:Result:replica detected
DEBUG:root:Match or Not:True
DEBUG:root:Real time1487903748.39

DEBUG:root:Extracted signature:bitarray('11110001100011011111001100111011110011001110111000000011111000000011110010001111111000110010000100011001000100000010000010001000100000111111101100000011111111000000001111110001000111111001100011111001110011110001100011100000001100110001001100111100011100011000100010001000')
DEBUG:root:Matched frame over all scan:964

DEBUG:root:Errors over all scan:73

DEBUG:root:Result:tau3_fail
DEBUG:root:Match or Not:False
DEBUG:root:Real time1487903748.59

DEBUG:root:Extracted signature:bitarray('11111101000000011111001000000011110010000011111001100011101111100011101111000110011100011011100001011100011110001110001100011001101101111111111100000101111111100000101111110000101011111101100011111111110011111111110111111111011111111010111010101001010001111001010101101000')
DEBUG:root:Matched frame over all scan:974

DEBUG:root:Errors over all scan:74

DEBUG:root:Result:tau3_fail
DEBUG:root:Match or Not:False
DEBUG:root:Real time1487903748.79

DEBUG:root:Extracted signature:bitarray('11101101000000011111000000000011110010000000111001100010011111100011001110000110011000110011000110010000011100001110001010110001100000011111111100000101111111100000101111110000101111111000110011111111110011111111110101111111010111111011110010111000011100010000110001101000')
DEBUG:root:Matched frame over all scan:2763

DEBUG:root:Errors over all scan:70

DEBUG:root:Result:tau3_fail
DEBUG:root:Match or Not:False
DEBUG:root:Real time1487903748.99

DEBUG:root:Extracted signature:bitarray('11111100000000011111001001000011110011011000111101100001101111110011101110000110011000110011000110010000100100001110001110010000000000011111111100000101111111100000101111110000101011111001100011111111110011111111110101111111010111111011110010111000010100010000100001101000')
DEBUG:root:Matched frame over all scan:976

DEBUG:root:Errors over all scan:74

DEBUG:root:Result:tau3_fail
DEBUG:root:Match or Not:False
DEBUG:root:Real time1487903749.19

DEBUG:root:Extracted signature:bitarray('11111000000100011111001000100011110010000100111101100011001111110011001111101110011110010011110000011100011110001110001100011001101111111111111100000101111111100000101111110000101011111001100011111111110011111111110111111111001111111011100110100011010001011010010101101000')
DEBUG:root:Matched frame over all scan:974

DEBUG:root:Errors over all scan:73

DEBUG:root:Result:tau3_fail
DEBUG:root:Match or Not:False
DEBUG:root:Real time1487903749.39

DEBUG:root:Extracted signature:bitarray('10001100000000011011001000100011110010001000111101100000001111010011001110001110011000110011000110010000100110001110001110011001100101111111111100000111111111000000101111110000101111111001100011111111110011111111110101111111011111111011110010111001010000010000110001101000')
DEBUG:root:Matched frame over all scan:2811

DEBUG:root:Errors over all scan:73

DEBUG:root:Result:tau3_fail
DEBUG:root:Match or Not:False
DEBUG:root:Real time1487903749.59

DEBUG:root:Extracted signature:bitarray('10111000000000011011001001000010110011000000111101110001101111100011101110011111011000111101000111100100000111000111001100011001100101111111111100000111111111000010101111110001001011111111100011111111111011111111110101111111010111111001111110111111011111010100110001001000')
DEBUG:root:Matched frame over all scan:2777

DEBUG:root:Errors over all scan:75

DEBUG:root:Result:tau2_fail
DEBUG:root:Match or Not:False
DEBUG:root:Real time1487903749.79

DEBUG:root:Extracted signature:bitarray('10011001000000011011001001000011110010011000111101111000101111110011101111000110011000011111000011110000111100011110011100011000100000011111111100000101111111000010101111110001001011111111100011111111111011111111110001111111100111111010111110111111011111011100110011001000')
DEBUG:root:Matched frame over all scan:1972

DEBUG:root:Errors over all scan:84

DEBUG:root:Result:tau1_fail
DEBUG:root:Match or Not:False
DEBUG:root:Real time1487903749.99

DEBUG:root:Extracted signature:bitarray('11110001100011011110000100111111110000001111111000000011111000000011010000000110100000110010000110011001100100000010000010000100010000011011111000000101111111000100101111110001001011111000100001111000110001110000000011000000101000100101001000110100011000011001000100010000')
DEBUG:root:Matched frame over all scan:983

DEBUG:root:Errors over all scan:67

DEBUG:root:Result:tau3_fail
DEBUG:root:Match or Not:False
