DEBUG:root:Under real time Point counter:2.50339508057e-05

DEBUG:root:Extracted signature:bitarray('11111000111110001111000110101101110011000111010001100111110000110111100001001111000001111100011111101111100001110001110011000100010010011111001000111110111001100011110110011000011100001100001010001110110010000111100110001101011011100001011000101100011100011000100010010000')
DEBUG:root:Matched frame over all scan:1185

DEBUG:root:Errors over all scan:12

DEBUG:root:Result:replica detected
DEBUG:root:Match or Not:True
DEBUG:root:Under real time Point counter:0.225836992264

DEBUG:root:Extracted signature:bitarray('11111000111110001111000100001101110011000011010001100111110001100111100000001111000001111100011101101111100001110001110011000100010010011111001000111110111001100011110110011000011100001100001010001110110010000111100110001101011011100001011000101100011100011000100010010000')
DEBUG:root:Matched frame over all scan:1188

DEBUG:root:Errors over all scan:11

DEBUG:root:Result:replica detected
DEBUG:root:Match or Not:True
DEBUG:root:Under real time Point counter:0.206725120544

DEBUG:root:Extracted signature:bitarray('11111000111110001111000000001101100011000111010001100111110000110111100000001111000000111100101111101011100001110001100011000100010000011111001000111110011001100011110100011000010100001100001010001110110010000111100110001101011111100001011000101100011100011000100010010000')
DEBUG:root:Matched frame over all scan:1190

DEBUG:root:Errors over all scan:8

DEBUG:root:Result:replica detected
DEBUG:root:Match or Not:True
DEBUG:root:Under real time Point counter:0.21210694313

DEBUG:root:Extracted signature:bitarray('11111000111110101111000000101101100111000111010001100111110000110111100000001111000001111100101111101111100011110001100011000100010000111111001000111110011001100011110100011000011100001100001010001110110010000111100111001101011111100001011000111100011100011000100010010000')
DEBUG:root:Matched frame over all scan:1190

DEBUG:root:Errors over all scan:12

DEBUG:root:Result:replica detected
DEBUG:root:Match or Not:True
DEBUG:root:Under real time Point counter:0.20790886879

DEBUG:root:Extracted signature:bitarray('11111000111110101111001000101101100111000111010001100111110000110111100000001111000100111100100111100111100011110011100011001100010000110111001000111110011001100011110100011000011100001110001010000110110011000011100111001101011100100001111000111100011100011000100010101000')
DEBUG:root:Matched frame over all scan:1192

DEBUG:root:Errors over all scan:5

DEBUG:root:Result:replica detected
DEBUG:root:Match or Not:True
DEBUG:root:Under real time Point counter:0.204472780228

DEBUG:root:Extracted signature:bitarray('11111000111110101111011001101101100111001111010001100111100000110111100000001111000100111100100111100111100011100011100110001100010011110011001000111110011011100011100100011000011100001110101010000110110011000011100111000111011110000001111000111100011000010000101001101000')
DEBUG:root:Matched frame over all scan:1193

DEBUG:root:Errors over all scan:13

DEBUG:root:Result:replica detected
DEBUG:root:Match or Not:True
DEBUG:root:Under real time Point counter:0.263027906418

DEBUG:root:Extracted signature:bitarray('11111000111111101111011001101101100111001111010001100111100000110111100000001111000100111100100111000111100011100011100110000100010011110001111000111110010011100011110100011000011100001110101010000110110011000011110111100111011110000100111000011100011000010000101001101000')
DEBUG:root:Matched frame over all scan:1195

DEBUG:root:Errors over all scan:7

DEBUG:root:Result:replica detected
DEBUG:root:Match or Not:True
DEBUG:root:Real time1487956114.26

DEBUG:root:Extracted signature:bitarray('11111000111111101110011001101101100111011111010001100111100000110111100000001111000100111100100111000111100011110011100110000100010011110001111000111110000011100011110100011000011100001110101010000110110011000011110111100111011110100100111000011000011000010000101001101000')
DEBUG:root:Matched frame over all scan:1195

DEBUG:root:Errors over all scan:11

DEBUG:root:Result:replica detected
DEBUG:root:Match or Not:True
DEBUG:root:Under real time Point counter:0.211106061935

DEBUG:root:Extracted signature:bitarray('11111000111111101110011001101101100111001111010001100111100000100111100000001111000100111100100111000111100011100011100010000100010111110001111000111110010011100011110100011000011100001110101010000110110011000011110111000111011110100100111000011000011000010000101001101000')
DEBUG:root:Matched frame over all scan:1195

DEBUG:root:Errors over all scan:6

DEBUG:root:Result:replica detected
DEBUG:root:Match or Not:True
DEBUG:root:Under real time Point counter:0.204029083252

DEBUG:root:Extracted signature:bitarray('11110000111111101110011001101101100111011111010001100111100000100111100000001111000100111100101111100111000011111011100010000100010011110001111000111110010011100011100100011000011100001110101010000110110011000011110111100101010101100100110001111000011000010000101001101000')
DEBUG:root:Matched frame over all scan:1196

DEBUG:root:Errors over all scan:18

DEBUG:root:Result:replica detected
DEBUG:root:Match or Not:True
DEBUG:root:Under real time Point counter:0.203923940659

DEBUG:root:Extracted signature:bitarray('11111000111111101110011000001101100111000111010001100111100000100111100001001111001100001100111001101110011011010011110011000100010010010001111000111110110011100011100100011000110110001100110010000110110011000011110110001001011111001001110000111000011000010000100110110000')
DEBUG:root:Matched frame over all scan:1199

DEBUG:root:Errors over all scan:10

DEBUG:root:Result:replica detected
DEBUG:root:Match or Not:True
DEBUG:root:Under real time Point counter:0.209671974182

DEBUG:root:Extracted signature:bitarray('11000000000011110000001000000110100010000000111001100000010001100100010011001000100001100010011100000111100011101011011100110010000011111111001000011010110001100011010110011000000111001100100010001100110011010001101111001100110001100100011001001111100111101111011101110000')
DEBUG:root:Matched frame over all scan:1200

DEBUG:root:Errors over all scan:38

DEBUG:root:Result:replica detected
DEBUG:root:Match or Not:True
DEBUG:root:Under real time Point counter:0.219273090363

DEBUG:root:Extracted signature:bitarray('11000000011101110000000000001110100010000011110001000000110001000110110000001101100001100110001100000110000111000010001100111011101111111110001000011010111001100011110110011000001111001100100110001100110011110001100111001100011001100010011000101111010111001110011011010000')
DEBUG:root:Matched frame over all scan:1201

DEBUG:root:Errors over all scan:9

DEBUG:root:Result:replica detected
DEBUG:root:Match or Not:True
DEBUG:root:Real time1487956115.51

DEBUG:root:Extracted signature:bitarray('11000000001101110000000000001110100010000011110001000001110001000100110000001101100001100010001100000110000111001010001100111011101111111111001000111110111001100011110110011000011111001100000110001100100011010001100111001100011001100010011000101101010110001110011011010000')
DEBUG:root:Matched frame over all scan:1202

DEBUG:root:Errors over all scan:10

DEBUG:root:Result:replica detected
DEBUG:root:Match or Not:True
DEBUG:root:Under real time Point counter:0.204145908356

DEBUG:root:Extracted signature:bitarray('10011111100010001011111111011000111110110011011110011101101110011111101110011111011001111001001111000011110011111101101101001100111111110011011111000110011101111000000011001110001011100111101101100011111001000011111010001111101001111100111111001111100111101011001101010000')
DEBUG:root:Matched frame over all scan:1203

DEBUG:root:Errors over all scan:21

DEBUG:root:Result:replica detected
DEBUG:root:Match or Not:True
DEBUG:root:Real time1487956115.92

DEBUG:root:Extracted signature:bitarray('11011111100011001011111110011100111110110111011110011001101110011011101100011111011001111101001111000011100001110100100101001100101111110011011111000010011101111000000011001110000011100011001001100011111001000111111010001111101001111100011111001111100111101011001101110000')
DEBUG:root:Matched frame over all scan:1204

DEBUG:root:Errors over all scan:8

DEBUG:root:Result:replica detected
DEBUG:root:Match or Not:True
DEBUG:root:Under real time Point counter:0.202940940857

DEBUG:root:Extracted signature:bitarray('11011111100000001011111111011000111110110011011110011101101110011111100110011111011001111101101111101111111001111001111101001100111111110011011111000010011101111000010011001110000001100011101001100011111001000111111010001111101111111101111111011111001111001010001101010000')
DEBUG:root:Matched frame over all scan:1205

DEBUG:root:Errors over all scan:12

DEBUG:root:Result:replica detected
DEBUG:root:Match or Not:True
DEBUG:root:Real time1487956116.32

DEBUG:root:Extracted signature:bitarray('11011111100000001111111111011001111110110000011100011100101100011011101100011111011001111001001111000011111001111101100111001100100101110010011111000010011101111000010011001110000001100011100001100011111001000011111010001111101001111100011111011111001111001010011001000000')
DEBUG:root:Matched frame over all scan:1206

DEBUG:root:Errors over all scan:26

DEBUG:root:Result:replica detected
DEBUG:root:Match or Not:True
DEBUG:root:Under real time Point counter:0.20992398262

DEBUG:root:Extracted signature:bitarray('11011111100001001011111111011001111110110011011110011101101110011111100100011111011001111001001111000011110011111101101101011100111111110010011111000010001101111000010011001110000001100011101001000011111001000111111010001111101001111100111111001111100111010011101110110000')
DEBUG:root:Matched frame over all scan:1207

DEBUG:root:Errors over all scan:17

DEBUG:root:Result:replica detected
DEBUG:root:Match or Not:True
DEBUG:root:Under real time Point counter:0.202968120575

DEBUG:root:Extracted signature:bitarray('11011111100000001011111111011001111110110010011110011101101110011101101110001111011000111001111111100111111001111100101101001100101111110011011111000010011101111000010011001110000001100011100001100011111001000011111010001111100001111100011111001111100111001011001101010000')
DEBUG:root:Matched frame over all scan:1208

DEBUG:root:Errors over all scan:19

DEBUG:root:Result:replica detected
DEBUG:root:Match or Not:True
DEBUG:root:Under real time Point counter:0.206778049469

DEBUG:root:Extracted signature:bitarray('11111111100001001111111110001001111110110011011110011101101100011111100100111111011001111001001110000011110001110001100111001100111111110010011111000010011101111000010011001110000001100011101001000011111001000011110010001111101001111100111111001111100111001010011101011000')
DEBUG:root:Matched frame over all scan:1209

DEBUG:root:Errors over all scan:13

DEBUG:root:Result:replica detected
DEBUG:root:Match or Not:True
DEBUG:root:Under real time Point counter:0.205435037613

DEBUG:root:Extracted signature:bitarray('11111111100001001111111111001001111110110011011110011101101100011111100100111111011001111001001110000011110001110001100111001100111111110010011111000010011101111000010011001110000001100011101001100011111001000011111010001111101001111100111111001111100111001010001101010000')
DEBUG:root:Matched frame over all scan:1209

DEBUG:root:Errors over all scan:10

DEBUG:root:Result:replica detected
DEBUG:root:Match or Not:True
DEBUG:root:Under real time Point counter:0.208473920822

DEBUG:root:Extracted signature:bitarray('10000110011110010001110011110000101101111100011110110110001111110000001110010011110001111100000111100001110001111001110011010001101101010001111111110010011100001110001111000001100011011000110001011000110011000011110110001111010001111010011100011100001100011000011011010000')
DEBUG:root:Matched frame over all scan:1210

DEBUG:root:Errors over all scan:38

DEBUG:root:Result:replica detected
DEBUG:root:Match or Not:True
DEBUG:root:Under real time Point counter:0.205653190613

DEBUG:root:Extracted signature:bitarray('10000110011110000001110111110000111101101100011110110110001110111000001100110001110001111100000111100001111001111101011100111011100000010001111111110000011100001110000111000001100011011000111001011000111001000011000110001111010001111000011100011001101001001010011010010000')
DEBUG:root:Matched frame over all scan:1212

DEBUG:root:Errors over all scan:47

DEBUG:root:Result:replica detected
DEBUG:root:Match or Not:True
DEBUG:root:Real time1487956117.76

DEBUG:root:Extracted signature:bitarray('10000110011110000001110011110000111100101100011110110111001110011111101100111001110011111100001111100011111011111101111101111011101111110001111101110000011100001110001111000001100011011000110001011000110101000011011110001111100000111100001110010111001111001100110011011000')
DEBUG:root:Matched frame over all scan:1213

DEBUG:root:Errors over all scan:32

DEBUG:root:Result:replica detected
DEBUG:root:Match or Not:True
DEBUG:root:Real time1487956117.96

DEBUG:root:Extracted signature:bitarray('10000110011110000001110011110001111100111100011110111110001110111110001111111000011111100011011100010111000111000011000010000100010000010001111111100000011100101110001111000001101011011000110101011000111101000011001010001100110001111100011100011000011001011010011100101000')
DEBUG:root:Matched frame over all scan:1214

DEBUG:root:Errors over all scan:53

DEBUG:root:Result:replica detected
DEBUG:root:Match or Not:True
DEBUG:root:Real time1487956118.16

DEBUG:root:Extracted signature:bitarray('10000110011110000101110011110001111100111100010110001110000111001110101110011001111001100011000110010001100100110011000111011111111111110001111111100100011100101110101111000001101011011000110101011000110101000011001110001100110000111110001111100101100100101001010100101000')
DEBUG:root:Matched frame over all scan:1215

DEBUG:root:Errors over all scan:31

DEBUG:root:Result:replica detected
DEBUG:root:Match or Not:True
DEBUG:root:Real time1487956118.36

DEBUG:root:Extracted signature:bitarray('10001111001110010001111000110011011110001100110111100010010011000001101110000011111000000010010000011100000100000010000011000100010011110001111111100000011100101110001111000001101011011000110101011000111101000011001100001100110000111010001110100111010110010100100011010000')
DEBUG:root:Matched frame over all scan:1218

DEBUG:root:Errors over all scan:23

DEBUG:root:Result:replica detected
DEBUG:root:Match or Not:True
DEBUG:root:Under real time Point counter:0.214536190033

DEBUG:root:Extracted signature:bitarray('10001111011100010001111000100010011111001100010011100010010011000001111110000011110000000011000000010000000100000010000010000100010011110001111101100000111100100110101110001001101011011000110101011001110101000011001100001100110000110010001110100110010110010000100011010000')
DEBUG:root:Matched frame over all scan:1218

DEBUG:root:Errors over all scan:26

DEBUG:root:Result:replica detected
DEBUG:root:Match or Not:True
DEBUG:root:Under real time Point counter:0.217759132385

DEBUG:root:Extracted signature:bitarray('10001111001110010001111000110010101110001100011111000010001111000011011110000100110001100010000110010011100111100011100011000100010011110001111111100000011100100110101110000001101011011000110101011001110101000011001110001100110000111010001110110100010110010000100011010000')
DEBUG:root:Matched frame over all scan:1218

DEBUG:root:Errors over all scan:36

DEBUG:root:Result:replica detected
DEBUG:root:Match or Not:True
DEBUG:root:Under real time Point counter:0.225025892258

DEBUG:root:Extracted signature:bitarray('10000011011110010001111111110000111111100110011111000011001110001011111100110010100011000011000010010000100100000010000010000100011111110001111111100000011100100110101111100001101011011000111101011000111111000011100100001100010000111010001110100100110100110101101011011000')
DEBUG:root:Matched frame over all scan:1220

DEBUG:root:Errors over all scan:19

DEBUG:root:Result:replica detected
DEBUG:root:Match or Not:True
DEBUG:root:Under real time Point counter:0.229939937592

DEBUG:root:Extracted signature:bitarray('10001111011110010001111010010000111100100110011110000011001110011011101100110010100111000011100010011000100100000010000010000100011111110001111111100000111100100110101110100001101011011000111101011000111011000011100100001100011000111010001110100100110100110001101011011000')
DEBUG:root:Matched frame over all scan:1221

DEBUG:root:Errors over all scan:11

DEBUG:root:Result:replica detected
DEBUG:root:Match or Not:True
DEBUG:root:Under real time Point counter:0.204674005508

DEBUG:root:Extracted signature:bitarray('10001111001110010001111000111000111100000110011110000011001110011111101000110011100011000011000011010000110100000010000010000110011111110011111011110100111100100110101110100001101010011001111101011001110011000011000100001100010000111010001110100100110100110001101011011000')
DEBUG:root:Matched frame over all scan:1222

DEBUG:root:Errors over all scan:26

DEBUG:root:Result:replica detected
DEBUG:root:Match or Not:True
DEBUG:root:Under real time Point counter:0.222185134888

DEBUG:root:Extracted signature:bitarray('10001111011110010001111000110000111100000110011110000011001110010011101100110111100011000011000010010000110100000010000010000100011111110001111111100000011100101110101111100001101011011000111101011000111011000011100100001100010000111010001110100100010100110100101010010000')
DEBUG:root:Matched frame over all scan:1222

DEBUG:root:Errors over all scan:9

DEBUG:root:Result:replica detected
DEBUG:root:Match or Not:True
DEBUG:root:Under real time Point counter:0.229013204575

DEBUG:root:Extracted signature:bitarray('10001011111110010001111100110000101111100100010011100010000011100110001110011100110001100010000110010001110100110010000010000111011100010001111011100100111100100110100110100001101010011000111101011001111001000011100100001100110000111110001110100100110100110100100010010000')
DEBUG:root:Matched frame over all scan:1224

DEBUG:root:Errors over all scan:43

DEBUG:root:Result:replica detected
DEBUG:root:Match or Not:True
DEBUG:root:Under real time Point counter:0.220150947571

DEBUG:root:Extracted signature:bitarray('10001110011110000001111011110000100111111110010011111111100011111111101111111111010011111000011111100111111011111001000010000100011000010001111111100100011100100110101110100001101010011001111101011001111101000011111010001101110000111010001110110111010110011000110011010000')
DEBUG:root:Matched frame over all scan:1225

DEBUG:root:Errors over all scan:21

DEBUG:root:Result:replica detected
DEBUG:root:Match or Not:True
DEBUG:root:Under real time Point counter:0.243119001389

DEBUG:root:Extracted signature:bitarray('10001111001110000001111001110000100110111100010011111111000011111111001111111111010011111100011111100110110011001111000010000100010011110001111111100100011100100110100110100001101010011000111101011000111101000011111010001111110000111010001110100111010110010000100010010000')
DEBUG:root:Matched frame over all scan:1228

DEBUG:root:Errors over all scan:15

DEBUG:root:Result:replica detected
DEBUG:root:Match or Not:True
DEBUG:root:Under real time Point counter:0.216084957123

DEBUG:root:Extracted signature:bitarray('10011111001110000010111001110001100110111100010011111111100011111111101111111111010011111100011111100111100011000111000010000100010011110001111011110100011110000110100110100101101010011001111101011001111101000011111010001111110000111010001110101110010110010000100010010000')
DEBUG:root:Matched frame over all scan:1227

DEBUG:root:Errors over all scan:10

DEBUG:root:Result:replica detected
DEBUG:root:Match or Not:True
DEBUG:root:Under real time Point counter:0.204464912415

DEBUG:root:Extracted signature:bitarray('00011111001110000010111011110001100100111100000011111111100011111111101111111111010011111100011111000110110011011111000010000100010011110001111111110100011100100110100110100001101010011000111101011000111101000011111010001111110000111010001110100111010110010000100010010000')
DEBUG:root:Matched frame over all scan:1228

DEBUG:root:Errors over all scan:12

DEBUG:root:Result:replica detected
DEBUG:root:Match or Not:True
DEBUG:root:Under real time Point counter:0.201421022415

DEBUG:root:Extracted signature:bitarray('00011110011110000110110011110001100110111100000011111110000011111111001111111111010011111100011111000111110011011111001110000100010011110001111111110100011100100110101110100001101010011000111101011000111101000011111010001111110000111010001110100111010110010000100010010000')
DEBUG:root:Matched frame over all scan:1228

DEBUG:root:Errors over all scan:16

DEBUG:root:Result:replica detected
DEBUG:root:Match or Not:True
DEBUG:root:Under real time Point counter:0.212872028351

DEBUG:root:Extracted signature:bitarray('10001110011110000001111001110001011111011100000111110110000111110000001111110000111011000011000001110001111001111101001100011001101111110001111111100100011100001110101111000001101011110000011101111000001101100000101110000011110000011010000010111000011000011000110011010000')
DEBUG:root:Matched frame over all scan:1231

DEBUG:root:Errors over all scan:21

DEBUG:root:Result:replica detected
DEBUG:root:Match or Not:True
DEBUG:root:Under real time Point counter:0.229342222214

DEBUG:root:Extracted signature:bitarray('10001110011110000001111101110001001111101110010111110111000111111000001111110000011011000011000001110000111001011100001110001111111111110011111011110100111000000110101110000001101010011000011101111000000101100000111110000011110000011010000010111001011000011000110011011000')
DEBUG:root:Matched frame over all scan:1231

DEBUG:root:Errors over all scan:12

DEBUG:root:Result:replica detected
DEBUG:root:Match or Not:True
DEBUG:root:Under real time Point counter:0.205723047256

DEBUG:root:Extracted signature:bitarray('00000111011110000000111011111001011110101110001111110111000011110010000111100000111110000111010001110000011100001110001110011011101110010001111111110100011100000110101111100001101011110000111101011100011101111000000110000010010000011010000010100000011000011000111011001000')
DEBUG:root:Matched frame over all scan:1232

DEBUG:root:Errors over all scan:38

DEBUG:root:Result:replica detected
DEBUG:root:Match or Not:True
DEBUG:root:Under real time Point counter:0.20444393158

DEBUG:root:Extracted signature:bitarray('10000011111110010000011111110000001111111100000111111110000011111111100111111111011011100001111111001101110100111000111001111011101101110001111111110000011100100110000111100001110011111000111100111100111100111111101000001110100000111100001111001111101111101111011101100000')
DEBUG:root:Matched frame over all scan:1236

DEBUG:root:Errors over all scan:71

DEBUG:root:Result:tau3_fail
DEBUG:root:Match or Not:False
DEBUG:root:Real time1487956122.05

DEBUG:root:Extracted signature:bitarray('10110011011010000110011010010011100101100100110010110110000011110111001100111100110001100010001110010001100001111001111101111011101000110011111111110000111100100110001110100001100010111000111011011000111011000011100100001100010000111010001110110111010110010100101010010000')
DEBUG:root:Matched frame over all scan:1234

DEBUG:root:Errors over all scan:29

DEBUG:root:Result:replica detected
DEBUG:root:Match or Not:True
DEBUG:root:Real time1487956122.25

DEBUG:root:Extracted signature:bitarray('10001111111110000001111011110000111100111100010111011000001011011001101111110011000111101100011111000011100011110001111001111011101100010001111111100000011100101110001111000001100010011000111001011100111001000111100010001111110000111010001110100110110110111110011001000000')
DEBUG:root:Matched frame over all scan:1236

DEBUG:root:Errors over all scan:40

DEBUG:root:Result:replica detected
DEBUG:root:Match or Not:True
DEBUG:root:Real time1487956122.45

DEBUG:root:Extracted signature:bitarray('10001111111110001001111110110000011110111100010111111100001011111001101111110011000111101100001111000011100011110001110001111011101100010001111111110000011100100111001110000001110010011000111001011000111001000011101010001101110000111110001110100110110110110100011001000000')
DEBUG:root:Matched frame over all scan:1236

DEBUG:root:Errors over all scan:30

DEBUG:root:Result:replica detected
DEBUG:root:Match or Not:True
DEBUG:root:Real time1487956122.65

DEBUG:root:Extracted signature:bitarray('10011111101110000011111100110001111111011100011111110110001111110000101101110001000011001100000111100001110011110011110001111011101100010001111011110000111100100110001110000001100010111000111001011000110101000011101010001101111000111110001110100110010110010100111011010000')
DEBUG:root:Matched frame over all scan:1237

DEBUG:root:Errors over all scan:21

DEBUG:root:Result:replica detected
DEBUG:root:Match or Not:True
DEBUG:root:Real time1487956122.85

DEBUG:root:Extracted signature:bitarray('10000111111110001100111100110001001111001100000111110110000011110000001101110001010011100100001111100001110010110011110011110011101100010001111111100100011100100110101111100001101010111000111001011100111101000111101010001100110000111110001110100110010110010100111011010000')
DEBUG:root:Matched frame over all scan:1238

DEBUG:root:Errors over all scan:14

DEBUG:root:Result:replica detected
DEBUG:root:Match or Not:True
DEBUG:root:Real time1487956123.05

DEBUG:root:Extracted signature:bitarray('10000111100111001100111100111001001111001110000111110110000011110010000101111000010011100010011110000011100001110001110011100111101100010011111011100100111100100110101110100001101010111000110001011000110101000111001010001100110000111110001110100110011110010100101001001000')
DEBUG:root:Matched frame over all scan:1240

DEBUG:root:Errors over all scan:31

DEBUG:root:Result:replica detected
DEBUG:root:Match or Not:True
DEBUG:root:Real time1487956123.25

DEBUG:root:Extracted signature:bitarray('10001011111110001100011111110001000111111100000011111000000011110000001111100011011111000010001110000101110010011110001111000110011010010011111011100100111100101110101110100001110010111000111001011000110001000111000110001100111000110011001110100110010110010100100010010000')
DEBUG:root:Matched frame over all scan:1241

DEBUG:root:Errors over all scan:41

DEBUG:root:Result:replica detected
DEBUG:root:Match or Not:True
DEBUG:root:Real time1487956123.45

DEBUG:root:Extracted signature:bitarray('10000111111100000100111111100001101111111000010111110100010011100000001111100000111111000011001100010000100100010010110011100110011110010001111011100100011100101110101111100001100010011001110011011110110001001111100110001100011000110010001110100110010110010100100010010000')
DEBUG:root:Matched frame over all scan:1246

DEBUG:root:Errors over all scan:34

DEBUG:root:Result:replica detected
DEBUG:root:Match or Not:True
DEBUG:root:Under real time Point counter:0.200513124466

DEBUG:root:Extracted signature:bitarray('10001111111100001100111111110001101111111100010111111100000011100000001111100000111011000011001100010000100100010010110011100111011000010001111001110100011100100110101110100111100010011001110001011000110001000011100110001100011000110010001110100110010010010100100010010000')
DEBUG:root:Matched frame over all scan:1246

DEBUG:root:Errors over all scan:28

DEBUG:root:Result:replica detected
DEBUG:root:Match or Not:True
DEBUG:root:Real time1487956123.85

DEBUG:root:Extracted signature:bitarray('10000111111100000100111111100001101111111100010111111110010011100000000111100000111011000011001100010000100100100010110011100111011000010001111011100100111100100100101111100011100010011001110001011110110001001111000110001100010000110010001110100010010010011100100010010000')
DEBUG:root:Matched frame over all scan:1246

DEBUG:root:Errors over all scan:26

DEBUG:root:Result:replica detected
DEBUG:root:Match or Not:True
DEBUG:root:Under real time Point counter:0.201123952866

DEBUG:root:Extracted signature:bitarray('10001111111100000100111111110001101111111100010111111110001011110000001111100000111011100011001100010011000100100010110011100111011000010001111101110100011100100110101110000111100010010001110001011001110001000011000110001100110000110010001110100110010010011100100010010000')
DEBUG:root:Matched frame over all scan:1245

DEBUG:root:Errors over all scan:21

DEBUG:root:Result:replica detected
DEBUG:root:Match or Not:True
DEBUG:root:Under real time Point counter:0.22052693367

DEBUG:root:Extracted signature:bitarray('10000111111100000100111111110001101111111100010011110110010011110000010111110000111011000011001100010000000100100010110011100110011010010011111011100100011101101100101111100011100010011101110001011110110001001111000110001100010000110010001110100010010000011000100010010000')
DEBUG:root:Matched frame over all scan:1246

DEBUG:root:Errors over all scan:28

DEBUG:root:Result:replica detected
DEBUG:root:Match or Not:True
DEBUG:root:Real time1487956124.48

DEBUG:root:Extracted signature:bitarray('10000000110100010000000111100111100000111001110000001110110000001111110000001111100000011110000001110000000100000010000010011011111111100110000111100100111000110110100111000111101001100001110101100001110101000001111010000001101000000111000000110000011000011001010101101000')
DEBUG:root:Matched frame over all scan:1248

DEBUG:root:Errors over all scan:33

DEBUG:root:Result:replica detected
DEBUG:root:Match or Not:True
DEBUG:root:Under real time Point counter:0.217723846436

DEBUG:root:Extracted signature:bitarray('10000000111000110010000111000111000000110011100100001111111100001111111100001111110000011110000001110000000100000010000010010111111011100111000111000100111000111010100111000110101001110001110101110000110101100001101010000001101000001111000000110000011000011000010101101000')
DEBUG:root:Matched frame over all scan:1248

DEBUG:root:Errors over all scan:6

DEBUG:root:Result:replica detected
DEBUG:root:Match or Not:True
DEBUG:root:Real time1487956124.9

DEBUG:root:Extracted signature:bitarray('10000000111000110010000111001111000000110011100100001111111100001111111100001111110000011110000001110000000100000010000010010111111011100111000111000100111000111010100111000110101001110001110101110000110101100001101010000011101000001111000000110000011000011000010101101000')
DEBUG:root:Matched frame over all scan:1248

DEBUG:root:Errors over all scan:4

DEBUG:root:Result:replica detected
DEBUG:root:Match or Not:True
DEBUG:root:Real time1487956125.1

DEBUG:root:Extracted signature:bitarray('11000000000000110000001000001110000110000011100011100001110011100001111111000001111110000011110001111000011000011100111101111011101111110110001100000110010011100011110000111000011000111000011100111001110100000111101000111000100111100100111001001001100111100111001100101000')
DEBUG:root:Matched frame over all scan:1252

DEBUG:root:Errors over all scan:38

DEBUG:root:Result:replica detected
DEBUG:root:Match or Not:True
DEBUG:root:Under real time Point counter:0.20362496376

DEBUG:root:Extracted signature:bitarray('11000000010000111100000010001111000000000011100010000001110111000001111110000011111000000011100000010000000100111000111101111011011111101110000010000110110001000011110100111000111101111000011100111000111101110110001001111000101111000101110001000111100111100111001100101000')
DEBUG:root:Matched frame over all scan:1250

DEBUG:root:Errors over all scan:10

DEBUG:root:Result:replica detected
DEBUG:root:Match or Not:True
DEBUG:root:Real time1487956125.5

DEBUG:root:Extracted signature:bitarray('11000000010000111000000000001111000100000011100011000001110111000001111110000001111100000011100000011000000100111100111101111011111111110110001100000110110001100011110000111000111100111000011100111000100101111111001001111000101111000101110001000111100111100111001100101000')
DEBUG:root:Matched frame over all scan:1251

DEBUG:root:Errors over all scan:20

DEBUG:root:Result:replica detected
DEBUG:root:Match or Not:True
DEBUG:root:Under real time Point counter:0.208992958069

DEBUG:root:Extracted signature:bitarray('11111111110010001111111111011101111110110011011110011001101110011001100111110000011111000001111000001110000110100010011101111011101111101111111110001000111111110000000111110111000011100001111001100010111011000111110110011110011011100010011000101111010111000110001101110000')
DEBUG:root:Matched frame over all scan:860

DEBUG:root:Errors over all scan:78

DEBUG:root:Result:tau3_fail
DEBUG:root:Match or Not:False
DEBUG:root:Real time1487956125.91

DEBUG:root:Extracted signature:bitarray('11111111100000001111111000001101001110000011001111000000001111010000001111100000111110000011100000011000000100000010000110000100010011101111111100000100111111100000100111111000000001111000000001111000000011000000000110000000011000000011000000110000111000110001100100111000')
DEBUG:root:Matched frame over all scan:1253

DEBUG:root:Errors over all scan:60

DEBUG:root:Result:tau3_fail
DEBUG:root:Match or Not:False
DEBUG:root:Real time1487956126.11

DEBUG:root:Extracted signature:bitarray('11111110011110001111111111110001111111110011011111100001100111110100101111110000011111000111111000111110001110000011000010000100011111101110110111111000111100111110000111111110010001111110011000111000111001110011110010001001011001001010110111001111100100110001100100101000')
DEBUG:root:Matched frame over all scan:1255

DEBUG:root:Errors over all scan:58

DEBUG:root:Result:replica detected
DEBUG:root:Match or Not:True
DEBUG:root:Real time1487956126.31

DEBUG:root:Extracted signature:bitarray('11111111111110001111111111111101111111111111011111001101101111001111101100011101010011100011001100010011000100100011100011001101101111111101101111111101111011111111100111111110011010111100001100111000111101100011111010001101011000100011011000101100110100110001001101101000')
DEBUG:root:Matched frame over all scan:1255

DEBUG:root:Errors over all scan:25

DEBUG:root:Result:replica detected
DEBUG:root:Match or Not:True
DEBUG:root:Real time1487956126.51

DEBUG:root:Extracted signature:bitarray('11111111111011101111111111111101111110111111011111011111101111011110000110111100011111000011111000010110011001011101111101011101101111110011111001111101011110001111100111100011111011111001111101011001110010010111000101111000011100000111000011100001010101010011001100101000')
DEBUG:root:Matched frame over all scan:1256

DEBUG:root:Errors over all scan:45

DEBUG:root:Result:replica detected
DEBUG:root:Match or Not:True
DEBUG:root:Real time1487956126.71

DEBUG:root:Extracted signature:bitarray('11111111111000001111111110000001001111100001001111111000101111111000101111110001011111000111111000111001000101100111000110000100111111101111011101100011000001111100011000111111000100111111100010111101100010111111000111100100011000100010001000101100011100110001100110111000')
DEBUG:root:Matched frame over all scan:496

DEBUG:root:Errors over all scan:67

DEBUG:root:Result:replica detected
DEBUG:root:Match or Not:True
DEBUG:root:Real time1487956126.91

DEBUG:root:Extracted signature:bitarray('11111110111000001111110001000001111100001000111111000000011111100000111111100001111110000111110000011000000100000110000110000100000000101111100011100000111100111100010111011111000101111110011010111100000010111100000111110000011100000010000000100000110000110011001110010000')
DEBUG:root:Matched frame over all scan:1259

DEBUG:root:Errors over all scan:21

DEBUG:root:Result:replica detected
DEBUG:root:Match or Not:True
DEBUG:root:Under real time Point counter:0.201458930969

DEBUG:root:Extracted signature:bitarray('11110111110000001111111110000001111111000001011111000000011111001000011100111000110010000010110000010001000100100011100110011001100000101111011111111000111111111101000111111110010001111111000010111111100010111111000111110000011100000010000001100000110000100011001110010000')
DEBUG:root:Matched frame over all scan:1259

DEBUG:root:Errors over all scan:52

DEBUG:root:Result:replica detected
DEBUG:root:Match or Not:True
DEBUG:root:Real time1487956127.32

DEBUG:root:Extracted signature:bitarray('11000111100001111000111000111110001100001111100110000111100110000111001100001110110000011110000011110100111111100011000010000000010010011111100000111111011100000111011111000001110011100001111101100001111011000011110110000111001001111000011110001111001001010011001100101000')
DEBUG:root:Matched frame over all scan:1261

DEBUG:root:Errors over all scan:12

DEBUG:root:Result:replica detected
DEBUG:root:Match or Not:True
DEBUG:root:Under real time Point counter:0.204627990723

DEBUG:root:Extracted signature:bitarray('11000111100001011000110000111110001100001111100110000111100110000111101100000111110000011110000001010000000111100011000010000000010010011111110000111011111100000111011111000001110011100000111001000000111011000001110110000111111000011010011110101110011100011010001100101000')
DEBUG:root:Matched frame over all scan:1262

DEBUG:root:Errors over all scan:25

DEBUG:root:Result:replica detected
DEBUG:root:Match or Not:True
DEBUG:root:Real time1487956127.72

DEBUG:root:Extracted signature:bitarray('11000111100001011000110000111010001100001111100110000111100110000011001110000110110000000010000000011000000110000011000010000100010000011111110000111011111100000111011111000001110111100000111001000000111111000001111110000111111000011010011110101110011100011000110001001000')
DEBUG:root:Matched frame over all scan:1262

DEBUG:root:Errors over all scan:15

DEBUG:root:Result:replica detected
DEBUG:root:Match or Not:True
DEBUG:root:Real time1487956127.92

DEBUG:root:Extracted signature:bitarray('11000111100001011000111000111010001110001111100111000011110111000011101100000011110000010010100000011100000111001101100011000100010000011111110000111011111100000111011111000001110011100000111001000000111111000001111110000111111000011010000110100111010110011100110010001000')
DEBUG:root:Matched frame over all scan:1263

DEBUG:root:Errors over all scan:22

DEBUG:root:Result:replica detected
DEBUG:root:Match or Not:True
DEBUG:root:Real time1487956128.12

DEBUG:root:Extracted signature:bitarray('11000111100001011000110000111110001100001111100110000111100110000111101100001111110000111110000011100001100111100011100010000100000000001111110000111011011100000111011111000001110111100000011001000000111111000000111010011011101001011000011110001110001100011000100001000000')
DEBUG:root:Matched frame over all scan:1265

DEBUG:root:Errors over all scan:26

DEBUG:root:Result:replica detected
DEBUG:root:Match or Not:True
DEBUG:root:Real time1487956128.32

DEBUG:root:Extracted signature:bitarray('11000111100001011000111000011010001100001111100110000111110110000111101100001111110000011010000010010000000111000011000011000100010000001111110000111011111100001111011111000011110111100000011101100000011101000100111010010011111001110010110000111000111000010000100100101000')
DEBUG:root:Matched frame over all scan:1266

DEBUG:root:Errors over all scan:15

DEBUG:root:Result:replica detected
DEBUG:root:Match or Not:True
DEBUG:root:Real time1487956128.52

DEBUG:root:Extracted signature:bitarray('11000111100001011000111000111010001100001111100110000111100110000111101100001111110000011110000010010000000111000011000010000100010000001111110000111011101100000111011111000011110111100000011101100000011101000100111010011011101001110010011000111000111000010000110100001000')
DEBUG:root:Matched frame over all scan:1266

DEBUG:root:Errors over all scan:9

DEBUG:root:Result:replica detected
DEBUG:root:Match or Not:True
DEBUG:root:Real time1487956128.72

DEBUG:root:Extracted signature:bitarray('11000111100001011000111000011010001100001111100110000111100110000111101100000111110000011010000000010100000111000011000010000100010000001011110000111010001100001111011111000011110111100000011101100010011101000100111010011011101001110010111000111000011000010100110100101000')
DEBUG:root:Matched frame over all scan:1266

DEBUG:root:Errors over all scan:15

DEBUG:root:Result:replica detected
DEBUG:root:Match or Not:True
DEBUG:root:Real time1487956128.92

DEBUG:root:Extracted signature:bitarray('11000111100000011000111000011010001100001111100110000111110110000111101100000111110000011110000011110000110111000011000010011001101101101111110000111011100100001111011111000011110111100000111011100000111011000011111010001111100001111000011100011100011000011001000100101000')
DEBUG:root:Matched frame over all scan:1268

DEBUG:root:Errors over all scan:24

DEBUG:root:Result:replica detected
DEBUG:root:Match or Not:True
DEBUG:root:Real time1487956129.12

DEBUG:root:Extracted signature:bitarray('11000111100001011000111000111010001100001111100110000111100110000011101100001111110000011110000011100100111011100011100010001001001111101100110000111011000100001111011011000011110111100000111011100000111011000011110110001111110000111000011110001110001100011001000100101000')
DEBUG:root:Matched frame over all scan:1268

DEBUG:root:Errors over all scan:35

DEBUG:root:Result:replica detected
DEBUG:root:Match or Not:True
DEBUG:root:Real time1487956129.33

DEBUG:root:Extracted signature:bitarray('10010000000100010010000100100011000001101000100000111000010000010001110000110011100011000010000000010010000111100111100111000100010000011100000000000111110000000000111100000000001110000000000111000000000101000000001010000000101000000001111000111110010111000110001100110000')
DEBUG:root:Matched frame over all scan:1269

DEBUG:root:Errors over all scan:25

DEBUG:root:Result:replica detected
DEBUG:root:Match or Not:True
DEBUG:root:Real time1487956129.53

DEBUG:root:Extracted signature:bitarray('10010000000100010110000100100011000001101000100000110000010000010001110000010011100001000010001000010110000111100111100111000100010000011100000001000111110000001000111100000000001110000000000111000000000101000000001010000000101010000001111100011110000111000111001100110000')
DEBUG:root:Matched frame over all scan:1269

DEBUG:root:Errors over all scan:24

DEBUG:root:Result:replica detected
DEBUG:root:Match or Not:True
DEBUG:root:Under real time Point counter:0.200856924057

DEBUG:root:Extracted signature:bitarray('10010000000100010110000100100011000001001000100000110000010000000000110000010011100111000011111000011110000111000111000110000100010000011100000000000111110000000000111100000000001110000000000111000000000101000000001010000000101000000011111000111110010111000111001100010000')
DEBUG:root:Matched frame over all scan:1269

DEBUG:root:Errors over all scan:30

DEBUG:root:Result:replica detected
DEBUG:root:Match or Not:True
DEBUG:root:Under real time Point counter:0.201111078262

DEBUG:root:Extracted signature:bitarray('10010000000100010110000100100011000001001000100000111000010000000001110000011110000111000011111000011110000011100111100111000100010000011100000001000111110000001000111100000000001110000000000111000000000101000000001010000000101010000001111100011110000111000111001100110000')
DEBUG:root:Matched frame over all scan:1273

DEBUG:root:Errors over all scan:32

DEBUG:root:Result:replica detected
DEBUG:root:Match or Not:True
DEBUG:root:Under real time Point counter:0.200515985489

DEBUG:root:Extracted signature:bitarray('10010000000100010110000100100011000001101000100000111000010000001001110000011111000111110001111110011111100011110011100011000100010000011100000000000111100000000000111100000000001110000000000111000000000101000000001010000000101010000001111000011110000111000111001100110000')
DEBUG:root:Matched frame over all scan:1269

DEBUG:root:Errors over all scan:37

DEBUG:root:Result:replica detected
DEBUG:root:Match or Not:True
DEBUG:root:Under real time Point counter:0.207135915756

DEBUG:root:Extracted signature:bitarray('10010000000100010110000100100011000001101000100000110000010000000000110000011011000111000101110011101110111011101111000110000100010000011100000000000111100000000000111100000000001110000000000111000000000101000000001010000000101010000101111101011110000111000111001100110000')
DEBUG:root:Matched frame over all scan:1276

DEBUG:root:Errors over all scan:25

DEBUG:root:Result:replica detected
DEBUG:root:Match or Not:True
DEBUG:root:Real time1487956130.54

DEBUG:root:Extracted signature:bitarray('10010000000100010110000100100011100001101000100000110000010000000001110000010111000111011001111001001110011011101111000110000100010000011100000001000111100000001000111100000000001110000000000111000000000101000000001010000000101010000101111100011110000111000111001100110000')
DEBUG:root:Matched frame over all scan:1273

DEBUG:root:Errors over all scan:29

DEBUG:root:Result:replica detected
DEBUG:root:Match or Not:True
DEBUG:root:Under real time Point counter:0.203355073929

DEBUG:root:Extracted signature:bitarray('11000110000111111000010010111110000111111111000011111110000111111110001111110111011110010001100000010000011100001111001111001101101100011111001100111011110000100111011100001001100110000100111011000000111001000000110110000011010100111010000110100000010000010000101001101000')
DEBUG:root:Matched frame over all scan:1278

DEBUG:root:Errors over all scan:14

DEBUG:root:Result:replica detected
DEBUG:root:Match or Not:True
DEBUG:root:Real time1487956130.95

DEBUG:root:Extracted signature:bitarray('11000110000001011000110011000011000100110000100011111100100111111001101111100111011110011101100000111000011100001110111101110001101101111110000111000011110000110000011100001000000110000100001011000000001001000000110110000011010100111010000010100000010000010010101001101000')
DEBUG:root:Matched frame over all scan:1284

DEBUG:root:Errors over all scan:15

DEBUG:root:Result:replica detected
DEBUG:root:Match or Not:True
DEBUG:root:Real time1487956131.15

DEBUG:root:Extracted signature:bitarray('11000110001001011100110011000010000001110000100011111100100111111001101111100111011110011101100001111000011100001110111101110011101101111110001111000011110000111000011100001000010110000100001011000000011001000000110110000011010100111010000010100000010100010010101001101000')
DEBUG:root:Matched frame over all scan:1284

DEBUG:root:Errors over all scan:13

DEBUG:root:Result:replica detected
DEBUG:root:Match or Not:True
DEBUG:root:Real time1487956131.35

DEBUG:root:Extracted signature:bitarray('11000010111111111100010111110110000001111000100011111100000111111110101111110111011110011101100000111000011100001110111111100100101101011110001100111011110000100111011100001001100110000000111011000000111001000010110110000111010100111010000010100000010000010010101001101000')
DEBUG:root:Matched frame over all scan:1281

DEBUG:root:Errors over all scan:22

DEBUG:root:Result:replica detected
DEBUG:root:Match or Not:True
DEBUG:root:Real time1487956131.55

DEBUG:root:Extracted signature:bitarray('11000110000111111100110011011111000101110000100111111100000111111110101111100111011110011101110000111000011100001110111111100101101101011110001100111011110000100111011100001001100110000100111011000000111001000000110110000111010100111010000010100000010000010110101001101000')
DEBUG:root:Matched frame over all scan:1281

DEBUG:root:Errors over all scan:14

DEBUG:root:Result:replica detected
DEBUG:root:Match or Not:True
DEBUG:root:Real time1487956131.75

DEBUG:root:Extracted signature:bitarray('11000110000111111100110000111111000100111000100011111100000111111110001111110111011110011101110000011000011100001110001111110001101101011110001100111011110000100110011100001001100110000000111011000000111001000000110110000111010100111010000110100000010000010000111001101000')
DEBUG:root:Matched frame over all scan:1283

DEBUG:root:Errors over all scan:16

DEBUG:root:Result:replica detected
DEBUG:root:Match or Not:True
DEBUG:root:Real time1487956131.95

DEBUG:root:Extracted signature:bitarray('11000111000001011100010011000011000100110001100011111000100111111001101111100111011110011101100000111000011100001110111101110011101101111110001111000011110000111000011100001000000110000000001011000000001001000000110110000011010100111010000010100000010000010010111001101000')
DEBUG:root:Matched frame over all scan:1284

DEBUG:root:Errors over all scan:15

DEBUG:root:Result:replica detected
DEBUG:root:Match or Not:True
DEBUG:root:Real time1487956132.15

DEBUG:root:Extracted signature:bitarray('11000110001001011100110011000010000001110001100011111000100111111001101111100111011110011101100001111000011100001110111101110011101101111110001111000011110000111000011100001000000110000100001011000000011001000000110110000011010100111010000010100000010000010010111001101000')
DEBUG:root:Matched frame over all scan:1284

DEBUG:root:Errors over all scan:12

DEBUG:root:Result:replica detected
DEBUG:root:Match or Not:True
DEBUG:root:Real time1487956132.35

DEBUG:root:Real time1487956132.55

DEBUG:root:Extracted signature:bitarray('11101100000010011100110001100010100100111000000001111100000001111110000011111100000011111000011111000111110011110001110001110110010000011000011111110101000011011110101000110111111010001111110101001111110101001111111010011111101000111100001111011110001110001110111010010000')
DEBUG:root:Matched frame over all scan:1287

DEBUG:root:Errors over all scan:52

DEBUG:root:Result:replica detected
DEBUG:root:Match or Not:True
DEBUG:root:Under real time Point counter:0.215595960617

DEBUG:root:Extracted signature:bitarray('11011100001100110001100011100110001100011011000110001111100011011111100110001111001100111101111111101111111001111101111101000110010000010001100111111101001100111111101111000111111011100011111101000011111101010001111011100011101110011101111111010111001111010110101010010000')
DEBUG:root:Matched frame over all scan:1288

DEBUG:root:Errors over all scan:31

DEBUG:root:Result:replica detected
DEBUG:root:Match or Not:True
DEBUG:root:Real time1487956132.96

DEBUG:root:Extracted signature:bitarray('11000100001100011000110000001111000100001111110000001111010001000111110011001111000010111100011111100111111011111101111101111001101101110001100001110101001110001111101011100011111011110001111101111000111101011000111010000011101001101100011111001110100110101111001001101000')
DEBUG:root:Matched frame over all scan:1289

DEBUG:root:Errors over all scan:11

DEBUG:root:Result:replica detected
DEBUG:root:Match or Not:True
DEBUG:root:Real time1487956133.17

DEBUG:root:Extracted signature:bitarray('11001001110000111001111100000010011111000000101111100001101111101011101111011111000101111100111111101111111011011100011101001100000111110011001110100111001111110000010011111110000101111111111011111111111010111011110000111111000011111000111110001011000101000011101111010000')
DEBUG:root:Matched frame over all scan:1291

DEBUG:root:Errors over all scan:16

DEBUG:root:Result:replica detected
DEBUG:root:Match or Not:True
DEBUG:root:Real time1487956133.37

DEBUG:root:Extracted signature:bitarray('11001001110000011001111100000010011111000000101111100001101111101011101111011111000100111100111111101111111011011100011100011000100111110011001110000111001111110000010011111110010101111101111011111101111010011011110000101111000011111100111110001011010011010111101111010000')
DEBUG:root:Matched frame over all scan:1291

DEBUG:root:Errors over all scan:14

DEBUG:root:Result:replica detected
DEBUG:root:Match or Not:True
