DEBUG:root:Under real time Point counter:3.91006469727e-05

DEBUG:root:Extracted signature:bitarray('10011110010010010000110110110010000111100000100011110000010011111000010111111000011111100001111100100111011011101101100011000100010000000110000111001010110000110011011100111100011010011010000101011000000101110000001011001100100011100100111000011000011000011000100010010000')
DEBUG:root:Matched frame over all scan:1839

DEBUG:root:Errors over all scan:89

DEBUG:root:Result:tau3_fail
DEBUG:root:Match or Not:False
DEBUG:root:Under real time Point counter:0.226541042328

DEBUG:root:Extracted signature:bitarray('10011110001100110011110001100000111001111000011001111100000111111100001111111000011110000101111000001111000011100010100010000100100100000011110001110010011100001110001110000111001011000111000101000011000101111000001011100000111110000011111100011110001110011000110011010000')
DEBUG:root:Matched frame over all scan:1560

DEBUG:root:Errors over all scan:74

DEBUG:root:Result:tau3_fail
DEBUG:root:Match or Not:False
DEBUG:root:Real time1487888081.0

DEBUG:root:Extracted signature:bitarray('10011110001110000011110001100000111101111000011111111100001011111100001111111000011111000101110000001110000010000010000010001001101101110011100001110101011100001110001111000111101011000011000101000011000101110010001011110000011110000011100100011111001110001100010011010000')
DEBUG:root:Matched frame over all scan:319

DEBUG:root:Errors over all scan:80

DEBUG:root:Result:tau1_fail
DEBUG:root:Match or Not:False
DEBUG:root:Real time1487888081.2

DEBUG:root:Extracted signature:bitarray('11100111111101100011111111100000111111111000011111111100001111111000001111111000011111100001111100001110000011000011100011100111111111110000111110011101000111110011101000011100001010001110000100011111000010111100000101100000011100000011100000110000111000111001010101101000')
DEBUG:root:Matched frame over all scan:1563

DEBUG:root:Errors over all scan:78

DEBUG:root:Result:tau3_fail
DEBUG:root:Match or Not:False
DEBUG:root:Real time1487888081.4

DEBUG:root:Extracted signature:bitarray('11111111111100100011111111110000111111111100011111111100001111111100001111111000011111100001111100001110000011110011110011000110011111110000111111111101000011101111100000111111101010011111100100011111000000111111000111100000011110000011100000011000111100111001010101110000')
DEBUG:root:Matched frame over all scan:2685

DEBUG:root:Errors over all scan:63

DEBUG:root:Result:tau3_fail
DEBUG:root:Match or Not:False
DEBUG:root:Real time1487888081.6

DEBUG:root:Extracted signature:bitarray('10011111111111100001111111110000011111111100001111111110001111111000001111111000011111100001111000001111000011110000111001111011101111110000000011111101000000111111100000011111111010001111011101001111001100111010000011100011011100001010110001101100100111000111011101111000')
DEBUG:root:Matched frame over all scan:2418

DEBUG:root:Errors over all scan:80

DEBUG:root:Result:tau3_fail
DEBUG:root:Match or Not:False
DEBUG:root:Real time1487888081.8

DEBUG:root:Extracted signature:bitarray('11011101001111101111110011111101110011011111011001111111100001111011100011110011001111100001111100101101001101101101111100111011101101110011001000111011111000011001010110001111010110001111111010011011111010111011110101100111011110110010111100101110010110010110101010111000')
DEBUG:root:Matched frame over all scan:820

DEBUG:root:Errors over all scan:69

DEBUG:root:Result:tau3_fail
DEBUG:root:Match or Not:False
DEBUG:root:Real time1487888082.0

DEBUG:root:Extracted signature:bitarray('11011111001111101111110011111101110010111111011001111111100001111111100011110011001111110001111110001111001111101101111100111011101100010011001000111001111000011001000110011111010110001111111010011011111010111011110101100111011111110010111100101110010110010110101011110000')
DEBUG:root:Matched frame over all scan:820

DEBUG:root:Errors over all scan:66

DEBUG:root:Result:tau3_fail
DEBUG:root:Match or Not:False
DEBUG:root:Real time1487888082.2

DEBUG:root:Extracted signature:bitarray('11111100011111101111100011111101110000111111011000111111100000111011100001110011001111110101111100101111001101101101101100111011101101110111011000111000111010011111000110000111110110000111100010100011001011000011010100100111011101110010011100101110010110010110111011011000')
DEBUG:root:Matched frame over all scan:1538

DEBUG:root:Errors over all scan:66

DEBUG:root:Result:tau3_fail
DEBUG:root:Match or Not:False
DEBUG:root:Real time1487888082.4

DEBUG:root:Extracted signature:bitarray('11111100011111101111100011111101110000111111011000111111100000111111100011110011001111101101111100101111001001101101101100111011101101110111011001111000111010001101000110001111010110001011111010011011111010111011110101100111001111110010011100101110010110010110101001101000')
DEBUG:root:Matched frame over all scan:820

DEBUG:root:Errors over all scan:68

DEBUG:root:Result:tau3_fail
DEBUG:root:Match or Not:False
DEBUG:root:Real time1487888082.6

DEBUG:root:Extracted signature:bitarray('11111100001111101111100011111101110000111111011000111111100000111111100011110111001111110101111100101110001111001101101100111011101101110111011001111000111000011101000110001111110110001011111010011011111010111011110101100111001111110010011100101110010110010110101011101000')
DEBUG:root:Matched frame over all scan:820

DEBUG:root:Errors over all scan:68

DEBUG:root:Result:tau3_fail
DEBUG:root:Match or Not:False
DEBUG:root:Real time1487888082.81

DEBUG:root:Extracted signature:bitarray('11011100001111101111100011111101110000111111011000011111100000111111100011110111001111110001110100101110001101101101111100111011101101111111001000111000111000001101000110001111010110001011111010011011111010111011110101110111001110110010111100101110010110010110101001101000')
DEBUG:root:Matched frame over all scan:820

DEBUG:root:Errors over all scan:74

DEBUG:root:Result:tau3_fail
DEBUG:root:Match or Not:False
DEBUG:root:Real time1487888083.01

DEBUG:root:Extracted signature:bitarray('11111100001111101111100011111101110000111111011000111111100000111111100011110011001111100101111100101110001101101101101100111011101101111111011001111000111000001101000110001111110110001011111010011011111010111111110101110111001111110010111100101110010110010110101011101000')
DEBUG:root:Matched frame over all scan:820

DEBUG:root:Errors over all scan:67

DEBUG:root:Result:replica detected
DEBUG:root:Match or Not:True
DEBUG:root:Real time1487888083.21

DEBUG:root:Extracted signature:bitarray('11111100001111101111100011111101110000111111011000111111100000111111100011110011001111100101111100101110011001101101101100111011101101111111001000111000111000000111000110001011110110001111111010011111111010111111110101110111001111110010111100101110010111010110101001101000')
DEBUG:root:Matched frame over all scan:820

DEBUG:root:Errors over all scan:66

DEBUG:root:Result:tau3_fail
DEBUG:root:Match or Not:False
DEBUG:root:Real time1487888083.41

DEBUG:root:Extracted signature:bitarray('11110001111111001111001111011101110111111110011111111110001111111111101101111110000111110000111100101111000011100101101101110011011000000001011111111100011111111011100011111111111001111111111100111111111100111111111001111001101111001101110011010001101000101101011110101000')
DEBUG:root:Matched frame over all scan:2416

DEBUG:root:Errors over all scan:55

DEBUG:root:Result:replica detected
DEBUG:root:Match or Not:True
DEBUG:root:Real time1487888083.61

DEBUG:root:Extracted signature:bitarray('11100011001111101110111101111101111111001100011111110110001011110110000111100111011110011101111001101111111011111001011100111011111011100011011110111100011111110111100011111101101001111110110000111110110100111100101011110011101100011101000111010011101011100111011101101000')
DEBUG:root:Matched frame over all scan:2428

DEBUG:root:Errors over all scan:60

DEBUG:root:Result:tau3_fail
DEBUG:root:Match or Not:False
DEBUG:root:Real time1487888083.81

DEBUG:root:Extracted signature:bitarray('10000000111011100000011111111100000111100111000011110011001011110011001111110111001111011101111001101111111110011110011100111011111010100011100111001100011110011011100011111100111001111110011100111110011101101100111000111011101110011101000111010010101001100111011101101000')
DEBUG:root:Matched frame over all scan:1575

DEBUG:root:Errors over all scan:78

DEBUG:root:Result:tau3_fail
DEBUG:root:Match or Not:False
DEBUG:root:Real time1487888084.01

DEBUG:root:Extracted signature:bitarray('11100100011110001100111011111101100110011111010011000110000011110010000111100111001110011101111001101110011011011100011100111011111011100011100111011100011110111011100011100110110001111010011000111110011100111000111001100011101100011101000111010001100011101111011101101000')
DEBUG:root:Matched frame over all scan:332

DEBUG:root:Errors over all scan:83

DEBUG:root:Result:tau2_fail
DEBUG:root:Match or Not:False
DEBUG:root:Real time1487888084.21

DEBUG:root:Extracted signature:bitarray('11100100011110001100111011111001100110011110000011011110000011111010000111100111001110011101111001101110011011011100011101111011111011100011100111001100011110011001100011110110111001111110011000111110011100011000111001100011101100011101000111010001100011101111011101101000')
DEBUG:root:Matched frame over all scan:1269

DEBUG:root:Errors over all scan:81

DEBUG:root:Result:tau3_fail
DEBUG:root:Match or Not:False
DEBUG:root:Real time1487888084.41

DEBUG:root:Extracted signature:bitarray('11000100011110001100011001111101100110011111010011001110000011111010000111100111011110011101111001101111011011011101111101111011010011100011100111011100011110111011100011100110110001111011011000111110011100111000111011100011101100011101000111010001100011101111010101101000')
DEBUG:root:Matched frame over all scan:1577

DEBUG:root:Errors over all scan:80

DEBUG:root:Result:tau3_fail
DEBUG:root:Match or Not:False
DEBUG:root:Real time1487888084.61

DEBUG:root:Extracted signature:bitarray('11000000111111100100110111011100001111110111000011111011001011111001100011110011001111001101111001101111011010011010011100111011110011100011100111101100011110011101100111110111011001011001101100111101101101011001001011100001101100001101000011010000101000101111010101101000')
DEBUG:root:Matched frame over all scan:1364

DEBUG:root:Errors over all scan:84

DEBUG:root:Result:tau3_fail
DEBUG:root:Match or Not:False
DEBUG:root:Real time1487888084.81

DEBUG:root:Extracted signature:bitarray('11000110001111111000110001111100001110011111000111001011101110011011100101100111000111011100111111100111110011111101111101111011110011101101110000001101101110000011101001100000111100111000011110110000011111100000111010010011101000010101001111001111101111101111010101101000')
DEBUG:root:Matched frame over all scan:903

DEBUG:root:Errors over all scan:75

DEBUG:root:Result:tau3_fail
DEBUG:root:Match or Not:False
DEBUG:root:Real time1487888085.01

DEBUG:root:Extracted signature:bitarray('11000111001111110000110001111101001100011111100111001011100110110011101101100111011111011101111111100111110011111101111101111011111011101100110000001100111110000001101001100000111100111000001110110000001101100000111010000001101000011101001111000111100111101111011101101000')
DEBUG:root:Matched frame over all scan:903

DEBUG:root:Errors over all scan:79

DEBUG:root:Result:tau3_fail
DEBUG:root:Match or Not:False
DEBUG:root:Real time1487888085.21

DEBUG:root:Extracted signature:bitarray('11100110001111110100110001111101001000011111000101111111100110111011101100111111000111111100011110000111110011111101111101011001101111101110110000001100111110000011101011100000111000110000011100110000011101100000111010000010101000010101001111000111101111101111010100101000')
DEBUG:root:Matched frame over all scan:2543

DEBUG:root:Errors over all scan:76

DEBUG:root:Result:tau3_fail
DEBUG:root:Match or Not:False
DEBUG:root:Real time1487888085.42

DEBUG:root:Extracted signature:bitarray('11100110001111110100110001111101001100011111000110111111101100110011101001100111001111011100011111000111110011111101111101111110010011101110100000001100111110000011101011100000111001110000001101110000011101100000111010000010101000010101001111001111101111101111010101111000')
DEBUG:root:Matched frame over all scan:903

DEBUG:root:Errors over all scan:77

DEBUG:root:Result:tau3_fail
DEBUG:root:Match or Not:False
DEBUG:root:Real time1487888085.62

DEBUG:root:Extracted signature:bitarray('10100011001111010100110001111101001000111111000110111111101100110001101001100111001111011101111011100111111011110001111001100110010010100110000000001100111100000011101111100000111001110000001101110000001101100000011011000001101000011101001111011111001111101111010010010000')
DEBUG:root:Matched frame over all scan:223

DEBUG:root:Errors over all scan:75

DEBUG:root:Result:tau3_fail
DEBUG:root:Match or Not:False
DEBUG:root:Real time1487888085.82

DEBUG:root:Extracted signature:bitarray('10100010001111110100110001111101001100011111000100111111101100110011101001100111001111001100111011100111110011110001111001100110010010101110000000001100111100000011101011100000111001110000001101110000011101100000111010000000101000010101001111011111001111101111011011010000')
DEBUG:root:Matched frame over all scan:223

DEBUG:root:Errors over all scan:75

DEBUG:root:Result:tau3_fail
DEBUG:root:Match or Not:False
DEBUG:root:Real time1487888086.02

DEBUG:root:Extracted signature:bitarray('11100110001111010100100011111101011000111111001100111111101100111001101001100111001111101101111101101111100011110001111001100110010010101110100000001100111100000011101011000000111001110000011101110000011101100000011011000000101000110101001111011111001111101111010010010000')
DEBUG:root:Matched frame over all scan:223

DEBUG:root:Errors over all scan:74

DEBUG:root:Result:tau3_fail
DEBUG:root:Match or Not:False
DEBUG:root:Real time1487888086.22

DEBUG:root:Extracted signature:bitarray('10100011001111010100110001111101001000111111000110111111101110110011101101100111001111011101111111100111110011111001111101111110010011100110000000001100111100000011101111100000111001110000011101110000011101100000011011000000101000011101001111011111101111101011010101110000')
DEBUG:root:Matched frame over all scan:1258

DEBUG:root:Errors over all scan:77

DEBUG:root:Result:tau3_fail
DEBUG:root:Match or Not:False
DEBUG:root:Real time1487888086.42

DEBUG:root:Extracted signature:bitarray('10100011001011110110010001111101001100010111001111000011001101110011001011100110001110000010001110000011110011111101111101011001101111100110010000001100111100000011101011100000111001110000011101110000011111100000111010000011101000010100011101001100101100101001010101101000')
DEBUG:root:Matched frame over all scan:903

DEBUG:root:Errors over all scan:86

DEBUG:root:Result:tau2_fail
DEBUG:root:Match or Not:False
DEBUG:root:Real time1487888086.62

DEBUG:root:Extracted signature:bitarray('11110001001101111110010001111101101100011101100111001110001111000010001111100100011111100011001100010011111011111101111101011001101111100110011000001100111100000011101111100000111101110000001101110000001111100000111111000001101000010101001101001110101100101001010101101000')
DEBUG:root:Matched frame over all scan:1733

DEBUG:root:Errors over all scan:86

DEBUG:root:Result:tau1_fail
DEBUG:root:Match or Not:False
DEBUG:root:Real time1487888086.82

DEBUG:root:Extracted signature:bitarray('11110011001101111110010001101101001100011011101110001110001111000110001111100100011111000011001100010011110011111101111101011001101111100110010000001100111100000011111011000000111101110000011101110000011111100000110110000001101000010101001101001110101100101001010101101000')
DEBUG:root:Matched frame over all scan:1733

DEBUG:root:Errors over all scan:86

DEBUG:root:Result:tau2_fail
DEBUG:root:Match or Not:False
DEBUG:root:Real time1487888087.02

DEBUG:root:Extracted signature:bitarray('11100011001100111100011001111101000110001111100011000110000011000110001110100100011111000001011101100111111011111101111110011001101111101100011000011101110011000011111000000000111110010000011110011000011100110000111011000011100110011101110011011100101100101001010101101000')
DEBUG:root:Matched frame over all scan:2563

DEBUG:root:Errors over all scan:88

DEBUG:root:Result:tau3_fail
DEBUG:root:Match or Not:False
DEBUG:root:Real time1487888087.22

DEBUG:root:Extracted signature:bitarray('11100111001100011100111001100010001110001110100011100111100011100111100110000111011001001101011101100111111011111101111101011001101111101100110000011101101100000011111010000000111110010000011101011000011101110000111011000011101100011100110111011100101100101001011101101000')
DEBUG:root:Matched frame over all scan:2246

DEBUG:root:Errors over all scan:81

DEBUG:root:Result:tau3_fail
DEBUG:root:Match or Not:False
DEBUG:root:Real time1487888087.42

DEBUG:root:Extracted signature:bitarray('10101101100001110111001100011101100011100111000000111001110000111001110001000011100100110010000110010011100011101101101111011101101100011111011100000101111001100000101110011100001011000111000101001111000101011011011001100100101000100101011111011111101110101101010101001000')
DEBUG:root:Matched frame over all scan:1936

DEBUG:root:Errors over all scan:93

DEBUG:root:Result:tau2_fail
DEBUG:root:Match or Not:False
DEBUG:root:Real time1487888087.62

DEBUG:root:Extracted signature:bitarray('10000001100000010000001110000010001011100000100101111100001101111000001011100000100110000010011100010111100011110001110011000100010000011101101100000101001101100000101111011100001011100110000101000111000101001100001010110000101010100101011001011100101100101001010101101000')
DEBUG:root:Matched frame over all scan:2081

DEBUG:root:Errors over all scan:81

DEBUG:root:Result:tau2_fail
DEBUG:root:Match or Not:False
DEBUG:root:Real time1487888087.82

DEBUG:root:Extracted signature:bitarray('10011001110011100111001110011101100111110010000110111101101000111100100001111000000111100001011100001111100111110011100011000100010000011111100110000101111000110000101110101100001010010010000101000011000101000110001010011000101001000101001101010000101000101001010101101000')
DEBUG:root:Matched frame over all scan:1444

DEBUG:root:Errors over all scan:84

DEBUG:root:Result:tau2_fail
DEBUG:root:Match or Not:False
DEBUG:root:Real time1487888088.02

DEBUG:root:Extracted signature:bitarray('10001111111000001001111110000000111101110000011111111100001110011100101000111001100111000100111000001111100100110011010010000100010000011011110011000100111110010000101111101100001011111010000101010011000101000111001010011000101011000101000001010010101000101001010101101000')
DEBUG:root:Matched frame over all scan:1596

DEBUG:root:Errors over all scan:68

DEBUG:root:Result:tau3_fail
DEBUG:root:Match or Not:False
DEBUG:root:Real time1487888088.22

DEBUG:root:Extracted signature:bitarray('10011111111000000011111111000000111111110000011111111000011110011000111000111000100111000000111000001101100110110011110010000100010000011011111011000100011111011000101111111110001011011111000101000001000101000011001010001100101101100101000101010000101000101001010101101000')
DEBUG:root:Matched frame over all scan:1596

DEBUG:root:Errors over all scan:79

DEBUG:root:Result:tau3_fail
DEBUG:root:Match or Not:False
DEBUG:root:Real time1487888088.42

DEBUG:root:Extracted signature:bitarray('11111111111000000111111111000001111111110000011111111000011011111000010001110000100111000001111100011001110100011111001111001100100101111011111011000100011111011000101111110110001011111011000101000001000101000011001010001100101001100101000001010001101000101001010101101000')
DEBUG:root:Matched frame over all scan:657

DEBUG:root:Errors over all scan:73

DEBUG:root:Result:tau3_fail
DEBUG:root:Match or Not:False
DEBUG:root:Real time1487888088.62

DEBUG:root:Extracted signature:bitarray('11111111111000000111111111000001111111110000011111111000011001111000010001110000100111000001111100001001111100011111001111001100100101111011111011000100011111011000101111111110001011111111000101000001000101000011001010001100101001100101000001010011101000101001010101101000')
DEBUG:root:Matched frame over all scan:629

DEBUG:root:Errors over all scan:72

DEBUG:root:Result:tau3_fail
DEBUG:root:Match or Not:False
DEBUG:root:Real time1487888088.82

DEBUG:root:Extracted signature:bitarray('11011111111000000111111111000001111111110000011111111000001011111000010001100000100111000010111100001001111110011111001111001100100101111011110011000100011111111000101111111100001011111111000101001011000101000011001010011100101011100101000001010011101000101001010001001000')
DEBUG:root:Matched frame over all scan:632

DEBUG:root:Errors over all scan:73

DEBUG:root:Result:tau2_fail
DEBUG:root:Match or Not:False
DEBUG:root:Real time1487888089.02

DEBUG:root:Extracted signature:bitarray('11111111111000001111111111000001111111110000011111111000001001111000010001110000100111000001111100001001111100011111001110011001101101110011111011000100111111110000101111111100001011011110000101000001000101000010001010001100101101100101000011010001101000101001010101101000')
DEBUG:root:Matched frame over all scan:629

DEBUG:root:Errors over all scan:74

DEBUG:root:Result:tau3_fail
DEBUG:root:Match or Not:False
DEBUG:root:Real time1487888089.22

DEBUG:root:Extracted signature:bitarray('11111111111000001111111111100001111111111000011011111000011001110000010001100000101111000001111100001111100111011011010011000100010000011011111011000101111111011000101111111110001011011101100101000001100101000011001010001100101101100101000111010011101000101000010001001000')
DEBUG:root:Matched frame over all scan:1943

DEBUG:root:Errors over all scan:83

DEBUG:root:Result:tau3_fail
DEBUG:root:Match or Not:False
DEBUG:root:Real time1487888089.42

DEBUG:root:Extracted signature:bitarray('11011111111000001111111111000101111111110000011111111000001111111000001001100000100110000011110001101101111010011101011110001100101101111011110011000101111110011000101111110110001011111011000101010011100101000011001010001100101101100101001111010011101001101001010001101000')
DEBUG:root:Matched frame over all scan:629

DEBUG:root:Errors over all scan:55

DEBUG:root:Result:replica detected
DEBUG:root:Match or Not:True
DEBUG:root:Real time1487888089.62

DEBUG:root:Extracted signature:bitarray('11011111111100000011111011100001111100111000011101111100001100011110001000111100100110000010110000011100000110000011000010000100010000011011111001100101011111001100101111110011001011111101100101010001100101000011001010101100101101100101001001010000101000101000010001001000')
DEBUG:root:Matched frame over all scan:1430

DEBUG:root:Errors over all scan:72

DEBUG:root:Result:tau3_fail
DEBUG:root:Match or Not:False
DEBUG:root:Under real time Point counter:0.231942176819

DEBUG:root:Extracted signature:bitarray('11011111011100001011111011100001111110111000011111011100001100011110001000101110000110000001110000111100001110001111000110001100100100011011111011100101011111011100101111110011001011011101100101010001100101000011101010100110101100100101001001010010101000101000010001001000')
DEBUG:root:Matched frame over all scan:577

DEBUG:root:Errors over all scan:80

DEBUG:root:Result:tau3_fail
DEBUG:root:Match or Not:False
DEBUG:root:Real time1487888090.06

DEBUG:root:Extracted signature:bitarray('11001111011100000011111011100001111110111000011111011100001110011100101100111100100011110000111000011100000110000111000110000100010000011011111011000101111111011000101111110111001011111001100101011001100101000111001010001100101101100101011001010100101000101001010001001000')
DEBUG:root:Matched frame over all scan:1429

DEBUG:root:Errors over all scan:74

DEBUG:root:Result:tau3_fail
DEBUG:root:Match or Not:False
DEBUG:root:Real time1487888090.26

DEBUG:root:Extracted signature:bitarray('11001111011100000011111011100001111110111000011110011100101110011100001000111100100011110000111100011110000111000011100011000110010010011011111011000101111111011000101111110111001011111001100101011001100101000011001010001110101101100101011001010100101000101000010001001000')
DEBUG:root:Matched frame over all scan:685

DEBUG:root:Errors over all scan:76

DEBUG:root:Result:tau3_fail
DEBUG:root:Match or Not:False
DEBUG:root:Real time1487888090.46

DEBUG:root:Extracted signature:bitarray('11001111111100001111111111100001111011111000010011111100011000011100010000111000100111110000111100001111000110000010000011000100010000011011111011000101111111011100101111110111001011111001100101011001100101000011001010101110101101110101001001010000101000101000010001001000')
DEBUG:root:Matched frame over all scan:1934

DEBUG:root:Errors over all scan:78

DEBUG:root:Result:tau3_fail
DEBUG:root:Match or Not:False
DEBUG:root:Real time1487888090.66

DEBUG:root:Extracted signature:bitarray('11001111111000000011111111100001111111111000011111011100101111011100011100111000100011110000111110001111100100010010010011100110010000011011111111000101111111011000101111110111001011111001100101011001100101000111001010001100101101110101011001010100101000101000110001001000')
DEBUG:root:Matched frame over all scan:2406

DEBUG:root:Errors over all scan:72

DEBUG:root:Result:tau3_fail
DEBUG:root:Match or Not:False
DEBUG:root:Real time1487888090.86

DEBUG:root:Extracted signature:bitarray('11001111111100001011111111000001111000111000011110011100001110011100001000111000000011100000011000000000000100000010000010000100010000011111100011000101111000011000101110000110001011001011100101011001000101000110001010011000101111100101111001011100101100101001010001001000')
DEBUG:root:Matched frame over all scan:1429

DEBUG:root:Errors over all scan:69

DEBUG:root:Result:replica detected
DEBUG:root:Match or Not:True
DEBUG:root:Real time1487888091.06

DEBUG:root:Extracted signature:bitarray('11011111111000000111111111010001111111110110011111110011101101110011101011100111011100111101100111101101100111100011000010011011101111111011111100000101011111100000101111111100001011101111000101000111100101000111101010001111101000111101000011010000101000101001010101101000')
DEBUG:root:Matched frame over all scan:2413

DEBUG:root:Errors over all scan:81

DEBUG:root:Result:tau3_fail
DEBUG:root:Match or Not:False
DEBUG:root:Real time1487888091.26

DEBUG:root:Extracted signature:bitarray('10011111111111100111111011111101111110011111011110011111101100111111100001111111010111110000011111000111111011111101111101111001101111110111111100001101111111100001101111110001001011111001100101000001100101001001001010000110101000110101011101011100101110101001001100111000')
DEBUG:root:Matched frame over all scan:2424

DEBUG:root:Errors over all scan:66

DEBUG:root:Result:tau3_fail
DEBUG:root:Match or Not:False
DEBUG:root:Real time1487888091.46

DEBUG:root:Extracted signature:bitarray('10111111111011100111111111111101111110011111011111001111101110001111101100111111010011110001011110000111110011111101111101011001100100011011111110001101011111100001101111110001101011111001100101110001100101000011001010001100101001110101011101011100101110101101011100100000')
DEBUG:root:Matched frame over all scan:2389

DEBUG:root:Errors over all scan:62

DEBUG:root:Result:tau3_fail
DEBUG:root:Match or Not:False
DEBUG:root:Real time1487888091.66

DEBUG:root:Extracted signature:bitarray('11111111111111101111111111111101110110011111011111001111101110011111101100111111011111110001001110000011110001111001110001100110010000011011111110001101011111100001101111110000101011111001100101110001100101000011001010001100101001110101011101011110101110101101010000000000')
DEBUG:root:Matched frame over all scan:2382

DEBUG:root:Errors over all scan:56

DEBUG:root:Result:tau3_fail
DEBUG:root:Match or Not:False
DEBUG:root:Real time1487888091.86

DEBUG:root:Extracted signature:bitarray('10011111111111100011111101111101111110011111011111001111101110001111101000111110011111100001001110000011110001111001110001100110010000011011111110001101011111100001101111110000101011111001100101110001100101000011001010001100101001110101011101011100101110101101010011001000')
DEBUG:root:Matched frame over all scan:2382

DEBUG:root:Errors over all scan:64

DEBUG:root:Result:tau3_fail
DEBUG:root:Match or Not:False
DEBUG:root:Real time1487888092.06

DEBUG:root:Extracted signature:bitarray('11111111111111101111111111111101111111011111011111001111101110001111001000111100011111110001001110000011110001111001111100011001101111111011111110001101011111100001101111110000101011111000100101110001100101000011001010001100101001110101011101011110101110101101010101101000')
DEBUG:root:Matched frame over all scan:2424

DEBUG:root:Errors over all scan:65

DEBUG:root:Result:tau3_fail
DEBUG:root:Match or Not:False
DEBUG:root:Real time1487888092.26

DEBUG:root:Extracted signature:bitarray('11111111111111101111111111111101111111011110011101111111001001111111000011111100001111110001111111101100111000011100001100011001101111111011111110000101011111000110101111110001101011011101110101001100110101001011101001101110101101100101001001010010101000101001010101101000')
DEBUG:root:Matched frame over all scan:2420

DEBUG:root:Errors over all scan:61

DEBUG:root:Result:tau3_fail
DEBUG:root:Match or Not:False
DEBUG:root:Real time1487888092.46

DEBUG:root:Extracted signature:bitarray('11011111111111001111111011111001111100111110011110011111001100011111001000011111001110111101110011001111111000111100111101111011111111110111111101010101111111001100101111100111001011110010000101110010000101100000001011000000101100000101000001010000101000001000011001001000')
DEBUG:root:Matched frame over all scan:1623

DEBUG:root:Errors over all scan:74

DEBUG:root:Result:tau3_fail
DEBUG:root:Match or Not:False
DEBUG:root:Real time1487888092.66

DEBUG:root:Extracted signature:bitarray('11111111011111101111111001111101111110011110011111111111001100111111101000111110011101111101100111101001111001111101111101111011111111111011111110011101111111100011101111110000111011101100010101100011000101000011001010001100101000100101000001010000101000001000011001001000')
DEBUG:root:Matched frame over all scan:1623

DEBUG:root:Errors over all scan:68

DEBUG:root:Result:tau3_fail
DEBUG:root:Match or Not:False
DEBUG:root:Real time1487888092.86

DEBUG:root:Real time1487888093.06

DEBUG:root:Extracted signature:bitarray('11111111111111001111111111111001111111011110011111100111001111100111001011001110001100111101100001100011111011111101111101111011101111110011111110010101111111100010101111110001101011111000110101111000110101110000001011000000101000000101011001011111101011101111011001001000')
DEBUG:root:Matched frame over all scan:2420

DEBUG:root:Errors over all scan:67

DEBUG:root:Result:tau3_fail
DEBUG:root:Match or Not:False
DEBUG:root:Real time1487888093.26

DEBUG:root:Extracted signature:bitarray('11111111111111001111111111111001111111011110011111101111101110100111100001000111001100001101100001111000111011111101111100111011101111110111111110000101111111100010101111111000101011111000000101111000000101110000001011000000101000000101000001011010101001101011001101101000')
DEBUG:root:Matched frame over all scan:873

DEBUG:root:Errors over all scan:78

DEBUG:root:Result:tau3_fail
DEBUG:root:Match or Not:False
DEBUG:root:Real time1487888093.46

DEBUG:root:Extracted signature:bitarray('11011111111111001011111111111000111111111111011111110111101111100111100011000111011100010001111110001111111011100011000010001001101111111011111110010101011111100011101111110000111011111000010101111000100101110000001010000010101100110101101101011110101000101001010101101000')
DEBUG:root:Matched frame over all scan:2379

DEBUG:root:Errors over all scan:72

DEBUG:root:Result:tau3_fail
DEBUG:root:Match or Not:False
DEBUG:root:Real time1487888093.66

DEBUG:root:Extracted signature:bitarray('11111111111111001111111111111101111111111111011111101111101111100011100111000100001100110001111111101111111010000110000010001001101111111011111110010101111111100011101111110000111011111000000101111000000101110000001010000010101000110101001101010000101000101001010101101000')
DEBUG:root:Matched frame over all scan:2406

DEBUG:root:Errors over all scan:70

DEBUG:root:Result:tau3_fail
DEBUG:root:Match or Not:False
DEBUG:root:Real time1487888093.86

DEBUG:root:Extracted signature:bitarray('11111111111111001111111111011101111111110111011111100011101111100011101111000100101110011101111111101000111100000010000010001101101111110011111110011101111111100011101111110000111011111000000101111000000101100000001010000110101000111101000101010000101000101001010101101000')
DEBUG:root:Matched frame over all scan:2406

DEBUG:root:Errors over all scan:79

DEBUG:root:Result:tau3_fail
DEBUG:root:Match or Not:False
DEBUG:root:Real time1487888094.06

DEBUG:root:Extracted signature:bitarray('11111100011111001111100001111001110000011110011010011111101111011111001000111100000111111000011111000111110011110001111001110011101101000011011111000010011111111000000111110111000001111011110000111111110000111111111001111111101000111001001110010110000111101111011110110000')
DEBUG:root:Matched frame over all scan:1609

DEBUG:root:Errors over all scan:69

DEBUG:root:Result:tau3_fail
DEBUG:root:Match or Not:False
DEBUG:root:Real time1487888094.26

DEBUG:root:Extracted signature:bitarray('11111110011111001111100001111001110000011110011111001111101111011111001100111100000111111000011111000111110011110001111001111011111111100010011111000000010111111100000111101111100001111111110000111111111000111101110001110111001000111001001110010111001111101111011101110000')
DEBUG:root:Matched frame over all scan:1610

DEBUG:root:Errors over all scan:64

DEBUG:root:Result:tau3_fail
DEBUG:root:Match or Not:False
DEBUG:root:Real time1487888094.47

DEBUG:root:Extracted signature:bitarray('11111100011111001111100001111001110000011110011111001111001111011111001000111100000111111000111111000111110011111001111001110011111111100011000111100000011110111100000111100111100001111111111000111111011000111111110001110111001100111001001110010111001111101111011101010000')
DEBUG:root:Matched frame over all scan:2517

DEBUG:root:Errors over all scan:66

DEBUG:root:Result:tau3_fail
DEBUG:root:Match or Not:False
DEBUG:root:Real time1487888094.67

DEBUG:root:Extracted signature:bitarray('11111100011111001111100001111001111000011110011111001111001111011111001000111110000111111000111111001111110011111001111101111011111111100010110111100000010110111110000111110111110001111110011000111111011000111111110001110011001100111001001110010111001111101111011111010000')
DEBUG:root:Matched frame over all scan:2460

DEBUG:root:Errors over all scan:64

DEBUG:root:Result:tau3_fail
DEBUG:root:Match or Not:False
DEBUG:root:Real time1487888094.87

DEBUG:root:Extracted signature:bitarray('11111100011111001111100001111001111000011110011111001111101110011111101000111110000111111001111111101111110011111101111101111011111111100010110111100000010110011100000111110011110001111110111000011110011000111101110001110011001000111001001110010111001111101111011101011000')
DEBUG:root:Matched frame over all scan:2460

DEBUG:root:Errors over all scan:68

DEBUG:root:Result:tau3_fail
DEBUG:root:Match or Not:False
DEBUG:root:Real time1487888095.07

DEBUG:root:Extracted signature:bitarray('11111100011100001111000011110001110100111110011111011111101110011111001001111100000111110000111111001111110001111001111101111011111011110011000111000000011110011100000111110111100001111111111000111110111000111101110001100111001000111001001110011111001111101111011101010000')
DEBUG:root:Matched frame over all scan:2497

DEBUG:root:Errors over all scan:68

DEBUG:root:Result:tau3_fail
DEBUG:root:Match or Not:False
DEBUG:root:Real time1487888095.27

DEBUG:root:Extracted signature:bitarray('11111111011100001111110011110000111100111110011111111111101111111111101101111110000111111001111111001111110001111001111101111011101111110011000111000001011110011100000111110111110001111110111001111110111000111101110011100111001000111001001110011111001111101111011101011000')
DEBUG:root:Matched frame over all scan:2460

DEBUG:root:Errors over all scan:55

DEBUG:root:Result:tau3_fail
DEBUG:root:Match or Not:False
DEBUG:root:Real time1487888095.47

DEBUG:root:Extracted signature:bitarray('11111110111100001110111111110000101111111110011111111111101111111111101111111111011111111101111111101111111011111001111101111011101111110010110111100001010110011110000111110111110001111110011001111110011001111101110011100111001000111001011110011111001111101111011001001000')
DEBUG:root:Matched frame over all scan:2438

DEBUG:root:Errors over all scan:46

DEBUG:root:Result:tau3_fail
DEBUG:root:Match or Not:False
DEBUG:root:Real time1487888095.67

DEBUG:root:Extracted signature:bitarray('11110110111100001110110111110000101111111110011111111111101111111111101111111111011111111101111111101111111011111101111101111011101111110010110011100001010110011110000111110111110001111110011001111110111001111001110011000111001001111001011110011111001011101111011001001000')
DEBUG:root:Matched frame over all scan:2438

DEBUG:root:Errors over all scan:49

DEBUG:root:Result:tau3_fail
DEBUG:root:Match or Not:False
DEBUG:root:Real time1487888095.87

DEBUG:root:Extracted signature:bitarray('11110110111100001110110111110000101111111110011111111111101111111111101111111111011111111101111111101111111011111101111101111011101111110011110011100001010110011110000111110111110001111110111001111110111001111001110011000111001001111001011110011111001011101111011001001000')
DEBUG:root:Matched frame over all scan:2438

DEBUG:root:Errors over all scan:47

DEBUG:root:Result:tau3_fail
DEBUG:root:Match or Not:False
DEBUG:root:Real time1487888096.07

DEBUG:root:Extracted signature:bitarray('11110110111100001110110111110000101111111110011111110111101111111111101111111111010111111101111111101111111011111101111101111011101101010010110011100101010111011100100111110100111001111110011001111110011001111000110011000111001001111001111100010111001011101110011001001000')
DEBUG:root:Matched frame over all scan:2433

DEBUG:root:Errors over all scan:54

DEBUG:root:Result:tau3_fail
DEBUG:root:Match or Not:False
DEBUG:root:Real time1487888096.27

DEBUG:root:Extracted signature:bitarray('11110110011110001110010011110000100111100110011111110011101111111111101111111111000111111100111111101111111011111101111101111011101100010010010011110101010111010111100111110100111001111010011001111110011001111000110011000111001000111001101110010111001011101110011001001000')
DEBUG:root:Matched frame over all scan:2432

DEBUG:root:Errors over all scan:63

DEBUG:root:Result:tau3_fail
DEBUG:root:Match or Not:False
DEBUG:root:Real time1487888096.47

DEBUG:root:Extracted signature:bitarray('11110110011110001110010001111000100110001111011111000111101111011111101111111111000111111100111111101111111011111101111101111011101000010010010011110101010111001111100111110000111001111000011001111100011001110000110011000011001010111001101110010111001011001110010001001000')
DEBUG:root:Matched frame over all scan:2432

DEBUG:root:Errors over all scan:70

DEBUG:root:Result:tau3_fail
DEBUG:root:Match or Not:False
DEBUG:root:Real time1487888096.67

DEBUG:root:Extracted signature:bitarray('11100011111001011100011111001101100011110000110000111000011000011000011000000000100000000010000000010000000100000010000011000100010000001110000011001010110000111000010100000110000110010000000011110000000011100000000110000000011000000011000000110000011000011000110011001000')
DEBUG:root:Matched frame over all scan:1942

DEBUG:root:Errors over all scan:70

DEBUG:root:Result:tau1_fail
DEBUG:root:Match or Not:False
DEBUG:root:Real time1487888096.87

DEBUG:root:Extracted signature:bitarray('11111110111111101111111111111101111111111111011111111111101111111111101111101111011111111101111111101111111011111101111101111011101101111011110110010101011111101110101111111000001011111100000101111000000101110000001010000000101000000101000001010000101000101001010101101000')
DEBUG:root:Matched frame over all scan:1623

DEBUG:root:Errors over all scan:52

DEBUG:root:Result:tau3_fail
DEBUG:root:Match or Not:False
DEBUG:root:Real time1487888097.07

DEBUG:root:Extracted signature:bitarray('11111111111111001111111111111101111111111110011111111111001111110111101111101111011110111101101111101001111011111101111101111011101111111011111110000101011111101000101111111000001011111100000101111000000101000000001010000000101000000101000001010110101110101101010101101000')
DEBUG:root:Matched frame over all scan:1623

DEBUG:root:Errors over all scan:63

DEBUG:root:Result:tau3_fail
DEBUG:root:Match or Not:False
DEBUG:root:Real time1487888097.27

DEBUG:root:Extracted signature:bitarray('11111111111111001111111111111101111111111111011111111111101100111111101001111111001111111101111111101111110011111101111101111011101111110011111100000101111111000000101111110000001011110000001101100000000101000000001010000001101000111101011101011100101100001000010001001000')
DEBUG:root:Matched frame over all scan:1623

DEBUG:root:Errors over all scan:65

DEBUG:root:Result:tau3_fail
DEBUG:root:Match or Not:False
DEBUG:root:Real time1487888097.47

DEBUG:root:Extracted signature:bitarray('11111111111111001011111111111101111111111111011111111111101110111111100111111111011111111101111111001111110011111101111101111011101111110011111100000101111111100000101111110000001011111000001101000000001101000000111011000010101110110101111101011110101100001000010001000000')
DEBUG:root:Matched frame over all scan:2425

DEBUG:root:Errors over all scan:53

DEBUG:root:Result:tau3_fail
DEBUG:root:Match or Not:False
DEBUG:root:Real time1487888097.68

DEBUG:root:Extracted signature:bitarray('11111111111111001111111111111001111111111111011111111111101110111111101001111111001111111101111111101111110011111101111101111011101111111011111110000101111111100000101111110000001011111000000101110000000101000000111010000011101000110101001001010000101000001000010001000000')
DEBUG:root:Matched frame over all scan:1623

DEBUG:root:Errors over all scan:59

DEBUG:root:Result:tau3_fail
DEBUG:root:Match or Not:False
DEBUG:root:Real time1487888097.88

DEBUG:root:Extracted signature:bitarray('11111111111111001111111101111101111110111111011111010111101111000111101111001111011100111001110111001111110011111101111101111011101111111011111100000101011111000000101111110000101011111000000101111000000101110000001011000000101000000101000001010000101000001000010001001000')
DEBUG:root:Matched frame over all scan:1623

DEBUG:root:Errors over all scan:68

DEBUG:root:Result:tau3_fail
DEBUG:root:Match or Not:False
DEBUG:root:Real time1487888098.08

DEBUG:root:Real time1487888098.28

DEBUG:root:Real time1487888098.48

DEBUG:root:Real time1487888098.68

DEBUG:root:Real time1487888098.88

DEBUG:root:Real time1487888099.08

DEBUG:root:Real time1487888099.28

DEBUG:root:Real time1487888099.48

DEBUG:root:Extracted signature:bitarray('10011000001110011010001000111110000101001111000000001111100000001111100111101111011110011101110111001101111000011100111101111011101101110011011000010010111011000111010001110001110100110000111010110001111010111100110011100011011000110011001100100110011110011100011001000000')
DEBUG:root:Matched frame over all scan:1628

DEBUG:root:Errors over all scan:70

DEBUG:root:Result:tau3_fail
DEBUG:root:Match or Not:False
DEBUG:root:Real time1487888099.68

DEBUG:root:Extracted signature:bitarray('10011000001110011010001100111111000011001111100000000111010000001111000111101111011110011101110111001101101000011100111101111011101100000011011000010110111011000111010001100001110100110001111010110001111010111100110011100011001000110011001100100110010110011100011011010000')
DEBUG:root:Matched frame over all scan:1628

DEBUG:root:Errors over all scan:74

DEBUG:root:Result:tau3_fail
DEBUG:root:Match or Not:False
DEBUG:root:Under real time Point counter:0.231101036072

DEBUG:root:Extracted signature:bitarray('10011000001110010010001100011010000011001111100000000111010000001111000111111111011110011101110111001101111000011100111101111011101100000011011000010010111011000011010001100001110100110000111010110001111010111000110011100011001000110011101100100110010110011110011001010000')
DEBUG:root:Matched frame over all scan:1628

DEBUG:root:Errors over all scan:75

DEBUG:root:Result:tau3_fail
DEBUG:root:Match or Not:False
DEBUG:root:Real time1487888100.12

DEBUG:root:Extracted signature:bitarray('10010011011100010010001100010010100111001111100010000111010000001111000111111111011110011101110111001101111000011100111101111011101100100011011000000010111011000011010001100001110100110000111010110001111010111000110011100011001000110011001100100110010110011110011001010000')
DEBUG:root:Matched frame over all scan:1628

DEBUG:root:Errors over all scan:81

DEBUG:root:Result:tau3_fail
DEBUG:root:Match or Not:False
DEBUG:root:Real time1487888100.32

DEBUG:root:Extracted signature:bitarray('10010011001000010010011100000010000111000111110000000111010000001111000111011111011110011101110111001101111000011100111101111011101100010011011000000110111011000001110001100000110100110000111010110001111010111000110011100011001000110011001100101110010110011110011011010000')
DEBUG:root:Matched frame over all scan:1632

DEBUG:root:Errors over all scan:83

DEBUG:root:Result:tau3_fail
DEBUG:root:Match or Not:False
DEBUG:root:Real time1487888100.52

DEBUG:root:Extracted signature:bitarray('10000010010000010000011110000010000111000110100010000111010000001111000111111111011110011101110111001101111000011100111101111011101100100011011000000110111011000001110001100000110100110000111010110001111010111000110011100011001000110011001100101110010111011110011001010000')
DEBUG:root:Matched frame over all scan:1633

DEBUG:root:Errors over all scan:79

DEBUG:root:Result:tau3_fail
DEBUG:root:Match or Not:False
DEBUG:root:Real time1487888100.72

DEBUG:root:Extracted signature:bitarray('10000010010000010000010110000010000101100111110010000111010000001111000111101111011110011101110111101101111000011100111101111011101100100011011100000110111011000001110001100000110100110000111010110001111010111000110011100011001000110010001100101110010110011100011001010000')
DEBUG:root:Matched frame over all scan:1633

DEBUG:root:Errors over all scan:76

DEBUG:root:Result:tau3_fail
DEBUG:root:Match or Not:False
DEBUG:root:Real time1487888100.92

DEBUG:root:Extracted signature:bitarray('10010000110000010010001110000010100011100110110000010111010000011111000111101111011110011101110111101101111000011100111101111011101100100111011110000110110111000001110001100000110100110000111010110001111010111000110011100111001000110010001100101110011110011100111011000000')
DEBUG:root:Matched frame over all scan:1635

DEBUG:root:Errors over all scan:72

DEBUG:root:Result:replica detected
DEBUG:root:Match or Not:True
DEBUG:root:Real time1487888101.12

DEBUG:root:Extracted signature:bitarray('10010000110100010010001110000010100011100010110000010111010000001111000111101111011110011101110111101101111000011100111101111011101100100011011110000110111011000000110001100000011100110000111010110001111010111000110011100011001000110010001100101110010110011110011011010000')
DEBUG:root:Matched frame over all scan:1635

DEBUG:root:Errors over all scan:70

DEBUG:root:Result:tau3_fail
DEBUG:root:Match or Not:False
DEBUG:root:Real time1487888101.32

DEBUG:root:Extracted signature:bitarray('10010010111000010010011110000010000111000110110010000110010000001111000111101111011110011101110111101101111000011100111101111011101100000011011110000110110111110000110001100000011100110000111010110001111010111100110011100011001000110010001100101110010110011110011011010000')
DEBUG:root:Matched frame over all scan:1633

DEBUG:root:Errors over all scan:73

DEBUG:root:Result:tau3_fail
DEBUG:root:Match or Not:False
DEBUG:root:Real time1487888101.52

DEBUG:root:Extracted signature:bitarray('10000010011000010010011110000010000111100110110000010110010000001111000111001111011110011101110111101101111000011100111101111011101100100011011110000010111011110000110001100000011100110000111010110001111010111000110011100011001000110010001100101111010111011110011011010000')
DEBUG:root:Matched frame over all scan:1639

DEBUG:root:Errors over all scan:72

DEBUG:root:Result:tau3_fail
DEBUG:root:Match or Not:False
DEBUG:root:Real time1487888101.72

DEBUG:root:Extracted signature:bitarray('10000011011100010010011110000010000111100110110000010111010000011111000111101111011110011101110111101101111000011100111101111011101100100011011110000010111011110000010001110000000100110001111010010001111010111100110011100011001000110010001100101111010111011110011001000000')
DEBUG:root:Matched frame over all scan:1633

DEBUG:root:Errors over all scan:70

DEBUG:root:Result:tau3_fail
DEBUG:root:Match or Not:False
DEBUG:root:Real time1487888101.92

DEBUG:root:Extracted signature:bitarray('10000010011000010010011110000010000111100010110000000110010000001111000111001111011110011101110111101101111000011100111101111011101100100011011110000010111011110000110001100000000100110001111010010001111010111000110011100011001000110010001100101111010111011110011011010000')
DEBUG:root:Matched frame over all scan:1633

DEBUG:root:Errors over all scan:72

DEBUG:root:Result:tau3_fail
DEBUG:root:Match or Not:False
DEBUG:root:Real time1487888102.12

DEBUG:root:Extracted signature:bitarray('10010010111000010010011110000010000111100010110010000110010000001111000111001111011110011101110111001101111000011100111101111011101100100011011100000010111011110000010001100000000100110001111010010001111010111000110011100011001000110010001100101111010111011110011001010000')
DEBUG:root:Matched frame over all scan:1635

DEBUG:root:Errors over all scan:75

DEBUG:root:Result:tau3_fail
DEBUG:root:Match or Not:False
