DEBUG:root:Under real time Point counter:2.78949737549e-05

DEBUG:root:Extracted signature:bitarray('11000110000001011000110000111110001100001111100110000011110110000001101100000011110000001110000000011000000101001111001111011110110000010000110110000111000110110000101001111100011000111100000101111100000101101100001100110000110110000110001000101111010001010010101100100000')
DEBUG:root:Matched frame over all scan:171

DEBUG:root:Errors over all scan:86

DEBUG:root:Result:tau2_fail
DEBUG:root:Match or Not:False
DEBUG:root:Under real time Point counter:0.231439113617

DEBUG:root:Extracted signature:bitarray('11000111100001011000110000111010001100001111100111000111110111000011101110001110110000011010000000011100000111000111100011000100010000011000011010000111000111011000101001110110001000111011000101111001100101110011001101010000110110000110110000101000010101010010101100100000')
DEBUG:root:Matched frame over all scan:1584

DEBUG:root:Errors over all scan:83

DEBUG:root:Result:tau3_fail
DEBUG:root:Match or Not:False
DEBUG:root:Real time1487951096.77

DEBUG:root:Extracted signature:bitarray('11000111000001011000110000111010001100001111100110000111110110000111101100001111110000111110000011110000000101100011100010000100000000010000111110000111000110011000101001100110001000110001100101110001101101100000011000000001100000001100000001100100110100110000100110101000')
DEBUG:root:Matched frame over all scan:1266

DEBUG:root:Errors over all scan:69

DEBUG:root:Result:tau3_fail
DEBUG:root:Match or Not:False
DEBUG:root:Real time1487951096.97

DEBUG:root:Extracted signature:bitarray('11000111000001111000110000111110001100001111100110000111110110000111101100001111110000011110000011010000000101000011000010000100010000010000110110000111000110011000101001100110001000110001100101110001100101100000001000000000110000000100000001110000111000110001100010010000')
DEBUG:root:Matched frame over all scan:1266

DEBUG:root:Errors over all scan:69

DEBUG:root:Result:tau3_fail
DEBUG:root:Match or Not:False
DEBUG:root:Real time1487951097.17

DEBUG:root:Extracted signature:bitarray('11000111100001011000110000011010001100001111100110000111110110000111101100001111110000011110000011010000000101000011000010000100010000010000111110000111000110011000101001100110001000110001100101110001100101110000001011000000110000000110000001110000111000110001100010010000')
DEBUG:root:Matched frame over all scan:1266

DEBUG:root:Errors over all scan:68

DEBUG:root:Result:replica detected
DEBUG:root:Match or Not:True
DEBUG:root:Real time1487951097.37

DEBUG:root:Extracted signature:bitarray('11000011100000011000001100110010000011001100100001000111110000000111100100000111111000011010001100010010000110000010000010000100111100010000001100000101000001100100101000011000101110001100011101100000011101000000001010000000110000000110000011100011100001110001101110110000')
DEBUG:root:Matched frame over all scan:728

DEBUG:root:Errors over all scan:69

DEBUG:root:Result:tau3_fail
DEBUG:root:Match or Not:False
DEBUG:root:Real time1487951097.57

DEBUG:root:Extracted signature:bitarray('11000011100000011000011100110010000011001100100011000111010011000111111110000111111000011111000011110000111011000011000010001001101111111000011100000111000011100000101000110000001110011000010101011000001101110000011011000001111000001100000001001000100100110110101010010000')
DEBUG:root:Matched frame over all scan:247

DEBUG:root:Errors over all scan:79

DEBUG:root:Result:tau3_fail
DEBUG:root:Match or Not:False
DEBUG:root:Real time1487951097.77

DEBUG:root:Extracted signature:bitarray('10011000000100010011000100100011100001000000100000110000010000000000110000000011100000000110000000010010000111000011000010000100010000000000000001110010000000011110010000000111100100000011111010000011100010000111000000111100001111100100111111011111101111101111011101000000')
DEBUG:root:Matched frame over all scan:1269

DEBUG:root:Errors over all scan:62

DEBUG:root:Result:tau3_fail
DEBUG:root:Match or Not:False
DEBUG:root:Real time1487951097.97

DEBUG:root:Extracted signature:bitarray('10011000000100010011000100000011100001000000100000110000010000010000110000000011100000000110000000010010000101100011100011000100010000000000000001110010000000011110010000000111100100000011100010000011100010001111000000111100001111100000111111011111101011101011011101000000')
DEBUG:root:Matched frame over all scan:1269

DEBUG:root:Errors over all scan:70

DEBUG:root:Result:tau3_fail
DEBUG:root:Match or Not:False
DEBUG:root:Real time1487951098.17

DEBUG:root:Extracted signature:bitarray('10011000000000010011000100100011100001100000110000110000010000010000110000000011100000001110000000010110000111000011000010000100010000000000000001110010000000011110010000000111100100000011110010000011100010000111000000111100001111100100111111011111101111101111011101010000')
DEBUG:root:Matched frame over all scan:1269

DEBUG:root:Errors over all scan:64

DEBUG:root:Result:tau3_fail
DEBUG:root:Match or Not:False
DEBUG:root:Real time1487951098.37

DEBUG:root:Extracted signature:bitarray('10011000000000010010000100100011100001100000110000110000010000000000010000000011100100001110110000011110000111000011000010000100010000000000000001110010000000001110010000000111100100000011110010000011100010000111000100011100001111100100111011011111101111101111011101000000')
DEBUG:root:Matched frame over all scan:1269

DEBUG:root:Errors over all scan:64

DEBUG:root:Result:tau3_fail
DEBUG:root:Match or Not:False
DEBUG:root:Real time1487951098.57

DEBUG:root:Extracted signature:bitarray('10011000000100010011000100000011100001000000100000110000010000000000010000000110100110000010110000011110000111100011100011000100010000000000000001110010000000001110010000000111100100000011110010000011100110000111001000011100001111100100111111011111101011101011011101000000')
DEBUG:root:Matched frame over all scan:1274

DEBUG:root:Errors over all scan:68

DEBUG:root:Result:tau3_fail
DEBUG:root:Match or Not:False
DEBUG:root:Real time1487951098.77

DEBUG:root:Extracted signature:bitarray('10011000000000010010000100000011100001000000100000110000010000000000110000011000100111100010110010011111100011110011100011000100010000000000000001110010000000001110010000000111100100000011110010000011100010000111001000011100001111100100111111011111101011101011011101000000')
DEBUG:root:Matched frame over all scan:1274

DEBUG:root:Errors over all scan:69

DEBUG:root:Result:tau3_fail
DEBUG:root:Match or Not:False
DEBUG:root:Real time1487951098.97

DEBUG:root:Extracted signature:bitarray('10011000000100010011000100000011100001000000110000110000010000000000110000000011100100001010110001001111011011101101000110000100010000000000000001110010000000001110010000000111100100000011111010000011100010000111001100011100000111100100111011011111101001101011011101000000')
DEBUG:root:Matched frame over all scan:1276

DEBUG:root:Errors over all scan:75

DEBUG:root:Result:tau3_fail
DEBUG:root:Match or Not:False
DEBUG:root:Real time1487951099.17

DEBUG:root:Extracted signature:bitarray('10011000000100010010000100100011100001000000110000110000010000000000110000000011100100011101100001000110000111000011000010000100010000000000000001110010000000001110010000000011100100000011111010000011100010000111001000011100001011100100111111001111101011101011011101000000')
DEBUG:root:Matched frame over all scan:1269

DEBUG:root:Errors over all scan:67

DEBUG:root:Result:tau3_fail
DEBUG:root:Match or Not:False
DEBUG:root:Real time1487951099.37

DEBUG:root:Extracted signature:bitarray('11000111000111111000010010111110000101111111100011111110000011111110001111111111011110011101110000011000011100001111001111001101101101010000011111111010000001111111010000111111110100011111110000011110110001111100100011111000101110000101100000010000011000011000101100100000')
DEBUG:root:Matched frame over all scan:1394

DEBUG:root:Errors over all scan:84

DEBUG:root:Result:tau3_fail
DEBUG:root:Match or Not:False
DEBUG:root:Real time1487951099.57

DEBUG:root:Extracted signature:bitarray('11000111000001011000010010000011000101110000100011111000100111111001101111100111011110001101100001110000011100001111111101111011101101110000111011111010000001111111010000011111110100011111110000111111110001111101101011111000101110000101000000010000011000011000101100100000')
DEBUG:root:Matched frame over all scan:2396

DEBUG:root:Errors over all scan:82

DEBUG:root:Result:tau3_fail
DEBUG:root:Match or Not:False
DEBUG:root:Real time1487951099.77

DEBUG:root:Extracted signature:bitarray('11000110001100011000010011100011000001111001100011111101100011111001101111100111011110001101100001110000011100001111111111111101101101010000111011111010000001111111010000011111110100010111110000011111110001111101101011110000101111000101100000010000011000011000101100100000')
DEBUG:root:Matched frame over all scan:1396

DEBUG:root:Errors over all scan:86

DEBUG:root:Result:tau3_fail
DEBUG:root:Match or Not:False
DEBUG:root:Real time1487951099.97

DEBUG:root:Extracted signature:bitarray('11100000110000011101100111110011001001111110000000111111000000111111100011111111011111000001110000011000000100000011111101111010010000001100000100010100111000111111100110001111110000000110111001001110001001011110001011111000101111000001100000110000011000001000010010010000')
DEBUG:root:Matched frame over all scan:246

DEBUG:root:Errors over all scan:75

DEBUG:root:Result:tau3_fail
DEBUG:root:Match or Not:False
DEBUG:root:Under real time Point counter:0.2026450634

DEBUG:root:Extracted signature:bitarray('11001100000111111000110000111110001101111110000011111100000111111110001111111111011110011001100010011000011100001110001111001100100100010000110011111110000011111111010000001111110110010111100001011111110001111001100011110010101111000101100001010000011000011000100100100000')
DEBUG:root:Matched frame over all scan:1278

DEBUG:root:Errors over all scan:83

DEBUG:root:Result:tau3_fail
DEBUG:root:Match or Not:False
DEBUG:root:Real time1487951100.38

DEBUG:root:Extracted signature:bitarray('11001100000111111001100000111110001001111110000101111100000111111100001111110011011110000011100000011000110100011100001111001101101000001000100111101110011100111111010000001111110100110111111000111111100001110011000011001110011110100001100000010001011001010010101100100000')
DEBUG:root:Matched frame over all scan:1278

DEBUG:root:Errors over all scan:91

DEBUG:root:Result:tau3_fail
DEBUG:root:Match or Not:False
DEBUG:root:Under real time Point counter:0.214072942734

DEBUG:root:Extracted signature:bitarray('11001101000000011000000011000010000000111001100001111001100011111011101111100111011110000111100000010000001100000011111101111001101101111000011111111010000001111111010000011111110100001101111000011110011001111100010011111000101110000101100000110000011000011010001100110000')
DEBUG:root:Matched frame over all scan:1396

DEBUG:root:Errors over all scan:86

DEBUG:root:Result:tau3_fail
DEBUG:root:Match or Not:False
DEBUG:root:Real time1487951100.79

DEBUG:root:Extracted signature:bitarray('11000100000111111000000011111011000001111101100011111100000011111100001111110111011110011101100000011000011100001110111101111011101101110000111111111010000011111111011000111111000100011111100000111111110001111100101011110000101110000101000001010000011000011010001100101000')
DEBUG:root:Matched frame over all scan:2398

DEBUG:root:Errors over all scan:69

DEBUG:root:Result:replica detected
DEBUG:root:Match or Not:True
DEBUG:root:Real time1487951100.99

DEBUG:root:Extracted signature:bitarray('11111110011000011011110010010010111110011000111011111100010001111100010001111001000011111100001111100111101011100001110001110011110000010000000011000101000000011100101000001110001000001110000100011100000100110000001011000000101001000101010001010000101111101111011100101000')
DEBUG:root:Matched frame over all scan:1286

DEBUG:root:Errors over all scan:67

DEBUG:root:Result:tau3_fail
DEBUG:root:Match or Not:False
DEBUG:root:Real time1487951101.19

DEBUG:root:Extracted signature:bitarray('11101100000010011001110001101110010000111011000001111100100001111110000001111110000011111100011111100101111011111001111001110011010000010000000110001101000000111001100000011100011000011100001100111100001101110000001010000000101000000101000001010000101111101101010001001000')
DEBUG:root:Matched frame over all scan:1287

DEBUG:root:Errors over all scan:78

DEBUG:root:Result:tau3_fail
DEBUG:root:Match or Not:False
DEBUG:root:Real time1487951101.39

DEBUG:root:Extracted signature:bitarray('11001100001100011001110001000010001100011100100110000110010011101110000110011110011001111100001111100011111011111101111100001100010000010000111000000110001110000000100111100000011001100000001100000000000100000000001010001000101011001101100111011111101001101001010100100000')
DEBUG:root:Matched frame over all scan:1798

DEBUG:root:Errors over all scan:77

DEBUG:root:Result:tau1_fail
DEBUG:root:Match or Not:False
DEBUG:root:Real time1487951101.59

DEBUG:root:Extracted signature:bitarray('11100100001100011100110000000011101100000000110000011110010000000110010011001111001001111100011111100111111011111101111100011000101101110000111000000110001110000000110111100000001001100000000110000000000100000011001000001000100011011100111111011111101011101011011100100000')
DEBUG:root:Matched frame over all scan:1289

DEBUG:root:Errors over all scan:81

DEBUG:root:Result:tau3_fail
DEBUG:root:Match or Not:False
DEBUG:root:Real time1487951101.79

DEBUG:root:Extracted signature:bitarray('11001001110000011000001100000010000111000000101111100001101111101011101111011110000101111100101111101111111011011100011100001000000111111001000111100110100000011100110001100011001001111001101101111100111101111001111001100111101101111101011101011000101000101000010000101000')
DEBUG:root:Matched frame over all scan:1291

DEBUG:root:Errors over all scan:67

DEBUG:root:Result:tau3_fail
DEBUG:root:Match or Not:False
DEBUG:root:Real time1487951101.99

DEBUG:root:Extracted signature:bitarray('11001101110000011001111100000010011111000000101111100001101111100011101111001111000100111100111111101111111011011100011100011000100111011001100111100010100100001100110000100011001000011000111101011100111101111001111001100111101100111101111101011100101000101001010000101000')
DEBUG:root:Matched frame over all scan:1291

DEBUG:root:Errors over all scan:73

DEBUG:root:Result:tau3_fail
DEBUG:root:Match or Not:False
DEBUG:root:Real time1487951102.19

DEBUG:root:Extracted signature:bitarray('11001101110000111000111100000110001111000001101111100001101111100011101111001111000100111101111111101111111010011100011100011000100111111000000111100110100000011100110000100011011000111000111101111100111101111001111001100111101101111101111101011000101000101001010100101000')
DEBUG:root:Matched frame over all scan:1291

DEBUG:root:Errors over all scan:70

DEBUG:root:Result:tau3_fail
DEBUG:root:Match or Not:False
DEBUG:root:Real time1487951102.39

DEBUG:root:Extracted signature:bitarray('11001001110000111000011110000110011111110000101111111000101111110000011111100000011110011101110011101000111000011100001100011000010010011001100111000010100000111001110000101110001010111111000101111110001101111000001011100000101100000101000001010000101000101001010101101000')
DEBUG:root:Matched frame over all scan:1293

DEBUG:root:Errors over all scan:70

DEBUG:root:Result:tau3_fail
DEBUG:root:Match or Not:False
DEBUG:root:Real time1487951102.6

DEBUG:root:Extracted signature:bitarray('11001011100000110001011100000110011110000000101111000000011111100000011110000000111100100101001111100011111011111001110101100110010010011001111110000011001111110000010011111100001111111110000101111110000101111000001011100000101100100101001101010110101011101111011101001000')
DEBUG:root:Matched frame over all scan:1295

DEBUG:root:Errors over all scan:62

DEBUG:root:Result:tau3_fail
DEBUG:root:Match or Not:False
DEBUG:root:Real time1487951102.8

DEBUG:root:Extracted signature:bitarray('11001011100000110000011100000110000110000000101111000000011111000000011110000000111001100111001101100011011001111101111101100110010010011001111110000010101111100000110111111000001111111100000101111100000101111000001011000000101001001101001101010111101011101111011101001000')
DEBUG:root:Matched frame over all scan:1295

DEBUG:root:Errors over all scan:54

DEBUG:root:Result:tau3_fail
DEBUG:root:Match or Not:False
DEBUG:root:Real time1487951103.0

DEBUG:root:Extracted signature:bitarray('11001111100000110001011100000010011110000000101111000000011111100000011111000000111100100101101111101001111010111101111101111011011010011001111110000010101111110000010011111100000111111110000101111110000101111000001011100000101100100101001111010011101011101111011101101000')
DEBUG:root:Matched frame over all scan:1296

DEBUG:root:Errors over all scan:58

DEBUG:root:Result:replica detected
DEBUG:root:Match or Not:True
DEBUG:root:Real time1487951103.2

DEBUG:root:Extracted signature:bitarray('11001011100000110000011100000110001110000000101111000000011111000000011110000000111101100011001101100011111001111101111101111011011111111001111110000011101111110000010011111100000111111110000101111110000101111000001011100000101100100101001101010111101011101111011101101000')
DEBUG:root:Matched frame over all scan:1295

DEBUG:root:Errors over all scan:70

DEBUG:root:Result:tau3_fail
DEBUG:root:Match or Not:False
DEBUG:root:Real time1487951103.4

DEBUG:root:Extracted signature:bitarray('11001011100000111000011100000110001110000000101111000000011111100000011111000000111101100001101101101011111001111101111101111011011111111001111110000011001111110000010011111100000111111110000101111110000101111000001011100000101100100101001101010010101011101111011101101000')
DEBUG:root:Matched frame over all scan:1296

DEBUG:root:Errors over all scan:70

DEBUG:root:Result:tau3_fail
DEBUG:root:Match or Not:False
DEBUG:root:Real time1487951103.6

DEBUG:root:Extracted signature:bitarray('11111000111111001110001111111000000111111110000011111111000011111011001111000011011100011101110011101100111110011100011101111010010010001111111111110000111111111110001100111111100010011111110100011101110100111001101001100110101101111101001111000111010111010110100010010000')
DEBUG:root:Matched frame over all scan:2311

DEBUG:root:Errors over all scan:68

DEBUG:root:Result:tau3_fail
DEBUG:root:Match or Not:False
DEBUG:root:Real time1487951103.8

DEBUG:root:Extracted signature:bitarray('11111000111111001110001111111000000111111111000011111111100011111011101111000111011100011101100011111100111110011100011101111010010010000111111111111000111111111111001100111111100010011111110100011100110100111001111001100110101100111101001111000011010111010110100010010000')
DEBUG:root:Matched frame over all scan:2314

DEBUG:root:Errors over all scan:63

DEBUG:root:Result:tau3_fail
DEBUG:root:Match or Not:False
DEBUG:root:Real time1487951104.0

DEBUG:root:Extracted signature:bitarray('11111000111111001110001111111100000111110111000011111011100011111001101111000011011100001101110001111100111110011110011100110010010010000111111111111000111111111111001110111111110010011111110000011111110100011001111001100110101100111101001111000011010011010110100010010000')
DEBUG:root:Matched frame over all scan:2314

DEBUG:root:Errors over all scan:65

DEBUG:root:Result:tau3_fail
DEBUG:root:Match or Not:False
DEBUG:root:Real time1487951104.2

DEBUG:root:Extracted signature:bitarray('11111111011100001111111111100001001111110000000011111000100011111000100111000001011100001101111111101111111010111100111101111011010000001111111111110000111111111110001100111111100000011111110100011100111100110001101001100111101000111101001111010111000111000110101010010000')
DEBUG:root:Matched frame over all scan:1302

DEBUG:root:Errors over all scan:64

DEBUG:root:Result:tau3_fail
DEBUG:root:Match or Not:False
DEBUG:root:Real time1487951104.4

DEBUG:root:Extracted signature:bitarray('11111111111001101111111111001101100111111001000011111000101011111000100111000001011100001101111111101111111010111100111101111010010010000111111111111100111111111111001100111111100010011111110000011100111010111001100001100111101100111101000111010011100111000110100010010000')
DEBUG:root:Matched frame over all scan:1303

DEBUG:root:Errors over all scan:63

DEBUG:root:Result:tau3_fail
DEBUG:root:Match or Not:False
DEBUG:root:Real time1487951104.6

DEBUG:root:Extracted signature:bitarray('11111011111001101111011111001100100111110011010011111001101011110000100111000000011100001101111111101111111010111100111101110110010010000111111111111100111111111111001100111111110010011111110010011100111010111001110001100111101100111101000111010011100011000110100010010000')
DEBUG:root:Matched frame over all scan:1303

DEBUG:root:Errors over all scan:68

DEBUG:root:Result:tau3_fail
DEBUG:root:Match or Not:False
DEBUG:root:Real time1487951104.8

DEBUG:root:Extracted signature:bitarray('11111111111001101111011111000001000111110000000011111000100011100000100111000001011100001101111111101111111010111100111101111010010000000111111111111000111111111111001100111111100010011111110010011100110010111001110001100111101100111101000111010011100111000110101010010000')
DEBUG:root:Matched frame over all scan:1305

DEBUG:root:Errors over all scan:61

DEBUG:root:Result:replica detected
DEBUG:root:Match or Not:True
DEBUG:root:Real time1487951105.0

DEBUG:root:Extracted signature:bitarray('11111111111000001111011111000000100111110000000011111000101011100000100111000001011100001101111111101111111010111100111101111010010000000111111111111000111111111111001100111111100010011111110010011100110010111001110101100111101100111101000111010011100111000110101010010000')
DEBUG:root:Matched frame over all scan:1305

DEBUG:root:Errors over all scan:61

DEBUG:root:Result:replica detected
DEBUG:root:Match or Not:True
DEBUG:root:Real time1487951105.2

DEBUG:root:Extracted signature:bitarray('11100111110001101001100111111100011001111110001101111111101111111111101110111110000111011100100011101000111011111101100100100011011111001100111110100010100111111110011001110011111001110001111101110001110101110011001011011100101110000001100011110001101001100110010010110000')
DEBUG:root:Matched frame over all scan:6

DEBUG:root:Errors over all scan:85

DEBUG:root:Result:tau3_fail
DEBUG:root:Match or Not:False
DEBUG:root:Real time1487951105.4

DEBUG:root:Extracted signature:bitarray('11111110110001101111101111101101100011111111010001101111100011001111101100011110000001111010000011110000011011101101111101110011011111101100111110000011100111111100111001110011101001110001111100110001110101110011101010011100001010001001100011010001101001101111010101101000')
DEBUG:root:Matched frame over all scan:1486

DEBUG:root:Errors over all scan:88

DEBUG:root:Result:tau2_fail
DEBUG:root:Match or Not:False
DEBUG:root:Real time1487951105.6

DEBUG:root:Extracted signature:bitarray('11110000111001111101100011101110011000111111001000101111100111100111101111011111010110001010110001111100011111101101110001100011011111101100111110000010100111101110010001110011110001110001111101110001110101110011101010011100001011000001100010010001101001101110010010110000')
DEBUG:root:Matched frame over all scan:1535

DEBUG:root:Errors over all scan:95

DEBUG:root:Result:tau2_fail
DEBUG:root:Match or Not:False
DEBUG:root:Real time1487951105.8

DEBUG:root:Extracted signature:bitarray('11100100111000011000111111100100011111111111001111111111101111111111101110111001011111000000111000011110001111001101101100011011001111101100111110000010100111101110011001110011110001110001111101110001111101110011101010011100001011000001100010010001101001101101010100110000')
DEBUG:root:Matched frame over all scan:1256

DEBUG:root:Errors over all scan:80

DEBUG:root:Result:tau3_fail
DEBUG:root:Match or Not:False
DEBUG:root:Real time1487951106.0

DEBUG:root:Extracted signature:bitarray('11100100111100011001101111100100011111111111001111111111101111111111101111111001001111000000111000011110001111000101101101111010011111101100111110000010100111101110011001110011110001110001111101110001110101110011101011011100001010000001100010010001101001101101010100110000')
DEBUG:root:Matched frame over all scan:1311

DEBUG:root:Errors over all scan:79

DEBUG:root:Result:tau3_fail
DEBUG:root:Match or Not:False
DEBUG:root:Real time1487951106.2

DEBUG:root:Extracted signature:bitarray('11100100111000011000101111100000011111111110001111111111001111101111101110111001010011100000111000001110001111100110110001100110010011101100111100000010100111101000011001110011110001110001111101110001110101110011101010011100001011000001100011010001101001101101010010010000')
DEBUG:root:Matched frame over all scan:2671

DEBUG:root:Errors over all scan:85

DEBUG:root:Result:tau3_fail
DEBUG:root:Match or Not:False
DEBUG:root:Real time1487951106.41

DEBUG:root:Extracted signature:bitarray('11100100111100011000100111100100011011111111001111111111101111111111101111111000010011100000011011101110111011001010010001100110010011101100111110000010100111101110011001110011110001110001111101110001110101110011101010011100101010000101100011010001101000101100010010010000')
DEBUG:root:Matched frame over all scan:1313

DEBUG:root:Errors over all scan:82

DEBUG:root:Result:tau3_fail
DEBUG:root:Match or Not:False
DEBUG:root:Real time1487951106.61

DEBUG:root:Extracted signature:bitarray('11100100111100011000100111100100001011111111001111111111101111111111101111111000011011100000111011101110111011011010010001100110010011101100111110000010100111101111011001110011110001110001111101110001110101110011101011011100101010000101100011010001101010001100010010010000')
DEBUG:root:Matched frame over all scan:1313

DEBUG:root:Errors over all scan:80

DEBUG:root:Result:tau3_fail
DEBUG:root:Match or Not:False
DEBUG:root:Real time1487951106.81

DEBUG:root:Extracted signature:bitarray('11110011100000011110111100100011101110001100110011000110010001001111000011011111011110011101000011100000111001110000010000100110010010011110011100110011110011100110001000111001100010001000110001001001110001000011000010011000001011001001001100011100001010011100110011001000')
DEBUG:root:Matched frame over all scan:1321

DEBUG:root:Errors over all scan:69

DEBUG:root:Result:tau3_fail
DEBUG:root:Match or Not:False
DEBUG:root:Real time1487951107.01

DEBUG:root:Extracted signature:bitarray('11110011100000011110011100110011101110001100010011000111000001101111100011011111011111011101110011100000111011111000010000100110010010011110011100110011110011100110001100011001100010001001110001001001110001010011100011011000001111010001011100011100001110011100110011001000')
DEBUG:root:Matched frame over all scan:1316

DEBUG:root:Errors over all scan:70

DEBUG:root:Result:tau3_fail
DEBUG:root:Match or Not:False
DEBUG:root:Real time1487951107.21

DEBUG:root:Extracted signature:bitarray('11110011100000011110111100110011101110001100010011000111000001001111100011011111011111011101110011100000111011111000010000100110010010011110011100110011110011100110001100111001100010001001110001001001110001010011100011011000001111000001011100011100001100011100110011001000')
DEBUG:root:Matched frame over all scan:1316

DEBUG:root:Errors over all scan:67

DEBUG:root:Result:tau3_fail
DEBUG:root:Match or Not:False
DEBUG:root:Real time1487951107.41

DEBUG:root:Extracted signature:bitarray('11110011100010011110111100110011101111001100110011101100010001101100010111011000011111010011100010010000000100110010110010000100010010011110011100110011110011100110001100111001100010001000110011001001110001010011000010011000011001100010011000101110000110010100101001001000')
DEBUG:root:Matched frame over all scan:1318

DEBUG:root:Errors over all scan:67

DEBUG:root:Result:tau3_fail
DEBUG:root:Match or Not:False
DEBUG:root:Real time1487951107.61

DEBUG:root:Extracted signature:bitarray('11110011100010011110111100110011101111001100110011101110010001101100000111011100011111110011100010010000000100110010110010000100010010011110011100110011110011100110001100011001100010001100110001001001110001010011000010001100011001100010011000101110010110010100101011001000')
DEBUG:root:Matched frame over all scan:1319

DEBUG:root:Errors over all scan:67

DEBUG:root:Result:tau3_fail
DEBUG:root:Match or Not:False
DEBUG:root:Real time1487951107.81

DEBUG:root:Extracted signature:bitarray('11110011100111101110111100110001101111011100010011101110010001101110000111011000011111000011100000010000000100110010110010000110011010011110011100111011110011100110001000111001100010001000110001001001110001010011000010011100011001100010011000101110010110010100111011010000')
DEBUG:root:Matched frame over all scan:1318

DEBUG:root:Errors over all scan:66

DEBUG:root:Result:tau3_fail
DEBUG:root:Match or Not:False
DEBUG:root:Real time1487951108.01

DEBUG:root:Extracted signature:bitarray('11110011100000011100111100100011001110001100110011000110010001100110010011011110011111011101100001110010011011011000010000000011011010011110011100110011110011100110001000111001100010001001110001001001110001010011000010011000001001100001011000011110000110000100011011001000')
DEBUG:root:Matched frame over all scan:1321

DEBUG:root:Errors over all scan:73

DEBUG:root:Result:tau3_fail
DEBUG:root:Match or Not:False
DEBUG:root:Real time1487951108.21

DEBUG:root:Extracted signature:bitarray('11110011100000011110111100000011001110001100110011000110010001001110000011001110011100011101100001110010011001110000110000000111011010011110011100110011110011100110001000111001100010001000110001001001110001000011000010011000001001100001011000011110001110000110011011001000')
DEBUG:root:Matched frame over all scan:1321

DEBUG:root:Errors over all scan:70

DEBUG:root:Result:tau3_fail
DEBUG:root:Match or Not:False
DEBUG:root:Real time1487951108.41

DEBUG:root:Extracted signature:bitarray('11110011100000011110111100010011101110001100110011000110010001000111000011001111011100011101100001110010011001011000010000000011011010011110011100110011110011100110001100111001100010001000110001001001110001010011000010011000001001100001011000011110000110000100011011001000')
DEBUG:root:Matched frame over all scan:1321

DEBUG:root:Errors over all scan:75

DEBUG:root:Result:tau3_fail
DEBUG:root:Match or Not:False
DEBUG:root:Real time1487951108.61

DEBUG:root:Extracted signature:bitarray('11111000000111111111000000011111110000000111111000000011011000000011010000000110100011111000011111100111111001111101111101100100010000011011001000110011011000000111011110000000110101000001110010000001110110100011101000001100100001101100011111001111001111011000110010000000')
DEBUG:root:Matched frame over all scan:1325

DEBUG:root:Errors over all scan:43

DEBUG:root:Result:tau3_fail
DEBUG:root:Match or Not:False
DEBUG:root:Real time1487951108.81

DEBUG:root:Extracted signature:bitarray('11111000000111111111000000011111110000000111111000000111011000000111110000001111010011111000011110000111110001111101111101101100010000011001001000110011001000000111011010000001110101000001111010000001110110100111101000011100100001100100011111001111100111011110110010010000')
DEBUG:root:Matched frame over all scan:1323

DEBUG:root:Errors over all scan:55

DEBUG:root:Result:tau3_fail
DEBUG:root:Match or Not:False
DEBUG:root:Real time1487951109.01

DEBUG:root:Extracted signature:bitarray('11111000000111111111000000001111110000010011111000000110011000000111010000001111000011111000011110000111100011111101111101100100010000011011001000110011011000000111011110000000110101000001110010000001110110100111101000011100100001100100011111001111000111011100110010010000')
DEBUG:root:Matched frame over all scan:1323

DEBUG:root:Errors over all scan:53

DEBUG:root:Result:tau3_fail
DEBUG:root:Match or Not:False
DEBUG:root:Real time1487951109.21

DEBUG:root:Extracted signature:bitarray('11111111100110001111101100011101111011100111011100111011101100011011101000111100000111110000111110001110011010011100111101110010000011111011001000110011011000001101101110000011111011000001111101010001110101100111101010001110101001101100011110001111000111001100110010010000')
DEBUG:root:Matched frame over all scan:1328

DEBUG:root:Errors over all scan:54

DEBUG:root:Result:tau3_fail
DEBUG:root:Match or Not:False
DEBUG:root:Real time1487951109.41

DEBUG:root:Extracted signature:bitarray('11111111100110001111111100111101111011100111011100110011101110011111001101111100000111110000111110001110011010011100111101111010000011111001001000110101001000001110101010000111111011000001110101010001110101000111101010011110101001101101011110001111000111001100110010010000')
DEBUG:root:Matched frame over all scan:1328

DEBUG:root:Errors over all scan:53

DEBUG:root:Result:replica detected
DEBUG:root:Match or Not:True
DEBUG:root:Real time1487951109.61

DEBUG:root:Extracted signature:bitarray('11111111100111001111111100111101111011100111011100110011101110011111001101111100000111110000111110001111011010011100111101111010000011111001001000110101001000001110101010000011111011000001110101010001110101000111101010011110101001101101011010001111000111001110010010010000')
DEBUG:root:Matched frame over all scan:1328

DEBUG:root:Errors over all scan:55

DEBUG:root:Result:tau3_fail
DEBUG:root:Match or Not:False
DEBUG:root:Real time1487951109.81

DEBUG:root:Extracted signature:bitarray('11111111100110001111111100111101111011100111011100110011101110011111001101111100000111110000111110001110011010011100111101111010000011111001001000110111001000001110101010000011111011000001111101010001110101000111101010001110101001101101011110001111000111001110010010010000')
DEBUG:root:Matched frame over all scan:1328

DEBUG:root:Errors over all scan:53

DEBUG:root:Result:replica detected
DEBUG:root:Match or Not:True
DEBUG:root:Real time1487951110.01

DEBUG:root:Extracted signature:bitarray('11111111100110001111111100011101111111100111011101011011101110011111100100111100000111110000111111101110011010011100111101111010000011111011001000110101011000001111101110000011111011000001101101010001110101100111101010001110101001101100011110001111000111001110110010010000')
DEBUG:root:Matched frame over all scan:1328

DEBUG:root:Errors over all scan:50

DEBUG:root:Result:tau3_fail
DEBUG:root:Match or Not:False
DEBUG:root:Real time1487951110.21

DEBUG:root:Extracted signature:bitarray('11111111100110001111111100011101111011100111011101110011101100011011101100111100000111110000111110001110011000011100111101111010000011111011001000110011011000001110101110000011111011000001111101010001110101000111101010001110101001101100011110001111000111001110110010010000')
DEBUG:root:Matched frame over all scan:1328

DEBUG:root:Errors over all scan:52

DEBUG:root:Result:tau3_fail
DEBUG:root:Match or Not:False
DEBUG:root:Real time1487951110.42

DEBUG:root:Extracted signature:bitarray('11111111100111001111111100111101111011100111011101110011101110111111001100111100000111110000111110001110011010011100111101111010000011111001001000110101001000001110101010000011111011000001110101000001110101000111101010011110101001101101011110001111000111001110110010010000')
DEBUG:root:Matched frame over all scan:1330

DEBUG:root:Errors over all scan:52

DEBUG:root:Result:tau3_fail
DEBUG:root:Match or Not:False
DEBUG:root:Real time1487951110.62

DEBUG:root:Extracted signature:bitarray('11111111100111001111111100111101111011100111011101111011101100011111101100111100000111110000111111101110011010011100111101111010000011111001000000110111001000001110101010000011111011000001111101010001110101000111101010001110101001101100011110001111000111001110110010010000')
DEBUG:root:Matched frame over all scan:1335

DEBUG:root:Errors over all scan:53

DEBUG:root:Result:replica detected
DEBUG:root:Match or Not:True
DEBUG:root:Real time1487951110.82

DEBUG:root:Extracted signature:bitarray('11111111100110001111111100011101111111100111011101011011101100011111100100111100000111110000111111101110011010011100111101111010000011111011000000110111001000001110101010000111111011000001110101000001110101000111101010011110101001101100011110001111000111001100110010010000')
DEBUG:root:Matched frame over all scan:1334

DEBUG:root:Errors over all scan:53

DEBUG:root:Result:replica detected
DEBUG:root:Match or Not:True
DEBUG:root:Real time1487951111.02

DEBUG:root:Extracted signature:bitarray('11111111000111001111111100111101111011100111011101110011101110011111001100111100000111110000111111101110011010011100011101111010000011111001000000110111001000001110101010000011111011000001111101000001110101000111101010011110101001101101011110001111000111001110010010010000')
DEBUG:root:Matched frame over all scan:1341

DEBUG:root:Errors over all scan:54

DEBUG:root:Result:tau3_fail
DEBUG:root:Match or Not:False
DEBUG:root:Real time1487951111.22

DEBUG:root:Extracted signature:bitarray('11111111100110001111111100111101111011100111011101111011101110111111001101111100000111110000111111101110011010011100011101111011100111111001000001110011001000001110101010000010111011000001110101000001110101000111101010011100101001101101011110001111000111001100110010010000')
DEBUG:root:Matched frame over all scan:1337

DEBUG:root:Errors over all scan:55

DEBUG:root:Result:tau3_fail
DEBUG:root:Match or Not:False
DEBUG:root:Real time1487951111.42

DEBUG:root:Extracted signature:bitarray('11111101100110001111111100111101111111100111011101011011101100011111101001111100000111110000111111101110111010011100111101111010100111111001000000110001001000001111101010000010111011000001110101000001110101000111101010011100101001101100011110001111000111001100110011010000')
DEBUG:root:Matched frame over all scan:1337

DEBUG:root:Errors over all scan:54

DEBUG:root:Result:tau3_fail
DEBUG:root:Match or Not:False
DEBUG:root:Real time1487951111.62

DEBUG:root:Extracted signature:bitarray('11111111000111001111101100111101111011100111011101110011101100111111001001111100000111110000111111101110011010011100011101111011000111111001000000110011001000001110101010000010101011000001110101000001110101000111101010011100101001100101011110001111000111001110010010010000')
DEBUG:root:Matched frame over all scan:1339

DEBUG:root:Errors over all scan:56

DEBUG:root:Result:replica detected
DEBUG:root:Match or Not:True
DEBUG:root:Real time1487951111.82

DEBUG:root:Extracted signature:bitarray('11111111000111001111101100111100111011000111011101110011101100111111001001111100000111110000111111101110011010011100011101111010000111111001000000110011001000001111101010000010111011000001110101000001110101000111101010001110101001100101011111001111000111001110010010010000')
DEBUG:root:Matched frame over all scan:1341

DEBUG:root:Errors over all scan:55

DEBUG:root:Result:replica detected
DEBUG:root:Match or Not:True
DEBUG:root:Real time1487951112.02

DEBUG:root:Extracted signature:bitarray('11111111000111001111101000111100111011000111011100110011101100111111001001111100000111110000111111101110011010011100011101111010000011111001000000110011001000000111101010000010111011000001110101000001110101000111101010011100101001100101011110001111000111001110110010010000')
DEBUG:root:Matched frame over all scan:1341

DEBUG:root:Errors over all scan:53

DEBUG:root:Result:replica detected
DEBUG:root:Match or Not:True
DEBUG:root:Real time1487951112.22

DEBUG:root:Extracted signature:bitarray('11111111000110011111101000111101111000100111011100110011101100011111101001111100000111110000111111101110011010011100011101111010000011111001000001110011001000001111101010000010111011000001110101000001110101000011101010001110101001101100011110001111000111001100110010010000')
DEBUG:root:Matched frame over all scan:1337

DEBUG:root:Errors over all scan:57

DEBUG:root:Result:tau3_fail
DEBUG:root:Match or Not:False
DEBUG:root:Real time1487951112.42

DEBUG:root:Extracted signature:bitarray('11111101000110001111101000111101111000000111011100010011101100011111101001111100000111110000111111101110011010011100111101111010000011111001000001110011001000001111101010000010111011000001110101000001110101000011101010001110101001101100011110001111000111001100110010010000')
DEBUG:root:Matched frame over all scan:1337

DEBUG:root:Errors over all scan:58

DEBUG:root:Result:tau3_fail
DEBUG:root:Match or Not:False
DEBUG:root:Real time1487951112.62

DEBUG:root:Extracted signature:bitarray('11111111000111001111111000111101111010000111011100110011101100111111001001111100000111110000111111001111111010011100011101111010000011111001000000111011001000001111101010000010111011000001111101000001110101000111101010011110101001100101011111001111000111001110010010010000')
DEBUG:root:Matched frame over all scan:1341

DEBUG:root:Errors over all scan:57

DEBUG:root:Result:tau3_fail
DEBUG:root:Match or Not:False
DEBUG:root:Real time1487951112.82

DEBUG:root:Extracted signature:bitarray('11110000000011111110000000011111111100000011111110000001011000000001110000000111100000011100000111101111110011100011000110011110010010001111000011011110111000010011100111000000111011100000001110110000001110100000111100000111100001111000111100011100111001111011100010010000')
DEBUG:root:Matched frame over all scan:1347

DEBUG:root:Errors over all scan:57

DEBUG:root:Result:tau3_fail
DEBUG:root:Match or Not:False
DEBUG:root:Real time1487951113.02

DEBUG:root:Extracted signature:bitarray('11110001000011111110000000011111111100000111111100000011111000000001110000000110100000110000011110001111000111000010001111110111101111100110000011011110111000000011100111000000111011100000011110110000011110100001111000000110100011110000111000011000111000101100111101110000')
DEBUG:root:Matched frame over all scan:1348

DEBUG:root:Errors over all scan:48

DEBUG:root:Result:tau3_fail
DEBUG:root:Match or Not:False
DEBUG:root:Real time1487951113.22

DEBUG:root:Extracted signature:bitarray('11110000000001111110000000001111110000000011111100000001111000000001110001000011100010111010001110000011100001111100111101110010010000000111000011011110111000001011100110000000111011100000001110110000000110100000001100000010110000110100011101001101100111101110010010010000')
DEBUG:root:Matched frame over all scan:1357

DEBUG:root:Errors over all scan:56

DEBUG:root:Result:tau3_fail
DEBUG:root:Match or Not:False
DEBUG:root:Real time1487951113.42

DEBUG:root:Extracted signature:bitarray('11111001000001111111000000011111111100000111111110000001111000000001110000000111100000111100000111001111100011000011001111111111111111100111000011101110111000001001100111000000111011100000011110110000011110100001111000000111000001110000111100011000111001111011111011010000')
DEBUG:root:Matched frame over all scan:1345

DEBUG:root:Errors over all scan:45

DEBUG:root:Result:tau3_fail
DEBUG:root:Match or Not:False
DEBUG:root:Real time1487951113.62

DEBUG:root:Extracted signature:bitarray('11111001000001111111000000001111111000000010111100000001111000000001110001000110100000111010001110000011100001111101111101111010010011100111000011001110111000001001100111000000011011100000001110110000001110110000001100000010110000111100001111001101100111101110011011010000')
DEBUG:root:Matched frame over all scan:1344

DEBUG:root:Errors over all scan:63

DEBUG:root:Result:tau3_fail
DEBUG:root:Match or Not:False
DEBUG:root:Real time1487951113.82

DEBUG:root:Extracted signature:bitarray('11111001000001111111000000011111111100000111111000000001111000000001110000001111100000111100001111001111100111000010010011100110010011100111000001001110111000001001100111000000011011100000001100110000001110110001111001000111100001110100111001011100101110101101010001001000')
DEBUG:root:Matched frame over all scan:1348

DEBUG:root:Errors over all scan:63

DEBUG:root:Result:tau3_fail
DEBUG:root:Match or Not:False
DEBUG:root:Real time1487951114.02

DEBUG:root:Extracted signature:bitarray('11111001000001111111000000001111111100000011111010000001111000000001110001000110100000110000001110001111000111000010010011100110010011100111000011001110111000001001110111000000111011100000011110110000011110110001101001001110100001110100111001011100101110101101010011001000')
DEBUG:root:Matched frame over all scan:1348

DEBUG:root:Errors over all scan:61

DEBUG:root:Result:tau3_fail
DEBUG:root:Match or Not:False
DEBUG:root:Real time1487951114.22

DEBUG:root:Extracted signature:bitarray('11111000000001111111000000001111110100000011111100000001111000000001010001000010100000011010001110000011100000111101111101111010010000000111000011011110111000001001100111000000011011100000001110110000000110110000001101000010110000111110001101001111100111101110010011010000')
DEBUG:root:Matched frame over all scan:1344

DEBUG:root:Errors over all scan:59

DEBUG:root:Result:tau3_fail
DEBUG:root:Match or Not:False
DEBUG:root:Real time1487951114.42

DEBUG:root:Extracted signature:bitarray('11110000000011111111000000011111111100000111111101000001111000000001110001001011100000111100001110001111000111000011001111111111111111101111000011011110111000000001100111000000011011100000001110110000001110110001101001001110100011100100111001011000111101001000010001001000')
DEBUG:root:Matched frame over all scan:1345

DEBUG:root:Errors over all scan:59

DEBUG:root:Result:tau3_fail
DEBUG:root:Match or Not:False
DEBUG:root:Real time1487951114.63

DEBUG:root:Extracted signature:bitarray('11110000000001111110000000001111110000000011111100000001111000000001110001000011100000011110001110000011100001111101111101111010010000001111000011011110111000001001100111000000011011100000001110110000000110100000001100000010110000111100011101001111100111101110010010010000')
DEBUG:root:Matched frame over all scan:1344

DEBUG:root:Errors over all scan:48

DEBUG:root:Result:tau3_fail
DEBUG:root:Match or Not:False
DEBUG:root:Real time1487951114.83

DEBUG:root:Extracted signature:bitarray('11110000000001111110000000001111110000000010111100000000011000000000010001000011100000111110000111100001111011110001100011100111001101100111000011011110111000001001100111000000011011110000000110110000000110100000111101000111100000111100011111001110001100011000100010010000')
DEBUG:root:Matched frame over all scan:1352

DEBUG:root:Errors over all scan:59

DEBUG:root:Result:tau3_fail
DEBUG:root:Match or Not:False
DEBUG:root:Real time1487951115.03

DEBUG:root:Extracted signature:bitarray('11111000000001111110000000001111111100000011111101000001111000000001110001000011100100111101100111101111100011100011100011000100010010001111000011011110111000010001100111000000111011110000001110110001000110010011001001101111100101111000111110001110111100111001100011010000')
DEBUG:root:Matched frame over all scan:1347

DEBUG:root:Errors over all scan:64

DEBUG:root:Result:tau3_fail
DEBUG:root:Match or Not:False
DEBUG:root:Real time1487951115.23

DEBUG:root:Extracted signature:bitarray('11110000000011111110000000001111110000000011111100000001111000000001110001000011100100111101000111100011110011100011100011000111001101101111000011011110111000010011100111000000111011110000011110110000011110010000011100000111000001111000111101011100111000011010111010010000')
DEBUG:root:Matched frame over all scan:1352

DEBUG:root:Errors over all scan:55

DEBUG:root:Result:tau3_fail
DEBUG:root:Match or Not:False
DEBUG:root:Real time1487951115.43

DEBUG:root:Extracted signature:bitarray('11111001000011111111000000011111110000000011111101000000011000000000010000001111100000111100001111101111000111000011000111111111101111100111000011011110111000001001110111000000011011110000001110110000001110110000111000100110100101110100111001011100111001001110010001011000')
DEBUG:root:Matched frame over all scan:1345

DEBUG:root:Errors over all scan:61

DEBUG:root:Result:tau3_fail
DEBUG:root:Match or Not:False
DEBUG:root:Real time1487951115.63

DEBUG:root:Extracted signature:bitarray('10111001000001111110000000001111111100000011111000000001111000000001110001000111100000011110000111100111111011100001111101111011101101100111000011011110111000011001110110000000011011100000001110100000000110010000001100100000110100011110001111001111100100100011001101000000')
DEBUG:root:Matched frame over all scan:1360

DEBUG:root:Errors over all scan:68

DEBUG:root:Result:tau3_fail
DEBUG:root:Match or Not:False
DEBUG:root:Real time1487951115.83

DEBUG:root:Extracted signature:bitarray('10110000000001110110000000001110110100000011111000000001011000000001010000000011100000011110000011110000111101100101111101111111100100000111000011011110111000001011110110000000011011100000001110000000000110001000001100100000110000010110000111000111100111100111001101100000')
DEBUG:root:Matched frame over all scan:1360

DEBUG:root:Errors over all scan:56

DEBUG:root:Result:tau3_fail
DEBUG:root:Match or Not:False
DEBUG:root:Real time1487951116.03

DEBUG:root:Extracted signature:bitarray('10110001000011111110000000001011110000000010111000000001011000000001010001000010100000011110000011111000111100111100111101111011010000000011000011011110111000001001110110000000011011000000001110000000000110011000001100100000110100110110001111100111100111101111011011010000')
DEBUG:root:Matched frame over all scan:1360

DEBUG:root:Errors over all scan:56

DEBUG:root:Result:tau3_fail
DEBUG:root:Match or Not:False
DEBUG:root:Real time1487951116.23

DEBUG:root:Extracted signature:bitarray('11110001000011111110000000011110110000000010111000000001011000000001010001000010100100011110100011111100111100011100111101100110010000000011000011011110111000001001110110000000011011000000001110000000001110001000001100100000100100011100001111000111100111101110110011000000')
DEBUG:root:Matched frame over all scan:1362

DEBUG:root:Errors over all scan:47

DEBUG:root:Result:tau3_fail
DEBUG:root:Match or Not:False
