DEBUG:root:Under real time Point counter:2.19345092773e-05

DEBUG:root:Extracted signature:bitarray('11111100111101101111100111110001111000111100011100011111101100011111101000111011110001111011000111111001111000100001100011000110010010011001111110010011000011100001110000111000011100011110000010011110000010111100100011110000000111000000110000111110010100100000000101100100')
DEBUG:root:Matched frame over all scan:854

DEBUG:root:Errors over all scan:57

DEBUG:root:Result:replica detected
DEBUG:root:Match or Not:True
DEBUG:root:Under real time Point counter:0.224085092545

DEBUG:root:Extracted signature:bitarray('11111100111110101111100011110001111010111100011101101111001101101111101000011011000001111111000111111001101000111100110001100110011100011001101110001001000101110001110000111100011000111110000100011110000010111100100001110000000110000001110010011000011000010001000100000100')
DEBUG:root:Matched frame over all scan:854

DEBUG:root:Errors over all scan:57

DEBUG:root:Result:replica detected
DEBUG:root:Match or Not:True
DEBUG:root:Real time1487957658.96

DEBUG:root:Extracted signature:bitarray('11111100111110101111110011110001111000111100011100101111001100101111101000011011010001111111000111111001111000111100100001100110011100011001111110011011000111110001110000111100011000011110000000011110000010111100100011110000000111000000110000011000011010010011000000000100')
DEBUG:root:Matched frame over all scan:854

DEBUG:root:Errors over all scan:51

DEBUG:root:Result:replica detected
DEBUG:root:Match or Not:True
DEBUG:root:Real time1487957659.16

DEBUG:root:Extracted signature:bitarray('11111100110110001111110011110001111010011100011101101110001001100111101001001111000000111100011111101101110000111000111101110011011010001001100110001101000001110001110001101100011000110111000100110011000000110110000011100000001110000000111001011100111000010000101100100100')
DEBUG:root:Matched frame over all scan:854

DEBUG:root:Errors over all scan:79

DEBUG:root:Result:tau3_fail
DEBUG:root:Match or Not:False
DEBUG:root:Real time1487957659.36

DEBUG:root:Extracted signature:bitarray('11111101111101101111100111101101111001111001011100011100001110011100011100011011001001101101001101100011111010111100110000100110011010001001110000110011000111000010010001111000110100011100011100011110011000111100000011110000011110010011100000111000011001101111011101100100')
DEBUG:root:Matched frame over all scan:979

DEBUG:root:Errors over all scan:74

DEBUG:root:Result:tau3_fail
DEBUG:root:Match or Not:False
DEBUG:root:Under real time Point counter:0.200797080994

DEBUG:root:Extracted signature:bitarray('11111111111100001111111111100001111011111001011001111000101001111000100001110000100011100010001111100011111001111000111001111011111110011111101100001101111101100000111011100000110101110000110010111000111001110001111011100111101100010011110000111001111001010000100000000100')
DEBUG:root:Matched frame over all scan:858

DEBUG:root:Errors over all scan:69

DEBUG:root:Result:tau3_fail
DEBUG:root:Match or Not:False
DEBUG:root:Real time1487957659.76

DEBUG:root:Extracted signature:bitarray('11111100111100001111110111110001111111111100011101111100101101111100101001111001000111000110000000110000000100000110001100111011101111111111001100011100110001100000110110011100001101110110001010111000011011110000110111100011001110111001111110011100001100011000100010000100')
DEBUG:root:Matched frame over all scan:333

DEBUG:root:Errors over all scan:81

DEBUG:root:Result:tau3_fail
DEBUG:root:Match or Not:False
DEBUG:root:Real time1487957659.96

DEBUG:root:Extracted signature:bitarray('11111110111110001111111111110001111111111100011111111101101111111101101111111011011111000000111000010111000101100011100011000100011111111111001100011101100001100001111001001000011100110000011010110000010011100001100111000110111100111111001111100011100011100111011110000100')
DEBUG:root:Matched frame over all scan:861

DEBUG:root:Errors over all scan:45

DEBUG:root:Result:replica detected
DEBUG:root:Match or Not:True
DEBUG:root:Real time1487957660.16

DEBUG:root:Extracted signature:bitarray('11111110111100001111111111110001111111111100011111111100101101111101101011111000000111100010011100010111000101100010100010000111111111111111111100011101100001100001110011001000011101110000011010110000010011110001100111100111101100111101100111000011100010101100110010000100')
DEBUG:root:Matched frame over all scan:861

DEBUG:root:Errors over all scan:44

DEBUG:root:Result:replica detected
DEBUG:root:Match or Not:True
DEBUG:root:Real time1487957660.36

DEBUG:root:Extracted signature:bitarray('11111111111111101111111111111101111111111111011111111111101101111111100011111111000111111000111110001111000111000011000010000100111111111001111111100001001000111000010000001100000100011000000010011000010010110001000111000000011001000010011100001110001111101111010010000100')
DEBUG:root:Matched frame over all scan:863

DEBUG:root:Errors over all scan:34

DEBUG:root:Result:replica detected
DEBUG:root:Match or Not:True
DEBUG:root:Real time1487957660.56

DEBUG:root:Extracted signature:bitarray('11111111111110001111100011100001110000111000111000011100010010001110011100011100110001110010001100010011011001111101111101111011101101111001111110111101000111101111100011111001111011110100111101110110001100001100011001110001111010001010011000101100011000010000100010000100')
DEBUG:root:Matched frame over all scan:864

DEBUG:root:Errors over all scan:30

DEBUG:root:Result:replica detected
DEBUG:root:Match or Not:True
DEBUG:root:Real time1487957660.77

DEBUG:root:Extracted signature:bitarray('11111111111110001111100011100001111000111000111000011100010010011110011100011100110001110010001100010011011001111101111101111011101101111001111111111101000111101111100001111001111011110100111101100110001100001100011000110001011100001010011000101100011100011000100010000100')
DEBUG:root:Matched frame over all scan:864

DEBUG:root:Errors over all scan:37

DEBUG:root:Result:replica detected
DEBUG:root:Match or Not:True
DEBUG:root:Real time1487957660.97

DEBUG:root:Extracted signature:bitarray('11111111111111101111100111111101111001111111011000011111100000011111100100111111010001110000001100010011000101110001111101111011101111111101111011110001000111001111100001111001100011111100110001110100010011101000000100110000011110000010001001100110010100010000100010010100')
DEBUG:root:Matched frame over all scan:867

DEBUG:root:Errors over all scan:32

DEBUG:root:Result:replica detected
DEBUG:root:Match or Not:True
DEBUG:root:Real time1487957661.17

DEBUG:root:Extracted signature:bitarray('11111111111111101111101111111101110001111111011000111111100000011011100000111111010011110000011100010011000101100001111101111011101111111001111011111101000111001111100001111001111011111000110001111101000011001010000100100000010110000111001001100110010100010000110010010100')
DEBUG:root:Matched frame over all scan:867

DEBUG:root:Errors over all scan:28

DEBUG:root:Result:replica detected
DEBUG:root:Match or Not:True
DEBUG:root:Real time1487957661.37

DEBUG:root:Extracted signature:bitarray('11111101111111101111101111111101110011111100010001111111100001110011100100000111010000111100000111100011111011111100011100111011101101111001111001111100000111001111100011110001111011111000011001111000100010010011100011011111001011110010001000101100011100010001100010010100')
DEBUG:root:Matched frame over all scan:868

DEBUG:root:Errors over all scan:47

DEBUG:root:Result:replica detected
DEBUG:root:Match or Not:True
DEBUG:root:Real time1487957661.57

DEBUG:root:Extracted signature:bitarray('11111111111111101111101111111101110111111100010001111111100000111111101000111111000011011010011000010110111011011101111101111011101101011101111001111101101111001111101111110011111011110000111001101011000010011011000101101100011101101101011000101100011000010000100010000100')
DEBUG:root:Matched frame over all scan:869

DEBUG:root:Errors over all scan:34

DEBUG:root:Result:replica detected
DEBUG:root:Match or Not:True
DEBUG:root:Real time1487957661.77

DEBUG:root:Extracted signature:bitarray('11111101111111101111101111111001110111111110010001111111100000111111100000111111000001111010001100010011001001111101111101111011101111111101111011111101100110011111101111110011111011111100110001111010000011011001001100101100010100011101011100100110010100010000100010000100')
DEBUG:root:Matched frame over all scan:870

DEBUG:root:Errors over all scan:22

DEBUG:root:Result:replica detected
DEBUG:root:Match or Not:True
DEBUG:root:Real time1487957661.97

DEBUG:root:Extracted signature:bitarray('11111111111111101111111111111101111111111011011111111011101111110011100010001111011000111100001111100111111011111100111101111011101111111111111111111101100111001111100111110001111011110000011001100010010010001110000111111000011111100011011000101100001010010000100010000100')
DEBUG:root:Matched frame over all scan:871

DEBUG:root:Errors over all scan:44

DEBUG:root:Result:replica detected
DEBUG:root:Match or Not:True
DEBUG:root:Real time1487957662.17

DEBUG:root:Extracted signature:bitarray('11111111110011101111111110011101111110011111011111001111001111001111101110001111010000111110001111100011111011111101011100111011101101111111111100110101100111001100100111100001111011000010111101001111000011101111000111011110001011100010011000101100011100011000100010000100')
DEBUG:root:Matched frame over all scan:868

DEBUG:root:Errors over all scan:54

DEBUG:root:Result:tau3_fail
DEBUG:root:Match or Not:False
DEBUG:root:Real time1487957662.37

DEBUG:root:Extracted signature:bitarray('11111111111111001111111111000001111111110000010111111001000111000011101110000111011000011101000011100001111000111101111101111011101111111100111111110001100111011110001001110011110001110000111001110010010010111100000111100000011101110001011000101100010110011100111010000100')
DEBUG:root:Matched frame over all scan:872

DEBUG:root:Errors over all scan:39

DEBUG:root:Result:replica detected
DEBUG:root:Match or Not:True
DEBUG:root:Real time1487957662.57

DEBUG:root:Extracted signature:bitarray('11111110011111101111110011111101111110000111011111100011101111111001101100111101010001110010000110011001100100011110011100111011101111110001111100111100000111111011100001111111011000111111100101101111110000001111000101111100011111000110011110001110001110011000100010000100')
DEBUG:root:Matched frame over all scan:869

DEBUG:root:Errors over all scan:80

DEBUG:root:Result:tau3_fail
DEBUG:root:Match or Not:False
DEBUG:root:Real time1487957662.77

DEBUG:root:Extracted signature:bitarray('11111100111111101111100111111101111100011110011110001111101111000111101110001111010000111100000111100011111011111101111101111011101101111001111101111101000111001111100011110001111001110000111101110011100010110111000111001100001101110000011000011100011110011000100010000100')
DEBUG:root:Matched frame over all scan:872

DEBUG:root:Errors over all scan:45

DEBUG:root:Result:replica detected
DEBUG:root:Match or Not:True
DEBUG:root:Real time1487957662.97

DEBUG:root:Extracted signature:bitarray('10011101110011100011101110111101111111001111010111100110000111111111101111001111011100111010000111100001111000111100111101111011101011111011100001110000111110001110001111110011100011111111110001101111110001111111000011111000101111000111110000110000010000010000101101100100')
DEBUG:root:Matched frame over all scan:876

DEBUG:root:Errors over all scan:36

DEBUG:root:Result:replica detected
DEBUG:root:Match or Not:True
DEBUG:root:Real time1487957663.17

DEBUG:root:Extracted signature:bitarray('10011101110011100011111110111101111111001101010111100100000011100111101111001111011100111110000100110000001100011100111100111011110000011011100001110000111111001110001110110011100011101111110001100111110001111111000010111000011111000011110000110000010000010001011101101100')
DEBUG:root:Matched frame over all scan:877

DEBUG:root:Errors over all scan:42

DEBUG:root:Result:replica detected
DEBUG:root:Match or Not:True
DEBUG:root:Real time1487957663.37

DEBUG:root:Extracted signature:bitarray('11111100110111101011111110111100111111001111011111111110101100111110001111001100111100011010000011110000011000111101111101011001101111111111100001110001011111001110000111111011100001111011110001100011110001100011100011011100101111100001010000101000011100010001001000000100')
DEBUG:root:Matched frame over all scan:878

DEBUG:root:Errors over all scan:19

DEBUG:root:Result:replica detected
DEBUG:root:Match or Not:True
DEBUG:root:Real time1487957663.57

DEBUG:root:Extracted signature:bitarray('11111100110011101011111110111100111111001111011111111110001000111110001001001100110100010010000011110000111000111100111001111011101111111111100001110101011111001110100111111011100001111111110001100011110001110111100011011101101111100001100000100000010100111011001100100100')
DEBUG:root:Matched frame over all scan:881

DEBUG:root:Errors over all scan:34

DEBUG:root:Result:replica detected
DEBUG:root:Match or Not:True
DEBUG:root:Real time1487957663.77

DEBUG:root:Extracted signature:bitarray('11111110110011101011111110111100111111001111011111100101101011100111101111001111011100111100101111100011111011111100111101111011101100011111100001110001011111001110000111110011100001101111110001100111110001111011000011111100001111010001100000111000010010010111011010010100')
DEBUG:root:Matched frame over all scan:902

DEBUG:root:Errors over all scan:23

DEBUG:root:Result:replica detected
DEBUG:root:Match or Not:True
DEBUG:root:Real time1487957663.98

DEBUG:root:Extracted signature:bitarray('11111110110011101111111110111100111111001111011111100111101001111111100011101100010110011010010011100000111000011100011100011001101111111111100001110101011111001110100111110011100001111101110001100111111001100111111011011111101111110011000000110000010000010001011100101100')
DEBUG:root:Matched frame over all scan:883

DEBUG:root:Errors over all scan:35

DEBUG:root:Result:replica detected
DEBUG:root:Match or Not:True
DEBUG:root:Real time1487957664.18

DEBUG:root:Extracted signature:bitarray('11111100110011101011111110111100111111001111011111101101101011101111100111001111011100011100000011100001111000111100111100111011101100011111100001110001011111001110000111110011100001101111110001100111110001110111000011111100011111000011100000110000010000010000011010010100')
DEBUG:root:Matched frame over all scan:879

DEBUG:root:Errors over all scan:27

DEBUG:root:Result:replica detected
DEBUG:root:Match or Not:True
DEBUG:root:Real time1487957664.38

DEBUG:root:Extracted signature:bitarray('11111100110111101011111110111100111111001111011111100111101001111111100011100110010110011010010001100000011001111101111101011001101111111111100001110001011111001110001111110011100001111111110001101111110001110111100011011101101011100001011000100100010100010011011000000100')
DEBUG:root:Matched frame over all scan:883

DEBUG:root:Errors over all scan:27

DEBUG:root:Result:replica detected
DEBUG:root:Match or Not:True
DEBUG:root:Real time1487957664.58

DEBUG:root:Extracted signature:bitarray('11001101000011111011110000011101111100000111001111100011101111100001101011000111001100011100110001101000011110000110000010000100011111011111000100001101111001100100111110011001001111000100100110000001100110100011000110001100011001100010100000110001010011001100100110100100')
DEBUG:root:Matched frame over all scan:890

DEBUG:root:Errors over all scan:42

DEBUG:root:Result:replica detected
DEBUG:root:Match or Not:True
DEBUG:root:Real time1487957664.78

DEBUG:root:Extracted signature:bitarray('11001101000011111001110000011110011100000111001111000011101111100011100011000011001110001101110000110010011001011100000010000101101101011110011100101101110011100100111100111001000111000100100010000111100011000110000110000100110000000110100010110010010000010001100010000100')
DEBUG:root:Matched frame over all scan:885

DEBUG:root:Errors over all scan:35

DEBUG:root:Result:replica detected
DEBUG:root:Match or Not:True
DEBUG:root:Real time1487957664.98

DEBUG:root:Extracted signature:bitarray('11001101000011111001110000011110111100000111001111100011101111100011100011000111001110001101110000011000011001001110000010000001101111111110011100001101110011100100111100111001000110000101100010000011100011000110000110001100010000000110000010100010010100011001100010000100')
DEBUG:root:Matched frame over all scan:886

DEBUG:root:Errors over all scan:32

DEBUG:root:Result:replica detected
DEBUG:root:Match or Not:True
DEBUG:root:Real time1487957665.18

DEBUG:root:Extracted signature:bitarray('11001111000011111001110000011100011100000111001111100011101111100011101011000111001110001101110001101100001111000110000010000100010010011110011100001101110011100100111100111001000111000100100010000001100011100111000110001100010000000110000001100001110000011000100100100100')
DEBUG:root:Matched frame over all scan:886

DEBUG:root:Errors over all scan:25

DEBUG:root:Result:replica detected
DEBUG:root:Match or Not:True
DEBUG:root:Real time1487957665.38

DEBUG:root:Extracted signature:bitarray('11001101000011111001110000011110011100000111001111100011101111100011100011000011001100001101110001101100011110000010000010000100011010011111011100001101110011100100111100111001001111001100100010000000100011100011000110001100010000000010000011110001110000011000100101100100')
DEBUG:root:Matched frame over all scan:884

DEBUG:root:Errors over all scan:28

DEBUG:root:Result:replica detected
DEBUG:root:Match or Not:True
DEBUG:root:Real time1487957665.58

DEBUG:root:Extracted signature:bitarray('11001110000011111001110000011110011100000111001111100011101111100011101111000011001100000010110001101000011011001110001110011001101111111110011100001101110011100100111100111001000110000000100010000011100011000011000110001100011000000010000000100010010110011000100010000100')
DEBUG:root:Matched frame over all scan:888

DEBUG:root:Errors over all scan:40

DEBUG:root:Result:replica detected
DEBUG:root:Match or Not:True
DEBUG:root:Real time1487957665.78

DEBUG:root:Extracted signature:bitarray('11001111000011111001110000011110011100000011001111100001101111100001100111000011011100001100110001101100011110001110000010000100111110011110011100001101110011100100111100111001000111000100100010100001100011000011000100000100010000000110100011110000110110011000100010000100')
DEBUG:root:Matched frame over all scan:890

DEBUG:root:Errors over all scan:27

DEBUG:root:Result:replica detected
DEBUG:root:Match or Not:True
DEBUG:root:Real time1487957665.98

DEBUG:root:Extracted signature:bitarray('11001101100011111001100010011100111000110111001100001011100101100011101111000111001110000010110001101000111001111101011100000001101111111110011000001101110011100100111100011001000111000100100011000001100010000011000110001100011000000110000111110001100001100000000010000100')
DEBUG:root:Matched frame over all scan:888

DEBUG:root:Errors over all scan:57

DEBUG:root:Result:replica detected
DEBUG:root:Match or Not:True
DEBUG:root:Real time1487957666.18

DEBUG:root:Extracted signature:bitarray('11001100001011111001100001111110011000011111001110001011101111100001100111000010111100001110110001100110011010011110001110001001101111111110010001101101110001100100111100011001001110000100100011000001100011000011000110001100011000000110000011100010010110101001100010010100')
DEBUG:root:Matched frame over all scan:888

DEBUG:root:Errors over all scan:59

DEBUG:root:Result:replica detected
DEBUG:root:Match or Not:True
DEBUG:root:Real time1487957666.38

DEBUG:root:Extracted signature:bitarray('11001110000011111001110000011111111100000111001111100011101111100001101011000011101100001110000001100111111011111101011100001000011011111110011101101101110011100100111100111001000110000001100010000001100010100010000111100000111000011110000111100001100001100100100010010100')
DEBUG:root:Matched frame over all scan:893

DEBUG:root:Errors over all scan:39

DEBUG:root:Result:replica detected
DEBUG:root:Match or Not:True
DEBUG:root:Real time1487957666.58

DEBUG:root:Extracted signature:bitarray('11001100000011111001110000011110011100000111001111100011100111100011101111000010101100000110110001101100011110011110011100011001101111111110011001100101110011101100111100111011000111000001100011000011100010000111000110011000010110000011000100100101111101100001000010010100')
DEBUG:root:Matched frame over all scan:894

DEBUG:root:Errors over all scan:27

DEBUG:root:Result:replica detected
DEBUG:root:Match or Not:True
DEBUG:root:Real time1487957666.78

DEBUG:root:Extracted signature:bitarray('11001110000011111001110000011110111100000111001111100001101111100000111011000000100000000010000011100110111011111101011100011100110011111110011101001101110011100100111100111001000110000001100010000001100010100000011110000101110000000010000111100001100000001000100001100100')
DEBUG:root:Matched frame over all scan:895

DEBUG:root:Errors over all scan:56

DEBUG:root:Result:replica detected
DEBUG:root:Match or Not:True
DEBUG:root:Real time1487957666.98

DEBUG:root:Extracted signature:bitarray('11001110010011111001110000011100111000000111001111100011101111100001101011000011100110001100110001101100011010011100011100111001101111111110011100001101110011100100111100111001000110000001100010000001100010100110001110111001110110010111000111100001101001100000100100100100')
DEBUG:root:Matched frame over all scan:896

DEBUG:root:Errors over all scan:31

DEBUG:root:Result:replica detected
DEBUG:root:Match or Not:True
DEBUG:root:Real time1487957667.18

DEBUG:root:Extracted signature:bitarray('11001110000011111011110000011100111000100111001100110011101100110011101000010111100000011100011011100111011011111101111100011100001111111110011100001101110011100100111100110011000110000001100010001100100010011001001110000101110000110010001111100011100011001100000101100100')
DEBUG:root:Matched frame over all scan:895

DEBUG:root:Errors over all scan:61

DEBUG:root:Result:tau3_fail
DEBUG:root:Match or Not:False
DEBUG:root:Real time1487957667.38

DEBUG:root:Extracted signature:bitarray('11111110010111101111111110111100111111001111011111100110101111100111101111110111011110111100000111100001111000111100011100111011101000011111100001110101011111001110000111110011100011111001110001111111100001100111001011111100001111000011100000110000010000010101000010010100')
DEBUG:root:Matched frame over all scan:897

DEBUG:root:Errors over all scan:33

DEBUG:root:Result:replica detected
DEBUG:root:Match or Not:True
DEBUG:root:Real time1487957667.59

DEBUG:root:Extracted signature:bitarray('11111100110111101111111110111100111111001111011111101100101111001111101111001111011100111001100011110001111000111100111100111011101000011111100001110101111111001110001111110011110000111011110001111111110001111111000011111000001111000010110000110000010000010100011101100100')
DEBUG:root:Matched frame over all scan:899

DEBUG:root:Errors over all scan:20

DEBUG:root:Result:replica detected
DEBUG:root:Match or Not:True
DEBUG:root:Real time1487957667.79

DEBUG:root:Extracted signature:bitarray('11111110110011101111111110111100111111001111011111100111101111001111101111001111011100111100101111100011111011111100111100111011101100011111100001110101111111001110001111110011110001111011110001111111110001111111000011111100001111010001100000110000010000010101011010010100')
DEBUG:root:Matched frame over all scan:902

DEBUG:root:Errors over all scan:19

DEBUG:root:Result:replica detected
DEBUG:root:Match or Not:True
DEBUG:root:Real time1487957667.99

DEBUG:root:Extracted signature:bitarray('11111110110111101111111110111100111111001111011111100110101111111100101111110100011110011001010011100000111000111100011100111001101111111111100001110101111111001111100111110011110001111001110001111001111001110111011011011101101111110011000000111000011000010001011100100100')
DEBUG:root:Matched frame over all scan:906

DEBUG:root:Errors over all scan:34

DEBUG:root:Result:replica detected
DEBUG:root:Match or Not:True
DEBUG:root:Real time1487957668.19

DEBUG:root:Extracted signature:bitarray('11111110101111101111111110111100111111001100011111101100101111101101101111001110011100110011100100110000001100011100111100111011101000011111100001110101111111001110000111110011100000111011110001111011110001111111000011111000001111000011110000111000010000010111011101101100')
DEBUG:root:Matched frame over all scan:904

DEBUG:root:Errors over all scan:27

DEBUG:root:Result:replica detected
DEBUG:root:Match or Not:True
DEBUG:root:Real time1487957668.39

DEBUG:root:Extracted signature:bitarray('11111110100111101111111100111100111111001111011111100111101111110111101111100110011110111000110111100101111010111100111101111011101100011111100001110001111111001110000111110011100001110001110000111011100001110111001011011100001111000001110000111000010010110001010110010100')
DEBUG:root:Matched frame over all scan:882

DEBUG:root:Errors over all scan:29

DEBUG:root:Result:replica detected
DEBUG:root:Match or Not:True
DEBUG:root:Real time1487957668.59

DEBUG:root:Extracted signature:bitarray('11111110011111101111111110111100111111001111011111101100001111111100001111101100011110011001100011110000111000111100111001111001101111111111100001110101111111001110100111110011100011111001110000111001110000110111100001011100101111100001110000100000110101111011001100100100')
DEBUG:root:Matched frame over all scan:906

DEBUG:root:Errors over all scan:31

DEBUG:root:Result:replica detected
DEBUG:root:Match or Not:True
DEBUG:root:Real time1487957668.79

DEBUG:root:Extracted signature:bitarray('11111110010111101111111111111100111111001110001111100110001111110010001111110110011111111101100111000001100000111100111100111011101100011111100001110101111111001110000111110011100011110001110000111011110000110111000001111000001111000011100000100001010000011000100010100100')
DEBUG:root:Matched frame over all scan:905

DEBUG:root:Errors over all scan:21

DEBUG:root:Result:replica detected
DEBUG:root:Match or Not:True
DEBUG:root:Real time1487957668.99

DEBUG:root:Extracted signature:bitarray('11111110100111101111111100111100111111001111011111111110101111110110001111100100011110011001110011000000111000111100111100111011101111111111100001110001111111001110100111110011100001111001110000111001110001110111011001011100101111000011100000100000010000010001001101100100')
DEBUG:root:Matched frame over all scan:906

DEBUG:root:Errors over all scan:29

DEBUG:root:Result:replica detected
DEBUG:root:Match or Not:True
DEBUG:root:Real time1487957669.19

DEBUG:root:Extracted signature:bitarray('10111110101111100011111111101100111111001111011111101110001111100100001111001000011100000011000000010000000100001100101101101011110000011011100001110000111111001110001111110011100001111011111100111011111100011111110000111100001111100001111000111000011000011000101101101100')
DEBUG:root:Matched frame over all scan:909

DEBUG:root:Errors over all scan:49

DEBUG:root:Result:replica detected
DEBUG:root:Match or Not:True
DEBUG:root:Real time1487957669.39

DEBUG:root:Extracted signature:bitarray('10111110101111100011111111101100111111001111011111101110001111100100001111001000011100000011000000010000000100001100101101101011110000011011100001110000111111001110001111110011100001111011111100111011111100011111110000111100001111100001111000111000011000011000101101101100')
DEBUG:root:Matched frame over all scan:909

DEBUG:root:Errors over all scan:49

DEBUG:root:Result:replica detected
DEBUG:root:Match or Not:True
DEBUG:root:Real time1487957669.59

DEBUG:root:Extracted signature:bitarray('10011101111111100011111111111101111111011111010111101110001111100110001111001000011100010011100011010000011100001110001100111011111000011011100001110000111111001110001101110011100011111011111001101111111101011110110010111011001011110000111000110000010100010010111101100100')
DEBUG:root:Matched frame over all scan:909

DEBUG:root:Errors over all scan:17

DEBUG:root:Result:replica detected
DEBUG:root:Match or Not:True
DEBUG:root:Real time1487957669.79

DEBUG:root:Extracted signature:bitarray('10011101101111100011111111111100111111011111010111100110001011110010001111100000011100010011000011010000100110000110001100111011101100011011100001110000111111001110001111110011100011111001110001101111111101111111111011101111001100110011100100100001010101011000100011000100')
DEBUG:root:Matched frame over all scan:910

DEBUG:root:Errors over all scan:15

DEBUG:root:Result:replica detected
DEBUG:root:Match or Not:True
DEBUG:root:Real time1487957669.99

DEBUG:root:Extracted signature:bitarray('11011111111111100011111111111100111111011111011111101110001111111010001111100000111100010011000011110000111100011000110001101011101111111011100001110100111111001110001111110011100001111001111001101111111001101111110011011111001111110001111100100110010100111001100101100100')
DEBUG:root:Matched frame over all scan:911

DEBUG:root:Errors over all scan:29

DEBUG:root:Result:replica detected
DEBUG:root:Match or Not:True
DEBUG:root:Real time1487957670.19

DEBUG:root:Extracted signature:bitarray('10011111111111100011111111111100111111011111011111100111101011100110001111001100011100011111000101110001111100111100110000110011111100011011100001110000111111001110001101110011100001111011110001101111111101001111110010111111001111110001111100100011001110011000101001010100')
DEBUG:root:Matched frame over all scan:912

DEBUG:root:Errors over all scan:17

DEBUG:root:Result:replica detected
DEBUG:root:Match or Not:True
DEBUG:root:Real time1487957670.39

DEBUG:root:Extracted signature:bitarray('10011111111111100011111111111100111111011111011111100111001011110010001011110000011110110011000010010000001100000110000100011011111100011011100001110000111111001110001111110011100001111001110001101111111101111111111011110010001110010011100000110001001101111000100110100100')
DEBUG:root:Matched frame over all scan:910

DEBUG:root:Errors over all scan:33

DEBUG:root:Result:replica detected
DEBUG:root:Match or Not:True
DEBUG:root:Real time1487957670.59

DEBUG:root:Extracted signature:bitarray('11011111111111100011111111111100111111011111011111101110001001111010001011100000111110010011000001110000011100110100110000001101101111111111100001110000111111001110001111110011100001111101110001101111111001100111110011011111101111110001111000100100001100111000100110100100')
DEBUG:root:Matched frame over all scan:916

DEBUG:root:Errors over all scan:25

DEBUG:root:Result:replica detected
DEBUG:root:Match or Not:True
DEBUG:root:Real time1487957670.79

DEBUG:root:Extracted signature:bitarray('11011111111111100011111111111100111111011111011111101110001001111010001011100000111110010011000001110000011100110100110000001101101111111111100001110000111111001110001111110011100001111101110001101111111001100111110011011111101111110001111000100100001100111000100110100100')
DEBUG:root:Matched frame over all scan:916

DEBUG:root:Errors over all scan:25

DEBUG:root:Result:replica detected
DEBUG:root:Match or Not:True
DEBUG:root:Real time1487957670.99

DEBUG:root:Extracted signature:bitarray('11111101101101100011111100111100111111001111011111110111001001110011001111100100011110011010000011110000111100011110010011000100101111111011100001110000111101001110001111110001100011111000111001101111111101100111011011011111001000110011001000100101010000011000100101100100')
DEBUG:root:Matched frame over all scan:913

DEBUG:root:Errors over all scan:37

DEBUG:root:Result:replica detected
DEBUG:root:Match or Not:True
DEBUG:root:Real time1487957671.19

DEBUG:root:Extracted signature:bitarray('10111110011111100011110111111101111111101111010111100111100011100110001111001100011100110111000111110001110000110000110000110011101100011111100001100000111110001110001111110011100011111101110000101111111001110011110010111111001111110001110000011000001100011001100100010100')
DEBUG:root:Matched frame over all scan:917

DEBUG:root:Errors over all scan:23

DEBUG:root:Result:replica detected
DEBUG:root:Match or Not:True
DEBUG:root:Real time1487957671.39

DEBUG:root:Extracted signature:bitarray('10111100110111100111110111111101111111001111010111100111000111100110001111101100011100011010000111100001111000111100011100111011101000011111100001100000111110001110001111110011100010111001110001111111110001100111110011011100001111000001110001011001100101111001100110010100')
DEBUG:root:Matched frame over all scan:917

DEBUG:root:Errors over all scan:32

DEBUG:root:Result:replica detected
DEBUG:root:Match or Not:True
DEBUG:root:Real time1487957671.59

DEBUG:root:Extracted signature:bitarray('10111110110111101111111111111101111111011111011111001111001111001110001111001100011100111011000011110000111100011100101100011011100000011111110010000001111110001100000111110011011011110011111001110011110001100111100010011001011011000110110000111000011100110000100001100100')
DEBUG:root:Matched frame over all scan:919

DEBUG:root:Errors over all scan:15

DEBUG:root:Result:replica detected
DEBUG:root:Match or Not:True
DEBUG:root:Real time1487957671.79

DEBUG:root:Extracted signature:bitarray('10111110111111100111111111111101111111111111011111001111001111100110001111001100011100110010000111100001111000111100111101011001101100011111110010000001111110001100000111110011001011110001111101110001110001101111111010011101100011001100110000111000011000110011000010010100')
DEBUG:root:Matched frame over all scan:924

DEBUG:root:Errors over all scan:29

DEBUG:root:Result:replica detected
DEBUG:root:Match or Not:True
DEBUG:root:Real time1487957672.0

DEBUG:root:Extracted signature:bitarray('11111110111011101111111111111101111111111111011111001111001111101110001111101100011110111000000111100100111010011100011100011001101101111111110010000001111110001100000111110011001011111001111101110001110001100111011011011101101111000111110000111000011000110001001010000100')
DEBUG:root:Matched frame over all scan:922

DEBUG:root:Errors over all scan:16

DEBUG:root:Result:replica detected
DEBUG:root:Match or Not:True
DEBUG:root:Real time1487957672.2

DEBUG:root:Extracted signature:bitarray('10111110111011100111111111111101111111111111011111001111001111101110001111101100011100111000000111100101111010011100011100011001101101011111110010000001111111001100000111110011001011111001111001110001110001100111010011011101101011100111110000111000011100110000001010000100')
DEBUG:root:Matched frame over all scan:920

DEBUG:root:Errors over all scan:20

DEBUG:root:Result:replica detected
DEBUG:root:Match or Not:True
DEBUG:root:Real time1487957672.4

DEBUG:root:Extracted signature:bitarray('10111110110011100011111111111101111111111111011111001111001111100110001111101100011110111000000111100001111010111100111100011001101101111111110010000001111110001100000111110011001011110001111101110001110001100111011011001101101101001101110000111000011100110001001010000100')
DEBUG:root:Matched frame over all scan:922

DEBUG:root:Errors over all scan:15

DEBUG:root:Result:replica detected
DEBUG:root:Match or Not:True
DEBUG:root:Real time1487957672.6

DEBUG:root:Extracted signature:bitarray('10111110110011101111111111111101111111111111011111100111001111110110001111101100011110110000000111100001111010011100111100111011101000011111100010000001111110001100000111110011001011110001101001110001110001110011111011001101101011001101110001111000111101110001001010000100')
DEBUG:root:Matched frame over all scan:923

DEBUG:root:Errors over all scan:17

DEBUG:root:Result:replica detected
DEBUG:root:Match or Not:True
DEBUG:root:Real time1487957672.8

DEBUG:root:Extracted signature:bitarray('11110001111111101100111111101100011110111111011110011110001100011101111001100011001110001101100011110000111100111111001110000100001100011111110000111101011100000000001110011000010011111100100001101111000010110111011010110111101001111100011111011111101101000110010110000100')
DEBUG:root:Matched frame over all scan:926

DEBUG:root:Errors over all scan:79

DEBUG:root:Result:tau2_fail
DEBUG:root:Match or Not:False
DEBUG:root:Real time1487957673.0

DEBUG:root:Extracted signature:bitarray('11111001111111101111111111000001111100110001111100001000111100001001111000000011100000011110000011100001111011111101110011000100000000011111110000001101111000000001101110001000001100100100000010110110000011101100001110110001100000111100100111010011100011001101000000000100')
DEBUG:root:Matched frame over all scan:926

DEBUG:root:Errors over all scan:36

DEBUG:root:Result:replica detected
DEBUG:root:Match or Not:True
DEBUG:root:Real time1487957673.2

DEBUG:root:Extracted signature:bitarray('11100111111101001000111111000000011111110001011111011000001111001000011110000011011101001101111001101111111011111101100010000100000000011111110000001101111000000001101110011000001110111000000010000000000010001100000100100000010100000101101111000111000110010000100000000100')
DEBUG:root:Matched frame over all scan:927

DEBUG:root:Errors over all scan:47

DEBUG:root:Result:replica detected
DEBUG:root:Match or Not:True
DEBUG:root:Real time1487957673.4

DEBUG:root:Extracted signature:bitarray('11000011111011011000111110010010011111101100011110000111011100001111110000011111100001001110011001100110111001111101111001111011011000011111110001100001111000001100111100010010001110011001001010011100000010111100000110100000010110100011111000011111101111101110001000000100')
DEBUG:root:Matched frame over all scan:929

DEBUG:root:Errors over all scan:68

DEBUG:root:Result:tau3_fail
DEBUG:root:Match or Not:False
DEBUG:root:Real time1487957673.6

DEBUG:root:Extracted signature:bitarray('11000001111000011000111111000010001100101100101110010110011100011110011000011111100001111100011111100110111001111101111101010110011111111111100001110001111000100100001100011011001111000101100111001110000110011100001111110000010110000011111100111110011110011110001000000100')
DEBUG:root:Matched frame over all scan:929

DEBUG:root:Errors over all scan:46

DEBUG:root:Result:replica detected
DEBUG:root:Match or Not:True
DEBUG:root:Real time1487957673.8

DEBUG:root:Extracted signature:bitarray('11000001111100011000011111100010001100101100101110010110001100001111011000011111000011111100011111100111111011111100111101111011111011111111000000100001111100100100101110001001001111001110100010000110000110101100000110011000010010000010101000110110010011001110110010000100')
DEBUG:root:Matched frame over all scan:930

DEBUG:root:Errors over all scan:56

DEBUG:root:Result:replica detected
DEBUG:root:Match or Not:True
DEBUG:root:Real time1487957674.0

DEBUG:root:Extracted signature:bitarray('11100001111100011000011111100010001100111000101110001101101110001011101100011111110001111110000111100100111010011100011101110110011011111111011000100001111100000100101111001001001111100111000111000110000010001000001110110000110110000010111000010100110011011110110010000100')
DEBUG:root:Matched frame over all scan:931

DEBUG:root:Errors over all scan:64

DEBUG:root:Result:tau3_fail
DEBUG:root:Match or Not:False
DEBUG:root:Real time1487957674.2

DEBUG:root:Extracted signature:bitarray('11000000111000010000110111000110001110110011100110000011100110000111101100011111010001111100001101100001111000111001111101111011101111111111000001100011111100100100001111001100000111000110000011000110000010101100000100110000110011100100111101011110001011001100110010010100')
DEBUG:root:Matched frame over all scan:932

DEBUG:root:Errors over all scan:19

DEBUG:root:Result:replica detected
DEBUG:root:Match or Not:True
DEBUG:root:Real time1487957674.4

DEBUG:root:Extracted signature:bitarray('11000000011100011000110001001110001100010011100110000011100110000111101100011111010001111100001111100011111001111101111101111011101111111111000000100011111100100000001111001100000111000110000011000110000010101100000110110001100011101100101111011011101011101001100010000100')
DEBUG:root:Matched frame over all scan:932

DEBUG:root:Errors over all scan:23

DEBUG:root:Result:replica detected
DEBUG:root:Match or Not:True
DEBUG:root:Real time1487957674.6

DEBUG:root:Extracted signature:bitarray('11100110000000011000111000000010001111000001110110000001111100000001111000000000100011000010111100001111111011111101111101111011100000011111001000111011111000001111001110000110100111000011010011000001001110000000111100000111100000111011001100110000010000110001010000000100')
DEBUG:root:Matched frame over all scan:934

DEBUG:root:Errors over all scan:35

DEBUG:root:Result:replica detected
DEBUG:root:Match or Not:True
DEBUG:root:Under real time Point counter:0.202128887177

DEBUG:root:Extracted signature:bitarray('11110000111000011110000111000011100000110000111000011000011000000000010000000001100000001110000110011101100011110001110011111100010000111110111000000111110111000001011101111000111011011110011101111110011101111100000001111001101111011101111001001110000110001100000010000100')
DEBUG:root:Matched frame over all scan:935

DEBUG:root:Errors over all scan:32

DEBUG:root:Result:replica detected
DEBUG:root:Match or Not:True
DEBUG:root:Real time1487957675.0

DEBUG:root:Extracted signature:bitarray('11011111000001111111111000001011111110000000110111000000010110000000011000000001100001001110001111100011111011111101111101111011101111111110011000000011100101000010010000011100100110000110011010100010001111000100000100110000110110101100110011011100010100010000100000000100')
DEBUG:root:Matched frame over all scan:221

DEBUG:root:Errors over all scan:69

DEBUG:root:Result:tau3_fail
DEBUG:root:Match or Not:False
DEBUG:root:Real time1487957675.2

DEBUG:root:Extracted signature:bitarray('10011111001000010011111000000011110110000010111110000000011110000000011000000001100001001110001111100111111011111101111101111011101111111110010000000011100100010000010100011100100110000110011011100110001111001100000100110000010110001101100011011100010000010000100010000100')
DEBUG:root:Matched frame over all scan:213

DEBUG:root:Errors over all scan:76

DEBUG:root:Result:tau3_fail
DEBUG:root:Match or Not:False
DEBUG:root:Real time1487957675.4

DEBUG:root:Extracted signature:bitarray('11000001111100011000011111000011100011110000110100111000011100011000011000110011100011101110011111000111100011110001100011000100010011111111110000111101111110000001101110001100111011001000011010000100010010001000000100110000010111000011110001011100111000110001100100100100')
DEBUG:root:Matched frame over all scan:937

DEBUG:root:Errors over all scan:16

DEBUG:root:Result:replica detected
DEBUG:root:Match or Not:True
DEBUG:root:Real time1487957675.6

DEBUG:root:Extracted signature:bitarray('11000001111001111000011111000110000111110001110100110000110100011001111100111011100011111110011111000111110011111001100011000100010000011111111000111001111100000010001111001100100111001000010011000100010110001100001100110000010111000011111000011110101000110000100100100100')
DEBUG:root:Matched frame over all scan:940

DEBUG:root:Errors over all scan:30

DEBUG:root:Result:replica detected
DEBUG:root:Match or Not:True
DEBUG:root:Real time1487957675.8

DEBUG:root:Extracted signature:bitarray('11000000111001111000011111000111000111110000100100011000011100011100111000111011100011101110011111000111100011111001000010000100010000011111111000111001111110000011001111011100110111001000010011000100010010001100000100110000010111000011111001011100111000010001100100000100')
DEBUG:root:Matched frame over all scan:940

DEBUG:root:Errors over all scan:15

DEBUG:root:Result:replica detected
DEBUG:root:Match or Not:True
DEBUG:root:Real time1487957676.0

DEBUG:root:Extracted signature:bitarray('11000001111000111000011111000110001111110000100100011100011100011100111000111011100011111110011111000111100011110001100011000100010000011111111000111001111100000011001110001100100111001000010011000100010010001100000100110000010111000011111001011110111000110000100100000100')
DEBUG:root:Matched frame over all scan:940

DEBUG:root:Errors over all scan:15

DEBUG:root:Result:replica detected
DEBUG:root:Match or Not:True
DEBUG:root:Real time1487957676.21

DEBUG:root:Extracted signature:bitarray('11001100001100111001100001100110011011001000101100100000111100000001111000000001100100000011100000010000000100000010000010000100100101111110000111000000111001111010001101001110100110011111011110011111000000111111000011011100010011000100111001011000110000100001000000001100')
DEBUG:root:Matched frame over all scan:950

DEBUG:root:Errors over all scan:28

DEBUG:root:Result:replica detected
DEBUG:root:Match or Not:True
DEBUG:root:Real time1487957676.41

DEBUG:root:Extracted signature:bitarray('11011100001100111001100001100110011011001001101100100001111100000001111000000001100100000011100000011000000100000010000010000101101101111110111100000001110111110010011111101100100110011110011110011110000000111111000111001100010001000110011001111000010000110001000000001100')
DEBUG:root:Matched frame over all scan:942

DEBUG:root:Errors over all scan:9

DEBUG:root:Result:replica detected
DEBUG:root:Match or Not:True
DEBUG:root:Real time1487957676.61

DEBUG:root:Extracted signature:bitarray('11011100001100111001100001100110011011001001101100100001111100000001111001000001100110000011100000011000000100000010000010000100100101111110111110010001110111110010011101101100100110011110011100011110000000111111000111001100010001000110111001111000010000110001000000001100')
DEBUG:root:Matched frame over all scan:946

DEBUG:root:Errors over all scan:9

DEBUG:root:Result:replica detected
DEBUG:root:Match or Not:True
DEBUG:root:Real time1487957676.81

DEBUG:root:Extracted signature:bitarray('11001100001100111001100001100110011011001001101100100000111100000001111000000001100110000011100000011000000100000010000010000101101101111110111100000010111111110010011111111100100110011110011010011110000010111111000111001100010001000110011001111000010000110001100000001100')
DEBUG:root:Matched frame over all scan:942

DEBUG:root:Errors over all scan:13

DEBUG:root:Result:replica detected
DEBUG:root:Match or Not:True
DEBUG:root:Real time1487957677.01

DEBUG:root:Extracted signature:bitarray('11001100001100111001100001100110011011001001101100100000111100000000111000000000100110000011100000010000000100000010000010000101101101111110111100000010111111110010001111111110100110011111011010011110000010111111000111001100010000000010010001111000110000100001000000001100')
DEBUG:root:Matched frame over all scan:953

DEBUG:root:Errors over all scan:19

DEBUG:root:Result:replica detected
DEBUG:root:Match or Not:True
DEBUG:root:Real time1487957677.21

DEBUG:root:Extracted signature:bitarray('11001100001100111001100001100110011010001001101100100000111100000001111000000000100110000011100000010000000100000010000010000101101101011110111110000000111111110010001111111100100110011110011010011110000010111111000111001100010000000010010000111000010000110001100000001100')
DEBUG:root:Matched frame over all scan:942

DEBUG:root:Errors over all scan:18

DEBUG:root:Result:replica detected
DEBUG:root:Match or Not:True
DEBUG:root:Real time1487957677.41

DEBUG:root:Extracted signature:bitarray('11001100001100111001100001100110011011001001101100100000111100000001111000000001100100000011100000011000000100000010000010000101101101111110111100000000110111110010011111111100100110011110011110011110000000111111000111001100010001000110010001111000010000110001100000001100')
DEBUG:root:Matched frame over all scan:942

DEBUG:root:Errors over all scan:13

DEBUG:root:Result:replica detected
DEBUG:root:Match or Not:True
DEBUG:root:Real time1487957677.61

DEBUG:root:Extracted signature:bitarray('11011100001100111001000001100110011011001001101100100001111100000001111000000001100110000011100000010000000100000010000010000101101101011110111110000001111111110010001111111100100010011110011100011110000000111011000111001100010011000110010001111000010000110001100000001100')
DEBUG:root:Matched frame over all scan:945

DEBUG:root:Errors over all scan:11

DEBUG:root:Result:replica detected
DEBUG:root:Match or Not:True
DEBUG:root:Real time1487957677.81

DEBUG:root:Extracted signature:bitarray('11001100001100111001100001100110011010001001101100100000111100000000111000000000100100000011100000010000000100000010000010000101101101111110111100000010111111110010011111111100100110011111011010011110000010111111000111001100010001000010110001111000110000110000100000001100')
DEBUG:root:Matched frame over all scan:951

DEBUG:root:Errors over all scan:17

DEBUG:root:Result:replica detected
DEBUG:root:Match or Not:True
DEBUG:root:Real time1487957678.01

DEBUG:root:Extracted signature:bitarray('11001100001100111001100001100110011011001000101100100000111100000001111000000001100100000011100000011000000100000010000010000100100101111110111100000000110111110010011111101100100110011110011110011110000000111110000111001100010001000110010001111000110000110001000000001100')
DEBUG:root:Matched frame over all scan:948

DEBUG:root:Errors over all scan:12

DEBUG:root:Result:replica detected
DEBUG:root:Match or Not:True
DEBUG:root:Real time1487957678.21

DEBUG:root:Extracted signature:bitarray('11001100000100111001100001100110011010001000101100100000111100000000111000000000100100000011100000011000000100000010000010000100100101111110111100000000110011110010011111101100100110011110001110011110000010111110000111001100010001000110110001111000010000110001000000101100')
DEBUG:root:Matched frame over all scan:952

DEBUG:root:Errors over all scan:17

DEBUG:root:Result:replica detected
DEBUG:root:Match or Not:True
DEBUG:root:Real time1487957678.41

DEBUG:root:Extracted signature:bitarray('11011100000100111001100001100110011010001001101100100000111100000000111000000000100100000011100000011000000100000010000010000100100101111110111100000000110111110010011111111100100110011110001110011110000010111111000111001100110011000110110001111000010000110001000000101100')
DEBUG:root:Matched frame over all scan:952

DEBUG:root:Errors over all scan:12

DEBUG:root:Result:replica detected
DEBUG:root:Match or Not:True
