DEBUG:root:Under real time Point counter:2.09808349609e-05

DEBUG:root:Real time1487476412.11

DEBUG:root:Real time1487476412.31

DEBUG:root:Real time1487476412.51

DEBUG:root:Real time1487476412.71

DEBUG:root:Real time1487476412.91

DEBUG:root:Real time1487476413.11

DEBUG:root:Real time1487476413.31

DEBUG:root:Real time1487476413.51

DEBUG:root:Real time1487476413.71

DEBUG:root:Real time1487476413.91

DEBUG:root:Real time1487476414.11

DEBUG:root:Real time1487476414.31

DEBUG:root:Real time1487476414.52

DEBUG:root:Real time1487476414.72

DEBUG:root:Real time1487476414.92

DEBUG:root:Real time1487476415.12

DEBUG:root:Real time1487476415.32

DEBUG:root:Too small detection probably wrong
DEBUG:root:Real time1487476415.52

DEBUG:root:Real time1487476415.72

DEBUG:root:Too small detection probably wrong
DEBUG:root:Real time1487476415.92

DEBUG:root:Real time1487476416.12

DEBUG:root:Real time1487476416.32

DEBUG:root:Real time1487476416.52

DEBUG:root:Real time1487476416.72

DEBUG:root:Real time1487476416.92

DEBUG:root:Real time1487476417.13

DEBUG:root:Real time1487476417.33

DEBUG:root:Real time1487476417.53

DEBUG:root:Real time1487476417.73

DEBUG:root:Real time1487476417.93

DEBUG:root:Real time1487476418.13

DEBUG:root:Real time1487476418.33

DEBUG:root:Real time1487476418.53

DEBUG:root:Real time1487476418.73

DEBUG:root:Real time1487476418.93

DEBUG:root:Real time1487476419.13

DEBUG:root:Real time1487476419.33

DEBUG:root:Real time1487476419.53

DEBUG:root:Real time1487476419.74

DEBUG:root:Real time1487476419.94

DEBUG:root:Real time1487476420.14

DEBUG:root:Real time1487476420.34

DEBUG:root:Real time1487476420.54

DEBUG:root:Real time1487476420.74

DEBUG:root:Real time1487476420.94

DEBUG:root:Real time1487476421.14

DEBUG:root:Real time1487476421.34

DEBUG:root:Real time1487476421.54

DEBUG:root:Real time1487476421.74

DEBUG:root:Real time1487476421.94

DEBUG:root:Real time1487476422.14

DEBUG:root:Real time1487476422.35

DEBUG:root:Real time1487476422.55

DEBUG:root:Real time1487476422.75

DEBUG:root:Real time1487476422.95

DEBUG:root:Real time1487476423.15

DEBUG:root:Real time1487476423.35

DEBUG:root:Real time1487476423.55

DEBUG:root:Real time1487476423.75

DEBUG:root:Real time1487476423.95

DEBUG:root:Real time1487476424.15

DEBUG:root:Real time1487476424.35

DEBUG:root:Real time1487476424.55

DEBUG:root:Real time1487476424.77

DEBUG:root:Real time1487476424.97

DEBUG:root:Real time1487476425.17

DEBUG:root:Real time1487476425.38

DEBUG:root:Real time1487476425.58

DEBUG:root:Real time1487476425.78

DEBUG:root:Real time1487476425.98

DEBUG:root:Real time1487476426.18

DEBUG:root:Real time1487476426.38

DEBUG:root:Real time1487476426.58

DEBUG:root:Too small detection probably wrong
DEBUG:root:Real time1487476426.78

DEBUG:root:Real time1487476426.98

DEBUG:root:Real time1487476427.18

DEBUG:root:Real time1487476427.38

DEBUG:root:Real time1487476427.58

DEBUG:root:Real time1487476427.78

DEBUG:root:Real time1487476427.98

DEBUG:root:Too small detection probably wrong
DEBUG:root:Real time1487476428.18

DEBUG:root:Real time1487476428.38

DEBUG:root:Real time1487476428.59

DEBUG:root:Real time1487476428.79

DEBUG:root:Too small detection probably wrong
DEBUG:root:Real time1487476428.99

DEBUG:root:Real time1487476429.19

DEBUG:root:Nonetype
DEBUG:root:Real time1487476429.39

DEBUG:root:Real time1487476429.59

DEBUG:root:Real time1487476429.81

DEBUG:root:Real time1487476430.01

DEBUG:root:Real time1487476430.21

DEBUG:root:Real time1487476430.41

DEBUG:root:Real time1487476430.61

DEBUG:root:Real time1487476430.81

DEBUG:root:Real time1487476431.01

DEBUG:root:Real time1487476431.22

DEBUG:root:Real time1487476431.42

DEBUG:root:Real time1487476431.62

DEBUG:root:Real time1487476431.82

DEBUG:root:Real time1487476432.02

DEBUG:root:Real time1487476432.22

DEBUG:root:Real time1487476432.42

DEBUG:root:Real time1487476432.62

DEBUG:root:Real time1487476432.82

DEBUG:root:Real time1487476433.02

DEBUG:root:Real time1487476433.22

DEBUG:root:Real time1487476433.42

DEBUG:root:Real time1487476433.62

DEBUG:root:Real time1487476433.82

DEBUG:root:Real time1487476434.03

DEBUG:root:Real time1487476434.23

DEBUG:root:Real time1487476434.43

DEBUG:root:Real time1487476434.63

DEBUG:root:Real time1487476434.84

DEBUG:root:Real time1487476435.04

DEBUG:root:Real time1487476435.24

DEBUG:root:Real time1487476435.44

DEBUG:root:Real time1487476435.64

DEBUG:root:Real time1487476435.84

DEBUG:root:Real time1487476436.04

DEBUG:root:Real time1487476436.24

DEBUG:root:Real time1487476436.44

DEBUG:root:Real time1487476436.64

DEBUG:root:Real time1487476436.84

DEBUG:root:Real time1487476437.05

DEBUG:root:Real time1487476437.25

DEBUG:root:Real time1487476437.45

DEBUG:root:Real time1487476437.65

DEBUG:root:Real time1487476437.85

DEBUG:root:Real time1487476438.05

DEBUG:root:Real time1487476438.25

DEBUG:root:Real time1487476438.45

DEBUG:root:Real time1487476438.65

DEBUG:root:Real time1487476438.85

DEBUG:root:Real time1487476439.05

DEBUG:root:Real time1487476439.25

DEBUG:root:Real time1487476439.45

DEBUG:root:Real time1487476439.65

DEBUG:root:Real time1487476439.86

DEBUG:root:Real time1487476440.06

DEBUG:root:Real time1487476440.26

DEBUG:root:Real time1487476440.46

DEBUG:root:Real time1487476440.66

DEBUG:root:Real time1487476440.86

DEBUG:root:Real time1487476441.06

DEBUG:root:Real time1487476441.26

DEBUG:root:Real time1487476441.47

DEBUG:root:Real time1487476441.67

DEBUG:root:Real time1487476441.87

DEBUG:root:Real time1487476442.07

DEBUG:root:Real time1487476442.27

DEBUG:root:Real time1487476442.47

DEBUG:root:Real time1487476442.67

DEBUG:root:Real time1487476442.87

DEBUG:root:Real time1487476443.07

DEBUG:root:Real time1487476443.27

DEBUG:root:Real time1487476443.47

DEBUG:root:Real time1487476443.67

DEBUG:root:Real time1487476443.87

DEBUG:root:Real time1487476444.08

DEBUG:root:Real time1487476444.28

DEBUG:root:Real time1487476444.48

DEBUG:root:Real time1487476444.68

DEBUG:root:Real time1487476444.88

DEBUG:root:Real time1487476445.08

DEBUG:root:Real time1487476445.28

DEBUG:root:Real time1487476445.48

DEBUG:root:Real time1487476445.68

DEBUG:root:Real time1487476445.88

DEBUG:root:Real time1487476446.08

DEBUG:root:Real time1487476446.28

DEBUG:root:Real time1487476446.49

DEBUG:root:Real time1487476446.69

DEBUG:root:Real time1487476446.89

DEBUG:root:Real time1487476447.09

DEBUG:root:Real time1487476447.29

DEBUG:root:Real time1487476447.49

DEBUG:root:Real time1487476447.69

DEBUG:root:Real time1487476447.89

DEBUG:root:Real time1487476448.09

DEBUG:root:Real time1487476448.29

DEBUG:root:Real time1487476448.5

DEBUG:root:Real time1487476448.7

DEBUG:root:Real time1487476448.9

DEBUG:root:Real time1487476449.1

DEBUG:root:Real time1487476449.3

DEBUG:root:Real time1487476449.5

DEBUG:root:Real time1487476449.7

DEBUG:root:Real time1487476449.9

DEBUG:root:Too small detection probably wrong
DEBUG:root:Real time1487476450.11

DEBUG:root:Real time1487476450.31

DEBUG:root:Real time1487476450.51

DEBUG:root:Real time1487476450.71

DEBUG:root:Real time1487476450.91

DEBUG:root:Real time1487476451.11

DEBUG:root:Real time1487476451.31

DEBUG:root:Real time1487476451.51

DEBUG:root:Real time1487476451.71

DEBUG:root:Real time1487476451.91

DEBUG:root:Real time1487476452.11

DEBUG:root:Real time1487476452.31

DEBUG:root:Real time1487476452.51

DEBUG:root:Real time1487476452.71

DEBUG:root:Real time1487476452.91

DEBUG:root:Too small detection probably wrong
DEBUG:root:Real time1487476453.12

DEBUG:root:Too small detection probably wrong
DEBUG:root:Real time1487476453.32

DEBUG:root:Real time1487476453.52

DEBUG:root:Real time1487476453.72

DEBUG:root:Real time1487476453.92

DEBUG:root:Real time1487476454.12

DEBUG:root:Real time1487476454.32

DEBUG:root:Real time1487476454.52

DEBUG:root:Too small detection probably wrong
DEBUG:root:Real time1487476454.72

DEBUG:root:Real time1487476454.92

DEBUG:root:Real time1487476455.12

DEBUG:root:Real time1487476455.33

DEBUG:root:Real time1487476455.53

DEBUG:root:Real time1487476455.73

DEBUG:root:Real time1487476455.93

DEBUG:root:Real time1487476456.13

DEBUG:root:Too small detection probably wrong
DEBUG:root:Real time1487476456.33

DEBUG:root:Real time1487476456.53

DEBUG:root:Real time1487476456.73

DEBUG:root:Real time1487476456.93

DEBUG:root:Too small detection probably wrong
DEBUG:root:Real time1487476457.13

DEBUG:root:Real time1487476457.33

DEBUG:root:Too small detection probably wrong
DEBUG:root:Real time1487476457.53

DEBUG:root:Real time1487476457.74

DEBUG:root:Real time1487476457.94

DEBUG:root:Real time1487476458.14

DEBUG:root:Real time1487476458.34

DEBUG:root:Too small detection probably wrong
DEBUG:root:Real time1487476458.54

DEBUG:root:Too small detection probably wrong
DEBUG:root:Real time1487476458.74

DEBUG:root:Real time1487476458.94

DEBUG:root:Real time1487476459.14

DEBUG:root:Real time1487476459.34

DEBUG:root:Real time1487476459.54

DEBUG:root:Real time1487476459.75

DEBUG:root:Real time1487476459.95

DEBUG:root:Too small detection probably wrong
DEBUG:root:Real time1487476460.15

DEBUG:root:Real time1487476460.35

DEBUG:root:Real time1487476460.56

DEBUG:root:Real time1487476460.76

DEBUG:root:Real time1487476460.96

DEBUG:root:Real time1487476461.16

DEBUG:root:Too small detection probably wrong
DEBUG:root:Real time1487476461.36

DEBUG:root:Real time1487476461.56

DEBUG:root:Real time1487476461.76

DEBUG:root:Real time1487476461.97

DEBUG:root:Too small detection probably wrong
DEBUG:root:Real time1487476462.17

DEBUG:root:Real time1487476462.37

DEBUG:root:Real time1487476462.57

DEBUG:root:Real time1487476462.77

DEBUG:root:Real time1487476462.97

DEBUG:root:Real time1487476463.17

DEBUG:root:Real time1487476463.37

DEBUG:root:Real time1487476463.57

DEBUG:root:Real time1487476463.77

DEBUG:root:Real time1487476463.97

DEBUG:root:Real time1487476464.17

DEBUG:root:Real time1487476464.37

DEBUG:root:Real time1487476464.58

DEBUG:root:Real time1487476464.78

DEBUG:root:Real time1487476464.98

DEBUG:root:Real time1487476465.18

DEBUG:root:Real time1487476465.38

DEBUG:root:Real time1487476465.58

DEBUG:root:Real time1487476465.78

DEBUG:root:Real time1487476465.98

DEBUG:root:Real time1487476466.18

DEBUG:root:Real time1487476466.38

DEBUG:root:Real time1487476466.58

DEBUG:root:Real time1487476466.79

DEBUG:root:Real time1487476466.99

DEBUG:root:Real time1487476467.19

DEBUG:root:Real time1487476467.39

DEBUG:root:Real time1487476467.59

DEBUG:root:Real time1487476467.79

DEBUG:root:Real time1487476467.99

DEBUG:root:Real time1487476468.19

DEBUG:root:Real time1487476468.39

DEBUG:root:Real time1487476468.59

DEBUG:root:Real time1487476468.79

DEBUG:root:Real time1487476469.0

DEBUG:root:Real time1487476469.2

DEBUG:root:Real time1487476469.4

DEBUG:root:Real time1487476469.6

DEBUG:root:Real time1487476469.8

DEBUG:root:Real time1487476470.0

DEBUG:root:Real time1487476470.2

DEBUG:root:Real time1487476470.4

DEBUG:root:Real time1487476470.6

DEBUG:root:Real time1487476470.8

DEBUG:root:Real time1487476471.0

DEBUG:root:Real time1487476471.2

DEBUG:root:Real time1487476471.4

DEBUG:root:Real time1487476471.61

DEBUG:root:Real time1487476471.81

DEBUG:root:Real time1487476472.01

DEBUG:root:Real time1487476472.21

DEBUG:root:Real time1487476472.41

DEBUG:root:Too small detection probably wrong
DEBUG:root:Real time1487476472.61

DEBUG:root:Real time1487476472.81

DEBUG:root:Real time1487476473.01

DEBUG:root:Real time1487476473.21

DEBUG:root:Real time1487476473.41

DEBUG:root:Real time1487476473.62

DEBUG:root:Real time1487476473.82

DEBUG:root:Real time1487476474.02

DEBUG:root:Real time1487476474.22

DEBUG:root:Real time1487476474.42

DEBUG:root:Real time1487476474.62

DEBUG:root:Real time1487476474.82

DEBUG:root:Real time1487476475.02

DEBUG:root:Real time1487476475.22

DEBUG:root:Real time1487476475.42

DEBUG:root:Real time1487476475.62

DEBUG:root:Real time1487476475.83

DEBUG:root:Real time1487476476.03

DEBUG:root:Real time1487476476.23

DEBUG:root:Real time1487476476.43

DEBUG:root:Real time1487476476.63

DEBUG:root:Real time1487476476.83

DEBUG:root:Real time1487476477.03

DEBUG:root:Real time1487476477.23

DEBUG:root:Real time1487476477.43

DEBUG:root:Real time1487476477.63

DEBUG:root:Real time1487476477.83

DEBUG:root:Real time1487476478.03

DEBUG:root:Real time1487476478.23

DEBUG:root:Real time1487476478.43

DEBUG:root:Real time1487476478.63

DEBUG:root:Real time1487476478.83

DEBUG:root:Real time1487476479.04

DEBUG:root:Real time1487476479.24

DEBUG:root:Real time1487476479.44

DEBUG:root:Real time1487476479.64

DEBUG:root:Real time1487476479.84

DEBUG:root:Real time1487476480.04

DEBUG:root:Real time1487476480.24

DEBUG:root:Real time1487476480.44

DEBUG:root:Real time1487476480.64

DEBUG:root:Real time1487476480.84

DEBUG:root:Real time1487476481.04

DEBUG:root:Real time1487476481.24

DEBUG:root:Real time1487476481.45

DEBUG:root:Real time1487476481.65

DEBUG:root:Real time1487476481.85

DEBUG:root:Real time1487476482.05

DEBUG:root:Real time1487476482.25

DEBUG:root:Real time1487476482.45

DEBUG:root:Real time1487476482.65

DEBUG:root:Real time1487476482.85

DEBUG:root:Real time1487476483.05

DEBUG:root:Real time1487476483.25

DEBUG:root:Real time1487476483.45

DEBUG:root:Real time1487476483.65

DEBUG:root:Real time1487476483.85

DEBUG:root:Real time1487476484.05

DEBUG:root:Real time1487476484.25

DEBUG:root:Real time1487476484.45

DEBUG:root:Real time1487476484.65

DEBUG:root:Real time1487476484.85

DEBUG:root:Real time1487476485.06

DEBUG:root:Real time1487476485.26

DEBUG:root:Real time1487476485.46

DEBUG:root:Real time1487476485.66

DEBUG:root:Real time1487476485.86

DEBUG:root:Real time1487476486.06

DEBUG:root:Real time1487476486.26

DEBUG:root:Real time1487476486.46

DEBUG:root:Real time1487476486.66

DEBUG:root:Real time1487476486.86

DEBUG:root:Real time1487476487.06

DEBUG:root:Real time1487476487.26

DEBUG:root:Real time1487476487.46

DEBUG:root:Real time1487476487.66

DEBUG:root:Real time1487476487.86

DEBUG:root:Real time1487476488.07

DEBUG:root:Real time1487476488.27

DEBUG:root:Real time1487476488.47

DEBUG:root:Real time1487476488.67

DEBUG:root:Real time1487476488.87

DEBUG:root:Real time1487476489.07

DEBUG:root:Real time1487476489.27

DEBUG:root:Real time1487476489.47

DEBUG:root:Real time1487476489.67

DEBUG:root:Real time1487476489.87

DEBUG:root:Real time1487476490.07

DEBUG:root:Real time1487476490.27

DEBUG:root:Real time1487476490.47

DEBUG:root:Real time1487476490.67

DEBUG:root:Real time1487476490.87

DEBUG:root:Real time1487476491.07

DEBUG:root:Real time1487476491.28

DEBUG:root:Real time1487476491.48

DEBUG:root:Real time1487476491.68

DEBUG:root:Real time1487476491.88

DEBUG:root:Real time1487476492.08

DEBUG:root:Real time1487476492.28

DEBUG:root:Real time1487476492.48

DEBUG:root:Real time1487476492.68

DEBUG:root:Real time1487476492.88

DEBUG:root:Real time1487476493.08

DEBUG:root:Real time1487476493.28

DEBUG:root:Real time1487476493.48

DEBUG:root:Real time1487476493.68

DEBUG:root:Real time1487476493.89

DEBUG:root:Real time1487476494.09

DEBUG:root:Real time1487476494.29

DEBUG:root:Real time1487476494.49

DEBUG:root:Real time1487476494.69

DEBUG:root:Real time1487476494.89

DEBUG:root:Real time1487476495.09

DEBUG:root:Real time1487476495.29

DEBUG:root:Real time1487476495.5

DEBUG:root:Real time1487476495.7

DEBUG:root:Real time1487476495.9

DEBUG:root:Real time1487476496.1

DEBUG:root:Real time1487476496.3

DEBUG:root:Real time1487476496.5

DEBUG:root:Real time1487476496.7

DEBUG:root:Real time1487476496.9

DEBUG:root:Real time1487476497.1

DEBUG:root:Real time1487476497.3

DEBUG:root:Real time1487476497.5

DEBUG:root:Real time1487476497.7

DEBUG:root:Real time1487476497.91

DEBUG:root:Real time1487476498.11

DEBUG:root:Real time1487476498.31

DEBUG:root:Real time1487476498.51

DEBUG:root:Real time1487476498.71

DEBUG:root:Real time1487476498.91

DEBUG:root:Real time1487476499.11

DEBUG:root:Real time1487476499.31

DEBUG:root:Real time1487476499.51

DEBUG:root:Real time1487476499.71

DEBUG:root:Real time1487476499.91

DEBUG:root:Real time1487476500.12

DEBUG:root:Real time1487476500.32

DEBUG:root:Real time1487476500.52

DEBUG:root:Real time1487476500.72

DEBUG:root:Real time1487476500.92

DEBUG:root:Real time1487476501.12

DEBUG:root:Real time1487476501.32

DEBUG:root:Real time1487476501.52

DEBUG:root:Real time1487476501.72

DEBUG:root:Real time1487476501.92

DEBUG:root:Real time1487476502.12

DEBUG:root:Real time1487476502.33

DEBUG:root:Real time1487476502.53

DEBUG:root:Real time1487476502.73

DEBUG:root:Real time1487476502.93

DEBUG:root:Real time1487476503.13

DEBUG:root:Real time1487476503.33

DEBUG:root:Real time1487476503.53

DEBUG:root:Real time1487476503.73

DEBUG:root:Real time1487476503.93

DEBUG:root:Real time1487476504.13

DEBUG:root:Real time1487476504.33

DEBUG:root:Real time1487476504.53

DEBUG:root:Real time1487476504.73

DEBUG:root:Real time1487476504.93

DEBUG:root:Real time1487476505.13

DEBUG:root:Real time1487476505.34

DEBUG:root:Real time1487476505.54

DEBUG:root:Real time1487476505.74

DEBUG:root:Real time1487476505.94

DEBUG:root:Real time1487476506.14

DEBUG:root:Real time1487476506.34

DEBUG:root:Real time1487476506.54

DEBUG:root:Real time1487476506.74

DEBUG:root:Real time1487476506.94

DEBUG:root:Real time1487476507.14

DEBUG:root:Real time1487476507.34

DEBUG:root:Real time1487476507.54

DEBUG:root:Real time1487476507.74

DEBUG:root:Real time1487476507.95

DEBUG:root:Real time1487476508.15

DEBUG:root:Real time1487476508.35

DEBUG:root:Real time1487476508.55

DEBUG:root:Real time1487476508.75

DEBUG:root:Real time1487476508.95

DEBUG:root:Real time1487476509.15

DEBUG:root:Real time1487476509.35

DEBUG:root:Real time1487476509.55

DEBUG:root:Real time1487476509.75

DEBUG:root:Real time1487476509.95

DEBUG:root:Real time1487476510.15

DEBUG:root:Real time1487476510.35

DEBUG:root:Real time1487476510.55

DEBUG:root:Real time1487476510.75

DEBUG:root:Real time1487476510.95

DEBUG:root:Real time1487476511.15

DEBUG:root:Real time1487476511.35

DEBUG:root:Real time1487476511.55

DEBUG:root:Real time1487476511.76

DEBUG:root:Real time1487476511.96

DEBUG:root:Real time1487476512.16

DEBUG:root:Real time1487476512.36

DEBUG:root:Real time1487476512.56

DEBUG:root:Real time1487476512.76

DEBUG:root:Real time1487476512.96

DEBUG:root:Too small detection probably wrong
DEBUG:root:Real time1487476513.16

DEBUG:root:Real time1487476513.36

DEBUG:root:Real time1487476513.56

DEBUG:root:Real time1487476513.76

DEBUG:root:Real time1487476513.96

DEBUG:root:Real time1487476514.16

DEBUG:root:Real time1487476514.36

DEBUG:root:Real time1487476514.57

DEBUG:root:Real time1487476514.77

DEBUG:root:Real time1487476514.97

DEBUG:root:Real time1487476515.17

DEBUG:root:Real time1487476515.37

DEBUG:root:Real time1487476515.57

DEBUG:root:Real time1487476515.77

DEBUG:root:Real time1487476515.97

DEBUG:root:Real time1487476516.17

DEBUG:root:Real time1487476516.37

DEBUG:root:Real time1487476516.58

DEBUG:root:Real time1487476516.78

DEBUG:root:Real time1487476516.98

DEBUG:root:Real time1487476517.18

DEBUG:root:Real time1487476517.38

DEBUG:root:Real time1487476517.58

DEBUG:root:Real time1487476517.78

DEBUG:root:Real time1487476517.98

DEBUG:root:Real time1487476518.18

DEBUG:root:Real time1487476518.38

DEBUG:root:Real time1487476518.58

DEBUG:root:Real time1487476518.78

DEBUG:root:Real time1487476518.99

DEBUG:root:Real time1487476519.19

DEBUG:root:Real time1487476519.39

DEBUG:root:Real time1487476519.59

DEBUG:root:Real time1487476519.79

DEBUG:root:Real time1487476519.99

DEBUG:root:Real time1487476520.19

DEBUG:root:Real time1487476520.39

DEBUG:root:Real time1487476520.59

DEBUG:root:Real time1487476520.79

DEBUG:root:Real time1487476520.99

DEBUG:root:Real time1487476521.2

DEBUG:root:Real time1487476521.4

DEBUG:root:Real time1487476521.6

DEBUG:root:Real time1487476521.8

DEBUG:root:Real time1487476522.0

DEBUG:root:Real time1487476522.2

DEBUG:root:Real time1487476522.4

DEBUG:root:Real time1487476522.6

DEBUG:root:Real time1487476522.8

DEBUG:root:Real time1487476523.0

DEBUG:root:Real time1487476523.2

DEBUG:root:Real time1487476523.4

DEBUG:root:Real time1487476523.61

DEBUG:root:Real time1487476523.81

DEBUG:root:Real time1487476524.01

DEBUG:root:Real time1487476524.21

DEBUG:root:Real time1487476524.41

DEBUG:root:Real time1487476524.61

DEBUG:root:Real time1487476524.81

DEBUG:root:Real time1487476525.01

DEBUG:root:Real time1487476525.21

DEBUG:root:Real time1487476525.41

DEBUG:root:Real time1487476525.61

DEBUG:root:Real time1487476525.81

DEBUG:root:Too small detection probably wrong
DEBUG:root:Real time1487476526.01

DEBUG:root:Real time1487476526.21

DEBUG:root:Real time1487476526.41

DEBUG:root:Real time1487476526.61

DEBUG:root:Real time1487476526.82

DEBUG:root:Real time1487476527.02

DEBUG:root:Real time1487476527.22

DEBUG:root:Real time1487476527.42

DEBUG:root:Real time1487476527.62

DEBUG:root:Real time1487476527.82

DEBUG:root:Real time1487476528.02

DEBUG:root:Real time1487476528.22

DEBUG:root:Real time1487476528.42

DEBUG:root:Real time1487476528.62

DEBUG:root:Real time1487476528.82

DEBUG:root:Real time1487476529.03

DEBUG:root:Real time1487476529.23

DEBUG:root:Real time1487476529.43

DEBUG:root:Real time1487476529.63

DEBUG:root:Real time1487476529.83

DEBUG:root:Real time1487476530.03

DEBUG:root:Real time1487476530.23

DEBUG:root:Real time1487476530.43

DEBUG:root:Real time1487476530.63

DEBUG:root:Real time1487476530.83

DEBUG:root:Real time1487476531.03

DEBUG:root:Real time1487476531.23

DEBUG:root:Real time1487476531.43

DEBUG:root:Real time1487476531.63

DEBUG:root:Real time1487476531.84

DEBUG:root:Real time1487476532.04

DEBUG:root:Real time1487476532.24

DEBUG:root:Real time1487476532.44

DEBUG:root:Real time1487476532.64

DEBUG:root:Real time1487476532.84

DEBUG:root:Real time1487476533.04

DEBUG:root:Real time1487476533.24

DEBUG:root:Real time1487476533.44

DEBUG:root:Real time1487476533.64

DEBUG:root:Real time1487476533.84

DEBUG:root:Real time1487476534.04

DEBUG:root:Real time1487476534.24

DEBUG:root:Real time1487476534.45

DEBUG:root:Real time1487476534.65

DEBUG:root:Real time1487476534.85

DEBUG:root:Real time1487476535.05

DEBUG:root:Real time1487476535.25

DEBUG:root:Real time1487476535.45

DEBUG:root:Real time1487476535.65

DEBUG:root:Real time1487476535.85

DEBUG:root:Real time1487476536.05

DEBUG:root:Real time1487476536.25

DEBUG:root:Real time1487476536.45

DEBUG:root:Real time1487476536.65

DEBUG:root:Real time1487476536.85

DEBUG:root:Real time1487476537.05

DEBUG:root:Real time1487476537.25

DEBUG:root:Real time1487476537.46

DEBUG:root:Real time1487476537.66

DEBUG:root:Real time1487476537.86

DEBUG:root:Real time1487476538.06

DEBUG:root:Real time1487476538.26

DEBUG:root:Real time1487476538.46

DEBUG:root:Real time1487476538.66

DEBUG:root:Too small detection probably wrong
DEBUG:root:Real time1487476538.86

DEBUG:root:Real time1487476539.06

DEBUG:root:Real time1487476539.26

DEBUG:root:Real time1487476539.46

DEBUG:root:Real time1487476539.66

DEBUG:root:Real time1487476539.86

DEBUG:root:Real time1487476540.06

DEBUG:root:Real time1487476540.26

DEBUG:root:Real time1487476540.47

DEBUG:root:Real time1487476540.67

DEBUG:root:Real time1487476540.87

DEBUG:root:Real time1487476541.07

DEBUG:root:Real time1487476541.27

DEBUG:root:Real time1487476541.47

DEBUG:root:Real time1487476541.67

DEBUG:root:Real time1487476541.87

DEBUG:root:Real time1487476542.07

DEBUG:root:Real time1487476542.27

DEBUG:root:Real time1487476542.47

DEBUG:root:Real time1487476542.67

DEBUG:root:Real time1487476542.87

DEBUG:root:Real time1487476543.07

DEBUG:root:Real time1487476543.28

DEBUG:root:Real time1487476543.48

DEBUG:root:Real time1487476543.68

DEBUG:root:Real time1487476543.88

DEBUG:root:Real time1487476544.08

DEBUG:root:Real time1487476544.28

DEBUG:root:Real time1487476544.48

DEBUG:root:Real time1487476544.68

DEBUG:root:Real time1487476544.88

DEBUG:root:Real time1487476545.08

DEBUG:root:Real time1487476545.28

DEBUG:root:Real time1487476545.48

DEBUG:root:Real time1487476545.68

DEBUG:root:Real time1487476545.88

DEBUG:root:Real time1487476546.08

DEBUG:root:Real time1487476546.28

DEBUG:root:Real time1487476546.48

DEBUG:root:Real time1487476546.68

DEBUG:root:Real time1487476546.89

DEBUG:root:Real time1487476547.09

DEBUG:root:Real time1487476547.29

DEBUG:root:Real time1487476547.49

DEBUG:root:Real time1487476547.69

DEBUG:root:Real time1487476547.89

DEBUG:root:Real time1487476548.09

DEBUG:root:Real time1487476548.29

DEBUG:root:Real time1487476548.49

DEBUG:root:Real time1487476548.69

DEBUG:root:Real time1487476548.9

DEBUG:root:Real time1487476549.1

DEBUG:root:Real time1487476549.3

DEBUG:root:Real time1487476549.5

DEBUG:root:Real time1487476549.7

DEBUG:root:Real time1487476549.9

DEBUG:root:Real time1487476550.1

DEBUG:root:Real time1487476550.3

DEBUG:root:Real time1487476550.5

DEBUG:root:Real time1487476550.7

DEBUG:root:Real time1487476550.9

DEBUG:root:Real time1487476551.11

DEBUG:root:Too small detection probably wrong
DEBUG:root:Real time1487476551.31

DEBUG:root:Real time1487476551.51

DEBUG:root:Real time1487476551.71

DEBUG:root:Real time1487476551.91

DEBUG:root:Real time1487476552.11

DEBUG:root:Real time1487476552.31

DEBUG:root:Real time1487476552.51

DEBUG:root:Real time1487476552.71

DEBUG:root:Real time1487476552.91

DEBUG:root:Real time1487476553.11

DEBUG:root:Real time1487476553.31

DEBUG:root:Real time1487476553.52

DEBUG:root:Real time1487476553.72

DEBUG:root:Real time1487476553.92

DEBUG:root:Real time1487476554.12

DEBUG:root:Real time1487476554.32

DEBUG:root:Real time1487476554.52

DEBUG:root:Real time1487476554.72

DEBUG:root:Real time1487476554.92

DEBUG:root:Real time1487476555.12

DEBUG:root:Real time1487476555.32

DEBUG:root:Real time1487476555.52

DEBUG:root:Real time1487476555.72

DEBUG:root:Real time1487476555.92

DEBUG:root:Real time1487476556.12

DEBUG:root:Real time1487476556.33

DEBUG:root:Real time1487476556.53

DEBUG:root:Real time1487476556.73

DEBUG:root:Real time1487476556.93

DEBUG:root:Real time1487476557.13

DEBUG:root:Real time1487476557.33

DEBUG:root:Real time1487476557.53

DEBUG:root:Real time1487476557.73

DEBUG:root:Real time1487476557.93

DEBUG:root:Real time1487476558.13

DEBUG:root:Real time1487476558.33

DEBUG:root:Real time1487476558.53

DEBUG:root:Real time1487476558.73

DEBUG:root:Real time1487476558.93

DEBUG:root:Real time1487476559.14

DEBUG:root:Real time1487476559.34

DEBUG:root:Real time1487476559.54

DEBUG:root:Real time1487476559.74

DEBUG:root:Real time1487476559.94

DEBUG:root:Real time1487476560.14

DEBUG:root:Real time1487476560.34

DEBUG:root:Real time1487476560.54

DEBUG:root:Real time1487476560.74

DEBUG:root:Real time1487476560.95

DEBUG:root:Real time1487476561.15

DEBUG:root:Real time1487476561.35

DEBUG:root:Real time1487476561.55

DEBUG:root:Real time1487476561.75

DEBUG:root:Real time1487476561.95

DEBUG:root:Real time1487476562.15

DEBUG:root:Real time1487476562.35

DEBUG:root:Real time1487476562.55

DEBUG:root:Real time1487476562.75

DEBUG:root:Real time1487476562.95

DEBUG:root:Real time1487476563.15

DEBUG:root:Real time1487476563.36

DEBUG:root:Real time1487476563.56

DEBUG:root:Real time1487476563.76

DEBUG:root:Real time1487476563.96

DEBUG:root:Real time1487476564.16

DEBUG:root:Real time1487476564.36

DEBUG:root:Real time1487476564.56

DEBUG:root:Real time1487476564.76

DEBUG:root:Real time1487476564.97

DEBUG:root:Real time1487476565.17

DEBUG:root:Real time1487476565.37

DEBUG:root:Real time1487476565.57

DEBUG:root:Real time1487476565.77

DEBUG:root:Real time1487476565.97

DEBUG:root:Real time1487476566.17

DEBUG:root:Real time1487476566.37

DEBUG:root:Real time1487476566.57

DEBUG:root:Real time1487476566.77

DEBUG:root:Real time1487476566.98

DEBUG:root:Real time1487476567.18

DEBUG:root:Real time1487476567.38

DEBUG:root:Real time1487476567.58

DEBUG:root:Real time1487476567.78

DEBUG:root:Real time1487476567.98

DEBUG:root:Real time1487476568.18

DEBUG:root:Real time1487476568.38

DEBUG:root:Real time1487476568.58

DEBUG:root:Real time1487476568.78

DEBUG:root:Real time1487476568.98

DEBUG:root:Real time1487476569.18

DEBUG:root:Real time1487476569.38

DEBUG:root:Real time1487476569.58

DEBUG:root:Real time1487476569.78

DEBUG:root:Real time1487476569.98

DEBUG:root:Real time1487476570.19

DEBUG:root:Real time1487476570.39

DEBUG:root:Real time1487476570.59

DEBUG:root:Real time1487476570.79

DEBUG:root:Real time1487476570.99

DEBUG:root:Real time1487476571.19

DEBUG:root:Real time1487476571.39

DEBUG:root:Real time1487476571.59

DEBUG:root:Real time1487476571.79

DEBUG:root:Real time1487476571.99

DEBUG:root:Real time1487476572.19

DEBUG:root:Real time1487476572.39

DEBUG:root:Real time1487476572.6

DEBUG:root:Real time1487476572.8

DEBUG:root:Real time1487476573.0

DEBUG:root:Real time1487476573.2

DEBUG:root:Real time1487476573.4

DEBUG:root:Real time1487476573.6

DEBUG:root:Real time1487476573.8

DEBUG:root:Real time1487476574.0

DEBUG:root:Real time1487476574.2

DEBUG:root:Real time1487476574.4

DEBUG:root:Real time1487476574.6

DEBUG:root:Real time1487476574.8

DEBUG:root:Real time1487476575.0

DEBUG:root:Real time1487476575.2

DEBUG:root:Real time1487476575.41

DEBUG:root:Real time1487476575.61

DEBUG:root:Real time1487476575.81

DEBUG:root:Real time1487476576.01

DEBUG:root:Real time1487476576.21

DEBUG:root:Real time1487476576.41

DEBUG:root:Real time1487476576.61

DEBUG:root:Real time1487476576.81

DEBUG:root:Real time1487476577.01

DEBUG:root:Real time1487476577.21

DEBUG:root:Real time1487476577.41

DEBUG:root:Real time1487476577.61

DEBUG:root:Too small detection probably wrong
DEBUG:root:Real time1487476577.81

DEBUG:root:Real time1487476578.01

DEBUG:root:Real time1487476578.21

DEBUG:root:Real time1487476578.42

DEBUG:root:Real time1487476578.62

DEBUG:root:Real time1487476578.82

DEBUG:root:Real time1487476579.02

DEBUG:root:Too small detection probably wrong
DEBUG:root:Real time1487476579.22

DEBUG:root:Real time1487476579.42

DEBUG:root:Too small detection probably wrong
DEBUG:root:Real time1487476579.62

DEBUG:root:Real time1487476579.82

DEBUG:root:Real time1487476580.02

DEBUG:root:Real time1487476580.22

DEBUG:root:Real time1487476580.43

DEBUG:root:Real time1487476580.63

DEBUG:root:Real time1487476580.83

DEBUG:root:Real time1487476581.03

DEBUG:root:Real time1487476581.23

DEBUG:root:Real time1487476581.43

DEBUG:root:Real time1487476581.63

DEBUG:root:Real time1487476581.83

DEBUG:root:Real time1487476582.03

DEBUG:root:Real time1487476582.23

DEBUG:root:Real time1487476582.43

DEBUG:root:Real time1487476582.63

DEBUG:root:Real time1487476582.84

DEBUG:root:Real time1487476583.04

DEBUG:root:Real time1487476583.24

DEBUG:root:Real time1487476583.44

DEBUG:root:Real time1487476583.64

DEBUG:root:Real time1487476583.84

DEBUG:root:Real time1487476584.04

DEBUG:root:Real time1487476584.24

DEBUG:root:Real time1487476584.44

DEBUG:root:Real time1487476584.64

DEBUG:root:Real time1487476584.84

DEBUG:root:Real time1487476585.05

DEBUG:root:Real time1487476585.25

DEBUG:root:Real time1487476585.45

DEBUG:root:Real time1487476585.65

DEBUG:root:Real time1487476585.85

DEBUG:root:Real time1487476586.05

DEBUG:root:Real time1487476586.25

DEBUG:root:Real time1487476586.45

DEBUG:root:Real time1487476586.65

DEBUG:root:Real time1487476586.85

DEBUG:root:Real time1487476587.06

DEBUG:root:Real time1487476587.26

DEBUG:root:Real time1487476587.46

DEBUG:root:Real time1487476587.66

DEBUG:root:Real time1487476587.86

DEBUG:root:Real time1487476588.06

DEBUG:root:Real time1487476588.26

DEBUG:root:Real time1487476588.46

DEBUG:root:Real time1487476588.66

DEBUG:root:Real time1487476588.86

DEBUG:root:Real time1487476589.06

DEBUG:root:Real time1487476589.26

DEBUG:root:Real time1487476589.46

DEBUG:root:Real time1487476589.66

DEBUG:root:Real time1487476589.87

DEBUG:root:Real time1487476590.07

DEBUG:root:Real time1487476590.27

DEBUG:root:Real time1487476590.47

DEBUG:root:Real time1487476590.67

DEBUG:root:Real time1487476590.87

DEBUG:root:Too small detection probably wrong
DEBUG:root:Real time1487476591.07

DEBUG:root:Real time1487476591.27

DEBUG:root:Real time1487476591.47

DEBUG:root:Real time1487476591.68

DEBUG:root:Real time1487476591.88

DEBUG:root:Real time1487476592.08

DEBUG:root:Real time1487476592.28

DEBUG:root:Real time1487476592.48

DEBUG:root:Real time1487476592.68

DEBUG:root:Real time1487476592.88

DEBUG:root:Real time1487476593.08

DEBUG:root:Real time1487476593.28

DEBUG:root:Real time1487476593.48

DEBUG:root:Real time1487476593.68

DEBUG:root:Real time1487476593.88

DEBUG:root:Real time1487476594.08

DEBUG:root:Real time1487476594.28

DEBUG:root:Real time1487476594.49

DEBUG:root:Too small detection probably wrong
DEBUG:root:Real time1487476594.69

DEBUG:root:Real time1487476594.89

DEBUG:root:Real time1487476595.09

DEBUG:root:Real time1487476595.29

DEBUG:root:Real time1487476595.49

DEBUG:root:Real time1487476595.69

DEBUG:root:Real time1487476595.89

DEBUG:root:Real time1487476596.09

DEBUG:root:Real time1487476596.29

DEBUG:root:Real time1487476596.49

DEBUG:root:Real time1487476596.7

DEBUG:root:Real time1487476596.9

DEBUG:root:Real time1487476597.1

DEBUG:root:Real time1487476597.3

DEBUG:root:Real time1487476597.5

DEBUG:root:Real time1487476597.7

DEBUG:root:Real time1487476597.9

DEBUG:root:Real time1487476598.1

DEBUG:root:Real time1487476598.3

DEBUG:root:Real time1487476598.5

DEBUG:root:Real time1487476598.7

DEBUG:root:Real time1487476598.9

DEBUG:root:Real time1487476599.11

DEBUG:root:Real time1487476599.31

DEBUG:root:Real time1487476599.51

DEBUG:root:Real time1487476599.71

DEBUG:root:Real time1487476599.91

DEBUG:root:Real time1487476600.11

DEBUG:root:Real time1487476600.31

DEBUG:root:Real time1487476600.51

DEBUG:root:Real time1487476600.71

DEBUG:root:Real time1487476600.91

DEBUG:root:Real time1487476601.11

DEBUG:root:Real time1487476601.31

DEBUG:root:Real time1487476601.51

DEBUG:root:Real time1487476601.71

DEBUG:root:Real time1487476601.91

DEBUG:root:Real time1487476602.12

DEBUG:root:Real time1487476602.32

DEBUG:root:Real time1487476602.52

DEBUG:root:Real time1487476602.72

DEBUG:root:Real time1487476602.92

DEBUG:root:Real time1487476603.12

DEBUG:root:Real time1487476603.32

DEBUG:root:Real time1487476603.52

DEBUG:root:Real time1487476603.72

DEBUG:root:Real time1487476603.92

DEBUG:root:Real time1487476604.12

DEBUG:root:Real time1487476604.32

DEBUG:root:Real time1487476604.52

DEBUG:root:Real time1487476604.72

DEBUG:root:Real time1487476604.93

DEBUG:root:Real time1487476605.13

DEBUG:root:Real time1487476605.33

DEBUG:root:Real time1487476605.53

DEBUG:root:Real time1487476605.73

DEBUG:root:Real time1487476605.93

DEBUG:root:Real time1487476606.13

DEBUG:root:Real time1487476606.33

DEBUG:root:Real time1487476606.53

DEBUG:root:Real time1487476606.73

DEBUG:root:Real time1487476606.93

DEBUG:root:Real time1487476607.13

DEBUG:root:Real time1487476607.34

DEBUG:root:Real time1487476607.54

DEBUG:root:Real time1487476607.74

DEBUG:root:Real time1487476607.94

DEBUG:root:Real time1487476608.14

DEBUG:root:Real time1487476608.34

DEBUG:root:Real time1487476608.54

DEBUG:root:Real time1487476608.74

DEBUG:root:Real time1487476608.94

DEBUG:root:Real time1487476609.14

DEBUG:root:Real time1487476609.34

DEBUG:root:Real time1487476609.54

DEBUG:root:Real time1487476609.74

DEBUG:root:Real time1487476609.94

DEBUG:root:Real time1487476610.14

DEBUG:root:Real time1487476610.34

DEBUG:root:Real time1487476610.54

DEBUG:root:Real time1487476610.75

DEBUG:root:Real time1487476610.95

DEBUG:root:Real time1487476611.15

DEBUG:root:Real time1487476611.35

DEBUG:root:Real time1487476611.55

DEBUG:root:Real time1487476611.75

DEBUG:root:Real time1487476611.95

DEBUG:root:Real time1487476612.15

DEBUG:root:Real time1487476612.35

DEBUG:root:Real time1487476612.55

DEBUG:root:Real time1487476612.76

DEBUG:root:Real time1487476612.96

DEBUG:root:Real time1487476613.16

DEBUG:root:Real time1487476613.36

DEBUG:root:Real time1487476613.56

DEBUG:root:Real time1487476613.76

DEBUG:root:Real time1487476613.96

DEBUG:root:Real time1487476614.16

DEBUG:root:Real time1487476614.36

DEBUG:root:Real time1487476614.56

DEBUG:root:Real time1487476614.76

DEBUG:root:Real time1487476614.96

DEBUG:root:Real time1487476615.17

DEBUG:root:Real time1487476615.37

DEBUG:root:Real time1487476615.57

DEBUG:root:Too small detection probably wrong
DEBUG:root:Real time1487476615.77

DEBUG:root:Real time1487476615.97

DEBUG:root:Real time1487476616.17

DEBUG:root:Real time1487476616.37

DEBUG:root:Real time1487476616.57

DEBUG:root:Real time1487476616.77

DEBUG:root:Real time1487476616.97

DEBUG:root:Real time1487476617.17

DEBUG:root:Real time1487476617.38

DEBUG:root:Real time1487476617.58

DEBUG:root:Real time1487476617.78

DEBUG:root:Real time1487476617.98

DEBUG:root:Real time1487476618.18

DEBUG:root:Real time1487476618.38

DEBUG:root:Real time1487476618.58

DEBUG:root:Real time1487476618.78

DEBUG:root:Real time1487476618.98

DEBUG:root:Real time1487476619.18

DEBUG:root:Real time1487476619.38

DEBUG:root:Real time1487476619.58

DEBUG:root:Real time1487476619.78

DEBUG:root:Real time1487476619.98

DEBUG:root:Real time1487476620.18

DEBUG:root:Real time1487476620.39

DEBUG:root:Real time1487476620.59

DEBUG:root:Too small detection probably wrong
DEBUG:root:Real time1487476620.79

DEBUG:root:Real time1487476620.99

DEBUG:root:Too small detection probably wrong
DEBUG:root:Real time1487476621.19

DEBUG:root:Real time1487476621.39

DEBUG:root:Real time1487476621.59

DEBUG:root:Real time1487476621.79

DEBUG:root:Real time1487476621.99

DEBUG:root:Too small detection probably wrong
DEBUG:root:Real time1487476622.19

DEBUG:root:Real time1487476622.39

DEBUG:root:Real time1487476622.59

DEBUG:root:Real time1487476622.79

DEBUG:root:Real time1487476622.99

DEBUG:root:Real time1487476623.19

DEBUG:root:Real time1487476623.39

DEBUG:root:Too small detection probably wrong
DEBUG:root:Real time1487476623.6

DEBUG:root:Too small detection probably wrong
DEBUG:root:Real time1487476623.8

DEBUG:root:Real time1487476624.0

DEBUG:root:Real time1487476624.2

DEBUG:root:Real time1487476624.4

DEBUG:root:Real time1487476624.6

DEBUG:root:Real time1487476624.8

DEBUG:root:Real time1487476625.0

DEBUG:root:Real time1487476625.2

DEBUG:root:Real time1487476625.4

DEBUG:root:Real time1487476625.6

DEBUG:root:Real time1487476625.8

DEBUG:root:Real time1487476626.01

DEBUG:root:Real time1487476626.21

DEBUG:root:Real time1487476626.41

DEBUG:root:Real time1487476626.61

DEBUG:root:Real time1487476626.81

DEBUG:root:Real time1487476627.01

DEBUG:root:Real time1487476627.21

DEBUG:root:Real time1487476627.41

DEBUG:root:Real time1487476627.61

DEBUG:root:Real time1487476627.81

DEBUG:root:Real time1487476628.01

DEBUG:root:Real time1487476628.21

DEBUG:root:Real time1487476628.42

DEBUG:root:Real time1487476628.62

DEBUG:root:Real time1487476628.82

DEBUG:root:Real time1487476629.02

DEBUG:root:Real time1487476629.22

DEBUG:root:Real time1487476629.42

DEBUG:root:Real time1487476629.62

DEBUG:root:Real time1487476629.82

DEBUG:root:Real time1487476630.02

DEBUG:root:Real time1487476630.22

DEBUG:root:Real time1487476630.42

DEBUG:root:Real time1487476630.62

DEBUG:root:Real time1487476630.83

DEBUG:root:Real time1487476631.03

DEBUG:root:Real time1487476631.23

DEBUG:root:Real time1487476631.43

DEBUG:root:Too small detection probably wrong
DEBUG:root:Real time1487476631.63

DEBUG:root:Real time1487476631.83

DEBUG:root:Too small detection probably wrong
DEBUG:root:Real time1487476632.03

DEBUG:root:Too small detection probably wrong
DEBUG:root:Real time1487476632.23

DEBUG:root:Real time1487476632.43

DEBUG:root:Real time1487476632.63

DEBUG:root:Too small detection probably wrong
DEBUG:root:Real time1487476632.83

DEBUG:root:Real time1487476633.03

DEBUG:root:Real time1487476633.23

DEBUG:root:Real time1487476633.43

DEBUG:root:Real time1487476633.63

DEBUG:root:Real time1487476633.83

DEBUG:root:Real time1487476634.03

DEBUG:root:Real time1487476634.23

DEBUG:root:Too small detection probably wrong
DEBUG:root:Real time1487476634.44

DEBUG:root:Real time1487476634.64

DEBUG:root:Real time1487476634.84

DEBUG:root:Real time1487476635.04

DEBUG:root:Real time1487476635.24

DEBUG:root:Real time1487476635.44

DEBUG:root:Real time1487476635.64

DEBUG:root:Real time1487476635.84

DEBUG:root:Real time1487476636.04

DEBUG:root:Real time1487476636.24

DEBUG:root:Real time1487476636.44

DEBUG:root:Real time1487476636.64

DEBUG:root:Real time1487476636.84

DEBUG:root:Real time1487476637.04

DEBUG:root:Real time1487476637.25

DEBUG:root:Real time1487476637.45

DEBUG:root:Real time1487476637.65

DEBUG:root:Real time1487476637.85

DEBUG:root:Real time1487476638.05

DEBUG:root:Real time1487476638.25

DEBUG:root:Real time1487476638.45

DEBUG:root:Real time1487476638.65

DEBUG:root:Real time1487476638.85

DEBUG:root:Real time1487476639.05

DEBUG:root:Real time1487476639.25

DEBUG:root:Real time1487476639.45

DEBUG:root:Real time1487476639.65

DEBUG:root:Real time1487476639.85

DEBUG:root:Real time1487476640.05

DEBUG:root:Real time1487476640.26

DEBUG:root:Real time1487476640.46

DEBUG:root:Real time1487476640.66

DEBUG:root:Real time1487476640.86

DEBUG:root:Real time1487476641.06

DEBUG:root:Real time1487476641.26

DEBUG:root:Real time1487476641.46

DEBUG:root:Real time1487476641.66

DEBUG:root:Real time1487476641.86

DEBUG:root:Real time1487476642.06

DEBUG:root:Real time1487476642.26

DEBUG:root:Real time1487476642.46

DEBUG:root:Real time1487476642.66

DEBUG:root:Real time1487476642.87

DEBUG:root:Real time1487476643.07

DEBUG:root:Real time1487476643.27

DEBUG:root:Real time1487476643.47

DEBUG:root:Real time1487476643.67

DEBUG:root:Real time1487476643.87

DEBUG:root:Real time1487476644.07

DEBUG:root:Real time1487476644.27

DEBUG:root:Real time1487476644.47

DEBUG:root:Real time1487476644.67

DEBUG:root:Real time1487476644.87

DEBUG:root:Real time1487476645.07

DEBUG:root:Real time1487476645.27

DEBUG:root:Real time1487476645.47

DEBUG:root:Real time1487476645.68

DEBUG:root:Too small detection probably wrong
DEBUG:root:Real time1487476645.88

DEBUG:root:Too small detection probably wrong
DEBUG:root:Real time1487476646.08

DEBUG:root:Real time1487476646.28

DEBUG:root:Too small detection probably wrong
DEBUG:root:Real time1487476646.48

DEBUG:root:Too small detection probably wrong
DEBUG:root:Real time1487476646.68

DEBUG:root:Real time1487476646.88

DEBUG:root:Real time1487476647.08

DEBUG:root:Real time1487476647.28

DEBUG:root:Too small detection probably wrong
DEBUG:root:Real time1487476647.48

DEBUG:root:Real time1487476647.69

DEBUG:root:Too small detection probably wrong
DEBUG:root:Real time1487476647.89

DEBUG:root:Real time1487476648.09

DEBUG:root:Real time1487476648.29

DEBUG:root:Real time1487476648.49

DEBUG:root:Real time1487476648.69

DEBUG:root:Real time1487476648.89

DEBUG:root:Real time1487476649.09

DEBUG:root:Real time1487476649.29

DEBUG:root:Too small detection probably wrong
DEBUG:root:Real time1487476649.49

DEBUG:root:Too small detection probably wrong
DEBUG:root:Real time1487476649.69

DEBUG:root:Too small detection probably wrong
DEBUG:root:Real time1487476649.89

DEBUG:root:Too small detection probably wrong
DEBUG:root:Real time1487476650.09

DEBUG:root:Too small detection probably wrong
DEBUG:root:Real time1487476650.3

DEBUG:root:Too small detection probably wrong
DEBUG:root:Real time1487476650.5

DEBUG:root:Real time1487476650.7

DEBUG:root:Real time1487476650.9

DEBUG:root:Real time1487476651.1

DEBUG:root:Real time1487476651.3

DEBUG:root:Real time1487476651.5

DEBUG:root:Real time1487476651.7

DEBUG:root:Real time1487476651.9

DEBUG:root:Real time1487476652.1

DEBUG:root:Real time1487476652.3

DEBUG:root:Real time1487476652.5

DEBUG:root:Real time1487476652.71

DEBUG:root:Real time1487476652.91

DEBUG:root:Real time1487476653.11

DEBUG:root:Real time1487476653.31

