DEBUG:root:Under real time Point counter:3.21865081787e-05

DEBUG:root:Matched frame over all scan:255

DEBUG:root:Errors over all scan:52

DEBUG:root:Real time1486852231.12

DEBUG:root:Matched frame over all scan:255

DEBUG:root:Errors over all scan:49

DEBUG:root:Real time1486852231.32

DEBUG:root:Matched frame over all scan:257

DEBUG:root:Errors over all scan:68

DEBUG:root:Real time1486852231.52

DEBUG:root:Matched frame over all scan:258

DEBUG:root:Errors over all scan:42

DEBUG:root:Real time1486852231.72

DEBUG:root:Matched frame over all scan:260

DEBUG:root:Errors over all scan:48

DEBUG:root:Real time1486852231.92

DEBUG:root:Matched frame over all scan:258

DEBUG:root:Errors over all scan:44

DEBUG:root:Real time1486852232.13

DEBUG:root:Matched frame over all scan:261

DEBUG:root:Errors over all scan:46

DEBUG:root:Real time1486852232.33

DEBUG:root:Matched frame over all scan:262

DEBUG:root:Errors over all scan:50

DEBUG:root:Real time1486852232.53

DEBUG:root:Matched frame over all scan:64

DEBUG:root:Errors over all scan:65

DEBUG:root:Real time1486852232.73

DEBUG:root:Matched frame over all scan:264

DEBUG:root:Errors over all scan:34

DEBUG:root:Real time1486852232.93

DEBUG:root:Matched frame over all scan:265

DEBUG:root:Errors over all scan:47

DEBUG:root:Real time1486852233.13

DEBUG:root:Matched frame over all scan:265

DEBUG:root:Errors over all scan:36

DEBUG:root:Real time1486852233.33

DEBUG:root:Matched frame over all scan:615

DEBUG:root:Errors over all scan:57

DEBUG:root:Real time1486852233.53

DEBUG:root:Matched frame over all scan:268

DEBUG:root:Errors over all scan:60

DEBUG:root:Real time1486852233.73

DEBUG:root:Matched frame over all scan:266

DEBUG:root:Errors over all scan:59

DEBUG:root:Real time1486852233.93

DEBUG:root:Matched frame over all scan:265

DEBUG:root:Errors over all scan:67

DEBUG:root:Real time1486852234.13

DEBUG:root:Matched frame over all scan:271

DEBUG:root:Errors over all scan:47

DEBUG:root:Real time1486852234.33

DEBUG:root:Matched frame over all scan:272

DEBUG:root:Errors over all scan:42

DEBUG:root:Real time1486852234.53

DEBUG:root:Matched frame over all scan:29

DEBUG:root:Errors over all scan:44

DEBUG:root:Real time1486852234.73

DEBUG:root:Matched frame over all scan:38

DEBUG:root:Errors over all scan:63

DEBUG:root:Real time1486852234.93

DEBUG:root:Real time1486852235.14

DEBUG:root:Matched frame over all scan:271

DEBUG:root:Errors over all scan:67

DEBUG:root:Real time1486852235.34

DEBUG:root:Matched frame over all scan:296

DEBUG:root:Errors over all scan:66

DEBUG:root:Real time1486852235.54

DEBUG:root:Matched frame over all scan:284

DEBUG:root:Errors over all scan:66

DEBUG:root:Real time1486852235.74

DEBUG:root:Matched frame over all scan:280

DEBUG:root:Errors over all scan:64

DEBUG:root:Real time1486852235.94

DEBUG:root:Matched frame over all scan:280

DEBUG:root:Errors over all scan:58

DEBUG:root:Real time1486852236.14

DEBUG:root:Matched frame over all scan:165

DEBUG:root:Errors over all scan:73

DEBUG:root:Real time1486852236.34

DEBUG:root:Matched frame over all scan:287

DEBUG:root:Errors over all scan:58

DEBUG:root:Real time1486852236.54

DEBUG:root:Matched frame over all scan:284

DEBUG:root:Errors over all scan:67

DEBUG:root:Real time1486852236.74

DEBUG:root:Matched frame over all scan:311

DEBUG:root:Errors over all scan:66

DEBUG:root:Real time1486852236.94

DEBUG:root:Matched frame over all scan:311

DEBUG:root:Errors over all scan:69

DEBUG:root:Real time1486852237.14

DEBUG:root:Matched frame over all scan:311

DEBUG:root:Errors over all scan:74

DEBUG:root:Real time1486852237.34

DEBUG:root:Matched frame over all scan:282

DEBUG:root:Errors over all scan:69

DEBUG:root:Real time1486852237.54

DEBUG:root:Matched frame over all scan:592

DEBUG:root:Errors over all scan:77

DEBUG:root:Real time1486852237.74

DEBUG:root:Matched frame over all scan:311

DEBUG:root:Errors over all scan:76

DEBUG:root:Real time1486852237.94

DEBUG:root:Matched frame over all scan:311

DEBUG:root:Errors over all scan:68

DEBUG:root:Real time1486852238.15

DEBUG:root:Matched frame over all scan:284

DEBUG:root:Errors over all scan:70

DEBUG:root:Real time1486852238.35

DEBUG:root:Matched frame over all scan:165

DEBUG:root:Errors over all scan:68

DEBUG:root:Real time1486852238.55

DEBUG:root:Matched frame over all scan:311

DEBUG:root:Errors over all scan:66

DEBUG:root:Real time1486852238.75

DEBUG:root:Matched frame over all scan:165

DEBUG:root:Errors over all scan:72

DEBUG:root:Real time1486852238.95

DEBUG:root:Matched frame over all scan:165

DEBUG:root:Errors over all scan:70

DEBUG:root:Real time1486852239.15

DEBUG:root:Matched frame over all scan:165

DEBUG:root:Errors over all scan:71

DEBUG:root:Real time1486852239.35

DEBUG:root:Matched frame over all scan:165

DEBUG:root:Errors over all scan:68

DEBUG:root:Real time1486852239.55

DEBUG:root:Matched frame over all scan:165

DEBUG:root:Errors over all scan:69

DEBUG:root:Real time1486852239.75

DEBUG:root:Matched frame over all scan:165

DEBUG:root:Errors over all scan:66

DEBUG:root:Real time1486852239.95

DEBUG:root:Matched frame over all scan:301

DEBUG:root:Errors over all scan:67

DEBUG:root:Real time1486852240.15

DEBUG:root:Matched frame over all scan:301

DEBUG:root:Errors over all scan:67

DEBUG:root:Real time1486852240.35

DEBUG:root:Matched frame over all scan:301

DEBUG:root:Errors over all scan:65

DEBUG:root:Real time1486852240.55

DEBUG:root:Matched frame over all scan:301

DEBUG:root:Errors over all scan:70

DEBUG:root:Real time1486852240.76

DEBUG:root:Matched frame over all scan:674

DEBUG:root:Errors over all scan:78

DEBUG:root:Real time1486852240.96

DEBUG:root:Matched frame over all scan:662

DEBUG:root:Errors over all scan:66

DEBUG:root:Real time1486852241.16

DEBUG:root:Matched frame over all scan:306

DEBUG:root:Errors over all scan:71

DEBUG:root:Real time1486852241.36

DEBUG:root:Matched frame over all scan:917

DEBUG:root:Errors over all scan:69

DEBUG:root:Real time1486852241.56

DEBUG:root:Matched frame over all scan:308

DEBUG:root:Errors over all scan:60

DEBUG:root:Real time1486852241.76

DEBUG:root:Matched frame over all scan:309

DEBUG:root:Errors over all scan:59

DEBUG:root:Real time1486852241.96

DEBUG:root:Matched frame over all scan:310

DEBUG:root:Errors over all scan:57

DEBUG:root:Real time1486852242.16

DEBUG:root:Matched frame over all scan:314

DEBUG:root:Errors over all scan:33

DEBUG:root:Real time1486852242.36

DEBUG:root:Matched frame over all scan:314

DEBUG:root:Errors over all scan:32

DEBUG:root:Real time1486852242.56

DEBUG:root:Matched frame over all scan:314

DEBUG:root:Errors over all scan:33

DEBUG:root:Real time1486852242.76

DEBUG:root:Matched frame over all scan:314

DEBUG:root:Errors over all scan:33

DEBUG:root:Real time1486852242.96

DEBUG:root:Matched frame over all scan:314

DEBUG:root:Errors over all scan:34

DEBUG:root:Real time1486852243.16

DEBUG:root:Matched frame over all scan:314

DEBUG:root:Errors over all scan:33

DEBUG:root:Real time1486852243.36

DEBUG:root:Matched frame over all scan:314

DEBUG:root:Errors over all scan:32

DEBUG:root:Real time1486852243.57

DEBUG:root:Matched frame over all scan:314

DEBUG:root:Errors over all scan:33

DEBUG:root:Real time1486852243.77

DEBUG:root:Matched frame over all scan:314

DEBUG:root:Errors over all scan:35

DEBUG:root:Real time1486852243.97

DEBUG:root:Matched frame over all scan:315

DEBUG:root:Errors over all scan:33

DEBUG:root:Real time1486852244.17

DEBUG:root:Matched frame over all scan:314

DEBUG:root:Errors over all scan:34

DEBUG:root:Real time1486852244.37

DEBUG:root:Matched frame over all scan:315

DEBUG:root:Errors over all scan:35

DEBUG:root:Real time1486852244.57

DEBUG:root:Matched frame over all scan:314

DEBUG:root:Errors over all scan:35

DEBUG:root:Real time1486852244.77

DEBUG:root:Matched frame over all scan:322

DEBUG:root:Errors over all scan:59

DEBUG:root:Real time1486852244.97

DEBUG:root:Matched frame over all scan:324

DEBUG:root:Errors over all scan:65

DEBUG:root:Real time1486852245.17

DEBUG:root:Matched frame over all scan:326

DEBUG:root:Errors over all scan:63

DEBUG:root:Real time1486852245.37

DEBUG:root:Matched frame over all scan:327

DEBUG:root:Errors over all scan:68

DEBUG:root:Real time1486852245.57

DEBUG:root:Matched frame over all scan:327

DEBUG:root:Errors over all scan:66

DEBUG:root:Real time1486852245.77

DEBUG:root:Matched frame over all scan:313

DEBUG:root:Errors over all scan:79

DEBUG:root:Real time1486852245.97

DEBUG:root:Matched frame over all scan:330

DEBUG:root:Errors over all scan:67

DEBUG:root:Real time1486852246.17

DEBUG:root:Matched frame over all scan:330

DEBUG:root:Errors over all scan:72

DEBUG:root:Real time1486852246.37

DEBUG:root:Matched frame over all scan:332

DEBUG:root:Errors over all scan:76

DEBUG:root:Real time1486852246.57

DEBUG:root:Matched frame over all scan:878

DEBUG:root:Errors over all scan:61

DEBUG:root:Real time1486852246.78

DEBUG:root:Matched frame over all scan:337

DEBUG:root:Errors over all scan:61

DEBUG:root:Real time1486852246.98

DEBUG:root:Matched frame over all scan:335

DEBUG:root:Errors over all scan:61

DEBUG:root:Real time1486852247.18

DEBUG:root:Matched frame over all scan:336

DEBUG:root:Errors over all scan:67

DEBUG:root:Real time1486852247.38

DEBUG:root:Matched frame over all scan:337

DEBUG:root:Errors over all scan:55

DEBUG:root:Real time1486852247.58

DEBUG:root:Matched frame over all scan:324

DEBUG:root:Errors over all scan:73

DEBUG:root:Real time1486852247.78

DEBUG:root:Matched frame over all scan:450

DEBUG:root:Errors over all scan:66

DEBUG:root:Real time1486852247.98

DEBUG:root:Matched frame over all scan:340

DEBUG:root:Errors over all scan:66

DEBUG:root:Real time1486852248.18

DEBUG:root:Matched frame over all scan:311

DEBUG:root:Errors over all scan:68

DEBUG:root:Real time1486852248.38

DEBUG:root:Matched frame over all scan:296

DEBUG:root:Errors over all scan:70

DEBUG:root:Real time1486852248.58

DEBUG:root:Matched frame over all scan:265

DEBUG:root:Errors over all scan:62

DEBUG:root:Real time1486852248.78

DEBUG:root:Matched frame over all scan:344

DEBUG:root:Errors over all scan:70

DEBUG:root:Real time1486852248.98

DEBUG:root:Matched frame over all scan:678

DEBUG:root:Errors over all scan:69

DEBUG:root:Real time1486852249.18

DEBUG:root:Matched frame over all scan:660

DEBUG:root:Errors over all scan:68

DEBUG:root:Real time1486852249.38

DEBUG:root:Matched frame over all scan:885

DEBUG:root:Errors over all scan:67

DEBUG:root:Real time1486852249.58

DEBUG:root:Matched frame over all scan:349

DEBUG:root:Errors over all scan:71

DEBUG:root:Real time1486852249.78

DEBUG:root:Matched frame over all scan:348

DEBUG:root:Errors over all scan:62

DEBUG:root:Real time1486852249.98

DEBUG:root:Matched frame over all scan:350

DEBUG:root:Errors over all scan:71

DEBUG:root:Real time1486852250.18

DEBUG:root:Matched frame over all scan:351

DEBUG:root:Errors over all scan:61

DEBUG:root:Real time1486852250.38

DEBUG:root:Matched frame over all scan:352

DEBUG:root:Errors over all scan:44

DEBUG:root:Real time1486852250.58

DEBUG:root:Too small detection probably wrong
DEBUG:root:Real time1486852250.79

DEBUG:root:Real time1486852250.99

DEBUG:root:Matched frame over all scan:352

DEBUG:root:Errors over all scan:50

DEBUG:root:Real time1486852251.19

DEBUG:root:Too small detection probably wrong
DEBUG:root:Real time1486852251.39

DEBUG:root:Too small detection probably wrong
DEBUG:root:Real time1486852251.59

DEBUG:root:Too small detection probably wrong
DEBUG:root:Real time1486852251.79

DEBUG:root:Too small detection probably wrong
DEBUG:root:Real time1486852251.99

DEBUG:root:Real time1486852252.19

DEBUG:root:Real time1486852252.39

DEBUG:root:Real time1486852252.59

DEBUG:root:Matched frame over all scan:352

DEBUG:root:Errors over all scan:44

DEBUG:root:Real time1486852252.79

DEBUG:root:Too small detection probably wrong
DEBUG:root:Real time1486852252.99

DEBUG:root:Matched frame over all scan:353

DEBUG:root:Errors over all scan:43

DEBUG:root:Real time1486852253.19

DEBUG:root:Matched frame over all scan:359

DEBUG:root:Errors over all scan:61

DEBUG:root:Real time1486852253.39

DEBUG:root:Matched frame over all scan:360

DEBUG:root:Errors over all scan:80

DEBUG:root:Real time1486852253.6

DEBUG:root:Matched frame over all scan:361

DEBUG:root:Errors over all scan:69

DEBUG:root:Real time1486852253.8

DEBUG:root:Matched frame over all scan:362

DEBUG:root:Errors over all scan:69

DEBUG:root:Real time1486852254.0

DEBUG:root:Matched frame over all scan:363

DEBUG:root:Errors over all scan:60

DEBUG:root:Real time1486852254.2

DEBUG:root:Matched frame over all scan:314

DEBUG:root:Errors over all scan:63

DEBUG:root:Real time1486852254.4

DEBUG:root:Matched frame over all scan:365

DEBUG:root:Errors over all scan:40

DEBUG:root:Real time1486852254.6

DEBUG:root:Matched frame over all scan:365

DEBUG:root:Errors over all scan:44

DEBUG:root:Real time1486852254.8

DEBUG:root:Matched frame over all scan:365

DEBUG:root:Errors over all scan:42

DEBUG:root:Real time1486852255.0

DEBUG:root:Matched frame over all scan:365

DEBUG:root:Errors over all scan:48

DEBUG:root:Real time1486852255.2

DEBUG:root:Matched frame over all scan:365

DEBUG:root:Errors over all scan:57

DEBUG:root:Real time1486852255.4

DEBUG:root:Matched frame over all scan:370

DEBUG:root:Errors over all scan:47

DEBUG:root:Real time1486852255.6

DEBUG:root:Matched frame over all scan:370

DEBUG:root:Errors over all scan:44

DEBUG:root:Real time1486852255.8

DEBUG:root:Matched frame over all scan:372

DEBUG:root:Errors over all scan:42

DEBUG:root:Real time1486852256.0

DEBUG:root:Matched frame over all scan:129

DEBUG:root:Errors over all scan:72

DEBUG:root:Real time1486852256.2

DEBUG:root:Matched frame over all scan:687

DEBUG:root:Errors over all scan:73

DEBUG:root:Real time1486852256.4

DEBUG:root:Matched frame over all scan:375

DEBUG:root:Errors over all scan:68

DEBUG:root:Real time1486852256.6

DEBUG:root:Matched frame over all scan:376

DEBUG:root:Errors over all scan:35

DEBUG:root:Real time1486852256.8

DEBUG:root:Matched frame over all scan:144

DEBUG:root:Errors over all scan:71

DEBUG:root:Real time1486852257.0

DEBUG:root:Matched frame over all scan:86

DEBUG:root:Errors over all scan:74

DEBUG:root:Real time1486852257.2

DEBUG:root:Matched frame over all scan:379

DEBUG:root:Errors over all scan:55

DEBUG:root:Real time1486852257.41

DEBUG:root:Matched frame over all scan:380

DEBUG:root:Errors over all scan:61

DEBUG:root:Real time1486852257.61

DEBUG:root:Matched frame over all scan:381

DEBUG:root:Errors over all scan:71

DEBUG:root:Real time1486852257.81

DEBUG:root:Matched frame over all scan:382

DEBUG:root:Errors over all scan:71

DEBUG:root:Real time1486852258.01

DEBUG:root:Matched frame over all scan:383

DEBUG:root:Errors over all scan:61

DEBUG:root:Real time1486852258.21

DEBUG:root:Matched frame over all scan:384

DEBUG:root:Errors over all scan:77

DEBUG:root:Real time1486852258.41

DEBUG:root:Matched frame over all scan:547

DEBUG:root:Errors over all scan:74

DEBUG:root:Real time1486852258.61

DEBUG:root:Matched frame over all scan:728

DEBUG:root:Errors over all scan:70

DEBUG:root:Real time1486852258.81

DEBUG:root:Matched frame over all scan:593

DEBUG:root:Errors over all scan:73

DEBUG:root:Real time1486852259.01

DEBUG:root:Matched frame over all scan:388

DEBUG:root:Errors over all scan:65

DEBUG:root:Real time1486852259.21

DEBUG:root:Matched frame over all scan:389

DEBUG:root:Errors over all scan:71

DEBUG:root:Real time1486852259.41

DEBUG:root:Matched frame over all scan:337

DEBUG:root:Errors over all scan:76

DEBUG:root:Real time1486852259.61

DEBUG:root:Matched frame over all scan:391

DEBUG:root:Errors over all scan:52

DEBUG:root:Real time1486852259.81

DEBUG:root:Matched frame over all scan:392

DEBUG:root:Errors over all scan:61

DEBUG:root:Real time1486852260.01

DEBUG:root:Matched frame over all scan:952

DEBUG:root:Errors over all scan:65

DEBUG:root:Real time1486852260.21

DEBUG:root:Real time1486852260.42

DEBUG:root:Real time1486852260.62

DEBUG:root:Matched frame over all scan:57

DEBUG:root:Errors over all scan:75

DEBUG:root:Real time1486852260.82

DEBUG:root:Matched frame over all scan:396

DEBUG:root:Errors over all scan:41

DEBUG:root:Real time1486852261.02

DEBUG:root:Matched frame over all scan:622

DEBUG:root:Errors over all scan:74

DEBUG:root:Real time1486852261.22

DEBUG:root:Matched frame over all scan:397

DEBUG:root:Errors over all scan:43

DEBUG:root:Real time1486852261.42

DEBUG:root:Matched frame over all scan:397

DEBUG:root:Errors over all scan:41

DEBUG:root:Real time1486852261.62

DEBUG:root:Matched frame over all scan:404

DEBUG:root:Errors over all scan:28

DEBUG:root:Real time1486852261.82

DEBUG:root:Matched frame over all scan:403

DEBUG:root:Errors over all scan:30

DEBUG:root:Real time1486852262.02

DEBUG:root:Matched frame over all scan:403

DEBUG:root:Errors over all scan:27

DEBUG:root:Real time1486852262.22

DEBUG:root:Matched frame over all scan:405

DEBUG:root:Errors over all scan:25

DEBUG:root:Real time1486852262.42

DEBUG:root:Matched frame over all scan:405

DEBUG:root:Errors over all scan:27

DEBUG:root:Real time1486852262.62

DEBUG:root:Matched frame over all scan:404

DEBUG:root:Errors over all scan:28

DEBUG:root:Real time1486852262.82

DEBUG:root:Matched frame over all scan:405

DEBUG:root:Errors over all scan:27

DEBUG:root:Real time1486852263.02

DEBUG:root:Matched frame over all scan:64

DEBUG:root:Errors over all scan:69

DEBUG:root:Real time1486852263.22

DEBUG:root:Matched frame over all scan:711

DEBUG:root:Errors over all scan:68

DEBUG:root:Real time1486852263.42

DEBUG:root:Matched frame over all scan:7

DEBUG:root:Errors over all scan:62

DEBUG:root:Real time1486852263.62

DEBUG:root:Matched frame over all scan:27

DEBUG:root:Errors over all scan:73

DEBUG:root:Real time1486852263.83

DEBUG:root:Matched frame over all scan:70

DEBUG:root:Errors over all scan:62

DEBUG:root:Real time1486852264.03

DEBUG:root:Matched frame over all scan:608

DEBUG:root:Errors over all scan:71

DEBUG:root:Real time1486852264.23

DEBUG:root:Matched frame over all scan:354

DEBUG:root:Errors over all scan:73

DEBUG:root:Real time1486852264.43

DEBUG:root:Matched frame over all scan:123

DEBUG:root:Errors over all scan:84

DEBUG:root:Real time1486852264.63

DEBUG:root:Matched frame over all scan:517

DEBUG:root:Errors over all scan:85

DEBUG:root:Real time1486852264.83

DEBUG:root:Matched frame over all scan:414

DEBUG:root:Errors over all scan:78

DEBUG:root:Real time1486852265.03

DEBUG:root:Matched frame over all scan:416

DEBUG:root:Errors over all scan:55

DEBUG:root:Real time1486852265.23

DEBUG:root:Matched frame over all scan:419

DEBUG:root:Errors over all scan:59

DEBUG:root:Real time1486852265.43

DEBUG:root:Matched frame over all scan:419

DEBUG:root:Errors over all scan:57

DEBUG:root:Real time1486852265.63

DEBUG:root:Matched frame over all scan:419

DEBUG:root:Errors over all scan:58

DEBUG:root:Real time1486852265.83

DEBUG:root:Matched frame over all scan:419

DEBUG:root:Errors over all scan:43

DEBUG:root:Real time1486852266.03

DEBUG:root:Matched frame over all scan:422

DEBUG:root:Errors over all scan:34

DEBUG:root:Real time1486852266.23

DEBUG:root:Matched frame over all scan:419

DEBUG:root:Errors over all scan:56

DEBUG:root:Real time1486852266.43

DEBUG:root:Matched frame over all scan:423

DEBUG:root:Errors over all scan:50

DEBUG:root:Real time1486852266.64

DEBUG:root:Matched frame over all scan:424

DEBUG:root:Errors over all scan:63

DEBUG:root:Real time1486852266.84

DEBUG:root:Matched frame over all scan:425

DEBUG:root:Errors over all scan:51

DEBUG:root:Real time1486852267.04

DEBUG:root:Matched frame over all scan:426

DEBUG:root:Errors over all scan:45

DEBUG:root:Real time1486852267.24

DEBUG:root:Matched frame over all scan:132

DEBUG:root:Errors over all scan:78

DEBUG:root:Real time1486852267.44

DEBUG:root:Matched frame over all scan:428

DEBUG:root:Errors over all scan:60

DEBUG:root:Real time1486852267.64

DEBUG:root:Matched frame over all scan:431

DEBUG:root:Errors over all scan:82

DEBUG:root:Real time1486852267.84

DEBUG:root:Matched frame over all scan:430

DEBUG:root:Errors over all scan:67

DEBUG:root:Real time1486852268.04

DEBUG:root:Matched frame over all scan:718

DEBUG:root:Errors over all scan:76

DEBUG:root:Real time1486852268.24

DEBUG:root:Matched frame over all scan:134

DEBUG:root:Errors over all scan:76

DEBUG:root:Real time1486852268.44

DEBUG:root:Matched frame over all scan:899

DEBUG:root:Errors over all scan:87

DEBUG:root:Real time1486852268.64

DEBUG:root:Matched frame over all scan:329

DEBUG:root:Errors over all scan:79

DEBUG:root:Real time1486852268.84

DEBUG:root:Matched frame over all scan:768

DEBUG:root:Errors over all scan:83

DEBUG:root:Real time1486852269.04

DEBUG:root:Matched frame over all scan:678

DEBUG:root:Errors over all scan:85

DEBUG:root:Real time1486852269.24

DEBUG:root:Matched frame over all scan:467

DEBUG:root:Errors over all scan:68

DEBUG:root:Real time1486852269.44

DEBUG:root:Matched frame over all scan:437

DEBUG:root:Errors over all scan:66

DEBUG:root:Real time1486852269.64

DEBUG:root:Matched frame over all scan:438

DEBUG:root:Errors over all scan:59

DEBUG:root:Real time1486852269.85

DEBUG:root:Matched frame over all scan:439

DEBUG:root:Errors over all scan:53

DEBUG:root:Real time1486852270.05

DEBUG:root:Matched frame over all scan:441

DEBUG:root:Errors over all scan:56

DEBUG:root:Real time1486852270.25

DEBUG:root:Matched frame over all scan:442

DEBUG:root:Errors over all scan:34

DEBUG:root:Real time1486852270.45

DEBUG:root:Matched frame over all scan:268

DEBUG:root:Errors over all scan:77

DEBUG:root:Real time1486852270.65

DEBUG:root:Matched frame over all scan:276

DEBUG:root:Errors over all scan:68

DEBUG:root:Real time1486852270.85

DEBUG:root:Matched frame over all scan:445

DEBUG:root:Errors over all scan:65

DEBUG:root:Real time1486852271.05

DEBUG:root:Matched frame over all scan:460

DEBUG:root:Errors over all scan:72

DEBUG:root:Real time1486852271.25

DEBUG:root:Matched frame over all scan:448

DEBUG:root:Errors over all scan:59

DEBUG:root:Real time1486852271.45

DEBUG:root:Matched frame over all scan:461

DEBUG:root:Errors over all scan:63

DEBUG:root:Real time1486852271.65

DEBUG:root:Matched frame over all scan:449

DEBUG:root:Errors over all scan:64

DEBUG:root:Real time1486852271.85

DEBUG:root:Matched frame over all scan:451

DEBUG:root:Errors over all scan:62

DEBUG:root:Real time1486852272.05

DEBUG:root:Matched frame over all scan:451

DEBUG:root:Errors over all scan:63

DEBUG:root:Real time1486852272.25

DEBUG:root:Matched frame over all scan:451

DEBUG:root:Errors over all scan:53

DEBUG:root:Real time1486852272.45

DEBUG:root:Matched frame over all scan:732

DEBUG:root:Errors over all scan:77

DEBUG:root:Real time1486852272.65

DEBUG:root:Matched frame over all scan:455

DEBUG:root:Errors over all scan:64

DEBUG:root:Real time1486852272.86

DEBUG:root:Matched frame over all scan:455

DEBUG:root:Errors over all scan:63

DEBUG:root:Real time1486852273.06

DEBUG:root:Matched frame over all scan:449

DEBUG:root:Errors over all scan:62

DEBUG:root:Real time1486852273.26

DEBUG:root:Matched frame over all scan:461

DEBUG:root:Errors over all scan:69

DEBUG:root:Real time1486852273.46

DEBUG:root:Matched frame over all scan:461

DEBUG:root:Errors over all scan:67

