DEBUG:root:Under real time Point counter:2.50339508057e-05

DEBUG:root:Real time1487320833.84

DEBUG:root:Real time1487320834.04

DEBUG:root:Too small detection probably wrong
DEBUG:root:Real time1487320834.24

DEBUG:root:Too small detection probably wrong
DEBUG:root:Real time1487320834.44

DEBUG:root:Real time1487320834.64

DEBUG:root:Real time1487320834.84

DEBUG:root:Real time1487320835.04

DEBUG:root:Real time1487320835.24

DEBUG:root:Real time1487320835.44

DEBUG:root:Real time1487320835.64

DEBUG:root:Real time1487320835.85

DEBUG:root:Too small detection probably wrong
DEBUG:root:Real time1487320836.05

DEBUG:root:Too small detection probably wrong
DEBUG:root:Real time1487320836.25

DEBUG:root:Real time1487320836.45

DEBUG:root:Too small detection probably wrong
DEBUG:root:Real time1487320836.65

DEBUG:root:Real time1487320836.86

DEBUG:root:Too small detection probably wrong
DEBUG:root:Real time1487320837.06

DEBUG:root:Real time1487320837.26

DEBUG:root:Real time1487320837.46

DEBUG:root:Real time1487320837.66

DEBUG:root:Real time1487320837.86

DEBUG:root:Real time1487320838.06

DEBUG:root:Too small detection probably wrong
DEBUG:root:Real time1487320838.26

DEBUG:root:Real time1487320838.46

DEBUG:root:Too small detection probably wrong
DEBUG:root:Real time1487320838.66

DEBUG:root:Real time1487320838.86

DEBUG:root:Real time1487320839.06

DEBUG:root:Too small detection probably wrong
DEBUG:root:Real time1487320839.27

DEBUG:root:Real time1487320839.47

DEBUG:root:Too small detection probably wrong
DEBUG:root:Real time1487320839.67

DEBUG:root:Real time1487320839.87

DEBUG:root:Too small detection probably wrong
DEBUG:root:Real time1487320840.07

DEBUG:root:Real time1487320840.27

DEBUG:root:Too small detection probably wrong
DEBUG:root:Real time1487320840.47

DEBUG:root:Real time1487320840.67

DEBUG:root:Real time1487320840.87

DEBUG:root:Real time1487320841.07

DEBUG:root:Real time1487320841.28

DEBUG:root:Real time1487320841.48

DEBUG:root:Real time1487320841.68

DEBUG:root:Too small detection probably wrong
DEBUG:root:Real time1487320841.88

DEBUG:root:Real time1487320842.08

DEBUG:root:Real time1487320842.28

DEBUG:root:Real time1487320842.48

DEBUG:root:Nonetype
DEBUG:root:Real time1487320842.68

DEBUG:root:Real time1487320842.89

DEBUG:root:Real time1487320843.09

DEBUG:root:Too small detection probably wrong
DEBUG:root:Real time1487320843.29

DEBUG:root:Real time1487320843.49

DEBUG:root:Real time1487320843.69

DEBUG:root:Real time1487320843.89

DEBUG:root:Real time1487320844.09

DEBUG:root:Real time1487320844.29

DEBUG:root:Real time1487320844.49

DEBUG:root:Real time1487320844.69

DEBUG:root:Real time1487320844.9

DEBUG:root:Real time1487320845.1

DEBUG:root:Real time1487320845.3

DEBUG:root:Real time1487320845.5

DEBUG:root:Too small detection probably wrong
DEBUG:root:Real time1487320845.7

DEBUG:root:Too small detection probably wrong
DEBUG:root:Real time1487320845.9

DEBUG:root:Too small detection probably wrong
DEBUG:root:Real time1487320846.1

DEBUG:root:Real time1487320846.3

DEBUG:root:Real time1487320846.5

DEBUG:root:Too small detection probably wrong
DEBUG:root:Real time1487320846.7

DEBUG:root:Real time1487320846.9

DEBUG:root:Too small detection probably wrong
DEBUG:root:Real time1487320847.11

DEBUG:root:Real time1487320847.31

DEBUG:root:Real time1487320847.51

DEBUG:root:Too small detection probably wrong
DEBUG:root:Real time1487320847.71

DEBUG:root:Real time1487320847.91

DEBUG:root:Real time1487320848.11

DEBUG:root:Real time1487320848.31

DEBUG:root:Real time1487320848.51

DEBUG:root:Real time1487320848.71

DEBUG:root:Real time1487320848.91

DEBUG:root:Real time1487320849.11

DEBUG:root:Real time1487320849.32

DEBUG:root:Real time1487320849.52

DEBUG:root:Real time1487320849.72

DEBUG:root:Real time1487320849.92

DEBUG:root:Real time1487320850.12

DEBUG:root:Real time1487320850.32

DEBUG:root:Real time1487320850.52

DEBUG:root:Real time1487320850.72

DEBUG:root:Real time1487320850.92

DEBUG:root:Real time1487320851.12

DEBUG:root:Real time1487320851.32

DEBUG:root:Real time1487320851.52

DEBUG:root:Real time1487320851.73

DEBUG:root:Real time1487320851.93

DEBUG:root:Real time1487320852.13

DEBUG:root:Too small detection probably wrong
DEBUG:root:Real time1487320852.33

DEBUG:root:Too small detection probably wrong
DEBUG:root:Real time1487320852.54

DEBUG:root:Real time1487320852.74

DEBUG:root:Real time1487320852.94

DEBUG:root:Real time1487320853.14

DEBUG:root:Real time1487320853.34

DEBUG:root:Too small detection probably wrong
DEBUG:root:Real time1487320853.54

DEBUG:root:Too small detection probably wrong
DEBUG:root:Real time1487320853.74

DEBUG:root:Real time1487320853.94

DEBUG:root:Too small detection probably wrong
DEBUG:root:Real time1487320854.14

DEBUG:root:Too small detection probably wrong
DEBUG:root:Real time1487320854.34

DEBUG:root:Real time1487320854.54

DEBUG:root:Real time1487320854.74

DEBUG:root:Too small detection probably wrong
DEBUG:root:Real time1487320854.94

DEBUG:root:Real time1487320855.15

DEBUG:root:Real time1487320855.35

DEBUG:root:Too small detection probably wrong
DEBUG:root:Real time1487320855.55

DEBUG:root:Real time1487320855.75

DEBUG:root:Real time1487320855.95

DEBUG:root:Real time1487320856.15

DEBUG:root:Too small detection probably wrong
DEBUG:root:Real time1487320856.35

DEBUG:root:Real time1487320856.55

DEBUG:root:Real time1487320856.75

DEBUG:root:Real time1487320856.95

DEBUG:root:Real time1487320857.16

DEBUG:root:Real time1487320857.36

DEBUG:root:Real time1487320857.56

DEBUG:root:Real time1487320857.76

DEBUG:root:Too small detection probably wrong
DEBUG:root:Real time1487320857.96

DEBUG:root:Too small detection probably wrong
DEBUG:root:Real time1487320858.16

DEBUG:root:Too small detection probably wrong
DEBUG:root:Real time1487320858.36

DEBUG:root:Real time1487320858.56

DEBUG:root:Real time1487320858.76

DEBUG:root:Too small detection probably wrong
DEBUG:root:Real time1487320858.96

DEBUG:root:Too small detection probably wrong
DEBUG:root:Real time1487320859.16

DEBUG:root:Too small detection probably wrong
DEBUG:root:Real time1487320859.36

DEBUG:root:Too small detection probably wrong
DEBUG:root:Real time1487320859.56

DEBUG:root:Too small detection probably wrong
DEBUG:root:Real time1487320859.76

DEBUG:root:Too small detection probably wrong
DEBUG:root:Real time1487320859.97

DEBUG:root:Real time1487320860.17

DEBUG:root:Real time1487320860.37

DEBUG:root:Real time1487320860.57

DEBUG:root:Real time1487320860.77

DEBUG:root:Real time1487320860.97

DEBUG:root:Real time1487320861.17

DEBUG:root:Too small detection probably wrong
DEBUG:root:Real time1487320861.38

DEBUG:root:Real time1487320861.58

DEBUG:root:Real time1487320861.78

DEBUG:root:Real time1487320861.98

DEBUG:root:Real time1487320862.18

DEBUG:root:Real time1487320862.38

DEBUG:root:Too small detection probably wrong
DEBUG:root:Real time1487320862.58

DEBUG:root:Too small detection probably wrong
DEBUG:root:Real time1487320862.78

DEBUG:root:Too small detection probably wrong
DEBUG:root:Real time1487320862.98

DEBUG:root:Real time1487320863.19

DEBUG:root:Too small detection probably wrong
DEBUG:root:Real time1487320863.39

DEBUG:root:Real time1487320863.59

DEBUG:root:Too small detection probably wrong
DEBUG:root:Real time1487320863.79

DEBUG:root:Too small detection probably wrong
DEBUG:root:Real time1487320863.99

DEBUG:root:Real time1487320864.19

DEBUG:root:Real time1487320864.39

DEBUG:root:Real time1487320864.59

DEBUG:root:Real time1487320864.79

DEBUG:root:Real time1487320864.99

DEBUG:root:Real time1487320865.19

DEBUG:root:Real time1487320865.39

DEBUG:root:Real time1487320865.6

DEBUG:root:Real time1487320865.8

DEBUG:root:Real time1487320866.0

DEBUG:root:Real time1487320866.2

DEBUG:root:Too small detection probably wrong
DEBUG:root:Real time1487320866.4

DEBUG:root:Real time1487320866.6

DEBUG:root:Real time1487320866.8

DEBUG:root:Real time1487320867.0

DEBUG:root:Real time1487320867.2

DEBUG:root:Real time1487320867.41

DEBUG:root:Real time1487320867.61

DEBUG:root:Real time1487320867.81

DEBUG:root:Too small detection probably wrong
DEBUG:root:Real time1487320868.01

DEBUG:root:Real time1487320868.21

DEBUG:root:Real time1487320868.41

DEBUG:root:Real time1487320868.61

DEBUG:root:Real time1487320868.81

DEBUG:root:Real time1487320869.01

DEBUG:root:Real time1487320869.21

DEBUG:root:Real time1487320869.41

DEBUG:root:Real time1487320869.61

DEBUG:root:Real time1487320869.82

DEBUG:root:Real time1487320870.02

DEBUG:root:Real time1487320870.22

DEBUG:root:Real time1487320870.42

DEBUG:root:Real time1487320870.62

DEBUG:root:Real time1487320870.82

DEBUG:root:Real time1487320871.02

DEBUG:root:Real time1487320871.22

DEBUG:root:Real time1487320871.42

DEBUG:root:Real time1487320871.63

DEBUG:root:Too small detection probably wrong
DEBUG:root:Real time1487320871.83

DEBUG:root:Real time1487320872.03

DEBUG:root:Real time1487320872.23

DEBUG:root:Real time1487320872.43

DEBUG:root:Real time1487320872.63

DEBUG:root:Too small detection probably wrong
DEBUG:root:Real time1487320872.83

DEBUG:root:Too small detection probably wrong
DEBUG:root:Real time1487320873.03

DEBUG:root:Too small detection probably wrong
DEBUG:root:Real time1487320873.23

DEBUG:root:Too small detection probably wrong
DEBUG:root:Real time1487320873.43

DEBUG:root:Under real time Point counter:2.00271606445e-05

DEBUG:root:Real time1487320881.73

DEBUG:root:Real time1487320881.93

DEBUG:root:Real time1487320882.13

DEBUG:root:Real time1487320882.33

DEBUG:root:Real time1487320882.53

DEBUG:root:Real time1487320882.73

DEBUG:root:Real time1487320882.93

DEBUG:root:Real time1487320883.13

DEBUG:root:Real time1487320883.33

DEBUG:root:Too small detection probably wrong
DEBUG:root:Real time1487320883.53

DEBUG:root:Real time1487320883.73

DEBUG:root:Too small detection probably wrong
DEBUG:root:Real time1487320883.93

DEBUG:root:Real time1487320884.14

DEBUG:root:Real time1487320884.34

DEBUG:root:Real time1487320884.54

DEBUG:root:Real time1487320884.74

DEBUG:root:Real time1487320884.94

DEBUG:root:Real time1487320885.14

DEBUG:root:Real time1487320885.34

DEBUG:root:Too small detection probably wrong
DEBUG:root:Real time1487320885.54

DEBUG:root:Real time1487320885.74

DEBUG:root:Real time1487320885.94

DEBUG:root:Real time1487320886.15

DEBUG:root:Real time1487320886.35

DEBUG:root:Real time1487320886.55

DEBUG:root:Real time1487320886.75

DEBUG:root:Real time1487320886.95

DEBUG:root:Real time1487320887.15

DEBUG:root:Real time1487320887.35

DEBUG:root:Too small detection probably wrong
DEBUG:root:Real time1487320887.55

DEBUG:root:Real time1487320887.75

DEBUG:root:Real time1487320887.95

DEBUG:root:Real time1487320888.15

DEBUG:root:Real time1487320888.35

DEBUG:root:Real time1487320888.55

DEBUG:root:Real time1487320888.75

DEBUG:root:Real time1487320888.95

DEBUG:root:Real time1487320889.16

DEBUG:root:Real time1487320889.36

DEBUG:root:Too small detection probably wrong
DEBUG:root:Real time1487320889.56

DEBUG:root:Too small detection probably wrong
DEBUG:root:Real time1487320889.76

DEBUG:root:Too small detection probably wrong
DEBUG:root:Real time1487320889.96

DEBUG:root:Real time1487320890.16

DEBUG:root:Too small detection probably wrong
DEBUG:root:Real time1487320890.36

DEBUG:root:Too small detection probably wrong
DEBUG:root:Real time1487320890.56

DEBUG:root:Too small detection probably wrong
DEBUG:root:Real time1487320890.76

DEBUG:root:Real time1487320890.96

DEBUG:root:Real time1487320891.17

DEBUG:root:Real time1487320891.37

DEBUG:root:Real time1487320891.57

DEBUG:root:Real time1487320891.77

DEBUG:root:Real time1487320891.97

DEBUG:root:Real time1487320892.17

DEBUG:root:Real time1487320892.37

DEBUG:root:Real time1487320892.57

DEBUG:root:Real time1487320892.77

DEBUG:root:Real time1487320892.97

DEBUG:root:Real time1487320893.17

DEBUG:root:Real time1487320893.38

DEBUG:root:Real time1487320893.58

DEBUG:root:Real time1487320893.78

DEBUG:root:Real time1487320893.98

DEBUG:root:Real time1487320894.18

DEBUG:root:Real time1487320894.38

DEBUG:root:Real time1487320894.58

DEBUG:root:Real time1487320894.78

DEBUG:root:Real time1487320894.98

DEBUG:root:Real time1487320895.18

DEBUG:root:Real time1487320895.39

DEBUG:root:Real time1487320895.59

DEBUG:root:Too small detection probably wrong
DEBUG:root:Real time1487320895.79

DEBUG:root:Real time1487320895.99

DEBUG:root:Real time1487320896.19

DEBUG:root:Real time1487320896.39

DEBUG:root:Real time1487320896.59

DEBUG:root:Too small detection probably wrong
DEBUG:root:Real time1487320896.79

DEBUG:root:Too small detection probably wrong
DEBUG:root:Real time1487320896.99

DEBUG:root:Real time1487320897.2

DEBUG:root:Real time1487320897.4

DEBUG:root:Real time1487320897.6

DEBUG:root:Real time1487320897.8

DEBUG:root:Real time1487320898.0

DEBUG:root:Too small detection probably wrong
DEBUG:root:Real time1487320898.2

DEBUG:root:Real time1487320898.4

DEBUG:root:Real time1487320898.6

DEBUG:root:Real time1487320898.8

DEBUG:root:Real time1487320899.0

DEBUG:root:Real time1487320899.2

DEBUG:root:Real time1487320899.4

DEBUG:root:Real time1487320899.6

DEBUG:root:Real time1487320899.81

DEBUG:root:Real time1487320900.01

DEBUG:root:Real time1487320900.21

DEBUG:root:Real time1487320900.41

DEBUG:root:Real time1487320900.61

DEBUG:root:Too small detection probably wrong
DEBUG:root:Real time1487320900.81

DEBUG:root:Real time1487320901.01

DEBUG:root:Real time1487320901.21

DEBUG:root:Real time1487320901.41

DEBUG:root:Real time1487320901.61

DEBUG:root:Real time1487320901.81

DEBUG:root:Real time1487320902.01

DEBUG:root:Real time1487320902.21

DEBUG:root:Too small detection probably wrong
DEBUG:root:Real time1487320902.42

DEBUG:root:Real time1487320902.62

DEBUG:root:Real time1487320902.82

DEBUG:root:Real time1487320903.02

DEBUG:root:Real time1487320903.22

DEBUG:root:Real time1487320903.42

DEBUG:root:Real time1487320903.62

DEBUG:root:Real time1487320903.82

DEBUG:root:Real time1487320904.02

DEBUG:root:Real time1487320904.22

DEBUG:root:Real time1487320904.42

DEBUG:root:Real time1487320904.62

DEBUG:root:Too small detection probably wrong
DEBUG:root:Real time1487320904.82

DEBUG:root:Too small detection probably wrong
DEBUG:root:Real time1487320905.03

DEBUG:root:Real time1487320905.23

DEBUG:root:Too small detection probably wrong
DEBUG:root:Real time1487320905.43

DEBUG:root:Too small detection probably wrong
DEBUG:root:Real time1487320905.63

DEBUG:root:Real time1487320905.83

DEBUG:root:Real time1487320906.03

DEBUG:root:Real time1487320906.23

DEBUG:root:Real time1487320906.43

DEBUG:root:Too small detection probably wrong
DEBUG:root:Real time1487320906.63

DEBUG:root:Real time1487320906.83

DEBUG:root:Real time1487320907.03

DEBUG:root:Real time1487320907.23

DEBUG:root:Real time1487320907.43

DEBUG:root:Real time1487320907.64

DEBUG:root:Real time1487320907.84

DEBUG:root:Real time1487320908.04

DEBUG:root:Real time1487320908.24

DEBUG:root:Real time1487320908.44

DEBUG:root:Real time1487320908.64

DEBUG:root:Real time1487320908.84

DEBUG:root:Real time1487320909.04

DEBUG:root:Real time1487320909.25

DEBUG:root:Real time1487320909.45

DEBUG:root:Real time1487320909.65

DEBUG:root:Real time1487320909.85

DEBUG:root:Too small detection probably wrong
DEBUG:root:Real time1487320910.05

DEBUG:root:Too small detection probably wrong
DEBUG:root:Real time1487320910.25

DEBUG:root:Too small detection probably wrong
DEBUG:root:Real time1487320910.45

DEBUG:root:Too small detection probably wrong
DEBUG:root:Real time1487320910.65

DEBUG:root:Too small detection probably wrong
DEBUG:root:Real time1487320910.85

DEBUG:root:Too small detection probably wrong
DEBUG:root:Real time1487320911.05

DEBUG:root:Real time1487320911.25

DEBUG:root:Real time1487320911.45

DEBUG:root:Too small detection probably wrong
DEBUG:root:Real time1487320911.66

DEBUG:root:Real time1487320911.86

DEBUG:root:Too small detection probably wrong
DEBUG:root:Real time1487320912.06

DEBUG:root:Real time1487320912.26

DEBUG:root:Real time1487320912.46

DEBUG:root:Real time1487320912.66

DEBUG:root:Real time1487320912.87

DEBUG:root:Real time1487320913.07

DEBUG:root:Real time1487320913.27

DEBUG:root:Real time1487320913.47

DEBUG:root:Real time1487320913.67

DEBUG:root:Too small detection probably wrong
DEBUG:root:Real time1487320913.87

DEBUG:root:Real time1487320914.07

DEBUG:root:Real time1487320914.28

DEBUG:root:Too small detection probably wrong
DEBUG:root:Real time1487320914.48

DEBUG:root:Real time1487320914.68

DEBUG:root:Too small detection probably wrong
DEBUG:root:Real time1487320914.88

DEBUG:root:Real time1487320915.08

DEBUG:root:Real time1487320915.28

DEBUG:root:Real time1487320915.48

DEBUG:root:Real time1487320915.68

DEBUG:root:Real time1487320915.88

DEBUG:root:Too small detection probably wrong
DEBUG:root:Real time1487320916.08

DEBUG:root:Real time1487320916.28

DEBUG:root:Real time1487320916.48

DEBUG:root:Too small detection probably wrong
DEBUG:root:Real time1487320916.69

DEBUG:root:Real time1487320916.89

DEBUG:root:Real time1487320917.09

DEBUG:root:Real time1487320917.29

DEBUG:root:Real time1487320917.49

DEBUG:root:Real time1487320917.69

DEBUG:root:Real time1487320917.89

DEBUG:root:Real time1487320918.09

DEBUG:root:Too small detection probably wrong
DEBUG:root:Real time1487320918.29

DEBUG:root:Real time1487320918.49

DEBUG:root:Too small detection probably wrong
DEBUG:root:Real time1487320918.7

DEBUG:root:Too small detection probably wrong
DEBUG:root:Real time1487320918.9

DEBUG:root:Too small detection probably wrong
DEBUG:root:Real time1487320919.1

DEBUG:root:Too small detection probably wrong
DEBUG:root:Real time1487320919.3

DEBUG:root:Too small detection probably wrong
DEBUG:root:Real time1487320919.5

DEBUG:root:Too small detection probably wrong
DEBUG:root:Real time1487320919.7

DEBUG:root:Too small detection probably wrong
DEBUG:root:Real time1487320919.9

DEBUG:root:Too small detection probably wrong
DEBUG:root:Real time1487320920.1

DEBUG:root:Too small detection probably wrong
DEBUG:root:Real time1487320920.3

DEBUG:root:Too small detection probably wrong
DEBUG:root:Real time1487320920.5

DEBUG:root:Too small detection probably wrong
DEBUG:root:Real time1487320920.7

DEBUG:root:Too small detection probably wrong
DEBUG:root:Real time1487320920.9

DEBUG:root:Too small detection probably wrong
DEBUG:root:Real time1487320921.1

DEBUG:root:Too small detection probably wrong
DEBUG:root:Real time1487320921.31

DEBUG:root:Too small detection probably wrong
DEBUG:root:Real time1487320921.51

DEBUG:root:Real time1487320921.71

DEBUG:root:Too small detection probably wrong
DEBUG:root:Real time1487320921.91

DEBUG:root:Too small detection probably wrong
DEBUG:root:Real time1487320922.11

DEBUG:root:Real time1487320922.31

DEBUG:root:Real time1487320922.51

DEBUG:root:Real time1487320922.71

DEBUG:root:Real time1487320922.91

DEBUG:root:Too small detection probably wrong
DEBUG:root:Real time1487320923.11

DEBUG:root:Real time1487320923.31

DEBUG:root:Too small detection probably wrong
DEBUG:root:Real time1487320923.51

DEBUG:root:Too small detection probably wrong
DEBUG:root:Real time1487320923.72

DEBUG:root:Too small detection probably wrong
DEBUG:root:Real time1487320923.92

DEBUG:root:Nonetype
DEBUG:root:Real time1487320924.12

DEBUG:root:Real time1487320924.32

DEBUG:root:Real time1487320924.52

DEBUG:root:Too small detection probably wrong
DEBUG:root:Real time1487320924.72

DEBUG:root:Too small detection probably wrong
DEBUG:root:Real time1487320924.92

DEBUG:root:Too small detection probably wrong
DEBUG:root:Real time1487320925.12

DEBUG:root:Too small detection probably wrong
DEBUG:root:Real time1487320925.32

DEBUG:root:Too small detection probably wrong
DEBUG:root:Real time1487320925.52

DEBUG:root:Too small detection probably wrong
DEBUG:root:Real time1487320925.73

DEBUG:root:Too small detection probably wrong
DEBUG:root:Real time1487320925.93

DEBUG:root:Too small detection probably wrong
DEBUG:root:Real time1487320926.13

DEBUG:root:Too small detection probably wrong
DEBUG:root:Real time1487320926.33

DEBUG:root:Too small detection probably wrong
DEBUG:root:Real time1487320926.53

DEBUG:root:Too small detection probably wrong
DEBUG:root:Real time1487320926.73

DEBUG:root:Real time1487320926.93

DEBUG:root:Too small detection probably wrong
DEBUG:root:Real time1487320927.13

DEBUG:root:Real time1487320927.33

DEBUG:root:Too small detection probably wrong
DEBUG:root:Real time1487320927.53

DEBUG:root:Too small detection probably wrong
DEBUG:root:Real time1487320927.73

DEBUG:root:Real time1487320927.93

DEBUG:root:Real time1487320928.14

DEBUG:root:Real time1487320928.34

DEBUG:root:Real time1487320928.54

DEBUG:root:Real time1487320928.74

DEBUG:root:Too small detection probably wrong
DEBUG:root:Real time1487320928.94

DEBUG:root:Real time1487320929.14

DEBUG:root:Real time1487320929.34

DEBUG:root:Real time1487320929.54

DEBUG:root:Too small detection probably wrong
DEBUG:root:Real time1487320929.74

DEBUG:root:Too small detection probably wrong
DEBUG:root:Real time1487320929.94

DEBUG:root:Real time1487320930.14

DEBUG:root:Real time1487320930.34

DEBUG:root:Real time1487320930.54

DEBUG:root:Real time1487320930.74

DEBUG:root:Real time1487320930.95

DEBUG:root:Real time1487320931.15

DEBUG:root:Real time1487320931.35

DEBUG:root:Real time1487320931.55

DEBUG:root:Too small detection probably wrong
DEBUG:root:Real time1487320931.75

DEBUG:root:Real time1487320931.95

DEBUG:root:Real time1487320932.15

DEBUG:root:Real time1487320932.35

DEBUG:root:Real time1487320932.55

DEBUG:root:Real time1487320932.75

DEBUG:root:Real time1487320932.96

DEBUG:root:Real time1487320933.16

DEBUG:root:Real time1487320933.36

DEBUG:root:Real time1487320933.56

DEBUG:root:Real time1487320933.76

DEBUG:root:Real time1487320933.96

DEBUG:root:Real time1487320934.16

DEBUG:root:Real time1487320934.36

DEBUG:root:Real time1487320934.56

DEBUG:root:Real time1487320934.76

DEBUG:root:Real time1487320934.96

DEBUG:root:Real time1487320935.16

DEBUG:root:Real time1487320935.37

DEBUG:root:Real time1487320935.57

DEBUG:root:Real time1487320935.77

DEBUG:root:Real time1487320935.97

DEBUG:root:Real time1487320936.17

DEBUG:root:Real time1487320936.37

DEBUG:root:Extracted signature:bitarray('100000000000001000000000000000000000000000000000000000000000000000000000000000000000000000000000000000000000000000000000000000000000000000000000000000000000000000000000000000000000000000000000000000000000000000000000000000000000000000000000')
DEBUG:root:Matched frame over all scan:1272

DEBUG:root:Errors over all scan:63

DEBUG:root:Result:tau1_fail
DEBUG:root:Match or Not:False
DEBUG:root:Real time1487320936.57

DEBUG:root:Extracted signature:bitarray('100011110111111000001000011110000100000111000100001111001000111110000001111000000111000110110011001010011100110001111100000000000011110000000001111100000000011110000000011110000000111100000011110000000010000000100000010000110000100010010000')
DEBUG:root:Matched frame over all scan:660

DEBUG:root:Errors over all scan:76

DEBUG:root:Result:tau2_fail
DEBUG:root:Match or Not:False
DEBUG:root:Real time1487320936.77

DEBUG:root:Real time1487320936.97

DEBUG:root:Too small detection probably wrong
DEBUG:root:Real time1487320937.17

DEBUG:root:Real time1487320937.37

DEBUG:root:Real time1487320937.57

DEBUG:root:Real time1487320937.77

DEBUG:root:Real time1487320937.97

DEBUG:root:Real time1487320938.17

DEBUG:root:Extracted signature:bitarray('111111111000001111111010000001111110000000111111100000111110000001111100000111100001111000011110001110001100011001101101011110000000010111100000000111100000000011110000000010000000000100000000010000000010000000100000010000010000100010000000')
DEBUG:root:Matched frame over all scan:19

DEBUG:root:Errors over all scan:36

DEBUG:root:Result:replica detected
DEBUG:root:Match or Not:True
DEBUG:root:Real time1487320938.38

DEBUG:root:Extracted signature:bitarray('100000000000001000000000000000000000000000000000000000000000000000000000000000000000000000000000000000000000000000000000000000000000000000000000000000000000000000000000000000000000000000000000000000000000000000000000000000000000000000000000')
DEBUG:root:Matched frame over all scan:1272

DEBUG:root:Errors over all scan:63

DEBUG:root:Result:tau1_fail
DEBUG:root:Match or Not:False
DEBUG:root:Real time1487320938.58

DEBUG:root:Real time1487320938.78

DEBUG:root:Too small detection probably wrong
DEBUG:root:Real time1487320938.98

DEBUG:root:Real time1487320939.18

DEBUG:root:Extracted signature:bitarray('111111111000001111111110000001111111000000111111000000111111000001111100000111100000111000011110001110001100010001110101000011000000010000100000000100000000000010000100000010000000000100000000010000000010000000100000010000010000100000000000')
DEBUG:root:Matched frame over all scan:1375

DEBUG:root:Errors over all scan:42

DEBUG:root:Result:replica detected
DEBUG:root:Match or Not:True
DEBUG:root:Real time1487320939.38

DEBUG:root:Too small detection probably wrong
DEBUG:root:Real time1487320939.58

DEBUG:root:Real time1487320939.78

DEBUG:root:Real time1487320939.98

DEBUG:root:Real time1487320940.18

DEBUG:root:Real time1487320940.38

DEBUG:root:Real time1487320940.58

DEBUG:root:Real time1487320940.78

DEBUG:root:Too small detection probably wrong
DEBUG:root:Real time1487320940.98

DEBUG:root:Real time1487320941.18

DEBUG:root:Real time1487320941.38

DEBUG:root:Real time1487320941.58

DEBUG:root:Real time1487320941.79

DEBUG:root:Real time1487320941.99

DEBUG:root:Real time1487320942.19

DEBUG:root:Real time1487320942.39

DEBUG:root:Real time1487320942.59

DEBUG:root:Real time1487320942.79

DEBUG:root:Real time1487320942.99

DEBUG:root:Real time1487320943.19

DEBUG:root:Real time1487320943.39

DEBUG:root:Real time1487320943.59

DEBUG:root:Too small detection probably wrong
DEBUG:root:Real time1487320943.79

DEBUG:root:Extracted signature:bitarray('111100000000001111000000000001100000000001100000001001000000000010000001011000011111000111110001110000110001110011001011011000000001110010000000011101000000001111000000001110000000001100000000010000000010000000100000010000010000100010000000')
DEBUG:root:Matched frame over all scan:1254

DEBUG:root:Errors over all scan:59

DEBUG:root:Result:tau2_fail
DEBUG:root:Match or Not:False
DEBUG:root:Real time1487320943.99

DEBUG:root:Real time1487320944.19

DEBUG:root:Real time1487320944.4

DEBUG:root:Real time1487320944.6

DEBUG:root:Real time1487320944.8

DEBUG:root:Real time1487320945.0

DEBUG:root:Too small detection probably wrong
DEBUG:root:Real time1487320945.2

DEBUG:root:Real time1487320945.4

DEBUG:root:Too small detection probably wrong
DEBUG:root:Real time1487320945.6

DEBUG:root:Too small detection probably wrong
DEBUG:root:Real time1487320945.8

DEBUG:root:Real time1487320946.0

DEBUG:root:Real time1487320946.21

DEBUG:root:Real time1487320946.41

DEBUG:root:Real time1487320946.61

DEBUG:root:Real time1487320946.81

DEBUG:root:Real time1487320947.01

DEBUG:root:Real time1487320947.21

DEBUG:root:Real time1487320947.41

DEBUG:root:Real time1487320947.61

DEBUG:root:Real time1487320947.81

DEBUG:root:Real time1487320948.01

DEBUG:root:Real time1487320948.21

DEBUG:root:Real time1487320948.41

DEBUG:root:Too small detection probably wrong
DEBUG:root:Real time1487320948.61

DEBUG:root:Too small detection probably wrong
DEBUG:root:Real time1487320948.81

DEBUG:root:Real time1487320949.01

DEBUG:root:Real time1487320949.21

DEBUG:root:Real time1487320949.42

DEBUG:root:Real time1487320949.62

DEBUG:root:Real time1487320949.82

DEBUG:root:Real time1487320950.02

DEBUG:root:Real time1487320950.22

DEBUG:root:Too small detection probably wrong
DEBUG:root:Real time1487320950.42

DEBUG:root:Real time1487320950.62

DEBUG:root:Real time1487320950.82

DEBUG:root:Real time1487320951.02

DEBUG:root:Real time1487320951.22

DEBUG:root:Real time1487320951.42

DEBUG:root:Real time1487320951.62

DEBUG:root:Real time1487320951.83

DEBUG:root:Real time1487320952.03

DEBUG:root:Real time1487320952.23

DEBUG:root:Real time1487320952.43

DEBUG:root:Real time1487320952.63

DEBUG:root:Real time1487320952.83

DEBUG:root:Real time1487320953.03

DEBUG:root:Real time1487320953.23

DEBUG:root:Real time1487320953.43

DEBUG:root:Real time1487320953.63

DEBUG:root:Real time1487320953.83

DEBUG:root:Real time1487320954.04

DEBUG:root:Real time1487320954.24

DEBUG:root:Real time1487320954.44

DEBUG:root:Real time1487320954.64

DEBUG:root:Real time1487320954.84

DEBUG:root:Real time1487320955.04

DEBUG:root:Real time1487320955.24

DEBUG:root:Real time1487320955.44

DEBUG:root:Too small detection probably wrong
DEBUG:root:Real time1487320955.64

DEBUG:root:Real time1487320955.84

DEBUG:root:Too small detection probably wrong
DEBUG:root:Real time1487320956.04

DEBUG:root:Real time1487320956.24

DEBUG:root:Extracted signature:bitarray('111100111111111000001111111100001111111110111111111110111111111101111111110111111110111111101111110111111111111111111100000111110000010000000000001100000000001110000000011110000000111100000000010000000010000001100000110000010000100010010000')
DEBUG:root:Matched frame over all scan:1164

DEBUG:root:Errors over all scan:52

DEBUG:root:Result:tau3_fail
DEBUG:root:Match or Not:False
DEBUG:root:Real time1487320956.44

DEBUG:root:Extracted signature:bitarray('011111111110000111111100000001111110000000111100000001111000000011000100001000100001101000010000001110001100110011011010111111001101101111110010011011111000001101100000001111000000011100000101110001001111100001000110100000101001100111110000')
DEBUG:root:Matched frame over all scan:53

DEBUG:root:Errors over all scan:65

DEBUG:root:Result:tau3_fail
DEBUG:root:Match or Not:False
DEBUG:root:Real time1487320956.64

DEBUG:root:Real time1487320956.84

DEBUG:root:Real time1487320957.05

DEBUG:root:Real time1487320957.25

DEBUG:root:Extracted signature:bitarray('000001111111110000011111110000111111110000111111000000111110000101111000111100000111000100110011000011000011000100110110000001111111000000011111100000000111100000111111000001111110001011101001111000111110001101100011000011100011000100100000')
DEBUG:root:Matched frame over all scan:738

DEBUG:root:Errors over all scan:87

DEBUG:root:Result:tau2_fail
DEBUG:root:Match or Not:False
DEBUG:root:Real time1487320957.45

DEBUG:root:Real time1487320957.65

DEBUG:root:Real time1487320957.85

DEBUG:root:Real time1487320958.05

DEBUG:root:Real time1487320958.25

DEBUG:root:Real time1487320958.45

DEBUG:root:Real time1487320958.65

DEBUG:root:Real time1487320958.86

DEBUG:root:Real time1487320959.06

DEBUG:root:Real time1487320959.26

DEBUG:root:Real time1487320959.46

DEBUG:root:Too small detection probably wrong
DEBUG:root:Real time1487320959.66

DEBUG:root:Real time1487320959.86

DEBUG:root:Extracted signature:bitarray('100000000000001000000000000000000000000000000000000000000000000000000000000000000000000000000000000000000000000000000000000000000000000000000000000000000000000000000000000000000000000000000000000000000000000000000000000000000000000000000000')
DEBUG:root:Matched frame over all scan:1272

DEBUG:root:Errors over all scan:63

DEBUG:root:Result:tau1_fail
DEBUG:root:Match or Not:False
DEBUG:root:Real time1487320960.06

DEBUG:root:Real time1487320960.26

DEBUG:root:Real time1487320960.46

DEBUG:root:Real time1487320960.66

DEBUG:root:Real time1487320960.86

DEBUG:root:Real time1487320961.07

DEBUG:root:Real time1487320961.27

DEBUG:root:Real time1487320961.47

DEBUG:root:Real time1487320961.67

DEBUG:root:Real time1487320961.87

DEBUG:root:Real time1487320962.07

DEBUG:root:Real time1487320962.27

DEBUG:root:Real time1487320962.47

DEBUG:root:Extracted signature:bitarray('100000101110001000010011000010001001100001001001100001000010000010001000001001000001100000011000001000011000110001001011000000011110110000000110000100010011000010000011000010000100000100110000010010000011000000100000010000101101011001101000')
DEBUG:root:Matched frame over all scan:953

DEBUG:root:Errors over all scan:68

DEBUG:root:Result:tau1_fail
DEBUG:root:Match or Not:False
DEBUG:root:Real time1487320962.67

DEBUG:root:Real time1487320962.87

DEBUG:root:Real time1487320963.07

DEBUG:root:Too small detection probably wrong
DEBUG:root:Real time1487320963.27

DEBUG:root:Too small detection probably wrong
DEBUG:root:Real time1487320963.47

DEBUG:root:Real time1487320963.67

DEBUG:root:Too small detection probably wrong
DEBUG:root:Real time1487320963.88

DEBUG:root:Real time1487320964.08

DEBUG:root:Real time1487320964.28

DEBUG:root:Real time1487320964.48

DEBUG:root:Real time1487320964.68

DEBUG:root:Real time1487320964.88

DEBUG:root:Real time1487320965.08

DEBUG:root:Real time1487320965.28

DEBUG:root:Real time1487320965.48

DEBUG:root:Real time1487320965.69

DEBUG:root:Real time1487320965.89

DEBUG:root:Real time1487320966.09

DEBUG:root:Real time1487320966.29

DEBUG:root:Real time1487320966.49

DEBUG:root:Real time1487320966.69

DEBUG:root:Too small detection probably wrong
DEBUG:root:Real time1487320966.89

DEBUG:root:Real time1487320967.1

DEBUG:root:Real time1487320967.3

DEBUG:root:Real time1487320967.5

DEBUG:root:Too small detection probably wrong
DEBUG:root:Real time1487320967.7

DEBUG:root:Real time1487320967.9

DEBUG:root:Real time1487320968.1

DEBUG:root:Too small detection probably wrong
DEBUG:root:Real time1487320968.3

DEBUG:root:Real time1487320968.5

DEBUG:root:Real time1487320968.7

DEBUG:root:Real time1487320968.9

DEBUG:root:Real time1487320969.1

DEBUG:root:Real time1487320969.31

DEBUG:root:Real time1487320969.51

DEBUG:root:Real time1487320969.71

DEBUG:root:Real time1487320969.91

DEBUG:root:Real time1487320970.11

DEBUG:root:Extracted signature:bitarray('100000000000001000000000000000000000000000000000000000000000000000000000000000000000000000000000000000000000000000000000000000000000000000000000000000000000000000000000000000000000000000000000000000000000000000000000000000000000000000000000')
DEBUG:root:Matched frame over all scan:1272

DEBUG:root:Errors over all scan:63

DEBUG:root:Result:tau1_fail
DEBUG:root:Match or Not:False
DEBUG:root:Under real time Point counter:0.671202898026

DEBUG:root:Real time1487320970.98

DEBUG:root:Real time1487320971.18

DEBUG:root:Real time1487320971.38

DEBUG:root:Real time1487320971.58

DEBUG:root:Too small detection probably wrong
DEBUG:root:Real time1487320971.78

DEBUG:root:Real time1487320971.98

DEBUG:root:Too small detection probably wrong
DEBUG:root:Real time1487320972.19

DEBUG:root:Extracted signature:bitarray('100000000000001000000000000000000000000000000000000000000000000000000000000000000000000000000000000000000000000000000000000000000000000000000000000000000000000000000000000000000000000000000000000000000000000000000000000000000000000000000000')
DEBUG:root:Matched frame over all scan:1272

DEBUG:root:Errors over all scan:63

DEBUG:root:Result:tau1_fail
DEBUG:root:Match or Not:False
DEBUG:root:Real time1487320972.39

DEBUG:root:Real time1487320972.59

DEBUG:root:Real time1487320972.79

DEBUG:root:Too small detection probably wrong
DEBUG:root:Real time1487320972.99

DEBUG:root:Extracted signature:bitarray('100000000000001000000000000000000000000000000000000000000000000000000000000000000000000000000000000000000000000000000000000000000000000000000000000000000000000000000000000000000000000000000000000000000000000000000000000000000000000000000000')
DEBUG:root:Matched frame over all scan:1272

DEBUG:root:Errors over all scan:63

DEBUG:root:Result:tau1_fail
DEBUG:root:Match or Not:False
DEBUG:root:Real time1487320973.19

DEBUG:root:Extracted signature:bitarray('100110001000011001110010000101111001000110111001000010110010000101001000110011000110110001100000110000111000110011001000100011110011011101101100110100110110011010110000011000100100111010110011110110011100110000111110011110001110011101101000')
DEBUG:root:Matched frame over all scan:367

DEBUG:root:Errors over all scan:81

DEBUG:root:Result:tau3_fail
DEBUG:root:Match or Not:False
DEBUG:root:Real time1487320973.39

DEBUG:root:Too small detection probably wrong
DEBUG:root:Real time1487320973.59

DEBUG:root:Extracted signature:bitarray('100000000000001000000000000000000000000000000000000000000000000000000000000000000000000000000000000000000000000000000000000000000000000000000000000000000000000000000000000000000000000000000000000000000000000000000000000000000000000000000000')
DEBUG:root:Matched frame over all scan:1272

DEBUG:root:Errors over all scan:63

DEBUG:root:Result:tau1_fail
DEBUG:root:Match or Not:False
DEBUG:root:Real time1487320973.79

DEBUG:root:Real time1487320973.99

DEBUG:root:Too small detection probably wrong
DEBUG:root:Real time1487320974.19

DEBUG:root:Too small detection probably wrong
DEBUG:root:Real time1487320974.39

DEBUG:root:Real time1487320975.41

DEBUG:root:Too small detection probably wrong
DEBUG:root:Real time1487320975.61

DEBUG:root:Extracted signature:bitarray('100000000000001000000000000000000000000000000000000000000000000000000000000000000000000000000000000000000000000000000000000000000000000000000000000000000000000000000000000000000000000000000000000000000000000000000000000000000000000000000000')
DEBUG:root:Matched frame over all scan:1272

DEBUG:root:Errors over all scan:63

DEBUG:root:Result:tau1_fail
DEBUG:root:Match or Not:False
DEBUG:root:Real time1487320975.81

DEBUG:root:Too small detection probably wrong
DEBUG:root:Real time1487320976.01

DEBUG:root:Too small detection probably wrong
DEBUG:root:Real time1487320976.21

DEBUG:root:Real time1487320976.41

DEBUG:root:Real time1487320976.61

DEBUG:root:Real time1487320976.81

DEBUG:root:Real time1487320977.01

DEBUG:root:Real time1487320977.21

DEBUG:root:Real time1487320977.41

DEBUG:root:Real time1487320977.62

DEBUG:root:Real time1487320977.82

DEBUG:root:Real time1487320978.02

DEBUG:root:Under real time Point counter:0.705322980881

DEBUG:root:Real time1487320978.92

DEBUG:root:Real time1487320979.12

DEBUG:root:Real time1487320979.33

DEBUG:root:Real time1487320979.53

DEBUG:root:Too small detection probably wrong
DEBUG:root:Real time1487320979.73

DEBUG:root:Too small detection probably wrong
DEBUG:root:Real time1487320979.93

DEBUG:root:Real time1487320980.13

DEBUG:root:Real time1487320980.33

DEBUG:root:Real time1487320980.53

DEBUG:root:Real time1487320980.73

DEBUG:root:Real time1487320980.94

DEBUG:root:Real time1487320981.14

DEBUG:root:Real time1487320981.34

DEBUG:root:Real time1487320981.54

DEBUG:root:Real time1487320981.74

DEBUG:root:Real time1487320981.94

DEBUG:root:Too small detection probably wrong
DEBUG:root:Real time1487320982.14

DEBUG:root:Real time1487320982.34

DEBUG:root:Real time1487320982.54

DEBUG:root:Real time1487320982.74

DEBUG:root:Real time1487320982.94

DEBUG:root:Under real time Point counter:0.727874040604

DEBUG:root:Real time1487320983.87

DEBUG:root:Real time1487320984.07

DEBUG:root:Real time1487320984.27

DEBUG:root:Real time1487320984.47

DEBUG:root:Too small detection probably wrong
DEBUG:root:Real time1487320984.67

DEBUG:root:Real time1487320984.88

DEBUG:root:Real time1487320985.08

DEBUG:root:Real time1487320985.28

DEBUG:root:Real time1487320985.48

DEBUG:root:Real time1487320985.68

DEBUG:root:Real time1487320985.88

DEBUG:root:Real time1487320986.08

DEBUG:root:Real time1487320986.28

DEBUG:root:Real time1487320986.48

DEBUG:root:Real time1487320986.68

DEBUG:root:Real time1487320986.88

DEBUG:root:Real time1487320987.08

DEBUG:root:Real time1487320987.29

DEBUG:root:Real time1487320987.49

DEBUG:root:Real time1487320987.69

DEBUG:root:Real time1487320987.89

DEBUG:root:Real time1487320988.09

DEBUG:root:Real time1487320988.29

DEBUG:root:Real time1487320988.49

DEBUG:root:Real time1487320988.69

DEBUG:root:Real time1487320988.89

DEBUG:root:Real time1487320989.09

DEBUG:root:Real time1487320989.29

DEBUG:root:Real time1487320989.49

DEBUG:root:Real time1487320989.69

DEBUG:root:Real time1487320989.9

DEBUG:root:Real time1487320990.1

DEBUG:root:Real time1487320990.3

DEBUG:root:Real time1487320990.5

DEBUG:root:Real time1487320990.7

DEBUG:root:Real time1487320990.9

DEBUG:root:Real time1487320991.1

DEBUG:root:Real time1487320991.3

DEBUG:root:Real time1487320991.5

DEBUG:root:Real time1487320991.71

DEBUG:root:Real time1487320991.91

DEBUG:root:Real time1487320992.11

DEBUG:root:Real time1487320992.31

DEBUG:root:Real time1487320992.51

DEBUG:root:Real time1487320992.71

DEBUG:root:Real time1487320992.91

DEBUG:root:Real time1487320993.11

DEBUG:root:Real time1487320993.31

DEBUG:root:Real time1487320993.51

DEBUG:root:Real time1487320993.71

DEBUG:root:Real time1487320993.91

DEBUG:root:Real time1487320994.11

DEBUG:root:Real time1487320994.32

DEBUG:root:Real time1487320994.52

DEBUG:root:Real time1487320994.72

DEBUG:root:Real time1487320994.92

DEBUG:root:Real time1487320995.12

DEBUG:root:Real time1487320995.33

DEBUG:root:Real time1487320995.53

DEBUG:root:Real time1487320995.73

DEBUG:root:Real time1487320995.93

DEBUG:root:Real time1487320996.13

DEBUG:root:Real time1487320996.33

DEBUG:root:Real time1487320996.53

DEBUG:root:Real time1487320996.73

DEBUG:root:Real time1487320996.93

DEBUG:root:Real time1487320997.13

DEBUG:root:Real time1487320997.33

DEBUG:root:Real time1487320997.53

DEBUG:root:Real time1487320997.73

DEBUG:root:Real time1487320997.94

DEBUG:root:Real time1487320998.14

DEBUG:root:Real time1487320998.34

DEBUG:root:Real time1487320998.54

DEBUG:root:Real time1487320998.74

DEBUG:root:Real time1487320998.95

DEBUG:root:Real time1487320999.15

DEBUG:root:Real time1487320999.35

DEBUG:root:Real time1487320999.55

DEBUG:root:Real time1487320999.75

DEBUG:root:Real time1487320999.95

DEBUG:root:Real time1487321000.15

DEBUG:root:Real time1487321000.35

DEBUG:root:Real time1487321000.55

DEBUG:root:Real time1487321000.76

DEBUG:root:Real time1487321000.96

DEBUG:root:Real time1487321001.16

DEBUG:root:Real time1487321001.36

DEBUG:root:Real time1487321001.56

DEBUG:root:Real time1487321001.76

DEBUG:root:Real time1487321001.96

DEBUG:root:Real time1487321002.16

DEBUG:root:Real time1487321002.36

DEBUG:root:Real time1487321002.56

DEBUG:root:Real time1487321002.77

DEBUG:root:Real time1487321002.97

DEBUG:root:Real time1487321003.17

DEBUG:root:Real time1487321003.37

DEBUG:root:Real time1487321003.57

DEBUG:root:Real time1487321003.77

DEBUG:root:Real time1487321003.97

DEBUG:root:Real time1487321004.17

DEBUG:root:Real time1487321004.37

DEBUG:root:Real time1487321004.57

DEBUG:root:Real time1487321004.78

DEBUG:root:Real time1487321004.98

DEBUG:root:Real time1487321005.18

DEBUG:root:Real time1487321005.38

DEBUG:root:Real time1487321005.58

DEBUG:root:Real time1487321005.78

DEBUG:root:Real time1487321005.98

DEBUG:root:Real time1487321006.18

DEBUG:root:Real time1487321006.38

DEBUG:root:Real time1487321006.58

DEBUG:root:Real time1487321006.78

DEBUG:root:Real time1487321006.98

DEBUG:root:Real time1487321007.18

DEBUG:root:Real time1487321007.39

DEBUG:root:Real time1487321007.59

DEBUG:root:Real time1487321007.79

DEBUG:root:Real time1487321007.99

DEBUG:root:Real time1487321008.19

DEBUG:root:Real time1487321008.39

DEBUG:root:Real time1487321008.59

DEBUG:root:Real time1487321008.79

DEBUG:root:Real time1487321009.0

DEBUG:root:Real time1487321009.2

DEBUG:root:Real time1487321009.4

DEBUG:root:Real time1487321009.6

DEBUG:root:Real time1487321009.8

DEBUG:root:Real time1487321010.0

DEBUG:root:Real time1487321010.2

DEBUG:root:Real time1487321010.4

DEBUG:root:Real time1487321010.6

DEBUG:root:Real time1487321010.8

DEBUG:root:Real time1487321011.0

DEBUG:root:Real time1487321011.2

DEBUG:root:Real time1487321011.41

DEBUG:root:Real time1487321011.61

DEBUG:root:Real time1487321011.81

DEBUG:root:Real time1487321012.01

DEBUG:root:Real time1487321012.21

DEBUG:root:Real time1487321012.42

DEBUG:root:Real time1487321012.62

DEBUG:root:Real time1487321012.82

DEBUG:root:Real time1487321013.02

DEBUG:root:Real time1487321013.22

DEBUG:root:Real time1487321013.42

DEBUG:root:Real time1487321013.62

DEBUG:root:Real time1487321013.82

DEBUG:root:Real time1487321014.02

DEBUG:root:Real time1487321014.22

DEBUG:root:Real time1487321014.43

DEBUG:root:Real time1487321014.63

DEBUG:root:Real time1487321014.83

DEBUG:root:Real time1487321015.03

DEBUG:root:Real time1487321015.23

DEBUG:root:Real time1487321015.44

DEBUG:root:Real time1487321015.64

DEBUG:root:Real time1487321015.84

DEBUG:root:Real time1487321016.05

DEBUG:root:Real time1487321016.25

DEBUG:root:Real time1487321016.45

DEBUG:root:Real time1487321016.65

DEBUG:root:Real time1487321016.86

DEBUG:root:Real time1487321017.06

DEBUG:root:Real time1487321017.26

DEBUG:root:Real time1487321017.46

DEBUG:root:Real time1487321017.66

DEBUG:root:Real time1487321017.86

DEBUG:root:Real time1487321018.06

DEBUG:root:Real time1487321018.26

DEBUG:root:Real time1487321018.46

DEBUG:root:Real time1487321018.66

DEBUG:root:Real time1487321018.86

DEBUG:root:Real time1487321019.06

DEBUG:root:Real time1487321019.27

DEBUG:root:Real time1487321019.47

DEBUG:root:Real time1487321019.67

DEBUG:root:Real time1487321019.87

DEBUG:root:Real time1487321020.07

DEBUG:root:Real time1487321020.27

DEBUG:root:Real time1487321020.47

DEBUG:root:Real time1487321020.67

DEBUG:root:Real time1487321020.87

DEBUG:root:Real time1487321021.07

DEBUG:root:Real time1487321021.27

DEBUG:root:Real time1487321021.47

DEBUG:root:Real time1487321021.68

DEBUG:root:Real time1487321021.88

DEBUG:root:Real time1487321022.08

DEBUG:root:Real time1487321022.28

DEBUG:root:Real time1487321022.48

DEBUG:root:Real time1487321022.68

DEBUG:root:Real time1487321022.88

DEBUG:root:Real time1487321023.08

DEBUG:root:Real time1487321023.28

DEBUG:root:Real time1487321023.48

DEBUG:root:Real time1487321023.68

DEBUG:root:Real time1487321023.89

DEBUG:root:Real time1487321024.09

DEBUG:root:Real time1487321024.29

DEBUG:root:Real time1487321024.49

DEBUG:root:Real time1487321024.69

DEBUG:root:Real time1487321024.89

DEBUG:root:Real time1487321025.09

DEBUG:root:Real time1487321025.29

DEBUG:root:Real time1487321025.49

DEBUG:root:Real time1487321025.69

DEBUG:root:Real time1487321025.89

DEBUG:root:Real time1487321026.09

DEBUG:root:Real time1487321026.29

DEBUG:root:Real time1487321026.5

DEBUG:root:Real time1487321026.7

DEBUG:root:Real time1487321026.9

DEBUG:root:Real time1487321027.1

DEBUG:root:Real time1487321027.3

DEBUG:root:Real time1487321027.5

DEBUG:root:Real time1487321027.7

DEBUG:root:Real time1487321027.9

DEBUG:root:Real time1487321028.1

DEBUG:root:Real time1487321028.3

DEBUG:root:Real time1487321028.51

DEBUG:root:Real time1487321028.71

DEBUG:root:Real time1487321028.91

DEBUG:root:Real time1487321029.11

DEBUG:root:Real time1487321029.31

DEBUG:root:Real time1487321029.51

DEBUG:root:Real time1487321029.71

DEBUG:root:Real time1487321029.91

DEBUG:root:Real time1487321030.11

DEBUG:root:Real time1487321030.31

DEBUG:root:Real time1487321030.51

DEBUG:root:Real time1487321030.72

DEBUG:root:Real time1487321030.92

DEBUG:root:Real time1487321031.12

DEBUG:root:Real time1487321031.32

DEBUG:root:Real time1487321031.52

DEBUG:root:Real time1487321031.72

DEBUG:root:Real time1487321031.92

DEBUG:root:Real time1487321032.12

DEBUG:root:Real time1487321032.33

DEBUG:root:Real time1487321032.53

DEBUG:root:Real time1487321032.73

DEBUG:root:Real time1487321032.93

DEBUG:root:Real time1487321033.13

DEBUG:root:Real time1487321033.33

DEBUG:root:Real time1487321033.53

DEBUG:root:Real time1487321033.73

DEBUG:root:Real time1487321033.93

DEBUG:root:Real time1487321034.14

DEBUG:root:Real time1487321034.34

DEBUG:root:Real time1487321034.54

DEBUG:root:Real time1487321034.74

DEBUG:root:Real time1487321034.94

DEBUG:root:Real time1487321035.14

DEBUG:root:Real time1487321035.34

DEBUG:root:Real time1487321035.54

DEBUG:root:Real time1487321035.74

DEBUG:root:Real time1487321035.94

DEBUG:root:Real time1487321036.14

DEBUG:root:Real time1487321036.34

DEBUG:root:Real time1487321036.55

DEBUG:root:Real time1487321036.75

DEBUG:root:Real time1487321036.95

DEBUG:root:Real time1487321037.15

DEBUG:root:Real time1487321037.35

DEBUG:root:Real time1487321037.55

DEBUG:root:Real time1487321037.75

DEBUG:root:Real time1487321037.96

DEBUG:root:Real time1487321038.16

DEBUG:root:Real time1487321038.36

DEBUG:root:Real time1487321038.56

DEBUG:root:Real time1487321038.76

DEBUG:root:Real time1487321038.96

DEBUG:root:Real time1487321039.16

DEBUG:root:Real time1487321039.36

DEBUG:root:Real time1487321039.56

DEBUG:root:Real time1487321039.76

DEBUG:root:Real time1487321039.97

DEBUG:root:Real time1487321040.17

DEBUG:root:Real time1487321040.37

DEBUG:root:Real time1487321040.57

DEBUG:root:Real time1487321040.77

DEBUG:root:Real time1487321040.97

DEBUG:root:Real time1487321041.17

DEBUG:root:Real time1487321041.37

DEBUG:root:Real time1487321041.57

DEBUG:root:Real time1487321041.78

DEBUG:root:Real time1487321041.98

DEBUG:root:Real time1487321042.18

DEBUG:root:Real time1487321042.38

DEBUG:root:Real time1487321042.58

DEBUG:root:Real time1487321042.78

DEBUG:root:Real time1487321042.98

DEBUG:root:Real time1487321043.18

DEBUG:root:Real time1487321043.38

DEBUG:root:Real time1487321043.58

DEBUG:root:Real time1487321043.79

DEBUG:root:Real time1487321043.99

DEBUG:root:Real time1487321044.19

DEBUG:root:Real time1487321044.39

DEBUG:root:Real time1487321044.59

DEBUG:root:Real time1487321044.79

DEBUG:root:Real time1487321044.99

DEBUG:root:Real time1487321045.19

DEBUG:root:Real time1487321045.39

DEBUG:root:Real time1487321045.59

DEBUG:root:Real time1487321045.79

DEBUG:root:Real time1487321045.99

DEBUG:root:Real time1487321046.2

DEBUG:root:Real time1487321046.4

DEBUG:root:Real time1487321046.6

DEBUG:root:Real time1487321046.8

DEBUG:root:Real time1487321047.0

DEBUG:root:Real time1487321047.2

DEBUG:root:Real time1487321047.4

DEBUG:root:Real time1487321047.6

DEBUG:root:Real time1487321047.8

DEBUG:root:Real time1487321048.0

DEBUG:root:Real time1487321048.2

DEBUG:root:Real time1487321048.4

DEBUG:root:Real time1487321048.6

DEBUG:root:Real time1487321048.8

DEBUG:root:Real time1487321049.01

DEBUG:root:Real time1487321049.21

DEBUG:root:Real time1487321049.41

DEBUG:root:Real time1487321049.61

DEBUG:root:Real time1487321049.81

DEBUG:root:Real time1487321050.01

DEBUG:root:Real time1487321050.21

DEBUG:root:Real time1487321050.42

DEBUG:root:Real time1487321050.62

DEBUG:root:Real time1487321050.82

DEBUG:root:Real time1487321051.02

DEBUG:root:Real time1487321051.22

DEBUG:root:Real time1487321051.42

DEBUG:root:Real time1487321051.62

DEBUG:root:Real time1487321051.82

DEBUG:root:Real time1487321052.02

DEBUG:root:Real time1487321052.22

DEBUG:root:Real time1487321052.42

DEBUG:root:Real time1487321052.62

DEBUG:root:Real time1487321052.82

DEBUG:root:Real time1487321053.03

DEBUG:root:Real time1487321053.23

DEBUG:root:Real time1487321053.43

DEBUG:root:Real time1487321053.63

DEBUG:root:Real time1487321053.83

DEBUG:root:Real time1487321054.03

DEBUG:root:Real time1487321054.24

DEBUG:root:Real time1487321054.44

DEBUG:root:Real time1487321054.64

DEBUG:root:Real time1487321054.84

DEBUG:root:Real time1487321055.04

DEBUG:root:Real time1487321055.24

DEBUG:root:Real time1487321055.44

DEBUG:root:Real time1487321055.64

DEBUG:root:Real time1487321055.84

DEBUG:root:Real time1487321056.04

DEBUG:root:Real time1487321056.25

DEBUG:root:Real time1487321056.45

DEBUG:root:Real time1487321056.65

DEBUG:root:Real time1487321056.85

DEBUG:root:Real time1487321057.05

DEBUG:root:Real time1487321057.26

DEBUG:root:Real time1487321057.46

DEBUG:root:Real time1487321057.66

DEBUG:root:Real time1487321057.86

DEBUG:root:Real time1487321058.06

DEBUG:root:Real time1487321058.26

DEBUG:root:Real time1487321058.46

DEBUG:root:Real time1487321058.66

DEBUG:root:Real time1487321058.86

DEBUG:root:Real time1487321059.07

DEBUG:root:Real time1487321059.27

DEBUG:root:Real time1487321059.47

DEBUG:root:Real time1487321059.67

DEBUG:root:Real time1487321059.87

DEBUG:root:Real time1487321060.07

DEBUG:root:Real time1487321060.27

DEBUG:root:Real time1487321060.47

DEBUG:root:Real time1487321060.67

DEBUG:root:Real time1487321060.88

DEBUG:root:Real time1487321061.08

DEBUG:root:Real time1487321061.28

DEBUG:root:Real time1487321061.48

DEBUG:root:Real time1487321061.68

DEBUG:root:Real time1487321061.88

DEBUG:root:Real time1487321062.08

DEBUG:root:Real time1487321062.28

DEBUG:root:Real time1487321062.48

DEBUG:root:Real time1487321062.68

DEBUG:root:Real time1487321062.88

DEBUG:root:Real time1487321063.08

DEBUG:root:Real time1487321063.28

DEBUG:root:Real time1487321063.48

DEBUG:root:Real time1487321063.69

DEBUG:root:Real time1487321063.89

DEBUG:root:Real time1487321064.09

DEBUG:root:Real time1487321064.29

DEBUG:root:Real time1487321064.49

DEBUG:root:Real time1487321064.69

DEBUG:root:Real time1487321064.89

DEBUG:root:Real time1487321065.09

DEBUG:root:Real time1487321065.29

DEBUG:root:Real time1487321065.49

DEBUG:root:Real time1487321065.69

DEBUG:root:Real time1487321065.9

DEBUG:root:Real time1487321066.1

DEBUG:root:Real time1487321066.3

DEBUG:root:Real time1487321066.5

DEBUG:root:Real time1487321066.7

DEBUG:root:Real time1487321066.9

DEBUG:root:Real time1487321067.1

DEBUG:root:Real time1487321067.3

DEBUG:root:Real time1487321067.5

DEBUG:root:Real time1487321067.7

DEBUG:root:Real time1487321067.91

DEBUG:root:Real time1487321068.11

DEBUG:root:Real time1487321068.31

DEBUG:root:Real time1487321068.51

DEBUG:root:Real time1487321068.71

DEBUG:root:Real time1487321068.91

DEBUG:root:Real time1487321069.11

DEBUG:root:Real time1487321069.31

DEBUG:root:Real time1487321069.51

DEBUG:root:Real time1487321069.71

DEBUG:root:Real time1487321069.91

DEBUG:root:Real time1487321070.11

DEBUG:root:Real time1487321070.32

DEBUG:root:Real time1487321070.52

DEBUG:root:Real time1487321070.72

DEBUG:root:Real time1487321070.92

DEBUG:root:Real time1487321071.12

DEBUG:root:Real time1487321071.32

DEBUG:root:Real time1487321071.52

DEBUG:root:Real time1487321071.72

DEBUG:root:Real time1487321071.92

DEBUG:root:Real time1487321072.12

DEBUG:root:Real time1487321072.32

DEBUG:root:Real time1487321072.53

DEBUG:root:Real time1487321072.73

DEBUG:root:Real time1487321072.93

DEBUG:root:Real time1487321073.13

DEBUG:root:Real time1487321073.33

DEBUG:root:Real time1487321073.53

DEBUG:root:Real time1487321073.73

DEBUG:root:Real time1487321073.93

DEBUG:root:Real time1487321074.13

DEBUG:root:Real time1487321074.33

DEBUG:root:Real time1487321074.53

DEBUG:root:Real time1487321074.73

DEBUG:root:Real time1487321074.93

DEBUG:root:Real time1487321075.14

DEBUG:root:Real time1487321075.34

DEBUG:root:Real time1487321075.54

DEBUG:root:Real time1487321075.74

DEBUG:root:Real time1487321075.94

DEBUG:root:Real time1487321076.14

DEBUG:root:Real time1487321076.34

DEBUG:root:Real time1487321076.54

DEBUG:root:Real time1487321076.74

DEBUG:root:Real time1487321076.95

DEBUG:root:Real time1487321077.15

DEBUG:root:Real time1487321077.35

DEBUG:root:Real time1487321077.56

DEBUG:root:Real time1487321077.76

DEBUG:root:Real time1487321077.96

DEBUG:root:Real time1487321078.16

DEBUG:root:Real time1487321078.36

DEBUG:root:Real time1487321078.56

DEBUG:root:Real time1487321078.76

DEBUG:root:Real time1487321078.96

DEBUG:root:Real time1487321079.16

DEBUG:root:Real time1487321079.36

DEBUG:root:Real time1487321079.56

DEBUG:root:Real time1487321079.77

DEBUG:root:Real time1487321079.97

DEBUG:root:Real time1487321080.17

DEBUG:root:Real time1487321080.37

DEBUG:root:Real time1487321080.57

DEBUG:root:Real time1487321080.77

DEBUG:root:Real time1487321080.97

DEBUG:root:Real time1487321081.17

DEBUG:root:Real time1487321081.37

DEBUG:root:Real time1487321081.57

DEBUG:root:Real time1487321081.77

DEBUG:root:Real time1487321081.98

DEBUG:root:Real time1487321082.18

DEBUG:root:Real time1487321082.38

DEBUG:root:Real time1487321082.58

DEBUG:root:Real time1487321082.78

DEBUG:root:Real time1487321082.98

DEBUG:root:Real time1487321083.18

DEBUG:root:Real time1487321083.38

DEBUG:root:Real time1487321083.58

DEBUG:root:Real time1487321083.78

DEBUG:root:Real time1487321083.98

DEBUG:root:Real time1487321084.18

DEBUG:root:Real time1487321084.38

DEBUG:root:Real time1487321084.59

DEBUG:root:Real time1487321084.79

DEBUG:root:Real time1487321084.99

DEBUG:root:Real time1487321085.19

DEBUG:root:Real time1487321085.39

DEBUG:root:Real time1487321085.59

DEBUG:root:Real time1487321085.79

DEBUG:root:Real time1487321085.99

DEBUG:root:Real time1487321086.19

DEBUG:root:Real time1487321086.4

DEBUG:root:Real time1487321086.6

DEBUG:root:Real time1487321086.8

DEBUG:root:Real time1487321087.0

DEBUG:root:Real time1487321087.2

DEBUG:root:Real time1487321087.4

DEBUG:root:Real time1487321087.6

DEBUG:root:Real time1487321087.8

DEBUG:root:Real time1487321088.0

DEBUG:root:Real time1487321088.2

DEBUG:root:Real time1487321088.4

DEBUG:root:Real time1487321088.6

DEBUG:root:Real time1487321088.81

DEBUG:root:Real time1487321089.01

DEBUG:root:Real time1487321089.21

DEBUG:root:Real time1487321089.41

DEBUG:root:Real time1487321089.61

DEBUG:root:Real time1487321089.81

DEBUG:root:Real time1487321090.01

DEBUG:root:Real time1487321090.21

DEBUG:root:Real time1487321090.42

DEBUG:root:Real time1487321090.62

DEBUG:root:Real time1487321090.82

DEBUG:root:Real time1487321091.02

DEBUG:root:Real time1487321091.22

DEBUG:root:Real time1487321091.42

DEBUG:root:Real time1487321091.62

DEBUG:root:Real time1487321091.82

DEBUG:root:Real time1487321092.02

DEBUG:root:Real time1487321092.22

DEBUG:root:Real time1487321092.42

DEBUG:root:Real time1487321092.63

DEBUG:root:Real time1487321092.83

DEBUG:root:Real time1487321093.03

DEBUG:root:Real time1487321093.23

DEBUG:root:Real time1487321093.43

DEBUG:root:Real time1487321093.63

DEBUG:root:Real time1487321093.83

DEBUG:root:Real time1487321094.03

DEBUG:root:Real time1487321094.23

DEBUG:root:Real time1487321094.43

DEBUG:root:Real time1487321094.63

DEBUG:root:Real time1487321094.84

DEBUG:root:Real time1487321095.04

DEBUG:root:Real time1487321095.24

DEBUG:root:Real time1487321095.44

DEBUG:root:Real time1487321095.64

DEBUG:root:Real time1487321095.84

DEBUG:root:Real time1487321096.04

DEBUG:root:Real time1487321096.24

DEBUG:root:Real time1487321096.44

DEBUG:root:Real time1487321096.65

DEBUG:root:Real time1487321096.85

DEBUG:root:Real time1487321097.05

DEBUG:root:Real time1487321097.25

DEBUG:root:Real time1487321097.45

DEBUG:root:Real time1487321097.65

DEBUG:root:Real time1487321097.85

DEBUG:root:Real time1487321098.05

DEBUG:root:Real time1487321098.26

DEBUG:root:Real time1487321098.46

DEBUG:root:Real time1487321098.66

DEBUG:root:Real time1487321098.86

DEBUG:root:Real time1487321099.06

DEBUG:root:Real time1487321099.26

DEBUG:root:Real time1487321099.46

DEBUG:root:Real time1487321099.66

DEBUG:root:Real time1487321099.86

DEBUG:root:Real time1487321100.06

DEBUG:root:Real time1487321100.26

DEBUG:root:Real time1487321100.46

DEBUG:root:Real time1487321100.67

DEBUG:root:Real time1487321100.87

DEBUG:root:Real time1487321101.07

DEBUG:root:Real time1487321101.27

DEBUG:root:Real time1487321101.47

DEBUG:root:Real time1487321101.67

DEBUG:root:Real time1487321101.87

DEBUG:root:Real time1487321102.07

DEBUG:root:Real time1487321102.27

DEBUG:root:Real time1487321102.47

DEBUG:root:Real time1487321102.67

DEBUG:root:Real time1487321102.87

DEBUG:root:Real time1487321103.08

DEBUG:root:Real time1487321103.28

DEBUG:root:Real time1487321103.48

DEBUG:root:Real time1487321103.68

DEBUG:root:Real time1487321103.88

DEBUG:root:Real time1487321104.08

DEBUG:root:Real time1487321104.28

DEBUG:root:Real time1487321104.48

DEBUG:root:Real time1487321104.68

DEBUG:root:Real time1487321104.88

DEBUG:root:Real time1487321105.08

DEBUG:root:Real time1487321105.28

DEBUG:root:Real time1487321105.49

DEBUG:root:Real time1487321105.69

DEBUG:root:Real time1487321105.89

DEBUG:root:Real time1487321106.09

DEBUG:root:Real time1487321106.29

DEBUG:root:Real time1487321106.49

DEBUG:root:Real time1487321106.69

DEBUG:root:Real time1487321106.89

DEBUG:root:Real time1487321107.09

DEBUG:root:Real time1487321107.29

DEBUG:root:Real time1487321107.49

DEBUG:root:Real time1487321107.69

DEBUG:root:Real time1487321107.89

DEBUG:root:Real time1487321108.09

DEBUG:root:Real time1487321108.29

DEBUG:root:Real time1487321108.5

DEBUG:root:Real time1487321108.7

DEBUG:root:Real time1487321108.9

DEBUG:root:Real time1487321109.1

DEBUG:root:Real time1487321109.3

DEBUG:root:Real time1487321109.5

DEBUG:root:Real time1487321109.7

DEBUG:root:Real time1487321109.9

DEBUG:root:Real time1487321110.1

DEBUG:root:Real time1487321110.31

DEBUG:root:Real time1487321110.51

DEBUG:root:Real time1487321110.71

DEBUG:root:Real time1487321110.91

DEBUG:root:Real time1487321111.11

DEBUG:root:Real time1487321111.31

DEBUG:root:Real time1487321111.51

DEBUG:root:Real time1487321111.71

DEBUG:root:Real time1487321111.92

DEBUG:root:Real time1487321112.12

DEBUG:root:Real time1487321112.32

DEBUG:root:Real time1487321112.52

DEBUG:root:Real time1487321112.72

DEBUG:root:Real time1487321112.92

DEBUG:root:Real time1487321113.13

DEBUG:root:Real time1487321113.33

DEBUG:root:Real time1487321113.53

DEBUG:root:Real time1487321113.73

DEBUG:root:Real time1487321113.93

DEBUG:root:Real time1487321114.13

DEBUG:root:Real time1487321114.33

DEBUG:root:Real time1487321114.53

DEBUG:root:Real time1487321114.73

DEBUG:root:Real time1487321114.93

DEBUG:root:Real time1487321115.13

DEBUG:root:Real time1487321115.33

DEBUG:root:Real time1487321115.54

DEBUG:root:Real time1487321115.74

DEBUG:root:Real time1487321115.94

DEBUG:root:Real time1487321116.14

DEBUG:root:Real time1487321116.34

DEBUG:root:Real time1487321116.54

DEBUG:root:Real time1487321116.74

DEBUG:root:Real time1487321116.94

DEBUG:root:Real time1487321117.14

DEBUG:root:Real time1487321117.34

DEBUG:root:Real time1487321117.54

DEBUG:root:Real time1487321117.74

DEBUG:root:Real time1487321117.95

DEBUG:root:Real time1487321118.15

DEBUG:root:Real time1487321118.35

DEBUG:root:Real time1487321118.55

DEBUG:root:Real time1487321118.75

DEBUG:root:Real time1487321118.95

DEBUG:root:Real time1487321119.15

DEBUG:root:Real time1487321119.35

DEBUG:root:Real time1487321119.55

DEBUG:root:Real time1487321119.75

DEBUG:root:Real time1487321119.95

DEBUG:root:Real time1487321120.16

DEBUG:root:Real time1487321120.36

DEBUG:root:Real time1487321120.56

DEBUG:root:Real time1487321120.76

DEBUG:root:Real time1487321120.96

DEBUG:root:Real time1487321121.16

DEBUG:root:Real time1487321121.36

DEBUG:root:Real time1487321121.56

DEBUG:root:Real time1487321121.76

DEBUG:root:Real time1487321121.96

DEBUG:root:Real time1487321122.16

DEBUG:root:Real time1487321122.37

DEBUG:root:Real time1487321122.57

DEBUG:root:Real time1487321122.77

DEBUG:root:Real time1487321122.97

DEBUG:root:Real time1487321123.17

DEBUG:root:Real time1487321123.37

DEBUG:root:Real time1487321123.57

DEBUG:root:Real time1487321123.77

DEBUG:root:Real time1487321123.97

DEBUG:root:Real time1487321124.17

DEBUG:root:Real time1487321124.37

DEBUG:root:Real time1487321124.57

DEBUG:root:Real time1487321124.78

DEBUG:root:Real time1487321124.98

DEBUG:root:Real time1487321125.18

DEBUG:root:Real time1487321125.38

DEBUG:root:Real time1487321125.58

DEBUG:root:Real time1487321125.78

DEBUG:root:Real time1487321125.98

DEBUG:root:Real time1487321126.18

DEBUG:root:Real time1487321126.38

DEBUG:root:Real time1487321126.58

DEBUG:root:Real time1487321126.78

DEBUG:root:Real time1487321126.98

DEBUG:root:Real time1487321127.18

DEBUG:root:Real time1487321127.39

DEBUG:root:Real time1487321127.59

DEBUG:root:Real time1487321127.79

DEBUG:root:Real time1487321127.99

DEBUG:root:Real time1487321128.19

DEBUG:root:Real time1487321128.39

DEBUG:root:Real time1487321128.59

DEBUG:root:Real time1487321128.79

DEBUG:root:Real time1487321128.99

DEBUG:root:Real time1487321129.19

DEBUG:root:Real time1487321129.39

DEBUG:root:Real time1487321129.59

DEBUG:root:Real time1487321129.79

DEBUG:root:Real time1487321129.99

DEBUG:root:Real time1487321130.19

DEBUG:root:Real time1487321130.39

DEBUG:root:Real time1487321130.6

DEBUG:root:Real time1487321130.8

DEBUG:root:Real time1487321131.0

DEBUG:root:Real time1487321131.2

DEBUG:root:Real time1487321131.4

DEBUG:root:Real time1487321131.6

DEBUG:root:Real time1487321131.8

DEBUG:root:Real time1487321132.0

DEBUG:root:Real time1487321132.2

DEBUG:root:Real time1487321132.4

DEBUG:root:Real time1487321132.6

DEBUG:root:Real time1487321132.8

DEBUG:root:Real time1487321133.0

DEBUG:root:Real time1487321133.2

DEBUG:root:Real time1487321133.4

DEBUG:root:Real time1487321133.61

DEBUG:root:Real time1487321133.81

DEBUG:root:Real time1487321134.01

DEBUG:root:Real time1487321134.21

DEBUG:root:Real time1487321134.41

DEBUG:root:Real time1487321134.61

DEBUG:root:Real time1487321134.81

DEBUG:root:Real time1487321135.01

DEBUG:root:Real time1487321135.21

DEBUG:root:Real time1487321135.41

DEBUG:root:Real time1487321135.61

DEBUG:root:Real time1487321135.81

DEBUG:root:Real time1487321136.01

DEBUG:root:Real time1487321136.22

DEBUG:root:Real time1487321136.42

DEBUG:root:Real time1487321136.62

DEBUG:root:Real time1487321136.82

DEBUG:root:Real time1487321137.02

DEBUG:root:Real time1487321137.22

DEBUG:root:Real time1487321137.42

DEBUG:root:Real time1487321137.62

DEBUG:root:Real time1487321137.83

DEBUG:root:Real time1487321138.03

DEBUG:root:Real time1487321138.23

DEBUG:root:Real time1487321138.43

DEBUG:root:Real time1487321138.63

DEBUG:root:Real time1487321138.83

DEBUG:root:Real time1487321139.04

DEBUG:root:Real time1487321139.24

DEBUG:root:Real time1487321139.44

DEBUG:root:Real time1487321139.64

DEBUG:root:Real time1487321139.84

DEBUG:root:Real time1487321140.04

DEBUG:root:Real time1487321140.25

DEBUG:root:Real time1487321140.45

DEBUG:root:Real time1487321140.65

DEBUG:root:Real time1487321140.85

DEBUG:root:Real time1487321141.05

DEBUG:root:Real time1487321141.25

DEBUG:root:Real time1487321141.45

DEBUG:root:Real time1487321141.65

DEBUG:root:Real time1487321141.85

DEBUG:root:Real time1487321142.05

DEBUG:root:Real time1487321142.25

DEBUG:root:Real time1487321142.45

DEBUG:root:Real time1487321142.65

DEBUG:root:Real time1487321142.86

DEBUG:root:Real time1487321143.06

DEBUG:root:Real time1487321143.26

DEBUG:root:Real time1487321143.46

DEBUG:root:Real time1487321143.66

DEBUG:root:Real time1487321143.86

DEBUG:root:Real time1487321144.06

DEBUG:root:Real time1487321144.26

DEBUG:root:Real time1487321144.46

DEBUG:root:Real time1487321144.66

DEBUG:root:Real time1487321144.86

DEBUG:root:Real time1487321145.06

DEBUG:root:Real time1487321145.27

DEBUG:root:Real time1487321145.47

DEBUG:root:Real time1487321145.67

DEBUG:root:Real time1487321145.87

DEBUG:root:Real time1487321146.07

DEBUG:root:Real time1487321146.27

DEBUG:root:Real time1487321146.47

DEBUG:root:Real time1487321146.67

DEBUG:root:Real time1487321146.88

DEBUG:root:Real time1487321147.08

DEBUG:root:Real time1487321147.28

DEBUG:root:Real time1487321147.48

DEBUG:root:Real time1487321147.68

DEBUG:root:Real time1487321147.88

DEBUG:root:Real time1487321148.08

DEBUG:root:Real time1487321148.28

DEBUG:root:Real time1487321148.48

DEBUG:root:Real time1487321148.68

DEBUG:root:Real time1487321148.88

DEBUG:root:Real time1487321149.08

DEBUG:root:Real time1487321149.28

DEBUG:root:Real time1487321149.48

DEBUG:root:Real time1487321149.69

DEBUG:root:Real time1487321149.89

DEBUG:root:Real time1487321150.09

DEBUG:root:Real time1487321150.29

DEBUG:root:Real time1487321150.49

DEBUG:root:Real time1487321150.69

DEBUG:root:Real time1487321150.89

DEBUG:root:Real time1487321151.09

DEBUG:root:Real time1487321151.29

DEBUG:root:Real time1487321151.49

DEBUG:root:Real time1487321151.69

DEBUG:root:Real time1487321151.9

DEBUG:root:Real time1487321152.1

DEBUG:root:Real time1487321152.3

DEBUG:root:Real time1487321152.5

DEBUG:root:Real time1487321152.7

DEBUG:root:Real time1487321152.9

DEBUG:root:Real time1487321153.1

DEBUG:root:Real time1487321153.3

DEBUG:root:Real time1487321153.5

DEBUG:root:Real time1487321153.7

DEBUG:root:Real time1487321153.9

DEBUG:root:Real time1487321154.1

DEBUG:root:Real time1487321154.31

DEBUG:root:Real time1487321154.51

DEBUG:root:Real time1487321154.71

DEBUG:root:Real time1487321154.91

DEBUG:root:Real time1487321155.11

DEBUG:root:Real time1487321155.31

DEBUG:root:Real time1487321155.51

DEBUG:root:Real time1487321155.71

DEBUG:root:Real time1487321155.91

DEBUG:root:Real time1487321156.11

DEBUG:root:Real time1487321156.32

DEBUG:root:Real time1487321156.52

DEBUG:root:Real time1487321156.72

DEBUG:root:Real time1487321156.92

DEBUG:root:Real time1487321157.12

DEBUG:root:Real time1487321157.32

DEBUG:root:Real time1487321157.52

DEBUG:root:Real time1487321157.72

DEBUG:root:Real time1487321157.93

DEBUG:root:Real time1487321158.13

DEBUG:root:Real time1487321158.33

DEBUG:root:Real time1487321158.53

DEBUG:root:Real time1487321158.73

DEBUG:root:Real time1487321158.93

DEBUG:root:Real time1487321159.14

DEBUG:root:Real time1487321159.34

DEBUG:root:Real time1487321159.54

DEBUG:root:Real time1487321159.74

DEBUG:root:Real time1487321159.94

DEBUG:root:Real time1487321160.15

DEBUG:root:Real time1487321160.35

DEBUG:root:Real time1487321160.55

DEBUG:root:Real time1487321160.75

DEBUG:root:Real time1487321160.95

DEBUG:root:Real time1487321161.15

DEBUG:root:Real time1487321161.35

DEBUG:root:Real time1487321161.55

DEBUG:root:Real time1487321161.76

DEBUG:root:Real time1487321161.96

DEBUG:root:Real time1487321162.16

DEBUG:root:Real time1487321162.36

DEBUG:root:Real time1487321162.56

DEBUG:root:Real time1487321162.77

DEBUG:root:Real time1487321162.97

DEBUG:root:Real time1487321163.17

DEBUG:root:Real time1487321163.37

DEBUG:root:Real time1487321163.57

DEBUG:root:Real time1487321163.77

DEBUG:root:Real time1487321163.97

DEBUG:root:Real time1487321164.17

DEBUG:root:Real time1487321164.37

DEBUG:root:Real time1487321164.57

DEBUG:root:Real time1487321164.77

DEBUG:root:Real time1487321164.97

DEBUG:root:Real time1487321165.17

DEBUG:root:Real time1487321165.37

DEBUG:root:Real time1487321165.57

DEBUG:root:Real time1487321165.78

DEBUG:root:Real time1487321165.98

DEBUG:root:Real time1487321166.18

DEBUG:root:Real time1487321166.38

DEBUG:root:Real time1487321166.58

DEBUG:root:Real time1487321166.78

DEBUG:root:Real time1487321166.99

DEBUG:root:Real time1487321167.19

DEBUG:root:Real time1487321167.39

DEBUG:root:Real time1487321167.59

DEBUG:root:Real time1487321167.79

DEBUG:root:Real time1487321167.99

DEBUG:root:Real time1487321168.19

DEBUG:root:Real time1487321168.39

DEBUG:root:Real time1487321168.59

DEBUG:root:Real time1487321168.79

DEBUG:root:Real time1487321168.99

DEBUG:root:Real time1487321169.19

DEBUG:root:Real time1487321169.4

DEBUG:root:Real time1487321169.6

DEBUG:root:Real time1487321169.8

DEBUG:root:Real time1487321170.0

DEBUG:root:Real time1487321170.2

DEBUG:root:Real time1487321170.4

DEBUG:root:Real time1487321170.6

DEBUG:root:Real time1487321170.8

DEBUG:root:Real time1487321171.0

DEBUG:root:Real time1487321171.2

DEBUG:root:Real time1487321171.41

DEBUG:root:Real time1487321171.61

DEBUG:root:Real time1487321171.81

DEBUG:root:Real time1487321172.01

DEBUG:root:Real time1487321172.21

DEBUG:root:Real time1487321172.41

DEBUG:root:Real time1487321172.61

DEBUG:root:Real time1487321172.82

DEBUG:root:Real time1487321173.02

DEBUG:root:Real time1487321173.22

DEBUG:root:Real time1487321173.42

DEBUG:root:Real time1487321173.63

DEBUG:root:Real time1487321173.83

DEBUG:root:Real time1487321174.03

DEBUG:root:Real time1487321174.23

DEBUG:root:Real time1487321174.43

DEBUG:root:Real time1487321174.64

DEBUG:root:Real time1487321174.84

DEBUG:root:Real time1487321175.04

DEBUG:root:Real time1487321175.24

DEBUG:root:Real time1487321175.44

DEBUG:root:Real time1487321175.64

DEBUG:root:Real time1487321175.85

DEBUG:root:Real time1487321176.05

DEBUG:root:Real time1487321176.25

DEBUG:root:Real time1487321176.45

DEBUG:root:Real time1487321176.65

DEBUG:root:Real time1487321176.85

DEBUG:root:Real time1487321177.05

DEBUG:root:Real time1487321177.26

DEBUG:root:Real time1487321177.46

DEBUG:root:Real time1487321177.66

DEBUG:root:Real time1487321177.86

DEBUG:root:Real time1487321178.06

DEBUG:root:Real time1487321178.26

DEBUG:root:Real time1487321178.46

DEBUG:root:Real time1487321178.66

DEBUG:root:Real time1487321178.86

DEBUG:root:Real time1487321179.06

DEBUG:root:Real time1487321179.26

DEBUG:root:Real time1487321179.46

DEBUG:root:Real time1487321179.67

DEBUG:root:Real time1487321179.87

DEBUG:root:Real time1487321180.07

DEBUG:root:Real time1487321180.27

DEBUG:root:Real time1487321180.47

DEBUG:root:Real time1487321180.67

DEBUG:root:Real time1487321180.87

DEBUG:root:Real time1487321181.07

DEBUG:root:Real time1487321181.27

DEBUG:root:Real time1487321181.47

DEBUG:root:Real time1487321181.67

DEBUG:root:Real time1487321181.88

DEBUG:root:Real time1487321182.08

DEBUG:root:Real time1487321182.28

DEBUG:root:Real time1487321182.48

DEBUG:root:Real time1487321182.68

DEBUG:root:Real time1487321182.88

DEBUG:root:Real time1487321183.08

DEBUG:root:Real time1487321183.28

DEBUG:root:Real time1487321183.48

DEBUG:root:Real time1487321183.68

DEBUG:root:Real time1487321183.88

DEBUG:root:Real time1487321184.09

DEBUG:root:Real time1487321184.29

DEBUG:root:Real time1487321184.49

DEBUG:root:Real time1487321184.69

DEBUG:root:Real time1487321184.89

DEBUG:root:Real time1487321185.09

DEBUG:root:Real time1487321185.29

DEBUG:root:Real time1487321185.49

DEBUG:root:Real time1487321185.69

DEBUG:root:Real time1487321185.89

DEBUG:root:Real time1487321186.1

DEBUG:root:Real time1487321186.3

DEBUG:root:Real time1487321186.5

DEBUG:root:Real time1487321186.7

DEBUG:root:Real time1487321186.9

DEBUG:root:Real time1487321187.1

DEBUG:root:Real time1487321187.3

DEBUG:root:Real time1487321187.5

DEBUG:root:Real time1487321187.7

DEBUG:root:Real time1487321187.9

DEBUG:root:Real time1487321188.1

DEBUG:root:Real time1487321188.3

DEBUG:root:Real time1487321188.5

DEBUG:root:Real time1487321188.7

DEBUG:root:Real time1487321188.9

DEBUG:root:Real time1487321189.11

DEBUG:root:Real time1487321189.31

DEBUG:root:Too small detection probably wrong
DEBUG:root:Real time1487321189.51

DEBUG:root:Too small detection probably wrong
DEBUG:root:Real time1487321189.71

DEBUG:root:Real time1487321189.91

DEBUG:root:Too small detection probably wrong
DEBUG:root:Real time1487321190.11

DEBUG:root:Real time1487321190.31

DEBUG:root:Too small detection probably wrong
DEBUG:root:Real time1487321190.51

DEBUG:root:Too small detection probably wrong
DEBUG:root:Real time1487321190.71

DEBUG:root:Too small detection probably wrong
DEBUG:root:Real time1487321190.91

DEBUG:root:Too small detection probably wrong
DEBUG:root:Real time1487321191.11

DEBUG:root:Too small detection probably wrong
DEBUG:root:Real time1487321191.31

DEBUG:root:Too small detection probably wrong
DEBUG:root:Real time1487321191.51

DEBUG:root:Real time1487321191.71

DEBUG:root:Too small detection probably wrong
DEBUG:root:Real time1487321191.91

DEBUG:root:Too small detection probably wrong
DEBUG:root:Real time1487321192.11

DEBUG:root:Too small detection probably wrong
DEBUG:root:Real time1487321192.32

DEBUG:root:Too small detection probably wrong
DEBUG:root:Real time1487321192.52

DEBUG:root:Real time1487321192.72

DEBUG:root:Real time1487321192.92

DEBUG:root:Real time1487321193.12

DEBUG:root:Real time1487321193.32

DEBUG:root:Real time1487321193.52

DEBUG:root:Real time1487321193.72

DEBUG:root:Real time1487321193.92

DEBUG:root:Real time1487321194.13

DEBUG:root:Real time1487321194.33

DEBUG:root:Real time1487321194.53

DEBUG:root:Real time1487321194.73

DEBUG:root:Too small detection probably wrong
DEBUG:root:Real time1487321194.93

DEBUG:root:Too small detection probably wrong
DEBUG:root:Real time1487321195.13

DEBUG:root:Real time1487321195.33

DEBUG:root:Real time1487321195.53

DEBUG:root:Real time1487321195.73

DEBUG:root:Real time1487321195.93

DEBUG:root:Real time1487321196.13

DEBUG:root:Real time1487321196.33

DEBUG:root:Too small detection probably wrong
DEBUG:root:Real time1487321196.54

DEBUG:root:Too small detection probably wrong
DEBUG:root:Real time1487321196.74

DEBUG:root:Real time1487321196.94

DEBUG:root:Real time1487321197.14

DEBUG:root:Real time1487321197.34

DEBUG:root:Real time1487321197.54

DEBUG:root:Real time1487321197.74

DEBUG:root:Real time1487321197.94

DEBUG:root:Real time1487321198.14

DEBUG:root:Real time1487321198.34

DEBUG:root:Real time1487321198.54

DEBUG:root:Real time1487321198.74

DEBUG:root:Real time1487321198.95

DEBUG:root:Too small detection probably wrong
DEBUG:root:Real time1487321199.15

DEBUG:root:Too small detection probably wrong
DEBUG:root:Real time1487321199.35

DEBUG:root:Real time1487321199.55

DEBUG:root:Real time1487321199.75

DEBUG:root:Extracted signature:bitarray('100000000000001000000000000000000000000000000000000000000000000000000000000000000000000000000000000000000000000000000000000000000000000000000000000000000000000000000000000000000000000000000000000000000000000000000000000000000000000000000000')
DEBUG:root:Matched frame over all scan:1272

DEBUG:root:Errors over all scan:63

DEBUG:root:Result:tau1_fail
DEBUG:root:Match or Not:False
DEBUG:root:Real time1487321199.95

DEBUG:root:Real time1487321200.15

DEBUG:root:Real time1487321200.35

DEBUG:root:Real time1487321200.55

DEBUG:root:Too small detection probably wrong
DEBUG:root:Real time1487321200.75

DEBUG:root:Real time1487321200.96

DEBUG:root:Real time1487321201.16

DEBUG:root:Real time1487321201.36

DEBUG:root:Too small detection probably wrong
DEBUG:root:Real time1487321201.56

DEBUG:root:Real time1487321201.76

DEBUG:root:Real time1487321201.96

DEBUG:root:Real time1487321202.16

DEBUG:root:Too small detection probably wrong
DEBUG:root:Real time1487321202.36

DEBUG:root:Real time1487321202.56

DEBUG:root:Real time1487321202.76

DEBUG:root:Real time1487321202.96

DEBUG:root:Too small detection probably wrong
DEBUG:root:Real time1487321203.16

DEBUG:root:Too small detection probably wrong
DEBUG:root:Real time1487321203.36

DEBUG:root:Real time1487321203.57

DEBUG:root:Too small detection probably wrong
DEBUG:root:Real time1487321203.77

DEBUG:root:Too small detection probably wrong
DEBUG:root:Real time1487321203.97

DEBUG:root:Real time1487321204.17

DEBUG:root:Too small detection probably wrong
DEBUG:root:Real time1487321204.37

DEBUG:root:Real time1487321204.57

DEBUG:root:Real time1487321204.77

DEBUG:root:Real time1487321204.97

DEBUG:root:Real time1487321205.17

DEBUG:root:Real time1487321205.37

DEBUG:root:Real time1487321205.57

DEBUG:root:Real time1487321205.77

DEBUG:root:Real time1487321205.98

DEBUG:root:Real time1487321206.18

DEBUG:root:Too small detection probably wrong
DEBUG:root:Real time1487321206.38

DEBUG:root:Real time1487321206.58

DEBUG:root:Too small detection probably wrong
DEBUG:root:Real time1487321206.78

DEBUG:root:Real time1487321206.98

DEBUG:root:Real time1487321207.19

DEBUG:root:Real time1487321207.39

DEBUG:root:Real time1487321207.59

DEBUG:root:Real time1487321207.79

DEBUG:root:Extracted signature:bitarray('100011110001111000011100011100001111000110000111100110000111000100001110010001111000001111000011110001110011100110010001111000011000001111000011000111100001110011110000110011110000110111100001011100001111100000111000011100011000110011011000')
DEBUG:root:Matched frame over all scan:259

DEBUG:root:Errors over all scan:73

DEBUG:root:Result:tau3_fail
DEBUG:root:Match or Not:False
DEBUG:root:Real time1487321207.99

DEBUG:root:Real time1487321208.19

DEBUG:root:Real time1487321208.39

DEBUG:root:Real time1487321208.59

DEBUG:root:Real time1487321208.79

DEBUG:root:Real time1487321208.99

DEBUG:root:Real time1487321209.19

DEBUG:root:Real time1487321209.39

DEBUG:root:Too small detection probably wrong
DEBUG:root:Real time1487321209.6

DEBUG:root:Too small detection probably wrong
DEBUG:root:Real time1487321209.8

DEBUG:root:Real time1487321210.0

DEBUG:root:Too small detection probably wrong
DEBUG:root:Real time1487321210.2

DEBUG:root:Too small detection probably wrong
DEBUG:root:Real time1487321210.4

DEBUG:root:Too small detection probably wrong
DEBUG:root:Real time1487321210.6

DEBUG:root:Real time1487321210.8

DEBUG:root:Real time1487321211.0

DEBUG:root:Too small detection probably wrong
DEBUG:root:Real time1487321211.2

DEBUG:root:Too small detection probably wrong
DEBUG:root:Real time1487321211.4

DEBUG:root:Too small detection probably wrong
DEBUG:root:Real time1487321211.6

DEBUG:root:Real time1487321211.8

DEBUG:root:Real time1487321212.0

DEBUG:root:Too small detection probably wrong
DEBUG:root:Real time1487321212.21

DEBUG:root:Too small detection probably wrong
DEBUG:root:Real time1487321212.41

DEBUG:root:Too small detection probably wrong
DEBUG:root:Real time1487321212.61

DEBUG:root:Real time1487321212.81

DEBUG:root:Too small detection probably wrong
DEBUG:root:Real time1487321213.01

DEBUG:root:Too small detection probably wrong
DEBUG:root:Real time1487321213.21

DEBUG:root:Too small detection probably wrong
DEBUG:root:Real time1487321213.41

DEBUG:root:Too small detection probably wrong
DEBUG:root:Real time1487321213.61

DEBUG:root:Real time1487321213.81

DEBUG:root:Real time1487321214.01

DEBUG:root:Too small detection probably wrong
DEBUG:root:Real time1487321214.21

DEBUG:root:Real time1487321214.41

DEBUG:root:Too small detection probably wrong
DEBUG:root:Real time1487321214.61

DEBUG:root:Too small detection probably wrong
DEBUG:root:Real time1487321214.81

DEBUG:root:Too small detection probably wrong
DEBUG:root:Real time1487321215.02

DEBUG:root:Real time1487321215.22

DEBUG:root:Real time1487321215.42

DEBUG:root:Real time1487321215.62

DEBUG:root:Real time1487321215.82

DEBUG:root:Real time1487321216.02

DEBUG:root:Real time1487321216.22

DEBUG:root:Real time1487321216.42

DEBUG:root:Real time1487321216.63

DEBUG:root:Real time1487321216.83

DEBUG:root:Real time1487321217.03

DEBUG:root:Real time1487321217.23

DEBUG:root:Real time1487321217.43

DEBUG:root:Real time1487321217.63

DEBUG:root:Real time1487321217.83

DEBUG:root:Real time1487321218.03

DEBUG:root:Real time1487321218.23

DEBUG:root:Real time1487321218.44

DEBUG:root:Real time1487321218.64

DEBUG:root:Real time1487321218.84

DEBUG:root:Real time1487321219.04

DEBUG:root:Real time1487321219.24

DEBUG:root:Real time1487321219.44

DEBUG:root:Real time1487321219.64

DEBUG:root:Real time1487321219.84

DEBUG:root:Real time1487321220.04

DEBUG:root:Too small detection probably wrong
DEBUG:root:Real time1487321220.24

DEBUG:root:Real time1487321220.44

DEBUG:root:Too small detection probably wrong
DEBUG:root:Real time1487321220.64

DEBUG:root:Real time1487321220.84

DEBUG:root:Real time1487321221.04

DEBUG:root:Real time1487321221.24

DEBUG:root:Extracted signature:bitarray('111111111111101011111111110000011111110001001111111001000110010010000001001000000001000000010000001000001000010001001110000000000000010000000000000100000000000010000000000010000000000100000000010000000010000001100000110000010000100011001000')
DEBUG:root:Matched frame over all scan:1252

DEBUG:root:Errors over all scan:58

DEBUG:root:Result:replica detected
DEBUG:root:Match or Not:True
DEBUG:root:Real time1487321221.44

DEBUG:root:Real time1487321221.65

DEBUG:root:Too small detection probably wrong
DEBUG:root:Real time1487321221.85

DEBUG:root:Too small detection probably wrong
DEBUG:root:Real time1487321222.05

DEBUG:root:Real time1487321222.25

DEBUG:root:Real time1487321222.46

DEBUG:root:Real time1487321222.66

DEBUG:root:Real time1487321222.86

DEBUG:root:Real time1487321223.06

DEBUG:root:Real time1487321223.26

DEBUG:root:Real time1487321223.46

DEBUG:root:Real time1487321223.66

DEBUG:root:Real time1487321223.86

DEBUG:root:Extracted signature:bitarray('111110000011101111110000111101111100010110111110000110111110001101101100110000110011000111110001111000111000110001001011000000000011110000000000111100000000001110000000001010001000000100010000011000000011000000110001001101101111011101100000')
DEBUG:root:Matched frame over all scan:1160

DEBUG:root:Errors over all scan:72

DEBUG:root:Result:tau3_fail
DEBUG:root:Match or Not:False
DEBUG:root:Real time1487321224.06

DEBUG:root:Real time1487321224.26

DEBUG:root:Extracted signature:bitarray('111111111111111111111111111101111111111110111111111110111111111101111111110110111110111111101101110100110111101110110101111111111111111111111111111011111111111101111111111101111111111011111111101111111101111111011111101111101111011101101000')
DEBUG:root:Matched frame over all scan:7

DEBUG:root:Errors over all scan:27

DEBUG:root:Result:replica detected
DEBUG:root:Match or Not:True
DEBUG:root:Real time1487321224.46

DEBUG:root:Real time1487321224.66

DEBUG:root:Real time1487321224.86

DEBUG:root:Real time1487321225.06

DEBUG:root:Real time1487321225.27

DEBUG:root:Real time1487321225.47

DEBUG:root:Real time1487321225.67

DEBUG:root:Real time1487321225.87

DEBUG:root:Real time1487321226.07

DEBUG:root:Real time1487321226.27

DEBUG:root:Real time1487321226.47

DEBUG:root:Real time1487321226.67

DEBUG:root:Real time1487321226.87

DEBUG:root:Real time1487321227.07

DEBUG:root:Real time1487321227.28

DEBUG:root:Real time1487321227.48

DEBUG:root:Real time1487321227.68

DEBUG:root:Real time1487321227.88

DEBUG:root:Real time1487321228.08

DEBUG:root:Real time1487321228.28

DEBUG:root:Real time1487321228.48

DEBUG:root:Real time1487321228.68

DEBUG:root:Real time1487321228.88

DEBUG:root:Real time1487321229.08

DEBUG:root:Real time1487321229.28

DEBUG:root:Real time1487321229.49

DEBUG:root:Too small detection probably wrong
DEBUG:root:Real time1487321229.69

DEBUG:root:Real time1487321229.89

DEBUG:root:Too small detection probably wrong
DEBUG:root:Real time1487321230.09

DEBUG:root:Real time1487321230.29

DEBUG:root:Too small detection probably wrong
DEBUG:root:Real time1487321230.49

DEBUG:root:Too small detection probably wrong
DEBUG:root:Real time1487321230.69

DEBUG:root:Real time1487321230.89

DEBUG:root:Real time1487321231.09

DEBUG:root:Real time1487321231.29

DEBUG:root:Real time1487321231.49

DEBUG:root:Real time1487321231.69

DEBUG:root:Real time1487321231.9

DEBUG:root:Real time1487321232.1

DEBUG:root:Real time1487321232.3

DEBUG:root:Real time1487321232.5

DEBUG:root:Real time1487321232.7

DEBUG:root:Real time1487321232.91

DEBUG:root:Real time1487321233.11

DEBUG:root:Real time1487321233.31

DEBUG:root:Real time1487321233.51

DEBUG:root:Too small detection probably wrong
DEBUG:root:Real time1487321233.71

DEBUG:root:Real time1487321233.91

DEBUG:root:Real time1487321234.11

DEBUG:root:Real time1487321234.31

DEBUG:root:Real time1487321234.51

DEBUG:root:Real time1487321234.71

DEBUG:root:Real time1487321234.91

DEBUG:root:Real time1487321235.11

DEBUG:root:Real time1487321235.31

DEBUG:root:Real time1487321235.52

DEBUG:root:Real time1487321235.72

DEBUG:root:Real time1487321235.92

DEBUG:root:Real time1487321236.12

DEBUG:root:Real time1487321236.32

DEBUG:root:Real time1487321236.52

DEBUG:root:Real time1487321236.72

DEBUG:root:Real time1487321236.92

DEBUG:root:Real time1487321237.12

DEBUG:root:Real time1487321237.32

DEBUG:root:Real time1487321237.52

DEBUG:root:Real time1487321237.72

DEBUG:root:Real time1487321237.93

DEBUG:root:Real time1487321238.13

DEBUG:root:Real time1487321238.33

DEBUG:root:Real time1487321238.53

DEBUG:root:Real time1487321238.73

DEBUG:root:Real time1487321238.93

DEBUG:root:Real time1487321239.13

DEBUG:root:Real time1487321239.33

DEBUG:root:Real time1487321239.53

DEBUG:root:Real time1487321239.73

DEBUG:root:Real time1487321239.94

DEBUG:root:Real time1487321240.14

DEBUG:root:Real time1487321240.34

DEBUG:root:Real time1487321240.54

DEBUG:root:Real time1487321240.74

DEBUG:root:Real time1487321240.94

DEBUG:root:Real time1487321241.14

DEBUG:root:Real time1487321241.34

DEBUG:root:Real time1487321241.54

DEBUG:root:Real time1487321241.74

DEBUG:root:Real time1487321241.94

DEBUG:root:Real time1487321242.14

DEBUG:root:Real time1487321242.35

DEBUG:root:Real time1487321242.55

DEBUG:root:Real time1487321242.75

DEBUG:root:Real time1487321242.95

DEBUG:root:Real time1487321243.15

DEBUG:root:Real time1487321243.35

DEBUG:root:Real time1487321243.55

DEBUG:root:Real time1487321243.75

DEBUG:root:Real time1487321243.95

DEBUG:root:Real time1487321244.15

DEBUG:root:Real time1487321244.35

DEBUG:root:Real time1487321244.56

DEBUG:root:Real time1487321244.76

DEBUG:root:Real time1487321244.96

DEBUG:root:Real time1487321245.16

DEBUG:root:Real time1487321245.36

DEBUG:root:Real time1487321245.56

DEBUG:root:Real time1487321245.76

DEBUG:root:Real time1487321245.96

DEBUG:root:Real time1487321246.16

DEBUG:root:Real time1487321246.36

DEBUG:root:Real time1487321246.56

DEBUG:root:Real time1487321246.77

DEBUG:root:Real time1487321246.97

DEBUG:root:Real time1487321247.17

DEBUG:root:Real time1487321247.37

DEBUG:root:Real time1487321247.57

DEBUG:root:Real time1487321247.77

DEBUG:root:Real time1487321247.97

DEBUG:root:Real time1487321248.17

DEBUG:root:Real time1487321248.37

DEBUG:root:Real time1487321248.57

DEBUG:root:Real time1487321248.77

DEBUG:root:Real time1487321248.97

DEBUG:root:Real time1487321249.17

DEBUG:root:Real time1487321249.38

DEBUG:root:Real time1487321249.58

DEBUG:root:Real time1487321249.78

DEBUG:root:Real time1487321249.98

DEBUG:root:Real time1487321250.18

DEBUG:root:Real time1487321250.38

DEBUG:root:Real time1487321250.58

DEBUG:root:Real time1487321250.78

DEBUG:root:Real time1487321250.98

DEBUG:root:Real time1487321251.18

DEBUG:root:Real time1487321251.38

DEBUG:root:Extracted signature:bitarray('111101101100110111111111101101111111111110111111111110100111111101011111110011111110111111101111100111000100110010011010000000000001000000110001111010111000111110011000111110110011110001001111000000111000111111011110101110001100100000010000')
DEBUG:root:Matched frame over all scan:1325

DEBUG:root:Errors over all scan:66

DEBUG:root:Result:tau3_fail
DEBUG:root:Match or Not:False
DEBUG:root:Real time1487321251.58

DEBUG:root:Extracted signature:bitarray('100000000000001000000000000000000000000000000000000000000000000000000000000000000000000000000000000000000000000000000000000000000000000000000000000000000000000000000000000000000000000000000000000000000000000000000000000000000000000000000000')
DEBUG:root:Matched frame over all scan:1272

DEBUG:root:Errors over all scan:63

DEBUG:root:Result:tau1_fail
DEBUG:root:Match or Not:False
DEBUG:root:Real time1487321251.79

DEBUG:root:Extracted signature:bitarray('111110111110110111100111101101110011111110111011111110110111111001011111100111111100111111001111110110010100100110111010001111000110111111110001101001111000101111011001100110010011001011001110001111110001111100011110001110001110001101101000')
DEBUG:root:Matched frame over all scan:12

DEBUG:root:Errors over all scan:72

DEBUG:root:Result:tau3_fail
DEBUG:root:Match or Not:False
DEBUG:root:Real time1487321251.99

DEBUG:root:Real time1487321252.19

DEBUG:root:Real time1487321252.39

DEBUG:root:Real time1487321252.59

DEBUG:root:Real time1487321252.79

DEBUG:root:Real time1487321252.99

DEBUG:root:Real time1487321253.19

DEBUG:root:Real time1487321253.39

DEBUG:root:Real time1487321253.59

DEBUG:root:Real time1487321253.79

DEBUG:root:Real time1487321253.99

DEBUG:root:Real time1487321254.19

DEBUG:root:Real time1487321254.39

DEBUG:root:Real time1487321254.6

DEBUG:root:Real time1487321254.8

DEBUG:root:Real time1487321255.0

DEBUG:root:Real time1487321255.2

DEBUG:root:Real time1487321255.4

DEBUG:root:Real time1487321255.6

DEBUG:root:Real time1487321255.8

DEBUG:root:Real time1487321256.0

DEBUG:root:Real time1487321256.2

DEBUG:root:Real time1487321256.4

DEBUG:root:Real time1487321256.6

DEBUG:root:Real time1487321256.8

DEBUG:root:Real time1487321257.0

DEBUG:root:Real time1487321257.2

DEBUG:root:Too small detection probably wrong
DEBUG:root:Real time1487321257.4

DEBUG:root:Real time1487321257.6

DEBUG:root:Real time1487321257.81

DEBUG:root:Real time1487321258.01

DEBUG:root:Real time1487321258.21

DEBUG:root:Real time1487321258.41

DEBUG:root:Real time1487321258.61

DEBUG:root:Real time1487321258.81

DEBUG:root:Real time1487321259.01

DEBUG:root:Real time1487321259.21

DEBUG:root:Real time1487321259.41

DEBUG:root:Real time1487321259.61

DEBUG:root:Real time1487321259.81

DEBUG:root:Real time1487321260.02

DEBUG:root:Real time1487321260.22

DEBUG:root:Real time1487321260.42

DEBUG:root:Real time1487321260.62

DEBUG:root:Real time1487321260.82

DEBUG:root:Real time1487321261.02

DEBUG:root:Real time1487321261.22

DEBUG:root:Real time1487321261.42

DEBUG:root:Extracted signature:bitarray('100000000000001000000000000000000000000000000000000000000000000000000000000000000000000000000000000000000000000000000000000000000000000000000000000000000000000000000000000000000000000000000000000000000000000000000000000000000000000000000000')
DEBUG:root:Matched frame over all scan:1272

DEBUG:root:Errors over all scan:63

DEBUG:root:Result:tau1_fail
DEBUG:root:Match or Not:False
DEBUG:root:Real time1487321261.62

DEBUG:root:Extracted signature:bitarray('100000000000001000000000000000000000000000000000000000000000000000000000000000000000000000000000000000000000000000000000000000000000000000000000000000000000000000000000000000000000000000000000000000000000000000000000000000000000000000000000')
DEBUG:root:Matched frame over all scan:1272

DEBUG:root:Errors over all scan:63

DEBUG:root:Result:tau1_fail
DEBUG:root:Match or Not:False
DEBUG:root:Real time1487321261.82

DEBUG:root:Real time1487321262.02

DEBUG:root:Real time1487321262.22

DEBUG:root:Extracted signature:bitarray('100000000000001000000000000000000000000000000000000000000000000000000000000000000000000000000000000000000000000000000000000000000000000000000000000000000000000000000000000000000000000000000000000000000000000000000000000000000000000000000000')
DEBUG:root:Matched frame over all scan:1272

DEBUG:root:Errors over all scan:63

DEBUG:root:Result:tau1_fail
DEBUG:root:Match or Not:False
DEBUG:root:Real time1487321262.42

DEBUG:root:Extracted signature:bitarray('100000000000001000000000000000000000000000000000000000000000000000000000000000000000000000000000000000000000000000000000000000000000000000000000000000000000000000000000000000000000000000000000000000000000000000000000000000000000000000000000')
DEBUG:root:Matched frame over all scan:1272

DEBUG:root:Errors over all scan:63

DEBUG:root:Result:tau1_fail
DEBUG:root:Match or Not:False
DEBUG:root:Real time1487321262.62

DEBUG:root:Real time1487321262.82

DEBUG:root:Real time1487321263.02

DEBUG:root:Real time1487321263.22

DEBUG:root:Real time1487321263.43

DEBUG:root:Real time1487321263.63

DEBUG:root:Real time1487321263.83

DEBUG:root:Too small detection probably wrong
DEBUG:root:Real time1487321264.03

DEBUG:root:Real time1487321264.23

DEBUG:root:Real time1487321264.43

DEBUG:root:Real time1487321264.63

DEBUG:root:Real time1487321264.83

DEBUG:root:Extracted signature:bitarray('111100001101110110000011011101000011111110000011111110000110111100001011110000011100000111000011000011001100010001000001110000011111111100000111111110000001111110000000011110000000111100000011100000011010001110100110010100011000100010000000')
DEBUG:root:Matched frame over all scan:1179

DEBUG:root:Errors over all scan:76

DEBUG:root:Result:tau2_fail
DEBUG:root:Match or Not:False
DEBUG:root:Real time1487321265.03

DEBUG:root:Real time1487321265.23

DEBUG:root:Real time1487321265.43

DEBUG:root:Real time1487321265.63

DEBUG:root:Real time1487321265.84

DEBUG:root:Real time1487321266.04

DEBUG:root:Real time1487321266.24

DEBUG:root:Real time1487321266.44

DEBUG:root:Real time1487321266.64

DEBUG:root:Real time1487321266.84

DEBUG:root:Real time1487321267.04

DEBUG:root:Real time1487321267.24

DEBUG:root:Real time1487321267.44

DEBUG:root:Real time1487321267.64

DEBUG:root:Real time1487321267.84

DEBUG:root:Real time1487321268.04

DEBUG:root:Real time1487321268.25

DEBUG:root:Real time1487321268.45

DEBUG:root:Real time1487321268.65

DEBUG:root:Real time1487321268.85

DEBUG:root:Real time1487321269.05

DEBUG:root:Real time1487321269.25

DEBUG:root:Real time1487321269.45

DEBUG:root:Real time1487321269.65

DEBUG:root:Real time1487321269.86

DEBUG:root:Real time1487321270.06

DEBUG:root:Real time1487321270.26

DEBUG:root:Real time1487321270.46

DEBUG:root:Real time1487321270.66

DEBUG:root:Real time1487321270.86

DEBUG:root:Real time1487321271.06

DEBUG:root:Real time1487321271.26

DEBUG:root:Real time1487321271.46

DEBUG:root:Real time1487321271.66

DEBUG:root:Real time1487321271.86

DEBUG:root:Real time1487321272.06

DEBUG:root:Real time1487321272.27

DEBUG:root:Real time1487321272.47

DEBUG:root:Real time1487321272.67

DEBUG:root:Real time1487321272.87

DEBUG:root:Real time1487321273.07

DEBUG:root:Real time1487321273.27

DEBUG:root:Real time1487321273.47

DEBUG:root:Real time1487321273.67

DEBUG:root:Real time1487321273.87

DEBUG:root:Real time1487321274.07

DEBUG:root:Real time1487321274.27

DEBUG:root:Real time1487321274.48

DEBUG:root:Real time1487321274.68

DEBUG:root:Real time1487321274.88

DEBUG:root:Real time1487321275.08

DEBUG:root:Real time1487321275.28

DEBUG:root:Real time1487321275.48

DEBUG:root:Real time1487321275.68

DEBUG:root:Real time1487321275.88

DEBUG:root:Real time1487321276.08

DEBUG:root:Real time1487321276.28

DEBUG:root:Real time1487321276.48

