DEBUG:root:Under real time Point counter:2.28881835938e-05

DEBUG:root:Real time1486873549.72

DEBUG:root:Real time1486873549.92

DEBUG:root:Real time1486873550.12

DEBUG:root:Real time1486873550.33

DEBUG:root:Real time1486873550.53

DEBUG:root:Real time1486873550.73

DEBUG:root:Real time1486873550.93

DEBUG:root:Real time1486873551.13

DEBUG:root:Real time1486873551.33

DEBUG:root:Real time1486873551.53

DEBUG:root:Real time1486873551.73

DEBUG:root:Real time1486873551.93

DEBUG:root:Real time1486873552.14

DEBUG:root:Real time1486873552.34

DEBUG:root:Real time1486873552.54

DEBUG:root:Real time1486873552.74

DEBUG:root:Real time1486873552.94

DEBUG:root:Real time1486873553.14

DEBUG:root:Real time1486873553.34

DEBUG:root:Real time1486873553.54

DEBUG:root:Real time1486873553.74

DEBUG:root:Real time1486873553.94

DEBUG:root:Real time1486873554.15

DEBUG:root:Real time1486873554.35

DEBUG:root:Real time1486873554.55

DEBUG:root:Real time1486873554.75

DEBUG:root:Real time1486873554.95

DEBUG:root:Real time1486873555.15

DEBUG:root:Real time1486873555.35

DEBUG:root:Total error:1925

DEBUG:root:Match frame over 50:499

DEBUG:root:Real time1486873555.55

DEBUG:root:Total error:1893

DEBUG:root:Match frame over 50:499

DEBUG:root:Real time1486873555.75

DEBUG:root:Total error:1674

DEBUG:root:Match frame over 50:499

DEBUG:root:Real time1486873555.95

DEBUG:root:Total error:1661

DEBUG:root:Match frame over 50:499

DEBUG:root:Real time1486873556.15

DEBUG:root:Total error:1556

DEBUG:root:Match frame over 50:499

DEBUG:root:Real time1486873556.35

DEBUG:root:Total error:1388

DEBUG:root:Match frame over 50:499

DEBUG:root:Real time1486873556.55

DEBUG:root:Total error:1267

DEBUG:root:Match frame over 50:508

DEBUG:root:Real time1486873556.75

DEBUG:root:Total error:751

DEBUG:root:Match frame over 50:507

DEBUG:root:Real time1486873556.96

DEBUG:root:Total error:1248

DEBUG:root:Match frame over 50:499

DEBUG:root:Real time1486873557.17

DEBUG:root:Total error:1445

DEBUG:root:Match frame over 50:499

DEBUG:root:Real time1486873557.37

DEBUG:root:Total error:1641

DEBUG:root:Match frame over 50:499

DEBUG:root:Real time1486873557.57

DEBUG:root:Total error:1704

DEBUG:root:Match frame over 50:524

DEBUG:root:Real time1486873557.77

DEBUG:root:Total error:1693

DEBUG:root:Match frame over 50:524

DEBUG:root:Real time1486873557.97

DEBUG:root:Total error:1631

DEBUG:root:Match frame over 50:524

DEBUG:root:Real time1486873558.17

DEBUG:root:Total error:1583

DEBUG:root:Match frame over 50:524

DEBUG:root:Real time1486873558.37

DEBUG:root:Total error:1526

DEBUG:root:Match frame over 50:524

DEBUG:root:Real time1486873558.57

DEBUG:root:Total error:1447

DEBUG:root:Match frame over 50:524

DEBUG:root:Real time1486873558.77

DEBUG:root:Total error:1382

DEBUG:root:Match frame over 50:524

DEBUG:root:Real time1486873558.97

DEBUG:root:Total error:1317

DEBUG:root:Match frame over 50:524

DEBUG:root:Real time1486873559.17

DEBUG:root:Total error:1251

DEBUG:root:Match frame over 50:524

DEBUG:root:Under real time Point counter:0.212065935135

DEBUG:root:Total error:1127

DEBUG:root:Match frame over 50:522

DEBUG:root:Real time1486873559.59

DEBUG:root:Total error:1008

DEBUG:root:Match frame over 50:524

DEBUG:root:Real time1486873559.79

DEBUG:root:Total error:769

DEBUG:root:Match frame over 50:524

DEBUG:root:Real time1486873559.99

DEBUG:root:Total error:954

DEBUG:root:Match frame over 50:524

DEBUG:root:Real time1486873560.19

DEBUG:root:Total error:1128

DEBUG:root:Match frame over 50:524

DEBUG:root:Real time1486873560.4

DEBUG:root:Total error:1218

DEBUG:root:Match frame over 50:524

DEBUG:root:Real time1486873560.6

DEBUG:root:Total error:1292

DEBUG:root:Match frame over 50:524

DEBUG:root:Real time1486873560.8

DEBUG:root:Total error:1347

DEBUG:root:Match frame over 50:524

DEBUG:root:Real time1486873561.0

DEBUG:root:Total error:1484

DEBUG:root:Match frame over 50:496

DEBUG:root:Real time1486873561.2

DEBUG:root:Total error:1627

DEBUG:root:Match frame over 50:496

DEBUG:root:Real time1486873561.4

DEBUG:root:Total error:1781

DEBUG:root:Match frame over 50:498

DEBUG:root:Real time1486873561.6

DEBUG:root:Total error:1908

DEBUG:root:Match frame over 50:498

DEBUG:root:Real time1486873561.8

DEBUG:root:Total error:1833

DEBUG:root:Match frame over 50:539

DEBUG:root:Real time1486873562.0

DEBUG:root:Total error:1717

DEBUG:root:Match frame over 50:523

DEBUG:root:Real time1486873562.2

DEBUG:root:Total error:1620

DEBUG:root:Match frame over 50:522

DEBUG:root:Real time1486873562.4

DEBUG:root:Total error:1495

DEBUG:root:Match frame over 50:539

DEBUG:root:Real time1486873562.6

DEBUG:root:Total error:1246

DEBUG:root:Match frame over 50:513

DEBUG:root:Real time1486873562.8

DEBUG:root:Total error:738

DEBUG:root:Match frame over 50:528

DEBUG:root:Real time1486873563.0

DEBUG:root:Total error:1284

DEBUG:root:Match frame over 50:521

DEBUG:root:Real time1486873563.2

DEBUG:root:Total error:1509

DEBUG:root:Match frame over 50:521

DEBUG:root:Real time1486873563.41

DEBUG:root:Total error:1689

DEBUG:root:Match frame over 50:521

DEBUG:root:Real time1486873563.61

DEBUG:root:Total error:1826

DEBUG:root:Match frame over 50:521

DEBUG:root:Real time1486873563.81

DEBUG:root:Total error:1928

DEBUG:root:Match frame over 50:521

DEBUG:root:Real time1486873564.01

DEBUG:root:Total error:2046

DEBUG:root:Match frame over 50:516

DEBUG:root:Real time1486873564.21

DEBUG:root:Total error:2180

DEBUG:root:Match frame over 50:516

DEBUG:root:Under real time Point counter:0.243406057358

DEBUG:root:Total error:2284

DEBUG:root:Match frame over 50:516

DEBUG:root:Real time1486873564.65

DEBUG:root:Total error:2423

DEBUG:root:Match frame over 50:516

DEBUG:root:Real time1486873564.85

DEBUG:root:Total error:2438

DEBUG:root:Match frame over 50:554

DEBUG:root:Real time1486873565.06

DEBUG:root:Total error:2311

DEBUG:root:Match frame over 50:554

DEBUG:root:Real time1486873565.26

DEBUG:root:Total error:2107

DEBUG:root:Match frame over 50:554

DEBUG:root:Real time1486873565.46

DEBUG:root:Total error:1857

DEBUG:root:Match frame over 50:554

DEBUG:root:Real time1486873565.66

DEBUG:root:Total error:1396

DEBUG:root:Match frame over 50:554

DEBUG:root:Real time1486873565.86

DEBUG:root:Total error:896

DEBUG:root:Match frame over 50:554

DEBUG:root:Real time1486873566.06

DEBUG:root:Total error:1705

DEBUG:root:Match frame over 50:554

DEBUG:root:Real time1486873566.26

DEBUG:root:Total error:2102

DEBUG:root:Match frame over 50:525

DEBUG:root:Real time1486873566.46

DEBUG:root:Total error:2433

DEBUG:root:Match frame over 50:554

DEBUG:root:Real time1486873566.66

DEBUG:root:Total error:2658

DEBUG:root:Match frame over 50:550

DEBUG:root:Real time1486873566.86

DEBUG:root:Total error:2821

DEBUG:root:Match frame over 50:550

DEBUG:root:Real time1486873567.06

DEBUG:root:Total error:2962

DEBUG:root:Match frame over 50:550

DEBUG:root:Real time1486873567.26

DEBUG:root:Total error:3045

DEBUG:root:Match frame over 50:551

DEBUG:root:Real time1486873567.46

DEBUG:root:Total error:2947

DEBUG:root:Match frame over 50:550

DEBUG:root:Real time1486873567.67

DEBUG:root:Total error:2843

DEBUG:root:Match frame over 50:550

DEBUG:root:Real time1486873567.87

DEBUG:root:Total error:2710

DEBUG:root:Match frame over 50:550

DEBUG:root:Real time1486873568.07

DEBUG:root:Total error:2497

DEBUG:root:Match frame over 50:554

DEBUG:root:Real time1486873568.27

DEBUG:root:Total error:2240

DEBUG:root:Match frame over 50:562

DEBUG:root:Real time1486873568.47

DEBUG:root:Total error:1874

DEBUG:root:Match frame over 50:554

DEBUG:root:Real time1486873568.67

DEBUG:root:Total error:1201

DEBUG:root:Match frame over 50:560

DEBUG:root:Real time1486873568.87

DEBUG:root:Total error:1012

DEBUG:root:Match frame over 50:554

DEBUG:root:Real time1486873569.07

DEBUG:root:Total error:1540

DEBUG:root:Match frame over 50:559

DEBUG:root:Real time1486873569.27

DEBUG:root:Total error:1903

DEBUG:root:Match frame over 50:562

DEBUG:root:Real time1486873569.47

DEBUG:root:Total error:2095

DEBUG:root:Match frame over 50:562

DEBUG:root:Real time1486873569.67

DEBUG:root:Total error:2228

DEBUG:root:Match frame over 50:554

DEBUG:root:Real time1486873569.87

DEBUG:root:Total error:2343

DEBUG:root:Match frame over 50:554

DEBUG:root:Real time1486873570.07

DEBUG:root:Total error:2489

DEBUG:root:Match frame over 50:562

DEBUG:root:Real time1486873570.27

DEBUG:root:Total error:2558

DEBUG:root:Match frame over 50:557

DEBUG:root:Real time1486873570.47

DEBUG:root:Real time1486873570.67

DEBUG:root:Total error:2575

DEBUG:root:Match frame over 50:580

DEBUG:root:Real time1486873570.87

DEBUG:root:Total error:2425

DEBUG:root:Match frame over 50:584

DEBUG:root:Real time1486873571.07

DEBUG:root:Total error:2267

DEBUG:root:Match frame over 50:583

DEBUG:root:Real time1486873571.28

DEBUG:root:Total error:2169

DEBUG:root:Match frame over 50:583

DEBUG:root:Real time1486873571.48

DEBUG:root:Total error:2057

DEBUG:root:Match frame over 50:583

DEBUG:root:Real time1486873571.68

DEBUG:root:Total error:1687

DEBUG:root:Match frame over 50:583

DEBUG:root:Real time1486873571.88

DEBUG:root:Total error:1264

DEBUG:root:Match frame over 50:570

DEBUG:root:Real time1486873572.08

DEBUG:root:Total error:1234

DEBUG:root:Match frame over 50:572

DEBUG:root:Real time1486873572.28

DEBUG:root:Total error:1598

DEBUG:root:Match frame over 50:572

DEBUG:root:Real time1486873572.48

DEBUG:root:Total error:1896

DEBUG:root:Match frame over 50:571

DEBUG:root:Real time1486873572.68

DEBUG:root:Total error:2082

DEBUG:root:Match frame over 50:572

DEBUG:root:Real time1486873572.88

DEBUG:root:Total error:2246

DEBUG:root:Match frame over 50:572

DEBUG:root:Real time1486873573.08

DEBUG:root:Total error:2402

DEBUG:root:Match frame over 50:571

DEBUG:root:Real time1486873573.28

DEBUG:root:Total error:2432

DEBUG:root:Match frame over 50:570

DEBUG:root:Real time1486873573.49

DEBUG:root:Total error:2435

DEBUG:root:Match frame over 50:593

DEBUG:root:Real time1486873573.69

DEBUG:root:Total error:2304

DEBUG:root:Match frame over 50:593

DEBUG:root:Real time1486873573.89

DEBUG:root:Total error:2126

DEBUG:root:Match frame over 50:577

DEBUG:root:Real time1486873574.09

DEBUG:root:Total error:1932

DEBUG:root:Match frame over 50:590

DEBUG:root:Real time1486873574.29

DEBUG:root:Total error:1874

DEBUG:root:Match frame over 50:570

DEBUG:root:Real time1486873574.49

DEBUG:root:Total error:1786

DEBUG:root:Match frame over 50:590

DEBUG:root:Real time1486873574.69

DEBUG:root:Total error:1279

DEBUG:root:Match frame over 50:590

DEBUG:root:Real time1486873574.89

DEBUG:root:Total error:1207

DEBUG:root:Match frame over 50:590

DEBUG:root:Real time1486873575.09

DEBUG:root:Total error:1553

DEBUG:root:Match frame over 50:590

DEBUG:root:Real time1486873575.29

DEBUG:root:Total error:1747

DEBUG:root:Match frame over 50:592

DEBUG:root:Real time1486873575.49

DEBUG:root:Total error:1994

DEBUG:root:Match frame over 50:593

DEBUG:root:Real time1486873575.69

DEBUG:root:Total error:2247

DEBUG:root:Match frame over 50:570

DEBUG:root:Real time1486873575.89

DEBUG:root:Total error:2437

DEBUG:root:Match frame over 50:592

DEBUG:root:Real time1486873576.09

DEBUG:root:Total error:2581

DEBUG:root:Match frame over 50:592

DEBUG:root:Real time1486873576.29

DEBUG:root:Total error:2584

DEBUG:root:Match frame over 50:599

DEBUG:root:Real time1486873576.49

DEBUG:root:Total error:2702

DEBUG:root:Match frame over 50:579

DEBUG:root:Real time1486873576.7

DEBUG:root:Total error:2774

DEBUG:root:Match frame over 50:607

DEBUG:root:Real time1486873576.9

DEBUG:root:Total error:2601

DEBUG:root:Match frame over 50:612

DEBUG:root:Real time1486873577.1

DEBUG:root:Total error:2500

DEBUG:root:Match frame over 50:611

DEBUG:root:Real time1486873577.3

DEBUG:root:Total error:2351

DEBUG:root:Match frame over 50:602

DEBUG:root:Real time1486873577.5

DEBUG:root:Total error:2151

DEBUG:root:Match frame over 50:602

DEBUG:root:Real time1486873577.7

DEBUG:root:Total error:1530

DEBUG:root:Match frame over 50:602

DEBUG:root:Real time1486873577.9

DEBUG:root:Total error:1434

DEBUG:root:Match frame over 50:611

DEBUG:root:Real time1486873578.1

DEBUG:root:Total error:2161

DEBUG:root:Match frame over 50:605

DEBUG:root:Real time1486873578.3

DEBUG:root:Total error:2382

DEBUG:root:Match frame over 50:591

DEBUG:root:Real time1486873578.5

DEBUG:root:Total error:2583

DEBUG:root:Match frame over 50:591

DEBUG:root:Real time1486873578.7

DEBUG:root:Total error:2722

DEBUG:root:Match frame over 50:605

DEBUG:root:Real time1486873578.9

DEBUG:root:Total error:2866

DEBUG:root:Match frame over 50:592

DEBUG:root:Real time1486873579.1

DEBUG:root:Total error:2914

DEBUG:root:Match frame over 50:600

DEBUG:root:Real time1486873579.3

DEBUG:root:Total error:2948

DEBUG:root:Match frame over 50:592

DEBUG:root:Real time1486873579.5

DEBUG:root:Total error:2994

DEBUG:root:Match frame over 50:1

DEBUG:root:Real time1486873579.7

DEBUG:root:Total error:2978

DEBUG:root:Match frame over 50:1312

DEBUG:root:Real time1486873579.9

DEBUG:root:Total error:2960

DEBUG:root:Match frame over 50:629

DEBUG:root:Real time1486873580.1

DEBUG:root:Total error:2899

DEBUG:root:Match frame over 50:621

DEBUG:root:Real time1486873580.31

DEBUG:root:Total error:2689

DEBUG:root:Match frame over 50:601

DEBUG:root:Real time1486873580.51

DEBUG:root:Total error:2413

DEBUG:root:Match frame over 50:611

DEBUG:root:Real time1486873580.71

DEBUG:root:Total error:1795

DEBUG:root:Match frame over 50:608

DEBUG:root:Real time1486873580.91

DEBUG:root:Total error:1756

DEBUG:root:Match frame over 50:602

DEBUG:root:Real time1486873581.11

DEBUG:root:Total error:2570

DEBUG:root:Match frame over 50:625

DEBUG:root:Real time1486873581.31

DEBUG:root:Total error:2825

DEBUG:root:Match frame over 50:1193

DEBUG:root:Real time1486873581.51

DEBUG:root:Total error:2837

DEBUG:root:Match frame over 50:1183

DEBUG:root:Real time1486873581.71

DEBUG:root:Total error:2881

DEBUG:root:Match frame over 50:1182

DEBUG:root:Real time1486873581.91

DEBUG:root:Total error:2909

DEBUG:root:Match frame over 50:1318

DEBUG:root:Real time1486873582.11

DEBUG:root:Total error:2906

DEBUG:root:Match frame over 50:1181

DEBUG:root:Real time1486873582.31

DEBUG:root:Total error:2908

DEBUG:root:Match frame over 50:1192

DEBUG:root:Real time1486873582.51

DEBUG:root:Total error:2922

DEBUG:root:Match frame over 50:1173

DEBUG:root:Real time1486873582.71

DEBUG:root:Total error:2976

DEBUG:root:Match frame over 50:1225

DEBUG:root:Real time1486873582.91

DEBUG:root:Total error:3024

DEBUG:root:Match frame over 50:20

DEBUG:root:Real time1486873583.11

DEBUG:root:Total error:2921

DEBUG:root:Match frame over 50:1325

DEBUG:root:Real time1486873583.31

DEBUG:root:Total error:2939

DEBUG:root:Match frame over 50:14

DEBUG:root:Real time1486873583.51

DEBUG:root:Total error:2770

DEBUG:root:Match frame over 50:623

DEBUG:root:Real time1486873583.71

DEBUG:root:Total error:2090

DEBUG:root:Match frame over 50:622

DEBUG:root:Real time1486873583.92

DEBUG:root:Total error:1962

DEBUG:root:Match frame over 50:633

DEBUG:root:Real time1486873584.12

DEBUG:root:Total error:2832

DEBUG:root:Match frame over 50:617

DEBUG:root:Real time1486873584.32

DEBUG:root:Total error:3009

DEBUG:root:Match frame over 50:1338

DEBUG:root:Real time1486873584.52

DEBUG:root:Total error:3004

DEBUG:root:Match frame over 50:1197

DEBUG:root:Real time1486873584.72

DEBUG:root:Total error:3012

DEBUG:root:Match frame over 50:1209

DEBUG:root:Real time1486873584.92

DEBUG:root:Total error:3020

DEBUG:root:Match frame over 50:1214

DEBUG:root:Real time1486873585.12

DEBUG:root:Total error:3096

DEBUG:root:Match frame over 50:1213

DEBUG:root:Real time1486873585.32

DEBUG:root:Total error:3069

DEBUG:root:Match frame over 50:1210

DEBUG:root:Real time1486873585.52

DEBUG:root:Total error:3028

DEBUG:root:Match frame over 50:1196

DEBUG:root:Real time1486873585.72

DEBUG:root:Total error:3120

DEBUG:root:Match frame over 50:1

DEBUG:root:Real time1486873585.92

DEBUG:root:Total error:3147

DEBUG:root:Match frame over 50:1

DEBUG:root:Real time1486873586.12

DEBUG:root:Total error:3098

DEBUG:root:Match frame over 50:1227

DEBUG:root:Real time1486873586.32

DEBUG:root:Total error:3122

DEBUG:root:Match frame over 50:1201

DEBUG:root:Real time1486873586.52

DEBUG:root:Total error:2861

DEBUG:root:Match frame over 50:658

DEBUG:root:Real time1486873586.72

DEBUG:root:Total error:2056

DEBUG:root:Match frame over 50:647

DEBUG:root:Real time1486873586.92

DEBUG:root:Total error:1880

DEBUG:root:Match frame over 50:658

DEBUG:root:Real time1486873587.13

DEBUG:root:Total error:2856

DEBUG:root:Match frame over 50:658

DEBUG:root:Real time1486873587.33

DEBUG:root:Total error:3098

DEBUG:root:Match frame over 50:656

DEBUG:root:Real time1486873587.53

DEBUG:root:Total error:3181

DEBUG:root:Match frame over 50:14

DEBUG:root:Real time1486873587.73

DEBUG:root:Total error:3169

DEBUG:root:Match frame over 50:1215

DEBUG:root:Real time1486873587.93

DEBUG:root:Total error:3148

DEBUG:root:Match frame over 50:1220

DEBUG:root:Real time1486873588.13

DEBUG:root:Too small detection probably wrong
DEBUG:root:Real time1486873588.33

DEBUG:root:Total error:3129

DEBUG:root:Match frame over 50:1334

DEBUG:root:Real time1486873588.53

DEBUG:root:Total error:3013

DEBUG:root:Match frame over 50:1306

DEBUG:root:Real time1486873588.73

DEBUG:root:Total error:3037

DEBUG:root:Match frame over 50:1209

DEBUG:root:Real time1486873588.93

DEBUG:root:Total error:3012

DEBUG:root:Match frame over 50:1311

DEBUG:root:Real time1486873589.13

DEBUG:root:Total error:3007

DEBUG:root:Match frame over 50:1178

DEBUG:root:Real time1486873589.33

DEBUG:root:Total error:2907

DEBUG:root:Match frame over 50:1325

DEBUG:root:Real time1486873589.53

DEBUG:root:Total error:2849

DEBUG:root:Match frame over 50:1179

DEBUG:root:Real time1486873589.74

DEBUG:root:Total error:2684

DEBUG:root:Match frame over 50:647

DEBUG:root:Real time1486873589.94

DEBUG:root:Total error:2003

DEBUG:root:Match frame over 50:647

