DEBUG:root:Under real time Point 1486759094.69

DEBUG:root:Too small detection probably wrong
DEBUG:root:Under real time Point 0.137388944626

DEBUG:root:Too small detection probably wrong
DEBUG:root:Under real time Point 0.0958831310272

DEBUG:root:Real time1486759095.12

DEBUG:root:Too small detection probably wrong
DEBUG:root:Under real time Point 0.0357728004456

DEBUG:root:Too small detection probably wrong
DEBUG:root:Under real time Point 0.03577709198

DEBUG:root:Real time1486759095.4

DEBUG:root:Real time1486759095.6

DEBUG:root:Too small detection probably wrong
DEBUG:root:Under real time Point 0.0307500362396

DEBUG:root:Too small detection probably wrong
DEBUG:root:Under real time Point 0.0311789512634

DEBUG:root:Under real time Point 0.0325450897217

DEBUG:root:Too small detection probably wrong
DEBUG:root:Under real time Point 0.0312678813934

DEBUG:root:Too small detection probably wrong
DEBUG:root:Under real time Point 0.0307579040527

DEBUG:root:Real time1486759095.95

DEBUG:root:Real time1486759096.16

DEBUG:root:Real time1486759096.36

DEBUG:root:Real time1486759096.56

DEBUG:root:Real time1486759096.76

DEBUG:root:Real time1486759096.96

DEBUG:root:143
DEBUG:root:63
DEBUG:root:158
DEBUG:root:45
DEBUG:root:Real time1486759097.16

DEBUG:root:143
DEBUG:root:68
DEBUG:root:158
DEBUG:root:44
DEBUG:root:Real time1486759097.36

DEBUG:root:142
DEBUG:root:63
DEBUG:root:158
DEBUG:root:40
DEBUG:root:Real time1486759097.56

DEBUG:root:149
DEBUG:root:62
DEBUG:root:158
DEBUG:root:51
DEBUG:root:Real time1486759097.76

DEBUG:root:146
DEBUG:root:53
DEBUG:root:158
DEBUG:root:34
DEBUG:root:Real time1486759097.96

DEBUG:root:146
DEBUG:root:69
DEBUG:root:158
DEBUG:root:50
DEBUG:root:Real time1486759098.16

DEBUG:root:149
DEBUG:root:53
DEBUG:root:167
DEBUG:root:45
DEBUG:root:Real time1486759098.36

DEBUG:root:156
DEBUG:root:62
DEBUG:root:156
DEBUG:root:62
DEBUG:root:Real time1486759098.56

DEBUG:root:153
DEBUG:root:37
DEBUG:root:153
DEBUG:root:37
DEBUG:root:Real time1486759098.76

DEBUG:root:153
DEBUG:root:38
DEBUG:root:153
DEBUG:root:38
DEBUG:root:Real time1486759098.96

DEBUG:root:153
DEBUG:root:36
DEBUG:root:153
DEBUG:root:36
DEBUG:root:Real time1486759099.16

DEBUG:root:153
DEBUG:root:38
DEBUG:root:153
DEBUG:root:38
DEBUG:root:Real time1486759099.36

DEBUG:root:155
DEBUG:root:36
DEBUG:root:155
DEBUG:root:36
DEBUG:root:Real time1486759099.56

DEBUG:root:158
DEBUG:root:44
DEBUG:root:158
DEBUG:root:44
DEBUG:root:Real time1486759099.77

DEBUG:root:157
DEBUG:root:36
DEBUG:root:157
DEBUG:root:36
DEBUG:root:Real time1486759099.97

DEBUG:root:158
DEBUG:root:32
DEBUG:root:158
DEBUG:root:32
DEBUG:root:Real time1486759100.17

DEBUG:root:158
DEBUG:root:39
DEBUG:root:158
DEBUG:root:39
DEBUG:root:Real time1486759100.37

DEBUG:root:158
DEBUG:root:39
DEBUG:root:158
DEBUG:root:39
DEBUG:root:Real time1486759100.57

DEBUG:root:164
DEBUG:root:39
DEBUG:root:164
DEBUG:root:39
DEBUG:root:Real time1486759100.77

DEBUG:root:158
DEBUG:root:33
DEBUG:root:158
DEBUG:root:33
DEBUG:root:Real time1486759100.97

DEBUG:root:158
DEBUG:root:38
DEBUG:root:158
DEBUG:root:38
DEBUG:root:Real time1486759101.17

DEBUG:root:157
DEBUG:root:36
DEBUG:root:157
DEBUG:root:36
DEBUG:root:Real time1486759101.37

DEBUG:root:161
DEBUG:root:40
DEBUG:root:161
DEBUG:root:40
DEBUG:root:Real time1486759101.57

DEBUG:root:156
DEBUG:root:40
DEBUG:root:156
DEBUG:root:40
DEBUG:root:Real time1486759101.77

DEBUG:root:158
DEBUG:root:39
DEBUG:root:158
DEBUG:root:39
DEBUG:root:Real time1486759101.97

DEBUG:root:151
DEBUG:root:67
DEBUG:root:166
DEBUG:root:62
DEBUG:root:Real time1486759102.17

DEBUG:root:151
DEBUG:root:109
DEBUG:root:800
DEBUG:root:81
DEBUG:root:Real time1486759102.37

DEBUG:root:152
DEBUG:root:90
DEBUG:root:172
DEBUG:root:64
DEBUG:root:Real time1486759102.58

DEBUG:root:166
DEBUG:root:112
DEBUG:root:781
DEBUG:root:71
DEBUG:root:Real time1486759102.78

DEBUG:root:172
DEBUG:root:54
DEBUG:root:172
DEBUG:root:54
DEBUG:root:Real time1486759102.98

DEBUG:root:172
DEBUG:root:49
DEBUG:root:172
DEBUG:root:49
DEBUG:root:Real time1486759103.18

DEBUG:root:172
DEBUG:root:52
DEBUG:root:172
DEBUG:root:52
DEBUG:root:Real time1486759103.38

DEBUG:root:169
DEBUG:root:111
DEBUG:root:178
DEBUG:root:65
DEBUG:root:Real time1486759103.58

DEBUG:root:178
DEBUG:root:67
DEBUG:root:178
DEBUG:root:67
DEBUG:root:Real time1486759103.78

DEBUG:root:178
DEBUG:root:66
DEBUG:root:178
DEBUG:root:66
DEBUG:root:Real time1486759103.98

DEBUG:root:178
DEBUG:root:67
DEBUG:root:178
DEBUG:root:67
DEBUG:root:Real time1486759104.18

DEBUG:root:178
DEBUG:root:75
DEBUG:root:716
DEBUG:root:71
DEBUG:root:Real time1486759104.38

DEBUG:root:178
DEBUG:root:71
DEBUG:root:716
DEBUG:root:69
DEBUG:root:Real time1486759104.58

DEBUG:root:182
DEBUG:root:71
DEBUG:root:716
DEBUG:root:70
DEBUG:root:Real time1486759104.78

DEBUG:root:182
DEBUG:root:73
DEBUG:root:716
DEBUG:root:72
DEBUG:root:Under real time Point 0.211958885193

DEBUG:root:183
DEBUG:root:80
DEBUG:root:242
DEBUG:root:77
DEBUG:root:Real time1486759105.19

DEBUG:root:183
DEBUG:root:80
DEBUG:root:242
DEBUG:root:77
DEBUG:root:Real time1486759105.4

DEBUG:root:187
DEBUG:root:64
DEBUG:root:187
DEBUG:root:64
DEBUG:root:Real time1486759105.6

DEBUG:root:187
DEBUG:root:76
DEBUG:root:187
DEBUG:root:76
DEBUG:root:Real time1486759105.8

DEBUG:root:187
DEBUG:root:81
DEBUG:root:187
DEBUG:root:81
DEBUG:root:Real time1486759106.0

DEBUG:root:187
DEBUG:root:74
DEBUG:root:187
DEBUG:root:74
DEBUG:root:Real time1486759106.2

DEBUG:root:186
DEBUG:root:74
DEBUG:root:186
DEBUG:root:74
DEBUG:root:Real time1486759106.4

DEBUG:root:188
DEBUG:root:72
DEBUG:root:191
DEBUG:root:61
DEBUG:root:Real time1486759106.6

DEBUG:root:188
DEBUG:root:74
DEBUG:root:191
DEBUG:root:61
DEBUG:root:Real time1486759106.8

DEBUG:root:192
DEBUG:root:62
DEBUG:root:192
DEBUG:root:62
DEBUG:root:Real time1486759107.0

DEBUG:root:192
DEBUG:root:87
DEBUG:root:350
DEBUG:root:84
DEBUG:root:Real time1486759107.2

DEBUG:root:192
DEBUG:root:85
DEBUG:root:192
DEBUG:root:85
DEBUG:root:Real time1486759107.4

DEBUG:root:191
DEBUG:root:78
DEBUG:root:196
DEBUG:root:71
DEBUG:root:Real time1486759107.6

DEBUG:root:191
DEBUG:root:79
DEBUG:root:196
DEBUG:root:74
DEBUG:root:Real time1486759107.8

DEBUG:root:196
DEBUG:root:76
DEBUG:root:196
DEBUG:root:76
DEBUG:root:Real time1486759108.0

DEBUG:root:199
DEBUG:root:93
DEBUG:root:714
DEBUG:root:69
DEBUG:root:Real time1486759108.2

DEBUG:root:199
DEBUG:root:68
DEBUG:root:199
DEBUG:root:68
DEBUG:root:Real time1486759108.4

DEBUG:root:186
DEBUG:root:101
DEBUG:root:201
DEBUG:root:54
DEBUG:root:Real time1486759108.6

DEBUG:root:186
DEBUG:root:101
DEBUG:root:201
DEBUG:root:56
DEBUG:root:Real time1486759108.8

DEBUG:root:203
DEBUG:root:83
DEBUG:root:250
DEBUG:root:64
DEBUG:root:Real time1486759109.01

DEBUG:root:204
DEBUG:root:40
DEBUG:root:204
DEBUG:root:40
DEBUG:root:Real time1486759109.21

DEBUG:root:191
DEBUG:root:82
DEBUG:root:208
DEBUG:root:55
DEBUG:root:Real time1486759109.41

DEBUG:root:209
DEBUG:root:74
DEBUG:root:209
DEBUG:root:74
DEBUG:root:Real time1486759109.61

DEBUG:root:560
DEBUG:root:98
DEBUG:root:209
DEBUG:root:74
DEBUG:root:Real time1486759109.81

DEBUG:root:208
DEBUG:root:80
DEBUG:root:208
DEBUG:root:80
DEBUG:root:Real time1486759110.01

DEBUG:root:199
DEBUG:root:86
DEBUG:root:199
DEBUG:root:86
DEBUG:root:Real time1486759110.21

DEBUG:root:209
DEBUG:root:80
DEBUG:root:209
DEBUG:root:80
DEBUG:root:Real time1486759110.41

DEBUG:root:207
DEBUG:root:81
DEBUG:root:211
DEBUG:root:65
DEBUG:root:Real time1486759110.61

DEBUG:root:211
DEBUG:root:75
DEBUG:root:211
DEBUG:root:75
DEBUG:root:Real time1486759110.81

DEBUG:root:208
DEBUG:root:69
DEBUG:root:208
DEBUG:root:69
DEBUG:root:Real time1486759111.01

DEBUG:root:214
DEBUG:root:80
DEBUG:root:214
DEBUG:root:80
DEBUG:root:Real time1486759111.22

DEBUG:root:201
DEBUG:root:92
DEBUG:root:215
DEBUG:root:73
DEBUG:root:Real time1486759111.42

DEBUG:root:204
DEBUG:root:79
DEBUG:root:216
DEBUG:root:56
DEBUG:root:Real time1486759111.62

DEBUG:root:217
DEBUG:root:78
DEBUG:root:722
DEBUG:root:70
DEBUG:root:Real time1486759111.82

DEBUG:root:217
DEBUG:root:80
DEBUG:root:289
DEBUG:root:68
DEBUG:root:Real time1486759112.02

DEBUG:root:219
DEBUG:root:56
DEBUG:root:219
DEBUG:root:56
DEBUG:root:Real time1486759112.22

DEBUG:root:218
DEBUG:root:79
DEBUG:root:270
DEBUG:root:72
DEBUG:root:Real time1486759112.42

DEBUG:root:39
DEBUG:root:82
DEBUG:root:222
DEBUG:root:63
DEBUG:root:Real time1486759112.62

DEBUG:root:224
DEBUG:root:58
DEBUG:root:224
DEBUG:root:58
DEBUG:root:Real time1486759112.82

DEBUG:root:224
DEBUG:root:50
DEBUG:root:224
DEBUG:root:50
DEBUG:root:Real time1486759113.02

DEBUG:root:224
DEBUG:root:53
DEBUG:root:224
DEBUG:root:53
DEBUG:root:Real time1486759113.22

DEBUG:root:223
DEBUG:root:64
DEBUG:root:223
DEBUG:root:64
DEBUG:root:Real time1486759113.42

DEBUG:root:224
DEBUG:root:54
DEBUG:root:224
DEBUG:root:54
DEBUG:root:Real time1486759113.62

DEBUG:root:224
DEBUG:root:49
DEBUG:root:224
DEBUG:root:49
DEBUG:root:Real time1486759113.82

DEBUG:root:228
DEBUG:root:56
DEBUG:root:228
DEBUG:root:56
DEBUG:root:Real time1486759114.02

DEBUG:root:228
DEBUG:root:50
DEBUG:root:228
DEBUG:root:50
DEBUG:root:Real time1486759114.22

DEBUG:root:229
DEBUG:root:72
DEBUG:root:230
DEBUG:root:48
DEBUG:root:Real time1486759114.42

DEBUG:root:229
DEBUG:root:66
DEBUG:root:230
DEBUG:root:56
DEBUG:root:Real time1486759114.63

DEBUG:root:233
DEBUG:root:58
DEBUG:root:233
DEBUG:root:58
DEBUG:root:Real time1486759114.83

DEBUG:root:233
DEBUG:root:53
DEBUG:root:233
DEBUG:root:53
DEBUG:root:Real time1486759115.03

DEBUG:root:234
DEBUG:root:43
DEBUG:root:234
DEBUG:root:43
DEBUG:root:Real time1486759115.23

DEBUG:root:234
DEBUG:root:51
DEBUG:root:235
DEBUG:root:44
DEBUG:root:Real time1486759115.43

DEBUG:root:232
DEBUG:root:112
DEBUG:root:236
DEBUG:root:65
DEBUG:root:Real time1486759115.63

DEBUG:root:236
DEBUG:root:64
DEBUG:root:241
DEBUG:root:63
DEBUG:root:Real time1486759115.83

DEBUG:root:236
DEBUG:root:65
DEBUG:root:236
DEBUG:root:65
DEBUG:root:Real time1486759116.03

DEBUG:root:236
DEBUG:root:65
DEBUG:root:241
DEBUG:root:64
DEBUG:root:Real time1486759116.23

DEBUG:root:237
DEBUG:root:72
DEBUG:root:241
DEBUG:root:71
DEBUG:root:Real time1486759116.43

DEBUG:root:237
DEBUG:root:53
DEBUG:root:241
DEBUG:root:48
DEBUG:root:Real time1486759116.63

DEBUG:root:241
DEBUG:root:68
DEBUG:root:241
DEBUG:root:68
DEBUG:root:Real time1486759116.83

DEBUG:root:243
DEBUG:root:74
DEBUG:root:16
DEBUG:root:71
DEBUG:root:Real time1486759117.03

DEBUG:root:243
DEBUG:root:83
DEBUG:root:250
DEBUG:root:67
DEBUG:root:Real time1486759117.23

DEBUG:root:244
DEBUG:root:64
DEBUG:root:675
DEBUG:root:62
DEBUG:root:Real time1486759117.43

DEBUG:root:244
DEBUG:root:84
DEBUG:root:246
DEBUG:root:59
DEBUG:root:Real time1486759117.63

DEBUG:root:244
DEBUG:root:60
DEBUG:root:244
DEBUG:root:60
DEBUG:root:Real time1486759117.83

DEBUG:root:244
DEBUG:root:60
DEBUG:root:244
DEBUG:root:60
DEBUG:root:Real time1486759118.03

DEBUG:root:244
DEBUG:root:65
DEBUG:root:244
DEBUG:root:65
DEBUG:root:Real time1486759118.23

DEBUG:root:246
DEBUG:root:92
DEBUG:root:250
DEBUG:root:71
DEBUG:root:Real time1486759118.44

DEBUG:root:244
DEBUG:root:93
DEBUG:root:88
DEBUG:root:82
DEBUG:root:Real time1486759118.64

DEBUG:root:246
DEBUG:root:79
DEBUG:root:246
DEBUG:root:79
DEBUG:root:Real time1486759118.84

DEBUG:root:254
DEBUG:root:67
DEBUG:root:726
DEBUG:root:66
DEBUG:root:Real time1486759119.04

DEBUG:root:250
DEBUG:root:74
DEBUG:root:250
DEBUG:root:74
DEBUG:root:Real time1486759119.24

DEBUG:root:253
DEBUG:root:106
DEBUG:root:350
DEBUG:root:76
DEBUG:root:Real time1486759119.44

DEBUG:root:251
DEBUG:root:104
DEBUG:root:350
DEBUG:root:78
DEBUG:root:Real time1486759119.64

DEBUG:root:251
DEBUG:root:107
DEBUG:root:257
DEBUG:root:80
DEBUG:root:Real time1486759119.84

DEBUG:root:259
DEBUG:root:83
DEBUG:root:261
DEBUG:root:70
DEBUG:root:Real time1486759120.04

DEBUG:root:259
DEBUG:root:86
DEBUG:root:261
DEBUG:root:75
DEBUG:root:Real time1486759120.24

DEBUG:root:259
DEBUG:root:101
DEBUG:root:446
DEBUG:root:81
DEBUG:root:Real time1486759120.44

DEBUG:root:259
DEBUG:root:101
DEBUG:root:446
DEBUG:root:81
DEBUG:root:Real time1486759120.64

DEBUG:root:262
DEBUG:root:56
DEBUG:root:262
DEBUG:root:56
DEBUG:root:Real time1486759120.84

DEBUG:root:262
DEBUG:root:60
DEBUG:root:262
DEBUG:root:60
DEBUG:root:Real time1486759121.04

DEBUG:root:264
DEBUG:root:82
DEBUG:root:264
DEBUG:root:82
DEBUG:root:Real time1486759121.24

DEBUG:root:263
DEBUG:root:88
DEBUG:root:265
DEBUG:root:42
DEBUG:root:Real time1486759121.44

DEBUG:root:265
DEBUG:root:52
DEBUG:root:265
DEBUG:root:52
DEBUG:root:Real time1486759121.64

DEBUG:root:265
DEBUG:root:57
DEBUG:root:265
DEBUG:root:57
DEBUG:root:Real time1486759121.84

DEBUG:root:268
DEBUG:root:56
DEBUG:root:268
DEBUG:root:56
DEBUG:root:Real time1486759122.04

DEBUG:root:268
DEBUG:root:52
DEBUG:root:268
DEBUG:root:52
DEBUG:root:Real time1486759122.25

DEBUG:root:263
DEBUG:root:67
DEBUG:root:263
DEBUG:root:67
DEBUG:root:Real time1486759122.45

DEBUG:root:261
DEBUG:root:97
DEBUG:root:271
DEBUG:root:77
DEBUG:root:Real time1486759122.65

DEBUG:root:595
DEBUG:root:95
DEBUG:root:272
DEBUG:root:60
DEBUG:root:Real time1486759122.85

DEBUG:root:272
DEBUG:root:47
DEBUG:root:272
DEBUG:root:47
DEBUG:root:Real time1486759123.05

DEBUG:root:272
DEBUG:root:60
DEBUG:root:272
DEBUG:root:60
DEBUG:root:Real time1486759123.25

DEBUG:root:274
DEBUG:root:55
DEBUG:root:274
DEBUG:root:55
DEBUG:root:Real time1486759123.45

DEBUG:root:274
DEBUG:root:73
DEBUG:root:636
DEBUG:root:56
DEBUG:root:Real time1486759123.65

DEBUG:root:19
DEBUG:root:98
DEBUG:root:272
DEBUG:root:75
DEBUG:root:Real time1486759123.85

DEBUG:root:59
DEBUG:root:89
DEBUG:root:280
DEBUG:root:42
DEBUG:root:Real time1486759124.05

DEBUG:root:279
DEBUG:root:50
DEBUG:root:280
DEBUG:root:49
DEBUG:root:Real time1486759124.25

DEBUG:root:279
DEBUG:root:52
DEBUG:root:279
DEBUG:root:52
DEBUG:root:Real time1486759124.45

DEBUG:root:34
DEBUG:root:90
DEBUG:root:281
DEBUG:root:72
DEBUG:root:Real time1486759124.66

DEBUG:root:34
DEBUG:root:76
DEBUG:root:281
DEBUG:root:66
DEBUG:root:Real time1486759124.86

DEBUG:root:32
DEBUG:root:95
DEBUG:root:174
DEBUG:root:74
DEBUG:root:Real time1486759125.06

DEBUG:root:284
DEBUG:root:84
DEBUG:root:830
DEBUG:root:79
DEBUG:root:Real time1486759125.26

DEBUG:root:284
DEBUG:root:96
DEBUG:root:101
DEBUG:root:80
DEBUG:root:Real time1486759125.46

DEBUG:root:298
DEBUG:root:78
DEBUG:root:127
DEBUG:root:73
DEBUG:root:Real time1486759125.66

DEBUG:root:34
DEBUG:root:110
DEBUG:root:815
DEBUG:root:75
DEBUG:root:Real time1486759125.86

DEBUG:root:288
DEBUG:root:83
DEBUG:root:288
DEBUG:root:83
DEBUG:root:Real time1486759126.06

DEBUG:root:288
DEBUG:root:73
DEBUG:root:288
DEBUG:root:73
DEBUG:root:Real time1486759126.26

DEBUG:root:289
DEBUG:root:88
DEBUG:root:172
DEBUG:root:75
DEBUG:root:Real time1486759126.46

DEBUG:root:297
DEBUG:root:74
DEBUG:root:172
DEBUG:root:72
DEBUG:root:Real time1486759126.66

DEBUG:root:293
DEBUG:root:81
DEBUG:root:172
DEBUG:root:74
DEBUG:root:Real time1486759126.86

DEBUG:root:293
DEBUG:root:81
DEBUG:root:318
DEBUG:root:73
DEBUG:root:Real time1486759127.06

DEBUG:root:293
DEBUG:root:76
DEBUG:root:293
DEBUG:root:76
DEBUG:root:Real time1486759127.26

DEBUG:root:289
DEBUG:root:79
DEBUG:root:172
DEBUG:root:76
DEBUG:root:Real time1486759127.47

DEBUG:root:292
DEBUG:root:80
DEBUG:root:172
DEBUG:root:79
DEBUG:root:Real time1486759127.67

DEBUG:root:297
DEBUG:root:76
DEBUG:root:172
DEBUG:root:74
DEBUG:root:Real time1486759127.87

DEBUG:root:294
DEBUG:root:84
DEBUG:root:303
DEBUG:root:75
DEBUG:root:Real time1486759128.07

DEBUG:root:293
DEBUG:root:85
DEBUG:root:283
DEBUG:root:73
DEBUG:root:Real time1486759128.27

DEBUG:root:293
DEBUG:root:76
DEBUG:root:300
DEBUG:root:67
DEBUG:root:Real time1486759128.47

DEBUG:root:301
DEBUG:root:72
DEBUG:root:301
DEBUG:root:72
DEBUG:root:Real time1486759128.67

DEBUG:root:300
DEBUG:root:77
DEBUG:root:172
DEBUG:root:75
DEBUG:root:Real time1486759128.87

DEBUG:root:303
DEBUG:root:75
DEBUG:root:172
DEBUG:root:70
DEBUG:root:Real time1486759129.07

DEBUG:root:300
DEBUG:root:77
DEBUG:root:172
DEBUG:root:69
DEBUG:root:Real time1486759129.27

DEBUG:root:300
DEBUG:root:80
DEBUG:root:172
DEBUG:root:68
DEBUG:root:Real time1486759129.47

DEBUG:root:300
DEBUG:root:79
DEBUG:root:172
DEBUG:root:69
DEBUG:root:Real time1486759129.67

DEBUG:root:309
DEBUG:root:71
DEBUG:root:310
DEBUG:root:68
DEBUG:root:Real time1486759129.87

DEBUG:root:309
DEBUG:root:73
DEBUG:root:310
DEBUG:root:72
DEBUG:root:Real time1486759130.07

DEBUG:root:309
DEBUG:root:71
DEBUG:root:310
DEBUG:root:70
DEBUG:root:Real time1486759130.27

DEBUG:root:309
DEBUG:root:65
DEBUG:root:310
DEBUG:root:64
DEBUG:root:Real time1486759130.48

DEBUG:root:306
DEBUG:root:87
DEBUG:root:383
DEBUG:root:82
DEBUG:root:Real time1486759130.68

DEBUG:root:306
DEBUG:root:85
DEBUG:root:421
DEBUG:root:78
DEBUG:root:Real time1486759130.88

DEBUG:root:313
DEBUG:root:80
DEBUG:root:570
DEBUG:root:69
DEBUG:root:Real time1486759131.08

DEBUG:root:314
DEBUG:root:78
DEBUG:root:314
DEBUG:root:78
DEBUG:root:Real time1486759131.28

DEBUG:root:314
DEBUG:root:69
DEBUG:root:314
DEBUG:root:69
DEBUG:root:Real time1486759131.48

DEBUG:root:314
DEBUG:root:76
DEBUG:root:316
DEBUG:root:68
DEBUG:root:Real time1486759131.68

DEBUG:root:314
DEBUG:root:82
DEBUG:root:317
DEBUG:root:70
DEBUG:root:Real time1486759131.88

DEBUG:root:318
DEBUG:root:45
DEBUG:root:320
DEBUG:root:44
DEBUG:root:Real time1486759132.08

DEBUG:root:318
DEBUG:root:47
DEBUG:root:318
DEBUG:root:47
DEBUG:root:Real time1486759132.28

DEBUG:root:318
DEBUG:root:44
DEBUG:root:318
DEBUG:root:44
DEBUG:root:Real time1486759132.48

DEBUG:root:318
DEBUG:root:49
DEBUG:root:318
DEBUG:root:49
DEBUG:root:Real time1486759132.68

DEBUG:root:318
DEBUG:root:48
DEBUG:root:318
DEBUG:root:48
DEBUG:root:Real time1486759132.88

DEBUG:root:318
DEBUG:root:43
DEBUG:root:318
DEBUG:root:43
DEBUG:root:Real time1486759133.08

DEBUG:root:318
DEBUG:root:47
DEBUG:root:318
DEBUG:root:47
DEBUG:root:Real time1486759133.29

DEBUG:root:318
DEBUG:root:50
DEBUG:root:318
DEBUG:root:50
DEBUG:root:Real time1486759133.49

DEBUG:root:318
DEBUG:root:46
DEBUG:root:318
DEBUG:root:46
DEBUG:root:Real time1486759133.69

DEBUG:root:318
DEBUG:root:47
DEBUG:root:318
DEBUG:root:47
DEBUG:root:Real time1486759133.89

DEBUG:root:318
DEBUG:root:45
DEBUG:root:318
DEBUG:root:45
DEBUG:root:Real time1486759134.09

DEBUG:root:318
DEBUG:root:49
DEBUG:root:318
DEBUG:root:49
DEBUG:root:Real time1486759134.29

DEBUG:root:320
DEBUG:root:61
DEBUG:root:320
DEBUG:root:61
DEBUG:root:Real time1486759134.49

DEBUG:root:329
DEBUG:root:112
DEBUG:root:331
DEBUG:root:65
DEBUG:root:Real time1486759134.69

DEBUG:root:319
DEBUG:root:109
DEBUG:root:331
DEBUG:root:58
DEBUG:root:Real time1486759134.89

DEBUG:root:327
DEBUG:root:114
DEBUG:root:341
DEBUG:root:77
DEBUG:root:Real time1486759135.09

DEBUG:root:333
DEBUG:root:56
DEBUG:root:333
DEBUG:root:56
DEBUG:root:Real time1486759135.29

DEBUG:root:334
DEBUG:root:68
DEBUG:root:334
DEBUG:root:68
DEBUG:root:Real time1486759135.49

DEBUG:root:334
DEBUG:root:73
DEBUG:root:334
DEBUG:root:73
DEBUG:root:Real time1486759135.69

DEBUG:root:321
DEBUG:root:89
DEBUG:root:337
DEBUG:root:73
DEBUG:root:Real time1486759135.89

DEBUG:root:468
DEBUG:root:86
DEBUG:root:385
DEBUG:root:70
DEBUG:root:Real time1486759136.09

DEBUG:root:330
DEBUG:root:88
DEBUG:root:909
DEBUG:root:87
DEBUG:root:Real time1486759136.29

DEBUG:root:330
DEBUG:root:92
DEBUG:root:344
DEBUG:root:68
DEBUG:root:Real time1486759136.49

DEBUG:root:338
DEBUG:root:102
DEBUG:root:1008
DEBUG:root:72
DEBUG:root:Real time1486759136.69

DEBUG:root:375
DEBUG:root:104
DEBUG:root:234
DEBUG:root:83
DEBUG:root:Real time1486759136.89

DEBUG:root:344
DEBUG:root:59
DEBUG:root:344
DEBUG:root:59
DEBUG:root:Real time1486759137.09

DEBUG:root:342
DEBUG:root:87
DEBUG:root:396
DEBUG:root:81
DEBUG:root:Real time1486759137.29

DEBUG:root:545
DEBUG:root:86
DEBUG:root:558
DEBUG:root:74
DEBUG:root:Real time1486759137.5

DEBUG:root:342
DEBUG:root:90
DEBUG:root:372
DEBUG:root:81
DEBUG:root:Real time1486759137.7

DEBUG:root:55
DEBUG:root:98
DEBUG:root:416
DEBUG:root:61
DEBUG:root:Real time1486759137.9

DEBUG:root:415
DEBUG:root:91
DEBUG:root:327
DEBUG:root:64
DEBUG:root:Real time1486759138.1

DEBUG:root:349
DEBUG:root:102
DEBUG:root:165
DEBUG:root:84
DEBUG:root:Real time1486759138.3

DEBUG:root:58
DEBUG:root:81
DEBUG:root:558
DEBUG:root:77
DEBUG:root:Real time1486759138.5

DEBUG:root:53
DEBUG:root:111
DEBUG:root:736
DEBUG:root:87
DEBUG:root:Real time1486759138.7

DEBUG:root:407
DEBUG:root:87
DEBUG:root:374
DEBUG:root:81
DEBUG:root:Real time1486759138.9

DEBUG:root:69
DEBUG:root:85
DEBUG:root:15
DEBUG:root:64
DEBUG:root:Real time1486759139.1

DEBUG:root:354
DEBUG:root:83
DEBUG:root:354
DEBUG:root:83
DEBUG:root:Real time1486759139.3

DEBUG:root:407
DEBUG:root:99
DEBUG:root:531
DEBUG:root:84
DEBUG:root:Real time1486759139.5

DEBUG:root:65
DEBUG:root:103
DEBUG:root:697
DEBUG:root:80
DEBUG:root:Real time1486759139.7

DEBUG:root:23
DEBUG:root:118
DEBUG:root:375
DEBUG:root:83
DEBUG:root:Real time1486759139.9

DEBUG:root:150
DEBUG:root:94
DEBUG:root:358
DEBUG:root:61
DEBUG:root:Real time1486759140.1

DEBUG:root:358
DEBUG:root:56
DEBUG:root:358
DEBUG:root:56
DEBUG:root:Real time1486759140.3

DEBUG:root:Too small detection probably wrong
DEBUG:root:Under real time Point 0.0345129966736

DEBUG:root:Too small detection probably wrong
DEBUG:root:Under real time Point 0.037348985672

DEBUG:root:Too small detection probably wrong
DEBUG:root:Under real time Point 0.0349779129028

DEBUG:root:359
DEBUG:root:63
DEBUG:root:361
DEBUG:root:60
DEBUG:root:Real time1486759140.61

DEBUG:root:Too small detection probably wrong
DEBUG:root:Under real time Point 0.0319929122925

DEBUG:root:Too small detection probably wrong
DEBUG:root:Under real time Point 0.0287017822266

DEBUG:root:Too small detection probably wrong
DEBUG:root:Under real time Point 0.0328879356384

DEBUG:root:33
DEBUG:root:100
DEBUG:root:359
DEBUG:root:61
DEBUG:root:Real time1486759140.9

DEBUG:root:359
DEBUG:root:66
DEBUG:root:359
DEBUG:root:66
DEBUG:root:Real time1486759141.11

DEBUG:root:363
DEBUG:root:73
DEBUG:root:369
DEBUG:root:64
DEBUG:root:Real time1486759141.31

DEBUG:root:359
DEBUG:root:63
DEBUG:root:365
DEBUG:root:58
DEBUG:root:Real time1486759141.51

DEBUG:root:363
DEBUG:root:66
DEBUG:root:370
DEBUG:root:55
DEBUG:root:Real time1486759141.71

DEBUG:root:Too small detection probably wrong
DEBUG:root:Under real time Point 0.0316319465637

DEBUG:root:369
DEBUG:root:61
DEBUG:root:369
DEBUG:root:61
DEBUG:root:Real time1486759141.94

DEBUG:root:Too small detection probably wrong
DEBUG:root:Under real time Point 0.0343410968781

DEBUG:root:Too small detection probably wrong
DEBUG:root:Under real time Point 0.0373430252075

DEBUG:root:Too small detection probably wrong
DEBUG:root:Under real time Point 0.0359199047089

DEBUG:root:Too small detection probably wrong
DEBUG:root:Under real time Point 0.0331449508667

DEBUG:root:Too small detection probably wrong
DEBUG:root:Under real time Point 0.0335910320282

DEBUG:root:Too small detection probably wrong
DEBUG:root:Under real time Point 0.0322539806366

DEBUG:root:Too small detection probably wrong
DEBUG:root:Under real time Point 0.0301620960236

DEBUG:root:Too small detection probably wrong
DEBUG:root:Under real time Point 0.0309557914734

DEBUG:root:Too small detection probably wrong
DEBUG:root:Under real time Point 0.0293929576874

DEBUG:root:Too small detection probably wrong
DEBUG:root:Under real time Point 0.0288178920746

DEBUG:root:Too small detection probably wrong
DEBUG:root:Under real time Point 0.0301837921143

DEBUG:root:369
DEBUG:root:55
DEBUG:root:370
DEBUG:root:53
DEBUG:root:Real time1486759142.5

DEBUG:root:Too small detection probably wrong
DEBUG:root:Under real time Point 0.031466960907

DEBUG:root:Too small detection probably wrong
DEBUG:root:Under real time Point 0.0345799922943

DEBUG:root:Too small detection probably wrong
DEBUG:root:Under real time Point 0.0349929332733

DEBUG:root:Too small detection probably wrong
DEBUG:root:Under real time Point 0.0361399650574

DEBUG:root:Too small detection probably wrong
DEBUG:root:Under real time Point 0.0350818634033

DEBUG:root:359
DEBUG:root:73
DEBUG:root:359
DEBUG:root:73
DEBUG:root:Real time1486759142.87

DEBUG:root:358
DEBUG:root:124
DEBUG:root:199
DEBUG:root:83
DEBUG:root:Real time1486759143.07

DEBUG:root:374
DEBUG:root:96
DEBUG:root:356
DEBUG:root:85
DEBUG:root:Real time1486759143.27

DEBUG:root:373
DEBUG:root:96
DEBUG:root:696
DEBUG:root:70
DEBUG:root:Real time1486759143.47

DEBUG:root:373
DEBUG:root:111
DEBUG:root:396
DEBUG:root:85
DEBUG:root:Real time1486759143.67

DEBUG:root:368
DEBUG:root:92
DEBUG:root:377
DEBUG:root:77
DEBUG:root:Real time1486759143.87

DEBUG:root:379
DEBUG:root:83
DEBUG:root:320
DEBUG:root:78
DEBUG:root:Real time1486759144.07

DEBUG:root:379
DEBUG:root:53
DEBUG:root:384
DEBUG:root:49
DEBUG:root:Real time1486759144.27

DEBUG:root:379
DEBUG:root:51
DEBUG:root:383
DEBUG:root:49
DEBUG:root:Real time1486759144.47

DEBUG:root:383
DEBUG:root:54
DEBUG:root:383
DEBUG:root:54
DEBUG:root:Real time1486759144.68

DEBUG:root:383
DEBUG:root:48
DEBUG:root:383
DEBUG:root:48
DEBUG:root:Real time1486759144.88

DEBUG:root:383
DEBUG:root:59
DEBUG:root:383
DEBUG:root:59
DEBUG:root:Under real time Point 0.217925071716

DEBUG:root:384
DEBUG:root:55
DEBUG:root:384
DEBUG:root:55
DEBUG:root:Real time1486759145.3

DEBUG:root:384
DEBUG:root:45
DEBUG:root:384
DEBUG:root:45
DEBUG:root:Real time1486759145.5

DEBUG:root:383
DEBUG:root:50
DEBUG:root:383
DEBUG:root:50
DEBUG:root:Real time1486759145.7

DEBUG:root:386
DEBUG:root:50
DEBUG:root:386
DEBUG:root:50
DEBUG:root:Real time1486759145.9

DEBUG:root:386
DEBUG:root:101
DEBUG:root:338
DEBUG:root:78
DEBUG:root:Real time1486759146.1

DEBUG:root:387
DEBUG:root:82
DEBUG:root:390
DEBUG:root:76
DEBUG:root:Real time1486759146.3

DEBUG:root:389
DEBUG:root:75
DEBUG:root:390
DEBUG:root:66
DEBUG:root:Real time1486759146.5

DEBUG:root:375
DEBUG:root:110
DEBUG:root:391
DEBUG:root:72
DEBUG:root:Real time1486759146.7

DEBUG:root:Under real time Point 0.0322730541229

DEBUG:root:Under real time Point 0.0304570198059

DEBUG:root:Under real time Point 0.0354509353638

DEBUG:root:386
DEBUG:root:93
DEBUG:root:989
DEBUG:root:79
DEBUG:root:Real time1486759147.0

DEBUG:root:564
DEBUG:root:89
DEBUG:root:386
DEBUG:root:77
DEBUG:root:Real time1486759147.2

DEBUG:root:394
DEBUG:root:84
DEBUG:root:394
DEBUG:root:84
DEBUG:root:Real time1486759147.4

DEBUG:root:387
DEBUG:root:82
DEBUG:root:396
DEBUG:root:72
DEBUG:root:Real time1486759147.6

DEBUG:root:704
DEBUG:root:93
DEBUG:root:396
DEBUG:root:66
DEBUG:root:Real time1486759147.8

DEBUG:root:560
DEBUG:root:96
DEBUG:root:544
DEBUG:root:76
DEBUG:root:Real time1486759148.0

DEBUG:root:560
DEBUG:root:97
DEBUG:root:398
DEBUG:root:86
DEBUG:root:Real time1486759148.2

DEBUG:root:394
DEBUG:root:95
DEBUG:root:840
DEBUG:root:84
DEBUG:root:Real time1486759148.4

DEBUG:root:559
DEBUG:root:112
DEBUG:root:484
DEBUG:root:84
DEBUG:root:Real time1486759148.6

DEBUG:root:695
DEBUG:root:99
DEBUG:root:403
DEBUG:root:59
DEBUG:root:Real time1486759148.8

DEBUG:root:554
DEBUG:root:94
DEBUG:root:344
DEBUG:root:68
DEBUG:root:Real time1486759149.01

DEBUG:root:403
DEBUG:root:66
DEBUG:root:403
DEBUG:root:66
DEBUG:root:Real time1486759149.21

DEBUG:root:404
DEBUG:root:63
DEBUG:root:404
DEBUG:root:63
DEBUG:root:Real time1486759149.41

DEBUG:root:711
DEBUG:root:89
DEBUG:root:405
DEBUG:root:49
DEBUG:root:Real time1486759149.61

DEBUG:root:921
DEBUG:root:110
DEBUG:root:405
DEBUG:root:49
DEBUG:root:Real time1486759149.81

DEBUG:root:340
DEBUG:root:95
DEBUG:root:746
DEBUG:root:76
DEBUG:root:Under real time Point 0.200461149216

DEBUG:root:408
DEBUG:root:97
DEBUG:root:188
DEBUG:root:82
DEBUG:root:Real time1486759150.21

DEBUG:root:Too small detection probably wrong
DEBUG:root:Under real time Point 0.0411648750305

DEBUG:root:402
DEBUG:root:94
DEBUG:root:63
DEBUG:root:73
DEBUG:root:Real time1486759150.45

DEBUG:root:Too small detection probably wrong
DEBUG:root:Under real time Point 0.0339670181274

DEBUG:root:Too small detection probably wrong
DEBUG:root:Under real time Point 0.0341880321503

DEBUG:root:Too small detection probably wrong
DEBUG:root:Under real time Point 0.033340215683

DEBUG:root:Too small detection probably wrong
DEBUG:root:Under real time Point 0.0365660190582

DEBUG:root:Too small detection probably wrong
DEBUG:root:Under real time Point 0.0343508720398

DEBUG:root:Too small detection probably wrong
DEBUG:root:Under real time Point 0.0356810092926

DEBUG:root:Too small detection probably wrong
DEBUG:root:Under real time Point 0.0332849025726

DEBUG:root:Too small detection probably wrong
DEBUG:root:Under real time Point 0.0334701538086

DEBUG:root:Too small detection probably wrong
DEBUG:root:Under real time Point 0.0371778011322

DEBUG:root:Too small detection probably wrong
DEBUG:root:Under real time Point 0.0334911346436

DEBUG:root:39
DEBUG:root:84
DEBUG:root:412
DEBUG:root:47
DEBUG:root:Real time1486759151.0

DEBUG:root:50
DEBUG:root:83
DEBUG:root:412
DEBUG:root:42
DEBUG:root:Real time1486759151.2

DEBUG:root:412
DEBUG:root:40
DEBUG:root:412
DEBUG:root:40
DEBUG:root:Real time1486759151.4

DEBUG:root:412
DEBUG:root:42
DEBUG:root:418
DEBUG:root:40
DEBUG:root:Real time1486759151.6

DEBUG:root:414
DEBUG:root:38
DEBUG:root:415
DEBUG:root:29
DEBUG:root:Real time1486759151.8

DEBUG:root:418
DEBUG:root:29
DEBUG:root:418
DEBUG:root:29
DEBUG:root:Real time1486759152.0

DEBUG:root:418
DEBUG:root:31
DEBUG:root:418
DEBUG:root:31
DEBUG:root:Real time1486759152.2

DEBUG:root:Under real time Point 0.0331280231476

DEBUG:root:418
DEBUG:root:28
DEBUG:root:418
DEBUG:root:28
DEBUG:root:Real time1486759152.44

DEBUG:root:418
DEBUG:root:31
DEBUG:root:418
DEBUG:root:31
DEBUG:root:Real time1486759152.64

DEBUG:root:418
DEBUG:root:35
DEBUG:root:418
DEBUG:root:35
DEBUG:root:Real time1486759152.84

DEBUG:root:417
DEBUG:root:83
DEBUG:root:918
DEBUG:root:80
DEBUG:root:Real time1486759153.04

DEBUG:root:416
DEBUG:root:92
DEBUG:root:297
DEBUG:root:83
DEBUG:root:Real time1486759153.24

DEBUG:root:412
DEBUG:root:82
DEBUG:root:919
DEBUG:root:70
DEBUG:root:Real time1486759153.44

DEBUG:root:410
DEBUG:root:88
DEBUG:root:869
DEBUG:root:81
DEBUG:root:Real time1486759153.64

DEBUG:root:423
DEBUG:root:69
DEBUG:root:660
DEBUG:root:59
DEBUG:root:Real time1486759153.84

DEBUG:root:419
DEBUG:root:98
DEBUG:root:660
DEBUG:root:81
DEBUG:root:Real time1486759154.04

DEBUG:root:412
DEBUG:root:78
DEBUG:root:425
DEBUG:root:63
DEBUG:root:Real time1486759154.24

DEBUG:root:419
DEBUG:root:103
DEBUG:root:426
DEBUG:root:71
DEBUG:root:Real time1486759154.44

DEBUG:root:421
DEBUG:root:107
DEBUG:root:602
DEBUG:root:84
DEBUG:root:Real time1486759154.64

DEBUG:root:429
DEBUG:root:62
DEBUG:root:429
DEBUG:root:62
DEBUG:root:Real time1486759154.85

DEBUG:root:429
DEBUG:root:63
DEBUG:root:429
DEBUG:root:63
DEBUG:root:Real time1486759155.05

DEBUG:root:429
DEBUG:root:64
DEBUG:root:432
DEBUG:root:58
DEBUG:root:Real time1486759155.25

DEBUG:root:432
DEBUG:root:63
DEBUG:root:432
DEBUG:root:63
DEBUG:root:Real time1486759155.45

DEBUG:root:432
DEBUG:root:60
DEBUG:root:432
DEBUG:root:60
DEBUG:root:Real time1486759155.65

DEBUG:root:434
DEBUG:root:42
DEBUG:root:434
DEBUG:root:42
DEBUG:root:Real time1486759155.85

DEBUG:root:432
DEBUG:root:47
DEBUG:root:432
DEBUG:root:47
DEBUG:root:Real time1486759156.05

DEBUG:root:432
DEBUG:root:61
DEBUG:root:432
DEBUG:root:61
DEBUG:root:Real time1486759156.25

DEBUG:root:431
DEBUG:root:93
DEBUG:root:436
DEBUG:root:70
DEBUG:root:Real time1486759156.45

DEBUG:root:437
DEBUG:root:79
DEBUG:root:440
DEBUG:root:70
DEBUG:root:Real time1486759156.65

DEBUG:root:438
DEBUG:root:69
DEBUG:root:438
DEBUG:root:69
DEBUG:root:Real time1486759156.85

DEBUG:root:430
DEBUG:root:74
DEBUG:root:440
DEBUG:root:72
DEBUG:root:Real time1486759157.05

DEBUG:root:438
DEBUG:root:90
DEBUG:root:982
DEBUG:root:55
DEBUG:root:Real time1486759157.25

DEBUG:root:426
DEBUG:root:93
DEBUG:root:230
DEBUG:root:78
DEBUG:root:Real time1486759157.46

DEBUG:root:430
DEBUG:root:94
DEBUG:root:67
DEBUG:root:76
DEBUG:root:Real time1486759157.66

DEBUG:root:443
DEBUG:root:65
DEBUG:root:443
DEBUG:root:65
DEBUG:root:Real time1486759157.86

DEBUG:root:430
DEBUG:root:95
DEBUG:root:517
DEBUG:root:88
DEBUG:root:Real time1486759158.06

DEBUG:root:476
DEBUG:root:102
DEBUG:root:835
DEBUG:root:82
DEBUG:root:Real time1486759158.26

DEBUG:root:449
DEBUG:root:87
DEBUG:root:345
DEBUG:root:74
DEBUG:root:Real time1486759158.46

DEBUG:root:449
DEBUG:root:97
DEBUG:root:334
DEBUG:root:86
DEBUG:root:Real time1486759158.66

DEBUG:root:448
DEBUG:root:90
DEBUG:root:452
DEBUG:root:73
DEBUG:root:Real time1486759158.86

DEBUG:root:448
DEBUG:root:81
DEBUG:root:448
DEBUG:root:81
DEBUG:root:Real time1486759159.06

DEBUG:root:450
DEBUG:root:77
DEBUG:root:450
DEBUG:root:77
DEBUG:root:Real time1486759159.26

DEBUG:root:451
DEBUG:root:55
DEBUG:root:451
DEBUG:root:55
DEBUG:root:Real time1486759159.46

DEBUG:root:452
DEBUG:root:54
DEBUG:root:452
DEBUG:root:54
DEBUG:root:Real time1486759159.66

DEBUG:root:453
DEBUG:root:66
DEBUG:root:453
DEBUG:root:66
DEBUG:root:Real time1486759159.86

DEBUG:root:443
DEBUG:root:96
DEBUG:root:955
DEBUG:root:70
DEBUG:root:Real time1486759160.06

DEBUG:root:978
DEBUG:root:115
DEBUG:root:777
DEBUG:root:76
DEBUG:root:Real time1486759160.26

DEBUG:root:454
DEBUG:root:107
DEBUG:root:426
DEBUG:root:84
DEBUG:root:Real time1486759160.47

DEBUG:root:992
DEBUG:root:105
DEBUG:root:789
DEBUG:root:85
DEBUG:root:Real time1486759160.67

DEBUG:root:458
DEBUG:root:61
DEBUG:root:458
DEBUG:root:61
DEBUG:root:Real time1486759160.87

DEBUG:root:458
DEBUG:root:73
DEBUG:root:458
DEBUG:root:73
DEBUG:root:Under real time Point 0.214583873749

DEBUG:root:458
DEBUG:root:79
DEBUG:root:464
DEBUG:root:54
DEBUG:root:Real time1486759161.28

DEBUG:root:7
DEBUG:root:84
DEBUG:root:15
DEBUG:root:65
DEBUG:root:Real time1486759161.48

DEBUG:root:15
DEBUG:root:68
DEBUG:root:15
DEBUG:root:68
DEBUG:root:Real time1486759161.68

DEBUG:root:464
DEBUG:root:64
DEBUG:root:15
DEBUG:root:61
DEBUG:root:Real time1486759161.88

DEBUG:root:464
DEBUG:root:63
DEBUG:root:464
DEBUG:root:63
DEBUG:root:Real time1486759162.08

DEBUG:root:15
DEBUG:root:61
DEBUG:root:15
DEBUG:root:61
DEBUG:root:Real time1486759162.28

DEBUG:root:27
DEBUG:root:94
DEBUG:root:467
DEBUG:root:63
DEBUG:root:Real time1486759162.48

DEBUG:root:467
DEBUG:root:70
DEBUG:root:420
DEBUG:root:70
DEBUG:root:Real time1486759162.68

DEBUG:root:465
DEBUG:root:62
DEBUG:root:465
DEBUG:root:62
DEBUG:root:Real time1486759162.89

DEBUG:root:464
DEBUG:root:76
DEBUG:root:15
DEBUG:root:59
DEBUG:root:Real time1486759163.09

DEBUG:root:16
DEBUG:root:76
DEBUG:root:470
DEBUG:root:58
DEBUG:root:Real time1486759163.29

DEBUG:root:19
DEBUG:root:72
DEBUG:root:474
DEBUG:root:57
DEBUG:root:Real time1486759163.49

DEBUG:root:474
DEBUG:root:61
DEBUG:root:474
DEBUG:root:61
DEBUG:root:Real time1486759163.69

DEBUG:root:470
DEBUG:root:66
DEBUG:root:470
DEBUG:root:66
DEBUG:root:Real time1486759163.89

DEBUG:root:474
DEBUG:root:63
DEBUG:root:474
DEBUG:root:63
DEBUG:root:Real time1486759164.09

DEBUG:root:474
DEBUG:root:75
DEBUG:root:475
DEBUG:root:68
DEBUG:root:Real time1486759164.29

DEBUG:root:18
DEBUG:root:104
DEBUG:root:477
DEBUG:root:80
DEBUG:root:Real time1486759164.49

DEBUG:root:22
DEBUG:root:97
DEBUG:root:477
DEBUG:root:76
DEBUG:root:Real time1486759164.69

DEBUG:root:476
DEBUG:root:87
DEBUG:root:530
DEBUG:root:82
DEBUG:root:Real time1486759164.89

DEBUG:root:476
DEBUG:root:95
DEBUG:root:482
DEBUG:root:70
DEBUG:root:Real time1486759165.09

DEBUG:root:479
DEBUG:root:101
DEBUG:root:499
DEBUG:root:76
DEBUG:root:Real time1486759165.29

DEBUG:root:479
DEBUG:root:94
DEBUG:root:597
DEBUG:root:78
DEBUG:root:Real time1486759165.5

DEBUG:root:981
DEBUG:root:79
DEBUG:root:981
DEBUG:root:79
DEBUG:root:Real time1486759165.7

DEBUG:root:484
DEBUG:root:79
DEBUG:root:455
DEBUG:root:79
DEBUG:root:Real time1486759165.9

DEBUG:root:484
DEBUG:root:77
DEBUG:root:484
DEBUG:root:77
DEBUG:root:Real time1486759166.1

DEBUG:root:604
DEBUG:root:90
DEBUG:root:484
DEBUG:root:78
DEBUG:root:Real time1486759166.3

DEBUG:root:502
DEBUG:root:82
DEBUG:root:502
DEBUG:root:82
DEBUG:root:Real time1486759166.5

DEBUG:root:994
DEBUG:root:95
DEBUG:root:487
DEBUG:root:74
DEBUG:root:Real time1486759166.7

DEBUG:root:489
DEBUG:root:79
DEBUG:root:966
DEBUG:root:64
DEBUG:root:Real time1486759166.9

DEBUG:root:489
DEBUG:root:63
DEBUG:root:489
DEBUG:root:63
DEBUG:root:Real time1486759167.1

DEBUG:root:486
DEBUG:root:86
DEBUG:root:516
DEBUG:root:74
DEBUG:root:Real time1486759167.3

DEBUG:root:494
DEBUG:root:83
DEBUG:root:494
DEBUG:root:83
DEBUG:root:Real time1486759167.51

DEBUG:root:493
DEBUG:root:80
DEBUG:root:493
DEBUG:root:80
DEBUG:root:Real time1486759167.71

DEBUG:root:483
DEBUG:root:93
DEBUG:root:845
DEBUG:root:84
DEBUG:root:Real time1486759167.91

DEBUG:root:481
DEBUG:root:101
DEBUG:root:937
DEBUG:root:86
DEBUG:root:Real time1486759168.11

DEBUG:root:518
DEBUG:root:82
DEBUG:root:483
DEBUG:root:62
DEBUG:root:Real time1486759168.31

DEBUG:root:496
DEBUG:root:74
DEBUG:root:482
DEBUG:root:62
DEBUG:root:Real time1486759168.51

DEBUG:root:497
DEBUG:root:86
DEBUG:root:482
DEBUG:root:78
DEBUG:root:Real time1486759168.71

DEBUG:root:486
DEBUG:root:83
DEBUG:root:486
DEBUG:root:83
DEBUG:root:Real time1486759168.91

DEBUG:root:498
DEBUG:root:96
DEBUG:root:482
DEBUG:root:90
DEBUG:root:Real time1486759169.11

DEBUG:root:477
DEBUG:root:89
DEBUG:root:1019
DEBUG:root:82
DEBUG:root:Real time1486759169.31

DEBUG:root:484
DEBUG:root:88
DEBUG:root:484
DEBUG:root:88
DEBUG:root:Real time1486759169.51

DEBUG:root:476
DEBUG:root:80
DEBUG:root:502
DEBUG:root:68
DEBUG:root:Real time1486759169.71

DEBUG:root:476
DEBUG:root:93
DEBUG:root:504
DEBUG:root:81
DEBUG:root:Real time1486759169.91

DEBUG:root:480
DEBUG:root:92
DEBUG:root:505
DEBUG:root:56
DEBUG:root:Real time1486759170.11

DEBUG:root:513
DEBUG:root:63
DEBUG:root:513
DEBUG:root:63
DEBUG:root:Real time1486759170.31

DEBUG:root:506
DEBUG:root:64
DEBUG:root:506
DEBUG:root:64
DEBUG:root:Real time1486759170.51

DEBUG:root:1009
DEBUG:root:97
DEBUG:root:506
DEBUG:root:68
DEBUG:root:Real time1486759170.72

DEBUG:root:508
DEBUG:root:74
DEBUG:root:426
DEBUG:root:72
DEBUG:root:Real time1486759170.92

DEBUG:root:509
DEBUG:root:63
DEBUG:root:510
DEBUG:root:60
DEBUG:root:Real time1486759171.12

DEBUG:root:510
DEBUG:root:66
DEBUG:root:490
DEBUG:root:65
DEBUG:root:Real time1486759171.32

DEBUG:root:514
DEBUG:root:79
DEBUG:root:1004
DEBUG:root:77
DEBUG:root:Real time1486759171.52

DEBUG:root:512
DEBUG:root:77
DEBUG:root:688
DEBUG:root:74
DEBUG:root:Real time1486759171.72

DEBUG:root:513
DEBUG:root:70
DEBUG:root:513
DEBUG:root:70
DEBUG:root:Real time1486759171.92

DEBUG:root:513
DEBUG:root:71
DEBUG:root:515
DEBUG:root:69
DEBUG:root:Real time1486759172.12

DEBUG:root:513
DEBUG:root:70
DEBUG:root:513
DEBUG:root:70
DEBUG:root:Real time1486759172.32

DEBUG:root:516
DEBUG:root:68
DEBUG:root:494
DEBUG:root:60
DEBUG:root:Real time1486759172.52

DEBUG:root:516
DEBUG:root:86
DEBUG:root:297
DEBUG:root:72
DEBUG:root:Real time1486759172.72

DEBUG:root:518
DEBUG:root:88
DEBUG:root:196
DEBUG:root:83
DEBUG:root:Real time1486759172.92

DEBUG:root:519
DEBUG:root:73
DEBUG:root:951
DEBUG:root:71
DEBUG:root:Real time1486759173.12

DEBUG:root:516
DEBUG:root:70
DEBUG:root:949
DEBUG:root:60
DEBUG:root:Real time1486759173.32

DEBUG:root:516
DEBUG:root:79
DEBUG:root:521
DEBUG:root:44
DEBUG:root:Real time1486759173.52

DEBUG:root:522
DEBUG:root:47
DEBUG:root:522
DEBUG:root:47
DEBUG:root:Real time1486759173.72

DEBUG:root:523
DEBUG:root:72
DEBUG:root:92
DEBUG:root:72
DEBUG:root:Real time1486759173.93

DEBUG:root:524
DEBUG:root:63
DEBUG:root:524
DEBUG:root:63
DEBUG:root:Real time1486759174.13

DEBUG:root:529
DEBUG:root:63
DEBUG:root:531
DEBUG:root:60
DEBUG:root:Real time1486759174.33

DEBUG:root:516
DEBUG:root:78
DEBUG:root:503
DEBUG:root:78
DEBUG:root:Real time1486759174.53

DEBUG:root:525
DEBUG:root:66
DEBUG:root:525
DEBUG:root:66
DEBUG:root:Real time1486759174.73

DEBUG:root:529
DEBUG:root:69
DEBUG:root:529
DEBUG:root:69
DEBUG:root:Real time1486759174.93

DEBUG:root:529
DEBUG:root:51
DEBUG:root:529
DEBUG:root:51
DEBUG:root:Real time1486759175.13

DEBUG:root:530
DEBUG:root:56
DEBUG:root:530
DEBUG:root:56
DEBUG:root:Real time1486759175.33

DEBUG:root:526
DEBUG:root:71
DEBUG:root:531
DEBUG:root:70
DEBUG:root:Real time1486759175.53

DEBUG:root:526
DEBUG:root:64
DEBUG:root:526
DEBUG:root:64
DEBUG:root:Real time1486759175.73

DEBUG:root:529
DEBUG:root:56
DEBUG:root:529
DEBUG:root:56
DEBUG:root:Real time1486759175.93

DEBUG:root:529
DEBUG:root:48
DEBUG:root:529
DEBUG:root:48
DEBUG:root:Real time1486759176.13

DEBUG:root:526
DEBUG:root:100
DEBUG:root:554
DEBUG:root:56
DEBUG:root:Real time1486759176.33

DEBUG:root:526
DEBUG:root:100
DEBUG:root:554
DEBUG:root:60
DEBUG:root:Real time1486759176.53

DEBUG:root:537
DEBUG:root:68
DEBUG:root:544
DEBUG:root:56
DEBUG:root:Real time1486759176.73

DEBUG:root:537
DEBUG:root:69
DEBUG:root:554
DEBUG:root:58
DEBUG:root:Real time1486759176.93

DEBUG:root:537
DEBUG:root:71
DEBUG:root:554
DEBUG:root:60
DEBUG:root:Real time1486759177.13

DEBUG:root:537
DEBUG:root:72
DEBUG:root:554
DEBUG:root:61
DEBUG:root:Real time1486759177.33

DEBUG:root:538
DEBUG:root:70
DEBUG:root:544
DEBUG:root:57
DEBUG:root:Real time1486759177.53

DEBUG:root:549
DEBUG:root:58
DEBUG:root:549
DEBUG:root:58
DEBUG:root:Real time1486759177.73

DEBUG:root:554
DEBUG:root:54
DEBUG:root:555
DEBUG:root:52
DEBUG:root:Real time1486759177.93

DEBUG:root:553
DEBUG:root:57
DEBUG:root:557
DEBUG:root:53
DEBUG:root:Real time1486759178.14

DEBUG:root:549
DEBUG:root:57
DEBUG:root:557
DEBUG:root:56
DEBUG:root:Real time1486759178.34

DEBUG:root:554
DEBUG:root:60
DEBUG:root:554
DEBUG:root:60
DEBUG:root:Real time1486759178.54

DEBUG:root:548
DEBUG:root:64
DEBUG:root:561
DEBUG:root:63
DEBUG:root:Real time1486759178.74

DEBUG:root:549
DEBUG:root:68
DEBUG:root:561
DEBUG:root:62
DEBUG:root:Real time1486759178.94

DEBUG:root:549
DEBUG:root:65
DEBUG:root:566
DEBUG:root:61
DEBUG:root:Real time1486759179.14

DEBUG:root:562
DEBUG:root:61
DEBUG:root:566
DEBUG:root:56
DEBUG:root:Real time1486759179.34

DEBUG:root:561
DEBUG:root:63
DEBUG:root:566
DEBUG:root:59
DEBUG:root:Real time1486759179.54

DEBUG:root:554
DEBUG:root:58
DEBUG:root:554
DEBUG:root:58
DEBUG:root:Real time1486759179.74

DEBUG:root:549
DEBUG:root:61
DEBUG:root:549
DEBUG:root:61
DEBUG:root:Real time1486759179.94

DEBUG:root:544
DEBUG:root:55
DEBUG:root:544
DEBUG:root:55
DEBUG:root:Real time1486759180.14

DEBUG:root:555
DEBUG:root:53
DEBUG:root:555
DEBUG:root:53
DEBUG:root:Real time1486759180.34

DEBUG:root:555
DEBUG:root:53
DEBUG:root:555
DEBUG:root:53
DEBUG:root:Real time1486759180.54

DEBUG:root:549
DEBUG:root:55
DEBUG:root:549
DEBUG:root:55
DEBUG:root:Real time1486759180.75

DEBUG:root:558
DEBUG:root:57
DEBUG:root:558
DEBUG:root:57
DEBUG:root:Real time1486759180.95

DEBUG:root:559
DEBUG:root:62
DEBUG:root:559
DEBUG:root:62
DEBUG:root:Real time1486759181.15

DEBUG:root:558
DEBUG:root:67
DEBUG:root:558
DEBUG:root:67
DEBUG:root:Real time1486759181.35

DEBUG:root:558
DEBUG:root:76
DEBUG:root:561
DEBUG:root:46
DEBUG:root:Real time1486759181.55

DEBUG:root:564
DEBUG:root:54
DEBUG:root:576
DEBUG:root:53
DEBUG:root:Real time1486759181.75

DEBUG:root:562
DEBUG:root:50
DEBUG:root:562
DEBUG:root:50
DEBUG:root:Real time1486759181.95

DEBUG:root:564
DEBUG:root:51
DEBUG:root:577
DEBUG:root:50
DEBUG:root:Real time1486759182.15

DEBUG:root:564
DEBUG:root:49
DEBUG:root:564
DEBUG:root:49
DEBUG:root:Real time1486759182.35

DEBUG:root:561
DEBUG:root:54
DEBUG:root:561
DEBUG:root:54
DEBUG:root:Real time1486759182.55

DEBUG:root:561
DEBUG:root:51
DEBUG:root:561
DEBUG:root:51
DEBUG:root:Real time1486759182.75

DEBUG:root:561
DEBUG:root:51
DEBUG:root:561
DEBUG:root:51
DEBUG:root:Real time1486759182.95

DEBUG:root:561
DEBUG:root:49
DEBUG:root:561
DEBUG:root:49
DEBUG:root:Real time1486759183.15

DEBUG:root:576
DEBUG:root:52
DEBUG:root:576
DEBUG:root:52
DEBUG:root:Real time1486759183.35

DEBUG:root:576
DEBUG:root:49
DEBUG:root:562
DEBUG:root:47
DEBUG:root:Real time1486759183.55

DEBUG:root:577
DEBUG:root:53
DEBUG:root:562
DEBUG:root:51
DEBUG:root:Real time1486759183.75

DEBUG:root:569
DEBUG:root:52
DEBUG:root:564
DEBUG:root:49
DEBUG:root:Real time1486759183.96

DEBUG:root:562
DEBUG:root:52
DEBUG:root:576
DEBUG:root:50
DEBUG:root:Real time1486759184.16

DEBUG:root:562
DEBUG:root:52
DEBUG:root:562
DEBUG:root:52
DEBUG:root:Real time1486759184.36

DEBUG:root:562
DEBUG:root:50
DEBUG:root:562
DEBUG:root:50
DEBUG:root:Real time1486759184.56

DEBUG:root:562
DEBUG:root:53
DEBUG:root:562
DEBUG:root:53
DEBUG:root:Real time1486759184.76

DEBUG:root:564
DEBUG:root:53
DEBUG:root:577
DEBUG:root:52
DEBUG:root:Under real time Point 0.202517032623

DEBUG:root:566
DEBUG:root:49
DEBUG:root:561
DEBUG:root:45
DEBUG:root:Real time1486759185.16

DEBUG:root:566
DEBUG:root:57
DEBUG:root:561
DEBUG:root:49
DEBUG:root:Real time1486759185.36

DEBUG:root:566
DEBUG:root:121
DEBUG:root:581
DEBUG:root:67
DEBUG:root:Real time1486759185.56

DEBUG:root:566
DEBUG:root:122
DEBUG:root:582
DEBUG:root:75
DEBUG:root:Real time1486759185.76

DEBUG:root:584
DEBUG:root:68
DEBUG:root:584
DEBUG:root:68
DEBUG:root:Real time1486759185.96

DEBUG:root:584
DEBUG:root:63
DEBUG:root:584
DEBUG:root:63
DEBUG:root:Real time1486759186.16

DEBUG:root:584
DEBUG:root:68
DEBUG:root:584
DEBUG:root:68
DEBUG:root:Real time1486759186.37

DEBUG:root:570
DEBUG:root:114
DEBUG:root:449
DEBUG:root:82
DEBUG:root:Real time1486759186.57

DEBUG:root:589
DEBUG:root:90
DEBUG:root:891
DEBUG:root:70
DEBUG:root:Real time1486759186.77

DEBUG:root:589
DEBUG:root:76
DEBUG:root:589
DEBUG:root:76
DEBUG:root:Real time1486759186.97

DEBUG:root:589
DEBUG:root:85
DEBUG:root:919
DEBUG:root:79
DEBUG:root:Real time1486759187.17

DEBUG:root:586
DEBUG:root:103
DEBUG:root:596
DEBUG:root:80
DEBUG:root:Real time1486759187.37

DEBUG:root:591
DEBUG:root:81
DEBUG:root:591
DEBUG:root:81
DEBUG:root:Real time1486759187.57

DEBUG:root:593
DEBUG:root:68
DEBUG:root:593
DEBUG:root:68
DEBUG:root:Real time1486759187.77

DEBUG:root:592
DEBUG:root:75
DEBUG:root:596
DEBUG:root:69
DEBUG:root:Real time1486759187.97

DEBUG:root:594
DEBUG:root:76
DEBUG:root:596
DEBUG:root:72
DEBUG:root:Real time1486759188.17

DEBUG:root:104
DEBUG:root:79
DEBUG:root:596
DEBUG:root:61
DEBUG:root:Real time1486759188.37

DEBUG:root:596
DEBUG:root:63
DEBUG:root:596
DEBUG:root:63
DEBUG:root:Real time1486759188.57

DEBUG:root:596
DEBUG:root:70
DEBUG:root:596
DEBUG:root:70
DEBUG:root:Real time1486759188.77

DEBUG:root:596
DEBUG:root:57
DEBUG:root:596
DEBUG:root:57
DEBUG:root:Real time1486759188.97

DEBUG:root:597
DEBUG:root:64
DEBUG:root:597
DEBUG:root:64
DEBUG:root:Real time1486759189.17

DEBUG:root:596
DEBUG:root:70
DEBUG:root:596
DEBUG:root:70
DEBUG:root:Real time1486759189.37

DEBUG:root:596
DEBUG:root:59
DEBUG:root:596
DEBUG:root:59
DEBUG:root:Real time1486759189.57

DEBUG:root:596
DEBUG:root:59
DEBUG:root:596
DEBUG:root:59
DEBUG:root:Real time1486759189.78

DEBUG:root:597
DEBUG:root:68
DEBUG:root:597
DEBUG:root:68
DEBUG:root:Real time1486759189.98

DEBUG:root:596
DEBUG:root:88
DEBUG:root:605
DEBUG:root:76
DEBUG:root:Real time1486759190.18

DEBUG:root:596
DEBUG:root:99
DEBUG:root:837
DEBUG:root:71
DEBUG:root:Real time1486759190.38

DEBUG:root:591
DEBUG:root:102
DEBUG:root:606
DEBUG:root:30
DEBUG:root:Real time1486759190.58

DEBUG:root:609
DEBUG:root:86
DEBUG:root:967
DEBUG:root:73
DEBUG:root:Real time1486759190.78

DEBUG:root:609
DEBUG:root:76
DEBUG:root:609
DEBUG:root:76
DEBUG:root:Real time1486759190.98

DEBUG:root:607
DEBUG:root:75
DEBUG:root:610
DEBUG:root:55
DEBUG:root:Real time1486759191.18

DEBUG:root:609
DEBUG:root:53
DEBUG:root:610
DEBUG:root:36
DEBUG:root:Real time1486759191.38

DEBUG:root:609
DEBUG:root:68
DEBUG:root:610
DEBUG:root:49
DEBUG:root:Real time1486759191.58

DEBUG:root:610
DEBUG:root:49
DEBUG:root:610
DEBUG:root:49
DEBUG:root:Real time1486759191.78

DEBUG:root:Too small detection probably wrong
DEBUG:root:Under real time Point 0.0298609733582

DEBUG:root:Too small detection probably wrong
DEBUG:root:Under real time Point 0.0307331085205

DEBUG:root:610
DEBUG:root:88
DEBUG:root:76
DEBUG:root:76
DEBUG:root:Real time1486759192.05

DEBUG:root:605
DEBUG:root:99
DEBUG:root:803
DEBUG:root:84
DEBUG:root:Real time1486759192.25

DEBUG:root:610
DEBUG:root:75
DEBUG:root:33
DEBUG:root:70
DEBUG:root:Real time1486759192.45

DEBUG:root:606
DEBUG:root:109
DEBUG:root:619
DEBUG:root:54
DEBUG:root:Real time1486759192.65

DEBUG:root:619
DEBUG:root:55
DEBUG:root:625
DEBUG:root:53
DEBUG:root:Real time1486759192.85

DEBUG:root:619
DEBUG:root:51
DEBUG:root:619
DEBUG:root:51
DEBUG:root:Real time1486759193.05

DEBUG:root:617
DEBUG:root:93
DEBUG:root:888
DEBUG:root:74
DEBUG:root:Real time1486759193.25

DEBUG:root:617
DEBUG:root:95
DEBUG:root:888
DEBUG:root:72
DEBUG:root:Real time1486759193.45

DEBUG:root:619
DEBUG:root:64
DEBUG:root:619
DEBUG:root:64
DEBUG:root:Real time1486759193.65

DEBUG:root:11
DEBUG:root:70
DEBUG:root:619
DEBUG:root:62
DEBUG:root:Real time1486759193.85

DEBUG:root:615
DEBUG:root:95
DEBUG:root:674
DEBUG:root:76
DEBUG:root:Real time1486759194.05

DEBUG:root:Too small detection probably wrong
DEBUG:root:Under real time Point 0.02889585495

DEBUG:root:619
DEBUG:root:73
DEBUG:root:625
DEBUG:root:71
DEBUG:root:Real time1486759194.28

DEBUG:root:619
DEBUG:root:94
DEBUG:root:413
DEBUG:root:71
DEBUG:root:Real time1486759194.48

DEBUG:root:619
DEBUG:root:75
DEBUG:root:619
DEBUG:root:75
DEBUG:root:Real time1486759194.68

DEBUG:root:628
DEBUG:root:49
DEBUG:root:628
DEBUG:root:49
DEBUG:root:Real time1486759194.88

DEBUG:root:629
DEBUG:root:51
DEBUG:root:629
DEBUG:root:51
DEBUG:root:Real time1486759195.08

DEBUG:root:629
DEBUG:root:69
DEBUG:root:630
DEBUG:root:62
DEBUG:root:Real time1486759195.28

DEBUG:root:619
DEBUG:root:76
DEBUG:root:632
DEBUG:root:55
DEBUG:root:Real time1486759195.49

DEBUG:root:632
DEBUG:root:50
DEBUG:root:632
DEBUG:root:50
DEBUG:root:Real time1486759195.69

DEBUG:root:634
DEBUG:root:56
DEBUG:root:634
DEBUG:root:56
DEBUG:root:Real time1486759195.89

DEBUG:root:634
DEBUG:root:54
DEBUG:root:634
DEBUG:root:54
DEBUG:root:Real time1486759196.09

DEBUG:root:629
DEBUG:root:58
DEBUG:root:629
DEBUG:root:58
DEBUG:root:Real time1486759196.29

DEBUG:root:629
DEBUG:root:62
DEBUG:root:636
DEBUG:root:57
DEBUG:root:Real time1486759196.49

DEBUG:root:628
DEBUG:root:61
DEBUG:root:628
DEBUG:root:61
DEBUG:root:Real time1486759196.69

DEBUG:root:635
DEBUG:root:92
DEBUG:root:67
DEBUG:root:67
