DEBUG:root:Under real time Point 1486762438.27

DEBUG:root:Real time1486762438.47

DEBUG:root:Real time1486762438.67

DEBUG:root:Real time1486762438.88

DEBUG:root:Real time1486762439.08

DEBUG:root:Real time1486762439.28

DEBUG:root:Real time1486762439.48

DEBUG:root:Real time1486762439.68

DEBUG:root:Real time1486762439.88

DEBUG:root:Real time1486762440.08

DEBUG:root:44
DEBUG:root:48
DEBUG:root:44
DEBUG:root:48
DEBUG:root:Real time1486762440.28

DEBUG:root:44
DEBUG:root:49
DEBUG:root:44
DEBUG:root:49
DEBUG:root:Real time1486762440.48

DEBUG:root:44
DEBUG:root:48
DEBUG:root:44
DEBUG:root:48
DEBUG:root:Real time1486762440.68

DEBUG:root:44
DEBUG:root:49
DEBUG:root:59
DEBUG:root:48
DEBUG:root:Real time1486762440.88

DEBUG:root:44
DEBUG:root:47
DEBUG:root:59
DEBUG:root:46
DEBUG:root:Real time1486762441.08

DEBUG:root:44
DEBUG:root:45
DEBUG:root:44
DEBUG:root:45
DEBUG:root:Real time1486762441.28

DEBUG:root:44
DEBUG:root:47
DEBUG:root:44
DEBUG:root:47
DEBUG:root:Real time1486762441.48

DEBUG:root:44
DEBUG:root:46
DEBUG:root:59
DEBUG:root:45
DEBUG:root:Real time1486762441.68

DEBUG:root:44
DEBUG:root:47
DEBUG:root:59
DEBUG:root:46
DEBUG:root:Real time1486762441.88

DEBUG:root:44
DEBUG:root:49
DEBUG:root:59
DEBUG:root:46
DEBUG:root:Real time1486762442.08

DEBUG:root:44
DEBUG:root:45
DEBUG:root:44
DEBUG:root:45
DEBUG:root:Real time1486762442.28

DEBUG:root:44
DEBUG:root:47
DEBUG:root:59
DEBUG:root:44
DEBUG:root:Real time1486762442.48

DEBUG:root:44
DEBUG:root:47
DEBUG:root:59
DEBUG:root:46
DEBUG:root:Real time1486762442.69

DEBUG:root:44
DEBUG:root:46
DEBUG:root:59
DEBUG:root:43
DEBUG:root:Under real time Point 0.224704027176

DEBUG:root:44
DEBUG:root:47
DEBUG:root:59
DEBUG:root:46
DEBUG:root:Real time1486762443.11

DEBUG:root:64
DEBUG:root:42
DEBUG:root:64
DEBUG:root:42
DEBUG:root:Real time1486762443.31

DEBUG:root:64
DEBUG:root:46
DEBUG:root:65
DEBUG:root:44
DEBUG:root:Real time1486762443.51

DEBUG:root:64
DEBUG:root:45
DEBUG:root:66
DEBUG:root:41
DEBUG:root:Real time1486762443.71

DEBUG:root:64
DEBUG:root:44
DEBUG:root:65
DEBUG:root:42
DEBUG:root:Real time1486762443.91

DEBUG:root:63
DEBUG:root:50
DEBUG:root:66
DEBUG:root:48
DEBUG:root:Real time1486762444.11

DEBUG:root:66
DEBUG:root:50
DEBUG:root:66
DEBUG:root:50
DEBUG:root:Real time1486762444.31

DEBUG:root:69
DEBUG:root:48
DEBUG:root:69
DEBUG:root:48
DEBUG:root:Real time1486762444.51

DEBUG:root:66
DEBUG:root:66
DEBUG:root:70
DEBUG:root:46
DEBUG:root:Real time1486762444.71

DEBUG:root:Too small detection probably wrong
DEBUG:root:Under real time Point 0.0368070602417

DEBUG:root:65
DEBUG:root:94
DEBUG:root:428
DEBUG:root:61
DEBUG:root:Real time1486762444.95

DEBUG:root:59
DEBUG:root:112
DEBUG:root:533
DEBUG:root:78
DEBUG:root:Real time1486762445.15

DEBUG:root:74
DEBUG:root:117
DEBUG:root:253
DEBUG:root:84
DEBUG:root:Real time1486762445.35

DEBUG:root:62
DEBUG:root:100
DEBUG:root:692
DEBUG:root:79
DEBUG:root:Real time1486762445.55

DEBUG:root:43
DEBUG:root:109
DEBUG:root:692
DEBUG:root:70
DEBUG:root:Real time1486762445.75

DEBUG:root:44
DEBUG:root:99
DEBUG:root:692
DEBUG:root:69
DEBUG:root:Real time1486762445.95

DEBUG:root:44
DEBUG:root:87
DEBUG:root:736
DEBUG:root:58
DEBUG:root:Real time1486762446.15

DEBUG:root:421
DEBUG:root:63
DEBUG:root:692
DEBUG:root:60
DEBUG:root:Real time1486762446.35

DEBUG:root:421
DEBUG:root:69
DEBUG:root:80
DEBUG:root:69
DEBUG:root:Real time1486762446.55

DEBUG:root:421
DEBUG:root:71
DEBUG:root:80
DEBUG:root:57
DEBUG:root:Real time1486762446.75

DEBUG:root:421
DEBUG:root:60
DEBUG:root:421
DEBUG:root:60
DEBUG:root:Real time1486762446.95

DEBUG:root:421
DEBUG:root:74
DEBUG:root:80
DEBUG:root:62
DEBUG:root:Real time1486762447.16

DEBUG:root:421
DEBUG:root:62
DEBUG:root:421
DEBUG:root:62
DEBUG:root:Real time1486762447.36

DEBUG:root:421
DEBUG:root:63
DEBUG:root:692
DEBUG:root:62
DEBUG:root:Real time1486762447.56

DEBUG:root:422
DEBUG:root:65
DEBUG:root:80
DEBUG:root:65
DEBUG:root:Real time1486762447.76

DEBUG:root:422
DEBUG:root:63
DEBUG:root:692
DEBUG:root:62
DEBUG:root:Under real time Point 0.221442222595

DEBUG:root:421
DEBUG:root:67
DEBUG:root:80
DEBUG:root:67
DEBUG:root:Real time1486762448.18

DEBUG:root:421
DEBUG:root:65
DEBUG:root:80
DEBUG:root:63
DEBUG:root:Real time1486762448.38

DEBUG:root:421
DEBUG:root:64
DEBUG:root:421
DEBUG:root:64
DEBUG:root:Real time1486762448.58

DEBUG:root:421
DEBUG:root:63
DEBUG:root:692
DEBUG:root:60
DEBUG:root:Real time1486762448.78

DEBUG:root:421
DEBUG:root:81
DEBUG:root:726
DEBUG:root:73
DEBUG:root:Real time1486762448.98

DEBUG:root:421
DEBUG:root:79
DEBUG:root:736
DEBUG:root:69
DEBUG:root:Real time1486762449.18

DEBUG:root:429
DEBUG:root:107
DEBUG:root:75
DEBUG:root:62
DEBUG:root:Real time1486762449.38

DEBUG:root:417
DEBUG:root:96
DEBUG:root:99
DEBUG:root:68
DEBUG:root:Real time1486762449.58

DEBUG:root:417
DEBUG:root:106
DEBUG:root:273
DEBUG:root:80
DEBUG:root:Real time1486762449.78

DEBUG:root:415
DEBUG:root:106
DEBUG:root:95
DEBUG:root:81
DEBUG:root:Real time1486762449.98

DEBUG:root:417
DEBUG:root:101
DEBUG:root:271
DEBUG:root:79
DEBUG:root:Real time1486762450.18

DEBUG:root:739
DEBUG:root:109
DEBUG:root:95
DEBUG:root:68
DEBUG:root:Real time1486762450.38

DEBUG:root:743
DEBUG:root:105
DEBUG:root:99
DEBUG:root:64
DEBUG:root:Real time1486762450.58

DEBUG:root:99
DEBUG:root:72
DEBUG:root:99
DEBUG:root:72
DEBUG:root:Real time1486762450.78

DEBUG:root:100
DEBUG:root:62
DEBUG:root:100
DEBUG:root:62
DEBUG:root:Real time1486762450.98

DEBUG:root:101
DEBUG:root:50
DEBUG:root:101
DEBUG:root:50
DEBUG:root:Real time1486762451.18

DEBUG:root:102
DEBUG:root:68
DEBUG:root:108
DEBUG:root:67
DEBUG:root:Real time1486762451.39

DEBUG:root:103
DEBUG:root:54
DEBUG:root:103
DEBUG:root:54
DEBUG:root:Real time1486762451.59

DEBUG:root:103
DEBUG:root:52
DEBUG:root:103
DEBUG:root:52
DEBUG:root:Real time1486762451.79

DEBUG:root:101
DEBUG:root:59
DEBUG:root:101
DEBUG:root:59
DEBUG:root:Real time1486762451.99

DEBUG:root:101
DEBUG:root:57
DEBUG:root:101
DEBUG:root:57
DEBUG:root:Real time1486762452.19

DEBUG:root:102
DEBUG:root:55
DEBUG:root:102
DEBUG:root:55
DEBUG:root:Real time1486762452.39

DEBUG:root:101
DEBUG:root:59
DEBUG:root:101
DEBUG:root:59
DEBUG:root:Real time1486762452.59

DEBUG:root:108
DEBUG:root:57
DEBUG:root:108
DEBUG:root:57
DEBUG:root:Real time1486762452.79

DEBUG:root:108
DEBUG:root:57
DEBUG:root:108
DEBUG:root:57
DEBUG:root:Under real time Point 0.223721027374

DEBUG:root:108
DEBUG:root:59
DEBUG:root:108
DEBUG:root:59
DEBUG:root:Real time1486762453.21

DEBUG:root:114
DEBUG:root:61
DEBUG:root:171
DEBUG:root:56
DEBUG:root:Real time1486762453.41

DEBUG:root:114
DEBUG:root:61
DEBUG:root:115
DEBUG:root:60
DEBUG:root:Real time1486762453.62

DEBUG:root:114
DEBUG:root:72
DEBUG:root:114
DEBUG:root:72
DEBUG:root:Real time1486762453.82

DEBUG:root:114
DEBUG:root:64
DEBUG:root:117
DEBUG:root:60
DEBUG:root:Real time1486762454.02

DEBUG:root:117
DEBUG:root:65
DEBUG:root:117
DEBUG:root:65
DEBUG:root:Real time1486762454.22

DEBUG:root:118
DEBUG:root:70
DEBUG:root:118
DEBUG:root:70
DEBUG:root:Real time1486762454.42

DEBUG:root:114
DEBUG:root:54
DEBUG:root:114
DEBUG:root:54
DEBUG:root:Real time1486762454.62

DEBUG:root:114
DEBUG:root:56
DEBUG:root:121
DEBUG:root:55
DEBUG:root:Real time1486762454.82

DEBUG:root:118
DEBUG:root:65
DEBUG:root:118
DEBUG:root:65
DEBUG:root:Real time1486762455.02

DEBUG:root:117
DEBUG:root:75
DEBUG:root:160
DEBUG:root:71
DEBUG:root:Real time1486762455.22

DEBUG:root:117
DEBUG:root:72
DEBUG:root:125
DEBUG:root:70
DEBUG:root:Real time1486762455.42

DEBUG:root:114
DEBUG:root:66
DEBUG:root:161
DEBUG:root:64
DEBUG:root:Real time1486762455.62

DEBUG:root:112
DEBUG:root:88
DEBUG:root:146
DEBUG:root:65
DEBUG:root:Real time1486762455.82

DEBUG:root:114
DEBUG:root:58
DEBUG:root:114
DEBUG:root:58
DEBUG:root:Real time1486762456.02

DEBUG:root:125
DEBUG:root:72
DEBUG:root:133
DEBUG:root:71
DEBUG:root:Real time1486762456.22

DEBUG:root:129
DEBUG:root:77
DEBUG:root:131
DEBUG:root:73
DEBUG:root:Real time1486762456.42

DEBUG:root:127
DEBUG:root:76
DEBUG:root:130
DEBUG:root:70
DEBUG:root:Real time1486762456.62

DEBUG:root:125
DEBUG:root:68
DEBUG:root:125
DEBUG:root:68
DEBUG:root:Real time1486762456.82

DEBUG:root:132
DEBUG:root:64
DEBUG:root:132
DEBUG:root:64
DEBUG:root:Real time1486762457.02

DEBUG:root:134
DEBUG:root:61
DEBUG:root:134
DEBUG:root:61
DEBUG:root:Real time1486762457.22

DEBUG:root:132
DEBUG:root:71
DEBUG:root:135
DEBUG:root:70
DEBUG:root:Real time1486762457.42

DEBUG:root:123
DEBUG:root:69
DEBUG:root:162
DEBUG:root:63
DEBUG:root:Real time1486762457.63

DEBUG:root:116
DEBUG:root:106
DEBUG:root:59
DEBUG:root:79
DEBUG:root:Real time1486762457.83

DEBUG:root:Too small detection probably wrong
DEBUG:root:Under real time Point 0.0575840473175

DEBUG:root:Too small detection probably wrong
DEBUG:root:Under real time Point 0.0290760993958

DEBUG:root:Too small detection probably wrong
DEBUG:root:Under real time Point 0.0291798114777

DEBUG:root:Too small detection probably wrong
DEBUG:root:Under real time Point 0.0295658111572

DEBUG:root:Too small detection probably wrong
DEBUG:root:Under real time Point 0.029953956604

DEBUG:root:139
DEBUG:root:84
DEBUG:root:59
DEBUG:root:74
DEBUG:root:Real time1486762458.21

DEBUG:root:Too small detection probably wrong
DEBUG:root:Under real time Point 0.0321440696716

DEBUG:root:139
DEBUG:root:81
DEBUG:root:288
DEBUG:root:73
DEBUG:root:Real time1486762458.44

DEBUG:root:Too small detection probably wrong
DEBUG:root:Under real time Point 0.0313620567322

DEBUG:root:Too small detection probably wrong
DEBUG:root:Under real time Point 0.0318350791931

DEBUG:root:137
DEBUG:root:86
DEBUG:root:737
DEBUG:root:72
DEBUG:root:Real time1486762458.7

DEBUG:root:Too small detection probably wrong
DEBUG:root:Under real time Point 0.0313789844513

DEBUG:root:Too small detection probably wrong
DEBUG:root:Under real time Point 0.0311930179596

DEBUG:root:Too small detection probably wrong
DEBUG:root:Under real time Point 0.0309658050537

DEBUG:root:Too small detection probably wrong
DEBUG:root:Under real time Point 0.0288410186768

DEBUG:root:Too small detection probably wrong
DEBUG:root:Under real time Point 0.0303761959076

DEBUG:root:139
DEBUG:root:86
DEBUG:root:59
DEBUG:root:70
DEBUG:root:Real time1486762459.06

DEBUG:root:59
DEBUG:root:71
DEBUG:root:59
DEBUG:root:71
DEBUG:root:Real time1486762459.26

DEBUG:root:44
DEBUG:root:72
DEBUG:root:59
DEBUG:root:71
DEBUG:root:Real time1486762459.46

DEBUG:root:44
DEBUG:root:110
DEBUG:root:145
DEBUG:root:50
DEBUG:root:Real time1486762459.66

DEBUG:root:58
DEBUG:root:109
DEBUG:root:145
DEBUG:root:46
DEBUG:root:Real time1486762459.86

DEBUG:root:44
DEBUG:root:103
DEBUG:root:146
DEBUG:root:56
DEBUG:root:Real time1486762460.06

DEBUG:root:146
DEBUG:root:57
DEBUG:root:146
DEBUG:root:57
DEBUG:root:Real time1486762460.26

DEBUG:root:148
DEBUG:root:64
DEBUG:root:148
DEBUG:root:64
DEBUG:root:Real time1486762460.46

DEBUG:root:145
DEBUG:root:77
DEBUG:root:145
DEBUG:root:77
DEBUG:root:Real time1486762460.66

DEBUG:root:154
DEBUG:root:66
DEBUG:root:168
DEBUG:root:63
DEBUG:root:Real time1486762460.86

DEBUG:root:154
DEBUG:root:66
DEBUG:root:155
DEBUG:root:65
DEBUG:root:Real time1486762461.06

DEBUG:root:154
DEBUG:root:59
DEBUG:root:155
DEBUG:root:58
DEBUG:root:Real time1486762461.26

DEBUG:root:154
DEBUG:root:64
DEBUG:root:168
DEBUG:root:57
DEBUG:root:Real time1486762461.46

DEBUG:root:154
DEBUG:root:65
DEBUG:root:168
DEBUG:root:54
DEBUG:root:Real time1486762461.66

DEBUG:root:154
DEBUG:root:68
DEBUG:root:168
DEBUG:root:57
DEBUG:root:Real time1486762461.86

DEBUG:root:158
DEBUG:root:60
DEBUG:root:158
DEBUG:root:60
DEBUG:root:Real time1486762462.07

DEBUG:root:159
DEBUG:root:59
DEBUG:root:159
DEBUG:root:59
DEBUG:root:Real time1486762462.27

DEBUG:root:159
DEBUG:root:46
DEBUG:root:160
DEBUG:root:45
DEBUG:root:Real time1486762462.47

DEBUG:root:160
DEBUG:root:49
DEBUG:root:160
DEBUG:root:49
DEBUG:root:Real time1486762462.67

DEBUG:root:160
DEBUG:root:46
DEBUG:root:160
DEBUG:root:46
DEBUG:root:Real time1486762462.87

DEBUG:root:162
DEBUG:root:52
DEBUG:root:162
DEBUG:root:52
DEBUG:root:Real time1486762463.07

DEBUG:root:163
DEBUG:root:48
DEBUG:root:168
DEBUG:root:44
DEBUG:root:Real time1486762463.27

DEBUG:root:162
DEBUG:root:44
DEBUG:root:162
DEBUG:root:44
DEBUG:root:Real time1486762463.47

DEBUG:root:163
DEBUG:root:45
DEBUG:root:170
DEBUG:root:44
DEBUG:root:Real time1486762463.67

DEBUG:root:163
DEBUG:root:41
DEBUG:root:163
DEBUG:root:41
DEBUG:root:Real time1486762463.87

DEBUG:root:163
DEBUG:root:53
DEBUG:root:170
DEBUG:root:50
DEBUG:root:Real time1486762464.07

DEBUG:root:168
DEBUG:root:47
DEBUG:root:168
DEBUG:root:47
DEBUG:root:Real time1486762464.27

DEBUG:root:163
DEBUG:root:43
DEBUG:root:163
DEBUG:root:43
DEBUG:root:Real time1486762464.47

DEBUG:root:160
DEBUG:root:48
DEBUG:root:160
DEBUG:root:48
DEBUG:root:Real time1486762464.67

DEBUG:root:162
DEBUG:root:48
DEBUG:root:162
DEBUG:root:48
DEBUG:root:Real time1486762464.87

DEBUG:root:168
DEBUG:root:50
DEBUG:root:168
DEBUG:root:50
DEBUG:root:Real time1486762465.07

DEBUG:root:163
DEBUG:root:56
DEBUG:root:170
DEBUG:root:53
DEBUG:root:Real time1486762465.27

DEBUG:root:168
DEBUG:root:53
DEBUG:root:168
DEBUG:root:53
DEBUG:root:Real time1486762465.47

DEBUG:root:168
DEBUG:root:72
DEBUG:root:171
DEBUG:root:68
DEBUG:root:Real time1486762465.67

DEBUG:root:157
DEBUG:root:98
DEBUG:root:288
DEBUG:root:79
DEBUG:root:Real time1486762465.87

DEBUG:root:171
DEBUG:root:103
DEBUG:root:651
DEBUG:root:89
DEBUG:root:Real time1486762466.08

DEBUG:root:160
DEBUG:root:91
DEBUG:root:133
DEBUG:root:68
DEBUG:root:Real time1486762466.28

DEBUG:root:179
DEBUG:root:58
DEBUG:root:179
DEBUG:root:58
DEBUG:root:Real time1486762466.48

DEBUG:root:179
DEBUG:root:55
DEBUG:root:179
DEBUG:root:55
DEBUG:root:Real time1486762466.68

DEBUG:root:179
DEBUG:root:60
DEBUG:root:179
DEBUG:root:60
DEBUG:root:Real time1486762466.88

DEBUG:root:179
DEBUG:root:56
DEBUG:root:181
DEBUG:root:54
DEBUG:root:Real time1486762467.08

DEBUG:root:139
DEBUG:root:110
DEBUG:root:186
DEBUG:root:68
DEBUG:root:Real time1486762467.28

DEBUG:root:184
DEBUG:root:74
DEBUG:root:186
DEBUG:root:69
DEBUG:root:Real time1486762467.48

DEBUG:root:184
DEBUG:root:74
DEBUG:root:186
DEBUG:root:69
DEBUG:root:Real time1486762467.68

DEBUG:root:184
DEBUG:root:77
DEBUG:root:187
DEBUG:root:74
DEBUG:root:Real time1486762467.88

DEBUG:root:187
DEBUG:root:77
DEBUG:root:187
DEBUG:root:77
DEBUG:root:Real time1486762468.08

DEBUG:root:188
DEBUG:root:78
DEBUG:root:243
DEBUG:root:73
DEBUG:root:Real time1486762468.28

DEBUG:root:188
DEBUG:root:65
DEBUG:root:188
DEBUG:root:65
DEBUG:root:Real time1486762468.48

DEBUG:root:188
DEBUG:root:71
DEBUG:root:188
DEBUG:root:71
DEBUG:root:Real time1486762468.68

DEBUG:root:188
DEBUG:root:74
DEBUG:root:188
DEBUG:root:74
DEBUG:root:Real time1486762468.88

DEBUG:root:193
DEBUG:root:64
DEBUG:root:193
DEBUG:root:64
DEBUG:root:Real time1486762469.08

DEBUG:root:193
DEBUG:root:59
DEBUG:root:193
DEBUG:root:59
DEBUG:root:Real time1486762469.28

DEBUG:root:193
DEBUG:root:68
DEBUG:root:193
DEBUG:root:68
DEBUG:root:Real time1486762469.48

DEBUG:root:193
DEBUG:root:65
DEBUG:root:193
DEBUG:root:65
DEBUG:root:Real time1486762469.68

DEBUG:root:193
DEBUG:root:66
DEBUG:root:193
DEBUG:root:66
DEBUG:root:Real time1486762469.89

DEBUG:root:193
DEBUG:root:90
DEBUG:root:197
DEBUG:root:76
DEBUG:root:Real time1486762470.09

DEBUG:root:197
DEBUG:root:74
DEBUG:root:197
DEBUG:root:74
DEBUG:root:Real time1486762470.29

DEBUG:root:197
DEBUG:root:67
DEBUG:root:197
DEBUG:root:67
DEBUG:root:Real time1486762470.49

DEBUG:root:199
DEBUG:root:86
DEBUG:root:199
DEBUG:root:86
DEBUG:root:Real time1486762470.69

DEBUG:root:197
DEBUG:root:90
DEBUG:root:202
DEBUG:root:70
DEBUG:root:Real time1486762470.89

DEBUG:root:204
DEBUG:root:55
DEBUG:root:204
DEBUG:root:55
DEBUG:root:Real time1486762471.09

DEBUG:root:204
DEBUG:root:56
DEBUG:root:204
DEBUG:root:56
DEBUG:root:Real time1486762471.29

DEBUG:root:203
DEBUG:root:64
DEBUG:root:203
DEBUG:root:64
DEBUG:root:Real time1486762471.49

DEBUG:root:202
DEBUG:root:98
DEBUG:root:205
DEBUG:root:77
DEBUG:root:Real time1486762471.69

DEBUG:root:204
DEBUG:root:98
DEBUG:root:728
DEBUG:root:72
DEBUG:root:Real time1486762471.89

DEBUG:root:692
DEBUG:root:97
DEBUG:root:207
DEBUG:root:64
DEBUG:root:Real time1486762472.09

DEBUG:root:208
DEBUG:root:45
DEBUG:root:208
DEBUG:root:45
DEBUG:root:Real time1486762472.29

DEBUG:root:209
DEBUG:root:57
DEBUG:root:209
DEBUG:root:57
DEBUG:root:Real time1486762472.49

DEBUG:root:205
DEBUG:root:66
DEBUG:root:210
DEBUG:root:64
DEBUG:root:Real time1486762472.69

DEBUG:root:198
DEBUG:root:95
DEBUG:root:214
DEBUG:root:65
DEBUG:root:Under real time Point 0.235448122025

DEBUG:root:287
DEBUG:root:88
DEBUG:root:214
DEBUG:root:73
DEBUG:root:Real time1486762473.13

DEBUG:root:213
DEBUG:root:88
DEBUG:root:215
DEBUG:root:86
DEBUG:root:Real time1486762473.33

DEBUG:root:214
DEBUG:root:70
DEBUG:root:214
DEBUG:root:70
DEBUG:root:Real time1486762473.53

DEBUG:root:214
DEBUG:root:91
DEBUG:root:693
DEBUG:root:84
DEBUG:root:Real time1486762473.73

DEBUG:root:205
DEBUG:root:83
DEBUG:root:216
DEBUG:root:82
DEBUG:root:Real time1486762473.93

DEBUG:root:964
DEBUG:root:92
DEBUG:root:216
DEBUG:root:67
DEBUG:root:Real time1486762474.13

DEBUG:root:217
DEBUG:root:80
DEBUG:root:217
DEBUG:root:80
DEBUG:root:Real time1486762474.33

DEBUG:root:219
DEBUG:root:72
DEBUG:root:219
DEBUG:root:72
DEBUG:root:Real time1486762474.53

DEBUG:root:205
DEBUG:root:91
DEBUG:root:220
DEBUG:root:78
DEBUG:root:Real time1486762474.73

DEBUG:root:205
DEBUG:root:96
DEBUG:root:221
DEBUG:root:74
DEBUG:root:Real time1486762474.93

DEBUG:root:210
DEBUG:root:79
DEBUG:root:210
DEBUG:root:79
DEBUG:root:Real time1486762475.13

DEBUG:root:223
DEBUG:root:70
DEBUG:root:223
DEBUG:root:70
DEBUG:root:Real time1486762475.33

DEBUG:root:224
DEBUG:root:72
DEBUG:root:224
DEBUG:root:72
DEBUG:root:Real time1486762475.53

DEBUG:root:224
DEBUG:root:97
DEBUG:root:225
DEBUG:root:67
DEBUG:root:Real time1486762475.73

DEBUG:root:692
DEBUG:root:83
DEBUG:root:226
DEBUG:root:50
DEBUG:root:Real time1486762475.93

DEBUG:root:692
DEBUG:root:100
DEBUG:root:227
DEBUG:root:76
DEBUG:root:Real time1486762476.13

DEBUG:root:227
DEBUG:root:66
DEBUG:root:233
DEBUG:root:63
DEBUG:root:Real time1486762476.33

DEBUG:root:227
DEBUG:root:78
DEBUG:root:227
DEBUG:root:78
DEBUG:root:Real time1486762476.53

DEBUG:root:227
DEBUG:root:75
DEBUG:root:233
DEBUG:root:68
DEBUG:root:Real time1486762476.73

DEBUG:root:121
DEBUG:root:79
DEBUG:root:227
DEBUG:root:71
DEBUG:root:Real time1486762476.93

DEBUG:root:233
DEBUG:root:71
DEBUG:root:233
DEBUG:root:71
DEBUG:root:Real time1486762477.14

DEBUG:root:227
DEBUG:root:77
DEBUG:root:227
DEBUG:root:77
DEBUG:root:Real time1486762477.34

DEBUG:root:234
DEBUG:root:49
DEBUG:root:234
DEBUG:root:49
DEBUG:root:Real time1486762477.54

DEBUG:root:234
DEBUG:root:40
DEBUG:root:234
DEBUG:root:40
DEBUG:root:Real time1486762477.74

DEBUG:root:234
DEBUG:root:78
DEBUG:root:3
DEBUG:root:73
DEBUG:root:Real time1486762477.94

DEBUG:root:237
DEBUG:root:62
DEBUG:root:237
DEBUG:root:62
DEBUG:root:Real time1486762478.14

DEBUG:root:238
DEBUG:root:72
DEBUG:root:238
DEBUG:root:72
DEBUG:root:Real time1486762478.34

DEBUG:root:239
DEBUG:root:65
DEBUG:root:239
DEBUG:root:65
DEBUG:root:Real time1486762478.54

DEBUG:root:239
DEBUG:root:69
DEBUG:root:241
DEBUG:root:60
DEBUG:root:Real time1486762478.74

DEBUG:root:239
DEBUG:root:77
DEBUG:root:241
DEBUG:root:56
DEBUG:root:Real time1486762478.94

DEBUG:root:242
DEBUG:root:37
DEBUG:root:242
DEBUG:root:37
DEBUG:root:Real time1486762479.14

DEBUG:root:242
DEBUG:root:46
DEBUG:root:242
DEBUG:root:46
DEBUG:root:Real time1486762479.34

DEBUG:root:242
DEBUG:root:61
DEBUG:root:242
DEBUG:root:61
DEBUG:root:Real time1486762479.54

DEBUG:root:242
DEBUG:root:49
DEBUG:root:242
DEBUG:root:49
DEBUG:root:Real time1486762479.74

DEBUG:root:242
DEBUG:root:64
DEBUG:root:242
DEBUG:root:64
DEBUG:root:Real time1486762479.94

DEBUG:root:242
DEBUG:root:45
DEBUG:root:242
DEBUG:root:45
DEBUG:root:Real time1486762480.14

DEBUG:root:242
DEBUG:root:46
DEBUG:root:242
DEBUG:root:46
DEBUG:root:Real time1486762480.34

DEBUG:root:249
DEBUG:root:86
DEBUG:root:255
DEBUG:root:79
DEBUG:root:Real time1486762480.54

DEBUG:root:249
DEBUG:root:93
DEBUG:root:250
DEBUG:root:33
DEBUG:root:Real time1486762480.74

DEBUG:root:251
DEBUG:root:55
DEBUG:root:251
DEBUG:root:55
DEBUG:root:Real time1486762480.94

DEBUG:root:251
DEBUG:root:54
DEBUG:root:251
DEBUG:root:54
DEBUG:root:Real time1486762481.15

DEBUG:root:253
DEBUG:root:46
DEBUG:root:253
DEBUG:root:46
DEBUG:root:Real time1486762481.35

DEBUG:root:254
DEBUG:root:57
DEBUG:root:256
DEBUG:root:52
DEBUG:root:Real time1486762481.55

DEBUG:root:254
DEBUG:root:62
DEBUG:root:256
DEBUG:root:57
DEBUG:root:Real time1486762481.75

DEBUG:root:254
DEBUG:root:52
DEBUG:root:256
DEBUG:root:43
DEBUG:root:Real time1486762481.95

DEBUG:root:257
DEBUG:root:54
DEBUG:root:257
DEBUG:root:54
DEBUG:root:Real time1486762482.15

DEBUG:root:258
DEBUG:root:70
DEBUG:root:258
DEBUG:root:70
DEBUG:root:Real time1486762482.35

DEBUG:root:259
DEBUG:root:54
DEBUG:root:259
DEBUG:root:54
DEBUG:root:Real time1486762482.55

DEBUG:root:250
DEBUG:root:74
DEBUG:root:261
DEBUG:root:50
DEBUG:root:Real time1486762482.75

DEBUG:root:249
DEBUG:root:97
DEBUG:root:765
DEBUG:root:81
DEBUG:root:Under real time Point 0.220235109329

DEBUG:root:262
DEBUG:root:67
DEBUG:root:262
DEBUG:root:67
DEBUG:root:Real time1486762483.17

DEBUG:root:263
DEBUG:root:81
DEBUG:root:263
DEBUG:root:81
DEBUG:root:Real time1486762483.37

DEBUG:root:264
DEBUG:root:74
DEBUG:root:266
DEBUG:root:50
DEBUG:root:Real time1486762483.57

DEBUG:root:264
DEBUG:root:83
DEBUG:root:267
DEBUG:root:57
DEBUG:root:Real time1486762483.77

DEBUG:root:264
DEBUG:root:84
DEBUG:root:267
DEBUG:root:58
DEBUG:root:Real time1486762483.97

DEBUG:root:266
DEBUG:root:94
DEBUG:root:850
DEBUG:root:83
DEBUG:root:Real time1486762484.17

DEBUG:root:269
DEBUG:root:54
DEBUG:root:269
DEBUG:root:54
DEBUG:root:Real time1486762484.37

DEBUG:root:269
DEBUG:root:53
DEBUG:root:269
DEBUG:root:53
DEBUG:root:Real time1486762484.57

DEBUG:root:269
DEBUG:root:76
DEBUG:root:270
DEBUG:root:56
DEBUG:root:Real time1486762484.77

DEBUG:root:271
DEBUG:root:41
DEBUG:root:271
DEBUG:root:41
DEBUG:root:Real time1486762484.97

DEBUG:root:272
DEBUG:root:42
DEBUG:root:272
DEBUG:root:42
DEBUG:root:Real time1486762485.17

DEBUG:root:273
DEBUG:root:43
DEBUG:root:273
DEBUG:root:43
DEBUG:root:Real time1486762485.37

DEBUG:root:274
DEBUG:root:31
DEBUG:root:274
DEBUG:root:31
DEBUG:root:Real time1486762485.57

DEBUG:root:274
DEBUG:root:51
DEBUG:root:275
DEBUG:root:36
DEBUG:root:Real time1486762485.77

DEBUG:root:260
DEBUG:root:101
DEBUG:root:809
DEBUG:root:85
DEBUG:root:Real time1486762485.97

DEBUG:root:278
DEBUG:root:65
DEBUG:root:278
DEBUG:root:65
DEBUG:root:Real time1486762486.17

DEBUG:root:278
DEBUG:root:31
DEBUG:root:278
DEBUG:root:31
DEBUG:root:Real time1486762486.37

DEBUG:root:278
DEBUG:root:37
DEBUG:root:278
DEBUG:root:37
DEBUG:root:Real time1486762486.57

DEBUG:root:279
DEBUG:root:56
DEBUG:root:279
DEBUG:root:56
DEBUG:root:Real time1486762486.78

DEBUG:root:279
DEBUG:root:78
DEBUG:root:281
DEBUG:root:66
DEBUG:root:Real time1486762486.98

DEBUG:root:282
DEBUG:root:66
DEBUG:root:282
DEBUG:root:66
DEBUG:root:Real time1486762487.18

DEBUG:root:283
DEBUG:root:60
DEBUG:root:283
DEBUG:root:60
DEBUG:root:Real time1486762487.38

DEBUG:root:281
DEBUG:root:91
DEBUG:root:734
DEBUG:root:73
DEBUG:root:Real time1486762487.58

DEBUG:root:36
DEBUG:root:128
DEBUG:root:285
DEBUG:root:66
DEBUG:root:Real time1486762487.78

DEBUG:root:19
DEBUG:root:120
DEBUG:root:420
DEBUG:root:83
DEBUG:root:Under real time Point 0.221428871155

DEBUG:root:59
DEBUG:root:84
DEBUG:root:71
DEBUG:root:73
DEBUG:root:Real time1486762488.2

DEBUG:root:287
DEBUG:root:92
DEBUG:root:822
DEBUG:root:78
DEBUG:root:Real time1486762488.4

DEBUG:root:289
DEBUG:root:79
DEBUG:root:289
DEBUG:root:79
DEBUG:root:Real time1486762488.6

DEBUG:root:281
DEBUG:root:98
DEBUG:root:734
DEBUG:root:74
DEBUG:root:Real time1486762488.8

DEBUG:root:292
DEBUG:root:69
DEBUG:root:292
DEBUG:root:69
DEBUG:root:Real time1486762489.0

DEBUG:root:419
DEBUG:root:95
DEBUG:root:293
DEBUG:root:69
DEBUG:root:Real time1486762489.2

DEBUG:root:294
DEBUG:root:85
DEBUG:root:296
DEBUG:root:63
DEBUG:root:Real time1486762489.4

DEBUG:root:289
DEBUG:root:97
DEBUG:root:295
DEBUG:root:78
DEBUG:root:Real time1486762489.6

DEBUG:root:299
DEBUG:root:78
DEBUG:root:736
DEBUG:root:76
DEBUG:root:Real time1486762489.8

DEBUG:root:298
DEBUG:root:67
DEBUG:root:298
DEBUG:root:67
DEBUG:root:Real time1486762490.0

DEBUG:root:Under real time Point 0.0334179401398

DEBUG:root:Under real time Point 0.0324261188507

DEBUG:root:299
DEBUG:root:72
DEBUG:root:299
DEBUG:root:72
DEBUG:root:Real time1486762490.27

DEBUG:root:298
DEBUG:root:75
DEBUG:root:298
DEBUG:root:75
DEBUG:root:Real time1486762490.47

DEBUG:root:303
DEBUG:root:71
DEBUG:root:303
DEBUG:root:71
DEBUG:root:Real time1486762490.67

DEBUG:root:296
DEBUG:root:69
DEBUG:root:296
DEBUG:root:69
DEBUG:root:Real time1486762490.87

DEBUG:root:Under real time Point 0.0334181785583

DEBUG:root:296
DEBUG:root:72
DEBUG:root:296
DEBUG:root:72
DEBUG:root:Real time1486762491.11

DEBUG:root:Too small detection probably wrong
DEBUG:root:Under real time Point 0.0340340137482

DEBUG:root:295
DEBUG:root:78
DEBUG:root:736
DEBUG:root:77
DEBUG:root:Real time1486762491.34

DEBUG:root:296
DEBUG:root:74
DEBUG:root:736
DEBUG:root:72
DEBUG:root:Real time1486762491.54

DEBUG:root:Under real time Point 0.0333430767059

DEBUG:root:300
DEBUG:root:65
DEBUG:root:306
DEBUG:root:57
DEBUG:root:Real time1486762491.78

DEBUG:root:300
DEBUG:root:77
DEBUG:root:306
DEBUG:root:75
DEBUG:root:Real time1486762491.98

DEBUG:root:307
DEBUG:root:77
DEBUG:root:307
DEBUG:root:77
DEBUG:root:Real time1486762492.18

DEBUG:root:307
DEBUG:root:70
DEBUG:root:307
DEBUG:root:70
DEBUG:root:Real time1486762492.38

DEBUG:root:300
DEBUG:root:67
DEBUG:root:300
DEBUG:root:67
DEBUG:root:Real time1486762492.58

DEBUG:root:Under real time Point 0.0375921726227

DEBUG:root:300
DEBUG:root:64
DEBUG:root:300
DEBUG:root:64
DEBUG:root:Real time1486762492.82

DEBUG:root:296
DEBUG:root:68
DEBUG:root:296
DEBUG:root:68
DEBUG:root:Real time1486762493.02

DEBUG:root:300
DEBUG:root:67
DEBUG:root:300
DEBUG:root:67
DEBUG:root:Real time1486762493.22

DEBUG:root:314
DEBUG:root:69
DEBUG:root:317
DEBUG:root:60
DEBUG:root:Real time1486762493.42

DEBUG:root:313
DEBUG:root:70
DEBUG:root:317
DEBUG:root:68
DEBUG:root:Real time1486762493.62

DEBUG:root:313
DEBUG:root:61
DEBUG:root:316
DEBUG:root:54
DEBUG:root:Real time1486762493.82

DEBUG:root:314
DEBUG:root:58
DEBUG:root:317
DEBUG:root:53
DEBUG:root:Real time1486762494.02

DEBUG:root:314
DEBUG:root:68
DEBUG:root:394
DEBUG:root:65
DEBUG:root:Real time1486762494.22

DEBUG:root:316
DEBUG:root:97
DEBUG:root:192
DEBUG:root:87
DEBUG:root:Real time1486762494.42

DEBUG:root:319
DEBUG:root:69
DEBUG:root:319
DEBUG:root:69
DEBUG:root:Real time1486762494.62

DEBUG:root:316
DEBUG:root:72
DEBUG:root:316
DEBUG:root:72
DEBUG:root:Real time1486762494.82

DEBUG:root:318
DEBUG:root:60
DEBUG:root:321
DEBUG:root:50
DEBUG:root:Real time1486762495.02

DEBUG:root:322
DEBUG:root:47
DEBUG:root:322
DEBUG:root:47
DEBUG:root:Real time1486762495.22

DEBUG:root:324
DEBUG:root:47
DEBUG:root:324
DEBUG:root:47
DEBUG:root:Real time1486762495.42

DEBUG:root:320
DEBUG:root:92
DEBUG:root:325
DEBUG:root:40
DEBUG:root:Real time1486762495.62

DEBUG:root:319
DEBUG:root:94
DEBUG:root:326
DEBUG:root:39
DEBUG:root:Real time1486762495.82

DEBUG:root:326
DEBUG:root:37
DEBUG:root:331
DEBUG:root:36
DEBUG:root:Real time1486762496.02

DEBUG:root:325
DEBUG:root:38
DEBUG:root:330
DEBUG:root:37
DEBUG:root:Real time1486762496.22

DEBUG:root:326
DEBUG:root:39
DEBUG:root:326
DEBUG:root:39
DEBUG:root:Real time1486762496.42

DEBUG:root:326
DEBUG:root:38
DEBUG:root:326
DEBUG:root:38
DEBUG:root:Real time1486762496.63

DEBUG:root:326
DEBUG:root:38
DEBUG:root:326
DEBUG:root:38
DEBUG:root:Real time1486762496.83

DEBUG:root:326
DEBUG:root:38
DEBUG:root:326
DEBUG:root:38
DEBUG:root:Real time1486762497.03

DEBUG:root:326
DEBUG:root:40
DEBUG:root:326
DEBUG:root:40
DEBUG:root:Real time1486762497.23

DEBUG:root:326
DEBUG:root:38
DEBUG:root:326
DEBUG:root:38
DEBUG:root:Real time1486762497.43

DEBUG:root:326
DEBUG:root:38
DEBUG:root:326
DEBUG:root:38
DEBUG:root:Real time1486762497.63

DEBUG:root:326
DEBUG:root:38
DEBUG:root:326
DEBUG:root:38
DEBUG:root:Real time1486762497.83

DEBUG:root:326
DEBUG:root:41
DEBUG:root:326
DEBUG:root:41
DEBUG:root:Real time1486762498.03

DEBUG:root:325
DEBUG:root:122
DEBUG:root:337
DEBUG:root:57
DEBUG:root:Real time1486762498.23

DEBUG:root:339
DEBUG:root:69
DEBUG:root:339
DEBUG:root:69
DEBUG:root:Real time1486762498.43

DEBUG:root:339
DEBUG:root:98
DEBUG:root:340
DEBUG:root:77
DEBUG:root:Real time1486762498.63

DEBUG:root:325
DEBUG:root:109
DEBUG:root:341
DEBUG:root:63
DEBUG:root:Real time1486762498.83

DEBUG:root:322
DEBUG:root:110
DEBUG:root:341
DEBUG:root:66
DEBUG:root:Real time1486762499.03

DEBUG:root:321
DEBUG:root:100
DEBUG:root:341
DEBUG:root:65
DEBUG:root:Real time1486762499.23

DEBUG:root:344
DEBUG:root:92
DEBUG:root:899
DEBUG:root:74
DEBUG:root:Real time1486762499.43

DEBUG:root:340
DEBUG:root:75
DEBUG:root:340
DEBUG:root:75
DEBUG:root:Real time1486762499.63

DEBUG:root:340
DEBUG:root:103
DEBUG:root:345
DEBUG:root:88
DEBUG:root:Real time1486762499.83

DEBUG:root:621
DEBUG:root:102
DEBUG:root:465
DEBUG:root:75
DEBUG:root:Real time1486762500.03

DEBUG:root:964
DEBUG:root:109
DEBUG:root:343
DEBUG:root:81
DEBUG:root:Real time1486762500.23

DEBUG:root:343
DEBUG:root:99
DEBUG:root:569
DEBUG:root:74
DEBUG:root:Real time1486762500.43

DEBUG:root:349
DEBUG:root:72
DEBUG:root:350
DEBUG:root:66
DEBUG:root:Real time1486762500.63

DEBUG:root:348
DEBUG:root:59
DEBUG:root:348
DEBUG:root:59
DEBUG:root:Real time1486762500.83

DEBUG:root:352
DEBUG:root:81
DEBUG:root:472
DEBUG:root:77
DEBUG:root:Real time1486762501.03

DEBUG:root:204
DEBUG:root:96
DEBUG:root:338
DEBUG:root:79
DEBUG:root:Real time1486762501.24

DEBUG:root:354
DEBUG:root:88
DEBUG:root:428
DEBUG:root:71
DEBUG:root:Real time1486762501.44

DEBUG:root:365
DEBUG:root:92
DEBUG:root:282
DEBUG:root:70
DEBUG:root:Real time1486762501.64

DEBUG:root:370
DEBUG:root:109
DEBUG:root:963
DEBUG:root:83
DEBUG:root:Real time1486762501.84

DEBUG:root:357
DEBUG:root:78
DEBUG:root:390
DEBUG:root:65
DEBUG:root:Real time1486762502.04

DEBUG:root:345
DEBUG:root:107
DEBUG:root:932
DEBUG:root:86
DEBUG:root:Real time1486762502.24

DEBUG:root:358
DEBUG:root:99
DEBUG:root:626
DEBUG:root:89
DEBUG:root:Real time1486762502.44

DEBUG:root:359
DEBUG:root:97
DEBUG:root:365
DEBUG:root:82
DEBUG:root:Real time1486762502.64

DEBUG:root:73
DEBUG:root:111
DEBUG:root:361
DEBUG:root:74
DEBUG:root:Real time1486762502.84

DEBUG:root:72
DEBUG:root:103
DEBUG:root:428
DEBUG:root:82
DEBUG:root:Real time1486762503.04

DEBUG:root:285
DEBUG:root:100
DEBUG:root:569
DEBUG:root:85
DEBUG:root:Real time1486762503.24

DEBUG:root:359
DEBUG:root:100
DEBUG:root:505
DEBUG:root:84
DEBUG:root:Real time1486762503.44

DEBUG:root:357
DEBUG:root:77
DEBUG:root:279
DEBUG:root:72
DEBUG:root:Real time1486762503.64

DEBUG:root:647
DEBUG:root:79
DEBUG:root:365
DEBUG:root:70
DEBUG:root:Real time1486762503.84

DEBUG:root:204
DEBUG:root:94
DEBUG:root:367
DEBUG:root:48
DEBUG:root:Real time1486762504.04

DEBUG:root:370
DEBUG:root:49
DEBUG:root:370
DEBUG:root:49
DEBUG:root:Real time1486762504.24

DEBUG:root:368
DEBUG:root:48
DEBUG:root:370
DEBUG:root:46
DEBUG:root:Real time1486762504.44

DEBUG:root:Too small detection probably wrong
DEBUG:root:Under real time Point 0.033273935318

DEBUG:root:Too small detection probably wrong
DEBUG:root:Under real time Point 0.0309541225433

DEBUG:root:367
DEBUG:root:52
DEBUG:root:367
DEBUG:root:52
DEBUG:root:Real time1486762504.71

DEBUG:root:Too small detection probably wrong
DEBUG:root:Under real time Point 0.0315718650818

DEBUG:root:Too small detection probably wrong
DEBUG:root:Under real time Point 0.0322709083557

DEBUG:root:Too small detection probably wrong
DEBUG:root:Under real time Point 0.0365109443665

DEBUG:root:Too small detection probably wrong
DEBUG:root:Under real time Point 0.0318729877472

DEBUG:root:Too small detection probably wrong
DEBUG:root:Under real time Point 0.0349628925323

DEBUG:root:Too small detection probably wrong
DEBUG:root:Under real time Point 0.0342748165131

DEBUG:root:371
DEBUG:root:46
DEBUG:root:371
DEBUG:root:46
DEBUG:root:Real time1486762505.11

DEBUG:root:371
DEBUG:root:40
DEBUG:root:371
DEBUG:root:40
DEBUG:root:Real time1486762505.31

DEBUG:root:370
DEBUG:root:57
DEBUG:root:370
DEBUG:root:57
DEBUG:root:Real time1486762505.51

DEBUG:root:Too small detection probably wrong
DEBUG:root:Under real time Point 0.0323989391327

DEBUG:root:Too small detection probably wrong
DEBUG:root:Under real time Point 0.0405340194702

DEBUG:root:364
DEBUG:root:103
DEBUG:root:978
DEBUG:root:87
DEBUG:root:Real time1486762505.78

DEBUG:root:Too small detection probably wrong
DEBUG:root:Under real time Point 0.0327370166779

DEBUG:root:Too small detection probably wrong
DEBUG:root:Under real time Point 0.0336241722107

DEBUG:root:Too small detection probably wrong
DEBUG:root:Under real time Point 0.0333890914917

DEBUG:root:Too small detection probably wrong
DEBUG:root:Under real time Point 0.0356321334839

DEBUG:root:Too small detection probably wrong
DEBUG:root:Under real time Point 0.0345709323883

DEBUG:root:Too small detection probably wrong
DEBUG:root:Under real time Point 0.0402112007141

DEBUG:root:370
DEBUG:root:51
DEBUG:root:370
DEBUG:root:51
DEBUG:root:Real time1486762506.2

DEBUG:root:Too small detection probably wrong
DEBUG:root:Under real time Point 0.0285170078278

DEBUG:root:Too small detection probably wrong
DEBUG:root:Under real time Point 0.0322260856628

DEBUG:root:Too small detection probably wrong
DEBUG:root:Under real time Point 0.028489112854

DEBUG:root:Too small detection probably wrong
DEBUG:root:Under real time Point 0.0352427959442

DEBUG:root:Too small detection probably wrong
DEBUG:root:Under real time Point 0.0336492061615

DEBUG:root:Under real time Point 0.0311300754547

DEBUG:root:379
DEBUG:root:127
DEBUG:root:853
DEBUG:root:70
DEBUG:root:Real time1486762506.59

DEBUG:root:379
DEBUG:root:118
DEBUG:root:599
DEBUG:root:84
DEBUG:root:Real time1486762506.79

DEBUG:root:366
DEBUG:root:110
DEBUG:root:381
DEBUG:root:84
DEBUG:root:Real time1486762506.99

DEBUG:root:379
DEBUG:root:112
DEBUG:root:93
DEBUG:root:74
DEBUG:root:Real time1486762507.19

DEBUG:root:365
DEBUG:root:98
DEBUG:root:383
DEBUG:root:48
DEBUG:root:Real time1486762507.39

DEBUG:root:384
DEBUG:root:49
DEBUG:root:384
DEBUG:root:49
DEBUG:root:Real time1486762507.59

DEBUG:root:384
DEBUG:root:84
DEBUG:root:390
DEBUG:root:39
DEBUG:root:Real time1486762507.79

DEBUG:root:388
DEBUG:root:27
DEBUG:root:390
DEBUG:root:25
DEBUG:root:Real time1486762507.99

DEBUG:root:388
DEBUG:root:28
DEBUG:root:390
DEBUG:root:26
DEBUG:root:Real time1486762508.19

DEBUG:root:388
DEBUG:root:26
DEBUG:root:388
DEBUG:root:26
DEBUG:root:Real time1486762508.39

DEBUG:root:389
DEBUG:root:42
DEBUG:root:389
DEBUG:root:42
DEBUG:root:Real time1486762508.59

DEBUG:root:388
DEBUG:root:36
DEBUG:root:390
DEBUG:root:34
DEBUG:root:Real time1486762508.79

DEBUG:root:391
DEBUG:root:28
DEBUG:root:391
DEBUG:root:28
DEBUG:root:Real time1486762508.99

DEBUG:root:391
DEBUG:root:30
DEBUG:root:391
DEBUG:root:30
DEBUG:root:Real time1486762509.19

DEBUG:root:393
DEBUG:root:59
DEBUG:root:393
DEBUG:root:59
DEBUG:root:Real time1486762509.39

DEBUG:root:383
DEBUG:root:93
DEBUG:root:990
DEBUG:root:78
DEBUG:root:Real time1486762509.59

DEBUG:root:383
DEBUG:root:97
DEBUG:root:395
DEBUG:root:66
DEBUG:root:Real time1486762509.79

DEBUG:root:394
DEBUG:root:88
DEBUG:root:396
DEBUG:root:43
DEBUG:root:Real time1486762509.99

DEBUG:root:383
DEBUG:root:93
DEBUG:root:397
DEBUG:root:82
DEBUG:root:Real time1486762510.19

DEBUG:root:398
DEBUG:root:64
DEBUG:root:398
DEBUG:root:64
DEBUG:root:Real time1486762510.39

DEBUG:root:399
DEBUG:root:70
DEBUG:root:399
DEBUG:root:70
DEBUG:root:Real time1486762510.59

DEBUG:root:393
DEBUG:root:80
DEBUG:root:400
DEBUG:root:74
DEBUG:root:Real time1486762510.79

DEBUG:root:402
DEBUG:root:67
DEBUG:root:402
DEBUG:root:67
DEBUG:root:Real time1486762510.99

DEBUG:root:19
DEBUG:root:78
DEBUG:root:470
DEBUG:root:72
DEBUG:root:Real time1486762511.19

DEBUG:root:403
DEBUG:root:69
DEBUG:root:403
DEBUG:root:69
DEBUG:root:Real time1486762511.4

DEBUG:root:404
DEBUG:root:102
DEBUG:root:405
DEBUG:root:84
DEBUG:root:Real time1486762511.6

DEBUG:root:719
DEBUG:root:94
DEBUG:root:406
DEBUG:root:57
DEBUG:root:Real time1486762511.8

DEBUG:root:473
DEBUG:root:99
DEBUG:root:704
DEBUG:root:81
DEBUG:root:Real time1486762512.0

DEBUG:root:543
DEBUG:root:110
DEBUG:root:410
DEBUG:root:90
DEBUG:root:Real time1486762512.2

DEBUG:root:401
DEBUG:root:81
DEBUG:root:930
DEBUG:root:71
DEBUG:root:Real time1486762512.4

DEBUG:root:407
DEBUG:root:92
DEBUG:root:374
DEBUG:root:78
DEBUG:root:Real time1486762512.6

DEBUG:root:724
DEBUG:root:92
DEBUG:root:411
DEBUG:root:67
DEBUG:root:Real time1486762512.8

DEBUG:root:646
DEBUG:root:103
DEBUG:root:412
DEBUG:root:72
DEBUG:root:Real time1486762513.0

DEBUG:root:960
DEBUG:root:92
DEBUG:root:412
DEBUG:root:42
DEBUG:root:Real time1486762513.2

DEBUG:root:414
DEBUG:root:79
DEBUG:root:906
DEBUG:root:78
DEBUG:root:Real time1486762513.4

DEBUG:root:Too small detection probably wrong
DEBUG:root:Under real time Point 0.0337371826172

DEBUG:root:Too small detection probably wrong
DEBUG:root:Under real time Point 0.037703037262

DEBUG:root:Under real time Point 0.0312309265137

DEBUG:root:403
DEBUG:root:97
DEBUG:root:26
DEBUG:root:71
DEBUG:root:Real time1486762513.7

DEBUG:root:Under real time Point 0.0317900180817

DEBUG:root:Too small detection probably wrong
DEBUG:root:Under real time Point 0.0351321697235

DEBUG:root:Too small detection probably wrong
DEBUG:root:Under real time Point 0.035961151123

DEBUG:root:Too small detection probably wrong
DEBUG:root:Under real time Point 0.0304780006409

DEBUG:root:Too small detection probably wrong
DEBUG:root:Under real time Point 0.0320229530334

DEBUG:root:Too small detection probably wrong
DEBUG:root:Under real time Point 0.0354950428009

DEBUG:root:Too small detection probably wrong
DEBUG:root:Under real time Point 0.0321199893951

DEBUG:root:Too small detection probably wrong
DEBUG:root:Under real time Point 0.0311357975006

DEBUG:root:Too small detection probably wrong
DEBUG:root:Under real time Point 0.0306780338287

DEBUG:root:Too small detection probably wrong
DEBUG:root:Under real time Point 0.0282380580902

DEBUG:root:Too small detection probably wrong
DEBUG:root:Under real time Point 0.0294389724731

DEBUG:root:Too small detection probably wrong
DEBUG:root:Under real time Point 0.0289859771729

DEBUG:root:Under real time Point 0.0301249027252

DEBUG:root:Too small detection probably wrong
DEBUG:root:Under real time Point 0.0317010879517

DEBUG:root:Too small detection probably wrong
DEBUG:root:Under real time Point 0.030170917511

DEBUG:root:Too small detection probably wrong
DEBUG:root:Under real time Point 0.0304400920868

DEBUG:root:Too small detection probably wrong
DEBUG:root:Under real time Point 0.0312311649323

DEBUG:root:Too small detection probably wrong
DEBUG:root:Under real time Point 0.0298850536346

DEBUG:root:Too small detection probably wrong
DEBUG:root:Under real time Point 0.0267679691315

DEBUG:root:Under real time Point 0.0288701057434

DEBUG:root:960
DEBUG:root:95
DEBUG:root:420
DEBUG:root:32
DEBUG:root:Real time1486762514.53

DEBUG:root:Too small detection probably wrong
DEBUG:root:Under real time Point 0.0327968597412

DEBUG:root:Too small detection probably wrong
DEBUG:root:Under real time Point 0.0311801433563

DEBUG:root:421
DEBUG:root:33
DEBUG:root:421
DEBUG:root:33
DEBUG:root:Real time1486762514.79

DEBUG:root:424
DEBUG:root:36
DEBUG:root:427
DEBUG:root:28
DEBUG:root:Real time1486762514.99

DEBUG:root:Too small detection probably wrong
DEBUG:root:Under real time Point 0.0326020717621

DEBUG:root:Too small detection probably wrong
DEBUG:root:Under real time Point 0.0291209220886

DEBUG:root:Too small detection probably wrong
DEBUG:root:Under real time Point 0.0341849327087

DEBUG:root:Under real time Point 0.0301978588104

DEBUG:root:Under real time Point 0.0363490581512

DEBUG:root:Under real time Point 0.0305879116058

DEBUG:root:Under real time Point 0.0322439670563

DEBUG:root:Under real time Point 0.0333340167999

DEBUG:root:Under real time Point 0.0313150882721

DEBUG:root:Under real time Point 0.0310139656067

DEBUG:root:Too small detection probably wrong
DEBUG:root:Under real time Point 0.0346457958221

DEBUG:root:Under real time Point 0.0312988758087

DEBUG:root:Under real time Point 0.0317571163177

DEBUG:root:Under real time Point 0.032919883728

DEBUG:root:Under real time Point 0.033695936203

DEBUG:root:Under real time Point 0.0314900875092

DEBUG:root:Under real time Point 0.0349459648132

DEBUG:root:Under real time Point 0.0349149703979

DEBUG:root:422
DEBUG:root:36
DEBUG:root:428
DEBUG:root:25
DEBUG:root:Real time1486762515.79

DEBUG:root:Too small detection probably wrong
DEBUG:root:Under real time Point 0.0309369564056

DEBUG:root:Too small detection probably wrong
DEBUG:root:Under real time Point 0.0312340259552

DEBUG:root:Under real time Point 0.0288619995117

DEBUG:root:424
DEBUG:root:39
DEBUG:root:428
DEBUG:root:25
DEBUG:root:Real time1486762516.08

DEBUG:root:428
DEBUG:root:29
DEBUG:root:428
DEBUG:root:29
DEBUG:root:Real time1486762516.28

DEBUG:root:424
DEBUG:root:91
DEBUG:root:409
DEBUG:root:81
DEBUG:root:Real time1486762516.48

DEBUG:root:421
DEBUG:root:87
DEBUG:root:86
DEBUG:root:66
DEBUG:root:Real time1486762516.68

DEBUG:root:421
DEBUG:root:76
DEBUG:root:431
DEBUG:root:56
DEBUG:root:Real time1486762516.88

DEBUG:root:420
DEBUG:root:83
DEBUG:root:349
DEBUG:root:76
DEBUG:root:Real time1486762517.08

DEBUG:root:422
DEBUG:root:78
DEBUG:root:422
DEBUG:root:78
DEBUG:root:Real time1486762517.28

DEBUG:root:424
DEBUG:root:85
DEBUG:root:424
DEBUG:root:85
DEBUG:root:Real time1486762517.48

DEBUG:root:432
DEBUG:root:93
DEBUG:root:435
DEBUG:root:57
DEBUG:root:Real time1486762517.68

DEBUG:root:415
DEBUG:root:109
DEBUG:root:437
DEBUG:root:87
DEBUG:root:Real time1486762517.88

DEBUG:root:416
DEBUG:root:112
DEBUG:root:437
DEBUG:root:88
DEBUG:root:Real time1486762518.08

DEBUG:root:439
DEBUG:root:59
DEBUG:root:439
DEBUG:root:59
DEBUG:root:Real time1486762518.28

DEBUG:root:439
DEBUG:root:52
DEBUG:root:439
DEBUG:root:52
DEBUG:root:Real time1486762518.48

DEBUG:root:439
DEBUG:root:70
DEBUG:root:443
DEBUG:root:44
DEBUG:root:Real time1486762518.68

DEBUG:root:92
DEBUG:root:97
DEBUG:root:442
DEBUG:root:48
DEBUG:root:Real time1486762518.89

DEBUG:root:442
DEBUG:root:56
DEBUG:root:442
DEBUG:root:56
DEBUG:root:Real time1486762519.09

DEBUG:root:442
DEBUG:root:42
DEBUG:root:442
DEBUG:root:42
DEBUG:root:Real time1486762519.29

DEBUG:root:444
DEBUG:root:38
DEBUG:root:444
DEBUG:root:38
DEBUG:root:Real time1486762519.49

DEBUG:root:442
DEBUG:root:56
DEBUG:root:445
DEBUG:root:54
DEBUG:root:Real time1486762519.69

DEBUG:root:442
DEBUG:root:74
DEBUG:root:446
DEBUG:root:61
DEBUG:root:Real time1486762519.89

DEBUG:root:438
DEBUG:root:110
DEBUG:root:447
DEBUG:root:54
DEBUG:root:Real time1486762520.09

DEBUG:root:448
DEBUG:root:52
DEBUG:root:448
DEBUG:root:52
DEBUG:root:Real time1486762520.29

DEBUG:root:449
DEBUG:root:64
DEBUG:root:449
DEBUG:root:64
DEBUG:root:Real time1486762520.49

DEBUG:root:448
DEBUG:root:88
DEBUG:root:450
DEBUG:root:64
DEBUG:root:Real time1486762520.69

DEBUG:root:448
DEBUG:root:78
DEBUG:root:995
DEBUG:root:72
DEBUG:root:Real time1486762520.89

DEBUG:root:436
DEBUG:root:79
DEBUG:root:452
DEBUG:root:67
DEBUG:root:Real time1486762521.09

DEBUG:root:436
DEBUG:root:86
DEBUG:root:453
DEBUG:root:54
DEBUG:root:Real time1486762521.29

DEBUG:root:454
DEBUG:root:68
DEBUG:root:454
DEBUG:root:68
DEBUG:root:Real time1486762521.49

DEBUG:root:454
DEBUG:root:97
DEBUG:root:455
DEBUG:root:72
DEBUG:root:Real time1486762521.69

DEBUG:root:1002
DEBUG:root:118
DEBUG:root:597
DEBUG:root:75
DEBUG:root:Real time1486762521.89

DEBUG:root:1004
DEBUG:root:97
DEBUG:root:457
DEBUG:root:70
DEBUG:root:Real time1486762522.09

DEBUG:root:0
DEBUG:root:105
DEBUG:root:363
DEBUG:root:83
DEBUG:root:Real time1486762522.29

DEBUG:root:459
DEBUG:root:54
DEBUG:root:459
DEBUG:root:54
DEBUG:root:Real time1486762522.49

DEBUG:root:452
DEBUG:root:92
DEBUG:root:460
DEBUG:root:73
DEBUG:root:Real time1486762522.69

DEBUG:root:1153
DEBUG:root:85
DEBUG:root:461
DEBUG:root:68
DEBUG:root:Real time1486762522.89

DEBUG:root:1153
DEBUG:root:86
DEBUG:root:462
DEBUG:root:41
DEBUG:root:Real time1486762523.09

DEBUG:root:1153
DEBUG:root:92
DEBUG:root:463
DEBUG:root:39
DEBUG:root:Real time1486762523.3

DEBUG:root:463
DEBUG:root:76
DEBUG:root:463
DEBUG:root:76
DEBUG:root:Real time1486762523.5

DEBUG:root:43
DEBUG:root:91
DEBUG:root:72
DEBUG:root:65
DEBUG:root:Real time1486762523.7

DEBUG:root:1159
DEBUG:root:109
DEBUG:root:466
DEBUG:root:66
DEBUG:root:Real time1486762523.9

DEBUG:root:1145
DEBUG:root:108
DEBUG:root:467
DEBUG:root:81
DEBUG:root:Real time1486762524.1

DEBUG:root:468
DEBUG:root:90
DEBUG:root:344
DEBUG:root:82
DEBUG:root:Real time1486762524.3

DEBUG:root:468
DEBUG:root:71
DEBUG:root:468
DEBUG:root:71
DEBUG:root:Real time1486762524.5

DEBUG:root:466
DEBUG:root:94
DEBUG:root:470
DEBUG:root:66
DEBUG:root:Real time1486762524.7

DEBUG:root:468
DEBUG:root:90
DEBUG:root:473
DEBUG:root:69
DEBUG:root:Real time1486762524.9

DEBUG:root:473
DEBUG:root:50
DEBUG:root:473
DEBUG:root:50
DEBUG:root:Real time1486762525.1

DEBUG:root:473
DEBUG:root:46
DEBUG:root:475
DEBUG:root:45
DEBUG:root:Real time1486762525.3

DEBUG:root:473
DEBUG:root:48
DEBUG:root:475
DEBUG:root:47
DEBUG:root:Real time1486762525.5

DEBUG:root:473
DEBUG:root:52
DEBUG:root:473
DEBUG:root:52
DEBUG:root:Real time1486762525.7

DEBUG:root:474
DEBUG:root:54
DEBUG:root:474
DEBUG:root:54
DEBUG:root:Real time1486762525.9

DEBUG:root:477
DEBUG:root:77
DEBUG:root:953
DEBUG:root:70
DEBUG:root:Real time1486762526.1

DEBUG:root:477
DEBUG:root:73
DEBUG:root:477
DEBUG:root:73
DEBUG:root:Real time1486762526.3

DEBUG:root:475
DEBUG:root:66
DEBUG:root:475
DEBUG:root:66
DEBUG:root:Real time1486762526.5

DEBUG:root:473
DEBUG:root:73
DEBUG:root:484
DEBUG:root:50
DEBUG:root:Real time1486762526.7

DEBUG:root:484
DEBUG:root:55
DEBUG:root:484
DEBUG:root:55
DEBUG:root:Real time1486762526.9

DEBUG:root:482
DEBUG:root:61
DEBUG:root:482
DEBUG:root:61
DEBUG:root:Real time1486762527.1

DEBUG:root:481
DEBUG:root:62
DEBUG:root:481
DEBUG:root:62
DEBUG:root:Real time1486762527.3

DEBUG:root:483
DEBUG:root:62
DEBUG:root:483
DEBUG:root:62
DEBUG:root:Real time1486762527.5

DEBUG:root:484
DEBUG:root:85
DEBUG:root:900
DEBUG:root:69
DEBUG:root:Real time1486762527.71

DEBUG:root:472
DEBUG:root:111
DEBUG:root:486
DEBUG:root:66
DEBUG:root:Real time1486762527.91

DEBUG:root:488
DEBUG:root:98
DEBUG:root:512
DEBUG:root:79
DEBUG:root:Real time1486762528.11

DEBUG:root:488
DEBUG:root:87
DEBUG:root:844
DEBUG:root:86
DEBUG:root:Real time1486762528.31

DEBUG:root:489
DEBUG:root:66
DEBUG:root:489
DEBUG:root:66
DEBUG:root:Real time1486762528.51

DEBUG:root:489
DEBUG:root:100
DEBUG:root:76
DEBUG:root:77
DEBUG:root:Real time1486762528.71

DEBUG:root:487
DEBUG:root:86
DEBUG:root:491
DEBUG:root:70
DEBUG:root:Real time1486762528.91

DEBUG:root:487
DEBUG:root:86
DEBUG:root:491
DEBUG:root:82
DEBUG:root:Real time1486762529.11

DEBUG:root:999
DEBUG:root:81
DEBUG:root:510
DEBUG:root:80
DEBUG:root:Real time1486762529.31

DEBUG:root:494
DEBUG:root:71
DEBUG:root:494
DEBUG:root:71
DEBUG:root:Real time1486762529.51

DEBUG:root:990
DEBUG:root:97
DEBUG:root:497
DEBUG:root:78
DEBUG:root:Real time1486762529.71

DEBUG:root:990
DEBUG:root:89
DEBUG:root:495
DEBUG:root:77
DEBUG:root:Real time1486762529.91

DEBUG:root:990
DEBUG:root:103
DEBUG:root:512
DEBUG:root:75
DEBUG:root:Real time1486762530.11

DEBUG:root:503
DEBUG:root:80
DEBUG:root:498
DEBUG:root:58
DEBUG:root:Real time1486762530.31

DEBUG:root:499
DEBUG:root:62
DEBUG:root:499
DEBUG:root:62
DEBUG:root:Real time1486762530.51

DEBUG:root:486
DEBUG:root:89
DEBUG:root:500
DEBUG:root:74
DEBUG:root:Real time1486762530.71

DEBUG:root:883
DEBUG:root:97
DEBUG:root:502
DEBUG:root:67
DEBUG:root:Real time1486762530.91

DEBUG:root:883
DEBUG:root:97
DEBUG:root:502
DEBUG:root:65
DEBUG:root:Real time1486762531.11

DEBUG:root:503
DEBUG:root:69
DEBUG:root:503
DEBUG:root:69
DEBUG:root:Real time1486762531.31

DEBUG:root:503
DEBUG:root:77
DEBUG:root:503
DEBUG:root:77
DEBUG:root:Real time1486762531.51

DEBUG:root:493
DEBUG:root:61
DEBUG:root:493
DEBUG:root:61
DEBUG:root:Real time1486762531.71

DEBUG:root:492
DEBUG:root:67
DEBUG:root:506
DEBUG:root:47
DEBUG:root:Real time1486762531.91

DEBUG:root:506
DEBUG:root:61
DEBUG:root:506
DEBUG:root:61
DEBUG:root:Real time1486762532.11

DEBUG:root:507
DEBUG:root:95
DEBUG:root:494
DEBUG:root:87
DEBUG:root:Real time1486762532.31

DEBUG:root:508
DEBUG:root:74
DEBUG:root:508
DEBUG:root:74
DEBUG:root:Real time1486762532.52

DEBUG:root:509
DEBUG:root:82
DEBUG:root:509
DEBUG:root:82
DEBUG:root:Real time1486762532.72

DEBUG:root:508
DEBUG:root:77
DEBUG:root:508
DEBUG:root:77
DEBUG:root:Real time1486762532.92

DEBUG:root:1225
DEBUG:root:101
DEBUG:root:513
DEBUG:root:60
DEBUG:root:Real time1486762533.12

DEBUG:root:513
DEBUG:root:58
DEBUG:root:513
DEBUG:root:58
DEBUG:root:Real time1486762533.32

DEBUG:root:509
DEBUG:root:96
DEBUG:root:72
DEBUG:root:68
DEBUG:root:Real time1486762533.52

DEBUG:root:492
DEBUG:root:86
DEBUG:root:515
DEBUG:root:65
DEBUG:root:Real time1486762533.72

DEBUG:root:499
DEBUG:root:93
DEBUG:root:521
DEBUG:root:56
DEBUG:root:Real time1486762533.92

DEBUG:root:1212
DEBUG:root:98
DEBUG:root:517
DEBUG:root:57
DEBUG:root:Real time1486762534.12

DEBUG:root:518
DEBUG:root:63
DEBUG:root:518
DEBUG:root:63
DEBUG:root:Real time1486762534.32

DEBUG:root:519
DEBUG:root:56
DEBUG:root:519
DEBUG:root:56
DEBUG:root:Real time1486762534.52

DEBUG:root:520
DEBUG:root:47
DEBUG:root:520
DEBUG:root:47
DEBUG:root:Real time1486762534.72

DEBUG:root:521
DEBUG:root:65
DEBUG:root:521
DEBUG:root:65
DEBUG:root:Real time1486762534.92

DEBUG:root:522
DEBUG:root:69
DEBUG:root:522
DEBUG:root:69
DEBUG:root:Real time1486762535.12

DEBUG:root:523
DEBUG:root:60
DEBUG:root:523
DEBUG:root:60
DEBUG:root:Real time1486762535.32

DEBUG:root:523
DEBUG:root:61
DEBUG:root:523
DEBUG:root:61
DEBUG:root:Real time1486762535.52

DEBUG:root:523
DEBUG:root:62
DEBUG:root:523
DEBUG:root:62
DEBUG:root:Real time1486762535.72

DEBUG:root:521
DEBUG:root:78
DEBUG:root:526
DEBUG:root:66
DEBUG:root:Real time1486762535.92

DEBUG:root:527
DEBUG:root:42
DEBUG:root:527
DEBUG:root:42
DEBUG:root:Real time1486762536.12

DEBUG:root:525
DEBUG:root:84
DEBUG:root:463
DEBUG:root:80
DEBUG:root:Real time1486762536.32

DEBUG:root:527
DEBUG:root:84
DEBUG:root:707
DEBUG:root:75
DEBUG:root:Real time1486762536.52

DEBUG:root:526
DEBUG:root:81
DEBUG:root:530
DEBUG:root:52
DEBUG:root:Real time1486762536.72

DEBUG:root:527
DEBUG:root:74
DEBUG:root:498
DEBUG:root:73
DEBUG:root:Real time1486762536.93

DEBUG:root:527
DEBUG:root:71
DEBUG:root:532
DEBUG:root:55
DEBUG:root:Real time1486762537.13

DEBUG:root:533
DEBUG:root:43
DEBUG:root:533
DEBUG:root:43
DEBUG:root:Real time1486762537.33

DEBUG:root:534
DEBUG:root:71
DEBUG:root:534
DEBUG:root:71
DEBUG:root:Real time1486762537.53

DEBUG:root:97
DEBUG:root:99
DEBUG:root:535
DEBUG:root:45
DEBUG:root:Real time1486762537.73

DEBUG:root:534
DEBUG:root:85
DEBUG:root:538
DEBUG:root:59
DEBUG:root:Real time1486762537.93

DEBUG:root:95
DEBUG:root:104
DEBUG:root:540
DEBUG:root:61
DEBUG:root:Real time1486762538.13

DEBUG:root:537
DEBUG:root:70
DEBUG:root:537
DEBUG:root:70
DEBUG:root:Real time1486762538.33

DEBUG:root:539
DEBUG:root:56
DEBUG:root:539
DEBUG:root:56
DEBUG:root:Real time1486762538.53

DEBUG:root:540
DEBUG:root:63
DEBUG:root:540
DEBUG:root:63
DEBUG:root:Real time1486762538.73

DEBUG:root:536
DEBUG:root:66
DEBUG:root:536
DEBUG:root:66
DEBUG:root:Real time1486762538.93

DEBUG:root:542
DEBUG:root:46
DEBUG:root:542
DEBUG:root:46
DEBUG:root:Real time1486762539.13

DEBUG:root:543
DEBUG:root:53
DEBUG:root:543
DEBUG:root:53
DEBUG:root:Real time1486762539.33

DEBUG:root:544
DEBUG:root:58
DEBUG:root:544
DEBUG:root:58
DEBUG:root:Real time1486762539.53

DEBUG:root:539
DEBUG:root:104
DEBUG:root:565
DEBUG:root:50
DEBUG:root:Real time1486762539.73

DEBUG:root:546
DEBUG:root:71
DEBUG:root:565
DEBUG:root:62
DEBUG:root:Real time1486762539.93

DEBUG:root:546
DEBUG:root:74
DEBUG:root:565
DEBUG:root:61
DEBUG:root:Real time1486762540.13

DEBUG:root:546
DEBUG:root:57
DEBUG:root:565
DEBUG:root:52
DEBUG:root:Real time1486762540.33

DEBUG:root:546
DEBUG:root:66
DEBUG:root:565
DEBUG:root:61
DEBUG:root:Real time1486762540.53

DEBUG:root:546
DEBUG:root:57
DEBUG:root:565
DEBUG:root:50
DEBUG:root:Real time1486762540.73

DEBUG:root:557
DEBUG:root:66
DEBUG:root:565
DEBUG:root:63
DEBUG:root:Real time1486762540.93

DEBUG:root:546
DEBUG:root:74
DEBUG:root:567
DEBUG:root:66
DEBUG:root:Real time1486762541.14

DEBUG:root:548
DEBUG:root:79
DEBUG:root:567
DEBUG:root:66
DEBUG:root:Real time1486762541.34

DEBUG:root:567
DEBUG:root:65
DEBUG:root:567
DEBUG:root:65
