DEBUG:root:Under real time Point 1486511606.75

DEBUG:root:Under real time point 0.100203990936

DEBUG:root:Under real time Point 0.135628938675

DEBUG:root:Real time1486511607.09

DEBUG:root:Real time1486511607.19

DEBUG:root:Under real time point 0.109068870544

DEBUG:root:Real time1486511607.4

DEBUG:root:Real time1486511607.5

DEBUG:root:Real time1486511607.6

DEBUG:root:Real time1486511607.7

DEBUG:root:Real time1486511607.8

DEBUG:root:Real time1486511607.9

DEBUG:root:Real time1486511608.0

DEBUG:root:Real time1486511608.1

DEBUG:root:Real time1486511608.2

DEBUG:root:Real time1486511608.3

DEBUG:root:Real time1486511608.4

DEBUG:root:Under real time point 0.102080106735

DEBUG:root:Real time1486511608.61

DEBUG:root:Real time1486511608.71

DEBUG:root:Real time1486511608.81

DEBUG:root:Real time1486511608.91

DEBUG:root:Real time1486511609.01

DEBUG:root:Real time1486511609.11

DEBUG:root:Real time1486511609.21

DEBUG:root:Real time1486511609.31

DEBUG:root:Real time1486511609.41

DEBUG:root:Real time1486511609.51

DEBUG:root:Real time1486511609.61

DEBUG:root:Real time1486511609.71

DEBUG:root:Real time1486511609.82

DEBUG:root:Real time1486511609.92

DEBUG:root:Real time1486511610.02

DEBUG:root:Real time1486511610.12

DEBUG:root:Real time1486511610.22

DEBUG:root:Real time1486511610.32

DEBUG:root:Real time1486511610.42

DEBUG:root:Real time1486511610.52

DEBUG:root:Real time1486511610.62

DEBUG:root:Real time1486511610.72

DEBUG:root:Real time1486511610.82

DEBUG:root:Real time1486511610.92

DEBUG:root:Real time1486511611.02

DEBUG:root:Real time1486511611.12

DEBUG:root:Real time1486511611.22

DEBUG:root:Real time1486511611.32

DEBUG:root:Real time1486511611.42

DEBUG:root:Real time1486511611.52

DEBUG:root:Real time1486511611.62

DEBUG:root:Real time1486511611.73

DEBUG:root:Under real time Point 0.131278991699

DEBUG:root:Under real time Point 0.132373094559

DEBUG:root:Under real time Point 0.141358852386

DEBUG:root:Under real time Point 0.138085842133

DEBUG:root:Under real time Point 0.140687942505

DEBUG:root:Under real time Point 0.129155158997

DEBUG:root:Under real time Point 0.133936882019

DEBUG:root:Under real time Point 0.128700017929

DEBUG:root:Under real time Point 0.144325017929

DEBUG:root:Under real time Point 0.127562046051

DEBUG:root:Under real time Point 0.138876914978

DEBUG:root:Under real time Point 0.13100194931

DEBUG:root:Under real time Point 0.133175134659

DEBUG:root:Under real time Point 0.134855985641

DEBUG:root:Under real time Point 0.129351854324

DEBUG:root:Under real time Point 0.132070064545

DEBUG:root:Under real time Point 0.176635980606

DEBUG:root:Under real time Point 0.132539987564

DEBUG:root:Under real time Point 0.139345884323

DEBUG:root:Under real time Point 0.129577875137

DEBUG:root:Under real time Point 0.12761592865

DEBUG:root:Under real time Point 0.13116812706

DEBUG:root:Under real time Point 0.124317884445

DEBUG:root:Under real time Point 0.130860090256

DEBUG:root:Under real time Point 0.126752138138

DEBUG:root:Under real time Point 0.126566171646

DEBUG:root:Under real time Point 0.131045818329

DEBUG:root:Under real time Point 0.134853124619

DEBUG:root:Under real time Point 0.128237962723

DEBUG:root:Under real time Point 0.127528905869

DEBUG:root:Under real time Point 0.127027988434

DEBUG:root:Under real time Point 0.126524925232

DEBUG:root:Under real time Point 0.137234926224

DEBUG:root:Under real time Point 0.130136966705

DEBUG:root:Under real time Point 0.128278017044

DEBUG:root:Under real time Point 0.133808135986

DEBUG:root:Under real time Point 0.135557889938

DEBUG:root:Under real time Point 0.127038002014

DEBUG:root:Under real time Point 0.136451005936

DEBUG:root:Under real time Point 0.143620014191

DEBUG:root:Under real time Point 0.122714042664

DEBUG:root:Under real time Point 0.126877069473

DEBUG:root:Under real time Point 0.123234987259

DEBUG:root:Under real time Point 0.135718107224

DEBUG:root:Under real time Point 0.128220081329

DEBUG:root:Under real time Point 0.129076957703

DEBUG:root:Under real time Point 0.122220039368

DEBUG:root:Under real time Point 0.129081010818

DEBUG:root:Under real time Point 0.128083944321

DEBUG:root:Under real time Point 0.130130052567

DEBUG:root:Under real time Point 0.124944925308

DEBUG:root:Under real time Point 0.130815982819

DEBUG:root:Under real time Point 0.134289979935

DEBUG:root:Under real time Point 0.122310876846

DEBUG:root:Under real time Point 0.127673149109

DEBUG:root:Under real time Point 0.129749059677

DEBUG:root:Under real time Point 0.135787963867

DEBUG:root:Under real time Point 0.133606910706

DEBUG:root:Under real time Point 0.12318110466

DEBUG:root:Under real time Point 0.123436927795

DEBUG:root:Under real time Point 0.125553846359

DEBUG:root:Under real time Point 0.128201007843

DEBUG:root:Under real time Point 0.131296873093

DEBUG:root:Under real time Point 0.133260011673

DEBUG:root:Under real time Point 0.130865097046

DEBUG:root:Under real time Point 0.12973690033

DEBUG:root:Under real time Point 0.137145996094

DEBUG:root:Under real time Point 0.129010915756

DEBUG:root:Under real time Point 0.126627922058

DEBUG:root:Under real time Point 0.127931118011

DEBUG:root:Under real time Point 0.124373912811

DEBUG:root:Under real time Point 0.135278940201

DEBUG:root:Under real time Point 0.131889104843

DEBUG:root:Under real time Point 0.136737108231

DEBUG:root:Under real time Point 0.136234045029

DEBUG:root:Under real time Point 0.13635802269

DEBUG:root:Under real time Point 0.13060593605

DEBUG:root:Under real time Point 0.130588054657

DEBUG:root:Under real time Point 0.135520935059

DEBUG:root:Under real time Point 0.126282930374

DEBUG:root:Under real time Point 0.125318050385

DEBUG:root:Under real time Point 0.129105091095

DEBUG:root:Under real time Point 0.128397941589

DEBUG:root:Under real time Point 0.134290933609

DEBUG:root:Under real time Point 0.131692886353

DEBUG:root:Under real time Point 0.137694835663

DEBUG:root:Under real time Point 0.128746986389

DEBUG:root:Under real time Point 0.129821062088

DEBUG:root:Under real time Point 0.128231048584

DEBUG:root:Under real time Point 0.127581119537

DEBUG:root:Under real time Point 0.137454032898

DEBUG:root:Under real time Point 0.129566192627

DEBUG:root:Under real time Point 0.135330200195

DEBUG:root:Under real time Point 0.141871929169

DEBUG:root:Too small detection probably wrong
DEBUG:root:Under real time Point 0.0616509914398

DEBUG:root:Under real time Point 0.135066986084

DEBUG:root:Under real time Point 0.134239912033

DEBUG:root:Under real time Point 0.132335186005

DEBUG:root:Under real time Point 0.121358156204

DEBUG:root:Under real time Point 0.127480983734

DEBUG:root:Under real time Point 0.125595092773

DEBUG:root:Under real time Point 0.12770986557

DEBUG:root:Under real time Point 0.130128145218

DEBUG:root:Under real time Point 0.127763986588

DEBUG:root:Under real time Point 0.128755092621

DEBUG:root:Under real time Point 0.124361038208

DEBUG:root:Under real time Point 0.123265981674

DEBUG:root:Under real time Point 0.125236988068

DEBUG:root:Under real time Point 0.129218101501

DEBUG:root:Under real time Point 0.137115001678

DEBUG:root:Under real time Point 0.123188018799

DEBUG:root:Under real time Point 0.124929904938

DEBUG:root:Under real time Point 0.124070167542

DEBUG:root:Under real time Point 0.127815961838

DEBUG:root:Under real time Point 0.125635147095

DEBUG:root:Under real time Point 0.122214078903

DEBUG:root:Under real time Point 0.131741046906

DEBUG:root:Under real time Point 0.131968021393

DEBUG:root:Under real time Point 0.123455047607

DEBUG:root:Under real time Point 0.130362987518

DEBUG:root:Under real time Point 0.132988929749

DEBUG:root:Under real time Point 0.128284931183

DEBUG:root:Under real time Point 0.120636940002

DEBUG:root:Under real time Point 0.132786989212

DEBUG:root:Under real time Point 0.126955032349

DEBUG:root:Under real time Point 0.129570960999

DEBUG:root:Under real time Point 0.156726121902

DEBUG:root:Under real time Point 0.133145093918

DEBUG:root:Under real time Point 0.128321886063

DEBUG:root:Under real time Point 0.128458976746

DEBUG:root:Under real time Point 0.126946926117

DEBUG:root:Under real time Point 0.122946977615

DEBUG:root:Under real time Point 0.127661943436

DEBUG:root:Under real time Point 0.128273963928

DEBUG:root:Under real time Point 0.128753185272

DEBUG:root:Under real time Point 0.128600120544

DEBUG:root:Under real time Point 0.130800962448

DEBUG:root:Under real time Point 0.123943805695

DEBUG:root:Under real time Point 0.127742052078

DEBUG:root:Under real time Point 0.168833017349

DEBUG:root:Under real time Point 0.127948999405

DEBUG:root:Under real time Point 0.128588914871

DEBUG:root:Under real time Point 0.1312520504

DEBUG:root:Under real time Point 0.123710870743

DEBUG:root:Under real time Point 0.123551845551

DEBUG:root:Under real time Point 0.126307964325

DEBUG:root:Under real time Point 0.128453969955

DEBUG:root:Under real time Point 0.135023117065

DEBUG:root:Under real time Point 0.124403953552

DEBUG:root:Under real time Point 0.126418828964

DEBUG:root:Under real time Point 0.124042034149

DEBUG:root:Under real time Point 0.126931905746

DEBUG:root:Under real time Point 0.128113985062

DEBUG:root:Under real time Point 0.123159170151

DEBUG:root:Under real time Point 0.122539043427

DEBUG:root:Under real time Point 0.135185003281

DEBUG:root:Under real time Point 0.1358730793

DEBUG:root:Under real time Point 0.130230903625

DEBUG:root:Under real time Point 0.134236097336

DEBUG:root:Under real time Point 0.131635904312

DEBUG:root:Under real time Point 0.130902051926

DEBUG:root:Under real time Point 0.126477956772

DEBUG:root:Under real time Point 0.129977226257

DEBUG:root:Under real time Point 0.128599882126

DEBUG:root:Under real time Point 0.136075973511

DEBUG:root:Under real time Point 0.131150960922

DEBUG:root:Under real time Point 0.128592014313

DEBUG:root:Under real time Point 0.133610963821

DEBUG:root:Under real time Point 0.132912874222

DEBUG:root:Under real time Point 0.125652074814

DEBUG:root:Under real time Point 0.128207921982

DEBUG:root:Under real time Point 0.138318777084

DEBUG:root:Under real time Point 0.120913982391

DEBUG:root:Under real time Point 0.122441053391

DEBUG:root:Under real time Point 0.135792016983

DEBUG:root:Under real time Point 0.125021934509

DEBUG:root:Under real time Point 0.122092962265

DEBUG:root:Under real time Point 0.126168966293

DEBUG:root:Under real time Point 0.120826005936

DEBUG:root:Under real time Point 0.12797498703

DEBUG:root:Under real time Point 0.126903057098

DEBUG:root:Under real time Point 0.128494024277

DEBUG:root:Under real time Point 0.124751806259

DEBUG:root:Under real time Point 0.132879972458

DEBUG:root:Under real time Point 0.127292871475

DEBUG:root:Under real time Point 0.130567073822

DEBUG:root:Under real time Point 0.129388093948

DEBUG:root:Under real time Point 0.125868082047

DEBUG:root:Under real time Point 0.133402109146

DEBUG:root:Under real time Point 0.123136997223

DEBUG:root:Under real time Point 0.124474048615

DEBUG:root:Under real time Point 0.127233028412

DEBUG:root:Under real time Point 0.130872964859

DEBUG:root:Under real time Point 0.124774932861

DEBUG:root:Under real time Point 0.125809907913

DEBUG:root:Under real time Point 0.133316993713

DEBUG:root:Under real time Point 0.124792098999

DEBUG:root:Under real time Point 0.128928899765

DEBUG:root:Under real time Point 0.12940788269

DEBUG:root:Under real time Point 0.123146057129

DEBUG:root:Under real time Point 0.13019490242

DEBUG:root:Under real time Point 0.128618955612

DEBUG:root:Under real time Point 0.128566980362

DEBUG:root:Under real time Point 0.125766992569

DEBUG:root:Under real time Point 0.127476930618

DEBUG:root:Under real time Point 0.124490976334

DEBUG:root:Under real time Point 0.125164985657

DEBUG:root:Under real time Point 0.130190849304

DEBUG:root:Under real time Point 0.126888036728

DEBUG:root:Under real time Point 0.125382184982

DEBUG:root:Under real time Point 0.128173112869

DEBUG:root:Under real time Point 0.13144493103

DEBUG:root:Under real time Point 0.12625002861

DEBUG:root:Under real time Point 0.127211093903

DEBUG:root:Under real time Point 0.120728969574

DEBUG:root:Under real time Point 0.126693964005

DEBUG:root:Under real time Point 0.124583959579

DEBUG:root:Under real time Point 0.127840995789

DEBUG:root:Under real time Point 0.12827706337

DEBUG:root:Under real time Point 0.126565933228

DEBUG:root:Under real time Point 0.127235174179

DEBUG:root:Under real time Point 0.122874975204

DEBUG:root:Under real time Point 0.128302097321

DEBUG:root:Under real time Point 0.130125045776

DEBUG:root:Under real time Point 0.120658874512

DEBUG:root:Under real time Point 0.12960100174

DEBUG:root:Under real time Point 0.121145009995

DEBUG:root:Under real time Point 0.129050970078

DEBUG:root:Under real time Point 0.12785410881

DEBUG:root:Under real time Point 0.124751091003

DEBUG:root:Under real time Point 0.133204936981

DEBUG:root:Under real time Point 0.131691932678

DEBUG:root:Under real time Point 0.123872041702

DEBUG:root:Under real time Point 0.127970933914

DEBUG:root:Under real time Point 0.132416963577

DEBUG:root:Under real time Point 0.123384952545

DEBUG:root:Under real time Point 0.130079984665

DEBUG:root:Under real time Point 0.1273021698

DEBUG:root:Under real time Point 0.126903057098

DEBUG:root:Under real time Point 0.133092164993

DEBUG:root:Under real time Point 0.128468990326

DEBUG:root:Under real time Point 0.12974190712

DEBUG:root:Under real time Point 0.130218982697

DEBUG:root:Under real time Point 0.127953052521

DEBUG:root:Under real time Point 0.131039857864

DEBUG:root:Under real time Point 0.120903015137

DEBUG:root:Under real time Point 0.123644113541

DEBUG:root:Under real time Point 0.129577875137

DEBUG:root:Under real time Point 0.124176979065

DEBUG:root:Under real time Point 0.129848003387

DEBUG:root:Under real time Point 0.127938985825

DEBUG:root:Under real time Point 0.122473955154

DEBUG:root:Under real time Point 0.12757897377

DEBUG:root:Under real time Point 0.134475946426

DEBUG:root:Under real time Point 0.131869077682

DEBUG:root:Under real time Point 0.162440061569

DEBUG:root:Under real time Point 0.137449026108

DEBUG:root:Under real time Point 0.131667852402

DEBUG:root:Under real time Point 0.154743909836

DEBUG:root:Under real time Point 0.130388975143

DEBUG:root:Under real time Point 0.128041028976

DEBUG:root:Under real time Point 0.128951072693

DEBUG:root:Under real time Point 0.13178896904

DEBUG:root:Under real time Point 0.125184059143

DEBUG:root:Under real time Point 0.123312950134

DEBUG:root:Under real time Point 0.127360105515

DEBUG:root:Under real time Point 0.122013092041

DEBUG:root:Under real time Point 0.130287885666

DEBUG:root:Under real time Point 0.124279975891

DEBUG:root:Under real time Point 0.126525878906

DEBUG:root:Under real time Point 0.125161170959

DEBUG:root:Under real time Point 0.124560117722

DEBUG:root:Under real time Point 0.124264001846

DEBUG:root:Under real time Point 0.132574081421

DEBUG:root:Under real time Point 0.126183986664

DEBUG:root:Under real time Point 0.125473022461

DEBUG:root:Under real time Point 0.125352144241

DEBUG:root:Under real time Point 0.12212896347

DEBUG:root:Under real time Point 0.12833404541

DEBUG:root:Under real time Point 0.132189035416

DEBUG:root:Under real time Point 0.127153873444

DEBUG:root:Under real time Point 0.130390882492

DEBUG:root:Under real time Point 0.133146047592

DEBUG:root:Under real time Point 0.140609025955

DEBUG:root:Under real time Point 0.127885818481

DEBUG:root:Under real time Point 0.130653858185

DEBUG:root:Under real time Point 0.128260850906

DEBUG:root:Under real time Point 0.131217956543

DEBUG:root:Under real time Point 0.127087116241

DEBUG:root:Under real time Point 0.137630939484

DEBUG:root:Under real time Point 0.124842882156

DEBUG:root:Under real time Point 0.120093107224

DEBUG:root:Under real time Point 0.122345924377

DEBUG:root:Under real time Point 0.120464086533

DEBUG:root:Under real time Point 0.123955011368

DEBUG:root:Under real time Point 0.122532129288

DEBUG:root:Under real time Point 0.1243019104

DEBUG:root:Under real time Point 0.12181687355

DEBUG:root:Under real time Point 0.121687889099

DEBUG:root:Under real time Point 0.128418922424

DEBUG:root:Under real time Point 0.130392074585

DEBUG:root:Under real time Point 0.130426883698

DEBUG:root:Under real time Point 0.133161067963

DEBUG:root:Under real time Point 0.140776157379

DEBUG:root:Under real time Point 0.134022951126

DEBUG:root:Under real time Point 0.125468969345

DEBUG:root:Under real time Point 0.129893064499

DEBUG:root:Under real time Point 0.128992080688

DEBUG:root:Under real time Point 0.131519794464

DEBUG:root:Under real time Point 0.130367994308

DEBUG:root:Under real time Point 0.13755106926

DEBUG:root:Too small detection probably wrong
DEBUG:root:Under real time Point 0.0801160335541

DEBUG:root:Under real time Point 0.158148050308

DEBUG:root:Under real time Point 0.140339136124

DEBUG:root:Under real time Point 0.124115943909

DEBUG:root:Under real time Point 0.162482976913

DEBUG:root:Under real time Point 0.124553918839

DEBUG:root:Under real time Point 0.128493785858

DEBUG:root:Under real time Point 0.126883029938

DEBUG:root:Under real time Point 0.125185012817

DEBUG:root:Under real time Point 0.134124994278

DEBUG:root:Under real time Point 0.146632909775

DEBUG:root:Under real time Point 0.125118970871

DEBUG:root:Under real time Point 0.122245788574

DEBUG:root:Under real time Point 0.122321844101

DEBUG:root:Under real time Point 0.127574205399

DEBUG:root:Under real time Point 0.121745109558

DEBUG:root:Under real time Point 0.124261856079

DEBUG:root:Under real time Point 0.127990007401

DEBUG:root:Under real time Point 0.150128126144

DEBUG:root:Under real time Point 0.132051944733

DEBUG:root:Under real time Point 0.130745887756

DEBUG:root:Under real time Point 0.122966051102

DEBUG:root:Under real time Point 0.12605214119

DEBUG:root:Under real time Point 0.133018016815

DEBUG:root:Under real time Point 0.132491827011

DEBUG:root:Under real time Point 0.122812986374

DEBUG:root:Under real time Point 0.120543003082

DEBUG:root:Under real time Point 0.125211000443

DEBUG:root:Under real time Point 0.128504037857

DEBUG:root:Under real time Point 0.13954615593

DEBUG:root:Under real time Point 0.127015113831

DEBUG:root:Under real time Point 0.129093885422

DEBUG:root:Under real time Point 0.124233961105

DEBUG:root:Under real time Point 0.122625112534

DEBUG:root:Under real time Point 0.119749069214

DEBUG:root:Under real time Point 0.123949050903

DEBUG:root:Under real time Point 0.126435995102

DEBUG:root:Under real time Point 0.132850170135

DEBUG:root:Under real time Point 0.124011993408

DEBUG:root:Under real time Point 0.129284858704

DEBUG:root:Under real time Point 0.126660108566

DEBUG:root:Under real time Point 0.127949953079

DEBUG:root:Under real time Point 0.129801988602

DEBUG:root:Under real time Point 0.165953159332

DEBUG:root:Under real time Point 0.126456022263

DEBUG:root:Under real time Point 0.127366065979

DEBUG:root:Under real time Point 0.12711596489

DEBUG:root:Under real time Point 0.160036802292

DEBUG:root:Under real time Point 0.128134965897

DEBUG:root:Under real time Point 0.12665104866

DEBUG:root:Under real time Point 0.124762058258

DEBUG:root:Under real time Point 0.127926111221

DEBUG:root:Under real time Point 0.125719070435

DEBUG:root:Under real time Point 0.130397081375

DEBUG:root:Under real time Point 0.126858234406

DEBUG:root:Under real time Point 0.129274845123

DEBUG:root:Under real time Point 0.12664103508

DEBUG:root:Under real time Point 0.12815284729

DEBUG:root:Under real time Point 0.129040002823

DEBUG:root:Under real time Point 0.128336191177

DEBUG:root:Under real time Point 0.125463008881

DEBUG:root:Under real time Point 0.127893924713

DEBUG:root:Under real time Point 0.124631881714

DEBUG:root:Under real time Point 0.121304988861

DEBUG:root:Under real time Point 0.12664604187

DEBUG:root:Under real time Point 0.132667064667

DEBUG:root:Under real time Point 0.124294996262

DEBUG:root:Under real time Point 0.12369799614

DEBUG:root:Under real time Point 0.137897014618

DEBUG:root:Under real time Point 0.13135099411

DEBUG:root:Under real time Point 0.125972032547

DEBUG:root:Under real time Point 0.124388933182

DEBUG:root:Under real time Point 0.130921840668

DEBUG:root:Under real time Point 0.127036094666

DEBUG:root:Under real time Point 0.136745929718

DEBUG:root:Under real time Point 0.126796960831

DEBUG:root:Under real time Point 0.126263141632

DEBUG:root:Under real time Point 0.165867090225

DEBUG:root:Under real time Point 0.12760591507

DEBUG:root:Under real time Point 0.130244970322

DEBUG:root:Under real time Point 0.126848936081

DEBUG:root:Under real time Point 0.154131889343

DEBUG:root:Under real time Point 0.120465040207

DEBUG:root:Under real time Point 0.126965999603

DEBUG:root:Under real time Point 0.122626066208

DEBUG:root:Under real time Point 0.127743005753

DEBUG:root:Under real time Point 0.129628181458

DEBUG:root:Under real time Point 0.127850055695

DEBUG:root:Under real time Point 0.141110897064

DEBUG:root:Under real time Point 0.12247800827

DEBUG:root:Under real time Point 0.128502130508

DEBUG:root:Under real time Point 0.129482984543

DEBUG:root:Under real time Point 0.132238149643

DEBUG:root:Under real time Point 0.126361846924

DEBUG:root:Under real time Point 0.131225824356

DEBUG:root:Under real time Point 0.126832008362

DEBUG:root:Under real time Point 0.124679803848

DEBUG:root:Under real time Point 0.123037815094

DEBUG:root:Under real time Point 0.127609968185

DEBUG:root:Under real time Point 0.123912096024

DEBUG:root:Under real time Point 0.127790927887

DEBUG:root:Under real time Point 0.126814126968

DEBUG:root:Under real time Point 0.132311105728

DEBUG:root:Under real time Point 0.127780914307

DEBUG:root:Under real time Point 0.124915838242

DEBUG:root:Under real time Point 0.119961023331

DEBUG:root:Under real time Point 0.125345945358

DEBUG:root:Under real time Point 0.126132965088

DEBUG:root:Under real time Point 0.12618303299

DEBUG:root:Under real time Point 0.158323049545

DEBUG:root:Under real time Point 0.122051954269

DEBUG:root:Under real time Point 0.123858213425

DEBUG:root:Under real time Point 0.130185842514

DEBUG:root:Under real time Point 0.123971939087

DEBUG:root:Under real time Point 0.123178958893

DEBUG:root:Under real time Point 0.137138128281

DEBUG:root:Under real time Point 0.122941970825

DEBUG:root:Under real time Point 0.122576951981

DEBUG:root:Under real time Point 0.13006401062

DEBUG:root:Under real time Point 0.153254985809

DEBUG:root:Under real time Point 0.130631923676

DEBUG:root:Under real time Point 0.1330909729

DEBUG:root:Under real time Point 0.12514591217

DEBUG:root:Under real time Point 0.126433134079

DEBUG:root:Under real time Point 0.128814935684

DEBUG:root:Under real time Point 0.123600006104

DEBUG:root:Under real time Point 0.130056858063

DEBUG:root:Under real time Point 0.126423835754

DEBUG:root:Under real time Point 0.128427028656

DEBUG:root:Under real time Point 0.127283811569

DEBUG:root:Under real time Point 0.128185987473

DEBUG:root:Under real time Point 0.141534090042

DEBUG:root:Under real time Point 0.126477956772

DEBUG:root:Under real time Point 0.140681028366

DEBUG:root:Under real time Point 0.134710073471

DEBUG:root:Under real time Point 0.13113617897

DEBUG:root:Under real time Point 0.140215873718

DEBUG:root:Under real time Point 0.130644083023

DEBUG:root:Under real time Point 0.130164146423

DEBUG:root:Under real time Point 0.1373898983

DEBUG:root:Under real time Point 0.138976097107

DEBUG:root:Under real time Point 0.141970157623

DEBUG:root:Under real time Point 0.132543087006

DEBUG:root:Under real time Point 0.133946895599

DEBUG:root:Under real time Point 0.137749910355

DEBUG:root:Under real time Point 0.130262136459

DEBUG:root:Under real time Point 0.129035949707

DEBUG:root:Under real time Point 0.12747502327

DEBUG:root:Under real time Point 0.134448051453

DEBUG:root:Under real time Point 0.132333993912

DEBUG:root:Under real time Point 0.132697820663

DEBUG:root:Under real time Point 0.135067939758

DEBUG:root:Under real time Point 0.132575035095

DEBUG:root:Under real time Point 0.13812994957

DEBUG:root:Under real time Point 0.129683017731

DEBUG:root:Under real time Point 0.128611087799

DEBUG:root:Under real time Point 0.123420000076

DEBUG:root:Under real time Point 0.12334895134

DEBUG:root:Under real time Point 0.126305103302

DEBUG:root:Under real time Point 0.124972820282

DEBUG:root:Under real time Point 0.130515098572

DEBUG:root:Under real time Point 0.134220123291

DEBUG:root:Under real time Point 0.135016918182

DEBUG:root:Under real time Point 0.13942193985

DEBUG:root:Under real time Point 0.130074977875

DEBUG:root:Under real time Point 0.12867307663

DEBUG:root:Under real time Point 0.13623213768

DEBUG:root:Under real time Point 0.124119997025

DEBUG:root:Under real time Point 0.127863883972

DEBUG:root:Under real time Point 0.138978004456

DEBUG:root:Under real time Point 0.140022993088

DEBUG:root:Under real time Point 0.124521017075

DEBUG:root:Under real time Point 0.129413843155

DEBUG:root:Under real time Point 0.128263950348

DEBUG:root:Under real time Point 0.125104904175

DEBUG:root:Under real time Point 0.133120059967

DEBUG:root:Under real time Point 0.128750085831

DEBUG:root:Under real time Point 0.13264298439

DEBUG:root:Under real time Point 0.1296479702

DEBUG:root:Under real time Point 0.137490987778

DEBUG:root:Under real time Point 0.120908021927

DEBUG:root:Under real time Point 0.125046014786

DEBUG:root:Under real time Point 0.130697011948

DEBUG:root:Under real time Point 0.129758119583

DEBUG:root:Under real time Point 0.127830982208

DEBUG:root:Under real time Point 0.131711006165

DEBUG:root:Under real time Point 0.127357006073

DEBUG:root:Under real time Point 0.134436130524

DEBUG:root:Under real time Point 0.127009153366

DEBUG:root:Under real time Point 0.138436079025

DEBUG:root:Under real time Point 0.126288890839

DEBUG:root:Under real time Point 0.128143072128

DEBUG:root:Under real time Point 0.12370300293

DEBUG:root:Under real time Point 0.123039960861

DEBUG:root:Under real time Point 0.12642288208

DEBUG:root:Under real time Point 0.124846935272

DEBUG:root:Under real time Point 0.131685972214

DEBUG:root:Under real time Point 0.137247085571

DEBUG:root:Under real time Point 0.128722906113

DEBUG:root:Under real time Point 0.164192914963

DEBUG:root:Under real time Point 0.130284070969

DEBUG:root:Under real time Point 0.139283895493

DEBUG:root:Under real time Point 0.133522033691

DEBUG:root:Under real time Point 0.126958847046

DEBUG:root:Under real time Point 0.131889104843

DEBUG:root:Under real time Point 0.132937908173

DEBUG:root:Under real time Point 0.128005027771

DEBUG:root:Under real time Point 0.134818077087

DEBUG:root:Under real time Point 0.13382101059

DEBUG:root:Under real time Point 0.13326716423

DEBUG:root:Too small detection probably wrong
DEBUG:root:Under real time Point 0.0794188976288

DEBUG:root:Under real time Point 0.134637117386

DEBUG:root:Under real time Point 0.12353515625

DEBUG:root:Under real time Point 0.125242948532

DEBUG:root:Under real time Point 0.132769107819

DEBUG:root:Under real time Point 0.134180784225

DEBUG:root:Under real time Point 0.133329868317

DEBUG:root:Under real time Point 0.135237932205

DEBUG:root:Under real time Point 0.131936073303

DEBUG:root:Under real time Point 0.12138915062

DEBUG:root:Under real time Point 0.124756813049

DEBUG:root:Under real time Point 0.124518871307

DEBUG:root:Under real time Point 0.150964975357

DEBUG:root:Under real time Point 0.125664949417

DEBUG:root:Under real time Point 0.125558853149

DEBUG:root:Under real time Point 0.123772859573

DEBUG:root:Under real time Point 0.125963926315

DEBUG:root:Under real time Point 0.125158071518

DEBUG:root:Under real time Point 0.134270191193

DEBUG:root:Under real time Point 0.12775015831

DEBUG:root:Under real time Point 0.131695985794

DEBUG:root:Under real time Point 0.126569986343

DEBUG:root:Under real time Point 0.124161958694

DEBUG:root:Under real time Point 0.127182006836

DEBUG:root:Under real time Point 0.127623796463

DEBUG:root:Under real time Point 0.13952088356

DEBUG:root:Under real time Point 0.132997989655

DEBUG:root:Under real time Point 0.158372879028

DEBUG:root:Under real time Point 0.129017829895

DEBUG:root:Under real time Point 0.126621961594

DEBUG:root:Under real time Point 0.13850903511

DEBUG:root:Under real time Point 0.133916854858

DEBUG:root:Under real time Point 0.141173124313

DEBUG:root:Under real time Point 0.129206180573

DEBUG:root:Under real time Point 0.12971997261

DEBUG:root:Under real time Point 0.139854192734

DEBUG:root:Under real time Point 0.128465890884

DEBUG:root:Under real time Point 0.163460016251

DEBUG:root:Under real time Point 0.127614021301

DEBUG:root:Under real time Point 0.131217002869

DEBUG:root:Under real time Point 0.13220000267

DEBUG:root:Under real time Point 0.125311851501

DEBUG:root:Too small detection probably wrong
DEBUG:root:Under real time Point 0.0796508789062

DEBUG:root:Under real time Point 0.140038013458

DEBUG:root:Under real time Point 0.129296064377

DEBUG:root:Under real time Point 0.130645036697

DEBUG:root:Under real time Point 0.123855113983

DEBUG:root:Under real time Point 0.131739139557

DEBUG:root:Under real time Point 0.133263111115

DEBUG:root:Under real time Point 0.129658937454

DEBUG:root:Under real time Point 0.132083892822

DEBUG:root:Under real time Point 0.13126206398

DEBUG:root:Under real time Point 0.133591175079

DEBUG:root:Under real time Point 0.129591941833

DEBUG:root:Under real time Point 0.135731935501

DEBUG:root:Under real time Point 0.131458997726

DEBUG:root:Under real time Point 0.130700111389

DEBUG:root:Under real time Point 0.125956058502

DEBUG:root:Under real time Point 0.125040054321

DEBUG:root:Under real time Point 0.131901025772

DEBUG:root:Under real time Point 0.135730028152

DEBUG:root:Under real time Point 0.128211021423

DEBUG:root:Under real time Point 0.149641990662

DEBUG:root:Under real time Point 0.127548933029

DEBUG:root:Under real time Point 0.127439022064

DEBUG:root:Under real time Point 0.129878997803

DEBUG:root:Under real time Point 0.132827043533

DEBUG:root:Under real time Point 0.123735904694

DEBUG:root:Under real time Point 0.126426935196

DEBUG:root:Under real time Point 0.131558179855

DEBUG:root:Under real time Point 0.148749828339

DEBUG:root:Under real time Point 0.133445978165

DEBUG:root:Under real time Point 0.134353160858

DEBUG:root:Under real time Point 0.136542797089

DEBUG:root:Under real time Point 0.135452985764

DEBUG:root:Under real time Point 0.138154029846

DEBUG:root:Under real time Point 0.140882968903

DEBUG:root:Under real time Point 0.137191057205

DEBUG:root:Under real time Point 0.127263069153

DEBUG:root:Under real time Point 0.144612073898

DEBUG:root:Under real time Point 0.135468959808

DEBUG:root:Under real time Point 0.134279966354

DEBUG:root:Under real time Point 0.14084815979

DEBUG:root:Under real time Point 0.127936124802

DEBUG:root:Under real time Point 0.126435041428

DEBUG:root:Under real time Point 0.128743171692

DEBUG:root:Under real time Point 0.127593040466

DEBUG:root:Under real time Point 0.130226135254

DEBUG:root:Under real time Point 0.126749038696

DEBUG:root:Under real time Point 0.128412008286

DEBUG:root:Under real time Point 0.132483005524

DEBUG:root:Under real time Point 0.129846096039

DEBUG:root:Under real time Point 0.127602100372

DEBUG:root:Under real time Point 0.122958183289

DEBUG:root:Under real time Point 0.125910997391

DEBUG:root:Under real time Point 0.129774093628

DEBUG:root:Under real time Point 0.133579969406

DEBUG:root:Under real time Point 0.13921880722

DEBUG:root:Under real time Point 0.14160990715

DEBUG:root:Under real time Point 0.15802693367

DEBUG:root:Under real time Point 0.157886981964

DEBUG:root:Under real time Point 0.144248962402

DEBUG:root:Under real time Point 0.134447097778

DEBUG:root:Under real time Point 0.17816400528

DEBUG:root:Under real time Point 0.132016897202

DEBUG:root:Under real time Point 0.126949071884

DEBUG:root:Under real time Point 0.127697944641

DEBUG:root:Under real time Point 0.127928972244

DEBUG:root:Under real time Point 0.126065015793

DEBUG:root:Under real time Point 0.128118991852

DEBUG:root:Under real time Point 0.129275083542

DEBUG:root:Under real time Point 0.124384880066

DEBUG:root:Under real time Point 0.128922939301

DEBUG:root:Under real time Point 0.131679058075

DEBUG:root:Under real time Point 0.128017187119

DEBUG:root:Under real time Point 0.132884025574

DEBUG:root:Under real time Point 0.124597072601

DEBUG:root:Under real time Point 0.132566213608

DEBUG:root:Under real time Point 0.124113082886

DEBUG:root:Under real time Point 0.128065109253

DEBUG:root:Under real time Point 0.13128900528

DEBUG:root:Under real time Point 0.135531902313

DEBUG:root:Under real time Point 0.12659907341

DEBUG:root:Under real time Point 0.122831106186

DEBUG:root:Under real time Point 0.124014139175

DEBUG:root:Under real time Point 0.132599115372

DEBUG:root:Under real time Point 0.127629995346

DEBUG:root:Under real time Point 0.128988027573

DEBUG:root:Under real time Point 0.127444982529

DEBUG:root:Under real time Point 0.127498149872

DEBUG:root:Under real time Point 0.131829023361

DEBUG:root:Under real time Point 0.12792801857

DEBUG:root:Under real time Point 0.134552955627

DEBUG:root:Under real time Point 0.133666038513

DEBUG:root:Under real time Point 0.12509393692

DEBUG:root:Under real time Point 0.139964818954

DEBUG:root:Under real time Point 0.128311157227

DEBUG:root:Under real time Point 0.158470153809

DEBUG:root:Under real time Point 0.132399082184

DEBUG:root:Under real time Point 0.134245157242

DEBUG:root:Under real time Point 0.126949071884

DEBUG:root:Under real time Point 0.126588106155

DEBUG:root:Under real time Point 0.161381959915

DEBUG:root:Under real time Point 0.125921964645

DEBUG:root:Under real time Point 0.139752864838

DEBUG:root:Under real time Point 0.129333972931

DEBUG:root:Under real time Point 0.124965906143

DEBUG:root:Under real time Point 0.13121008873

DEBUG:root:Under real time Point 0.128796815872

DEBUG:root:Under real time Point 0.125864028931

DEBUG:root:Under real time Point 0.128087997437

DEBUG:root:Under real time Point 0.121743917465

DEBUG:root:Under real time Point 0.126658916473

DEBUG:root:Under real time Point 0.132757902145

DEBUG:root:Under real time Point 0.163774013519

DEBUG:root:Under real time Point 0.129528045654

DEBUG:root:Under real time Point 0.126410007477

DEBUG:root:Under real time Point 0.126666069031

DEBUG:root:Under real time Point 0.130893945694

DEBUG:root:Under real time Point 0.127069950104

DEBUG:root:Under real time Point 0.13595199585

DEBUG:root:Under real time Point 0.128088951111

DEBUG:root:Under real time Point 0.130149126053

DEBUG:root:Under real time Point 0.128237009048

DEBUG:root:Under real time Point 0.131231784821

DEBUG:root:Under real time Point 0.130558013916

DEBUG:root:Under real time Point 0.125814914703

DEBUG:root:Under real time Point 0.128837823868

DEBUG:root:Under real time Point 0.119872093201

DEBUG:root:Under real time Point 0.124253988266

DEBUG:root:Under real time Point 0.161741018295

DEBUG:root:Under real time Point 0.130785942078

DEBUG:root:Under real time Point 0.131485939026

DEBUG:root:Under real time Point 0.133327007294

DEBUG:root:Under real time Point 0.123307943344

DEBUG:root:Under real time Point 0.125936985016

DEBUG:root:Under real time Point 0.132161855698

DEBUG:root:Under real time Point 0.133933067322

DEBUG:root:Under real time Point 0.123868942261

DEBUG:root:Under real time Point 0.122581958771

DEBUG:root:Under real time Point 0.125970125198

DEBUG:root:Under real time Point 0.125449180603

DEBUG:root:Under real time Point 0.124464988708

DEBUG:root:Under real time Point 0.121894836426

DEBUG:root:Under real time Point 0.127568006516

DEBUG:root:Under real time Point 0.125668048859

DEBUG:root:Under real time Point 0.128175020218

DEBUG:root:Under real time Point 0.129911184311

DEBUG:root:Under real time Point 0.135823011398

DEBUG:root:Under real time Point 0.120834112167

DEBUG:root:Under real time Point 0.128507137299

DEBUG:root:Under real time Point 0.123923063278

DEBUG:root:Under real time Point 0.124319076538

DEBUG:root:Under real time Point 0.123766899109

DEBUG:root:Under real time Point 0.130574941635

DEBUG:root:Under real time Point 0.124600887299

DEBUG:root:Under real time Point 0.133008956909

DEBUG:root:Under real time Point 0.136054039001

DEBUG:root:Under real time Point 0.134975194931

DEBUG:root:Under real time Point 0.132218837738

DEBUG:root:Under real time Point 0.125952005386

DEBUG:root:Under real time Point 0.126691102982

DEBUG:root:Under real time Point 0.129035949707

DEBUG:root:Under real time Point 0.133771896362

DEBUG:root:Under real time Point 0.123371839523

DEBUG:root:Under real time Point 0.125416994095

DEBUG:root:Under real time Point 0.121640920639

DEBUG:root:Under real time Point 0.12792301178

DEBUG:root:Under real time Point 0.129196166992

DEBUG:root:Under real time Point 0.125585079193

DEBUG:root:Under real time Point 0.128436088562

DEBUG:root:Under real time Point 0.124790906906

DEBUG:root:Under real time Point 0.123426198959

DEBUG:root:Under real time Point 0.12429022789

DEBUG:root:Under real time Point 0.12579703331

DEBUG:root:Under real time Point 0.124731063843

DEBUG:root:Under real time Point 0.164762020111

DEBUG:root:Under real time Point 0.123696088791

DEBUG:root:Under real time Point 0.137949228287

DEBUG:root:Under real time Point 0.122213125229

DEBUG:root:Under real time Point 0.129077196121

DEBUG:root:Under real time Point 0.12667298317

DEBUG:root:Under real time Point 0.133544206619

DEBUG:root:Under real time Point 0.127636909485

DEBUG:root:Under real time Point 0.124661922455

DEBUG:root:Under real time Point 0.123250961304

DEBUG:root:Under real time Point 0.131471157074

DEBUG:root:Under real time Point 0.127466917038

DEBUG:root:Under real time Point 0.122088909149

DEBUG:root:Under real time Point 0.126148939133

DEBUG:root:Under real time Point 0.126835107803

DEBUG:root:Under real time Point 0.129978895187

DEBUG:root:Under real time Point 0.121397018433

DEBUG:root:Under real time Point 0.130009889603

DEBUG:root:Under real time Point 0.121292829514

DEBUG:root:Under real time Point 0.12401008606

DEBUG:root:Under real time Point 0.125733852386

DEBUG:root:Under real time Point 0.120218992233

DEBUG:root:Under real time Point 0.126160144806

DEBUG:root:Under real time Point 0.12450504303

DEBUG:root:Under real time Point 0.124662876129

DEBUG:root:Under real time Point 0.123906135559

DEBUG:root:Under real time Point 0.124447107315

DEBUG:root:Under real time Point 0.125195980072

DEBUG:root:Under real time Point 0.123984098434

DEBUG:root:Under real time Point 0.12419295311

DEBUG:root:Under real time Point 0.125630140305

DEBUG:root:Under real time Point 0.134486913681

DEBUG:root:Under real time Point 0.128648042679

DEBUG:root:Under real time Point 0.128700017929

DEBUG:root:Under real time Point 0.127352952957

DEBUG:root:Under real time Point 0.129508018494

DEBUG:root:Under real time Point 0.132305145264

DEBUG:root:Under real time Point 0.123883008957

DEBUG:root:Under real time Point 0.119686126709

DEBUG:root:Under real time Point 0.12485909462

DEBUG:root:Under real time Point 0.123970985413

DEBUG:root:Under real time Point 0.125675916672

DEBUG:root:Under real time Point 0.121455907822

DEBUG:root:Under real time Point 0.123272895813

DEBUG:root:Under real time Point 0.127126932144

DEBUG:root:Under real time Point 0.119418859482

DEBUG:root:Under real time Point 0.123935937881

DEBUG:root:Under real time Point 0.126461029053

DEBUG:root:Under real time Point 0.123297929764

DEBUG:root:Under real time Point 0.130769968033

DEBUG:root:Under real time Point 0.12654709816

DEBUG:root:Under real time Point 0.132551908493

DEBUG:root:Under real time Point 0.12494802475

DEBUG:root:Under real time Point 0.123697042465

DEBUG:root:Under real time Point 0.127325057983

DEBUG:root:Under real time Point 0.123326063156

DEBUG:root:Under real time Point 0.129713058472

DEBUG:root:Under real time Point 0.135010957718

DEBUG:root:Under real time Point 0.138302087784

DEBUG:root:Under real time Point 0.123600006104

DEBUG:root:Under real time Point 0.127764940262

DEBUG:root:Under real time Point 0.132761955261

DEBUG:root:Under real time Point 0.130445957184

DEBUG:root:Under real time Point 0.129029035568

DEBUG:root:Under real time Point 0.12501502037

DEBUG:root:Under real time Point 0.1266310215

DEBUG:root:Under real time Point 0.12158203125

DEBUG:root:Under real time Point 0.126800060272

DEBUG:root:Under real time Point 0.134053945541

DEBUG:root:Under real time Point 0.123759031296

DEBUG:root:Under real time Point 0.12720990181

DEBUG:root:Under real time Point 0.126428127289

DEBUG:root:Under real time Point 0.12833404541

DEBUG:root:Under real time Point 0.134557008743

DEBUG:root:Under real time Point 0.150871992111

DEBUG:root:Under real time Point 0.13184094429

DEBUG:root:Under real time Point 0.160595178604

DEBUG:root:Under real time Point 0.123095989227

DEBUG:root:Under real time Point 0.127562046051

DEBUG:root:Under real time Point 0.131832122803

DEBUG:root:Under real time Point 0.126042842865

DEBUG:root:Under real time Point 0.133178949356

DEBUG:root:Under real time Point 0.149284124374

DEBUG:root:Under real time Point 0.129388093948

DEBUG:root:Under real time Point 0.120110988617

DEBUG:root:Under real time Point 0.125452041626

DEBUG:root:Under real time Point 0.125277042389

DEBUG:root:Under real time Point 0.125094890594

DEBUG:root:Under real time Point 0.130981206894

DEBUG:root:Under real time Point 0.130680084229

DEBUG:root:Under real time Point 0.129063129425

DEBUG:root:Under real time Point 0.129441976547

DEBUG:root:Under real time Point 0.120614767075

DEBUG:root:Under real time Point 0.127488136292

DEBUG:root:Under real time Point 0.133159160614

DEBUG:root:Under real time Point 0.12922000885

DEBUG:root:Under real time Point 0.130290031433

DEBUG:root:Under real time Point 0.124960899353

DEBUG:root:Under real time Point 0.128930807114

DEBUG:root:Under real time Point 0.125102043152

DEBUG:root:Under real time Point 0.123522043228

DEBUG:root:Under real time Point 0.126199960709

DEBUG:root:Under real time Point 0.123022079468

DEBUG:root:Under real time Point 0.136235952377

DEBUG:root:Under real time Point 0.127161979675

DEBUG:root:Under real time Point 0.125724077225

DEBUG:root:Under real time Point 0.125262022018

DEBUG:root:Under real time Point 0.124151945114

DEBUG:root:Under real time Point 0.126580953598

DEBUG:root:Under real time Point 0.132963895798

DEBUG:root:Under real time Point 0.132871866226

DEBUG:root:Under real time Point 0.121231794357

DEBUG:root:Under real time Point 0.131419897079

DEBUG:root:Under real time Point 0.123044967651

DEBUG:root:Under real time Point 0.125756978989

DEBUG:root:Under real time Point 0.12461400032

DEBUG:root:Under real time Point 0.129323005676

DEBUG:root:Under real time Point 0.135970830917

DEBUG:root:Under real time Point 0.129336118698

DEBUG:root:Under real time Point 0.128703832626

DEBUG:root:Under real time Point 0.126554012299

DEBUG:root:Under real time Point 0.131932020187

DEBUG:root:Under real time Point 0.127384901047

DEBUG:root:Under real time Point 0.137629032135

DEBUG:root:Under real time Point 0.130823850632

DEBUG:root:Under real time Point 0.130382061005

DEBUG:root:Under real time Point 0.131068944931

DEBUG:root:Under real time Point 0.129482984543

DEBUG:root:Under real time Point 0.183049917221

DEBUG:root:Under real time Point 0.129131793976

DEBUG:root:Under real time Point 0.121335983276

DEBUG:root:Under real time Point 0.125829935074

DEBUG:root:Under real time Point 0.123697042465

DEBUG:root:Under real time Point 0.126737117767

DEBUG:root:Under real time Point 0.12041592598

DEBUG:root:Under real time Point 0.134781122208

DEBUG:root:Under real time Point 0.131690979004

DEBUG:root:Under real time Point 0.130086898804

DEBUG:root:Under real time Point 0.130692005157

DEBUG:root:Under real time Point 0.1287150383

DEBUG:root:Under real time Point 0.127060890198

DEBUG:root:Under real time Point 0.129408121109

DEBUG:root:Under real time Point 0.129180908203

DEBUG:root:Under real time Point 0.124011039734

DEBUG:root:Under real time Point 0.121726036072

DEBUG:root:Under real time Point 0.127629995346

DEBUG:root:Under real time Point 0.127614974976

DEBUG:root:Under real time Point 0.134098052979

DEBUG:root:Under real time Point 0.131934165955

DEBUG:root:Under real time Point 0.129024982452

DEBUG:root:Under real time Point 0.124713897705

DEBUG:root:Under real time Point 0.130776882172

DEBUG:root:Under real time Point 0.128479003906

DEBUG:root:Under real time Point 0.127835988998

DEBUG:root:Under real time Point 0.123908042908

DEBUG:root:Under real time Point 0.151002883911

DEBUG:root:Under real time Point 0.126308917999

DEBUG:root:Under real time Point 0.125530958176

DEBUG:root:Under real time Point 0.133086204529

DEBUG:root:Under real time Point 0.128280162811

DEBUG:root:Under real time Point 0.178931951523

DEBUG:root:Under real time Point 0.124518156052

DEBUG:root:Under real time Point 0.151082992554

DEBUG:root:Under real time Point 0.123760938644

DEBUG:root:Under real time Point 0.119526147842

DEBUG:root:Under real time Point 0.123188972473

DEBUG:root:Under real time Point 0.125379085541

DEBUG:root:Under real time Point 0.159358978271

DEBUG:root:Under real time Point 0.128602027893

DEBUG:root:Under real time Point 0.132178068161

DEBUG:root:Under real time Point 0.1248691082

DEBUG:root:Under real time Point 0.131983995438

DEBUG:root:Under real time Point 0.128905057907

DEBUG:root:Under real time Point 0.127910137177

DEBUG:root:Under real time Point 0.130119085312

DEBUG:root:Under real time Point 0.127429008484

DEBUG:root:Under real time Point 0.129019021988

DEBUG:root:Under real time Point 0.126795053482

DEBUG:root:Under real time Point 0.126407146454

DEBUG:root:Under real time Point 0.121496915817

DEBUG:root:Under real time Point 0.128342866898

DEBUG:root:Under real time Point 0.128689050674

DEBUG:root:Under real time Point 0.125966072083

DEBUG:root:Under real time Point 0.124698877335

DEBUG:root:Under real time Point 0.127941131592

DEBUG:root:Under real time Point 0.12725019455

DEBUG:root:Under real time Point 0.127199172974

DEBUG:root:Under real time Point 0.13609290123

DEBUG:root:Under real time Point 0.121886014938

DEBUG:root:Under real time Point 0.135099172592

DEBUG:root:Under real time Point 0.127744913101

DEBUG:root:Under real time Point 0.131268978119

DEBUG:root:Under real time Point 0.122537136078

DEBUG:root:Under real time Point 0.127864837646

DEBUG:root:Under real time Point 0.134277105331

DEBUG:root:Under real time Point 0.128318071365

DEBUG:root:Under real time Point 0.129228115082

DEBUG:root:Under real time Point 0.151491165161

DEBUG:root:Under real time Point 0.12158703804

DEBUG:root:Under real time Point 0.126316070557

DEBUG:root:Under real time Point 0.121973991394

DEBUG:root:Under real time Point 0.119218111038

DEBUG:root:Under real time Point 0.129022121429

DEBUG:root:Under real time Point 0.127436876297

DEBUG:root:Under real time Point 0.130138158798

DEBUG:root:Under real time Point 0.124197006226

DEBUG:root:Under real time Point 0.127106904984

DEBUG:root:Under real time Point 0.126806020737

DEBUG:root:Under real time Point 0.122909069061

DEBUG:root:Under real time Point 0.123689174652

DEBUG:root:Under real time Point 0.1305809021

DEBUG:root:Under real time Point 0.12523317337

DEBUG:root:Under real time Point 0.12380194664

DEBUG:root:Under real time Point 0.127921819687

DEBUG:root:Under real time Point 0.12696313858

DEBUG:root:Under real time Point 0.125384092331

DEBUG:root:Under real time Point 0.124625921249

