DEBUG:root:Under real time Point counter:1.81198120117e-05

DEBUG:root:Real time1487474197.59

DEBUG:root:Real time1487474197.79

DEBUG:root:Real time1487474197.99

DEBUG:root:Real time1487474198.19

DEBUG:root:Real time1487474198.39

DEBUG:root:Real time1487474198.59

DEBUG:root:Real time1487474198.79

DEBUG:root:Real time1487474198.99

DEBUG:root:Real time1487474199.19

DEBUG:root:Real time1487474199.39

DEBUG:root:Real time1487474199.6

DEBUG:root:Real time1487474199.8

DEBUG:root:Real time1487474200.0

DEBUG:root:Real time1487474200.2

DEBUG:root:Real time1487474200.4

DEBUG:root:Real time1487474200.6

DEBUG:root:Real time1487474200.8

DEBUG:root:Real time1487474201.0

DEBUG:root:Real time1487474201.2

DEBUG:root:Real time1487474201.4

DEBUG:root:Real time1487474201.6

DEBUG:root:Real time1487474201.8

DEBUG:root:Real time1487474202.0

DEBUG:root:Real time1487474202.2

DEBUG:root:Real time1487474202.4

DEBUG:root:Real time1487474202.61

DEBUG:root:Real time1487474202.81

DEBUG:root:Real time1487474203.01

DEBUG:root:Real time1487474203.21

DEBUG:root:Real time1487474203.41

DEBUG:root:Real time1487474203.61

DEBUG:root:Real time1487474203.81

DEBUG:root:Real time1487474204.01

DEBUG:root:Real time1487474204.21

DEBUG:root:Real time1487474204.41

DEBUG:root:Real time1487474204.61

DEBUG:root:Real time1487474204.81

DEBUG:root:Real time1487474205.01

DEBUG:root:Real time1487474205.21

DEBUG:root:Real time1487474205.42

DEBUG:root:Real time1487474205.62

DEBUG:root:Real time1487474205.82

DEBUG:root:Real time1487474206.02

DEBUG:root:Real time1487474206.22

DEBUG:root:Real time1487474206.42

DEBUG:root:Real time1487474206.62

DEBUG:root:Real time1487474206.82

DEBUG:root:Real time1487474207.02

DEBUG:root:Real time1487474207.22

DEBUG:root:Too small detection probably wrong
DEBUG:root:Real time1487474207.42

DEBUG:root:Real time1487474207.62

DEBUG:root:Real time1487474207.82

DEBUG:root:Real time1487474208.02

DEBUG:root:Real time1487474208.23

DEBUG:root:Real time1487474208.43

DEBUG:root:Real time1487474208.63

DEBUG:root:Real time1487474208.83

DEBUG:root:Real time1487474209.03

DEBUG:root:Real time1487474209.23

DEBUG:root:Real time1487474209.43

DEBUG:root:Real time1487474209.63

DEBUG:root:Real time1487474209.83

DEBUG:root:Real time1487474210.03

DEBUG:root:Real time1487474210.23

DEBUG:root:Real time1487474210.43

DEBUG:root:Real time1487474210.64

DEBUG:root:Real time1487474210.84

DEBUG:root:Real time1487474211.04

DEBUG:root:Real time1487474211.24

DEBUG:root:Real time1487474211.44

DEBUG:root:Real time1487474211.64

DEBUG:root:Real time1487474211.84

DEBUG:root:Real time1487474212.04

DEBUG:root:Real time1487474212.24

DEBUG:root:Real time1487474212.44

DEBUG:root:Real time1487474212.64

DEBUG:root:Too small detection probably wrong
DEBUG:root:Real time1487474212.85

DEBUG:root:Real time1487474213.05

DEBUG:root:Too small detection probably wrong
DEBUG:root:Real time1487474213.25

DEBUG:root:Real time1487474213.45

DEBUG:root:Real time1487474213.65

DEBUG:root:Real time1487474213.85

DEBUG:root:Real time1487474214.05

DEBUG:root:Nonetype
DEBUG:root:Real time1487474214.25

DEBUG:root:Too small detection probably wrong
DEBUG:root:Real time1487474214.45

DEBUG:root:Real time1487474214.65

DEBUG:root:Real time1487474214.86

DEBUG:root:Real time1487474215.06

DEBUG:root:Real time1487474215.26

DEBUG:root:Real time1487474215.46

DEBUG:root:Real time1487474215.66

DEBUG:root:Real time1487474215.86

DEBUG:root:Real time1487474216.06

DEBUG:root:Real time1487474216.26

DEBUG:root:Real time1487474216.46

DEBUG:root:Real time1487474216.66

DEBUG:root:Real time1487474216.86

DEBUG:root:Real time1487474217.06

DEBUG:root:Real time1487474217.26

DEBUG:root:Real time1487474217.46

DEBUG:root:Real time1487474217.67

DEBUG:root:Real time1487474217.87

DEBUG:root:Real time1487474218.07

DEBUG:root:Real time1487474218.27

DEBUG:root:Real time1487474218.47

DEBUG:root:Real time1487474218.67

DEBUG:root:Real time1487474218.87

DEBUG:root:Real time1487474219.07

DEBUG:root:Real time1487474219.27

DEBUG:root:Real time1487474219.47

DEBUG:root:Real time1487474219.68

DEBUG:root:Real time1487474219.88

DEBUG:root:Real time1487474220.08

DEBUG:root:Real time1487474220.28

DEBUG:root:Real time1487474220.49

DEBUG:root:Real time1487474220.69

DEBUG:root:Real time1487474220.89

DEBUG:root:Real time1487474221.09

DEBUG:root:Real time1487474221.29

DEBUG:root:Real time1487474221.49

DEBUG:root:Real time1487474221.69

DEBUG:root:Real time1487474221.9

DEBUG:root:Real time1487474222.1

DEBUG:root:Real time1487474222.3

DEBUG:root:Real time1487474222.5

DEBUG:root:Real time1487474222.7

DEBUG:root:Real time1487474222.9

DEBUG:root:Real time1487474223.1

DEBUG:root:Real time1487474223.3

DEBUG:root:Real time1487474223.5

DEBUG:root:Real time1487474223.7

DEBUG:root:Real time1487474223.9

DEBUG:root:Real time1487474224.11

DEBUG:root:Real time1487474224.31

DEBUG:root:Real time1487474224.51

DEBUG:root:Real time1487474224.71

DEBUG:root:Real time1487474224.91

DEBUG:root:Real time1487474225.11

DEBUG:root:Real time1487474225.31

DEBUG:root:Real time1487474225.51

DEBUG:root:Real time1487474225.71

DEBUG:root:Too small detection probably wrong
DEBUG:root:Real time1487474225.91

DEBUG:root:Real time1487474226.11

DEBUG:root:Real time1487474226.31

DEBUG:root:Real time1487474226.52

DEBUG:root:Real time1487474226.72

DEBUG:root:Real time1487474226.92

DEBUG:root:Real time1487474227.12

DEBUG:root:Real time1487474227.32

DEBUG:root:Real time1487474227.52

DEBUG:root:Real time1487474227.72

DEBUG:root:Real time1487474227.92

DEBUG:root:Real time1487474228.12

DEBUG:root:Real time1487474228.32

DEBUG:root:Real time1487474228.52

DEBUG:root:Real time1487474228.73

DEBUG:root:Real time1487474228.93

DEBUG:root:Real time1487474229.13

DEBUG:root:Real time1487474229.33

DEBUG:root:Real time1487474229.53

DEBUG:root:Real time1487474229.73

DEBUG:root:Real time1487474229.93

DEBUG:root:Real time1487474230.13

DEBUG:root:Real time1487474230.33

DEBUG:root:Real time1487474230.53

DEBUG:root:Real time1487474230.73

DEBUG:root:Real time1487474230.94

DEBUG:root:Real time1487474231.14

DEBUG:root:Real time1487474231.34

DEBUG:root:Real time1487474231.54

DEBUG:root:Real time1487474231.74

DEBUG:root:Real time1487474231.94

DEBUG:root:Real time1487474232.14

DEBUG:root:Real time1487474232.34

DEBUG:root:Real time1487474232.54

DEBUG:root:Real time1487474232.74

DEBUG:root:Real time1487474232.94

DEBUG:root:Real time1487474233.14

DEBUG:root:Real time1487474233.34

DEBUG:root:Real time1487474233.54

DEBUG:root:Real time1487474233.74

DEBUG:root:Real time1487474233.94

DEBUG:root:Real time1487474234.14

DEBUG:root:Real time1487474234.35

DEBUG:root:Real time1487474234.55

DEBUG:root:Real time1487474234.75

DEBUG:root:Real time1487474234.95

DEBUG:root:Real time1487474235.15

DEBUG:root:Too small detection probably wrong
DEBUG:root:Real time1487474235.35

DEBUG:root:Real time1487474235.55

DEBUG:root:Real time1487474235.75

DEBUG:root:Too small detection probably wrong
DEBUG:root:Real time1487474235.95

DEBUG:root:Too small detection probably wrong
DEBUG:root:Real time1487474236.16

DEBUG:root:Real time1487474236.36

DEBUG:root:Real time1487474236.56

DEBUG:root:Real time1487474236.76

DEBUG:root:Real time1487474236.96

DEBUG:root:Real time1487474237.16

DEBUG:root:Real time1487474237.36

DEBUG:root:Real time1487474237.56

DEBUG:root:Real time1487474237.76

DEBUG:root:Real time1487474237.96

DEBUG:root:Real time1487474238.16

DEBUG:root:Real time1487474238.36

DEBUG:root:Real time1487474238.56

DEBUG:root:Real time1487474238.76

DEBUG:root:Real time1487474238.96

DEBUG:root:Real time1487474239.17

DEBUG:root:Real time1487474239.37

DEBUG:root:Real time1487474239.57

DEBUG:root:Real time1487474239.77

DEBUG:root:Real time1487474239.97

DEBUG:root:Real time1487474240.18

DEBUG:root:Real time1487474240.38

DEBUG:root:Real time1487474240.58

DEBUG:root:Too small detection probably wrong
DEBUG:root:Real time1487474240.78

DEBUG:root:Real time1487474241.0

DEBUG:root:Real time1487474241.2

DEBUG:root:Real time1487474241.4

DEBUG:root:Real time1487474241.61

DEBUG:root:Too small detection probably wrong
DEBUG:root:Real time1487474241.81

DEBUG:root:Real time1487474242.01

DEBUG:root:Real time1487474242.21

DEBUG:root:Real time1487474242.41

DEBUG:root:Real time1487474242.61

DEBUG:root:Real time1487474242.81

DEBUG:root:Real time1487474243.01

DEBUG:root:Real time1487474243.21

DEBUG:root:Real time1487474243.41

DEBUG:root:Too small detection probably wrong
DEBUG:root:Real time1487474243.61

DEBUG:root:Too small detection probably wrong
DEBUG:root:Real time1487474243.81

DEBUG:root:Too small detection probably wrong
DEBUG:root:Real time1487474244.01

DEBUG:root:Real time1487474244.22

DEBUG:root:Real time1487474244.42

DEBUG:root:Real time1487474244.62

DEBUG:root:Real time1487474244.82

DEBUG:root:Real time1487474245.02

DEBUG:root:Real time1487474245.22

DEBUG:root:Real time1487474245.42

DEBUG:root:Real time1487474245.62

DEBUG:root:Real time1487474245.82

DEBUG:root:Real time1487474246.02

DEBUG:root:Too small detection probably wrong
DEBUG:root:Real time1487474246.23

DEBUG:root:Real time1487474246.43

DEBUG:root:Real time1487474246.63

DEBUG:root:Real time1487474246.83

DEBUG:root:Real time1487474247.03

DEBUG:root:Real time1487474247.23

DEBUG:root:Real time1487474247.43

DEBUG:root:Real time1487474247.63

DEBUG:root:Real time1487474247.83

DEBUG:root:Real time1487474248.03

DEBUG:root:Real time1487474248.23

DEBUG:root:Real time1487474248.43

DEBUG:root:Real time1487474248.63

DEBUG:root:Real time1487474248.83

DEBUG:root:Real time1487474249.03

DEBUG:root:Real time1487474249.23

DEBUG:root:Real time1487474249.44

DEBUG:root:Real time1487474249.64

DEBUG:root:Real time1487474249.84

DEBUG:root:Real time1487474250.04

DEBUG:root:Real time1487474250.24

DEBUG:root:Real time1487474250.44

DEBUG:root:Real time1487474250.64

DEBUG:root:Real time1487474250.84

DEBUG:root:Real time1487474251.05

DEBUG:root:Real time1487474251.25

DEBUG:root:Real time1487474251.45

DEBUG:root:Real time1487474251.66

DEBUG:root:Real time1487474251.86

DEBUG:root:Real time1487474252.06

DEBUG:root:Real time1487474252.26

DEBUG:root:Real time1487474252.46

DEBUG:root:Real time1487474252.66

DEBUG:root:Real time1487474252.86

DEBUG:root:Real time1487474253.06

DEBUG:root:Real time1487474253.26

DEBUG:root:Real time1487474253.46

DEBUG:root:Real time1487474253.66

DEBUG:root:Real time1487474253.86

DEBUG:root:Real time1487474254.06

DEBUG:root:Real time1487474254.27

DEBUG:root:Real time1487474254.47

DEBUG:root:Real time1487474254.67

DEBUG:root:Real time1487474254.87

DEBUG:root:Real time1487474255.07

DEBUG:root:Real time1487474255.27

DEBUG:root:Real time1487474255.47

DEBUG:root:Real time1487474255.67

DEBUG:root:Real time1487474255.87

DEBUG:root:Real time1487474256.08

DEBUG:root:Real time1487474256.28

DEBUG:root:Real time1487474256.48

DEBUG:root:Real time1487474256.68

DEBUG:root:Real time1487474256.88

DEBUG:root:Real time1487474257.08

DEBUG:root:Real time1487474257.28

DEBUG:root:Real time1487474257.48

DEBUG:root:Real time1487474257.68

DEBUG:root:Real time1487474257.89

DEBUG:root:Real time1487474258.09

DEBUG:root:Real time1487474258.29

DEBUG:root:Real time1487474258.49

DEBUG:root:Real time1487474258.69

DEBUG:root:Real time1487474258.89

DEBUG:root:Real time1487474259.09

DEBUG:root:Real time1487474259.29

DEBUG:root:Real time1487474259.49

DEBUG:root:Real time1487474259.69

DEBUG:root:Real time1487474259.89

DEBUG:root:Real time1487474260.09

DEBUG:root:Real time1487474260.29

DEBUG:root:Real time1487474260.49

DEBUG:root:Real time1487474260.69

DEBUG:root:Real time1487474260.9

DEBUG:root:Real time1487474261.11

DEBUG:root:Real time1487474261.31

DEBUG:root:Real time1487474261.51

DEBUG:root:Real time1487474261.71

DEBUG:root:Real time1487474261.91

DEBUG:root:Real time1487474262.11

DEBUG:root:Real time1487474262.31

DEBUG:root:Real time1487474262.51

DEBUG:root:Real time1487474262.71

DEBUG:root:Real time1487474262.91

DEBUG:root:Real time1487474263.12

DEBUG:root:Real time1487474263.32

DEBUG:root:Real time1487474263.52

DEBUG:root:Real time1487474263.72

DEBUG:root:Real time1487474263.92

DEBUG:root:Real time1487474264.12

DEBUG:root:Real time1487474264.32

DEBUG:root:Real time1487474264.52

DEBUG:root:Real time1487474264.72

DEBUG:root:Real time1487474264.92

DEBUG:root:Real time1487474265.12

DEBUG:root:Real time1487474265.32

DEBUG:root:Real time1487474265.52

DEBUG:root:Real time1487474265.72

DEBUG:root:Real time1487474265.92

DEBUG:root:Real time1487474266.13

DEBUG:root:Real time1487474266.33

DEBUG:root:Real time1487474266.53

DEBUG:root:Real time1487474266.73

DEBUG:root:Real time1487474266.93

DEBUG:root:Real time1487474267.13

DEBUG:root:Real time1487474267.33

DEBUG:root:Real time1487474267.53

DEBUG:root:Real time1487474267.73

DEBUG:root:Real time1487474267.93

DEBUG:root:Real time1487474268.13

DEBUG:root:Real time1487474268.33

DEBUG:root:Real time1487474268.53

DEBUG:root:Real time1487474268.73

DEBUG:root:Real time1487474268.94

DEBUG:root:Real time1487474269.14

DEBUG:root:Real time1487474269.34

DEBUG:root:Real time1487474269.54

DEBUG:root:Real time1487474269.74

DEBUG:root:Real time1487474269.94

DEBUG:root:Real time1487474270.14

DEBUG:root:Real time1487474270.34

DEBUG:root:Real time1487474270.54

DEBUG:root:Real time1487474270.74

DEBUG:root:Real time1487474270.94

DEBUG:root:Real time1487474271.14

DEBUG:root:Real time1487474271.34

DEBUG:root:Real time1487474271.54

DEBUG:root:Real time1487474271.74

DEBUG:root:Real time1487474271.94

DEBUG:root:Real time1487474272.14

DEBUG:root:Real time1487474272.35

DEBUG:root:Real time1487474272.55

DEBUG:root:Real time1487474272.75

DEBUG:root:Real time1487474272.95

DEBUG:root:Real time1487474273.15

DEBUG:root:Real time1487474273.35

DEBUG:root:Real time1487474273.55

DEBUG:root:Real time1487474273.75

DEBUG:root:Real time1487474273.95

DEBUG:root:Real time1487474274.15

DEBUG:root:Real time1487474274.36

DEBUG:root:Real time1487474274.56

DEBUG:root:Real time1487474274.76

DEBUG:root:Real time1487474274.96

DEBUG:root:Real time1487474275.16

DEBUG:root:Real time1487474275.36

DEBUG:root:Real time1487474275.56

DEBUG:root:Real time1487474275.76

DEBUG:root:Real time1487474275.96

DEBUG:root:Real time1487474276.16

DEBUG:root:Real time1487474276.36

DEBUG:root:Real time1487474276.56

DEBUG:root:Real time1487474276.76

DEBUG:root:Real time1487474276.96

DEBUG:root:Real time1487474277.17

DEBUG:root:Real time1487474277.37

DEBUG:root:Real time1487474277.57

DEBUG:root:Real time1487474277.77

DEBUG:root:Real time1487474277.97

DEBUG:root:Real time1487474278.17

DEBUG:root:Real time1487474278.37

DEBUG:root:Real time1487474278.57

DEBUG:root:Too small detection probably wrong
DEBUG:root:Real time1487474278.77

DEBUG:root:Real time1487474278.97

DEBUG:root:Real time1487474279.17

DEBUG:root:Real time1487474279.37

DEBUG:root:Real time1487474279.57

DEBUG:root:Real time1487474279.77

DEBUG:root:Real time1487474279.97

DEBUG:root:Real time1487474280.17

DEBUG:root:Real time1487474280.38

DEBUG:root:Real time1487474280.58

DEBUG:root:Real time1487474280.78

DEBUG:root:Real time1487474280.98

DEBUG:root:Real time1487474281.18

DEBUG:root:Real time1487474281.38

DEBUG:root:Real time1487474281.58

DEBUG:root:Real time1487474281.78

DEBUG:root:Real time1487474281.98

DEBUG:root:Real time1487474282.18

DEBUG:root:Real time1487474282.39

DEBUG:root:Real time1487474282.59

DEBUG:root:Real time1487474282.79

DEBUG:root:Real time1487474282.99

DEBUG:root:Real time1487474283.19

DEBUG:root:Real time1487474283.39

DEBUG:root:Real time1487474283.59

DEBUG:root:Real time1487474283.79

DEBUG:root:Real time1487474283.99

DEBUG:root:Real time1487474284.19

DEBUG:root:Real time1487474284.39

DEBUG:root:Real time1487474284.59

DEBUG:root:Real time1487474284.79

DEBUG:root:Real time1487474284.99

DEBUG:root:Real time1487474285.19

DEBUG:root:Real time1487474285.39

DEBUG:root:Real time1487474285.59

DEBUG:root:Real time1487474285.8

DEBUG:root:Real time1487474286.0

DEBUG:root:Real time1487474286.2

DEBUG:root:Real time1487474286.4

DEBUG:root:Real time1487474286.6

DEBUG:root:Real time1487474286.8

DEBUG:root:Real time1487474287.0

DEBUG:root:Real time1487474287.2

DEBUG:root:Real time1487474287.4

DEBUG:root:Real time1487474287.6

DEBUG:root:Real time1487474287.8

DEBUG:root:Real time1487474288.0

DEBUG:root:Real time1487474288.2

DEBUG:root:Real time1487474288.4

DEBUG:root:Real time1487474288.61

DEBUG:root:Real time1487474288.81

DEBUG:root:Real time1487474289.01

DEBUG:root:Real time1487474289.21

DEBUG:root:Real time1487474289.41

DEBUG:root:Real time1487474289.61

DEBUG:root:Real time1487474289.81

DEBUG:root:Real time1487474290.01

DEBUG:root:Real time1487474290.21

DEBUG:root:Real time1487474290.41

DEBUG:root:Real time1487474290.61

DEBUG:root:Real time1487474290.81

DEBUG:root:Real time1487474291.01

DEBUG:root:Real time1487474291.21

DEBUG:root:Real time1487474291.41

DEBUG:root:Real time1487474291.61

DEBUG:root:Real time1487474291.82

DEBUG:root:Real time1487474292.02

DEBUG:root:Real time1487474292.22

DEBUG:root:Real time1487474292.42

DEBUG:root:Real time1487474292.62

DEBUG:root:Real time1487474292.82

DEBUG:root:Real time1487474293.02

DEBUG:root:Real time1487474293.22

DEBUG:root:Real time1487474293.42

DEBUG:root:Real time1487474293.62

DEBUG:root:Real time1487474293.82

DEBUG:root:Real time1487474294.02

DEBUG:root:Real time1487474294.22

DEBUG:root:Real time1487474294.42

DEBUG:root:Real time1487474294.63

DEBUG:root:Real time1487474294.83

DEBUG:root:Real time1487474295.03

DEBUG:root:Real time1487474295.23

DEBUG:root:Real time1487474295.43

DEBUG:root:Real time1487474295.63

DEBUG:root:Real time1487474295.83

DEBUG:root:Real time1487474296.03

DEBUG:root:Real time1487474296.23

DEBUG:root:Real time1487474296.43

DEBUG:root:Real time1487474296.63

DEBUG:root:Real time1487474296.83

DEBUG:root:Real time1487474297.03

DEBUG:root:Real time1487474297.23

DEBUG:root:Real time1487474297.44

DEBUG:root:Real time1487474297.64

DEBUG:root:Real time1487474297.84

DEBUG:root:Real time1487474298.04

DEBUG:root:Real time1487474298.24

DEBUG:root:Real time1487474298.44

DEBUG:root:Real time1487474298.64

DEBUG:root:Real time1487474298.84

DEBUG:root:Real time1487474299.04

DEBUG:root:Real time1487474299.24

DEBUG:root:Real time1487474299.44

DEBUG:root:Real time1487474299.64

DEBUG:root:Real time1487474299.84

DEBUG:root:Real time1487474300.04

DEBUG:root:Real time1487474300.24

DEBUG:root:Real time1487474300.44

DEBUG:root:Real time1487474300.65

DEBUG:root:Real time1487474300.85

DEBUG:root:Real time1487474301.05

DEBUG:root:Real time1487474301.25

DEBUG:root:Real time1487474301.45

DEBUG:root:Real time1487474301.65

DEBUG:root:Real time1487474301.85

DEBUG:root:Real time1487474302.05

DEBUG:root:Real time1487474302.25

DEBUG:root:Real time1487474302.45

DEBUG:root:Real time1487474302.65

DEBUG:root:Real time1487474302.85

DEBUG:root:Real time1487474303.05

DEBUG:root:Real time1487474303.25

DEBUG:root:Real time1487474303.45

DEBUG:root:Real time1487474303.66

DEBUG:root:Real time1487474303.86

DEBUG:root:Real time1487474304.06

DEBUG:root:Real time1487474304.26

DEBUG:root:Real time1487474304.46

DEBUG:root:Real time1487474304.66

DEBUG:root:Real time1487474304.86

DEBUG:root:Real time1487474305.06

DEBUG:root:Real time1487474305.26

DEBUG:root:Real time1487474305.46

DEBUG:root:Too small detection probably wrong
DEBUG:root:Real time1487474305.66

DEBUG:root:Too small detection probably wrong
DEBUG:root:Real time1487474305.86

DEBUG:root:Too small detection probably wrong
DEBUG:root:Real time1487474306.06

DEBUG:root:Too small detection probably wrong
DEBUG:root:Real time1487474306.26

DEBUG:root:Real time1487474306.47

DEBUG:root:Too small detection probably wrong
DEBUG:root:Real time1487474306.67

DEBUG:root:Too small detection probably wrong
DEBUG:root:Real time1487474306.87

DEBUG:root:Too small detection probably wrong
DEBUG:root:Real time1487474307.07

DEBUG:root:Too small detection probably wrong
DEBUG:root:Real time1487474307.27

DEBUG:root:Too small detection probably wrong
DEBUG:root:Real time1487474307.47

DEBUG:root:Too small detection probably wrong
DEBUG:root:Real time1487474307.67

DEBUG:root:Too small detection probably wrong
DEBUG:root:Real time1487474307.87

DEBUG:root:Real time1487474308.07

DEBUG:root:Real time1487474308.27

DEBUG:root:Real time1487474308.47

DEBUG:root:Real time1487474308.67

DEBUG:root:Too small detection probably wrong
DEBUG:root:Real time1487474308.88

DEBUG:root:Real time1487474309.08

DEBUG:root:Real time1487474309.28

DEBUG:root:Real time1487474309.48

DEBUG:root:Real time1487474309.68

DEBUG:root:Real time1487474309.88

DEBUG:root:Real time1487474310.08

DEBUG:root:Real time1487474310.28

DEBUG:root:Real time1487474310.48

DEBUG:root:Real time1487474310.68

DEBUG:root:Real time1487474310.89

DEBUG:root:Real time1487474311.09

DEBUG:root:Real time1487474311.29

DEBUG:root:Real time1487474311.49

DEBUG:root:Real time1487474311.69

DEBUG:root:Real time1487474311.89

DEBUG:root:Real time1487474312.09

DEBUG:root:Real time1487474312.29

DEBUG:root:Real time1487474312.49

DEBUG:root:Real time1487474312.69

DEBUG:root:Real time1487474312.89

DEBUG:root:Real time1487474313.1

DEBUG:root:Real time1487474313.3

DEBUG:root:Real time1487474313.5

DEBUG:root:Real time1487474313.7

DEBUG:root:Real time1487474313.9

DEBUG:root:Real time1487474314.1

DEBUG:root:Real time1487474314.3

DEBUG:root:Real time1487474314.5

DEBUG:root:Real time1487474314.7

DEBUG:root:Real time1487474314.9

DEBUG:root:Real time1487474315.1

DEBUG:root:Real time1487474315.3

DEBUG:root:Real time1487474315.5

DEBUG:root:Real time1487474315.7

DEBUG:root:Real time1487474315.9

DEBUG:root:Real time1487474316.1

DEBUG:root:Real time1487474316.3

DEBUG:root:Real time1487474316.51

DEBUG:root:Real time1487474316.71

DEBUG:root:Real time1487474316.91

DEBUG:root:Real time1487474317.11

DEBUG:root:Real time1487474317.31

DEBUG:root:Real time1487474317.51

DEBUG:root:Real time1487474317.71

DEBUG:root:Real time1487474317.91

DEBUG:root:Real time1487474318.11

DEBUG:root:Real time1487474318.31

DEBUG:root:Real time1487474318.51

DEBUG:root:Real time1487474318.71

DEBUG:root:Real time1487474318.91

DEBUG:root:Real time1487474319.11

DEBUG:root:Real time1487474319.31

DEBUG:root:Real time1487474319.52

DEBUG:root:Real time1487474319.72

DEBUG:root:Real time1487474319.92

DEBUG:root:Real time1487474320.12

DEBUG:root:Real time1487474320.32

DEBUG:root:Real time1487474320.52

DEBUG:root:Real time1487474320.72

DEBUG:root:Real time1487474320.92

DEBUG:root:Real time1487474321.12

DEBUG:root:Real time1487474321.32

DEBUG:root:Real time1487474321.52

DEBUG:root:Real time1487474321.72

DEBUG:root:Real time1487474321.92

DEBUG:root:Real time1487474322.12

DEBUG:root:Real time1487474322.33

DEBUG:root:Real time1487474322.53

DEBUG:root:Real time1487474322.73

DEBUG:root:Real time1487474322.93

DEBUG:root:Real time1487474323.13

DEBUG:root:Too small detection probably wrong
DEBUG:root:Real time1487474323.33

DEBUG:root:Real time1487474323.53

DEBUG:root:Real time1487474323.73

DEBUG:root:Real time1487474323.93

DEBUG:root:Real time1487474324.13

DEBUG:root:Real time1487474324.33

DEBUG:root:Real time1487474324.53

DEBUG:root:Real time1487474324.73

DEBUG:root:Real time1487474324.93

DEBUG:root:Real time1487474325.14

DEBUG:root:Real time1487474325.34

DEBUG:root:Real time1487474325.54

DEBUG:root:Real time1487474325.74

DEBUG:root:Real time1487474325.94

DEBUG:root:Real time1487474326.14

DEBUG:root:Real time1487474326.34

DEBUG:root:Real time1487474326.54

DEBUG:root:Real time1487474326.74

DEBUG:root:Real time1487474326.94

DEBUG:root:Real time1487474327.14

DEBUG:root:Real time1487474327.34

DEBUG:root:Real time1487474327.54

DEBUG:root:Real time1487474327.75

DEBUG:root:Real time1487474327.95

DEBUG:root:Real time1487474328.15

DEBUG:root:Real time1487474328.35

DEBUG:root:Real time1487474328.55

DEBUG:root:Real time1487474328.75

DEBUG:root:Real time1487474328.95

DEBUG:root:Real time1487474329.15

DEBUG:root:Real time1487474329.35

DEBUG:root:Real time1487474329.55

DEBUG:root:Real time1487474329.75

DEBUG:root:Real time1487474329.96

DEBUG:root:Real time1487474330.16

DEBUG:root:Too small detection probably wrong
DEBUG:root:Real time1487474330.36

DEBUG:root:Real time1487474330.56

DEBUG:root:Too small detection probably wrong
DEBUG:root:Real time1487474330.76

DEBUG:root:Too small detection probably wrong
DEBUG:root:Real time1487474330.96

DEBUG:root:Real time1487474331.16

DEBUG:root:Real time1487474331.36

DEBUG:root:Real time1487474331.56

DEBUG:root:Real time1487474331.76

DEBUG:root:Real time1487474331.97

DEBUG:root:Real time1487474332.17

DEBUG:root:Real time1487474332.37

DEBUG:root:Real time1487474332.57

DEBUG:root:Real time1487474332.77

DEBUG:root:Real time1487474332.97

DEBUG:root:Real time1487474333.17

DEBUG:root:Real time1487474333.37

DEBUG:root:Real time1487474333.57

DEBUG:root:Real time1487474333.77

DEBUG:root:Real time1487474333.97

DEBUG:root:Real time1487474334.17

DEBUG:root:Real time1487474334.37

DEBUG:root:Real time1487474334.57

DEBUG:root:Real time1487474334.78

DEBUG:root:Real time1487474334.98

DEBUG:root:Real time1487474335.18

DEBUG:root:Real time1487474335.38

DEBUG:root:Real time1487474335.58

DEBUG:root:Real time1487474335.78

DEBUG:root:Real time1487474335.98

DEBUG:root:Real time1487474336.18

DEBUG:root:Real time1487474336.38

DEBUG:root:Real time1487474336.59

DEBUG:root:Real time1487474336.79

DEBUG:root:Real time1487474336.99

DEBUG:root:Real time1487474337.19

DEBUG:root:Real time1487474337.39

DEBUG:root:Real time1487474337.59

DEBUG:root:Real time1487474337.79

DEBUG:root:Real time1487474337.99

DEBUG:root:Real time1487474338.19

DEBUG:root:Real time1487474338.39

DEBUG:root:Real time1487474338.59

DEBUG:root:Real time1487474338.79

DEBUG:root:Real time1487474339.0

DEBUG:root:Real time1487474339.2

DEBUG:root:Real time1487474339.4

DEBUG:root:Real time1487474339.6

DEBUG:root:Real time1487474339.8

DEBUG:root:Real time1487474340.0

DEBUG:root:Real time1487474340.2

DEBUG:root:Real time1487474340.4

DEBUG:root:Real time1487474340.6

DEBUG:root:Real time1487474340.8

DEBUG:root:Real time1487474341.0

DEBUG:root:Real time1487474341.21

DEBUG:root:Real time1487474341.41

DEBUG:root:Real time1487474341.61

DEBUG:root:Too small detection probably wrong
DEBUG:root:Real time1487474341.81

DEBUG:root:Real time1487474342.01

DEBUG:root:Real time1487474342.23

DEBUG:root:Real time1487474342.43

DEBUG:root:Too small detection probably wrong
DEBUG:root:Real time1487474342.63

DEBUG:root:Real time1487474342.83

DEBUG:root:Real time1487474343.03

DEBUG:root:Real time1487474343.24

DEBUG:root:Real time1487474343.44

DEBUG:root:Real time1487474343.64

DEBUG:root:Real time1487474343.84

DEBUG:root:Real time1487474344.04

DEBUG:root:Real time1487474344.24

DEBUG:root:Real time1487474344.44

DEBUG:root:Real time1487474344.64

DEBUG:root:Real time1487474344.84

DEBUG:root:Real time1487474345.05

DEBUG:root:Too small detection probably wrong
DEBUG:root:Real time1487474345.25

DEBUG:root:Real time1487474345.45

DEBUG:root:Real time1487474345.65

DEBUG:root:Too small detection probably wrong
DEBUG:root:Real time1487474345.85

DEBUG:root:Real time1487474346.05

DEBUG:root:Real time1487474346.25

DEBUG:root:Real time1487474346.45

DEBUG:root:Real time1487474346.65

DEBUG:root:Real time1487474346.85

DEBUG:root:Real time1487474347.06

DEBUG:root:Real time1487474347.26

DEBUG:root:Real time1487474347.46

DEBUG:root:Real time1487474347.66

DEBUG:root:Real time1487474347.86

DEBUG:root:Real time1487474348.06

DEBUG:root:Real time1487474348.26

DEBUG:root:Real time1487474348.46

DEBUG:root:Real time1487474348.66

DEBUG:root:Real time1487474348.86

DEBUG:root:Real time1487474349.06

DEBUG:root:Real time1487474349.26

DEBUG:root:Real time1487474349.47

DEBUG:root:Too small detection probably wrong
DEBUG:root:Real time1487474349.67

DEBUG:root:Real time1487474349.87

DEBUG:root:Real time1487474350.07

DEBUG:root:Real time1487474350.27

DEBUG:root:Real time1487474350.47

DEBUG:root:Real time1487474350.67

DEBUG:root:Real time1487474350.87

DEBUG:root:Real time1487474351.07

DEBUG:root:Real time1487474351.27

DEBUG:root:Real time1487474351.47

DEBUG:root:Real time1487474351.67

DEBUG:root:Real time1487474351.87

DEBUG:root:Real time1487474352.07

DEBUG:root:Real time1487474352.28

DEBUG:root:Real time1487474352.5

DEBUG:root:Real time1487474352.7

DEBUG:root:Real time1487474352.9

DEBUG:root:Too small detection probably wrong
DEBUG:root:Real time1487474353.1

DEBUG:root:Real time1487474353.3

DEBUG:root:Real time1487474353.5

DEBUG:root:Real time1487474353.7

DEBUG:root:Real time1487474353.9

DEBUG:root:Real time1487474354.1

DEBUG:root:Real time1487474354.3

DEBUG:root:Real time1487474354.51

DEBUG:root:Real time1487474354.71

DEBUG:root:Real time1487474354.91

DEBUG:root:Real time1487474355.11

DEBUG:root:Real time1487474355.31

DEBUG:root:Real time1487474355.51

DEBUG:root:Real time1487474355.71

DEBUG:root:Real time1487474355.91

DEBUG:root:Real time1487474356.11

DEBUG:root:Real time1487474356.31

DEBUG:root:Real time1487474356.51

DEBUG:root:Real time1487474356.72

DEBUG:root:Real time1487474356.92

DEBUG:root:Real time1487474357.12

DEBUG:root:Real time1487474357.32

DEBUG:root:Real time1487474357.52

DEBUG:root:Real time1487474357.72

DEBUG:root:Real time1487474357.92

DEBUG:root:Real time1487474358.12

DEBUG:root:Real time1487474358.32

DEBUG:root:Real time1487474358.52

DEBUG:root:Real time1487474358.72

DEBUG:root:Real time1487474358.92

DEBUG:root:Real time1487474359.12

DEBUG:root:Real time1487474359.32

DEBUG:root:Real time1487474359.53

DEBUG:root:Real time1487474359.73

DEBUG:root:Real time1487474359.93

DEBUG:root:Real time1487474360.13

DEBUG:root:Real time1487474360.33

DEBUG:root:Real time1487474360.53

DEBUG:root:Real time1487474360.73

DEBUG:root:Real time1487474360.93

DEBUG:root:Real time1487474361.13

DEBUG:root:Real time1487474361.33

DEBUG:root:Real time1487474361.53

DEBUG:root:Real time1487474361.73

DEBUG:root:Real time1487474361.93

DEBUG:root:Real time1487474362.14

DEBUG:root:Real time1487474362.34

DEBUG:root:Real time1487474362.54

DEBUG:root:Real time1487474362.74

DEBUG:root:Real time1487474362.94

DEBUG:root:Real time1487474363.14

DEBUG:root:Real time1487474363.34

DEBUG:root:Real time1487474363.54

DEBUG:root:Real time1487474363.74

DEBUG:root:Real time1487474363.94

DEBUG:root:Real time1487474364.14

DEBUG:root:Real time1487474364.34

DEBUG:root:Real time1487474364.54

DEBUG:root:Real time1487474364.75

DEBUG:root:Real time1487474364.95

DEBUG:root:Real time1487474365.15

DEBUG:root:Real time1487474365.35

DEBUG:root:Real time1487474365.55

DEBUG:root:Real time1487474365.75

DEBUG:root:Real time1487474365.95

DEBUG:root:Real time1487474366.15

DEBUG:root:Real time1487474366.35

DEBUG:root:Real time1487474366.55

DEBUG:root:Real time1487474366.76

DEBUG:root:Real time1487474366.96

DEBUG:root:Real time1487474367.16

DEBUG:root:Real time1487474367.36

DEBUG:root:Real time1487474367.56

DEBUG:root:Real time1487474367.76

DEBUG:root:Real time1487474367.96

DEBUG:root:Real time1487474368.16

DEBUG:root:Real time1487474368.36

DEBUG:root:Real time1487474368.56

DEBUG:root:Real time1487474368.76

DEBUG:root:Real time1487474368.96

DEBUG:root:Real time1487474369.16

DEBUG:root:Real time1487474369.36

DEBUG:root:Real time1487474369.56

DEBUG:root:Real time1487474369.76

DEBUG:root:Real time1487474369.96

DEBUG:root:Real time1487474370.17

DEBUG:root:Real time1487474370.37

DEBUG:root:Real time1487474370.57

DEBUG:root:Real time1487474370.77

DEBUG:root:Real time1487474370.97

DEBUG:root:Real time1487474371.17

DEBUG:root:Real time1487474371.37

DEBUG:root:Real time1487474371.57

DEBUG:root:Real time1487474371.77

DEBUG:root:Real time1487474371.97

DEBUG:root:Real time1487474372.17

DEBUG:root:Real time1487474372.37

DEBUG:root:Real time1487474372.57

DEBUG:root:Real time1487474372.77

DEBUG:root:Real time1487474372.97

DEBUG:root:Real time1487474373.17

DEBUG:root:Real time1487474373.37

DEBUG:root:Real time1487474373.57

DEBUG:root:Real time1487474373.77

DEBUG:root:Real time1487474373.98

DEBUG:root:Real time1487474374.18

DEBUG:root:Real time1487474374.38

DEBUG:root:Real time1487474374.58

DEBUG:root:Real time1487474374.78

DEBUG:root:Real time1487474374.98

DEBUG:root:Real time1487474375.18

DEBUG:root:Real time1487474375.38

DEBUG:root:Real time1487474375.58

DEBUG:root:Real time1487474375.79

DEBUG:root:Real time1487474375.99

DEBUG:root:Real time1487474376.19

DEBUG:root:Real time1487474376.39

DEBUG:root:Real time1487474376.59

DEBUG:root:Real time1487474376.79

DEBUG:root:Real time1487474376.99

DEBUG:root:Real time1487474377.19

DEBUG:root:Real time1487474377.39

DEBUG:root:Real time1487474377.59

DEBUG:root:Real time1487474377.79

DEBUG:root:Real time1487474377.99

DEBUG:root:Real time1487474378.19

DEBUG:root:Real time1487474378.39

DEBUG:root:Real time1487474378.6

DEBUG:root:Real time1487474378.8

DEBUG:root:Real time1487474379.0

DEBUG:root:Real time1487474379.2

DEBUG:root:Real time1487474379.4

DEBUG:root:Real time1487474379.6

DEBUG:root:Real time1487474379.8

DEBUG:root:Real time1487474380.0

DEBUG:root:Real time1487474380.2

DEBUG:root:Real time1487474380.4

DEBUG:root:Real time1487474380.6

DEBUG:root:Real time1487474380.8

DEBUG:root:Real time1487474381.0

DEBUG:root:Real time1487474381.21

DEBUG:root:Real time1487474381.41

DEBUG:root:Real time1487474381.61

DEBUG:root:Real time1487474381.81

DEBUG:root:Real time1487474382.01

DEBUG:root:Real time1487474382.21

DEBUG:root:Real time1487474382.41

DEBUG:root:Real time1487474382.61

DEBUG:root:Real time1487474382.81

DEBUG:root:Real time1487474383.01

DEBUG:root:Real time1487474383.21

DEBUG:root:Real time1487474383.42

DEBUG:root:Real time1487474383.62

DEBUG:root:Real time1487474383.82

DEBUG:root:Real time1487474384.02

DEBUG:root:Real time1487474384.22

DEBUG:root:Real time1487474384.42

DEBUG:root:Real time1487474384.62

DEBUG:root:Real time1487474384.82

DEBUG:root:Real time1487474385.02

DEBUG:root:Real time1487474385.22

DEBUG:root:Real time1487474385.43

DEBUG:root:Real time1487474385.63

DEBUG:root:Real time1487474385.83

DEBUG:root:Real time1487474386.03

DEBUG:root:Real time1487474386.23

DEBUG:root:Real time1487474386.43

DEBUG:root:Real time1487474386.63

DEBUG:root:Real time1487474386.83

DEBUG:root:Too small detection probably wrong
DEBUG:root:Real time1487474387.03

DEBUG:root:Real time1487474387.23

DEBUG:root:Too small detection probably wrong
DEBUG:root:Real time1487474387.43

DEBUG:root:Real time1487474387.63

DEBUG:root:Real time1487474387.83

DEBUG:root:Real time1487474388.04

DEBUG:root:Real time1487474388.24

DEBUG:root:Real time1487474388.44

DEBUG:root:Real time1487474388.64

DEBUG:root:Real time1487474388.84

DEBUG:root:Real time1487474389.04

DEBUG:root:Real time1487474389.24

DEBUG:root:Real time1487474389.44

DEBUG:root:Real time1487474389.64

DEBUG:root:Real time1487474389.84

DEBUG:root:Real time1487474390.04

DEBUG:root:Real time1487474390.24

DEBUG:root:Real time1487474390.45

DEBUG:root:Real time1487474390.65

DEBUG:root:Real time1487474390.85

DEBUG:root:Real time1487474391.05

DEBUG:root:Real time1487474391.25

DEBUG:root:Real time1487474391.45

DEBUG:root:Real time1487474391.65

DEBUG:root:Real time1487474391.85

DEBUG:root:Real time1487474392.05

DEBUG:root:Real time1487474392.25

DEBUG:root:Real time1487474392.45

DEBUG:root:Real time1487474392.66

DEBUG:root:Real time1487474392.86

DEBUG:root:Real time1487474393.06

DEBUG:root:Real time1487474393.26

DEBUG:root:Real time1487474393.46

DEBUG:root:Real time1487474393.66

DEBUG:root:Real time1487474393.86

DEBUG:root:Real time1487474394.06

DEBUG:root:Real time1487474394.26

DEBUG:root:Real time1487474394.46

DEBUG:root:Real time1487474394.66

DEBUG:root:Real time1487474394.86

DEBUG:root:Real time1487474395.06

DEBUG:root:Real time1487474395.26

DEBUG:root:Real time1487474395.46

DEBUG:root:Real time1487474395.66

DEBUG:root:Real time1487474395.86

DEBUG:root:Real time1487474396.06

DEBUG:root:Real time1487474396.26

DEBUG:root:Real time1487474396.47

DEBUG:root:Real time1487474396.67

DEBUG:root:Real time1487474396.87

DEBUG:root:Real time1487474397.07

DEBUG:root:Real time1487474397.27

DEBUG:root:Real time1487474397.47

DEBUG:root:Real time1487474397.67

DEBUG:root:Real time1487474397.87

DEBUG:root:Real time1487474398.07

DEBUG:root:Real time1487474398.27

DEBUG:root:Real time1487474398.47

DEBUG:root:Real time1487474398.67

DEBUG:root:Real time1487474398.87

DEBUG:root:Real time1487474399.07

DEBUG:root:Real time1487474399.27

DEBUG:root:Real time1487474399.48

DEBUG:root:Real time1487474399.68

DEBUG:root:Real time1487474399.88

DEBUG:root:Real time1487474400.08

DEBUG:root:Real time1487474400.28

DEBUG:root:Real time1487474400.48

DEBUG:root:Real time1487474400.68

DEBUG:root:Real time1487474400.88

DEBUG:root:Real time1487474401.08

DEBUG:root:Real time1487474401.28

DEBUG:root:Real time1487474401.48

DEBUG:root:Real time1487474401.68

DEBUG:root:Real time1487474401.88

DEBUG:root:Real time1487474402.08

DEBUG:root:Real time1487474402.29

DEBUG:root:Real time1487474402.49

DEBUG:root:Real time1487474402.69

DEBUG:root:Real time1487474402.89

DEBUG:root:Real time1487474403.09

DEBUG:root:Real time1487474403.29

DEBUG:root:Real time1487474403.49

DEBUG:root:Real time1487474403.69

DEBUG:root:Real time1487474403.89

DEBUG:root:Real time1487474404.09

DEBUG:root:Real time1487474404.29

DEBUG:root:Real time1487474404.49

DEBUG:root:Real time1487474404.69

DEBUG:root:Real time1487474404.9

DEBUG:root:Real time1487474405.1

DEBUG:root:Real time1487474405.3

DEBUG:root:Real time1487474405.5

DEBUG:root:Real time1487474405.7

DEBUG:root:Real time1487474405.9

DEBUG:root:Real time1487474406.1

DEBUG:root:Real time1487474406.3

DEBUG:root:Real time1487474406.5

DEBUG:root:Real time1487474406.7

DEBUG:root:Too small detection probably wrong
DEBUG:root:Real time1487474406.9

DEBUG:root:Real time1487474407.11

DEBUG:root:Real time1487474407.31

DEBUG:root:Real time1487474407.51

DEBUG:root:Real time1487474407.71

DEBUG:root:Real time1487474407.91

DEBUG:root:Real time1487474408.11

DEBUG:root:Real time1487474408.31

DEBUG:root:Real time1487474408.51

DEBUG:root:Real time1487474408.71

DEBUG:root:Real time1487474408.92

DEBUG:root:Real time1487474409.12

DEBUG:root:Real time1487474409.32

DEBUG:root:Real time1487474409.52

DEBUG:root:Real time1487474409.72

DEBUG:root:Real time1487474409.92

DEBUG:root:Real time1487474410.12

DEBUG:root:Real time1487474410.32

DEBUG:root:Too small detection probably wrong
DEBUG:root:Real time1487474410.52

DEBUG:root:Real time1487474410.72

DEBUG:root:Real time1487474410.92

DEBUG:root:Real time1487474411.12

DEBUG:root:Real time1487474411.32

DEBUG:root:Real time1487474411.53

DEBUG:root:Real time1487474411.73

DEBUG:root:Real time1487474411.93

DEBUG:root:Real time1487474412.13

DEBUG:root:Real time1487474412.33

DEBUG:root:Real time1487474412.53

DEBUG:root:Real time1487474412.73

DEBUG:root:Real time1487474412.93

DEBUG:root:Real time1487474413.14

DEBUG:root:Real time1487474413.34

DEBUG:root:Real time1487474413.54

DEBUG:root:Real time1487474413.74

DEBUG:root:Real time1487474413.94

DEBUG:root:Too small detection probably wrong
DEBUG:root:Real time1487474414.14

DEBUG:root:Real time1487474414.34

DEBUG:root:Real time1487474414.54

DEBUG:root:Real time1487474414.74

DEBUG:root:Real time1487474414.95

DEBUG:root:Real time1487474415.15

DEBUG:root:Real time1487474415.35

DEBUG:root:Real time1487474415.55

DEBUG:root:Real time1487474415.75

DEBUG:root:Real time1487474415.95

DEBUG:root:Real time1487474416.15

DEBUG:root:Real time1487474416.35

DEBUG:root:Real time1487474416.55

DEBUG:root:Real time1487474416.76

DEBUG:root:Real time1487474416.96

DEBUG:root:Real time1487474417.16

DEBUG:root:Real time1487474417.36

DEBUG:root:Real time1487474417.56

DEBUG:root:Real time1487474417.76

DEBUG:root:Real time1487474417.96

DEBUG:root:Real time1487474418.16

DEBUG:root:Real time1487474418.36

DEBUG:root:Real time1487474418.56

DEBUG:root:Real time1487474418.76

DEBUG:root:Real time1487474418.96

DEBUG:root:Real time1487474419.16

DEBUG:root:Real time1487474419.37

DEBUG:root:Real time1487474419.57

DEBUG:root:Real time1487474419.77

DEBUG:root:Real time1487474419.97

DEBUG:root:Real time1487474420.17

DEBUG:root:Real time1487474420.37

DEBUG:root:Real time1487474420.57

DEBUG:root:Real time1487474420.77

DEBUG:root:Real time1487474420.97

DEBUG:root:Real time1487474421.17

DEBUG:root:Real time1487474421.37

DEBUG:root:Real time1487474421.57

DEBUG:root:Real time1487474421.78

DEBUG:root:Real time1487474421.98

DEBUG:root:Real time1487474422.18

DEBUG:root:Real time1487474422.38

DEBUG:root:Real time1487474422.58

DEBUG:root:Real time1487474422.78

DEBUG:root:Real time1487474422.98

DEBUG:root:Real time1487474423.18

DEBUG:root:Real time1487474423.38

DEBUG:root:Real time1487474423.58

DEBUG:root:Real time1487474423.78

DEBUG:root:Real time1487474423.99

DEBUG:root:Real time1487474424.19

DEBUG:root:Real time1487474424.39

DEBUG:root:Real time1487474424.59

DEBUG:root:Real time1487474424.79

DEBUG:root:Real time1487474424.99

DEBUG:root:Real time1487474425.19

DEBUG:root:Real time1487474425.39

DEBUG:root:Real time1487474425.59

DEBUG:root:Real time1487474425.79

DEBUG:root:Real time1487474425.99

DEBUG:root:Real time1487474426.19

DEBUG:root:Real time1487474426.4

DEBUG:root:Real time1487474426.6

DEBUG:root:Real time1487474426.8

DEBUG:root:Real time1487474427.0

DEBUG:root:Real time1487474427.2

DEBUG:root:Real time1487474427.4

DEBUG:root:Real time1487474427.6

DEBUG:root:Real time1487474427.8

DEBUG:root:Too small detection probably wrong
DEBUG:root:Real time1487474428.0

DEBUG:root:Real time1487474428.2

DEBUG:root:Real time1487474428.4

DEBUG:root:Real time1487474428.6

DEBUG:root:Real time1487474428.8

DEBUG:root:Real time1487474429.0

DEBUG:root:Real time1487474429.2

DEBUG:root:Real time1487474429.4

DEBUG:root:Real time1487474429.61

DEBUG:root:Real time1487474429.81

DEBUG:root:Real time1487474430.01

DEBUG:root:Real time1487474430.21

DEBUG:root:Real time1487474430.41

DEBUG:root:Too small detection probably wrong
DEBUG:root:Real time1487474430.61

DEBUG:root:Real time1487474430.81

DEBUG:root:Real time1487474431.01

DEBUG:root:Real time1487474431.22

DEBUG:root:Real time1487474431.42

DEBUG:root:Real time1487474431.62

DEBUG:root:Real time1487474431.82

DEBUG:root:Real time1487474432.02

DEBUG:root:Real time1487474432.22

DEBUG:root:Real time1487474432.42

DEBUG:root:Real time1487474432.62

DEBUG:root:Real time1487474432.82

DEBUG:root:Real time1487474433.02

DEBUG:root:Real time1487474433.22

DEBUG:root:Real time1487474433.42

DEBUG:root:Real time1487474433.62

DEBUG:root:Too small detection probably wrong
DEBUG:root:Real time1487474433.82

DEBUG:root:Real time1487474434.02

DEBUG:root:Real time1487474434.22

DEBUG:root:Real time1487474434.43

DEBUG:root:Real time1487474434.63

DEBUG:root:Real time1487474434.83

DEBUG:root:Real time1487474435.03

DEBUG:root:Real time1487474435.23

DEBUG:root:Real time1487474435.43

DEBUG:root:Real time1487474435.63

DEBUG:root:Nonetype
DEBUG:root:Real time1487474435.83

DEBUG:root:Real time1487474436.03

DEBUG:root:Real time1487474436.23

DEBUG:root:Real time1487474436.43

DEBUG:root:Real time1487474436.63

DEBUG:root:Real time1487474436.83

DEBUG:root:Real time1487474437.03

DEBUG:root:Real time1487474437.24

DEBUG:root:Real time1487474437.44

DEBUG:root:Real time1487474437.64

DEBUG:root:Real time1487474437.84

DEBUG:root:Real time1487474438.04

DEBUG:root:Real time1487474438.24

DEBUG:root:Real time1487474438.44

DEBUG:root:Real time1487474438.64

DEBUG:root:Real time1487474438.84

DEBUG:root:Real time1487474439.04

DEBUG:root:Real time1487474439.24

DEBUG:root:Real time1487474439.44

DEBUG:root:Real time1487474439.64

DEBUG:root:Real time1487474439.84

DEBUG:root:Real time1487474440.04

DEBUG:root:Real time1487474440.24

DEBUG:root:Real time1487474440.45

DEBUG:root:Real time1487474440.65

DEBUG:root:Real time1487474440.85

DEBUG:root:Real time1487474441.05

DEBUG:root:Real time1487474441.25

DEBUG:root:Real time1487474441.45

DEBUG:root:Real time1487474441.65

DEBUG:root:Real time1487474441.85

DEBUG:root:Real time1487474442.05

DEBUG:root:Real time1487474442.25

DEBUG:root:Real time1487474442.45

DEBUG:root:Real time1487474442.65

DEBUG:root:Real time1487474442.86

DEBUG:root:Real time1487474443.06

DEBUG:root:Real time1487474443.26

DEBUG:root:Real time1487474443.46

DEBUG:root:Real time1487474443.66

DEBUG:root:Real time1487474443.86

DEBUG:root:Real time1487474444.06

DEBUG:root:Real time1487474444.26

DEBUG:root:Real time1487474444.46

DEBUG:root:Real time1487474444.66

DEBUG:root:Real time1487474444.86

DEBUG:root:Real time1487474445.07

DEBUG:root:Real time1487474445.27

DEBUG:root:Real time1487474445.47

DEBUG:root:Real time1487474445.67

DEBUG:root:Real time1487474445.87

DEBUG:root:Real time1487474446.07

DEBUG:root:Real time1487474446.27

DEBUG:root:Real time1487474446.47

DEBUG:root:Real time1487474446.67

DEBUG:root:Real time1487474446.87

DEBUG:root:Real time1487474447.07

DEBUG:root:Real time1487474447.27

DEBUG:root:Real time1487474447.47

DEBUG:root:Real time1487474447.67

DEBUG:root:Too small detection probably wrong
DEBUG:root:Real time1487474447.87

DEBUG:root:Real time1487474448.07

DEBUG:root:Real time1487474448.28

DEBUG:root:Real time1487474448.48

DEBUG:root:Real time1487474448.68

DEBUG:root:Real time1487474448.88

DEBUG:root:Real time1487474449.08

DEBUG:root:Real time1487474449.28

DEBUG:root:Real time1487474449.48

DEBUG:root:Real time1487474449.68

DEBUG:root:Real time1487474449.88

DEBUG:root:Real time1487474450.08

DEBUG:root:Real time1487474450.29

DEBUG:root:Real time1487474450.49

DEBUG:root:Real time1487474450.69

DEBUG:root:Real time1487474450.89

DEBUG:root:Real time1487474451.09

DEBUG:root:Real time1487474451.29

DEBUG:root:Real time1487474451.49

DEBUG:root:Real time1487474451.69

DEBUG:root:Real time1487474451.89

DEBUG:root:Real time1487474452.09

DEBUG:root:Real time1487474452.29

DEBUG:root:Real time1487474452.5

DEBUG:root:Real time1487474452.7

DEBUG:root:Real time1487474452.9

DEBUG:root:Real time1487474453.1

DEBUG:root:Real time1487474453.3

DEBUG:root:Real time1487474453.5

DEBUG:root:Real time1487474453.7

DEBUG:root:Real time1487474453.9

DEBUG:root:Real time1487474454.1

DEBUG:root:Real time1487474454.3

DEBUG:root:Real time1487474454.5

DEBUG:root:Real time1487474454.7

DEBUG:root:Real time1487474454.91

DEBUG:root:Real time1487474455.11

DEBUG:root:Real time1487474455.31

DEBUG:root:Real time1487474455.51

DEBUG:root:Real time1487474455.71

DEBUG:root:Real time1487474455.91

DEBUG:root:Real time1487474456.11

DEBUG:root:Real time1487474456.31

DEBUG:root:Real time1487474456.51

DEBUG:root:Real time1487474456.71

DEBUG:root:Real time1487474456.91

DEBUG:root:Real time1487474457.11

DEBUG:root:Real time1487474457.32

DEBUG:root:Real time1487474457.52

DEBUG:root:Real time1487474457.72

DEBUG:root:Real time1487474457.92

DEBUG:root:Too small detection probably wrong
DEBUG:root:Real time1487474458.12

DEBUG:root:Real time1487474458.32

DEBUG:root:Real time1487474458.52

DEBUG:root:Real time1487474458.72

DEBUG:root:Real time1487474458.92

DEBUG:root:Real time1487474459.12

DEBUG:root:Real time1487474459.32

DEBUG:root:Real time1487474459.53

DEBUG:root:Real time1487474459.73

DEBUG:root:Real time1487474459.93

DEBUG:root:Real time1487474460.13

DEBUG:root:Real time1487474460.33

DEBUG:root:Real time1487474460.53

DEBUG:root:Real time1487474460.73

DEBUG:root:Real time1487474460.93

DEBUG:root:Real time1487474461.13

DEBUG:root:Real time1487474461.33

DEBUG:root:Real time1487474461.53

DEBUG:root:Real time1487474461.73

DEBUG:root:Real time1487474461.94

DEBUG:root:Real time1487474462.14

DEBUG:root:Real time1487474462.34

DEBUG:root:Real time1487474462.54

DEBUG:root:Real time1487474462.74

DEBUG:root:Real time1487474462.94

DEBUG:root:Real time1487474463.14

DEBUG:root:Real time1487474463.34

DEBUG:root:Real time1487474463.54

DEBUG:root:Real time1487474463.74

DEBUG:root:Real time1487474463.94

DEBUG:root:Real time1487474464.14

DEBUG:root:Real time1487474464.34

DEBUG:root:Real time1487474464.55

DEBUG:root:Real time1487474464.75

DEBUG:root:Real time1487474464.95

DEBUG:root:Real time1487474465.15

DEBUG:root:Real time1487474465.35

DEBUG:root:Real time1487474465.55

DEBUG:root:Real time1487474465.75

DEBUG:root:Real time1487474465.95

DEBUG:root:Real time1487474466.15

DEBUG:root:Real time1487474466.35

DEBUG:root:Real time1487474466.55

DEBUG:root:Real time1487474466.75

DEBUG:root:Real time1487474466.95

DEBUG:root:Real time1487474467.15

DEBUG:root:Real time1487474467.36

DEBUG:root:Real time1487474467.56

DEBUG:root:Real time1487474467.76

DEBUG:root:Real time1487474467.96

DEBUG:root:Real time1487474468.16

DEBUG:root:Real time1487474468.36

DEBUG:root:Real time1487474468.56

DEBUG:root:Real time1487474468.76

DEBUG:root:Real time1487474468.96

DEBUG:root:Real time1487474469.16

DEBUG:root:Too small detection probably wrong
DEBUG:root:Real time1487474469.36

DEBUG:root:Too small detection probably wrong
DEBUG:root:Real time1487474469.56

DEBUG:root:Real time1487474469.77

DEBUG:root:Too small detection probably wrong
DEBUG:root:Real time1487474469.97

DEBUG:root:Real time1487474470.17

DEBUG:root:Real time1487474470.37

DEBUG:root:Real time1487474470.58

DEBUG:root:Nonetype
DEBUG:root:Real time1487474470.78

DEBUG:root:Real time1487474470.98

DEBUG:root:Real time1487474471.18

DEBUG:root:Real time1487474471.38

DEBUG:root:Real time1487474471.58

DEBUG:root:Real time1487474471.78

DEBUG:root:Real time1487474471.98

DEBUG:root:Real time1487474472.18

DEBUG:root:Real time1487474472.38

DEBUG:root:Real time1487474472.58

DEBUG:root:Real time1487474472.78

DEBUG:root:Real time1487474472.98

DEBUG:root:Real time1487474473.19

DEBUG:root:Real time1487474473.39

DEBUG:root:Real time1487474473.59

DEBUG:root:Real time1487474473.79

DEBUG:root:Real time1487474473.99

DEBUG:root:Real time1487474474.19

DEBUG:root:Real time1487474474.39

DEBUG:root:Real time1487474474.59

DEBUG:root:Real time1487474474.79

DEBUG:root:Real time1487474474.99

DEBUG:root:Real time1487474475.2

DEBUG:root:Real time1487474475.4

DEBUG:root:Real time1487474475.6

DEBUG:root:Real time1487474475.8

DEBUG:root:Real time1487474476.0

DEBUG:root:Real time1487474476.2

DEBUG:root:Real time1487474476.4

DEBUG:root:Real time1487474476.6

DEBUG:root:Real time1487474476.8

DEBUG:root:Real time1487474477.0

DEBUG:root:Real time1487474477.2

DEBUG:root:Real time1487474477.4

DEBUG:root:Real time1487474477.6

DEBUG:root:Real time1487474477.81

DEBUG:root:Real time1487474478.01

DEBUG:root:Real time1487474478.21

