DEBUG:root:Under real time Point counter:1.78813934326e-05

DEBUG:root:Real time1487957747.63

DEBUG:root:Real time1487957747.84

DEBUG:root:Real time1487957748.04

DEBUG:root:Real time1487957748.24

DEBUG:root:Real time1487957748.44

DEBUG:root:Real time1487957748.64

DEBUG:root:Real time1487957748.84

DEBUG:root:Extracted signature:bitarray('00000000000000000000000000000000000000000000000000000000000000000000000000000000000000000000000000000000000000000000000000000000000000000000000000000000000000000000000000000000000000000000000000000000000000000000000000000000000000000000000000000000000000000000000000000100')
DEBUG:root:Matched frame over all scan:1520

DEBUG:root:Errors over all scan:0

DEBUG:root:Result:replica detected
DEBUG:root:Match or Not:True
DEBUG:root:Real time1487957749.04

DEBUG:root:Real time1487957749.24

DEBUG:root:Extracted signature:bitarray('11101111111011101101111111011100011111110111001011111001101011111001100111100011011100000011110000011110000110000010110011111111101100011111000101100101111100001110001111000111000011110010001101111100001100111000000011110000011110000011100100110000010000011000100010010100')
DEBUG:root:Matched frame over all scan:990

DEBUG:root:Errors over all scan:18

DEBUG:root:Result:replica detected
DEBUG:root:Match or Not:True
DEBUG:root:Real time1487957749.44

DEBUG:root:Extracted signature:bitarray('11101111111011101101111111011100011111111111001011111001101011111001100111100011011100010001110000011110000111000010011011111111101100011111000101100100111100001110001111100111000011110010001101111100001100111000000011110000011110000011100100111000010000011000100010010100')
DEBUG:root:Matched frame over all scan:990

DEBUG:root:Errors over all scan:19

DEBUG:root:Result:replica detected
DEBUG:root:Match or Not:True
DEBUG:root:Real time1487957749.64

DEBUG:root:Extracted signature:bitarray('11101111111011101101111111011101011111000111001011101001101011111001100011100011011100000011100000011110000111000010001111111111101100011111101101100100111100001100001111100110000011110010001101111100001101111000000011110000011110000011100100111011010000010000100010010100')
DEBUG:root:Matched frame over all scan:993

DEBUG:root:Errors over all scan:4

DEBUG:root:Result:replica detected
DEBUG:root:Match or Not:True
DEBUG:root:Real time1487957749.84

DEBUG:root:Extracted signature:bitarray('11101111111011101101111111011100011111110111001111101011101011111001100011110011011100000001110000011110000111000010001111111111101100011111000101100101111100001100001111100111000011110011001101111100001101111000000011110000011110000011100100111011010000010000100010010100')
DEBUG:root:Matched frame over all scan:993

DEBUG:root:Errors over all scan:15

DEBUG:root:Result:replica detected
DEBUG:root:Match or Not:True
DEBUG:root:Real time1487957750.04

DEBUG:root:Extracted signature:bitarray('11001111000110011001111000110010011110011100001111001110001111111100001111111100011111110001111100011111000111001111101101111011111011100000011001110011000011001110010011110000110011111100011001111000110011000000000101101000001100000010000000100000010000010001001100100100')
DEBUG:root:Matched frame over all scan:994

DEBUG:root:Errors over all scan:39

DEBUG:root:Result:replica detected
DEBUG:root:Match or Not:True
DEBUG:root:Real time1487957750.24

DEBUG:root:Extracted signature:bitarray('10000110011110011000110011100010001000111000101100011000011100011000011111110000111001000011001100011001000100110010011100111011111010101001100100110011001100101110010111011001100011111100111101110001111101001011111000110111101110011100110111000011010000010001001100100100')
DEBUG:root:Matched frame over all scan:2082

DEBUG:root:Errors over all scan:88

DEBUG:root:Result:tau3_fail
DEBUG:root:Match or Not:False
DEBUG:root:Real time1487957750.44

DEBUG:root:Extracted signature:bitarray('10001100011110011001100011100010001000111100000000011111101111111111101111111111011101111101100011111000011100000110000111111011111111101100001100100111101101100010010111011000100111101110000011001111000011001110000100111000010011100000111100011111101101101001001101010100')
DEBUG:root:Matched frame over all scan:996

DEBUG:root:Errors over all scan:30

DEBUG:root:Result:replica detected
DEBUG:root:Match or Not:True
DEBUG:root:Real time1487957750.64

DEBUG:root:Extracted signature:bitarray('10001100011110011001100011100010001000111000100100001111101101111111101111111111011100111101100111101000111100000110000011111011111011101100001100100111100101100101110111011000110111101100000011001111000011001110000100111000010011100010111100011111001111101000001100010100')
DEBUG:root:Matched frame over all scan:997

DEBUG:root:Errors over all scan:17

DEBUG:root:Result:replica detected
DEBUG:root:Match or Not:True
DEBUG:root:Real time1487957750.84

DEBUG:root:Extracted signature:bitarray('10001100011110011001100011110010000000111000100000011111101101111111101111111111011111111101110111101100111110001110000111111111111011101100001100110111101001000101110111011000110011101100010011001111000011001110000100111000010011000010111000011110001111101001001100000100')
DEBUG:root:Matched frame over all scan:998

DEBUG:root:Errors over all scan:9

DEBUG:root:Result:replica detected
DEBUG:root:Match or Not:True
DEBUG:root:Real time1487957751.04

DEBUG:root:Extracted signature:bitarray('10101100111110010001100011110010010000111000000000011110100101111111101111111111011111111101110111101100111110001110000111111111111111101100001100110101111001100100101111011000110111101100010011001111000011001110000100111000010011000010111000011110001111101001001101010100')
DEBUG:root:Matched frame over all scan:999

DEBUG:root:Errors over all scan:9

DEBUG:root:Result:replica detected
DEBUG:root:Match or Not:True
DEBUG:root:Real time1487957751.24

DEBUG:root:Extracted signature:bitarray('10100111110000011101111110000000011111100000001111110000001111110000001111100000011110001101110100111011000011111101111101111011111011111001000100011111001000000110010011000100110111100010011111100000111010000011110001001111001011111001111100110100010000010001001100100100')
DEBUG:root:Matched frame over all scan:386

DEBUG:root:Errors over all scan:91

DEBUG:root:Result:tau3_fail
DEBUG:root:Match or Not:False
DEBUG:root:Real time1487957751.44

DEBUG:root:Extracted signature:bitarray('11100001110001111100001100011110010011000111101100100011001111110000001111100001011110001101111000101111000011110001111101111011111010001100110000011011110110000110010111110000000111111100001011110000001111000111100100011110011000000010000011100011110011000111010010010100')
DEBUG:root:Matched frame over all scan:334

DEBUG:root:Errors over all scan:92

DEBUG:root:Result:tau1_fail
DEBUG:root:Match or Not:False
DEBUG:root:Real time1487957751.65

DEBUG:root:Extracted signature:bitarray('11101111100000011001111000110010011010001100101100000001111111011001111111010000111001100011000100010000100100000110000110001100110000001011001000110001011111101110000111111000100011111110000011101110000011001110011001110011101111011101111111001111100111101111010110100100')
DEBUG:root:Matched frame over all scan:1003

DEBUG:root:Errors over all scan:21

DEBUG:root:Result:replica detected
DEBUG:root:Match or Not:True
DEBUG:root:Real time1487957751.85

DEBUG:root:Extracted signature:bitarray('11101111100000011001110000110010011000001100101100000001111111011001111111010000111001100011000100010000100100000110000110001101100000001011001000110000011111101110001111111000100011111110000011101110000011001110011001110011101111111101111111001111100111101111010010000100')
DEBUG:root:Matched frame over all scan:1003

DEBUG:root:Errors over all scan:14

DEBUG:root:Result:replica detected
DEBUG:root:Match or Not:True
DEBUG:root:Real time1487957752.05

DEBUG:root:Extracted signature:bitarray('11101111110000011001101100110010010010000100101100001001111111011001111111110000111001100011000100010000100100000110000110011101100000001001001000110010101111001110000111111000100011111110000011101110000011001110011001110011101110111101111111001111100111101111010010010100')
DEBUG:root:Matched frame over all scan:1003

DEBUG:root:Errors over all scan:14

DEBUG:root:Result:replica detected
DEBUG:root:Match or Not:True
DEBUG:root:Real time1487957752.25

DEBUG:root:Extracted signature:bitarray('11101111100000011001100100010010011000000010101100001001111110011001111111111000111001100011000000010000110100000110000110001101101100001001001000110010001111001110000111111000100011111110000011101110000011001110011001110011101110111101111111000111100111101111010010010100')
DEBUG:root:Matched frame over all scan:1005

DEBUG:root:Errors over all scan:7

DEBUG:root:Result:replica detected
DEBUG:root:Match or Not:True
DEBUG:root:Real time1487957752.45

DEBUG:root:Extracted signature:bitarray('11101111000000011001100100010010011000000010101100001001111111011001111111111000111001100011000000010000110110000110000110011101101100001011001000110010011101001110000111111000100011111110000011101110000011001110011001110011101110111101111111000111100111101111010010010100')
DEBUG:root:Matched frame over all scan:1006

DEBUG:root:Errors over all scan:12

DEBUG:root:Result:replica detected
DEBUG:root:Match or Not:True
DEBUG:root:Real time1487957752.65

DEBUG:root:Extracted signature:bitarray('11101111100001011001101100010010011001000011101100001001101110011000011111111000111011100011000000010000010110000111000110011101101100001001001000110010011101101110000111111000000011111110000011101110000011011100011001110111101110111101111110000111100111101110010010010100')
DEBUG:root:Matched frame over all scan:1012

DEBUG:root:Errors over all scan:22

DEBUG:root:Result:replica detected
DEBUG:root:Match or Not:True
DEBUG:root:Real time1487957752.85

DEBUG:root:Extracted signature:bitarray('10101111000001111101110000000010011000100110101100011001111111011001111111111000111011100011000000010000110110000111000110001101101100001011001000110001111101101110001111111000000011111110000011101110000011001110011001110111101110111101111111000111100111101111010010010100')
DEBUG:root:Matched frame over all scan:1008

DEBUG:root:Errors over all scan:20

DEBUG:root:Result:replica detected
DEBUG:root:Match or Not:True
DEBUG:root:Real time1487957753.05

DEBUG:root:Extracted signature:bitarray('10101101000001111101100010010010011000100011101100011001101110011000011111111000111011100011000000010000110110000111000110011101101100001001001100110001011101101110001111111000000011111110000011101110000011011100011001100111101110111101111111000111100111101100110010010100')
DEBUG:root:Matched frame over all scan:1009

DEBUG:root:Errors over all scan:7

DEBUG:root:Result:replica detected
DEBUG:root:Match or Not:True
DEBUG:root:Real time1487957753.25

DEBUG:root:Extracted signature:bitarray('10101111000001111101110010000010011000100111101100011001111110011000011110111000111011100011000000010000010110000111000110011101101100001001001100110001011001101110001111111000000011111110000011101110000111001100011001110111101110111101111111000111100111101100010010010100')
DEBUG:root:Matched frame over all scan:1009

DEBUG:root:Errors over all scan:13

DEBUG:root:Result:replica detected
DEBUG:root:Match or Not:True
DEBUG:root:Real time1487957753.45

DEBUG:root:Extracted signature:bitarray('11101101010001111101100010010010011000100110101100001001111110011000011110111000111011000011000000010000010110000111000110011101101100001011001100110001011101101110001111111000000011111110000011101110000111001100011001110111101110111101111111000111100111101100110010010100')
DEBUG:root:Matched frame over all scan:1009

DEBUG:root:Errors over all scan:10

DEBUG:root:Result:replica detected
DEBUG:root:Match or Not:True
DEBUG:root:Real time1487957753.65

DEBUG:root:Extracted signature:bitarray('10101101000001111101100010010010011000110011101100011001101111011000011111111000111011100011000000010000010111000111000110011001101100001001001100110001011001101110001111111000000011111110000011101110000111011100011001110111101110111001111110000111100111101100110010010100')
DEBUG:root:Matched frame over all scan:1009

DEBUG:root:Errors over all scan:11

DEBUG:root:Result:replica detected
DEBUG:root:Match or Not:True
DEBUG:root:Real time1487957753.85

DEBUG:root:Extracted signature:bitarray('11101101000001111101100010010010011000100011101100001001101110011000011110111000111011000011000000010000010110000111000110011001101100001011001100110001011101101110001111111000000011111110000011101110000111011100011001100111101110111001111110000111100111101100110010010100')
DEBUG:root:Matched frame over all scan:1011

DEBUG:root:Errors over all scan:9

DEBUG:root:Result:replica detected
DEBUG:root:Match or Not:True
DEBUG:root:Real time1487957754.05

DEBUG:root:Extracted signature:bitarray('10101101000001111101100010010010011000100011101100011001101111011000011111111000111011000011000000010000011110000111000110011101101100001001001100110001011101100110001111111000000011111110000011101110000111011100011001100111101110111001101100000111100111101100110010010100')
DEBUG:root:Matched frame over all scan:1011

DEBUG:root:Errors over all scan:9

DEBUG:root:Result:replica detected
DEBUG:root:Match or Not:True
DEBUG:root:Real time1487957754.25

DEBUG:root:Extracted signature:bitarray('11101101000001111101100010010010011000100011101100011001101110011000011111111000111011000011000000010000001111000111000110011001101100001011001100110001111101101110001111111000000011111110000011101100000111011100011001100111101110111001101110000111100111101100110010010100')
DEBUG:root:Matched frame over all scan:1011

DEBUG:root:Errors over all scan:9

DEBUG:root:Result:replica detected
DEBUG:root:Match or Not:True
DEBUG:root:Real time1487957754.45

DEBUG:root:Extracted signature:bitarray('11110001100111111110000100111101100000001111111000000011111000000011010000000110100000110010001110011001100100000010000010000100010000011011111001000010011111011000010011111110000000111111100001111111100001111110000001111000011110000011110001111000111000110010001001010100')
DEBUG:root:Matched frame over all scan:1017

DEBUG:root:Errors over all scan:14

DEBUG:root:Result:replica detected
DEBUG:root:Match or Not:True
DEBUG:root:Real time1487957754.65

DEBUG:root:Extracted signature:bitarray('11100001100111011110000100111101100000001111111000000011111000000011010000000110100000110010001110011001100100010010000010000100010000010011111001000010011111001000010011111110000000111111000001111111000001111110000001111000011110001011110001111000111000110011001001010100')
DEBUG:root:Matched frame over all scan:1017

DEBUG:root:Errors over all scan:13

DEBUG:root:Result:replica detected
DEBUG:root:Match or Not:True
DEBUG:root:Real time1487957754.85

DEBUG:root:Extracted signature:bitarray('11100001100111011110000100111001100000001111111000000011111000000011010000000110100000110010001110011001100100010010000010000100010000010011111001000010011111011000010011111110000001111111000001111111000001111110000001111000011110000011110001111000111000110011001001010100')
DEBUG:root:Matched frame over all scan:1017

DEBUG:root:Errors over all scan:11

DEBUG:root:Result:replica detected
DEBUG:root:Match or Not:True
DEBUG:root:Real time1487957755.05

DEBUG:root:Extracted signature:bitarray('11110001100011111110000100111101100000001111111000000011111000000011010000000100100000110010001110011001100100010010000010000100010000011111111001000010011111001000010011111110000001111111000001111111100001111110000011111000001110000011110000111000111000110011001001010100')
DEBUG:root:Matched frame over all scan:1017

DEBUG:root:Errors over all scan:11

DEBUG:root:Result:replica detected
DEBUG:root:Match or Not:True
DEBUG:root:Real time1487957755.25

DEBUG:root:Extracted signature:bitarray('11100001100111011110000100111101100000001111111000000011111000000011010000000110100000111110001110011001100100000010000010000100010000011011111001000010011111001000010011111110000001111111000001111111000001111110001011111000001110000011110001111000111000110010001000010100')
DEBUG:root:Matched frame over all scan:1015

DEBUG:root:Errors over all scan:11

DEBUG:root:Result:replica detected
DEBUG:root:Match or Not:True
DEBUG:root:Real time1487957755.46

DEBUG:root:Extracted signature:bitarray('11100001100011011110000100111011100000001111111000000011111000000011010000000110100000110110001110011001100100000010000010000100010000011011111001000010011111001000010011111110000000111111000001111111000001111110001001111000001110001011100001111000111000110010001000010100')
DEBUG:root:Matched frame over all scan:1015

DEBUG:root:Errors over all scan:13

DEBUG:root:Result:replica detected
DEBUG:root:Match or Not:True
DEBUG:root:Real time1487957755.66

DEBUG:root:Extracted signature:bitarray('11100001100111011110000100111101100000001111111000000011111000000011010000000100100000110010001110001001100100010010000010000100010000011011111001000010011111001000010011111110000001111111000001111111000001111110000011111000011110000011110000111000111000110011001001010100')
DEBUG:root:Matched frame over all scan:1017

DEBUG:root:Errors over all scan:10

DEBUG:root:Result:replica detected
DEBUG:root:Match or Not:True
DEBUG:root:Real time1487957755.86

DEBUG:root:Extracted signature:bitarray('11110001100011011110000100111011100000001111111000000011111000000011010000000100100000110010001110011001100100010010000010000100010000011011111001000010011111001000010011111110000001111111000001111111000001111110000011111000011110000011110000111000111000110011001001010100')
DEBUG:root:Matched frame over all scan:1017

DEBUG:root:Errors over all scan:7

DEBUG:root:Result:replica detected
DEBUG:root:Match or Not:True
DEBUG:root:Real time1487957756.06

DEBUG:root:Extracted signature:bitarray('11110000100000011111000000000011110010000100111000100011111100000011011110001110011100111101100101111000001100000010000010000000100100000000011100011110110111000011101101110000000101111110000001111111000101111111000001111100001111100001110010011011101000111000100001010100')
DEBUG:root:Matched frame over all scan:1024

DEBUG:root:Errors over all scan:39

DEBUG:root:Result:replica detected
DEBUG:root:Match or Not:True
DEBUG:root:Real time1487957756.26

DEBUG:root:Extracted signature:bitarray('10111000000000011011001000010010110011000100111111100011001111110011101111000110011100011011100000111000011100001110001110011001101111100000011000011100011110000011101111110110000001111110000001111111000101011111000101111100001111100011111000111100001110001100100101100100')
DEBUG:root:Matched frame over all scan:1028

DEBUG:root:Errors over all scan:43

DEBUG:root:Result:replica detected
DEBUG:root:Match or Not:True
DEBUG:root:Real time1487957756.46

DEBUG:root:Extracted signature:bitarray('10111000100100011111001001100010110010011000111111110110001111110011101110001110011000111011000010010000011110001110001110011000100010000000011100011100011110000011101111110100100001101110000101111101000101000111001100111100101111100001111000011101101101101000100011010100')
DEBUG:root:Matched frame over all scan:1027

DEBUG:root:Errors over all scan:38

DEBUG:root:Result:replica detected
DEBUG:root:Match or Not:True
DEBUG:root:Real time1487957756.66

DEBUG:root:Extracted signature:bitarray('10111000100100011111000001000010110000010000111111000010001111110011001110001110011000111011000010010100110110011110001110011001000011101000011100011100011111000111101111110001100001101110000001111101000111011011001101111100101111100101011001001101101111001110100011010100')
DEBUG:root:Matched frame over all scan:1029

DEBUG:root:Errors over all scan:37

DEBUG:root:Result:replica detected
DEBUG:root:Match or Not:True
DEBUG:root:Real time1487957756.86

DEBUG:root:Extracted signature:bitarray('11111000000100011111001000110010110010001100111101010010001111110011001111101111011110111001110000011100001110001110001110011000101111111000111100011100001111000011101011110100110001111110000001111101000111001111000101111100001111100000011101011111101111001100100101110100')
DEBUG:root:Matched frame over all scan:1028

DEBUG:root:Errors over all scan:22

DEBUG:root:Result:replica detected
DEBUG:root:Match or Not:True
DEBUG:root:Real time1487957757.06

DEBUG:root:Extracted signature:bitarray('10111000000100011011000001100010110010001000111101100000101111010011001110001110011000111010000110011000100110001110001110011001101101101100011100011100001111000011101011100100100001111110000001111001000101000111001000111100101111100101011001001101101011101101100101110100')
DEBUG:root:Matched frame over all scan:1029

DEBUG:root:Errors over all scan:18

DEBUG:root:Result:replica detected
DEBUG:root:Match or Not:True
DEBUG:root:Real time1487957757.26

DEBUG:root:Extracted signature:bitarray('10111000000100011011001001100010110011000000111111110000101111000011101110011111011000111101000111100100000111000111001100011000100101001101011100011100011110000011101111100100100001111111000001111001100111000111000100111100001111100011011000110101010011101000100101000100')
DEBUG:root:Matched frame over all scan:1030

DEBUG:root:Errors over all scan:20

DEBUG:root:Result:replica detected
DEBUG:root:Match or Not:True
DEBUG:root:Real time1487957757.46

DEBUG:root:Extracted signature:bitarray('10111000000100011011001001100010110011100001111111110000101111110011101111000111011000011101000011110000011100011110011100011000000000001001011000011100011111000011101011110100100001111111000001111111100001000110000100111000001111100011101001011010000110001100110010010100')
DEBUG:root:Matched frame over all scan:1031

DEBUG:root:Errors over all scan:19

DEBUG:root:Result:replica detected
DEBUG:root:Match or Not:True
DEBUG:root:Real time1487957757.66

DEBUG:root:Extracted signature:bitarray('11100001100111111110001100111101100000001111111000000011111000000011010000000110100000110010001110011001100100000010000010000100010000011011111001000010011111001000010011111110000000111111000001111111100001111110001011111000101110001011110001111000111000110011001001010100')
DEBUG:root:Matched frame over all scan:1032

DEBUG:root:Errors over all scan:9

DEBUG:root:Result:replica detected
DEBUG:root:Match or Not:True
DEBUG:root:Under real time Point counter:0.20907497406

DEBUG:root:Extracted signature:bitarray('11100001100111011110001100111101100000001111111000000011111000000011010000000110100000110010001110011001100100000010000010000100010000011011111001000010011111001000010011111110000000111111000001111111100001111110001011111000101110001011110000111000111000110011001001010100')
DEBUG:root:Matched frame over all scan:1032

DEBUG:root:Errors over all scan:7

DEBUG:root:Result:replica detected
DEBUG:root:Match or Not:True
DEBUG:root:Real time1487957758.07

DEBUG:root:Extracted signature:bitarray('11100001100011011110000100111001100000001110111000000011011000000011010000000100100000110010001110011001100100000010000010000100010000010011111001000010011111001000010011111110000000111111000001111111100001111110001011111000101110000011110000111000111000110011001001010100')
DEBUG:root:Matched frame over all scan:1015

DEBUG:root:Errors over all scan:7

DEBUG:root:Result:replica detected
DEBUG:root:Match or Not:True
DEBUG:root:Real time1487957758.27

DEBUG:root:Extracted signature:bitarray('11100001100111011110000100111011100000001110111000000011011000000011010000000100100000010010011100011001100110000010000010000100101111111011111001000010011111001000010011111110000000111111000001111111000001111110001011111000011111000011100000111000011100010011001001000100')
DEBUG:root:Matched frame over all scan:1019

DEBUG:root:Errors over all scan:17

DEBUG:root:Result:replica detected
DEBUG:root:Match or Not:True
DEBUG:root:Under real time Point counter:0.202111959457

DEBUG:root:Extracted signature:bitarray('11100001100111011110001100111001100000001111111000000011111000000011110000000111100000010010000110010001000100000110000110001101101111111111111001000010011111001000010011111110000001111111000001111111100001111111000101111000011111000111100000111010101100010001101101100100')
DEBUG:root:Matched frame over all scan:1037

DEBUG:root:Errors over all scan:30

DEBUG:root:Result:replica detected
DEBUG:root:Match or Not:True
DEBUG:root:Under real time Point counter:0.2390229702

DEBUG:root:Extracted signature:bitarray('11100001100111111110001100111101100000000111110000000011110000000000010000000000100000000010001100011110001110000110000110001001101111111011111001000010011111001000010011111110000001111111000001111111000001111111001111111000011100000010001100101110001100110001001101000100')
DEBUG:root:Matched frame over all scan:1035

DEBUG:root:Errors over all scan:45

DEBUG:root:Result:replica detected
DEBUG:root:Match or Not:True
DEBUG:root:Real time1487957758.91

DEBUG:root:Extracted signature:bitarray('11101110000111101101111000111101100110001111010001100011100001110011101111100111011110000011110000011000000100000010000110000100010000010011111001000010011000011000010011000110000111110001100111110000100011100000000110000000010001000110110001110001110111101111100010010100')
DEBUG:root:Matched frame over all scan:1038

DEBUG:root:Errors over all scan:19

DEBUG:root:Result:replica detected
DEBUG:root:Match or Not:True
DEBUG:root:Real time1487957759.11

DEBUG:root:Extracted signature:bitarray('10100111110001111001111100001110011110001111011111000110001111111110001111111000011111111101011111000011111010001110000110000100010011100000111111000010011110010000010101110100011011111000011101111100011101110001110001100110001110000011100000111110001111101000100010010100')
DEBUG:root:Matched frame over all scan:1039

DEBUG:root:Errors over all scan:63

DEBUG:root:Result:tau3_fail
DEBUG:root:Match or Not:False
DEBUG:root:Real time1487957759.31

DEBUG:root:Extracted signature:bitarray('10100111111001111001111100001110011110001111001111000111101111111111101111111111011111111101001111100111111011000010000010000100010010000000111111000010011100011000011101011010000111111100110001111100100001111001000101001110001111000011011000100110000111100000000010010100')
DEBUG:root:Matched frame over all scan:1040

DEBUG:root:Errors over all scan:48

DEBUG:root:Result:replica detected
DEBUG:root:Match or Not:True
DEBUG:root:Real time1487957759.51

DEBUG:root:Extracted signature:bitarray('10111000000000011001100000000010011011000100001111110010001111110010001111100100011100001111000011110000111000111100111101111011100000000000111000011100001111000011101101111001000010111110111101111111101101010011001001111100001111100001111000011110001110001100010010010100')
DEBUG:root:Matched frame over all scan:1041

DEBUG:root:Errors over all scan:9

DEBUG:root:Result:replica detected
DEBUG:root:Match or Not:True
DEBUG:root:Real time1487957759.71

DEBUG:root:Extracted signature:bitarray('10111100000001111001000000001110010011000110011101110011101111111111101111111111011111110001111100001100000100011110001100000100010000100101011100000010011111000000001011110001000111111100110011111100110001000111100100111011101111011100110010011101101100011000100010010100')
DEBUG:root:Matched frame over all scan:1046

DEBUG:root:Errors over all scan:50

DEBUG:root:Result:tau3_fail
DEBUG:root:Match or Not:False
DEBUG:root:Real time1487957759.91

DEBUG:root:Extracted signature:bitarray('10111000011000011001111011000010011111100000101111100010001111100010001111001100011100111101100111101000111100001110000010000100010111110100011100011100000111000111101001110001110011111110111001111111011101110110011000011100000111100000111000011100101111011000100000100100')
DEBUG:root:Matched frame over all scan:1024

DEBUG:root:Errors over all scan:67

DEBUG:root:Result:tau3_fail
DEBUG:root:Match or Not:False
DEBUG:root:Real time1487957760.11

DEBUG:root:Extracted signature:bitarray('10001110100001111001101100001110011011000110001111100011001111111011001111111110011111111101001111100011111011000111000010000100010000000101011100110010001111001100011001110111100011111110110001111100111101011010000101100000101110100011100000100110100111101111001100010100')
DEBUG:root:Matched frame over all scan:1044

DEBUG:root:Errors over all scan:12

DEBUG:root:Result:replica detected
DEBUG:root:Match or Not:True
DEBUG:root:Real time1487957760.31

DEBUG:root:Extracted signature:bitarray('10001110100001111001101100001110011011000110001111100011001111111011001111111110011111111101001111100011111011000111000010000100010000000101011100110010001111001100011001110111100011111110110001111100111101011010000101100000101110100011100000100110100111101111001100010100')
DEBUG:root:Matched frame over all scan:1044

DEBUG:root:Errors over all scan:12

DEBUG:root:Result:replica detected
DEBUG:root:Match or Not:True
DEBUG:root:Real time1487957760.52

DEBUG:root:Extracted signature:bitarray('10011100000001111001100000001110011011000110011111000011101111110011101111111111011111110000111111101111001110000010000010000100010011100100011110010000111111000100000011110001000011111001100001111000110010000110110001111011101110011000110111011000101110011000100010010100')
DEBUG:root:Matched frame over all scan:1046

DEBUG:root:Errors over all scan:34

DEBUG:root:Result:replica detected
DEBUG:root:Match or Not:True
DEBUG:root:Real time1487957760.72

DEBUG:root:Extracted signature:bitarray('10111100001000111001100011100010011001101100001101110011001111111011101111111111011111111101100000011000000100000010000010011000000000000000111100011010111110100111011001111000000101111100000001111101100101110011100100010110000011010000110011011111101111101100100010001100')
DEBUG:root:Matched frame over all scan:1025

DEBUG:root:Errors over all scan:74

DEBUG:root:Result:tau3_fail
DEBUG:root:Match or Not:False
DEBUG:root:Real time1487957760.92

DEBUG:root:Extracted signature:bitarray('11100111100001011100111100001110011110000111001111000110101111011111101111111111011100111101101111101110000111000010000010000100010000000001111011000010111111001010011011000010100101101110001101100110011101000011000100001000010000100011001100100111101111101100100010000100')
DEBUG:root:Matched frame over all scan:1048

DEBUG:root:Errors over all scan:33

DEBUG:root:Result:replica detected
DEBUG:root:Match or Not:True
DEBUG:root:Under real time Point counter:0.206742048264

DEBUG:root:Extracted signature:bitarray('11100100110001111001100110001100110010000011011011000001111011000011111010011111011001110011000110010000110100011010001010100011101101000001111100000000111111000110001111110001000011111100000001111110000001101100111000110011101110011101101011001101101110101100110010010100')
DEBUG:root:Matched frame over all scan:1005

DEBUG:root:Errors over all scan:79

DEBUG:root:Result:tau2_fail
DEBUG:root:Match or Not:False
DEBUG:root:Real time1487957761.32

DEBUG:root:Extracted signature:bitarray('10100100000001110111100000001101111000000011011100111001101100111100011011111100011111110001011110100000111000001100000110000100010111100011100111110011011100111110010111011001100101111100000011111100000011111000000101000011100100111101101111010010111010010000100010001100')
DEBUG:root:Matched frame over all scan:1050

DEBUG:root:Errors over all scan:24

DEBUG:root:Result:replica detected
DEBUG:root:Match or Not:True
DEBUG:root:Real time1487957761.52

DEBUG:root:Extracted signature:bitarray('10000111001100010011111100000000111111000111011000100011111011110001111111110011111110000111100000010000000100100010000000111001100000001111000110010001111000011010011011110000000101111110000011111111000011111100100101010010000011100101111011011011101111001100110010000100')
DEBUG:root:Matched frame over all scan:1051

DEBUG:root:Errors over all scan:28

DEBUG:root:Result:replica detected
DEBUG:root:Match or Not:True
DEBUG:root:Real time1487957761.72

DEBUG:root:Extracted signature:bitarray('10000111001100010011111100011100111111000111011001100011101001111101101011111001010011110000011111100100111010011110000010000100010010001100100011011001111101001111001111110001000101111010000111111000000011110000000101000011001100000111011000100110001111001100100100010100')
DEBUG:root:Matched frame over all scan:1052

DEBUG:root:Errors over all scan:79

DEBUG:root:Result:tau3_fail
DEBUG:root:Match or Not:False
DEBUG:root:Real time1487957761.92

DEBUG:root:Extracted signature:bitarray('11110001110011101110001100011101100011000011110001100001110111100001111110000011111000001110000001110000011100001110001100011001101101111111110000011101111110000010010111100011000110110001100011101100110010011011100001111110001111110011001100110110010110010100110110101100')
DEBUG:root:Matched frame over all scan:1053

DEBUG:root:Errors over all scan:24

DEBUG:root:Result:replica detected
DEBUG:root:Match or Not:True
DEBUG:root:Real time1487957762.12

DEBUG:root:Extracted signature:bitarray('11111001000001111111001000001111110000000011111000000001110110011001111101110011111000001111000001110000011100001110001100011001101101111111111000000001101110011000011101111100000110111100000010101100110010011001100001100110011111110011101100100110010010010100110110101100')
DEBUG:root:Matched frame over all scan:1054

DEBUG:root:Errors over all scan:32

DEBUG:root:Result:replica detected
DEBUG:root:Match or Not:True
DEBUG:root:Real time1487957762.33

DEBUG:root:Extracted signature:bitarray('10011001000001110011011000001110110111000011111011100001110001100001110011000011011110001101110001101000011100001110001100011001101101111111111100000001111100110110001111001011100011100001100011110011100011100111100100000110010000110010001100100110010110010100110110101100')
DEBUG:root:Matched frame over all scan:1055

DEBUG:root:Errors over all scan:32

DEBUG:root:Result:replica detected
DEBUG:root:Match or Not:True
DEBUG:root:Real time1487957762.53

DEBUG:root:Extracted signature:bitarray('11111000000001101110111000001101101110000011110000000001110000000001111100000011110000001110000001100100011011001100001100011001101101110111011100000110111110100100011111101011000001111111100001111110100001111001000111100000011100100011001000100000010000010000100100101100')
DEBUG:root:Matched frame over all scan:1056

DEBUG:root:Errors over all scan:52

DEBUG:root:Result:tau3_fail
DEBUG:root:Match or Not:False
DEBUG:root:Real time1487957762.73

DEBUG:root:Extracted signature:bitarray('11100111000011011000010000011010000111000110100011100011010111000011011110000111111000011101100011101000111000011100011100111011011010011101101110000001111111110000101111101110001011100011000011000111000010111010000111101000111011000110110001111000110000010000101001010100')
DEBUG:root:Matched frame over all scan:1057

DEBUG:root:Errors over all scan:67

DEBUG:root:Result:replica detected
DEBUG:root:Match or Not:True
DEBUG:root:Real time1487957762.93

DEBUG:root:Extracted signature:bitarray('11111000000001111111000010001111110000111011100000111000110000111000000001110011000111111101111000001110000011100011000010000100010000011100110010000100111111100000101111111000100111111100011011111100001111111000001111100000111000000010000000100010000110000111011101100100')
DEBUG:root:Matched frame over all scan:1058

DEBUG:root:Errors over all scan:78

DEBUG:root:Result:tau3_fail
DEBUG:root:Match or Not:False
DEBUG:root:Real time1487957763.13

DEBUG:root:Extracted signature:bitarray('11111001110000001111001111000101110011110001011101110001101001111000100011110001001111000001110000011100000100000010000011000100010000010111111100001100111111100100001111101011000011111011100001111011000111001100000101110000101110100111110001111000110001010010011001010100')
DEBUG:root:Matched frame over all scan:1059

DEBUG:root:Errors over all scan:20

DEBUG:root:Result:replica detected
DEBUG:root:Match or Not:True
DEBUG:root:Real time1487957763.33

DEBUG:root:Extracted signature:bitarray('10011111110000000011111110001100111111000011011111100001101011100000110111000001101100101101111111101111110011000011001110001000101111111001110000000101001111000000000111111000000011011100000011011100000110000100000100010000010110001101110011011011101111000100010010000100')
DEBUG:root:Matched frame over all scan:1060

DEBUG:root:Errors over all scan:24

DEBUG:root:Result:replica detected
DEBUG:root:Match or Not:True
DEBUG:root:Real time1487957763.53

DEBUG:root:Extracted signature:bitarray('10011111110000000001111110000001001111100000010111110000000011110000101111000001111100000111100000111111001111000111000010000100000100011000111100001101100111110001101001110100011001111100000011011100000010110100000111000001101110001111000010100011100011101100010000010100')
DEBUG:root:Matched frame over all scan:1061

DEBUG:root:Errors over all scan:24

DEBUG:root:Result:replica detected
DEBUG:root:Match or Not:True
DEBUG:root:Under real time Point counter:0.227725982666

DEBUG:root:Extracted signature:bitarray('10011111110001000011111110001101111111101001011111110100001111110000011111000000111100000111100000110000011111001111001110001000000000011110011000000001110011110011001100111100000011101100000101101100000111111000000011110000001111000111100011100000011001010110010010010100')
DEBUG:root:Matched frame over all scan:1063

DEBUG:root:Errors over all scan:24

DEBUG:root:Result:replica detected
DEBUG:root:Match or Not:True
DEBUG:root:Real time1487957763.96

DEBUG:root:Extracted signature:bitarray('10000111110001111000111110001110011110011111011111001111001111111110001111111100011111100001111100001111000011100011110011100111011111110001100110010010011101111100011101110110001101111001011101111100111101110001000111001111101011111100011111000111100011100011000000000100')
DEBUG:root:Matched frame over all scan:1064

DEBUG:root:Errors over all scan:25

DEBUG:root:Result:replica detected
DEBUG:root:Match or Not:True
DEBUG:root:Real time1487957764.16

DEBUG:root:Extracted signature:bitarray('10000111110001110000111110001100011110011111011111001111001111101110001111111100011111100001111100001111000111100011110011100111111111100001100110010010011101110100011111110110001111111010011101111000111101110011100011001111101011111100011111000111100001100011000000000100')
DEBUG:root:Matched frame over all scan:1064

DEBUG:root:Errors over all scan:19

DEBUG:root:Result:replica detected
DEBUG:root:Match or Not:True
DEBUG:root:Real time1487957764.36

DEBUG:root:Extracted signature:bitarray('10000111110000110000111110001110011110011000011111001110001111101100001111110000011111000001111000011110000110000010000010110011010010010001100110000010011101111100001111111110001011111000111101111101111101111111111011011111101001111100001111000011100011101111001101101100')
DEBUG:root:Matched frame over all scan:1065

DEBUG:root:Errors over all scan:43

DEBUG:root:Result:replica detected
DEBUG:root:Match or Not:True
DEBUG:root:Real time1487957764.56

DEBUG:root:Extracted signature:bitarray('11000111110001110000111110001110110110000011011111001111101111101100001111111000011111100001111100001111000111100011100011110111111111110001100011010010011100111100011111111111000011111011111001111000111101110011111011001111101001101101011111000111100011100011000000000100')
DEBUG:root:Matched frame over all scan:1066

DEBUG:root:Errors over all scan:15

DEBUG:root:Result:replica detected
DEBUG:root:Match or Not:True
DEBUG:root:Real time1487957764.76

DEBUG:root:Extracted signature:bitarray('11000111110000010000111110001110110100010001110000001110010111001100001111111000011111110001111100001111000111110011110001110111011111110011100110000010011100110100001011111111000101111010011101111001111101110011111011001111101001101101001011000101101001100011000000000100')
DEBUG:root:Matched frame over all scan:1067

DEBUG:root:Errors over all scan:19

DEBUG:root:Result:replica detected
DEBUG:root:Match or Not:True
DEBUG:root:Real time1487957764.96

DEBUG:root:Extracted signature:bitarray('11000111110001111000111110001110011111000111011111001111101111101110001111111110011111110001111100001111000111100011110011110111011111110011100011000010011101101100011101111001000111111010111101111001111101111011000011011101101001111100001111000111100001100011000000000100')
DEBUG:root:Matched frame over all scan:1069

DEBUG:root:Errors over all scan:28

DEBUG:root:Result:replica detected
DEBUG:root:Match or Not:True
DEBUG:root:Real time1487957765.16

DEBUG:root:Extracted signature:bitarray('11000111110001110000111110001110011100011111011111001111001111111110001111111100011111100001111100001111000111100011110011100111011111110011100110000010011101111100011111111110000111111010011101111001111101110011100011001111101001111101011111000111100001100011000000000100')
DEBUG:root:Matched frame over all scan:1070

DEBUG:root:Errors over all scan:16

DEBUG:root:Result:replica detected
DEBUG:root:Match or Not:True
DEBUG:root:Real time1487957765.36

DEBUG:root:Extracted signature:bitarray('10000111110001111000111110001110011100011110011110001111101111011110001111111100011111100001111100001110000111000011100011100111011111100011000110100010011101111100011111111100000101111010011101111000111101110000000101001111101111111100011111000111100011100011000000000100')
DEBUG:root:Matched frame over all scan:1071

DEBUG:root:Errors over all scan:31

DEBUG:root:Result:replica detected
DEBUG:root:Match or Not:True
DEBUG:root:Real time1487957765.56

DEBUG:root:Extracted signature:bitarray('11000111110000111000111110000010011100111110011110001111001111011110001111111100011111100001111100001111000111100011100011100111011111110011100110100110011100011100011101111110000101110110001101111000111101110000000100001111101001111101011111000111100011100011000000000100')
DEBUG:root:Matched frame over all scan:1070

DEBUG:root:Errors over all scan:30

DEBUG:root:Result:replica detected
DEBUG:root:Match or Not:True
DEBUG:root:Real time1487957765.76

DEBUG:root:Extracted signature:bitarray('10001111110000010001111111110000111111111100011111111110001111111100001111111111011111111101111110001111000011100011110011100111011110110000111111001110000111001000110101110000001111111000000011000000110010000111000100111000101110001101011111000111101001100011000000000100')
DEBUG:root:Matched frame over all scan:1072

DEBUG:root:Errors over all scan:30

DEBUG:root:Result:replica detected
DEBUG:root:Match or Not:True
DEBUG:root:Real time1487957765.96

DEBUG:root:Extracted signature:bitarray('10000111110000010000111110000010111111100000011101110000011111111000011111110000111111100001111100001111000111100011100011100111011110011001110000111100111110000111101111110000111001111100011101110100011111000000111100001111011001111100011111000111100011100011000000000100')
DEBUG:root:Matched frame over all scan:1073

DEBUG:root:Errors over all scan:33

DEBUG:root:Result:replica detected
DEBUG:root:Match or Not:True
DEBUG:root:Real time1487957766.16

DEBUG:root:Extracted signature:bitarray('10001101100001110001111000000010011100000000101111000000001111100000001111001100011110110001111100001111000111100011110011110111111111110110111100111110010111100111101101111000111011011100010011000100010010000010010100001111111001111100011111000111101011100011000000000100')
DEBUG:root:Matched frame over all scan:1075

DEBUG:root:Errors over all scan:30

DEBUG:root:Result:replica detected
DEBUG:root:Match or Not:True
DEBUG:root:Real time1487957766.36

DEBUG:root:Extracted signature:bitarray('10001111100011110001111000000010011110000100001111000011001111100000001111101100011110110001111100001111000111100011110011100111111110010110011100111110011101100111101111111001110011011100110011000000010010000010010100001101111001111100011111000111100011100011000000000100')
DEBUG:root:Matched frame over all scan:1075

DEBUG:root:Errors over all scan:35

DEBUG:root:Result:replica detected
DEBUG:root:Match or Not:True
DEBUG:root:Real time1487957766.56

DEBUG:root:Extracted signature:bitarray('10000110100011110001111000010010011110000100001111100011101111100000001111100100011110110001111100001111000011100011110011100111011110010110011100111100011101100111101111111001100011111100110011100000010011000010010100000111111001111100011111000111100011100011000000000100')
DEBUG:root:Matched frame over all scan:1076

DEBUG:root:Errors over all scan:33

DEBUG:root:Result:replica detected
DEBUG:root:Match or Not:True
DEBUG:root:Real time1487957766.77

DEBUG:root:Extracted signature:bitarray('10000110000100010001110001100010011110011100001111100111101111110011101111100111011110001101111000101110001111000111001110011100100000000010011100100110011001100110101110011001100011001100010011100100110010001001000101101110011001111100000110100110010110011100100010010100')
DEBUG:root:Matched frame over all scan:1079

DEBUG:root:Errors over all scan:35

DEBUG:root:Result:replica detected
DEBUG:root:Match or Not:True
DEBUG:root:Real time1487957766.97

DEBUG:root:Extracted signature:bitarray('10000110000100010001110001100010011100001000001111100111101111100011101111100111011110011101111001101110001011001111001110011000100000010010011100100010011001100101101100111001100011001100010011000100110010001011000101001100011001111110001100100110011110011000100010010100')
DEBUG:root:Matched frame over all scan:1080

DEBUG:root:Errors over all scan:35

DEBUG:root:Result:replica detected
DEBUG:root:Match or Not:True
DEBUG:root:Real time1487957767.17

DEBUG:root:Extracted signature:bitarray('10000110000100010001110001100010011100011000101110100110001111110011101111100111011110001101111000100110001011000111001110000100010000010010011100101010011001100101001100111001100011011100010011001100010010001011000101001110011001110011000110100110010110011100100010001100')
DEBUG:root:Matched frame over all scan:1080

DEBUG:root:Errors over all scan:25

DEBUG:root:Result:replica detected
DEBUG:root:Match or Not:True
DEBUG:root:Real time1487957767.37

DEBUG:root:Extracted signature:bitarray('10000110000100010001110001100010011100111000011110000100101111110001101111100111011110000101111100011111000100100010000010000100000101100110011100100010110001100100101100111001100111011100010011001100010010010011100111001110011001111010010110101011001100011000100010000100')
DEBUG:root:Matched frame over all scan:1081

DEBUG:root:Errors over all scan:19

DEBUG:root:Result:replica detected
DEBUG:root:Match or Not:True
DEBUG:root:Real time1487957767.57

DEBUG:root:Extracted signature:bitarray('10000110000100010001110001100010011100011000011110000100101111110001101111100111011110000101111100011111000100000010000010000100000101110010011100100010010011100100001100111001100111001100010011001100010010010011100111001110011001111010010110101011001110011000100010010100')
DEBUG:root:Matched frame over all scan:1081

DEBUG:root:Errors over all scan:17

DEBUG:root:Result:replica detected
DEBUG:root:Match or Not:True
DEBUG:root:Real time1487957767.77

DEBUG:root:Extracted signature:bitarray('10000111111000010001100111000010111001110000111110011000011111011000011110110001011111001101111000101110000101000011000110000100010000000001111100111100001111110110101001111100111000111110011100001100001110110011100111001110011001011100000110010010011110011000100010011100')
DEBUG:root:Matched frame over all scan:1083

DEBUG:root:Errors over all scan:64

DEBUG:root:Result:tau3_fail
DEBUG:root:Match or Not:False
DEBUG:root:Real time1487957767.97

DEBUG:root:Extracted signature:bitarray('11100111100100011001111111100010011111011000011111100100011111110000001111100011011110001101111000101110000111000111000110000100010000010000000100101110010011100100001110111001100111011100011011111100000011110011100111001110011001111001000110110110010100011000100010010100')
DEBUG:root:Matched frame over all scan:1083

DEBUG:root:Errors over all scan:18

DEBUG:root:Result:replica detected
DEBUG:root:Match or Not:True
DEBUG:root:Real time1487957768.17

DEBUG:root:Extracted signature:bitarray('10011111000100010001111001100000111111001000011111110110001111111110001111111111011111111101111111101111000011100001100011000100010001111100111100100011100001100100011100011000100110001100011011001100001011100000000110010000010010001110000011100011001110011000100010001100')
DEBUG:root:Matched frame over all scan:1084

DEBUG:root:Errors over all scan:47

DEBUG:root:Result:replica detected
DEBUG:root:Match or Not:True
DEBUG:root:Real time1487957768.37

DEBUG:root:Extracted signature:bitarray('10011111001000010001111001100000111111001000011111110110001111111110001111111111011111111101111110101111000011100001100011100100010001111100111100100011100011100100011100011000100110001100011011111000001011100000000100100000011110001111000111100010000110011000100010000100')
DEBUG:root:Matched frame over all scan:1085

DEBUG:root:Errors over all scan:40

DEBUG:root:Result:replica detected
DEBUG:root:Match or Not:True
DEBUG:root:Real time1487957768.57

DEBUG:root:Extracted signature:bitarray('10011110001000110001110011101100111111111011011111111000001111111100001111111110011111111001111111001111111011111101110000000100010000011100111100111011100011100110011100111001100110001100111011111000001111110000001101000001111110001111000011100000110000011000100010001100')
DEBUG:root:Matched frame over all scan:1086

DEBUG:root:Errors over all scan:52

DEBUG:root:Result:replica detected
DEBUG:root:Match or Not:True
DEBUG:root:Real time1487957768.77

DEBUG:root:Extracted signature:bitarray('10001110000001110001110011001100111101110011011110111100101001111111000111111111011111111101111111101111010011111001111101110010010000011000011100110011100001101100011100111001100110001100011011111000000011100000000100100000011110001111100111010101101100111000100010000100')
DEBUG:root:Matched frame over all scan:1089

DEBUG:root:Errors over all scan:44

DEBUG:root:Result:replica detected
DEBUG:root:Match or Not:True
DEBUG:root:Real time1487957768.97

DEBUG:root:Extracted signature:bitarray('10001110000000110001110011001100111101110011011110111100101101111111000111111111011111111100111111101110011011011101011100110010010000001000011100110011100011101100011100111001000110011100011011111000000011100000000100100000011110001111100110010101001100011000100010000100')
DEBUG:root:Matched frame over all scan:1088

DEBUG:root:Errors over all scan:47

DEBUG:root:Result:replica detected
DEBUG:root:Match or Not:True
