DEBUG:root:Under real time Point counter:3.50475311279e-05

DEBUG:root:Extracted signature:bitarray('11001101000001111001110000001110011110000011001111000001101111100001100011000011001100001101110001101000001110000010000010000100010010111000100011110100001110011111100011100111111010110011111101111011111100011111111001111111100111111100111110001111010111010100100010110000')
DEBUG:root:Matched frame over all scan:318

DEBUG:root:Errors over all scan:83

DEBUG:root:Result:tau3_fail
DEBUG:root:Match or Not:False
DEBUG:root:Under real time Point counter:0.318103790283

DEBUG:root:Extracted signature:bitarray('11001100000011111001110000011100011100100011001111100011101111100011100011000011001110001101110000111000011011011110010010000001101111111000100011100100001110011111100011100111111011110011111101100011111101001111111001111111001111111100011111001111110110010001100101110000')
DEBUG:root:Matched frame over all scan:320

DEBUG:root:Errors over all scan:88

DEBUG:root:Result:tau2_fail
DEBUG:root:Match or Not:False
DEBUG:root:Under real time Point counter:0.249938011169

DEBUG:root:Extracted signature:bitarray('11001111000011111001110000011100011100100111001111100001101111100001101011000011001110011101110001101100001110000110000010000100010010011000100011110100000110011111100001100111111010110011111101110011111101011111111001111111100111111100111110001111010111010100100010010000')
DEBUG:root:Matched frame over all scan:311

DEBUG:root:Errors over all scan:85

DEBUG:root:Result:tau2_fail
DEBUG:root:Match or Not:False
DEBUG:root:Under real time Point counter:0.256828069687

DEBUG:root:Extracted signature:bitarray('11001101000011111001110000011111111100000111001111100011101111100011101111000011001100001001110000111000011000111100011000011001101101111000100011100110001110011111100011100111111011110011111101110001111101101101111000111111101001111101011111001110110100110001001101010000')
DEBUG:root:Matched frame over all scan:4049

DEBUG:root:Errors over all scan:80

DEBUG:root:Result:tau3_fail
DEBUG:root:Match or Not:False
DEBUG:root:Under real time Point counter:0.252421140671

DEBUG:root:Extracted signature:bitarray('11001110000011111001110000011110011100000011001111100001101111100011100111000110001100001100110001101100011110001110001110000100011110011000100011110100000110011111100001100111111010110011111101110011111000011111111001111111100101111101011111001110110110110001100110110000')
DEBUG:root:Matched frame over all scan:320

DEBUG:root:Errors over all scan:86

DEBUG:root:Result:tau3_fail
DEBUG:root:Match or Not:False
DEBUG:root:Under real time Point counter:0.252762079239

DEBUG:root:Extracted signature:bitarray('11001111000011111001110000111100111100001111000111000111100111100011101111000011101100001100110001100000111011111101111100000001111111011000110011110100000110011111101101100111111010110011111101110111111101101111111000011111100001111101111101001110100100110001101101111000')
DEBUG:root:Matched frame over all scan:2595

DEBUG:root:Errors over all scan:87

DEBUG:root:Result:tau2_fail
DEBUG:root:Match or Not:False
DEBUG:root:Under real time Point counter:0.253751039505

DEBUG:root:Extracted signature:bitarray('11001110000001111001110000001110011100000011001111100001101111100001100111000010111100001010110001100110011010001110001110001100111111011000110011001110000110011101101001100111111011110011111101100001111100101110110001111111100001111100011111001110101100110001100101110000')
DEBUG:root:Matched frame over all scan:320

DEBUG:root:Errors over all scan:92

DEBUG:root:Result:tau2_fail
DEBUG:root:Match or Not:False
DEBUG:root:Under real time Point counter:0.258682966232

DEBUG:root:Real time1487955952.36

DEBUG:root:Extracted signature:bitarray('11001100000011111111110000011111111100000111001111100011101111100011101011000111101100011100010011100110111011011101011100011000011111011000100011110100110110011111101101100111111011110001111101110110111101000011111010001111100011110101111001011100111000110011001101010000')
DEBUG:root:Matched frame over all scan:2595

DEBUG:root:Errors over all scan:85

DEBUG:root:Result:tau1_fail
DEBUG:root:Match or Not:False
DEBUG:root:Under real time Point counter:0.291098117828

DEBUG:root:Extracted signature:bitarray('11001111110011011001110000011111111001100111001111110011101111110011101111100011100010001110010001110110000111000010111101111011101111111000100011111010000110011111101111000111111011100001111101110010011100000111111000001111000011110010111000111000011001100011001101101000')
DEBUG:root:Matched frame over all scan:2553

DEBUG:root:Errors over all scan:79

DEBUG:root:Result:tau3_fail
DEBUG:root:Match or Not:False
DEBUG:root:Under real time Point counter:0.308289051056

DEBUG:root:Extracted signature:bitarray('11111100110111101011111110111100111111001110011111100111101111100111101111100110011110111100000111100001111000111100011100111011101000010000111111011101000011111111101000111111111010011100111101011100010101111000101011100010101000111101001111011111001111001110011011010000')
DEBUG:root:Matched frame over all scan:4905

DEBUG:root:Errors over all scan:75

DEBUG:root:Result:tau3_fail
DEBUG:root:Match or Not:False
DEBUG:root:Under real time Point counter:0.27001786232

DEBUG:root:Extracted signature:bitarray('11111101100111100111111100111100111111001111011111101110001111111111001111100100011110011011100001110001011001111101111101011001101111110000011111111101000011111111101000111111111010011001111100001110000101001100001100100000110100011100000111011011101111001110001101110000')
DEBUG:root:Matched frame over all scan:5028

DEBUG:root:Errors over all scan:80

DEBUG:root:Result:tau3_fail
DEBUG:root:Match or Not:False
DEBUG:root:Under real time Point counter:0.252394914627

DEBUG:root:Extracted signature:bitarray('11111111110011101111111110111100111111001111011111001111101111001111101110001111011100111101000111100001111000111100111100110011011000010000011111111101000011111111101000111111111010011001111100111000101101110001011011000101101001101101011111011111001111001110011011001000')
DEBUG:root:Matched frame over all scan:4905

DEBUG:root:Errors over all scan:69

DEBUG:root:Result:tau3_fail
DEBUG:root:Match or Not:False
DEBUG:root:Under real time Point counter:0.267138004303

DEBUG:root:Extracted signature:bitarray('11111100100111101111111110111100111111001100011111101100101111101101101111001111011100110011100100110000001100011100011100111011101000010000011111111101000011111111101000111111101010011001110100011100001101111001001011100100101000111001001110010111001111001110011010110000')
DEBUG:root:Matched frame over all scan:4714

DEBUG:root:Errors over all scan:77

DEBUG:root:Result:tau3_fail
DEBUG:root:Match or Not:False
DEBUG:root:Under real time Point counter:0.255717039108

DEBUG:root:Extracted signature:bitarray('11111111110111101111111110111100111111001111011111100111101111100111101111001110011110111101111111101111111011111100111101111011101100010000111110011101000011111011101000111111111010011100111100111100111101111000101001100110100100111101011111011111001111001110011011000000')
DEBUG:root:Matched frame over all scan:5006

DEBUG:root:Errors over all scan:59

DEBUG:root:Result:tau3_fail
DEBUG:root:Match or Not:False
DEBUG:root:Under real time Point counter:0.262158155441

DEBUG:root:Extracted signature:bitarray('11111110101111101111111110111100111111001101011111101100001111101100101111001101011100110101100100010000000100011100111100111011110000010000011111111101000011110111101000111111101010011001110100011100001101111001001011100100110100111001001111010111101111001110011011010000')
DEBUG:root:Matched frame over all scan:4714

DEBUG:root:Errors over all scan:80

DEBUG:root:Result:tau3_fail
DEBUG:root:Match or Not:False
DEBUG:root:Under real time Point counter:0.261319160461

DEBUG:root:Extracted signature:bitarray('11111110110111101111111100111101111111001100011111100110001111110010001111100110011100111101100110000001100000111100111101111011101100010000011111111101100011111111101000111111111010011100011100001110011101011100001000110100100011111100011111011111001111001010011011010000')
DEBUG:root:Matched frame over all scan:5006

DEBUG:root:Errors over all scan:74

DEBUG:root:Result:tau3_fail
DEBUG:root:Match or Not:False
DEBUG:root:Under real time Point counter:0.256366968155

DEBUG:root:Extracted signature:bitarray('11111111111111100111111110111100111111001111011111101110001111111100001111001100011100110011100010010000111100011101111101011001101111110000111111111101100011111111101000111111111010011001110100001100000101011001001000100110110100011110000111001011101111001111011010010000')
DEBUG:root:Matched frame over all scan:5701

DEBUG:root:Errors over all scan:77

DEBUG:root:Result:tau3_fail
DEBUG:root:Match or Not:False
DEBUG:root:Under real time Point counter:0.254213809967

DEBUG:root:Extracted signature:bitarray('10011111111111100011111111111101111111011111011111100111001111100010001111100100011100010011100111110000111100010010010000111011101000010000011110111101100011111111101000111111111010011100111100011100010100011000101000100110100000111100001111001111100011001110011011010000')
DEBUG:root:Matched frame over all scan:4689

DEBUG:root:Errors over all scan:76

DEBUG:root:Result:tau3_fail
DEBUG:root:Match or Not:False
DEBUG:root:Under real time Point counter:0.252568006516

DEBUG:root:Extracted signature:bitarray('10011101111111100011111111111101111111011111010111101110001111111110001111101100111100010011000010010000011110011000110001111011101111110000011111111101100011111111101000111111111010011101110100001110100101011101001000100000110000011110000111101011100111000110011111010000')
DEBUG:root:Matched frame over all scan:4720

DEBUG:root:Errors over all scan:77

DEBUG:root:Result:tau3_fail
DEBUG:root:Match or Not:False
DEBUG:root:Under real time Point counter:0.25536108017

DEBUG:root:Extracted signature:bitarray('10011101101111100011111101111101111111011111010111100110000011110010001111100000111100000011000010010000100100000110001100111011101100010000111111011101000011111111101000111111111010011100011100001110011101011100001000111000110011111010011110001111000101001010011011010000')
DEBUG:root:Matched frame over all scan:586

DEBUG:root:Errors over all scan:82

DEBUG:root:Result:tau3_fail
DEBUG:root:Match or Not:False
DEBUG:root:Under real time Point counter:0.253672122955

DEBUG:root:Extracted signature:bitarray('10011111111111100011111111111101111111011111010111101110000011111110001111101100111100010011000010010000011100011100110001111011101111110000111110111101100011110111101000111111111010011101110100001110100101011001001000100000110100011110000111100011100111000110011110010000')
DEBUG:root:Matched frame over all scan:4720

DEBUG:root:Errors over all scan:77

DEBUG:root:Result:tau3_fail
DEBUG:root:Match or Not:False
DEBUG:root:Under real time Point counter:0.262331008911

DEBUG:root:Extracted signature:bitarray('10011111111111100011111111111100111111011111010111110110000001110010000011100100011110011011000011110000111100011110010010000101101111110000011111111101000011111111101000111111111010001111111100001110000101011100101100110011110010011100001111000111100011001110010001110000')
DEBUG:root:Matched frame over all scan:4687

DEBUG:root:Errors over all scan:86

DEBUG:root:Result:tau2_fail
DEBUG:root:Match or Not:False
DEBUG:root:Under real time Point counter:0.270754098892

DEBUG:root:Extracted signature:bitarray('11011101110111100011111110111100111111011111011111101111101111101110001111001100011100001111000011110001101100110000110001100110010000010000111110011101000011110011101000111111111010011000111100111000101101111001001011100100100001101100011111001111101111101110011011001000')
DEBUG:root:Matched frame over all scan:5100

DEBUG:root:Errors over all scan:81

DEBUG:root:Result:tau3_fail
DEBUG:root:Match or Not:False
DEBUG:root:Under real time Point counter:0.254903078079

DEBUG:root:Extracted signature:bitarray('11111111111111100011111111111100111111011111011111100111001011110010001111110000111110000011000010110000101100000110000100011010010000010000111111111101100011111111101000111111111010011100011101001110010101011100001000111000110011011010011110101111011001001010011011010000')
DEBUG:root:Matched frame over all scan:4840

DEBUG:root:Errors over all scan:83

DEBUG:root:Result:tau3_fail
DEBUG:root:Match or Not:False
DEBUG:root:Under real time Point counter:0.251462936401

DEBUG:root:Extracted signature:bitarray('10011100110111100011111110111100111111011111011111101111101011111001101111110000111100000011000000110000001100000110011100011011010000010000111110011101000011110011101000111111001010011001100100011000001101111001001011100100110100111110001111100111100111101010011010000000')
DEBUG:root:Matched frame over all scan:2794

DEBUG:root:Errors over all scan:89

DEBUG:root:Result:tau3_fail
DEBUG:root:Match or Not:False
DEBUG:root:Under real time Point counter:0.259225130081

DEBUG:root:Extracted signature:bitarray('10011100110111100111111110111101101111101111000111101110000111110110001111100000111110011011000011010000110100111100111100111011101101110000011111011101000011110011101000111111111010001101110100001110000101011100101100110011010011111010111110101111010111011110110010110000')
DEBUG:root:Matched frame over all scan:4722

DEBUG:root:Errors over all scan:81

DEBUG:root:Result:tau3_fail
DEBUG:root:Match or Not:False
DEBUG:root:Under real time Point counter:0.259699106216

DEBUG:root:Extracted signature:bitarray('11111110110011101111110110111101111111101111011111001111000111001110001111001100011100110011000010010000011100001100011100011011010000011100111111011100100111110011101101111111101010011000100101011000001100011001001000100100110100011010000110100011010111010110101010010000')
DEBUG:root:Matched frame over all scan:4691

DEBUG:root:Errors over all scan:78

DEBUG:root:Result:tau3_fail
DEBUG:root:Match or Not:False
DEBUG:root:Under real time Point counter:0.280278921127

DEBUG:root:Extracted signature:bitarray('10111110110011101111111111111101111111111111011110001111001111100110001111101100011100111000000111100101111010111100111100011001101101010000111110011101100011111011101000111111111010000101111100001110010101011100101000110010100011011100111111001111100111010110101011011000')
DEBUG:root:Matched frame over all scan:5005

DEBUG:root:Errors over all scan:73

DEBUG:root:Result:tau3_fail
DEBUG:root:Match or Not:False
DEBUG:root:Under real time Point counter:0.251119852066

DEBUG:root:Extracted signature:bitarray('10111110111111100111111111111101111111111111011110001111001111100110001111101100011100111000000111100101111010111100111100011001101101010000111111111101000011111011101000111111111010000101111100001110010101011100101000110010100011011100111111001111100111010110101011011000')
DEBUG:root:Matched frame over all scan:5005

DEBUG:root:Errors over all scan:71

DEBUG:root:Result:tau3_fail
DEBUG:root:Match or Not:False
DEBUG:root:Under real time Point counter:0.253482818604

DEBUG:root:Extracted signature:bitarray('10011110110011100011111110011101111111111111011111101111001111100110001111101100011110111000010111100101111000111100111100011001101101110000111110011101000011110011101000111111011010011100111100011100011101011100101000110010100110110100101101001111100111010110101011010000')
DEBUG:root:Matched frame over all scan:5004

DEBUG:root:Errors over all scan:76

DEBUG:root:Result:tau3_fail
DEBUG:root:Match or Not:False
DEBUG:root:Under real time Point counter:0.256806850433

DEBUG:root:Extracted signature:bitarray('10011110110011100011111110111101111111111111011111101111001111110110001111101100011110011000010111100001111000111100111100011011101100010000111110011101000011110011101000111111111010011100111101001100010100011100101000110010100110110100101111001111100111010110101011011000')
DEBUG:root:Matched frame over all scan:4687

DEBUG:root:Errors over all scan:74

DEBUG:root:Result:tau3_fail
DEBUG:root:Match or Not:False
DEBUG:root:Under real time Point counter:0.257367134094

DEBUG:root:Extracted signature:bitarray('11110001111101101101111111000101111100110001111100001000111100001001110000000011100000011110000011100001111000111101110011000100000000011000011111111101000111111111100011110111111011100001101111000001101110010010010101100011010110011010101110100111010111011000100010010000')
DEBUG:root:Matched frame over all scan:4039

DEBUG:root:Errors over all scan:82

DEBUG:root:Result:tau3_fail
DEBUG:root:Match or Not:False
DEBUG:root:Under real time Point counter:0.323838949203

DEBUG:root:Extracted signature:bitarray('11100011111111101000011110011100111111100110011100010000011000000000010000000000100100000011100000010000111100011100011100111000010000011000001111101101000111011110101011100111101011110011110101100011111001000111100010011110001011011001110110011110001100001000010001001000')
DEBUG:root:Matched frame over all scan:4371

DEBUG:root:Errors over all scan:90

DEBUG:root:Result:tau3_fail
DEBUG:root:Match or Not:False
DEBUG:root:Under real time Point counter:0.262948989868

DEBUG:root:Extracted signature:bitarray('11000001111000011001111011010010011100101100111110000110011100001110011000011111100001111100001111100010111000111101111101000110011011111000011111101110000111011111100011100111101011110011111101100011011101000111010010011101001111011001100110010111001111001100110011010000')
DEBUG:root:Matched frame over all scan:1295

DEBUG:root:Errors over all scan:87

DEBUG:root:Result:tau3_fail
DEBUG:root:Match or Not:False
DEBUG:root:Under real time Point counter:0.252004861832

DEBUG:root:Extracted signature:bitarray('11000011111000011000111111110010001101101100001110000110001100011111111000111111000011111101011111101111111010111100111101111011111111111000001111111110000011011111110001100111011001100011001101100001011101001111011001111101101111111101101111010111001111001100010001010000')
DEBUG:root:Matched frame over all scan:3363

DEBUG:root:Errors over all scan:77

DEBUG:root:Result:tau3_fail
DEBUG:root:Match or Not:False
DEBUG:root:Under real time Point counter:0.250720977783

DEBUG:root:Extracted signature:bitarray('11000001111000010000011111000010001101110001100110001001101110001111101100011111010001111100001111100100111000011000111001110110010010011000000111100111000011111100101000111111101010111011000100111011100001100111100010001111001000111001100110010011000011001110010011000000')
DEBUG:root:Matched frame over all scan:1295

DEBUG:root:Errors over all scan:88

DEBUG:root:Result:tau2_fail
DEBUG:root:Match or Not:False
DEBUG:root:Under real time Point counter:0.257657051086

DEBUG:root:Extracted signature:bitarray('11000000111000110000110011001110001110000011100111000011100110000111101100011111010001111100001111100011111001111101111101111011101101111000001111001110000011111100101000111111101010111011111100111001111001100111110010011111101011111101111111010111001111001110010001001000')
DEBUG:root:Matched frame over all scan:5352

DEBUG:root:Errors over all scan:77

DEBUG:root:Result:tau3_fail
DEBUG:root:Match or Not:False
DEBUG:root:Under real time Point counter:0.253371953964

DEBUG:root:Extracted signature:bitarray('11100111000000111000111000001110001110000011110110000001111100000011111000011000100001100110011100101111111011111101111101111011101101111000001111100111000011111100100001111111101000110011111101110001100001000111000010011111001011001101110111011111001111001110010011010000')
DEBUG:root:Matched frame over all scan:1289

DEBUG:root:Errors over all scan:80

DEBUG:root:Result:tau1_fail
DEBUG:root:Match or Not:False
DEBUG:root:Under real time Point counter:0.260995864868

DEBUG:root:Extracted signature:bitarray('11110001111000010110000111000011100000110000111000011000011000000000010000000011100000000110110110011101110011111001111111111110010111011000001111100101000011111000101100110110001010010011000111000001100111000011100110011001001011011100111110001111001110001100110010010000')
DEBUG:root:Matched frame over all scan:1359

DEBUG:root:Errors over all scan:95

DEBUG:root:Result:tau2_fail
DEBUG:root:Match or Not:False
DEBUG:root:Under real time Point counter:0.259500026703

DEBUG:root:Extracted signature:bitarray('10011111000000110111111000001001111110000000111111000000011110000000010000000001100001001110011111100111111011111101111101111011101111111000000111101101010001111001101110001110001011000011000101000001000101000011001010011001101011001101111110011111001111001000010001010000')
DEBUG:root:Matched frame over all scan:1395

DEBUG:root:Errors over all scan:68

DEBUG:root:Result:replica detected
DEBUG:root:Match or Not:True
DEBUG:root:Under real time Point counter:0.258016824722

DEBUG:root:Extracted signature:bitarray('11000001111100011000011111000011100011110000110100011000010100011001011000110011100011101110011111000111110011110001100011000100010011111000000111100110010001111100100100001111101011000011110101000001100101000011011010011001101011011101111101011110101100001000110011010000')
DEBUG:root:Matched frame over all scan:4

DEBUG:root:Errors over all scan:77

DEBUG:root:Result:tau3_fail
DEBUG:root:Match or Not:False
DEBUG:root:Under real time Point counter:0.254868984222

DEBUG:root:Extracted signature:bitarray('11000001111100111000011111000011000011110000100100011100010100001100011000011001100001111110011110000111100011110001100010000100010000011000001111000110010001111100101100001111101011000011101101000001101101000010011010011001101011011101111101011110101100001000110011010000')
DEBUG:root:Matched frame over all scan:1312

DEBUG:root:Errors over all scan:78

DEBUG:root:Result:tau3_fail
DEBUG:root:Match or Not:False
DEBUG:root:Under real time Point counter:0.258164167404

DEBUG:root:Extracted signature:bitarray('11000001111000111000011111000111000111110000100100011100010100001100111000111011100001111110001111000111100011110001100010000100010000011000001111000110000011111100110100001111101010000011111101000001101101000010011010011001101011011101111101011110101100001000110011010000')
DEBUG:root:Matched frame over all scan:1312

DEBUG:root:Errors over all scan:82

DEBUG:root:Result:tau3_fail
DEBUG:root:Match or Not:False
DEBUG:root:Under real time Point counter:0.25713801384

DEBUG:root:Extracted signature:bitarray('11011100011100111001101001100110011111011001001101100001101100000001111001000001100100000011100000010000000100000010000010100101101101110001100001111110001110001111100001110011101010100000111101000001111101000001111100101111011100011010000000100000010100010100101110010000')
DEBUG:root:Matched frame over all scan:369

DEBUG:root:Errors over all scan:91

DEBUG:root:Result:tau3_fail
DEBUG:root:Match or Not:False
DEBUG:root:Under real time Point counter:0.250433921814

DEBUG:root:Extracted signature:bitarray('11011100001100111001100001100110011011001001101100100001111100000001111000000001100110000011100000010000000100000010000010000101101101011001100001100111000110001100110000110001001010100000110101100000111101000011111001101110001100010011000000100000010100010000101010010000')
DEBUG:root:Matched frame over all scan:1966

DEBUG:root:Errors over all scan:81

DEBUG:root:Result:tau3_fail
DEBUG:root:Match or Not:False
DEBUG:root:Under real time Point counter:0.248480081558

DEBUG:root:Extracted signature:bitarray('11011100001100111001100001100110011010001001101100100001111100000001111000000001100110000011100000011000000100000010000010000101100101111001100001100111001110001100100001100001001010100000110101100000111101000011111000101110001100001011000000100000010000010100101010010000')
DEBUG:root:Matched frame over all scan:1966

DEBUG:root:Errors over all scan:82

DEBUG:root:Result:tau3_fail
DEBUG:root:Match or Not:False
DEBUG:root:Under real time Point counter:0.251745939255

DEBUG:root:Extracted signature:bitarray('11011100001100111001100001100110011010001000101100100000111100000001111001000001100100000011100000011000000100000010000010000101101101110001100001110111001100001110100001110001101010000000110101100001111101000011111000111110001110001011000000100000010000010100101010010000')
DEBUG:root:Matched frame over all scan:1966

DEBUG:root:Errors over all scan:81

DEBUG:root:Result:tau3_fail
DEBUG:root:Match or Not:False
DEBUG:root:Under real time Point counter:0.245069980621

DEBUG:root:Extracted signature:bitarray('11011100001100111001100001100110011010001000101100100000111100000000111001000001100100000011100000010000000100000010000010000101101101110001100001110111001110001110100001110001101010100000110101100000111101000011111000111110001110000011000000100000010010010100101010010000')
DEBUG:root:Matched frame over all scan:1966

DEBUG:root:Errors over all scan:84

DEBUG:root:Result:tau3_fail
DEBUG:root:Match or Not:False
DEBUG:root:Under real time Point counter:0.247485160828

DEBUG:root:Extracted signature:bitarray('11011100001100111001100001100110011010001000101100100000111100000001111000000001100100000011100000011000000100000010000010000101101101111001100001100111001110001110100001100001001010100000110101100001111101000011111000101110001110000011000000100000010000010100101010010000')
DEBUG:root:Matched frame over all scan:1966

DEBUG:root:Errors over all scan:80

DEBUG:root:Result:tau3_fail
DEBUG:root:Match or Not:False
DEBUG:root:Under real time Point counter:0.248692989349

DEBUG:root:Extracted signature:bitarray('11011100001100111001100001100110011011001001101100100000111100000001111001000001100110000011100000010000000100000010000010000101101101010001100001100111001100001110110001100011001010100001110101100001111101000011111000101110001100001011000000100000010110010100101010010000')
DEBUG:root:Matched frame over all scan:1966

DEBUG:root:Errors over all scan:89

DEBUG:root:Result:tau3_fail
DEBUG:root:Match or Not:False
DEBUG:root:Under real time Point counter:0.245048999786

DEBUG:root:Extracted signature:bitarray('11011100001100111001100001100110011010001001101100100000111100000001111001000001100100000011100000011000000100000010000010000101101101110001100001110111001100001110110001100011001010000001111101100001111101000011111000111110001110001011000000100000010110010100101010010000')
DEBUG:root:Matched frame over all scan:1966

DEBUG:root:Errors over all scan:82

DEBUG:root:Result:tau3_fail
DEBUG:root:Match or Not:False
DEBUG:root:Under real time Point counter:0.248748064041

DEBUG:root:Extracted signature:bitarray('11011100001100111001100001100110011010001001101100100000111100000001111001000001100110000011100000010000000100000010000010000101101101110001100001100111001100001110110001100011001010100000110101100001111101000011111100111110001100001011000000100000010110010100101010010000')
DEBUG:root:Matched frame over all scan:1966

DEBUG:root:Errors over all scan:84

DEBUG:root:Result:tau3_fail
DEBUG:root:Match or Not:False
DEBUG:root:Under real time Point counter:0.245379924774

DEBUG:root:Extracted signature:bitarray('11011100001100111001100001100110011010001001101100100000111100000001111001000001100100000011100000011000000100000010000010000101101101110001100001100111001100001110110001100011001010100000110101100001111101000011111100111110001100001011000000100000010100010100101010010000')
DEBUG:root:Matched frame over all scan:1966

DEBUG:root:Errors over all scan:81

DEBUG:root:Result:tau3_fail
DEBUG:root:Match or Not:False
DEBUG:root:Under real time Point counter:0.254596948624

DEBUG:root:Extracted signature:bitarray('11011100001100111001100001100110011010001001101100100000111100000001111001000001100110000011100000011000000100000010000010000101101101110001100001100111001100001110110001100011001010000001110101100001111101000011111100111110001110001011000010100000010100010100101010010000')
DEBUG:root:Matched frame over all scan:1966

DEBUG:root:Errors over all scan:82

DEBUG:root:Result:tau3_fail
DEBUG:root:Match or Not:False
DEBUG:root:Under real time Point counter:0.259890079498

DEBUG:root:Extracted signature:bitarray('11011100111100111001111101100010011111011000101100000100011100000111111000000011100110000110100000110000100100000010000010000100010000010001100111110011001111001110110001110011001010100001110101100001111101000011111010011000101100001101001111010110111100011000110011010000')
DEBUG:root:Matched frame over all scan:308

DEBUG:root:Errors over all scan:89

DEBUG:root:Result:tau2_fail
DEBUG:root:Match or Not:False
DEBUG:root:Under real time Point counter:0.248545885086

DEBUG:root:Extracted signature:bitarray('11000011111000111000111111001100011111110011011110011001101100011001111000010000100001000010001100010011000101100010000000000000000100011000001111100111000111101110100011110001111011110001101101110001110001000010000010001000101000110101001101010000101000001000010001001000')
DEBUG:root:Matched frame over all scan:1281

DEBUG:root:Errors over all scan:86

DEBUG:root:Result:tau3_fail
DEBUG:root:Match or Not:False
DEBUG:root:Under real time Point counter:0.247049093246

DEBUG:root:Extracted signature:bitarray('11100000011110011000010000100010000110001000110000000100011000001100010000011000100001100010001010011000111000011100111101111011101111111000001111100110000111111110110011110011101001110000000111110001000111000011001010001100101001110001000110010011001011001000010001001000')
DEBUG:root:Matched frame over all scan:1473

DEBUG:root:Errors over all scan:84

DEBUG:root:Result:tau3_fail
DEBUG:root:Match or Not:False
DEBUG:root:Under real time Point counter:0.24915599823

DEBUG:root:Extracted signature:bitarray('11100111111110011000111001100010001100110000110110011000010000011000010000011001100001101110001000110000010100011101111101110011101111111000001111101110000111101110110001110011101101110001011010100001000011000011000010000000001000000101000001010001101011001000010001001000')
DEBUG:root:Matched frame over all scan:438

DEBUG:root:Errors over all scan:92

DEBUG:root:Result:tau3_fail
DEBUG:root:Match or Not:False
DEBUG:root:Under real time Point counter:0.2493019104

DEBUG:root:Extracted signature:bitarray('11100011111100011000110011000010001100110000110110011000011000011000110000011011000001101100001101101111000111000111111101111011011011111000001111100110000111111110110001110011111001110001011111110001100011100011100010001001001000000101100001010000101000101000010001001000')
DEBUG:root:Matched frame over all scan:1932

DEBUG:root:Errors over all scan:94

DEBUG:root:Result:tau3_fail
DEBUG:root:Match or Not:False
DEBUG:root:Under real time Point counter:0.249755144119

DEBUG:root:Extracted signature:bitarray('11000111011000011000111011000010001100110000111100010000111000001000010000010011100001101100011101100111001111000110011101111011010011111000001111100110000111101110110011111111111001110001001111100001100011000011100110001111001011000101110001010000101011101110010001001000')
DEBUG:root:Matched frame over all scan:5524

DEBUG:root:Errors over all scan:89

DEBUG:root:Result:tau3_fail
DEBUG:root:Match or Not:False
DEBUG:root:Under real time Point counter:0.243889093399

DEBUG:root:Extracted signature:bitarray('11111011011000011000111111000010001100110000111110011000011000001001110000011111000111111100011100100111001111100111111101111011010011111000001111100010000011111110110001111110111001111011100111100001110011000011110010011001001011000101110001010000101110101100010001010000')
DEBUG:root:Matched frame over all scan:1282

DEBUG:root:Errors over all scan:92

DEBUG:root:Result:tau2_fail
DEBUG:root:Match or Not:False
DEBUG:root:Under real time Point counter:0.250551939011

DEBUG:root:Extracted signature:bitarray('11111010011000011000011111000010001101110000101110011000011100001001010001111111000111111100111101101111001011100110011101111110010010111010001111100110000011111111110001111111111001111011100101110001110011000011110010011101001011000101011001010100101110101110010001010000')
DEBUG:root:Matched frame over all scan:1283

DEBUG:root:Errors over all scan:90

DEBUG:root:Result:tau2_fail
DEBUG:root:Match or Not:False
DEBUG:root:Under real time Point counter:0.252412080765

DEBUG:root:Extracted signature:bitarray('11111000111000011000000111000010000101100000100110000000011100000101110001011111000111111100111101101111001010000110011101111110010010011010001111100110000011111110110001111111111001111111100101110101110011000011110010001111001011100001011001010000101011101110010011010000')
DEBUG:root:Matched frame over all scan:3365

DEBUG:root:Errors over all scan:94

DEBUG:root:Result:tau1_fail
DEBUG:root:Match or Not:False
DEBUG:root:Under real time Point counter:0.245878219604

DEBUG:root:Extracted signature:bitarray('11011000111000011000001110000010000011100010100110000010011100000100110001011011000111111101111111001111011010001110011101110110010010011010001111100110000011111110110001111110111001111111100101110001110011000011110010001111001011101001011001010100101000101111010011010000')
DEBUG:root:Matched frame over all scan:85

DEBUG:root:Errors over all scan:94

DEBUG:root:Result:tau2_fail
DEBUG:root:Match or Not:False
DEBUG:root:Under real time Point counter:0.251264095306

DEBUG:root:Extracted signature:bitarray('11111000111000011000001110001010001011100010101110000000011100001111110001011011000111111101111011001110111010111100111101100110010010011010001111100110000011110111100001111110001001111011100101110001111011000111110010011100001011000001110010011100101100101101010011010000')
DEBUG:root:Matched frame over all scan:3365

DEBUG:root:Errors over all scan:88

DEBUG:root:Result:tau3_fail
DEBUG:root:Match or Not:False
DEBUG:root:Under real time Point counter:0.245479106903

DEBUG:root:Extracted signature:bitarray('11001111111111000000111111000000011111100011001111110001101111100001101111000000110011010010011110010011100001110001110001100110010000010000111100111110000111101110100001111011111011110011001101110001011101000001111100001110100011111100111111010111100110010101100110101000')
DEBUG:root:Matched frame over all scan:2620

DEBUG:root:Errors over all scan:85

DEBUG:root:Result:tau3_fail
DEBUG:root:Match or Not:False
DEBUG:root:Under real time Point counter:0.246515035629

DEBUG:root:Extracted signature:bitarray('10001111110011100000111110001100011111100000011111100000101111100001111111100011110001110010001110010011000101100011100011100110010010010000111110011100000111110011101001111011101011100001000101110001011101100011111100001111010011111100110111010011110110010100100110101000')
DEBUG:root:Matched frame over all scan:1952

DEBUG:root:Errors over all scan:94

DEBUG:root:Result:tau3_fail
DEBUG:root:Match or Not:False
DEBUG:root:Under real time Point counter:0.2493019104

DEBUG:root:Extracted signature:bitarray('10011111111111100011111111111101111011111100011101111110001101110011100011100111000110011100111000001110000111000011100011000110010000010001100110111101001001110111101100001111111011000111110101001110011100011000111001100111001100111001001110100110010110010100110010010000')
DEBUG:root:Matched frame over all scan:5728

DEBUG:root:Errors over all scan:83

DEBUG:root:Result:tau3_fail
DEBUG:root:Match or Not:False
DEBUG:root:Under real time Point counter:0.257041931152

DEBUG:root:Extracted signature:bitarray('11111111111111001011101110011101111011110011011000111000101000111000110001110011000011111101001100010011000001110001110001100110010010000011100110011100011100110011100111001100111011000000110101000001110101000111111010111111101111111101101110010111001110010100100010010000')
DEBUG:root:Matched frame over all scan:4277

DEBUG:root:Errors over all scan:84

DEBUG:root:Result:tau2_fail
DEBUG:root:Match or Not:False
DEBUG:root:Under real time Point counter:0.253498792648

DEBUG:root:Extracted signature:bitarray('11111100000001101111100000011101111100000111111110000011011110000000011000000001100000011110000011010001100000110000110001100100000000001111001111000001111100011000001111100000010110111110001011001111001011001110010110010011011110001011100110110110001110001000010001101000')
DEBUG:root:Matched frame over all scan:4368

DEBUG:root:Errors over all scan:84

DEBUG:root:Result:tau3_fail
DEBUG:root:Match or Not:False
DEBUG:root:Under real time Point counter:0.241912126541

DEBUG:root:Extracted signature:bitarray('11110001000011110110001000011110000000000111100001000011110001000011110010001111101100111101100111101001111000111101111101111011010011101110111110000010110111110000001111111110001010111110001101011110001001011000111010100111101111111100110111001001101001100011001100110000')
DEBUG:root:Matched frame over all scan:1267

DEBUG:root:Errors over all scan:85

DEBUG:root:Result:tau3_fail
DEBUG:root:Match or Not:False
DEBUG:root:Under real time Point counter:0.254792928696

DEBUG:root:Extracted signature:bitarray('11110000000000011110011100000010000111100000100111110000010011000000111000000011100000000010001100011111000111100011000010000000010000011111111110000001111111110000000111111100000001111110000100011100000110011000001010000100101000110101001111010111101111101111011100000000')
DEBUG:root:Matched frame over all scan:1881

DEBUG:root:Errors over all scan:76

DEBUG:root:Result:tau3_fail
DEBUG:root:Match or Not:False
DEBUG:root:Under real time Point counter:0.249696969986

DEBUG:root:Extracted signature:bitarray('11110110001010010110111101000000111110000000011111000000011111000001111000000011100000000110110000011100000110000010000110011001101101101111111111000000111111111000001111111110000001111011000000111000001110001000011100010001110011000101110001011100101111101111011101010000')
DEBUG:root:Matched frame over all scan:1229

DEBUG:root:Errors over all scan:81

DEBUG:root:Result:tau3_fail
DEBUG:root:Match or Not:False
DEBUG:root:Under real time Point counter:0.249673843384

DEBUG:root:Extracted signature:bitarray('11110111000100010001111000000010111110000000011110000001011110000001111000000011100000000110000000010000000100000010000010001101111111001111111110000000111111110000001111111010000011111000011000111000001111101000011110000001110000000100110001011100101110101111011011010000')
DEBUG:root:Matched frame over all scan:5936

DEBUG:root:Errors over all scan:73

DEBUG:root:Result:tau3_fail
DEBUG:root:Match or Not:False
DEBUG:root:Under real time Point counter:0.247114896774

DEBUG:root:Extracted signature:bitarray('11111111110011001111111110011101111011110011011000111000101000111000110001110011000011111101001110010011000001100101110111100110010010000011100110011100011100110011100111001100111011100000011101000001111101000111111010111111101111111101101110010110101110111100100010010000')
DEBUG:root:Matched frame over all scan:2423

DEBUG:root:Errors over all scan:86

DEBUG:root:Result:tau2_fail
DEBUG:root:Match or Not:False
DEBUG:root:Under real time Point counter:0.248262166977

DEBUG:root:Extracted signature:bitarray('11111011110011001111111111011101110011110011011001111000111000111000010001110011000111111101001100010011000001100101100111100100010000000011100110011100111100110011100111000100111011100000011101000001111101000111111000111111101111111101001110010110101110111100100010010000')
DEBUG:root:Matched frame over all scan:4282

DEBUG:root:Errors over all scan:90

DEBUG:root:Result:tau3_fail
DEBUG:root:Match or Not:False
DEBUG:root:Under real time Point counter:0.250556945801

DEBUG:root:Extracted signature:bitarray('11111111111011001111111111011101110011110011011000111000111000111000010001110011000111111101001100010011000001100101110111100100010010000011100111011100111100110011100111000100111011100000011101000001111101000111111000111111101111111101001110010110101110111100100010010000')
DEBUG:root:Matched frame over all scan:2432

DEBUG:root:Errors over all scan:91

DEBUG:root:Result:tau2_fail
DEBUG:root:Match or Not:False
DEBUG:root:Under real time Point counter:0.24541592598

DEBUG:root:Extracted signature:bitarray('11111111110111001111101110011101110011110011011000111000101000111000110001110011000111111101001100010011000001100101110011100100010010000011100110011000111100110011100111001100111011100000111101000001111101000111111000111111101111111101001110010110101110111100100010010000')
DEBUG:root:Matched frame over all scan:5314

DEBUG:root:Errors over all scan:90

DEBUG:root:Result:tau2_fail
DEBUG:root:Match or Not:False
DEBUG:root:Under real time Point counter:0.263565778732

DEBUG:root:Extracted signature:bitarray('11111011111111001111111111011101110011110011011000111000101000111000010001110011000111111101001100010011000001100101100111100100010010000111000110011000111100110011101111000100111011000000011101000001111101000111111000111111101111111001001110010110101110111100100010010000')
DEBUG:root:Matched frame over all scan:630

DEBUG:root:Errors over all scan:89

DEBUG:root:Result:tau2_fail
DEBUG:root:Match or Not:False
DEBUG:root:Under real time Point counter:0.249136924744

DEBUG:root:Extracted signature:bitarray('11111001110011001111111111011101110011110011011001111000101000111000110001110011000111111001001110010011000001110001110001100110010010000111000110011000111100110011101111001100111011000000011101000011111101000111111000111111101111111001001110010110001110110100100010010000')
DEBUG:root:Matched frame over all scan:4277

DEBUG:root:Errors over all scan:88

DEBUG:root:Result:tau2_fail
DEBUG:root:Match or Not:False
DEBUG:root:Under real time Point counter:0.248975038528

DEBUG:root:Extracted signature:bitarray('11111001111011101111000111011100110001111000111001001000010001111001110110100011111000011110000011101101111010111100110001100110010010110110000111011100110000110011100100111000111000010000110110110111000110101110011100111000110111100100111001011000101000101101010101100000')
DEBUG:root:Matched frame over all scan:4672

DEBUG:root:Errors over all scan:89

DEBUG:root:Result:tau2_fail
DEBUG:root:Match or Not:False
DEBUG:root:Under real time Point counter:0.25387597084

DEBUG:root:Extracted signature:bitarray('11100111111011101101111111011101011111011111001111100110001111110000001111100000111110000011110000011000000100000011101110111011101111111100110111011101100110110011100000111001111000011101110101000011111101100111111010011111100111110100011101000110100111100111001100101000')
DEBUG:root:Matched frame over all scan:5699

DEBUG:root:Errors over all scan:77

DEBUG:root:Result:tau3_fail
DEBUG:root:Match or Not:False
DEBUG:root:Under real time Point counter:0.248429059982

DEBUG:root:Extracted signature:bitarray('11111111111111101001011111111100011111111111000111111011101111110001101111100011011100000001110000011110000110000010110011011011101100011000111111011101000011110011100100111011111000001011111101000111011101000111111011001111101001111100011101001110100111100111001101101000')
DEBUG:root:Matched frame over all scan:4974

DEBUG:root:Errors over all scan:79

DEBUG:root:Result:tau3_fail
DEBUG:root:Match or Not:False
DEBUG:root:Under real time Point counter:0.248342990875

DEBUG:root:Extracted signature:bitarray('11111111111011101101111111011100011111001111001111111001101111110001101111100011011100000011100000011110000110000010011011111011101100011100011110011101001011110011100110011001111010001011110101000011011101000110111010001111101000111100001101001110100111100111001101101000')
DEBUG:root:Matched frame over all scan:2792

DEBUG:root:Errors over all scan:88

DEBUG:root:Result:tau3_fail
DEBUG:root:Match or Not:False
DEBUG:root:Under real time Point counter:0.245141029358

DEBUG:root:Extracted signature:bitarray('11111111111011101001111111011100011111100111001111101001101111111001101111100011011100000011110000011110000111000010010011110111101100011100011111011101000011110011100010011001111010001101111101001011111101000110111010001111101000111100001111001110100111100111001101101000')
DEBUG:root:Matched frame over all scan:4974

DEBUG:root:Errors over all scan:87

DEBUG:root:Result:tau3_fail
DEBUG:root:Match or Not:False
DEBUG:root:Under real time Point counter:0.251950025558

DEBUG:root:Real time1487955972.52

DEBUG:root:Extracted signature:bitarray('10000100011111011000100011111010001000111110001100011111101110011111101111011111011100111111100000011000000100000010011101111011111010100001110011101010001010011111100000110011111001111001111100111011111101011111110011001111011000110010001000100111010011010110110011011000')
DEBUG:root:Matched frame over all scan:2003

DEBUG:root:Errors over all scan:81

DEBUG:root:Result:tau3_fail
DEBUG:root:Match or Not:False
DEBUG:root:Under real time Point counter:0.254215955734

DEBUG:root:Extracted signature:bitarray('10000100111110011000100011100010001000111100000000011111101101111111001111111111011100111101100111101100111100000110000111111011111011100011111011100010001011011100110000110111001000111001111100111100111100111011111001111111000111111010001110100110010011010110111011011000')
DEBUG:root:Matched frame over all scan:2010

DEBUG:root:Errors over all scan:78

DEBUG:root:Result:tau3_fail
DEBUG:root:Match or Not:False
DEBUG:root:Under real time Point counter:0.269958972931

DEBUG:root:Extracted signature:bitarray('10101100011110011001100011100010011000111000100100011110101101111111001111111110011100111101100111101100111110001110000111111111111010000011110011110010011111011100010000110111001000111001001100111100111100111001111001100111000111111000101110100011010010010110111011011000')
DEBUG:root:Matched frame over all scan:2010

DEBUG:root:Errors over all scan:86

DEBUG:root:Result:tau3_fail
DEBUG:root:Match or Not:False
DEBUG:root:Under real time Point counter:0.248898029327

DEBUG:root:Extracted signature:bitarray('10001100011110011001100011100010011000111000000000011111101111111111101111111111011111111101110111101100111110001110000111111111111111100011100011110010011111011100010000110111001000111011001100111100111100111001111001111111000111111000111110100111010011010110111011011000')
DEBUG:root:Matched frame over all scan:2010

DEBUG:root:Errors over all scan:80

DEBUG:root:Result:tau3_fail
DEBUG:root:Match or Not:False
DEBUG:root:Under real time Point counter:0.248471975327

DEBUG:root:Extracted signature:bitarray('10101100111110010001100011100010011000111000001100001111101101111111001111111110011100111101110111101100111110001110000011111111111010100011100011110010011110011100010000110111001000111011001100111100111100111001111001101111000111111010001110100111010010010110111011011000')
DEBUG:root:Matched frame over all scan:2008

DEBUG:root:Errors over all scan:83

DEBUG:root:Result:tau3_fail
DEBUG:root:Match or Not:False
DEBUG:root:Under real time Point counter:0.248558998108

DEBUG:root:Extracted signature:bitarray('10110001100011110011001100011110011001000111001110001001101111011000001111100000011110000101111000101111000011110001111101111011111000000110001111111110110000111111100110000110111001110011001100111011001100111100011001110001100111111100111111001111101111001110011100101000')
DEBUG:root:Matched frame over all scan:4981

DEBUG:root:Errors over all scan:82

DEBUG:root:Result:tau1_fail
DEBUG:root:Match or Not:False
DEBUG:root:Under real time Point counter:0.251276016235

DEBUG:root:Extracted signature:bitarray('10100110000011111001110000100010011010001100101101000001011111011001111111000001111001100011000100010001100100011110001110011101110000001011011000000010011111000100010011110000000111111000001101111000001101111000001111100000011100000010000000100000010000010000100010010000')
DEBUG:root:Matched frame over all scan:2109

DEBUG:root:Errors over all scan:80

DEBUG:root:Result:tau3_fail
DEBUG:root:Match or Not:False
DEBUG:root:Under real time Point counter:0.254945039749

DEBUG:root:Extracted signature:bitarray('11101111000000011101111000110010011000011100101100001001101111011001111111111000111001100011000100010000110110001111000110011101101100001001011000000010001111000000010011111000000101111100001101111110000101111010000111100000011100000011000010100000010000010000100010010000')
DEBUG:root:Matched frame over all scan:2109

DEBUG:root:Errors over all scan:81

DEBUG:root:Result:tau3_fail
DEBUG:root:Match or Not:False
DEBUG:root:Under real time Point counter:0.254609823227

DEBUG:root:Extracted signature:bitarray('10101111000001111001100100100010011000001001101100001001101111011001111111111000111001100011000000010000110110001111000110011101101000001001011000000010011111000100010011111000000001111100001101111100000101111000000111100100011100000011000000100000010000010000100010010000')
DEBUG:root:Matched frame over all scan:998

DEBUG:root:Errors over all scan:81

DEBUG:root:Result:tau2_fail
DEBUG:root:Match or Not:False
DEBUG:root:Under real time Point counter:0.25626707077

DEBUG:root:Extracted signature:bitarray('11101111000001111001100000000010011000000001101100000001111111011001111111010000111001100011000000010000000110000110000110001101101100001011011000000010011111000100010011111000000111111000001101111000000101111000000111100000011100000011000010100000010000010000100010010000')
DEBUG:root:Matched frame over all scan:2523

DEBUG:root:Errors over all scan:76

DEBUG:root:Result:tau3_fail
DEBUG:root:Match or Not:False
DEBUG:root:Under real time Point counter:0.250087976456

DEBUG:root:Extracted signature:bitarray('10001111100001111001111000110010011000011001101100001001101111011001111111111000111111100011000000010000110110000111000110001101101100001011011000000010011111000100010011111000000001111100001101111101000101111000000111100100011100000011000010100000010000010000100010010000')
DEBUG:root:Matched frame over all scan:998

DEBUG:root:Errors over all scan:84

DEBUG:root:Result:tau1_fail
DEBUG:root:Match or Not:False
DEBUG:root:Under real time Point counter:0.249422073364

DEBUG:root:Extracted signature:bitarray('10101111000001111101100000000010011000100001101100001001111111011001111111010000111011100011000000010000110100000111000110001101101100001011011000000010011111000100011011111000000011111100001101111000000101111000000111100000011100000011000000100000010000010000100010010000')
DEBUG:root:Matched frame over all scan:998

DEBUG:root:Errors over all scan:79

DEBUG:root:Result:tau2_fail
DEBUG:root:Match or Not:False
DEBUG:root:Under real time Point counter:0.249703168869

DEBUG:root:Extracted signature:bitarray('10101111000001111101110000000010011000100011101100011001101111011000011111111000111011000011000000010000011110000111000110011101101100001011011000000010011111000000010011111000000011111100001101111001000101111000000111100000011100000011000010100000010000010000100010010000')
DEBUG:root:Matched frame over all scan:954

DEBUG:root:Errors over all scan:79

DEBUG:root:Result:tau3_fail
DEBUG:root:Match or Not:False
DEBUG:root:Under real time Point counter:0.25029706955

DEBUG:root:Extracted signature:bitarray('10101111000001111101100010000010011000100011101100001001101111011000011111111000111011000011000000010000010110000111000110011101101100001011011000000011011111000000011011111000001011111100001101111001000101111000000111100000011100000011000010100000010000010000100010010000')
DEBUG:root:Matched frame over all scan:954

DEBUG:root:Errors over all scan:80

DEBUG:root:Result:tau3_fail
DEBUG:root:Match or Not:False
DEBUG:root:Under real time Point counter:0.255693912506

DEBUG:root:Extracted signature:bitarray('10011111000001111101100001000010011000110011001101011001101111011001011111111000111011100011000000010000011110000111000110011101101100001011011000000010011111000100010011111000000011111100001101111001000101111000000111100000011100000011000010110000010000010000110010010000')
DEBUG:root:Matched frame over all scan:954

DEBUG:root:Errors over all scan:85

DEBUG:root:Result:tau2_fail
DEBUG:root:Match or Not:False
