DEBUG:root:Under real time Point counter:2.19345092773e-05

DEBUG:root:Extracted signature:bitarray('00110000100110110101111100011001111111000100011111100010001111001001011011011001101100110110100010110000101100010110010100110011010110111110101100100011111010000001010000000000001010000000001010000000000010000000001010000000010000000010000001010000010001010001010010011000')
DEBUG:root:Matched frame over all scan:2000

DEBUG:root:Errors over all scan:90

DEBUG:root:Result:tau2_fail
DEBUG:root:Match or Not:False
DEBUG:root:Under real time Point counter:0.247075080872

DEBUG:root:Extracted signature:bitarray('01010011100110110101111100011001111111000100011111100010001111001001011011011001101101010110100010110000101100010110100100110011010110111110101100100011111110000001010000000000001010000000000010000000000010000000001010000000010000000010000001010000010001010111011010011000')
DEBUG:root:Matched frame over all scan:376

DEBUG:root:Errors over all scan:90

DEBUG:root:Result:tau3_fail
DEBUG:root:Match or Not:False
DEBUG:root:Real time1487901334.72

DEBUG:root:Extracted signature:bitarray('01010001100110110101101100011001111111000100011111100010001111001010011110011001101101010100100010110000101100010110101100110011010110111110101100100011111100000001010000000000001010000000001010000000000010000000001010000000010000000010001001011000010001010001010010011000')
DEBUG:root:Matched frame over all scan:968

DEBUG:root:Errors over all scan:91

DEBUG:root:Result:tau2_fail
DEBUG:root:Match or Not:False
DEBUG:root:Under real time Point counter:0.243819952011

DEBUG:root:Extracted signature:bitarray('01010010100110100101111100011001111111000100011111100000001110001110011011010101100100110100100110110000101100011110001100010011000111111101111101100011111111000001010000000000001010000000001010000000000010000000001010000000010000000010000001010000010000010101011010011000')
DEBUG:root:Matched frame over all scan:1664

DEBUG:root:Errors over all scan:89

DEBUG:root:Result:tau2_fail
DEBUG:root:Match or Not:False
DEBUG:root:Real time1487901335.17

DEBUG:root:Extracted signature:bitarray('10110001100110110101111100011001111111000100011111100010001111001101011101010101001100110100100110110000101100011110011100110010110110111110111100100011111001000001010000000000001010000000000010000000000010000000001010000000010000001010000001011000010001010101011010011000')
DEBUG:root:Matched frame over all scan:1664

DEBUG:root:Errors over all scan:94

DEBUG:root:Result:tau2_fail
DEBUG:root:Match or Not:False
DEBUG:root:Real time1487901335.37

DEBUG:root:Extracted signature:bitarray('01010100100111110101101100011001111111001110011111100000001110001110010111010101101100110110100110110000111100011110001100010011000111111101101100110011111101100001010000000000001010000000001010000000000010000000001010000000010000000010000001011000010000110101011010011000')
DEBUG:root:Matched frame over all scan:1664

DEBUG:root:Errors over all scan:92

DEBUG:root:Result:tau2_fail
DEBUG:root:Match or Not:False
DEBUG:root:Real time1487901335.57

DEBUG:root:Extracted signature:bitarray('01010010100110110101101100011001111111000110011111100010001111001110011101011001101101010100100010110000111100011110011100110011010110111110101110100011111100000001010000000000001010000000000010000000000010000000001010000000010000000010000001011000010100010001010010011000')
DEBUG:root:Matched frame over all scan:1664

DEBUG:root:Errors over all scan:91

DEBUG:root:Result:tau2_fail
DEBUG:root:Match or Not:False
DEBUG:root:Real time1487901335.77

DEBUG:root:Extracted signature:bitarray('00110000100110110101111100011001111111000100011111100010001111001101011011010101101100110100100010110000101100011110011100110010110110111110101110110011111110000001010000000000011010000000001010000000000010000000001010000000010000000010000001010000010100010001001010011000')
DEBUG:root:Matched frame over all scan:1517

DEBUG:root:Errors over all scan:94

DEBUG:root:Result:tau2_fail
DEBUG:root:Match or Not:False
DEBUG:root:Real time1487901335.97

DEBUG:root:Extracted signature:bitarray('01010001100110110101101100011001111111000100011111100000001110101101010101001101101100110110100110110000101100011110001100011011100111111101101101100011111101010001010000000000001010000000000010000000000010000000001010000000010000000010000011011000010000110101011010011000')
DEBUG:root:Matched frame over all scan:968

DEBUG:root:Errors over all scan:93

DEBUG:root:Result:tau2_fail
DEBUG:root:Match or Not:False
DEBUG:root:Real time1487901336.17

DEBUG:root:Extracted signature:bitarray('01010010100110110101101100011001111111000100011111100000101100101001010111001101101100110110100110110000111100011110001100010010100111111111101100100011111101000001010000000000001010000000000010000000000010000000001010000000010000000010000001010000010000110101011010011000')
DEBUG:root:Matched frame over all scan:2000

DEBUG:root:Errors over all scan:90

DEBUG:root:Result:tau2_fail
DEBUG:root:Match or Not:False
DEBUG:root:Real time1487901336.37

DEBUG:root:Extracted signature:bitarray('00110010100111110011111100011001111111000110011111100000001110001101010111010101101100110100100010110000111100011110011100110010110110111110101100100011111110000001010000000000001010000000000010000000000010000000001010000000010000000010000001010000010101010001001010011000')
DEBUG:root:Matched frame over all scan:2081

DEBUG:root:Errors over all scan:90

DEBUG:root:Result:tau3_fail
DEBUG:root:Match or Not:False
DEBUG:root:Real time1487901336.57

DEBUG:root:Extracted signature:bitarray('01010000100110110101111100011001111111000100011111100000001110101001010011001101101100110110100010110000101100011110001100010011000111111100101101100011111111100001010000000000011010000000000010000000000010000000001010000000010000000010000001011000010001010101011010011000')
DEBUG:root:Matched frame over all scan:2145

DEBUG:root:Errors over all scan:94

DEBUG:root:Result:tau1_fail
DEBUG:root:Match or Not:False
DEBUG:root:Real time1487901336.77

DEBUG:root:Extracted signature:bitarray('01010010100111110101101100011001111111000110011111100000001111001010010101010101101100110110100010110000101100011110001100010011100111111101101111100011111101100001010000000000001010000000000010000000000010000000001010000000010000000010000001011000010000110101011010011000')
DEBUG:root:Matched frame over all scan:968

DEBUG:root:Errors over all scan:88

DEBUG:root:Result:tau2_fail
DEBUG:root:Match or Not:False
DEBUG:root:Real time1487901336.97

DEBUG:root:Extracted signature:bitarray('10110000100110110011101100011001111111000110011111100010001110101101010111001101101100110100100010110000111100011110011100110010110110111110101110110011110000100001010000000000011010000000000010000000000010000000001010000001010000000010000001010001010000010101010010011000')
DEBUG:root:Matched frame over all scan:2081

DEBUG:root:Errors over all scan:88

DEBUG:root:Result:tau3_fail
DEBUG:root:Match or Not:False
DEBUG:root:Under real time Point counter:0.203597784042

DEBUG:root:Extracted signature:bitarray('10110000100111100111111100011001111111000110011101101010101011100011100111001111000100111100100111110000111100011100011100110011010110111110101001110011111000110001010000001100001010000110000010000110000010001100001010110000010110000010100001010000010000010001010010011000')
DEBUG:root:Matched frame over all scan:2081

DEBUG:root:Errors over all scan:81

DEBUG:root:Result:tau3_fail
DEBUG:root:Match or Not:False
DEBUG:root:Real time1487901337.37

DEBUG:root:Extracted signature:bitarray('01010001100111100101101100011001111111000110011111100011001111100011001010101011010101101100101011100000111100101100010100110011010110111100101001110011111111011001010000001100001010000110001010000100000010001100001010100000010100000010000001010000010000010101010010011000')
DEBUG:root:Matched frame over all scan:1664

DEBUG:root:Errors over all scan:82

DEBUG:root:Result:tau3_fail
DEBUG:root:Match or Not:False
DEBUG:root:Under real time Point counter:0.207796096802

DEBUG:root:Extracted signature:bitarray('00110011100110100100100100010001110000001100011000100111001100100110001000001001010000100100010100110011001101010100100101100101010100111110001111100011110001111111010101000101111010110010110010110000100010100110001011010000010110000010000001010000010000010010010010011000')
DEBUG:root:Matched frame over all scan:2210

DEBUG:root:Errors over all scan:97

DEBUG:root:Result:tau1_fail
DEBUG:root:Match or Not:False
DEBUG:root:Real time1487901337.78

DEBUG:root:Extracted signature:bitarray('01010011100110100101010110010011110000001100111100000110011100000110011100001100101000101110100101100101001000100100100101100101010100111110001100110011111001110011010101100000111010010001011010011011001010110110111011001010010101110010001001010100010000010010010010011000')
DEBUG:root:Matched frame over all scan:560

DEBUG:root:Errors over all scan:92

DEBUG:root:Result:tau3_fail
DEBUG:root:Match or Not:False
DEBUG:root:Real time1487901337.98

DEBUG:root:Extracted signature:bitarray('10110011100110110010100010101101100001000100111000100010011100000000011010001000100100100010100110010101100100110000111110111011010110111100000111100011000011111100010101001110001011100111000010011011000010010010001011101000010101001010010011010001010011010110010010011000')
DEBUG:root:Matched frame over all scan:403

DEBUG:root:Errors over all scan:98

DEBUG:root:Result:tau1_fail
DEBUG:root:Match or Not:False
DEBUG:root:Real time1487901338.18

DEBUG:root:Extracted signature:bitarray('00101111010010110001000101101101000000011100100000001010100000011100000101001011011001010100011010110011011010100110100110011001100111111100100000100111100111101110010101110001011010000000001110101110011010001011101010101000010001000011110001011100010010010011000010011000')
DEBUG:root:Matched frame over all scan:611

DEBUG:root:Errors over all scan:107

DEBUG:root:Result:tau2_fail
DEBUG:root:Match or Not:False
DEBUG:root:Real time1487901338.38

DEBUG:root:Extracted signature:bitarray('00100101101010110001011100100101000110011100100010001010100000001100000101001011011010110100011010110010110110010110100101001000010111110100000100100111101001000100010111110100111010000000001010101110011010001011001010101000010001000110110011011001010011010001000010011000')
DEBUG:root:Matched frame over all scan:2770

DEBUG:root:Errors over all scan:112

DEBUG:root:Result:tau1_fail
DEBUG:root:Match or Not:False
DEBUG:root:Real time1487901338.58

DEBUG:root:Extracted signature:bitarray('00101001101010110001011100010101000100011100101110001010100010001100000101001011011001110100011010100110110110010110100101011000010111110100001000100111010011010100010101100000011010000000001010001110011010001011101010101100010001000110110011011101010011010001000010011000')
DEBUG:root:Matched frame over all scan:578

DEBUG:root:Errors over all scan:107

DEBUG:root:Result:tau2_fail
DEBUG:root:Match or Not:False
DEBUG:root:Real time1487901338.78

DEBUG:root:Extracted signature:bitarray('00011001100001110011001010010110100110010101101001001000101001000110100011000000110010000010010001100100101001101010110010000100100101100001100011001110011000011100110111001010000011100000000010010001100011101011100010011001010011001010110011011001110000010001011010011000')
DEBUG:root:Matched frame over all scan:201

DEBUG:root:Errors over all scan:107

DEBUG:root:Result:tau2_fail
DEBUG:root:Match or Not:False
DEBUG:root:Real time1487901338.98

DEBUG:root:Extracted signature:bitarray('01011001100001110010100110010110010110010101101001001000101001001000100011000001010010000010001000100100101001101011010010001100100101110011000111010110011000011010110111000011000011100000000010010000000011110111001010011101010011001010110011011001110000010101001010011000')
DEBUG:root:Matched frame over all scan:78

DEBUG:root:Errors over all scan:103

DEBUG:root:Result:tau2_fail
DEBUG:root:Match or Not:False
DEBUG:root:Real time1487901339.18

DEBUG:root:Extracted signature:bitarray('00011001100001110011101010010110101010010101101001001000110001000110100010000000110010000010010001100100101101101011010010010100100101100001100011001110001100011100110111100010000011100000010010010001100011110101000010011001010011101010110011011001110001010101011010011000')
DEBUG:root:Matched frame over all scan:1368

DEBUG:root:Errors over all scan:107

DEBUG:root:Result:tau2_fail
DEBUG:root:Match or Not:False
DEBUG:root:Real time1487901339.38

DEBUG:root:Extracted signature:bitarray('01011010100011110011000110010100110010010011100001001000110010010100100011000011011000000010010000100000101000101011010010101000100101100001100111000110011000011000110111100010000011100000010010010001100011110110001010011001010011101010110011111001110000010101011010011000')
DEBUG:root:Matched frame over all scan:2024

DEBUG:root:Errors over all scan:102

DEBUG:root:Result:tau2_fail
DEBUG:root:Match or Not:False
DEBUG:root:Real time1487901339.58

DEBUG:root:Extracted signature:bitarray('00011001100001110011110010010110101010010101100001001000110001001100100010000011010100000010010001100000101010101010110100101001100101100001100011000110001100011000110111100011000011100000010010010001100011110101001010011001010011101010110011011001110000010111011010011000')
DEBUG:root:Matched frame over all scan:1722

DEBUG:root:Errors over all scan:106

DEBUG:root:Result:tau2_fail
DEBUG:root:Match or Not:False
DEBUG:root:Real time1487901339.78

DEBUG:root:Extracted signature:bitarray('00011001100001110011110010010110101010010101100001001000110010001010100011000011011000000010010010100000101000101001010010011001100100010001100011000110011100011100110111000010001011100000010010010001000011110111001010011001010011101010110011010001110011010101011010011000')
DEBUG:root:Matched frame over all scan:1722

DEBUG:root:Errors over all scan:105

DEBUG:root:Result:tau2_fail
DEBUG:root:Match or Not:False
DEBUG:root:Real time1487901339.98

DEBUG:root:Extracted signature:bitarray('01011001100011110010100101011100100110001001001001000101101001001010100011000011011000000010010000100100101000101101011100010010100100010011000110000110011000011000110110100010011011100000010110110000100011110001001010111001010111100010100001010001010010010101011010011000')
DEBUG:root:Matched frame over all scan:755

DEBUG:root:Errors over all scan:100

DEBUG:root:Result:tau2_fail
DEBUG:root:Match or Not:False
DEBUG:root:Real time1487901340.18

DEBUG:root:Extracted signature:bitarray('01011001100011100011011100010000100111000100010101100100010110001100100011011001010001111110011100001010001100101100010100011010100100110011000111000110010010010000010110100010111011100000010010010001100011100011100000011001010011001010110001011000010000010111011010011000')
DEBUG:root:Matched frame over all scan:85

DEBUG:root:Errors over all scan:108

DEBUG:root:Result:tau2_fail
DEBUG:root:Match or Not:False
DEBUG:root:Real time1487901340.38

DEBUG:root:Extracted signature:bitarray('01011001100001101011001100011000100111000100110101000100010110001101100011011001110000001110001000110110010101101100010100011010100100110011000111001110010110010000010100100010111011100000010010010000100011101011000000111101010011001010110001011000010000010101001010011000')
DEBUG:root:Matched frame over all scan:81

DEBUG:root:Errors over all scan:98

DEBUG:root:Result:tau2_fail
DEBUG:root:Match or Not:False
DEBUG:root:Real time1487901340.59

DEBUG:root:Extracted signature:bitarray('01011001100011110011000101011110101010010011001001001000011001001011110010001111011000001110100001100000101010000110000110001100110000110001000110000110011000011000110111010010001011100000001010010000001001110001111010100101010100001010010010011000110101010111010010011000')
DEBUG:root:Matched frame over all scan:241

DEBUG:root:Errors over all scan:101

DEBUG:root:Result:tau2_fail
DEBUG:root:Match or Not:False
DEBUG:root:Real time1487901340.79

DEBUG:root:Extracted signature:bitarray('00011001100001110011101001010110100010010011001001001010110001001011110010001111010100010010100001100000101010000110000110001100110000110001100011000110011000011000110111001010010011110000001010010000101001110001111010110110010100001010000000011100110100010110011011011000')
DEBUG:root:Matched frame over all scan:1089

DEBUG:root:Errors over all scan:100

DEBUG:root:Result:tau2_fail
DEBUG:root:Match or Not:False
DEBUG:root:Real time1487901340.99

DEBUG:root:Extracted signature:bitarray('00011001100011110011110001010110101010010011000001001010100010010101110010001111011000010010100001100001001010000110000110001100100000100001100011000110001100011000110011001011010011110000001010010000011001110001111010110100010100000010010000011100010101010110011011011000')
DEBUG:root:Matched frame over all scan:86

DEBUG:root:Errors over all scan:103

DEBUG:root:Result:tau2_fail
DEBUG:root:Match or Not:False
DEBUG:root:Real time1487901341.19

DEBUG:root:Extracted signature:bitarray('01011010100001110011000101010100110010010011000001001010100010010110110010001111011001011110001000010100001100000110100110001100110100110001000110001110011000011000110111001010010011100000001010110000011001100001011011100001010100001010010001011000010101010110011011011000')
DEBUG:root:Matched frame over all scan:87

DEBUG:root:Errors over all scan:95

DEBUG:root:Result:tau3_fail
DEBUG:root:Match or Not:False
DEBUG:root:Real time1487901341.39

DEBUG:root:Extracted signature:bitarray('01011001100001110011000101010100110010010001000001001001100010010110110010001111011000011010100000100001001100000110000110001100110100110001000111000110011000011000110111001010010011100000001010100000001001100000011011100001010100000010010001011100110101110110011011011000')
DEBUG:root:Matched frame over all scan:1556

DEBUG:root:Errors over all scan:103

DEBUG:root:Result:tau1_fail
DEBUG:root:Match or Not:False
DEBUG:root:Real time1487901341.59

DEBUG:root:Extracted signature:bitarray('01011010100011110011010101010100110010010011000001001010100010010110110010001111011000011010000000010001001100000110000110001100110100100001000111000110011000011000110111000110010011100000011010010000011001100000111011100001010100001010010011010100110110010111011011011000')
DEBUG:root:Matched frame over all scan:1237

DEBUG:root:Errors over all scan:102

DEBUG:root:Result:tau1_fail
DEBUG:root:Match or Not:False
DEBUG:root:Real time1487901341.79

DEBUG:root:Extracted signature:bitarray('00011001100001110011000101011110110010010001000001001001100010010110110010010111011000011010000010010001001100000110000110001100110100110001000110001110011000011000110111010011011011100000001010010000011001100000011011100001010100001010000011010100110101110110011011011000')
DEBUG:root:Matched frame over all scan:187

DEBUG:root:Errors over all scan:99

DEBUG:root:Result:tau2_fail
DEBUG:root:Match or Not:False
DEBUG:root:Real time1487901341.99

DEBUG:root:Extracted signature:bitarray('01011001100001110011000101011100110010010001000001001001010010010110110010010111011000011110000010010001001100000110000110001100110100110001000111000110011000011000110111010011011011100000001010010000011001100000011011100001010100001010000011010100010101010111011011011000')
DEBUG:root:Matched frame over all scan:190

DEBUG:root:Errors over all scan:101

DEBUG:root:Result:tau2_fail
DEBUG:root:Match or Not:False
DEBUG:root:Real time1487901342.19

DEBUG:root:Extracted signature:bitarray('00011001100011110011110001010100101010010011000001001010100010010110110010000111011000011010000000010001001100000110100110001000100100110001100011000110011000011000110111001010010011110000001010010000011001100000011011100001010100001010100001010100010111010111011011011000')
DEBUG:root:Matched frame over all scan:86

DEBUG:root:Errors over all scan:100

DEBUG:root:Result:tau3_fail
DEBUG:root:Match or Not:False
DEBUG:root:Real time1487901342.39

DEBUG:root:Extracted signature:bitarray('01011010110011110011001100011100110100101101000010010011100010100111100100110011001001100101010010100101101100010110010010001001101110110001000110001110011000011000110011010010011011100000001010110000001001100011010010110100010010101011000001010001010110010001000110011000')
DEBUG:root:Matched frame over all scan:240

DEBUG:root:Errors over all scan:98

DEBUG:root:Result:tau2_fail
DEBUG:root:Match or Not:False
DEBUG:root:Real time1487901342.59

DEBUG:root:Extracted signature:bitarray('00011001100001110011110010010110101010010101100001001000110001001000100010000101010100010100100100100010010010010110010010011001110110000001100111000110001100011000110111000110010011110000001010000000001001110011000010110100010110100110101001011101010010010101010010011000')
DEBUG:root:Matched frame over all scan:2054

DEBUG:root:Errors over all scan:107

DEBUG:root:Result:tau2_fail
DEBUG:root:Match or Not:False
DEBUG:root:Real time1487901342.79

DEBUG:root:Extracted signature:bitarray('00011001100001110011101010010110101010010101100001001000101001001001010010000101010100010110100011010001101000110101001100101100100100000001100011000110001100011100110011000110001011110000000010010001000011101111001010111001010110100010100001010000010000010001001110011000')
DEBUG:root:Matched frame over all scan:2080

DEBUG:root:Errors over all scan:102

DEBUG:root:Result:tau2_fail
DEBUG:root:Match or Not:False
DEBUG:root:Real time1487901342.99

DEBUG:root:Extracted signature:bitarray('00001001100011100101010100101011010110000111011001000001100101000101101110000000110101000010001000010110001000001100100101001101000010010001101110010110011101011001010011100011010011100000011010010000011001001001110011100011110100011010010110010111010010010101010010011000')
DEBUG:root:Matched frame over all scan:84

DEBUG:root:Errors over all scan:97

DEBUG:root:Result:tau3_fail
DEBUG:root:Match or Not:False
DEBUG:root:Real time1487901343.19

DEBUG:root:Extracted signature:bitarray('00011001100000100011101000100100110110001001010011000100100011000001011100100010101001011010001000010100011000010100010100101010110111110001100011000110010010011001010110100010011011110010001010110011000011001110001000011000010011101010111111001110011110011101010001001000')
DEBUG:root:Matched frame over all scan:217

DEBUG:root:Errors over all scan:101

DEBUG:root:Result:tau2_fail
DEBUG:root:Match or Not:False
DEBUG:root:Under real time Point counter:0.204349994659

DEBUG:root:Extracted signature:bitarray('01011010100001110011001000010110110010010101000001001010100010010101010010001110011000001100011101100001111001011100011100111001110110100001100111001110011000011000110111000111001011110000001010110000011001110100001010000011110001111110011111001111110111010101011010011000')
DEBUG:root:Matched frame over all scan:1356

DEBUG:root:Errors over all scan:100

DEBUG:root:Result:tau2_fail
DEBUG:root:Match or Not:False
DEBUG:root:Real time1487901343.59

DEBUG:root:Extracted signature:bitarray('00011010100011110011001000010110110010100101000010010011100010010110010101001110101000010100101101100011011011101100001100011001110110100001100011001110011000011000110111000111001011110000001010110000011001110111111010000011110011111110111111001111110111010101010010011000')
DEBUG:root:Matched frame over all scan:1334

DEBUG:root:Errors over all scan:102

DEBUG:root:Result:tau1_fail
DEBUG:root:Match or Not:False
DEBUG:root:Real time1487901343.8

DEBUG:root:Extracted signature:bitarray('00011001100011110011111000010110101010100101000010010111100010100110010100001110011000010101001110100111101011001100001100011001110110100001100011000110001100001100110111000111001011110000001010111000101001110010011010000111110011111110011111001111110110010011010010011000')
DEBUG:root:Matched frame over all scan:104

DEBUG:root:Errors over all scan:96

DEBUG:root:Result:tau3_fail
DEBUG:root:Match or Not:False
DEBUG:root:Real time1487901344.0

DEBUG:root:Extracted signature:bitarray('01011010100001110011001100010110110100100101000010010011100010010110100101001110101000110101000101100011011011001100001100011001110110110001000111001110011000011000110111000111001011100000001010110000011001110111111010000011110011111110011111001111110110010101011010011000')
DEBUG:root:Matched frame over all scan:1431

DEBUG:root:Errors over all scan:102

DEBUG:root:Result:tau1_fail
DEBUG:root:Match or Not:False
DEBUG:root:Real time1487901344.2

DEBUG:root:Extracted signature:bitarray('00101010100011110011001100010110110100100101000010010011100010010110010100001110101001110101001101100011011011101100001100011001110110100001100111001110011000011000110111000111001011110000001010110000011001110111111010000011110011111110111111001111110110010101010010011000')
DEBUG:root:Matched frame over all scan:1431

DEBUG:root:Errors over all scan:101

DEBUG:root:Result:tau1_fail
DEBUG:root:Match or Not:False
DEBUG:root:Real time1487901344.4

DEBUG:root:Extracted signature:bitarray('00011001100001110011111000010110100100100101000010010011100010100110010100001111101000110101001101100011011011001100001100011001110110100001100011001110001100001100110011000111001011110000001010110000011001110010001010000111110001111110011111001111110111010101010010011000')
DEBUG:root:Matched frame over all scan:1431

DEBUG:root:Errors over all scan:99

DEBUG:root:Result:tau2_fail
DEBUG:root:Match or Not:False
DEBUG:root:Real time1487901344.6

DEBUG:root:Extracted signature:bitarray('01011010100001110011001100011110110100100101000010010011100010010110010101001110101100010101001101100011011011101100001100011001110110110001000110000110011000011000110111000111001011110000001010110000011001110111111010000011110011111110011111001111110111010101010010011000')
DEBUG:root:Matched frame over all scan:502

DEBUG:root:Errors over all scan:103

DEBUG:root:Result:tau2_fail
DEBUG:root:Match or Not:False
DEBUG:root:Real time1487901344.8

DEBUG:root:Extracted signature:bitarray('00011010110001110011001100011110110100100101000010010011100010010110010101001110101000010101000101100011011011101100001100011001110110110001000110001110011000011000110111000011001011110000001010110000011001110111111010000111110011111110011111001111110111010101011010011000')
DEBUG:root:Matched frame over all scan:220

DEBUG:root:Errors over all scan:100

DEBUG:root:Result:tau2_fail
DEBUG:root:Match or Not:False
DEBUG:root:Real time1487901345.0

DEBUG:root:Extracted signature:bitarray('00101100100011110011001100010110110100100101000010010011100010010110010101001110101000010101001101100011011011101100001100011001110110100001100110001110011000011000110111000111001011110000001010110000011001110111111010000011110011111110011111001111110110010011011010011000')
DEBUG:root:Matched frame over all scan:220

DEBUG:root:Errors over all scan:103

DEBUG:root:Result:tau2_fail
DEBUG:root:Match or Not:False
DEBUG:root:Real time1487901345.2

DEBUG:root:Extracted signature:bitarray('00011010100001110011001100011110110100100101000010010010100010010110010101001110101000010100101101100011011011101100001100011001110110110001000111001110011000011000110111000111001011100000001010110000001001110111111010000011110010111110111111001111110110010011011010011000')
DEBUG:root:Matched frame over all scan:220

DEBUG:root:Errors over all scan:105

DEBUG:root:Result:tau2_fail
DEBUG:root:Match or Not:False
DEBUG:root:Real time1487901345.4

DEBUG:root:Extracted signature:bitarray('00101010100011110011001100010110110100100101000010010010100010010110010101001110101000010101001101100011011011001100001100011001110110100001100111001110011000011000110111000111001011100000001010110000011001110011111010000001110001111110011111001111110110010011011010011000')
DEBUG:root:Matched frame over all scan:1205

DEBUG:root:Errors over all scan:104

DEBUG:root:Result:tau1_fail
DEBUG:root:Match or Not:False
DEBUG:root:Real time1487901345.6

DEBUG:root:Extracted signature:bitarray('01001110001001101011100001000010110000000000110000000000110000000000110001000100100100110011000000011000011000010100010110101011010000110001100100001010100100000001011001100001100010110000110010110000010010110110110011111100010111110010111110011000111010101100011010001000')
DEBUG:root:Matched frame over all scan:2127

DEBUG:root:Errors over all scan:93

DEBUG:root:Result:tau3_fail
DEBUG:root:Match or Not:False
DEBUG:root:Real time1487901345.8

DEBUG:root:Extracted signature:bitarray('01011110001110010011100001000110111000000100101100001000110000101001110011010100100001101010100110010001000100100010000001111001110110110111000100001010110110001000011001100010101010110000110011100010110010001101001011111100010111100010111001011110010111010011001010010000')
DEBUG:root:Matched frame over all scan:558

DEBUG:root:Errors over all scan:92

DEBUG:root:Result:tau3_fail
DEBUG:root:Match or Not:False
DEBUG:root:Real time1487901346.0

DEBUG:root:Extracted signature:bitarray('01011110001110010011100001001010110000000100101000001000110001101001110011010100100100011010100101010001000100100010000011111001110110110001000000001011100110001000111001100011101011110000110011100010010011011110001011111100010111100110111001011011010111010011001010010000')
DEBUG:root:Matched frame over all scan:558

DEBUG:root:Errors over all scan:96

DEBUG:root:Result:tau3_fail
DEBUG:root:Match or Not:False
DEBUG:root:Real time1487901346.2

DEBUG:root:Extracted signature:bitarray('01011110001000010011110000010010110100001000101010001000110001001000110101011010100011010110000000110001000100100010000010110001110100110011100000001011000110001101011011100011101011110000110011100010010011010110001011011100110111100110111101011111010111011111001010010000')
DEBUG:root:Matched frame over all scan:2136

DEBUG:root:Errors over all scan:101

DEBUG:root:Result:tau2_fail
DEBUG:root:Match or Not:False
DEBUG:root:Real time1487901346.4

DEBUG:root:Extracted signature:bitarray('01011110001010010011010000010010110000010000100010001000110001101000110011010010100001010110000010110001000100100010000001110001110110110001100000001011000110001001011001100001000011110000110011100000011011010110001011111100110111100110011001011111010111010011001010010000')
DEBUG:root:Matched frame over all scan:558

DEBUG:root:Errors over all scan:101

DEBUG:root:Result:tau3_fail
DEBUG:root:Match or Not:False
DEBUG:root:Real time1487901346.6

DEBUG:root:Extracted signature:bitarray('01011010001010010011000000100010110000010001100000001000110001101000110001010010100101011010000100110001000100100010000001111001110110110011100000000011000110001000011011100001000011110000110011100010011011011110001011111100110111100110011001011111010111010011001010010000')
DEBUG:root:Matched frame over all scan:116

DEBUG:root:Errors over all scan:101

DEBUG:root:Result:tau2_fail
DEBUG:root:Match or Not:False
DEBUG:root:Real time1487901346.8

DEBUG:root:Extracted signature:bitarray('01011010001010010011000001001010110100001000100110001000110011101000110011001101101100110110000011110001000100100010000001101001110110110111000000000011001110000000011011100001000011100000110011100010010110010110001011111100110111100110011001011111010111010011001010010000')
DEBUG:root:Matched frame over all scan:116

DEBUG:root:Errors over all scan:95

DEBUG:root:Result:tau3_fail
DEBUG:root:Match or Not:False
DEBUG:root:Real time1487901347.0

DEBUG:root:Extracted signature:bitarray('00011110001010011001000101000010110000100001101100010000110001001001110011010000111001010010101010010001011100100010010001111001110110110011111100010011000110001010011001100000100011110010110011110000110011011001001011111100010111100010111001011110010011010011001010010000')
DEBUG:root:Matched frame over all scan:2100

DEBUG:root:Errors over all scan:90

DEBUG:root:Result:tau2_fail
DEBUG:root:Match or Not:False
DEBUG:root:Real time1487901347.2

DEBUG:root:Extracted signature:bitarray('01011010001010010111110000010010101100001000100110000010110011101000110111001101101110110110000001110001010100010010100000101001110110110111010000000011001100000100011011000001000011100000110011100010010110010110101011111100110111110110011101011111010111010111001010010000')
DEBUG:root:Matched frame over all scan:116

DEBUG:root:Errors over all scan:97

DEBUG:root:Result:tau3_fail
DEBUG:root:Match or Not:False
DEBUG:root:Real time1487901347.4

DEBUG:root:Extracted signature:bitarray('00111010001010010111010000100010101100000101100111000010110011100011100111001101001100110110000011101010011001000110001100111001100110110101100000000011001100010100011011000011000011100100110011100010010110010110001011111000110101100110011001011111010011010111001010010000')
DEBUG:root:Matched frame over all scan:127

DEBUG:root:Errors over all scan:98

DEBUG:root:Result:tau2_fail
DEBUG:root:Match or Not:False
DEBUG:root:Real time1487901347.6

DEBUG:root:Extracted signature:bitarray('00111010001010010101110100000010101100100000100111001000010001101000101011001111001000110100000011101010110101001110001100111001100010111110011000100011001100000100011011000011000011100100010011110000011010010110110011111110010111100010010001011111010011010111001010010000')
DEBUG:root:Matched frame over all scan:112

DEBUG:root:Errors over all scan:97

DEBUG:root:Result:tau3_fail
DEBUG:root:Match or Not:False
DEBUG:root:Real time1487901347.8

DEBUG:root:Extracted signature:bitarray('00111010101010100110110000000011101100000000100111000000010111010111001110011011010010010100100011101010110101001110001100111001101010111100011010000011001100000100011011000001000011100100010011010000011010110110110011111010010111000010110101011110010110010101011010010000')
DEBUG:root:Matched frame over all scan:125

DEBUG:root:Errors over all scan:92

DEBUG:root:Result:tau2_fail
DEBUG:root:Match or Not:False
DEBUG:root:Real time1487901348.0

DEBUG:root:Extracted signature:bitarray('00111010000011100110110001001101001100001001000111100001100111100111010111001011011000100100101001110101010101001100011100111001101010101100111011100011010110000000011111000001000011100000010011010000010010110110010111110110010111010010111001011110010110011101010010010000')
DEBUG:root:Matched frame over all scan:1420

DEBUG:root:Errors over all scan:98

DEBUG:root:Result:tau2_fail
DEBUG:root:Match or Not:False
DEBUG:root:Real time1487901348.2

DEBUG:root:Extracted signature:bitarray('00110010000011100110110100000101001110100001010010101010110110101101010011001101101000111001010001100110010110101100011100011001110111101100111011110010100011000100010001100001000010110100110010101110010010000101100110000111010110110010110011011110011010011001010010010000')
DEBUG:root:Matched frame over all scan:524

DEBUG:root:Errors over all scan:105

DEBUG:root:Result:tau1_fail
DEBUG:root:Match or Not:False
DEBUG:root:Real time1487901348.4

DEBUG:root:Extracted signature:bitarray('00110110001010010100110000001110001100000001100110110110110110101101010011001101101000110101100001100010100010110100101100011001110110101000110111110010100111111000010001111011000010110110110010111111110010000011100110000111010100110010110001011000011000011001010010010000')
DEBUG:root:Matched frame over all scan:469

DEBUG:root:Errors over all scan:101

DEBUG:root:Result:tau2_fail
DEBUG:root:Match or Not:False
DEBUG:root:Real time1487901348.6

DEBUG:root:Extracted signature:bitarray('01111001101100100101100110000010010000001100111000001110101010001110100001011000100101000010010000101000101000001100100010100100101100101111100000010010001000000011010011101000001011100110000011000110000010001100011010110001010000110011001100011010011011010011010011001000')
DEBUG:root:Matched frame over all scan:2127

DEBUG:root:Errors over all scan:101

DEBUG:root:Result:tau2_fail
DEBUG:root:Match or Not:False
DEBUG:root:Real time1487901348.81

DEBUG:root:Extracted signature:bitarray('00111010011000110111000011000110110001101001011100101011100110010011110100010011010001001010010011001000111000101100111000110100110100101111111111111110000011011011010001111110011010110011000010110001100010010001001010011000010011100011000101010011010011010000011010011000')
DEBUG:root:Matched frame over all scan:404

DEBUG:root:Errors over all scan:103

DEBUG:root:Result:tau1_fail
DEBUG:root:Match or Not:False
DEBUG:root:Real time1487901349.01

DEBUG:root:Extracted signature:bitarray('00111110100100001001111010000100110110100001100011001001110011011010110110100101101001010110001010010010100101000010001101001001100100111100011000100010000111000110010000100000001011100001000010101000000011000000001010100100011010100010100001010100010011011100010011011000')
DEBUG:root:Matched frame over all scan:1556

DEBUG:root:Errors over all scan:92

DEBUG:root:Result:tau1_fail
DEBUG:root:Match or Not:False
DEBUG:root:Real time1487901349.21

DEBUG:root:Extracted signature:bitarray('11100011000001110100011101000010001010001010101011000111100110100110100110100001001001011100100110110011001101010100010101001100100111101110011101111010110001111111010100111011011000011111111010011101111010100111100010011001001000001010100011001101011000011101010010011000')
DEBUG:root:Matched frame over all scan:1373

DEBUG:root:Errors over all scan:105

DEBUG:root:Result:tau2_fail
DEBUG:root:Match or Not:False
DEBUG:root:Real time1487901349.41

DEBUG:root:Extracted signature:bitarray('10100110000000010011010100000010101010100000100110101011000110100111101011001010101000101010101001100010101001011100011100111010110011100001110011111010001111111111010001101101110000110111111010001111111010000001101010000111011000111010100001010000011000011001010010010000')
DEBUG:root:Matched frame over all scan:566

DEBUG:root:Errors over all scan:101

DEBUG:root:Result:tau2_fail
DEBUG:root:Match or Not:False
DEBUG:root:Real time1487901349.61

DEBUG:root:Extracted signature:bitarray('10100110000000010010101000001010001101000000100110101011000110100111101011101010101000101010101001100101001001011100011100111010110111100000110111111010001111111111010001101101110000110111111010001111111010000001101010000111011000111010001001010000011000011001010010010000')
DEBUG:root:Matched frame over all scan:496

DEBUG:root:Errors over all scan:101

DEBUG:root:Result:tau1_fail
DEBUG:root:Match or Not:False
DEBUG:root:Under real time Point counter:0.231989860535

DEBUG:root:Extracted signature:bitarray('10000110000001010101101000001010001101000000100110101011000110100111101011001010101000101010101001100010101001011100011100111010110011100001110111111010001111111111010011101101110001111110111010001111111010000001111010000111011000111010100001010000011000011001010010010000')
DEBUG:root:Matched frame over all scan:886

DEBUG:root:Errors over all scan:96

DEBUG:root:Result:tau2_fail
DEBUG:root:Match or Not:False
DEBUG:root:Real time1487901350.04

DEBUG:root:Extracted signature:bitarray('10000110000000010101101000001010001101000000100110101011000110100110101011001010101000101010101001100010101001011100011100111010110101100001111111111010001111111111010011101101110001111111111010001101111010011001111010000111011000111010100001010000011000011001010010010000')
DEBUG:root:Matched frame over all scan:426

DEBUG:root:Errors over all scan:99

DEBUG:root:Result:tau1_fail
DEBUG:root:Match or Not:False
DEBUG:root:Real time1487901350.24

DEBUG:root:Real time1487901350.44

DEBUG:root:Real time1487901350.64

DEBUG:root:Real time1487901350.84

DEBUG:root:Extracted signature:bitarray('01111110000001110111110000000110111100000101101101010110110101101010010010001110011000111001100011110010101101011110001110011011110111110011110111000011011000100110011100000001001010011010001110110101101110110010001011011000010001000010111001011111010111010111001010010000')
DEBUG:root:Matched frame over all scan:131

DEBUG:root:Errors over all scan:89

DEBUG:root:Result:tau3_fail
DEBUG:root:Match or Not:False
DEBUG:root:Real time1487901351.04

DEBUG:root:Extracted signature:bitarray('01010010010001110000110001010010011110001010100111000110110111100100010100010101101000111101100010100010100011010100110100001010110010100001111111111010001101110000010011111100000011111111100010001101110010001011110010000111010000110010100001011000011000011001010010010000')
DEBUG:root:Matched frame over all scan:469

DEBUG:root:Errors over all scan:97

DEBUG:root:Result:tau2_fail
DEBUG:root:Match or Not:False
DEBUG:root:Real time1487901351.24

DEBUG:root:Extracted signature:bitarray('10000110000011110100010100010010001100101000100110001011010101100110101011001011100010101110101000100101001001011100011100111011110100100001111011111010001101110110010111111101110001111101111010001101111010001011111010000111011000111010100001010000011000011001010010010000')
DEBUG:root:Matched frame over all scan:886

DEBUG:root:Errors over all scan:96

DEBUG:root:Result:tau1_fail
DEBUG:root:Match or Not:False
DEBUG:root:Real time1487901351.44

DEBUG:root:Extracted signature:bitarray('10000110000001110100100100100110011101001100100110010011000101100111101011001011101000101110101001100101001001011100001100011011110100100011110111111010011111111110010111111011100001111111111010011111111010000111011010011111010000111010000001010000011000011001010011010000')
DEBUG:root:Matched frame over all scan:886

DEBUG:root:Errors over all scan:95

DEBUG:root:Result:tau1_fail
DEBUG:root:Match or Not:False
DEBUG:root:Real time1487901351.64

DEBUG:root:Extracted signature:bitarray('10001011000011110001110001010010101110010010100011000110110101100110100110001011100010101101100101100101001001011100011100011011110110100011111110111010011111110100010111111111100001111101111010011101111010000011111010001111010000110010100001010000010000011001010011010000')
DEBUG:root:Matched frame over all scan:886

DEBUG:root:Errors over all scan:89

DEBUG:root:Result:tau2_fail
DEBUG:root:Match or Not:False
DEBUG:root:Real time1487901351.84

DEBUG:root:Extracted signature:bitarray('00001110001011010001110000110110001110001001100111000110110111100100010101100111100001011101100101100011001001011100011100011011110110100011111110111010011101100000010111111110000011111110000010011101110010000011110110000111010000110011100011011000010100011001010011010000')
DEBUG:root:Matched frame over all scan:1201

DEBUG:root:Errors over all scan:96

DEBUG:root:Result:tau2_fail
DEBUG:root:Match or Not:False
DEBUG:root:Real time1487901352.04

DEBUG:root:Extracted signature:bitarray('00011110000111110011110000110110111110001101101111000110110110010010010010001111011000111101100010100010101101011100011100011011110110100011111110111010011111000000010111100110000011000010000010011101011010000011010110001110010100110010110001011100010100011001010011010000')
DEBUG:root:Matched frame over all scan:559

DEBUG:root:Errors over all scan:87

DEBUG:root:Result:tau3_fail
DEBUG:root:Match or Not:False
DEBUG:root:Real time1487901352.24

DEBUG:root:Extracted signature:bitarray('00111110000011110101110010110110101110100011100111000110100111000110001110001101011000011100110010110010101101011110001100011001110110110011111110110010110100000000010100100110000010000010010010100110011010011010110011110000010110110010111001011110010110011101010010011000')
DEBUG:root:Matched frame over all scan:559

DEBUG:root:Errors over all scan:102

DEBUG:root:Result:tau2_fail
DEBUG:root:Match or Not:False
DEBUG:root:Real time1487901352.44

DEBUG:root:Extracted signature:bitarray('00111001000011100111110000110010111100001100111110000110001111000111001110001111011000010100010010110010101101011110011100001000111110110111110000000011100100000010010000100110100010000110010010100110011010011100110011110000010110100011010001011110010110011101010001011000')
DEBUG:root:Matched frame over all scan:559

DEBUG:root:Errors over all scan:87

DEBUG:root:Result:tau3_fail
DEBUG:root:Match or Not:False
DEBUG:root:Real time1487901352.65

DEBUG:root:Extracted signature:bitarray('00011100010011100111110000110011111100001100111110000110010110000111001110001101001010010100001010110010101101011010011110000100011110110111100100000011000110000110011000100111100010000110011010100110011010011000111011110000010101100011010001011111010110011101010001011000')
DEBUG:root:Matched frame over all scan:150

DEBUG:root:Errors over all scan:94

DEBUG:root:Result:tau3_fail
DEBUG:root:Match or Not:False
DEBUG:root:Real time1487901352.85

DEBUG:root:Extracted signature:bitarray('00011100010011101111110000110011111100001100111110000110000110000111001110001101010100010100001010110010111101011010011110000100011110110111100000000011000110000110011000000111100010000110011010101110011010011000111011110000010101100011010011011111010110011101010001111000')
DEBUG:root:Matched frame over all scan:150

DEBUG:root:Errors over all scan:92

DEBUG:root:Result:tau3_fail
DEBUG:root:Match or Not:False
DEBUG:root:Real time1487901353.05

DEBUG:root:Extracted signature:bitarray('01011100010010101111100000110011111100001100111110000110010110000111001101001101001010010110001010110010101101011110011001000100111110110111100000010011100100010010011000100111100010100110010010101100010110011000111011011000010011010011010001011011010010011111010001011000')
DEBUG:root:Matched frame over all scan:149

DEBUG:root:Errors over all scan:93

DEBUG:root:Result:tau3_fail
DEBUG:root:Match or Not:False
DEBUG:root:Real time1487901353.25

DEBUG:root:Extracted signature:bitarray('01101100100000101111100000110011111100001100111110000110000110001110101101001101001010010100001010110010101101011010011000001100011110110111111000010011100100011010011000000111100010100110110010101100011010011000111011011000010011000011110001011001010010011111010001011000')
DEBUG:root:Matched frame over all scan:1420

DEBUG:root:Errors over all scan:100

DEBUG:root:Result:tau2_fail
DEBUG:root:Match or Not:False
DEBUG:root:Real time1487901353.45

DEBUG:root:Extracted signature:bitarray('01011110010100101110100000110011111100001100111110000110000110000110101101001101001010010100001010110010101101011010000110000100011110111111111000010011000000010010010000000101100011100110110010101100011010011000111010011100011011001011010011011111010010010101010001111000')
DEBUG:root:Matched frame over all scan:151

DEBUG:root:Errors over all scan:93

DEBUG:root:Result:tau3_fail
DEBUG:root:Match or Not:False
DEBUG:root:Real time1487901353.65

DEBUG:root:Extracted signature:bitarray('01011100100100101110110000110011111100001100111110001111000111000110101110001101001010010100001010100010101101011010001110000100011110101110111000010011000000010110010000001101100011100110011010001100011010011000101011010100010101001011110011011001010010010101010001111000')
DEBUG:root:Matched frame over all scan:151

DEBUG:root:Errors over all scan:100

DEBUG:root:Result:tau3_fail
DEBUG:root:Match or Not:False
DEBUG:root:Real time1487901353.85

DEBUG:root:Extracted signature:bitarray('01010100010100101110110000110011111010001100111110001110000111001110101110001101010010010100010010110100101100011010000110000100011110111110111000110011000100110010010000001101100011000110110111001100011010011000111011011000010101000011110011011011010010011101010001111000')
DEBUG:root:Matched frame over all scan:151

DEBUG:root:Errors over all scan:100

DEBUG:root:Result:tau3_fail
DEBUG:root:Match or Not:False
DEBUG:root:Real time1487901354.05

DEBUG:root:Extracted signature:bitarray('01110100000100101011100010010010111101001010101001000110100111001111001110011111011000011100010011110101011100011010010110001100111110110001100000110010100100010110010100001101011011000100100111001100010010011000111011011000010110100011110011010010010010011101010101111000')
DEBUG:root:Matched frame over all scan:138

DEBUG:root:Errors over all scan:106

DEBUG:root:Result:tau3_fail
DEBUG:root:Match or Not:False
DEBUG:root:Real time1487901354.25

DEBUG:root:Extracted signature:bitarray('01110000000000010101100000101010011000001101100010100101100000101110101110001111011000011100010011110101011100011010000110101010110110110000100110110011100110110001111100001010011011000100100111001100000010011001101011011000010110100011111011010110010100001001010011110000')
DEBUG:root:Matched frame over all scan:123

DEBUG:root:Errors over all scan:98

DEBUG:root:Result:tau3_fail
DEBUG:root:Match or Not:False
DEBUG:root:Real time1487901354.45

DEBUG:root:Extracted signature:bitarray('01100100000000010110100000100110011100000101100010001011110010101110101010000011011000011110010101110101011100101010010100101100110110110000100110110011100110100001111100000010001011000011000111001100100010011001101011011000010110100011111011010110010100101001010010010000')
DEBUG:root:Matched frame over all scan:2198

DEBUG:root:Errors over all scan:104

DEBUG:root:Result:tau2_fail
DEBUG:root:Match or Not:False
DEBUG:root:Real time1487901354.65

DEBUG:root:Extracted signature:bitarray('11000000100000010100100000100110001100000101100010001011100100101111100110000011011100011111000110110001101100110100100101001100110110110000110111110010010101000001111010000010001011000100000111000100100010011001111011111100010110110010110000010110010100101001010010010000')
DEBUG:root:Matched frame over all scan:154

DEBUG:root:Errors over all scan:106

DEBUG:root:Result:tau3_fail
DEBUG:root:Match or Not:False
DEBUG:root:Under real time Point counter:0.230969905853

DEBUG:root:Extracted signature:bitarray('10100010010000010100101100000110001100000101100000000011100010001101100010000011001000101111001010110010111001000100100110001100110110110000111111110010011001000001110111100010001011000100100111000100110010011011101011111001010100110010001100010100010000111001010010010000')
DEBUG:root:Matched frame over all scan:2975

DEBUG:root:Errors over all scan:100

DEBUG:root:Result:tau3_fail
DEBUG:root:Match or Not:False
