DEBUG:root:Under real time Point counter:5.69820404053e-05

DEBUG:root:Under real time Point counter:0.332776069641

DEBUG:root:Real time1487471951.76

DEBUG:root:Real time1487471951.96

DEBUG:root:Real time1487471952.16

DEBUG:root:Real time1487471952.37

DEBUG:root:Real time1487471952.57

DEBUG:root:Real time1487471952.77

DEBUG:root:Real time1487471952.97

DEBUG:root:Too small detection probably wrong
DEBUG:root:Real time1487471953.17

DEBUG:root:Real time1487471953.37

DEBUG:root:Real time1487471953.57

DEBUG:root:Real time1487471953.78

DEBUG:root:Too small detection probably wrong
DEBUG:root:Real time1487471953.98

DEBUG:root:Real time1487471954.18

DEBUG:root:Real time1487471954.38

DEBUG:root:Real time1487471954.58

DEBUG:root:Real time1487471954.78

DEBUG:root:Real time1487471954.98

DEBUG:root:Real time1487471955.18

DEBUG:root:Real time1487471955.38

DEBUG:root:Too small detection probably wrong
DEBUG:root:Real time1487471955.58

DEBUG:root:Real time1487471955.78

DEBUG:root:Too small detection probably wrong
DEBUG:root:Real time1487471955.98

DEBUG:root:Real time1487471956.18

DEBUG:root:Real time1487471956.39

DEBUG:root:Real time1487471956.59

DEBUG:root:Real time1487471956.79

DEBUG:root:Real time1487471956.99

DEBUG:root:Real time1487471957.19

DEBUG:root:Real time1487471957.39

DEBUG:root:Real time1487471957.59

DEBUG:root:Real time1487471957.79

DEBUG:root:Real time1487471957.99

DEBUG:root:Real time1487471958.2

DEBUG:root:Real time1487471958.4

DEBUG:root:Real time1487471958.6

DEBUG:root:Real time1487471958.8

DEBUG:root:Real time1487471959.0

DEBUG:root:Real time1487471959.2

DEBUG:root:Real time1487471959.4

DEBUG:root:Real time1487471959.6

DEBUG:root:Real time1487471959.8

DEBUG:root:Real time1487471960.0

DEBUG:root:Real time1487471960.2

DEBUG:root:Real time1487471960.4

DEBUG:root:Real time1487471960.6

DEBUG:root:Real time1487471960.81

DEBUG:root:Too small detection probably wrong
DEBUG:root:Real time1487471961.01

DEBUG:root:Real time1487471961.21

DEBUG:root:Real time1487471961.41

DEBUG:root:Real time1487471961.61

DEBUG:root:Real time1487471961.81

DEBUG:root:Real time1487471962.01

DEBUG:root:Real time1487471962.21

DEBUG:root:Real time1487471962.41

DEBUG:root:Real time1487471962.61

DEBUG:root:Real time1487471962.81

DEBUG:root:Real time1487471963.02

DEBUG:root:Real time1487471963.22

DEBUG:root:Real time1487471963.42

DEBUG:root:Real time1487471963.62

DEBUG:root:Real time1487471963.82

DEBUG:root:Real time1487471964.02

DEBUG:root:Real time1487471964.22

DEBUG:root:Real time1487471964.42

DEBUG:root:Real time1487471964.62

DEBUG:root:Real time1487471964.82

DEBUG:root:Real time1487471965.02

DEBUG:root:Real time1487471965.22

DEBUG:root:Real time1487471965.42

DEBUG:root:Real time1487471965.62

DEBUG:root:Real time1487471965.83

DEBUG:root:Real time1487471966.03

DEBUG:root:Real time1487471966.23

DEBUG:root:Real time1487471966.43

DEBUG:root:Real time1487471966.63

DEBUG:root:Real time1487471966.83

DEBUG:root:Real time1487471967.03

DEBUG:root:Real time1487471967.23

DEBUG:root:Real time1487471967.43

DEBUG:root:Real time1487471967.63

DEBUG:root:Real time1487471967.83

DEBUG:root:Real time1487471968.03

DEBUG:root:Real time1487471968.23

DEBUG:root:Real time1487471968.44

DEBUG:root:Real time1487471968.64

DEBUG:root:Real time1487471968.84

DEBUG:root:Real time1487471969.04

DEBUG:root:Real time1487471969.24

DEBUG:root:Real time1487471969.44

DEBUG:root:Real time1487471969.64

DEBUG:root:Real time1487471969.84

DEBUG:root:Real time1487471970.04

DEBUG:root:Real time1487471970.25

DEBUG:root:Real time1487471970.45

DEBUG:root:Real time1487471970.65

DEBUG:root:Real time1487471970.85

DEBUG:root:Real time1487471971.05

DEBUG:root:Real time1487471971.25

DEBUG:root:Real time1487471971.45

DEBUG:root:Real time1487471971.65

DEBUG:root:Real time1487471971.85

DEBUG:root:Real time1487471972.05

DEBUG:root:Real time1487471972.25

DEBUG:root:Real time1487471972.45

DEBUG:root:Real time1487471972.65

DEBUG:root:Real time1487471972.85

DEBUG:root:Real time1487471973.05

DEBUG:root:Real time1487471973.25

DEBUG:root:Real time1487471973.46

DEBUG:root:Real time1487471973.66

DEBUG:root:Real time1487471973.86

DEBUG:root:Real time1487471974.06

DEBUG:root:Real time1487471974.26

DEBUG:root:Real time1487471974.46

DEBUG:root:Real time1487471974.66

DEBUG:root:Real time1487471974.86

DEBUG:root:Real time1487471975.06

DEBUG:root:Real time1487471975.26

DEBUG:root:Real time1487471975.47

DEBUG:root:Real time1487471975.67

DEBUG:root:Real time1487471975.87

DEBUG:root:Real time1487471976.07

DEBUG:root:Real time1487471976.27

DEBUG:root:Real time1487471976.47

DEBUG:root:Real time1487471976.67

DEBUG:root:Real time1487471976.87

DEBUG:root:Real time1487471977.07

DEBUG:root:Real time1487471977.27

DEBUG:root:Real time1487471977.47

DEBUG:root:Real time1487471977.67

DEBUG:root:Real time1487471977.87

DEBUG:root:Real time1487471978.07

DEBUG:root:Real time1487471978.27

DEBUG:root:Real time1487471978.48

DEBUG:root:Real time1487471978.68

DEBUG:root:Real time1487471978.88

DEBUG:root:Real time1487471979.08

DEBUG:root:Real time1487471979.28

DEBUG:root:Real time1487471979.48

DEBUG:root:Real time1487471979.68

DEBUG:root:Real time1487471979.88

DEBUG:root:Too small detection probably wrong
DEBUG:root:Real time1487471980.09

DEBUG:root:Real time1487471980.29

DEBUG:root:Too small detection probably wrong
DEBUG:root:Real time1487471980.49

DEBUG:root:Real time1487471980.69

DEBUG:root:Real time1487471980.89

DEBUG:root:Real time1487471981.09

DEBUG:root:Real time1487471981.29

DEBUG:root:Real time1487471981.49

DEBUG:root:Real time1487471981.69

DEBUG:root:Real time1487471981.89

DEBUG:root:Real time1487471982.09

DEBUG:root:Real time1487471982.29

DEBUG:root:Real time1487471982.49

DEBUG:root:Real time1487471982.69

DEBUG:root:Real time1487471982.9

DEBUG:root:Real time1487471983.1

DEBUG:root:Real time1487471983.3

DEBUG:root:Real time1487471983.5

DEBUG:root:Real time1487471983.7

DEBUG:root:Real time1487471983.9

DEBUG:root:Real time1487471984.1

DEBUG:root:Real time1487471984.3

DEBUG:root:Real time1487471984.5

DEBUG:root:Real time1487471984.7

DEBUG:root:Real time1487471984.9

DEBUG:root:Under real time Point counter:0.216825008392

DEBUG:root:Real time1487471985.32

DEBUG:root:Real time1487471985.52

DEBUG:root:Real time1487471985.72

DEBUG:root:Real time1487471985.92

DEBUG:root:Real time1487471986.12

DEBUG:root:Real time1487471986.33

DEBUG:root:Real time1487471986.53

DEBUG:root:Real time1487471986.73

DEBUG:root:Real time1487471986.93

DEBUG:root:Real time1487471987.13

DEBUG:root:Real time1487471987.33

DEBUG:root:Real time1487471987.53

DEBUG:root:Real time1487471987.73

DEBUG:root:Real time1487471987.93

DEBUG:root:Real time1487471988.13

DEBUG:root:Real time1487471988.33

DEBUG:root:Real time1487471988.54

DEBUG:root:Real time1487471988.74

DEBUG:root:Real time1487471988.94

DEBUG:root:Real time1487471989.14

DEBUG:root:Real time1487471989.34

DEBUG:root:Real time1487471989.54

DEBUG:root:Real time1487471989.74

DEBUG:root:Real time1487471989.94

DEBUG:root:Real time1487471990.14

DEBUG:root:Real time1487471990.34

DEBUG:root:Real time1487471990.54

DEBUG:root:Real time1487471990.74

DEBUG:root:Real time1487471990.95

DEBUG:root:Real time1487471991.15

DEBUG:root:Real time1487471991.35

DEBUG:root:Real time1487471991.55

DEBUG:root:Real time1487471991.75

DEBUG:root:Real time1487471991.95

DEBUG:root:Real time1487471992.15

DEBUG:root:Real time1487471992.35

DEBUG:root:Real time1487471992.55

DEBUG:root:Real time1487471992.75

DEBUG:root:Real time1487471992.95

DEBUG:root:Real time1487471993.15

DEBUG:root:Real time1487471993.35

DEBUG:root:Real time1487471993.56

DEBUG:root:Real time1487471993.76

DEBUG:root:Real time1487471993.96

DEBUG:root:Real time1487471994.16

DEBUG:root:Too small detection probably wrong
DEBUG:root:Real time1487471994.36

DEBUG:root:Real time1487471994.56

DEBUG:root:Real time1487471994.76

DEBUG:root:Real time1487471994.96

DEBUG:root:Real time1487471995.16

DEBUG:root:Real time1487471995.36

DEBUG:root:Real time1487471995.56

DEBUG:root:Real time1487471995.76

DEBUG:root:Real time1487471995.96

DEBUG:root:Real time1487471996.16

DEBUG:root:Real time1487471996.36

DEBUG:root:Real time1487471996.56

DEBUG:root:Real time1487471996.77

DEBUG:root:Real time1487471996.97

DEBUG:root:Real time1487471997.17

DEBUG:root:Real time1487471997.37

DEBUG:root:Too small detection probably wrong
DEBUG:root:Real time1487471997.57

DEBUG:root:Real time1487471997.77

DEBUG:root:Real time1487471997.97

DEBUG:root:Real time1487471998.17

DEBUG:root:Real time1487471998.37

DEBUG:root:Real time1487471998.57

DEBUG:root:Real time1487471998.77

DEBUG:root:Real time1487471998.97

DEBUG:root:Real time1487471999.17

DEBUG:root:Real time1487471999.37

DEBUG:root:Real time1487471999.58

DEBUG:root:Real time1487471999.78

DEBUG:root:Real time1487471999.98

DEBUG:root:Real time1487472000.18

DEBUG:root:Real time1487472000.38

DEBUG:root:Too small detection probably wrong
DEBUG:root:Real time1487472000.58

DEBUG:root:Real time1487472000.78

DEBUG:root:Real time1487472000.98

DEBUG:root:Real time1487472001.19

DEBUG:root:Real time1487472001.39

DEBUG:root:Too small detection probably wrong
DEBUG:root:Real time1487472001.59

DEBUG:root:Real time1487472001.79

DEBUG:root:Real time1487472001.99

DEBUG:root:Real time1487472002.19

DEBUG:root:Real time1487472002.39

DEBUG:root:Real time1487472002.59

DEBUG:root:Real time1487472002.79

DEBUG:root:Real time1487472002.99

DEBUG:root:Real time1487472003.2

DEBUG:root:Real time1487472003.4

DEBUG:root:Real time1487472003.6

DEBUG:root:Real time1487472003.8

DEBUG:root:Real time1487472004.0

DEBUG:root:Real time1487472004.2

DEBUG:root:Real time1487472004.4

DEBUG:root:Real time1487472004.6

DEBUG:root:Real time1487472004.8

DEBUG:root:Real time1487472005.0

DEBUG:root:Real time1487472005.2

DEBUG:root:Real time1487472005.4

DEBUG:root:Real time1487472005.6

DEBUG:root:Real time1487472005.81

DEBUG:root:Real time1487472006.01

DEBUG:root:Real time1487472006.21

DEBUG:root:Real time1487472006.41

DEBUG:root:Real time1487472006.61

DEBUG:root:Real time1487472006.81

DEBUG:root:Real time1487472007.01

DEBUG:root:Real time1487472007.21

DEBUG:root:Real time1487472007.41

DEBUG:root:Real time1487472007.61

DEBUG:root:Real time1487472007.81

DEBUG:root:Real time1487472008.01

DEBUG:root:Real time1487472008.21

DEBUG:root:Real time1487472008.42

DEBUG:root:Real time1487472008.62

DEBUG:root:Real time1487472008.82

DEBUG:root:Real time1487472009.02

DEBUG:root:Real time1487472009.22

DEBUG:root:Real time1487472009.42

DEBUG:root:Real time1487472009.62

DEBUG:root:Real time1487472009.82

DEBUG:root:Real time1487472010.02

DEBUG:root:Real time1487472010.22

DEBUG:root:Real time1487472010.42

DEBUG:root:Real time1487472010.62

DEBUG:root:Real time1487472010.82

DEBUG:root:Real time1487472011.02

DEBUG:root:Real time1487472011.23

DEBUG:root:Real time1487472011.43

DEBUG:root:Real time1487472011.63

DEBUG:root:Real time1487472011.83

DEBUG:root:Real time1487472012.03

DEBUG:root:Real time1487472012.23

DEBUG:root:Real time1487472012.43

DEBUG:root:Real time1487472012.63

DEBUG:root:Real time1487472012.83

DEBUG:root:Real time1487472013.03

DEBUG:root:Real time1487472013.23

DEBUG:root:Real time1487472013.43

DEBUG:root:Real time1487472013.63

DEBUG:root:Real time1487472013.83

DEBUG:root:Real time1487472014.03

DEBUG:root:Real time1487472014.23

DEBUG:root:Real time1487472014.43

DEBUG:root:Real time1487472014.63

DEBUG:root:Real time1487472014.83

DEBUG:root:Real time1487472015.03

DEBUG:root:Real time1487472015.24

DEBUG:root:Real time1487472015.44

DEBUG:root:Real time1487472015.64

DEBUG:root:Real time1487472015.84

DEBUG:root:Real time1487472016.04

DEBUG:root:Real time1487472016.24

DEBUG:root:Real time1487472016.44

DEBUG:root:Real time1487472016.64

DEBUG:root:Real time1487472016.84

DEBUG:root:Too small detection probably wrong
DEBUG:root:Real time1487472017.04

DEBUG:root:Real time1487472017.24

DEBUG:root:Real time1487472017.44

DEBUG:root:Too small detection probably wrong
DEBUG:root:Real time1487472017.64

DEBUG:root:Too small detection probably wrong
DEBUG:root:Real time1487472017.84

DEBUG:root:Too small detection probably wrong
DEBUG:root:Real time1487472018.05

DEBUG:root:Real time1487472018.25

DEBUG:root:Too small detection probably wrong
DEBUG:root:Real time1487472018.45

DEBUG:root:Real time1487472018.65

DEBUG:root:Real time1487472018.85

DEBUG:root:Real time1487472019.05

DEBUG:root:Real time1487472019.25

DEBUG:root:Real time1487472019.45

DEBUG:root:Real time1487472019.65

DEBUG:root:Real time1487472019.85

DEBUG:root:Real time1487472020.05

DEBUG:root:Real time1487472020.26

DEBUG:root:Real time1487472020.46

DEBUG:root:Real time1487472020.66

DEBUG:root:Real time1487472020.86

DEBUG:root:Real time1487472021.06

DEBUG:root:Real time1487472021.26

DEBUG:root:Real time1487472021.46

DEBUG:root:Real time1487472021.66

DEBUG:root:Real time1487472021.86

DEBUG:root:Real time1487472022.06

DEBUG:root:Real time1487472022.26

DEBUG:root:Real time1487472022.46

DEBUG:root:Real time1487472022.66

DEBUG:root:Real time1487472022.87

DEBUG:root:Real time1487472023.07

DEBUG:root:Real time1487472023.27

DEBUG:root:Real time1487472023.47

DEBUG:root:Real time1487472023.67

DEBUG:root:Real time1487472023.87

DEBUG:root:Real time1487472024.07

DEBUG:root:Real time1487472024.27

DEBUG:root:Real time1487472024.47

DEBUG:root:Real time1487472024.67

DEBUG:root:Real time1487472024.87

DEBUG:root:Real time1487472025.07

DEBUG:root:Real time1487472025.27

DEBUG:root:Real time1487472025.48

DEBUG:root:Real time1487472025.68

DEBUG:root:Real time1487472025.88

DEBUG:root:Real time1487472026.08

DEBUG:root:Real time1487472026.28

DEBUG:root:Real time1487472026.48

DEBUG:root:Real time1487472026.68

DEBUG:root:Real time1487472026.88

DEBUG:root:Real time1487472027.08

DEBUG:root:Real time1487472027.28

DEBUG:root:Real time1487472027.48

DEBUG:root:Real time1487472027.68

DEBUG:root:Real time1487472027.88

DEBUG:root:Real time1487472028.09

DEBUG:root:Real time1487472028.29

DEBUG:root:Real time1487472028.49

DEBUG:root:Real time1487472028.69

DEBUG:root:Real time1487472028.89

DEBUG:root:Real time1487472029.09

DEBUG:root:Real time1487472029.29

DEBUG:root:Real time1487472029.49

DEBUG:root:Real time1487472029.7

DEBUG:root:Real time1487472029.9

DEBUG:root:Real time1487472030.1

DEBUG:root:Real time1487472030.3

DEBUG:root:Real time1487472030.5

DEBUG:root:Real time1487472030.7

DEBUG:root:Real time1487472030.9

DEBUG:root:Real time1487472031.1

DEBUG:root:Real time1487472031.3

DEBUG:root:Real time1487472031.5

DEBUG:root:Real time1487472031.7

DEBUG:root:Real time1487472031.9

DEBUG:root:Real time1487472032.1

DEBUG:root:Real time1487472032.3

DEBUG:root:Real time1487472032.5

DEBUG:root:Real time1487472032.7

DEBUG:root:Real time1487472032.9

DEBUG:root:Real time1487472033.11

DEBUG:root:Real time1487472033.31

DEBUG:root:Real time1487472033.51

DEBUG:root:Real time1487472033.71

DEBUG:root:Real time1487472033.91

DEBUG:root:Real time1487472034.11

DEBUG:root:Real time1487472034.31

DEBUG:root:Real time1487472034.51

DEBUG:root:Real time1487472034.71

DEBUG:root:Real time1487472034.91

DEBUG:root:Real time1487472035.11

DEBUG:root:Real time1487472035.31

DEBUG:root:Real time1487472035.51

DEBUG:root:Real time1487472035.72

DEBUG:root:Real time1487472035.92

DEBUG:root:Real time1487472036.12

DEBUG:root:Real time1487472036.32

DEBUG:root:Real time1487472036.52

DEBUG:root:Real time1487472036.72

DEBUG:root:Real time1487472036.92

DEBUG:root:Real time1487472037.12

DEBUG:root:Real time1487472037.32

DEBUG:root:Real time1487472037.52

DEBUG:root:Real time1487472037.72

DEBUG:root:Real time1487472037.93

DEBUG:root:Real time1487472038.13

DEBUG:root:Real time1487472038.33

DEBUG:root:Real time1487472038.53

DEBUG:root:Real time1487472038.73

DEBUG:root:Real time1487472038.93

DEBUG:root:Real time1487472039.13

DEBUG:root:Real time1487472039.33

DEBUG:root:Real time1487472039.53

DEBUG:root:Real time1487472039.73

DEBUG:root:Real time1487472039.93

DEBUG:root:Real time1487472040.13

DEBUG:root:Real time1487472040.33

DEBUG:root:Real time1487472040.54

DEBUG:root:Real time1487472040.74

DEBUG:root:Real time1487472040.94

DEBUG:root:Real time1487472041.14

DEBUG:root:Real time1487472041.34

DEBUG:root:Real time1487472041.54

DEBUG:root:Real time1487472041.74

DEBUG:root:Real time1487472041.94

DEBUG:root:Real time1487472042.14

DEBUG:root:Real time1487472042.35

DEBUG:root:Real time1487472042.55

DEBUG:root:Real time1487472042.75

DEBUG:root:Real time1487472042.95

DEBUG:root:Real time1487472043.15

DEBUG:root:Real time1487472043.35

DEBUG:root:Real time1487472043.55

DEBUG:root:Real time1487472043.75

DEBUG:root:Real time1487472043.95

DEBUG:root:Real time1487472044.15

DEBUG:root:Real time1487472044.35

DEBUG:root:Real time1487472044.56

DEBUG:root:Real time1487472044.76

DEBUG:root:Real time1487472044.96

DEBUG:root:Real time1487472045.16

DEBUG:root:Real time1487472045.36

DEBUG:root:Real time1487472045.56

DEBUG:root:Real time1487472045.76

DEBUG:root:Real time1487472045.96

DEBUG:root:Real time1487472046.16

DEBUG:root:Real time1487472046.36

DEBUG:root:Real time1487472046.56

DEBUG:root:Real time1487472046.76

DEBUG:root:Real time1487472046.96

DEBUG:root:Real time1487472047.16

DEBUG:root:Real time1487472047.36

DEBUG:root:Real time1487472047.57

DEBUG:root:Real time1487472047.77

DEBUG:root:Real time1487472047.97

DEBUG:root:Real time1487472048.17

DEBUG:root:Real time1487472048.37

DEBUG:root:Real time1487472048.57

DEBUG:root:Real time1487472048.77

DEBUG:root:Real time1487472048.97

DEBUG:root:Real time1487472049.17

DEBUG:root:Real time1487472049.37

DEBUG:root:Real time1487472049.57

DEBUG:root:Real time1487472049.77

DEBUG:root:Real time1487472049.97

DEBUG:root:Real time1487472050.18

DEBUG:root:Real time1487472050.38

DEBUG:root:Real time1487472050.58

DEBUG:root:Real time1487472050.78

DEBUG:root:Real time1487472050.98

DEBUG:root:Real time1487472051.18

DEBUG:root:Real time1487472051.38

DEBUG:root:Real time1487472051.58

DEBUG:root:Real time1487472051.78

DEBUG:root:Real time1487472051.98

DEBUG:root:Real time1487472052.18

DEBUG:root:Real time1487472052.38

DEBUG:root:Real time1487472052.59

DEBUG:root:Real time1487472052.79

DEBUG:root:Real time1487472052.99

DEBUG:root:Real time1487472053.19

DEBUG:root:Real time1487472053.39

DEBUG:root:Real time1487472053.59

DEBUG:root:Real time1487472053.79

DEBUG:root:Real time1487472053.99

DEBUG:root:Real time1487472054.19

DEBUG:root:Real time1487472054.39

DEBUG:root:Real time1487472054.59

DEBUG:root:Real time1487472054.79

DEBUG:root:Real time1487472055.0

DEBUG:root:Real time1487472055.2

DEBUG:root:Real time1487472055.4

DEBUG:root:Real time1487472055.6

DEBUG:root:Real time1487472055.8

DEBUG:root:Real time1487472056.0

DEBUG:root:Real time1487472056.2

DEBUG:root:Real time1487472056.4

DEBUG:root:Real time1487472056.6

DEBUG:root:Real time1487472056.8

DEBUG:root:Real time1487472057.01

DEBUG:root:Real time1487472057.21

DEBUG:root:Real time1487472057.41

DEBUG:root:Real time1487472057.61

DEBUG:root:Real time1487472057.81

DEBUG:root:Real time1487472058.01

DEBUG:root:Real time1487472058.21

DEBUG:root:Real time1487472058.41

DEBUG:root:Real time1487472058.61

DEBUG:root:Real time1487472058.81

DEBUG:root:Real time1487472059.01

DEBUG:root:Real time1487472059.21

DEBUG:root:Real time1487472059.42

DEBUG:root:Real time1487472059.62

DEBUG:root:Real time1487472059.82

DEBUG:root:Real time1487472060.02

DEBUG:root:Real time1487472060.22

DEBUG:root:Real time1487472060.42

DEBUG:root:Real time1487472060.62

DEBUG:root:Real time1487472060.82

DEBUG:root:Real time1487472061.02

DEBUG:root:Real time1487472061.22

DEBUG:root:Real time1487472061.43

DEBUG:root:Real time1487472061.63

DEBUG:root:Real time1487472061.83

DEBUG:root:Too small detection probably wrong
DEBUG:root:Real time1487472062.03

DEBUG:root:Real time1487472062.23

DEBUG:root:Real time1487472062.43

DEBUG:root:Real time1487472062.63

DEBUG:root:Real time1487472062.83

DEBUG:root:Real time1487472063.03

DEBUG:root:Real time1487472063.23

DEBUG:root:Real time1487472063.43

DEBUG:root:Real time1487472063.63

DEBUG:root:Real time1487472063.83

DEBUG:root:Real time1487472064.04

DEBUG:root:Real time1487472064.24

DEBUG:root:Real time1487472064.44

DEBUG:root:Real time1487472064.64

DEBUG:root:Real time1487472064.84

DEBUG:root:Real time1487472065.04

DEBUG:root:Real time1487472065.24

DEBUG:root:Real time1487472065.44

DEBUG:root:Real time1487472065.64

DEBUG:root:Real time1487472065.84

DEBUG:root:Real time1487472066.04

DEBUG:root:Real time1487472066.24

DEBUG:root:Real time1487472066.44

DEBUG:root:Real time1487472066.65

DEBUG:root:Real time1487472066.85

DEBUG:root:Real time1487472067.05

DEBUG:root:Real time1487472067.25

DEBUG:root:Real time1487472067.45

DEBUG:root:Real time1487472067.65

DEBUG:root:Real time1487472067.85

DEBUG:root:Real time1487472068.05

DEBUG:root:Real time1487472068.25

DEBUG:root:Real time1487472068.45

DEBUG:root:Real time1487472068.65

DEBUG:root:Real time1487472068.85

DEBUG:root:Real time1487472069.05

DEBUG:root:Real time1487472069.25

DEBUG:root:Real time1487472069.45

DEBUG:root:Real time1487472069.65

DEBUG:root:Real time1487472069.85

DEBUG:root:Real time1487472070.05

DEBUG:root:Real time1487472070.26

DEBUG:root:Real time1487472070.46

DEBUG:root:Real time1487472070.66

DEBUG:root:Real time1487472070.86

DEBUG:root:Real time1487472071.06

DEBUG:root:Real time1487472071.26

DEBUG:root:Real time1487472071.46

DEBUG:root:Real time1487472071.66

DEBUG:root:Real time1487472071.86

DEBUG:root:Real time1487472072.06

DEBUG:root:Real time1487472072.26

DEBUG:root:Real time1487472072.46

DEBUG:root:Real time1487472072.66

DEBUG:root:Real time1487472072.87

DEBUG:root:Real time1487472073.07

DEBUG:root:Real time1487472073.27

DEBUG:root:Real time1487472073.47

DEBUG:root:Real time1487472073.67

DEBUG:root:Real time1487472073.87

DEBUG:root:Real time1487472074.07

DEBUG:root:Real time1487472074.27

DEBUG:root:Real time1487472074.47

DEBUG:root:Real time1487472074.67

DEBUG:root:Real time1487472074.87

DEBUG:root:Real time1487472075.08

DEBUG:root:Real time1487472075.28

DEBUG:root:Real time1487472075.48

DEBUG:root:Real time1487472075.68

DEBUG:root:Real time1487472075.88

DEBUG:root:Real time1487472076.08

DEBUG:root:Real time1487472076.28

DEBUG:root:Real time1487472076.48

DEBUG:root:Real time1487472076.68

DEBUG:root:Real time1487472076.88

DEBUG:root:Real time1487472077.08

DEBUG:root:Real time1487472077.29

DEBUG:root:Real time1487472077.49

DEBUG:root:Real time1487472077.69

DEBUG:root:Real time1487472077.89

DEBUG:root:Real time1487472078.09

DEBUG:root:Real time1487472078.29

DEBUG:root:Real time1487472078.49

DEBUG:root:Real time1487472078.69

DEBUG:root:Real time1487472078.89

DEBUG:root:Real time1487472079.09

DEBUG:root:Real time1487472079.29

DEBUG:root:Real time1487472079.5

DEBUG:root:Real time1487472079.7

DEBUG:root:Real time1487472079.9

DEBUG:root:Real time1487472080.1

DEBUG:root:Real time1487472080.3

DEBUG:root:Real time1487472080.5

DEBUG:root:Real time1487472080.7

DEBUG:root:Real time1487472080.9

DEBUG:root:Real time1487472081.1

DEBUG:root:Real time1487472081.3

DEBUG:root:Real time1487472081.5

DEBUG:root:Real time1487472081.71

DEBUG:root:Real time1487472081.91

DEBUG:root:Real time1487472082.11

DEBUG:root:Real time1487472082.31

DEBUG:root:Real time1487472082.51

DEBUG:root:Real time1487472082.71

DEBUG:root:Real time1487472082.91

DEBUG:root:Real time1487472083.11

DEBUG:root:Real time1487472083.31

DEBUG:root:Real time1487472083.51

DEBUG:root:Real time1487472083.71

DEBUG:root:Real time1487472083.91

DEBUG:root:Real time1487472084.11

DEBUG:root:Real time1487472084.32

DEBUG:root:Real time1487472084.52

DEBUG:root:Real time1487472084.72

DEBUG:root:Real time1487472084.92

DEBUG:root:Real time1487472085.12

DEBUG:root:Real time1487472085.32

DEBUG:root:Real time1487472085.52

DEBUG:root:Real time1487472085.72

DEBUG:root:Real time1487472085.92

DEBUG:root:Real time1487472086.12

DEBUG:root:Real time1487472086.32

DEBUG:root:Real time1487472086.52

DEBUG:root:Real time1487472086.72

DEBUG:root:Real time1487472086.92

DEBUG:root:Real time1487472087.12

DEBUG:root:Real time1487472087.33

DEBUG:root:Real time1487472087.53

DEBUG:root:Real time1487472087.73

DEBUG:root:Real time1487472087.93

DEBUG:root:Real time1487472088.13

DEBUG:root:Real time1487472088.33

DEBUG:root:Real time1487472088.53

DEBUG:root:Real time1487472088.73

DEBUG:root:Real time1487472088.93

DEBUG:root:Real time1487472089.13

DEBUG:root:Real time1487472089.33

DEBUG:root:Real time1487472089.53

DEBUG:root:Real time1487472089.73

DEBUG:root:Real time1487472089.93

DEBUG:root:Real time1487472090.13

DEBUG:root:Real time1487472090.34

DEBUG:root:Real time1487472090.54

DEBUG:root:Real time1487472090.74

DEBUG:root:Real time1487472090.94

DEBUG:root:Too small detection probably wrong
DEBUG:root:Real time1487472091.14

DEBUG:root:Real time1487472091.34

DEBUG:root:Real time1487472091.54

DEBUG:root:Real time1487472091.74

DEBUG:root:Real time1487472091.94

DEBUG:root:Real time1487472092.14

DEBUG:root:Real time1487472092.34

DEBUG:root:Real time1487472092.54

DEBUG:root:Real time1487472092.75

DEBUG:root:Real time1487472092.95

DEBUG:root:Real time1487472093.15

DEBUG:root:Real time1487472093.35

DEBUG:root:Real time1487472093.55

DEBUG:root:Real time1487472093.75

DEBUG:root:Real time1487472093.95

DEBUG:root:Real time1487472094.15

DEBUG:root:Real time1487472094.35

DEBUG:root:Real time1487472094.55

DEBUG:root:Real time1487472094.75

DEBUG:root:Real time1487472094.95

DEBUG:root:Real time1487472095.15

DEBUG:root:Real time1487472095.35

DEBUG:root:Real time1487472095.55

DEBUG:root:Too small detection probably wrong
DEBUG:root:Real time1487472095.76

DEBUG:root:Real time1487472095.96

DEBUG:root:Real time1487472096.16

DEBUG:root:Real time1487472096.36

DEBUG:root:Too small detection probably wrong
DEBUG:root:Real time1487472096.56

DEBUG:root:Real time1487472096.76

DEBUG:root:Real time1487472096.96

DEBUG:root:Real time1487472097.16

DEBUG:root:Real time1487472097.36

DEBUG:root:Real time1487472097.56

DEBUG:root:Real time1487472097.76

DEBUG:root:Real time1487472097.96

DEBUG:root:Real time1487472098.16

DEBUG:root:Real time1487472098.36

DEBUG:root:Real time1487472098.57

DEBUG:root:Real time1487472098.77

DEBUG:root:Real time1487472098.97

DEBUG:root:Too small detection probably wrong
DEBUG:root:Real time1487472099.17

DEBUG:root:Real time1487472099.37

DEBUG:root:Real time1487472099.57

DEBUG:root:Real time1487472099.77

DEBUG:root:Real time1487472099.97

DEBUG:root:Real time1487472100.17

DEBUG:root:Real time1487472100.38

DEBUG:root:Real time1487472100.58

DEBUG:root:Real time1487472100.78

DEBUG:root:Real time1487472100.98

DEBUG:root:Real time1487472101.18

DEBUG:root:Real time1487472101.38

DEBUG:root:Real time1487472101.58

DEBUG:root:Real time1487472101.78

DEBUG:root:Real time1487472101.98

DEBUG:root:Real time1487472102.18

DEBUG:root:Real time1487472102.38

DEBUG:root:Real time1487472102.59

DEBUG:root:Real time1487472102.79

DEBUG:root:Real time1487472102.99

DEBUG:root:Real time1487472103.19

DEBUG:root:Real time1487472103.39

DEBUG:root:Real time1487472103.59

DEBUG:root:Real time1487472103.79

DEBUG:root:Real time1487472103.99

DEBUG:root:Real time1487472104.19

DEBUG:root:Real time1487472104.39

DEBUG:root:Real time1487472104.59

DEBUG:root:Real time1487472104.79

DEBUG:root:Real time1487472104.99

DEBUG:root:Real time1487472105.19

DEBUG:root:Real time1487472105.4

DEBUG:root:Real time1487472105.6

DEBUG:root:Real time1487472105.8

DEBUG:root:Real time1487472106.0

DEBUG:root:Real time1487472106.2

DEBUG:root:Real time1487472106.4

DEBUG:root:Real time1487472106.6

DEBUG:root:Real time1487472106.8

DEBUG:root:Real time1487472107.0

DEBUG:root:Real time1487472107.2

DEBUG:root:Real time1487472107.41

DEBUG:root:Real time1487472107.61

DEBUG:root:Real time1487472107.81

DEBUG:root:Real time1487472108.01

DEBUG:root:Real time1487472108.21

DEBUG:root:Real time1487472108.41

DEBUG:root:Real time1487472108.61

DEBUG:root:Real time1487472108.81

DEBUG:root:Real time1487472109.01

DEBUG:root:Real time1487472109.21

DEBUG:root:Real time1487472109.41

DEBUG:root:Real time1487472109.61

DEBUG:root:Real time1487472109.82

DEBUG:root:Real time1487472110.02

DEBUG:root:Real time1487472110.22

DEBUG:root:Real time1487472110.42

DEBUG:root:Real time1487472110.62

DEBUG:root:Real time1487472110.82

DEBUG:root:Real time1487472111.02

DEBUG:root:Real time1487472111.22

DEBUG:root:Real time1487472111.42

DEBUG:root:Real time1487472111.62

DEBUG:root:Real time1487472111.82

DEBUG:root:Real time1487472112.02

DEBUG:root:Real time1487472112.23

DEBUG:root:Real time1487472112.43

DEBUG:root:Real time1487472112.63

DEBUG:root:Real time1487472112.83

DEBUG:root:Real time1487472113.03

DEBUG:root:Real time1487472113.23

DEBUG:root:Real time1487472113.43

DEBUG:root:Real time1487472113.63

DEBUG:root:Real time1487472113.83

DEBUG:root:Real time1487472114.03

DEBUG:root:Real time1487472114.23

DEBUG:root:Too small detection probably wrong
DEBUG:root:Real time1487472114.43

DEBUG:root:Real time1487472114.63

DEBUG:root:Real time1487472114.84

DEBUG:root:Real time1487472115.04

DEBUG:root:Real time1487472115.24

DEBUG:root:Real time1487472115.44

DEBUG:root:Real time1487472115.64

DEBUG:root:Real time1487472115.84

DEBUG:root:Real time1487472116.04

DEBUG:root:Real time1487472116.24

DEBUG:root:Real time1487472116.44

DEBUG:root:Real time1487472116.65

DEBUG:root:Real time1487472116.85

DEBUG:root:Real time1487472117.05

DEBUG:root:Real time1487472117.25

DEBUG:root:Real time1487472117.45

DEBUG:root:Real time1487472117.65

DEBUG:root:Real time1487472117.85

DEBUG:root:Real time1487472118.05

DEBUG:root:Real time1487472118.25

DEBUG:root:Real time1487472118.45

DEBUG:root:Real time1487472118.66

DEBUG:root:Real time1487472118.86

DEBUG:root:Real time1487472119.06

DEBUG:root:Real time1487472119.26

DEBUG:root:Real time1487472119.46

DEBUG:root:Real time1487472119.66

DEBUG:root:Real time1487472119.86

DEBUG:root:Real time1487472120.06

DEBUG:root:Real time1487472120.26

DEBUG:root:Real time1487472120.46

DEBUG:root:Real time1487472120.66

DEBUG:root:Real time1487472120.86

DEBUG:root:Real time1487472121.06

DEBUG:root:Real time1487472121.26

DEBUG:root:Real time1487472121.46

DEBUG:root:Real time1487472121.66

DEBUG:root:Real time1487472121.87

DEBUG:root:Real time1487472122.07

DEBUG:root:Real time1487472122.27

DEBUG:root:Real time1487472122.47

DEBUG:root:Real time1487472122.67

DEBUG:root:Real time1487472122.87

DEBUG:root:Real time1487472123.07

DEBUG:root:Real time1487472123.27

DEBUG:root:Real time1487472123.47

DEBUG:root:Real time1487472123.67

DEBUG:root:Real time1487472123.87

DEBUG:root:Real time1487472124.07

DEBUG:root:Real time1487472124.27

DEBUG:root:Real time1487472124.47

DEBUG:root:Real time1487472124.67

DEBUG:root:Real time1487472124.87

DEBUG:root:Real time1487472125.07

DEBUG:root:Real time1487472125.28

DEBUG:root:Real time1487472125.48

DEBUG:root:Real time1487472125.68

DEBUG:root:Real time1487472125.88

DEBUG:root:Real time1487472126.08

DEBUG:root:Real time1487472126.28

DEBUG:root:Real time1487472126.48

DEBUG:root:Real time1487472126.68

DEBUG:root:Real time1487472126.88

DEBUG:root:Real time1487472127.08

DEBUG:root:Real time1487472127.29

DEBUG:root:Real time1487472127.49

DEBUG:root:Real time1487472127.69

DEBUG:root:Real time1487472127.89

DEBUG:root:Real time1487472128.09

DEBUG:root:Real time1487472128.29

DEBUG:root:Real time1487472128.49

DEBUG:root:Real time1487472128.69

DEBUG:root:Real time1487472128.89

DEBUG:root:Real time1487472129.09

DEBUG:root:Real time1487472129.29

DEBUG:root:Real time1487472129.49

DEBUG:root:Real time1487472129.69

DEBUG:root:Real time1487472129.89

DEBUG:root:Under real time Point counter:0.209521055222

DEBUG:root:Real time1487472130.3

DEBUG:root:Real time1487472130.51

DEBUG:root:Real time1487472130.71

DEBUG:root:Real time1487472130.91

DEBUG:root:Real time1487472131.11

DEBUG:root:Real time1487472131.31

DEBUG:root:Real time1487472131.51

DEBUG:root:Real time1487472131.71

DEBUG:root:Real time1487472131.91

DEBUG:root:Real time1487472132.11

DEBUG:root:Real time1487472132.31

DEBUG:root:Real time1487472132.51

DEBUG:root:Real time1487472132.71

DEBUG:root:Real time1487472132.91

DEBUG:root:Real time1487472133.12

DEBUG:root:Real time1487472133.32

DEBUG:root:Real time1487472133.52

DEBUG:root:Real time1487472133.72

DEBUG:root:Real time1487472133.92

DEBUG:root:Real time1487472134.12

DEBUG:root:Real time1487472134.32

DEBUG:root:Real time1487472134.52

DEBUG:root:Real time1487472134.72

DEBUG:root:Real time1487472134.92

DEBUG:root:Real time1487472135.12

DEBUG:root:Real time1487472135.32

DEBUG:root:Real time1487472135.53

DEBUG:root:Real time1487472135.73

DEBUG:root:Real time1487472135.93

DEBUG:root:Real time1487472136.13

DEBUG:root:Real time1487472136.33

DEBUG:root:Real time1487472136.53

DEBUG:root:Real time1487472136.73

DEBUG:root:Real time1487472136.93

DEBUG:root:Real time1487472137.13

DEBUG:root:Real time1487472137.33

DEBUG:root:Real time1487472137.53

DEBUG:root:Real time1487472137.73

DEBUG:root:Real time1487472137.93

DEBUG:root:Real time1487472138.13

DEBUG:root:Real time1487472138.33

DEBUG:root:Real time1487472138.54

DEBUG:root:Real time1487472138.74

DEBUG:root:Real time1487472138.94

DEBUG:root:Real time1487472139.14

DEBUG:root:Real time1487472139.34

DEBUG:root:Real time1487472139.54

DEBUG:root:Real time1487472139.74

DEBUG:root:Real time1487472139.94

DEBUG:root:Real time1487472140.14

DEBUG:root:Real time1487472140.34

DEBUG:root:Real time1487472140.54

DEBUG:root:Real time1487472140.74

DEBUG:root:Real time1487472140.94

DEBUG:root:Real time1487472141.15

DEBUG:root:Real time1487472141.35

DEBUG:root:Real time1487472141.55

DEBUG:root:Real time1487472141.75

DEBUG:root:Real time1487472141.95

DEBUG:root:Real time1487472142.15

DEBUG:root:Real time1487472142.35

DEBUG:root:Real time1487472142.55

DEBUG:root:Real time1487472142.76

DEBUG:root:Real time1487472142.96

DEBUG:root:Real time1487472143.16

DEBUG:root:Real time1487472143.36

DEBUG:root:Real time1487472143.56

DEBUG:root:Real time1487472143.76

DEBUG:root:Real time1487472143.96

DEBUG:root:Real time1487472144.16

DEBUG:root:Real time1487472144.36

DEBUG:root:Real time1487472144.56

DEBUG:root:Real time1487472144.76

DEBUG:root:Real time1487472144.96

DEBUG:root:Real time1487472145.16

DEBUG:root:Real time1487472145.36

DEBUG:root:Real time1487472145.56

DEBUG:root:Real time1487472145.77

DEBUG:root:Real time1487472145.97

DEBUG:root:Real time1487472146.17

DEBUG:root:Real time1487472146.37

DEBUG:root:Real time1487472146.57

DEBUG:root:Real time1487472146.77

DEBUG:root:Real time1487472146.97

DEBUG:root:Real time1487472147.17

DEBUG:root:Real time1487472147.37

DEBUG:root:Real time1487472147.57

DEBUG:root:Real time1487472147.77

DEBUG:root:Real time1487472147.97

DEBUG:root:Real time1487472148.17

DEBUG:root:Real time1487472148.37

DEBUG:root:Real time1487472148.57

DEBUG:root:Real time1487472148.77

DEBUG:root:Real time1487472148.98

DEBUG:root:Real time1487472149.18

DEBUG:root:Real time1487472149.38

DEBUG:root:Real time1487472149.58

DEBUG:root:Real time1487472149.78

DEBUG:root:Real time1487472149.98

DEBUG:root:Real time1487472150.18

DEBUG:root:Real time1487472150.38

DEBUG:root:Real time1487472150.58

DEBUG:root:Real time1487472150.78

DEBUG:root:Real time1487472150.99

DEBUG:root:Real time1487472151.19

DEBUG:root:Real time1487472151.39

DEBUG:root:Real time1487472151.59

DEBUG:root:Real time1487472151.79

DEBUG:root:Real time1487472151.99

DEBUG:root:Real time1487472152.19

DEBUG:root:Real time1487472152.39

DEBUG:root:Real time1487472152.59

DEBUG:root:Real time1487472152.79

DEBUG:root:Real time1487472152.99

DEBUG:root:Real time1487472153.19

DEBUG:root:Real time1487472153.39

DEBUG:root:Real time1487472153.6

DEBUG:root:Real time1487472153.8

DEBUG:root:Real time1487472154.0

DEBUG:root:Real time1487472154.2

DEBUG:root:Real time1487472154.4

DEBUG:root:Real time1487472154.6

DEBUG:root:Real time1487472154.8

DEBUG:root:Real time1487472155.0

DEBUG:root:Real time1487472155.2

DEBUG:root:Real time1487472155.4

DEBUG:root:Real time1487472155.6

DEBUG:root:Real time1487472155.81

DEBUG:root:Real time1487472156.01

DEBUG:root:Real time1487472156.21

DEBUG:root:Real time1487472156.41

DEBUG:root:Real time1487472156.61

DEBUG:root:Real time1487472156.81

DEBUG:root:Real time1487472157.01

DEBUG:root:Real time1487472157.21

DEBUG:root:Real time1487472157.41

DEBUG:root:Real time1487472157.61

DEBUG:root:Real time1487472157.82

DEBUG:root:Real time1487472158.02

DEBUG:root:Real time1487472158.22

DEBUG:root:Real time1487472158.42

DEBUG:root:Real time1487472158.62

DEBUG:root:Real time1487472158.82

DEBUG:root:Real time1487472159.02

DEBUG:root:Real time1487472159.22

DEBUG:root:Real time1487472159.42

DEBUG:root:Real time1487472159.62

DEBUG:root:Real time1487472159.82

DEBUG:root:Real time1487472160.02

DEBUG:root:Under real time Point counter:0.203772068024

DEBUG:root:Real time1487472160.43

DEBUG:root:Real time1487472160.63

DEBUG:root:Real time1487472160.83

DEBUG:root:Real time1487472161.03

DEBUG:root:Too small detection probably wrong
DEBUG:root:Real time1487472161.23

DEBUG:root:Real time1487472161.43

DEBUG:root:Real time1487472161.63

DEBUG:root:Real time1487472161.84

DEBUG:root:Real time1487472162.04

DEBUG:root:Real time1487472162.24

DEBUG:root:Real time1487472162.44

DEBUG:root:Real time1487472162.64

DEBUG:root:Real time1487472162.84

DEBUG:root:Real time1487472163.04

DEBUG:root:Real time1487472163.24

DEBUG:root:Real time1487472163.44

DEBUG:root:Real time1487472163.64

DEBUG:root:Real time1487472163.84

DEBUG:root:Real time1487472164.04

DEBUG:root:Real time1487472164.24

DEBUG:root:Real time1487472164.44

DEBUG:root:Too small detection probably wrong
DEBUG:root:Real time1487472164.65

DEBUG:root:Real time1487472164.85

DEBUG:root:Real time1487472165.05

DEBUG:root:Real time1487472165.25

DEBUG:root:Real time1487472165.45

DEBUG:root:Real time1487472165.65

DEBUG:root:Real time1487472165.85

DEBUG:root:Real time1487472166.05

DEBUG:root:Real time1487472166.25

DEBUG:root:Real time1487472166.45

DEBUG:root:Real time1487472166.65

DEBUG:root:Real time1487472166.85

DEBUG:root:Real time1487472167.06

DEBUG:root:Real time1487472167.26

DEBUG:root:Real time1487472167.46

DEBUG:root:Real time1487472167.66

DEBUG:root:Real time1487472167.86

DEBUG:root:Real time1487472168.06

DEBUG:root:Real time1487472168.26

DEBUG:root:Real time1487472168.46

DEBUG:root:Real time1487472168.66

DEBUG:root:Real time1487472168.86

DEBUG:root:Real time1487472169.06

DEBUG:root:Real time1487472169.26

DEBUG:root:Real time1487472169.46

DEBUG:root:Real time1487472169.66

DEBUG:root:Real time1487472169.86

DEBUG:root:Real time1487472170.07

DEBUG:root:Real time1487472170.27

DEBUG:root:Real time1487472170.47

DEBUG:root:Real time1487472170.67

DEBUG:root:Real time1487472170.87

DEBUG:root:Real time1487472171.07

DEBUG:root:Too small detection probably wrong
DEBUG:root:Real time1487472171.27

DEBUG:root:Real time1487472171.47

DEBUG:root:Real time1487472171.67

DEBUG:root:Real time1487472171.87

DEBUG:root:Real time1487472172.07

DEBUG:root:Too small detection probably wrong
DEBUG:root:Real time1487472172.27

DEBUG:root:Too small detection probably wrong
DEBUG:root:Real time1487472172.47

DEBUG:root:Too small detection probably wrong
DEBUG:root:Real time1487472172.67

DEBUG:root:Real time1487472172.87

DEBUG:root:Real time1487472173.07

DEBUG:root:Real time1487472173.27

DEBUG:root:Real time1487472173.48

DEBUG:root:Real time1487472173.68

DEBUG:root:Real time1487472173.88

DEBUG:root:Real time1487472174.08

DEBUG:root:Too small detection probably wrong
DEBUG:root:Real time1487472174.28

DEBUG:root:Real time1487472174.48

DEBUG:root:Real time1487472174.68

DEBUG:root:Real time1487472174.88

DEBUG:root:Under real time Point counter:0.210156917572

DEBUG:root:Real time1487472175.29

DEBUG:root:Real time1487472175.49

DEBUG:root:Real time1487472175.69

DEBUG:root:Real time1487472175.9

DEBUG:root:Real time1487472176.1

DEBUG:root:Real time1487472176.3

DEBUG:root:Real time1487472176.5

DEBUG:root:Real time1487472176.7

DEBUG:root:Real time1487472176.9

DEBUG:root:Real time1487472177.1

DEBUG:root:Real time1487472177.3

DEBUG:root:Real time1487472177.5

DEBUG:root:Real time1487472177.7

DEBUG:root:Real time1487472177.9

DEBUG:root:Real time1487472178.1

DEBUG:root:Real time1487472178.3

DEBUG:root:Real time1487472178.51

DEBUG:root:Real time1487472178.71

DEBUG:root:Real time1487472178.91

DEBUG:root:Real time1487472179.11

DEBUG:root:Real time1487472179.31

DEBUG:root:Real time1487472179.51

DEBUG:root:Real time1487472179.71

DEBUG:root:Real time1487472179.91

DEBUG:root:Real time1487472180.12

DEBUG:root:Real time1487472180.32

DEBUG:root:Real time1487472180.52

DEBUG:root:Real time1487472180.72

DEBUG:root:Real time1487472180.92

DEBUG:root:Real time1487472181.12

DEBUG:root:Real time1487472181.32

DEBUG:root:Real time1487472181.52

DEBUG:root:Real time1487472181.72

DEBUG:root:Real time1487472181.92

DEBUG:root:Real time1487472182.12

DEBUG:root:Too small detection probably wrong
DEBUG:root:Real time1487472182.32

DEBUG:root:Too small detection probably wrong
DEBUG:root:Real time1487472182.52

DEBUG:root:Real time1487472182.72

DEBUG:root:Real time1487472182.92

DEBUG:root:Too small detection probably wrong
DEBUG:root:Real time1487472183.13

DEBUG:root:Real time1487472183.33

DEBUG:root:Real time1487472183.53

DEBUG:root:Real time1487472183.73

DEBUG:root:Real time1487472183.93

DEBUG:root:Real time1487472184.13

DEBUG:root:Real time1487472184.33

DEBUG:root:Real time1487472184.53

DEBUG:root:Real time1487472184.73

DEBUG:root:Real time1487472184.93

DEBUG:root:Real time1487472185.13

DEBUG:root:Real time1487472185.33

DEBUG:root:Real time1487472185.53

DEBUG:root:Real time1487472185.73

DEBUG:root:Real time1487472185.94

DEBUG:root:Real time1487472186.14

DEBUG:root:Real time1487472186.34

DEBUG:root:Real time1487472186.54

DEBUG:root:Real time1487472186.74

DEBUG:root:Real time1487472186.94

DEBUG:root:Real time1487472187.14

DEBUG:root:Real time1487472187.34

DEBUG:root:Real time1487472187.54

DEBUG:root:Real time1487472187.74

DEBUG:root:Real time1487472187.94

DEBUG:root:Real time1487472188.15

DEBUG:root:Real time1487472188.35

DEBUG:root:Real time1487472188.55

DEBUG:root:Real time1487472188.75

DEBUG:root:Real time1487472188.95

DEBUG:root:Real time1487472189.15

DEBUG:root:Real time1487472189.35

DEBUG:root:Real time1487472189.55

DEBUG:root:Real time1487472189.75

DEBUG:root:Real time1487472189.95

DEBUG:root:Real time1487472190.15

DEBUG:root:Real time1487472190.35

DEBUG:root:Real time1487472190.55

DEBUG:root:Real time1487472190.76

DEBUG:root:Real time1487472190.96

DEBUG:root:Real time1487472191.16

DEBUG:root:Real time1487472191.36

DEBUG:root:Real time1487472191.56

DEBUG:root:Real time1487472191.76

DEBUG:root:Real time1487472191.96

DEBUG:root:Real time1487472192.16

DEBUG:root:Real time1487472192.36

DEBUG:root:Real time1487472192.57

DEBUG:root:Real time1487472192.77

DEBUG:root:Real time1487472192.97

DEBUG:root:Real time1487472193.17

DEBUG:root:Real time1487472193.37

DEBUG:root:Real time1487472193.57

DEBUG:root:Real time1487472193.77

DEBUG:root:Real time1487472193.97

DEBUG:root:Real time1487472194.17

DEBUG:root:Real time1487472194.37

DEBUG:root:Real time1487472194.57

DEBUG:root:Real time1487472194.77

DEBUG:root:Real time1487472194.97

DEBUG:root:Real time1487472195.17

DEBUG:root:Real time1487472195.38

DEBUG:root:Real time1487472195.58

DEBUG:root:Real time1487472195.78

DEBUG:root:Real time1487472195.98

DEBUG:root:Real time1487472196.18

DEBUG:root:Real time1487472196.38

DEBUG:root:Real time1487472196.58

DEBUG:root:Real time1487472196.78

DEBUG:root:Real time1487472196.98

DEBUG:root:Real time1487472197.18

DEBUG:root:Real time1487472197.39

DEBUG:root:Real time1487472197.59

DEBUG:root:Real time1487472197.79

DEBUG:root:Real time1487472197.99

DEBUG:root:Real time1487472198.19

DEBUG:root:Real time1487472198.39

DEBUG:root:Real time1487472198.59

DEBUG:root:Real time1487472198.79

DEBUG:root:Real time1487472198.99

DEBUG:root:Real time1487472199.19

DEBUG:root:Real time1487472199.4

DEBUG:root:Real time1487472199.6

DEBUG:root:Real time1487472199.8

DEBUG:root:Real time1487472200.0

DEBUG:root:Real time1487472200.2

DEBUG:root:Real time1487472200.4

DEBUG:root:Real time1487472200.6

DEBUG:root:Real time1487472200.8

DEBUG:root:Real time1487472201.0

DEBUG:root:Real time1487472201.2

DEBUG:root:Real time1487472201.4

DEBUG:root:Real time1487472201.6

DEBUG:root:Real time1487472201.8

DEBUG:root:Real time1487472202.01

DEBUG:root:Real time1487472202.21

DEBUG:root:Real time1487472202.41

DEBUG:root:Real time1487472202.61

DEBUG:root:Real time1487472202.81

DEBUG:root:Real time1487472203.01

