DEBUG:root:Under real time Point counter:3.09944152832e-05

DEBUG:root:Extracted signature:bitarray('11100100000111111000110000111110001100000111100110000011110110000011111011100111101110001110110001111110000111000011000010000100010000010000001000011010000001000011010000110001110100001000011010001100011000010000110001000011100100011100010011001001111000111001010101001000')
DEBUG:root:Matched frame over all scan:234

DEBUG:root:Errors over all scan:78

DEBUG:root:Result:tau3_fail
DEBUG:root:Match or Not:False
DEBUG:root:Under real time Point counter:0.218276023865

DEBUG:root:Extracted signature:bitarray('10011100000111111001100000111110001100000111100110000011110110000011011101000111111110001111110001111110000111000111000010000100010010010000011000011010000001000111010000110001110100001010111010001100011000010000110001000011100100011100000011001001111001101001010101001000')
DEBUG:root:Matched frame over all scan:234

DEBUG:root:Errors over all scan:79

DEBUG:root:Result:tau3_fail
DEBUG:root:Match or Not:False
DEBUG:root:Real time1487894006.57

DEBUG:root:Extracted signature:bitarray('10011100000111111000110000111110001100000111100110000011110110000011111101100111111110001111110001111110001111000011000010000100010000010000001000011010000001000111010000110001110100001010111010001100011000010000110001000011100100011100010011001001111000101001010101001000')
DEBUG:root:Matched frame over all scan:234

DEBUG:root:Errors over all scan:77

DEBUG:root:Result:tau3_fail
DEBUG:root:Match or Not:False
DEBUG:root:Real time1487894006.77

DEBUG:root:Extracted signature:bitarray('10111100000111111000100000111110001100000111100110000011110110000011011101100111101110001111110001111110000111000011000010000100010000010000001000011010000001000111010000110001110100001010111010001100111000010001110001000011100100011100010011001001111000101001010101101000')
DEBUG:root:Matched frame over all scan:234

DEBUG:root:Errors over all scan:81

DEBUG:root:Result:tau3_fail
DEBUG:root:Match or Not:False
DEBUG:root:Real time1487894006.97

DEBUG:root:Extracted signature:bitarray('10100100000111111000110000011110001100000111100110000011110110000011111011000111101110001110110001111110000111000011000010000100010000010000001100011010000001000011010000110001110100001010011010001100011000010000111001000011100100011100010011001001101000101001010101001000')
DEBUG:root:Matched frame over all scan:234

DEBUG:root:Errors over all scan:84

DEBUG:root:Result:tau3_fail
DEBUG:root:Match or Not:False
DEBUG:root:Real time1487894007.17

DEBUG:root:Extracted signature:bitarray('11101100000111111000110000111110001100000111100110000011110110000011111001100111101110001110110001111110001111000011000010000100010000010000001000011010000001000011010000010101110100001010111010001100111000010001110001000111100100011100110011001001110000101001010101001000')
DEBUG:root:Matched frame over all scan:1386

DEBUG:root:Errors over all scan:84

DEBUG:root:Result:tau2_fail
DEBUG:root:Match or Not:False
DEBUG:root:Real time1487894007.37

DEBUG:root:Extracted signature:bitarray('11100110000111111100010000111111000100000111100110000011110110000011111001100111100110001110110001111110000111000011000010000100010000010000001100011010000001000011010000010001110100001010111010001100111000010001110001000011100100011100010011001001111000101001010101001000')
DEBUG:root:Matched frame over all scan:1386

DEBUG:root:Errors over all scan:85

DEBUG:root:Result:tau2_fail
DEBUG:root:Match or Not:False
DEBUG:root:Real time1487894007.57

DEBUG:root:Extracted signature:bitarray('11101100000111111100110000111110001100000111100110000011110110000011111001100111101110001110110001111110001111000011000010000100010000010000001000011010000001000011010000010001110100001010111010001100111000010001110001000011100100011100010011001001111000111001010101001000')
DEBUG:root:Matched frame over all scan:234

DEBUG:root:Errors over all scan:83

DEBUG:root:Result:tau3_fail
DEBUG:root:Match or Not:False
DEBUG:root:Real time1487894007.77

DEBUG:root:Extracted signature:bitarray('11001100000111011000010000111010000100001111100110000011111110000011011001100111100110001110110001110110001111000011000010000100010000010000001000011010000001000111010000110101110100001110111010001100111000010001110001000111100100011100110011001001111000101001010101101000')
DEBUG:root:Matched frame over all scan:1386

DEBUG:root:Errors over all scan:87

DEBUG:root:Result:tau2_fail
DEBUG:root:Match or Not:False
DEBUG:root:Real time1487894007.97

DEBUG:root:Extracted signature:bitarray('10011100000111111000110000111110001100000111100110000011110110000011011101100111111110001111110001111110001111000011000010000100010010010000001000011010000001000111010000110101110100001010111010001100111000010001110001000011100100011100010011001001101001101001010101101000')
DEBUG:root:Matched frame over all scan:234

DEBUG:root:Errors over all scan:81

DEBUG:root:Result:tau3_fail
DEBUG:root:Match or Not:False
DEBUG:root:Real time1487894008.18

DEBUG:root:Extracted signature:bitarray('11100100000111111100110000111110001100000111100110000011110110000011111001100111100110001110110001111110001111000011000010000100010000010000001000011010000001000011010000110001110100001011111010001100111000010001110001000011100100011100010011001001111000101001010101001000')
DEBUG:root:Matched frame over all scan:1386

DEBUG:root:Errors over all scan:85

DEBUG:root:Result:tau3_fail
DEBUG:root:Match or Not:False
DEBUG:root:Real time1487894008.38

DEBUG:root:Extracted signature:bitarray('11000100000111011100010000111011000100001111100110000011111100000011011001100111100110001110110001111110011111000111000010000100010000010000001000011010000001010111010000110101110100001111111010001100111000010001110001100111100110011100110011001001110000101001010101001000')
DEBUG:root:Matched frame over all scan:1386

DEBUG:root:Errors over all scan:88

DEBUG:root:Result:tau3_fail
DEBUG:root:Match or Not:False
DEBUG:root:Real time1487894008.58

DEBUG:root:Extracted signature:bitarray('11011100000111111001110000111110001100000111100110000011110110000011011101100111111110001110110001111110001111000011000010000100010010010000001000011010000001000111010000110001110100001010111010001100111010010001110001000011100100011100010011001001111001101001010101101000')
DEBUG:root:Matched frame over all scan:234

DEBUG:root:Errors over all scan:77

DEBUG:root:Result:tau3_fail
DEBUG:root:Match or Not:False
DEBUG:root:Real time1487894008.78

DEBUG:root:Extracted signature:bitarray('10100110000111111000010000111110000100000111100110000011110110000011111001100111101110001110110001111110000111000011000010000100010000010000001100011010000001000011010000110001110100001010111010001100011000010000110001000011100100011100010011001001101000101001010101001000')
DEBUG:root:Matched frame over all scan:234

DEBUG:root:Errors over all scan:84

DEBUG:root:Result:tau3_fail
DEBUG:root:Match or Not:False
DEBUG:root:Real time1487894008.98

DEBUG:root:Extracted signature:bitarray('11100010000111111100011000011110000110000111100110000011110110000011111001100111100110001110110001111110000111000011000010000100010000010000001100011010000001000011010000010000110100001010011010001100011010010000110001000011100100011100010011001001111000101001010101001000')
DEBUG:root:Matched frame over all scan:238

DEBUG:root:Errors over all scan:81

DEBUG:root:Result:tau3_fail
DEBUG:root:Match or Not:False
DEBUG:root:Real time1487894009.18

DEBUG:root:Extracted signature:bitarray('11000010000111111000011000011110000110000111100110000011110110000011111001100011100110001110110000111110000111000011000010000100010000010000001000011010000001000011010000010000110100001010011010001100011010010000110001000011100100011100010011001001111000101001010101001000')
DEBUG:root:Matched frame over all scan:238

DEBUG:root:Errors over all scan:76

DEBUG:root:Result:tau3_fail
DEBUG:root:Match or Not:False
DEBUG:root:Real time1487894009.38

DEBUG:root:Extracted signature:bitarray('11000011000111111000011000011110000110000111100110000011110100000011111001100111100110001110110001111110000111000011000010000100010000010000001000011010000001000011010000010001110100001010011010001100011010010000110001000011100100011100010011001001101000101001010101001000')
DEBUG:root:Matched frame over all scan:238

DEBUG:root:Errors over all scan:80

DEBUG:root:Result:tau3_fail
DEBUG:root:Match or Not:False
DEBUG:root:Real time1487894009.58

DEBUG:root:Extracted signature:bitarray('11000001000111111000001000011110000110000111100011000011011100000011111001100011100110001110010000110110000111000011000010000100010000010000001000011010000001000011010000010001110100001010111010001100011010010000110001000011100100011100010011001001101000101001010101101000')
DEBUG:root:Matched frame over all scan:562

DEBUG:root:Errors over all scan:79

DEBUG:root:Result:tau3_fail
DEBUG:root:Match or Not:False
DEBUG:root:Real time1487894009.78

DEBUG:root:Extracted signature:bitarray('11000001000111011100001100011111000110000111100011000011111100000011011001100011100110001110011001110110001111000011000010000100010000010000001000011010000001000011010000010101110100001011111010001110111010011001110001100011100100011100010011001001101000101001010101001000')
DEBUG:root:Matched frame over all scan:562

DEBUG:root:Errors over all scan:86

DEBUG:root:Result:tau3_fail
DEBUG:root:Match or Not:False
DEBUG:root:Under real time Point counter:0.213558197021

DEBUG:root:Extracted signature:bitarray('11000000000111011000000000111010000000001110100000100011010100110000011101100011110010001111100000111000000100000011000011000100010000010000001000011010000001000011010000110001110100001011111010001110111010010001110001100011100100011100010011001001110000101001010101001000')
DEBUG:root:Matched frame over all scan:700

DEBUG:root:Errors over all scan:86

DEBUG:root:Result:tau3_fail
DEBUG:root:Match or Not:False
DEBUG:root:Real time1487894010.2

DEBUG:root:Extracted signature:bitarray('11000000000111011000000000011110000000001111100000001111100100110011011001100010111000001111100000111000000110000011000010000100010000010000001000011010000001000111010000110101110100001011111000001110111000010001110001100011000100011100010011001001100000101001010101001000')
DEBUG:root:Matched frame over all scan:243

DEBUG:root:Errors over all scan:83

DEBUG:root:Result:tau3_fail
DEBUG:root:Match or Not:False
DEBUG:root:Real time1487894010.4

DEBUG:root:Extracted signature:bitarray('11000000000111111100000100011111000001001111000000000111100000110011010011000100111100001111100001110000001110000011000010000100000101110000001000011010000001000011010000010001110100001110111000001110011010011000110001100011100100011100010011001001100000101001010101000000')
DEBUG:root:Matched frame over all scan:244

DEBUG:root:Errors over all scan:83

DEBUG:root:Result:tau3_fail
DEBUG:root:Match or Not:False
DEBUG:root:Real time1487894010.6

DEBUG:root:Extracted signature:bitarray('11100000000111111100000100011111000000001111100000010111110000110010010011000100111100001111100001111000011110000011000010000100000101110000001000011010000001000011010000010101110100001110111000001110111010011001110001100011100100011100110011001001110000110001010001000000')
DEBUG:root:Matched frame over all scan:1660

DEBUG:root:Errors over all scan:82

DEBUG:root:Result:tau3_fail
DEBUG:root:Match or Not:False
DEBUG:root:Real time1487894010.8

DEBUG:root:Extracted signature:bitarray('11000000000111111000000000011110000100001111100000010111110000110010010011000100111100001111100001111000011110000011000010000100000001110000001000011010000001000011010000010101110100001011111010001110111010011001110101100111100100011100010011001001110000101001010101000000')
DEBUG:root:Matched frame over all scan:246

DEBUG:root:Errors over all scan:82

DEBUG:root:Result:tau3_fail
DEBUG:root:Match or Not:False
DEBUG:root:Real time1487894011.0

DEBUG:root:Extracted signature:bitarray('11000000000111111100000100011111000000001111100000000111110000110010010011000100111100001111110001111000011110000011000010000100000101110000001000011010000001000011010000010001110100001010111000001100011010010000110001100011100100011100010011001001110000100001010001010000')
DEBUG:root:Matched frame over all scan:245

DEBUG:root:Errors over all scan:84

DEBUG:root:Result:tau3_fail
DEBUG:root:Match or Not:False
DEBUG:root:Real time1487894011.2

DEBUG:root:Extracted signature:bitarray('11000000001111011100000101111111000000011110010000011110010000111110000001101100011110011011110001110000011101001111001110011001101101010000000000110010000000111111010000001111100000000111111010000111111010001111110000110111000111111100111111001101101101101011011001001000')
DEBUG:root:Matched frame over all scan:1472

DEBUG:root:Errors over all scan:86

DEBUG:root:Result:tau3_fail
DEBUG:root:Match or Not:False
DEBUG:root:Real time1487894011.4

DEBUG:root:Extracted signature:bitarray('11000000000111111000001100011110000011001111000000000111100000111011000011100110011110001101110000111100000110000011000010000100010111110000001100011010000001000011010000110101110100001111111000001100111000011101110001100011100100011100110011101001110000111001110001010000')
DEBUG:root:Matched frame over all scan:248

DEBUG:root:Errors over all scan:72

DEBUG:root:Result:tau3_fail
DEBUG:root:Match or Not:False
DEBUG:root:Real time1487894011.6

DEBUG:root:Extracted signature:bitarray('11000000000111111000000100011110000000001111100000000111100100111011100011110011011110001101110000111000000110000011000010000100010101110000001000011010000001000011010000010001110100001010011000001100011000011000110001100011100100011100010011101001110000111001110001010000')
DEBUG:root:Matched frame over all scan:250

DEBUG:root:Errors over all scan:76

DEBUG:root:Result:tau3_fail
DEBUG:root:Match or Not:False
DEBUG:root:Real time1487894011.8

DEBUG:root:Extracted signature:bitarray('11000000000111011100000100111011000000011110000000011111100000111110000011101100011110011101110000111100001111000011000010001100100111010000000000110010000000011111010000001111110000000111111000000111111000001111110000110111000111111100111111001101110101110011011011001000')
DEBUG:root:Matched frame over all scan:1558

DEBUG:root:Errors over all scan:82

DEBUG:root:Result:tau2_fail
DEBUG:root:Match or Not:False
DEBUG:root:Real time1487894012.0

DEBUG:root:Extracted signature:bitarray('11000000000111011000000100011110000000001111100000000111100000011111000011110110001110001101110000111000000111000011000010000100010111110000001100011010000001000111010000110001110100001011111000001100111000011001110001100011100100011100110011101001110000111001110001010000')
DEBUG:root:Matched frame over all scan:248

DEBUG:root:Errors over all scan:79

DEBUG:root:Result:tau3_fail
DEBUG:root:Match or Not:False
DEBUG:root:Real time1487894012.2

DEBUG:root:Extracted signature:bitarray('11000000000111011100000000111010000000001111100000000111100100011111101001110010100111000011111000111100001110000111000011000100010111110000001000011010000001010111010000110101110100001111111000001110111000011001110001100111000110011100110011001001101000101001010001001000')
DEBUG:root:Matched frame over all scan:1558

DEBUG:root:Errors over all scan:87

DEBUG:root:Result:tau3_fail
DEBUG:root:Match or Not:False
DEBUG:root:Real time1487894012.4

DEBUG:root:Extracted signature:bitarray('11000000000111111000000000111110000000001111100000000111110001100111100111000111011110000011110000011100000101000011000010000111101000010000001100011010000001000111010000110001110100001010111010001100111000010000111001100011000100011110110011001001101000101001010101101000')
DEBUG:root:Matched frame over all scan:1384

DEBUG:root:Errors over all scan:83

DEBUG:root:Result:tau3_fail
DEBUG:root:Match or Not:False
DEBUG:root:Real time1487894012.6

DEBUG:root:Extracted signature:bitarray('11000000000111011000000000111010000000000110100000011000010000111000000011110111011111111101111100101110000111000011000010001101101101010000001000011010000001000111010000110101110100001010111010001110111010011101111001100111100100011100110011001001111000111001011101001000')
DEBUG:root:Matched frame over all scan:254

DEBUG:root:Errors over all scan:74

DEBUG:root:Result:tau3_fail
DEBUG:root:Match or Not:False
DEBUG:root:Real time1487894012.8

DEBUG:root:Extracted signature:bitarray('11000000000111011100000000111010000000000110100000000011010000010011000001000111011100111101111111101111111011111101111100111011101100010000001000011010000001000111010000110101110100001011111010001111111010001001110101110111000110111100110111001011100001101011011110010000')
DEBUG:root:Matched frame over all scan:255

DEBUG:root:Errors over all scan:72

DEBUG:root:Result:tau3_fail
DEBUG:root:Match or Not:False
DEBUG:root:Real time1487894013.0

DEBUG:root:Extracted signature:bitarray('10000001000111011000001000111110000000001111100010000111000011001111000111111111001111111101111111101111111011111101111101111001100100010000001000111010000001000111010000110111110100001011111010001111111010010111110101111111010111111010111110101111010111010011001101101000')
DEBUG:root:Matched frame over all scan:2914

DEBUG:root:Errors over all scan:72

DEBUG:root:Result:tau3_fail
DEBUG:root:Match or Not:False
DEBUG:root:Real time1487894013.2

DEBUG:root:Extracted signature:bitarray('11000001000111011000001000111010000000000111100000000111100000011111100001111111001111111101111011101111011011111101111101111011101100010000001000011010000001000111010000110101110100001011111011001111111010011111110101111111010111111010111110101111011101010011001101101000')
DEBUG:root:Matched frame over all scan:2914

DEBUG:root:Errors over all scan:69

DEBUG:root:Result:tau3_fail
DEBUG:root:Match or Not:False
DEBUG:root:Real time1487894013.4

DEBUG:root:Extracted signature:bitarray('10011001111111110011001110110010011011101000100111100000010011100000010111000000101110000011111000001110000111100011100011100110010010110000011100011011000111100111011011111101100110111110000011011110000010111100010101110010010110000011110000111001010001010000101010010000')
DEBUG:root:Matched frame over all scan:259

DEBUG:root:Errors over all scan:67

DEBUG:root:Result:tau3_fail
DEBUG:root:Match or Not:False
DEBUG:root:Real time1487894013.6

DEBUG:root:Extracted signature:bitarray('11111000000011111111100000000011110000000000110011000000010001000000010011000000101110000010111000101111000011100001100110000101101111110001111100000011101111100000011001111000010101111100000010011111000010111100100101111010010111110010111110101111010001010010110011010000')
DEBUG:root:Matched frame over all scan:597

DEBUG:root:Errors over all scan:72

DEBUG:root:Result:tau3_fail
DEBUG:root:Match or Not:False
DEBUG:root:Real time1487894013.8

DEBUG:root:Extracted signature:bitarray('11100001000011111000001000100010000010000000100001000000010001100000010001100000000111011101111111101111110011101111000110000100111011110001111100011010011111000010010111111110000100111111000010011111000010111110110101111111010111111010111110101011010001010000110011010000')
DEBUG:root:Matched frame over all scan:1695

DEBUG:root:Errors over all scan:81

DEBUG:root:Result:tau2_fail
DEBUG:root:Match or Not:False
DEBUG:root:Real time1487894014.0

DEBUG:root:Extracted signature:bitarray('10000001100011111000001100111110000001111110100000011111011000011111000000011111000000011100110001100110011111000011000010000100111111100001011100001010001011110011010000111110100100001111100010001111111010011111110101101111010100111010110010101001010000010000110011010000')
DEBUG:root:Matched frame over all scan:2025

DEBUG:root:Errors over all scan:83

DEBUG:root:Result:tau2_fail
DEBUG:root:Match or Not:False
DEBUG:root:Real time1487894014.2

DEBUG:root:Extracted signature:bitarray('11110001111111111110001111110011000000111100100000000111110000000111010000000110001110011100110001101110011011100011000010000100011111110001011111000011000011111110010000110111110100000011111010000000111010000001110101000011010100011010000010101001011001011000110011010000')
DEBUG:root:Matched frame over all scan:262

DEBUG:root:Errors over all scan:96

DEBUG:root:Result:tau3_fail
DEBUG:root:Match or Not:False
DEBUG:root:Real time1487894014.4

DEBUG:root:Extracted signature:bitarray('11100111111111111100000111111101000001111111000001111111100111111111101111111011011111101101111101101110011011001111000111001100011111111111111111000011111111111100001111111111000011111111000001111111000001111100000011110000011100000011000000110000011000011000110011011000')
DEBUG:root:Matched frame over all scan:1613

DEBUG:root:Errors over all scan:51

DEBUG:root:Result:replica detected
DEBUG:root:Match or Not:True
DEBUG:root:Real time1487894014.6

DEBUG:root:Extracted signature:bitarray('11100101111111111100000111111101000011111111000001111111100111111111101111111011011111101101111101101110011111001111000111001100011111111111111111100011111111111100001111111111000011111111000001111111000001111100000011110000011100000011000000110000011000011000110011011000')
DEBUG:root:Matched frame over all scan:1613

DEBUG:root:Errors over all scan:49

DEBUG:root:Result:replica detected
DEBUG:root:Match or Not:True
DEBUG:root:Real time1487894014.81

DEBUG:root:Extracted signature:bitarray('11100111111111111100001111111101000011111111000001111111100111111101101111111011011111000101111000101110011111001111000111000100011111111111111111000011111111111100001111111111000011111111000001111111000001111100000011110000011100000011000000110000011000011000110011011000')
DEBUG:root:Matched frame over all scan:1613

DEBUG:root:Errors over all scan:50

DEBUG:root:Result:replica detected
DEBUG:root:Match or Not:True
DEBUG:root:Real time1487894015.01

DEBUG:root:Extracted signature:bitarray('11100111111111111100111111111101000001111110000101111111100111111111101111111011011111101101111101101110011011001111000111000100011111111111111111000011111111111100001111111111000011111111000001111111000001111100000011110000011100000011000000110000011000011000110011011000')
DEBUG:root:Matched frame over all scan:1613

DEBUG:root:Errors over all scan:47

DEBUG:root:Result:replica detected
DEBUG:root:Match or Not:True
DEBUG:root:Real time1487894015.21

DEBUG:root:Extracted signature:bitarray('11100110111100111100000111100101000001111101000001111111000111111111001111111111011111001101111000101110011111001111000110000100010111111111111111000011111111111100001110111111000010111111000011111111000011111100000111110000011100000011000000110000011000011000110011001000')
DEBUG:root:Matched frame over all scan:1613

DEBUG:root:Errors over all scan:65

DEBUG:root:Result:tau2_fail
DEBUG:root:Match or Not:False
DEBUG:root:Real time1487894015.41

DEBUG:root:Extracted signature:bitarray('11100111111100011100111111100001000001111000000001111100100111111110001111111110011111111101111001101110011111001111000111000100010111111111111111000011111111111000001111111110000011111111000001111111000001111100000111110000011100000011000000110000011000011000110011011000')
DEBUG:root:Matched frame over all scan:1613

DEBUG:root:Errors over all scan:59

DEBUG:root:Result:tau2_fail
DEBUG:root:Match or Not:False
DEBUG:root:Real time1487894015.61

DEBUG:root:Extracted signature:bitarray('11100111110000011100111100001111000111100111000011111011100111111101101111111110011111011001111001101111011011001101000111000100011111111111111111000011111111111100001111111111000011111111000001111111000001111100000011110000011100000011000000110000011000011000110011011000')
DEBUG:root:Matched frame over all scan:1613

DEBUG:root:Errors over all scan:64

DEBUG:root:Result:tau1_fail
DEBUG:root:Match or Not:False
DEBUG:root:Real time1487894015.81

DEBUG:root:Extracted signature:bitarray('11110000111100011100000111100011000111100000100111100001110111110001101111100111011110001101111011101110110011000111001111001100011111111111111111000011111111111000001111111111000011111111000001111111000001111100000011110000011100000011000000110000011000011000110011011000')
DEBUG:root:Matched frame over all scan:1092

DEBUG:root:Errors over all scan:57

DEBUG:root:Result:replica detected
DEBUG:root:Match or Not:True
DEBUG:root:Real time1487894016.01

DEBUG:root:Extracted signature:bitarray('11100111111111101110111111111101111111111111011111111101101111111100001111100000111100000011100001111000111110011110000010100100011111111111111111000011111111111100001111111111000011111111100001111111000001111110000011110000001110000011000000110000011000011000110011011000')
DEBUG:root:Matched frame over all scan:1615

DEBUG:root:Errors over all scan:40

DEBUG:root:Result:replica detected
DEBUG:root:Match or Not:True
DEBUG:root:Real time1487894016.21

DEBUG:root:Extracted signature:bitarray('11111101111111101111110111111101111111111111001111111101100111111100101111100001011110000001110000010000001100000010000011000110010001011111111111100010111111111100001111111111000100111111000011111111000001111100000111110000010100000010000000100000011000010001101110100000')
DEBUG:root:Matched frame over all scan:1615

DEBUG:root:Errors over all scan:54

DEBUG:root:Result:replica detected
DEBUG:root:Match or Not:True
DEBUG:root:Real time1487894016.41

DEBUG:root:Extracted signature:bitarray('11111100011111101111110011111101111110111111001111111101101111110000101111100000011110000001110000011000000100000010100011100111010101111111111111000010111111111000001111111110000111111111000011111111000001111100000011110000011100000010000000100000011000011011101100101000')
DEBUG:root:Matched frame over all scan:1803

DEBUG:root:Errors over all scan:63

DEBUG:root:Result:tau3_fail
DEBUG:root:Match or Not:False
DEBUG:root:Real time1487894016.61

DEBUG:root:Extracted signature:bitarray('11111110011111101111111101111101111111101111011111110001101111111000101111110000011111000001111000011110000110000010011100111011101010011111111111000011111111111100001111111111000011111111000001111111000001111100000011110000001100000011000000110000011001001011011101101000')
DEBUG:root:Matched frame over all scan:2704

DEBUG:root:Errors over all scan:56

DEBUG:root:Result:tau3_fail
DEBUG:root:Match or Not:False
DEBUG:root:Real time1487894016.81

DEBUG:root:Extracted signature:bitarray('11111000011111101111001001111101111111001111011111110001101111110001101111100001011111000001111000011110000111000010001100111011101101111111111111000011111111111000001111111111000010111111000001111111000001111100000011110000001100000011000000110001010011100110011001001000')
DEBUG:root:Matched frame over all scan:2704

DEBUG:root:Errors over all scan:63

DEBUG:root:Result:tau3_fail
DEBUG:root:Match or Not:False
DEBUG:root:Real time1487894017.01

DEBUG:root:Extracted signature:bitarray('11111001111111111111000011111100111000111111001110001101101111100001101111100001011111000001111100011111000111111100111101111001101101111111111111100011111111111100001111111111000010111111000001111111000001111100000011110000001100000011000000110011100111100110011001001000')
DEBUG:root:Matched frame over all scan:279

DEBUG:root:Errors over all scan:66

DEBUG:root:Result:tau3_fail
DEBUG:root:Match or Not:False
DEBUG:root:Real time1487894017.21

DEBUG:root:Extracted signature:bitarray('11111001111111111111000011111100011000011111001111000101101111100000101111000001011110000001111100011111000100111100111101111000100101111111111111000111111111111000001111111110000010111111000001111111000001111100000011110000001100000011000010110011100111100110011001001000')
DEBUG:root:Matched frame over all scan:279

DEBUG:root:Errors over all scan:66

DEBUG:root:Result:tau3_fail
DEBUG:root:Match or Not:False
DEBUG:root:Real time1487894017.41

DEBUG:root:Extracted signature:bitarray('11111001111111111111000011111100011100111111001111001101101111100000101111100000011111000001111100001111000001111100111101111000100101111111111111000011111111111100001111111111000010111111000001111111000001111100000011110000001100000001000000110011100111100110011011001000')
DEBUG:root:Matched frame over all scan:280

DEBUG:root:Errors over all scan:63

DEBUG:root:Result:tau3_fail
DEBUG:root:Match or Not:False
DEBUG:root:Real time1487894017.61

DEBUG:root:Extracted signature:bitarray('11111001011111111011000011111110011000011111001111001100101111000000001111000000011110000001111100001111100011111100111101011000100101111111111111000011111111111000001100111110000010111111000001111110000001111100000011100000001100000001000001010011100011100111011011001000')
DEBUG:root:Matched frame over all scan:280

DEBUG:root:Errors over all scan:80

DEBUG:root:Result:tau3_fail
DEBUG:root:Match or Not:False
DEBUG:root:Real time1487894017.81

DEBUG:root:Extracted signature:bitarray('11111001011111111011000011111100011000011111001111001111101111000000101111100001011111000001111100001111000011111100111101011001100101111111111111000011111111111100001111111111000010111111000001111111000001111100000011110000001100000001000001010011100011100111011001001000')
DEBUG:root:Matched frame over all scan:280

DEBUG:root:Errors over all scan:68

DEBUG:root:Result:tau3_fail
DEBUG:root:Match or Not:False
DEBUG:root:Real time1487894018.01

DEBUG:root:Extracted signature:bitarray('11111001011111111011000011111100011000011111001111001100101111000000101111000000011110000001111000001111000011111100111101011001101101111111111111000011111111111000001100111111000010101111000001111111000001111100000011110000001100000001000001010011100011100111011001001000')
DEBUG:root:Matched frame over all scan:280

DEBUG:root:Errors over all scan:77

DEBUG:root:Result:tau3_fail
DEBUG:root:Match or Not:False
DEBUG:root:Real time1487894018.21

DEBUG:root:Extracted signature:bitarray('11111001111111111011000011111100111000111111011111001111101111000000101111000001011111000001111100001111000011111100111101011001101101111111111111100011111111111100001111111111000010111111000001111111000001111100000011110000001100000001000001010011100011100111011001001000')
DEBUG:root:Matched frame over all scan:280

DEBUG:root:Errors over all scan:67

DEBUG:root:Result:tau3_fail
DEBUG:root:Match or Not:False
DEBUG:root:Real time1487894018.41

DEBUG:root:Extracted signature:bitarray('11110001011111111111000001111100111100011111011111000001101111100000101111100001011111000011111100011011000100111100011100011000100101111111111111000011111111111000001100111110000010111111000001111110000001111100000011100000011100000011000001110011100011100110011011001000')
DEBUG:root:Matched frame over all scan:279

DEBUG:root:Errors over all scan:70

DEBUG:root:Result:tau3_fail
DEBUG:root:Match or Not:False
DEBUG:root:Real time1487894018.61

DEBUG:root:Extracted signature:bitarray('11110001111111111111000111111101111100111111011111001111101111100001101111100001011111000011111100011111000101111100111101111000101101111111111111100011111111111100001101111111000010111111000001111111000001111100000011110000011100000011000001110011100011100110011001001000')
DEBUG:root:Matched frame over all scan:279

DEBUG:root:Errors over all scan:68

DEBUG:root:Result:tau3_fail
DEBUG:root:Match or Not:False
DEBUG:root:Real time1487894018.81

DEBUG:root:Extracted signature:bitarray('11111111001111101111111000111101111111001111011111100111101111110010001111100000011001100010001110000011111001111101111101111010010011101111111000111100101111001111100111111001010011111110000001110110000001111111000011001100101001110101011111001111100111101111010101101000')
DEBUG:root:Matched frame over all scan:2688

DEBUG:root:Errors over all scan:65

DEBUG:root:Result:tau3_fail
DEBUG:root:Match or Not:False
DEBUG:root:Real time1487894019.01

DEBUG:root:Extracted signature:bitarray('11111111000111101111111100111101111111100011011111110110001110111110001100011100100001110000001111100011111001111101111101100110010011101101111001111000101111101111000111111100110011111110010001111111010001110111000111001100101001110100011111001111100111101111010101101000')
DEBUG:root:Matched frame over all scan:296

DEBUG:root:Errors over all scan:66

DEBUG:root:Result:tau3_fail
DEBUG:root:Match or Not:False
DEBUG:root:Real time1487894019.21

DEBUG:root:Extracted signature:bitarray('11111111000111101111111100011101111111110011011111111110001110111110001100111100100001110010001110000011110001111001111001110110011011101100111000111000101111100111000111111100110011111110010001111111000001111111000110001100011001110000011110001111000111101101010101101000')
DEBUG:root:Matched frame over all scan:287

DEBUG:root:Errors over all scan:59

DEBUG:root:Result:tau3_fail
DEBUG:root:Match or Not:False
DEBUG:root:Real time1487894019.41

DEBUG:root:Extracted signature:bitarray('11111111000111101111111100111101111111101000011111110110001111110000011100110000100011000010111110000111110011111001111101111110111111101100111000111000101111100111000111111100100011111110010001111110000011110110001110011000101011110100011101001111101100101001010101101000')
DEBUG:root:Matched frame over all scan:288

DEBUG:root:Errors over all scan:65

DEBUG:root:Result:tau3_fail
DEBUG:root:Match or Not:False
DEBUG:root:Real time1487894019.61

DEBUG:root:Extracted signature:bitarray('11111111000111101111111100111101111111110011011111111110001111111010001100110000100011100010011110000111110011111001111101111110111111101100111000111000101111100111000111111100010011111111000001111111000011111110000110011100101011110100011100001111101110101001010101101000')
DEBUG:root:Matched frame over all scan:290

DEBUG:root:Errors over all scan:57

DEBUG:root:Result:tau3_fail
DEBUG:root:Match or Not:False
DEBUG:root:Under real time Point counter:0.207811117172

DEBUG:root:Extracted signature:bitarray('11111111000111101111111011111101111110110011011111011100001110011000001100110000100011110010011110000011110001111001111001111110011111101110111000111000101111111111000111111110010001111111000001111111000001111110000110011100101011110100011101001111101110101001010101101000')
DEBUG:root:Matched frame over all scan:290

DEBUG:root:Errors over all scan:58

DEBUG:root:Result:tau3_fail
DEBUG:root:Match or Not:False
DEBUG:root:Real time1487894020.02

DEBUG:root:Extracted signature:bitarray('11111111000111101111111011011101111110110011011111111100001111011100001110110000100111100010111110001111110011111101111101111011101111101110111001111000101111111111000111111110010001111111000001111111000001111111000110111100101011110101011111001111101101100011001101101000')
DEBUG:root:Matched frame over all scan:2688

DEBUG:root:Errors over all scan:57

DEBUG:root:Result:tau3_fail
DEBUG:root:Match or Not:False
DEBUG:root:Real time1487894020.22

DEBUG:root:Extracted signature:bitarray('11111111000111101111111110011101111111110011011111111100001111111100001111110000100111100010111110001111110011111001111101111011111111101100111000111000101111110111000111111110010011111111000001111111000001111110000110011100101011110101111101001111101100101001000101101000')
DEBUG:root:Matched frame over all scan:293

DEBUG:root:Errors over all scan:58

DEBUG:root:Result:tau3_fail
DEBUG:root:Match or Not:False
DEBUG:root:Real time1487894020.42

DEBUG:root:Extracted signature:bitarray('11111111000111101111111111011101111111110011011111111100001111111100001111110000100111100010111110001111110011111101111101111011111111101100111000111000101111111111000111111110010011111111000001111111000001111111000110111100101011110101011111001111101101100011000101101000')
DEBUG:root:Matched frame over all scan:2688

DEBUG:root:Errors over all scan:54

DEBUG:root:Result:tau3_fail
DEBUG:root:Match or Not:False
DEBUG:root:Real time1487894020.62

DEBUG:root:Extracted signature:bitarray('11111111000111101111111011011101111110110011011111111100101111111100001111111000100111100010111110101111111011111101111101111011101111101110111001111000101111111111000111110110010001111111001001111111100001111111000110111100101111110101011111001101101101100011001101101000')
DEBUG:root:Matched frame over all scan:2688

DEBUG:root:Errors over all scan:52

DEBUG:root:Result:tau3_fail
DEBUG:root:Match or Not:False
DEBUG:root:Real time1487894020.82

DEBUG:root:Extracted signature:bitarray('11111111000111101111111100111101111111101011011111111100101111111110001100111100100001110011001111000011111001111101111101110110010011101101111000111000101111100111000111111101110001111110010001111110010011111110000111001100011001110100011100001111000111101101010101101000')
DEBUG:root:Matched frame over all scan:287

DEBUG:root:Errors over all scan:67

DEBUG:root:Result:tau3_fail
DEBUG:root:Match or Not:False
DEBUG:root:Real time1487894021.02

DEBUG:root:Extracted signature:bitarray('11111111001110001111111111111001111111110111011111011111101111011111101100011111010001111100001111101011111011111101110011100110010000001101111000111000101111101111000111111110110001110111001001110011001001110111100011100110001100110101001111000111100111100111011101101000')
DEBUG:root:Matched frame over all scan:2715

DEBUG:root:Errors over all scan:58

DEBUG:root:Result:tau3_fail
DEBUG:root:Match or Not:False
DEBUG:root:Real time1487894021.23

DEBUG:root:Extracted signature:bitarray('11110111011110001101110011100001111100111100011111101110001111111111101111111111011111111101111110001111000100111000111001110011011011101110110001111000101111001100000111110011000001111001110001111100110001111101110011110110001111110001000101000111100111101111011001101000')
DEBUG:root:Matched frame over all scan:2528

DEBUG:root:Errors over all scan:60

DEBUG:root:Result:tau3_fail
DEBUG:root:Match or Not:False
DEBUG:root:Real time1487894021.43

DEBUG:root:Extracted signature:bitarray('11100111011111001100110011100001111100111101011110111110101111111111101111111111011111111001111110001100100100011100111101111011111010001100110011111000101111001100000111110011100001111001110001111100110001111101110011110111001111110001000111000011100111101111011101101000')
DEBUG:root:Matched frame over all scan:2691

DEBUG:root:Errors over all scan:62

DEBUG:root:Result:tau3_fail
DEBUG:root:Match or Not:False
DEBUG:root:Real time1487894021.63

DEBUG:root:Extracted signature:bitarray('11100111011110001101110011100001111100111101011100111111101111111111100111111111011111111101111001101100111100011100001100011000110000001101110001111000101111001100000111110011100001111000110001111100110001111101110011110111001110011101000111000011100011101111010101101000')
DEBUG:root:Matched frame over all scan:2697

DEBUG:root:Errors over all scan:73

DEBUG:root:Result:tau3_fail
DEBUG:root:Match or Not:False
DEBUG:root:Real time1487894021.83

DEBUG:root:Extracted signature:bitarray('11100111001110001101110011100001111100111101011100011111101101111111100111111111011111111101111011101100011100001100001100011001110000001101110001111000101111001110000111110011100001111000110001111100111001111101110011111111001110011101000111000011100011100011010100101000')
DEBUG:root:Matched frame over all scan:299

DEBUG:root:Errors over all scan:73

DEBUG:root:Result:tau3_fail
DEBUG:root:Match or Not:False
DEBUG:root:Real time1487894022.03

DEBUG:root:Extracted signature:bitarray('11111100111111001111100111011001111100111110010011011100100011111101100111100011011011000111011000010110000100010010011110001100010011101110011110011100111111110011100011111001101001111001111100111101111100101111111000011111110001111010111110101111010111011100110011011000')
DEBUG:root:Matched frame over all scan:830

DEBUG:root:Errors over all scan:76

DEBUG:root:Result:tau3_fail
DEBUG:root:Match or Not:False
DEBUG:root:Real time1487894022.23

DEBUG:root:Extracted signature:bitarray('11111000111111001111100111011001111100111111010011011100100011111101100111110011011011000111011000010110000100010010011100001100010011101110111110011100111111110011100011111001101001111001111100111001111100111111111000011111010011111010111110101111010111011100110011011000')
DEBUG:root:Matched frame over all scan:830

DEBUG:root:Errors over all scan:73

DEBUG:root:Result:tau3_fail
DEBUG:root:Match or Not:False
DEBUG:root:Real time1487894022.43

DEBUG:root:Extracted signature:bitarray('11111000111111001111100111011001111100111110010011011100100011111101100111111011011111000111011000010110000100000010001110001100010011101110011100011100111111100011100011110001101001111001111100111101111100101111111000011111110011111010111110101111010111011100110011011000')
DEBUG:root:Matched frame over all scan:305

DEBUG:root:Errors over all scan:71

DEBUG:root:Result:tau3_fail
DEBUG:root:Match or Not:False
DEBUG:root:Real time1487894022.63

DEBUG:root:Extracted signature:bitarray('11111000111111001111100111111001111100111110010011011100100011111101100111110011011011000111011000010110000100010010001110000100010011101110111110011100111111110011100011111001101001111001111100111001111100111111111000011111110001111010111110101111010111011100110011011000')
DEBUG:root:Matched frame over all scan:305

DEBUG:root:Errors over all scan:75

DEBUG:root:Result:tau3_fail
DEBUG:root:Match or Not:False
DEBUG:root:Real time1487894022.83

DEBUG:root:Extracted signature:bitarray('11110000111111001001100111111000011100111110010011011100100011011101100111111011011111000111011000010110000100000010001110001100010011101110111100011100111111100011100011110001101001111001111100111111111100101111111000011111110011111010111110101111010111011100110011011000')
DEBUG:root:Matched frame over all scan:305

DEBUG:root:Errors over all scan:72

DEBUG:root:Result:tau3_fail
DEBUG:root:Match or Not:False
DEBUG:root:Real time1487894023.03

DEBUG:root:Extracted signature:bitarray('11111000111111001001100111111000011100111110010011011100100011111101100111111011011011000111011000010110000100000010000110000100010011101110011100011100111111100011100011110001101001111001111100111101111100101111111000011111110011111010111110101111010111011100110011011000')
DEBUG:root:Matched frame over all scan:308

DEBUG:root:Errors over all scan:70

DEBUG:root:Result:tau3_fail
DEBUG:root:Match or Not:False
DEBUG:root:Real time1487894023.23

DEBUG:root:Extracted signature:bitarray('11111000111111001011100111111000011101111110011011111101100011111101100111111011011011000111011000010110000100010000000010000100010111101110011110011100111111110011100011111001101001111001111100111101111100101111111000011111110001111010111110101111010111011100110011011000')
DEBUG:root:Matched frame over all scan:830

DEBUG:root:Errors over all scan:73

DEBUG:root:Result:tau3_fail
DEBUG:root:Match or Not:False
DEBUG:root:Real time1487894023.43

DEBUG:root:Extracted signature:bitarray('11111000111111001101000111111001001101111110010011111100100011111100100111110011011011000111011000010110000100000000100010000100010011101110111100011100111111100011100011111001101001111001111100111001111100100111111000011111010001111010111110101111010111011100110011010000')
DEBUG:root:Matched frame over all scan:308

DEBUG:root:Errors over all scan:74

DEBUG:root:Result:tau3_fail
DEBUG:root:Match or Not:False
DEBUG:root:Real time1487894023.63

DEBUG:root:Extracted signature:bitarray('11110000111111001110000111111001001000111110010011011101100011011101100111111011010111000111011000010110000100000010000110000100010011101110011100011100111111100011100011110001111001111001111100111111111100101111111000011111110011111010111110101111010111011000110011011000')
DEBUG:root:Matched frame over all scan:266

DEBUG:root:Errors over all scan:73

DEBUG:root:Result:tau3_fail
DEBUG:root:Match or Not:False
DEBUG:root:Real time1487894023.83

DEBUG:root:Extracted signature:bitarray('11111000111111001111000111111001110001111110010000111111100001111100100011100001010111000111011000010110000100100001100011000100011011101110011111011100111111111011100011111001111001111001111100111101111100110111111000011111010001111010111110101111010111011100110011010000')
DEBUG:root:Matched frame over all scan:831

DEBUG:root:Errors over all scan:77

DEBUG:root:Result:tau3_fail
DEBUG:root:Match or Not:False
DEBUG:root:Real time1487894024.03

DEBUG:root:Extracted signature:bitarray('11110000111111001111000111111001000001111110010001111100000001111100100011111011011111000111011000010110000100000000100011000100010011101110011110111100111111110011100011111101101001111001111100111001111100101111111000011111110001111010111110101111010111011100110011011000')
DEBUG:root:Matched frame over all scan:311

DEBUG:root:Errors over all scan:75

DEBUG:root:Result:tau3_fail
DEBUG:root:Match or Not:False
DEBUG:root:Real time1487894024.23

DEBUG:root:Extracted signature:bitarray('11110000111111001100000111111001000001111100000011111100000011111100100011111011011111000111111000011110000100000000100010000100010011101110011111011100111111110011100011111000101001111001111100111001111100101111111010011111101011111010111110101111010111011100110011011000')
DEBUG:root:Matched frame over all scan:264

DEBUG:root:Errors over all scan:76

DEBUG:root:Result:tau3_fail
DEBUG:root:Match or Not:False
DEBUG:root:Real time1487894024.43

DEBUG:root:Extracted signature:bitarray('11111000111110001111000111110001110000111100011000011100110000011100110001110001101110000111011000010110000100110001100011000100011111100100111100010100011001100010100110110001101011001001111110001001111010000110110100011001010001111010111110101111010111011110110011011000')
DEBUG:root:Matched frame over all scan:1539

DEBUG:root:Errors over all scan:92

DEBUG:root:Result:tau2_fail
DEBUG:root:Match or Not:False
DEBUG:root:Real time1487894024.64

DEBUG:root:Extracted signature:bitarray('11101000111110011101100111110001001000111111010010011111100000101101110001000011110000000111000000010000000101100001100011000100011111111000111110011100001111100011100001100001111100110001111110001001111010000011110100001111010001111010011110101111011111011110100011010000')
DEBUG:root:Matched frame over all scan:1942

DEBUG:root:Errors over all scan:86

DEBUG:root:Result:tau2_fail
DEBUG:root:Match or Not:False
DEBUG:root:Under real time Point counter:0.227372169495

DEBUG:root:Extracted signature:bitarray('11111100111110001111100111010001111001110010011100111001101000111001110001100011100110000111111000011110000101000011100011000100010011101111110010001100111111010000100111111100001001101111000100000111000110001110001100111000110011100110111000101110011110011000110011010000')
DEBUG:root:Matched frame over all scan:1949

DEBUG:root:Errors over all scan:80

DEBUG:root:Result:tau2_fail
DEBUG:root:Match or Not:False
DEBUG:root:Real time1487894025.06

DEBUG:root:Extracted signature:bitarray('11111000111110001111000111111001100011111111010001111111100001111101100111111011011111100101111000011110000100011000011100111011101101111001111110011101000111110001101000111100111000011111111100001111111100001111100000111110000011110010111110101111010111010110111011010000')
DEBUG:root:Matched frame over all scan:1566

DEBUG:root:Errors over all scan:63

DEBUG:root:Result:tau3_fail
DEBUG:root:Match or Not:False
DEBUG:root:Real time1487894025.26

DEBUG:root:Extracted signature:bitarray('11111000111110001111000111111001110001111111010010111111100011111111100111100011011110001101110000011100000100110000111001000110010011110000111111100100000011111110100000111111111000011111111000001111111000111111110001111111000111111000111110101111010111011110111011010000')
DEBUG:root:Matched frame over all scan:2285

DEBUG:root:Errors over all scan:60

DEBUG:root:Result:replica detected
DEBUG:root:Match or Not:True
DEBUG:root:Real time1487894025.47

DEBUG:root:Extracted signature:bitarray('10111000011111001111000111111100011001111111000111111111101011111101100111111011011111000101111000011100000100010000011001111111111111111000111100001101000011100001101000111100011010111110001101111110011101111001111011100111101100111101001110010110001110010110111011011000')
DEBUG:root:Matched frame over all scan:316

DEBUG:root:Errors over all scan:79

DEBUG:root:Result:tau3_fail
DEBUG:root:Match or Not:False
DEBUG:root:Real time1487894025.67

DEBUG:root:Extracted signature:bitarray('10111000111110011111000011111001101000111111010010011111100011011101100111100011011110001111110000011100000100000010000010000100010011110110000010000111100000010001101000000010001010000001001101000000001101000000011010011001101111001101110010110000010000110001000100101000')
DEBUG:root:Matched frame over all scan:1424

DEBUG:root:Errors over all scan:82

DEBUG:root:Result:tau2_fail
DEBUG:root:Match or Not:False
DEBUG:root:Real time1487894025.87

DEBUG:root:Extracted signature:bitarray('10111100011110010111100011111001111000111111010010011111100010011101100110000011111000001111100000011000000100000010000010001100010011110000100000000111000000000011101100000000111010000011000101000011000101000000011010000011101000011101000011110000011000001001010101101000')
DEBUG:root:Matched frame over all scan:320

DEBUG:root:Errors over all scan:59

DEBUG:root:Result:tau3_fail
DEBUG:root:Match or Not:False
DEBUG:root:Real time1487894026.07

DEBUG:root:Extracted signature:bitarray('10111000011110010111100011111001111000111110011010011111100010011101110110000011111000001111100000011000000100001110001100001101111011110000010000001101000100000000101110000000001010000010000101000110001101001000011010100001101100011111000111110011011001001010011101101000')
DEBUG:root:Matched frame over all scan:319

DEBUG:root:Errors over all scan:73

DEBUG:root:Result:tau3_fail
DEBUG:root:Match or Not:False
