DEBUG:root:Under real time Point counter:1.78813934326e-05

DEBUG:root:Extracted signature:bitarray('11111110010000011111001110000011110111000100000011100110000111100100001110011000110001100011001100011001000100100011000010001100010000000111111111100100111111111100100111111111101001111111110100111111100100111111001001111100110111000110100001100000010100110001101110010000')
DEBUG:root:Matched frame over all scan:2147

DEBUG:root:Errors over all scan:67

DEBUG:root:Result:tau3_fail
DEBUG:root:Match or Not:False
DEBUG:root:Real time1487894108.08

DEBUG:root:Extracted signature:bitarray('11111001110100011111001110110011100111101100100111110100000111111000011100010000110001100011001100011010000101000011000010000100010000000111111111100100111111111100000111111111100001111111110000111111100100111110001001111001110111000110100001101000110000110000101110110000')
DEBUG:root:Matched frame over all scan:511

DEBUG:root:Errors over all scan:62

DEBUG:root:Result:replica detected
DEBUG:root:Match or Not:True
DEBUG:root:Real time1487894108.28

DEBUG:root:Extracted signature:bitarray('11111001100000011111111100000011110111101100101001111100011100111000011000010000111001000011001000010010000111000110000110000100011111100111111111100100111111111100000111111111100011111111110100111111100100111110001001110000110110000110100000100000110000110110101011011000')
DEBUG:root:Matched frame over all scan:511

DEBUG:root:Errors over all scan:63

DEBUG:root:Result:replica detected
DEBUG:root:Match or Not:True
DEBUG:root:Real time1487894108.48

DEBUG:root:Extracted signature:bitarray('11111000011100011111000011100001100000111000010000011100011000011000011000110000111001000011001000010010001100001110001101111011000000000111111111100000111111111110000111111111100001111111110100111111000101001111001100011100010001000010010000101001010011010110101010010000')
DEBUG:root:Matched frame over all scan:415

DEBUG:root:Errors over all scan:67

DEBUG:root:Result:replica detected
DEBUG:root:Match or Not:True
DEBUG:root:Real time1487894108.68

DEBUG:root:Extracted signature:bitarray('10110000011100011110000011110011100100111100111110011110011110011000011111110000011111000001111000111100001100000100100101101110011010000111111111100000111111111110000111100111100001110000110100111110000100111110000011110001010110000010110000101111010111010110101010010000')
DEBUG:root:Matched frame over all scan:3

DEBUG:root:Errors over all scan:82

DEBUG:root:Result:tau1_fail
DEBUG:root:Match or Not:False
DEBUG:root:Real time1487894108.88

DEBUG:root:Extracted signature:bitarray('10110000011100011110000011110001000100111100100010011101100010011011101110110011011111001101111000011110000100010000010000110011010000000111111100100000111111110010000111111100000101111100001010111100001010111000010101110000110111000110111101101111100111000110011010010000')
DEBUG:root:Matched frame over all scan:2152

DEBUG:root:Errors over all scan:87

DEBUG:root:Result:tau2_fail
DEBUG:root:Match or Not:False
DEBUG:root:Real time1487894109.08

DEBUG:root:Extracted signature:bitarray('10111000011110011111000011110011000000111110100010011111110011001111000110010010011110000011111000011110000100000010000010000010010011100111111100100000111111100010000111111100000101111100001010111100001010111000010101110000110111000110111101100111100111000111011001010000')
DEBUG:root:Matched frame over all scan:1068

DEBUG:root:Errors over all scan:86

DEBUG:root:Result:tau2_fail
DEBUG:root:Match or Not:False
DEBUG:root:Real time1487894109.28

DEBUG:root:Extracted signature:bitarray('11111111100000011111111000000111111111000011001111100000001111100000011111100000111011000110011001100110001011100111101111011001100101111111110000000100111111100011100111111000111101111000000101111100000100111110001001111000100111000100110001011001101001100011001100110000')
DEBUG:root:Matched frame over all scan:574

DEBUG:root:Errors over all scan:75

DEBUG:root:Result:tau3_fail
DEBUG:root:Match or Not:False
DEBUG:root:Real time1487894109.48

DEBUG:root:Extracted signature:bitarray('11111111000000011111111000010011111110000111101111000000001111000000011111100000111011000010011000110110001011101111101111011001100101111111111000001110111111000011010111110000110101111000000001111100000100111110001001111000100111110100110001011001101001100011001100110000')
DEBUG:root:Matched frame over all scan:2819

DEBUG:root:Errors over all scan:76

DEBUG:root:Result:tau3_fail
DEBUG:root:Match or Not:False
DEBUG:root:Real time1487894109.68

DEBUG:root:Extracted signature:bitarray('11110111100000111110111100000101111111000001001111100000001111100000001101110000111011000110011001100111011011101101101111011001101101101111111000011110111111100011011011111000000101111000000001111110000100111110001001111000100011110100110011011001101001100011001100110000')
DEBUG:root:Matched frame over all scan:575

DEBUG:root:Errors over all scan:82

DEBUG:root:Result:tau3_fail
DEBUG:root:Match or Not:False
DEBUG:root:Under real time Point counter:0.225922107697

DEBUG:root:Extracted signature:bitarray('11010111100001101110111100001101111111000001001111100000001111110000001111110000111011000110011101100111011011101101101111011001101111101111111000011010111111100011010011111000000101111000000000111111000100111110011001011001100011110100110011011001101001100011001100111000')
DEBUG:root:Matched frame over all scan:871

DEBUG:root:Errors over all scan:83

DEBUG:root:Result:tau3_fail
DEBUG:root:Match or Not:False
DEBUG:root:Real time1487894110.11

DEBUG:root:Extracted signature:bitarray('11111111100000011111111100000001111111000000001111100000001111110000001111100000111011000110011101100111000011110001110011110111101101001111111000011110111111100011010011111000000101111100000000111111000100111110001001111100100011100100110001011000101000100011101110110000')
DEBUG:root:Matched frame over all scan:362

DEBUG:root:Errors over all scan:76

DEBUG:root:Result:tau3_fail
DEBUG:root:Match or Not:False
DEBUG:root:Real time1487894110.31

DEBUG:root:Extracted signature:bitarray('11111111100011010111111100000001011111000000001111100010001111100000001101110000110011000010011000000111000011100011100011011001101101001111110000011110111111000011010011110000010101111000000010111100000100111110001001111000100111000101110001011000101000100011101110110000')
DEBUG:root:Matched frame over all scan:1902

DEBUG:root:Errors over all scan:76

DEBUG:root:Result:tau3_fail
DEBUG:root:Match or Not:False
DEBUG:root:Real time1487894110.51

DEBUG:root:Extracted signature:bitarray('11001111100000010111111100000001111111000000101111100000001111100000001100110000110011000111011001110011110011111101101111011000010011101111111000011010111111000011011011110000000101111000000101111100000100111110001001111000100111000101110001011000101001100111001110111000')
DEBUG:root:Matched frame over all scan:1764

DEBUG:root:Errors over all scan:77

DEBUG:root:Result:tau3_fail
DEBUG:root:Match or Not:False
DEBUG:root:Real time1487894110.71

DEBUG:root:Extracted signature:bitarray('11111111100000011111111110000001111111100000011111100000001111111001101110111011010011111101111100011011000111110001111011111111011111010111111000011010111111000011011011111000000111111100000000111101000100111111001001111111100111100101111001011100101011101111011010011000')
DEBUG:root:Matched frame over all scan:1565

DEBUG:root:Errors over all scan:80

DEBUG:root:Result:tau3_fail
DEBUG:root:Match or Not:False
DEBUG:root:Real time1487894110.91

DEBUG:root:Extracted signature:bitarray('11111111110011101111111110011001110111000000111111000000011110011000111100110011111110001101101111011011100101110001111101111011111010000111110000011010101111000011010001111000000101111100000000111111000100111110001001111110100111100100111001011100101001101111011110101000')
DEBUG:root:Matched frame over all scan:1902

DEBUG:root:Errors over all scan:80

DEBUG:root:Result:tau2_fail
DEBUG:root:Match or Not:False
DEBUG:root:Real time1487894111.11

DEBUG:root:Extracted signature:bitarray('11101111000001001101111100010001111111000000011111100000011111110000011111100000111110001111111111101111000111001110111101111011111111001111110000011010101111000011010011111000001111111100000010111110000110111100001001111100100111100101111001011000001001101110111010011000')
DEBUG:root:Matched frame over all scan:1902

DEBUG:root:Errors over all scan:74

DEBUG:root:Result:tau3_fail
DEBUG:root:Match or Not:False
DEBUG:root:Real time1487894111.31

DEBUG:root:Extracted signature:bitarray('11101101110001101111111100000001111111000000011111110000011111110000011011110011011111011101111110011011100011111100111101111011010011101111110000011010111111000011010011111000001111111100000010111110000110111100011001111100100111100101111001011011001011101110011010011000')
DEBUG:root:Matched frame over all scan:942

DEBUG:root:Errors over all scan:78

DEBUG:root:Result:tau2_fail
DEBUG:root:Match or Not:False
DEBUG:root:Real time1487894111.51

DEBUG:root:Extracted signature:bitarray('11101110110001101111111110000001111111100000011111110000101111110001101111001111011100111101100111111001111011111101111101111111101111111111110000011110101111000000110011111000000000111100000000111001100100100111111001111100101111100101110101010011001111001100110110101000')
DEBUG:root:Matched frame over all scan:874

DEBUG:root:Errors over all scan:79

DEBUG:root:Result:tau3_fail
DEBUG:root:Match or Not:False
DEBUG:root:Real time1487894111.71

DEBUG:root:Extracted signature:bitarray('11111111000000101111111100000001111111000000011111100001101110000011111110001111011110111101110111101001111001111101111101111101101100001111110000011110111111100000100111111000000000111100100100111001110100101111001001111100101111100101111111010111101111001111101101101000')
DEBUG:root:Matched frame over all scan:683

DEBUG:root:Errors over all scan:72

DEBUG:root:Result:tau3_fail
DEBUG:root:Match or Not:False
DEBUG:root:Real time1487894111.91

DEBUG:root:Extracted signature:bitarray('11111111110000101111111110000001111011100000011111101110001111001111001111001100011111111101111111101111111010111100111101111010011011111111111000000100111111100000100111111000001001111100100100111011101100011111001001111100101111110101111110011111001110001001100110110000')
DEBUG:root:Matched frame over all scan:2446

DEBUG:root:Errors over all scan:63

DEBUG:root:Result:replica detected
DEBUG:root:Match or Not:True
DEBUG:root:Real time1487894112.12

DEBUG:root:Extracted signature:bitarray('11111111100100001111111100000001111111000000011101100011101111100111101111101100011111100001111100001111000111100011100011000101111111101111111100000110111111100000100111111001001001111011110100111111000100011111001001111100001111111011111110111110011110011000100010110000')
DEBUG:root:Matched frame over all scan:831

DEBUG:root:Errors over all scan:74

DEBUG:root:Result:tau3_fail
DEBUG:root:Match or Not:False
DEBUG:root:Real time1487894112.32

DEBUG:root:Extracted signature:bitarray('11111111000000001111111100000001111011000000011101100011101111100111101111101100011111100101111100001111000101100111100111000100010011101111111100000100111111100000100111111000001001111111000100111111100100011111001001111100001111111011111110111110001100011000100010010000')
DEBUG:root:Matched frame over all scan:1955

DEBUG:root:Errors over all scan:76

DEBUG:root:Result:tau3_fail
DEBUG:root:Match or Not:False
DEBUG:root:Real time1487894112.52

DEBUG:root:Real time1487894112.72

DEBUG:root:Real time1487894112.92

DEBUG:root:Real time1487894113.12

DEBUG:root:Real time1487894113.32

DEBUG:root:Real time1487894113.52

DEBUG:root:Real time1487894113.72

DEBUG:root:Real time1487894113.92

DEBUG:root:Real time1487894114.12

DEBUG:root:Too small detection probably wrong
DEBUG:root:Real time1487894114.32

DEBUG:root:Real time1487894114.52

DEBUG:root:Real time1487894114.72

DEBUG:root:Too small detection probably wrong
DEBUG:root:Real time1487894114.92

DEBUG:root:Real time1487894115.13

DEBUG:root:Real time1487894115.33

DEBUG:root:Real time1487894115.53

DEBUG:root:Extracted signature:bitarray('11110111110000001110011110000001100111000000111001110000011000111000011001111100110011111100001111100011111000111100011100111011101100001110000111111011110000011111011100000000000110000000000011000000000011000000000110000000011000000011000000100000010000010000100010010000')
DEBUG:root:Matched frame over all scan:1536

DEBUG:root:Errors over all scan:87

DEBUG:root:Result:tau1_fail
DEBUG:root:Match or Not:False
DEBUG:root:Real time1487894115.73

DEBUG:root:Extracted signature:bitarray('11110110111110001110110011100001111110000011111111000011111111000111101111001100011110000011110000101110011011000101100111100110010011111100000011100011110000000000011100000000000110000000000011000000000011000000000110000000011000000011000000110000010000010000100010010000')
DEBUG:root:Matched frame over all scan:2626

DEBUG:root:Errors over all scan:69

DEBUG:root:Result:tau2_fail
DEBUG:root:Match or Not:False
DEBUG:root:Real time1487894115.93

DEBUG:root:Nonetype
DEBUG:root:Real time1487894116.13

DEBUG:root:Real time1487894116.33

DEBUG:root:Too small detection probably wrong
DEBUG:root:Real time1487894116.53

DEBUG:root:Real time1487894116.73

DEBUG:root:Too small detection probably wrong
DEBUG:root:Real time1487894116.93

DEBUG:root:Extracted signature:bitarray('11110000111111111110000111111111110000111111110000011111110000001111111000001111110000111110000011110000111100001110001110001100010000000001111111111100001111111111100001111111111000111111111100011111111100011111111001111111100111111101111111011111101111101111010101101000')
DEBUG:root:Matched frame over all scan:2945

DEBUG:root:Errors over all scan:61

DEBUG:root:Result:tau2_fail
DEBUG:root:Match or Not:False
DEBUG:root:Real time1487894117.13

DEBUG:root:Extracted signature:bitarray('11000111111111000000111111110000101111111100011011111110001011111111000000111111000011111100001111100011111000111100011100000000000000000001111111110100000111111111100000111111111000001111111100000111111100001111111000111111100011111100111111001111100111101111011101101000')
DEBUG:root:Matched frame over all scan:2378

DEBUG:root:Errors over all scan:69

DEBUG:root:Result:tau2_fail
DEBUG:root:Match or Not:False
DEBUG:root:Real time1487894117.34

DEBUG:root:Real time1487894117.54

DEBUG:root:Too small detection probably wrong
DEBUG:root:Real time1487894117.74

DEBUG:root:Extracted signature:bitarray('11101111111111101100111111111101111111111100011011111100000001111100000011110011000111111100011111100111111000110010000010000100010000000000111111100100000111111100100000111111001000001111100100001111100100001110011000011111100011111100011111000111100011100011000100100000')
DEBUG:root:Matched frame over all scan:1460

DEBUG:root:Errors over all scan:79

DEBUG:root:Result:tau3_fail
DEBUG:root:Match or Not:False
DEBUG:root:Real time1487894117.94

DEBUG:root:Real time1487894118.14

DEBUG:root:Real time1487894118.34

DEBUG:root:Real time1487894118.54

DEBUG:root:Extracted signature:bitarray('11100111110000001110011100000001100011000000111001110110011000111110011000111100100011100010001111100011111000111100111100111011101100011100000011000011110000001100011100000001100111000000001011000000000011000000000110000000011000000011000000100000010000010000100010010000')
DEBUG:root:Matched frame over all scan:1673

DEBUG:root:Errors over all scan:88

DEBUG:root:Result:tau1_fail
DEBUG:root:Match or Not:False
DEBUG:root:Real time1487894118.74

DEBUG:root:Real time1487894118.94

DEBUG:root:Real time1487894119.15

DEBUG:root:Extracted signature:bitarray('11111100111111101111110011111101111100011000011111000000001111000000011111000000101100001111110001111110011111000011100011000110010011110000000011111011000000010001011000000000010110000000000111000000000111000000001110000000010000000010000000100000010000010000100010010000')
DEBUG:root:Matched frame over all scan:2626

DEBUG:root:Errors over all scan:64

DEBUG:root:Result:replica detected
DEBUG:root:Match or Not:True
DEBUG:root:Real time1487894119.35

DEBUG:root:Extracted signature:bitarray('11101100110110101100110000100001101100011000010011001110000011000110010011000000100110001100110000000110000011000001100111100110010011101100000011111011100000011111011100000011111100000000011010000000000010000000000100000000010000000010000000100000010000010000100010010000')
DEBUG:root:Matched frame over all scan:2626

DEBUG:root:Errors over all scan:81

DEBUG:root:Result:tau2_fail
DEBUG:root:Match or Not:False
DEBUG:root:Under real time Point counter:0.206708908081

DEBUG:root:Extracted signature:bitarray('11000111111111101000011111111101000011111111000001111111000000111110000000111000000011111100001111000001111000111100111100111011100000001111111100111100111111001111100111110011111001111001111100111011111100110111111001011111100011111100111111001111100111100111001100101000')
DEBUG:root:Matched frame over all scan:2234

DEBUG:root:Errors over all scan:62

DEBUG:root:Result:tau2_fail
DEBUG:root:Match or Not:False
DEBUG:root:Real time1487894119.75

DEBUG:root:Real time1487894119.96

DEBUG:root:Real time1487894120.16

DEBUG:root:Real time1487894120.36

DEBUG:root:Too small detection probably wrong
DEBUG:root:Real time1487894120.56

DEBUG:root:Real time1487894120.76

DEBUG:root:Extracted signature:bitarray('11111111000110001111111100000001111111000000011111111111101111111111101111111111011111111101011111100011111000111100011101111011101100001000000011111010000000011111010000000011110101110001111010110000111010100000110101000011010000001010000010100000010000010000100010010000')
DEBUG:root:Matched frame over all scan:375

DEBUG:root:Errors over all scan:75

DEBUG:root:Result:tau3_fail
DEBUG:root:Match or Not:False
DEBUG:root:Real time1487894120.96

DEBUG:root:Real time1487894121.16

DEBUG:root:Extracted signature:bitarray('10000111100111000000111111111101100001111111010000111111100000111111100001111110010011111001001111100001111000111100011100111001100000000001111111111100001111111111100001111111111000111111111100011111111100011111111001111111100111111100111111001111101111101111011101101000')
DEBUG:root:Matched frame over all scan:2914

DEBUG:root:Errors over all scan:44

DEBUG:root:Result:replica detected
DEBUG:root:Match or Not:True
DEBUG:root:Real time1487894121.36

DEBUG:root:Extracted signature:bitarray('11111111111111101111111111111101111111111111011111111111101111101111101111001111011110000001110000001110011011000101100011000110010011111110000111111011110000011111011100000111110111000001111011000000111011000001110110000011011000011011000010100000010000010000100010010000')
DEBUG:root:Matched frame over all scan:2720

DEBUG:root:Errors over all scan:76

DEBUG:root:Result:tau3_fail
DEBUG:root:Match or Not:False
DEBUG:root:Real time1487894121.56

DEBUG:root:Real time1487894121.76

DEBUG:root:Real time1487894121.96

DEBUG:root:Extracted signature:bitarray('11111110000000011111110000001011111100000000111111110000011111110000011111100000111111000111001000110001000100110010000010111100100101111100110001111101100110001111111001000011111100100011111110100010011110000100111100011111100001111100011111001111100111100111001101101000')
DEBUG:root:Matched frame over all scan:1459

DEBUG:root:Errors over all scan:72

DEBUG:root:Result:tau3_fail
DEBUG:root:Match or Not:False
DEBUG:root:Real time1487894122.16

DEBUG:root:Extracted signature:bitarray('11111110000000011111110000000011111000000000111110110000011111110000011111100000111111000111001100010011100000110010000000111011100101111100110001111101100100001111111001000011111100100011011110100010011110000100111100011111100001111100011111001111100111100111011101101000')
DEBUG:root:Matched frame over all scan:2232

DEBUG:root:Errors over all scan:83

DEBUG:root:Result:tau2_fail
DEBUG:root:Match or Not:False
DEBUG:root:Real time1487894122.36

DEBUG:root:Extracted signature:bitarray('11111110000000011111110000000011111000000010111100110000011111110000011111100000111111000011001100010011100000100010000000111011100101111100110001111101100100001111111011000011111101100011011110100010011110000100111100011111100001111100011111001111100111100111011101101000')
DEBUG:root:Matched frame over all scan:2745

DEBUG:root:Errors over all scan:82

DEBUG:root:Result:tau3_fail
DEBUG:root:Match or Not:False
DEBUG:root:Real time1487894122.56

DEBUG:root:Extracted signature:bitarray('11111110000000011111110000000011111100000010111110110000011111110000011111100000111111000111001000110011100100110010000010111011100101111100110000111101100100001111111001000011111100100011111110100010011110000100111100011111100001111100011111001111100111100111011101101000')
DEBUG:root:Matched frame over all scan:1459

DEBUG:root:Errors over all scan:81

DEBUG:root:Result:tau3_fail
DEBUG:root:Match or Not:False
DEBUG:root:Real time1487894122.76

DEBUG:root:Real time1487894122.96

DEBUG:root:Extracted signature:bitarray('11111110001000011111110000000011111000000010111100110001111101110000111111100000111111000011001100010011100000110000011000111011101100011100110000111101100100001111111011000011111101100011111110100011011110000100111100011111100001111100011111001111100111100111011101101000')
DEBUG:root:Matched frame over all scan:2232

DEBUG:root:Errors over all scan:76

DEBUG:root:Result:tau3_fail
DEBUG:root:Match or Not:False
DEBUG:root:Real time1487894123.16

DEBUG:root:Extracted signature:bitarray('11111111000000011111110000000011111100000011111110110001111111110001111111100000111111000011001000010011100100110000011000111001101100011100110000011101100110000111111111000011111101100001011110100010011110000100111100011111100001111100011111001111100111100111011101100000')
DEBUG:root:Matched frame over all scan:1315

DEBUG:root:Errors over all scan:79

DEBUG:root:Result:tau3_fail
DEBUG:root:Match or Not:False
DEBUG:root:Real time1487894123.37

DEBUG:root:Extracted signature:bitarray('11111111010000011111110000000011111000100011111100110001111101110000110111110000111111000011011000010011100100010000011000111011100000011100110001111101100100001111110001000011111101100011111110100010011110000100111100011111100001111100011111001111100111100111011101101000')
DEBUG:root:Matched frame over all scan:2232

DEBUG:root:Errors over all scan:75

DEBUG:root:Result:tau3_fail
DEBUG:root:Match or Not:False
DEBUG:root:Real time1487894123.57

DEBUG:root:Extracted signature:bitarray('11101100100001111001000110011110010001100110001000111111001101111101101111001111011001111000011111101111111000111100011101111011010000011100000001110011000000001100011000001111110101000110111010101110111010110011100101001111010001111010011110100111010011010110101110110000')
DEBUG:root:Matched frame over all scan:821

DEBUG:root:Errors over all scan:85

DEBUG:root:Result:tau3_fail
DEBUG:root:Match or Not:False
DEBUG:root:Real time1487894123.77

DEBUG:root:Extracted signature:bitarray('11101100100001111001000110001110010001100110001000111011001100110101101111001111011001111000001111101111111000111100011101111010010000011100000001110011100000001100011000000111110101000111111010100110111010111011100101001111010001111010011110100111010011110111101110110000')
DEBUG:root:Matched frame over all scan:2192

DEBUG:root:Errors over all scan:89

DEBUG:root:Result:tau3_fail
DEBUG:root:Match or Not:False
DEBUG:root:Real time1487894123.97

DEBUG:root:Extracted signature:bitarray('11100000000001111001000110001110010001110111001000111111001100110111101111001111011001111100001111100111111010111100011101111010010000011000000001111011100000001101011000000111110100000111111010100100111010011001110101001111010101111010011110100111110111110111101110110000')
DEBUG:root:Matched frame over all scan:1373

DEBUG:root:Errors over all scan:91

DEBUG:root:Result:tau1_fail
DEBUG:root:Match or Not:False
DEBUG:root:Real time1487894124.17

DEBUG:root:Extracted signature:bitarray('11100000000001111001000110011110010001100111001000111111001100110111101111001111011001111000001111101111111010111100011101111010010000011100000001111011100000001101011000000111110100000111111010100110111010011001110101001111010101111010011110100111110111110111101110110000')
DEBUG:root:Matched frame over all scan:821

DEBUG:root:Errors over all scan:91

DEBUG:root:Result:tau2_fail
DEBUG:root:Match or Not:False
DEBUG:root:Real time1487894124.37

DEBUG:root:Extracted signature:bitarray('11101100001001111001000010011110010011100110001000110011001101110111101111001111011001111000001111101111111000111100011101111011010000011100000001110011100000001101011000000111110101000111111010101110111010111011100101001111010001111010011110100111010011110110101110110000')
DEBUG:root:Matched frame over all scan:821

DEBUG:root:Errors over all scan:86

DEBUG:root:Result:tau2_fail
DEBUG:root:Match or Not:False
DEBUG:root:Real time1487894124.57

DEBUG:root:Extracted signature:bitarray('11101100000011111001100000011110010001110110001000111011001100110111101111001111011001111000001111100111111010111100011101111010010010011000000001110011100000001100011000000111110100000111111010100110111010011001110101101111010101111010011110100111010011110111101110110000')
DEBUG:root:Matched frame over all scan:1387

DEBUG:root:Errors over all scan:93

DEBUG:root:Result:tau1_fail
DEBUG:root:Match or Not:False
DEBUG:root:Real time1487894124.77

DEBUG:root:Extracted signature:bitarray('11100100000001111001100000011110010001100110001000111011001100110111101111001111011001111000001111100111111010111100011101111010010000011100000001110011100000001101011000000111110101000111111010100110111010111011110101001111010101111010011110100111010011110111101110110000')
DEBUG:root:Matched frame over all scan:821

DEBUG:root:Errors over all scan:92

DEBUG:root:Result:tau1_fail
DEBUG:root:Match or Not:False
DEBUG:root:Under real time Point counter:0.2251060009

DEBUG:root:Extracted signature:bitarray('11100100000001111001100000011110010001110110001000111011001100110111101111001111011001111100001111100111111010111100011101111010010000011000000001111011100000001101011000000111110100000111111010100110111010011001110101101111010101111010011110100111110111110111101110110000')
DEBUG:root:Matched frame over all scan:1671

DEBUG:root:Errors over all scan:92

DEBUG:root:Result:tau2_fail
DEBUG:root:Match or Not:False
DEBUG:root:Real time1487894125.19

DEBUG:root:Extracted signature:bitarray('11111110010000011111110010000011111000000011111100010001111101110000110111110001111011000011001000010011100000110000011100111011101100011100110000111101100110001111101111000011111101100011011110100010011110000100111000011111100001111100011111001111100111100111011101101000')
DEBUG:root:Matched frame over all scan:2232

DEBUG:root:Errors over all scan:65

DEBUG:root:Result:tau3_fail
DEBUG:root:Match or Not:False
DEBUG:root:Real time1487894125.39

DEBUG:root:Extracted signature:bitarray('11111110010000011111110000000011111000100011111100110001111101110000110111110000111111000011011000010001100100010000011000111011100000011100110000111101100100001111110011000011111101100011111110100011011110000110111100011111100001111100011111001111100111100111011101101000')
DEBUG:root:Matched frame over all scan:2232

DEBUG:root:Errors over all scan:75

DEBUG:root:Result:tau3_fail
DEBUG:root:Match or Not:False
DEBUG:root:Real time1487894125.59

DEBUG:root:Extracted signature:bitarray('11111110010000011111110000000011111000000011111110110001111111110001111111100000111111000011101000010001100100110000011100111011100000011100110000011101100100001111111001000011111101100011011110100010011110000100111100011111100001111100011111001111100111100111011101101000')
DEBUG:root:Matched frame over all scan:2232

DEBUG:root:Errors over all scan:79

DEBUG:root:Result:tau3_fail
DEBUG:root:Match or Not:False
DEBUG:root:Real time1487894125.79

DEBUG:root:Extracted signature:bitarray('11111110010000011111110011000011111000000010111100110001111111110001111111100000111100000011100000010001110000111100111101111011000000011100110000111101100100001111111001000011111100100011111110100011011110000100111100011111100001111100011111001111100111100111011101101000')
DEBUG:root:Matched frame over all scan:2232

DEBUG:root:Errors over all scan:85

DEBUG:root:Result:tau2_fail
DEBUG:root:Match or Not:False
DEBUG:root:Real time1487894126.0

DEBUG:root:Extracted signature:bitarray('11111110010000011111110011000011111000100000111100110001111111110001111111100000111110000011100000010001110000111100101101111011000000011100110000111101100100001111111011000011111101100011111110100011011110000100111100011111100001111100011111001111100111100111011101101000')
DEBUG:root:Matched frame over all scan:1315

DEBUG:root:Errors over all scan:86

DEBUG:root:Result:tau2_fail
DEBUG:root:Match or Not:False
DEBUG:root:Real time1487894126.2

DEBUG:root:Extracted signature:bitarray('11111110111000011111110011000011111000100000111100110001111111110000111111100000111110000011100000010001110000111100101101111010010000011100110000111101100100001111110001000011111101100011111110100010011110000110111100011111100001111100011111001111100111100111001100101000')
DEBUG:root:Matched frame over all scan:409

DEBUG:root:Errors over all scan:87

DEBUG:root:Result:tau3_fail
DEBUG:root:Match or Not:False
DEBUG:root:Real time1487894126.4

DEBUG:root:Extracted signature:bitarray('11111110010000011111110010000011111000100010111110010001111111110001111111100000111110000011100000010001110100111100101100111011000000011100110000111101100100001111110011000011111101100011011110100010011110000100111100011111100001111100011111001111100111100111001100101000')
DEBUG:root:Matched frame over all scan:1315

DEBUG:root:Errors over all scan:83

DEBUG:root:Result:tau3_fail
DEBUG:root:Match or Not:False
DEBUG:root:Real time1487894126.6

DEBUG:root:Extracted signature:bitarray('11111110011000011111110010000011111000000010111100010001111111110001111111100000111110000011100000010001110000111100001100111011100000011100110000111101100100001111111011000011111101100011011110100010011110000100111100011111100001111100011111001111100111100111001100101000')
DEBUG:root:Matched frame over all scan:1328

DEBUG:root:Errors over all scan:83

DEBUG:root:Result:tau3_fail
DEBUG:root:Match or Not:False
DEBUG:root:Real time1487894126.8

DEBUG:root:Real time1487894127.0

DEBUG:root:Real time1487894127.2

DEBUG:root:Real time1487894127.4

DEBUG:root:Real time1487894127.6

DEBUG:root:Real time1487894127.8

DEBUG:root:Extracted signature:bitarray('11111111000000011111110000000011111000100000111110010001011111110000011111000000111000000011100000110000110100011100011101111100010000011100110000111101100110001111111101000011111101100011011110100011011110000110111100011111100001111100011111001111100111100111001100101000')
DEBUG:root:Matched frame over all scan:1463

DEBUG:root:Errors over all scan:70

DEBUG:root:Result:tau3_fail
DEBUG:root:Match or Not:False
DEBUG:root:Real time1487894128.0

DEBUG:root:Extracted signature:bitarray('11111111000000011111110011000011111000110000111110010000011111110000011111000000111100000011100000110000110100011100011101110110010000011100110000111101100100001111111001000011111101100011111110100010011110000100111100011111100001111100011111001111100111100111001100101000')
DEBUG:root:Matched frame over all scan:1463

DEBUG:root:Errors over all scan:76

DEBUG:root:Result:tau3_fail
DEBUG:root:Match or Not:False
DEBUG:root:Real time1487894128.2

DEBUG:root:Extracted signature:bitarray('11111110000000011111110000000011111000000000111110010001111111110001111111100000111100000011100000010001111000111100111101111010100000011100110000111101100110001111111001000011111100100011111110100010011110000100111100011111100001111100011111001111100111100111001100101000')
DEBUG:root:Matched frame over all scan:1463

DEBUG:root:Errors over all scan:80

DEBUG:root:Result:tau3_fail
DEBUG:root:Match or Not:False
DEBUG:root:Real time1487894128.4

DEBUG:root:Extracted signature:bitarray('11111110011000011111110010000011111000100000111110010001111111110001111111100000111111000011100000011000000100100010100101111110010000011100110000111101100100001111111001000011111100100011111110100011011110000110111100011111100001111100011111001111100111100111001100101000')
DEBUG:root:Matched frame over all scan:2743

DEBUG:root:Errors over all scan:76

DEBUG:root:Result:tau3_fail
DEBUG:root:Match or Not:False
DEBUG:root:Real time1487894128.6

DEBUG:root:Extracted signature:bitarray('11111110010000011111110010000011111000000000111100010001111111110001111111100000111011000011101000011000000100110000101101111010110000011100110000101101100100001111111001000011111101100011111110100010011110000100111100011111100001111100011111001111100111100111001100100000')
DEBUG:root:Matched frame over all scan:2742

DEBUG:root:Errors over all scan:84

DEBUG:root:Result:tau3_fail
DEBUG:root:Match or Not:False
DEBUG:root:Real time1487894128.8

DEBUG:root:Extracted signature:bitarray('11111110010000011111110111000011111000000000111110010001011111110001111111100000111111000011101000010110000100000110011101111010010000011100110000011101100100001111111001000011111101100011111110100010011110000100111100011111100001111100011111001111100111100111001100100000')
DEBUG:root:Matched frame over all scan:2743

DEBUG:root:Errors over all scan:82

DEBUG:root:Result:tau3_fail
DEBUG:root:Match or Not:False
DEBUG:root:Real time1487894129.0

DEBUG:root:Extracted signature:bitarray('11111110001000011111110011000011111100100000111110010001111111110001111111100000111111000011111000010010000100000010000100111011101100011100110000111101100110001111111001000011111100100011111110100010011110000100111100011111100001111100011111001111100111100111011101100000')
DEBUG:root:Matched frame over all scan:2743

DEBUG:root:Errors over all scan:84

DEBUG:root:Result:tau3_fail
DEBUG:root:Match or Not:False
DEBUG:root:Real time1487894129.2

DEBUG:root:Extracted signature:bitarray('11111110011000011111110011000011111100000000111110110000111111110000111111110000111111000011111000011000100100011000011001111011101100011100110000111101100100001111110001000011111100100011111110100010011110000110111100011111100001111100011111001111100111100111001101100000')
DEBUG:root:Matched frame over all scan:2232

DEBUG:root:Errors over all scan:88

DEBUG:root:Result:tau2_fail
DEBUG:root:Match or Not:False
DEBUG:root:Real time1487894129.4

DEBUG:root:Extracted signature:bitarray('11111110011000011111110001000011111100000000111110010001111111110000111111110000111111000011111000010000100100111000111001111011101100011100110001111101100100001111110001000011111100100011111110100010011110000100111100011111100001111100011111001111100111100111001101100000')
DEBUG:root:Matched frame over all scan:2232

DEBUG:root:Errors over all scan:82

DEBUG:root:Result:tau3_fail
DEBUG:root:Match or Not:False
DEBUG:root:Real time1487894129.6

DEBUG:root:Extracted signature:bitarray('11111110000000111111110000000111111100000000111111110000011111110000111111100001111100000111000000110011100011110001100011000100010000011100110000111101100110000111111001000011111110100001111111100010011110000101101100011111100001111100011111001111100111100111001101101000')
DEBUG:root:Matched frame over all scan:1459

DEBUG:root:Errors over all scan:74

DEBUG:root:Result:tau3_fail
DEBUG:root:Match or Not:False
DEBUG:root:Under real time Point counter:0.213013887405

DEBUG:root:Extracted signature:bitarray('11111111000000111111110000000011111100000000111111100000011110100001111100000001110000000010000000011111100011110001100010000100010000011100110000011101100100001111111001000011111111100011111111100010011110000100111100011111100001111100011111001111100111100111001101101000')
DEBUG:root:Matched frame over all scan:1461

DEBUG:root:Errors over all scan:72

DEBUG:root:Result:tau3_fail
DEBUG:root:Match or Not:False
DEBUG:root:Real time1487894130.02

DEBUG:root:Extracted signature:bitarray('11111110000001111111110001000111111000000000111100110000011100110000111001110000100011000011011100010011100101110001100011000100010000011100110000011101100100001111111001000011111100100011111110100011011110000110111100011111100001111100011111001111100111100111001101101000')
DEBUG:root:Matched frame over all scan:2232

DEBUG:root:Errors over all scan:75

DEBUG:root:Result:tau3_fail
DEBUG:root:Match or Not:False
DEBUG:root:Real time1487894130.22

DEBUG:root:Extracted signature:bitarray('11111110011000101111110011000011111100100000111110010000011110010000011101100000100111000011111100011011100101110001100011000100010000011100110001111101100100001111111001000011111100100011111110100010011110000100111100011111100001111100011111001111100111100111001101101000')
DEBUG:root:Matched frame over all scan:2743

DEBUG:root:Errors over all scan:81

DEBUG:root:Result:tau3_fail
DEBUG:root:Match or Not:False
DEBUG:root:Real time1487894130.42

DEBUG:root:Extracted signature:bitarray('11111110011000011111110011000011111101100000111110010000011110110000011011100000100111000011111100011011100011110001100011000100010000011100110000111101100100001111111001000011111100100011111110100011011110000111111100011111100001111100011111001111100111100111001101101000')
DEBUG:root:Matched frame over all scan:1459

DEBUG:root:Errors over all scan:83

DEBUG:root:Result:tau3_fail
DEBUG:root:Match or Not:False
DEBUG:root:Real time1487894130.62

DEBUG:root:Extracted signature:bitarray('11111110000000011111110011000011111100100000111110010000011100110000011001100000100111000011111100011011100001110001110011000100010000011100110001111101100100001111111001000011111100100011111110100010011110000100111100011111100001111100011111001111100111100111001101101000')
DEBUG:root:Matched frame over all scan:2232

DEBUG:root:Errors over all scan:82

DEBUG:root:Result:tau2_fail
DEBUG:root:Match or Not:False
DEBUG:root:Real time1487894130.82

DEBUG:root:Extracted signature:bitarray('11111111000000011111110011000011111100110000111110010000011100110000011001100000100111000011111100011011100001110001110011000100010000011100110000111101100100001111111001000011111100100011111110100011011110000110111100011111100001111100011111001111100111100111001101101000')
DEBUG:root:Matched frame over all scan:2232

DEBUG:root:Errors over all scan:83

DEBUG:root:Result:tau2_fail
DEBUG:root:Match or Not:False
DEBUG:root:Real time1487894131.02

DEBUG:root:Extracted signature:bitarray('11111110001000011111110011000011111100110000111110010000011110110000011001100000100111000011111100011011100101110001100011000100010000011100110001111101100110001111111001000011111100100011111110100010011110000110111100011111100001111100011111001111100111100111001101101000')
DEBUG:root:Matched frame over all scan:2743

DEBUG:root:Errors over all scan:81

DEBUG:root:Result:tau3_fail
DEBUG:root:Match or Not:False
DEBUG:root:Real time1487894131.22

DEBUG:root:Extracted signature:bitarray('11111110011000011111110011000011111100100000101110010000011110110000011001100000110111000011111100011011100001110001100011000100010000011100110001111101100100001111111001000011111100100011111110100011011110000110111000011111100001111100011111001111100111100111001101101000')
DEBUG:root:Matched frame over all scan:2743

DEBUG:root:Errors over all scan:81

DEBUG:root:Result:tau3_fail
DEBUG:root:Match or Not:False
DEBUG:root:Real time1487894131.42

DEBUG:root:Extracted signature:bitarray('11111110001000011111110011000011011100110000101110010000011100110000011001100000100111000011111100011011100101110001100011000100010000011100110000111101100100001111110001000011111100100011111110100010011110000110111100011111100001111100011111001111100111100111001101101000')
DEBUG:root:Matched frame over all scan:2743

DEBUG:root:Errors over all scan:87

DEBUG:root:Result:tau3_fail
DEBUG:root:Match or Not:False
DEBUG:root:Real time1487894131.62

DEBUG:root:Extracted signature:bitarray('11111110011000011111110011000011011000100000101100010000011100110000011001100000100111000011111100010011100101110001100011000100010000011100110000111101100100001111110001000011111100100011111110100010011110000110111100011111100001111100011111001111100111100111001101101000')
DEBUG:root:Matched frame over all scan:2232

DEBUG:root:Errors over all scan:86

DEBUG:root:Result:tau2_fail
DEBUG:root:Match or Not:False
DEBUG:root:Real time1487894131.82

DEBUG:root:Extracted signature:bitarray('11111110011000011111110011000011011001110000101100110000011101111000011011110000101111000011111100011111100011110001110011100100010000011100110001111101100100001111110001000111111100100011111110000111011110000111111000011111100001111100011111001111100111100111001101101000')
DEBUG:root:Matched frame over all scan:2232

DEBUG:root:Errors over all scan:85

DEBUG:root:Result:tau1_fail
DEBUG:root:Match or Not:False
DEBUG:root:Real time1487894132.02

DEBUG:root:Extracted signature:bitarray('11111110011000011101110011000011011000110000101110010000011100110000011011100000101111000011111100011011100011110001110011100100010000011100110001111101100100001111110001000011111100100011111110100011011110000111111000011111100001111100011111001111100111100111001101101000')
DEBUG:root:Matched frame over all scan:2232

DEBUG:root:Errors over all scan:84

DEBUG:root:Result:tau2_fail
DEBUG:root:Match or Not:False
DEBUG:root:Real time1487894132.22

DEBUG:root:Extracted signature:bitarray('11111110000000011111110011000011111100100000101110010000011100110000011001100000100111000011111100011011100101110001100011000100010000011100110000111101100100001111110001000011111100100011111110100011011110000100111100011111100001111100011111001111100111100111001101101000')
DEBUG:root:Matched frame over all scan:2743

DEBUG:root:Errors over all scan:84

DEBUG:root:Result:tau3_fail
DEBUG:root:Match or Not:False
DEBUG:root:Real time1487894132.42

DEBUG:root:Extracted signature:bitarray('11111110001000111111110011000111111100110000111110010000011110110000011101100000110111000011111100011011100001110001110011000100010000011100110001111101100100001111100001000011111000100011111100100010011100000100111000011111100001111100011111001111100111100111001101101000')
DEBUG:root:Matched frame over all scan:2743

DEBUG:root:Errors over all scan:77

DEBUG:root:Result:tau3_fail
DEBUG:root:Match or Not:False
DEBUG:root:Real time1487894132.62

DEBUG:root:Extracted signature:bitarray('11111110011000011101110011000011011100110000101110010000011100110000011011100000101111001101111111101011110001110001100011000100010000011100110001111101100100001111110001000011111100100011111110100011011110000111111000011111100001111100011111001111100111100111001101101000')
DEBUG:root:Matched frame over all scan:1459

DEBUG:root:Errors over all scan:90

DEBUG:root:Result:tau2_fail
DEBUG:root:Match or Not:False
DEBUG:root:Real time1487894132.83

DEBUG:root:Extracted signature:bitarray('11111110001000011111110011000011111100100000101110010000011100110000011001100000100111000011111100011011101001110101110001000100010000011100110000111101100100001111110001000011111100100011111110100010011110000110111100011111100001111100011111001111100111100111001101101000')
DEBUG:root:Matched frame over all scan:2232

DEBUG:root:Errors over all scan:86

DEBUG:root:Result:tau2_fail
DEBUG:root:Match or Not:False
DEBUG:root:Real time1487894133.03

DEBUG:root:Extracted signature:bitarray('11111110001000011111110011000011111000100000101110010000011110110000011001100000110111000011111100011011100001110001100010000100010000011100110000111101100100001011110001000011111100100011011110100010011110000100111100011111100001111100011111001111100111100111001101101000')
DEBUG:root:Matched frame over all scan:2743

DEBUG:root:Errors over all scan:87

DEBUG:root:Result:tau3_fail
DEBUG:root:Match or Not:False
DEBUG:root:Real time1487894133.23

DEBUG:root:Extracted signature:bitarray('11111110011000011101110011000011011100110000101110010000011100110000011011100000101111000011111100011011100011110001100011000100010000011100110001111101100100001111110001000011111100100011111110100011011110000111111000011111100001111100011111001111100111100111001101101000')
DEBUG:root:Matched frame over all scan:2232

DEBUG:root:Errors over all scan:85

DEBUG:root:Result:tau2_fail
DEBUG:root:Match or Not:False
DEBUG:root:Real time1487894133.43

DEBUG:root:Extracted signature:bitarray('11111110011000011101110011000011011100110000101110010000011100110000011001100000100111000011100110011001100001110001110011000100010000011100110001111101100100001111110001000011111100100011111110100011011110000110111000011111100001111100011111001111100111100111001101101000')
DEBUG:root:Matched frame over all scan:2943

DEBUG:root:Errors over all scan:84

DEBUG:root:Result:tau1_fail
DEBUG:root:Match or Not:False
DEBUG:root:Real time1487894133.63

DEBUG:root:Extracted signature:bitarray('10001101111000000011101111000101111111110011011111111011001111111111001111111111011111111101111111101111010011100111100010000101100100010111100111000101111100111000101111001110001011100111100101011111100101111111011011111111101111111101111111011111101111100111001100101000')
DEBUG:root:Matched frame over all scan:2451

DEBUG:root:Errors over all scan:66

DEBUG:root:Result:replica detected
DEBUG:root:Match or Not:True
DEBUG:root:Real time1487894133.83

DEBUG:root:Extracted signature:bitarray('10001101111000000011101111000101111111110011011111111011001111111111001111111111011111111101111111101111110011100001100010000100100100010111100111000101111100111000101111001110001011100111100101111111100101111111011011111111101111111101111111011111101111100111001100100000')
DEBUG:root:Matched frame over all scan:2426

DEBUG:root:Errors over all scan:65

DEBUG:root:Result:replica detected
DEBUG:root:Match or Not:True
DEBUG:root:Real time1487894134.03

DEBUG:root:Extracted signature:bitarray('10001111111000000011001111000101111101110011001111111011000111111111001111111111011110111101111111101111111011111101111110010100100100010111100111000101111100111000101111001110001011100111100101111111100101111111001011110011101110011101111111011111100111100111001100101000')
DEBUG:root:Matched frame over all scan:2426

DEBUG:root:Errors over all scan:66

DEBUG:root:Result:replica detected
DEBUG:root:Match or Not:True
DEBUG:root:Real time1487894134.23

DEBUG:root:Extracted signature:bitarray('10001101111000010011101111000100111111110001001111111001101111111111000111111110011110111101111111101111111011111001111011011001100000011011100011000101111100011000101111001110001011100111100101111111100101111111001011110000101110011101110111011111101111100111001100100000')
DEBUG:root:Matched frame over all scan:663

DEBUG:root:Errors over all scan:65

DEBUG:root:Result:replica detected
DEBUG:root:Match or Not:True
DEBUG:root:Real time1487894134.43

DEBUG:root:Extracted signature:bitarray('10001101110000000011101111000100111111110011001111111011100111111111000111111110011110111101110011101111111011111001111111111001100000010011100111000101011100111000101111001110001011100111100101011111100101011111001011110000101110011101000111011111100111100111001100101000')
DEBUG:root:Matched frame over all scan:664

DEBUG:root:Errors over all scan:70

DEBUG:root:Result:replica detected
DEBUG:root:Match or Not:True
DEBUG:root:Real time1487894134.63

DEBUG:root:Extracted signature:bitarray('10001101110000000011101110000100111111110011001111111011100111111111000111111110011110111101111011101111111011111001111101111011100000010011100111000101011100111000101111001110001011110111100101111111100101111111101011111000101110011101100111011111101111100111001100101000')
DEBUG:root:Matched frame over all scan:664

DEBUG:root:Errors over all scan:65

DEBUG:root:Result:replica detected
DEBUG:root:Match or Not:True
DEBUG:root:Under real time Point counter:0.232094049454

DEBUG:root:Extracted signature:bitarray('10001101110000000011101110000100111011110011001111111001100111111111000111111110011110111101110011101111111011111101111110011011100000010011100111000001011100111000101111001110001011111111000101011111100101011111001011111010101110011101000111010111101111100111011101101000')
DEBUG:root:Matched frame over all scan:664

DEBUG:root:Errors over all scan:71

DEBUG:root:Result:tau3_fail
DEBUG:root:Match or Not:False
DEBUG:root:Real time1487894135.06

DEBUG:root:Extracted signature:bitarray('10001101111000100111001111001101111011110010011111111011001111111111101111111111011110111101110111101111111011111101111101111011100100010111100111000101111100111000101111001110001011100111000101111111100101111111001011110000101110011101101111011111101111100111011100101000')
DEBUG:root:Matched frame over all scan:2446

DEBUG:root:Errors over all scan:59

DEBUG:root:Result:tau3_fail
DEBUG:root:Match or Not:False
DEBUG:root:Real time1487894135.26

DEBUG:root:Extracted signature:bitarray('10001101111000100011101111000101111101110011001111111011101111111111001111111110011110111101111111101111111011111101111111111011101000010111100111000101111100111000101111001110001011110111100101111111100101111111001011111000101110011101100111011111101111101111011101000000')
DEBUG:root:Matched frame over all scan:2474

DEBUG:root:Errors over all scan:59

DEBUG:root:Result:tau3_fail
DEBUG:root:Match or Not:False
DEBUG:root:Real time1487894135.46

DEBUG:root:Extracted signature:bitarray('10001111110000000011101110000101111111110011000111111001000011111110000111111100001111110001111110001111100011111101111101111011101111110011100111000101011100111000101111001110001011100111100101111111100101111111101011111100101111000101110111011111100111101111010001001000')
DEBUG:root:Matched frame over all scan:694

DEBUG:root:Errors over all scan:64

DEBUG:root:Result:tau3_fail
DEBUG:root:Match or Not:False
DEBUG:root:Real time1487894135.66

DEBUG:root:Extracted signature:bitarray('10011101110000110011101110000100111011100001011111110001101011110011000111101110001110010001110011101111111011111101111101011001101111110001100110000101011000110000101110001100001011001110000101001110000100111001001001100000101110000101000111001111100111101110111011010000')
DEBUG:root:Matched frame over all scan:347

DEBUG:root:Errors over all scan:78

DEBUG:root:Result:tau3_fail
DEBUG:root:Match or Not:False
DEBUG:root:Real time1487894135.86

DEBUG:root:Extracted signature:bitarray('10011001110000110011001110001100111001100011001110110011001111110011000111001110001110110101110011101111111011111101111101011101101111110001100110000101011000110000101110001100001001001110001100001111100100111001001001100000100110000101100111001111100111001110111011010000')
DEBUG:root:Matched frame over all scan:347

DEBUG:root:Errors over all scan:78

DEBUG:root:Result:tau3_fail
DEBUG:root:Match or Not:False
DEBUG:root:Real time1487894136.06

DEBUG:root:Extracted signature:bitarray('10011001110000110011001110001101111001100011011110110001001111110011000111001100001100110001110011101111111011111101111101111011101111110011100110000101011000110000101110001100001011001110000100001111100100111000001001100000100110000101100111001111100111101110011011010000')
DEBUG:root:Matched frame over all scan:347

DEBUG:root:Errors over all scan:75

DEBUG:root:Result:tau3_fail
DEBUG:root:Match or Not:False
