DEBUG:root:Under real time Point counter:2.00271606445e-05

DEBUG:root:Extracted signature:bitarray('11011100000010011011100000010001111011000111011110000011101110000011101000010111100000011100001011100111111011111101011100111011101111101111111111111100111111111100100111111011011011111111010101110001100101100011001010000000101010010101100111010011101011110111011101110100')
DEBUG:root:Matched frame over all scan:2610

DEBUG:root:Errors over all scan:76

DEBUG:root:Result:tau3_fail
DEBUG:root:Match or Not:False
DEBUG:root:Real time1487801452.85

DEBUG:root:Extracted signature:bitarray('11011100000010011111100000010101111000000111011110000011101110000011111000000111100000011100001011100111111011111101011100111011101111101111111110011100111110001101100111110000111011111101000101110011100101100001001010000000101010010101100111010011101011100011011101110100')
DEBUG:root:Matched frame over all scan:2610

DEBUG:root:Errors over all scan:70

DEBUG:root:Result:tau3_fail
DEBUG:root:Match or Not:False
DEBUG:root:Real time1487801453.05

DEBUG:root:Extracted signature:bitarray('11101100000011111111110000011101111100000011011110000011101110000011011100000110100000011010000010000111110011111001011100111011101111101111111000000100111111001000100111111001001011111100001101111100000101100001001010000000101010010001100110010011001011110111011101110100')
DEBUG:root:Matched frame over all scan:209

DEBUG:root:Errors over all scan:73

DEBUG:root:Result:tau3_fail
DEBUG:root:Match or Not:False
DEBUG:root:Real time1487801453.25

DEBUG:root:Extracted signature:bitarray('11011100000011111111110000011101111100000111011110000111101110000111101100000111100000011110000011100111111011111101011100111011101111101111110000000100111110000100100111111000001001111100001101111100000101100000001010000000101000010101100111010011101011100111011101111100')
DEBUG:root:Matched frame over all scan:2610

DEBUG:root:Errors over all scan:63

DEBUG:root:Result:tau3_fail
DEBUG:root:Match or Not:False
DEBUG:root:Real time1487801453.45

DEBUG:root:Extracted signature:bitarray('11011100000011111011100000111101111100001111011110000111101110000111101100001111100000011100001011100111111011111101011100111011101111101111110001111100111110001111100111101011111011111101111101110101101101100011101010000000101010011101100111010011101011100111011101111100')
DEBUG:root:Matched frame over all scan:1401

DEBUG:root:Errors over all scan:58

DEBUG:root:Result:replica detected
DEBUG:root:Match or Not:True
DEBUG:root:Real time1487801453.65

DEBUG:root:Extracted signature:bitarray('11011100000011111011100000111101111100001111011110000001101110000001111100010111100000011100001011100111111011111001011100111011101111101111110001101100111110111111100111111111111011111101111101111101111101100111101010000000101010010101100111010011101011100111011101110100')
DEBUG:root:Matched frame over all scan:2610

DEBUG:root:Errors over all scan:65

DEBUG:root:Result:tau3_fail
DEBUG:root:Match or Not:False
DEBUG:root:Real time1487801453.85

DEBUG:root:Extracted signature:bitarray('11011100000011111011110000011101111100000111011110000001001110000010011100000100110000011110000011100111111011111101011100111011101111101111110000101100111110001111100111110011101001111100111101111100101101100001001010000000101000010101100111010011101011100111011101111100')
DEBUG:root:Matched frame over all scan:2610

DEBUG:root:Errors over all scan:68

DEBUG:root:Result:tau3_fail
DEBUG:root:Match or Not:False
DEBUG:root:Real time1487801454.05

DEBUG:root:Extracted signature:bitarray('11011100000010011011100000010001111000000111011110000011101110000011101100010111100000011100001011100111111011111001011000110011101111101111111101101100111111011000100111111001001011111100010101111100000101100000001010000000101000010101100111010000101000110101010101111100')
DEBUG:root:Matched frame over all scan:2610

DEBUG:root:Errors over all scan:76

DEBUG:root:Result:tau3_fail
DEBUG:root:Match or Not:False
DEBUG:root:Real time1487801454.26

DEBUG:root:Extracted signature:bitarray('11111100000011111111110000111101111100000111011110000111101110000111101100001111100000011110001011100111111011111001011100111011101111101111110001001100111110000100100111100001011001110100001101110100000101100000001010000000101000000101100101010010101011100111011101111100')
DEBUG:root:Matched frame over all scan:2610

DEBUG:root:Errors over all scan:71

DEBUG:root:Result:tau3_fail
DEBUG:root:Match or Not:False
DEBUG:root:Real time1487801454.46

DEBUG:root:Extracted signature:bitarray('11101100000011111111110000111101111100001011011110000101101110000101111100000011100000011110001011100111111011111101011100111011101111101111110001011100111110001101100111110011111011111110011101111100101101100001101010000000101010011101100111010011101011100111011101110100')
DEBUG:root:Matched frame over all scan:2610

DEBUG:root:Errors over all scan:63

DEBUG:root:Result:tau3_fail
DEBUG:root:Match or Not:False
DEBUG:root:Real time1487801454.66

DEBUG:root:Extracted signature:bitarray('11111100000011111111100000111101111100000011011110000111101110000111111100000111100000001110000011100110111011011101011100111011101111101111110000000100111110000100100111110000101011110100001101110100000101100000001010000000101010010001100110010011101011100011011101110100')
DEBUG:root:Matched frame over all scan:2610

DEBUG:root:Errors over all scan:61

DEBUG:root:Result:tau3_fail
DEBUG:root:Match or Not:False
DEBUG:root:Under real time Point counter:0.223299026489

DEBUG:root:Extracted signature:bitarray('11011100000010011011100000011101111100000111011110000011101110000011101100000111100000011100000011100110111011111011010010110011101111101111110000000100111111010100100111111001001001111100001101111100001101100000001010000000101000010101100110010011011011010110111001110100')
DEBUG:root:Matched frame over all scan:2610

DEBUG:root:Errors over all scan:70

DEBUG:root:Result:tau3_fail
DEBUG:root:Match or Not:False
DEBUG:root:Real time1487801455.08

DEBUG:root:Extracted signature:bitarray('11011100000011111011100000011101111100000111011110000111101110000111101100000111100000011110001011100111111011111101011100111001100000001111110000000100111110001000100111100001101011110100001101111100000101100000001010000000101010010101100111010011101011100111011011010100')
DEBUG:root:Matched frame over all scan:2610

DEBUG:root:Errors over all scan:75

DEBUG:root:Result:tau3_fail
DEBUG:root:Match or Not:False
DEBUG:root:Real time1487801455.28

DEBUG:root:Extracted signature:bitarray('11011100000011111011100000011101111100001111011110000111101110000111101100011111100000011100001011100111111011111101011100111001101011101111110001100100111111111101100111111111111001111101111101111111101101100111001010000000101010010101100111010011101011100111010101101100')
DEBUG:root:Matched frame over all scan:1401

DEBUG:root:Errors over all scan:70

DEBUG:root:Result:replica detected
DEBUG:root:Match or Not:True
DEBUG:root:Real time1487801455.48

DEBUG:root:Extracted signature:bitarray('11011100000011111011110000111101111100000111011110000111101110000111101100011111100000011100001011100111111011111101011100011001101111101111111001100100111110111110100111111111101011111111111101111110100101100111001010000000101010010101100111011011101011100001010101101100')
DEBUG:root:Matched frame over all scan:1342

DEBUG:root:Errors over all scan:68

DEBUG:root:Result:tau3_fail
DEBUG:root:Match or Not:False
DEBUG:root:Real time1487801455.68

DEBUG:root:Extracted signature:bitarray('11011100000010011011100000011101111101000111011110000011101110000111101100011111100001011100001011100111110011111001011100111011101111101111110011100100111111111111100111111111111001111111111101111111101101100111001010001110101000010101100101010010101011100111011101111100')
DEBUG:root:Matched frame over all scan:2523

DEBUG:root:Errors over all scan:68

DEBUG:root:Result:tau3_fail
DEBUG:root:Match or Not:False
DEBUG:root:Real time1487801455.88

DEBUG:root:Extracted signature:bitarray('11101100000011111111110000011101111100000011011110000111101110000111101100001111100000011110001011100111111011111101011100111011101111101111110000000100111110001000100111110000111011111100001101111000000101100000001010000000101010010101100111010011101011100111011101110100')
DEBUG:root:Matched frame over all scan:2610

DEBUG:root:Errors over all scan:67

DEBUG:root:Result:tau3_fail
DEBUG:root:Match or Not:False
DEBUG:root:Real time1487801456.08

DEBUG:root:Extracted signature:bitarray('11111100000010011111100000010101111100000111011110000011101110000011101100010111100000011110001011100111111011111101011100111011101111101111110000000100111110000100100111110001001001111000010101110100000101100001001010000000101000010101100111010011101011100111011101111100')
DEBUG:root:Matched frame over all scan:2610

DEBUG:root:Errors over all scan:71

DEBUG:root:Result:tau3_fail
DEBUG:root:Match or Not:False
DEBUG:root:Real time1487801456.28

DEBUG:root:Extracted signature:bitarray('11011100000011111111110000011101111100000111011110000111101110000111101100001111110000011110001011100111111011111101011100111011101111101111110000000100111111101000100111111000101001111100101101111101101101100011001010000000101000010101100111010011101011110111011101110100')
DEBUG:root:Matched frame over all scan:2610

DEBUG:root:Errors over all scan:67

DEBUG:root:Result:tau3_fail
DEBUG:root:Match or Not:False
DEBUG:root:Real time1487801456.48

DEBUG:root:Extracted signature:bitarray('11111100000011111111100000011101111100000111011110000011101110000111101100001111110000011110001011100111111011111001011100111011101111101111110000000100111110001000100111101000001001111100000101111101000101100001001010000000101000010101100111010011101011110111011101110100')
DEBUG:root:Matched frame over all scan:2610

DEBUG:root:Errors over all scan:72

DEBUG:root:Result:tau3_fail
DEBUG:root:Match or Not:False
DEBUG:root:Real time1487801456.68

DEBUG:root:Extracted signature:bitarray('11011110000011111011110000111101111100000111011110000111101110000111101100011111110000011100001011100111111011111101111101111011101111101111110001111100111110111111100111111111111001111111111101111111101101100111011010000000101010011101100111010011101011101111011101110100')
DEBUG:root:Matched frame over all scan:2610

DEBUG:root:Errors over all scan:67

DEBUG:root:Result:tau3_fail
DEBUG:root:Match or Not:False
DEBUG:root:Real time1487801456.88

DEBUG:root:Extracted signature:bitarray('11011110000011111011110000011101111100000111011110000111101110000111101100001111100000011100000011100111111011111101111101111011101111101111110000000100111111001000100111111101001001111100001101111100000101100001001010100100101110010101100111011011101001101011011100110100')
DEBUG:root:Matched frame over all scan:2610

DEBUG:root:Errors over all scan:73

DEBUG:root:Result:tau3_fail
DEBUG:root:Match or Not:False
DEBUG:root:Real time1487801457.08

DEBUG:root:Extracted signature:bitarray('11011110000011111011110000011101111100000111011110000111101110000111101100011111100001111100001111100111111011110001111101111011101111101111110000100100111110011111100111111111111011111111111101111110101101101011111010111110101111111101011001011100101000101011011100110100')
DEBUG:root:Matched frame over all scan:2523

DEBUG:root:Errors over all scan:66

DEBUG:root:Result:tau3_fail
DEBUG:root:Match or Not:False
DEBUG:root:Real time1487801457.28

DEBUG:root:Extracted signature:bitarray('11111100000011111111100000111101111100000111011110000111101110000111101100011111100001011100001111100111011011111001111101111011101111101111110000000100111111101100100111111001101011111100000101111110000101101001001010111100101111100101111001010100101000101111011101110100')
DEBUG:root:Matched frame over all scan:1422

DEBUG:root:Errors over all scan:75

DEBUG:root:Result:replica detected
DEBUG:root:Match or Not:True
DEBUG:root:Real time1487801457.48

DEBUG:root:Extracted signature:bitarray('11011100000011111111100000111101111100001011011110000111101110000111101100011111100001011100001111100111011011111001111101111011101111101111110000000100111110001000100111110000001011111100001101110100000101101000001010101000101101101101111001011100101000101011011100110100')
DEBUG:root:Matched frame over all scan:1422

DEBUG:root:Errors over all scan:79

DEBUG:root:Result:replica detected
DEBUG:root:Match or Not:True
DEBUG:root:Real time1487801457.68

DEBUG:root:Extracted signature:bitarray('11011100000111111111110000111101111100001111011110000111101110000111101100011111100001011100001111100111011011110001111101111011101111101111110000000100111111001000100111110100101001111100001101111100000101101001001010111100101111100101011001011100101000101011011100110100')
DEBUG:root:Matched frame over all scan:1342

DEBUG:root:Errors over all scan:81

DEBUG:root:Result:tau3_fail
DEBUG:root:Match or Not:False
DEBUG:root:Real time1487801457.88

DEBUG:root:Extracted signature:bitarray('10010011111100011000011001111011000100011110100010001111010000001111010011001001001110001101110001001100011111000111100010110001101100010000111101101100000111011001100001100110111001110111111100111111110100111111001010011100100011110100111101001100100100100101001100101100')
DEBUG:root:Matched frame over all scan:1423

DEBUG:root:Errors over all scan:81

DEBUG:root:Result:tau3_fail
DEBUG:root:Match or Not:False
DEBUG:root:Real time1487801458.09

DEBUG:root:Extracted signature:bitarray('10011001111100011100011011100011001110111010100000001111011000100111010001100010100110001000110001001110011111000111100010110001101100010000011001101100000110011001100001100110111001110111111100110111110100111111001010011100100011110100111101001100100100100101001100101100')
DEBUG:root:Matched frame over all scan:1425

DEBUG:root:Errors over all scan:88

DEBUG:root:Result:tau3_fail
DEBUG:root:Match or Not:False
DEBUG:root:Real time1487801458.29

DEBUG:root:Extracted signature:bitarray('10010001111100011110011011100011001110111000100000001100111000100100010001100000100110001001110001011110010111000111000010110001101100010000011001100100000110011001100011100110111001110111111100110111110100111111001010011100100011010100111101001100100100100101000100101100')
DEBUG:root:Matched frame over all scan:1425

DEBUG:root:Errors over all scan:85

DEBUG:root:Result:tau3_fail
DEBUG:root:Match or Not:False
DEBUG:root:Real time1487801458.49

DEBUG:root:Extracted signature:bitarray('10001011111000010001110011100011001100111011110110001111110011001001110001000010100110001101110001101100011110000111000010000001101100010000011101100100000110011001100001100110111000110011111100110111110100111111001010011100100011010100111101001100100100100101000100101100')
DEBUG:root:Matched frame over all scan:1426

DEBUG:root:Errors over all scan:78

DEBUG:root:Result:tau3_fail
DEBUG:root:Match or Not:False
DEBUG:root:Real time1487801458.69

DEBUG:root:Extracted signature:bitarray('11000100011100011000110011100010001100111011010110011001110010001001110010010011101110001101110001101100010110000010000010000001101100010000011101100100000110011001100001100110111001110011111100110111110100111111001010011100100011010100111101001100100100100101000100101100')
DEBUG:root:Matched frame over all scan:1423

DEBUG:root:Errors over all scan:74

DEBUG:root:Result:tau3_fail
DEBUG:root:Match or Not:False
DEBUG:root:Real time1487801458.89

DEBUG:root:Extracted signature:bitarray('11100111111100001101111011100001011110111000011111011100011011001000010110010000111001001111100001111000011100000110000010000100101101010000011101100100000110011001100011100110111001110111111100111111110100111111001000011100100011010100111101101100110100110101100100101100')
DEBUG:root:Matched frame over all scan:273

DEBUG:root:Errors over all scan:82

DEBUG:root:Result:tau3_fail
DEBUG:root:Match or Not:False
DEBUG:root:Real time1487801459.09

DEBUG:root:Extracted signature:bitarray('10000011011111101000000011111111001000011100111100001110011000001100010000111000100011000010011000011110001110000110000010000100010011110000011111111100000110111001100011101110111001110111111100111111110100111111001100111000110111011110111101101100110100110001100110101100')
DEBUG:root:Matched frame over all scan:266

DEBUG:root:Errors over all scan:79

DEBUG:root:Result:tau1_fail
DEBUG:root:Match or Not:False
DEBUG:root:Real time1487801459.29

DEBUG:root:Extracted signature:bitarray('10011111111000000111110111001001111100100110011100000110011100000110011011000001101100001111100001110000011100000110000011000100010011110000110010011100001110110011100011001100111001100111111110101111100110101110001100111001110110011110111101100111110001110011101100101100')
DEBUG:root:Matched frame over all scan:2171

DEBUG:root:Errors over all scan:93

DEBUG:root:Result:tau1_fail
DEBUG:root:Match or Not:False
DEBUG:root:Real time1487801459.49

DEBUG:root:Real time1487801459.69

DEBUG:root:Real time1487801459.89

DEBUG:root:Extracted signature:bitarray('10000011111110000010111000110001101110001100010111000111001111000111101111001100011100110011100110110000000100000011100011000100010010010000111110011000011111100011000011111001110001111100111000111101110000111011101101001110110000110110001101100110010110010001100110101100')
DEBUG:root:Matched frame over all scan:1434

DEBUG:root:Errors over all scan:76

DEBUG:root:Result:tau3_fail
DEBUG:root:Match or Not:False
DEBUG:root:Real time1487801460.09

DEBUG:root:Real time1487801460.29

DEBUG:root:Real time1487801460.49

DEBUG:root:Real time1487801460.69

DEBUG:root:Extracted signature:bitarray('11100100001000011000100001100010001000111000100000111100000010111110001101111111011110111101000110011000000110000010001110011011101111101111100001110010101100001111010011000001010111100001100011010011110001100111110010001111011001110011001100100010010011100011001100111100')
DEBUG:root:Matched frame over all scan:966

DEBUG:root:Errors over all scan:87

DEBUG:root:Result:tau3_fail
DEBUG:root:Match or Not:False
DEBUG:root:Real time1487801460.89

DEBUG:root:Extracted signature:bitarray('11100000010010011100000010110010000000001110100000000111100000000111100000001111001111111101111101101111000011100011100011000100010111101110000110001010100000100110010000100001100110000000110011000000110011000001110010000011101110001101111000010000111000110001000101101100')
DEBUG:root:Matched frame over all scan:255

DEBUG:root:Errors over all scan:82

DEBUG:root:Result:tau3_fail
DEBUG:root:Match or Not:False
DEBUG:root:Real time1487801461.09

DEBUG:root:Extracted signature:bitarray('11111100011110101111000111100001101001111000000100001100011000001100010000111000001111000100111000101111000111100011000010000110010000011110000010100101110000011000111000001000011110000000011111000000111110000001111000010101100011001100100111000011110111110101000111010100')
DEBUG:root:Matched frame over all scan:1717

DEBUG:root:Errors over all scan:90

DEBUG:root:Result:tau2_fail
DEBUG:root:Match or Not:False
DEBUG:root:Real time1487801461.3

DEBUG:root:Extracted signature:bitarray('11111100011110001111100111110001110001110000100100011000011000001100010000011000100110000001110000011101000110100011000010000110010010011111000000110101111000010010111000001100001110001000001111000000011110000001101000001110100001001100000011000011100111100101011101010100')
DEBUG:root:Matched frame over all scan:2067

DEBUG:root:Errors over all scan:85

DEBUG:root:Result:tau3_fail
DEBUG:root:Match or Not:False
DEBUG:root:Real time1487801461.5

DEBUG:root:Extracted signature:bitarray('11111100011110001111000111110001101001111011000100101101101000001100010000111000001111001100011000001111000111100011100011001110010010011110000010100111110000011100111000001000011110000000001111000000111110000001111000000101100010011100000111000011100111100101010111010100')
DEBUG:root:Matched frame over all scan:1445

DEBUG:root:Errors over all scan:94

DEBUG:root:Result:tau3_fail
DEBUG:root:Match or Not:False
DEBUG:root:Real time1487801461.7

DEBUG:root:Extracted signature:bitarray('11111100011110001111000011110001101001111001000110001101100000001100110010111000001111001100011000101110000111100011100010001110010010011110000011100101110000011100111000001000001110001000001111000000111110000001111000000001100000001100000111000011100111100001010111010100')
DEBUG:root:Matched frame over all scan:1445

DEBUG:root:Errors over all scan:88

DEBUG:root:Result:tau3_fail
DEBUG:root:Match or Not:False
DEBUG:root:Real time1487801461.9

DEBUG:root:Extracted signature:bitarray('11111100001110001111000011110001101001111001000100001101111000001100010000011000001111000100011000001111000111100011100011000110010010011110000010100101110000011100111000001000001110001000001111000000111110000001111000000101100000001100000011000011100111100101010111010100')
DEBUG:root:Matched frame over all scan:702

DEBUG:root:Errors over all scan:90

DEBUG:root:Result:tau1_fail
DEBUG:root:Match or Not:False
DEBUG:root:Real time1487801462.1

DEBUG:root:Extracted signature:bitarray('11111100001110001111100111110001100001111000000110011100011000001100010000011000000111000000110000001111000111100011100010001110010010011111000000110101111000011100111000001100001110001000001111000000111110000001111000001101100000001100000011000001100111100101010111010100')
DEBUG:root:Matched frame over all scan:702

DEBUG:root:Errors over all scan:93

DEBUG:root:Result:tau1_fail
DEBUG:root:Match or Not:False
DEBUG:root:Real time1487801462.3

DEBUG:root:Extracted signature:bitarray('11111100001110001111100111100001101001111000000110011101011000001100010000011000001111000000111000001111000111100011100011000110010010011110000000110101110000011100111000001000011110001000001111000000111110000011111000001101100000011100000011000011100111100101010111010100')
DEBUG:root:Matched frame over all scan:2177

DEBUG:root:Errors over all scan:94

DEBUG:root:Result:tau2_fail
DEBUG:root:Match or Not:False
DEBUG:root:Real time1487801462.5

DEBUG:root:Extracted signature:bitarray('11111100011110001111000111110001100001111000000110001101110000001100010000111000001011000000011000001111000111100011100011001110010010011110000011100101111000011000111000001000011110000000001111000000111110000011111000001101100000001100000011000011100011100001010111010100')
DEBUG:root:Matched frame over all scan:2177

DEBUG:root:Errors over all scan:92

DEBUG:root:Result:tau2_fail
DEBUG:root:Match or Not:False
DEBUG:root:Real time1487801462.7

DEBUG:root:Extracted signature:bitarray('01111100000000011101100000000111001000111001100100110110011100100110011001101101100011100100011000111100001100001110001100011001101111101100111100001110100111000001110001110000110101110000111010110010010010001111000100111100011111100011011000100000110011100111001100101100')
DEBUG:root:Matched frame over all scan:592

DEBUG:root:Errors over all scan:88

DEBUG:root:Result:tau2_fail
DEBUG:root:Match or Not:False
DEBUG:root:Real time1487801462.9

DEBUG:root:Extracted signature:bitarray('01111000000000011110000000000011001100000000100111000100011100000110011001001111100111101100111100101111001110001110001100011001101111101110011100001110100111000001110001110000011101111000011010111001110010100111000100111100011111100001111000110100100011100111001100101100')
DEBUG:root:Matched frame over all scan:592

DEBUG:root:Errors over all scan:85

DEBUG:root:Result:tau3_fail
DEBUG:root:Match or Not:False
DEBUG:root:Real time1487801463.1

DEBUG:root:Extracted signature:bitarray('01110000000000011110000100100011000011001000100001100100010111100001110110000111001001111001001111000111111011111101011100011001001111101110000111000010110001111000010000011100000100001110000010111110000010111100000111100010011111010011111100011000101000101001000100101100')
DEBUG:root:Matched frame over all scan:593

DEBUG:root:Errors over all scan:91

DEBUG:root:Result:tau3_fail
DEBUG:root:Match or Not:False
DEBUG:root:Real time1487801463.3

DEBUG:root:Real time1487801463.5

DEBUG:root:Extracted signature:bitarray('10001001111100010111001111110001111011000111011101110011101100111111101101111000010111010011000001110000011100001110000110000100010011110000011011111100000110011011100011101111111001110111111100111111110100111111001000111000100111001100111001101100110100110111101110101100')
DEBUG:root:Matched frame over all scan:2333

DEBUG:root:Errors over all scan:86

DEBUG:root:Result:tau3_fail
DEBUG:root:Match or Not:False
DEBUG:root:Real time1487801463.7

DEBUG:root:Extracted signature:bitarray('10001111001111100001111001111101011110011111001111001111100111001110101110011111010000011110000001110000011100001110000010000100010111110000011101111100000110111011100011101110111001110111111100111111110100111111001000111000100111001100111101001100110100110011101110101100')
DEBUG:root:Matched frame over all scan:1454

DEBUG:root:Errors over all scan:80

DEBUG:root:Result:tau3_fail
DEBUG:root:Match or Not:False
DEBUG:root:Under real time Point counter:0.20955491066

DEBUG:root:Real time1487801464.11

DEBUG:root:Extracted signature:bitarray('10001110111111100001110111100000011100010111011110001011101110001111101100011111011000011101000001111000011100001110000010000100011111110000011111111100001110111111100011101111111001110111111100111111110100111111001000111100100011001100111111001100110100110111101110101100')
DEBUG:root:Matched frame over all scan:2251

DEBUG:root:Errors over all scan:71

DEBUG:root:Result:tau3_fail
DEBUG:root:Match or Not:False
DEBUG:root:Real time1487801464.31

DEBUG:root:Extracted signature:bitarray('10001110111111100001110011110000011100000111011110000011101110001111101100011111011001011101000001111000011100001110000010000100010111110001111111111100001111111111100011101111111001111111111100111111110100111111001000111100100111001100111111001100110100110111101110101100')
DEBUG:root:Matched frame over all scan:2251

DEBUG:root:Errors over all scan:62

DEBUG:root:Result:replica detected
DEBUG:root:Match or Not:True
DEBUG:root:Real time1487801464.51

DEBUG:root:Extracted signature:bitarray('11111111000000101111111000000001111100000010011110000001101100000101011000000111000000001100000001110000011100001010000010000100000100111111111111101100111111111111100111111111111001111011111100111011110100111111011001111111100111111100111111101111110111110111101110101100')
DEBUG:root:Matched frame over all scan:2359

DEBUG:root:Errors over all scan:57

DEBUG:root:Result:replica detected
DEBUG:root:Match or Not:True
DEBUG:root:Real time1487801464.71

DEBUG:root:Extracted signature:bitarray('11111010000000101111100000000001111100000000011110000000011110000001011000000001010000001010000000010000001000000010000000000000100000011111111111111100111110111111100111110111111101111011111110111111111110111111111101111111110111111110111111101111110111110111101110110100')
DEBUG:root:Matched frame over all scan:2359

DEBUG:root:Errors over all scan:52

DEBUG:root:Result:tau3_fail
DEBUG:root:Match or Not:False
DEBUG:root:Real time1487801464.91

DEBUG:root:Extracted signature:bitarray('11111011011010101111111011101001110111111010010111111101100111111111101111111111011111111001111110101111010011101001101000100001000010101111111111111100111111111111100111111111111001111111111100111111111100111111111101111111110111111110111110101111010111010110101010010100')
DEBUG:root:Matched frame over all scan:816

DEBUG:root:Errors over all scan:40

DEBUG:root:Result:replica detected
DEBUG:root:Match or Not:True
DEBUG:root:Real time1487801465.12

DEBUG:root:Extracted signature:bitarray('11111100000000111111100000000001111010000000011110000000011101000001010100000000110000001010000000010000000100000000000010000000000000111111111111111100111111111111110111111111111101111111111110111111111110111111111101111111110111111110111111101111110111110111101110110100')
DEBUG:root:Matched frame over all scan:1460

DEBUG:root:Errors over all scan:50

DEBUG:root:Result:tau3_fail
DEBUG:root:Match or Not:False
DEBUG:root:Real time1487801465.32

DEBUG:root:Extracted signature:bitarray('11111011101011001111111011110101110111111101011111111101001011111111100111111111011111111001111110101111100011110101101001010010001010111111111111111100111111111111100111111111111001111111111100111111111100111111111001111111110111111110111111101111110111110111101110110100')
DEBUG:root:Matched frame over all scan:2488

DEBUG:root:Errors over all scan:38

DEBUG:root:Result:replica detected
DEBUG:root:Match or Not:True
DEBUG:root:Real time1487801465.52

DEBUG:root:Extracted signature:bitarray('11111101000001001111010100000001111010010010011010100000101010100001001101000011001010001001001000001001000001000100000010010001000000111111111111111000111111111111010111111110110101111111111010111111111010111111111101111111110111111100111111001111100111100111001100101100')
DEBUG:root:Matched frame over all scan:2716

DEBUG:root:Errors over all scan:64

DEBUG:root:Result:replica detected
DEBUG:root:Match or Not:True
DEBUG:root:Real time1487801465.72

DEBUG:root:Extracted signature:bitarray('11111011011010001111101011010001101110111100011111011101100111101111101111011111011010111001111111001111101011110001101001010001000010101111111111111100111111111111100111111111111001111111111110111111111100111111111101111111110111111100111111001111100111100111001100101100')
DEBUG:root:Matched frame over all scan:8

DEBUG:root:Errors over all scan:45

DEBUG:root:Result:replica detected
DEBUG:root:Match or Not:True
DEBUG:root:Real time1487801465.92

DEBUG:root:Extracted signature:bitarray('11110100000111011101000000010011010000000110110000000110010000000010010000100111000110001010010000010000000100000000001000001000000000011111000001111101101000000111111010000000111110000010011110000110011110001100111001110001100110001100000011000001100001100011001100100100')
DEBUG:root:Matched frame over all scan:708

DEBUG:root:Errors over all scan:68

DEBUG:root:Result:tau3_fail
DEBUG:root:Match or Not:False
DEBUG:root:Real time1487801466.12

DEBUG:root:Extracted signature:bitarray('11111000000111011101000000111010010000001110110000000111010000010011010001100111011010011111100000011000000101000000001000011011000100011011100001111101001000000111111010000000111110000010011111000110001110001100111001110001100110001111000011100001100001100011001100110100')
DEBUG:root:Matched frame over all scan:1465

DEBUG:root:Errors over all scan:60

DEBUG:root:Result:tau3_fail
DEBUG:root:Match or Not:False
DEBUG:root:Real time1487801466.32

DEBUG:root:Extracted signature:bitarray('11101000001111111001000000111010010000001111111000000111111000010011110000100111000010001110100001111000011100001110001100011011101100011011100001111111001000000011111010000000111100000010011110000110011110001100111101110011110110001110000011100001110001110011101110110100')
DEBUG:root:Matched frame over all scan:1467

DEBUG:root:Errors over all scan:64

DEBUG:root:Result:tau3_fail
DEBUG:root:Match or Not:False
DEBUG:root:Real time1487801466.52

DEBUG:root:Extracted signature:bitarray('11001000001111011001000000110010110000001100111000010110011000010010010001100111010110001110100001111100000100000000001100011001000000011011100001111111101100000011111010000000111110000010011110000110011110001100111101110001110110001110000011100001100001110001100110110100')
DEBUG:root:Matched frame over all scan:1666

DEBUG:root:Errors over all scan:78

DEBUG:root:Result:tau2_fail
DEBUG:root:Match or Not:False
DEBUG:root:Real time1487801466.72

DEBUG:root:Extracted signature:bitarray('11101000001111011111000000110010110000001110111010010110010000010110010001100111010110001110110001111100001100000000001100011001101000011111100001111111101000000011111010000100111110000010011110000110001110001100011101110001110110001111000011100001100001110001101110110100')
DEBUG:root:Matched frame over all scan:1466

DEBUG:root:Errors over all scan:76

DEBUG:root:Result:tau3_fail
DEBUG:root:Match or Not:False
DEBUG:root:Real time1487801466.92

DEBUG:root:Extracted signature:bitarray('11111000001111011111000000110011010000001100110000010110010000010010010001100110100110001111100000011000001100001000001100011011001000011011100001111101101000000011111010000000111100000010011110000110001110001100111101110001110110001111000011100001100001110001100110110100')
DEBUG:root:Matched frame over all scan:1466

DEBUG:root:Errors over all scan:74

DEBUG:root:Result:tau3_fail
DEBUG:root:Match or Not:False
DEBUG:root:Real time1487801467.12

DEBUG:root:Extracted signature:bitarray('11111000001111011111000001110011110000001100110000010110010000010010010001100111100110001111100000011000000100000100001100011001001000001111100001111101101000000011111010000000111110000010011110000110001110001100011101110001110110001111000011100001100001110001100110110100')
DEBUG:root:Matched frame over all scan:1466

DEBUG:root:Errors over all scan:75

DEBUG:root:Result:tau3_fail
DEBUG:root:Match or Not:False
DEBUG:root:Real time1487801467.32

DEBUG:root:Extracted signature:bitarray('11011000001111011111000001110010110000001100111000010110010000010110010001000111011110001110110000011100000100000000001000000010010000001001100001111111101100000011111011000000111110000010011110100100001110001100111101110001110110001111000011100000100000110001100110110100')
DEBUG:root:Matched frame over all scan:1466

DEBUG:root:Errors over all scan:84

DEBUG:root:Result:tau3_fail
DEBUG:root:Match or Not:False
DEBUG:root:Real time1487801467.52

DEBUG:root:Extracted signature:bitarray('11011000011110011001000011110010110000101100110000010110010000010110010001100111011110011100110000011100000101000000001100010011010000001001100001111111101100000011111011000000111100100010011110100110001110001100111101110001110110001111000011100000100000110001100110110100')
DEBUG:root:Matched frame over all scan:1466

DEBUG:root:Errors over all scan:91

DEBUG:root:Result:tau3_fail
DEBUG:root:Match or Not:False
DEBUG:root:Real time1487801467.72

DEBUG:root:Extracted signature:bitarray('11111000011111011111000011110011110000101110110000010110010000010110010001000111001100011101100000111000000100000010000100011011011000001001100001111111001100000011111011000000111100100000011110100100001110011000111101110011110110001111000011100000100001100011101110110100')
DEBUG:root:Matched frame over all scan:1466

DEBUG:root:Errors over all scan:73

DEBUG:root:Result:tau3_fail
DEBUG:root:Match or Not:False
DEBUG:root:Real time1487801467.92

DEBUG:root:Extracted signature:bitarray('11011000011111011001000011110010111000011100110000000110010000000110010001000100101100000010100000010100000101000011000010000100010010001001100001111111101100000011111010000000111100100010011110100110001110001100111101110001010110001011000011100000110000110001100100110100')
DEBUG:root:Matched frame over all scan:1480

DEBUG:root:Errors over all scan:86

DEBUG:root:Result:tau3_fail
DEBUG:root:Match or Not:False
DEBUG:root:Real time1487801468.12

DEBUG:root:Extracted signature:bitarray('11011000011110011100000001110011101000001100110000000110010000000110010011000111001100000110000000011000000101000010000010000100011000001001100001111111101100000011111011000000111100000000011110100100001110001000111101110001110110001111000011100000110000110001100110110100')
DEBUG:root:Matched frame over all scan:1480

DEBUG:root:Errors over all scan:74

DEBUG:root:Result:tau3_fail
DEBUG:root:Match or Not:False
DEBUG:root:Real time1487801468.32

DEBUG:root:Extracted signature:bitarray('11011000011111011100100011110011001000011110110000000110010000100110010001000111001100001110100000011100000101000011000010000100010000001001100001111111001100000011111010000000111100000000011110100100001110001000111101110011110110001111000011100001110001110001101110110100')
DEBUG:root:Matched frame over all scan:1482

DEBUG:root:Errors over all scan:77

DEBUG:root:Result:tau3_fail
DEBUG:root:Match or Not:False
DEBUG:root:Real time1487801468.53

DEBUG:root:Extracted signature:bitarray('11111100001111111100100000111011101000001111110000000111110000000111110001000111010100001110000000011100000101000010000010010011011000001011100001111111101100000011111010000000111100000010011110100110001110001100111001110001110110001011000011100000110000110001000100110100')
DEBUG:root:Matched frame over all scan:1477

DEBUG:root:Errors over all scan:77

DEBUG:root:Result:tau3_fail
DEBUG:root:Match or Not:False
DEBUG:root:Real time1487801468.73

DEBUG:root:Extracted signature:bitarray('11110100001110011100100000111011001000001110100000000111010000000111010001000111110010001110000000010100000101000010000100011011011000001101100001111111101100000011111011000000111100000000011110100000001111001000011101110001110110001111000011100000110000110001000110110100')
DEBUG:root:Matched frame over all scan:1478

DEBUG:root:Errors over all scan:72

DEBUG:root:Result:tau3_fail
DEBUG:root:Match or Not:False
DEBUG:root:Real time1487801468.93

DEBUG:root:Extracted signature:bitarray('11001100001111111001100000111010000000001111110000000111110000000111010001100011110010001110010000010100000110000010000100011011011000001101100001111110101100000111111010000000111100000010011110000010001111001100011001110001010010001011000011100000110000100001000110110100')
DEBUG:root:Matched frame over all scan:1667

DEBUG:root:Errors over all scan:78

DEBUG:root:Result:tau3_fail
DEBUG:root:Match or Not:False
DEBUG:root:Real time1487801469.13

DEBUG:root:Extracted signature:bitarray('11100100001110011100100000111011000000001110100000000111010000000110010001000111000110001110011000010110000101000011100010000111010000001111100001111111101100000111111000000000111100000010011110000110001111001100011101110001110010001111000011100000110000010001100110110100')
DEBUG:root:Matched frame over all scan:1480

DEBUG:root:Errors over all scan:78

DEBUG:root:Result:tau3_fail
DEBUG:root:Match or Not:False
DEBUG:root:Real time1487801469.33

DEBUG:root:Extracted signature:bitarray('11110000001111011100000000111011000000001111100000000110110000000110010000001111010010001110010000010100001101000011100011000101010000001111100001111111101100000011110010000000111100000010011110100110001101001100011001110001110110001111000011100000110000110001100110110100')
DEBUG:root:Matched frame over all scan:1480

DEBUG:root:Errors over all scan:70

DEBUG:root:Result:tau3_fail
DEBUG:root:Match or Not:False
DEBUG:root:Real time1487801469.53

DEBUG:root:Extracted signature:bitarray('11010100001110011000100000110010000000001101100000000111110110000110010100000111110000011110000000110110001100000010000010000110010010001101100001111110101100000111110011000000111100000000011110100000001101001100011101110001110110001110000011100000110000110001100110110100')
DEBUG:root:Matched frame over all scan:1236

DEBUG:root:Errors over all scan:78

DEBUG:root:Result:tau3_fail
DEBUG:root:Match or Not:False
DEBUG:root:Real time1487801469.73

DEBUG:root:Extracted signature:bitarray('11010000001111111000100000111010000000001111100000000111010010000010011101100111010000001110000001110000011100000010000010000110010000001101100001111110101100000011110010000000111100000010011110100110001101001100011001110001110110001111000011100000110000110001100100101100')
DEBUG:root:Matched frame over all scan:234

DEBUG:root:Errors over all scan:80

DEBUG:root:Result:tau3_fail
DEBUG:root:Match or Not:False
DEBUG:root:Under real time Point counter:0.222691059113

DEBUG:root:Extracted signature:bitarray('11000100001110111000100000110010001000001111100100000110010110000110011101000111010010001110010000010000000100000000011000110011001100001101100001111110101100000011110011000000111100000000011110100000001101001100111001110001110110001111000011100000110000110001100100101100')
DEBUG:root:Matched frame over all scan:1484

DEBUG:root:Errors over all scan:81

DEBUG:root:Result:tau3_fail
DEBUG:root:Match or Not:False
DEBUG:root:Real time1487801470.15

DEBUG:root:Extracted signature:bitarray('11000000001111111000100000111010001000001111100000000110110110100110001111000011010010001110010000011100000100000010000000011011101100001101100001111110101100000011110011000000111100000010011110100010001101001100111001110001110110001111000011100000110001110001101110110100')
DEBUG:root:Matched frame over all scan:1485

DEBUG:root:Errors over all scan:82

DEBUG:root:Result:tau3_fail
DEBUG:root:Match or Not:False
DEBUG:root:Real time1487801470.35

DEBUG:root:Extracted signature:bitarray('11010000001111011001000000111010001000001110100010000111010110010000011100100001110010001110010000010100000100000010000010001001101000001101100001111110101100000011110010000000111100000010011110000010001101001100011101110001110010001110000011100000110000110001100110110100')
DEBUG:root:Matched frame over all scan:1667

DEBUG:root:Errors over all scan:74

DEBUG:root:Result:tau3_fail
DEBUG:root:Match or Not:False
DEBUG:root:Real time1487801470.55

DEBUG:root:Extracted signature:bitarray('11010000000111111000100000111110001000001111100010000111010110010010011100100001110010001110000000010100001100000010000010000110010000001101100001111110101100000011110011000000111100000010011111100010001101001100011101110001110010001110000011100000100000110001100110100100')
DEBUG:root:Matched frame over all scan:234

DEBUG:root:Errors over all scan:78

DEBUG:root:Result:tau3_fail
DEBUG:root:Match or Not:False
DEBUG:root:Real time1487801470.75

DEBUG:root:Extracted signature:bitarray('11111100110011101111001110011101110111100111011011110001101111111001100111110000101110000011110000011001000100100010110011000100010000111111110000111001111111101001001111111110001011111111000101111111001001111110010011111000001111000001110000011000101000101000010001001100')
DEBUG:root:Matched frame over all scan:942

DEBUG:root:Errors over all scan:69

DEBUG:root:Result:tau3_fail
DEBUG:root:Match or Not:False
DEBUG:root:Real time1487801470.95

DEBUG:root:Extracted signature:bitarray('11111100111011101111001110011101110111100111011011110001101111011001101111110000101110000011110000011001000100100010110001000100010000111111111000101001111111111000001111111110001011111111000101111111000001111110000011111000001111000001110000011000101100001000010001001100')
DEBUG:root:Matched frame over all scan:941

DEBUG:root:Errors over all scan:70

DEBUG:root:Result:tau2_fail
DEBUG:root:Match or Not:False
DEBUG:root:Real time1487801471.15

DEBUG:root:Extracted signature:bitarray('11111100011111101111001110011101100111000111000111010001101111111001101111110000101110000011110000011001000100100010100011000100100100011111110000111001111111101001001111111110001011111111001101111111001001111110000011111000001111000001110000011000101000101000011101101100')
DEBUG:root:Matched frame over all scan:961

DEBUG:root:Errors over all scan:75

DEBUG:root:Result:tau3_fail
DEBUG:root:Match or Not:False
DEBUG:root:Real time1487801471.36

DEBUG:root:Extracted signature:bitarray('11111100101111101111000110011101100111100111010011110001101111011001101111110010101110000011110000011001000100100010100011000100010000011111110000101011111111111000001111111110000011111111000101111111000001111110000011111000001111000001110001011000101000101000010101101100')
DEBUG:root:Matched frame over all scan:942

DEBUG:root:Errors over all scan:74

DEBUG:root:Result:tau3_fail
DEBUG:root:Match or Not:False
DEBUG:root:Real time1487801471.56

DEBUG:root:Extracted signature:bitarray('11111100011111101111000110011101110111000111011111010001101111011001110110110000111110000011110000011001000100100011100011000100010000111111111000101011111111101000001111111110000011111111000001111111000001111110000011111000001111000001110001011000101000101000010100101100')
DEBUG:root:Matched frame over all scan:1943

DEBUG:root:Errors over all scan:71

DEBUG:root:Result:tau2_fail
DEBUG:root:Match or Not:False
DEBUG:root:Real time1487801471.76

DEBUG:root:Extracted signature:bitarray('11111100111111101111000110011101100111100111011011110001101111011001111110110000101110000011110000011011000100100011100011000100000001111111110000101011111111111000001111111110000011111111000101111111000001111110000111111000001111000101110001011000101100101001010100101100')
DEBUG:root:Matched frame over all scan:942

DEBUG:root:Errors over all scan:77

DEBUG:root:Result:tau3_fail
DEBUG:root:Match or Not:False
DEBUG:root:Real time1487801471.96

DEBUG:root:Extracted signature:bitarray('11111100011111101111000110011101100111000111010111110001101111011001111111110000101110000011110000011010000101100011100011000100010000011111110000111011111111001000001111111110001011111111000101111111000001111110000011111000001111000001110001011000101000101000010001000100')
DEBUG:root:Matched frame over all scan:942

DEBUG:root:Errors over all scan:73

DEBUG:root:Result:tau3_fail
DEBUG:root:Match or Not:False
DEBUG:root:Real time1487801472.16

DEBUG:root:Extracted signature:bitarray('11111100111111101111000110011101100111100111011011110001101111011001101111110000101110000011110000011001000100100111100111000100010000011111110000101001111111101000001111111110000011111111000101111111000001111110000011111000001111000101110001011000101000101001010010000100')
DEBUG:root:Matched frame over all scan:942

DEBUG:root:Errors over all scan:71

DEBUG:root:Result:tau3_fail
DEBUG:root:Match or Not:False
DEBUG:root:Real time1487801472.36

DEBUG:root:Extracted signature:bitarray('11111100101111101111001110011101110111100111011011110001101111011001111110010000101110000011110000011000000100000110000011000100010000011111110000101001111111101000001111111110000011111111000101111111000001111110000111111000001111000101100001010000101000101001110010000100')
DEBUG:root:Matched frame over all scan:1943

DEBUG:root:Errors over all scan:69

DEBUG:root:Result:tau1_fail
DEBUG:root:Match or Not:False
DEBUG:root:Real time1487801472.56

DEBUG:root:Extracted signature:bitarray('11111100110111101111001110011101100111000111011011110011001011111000010111010000101100000011100000011001000100110010111000111011101101111111111000101001111111111000001111111110001011111111000101111111000101111110001011101000101100000101000001010010101111101111011001001100')
DEBUG:root:Matched frame over all scan:578

DEBUG:root:Errors over all scan:74

DEBUG:root:Result:replica detected
DEBUG:root:Match or Not:True
DEBUG:root:Real time1487801472.76

DEBUG:root:Extracted signature:bitarray('11111100001011111111101100011101000111000111000011100001101011100001010011000000101110000011110000011000000100000010010000110011001010011111110001111001111111001001001111111110001011111111000101111111000101111110001011111000101110000101000001010000101001101111011001001100')
DEBUG:root:Matched frame over all scan:106

DEBUG:root:Errors over all scan:71

DEBUG:root:Result:replica detected
DEBUG:root:Match or Not:True
DEBUG:root:Real time1487801472.96

DEBUG:root:Extracted signature:bitarray('11011100110011111011001110011101100111000111000011000011100111001000011010010000111001000011000000010001001100111100101101011100100101111111110000111001111111101001001111111110011011111111000101111111000101110010000011100000101100000101000001010000101001101011011101101100')
DEBUG:root:Matched frame over all scan:578

DEBUG:root:Errors over all scan:72

DEBUG:root:Result:replica detected
DEBUG:root:Match or Not:True
DEBUG:root:Real time1487801473.16

DEBUG:root:Extracted signature:bitarray('11111100111011111111101100011101000110001100100000001100010000001000010000010000100001100010001110010011100011110001111001111100000101111111110000111011111110000101001100000010001010000111000101000111000111000000001110001100101001111001001011010101100111100111001101101100')
DEBUG:root:Matched frame over all scan:2216

DEBUG:root:Errors over all scan:87

DEBUG:root:Result:tau3_fail
DEBUG:root:Match or Not:False
DEBUG:root:Real time1487801473.36

DEBUG:root:Extracted signature:bitarray('11111100011011111100100110011001000110000111100011000000111010001000110000010000100001100010001000110000011100001010000010000100010000011111110000111001111111001001001111111110001011111111000101011000000110010001001101001100110001100110110001001000100111100111000100000100')
DEBUG:root:Matched frame over all scan:2096

DEBUG:root:Errors over all scan:83

DEBUG:root:Result:tau3_fail
DEBUG:root:Match or Not:False
DEBUG:root:Real time1487801473.56

DEBUG:root:Extracted signature:bitarray('11111000011000111111000011000011110000110000111000011000010000111000010011110000101111000011100000110000000100000010000010000000010000111000000000110101000000011000101110000110001011000011000100100011000110100110001010010000111000001110000011110001101001101111010100101100')
DEBUG:root:Matched frame over all scan:1722

DEBUG:root:Errors over all scan:76

DEBUG:root:Result:tau3_fail
DEBUG:root:Match or Not:False
DEBUG:root:Real time1487801473.76

DEBUG:root:Extracted signature:bitarray('10111110111001101011111111101100110011111111011000111111001101111111100111011111011110100101110000011100011110001110011100100000011011111110001111001100110001111001100100111100010001111110011001111110110001111111101011011100101110110101100111010011100111100111011001010100')
DEBUG:root:Matched frame over all scan:2450

DEBUG:root:Errors over all scan:81

DEBUG:root:Result:tau3_fail
DEBUG:root:Match or Not:False
DEBUG:root:Real time1487801473.96

DEBUG:root:Extracted signature:bitarray('10111110111101101011111111101100111011111111011100111111001100111111000111111111011110100101110000011100011110011110011100110000001111111110001111001101110001111001100100111110010001111110011001111110010001111111101011011100101110110101100111010011100111100111011001010100')
DEBUG:root:Matched frame over all scan:2450

DEBUG:root:Errors over all scan:78

DEBUG:root:Result:tau3_fail
DEBUG:root:Match or Not:False
