DEBUG:root:Under real time Point 1484740445.65

DEBUG:root:Too small detection probably wrong
DEBUG:root:Under real time Point 0.0786490440369

DEBUG:root:Too small detection probably wrong
DEBUG:root:Under real time Point 0.0441038608551

DEBUG:root:Too small detection probably wrong
DEBUG:root:Under real time Point 0.0373148918152

DEBUG:root:Real time1484740445.91

DEBUG:root:Too small detection probably wrong
DEBUG:root:Under real time Point 0.038859128952

DEBUG:root:Too small detection probably wrong
DEBUG:root:Under real time Point 0.0444881916046

DEBUG:root:Real time1484740446.1

DEBUG:root:Too small detection probably wrong
DEBUG:root:Under real time Point 0.0371630191803

DEBUG:root:Too small detection probably wrong
DEBUG:root:Under real time Point 0.034866809845

DEBUG:root:Real time1484740446.27

DEBUG:root:Too small detection probably wrong
DEBUG:root:Under real time Point 0.0346789360046

DEBUG:root:Too small detection probably wrong
DEBUG:root:Under real time Point 0.0312278270721

DEBUG:root:Too small detection probably wrong
DEBUG:root:Under real time Point 0.0298449993134

DEBUG:root:Too small detection probably wrong
DEBUG:root:Under real time Point 0.031594991684

DEBUG:root:Real time1484740446.5

DEBUG:root:Real time1484740446.6

DEBUG:root:Real time1484740446.7

DEBUG:root:Real time1484740446.8

DEBUG:root:Too small detection probably wrong
DEBUG:root:Under real time Point 0.0376300811768

DEBUG:root:Too small detection probably wrong
DEBUG:root:Under real time Point 0.031506061554

DEBUG:root:Too small detection probably wrong
DEBUG:root:Under real time Point 0.0359871387482

DEBUG:root:Too small detection probably wrong
DEBUG:root:Under real time Point 0.0285739898682

DEBUG:root:Too small detection probably wrong
DEBUG:root:Under real time Point 0.0316698551178

DEBUG:root:Real time1484740447.07

DEBUG:root:Too small detection probably wrong
DEBUG:root:Under real time Point 0.032940864563

DEBUG:root:Too small detection probably wrong
DEBUG:root:Under real time Point 0.0317680835724

DEBUG:root:Too small detection probably wrong
DEBUG:root:Under real time Point 0.0319759845734

DEBUG:root:Too small detection probably wrong
DEBUG:root:Under real time Point 0.0347559452057

DEBUG:root:Too small detection probably wrong
DEBUG:root:Under real time Point 0.0321419239044

DEBUG:root:Too small detection probably wrong
DEBUG:root:Under real time Point 0.0320219993591

DEBUG:root:Too small detection probably wrong
DEBUG:root:Under real time Point 0.0344460010529

DEBUG:root:Too small detection probably wrong
DEBUG:root:Under real time Point 0.0352602005005

DEBUG:root:Too small detection probably wrong
DEBUG:root:Under real time Point 0.0329630374908

DEBUG:root:Too small detection probably wrong
DEBUG:root:Under real time Point 0.0332531929016

DEBUG:root:Too small detection probably wrong
DEBUG:root:Under real time Point 0.0302238464355

DEBUG:root:Too small detection probably wrong
DEBUG:root:Under real time Point 0.0299301147461

DEBUG:root:Real time1484740447.57

DEBUG:root:Too small detection probably wrong
DEBUG:root:Under real time Point 0.0318779945374

DEBUG:root:Too small detection probably wrong
DEBUG:root:Under real time Point 0.030574798584

DEBUG:root:Real time1484740447.73

DEBUG:root:Too small detection probably wrong
DEBUG:root:Under real time Point 0.0303962230682

DEBUG:root:Too small detection probably wrong
DEBUG:root:Under real time Point 0.0332131385803

DEBUG:root:Too small detection probably wrong
DEBUG:root:Under real time Point 0.0345211029053

DEBUG:root:Too small detection probably wrong
DEBUG:root:Under real time Point 0.0392518043518

DEBUG:root:Real time1484740447.97

DEBUG:root:Too small detection probably wrong
DEBUG:root:Under real time Point 0.0348069667816

DEBUG:root:Too small detection probably wrong
DEBUG:root:Under real time Point 0.0350060462952

DEBUG:root:Real time1484740448.14

DEBUG:root:Real time1484740448.24

DEBUG:root:Too small detection probably wrong
DEBUG:root:Under real time Point 0.0323510169983

DEBUG:root:Real time1484740448.38

DEBUG:root:Too small detection probably wrong
DEBUG:root:Under real time Point 0.0328888893127

DEBUG:root:Too small detection probably wrong
DEBUG:root:Under real time Point 0.0312139987946

DEBUG:root:Too small detection probably wrong
DEBUG:root:Under real time Point 0.031280040741

DEBUG:root:Too small detection probably wrong
DEBUG:root:Under real time Point 0.0328178405762

DEBUG:root:Too small detection probably wrong
DEBUG:root:Under real time Point 0.0348401069641

DEBUG:root:Too small detection probably wrong
DEBUG:root:Under real time Point 0.0332090854645

DEBUG:root:Too small detection probably wrong
DEBUG:root:Under real time Point 0.0363750457764

DEBUG:root:Real time1484740448.71

DEBUG:root:Real time1484740448.81

DEBUG:root:Too small detection probably wrong
DEBUG:root:Under real time Point 0.0345439910889

DEBUG:root:Too small detection probably wrong
DEBUG:root:Under real time Point 0.0313668251038

DEBUG:root:Real time1484740448.98

DEBUG:root:Real time1484740449.08

DEBUG:root:Too small detection probably wrong
DEBUG:root:Under real time Point 0.0335750579834

DEBUG:root:Too small detection probably wrong
DEBUG:root:Under real time Point 0.0390629768372

DEBUG:root:Real time1484740449.25

DEBUG:root:Too small detection probably wrong
DEBUG:root:Under real time Point 0.0343260765076

DEBUG:root:Too small detection probably wrong
DEBUG:root:Under real time Point 0.0348491668701

DEBUG:root:Real time1484740449.42

DEBUG:root:Real time1484740449.53

DEBUG:root:Too small detection probably wrong
DEBUG:root:Under real time Point 0.0353028774261

DEBUG:root:Real time1484740449.66

DEBUG:root:Real time1484740449.76

DEBUG:root:Too small detection probably wrong
DEBUG:root:Under real time Point 0.0319418907166

DEBUG:root:Real time1484740449.89

DEBUG:root:Too small detection probably wrong
DEBUG:root:Under real time Point 0.0361409187317

DEBUG:root:Under real time Point 0.125802993774

DEBUG:root:Real time1484740450.16

DEBUG:root:Real time1484740450.26

DEBUG:root:Too small detection probably wrong
DEBUG:root:Under real time Point 0.0316710472107

DEBUG:root:Real time1484740450.39

DEBUG:root:Real time1484740450.49

DEBUG:root:Real time1484740450.59

DEBUG:root:Real time1484740450.69

DEBUG:root:Real time1484740450.79

DEBUG:root:Real time1484740450.9

DEBUG:root:Too small detection probably wrong
DEBUG:root:Under real time Point 0.0376150608063

DEBUG:root:Real time1484740451.03

DEBUG:root:Too small detection probably wrong
DEBUG:root:Under real time Point 0.0317249298096

DEBUG:root:Too small detection probably wrong
DEBUG:root:Under real time Point 0.0337510108948

DEBUG:root:Real time1484740451.2

DEBUG:root:Too small detection probably wrong
DEBUG:root:Under real time Point 0.0331690311432

DEBUG:root:Too small detection probably wrong
DEBUG:root:Under real time Point 0.0338499546051

DEBUG:root:Too small detection probably wrong
DEBUG:root:Under real time Point 0.034982919693

DEBUG:root:Too small detection probably wrong
DEBUG:root:Under real time Point 0.0375940799713

DEBUG:root:Too small detection probably wrong
DEBUG:root:Under real time Point 0.033203125

DEBUG:root:Too small detection probably wrong
DEBUG:root:Under real time Point 0.0340528488159

DEBUG:root:Real time1484740451.51

DEBUG:root:Too small detection probably wrong
DEBUG:root:Under real time Point 0.031975030899

DEBUG:root:Too small detection probably wrong
DEBUG:root:Under real time Point 0.0329148769379

DEBUG:root:Too small detection probably wrong
DEBUG:root:Under real time Point 0.0329201221466

DEBUG:root:Real time1484740451.71

DEBUG:root:Too small detection probably wrong
DEBUG:root:Under real time Point 0.0309660434723

DEBUG:root:Too small detection probably wrong
DEBUG:root:Under real time Point 0.0294780731201

DEBUG:root:Too small detection probably wrong
DEBUG:root:Under real time Point 0.0290920734406

DEBUG:root:Real time1484740451.9

DEBUG:root:Too small detection probably wrong
DEBUG:root:Under real time Point 0.026083946228

DEBUG:root:Too small detection probably wrong
DEBUG:root:Under real time Point 0.0300979614258

DEBUG:root:Too small detection probably wrong
DEBUG:root:Under real time Point 0.029953956604

DEBUG:root:Real time1484740452.09

DEBUG:root:Real time1484740452.19

DEBUG:root:Too small detection probably wrong
DEBUG:root:Under real time Point 0.0288398265839

DEBUG:root:Too small detection probably wrong
DEBUG:root:Under real time Point 0.0298330783844

DEBUG:root:Too small detection probably wrong
DEBUG:root:Under real time Point 0.0309391021729

DEBUG:root:Too small detection probably wrong
DEBUG:root:Under real time Point 0.0300779342651

DEBUG:root:Real time1484740452.41

DEBUG:root:Too small detection probably wrong
DEBUG:root:Under real time Point 0.0303227901459

DEBUG:root:Real time1484740452.54

DEBUG:root:Too small detection probably wrong
DEBUG:root:Under real time Point 0.0280990600586

DEBUG:root:Real time1484740452.67

DEBUG:root:Real time1484740452.77

DEBUG:root:Too small detection probably wrong
DEBUG:root:Under real time Point 0.0310990810394

DEBUG:root:Too small detection probably wrong
DEBUG:root:Under real time Point 0.0299799442291

DEBUG:root:Real time1484740452.93

DEBUG:root:Too small detection probably wrong
DEBUG:root:Under real time Point 0.0335068702698

DEBUG:root:Real time1484740453.07

DEBUG:root:Real time1484740453.17

DEBUG:root:Real time1484740453.27

DEBUG:root:Real time1484740453.37

DEBUG:root:Too small detection probably wrong
DEBUG:root:Under real time Point 0.0274150371552

DEBUG:root:Too small detection probably wrong
DEBUG:root:Under real time Point 0.0299408435822

DEBUG:root:Too small detection probably wrong
DEBUG:root:Under real time Point 0.0314400196075

DEBUG:root:1129
DEBUG:root:Under real time Point 0.103551149368

DEBUG:root:Too small detection probably wrong
DEBUG:root:Under real time Point 0.0281050205231

DEBUG:root:1103
DEBUG:root:Real time1484740453.69

DEBUG:root:1107
DEBUG:root:Real time1484740453.79

DEBUG:root:1128
DEBUG:root:Real time1484740453.89

DEBUG:root:Too small detection probably wrong
DEBUG:root:Under real time Point 0.026447057724

DEBUG:root:Too small detection probably wrong
DEBUG:root:Under real time Point 0.0256750583649

DEBUG:root:Too small detection probably wrong
DEBUG:root:Under real time Point 0.0271129608154

DEBUG:root:1102
DEBUG:root:Real time1484740454.07

DEBUG:root:1076
DEBUG:root:Real time1484740454.17

DEBUG:root:1063
DEBUG:root:Real time1484740454.27

DEBUG:root:1095
DEBUG:root:Real time1484740454.37

DEBUG:root:1113
DEBUG:root:Under real time Point 0.100148916245

DEBUG:root:1098
DEBUG:root:Real time1484740454.58

DEBUG:root:Too small detection probably wrong
DEBUG:root:Under real time Point 0.0277700424194

DEBUG:root:Too small detection probably wrong
DEBUG:root:Under real time Point 0.025936126709

DEBUG:root:Too small detection probably wrong
DEBUG:root:Under real time Point 0.0259070396423

DEBUG:root:Too small detection probably wrong
DEBUG:root:Under real time Point 0.0279610157013

DEBUG:root:Too small detection probably wrong
DEBUG:root:Under real time Point 0.0318410396576

DEBUG:root:1110
DEBUG:root:Under real time Point 0.102712154388

DEBUG:root:Too small detection probably wrong
DEBUG:root:Under real time Point 0.0307400226593

DEBUG:root:Too small detection probably wrong
DEBUG:root:Under real time Point 0.0318470001221

DEBUG:root:Too small detection probably wrong
DEBUG:root:Under real time Point 0.0306022167206

DEBUG:root:Too small detection probably wrong
DEBUG:root:Under real time Point 0.0327000617981

DEBUG:root:Too small detection probably wrong
DEBUG:root:Under real time Point 0.0305609703064

DEBUG:root:1099
DEBUG:root:Under real time Point 0.10410284996

DEBUG:root:Too small detection probably wrong
DEBUG:root:Under real time Point 0.0296399593353

DEBUG:root:Too small detection probably wrong
DEBUG:root:Under real time Point 0.0320138931274

DEBUG:root:Too small detection probably wrong
DEBUG:root:Under real time Point 0.0379431247711

DEBUG:root:1099
DEBUG:root:Under real time Point 0.105256080627

DEBUG:root:Too small detection probably wrong
DEBUG:root:Under real time Point 0.032369852066

DEBUG:root:Too small detection probably wrong
DEBUG:root:Under real time Point 0.0308439731598

DEBUG:root:Too small detection probably wrong
DEBUG:root:Under real time Point 0.0290901660919

DEBUG:root:Too small detection probably wrong
DEBUG:root:Under real time Point 0.0295510292053

DEBUG:root:Too small detection probably wrong
DEBUG:root:Under real time Point 0.0267930030823

DEBUG:root:Too small detection probably wrong
DEBUG:root:Under real time Point 0.0303831100464

DEBUG:root:Too small detection probably wrong
DEBUG:root:Under real time Point 0.0298140048981

DEBUG:root:Too small detection probably wrong
DEBUG:root:Under real time Point 0.0315799713135

DEBUG:root:Too small detection probably wrong
DEBUG:root:Under real time Point 0.0288329124451

DEBUG:root:Too small detection probably wrong
DEBUG:root:Under real time Point 0.0306630134583

DEBUG:root:1098
DEBUG:root:Under real time Point 0.101003885269

DEBUG:root:Too small detection probably wrong
DEBUG:root:Under real time Point 0.0321071147919

DEBUG:root:Too small detection probably wrong
DEBUG:root:Under real time Point 0.0297389030457

DEBUG:root:Too small detection probably wrong
DEBUG:root:Under real time Point 0.0271999835968

DEBUG:root:Too small detection probably wrong
DEBUG:root:Under real time Point 0.0305321216583

DEBUG:root:Too small detection probably wrong
DEBUG:root:Under real time Point 0.0282680988312

DEBUG:root:Too small detection probably wrong
DEBUG:root:Under real time Point 0.0300159454346

DEBUG:root:Too small detection probably wrong
DEBUG:root:Under real time Point 0.0326571464539

DEBUG:root:Too small detection probably wrong
DEBUG:root:Under real time Point 0.0318439006805

DEBUG:root:Too small detection probably wrong
DEBUG:root:Under real time Point 0.0326871871948

DEBUG:root:Too small detection probably wrong
DEBUG:root:Under real time Point 0.0293710231781

DEBUG:root:Too small detection probably wrong
DEBUG:root:Under real time Point 0.0316870212555

DEBUG:root:Too small detection probably wrong
DEBUG:root:Under real time Point 0.0301449298859

DEBUG:root:Too small detection probably wrong
DEBUG:root:Under real time Point 0.032201051712

DEBUG:root:Too small detection probably wrong
DEBUG:root:Under real time Point 0.030179977417

DEBUG:root:Too small detection probably wrong
DEBUG:root:Under real time Point 0.0306680202484

DEBUG:root:Too small detection probably wrong
DEBUG:root:Under real time Point 0.0320198535919

DEBUG:root:Too small detection probably wrong
DEBUG:root:Under real time Point 0.0317671298981

DEBUG:root:Too small detection probably wrong
DEBUG:root:Under real time Point 0.0310559272766

DEBUG:root:Too small detection probably wrong
DEBUG:root:Under real time Point 0.032299041748

DEBUG:root:Too small detection probably wrong
DEBUG:root:Under real time Point 0.0298640727997

DEBUG:root:Too small detection probably wrong
DEBUG:root:Under real time Point 0.032114982605

DEBUG:root:Too small detection probably wrong
DEBUG:root:Under real time Point 0.0321669578552

DEBUG:root:1053
DEBUG:root:Under real time Point 0.10214805603

DEBUG:root:Too small detection probably wrong
DEBUG:root:Under real time Point 0.0307321548462

DEBUG:root:Too small detection probably wrong
DEBUG:root:Under real time Point 0.0309228897095

DEBUG:root:Too small detection probably wrong
DEBUG:root:Under real time Point 0.0305020809174

DEBUG:root:Too small detection probably wrong
DEBUG:root:Under real time Point 0.0315659046173

DEBUG:root:Too small detection probably wrong
DEBUG:root:Under real time Point 0.0313191413879

DEBUG:root:Too small detection probably wrong
DEBUG:root:Under real time Point 0.0326991081238

DEBUG:root:Too small detection probably wrong
DEBUG:root:Under real time Point 0.0320289134979

DEBUG:root:Too small detection probably wrong
DEBUG:root:Under real time Point 0.0311329364777

DEBUG:root:Too small detection probably wrong
DEBUG:root:Under real time Point 0.0338950157166

DEBUG:root:Too small detection probably wrong
DEBUG:root:Under real time Point 0.0346930027008

DEBUG:root:Too small detection probably wrong
DEBUG:root:Under real time Point 0.0373740196228

DEBUG:root:Too small detection probably wrong
DEBUG:root:Under real time Point 0.0366480350494

DEBUG:root:Too small detection probably wrong
DEBUG:root:Under real time Point 0.0316569805145

DEBUG:root:Too small detection probably wrong
DEBUG:root:Under real time Point 0.0360460281372

DEBUG:root:Too small detection probably wrong
DEBUG:root:Under real time Point 0.0330209732056

DEBUG:root:Too small detection probably wrong
DEBUG:root:Under real time Point 0.0344898700714

DEBUG:root:1079
DEBUG:root:Under real time Point 0.107153892517

DEBUG:root:Too small detection probably wrong
DEBUG:root:Under real time Point 0.0332000255585

DEBUG:root:Too small detection probably wrong
DEBUG:root:Under real time Point 0.030797958374

DEBUG:root:Too small detection probably wrong
DEBUG:root:Under real time Point 0.0330989360809

DEBUG:root:Too small detection probably wrong
DEBUG:root:Under real time Point 0.0336711406708

DEBUG:root:Too small detection probably wrong
DEBUG:root:Under real time Point 0.0345931053162

DEBUG:root:Too small detection probably wrong
DEBUG:root:Under real time Point 0.0330860614777

DEBUG:root:Too small detection probably wrong
DEBUG:root:Under real time Point 0.0317687988281

DEBUG:root:Too small detection probably wrong
DEBUG:root:Under real time Point 0.0332319736481

DEBUG:root:Too small detection probably wrong
DEBUG:root:Under real time Point 0.0313801765442

DEBUG:root:1082
DEBUG:root:Under real time Point 0.101811885834

DEBUG:root:Too small detection probably wrong
DEBUG:root:Under real time Point 0.0331521034241

DEBUG:root:Too small detection probably wrong
DEBUG:root:Under real time Point 0.0314259529114

DEBUG:root:Too small detection probably wrong
DEBUG:root:Under real time Point 0.0366458892822

DEBUG:root:Too small detection probably wrong
DEBUG:root:Under real time Point 0.0342879295349

DEBUG:root:Too small detection probably wrong
DEBUG:root:Under real time Point 0.0363099575043

DEBUG:root:Too small detection probably wrong
DEBUG:root:Under real time Point 0.0365178585052

DEBUG:root:Too small detection probably wrong
DEBUG:root:Under real time Point 0.0349140167236

DEBUG:root:1114
DEBUG:root:Under real time Point 0.11027598381

DEBUG:root:Too small detection probably wrong
DEBUG:root:Under real time Point 0.0312089920044

DEBUG:root:Too small detection probably wrong
DEBUG:root:Under real time Point 0.0324630737305

DEBUG:root:Too small detection probably wrong
DEBUG:root:Under real time Point 0.0279109477997

DEBUG:root:Too small detection probably wrong
DEBUG:root:Under real time Point 0.0320210456848

DEBUG:root:Too small detection probably wrong
DEBUG:root:Under real time Point 0.0302121639252

DEBUG:root:Too small detection probably wrong
DEBUG:root:Under real time Point 0.0334370136261

DEBUG:root:Too small detection probably wrong
DEBUG:root:Under real time Point 0.0287790298462

DEBUG:root:Too small detection probably wrong
DEBUG:root:Under real time Point 0.0329430103302

DEBUG:root:Too small detection probably wrong
DEBUG:root:Under real time Point 0.0302159786224

DEBUG:root:Too small detection probably wrong
DEBUG:root:Under real time Point 0.0328719615936

DEBUG:root:Too small detection probably wrong
DEBUG:root:Under real time Point 0.0308318138123

DEBUG:root:Too small detection probably wrong
DEBUG:root:Under real time Point 0.0319159030914

DEBUG:root:Too small detection probably wrong
DEBUG:root:Under real time Point 0.0302560329437

DEBUG:root:Too small detection probably wrong
DEBUG:root:Under real time Point 0.0310130119324

DEBUG:root:Too small detection probably wrong
DEBUG:root:Under real time Point 0.0331568717957

DEBUG:root:Too small detection probably wrong
DEBUG:root:Under real time Point 0.0305268764496

DEBUG:root:Too small detection probably wrong
DEBUG:root:Under real time Point 0.0316288471222

DEBUG:root:Too small detection probably wrong
DEBUG:root:Under real time Point 0.03604388237

DEBUG:root:Too small detection probably wrong
DEBUG:root:Under real time Point 0.0328521728516

DEBUG:root:Too small detection probably wrong
DEBUG:root:Under real time Point 0.0314071178436

DEBUG:root:Too small detection probably wrong
DEBUG:root:Under real time Point 0.0303039550781

DEBUG:root:Too small detection probably wrong
DEBUG:root:Under real time Point 0.0310170650482

DEBUG:root:1113
DEBUG:root:Real time1484740458.67

DEBUG:root:Too small detection probably wrong
DEBUG:root:Under real time Point 0.0333921909332

DEBUG:root:Too small detection probably wrong
DEBUG:root:Under real time Point 0.033294916153

DEBUG:root:Too small detection probably wrong
DEBUG:root:Under real time Point 0.0353300571442

DEBUG:root:Too small detection probably wrong
DEBUG:root:Under real time Point 0.037113904953

DEBUG:root:1102
DEBUG:root:Under real time Point 0.118054866791

DEBUG:root:Too small detection probably wrong
DEBUG:root:Under real time Point 0.0348079204559

DEBUG:root:1079
DEBUG:root:Under real time Point 0.104247093201

DEBUG:root:1086
DEBUG:root:Real time1484740459.18

DEBUG:root:Too small detection probably wrong
DEBUG:root:Under real time Point 0.0296220779419

DEBUG:root:Too small detection probably wrong
DEBUG:root:Under real time Point 0.0349690914154

DEBUG:root:Too small detection probably wrong
DEBUG:root:Under real time Point 0.0301821231842

DEBUG:root:Too small detection probably wrong
DEBUG:root:Under real time Point 0.0416009426117

DEBUG:root:Too small detection probably wrong
DEBUG:root:Under real time Point 0.0313811302185

DEBUG:root:Too small detection probably wrong
DEBUG:root:Under real time Point 0.0335869789124

DEBUG:root:Too small detection probably wrong
DEBUG:root:Under real time Point 0.0368010997772

DEBUG:root:Too small detection probably wrong
DEBUG:root:Under real time Point 0.0344181060791

DEBUG:root:Too small detection probably wrong
DEBUG:root:Under real time Point 0.0358040332794

DEBUG:root:Too small detection probably wrong
DEBUG:root:Under real time Point 0.0350940227509

DEBUG:root:Too small detection probably wrong
DEBUG:root:Under real time Point 0.0386781692505

DEBUG:root:Too small detection probably wrong
DEBUG:root:Under real time Point 0.037474155426

DEBUG:root:Too small detection probably wrong
DEBUG:root:Under real time Point 0.0332429409027

DEBUG:root:Too small detection probably wrong
DEBUG:root:Under real time Point 0.0354070663452

DEBUG:root:Too small detection probably wrong
DEBUG:root:Under real time Point 0.0320398807526

DEBUG:root:Too small detection probably wrong
DEBUG:root:Under real time Point 0.0329620838165

DEBUG:root:Too small detection probably wrong
DEBUG:root:Under real time Point 0.0330958366394

DEBUG:root:Too small detection probably wrong
DEBUG:root:Under real time Point 0.0362248420715

DEBUG:root:Too small detection probably wrong
DEBUG:root:Under real time Point 0.0370888710022

DEBUG:root:Too small detection probably wrong
DEBUG:root:Under real time Point 0.0354819297791

DEBUG:root:Too small detection probably wrong
DEBUG:root:Under real time Point 0.0330181121826

DEBUG:root:Too small detection probably wrong
DEBUG:root:Under real time Point 0.0382430553436

DEBUG:root:Too small detection probably wrong
DEBUG:root:Under real time Point 0.0337779521942

DEBUG:root:Too small detection probably wrong
DEBUG:root:Under real time Point 0.034040927887

DEBUG:root:Too small detection probably wrong
DEBUG:root:Under real time Point 0.0328099727631

DEBUG:root:Too small detection probably wrong
DEBUG:root:Under real time Point 0.0332999229431

DEBUG:root:Too small detection probably wrong
DEBUG:root:Under real time Point 0.0337738990784

DEBUG:root:Too small detection probably wrong
DEBUG:root:Under real time Point 0.0330610275269

DEBUG:root:Too small detection probably wrong
DEBUG:root:Under real time Point 0.0327889919281

DEBUG:root:Too small detection probably wrong
DEBUG:root:Under real time Point 0.0379118919373

DEBUG:root:Too small detection probably wrong
DEBUG:root:Under real time Point 0.0366201400757

DEBUG:root:Too small detection probably wrong
DEBUG:root:Under real time Point 0.0336430072784

DEBUG:root:Too small detection probably wrong
DEBUG:root:Under real time Point 0.0362401008606

DEBUG:root:Too small detection probably wrong
DEBUG:root:Under real time Point 0.0353720188141

DEBUG:root:Too small detection probably wrong
DEBUG:root:Under real time Point 0.0366849899292

DEBUG:root:Too small detection probably wrong
DEBUG:root:Under real time Point 0.0379121303558

DEBUG:root:1092
DEBUG:root:Under real time Point 0.11275601387

DEBUG:root:Too small detection probably wrong
DEBUG:root:Under real time Point 0.0368859767914

DEBUG:root:Too small detection probably wrong
DEBUG:root:Under real time Point 0.0350170135498

DEBUG:root:Too small detection probably wrong
DEBUG:root:Under real time Point 0.0342440605164

DEBUG:root:Too small detection probably wrong
DEBUG:root:Under real time Point 0.03200507164

DEBUG:root:Too small detection probably wrong
DEBUG:root:Under real time Point 0.0344641208649

DEBUG:root:Too small detection probably wrong
DEBUG:root:Under real time Point 0.0355858802795

DEBUG:root:Too small detection probably wrong
DEBUG:root:Under real time Point 0.0353100299835

DEBUG:root:Too small detection probably wrong
DEBUG:root:Under real time Point 0.0339460372925

DEBUG:root:Too small detection probably wrong
DEBUG:root:Under real time Point 0.0371179580688

DEBUG:root:Too small detection probably wrong
DEBUG:root:Under real time Point 0.0340161323547

DEBUG:root:Too small detection probably wrong
DEBUG:root:Under real time Point 0.0361480712891

DEBUG:root:1087
DEBUG:root:Under real time Point 0.10510802269

DEBUG:root:1095
DEBUG:root:Under real time Point 0.104944944382

DEBUG:root:Too small detection probably wrong
DEBUG:root:Under real time Point 0.0337219238281

DEBUG:root:Too small detection probably wrong
DEBUG:root:Under real time Point 0.0331978797913

DEBUG:root:Too small detection probably wrong
DEBUG:root:Under real time Point 0.0376858711243

DEBUG:root:Too small detection probably wrong
DEBUG:root:Under real time Point 0.0360760688782

DEBUG:root:Too small detection probably wrong
DEBUG:root:Under real time Point 0.0398440361023

DEBUG:root:Too small detection probably wrong
DEBUG:root:Under real time Point 0.0357849597931

DEBUG:root:Too small detection probably wrong
DEBUG:root:Under real time Point 0.0353569984436

DEBUG:root:Too small detection probably wrong
DEBUG:root:Under real time Point 0.0362141132355

DEBUG:root:Too small detection probably wrong
DEBUG:root:Under real time Point 0.032753944397

DEBUG:root:Too small detection probably wrong
DEBUG:root:Under real time Point 0.0358588695526

DEBUG:root:Too small detection probably wrong
DEBUG:root:Under real time Point 0.03284907341

DEBUG:root:Too small detection probably wrong
DEBUG:root:Under real time Point 0.0356040000916

DEBUG:root:Too small detection probably wrong
DEBUG:root:Under real time Point 0.038959980011

DEBUG:root:Too small detection probably wrong
DEBUG:root:Under real time Point 0.0376408100128

DEBUG:root:Too small detection probably wrong
DEBUG:root:Under real time Point 0.0350878238678

DEBUG:root:Too small detection probably wrong
DEBUG:root:Under real time Point 0.0342469215393

DEBUG:root:Too small detection probably wrong
DEBUG:root:Under real time Point 0.0338702201843

DEBUG:root:Too small detection probably wrong
DEBUG:root:Under real time Point 0.0332458019257

DEBUG:root:Too small detection probably wrong
DEBUG:root:Under real time Point 0.035649061203

DEBUG:root:Too small detection probably wrong
DEBUG:root:Under real time Point 0.0342128276825

DEBUG:root:1085
DEBUG:root:Under real time Point 0.121484041214

DEBUG:root:Too small detection probably wrong
DEBUG:root:Under real time Point 0.0346479415894

DEBUG:root:Too small detection probably wrong
DEBUG:root:Under real time Point 0.0303809642792

DEBUG:root:Too small detection probably wrong
DEBUG:root:Under real time Point 0.0342681407928

DEBUG:root:Too small detection probably wrong
DEBUG:root:Under real time Point 0.0343708992004

DEBUG:root:Too small detection probably wrong
DEBUG:root:Under real time Point 0.0341789722443

DEBUG:root:Too small detection probably wrong
DEBUG:root:Under real time Point 0.0363020896912

DEBUG:root:Too small detection probably wrong
DEBUG:root:Under real time Point 0.036022901535

DEBUG:root:Too small detection probably wrong
DEBUG:root:Under real time Point 0.0340778827667

DEBUG:root:Too small detection probably wrong
DEBUG:root:Under real time Point 0.0370512008667

DEBUG:root:1089
DEBUG:root:Under real time Point 0.111258983612

DEBUG:root:Too small detection probably wrong
DEBUG:root:Under real time Point 0.0306899547577

DEBUG:root:Too small detection probably wrong
DEBUG:root:Under real time Point 0.03457903862

DEBUG:root:Too small detection probably wrong
DEBUG:root:Under real time Point 0.034884929657

DEBUG:root:Too small detection probably wrong
DEBUG:root:Under real time Point 0.0336141586304

DEBUG:root:Too small detection probably wrong
DEBUG:root:Under real time Point 0.0358180999756

DEBUG:root:Too small detection probably wrong
DEBUG:root:Under real time Point 0.0378699302673

DEBUG:root:Too small detection probably wrong
DEBUG:root:Under real time Point 0.0326159000397

DEBUG:root:Too small detection probably wrong
DEBUG:root:Under real time Point 0.0341119766235

DEBUG:root:Too small detection probably wrong
DEBUG:root:Under real time Point 0.0349431037903

DEBUG:root:Too small detection probably wrong
DEBUG:root:Under real time Point 0.03315782547

DEBUG:root:Too small detection probably wrong
DEBUG:root:Under real time Point 0.0338599681854

DEBUG:root:Too small detection probably wrong
DEBUG:root:Under real time Point 0.0332059860229

DEBUG:root:Too small detection probably wrong
DEBUG:root:Under real time Point 0.033185005188

DEBUG:root:Too small detection probably wrong
DEBUG:root:Under real time Point 0.0315330028534

DEBUG:root:Too small detection probably wrong
DEBUG:root:Under real time Point 0.0355710983276

DEBUG:root:Too small detection probably wrong
DEBUG:root:Under real time Point 0.033301115036

DEBUG:root:Too small detection probably wrong
DEBUG:root:Under real time Point 0.0371599197388

DEBUG:root:Too small detection probably wrong
DEBUG:root:Under real time Point 0.0340301990509

DEBUG:root:Too small detection probably wrong
DEBUG:root:Under real time Point 0.0304651260376

DEBUG:root:Too small detection probably wrong
DEBUG:root:Under real time Point 0.0343999862671

DEBUG:root:Too small detection probably wrong
DEBUG:root:Under real time Point 0.0329020023346

DEBUG:root:1090
DEBUG:root:Under real time Point 0.101216077805

DEBUG:root:Too small detection probably wrong
DEBUG:root:Under real time Point 0.0327279567719

DEBUG:root:Too small detection probably wrong
DEBUG:root:Under real time Point 0.0308611392975

DEBUG:root:1074
DEBUG:root:Under real time Point 0.102499008179

DEBUG:root:Too small detection probably wrong
DEBUG:root:Under real time Point 0.0324809551239

DEBUG:root:Too small detection probably wrong
DEBUG:root:Under real time Point 0.0316390991211

DEBUG:root:Too small detection probably wrong
DEBUG:root:Under real time Point 0.0336050987244

DEBUG:root:Too small detection probably wrong
DEBUG:root:Under real time Point 0.0321481227875

DEBUG:root:Too small detection probably wrong
DEBUG:root:Under real time Point 0.0322680473328

DEBUG:root:Too small detection probably wrong
DEBUG:root:Under real time Point 0.0325541496277

DEBUG:root:Too small detection probably wrong
DEBUG:root:Under real time Point 0.0307900905609

DEBUG:root:Too small detection probably wrong
DEBUG:root:Under real time Point 0.0326290130615

DEBUG:root:Too small detection probably wrong
DEBUG:root:Under real time Point 0.0330848693848

DEBUG:root:Too small detection probably wrong
DEBUG:root:Under real time Point 0.0358009338379

DEBUG:root:Too small detection probably wrong
DEBUG:root:Under real time Point 0.0318260192871

DEBUG:root:Too small detection probably wrong
DEBUG:root:Under real time Point 0.0310308933258

DEBUG:root:Too small detection probably wrong
DEBUG:root:Under real time Point 0.0316059589386

DEBUG:root:1066
DEBUG:root:Under real time Point 0.103687047958

DEBUG:root:Too small detection probably wrong
DEBUG:root:Under real time Point 0.0318531990051

DEBUG:root:Too small detection probably wrong
DEBUG:root:Under real time Point 0.03116106987

DEBUG:root:Too small detection probably wrong
DEBUG:root:Under real time Point 0.0324680805206

DEBUG:root:1083
DEBUG:root:Under real time Point 0.104434967041

DEBUG:root:Too small detection probably wrong
DEBUG:root:Under real time Point 0.0336351394653

DEBUG:root:Too small detection probably wrong
DEBUG:root:Under real time Point 0.0330228805542

DEBUG:root:Too small detection probably wrong
DEBUG:root:Under real time Point 0.0314857959747

DEBUG:root:Too small detection probably wrong
DEBUG:root:Under real time Point 0.0312740802765

DEBUG:root:Too small detection probably wrong
DEBUG:root:Under real time Point 0.0327408313751

DEBUG:root:Too small detection probably wrong
DEBUG:root:Under real time Point 0.031907081604

DEBUG:root:Too small detection probably wrong
DEBUG:root:Under real time Point 0.0330440998077

DEBUG:root:Too small detection probably wrong
DEBUG:root:Under real time Point 0.0345830917358

DEBUG:root:Too small detection probably wrong
DEBUG:root:Under real time Point 0.031210899353

DEBUG:root:Too small detection probably wrong
DEBUG:root:Under real time Point 0.0364570617676

DEBUG:root:Too small detection probably wrong
DEBUG:root:Under real time Point 0.0329718589783

DEBUG:root:Too small detection probably wrong
DEBUG:root:Under real time Point 0.0356130599976

DEBUG:root:Too small detection probably wrong
DEBUG:root:Under real time Point 0.0311970710754

DEBUG:root:Too small detection probably wrong
DEBUG:root:Under real time Point 0.0330240726471

DEBUG:root:Too small detection probably wrong
DEBUG:root:Under real time Point 0.0324788093567

DEBUG:root:Too small detection probably wrong
DEBUG:root:Under real time Point 0.0356950759888

DEBUG:root:Too small detection probably wrong
DEBUG:root:Under real time Point 0.031665802002

DEBUG:root:Too small detection probably wrong
DEBUG:root:Under real time Point 0.0314130783081

DEBUG:root:Too small detection probably wrong
DEBUG:root:Under real time Point 0.03093791008

DEBUG:root:Too small detection probably wrong
DEBUG:root:Under real time Point 0.0307018756866

DEBUG:root:Too small detection probably wrong
DEBUG:root:Under real time Point 0.0315549373627

DEBUG:root:Too small detection probably wrong
DEBUG:root:Under real time Point 0.0272738933563

DEBUG:root:Too small detection probably wrong
DEBUG:root:Under real time Point 0.031840801239

DEBUG:root:Too small detection probably wrong
DEBUG:root:Under real time Point 0.0300529003143

DEBUG:root:Too small detection probably wrong
DEBUG:root:Under real time Point 0.0311768054962

DEBUG:root:Too small detection probably wrong
DEBUG:root:Under real time Point 0.0311059951782

DEBUG:root:Too small detection probably wrong
DEBUG:root:Under real time Point 0.0294139385223

DEBUG:root:Too small detection probably wrong
DEBUG:root:Under real time Point 0.030953168869

DEBUG:root:Too small detection probably wrong
DEBUG:root:Under real time Point 0.033273935318

DEBUG:root:Too small detection probably wrong
DEBUG:root:Under real time Point 0.0303740501404

DEBUG:root:Too small detection probably wrong
DEBUG:root:Under real time Point 0.0283648967743

DEBUG:root:Too small detection probably wrong
DEBUG:root:Under real time Point 0.0319840908051

DEBUG:root:Too small detection probably wrong
DEBUG:root:Under real time Point 0.0299501419067

DEBUG:root:Too small detection probably wrong
DEBUG:root:Under real time Point 0.0319409370422

DEBUG:root:Too small detection probably wrong
DEBUG:root:Under real time Point 0.0278351306915

DEBUG:root:Too small detection probably wrong
DEBUG:root:Under real time Point 0.0335350036621

DEBUG:root:Too small detection probably wrong
DEBUG:root:Under real time Point 0.03297996521

DEBUG:root:Too small detection probably wrong
DEBUG:root:Under real time Point 0.033313035965

DEBUG:root:Too small detection probably wrong
DEBUG:root:Under real time Point 0.032240152359

DEBUG:root:Too small detection probably wrong
DEBUG:root:Under real time Point 0.0315048694611

DEBUG:root:Too small detection probably wrong
DEBUG:root:Under real time Point 0.0339369773865

DEBUG:root:Too small detection probably wrong
DEBUG:root:Under real time Point 0.0296421051025

DEBUG:root:Too small detection probably wrong
DEBUG:root:Under real time Point 0.0306179523468

DEBUG:root:Too small detection probably wrong
DEBUG:root:Under real time Point 0.0311529636383

DEBUG:root:Too small detection probably wrong
DEBUG:root:Under real time Point 0.0274319648743

DEBUG:root:Too small detection probably wrong
DEBUG:root:Under real time Point 0.0278699398041

DEBUG:root:Too small detection probably wrong
DEBUG:root:Under real time Point 0.0308940410614

DEBUG:root:Too small detection probably wrong
DEBUG:root:Under real time Point 0.0319609642029

DEBUG:root:Too small detection probably wrong
DEBUG:root:Under real time Point 0.0289700031281

DEBUG:root:1059
DEBUG:root:Under real time Point 0.103614091873

DEBUG:root:Too small detection probably wrong
DEBUG:root:Under real time Point 0.0307381153107

DEBUG:root:Too small detection probably wrong
DEBUG:root:Under real time Point 0.0293941497803

DEBUG:root:Too small detection probably wrong
DEBUG:root:Under real time Point 0.027811050415

DEBUG:root:Too small detection probably wrong
DEBUG:root:Under real time Point 0.0292720794678

DEBUG:root:Too small detection probably wrong
DEBUG:root:Under real time Point 0.0292110443115

DEBUG:root:Too small detection probably wrong
DEBUG:root:Under real time Point 0.0294449329376

DEBUG:root:Too small detection probably wrong
DEBUG:root:Under real time Point 0.0321018695831

DEBUG:root:Too small detection probably wrong
DEBUG:root:Under real time Point 0.0302431583405

DEBUG:root:Too small detection probably wrong
DEBUG:root:Under real time Point 0.0309448242188

DEBUG:root:Too small detection probably wrong
DEBUG:root:Under real time Point 0.0273420810699

DEBUG:root:Too small detection probably wrong
DEBUG:root:Under real time Point 0.029855966568

DEBUG:root:Too small detection probably wrong
DEBUG:root:Under real time Point 0.0274810791016

DEBUG:root:Too small detection probably wrong
DEBUG:root:Under real time Point 0.0313429832458

DEBUG:root:Too small detection probably wrong
DEBUG:root:Under real time Point 0.0322721004486

DEBUG:root:Too small detection probably wrong
DEBUG:root:Under real time Point 0.0343689918518

DEBUG:root:Too small detection probably wrong
DEBUG:root:Under real time Point 0.0309278964996

DEBUG:root:Too small detection probably wrong
DEBUG:root:Under real time Point 0.0306730270386

DEBUG:root:Too small detection probably wrong
DEBUG:root:Under real time Point 0.0277471542358

DEBUG:root:Too small detection probably wrong
DEBUG:root:Under real time Point 0.0300278663635

DEBUG:root:Too small detection probably wrong
DEBUG:root:Under real time Point 0.0296239852905

DEBUG:root:Too small detection probably wrong
DEBUG:root:Under real time Point 0.0306601524353

DEBUG:root:Too small detection probably wrong
DEBUG:root:Under real time Point 0.0315411090851

DEBUG:root:Too small detection probably wrong
DEBUG:root:Under real time Point 0.0319399833679

DEBUG:root:1070
DEBUG:root:Under real time Point 0.103547096252

DEBUG:root:Too small detection probably wrong
DEBUG:root:Under real time Point 0.0343108177185

DEBUG:root:Too small detection probably wrong
DEBUG:root:Under real time Point 0.0333709716797

DEBUG:root:Too small detection probably wrong
DEBUG:root:Under real time Point 0.0345821380615

DEBUG:root:Too small detection probably wrong
DEBUG:root:Under real time Point 0.035295009613

DEBUG:root:Too small detection probably wrong
DEBUG:root:Under real time Point 0.0372519493103

DEBUG:root:Too small detection probably wrong
DEBUG:root:Under real time Point 0.0333218574524

DEBUG:root:Too small detection probably wrong
DEBUG:root:Under real time Point 0.0351891517639

DEBUG:root:Too small detection probably wrong
DEBUG:root:Under real time Point 0.0314571857452

DEBUG:root:Too small detection probably wrong
DEBUG:root:Under real time Point 0.03551197052

DEBUG:root:Too small detection probably wrong
DEBUG:root:Under real time Point 0.0329539775848

DEBUG:root:Too small detection probably wrong
DEBUG:root:Under real time Point 0.0333609580994

DEBUG:root:Too small detection probably wrong
DEBUG:root:Under real time Point 0.035737991333

DEBUG:root:1055
DEBUG:root:Under real time Point 0.111789941788

DEBUG:root:Too small detection probably wrong
DEBUG:root:Under real time Point 0.0318639278412

DEBUG:root:Too small detection probably wrong
DEBUG:root:Under real time Point 0.0308668613434

DEBUG:root:Too small detection probably wrong
DEBUG:root:Under real time Point 0.0320808887482

DEBUG:root:Too small detection probably wrong
DEBUG:root:Under real time Point 0.0300841331482

DEBUG:root:Too small detection probably wrong
DEBUG:root:Under real time Point 0.0319008827209

DEBUG:root:1063
DEBUG:root:Under real time Point 0.10458612442

DEBUG:root:Too small detection probably wrong
DEBUG:root:Under real time Point 0.0326790809631

DEBUG:root:Too small detection probably wrong
DEBUG:root:Under real time Point 0.0320520401001

DEBUG:root:Too small detection probably wrong
DEBUG:root:Under real time Point 0.0381751060486

DEBUG:root:Too small detection probably wrong
DEBUG:root:Under real time Point 0.0354409217834

DEBUG:root:Too small detection probably wrong
DEBUG:root:Under real time Point 0.0323541164398

DEBUG:root:Too small detection probably wrong
DEBUG:root:Under real time Point 0.0336151123047

DEBUG:root:Too small detection probably wrong
DEBUG:root:Under real time Point 0.0342080593109

DEBUG:root:Too small detection probably wrong
DEBUG:root:Under real time Point 0.0350480079651

DEBUG:root:Too small detection probably wrong
DEBUG:root:Under real time Point 0.0331830978394

DEBUG:root:Too small detection probably wrong
DEBUG:root:Under real time Point 0.0351459980011

DEBUG:root:Too small detection probably wrong
DEBUG:root:Under real time Point 0.0354897975922

DEBUG:root:Too small detection probably wrong
DEBUG:root:Under real time Point 0.0364429950714

DEBUG:root:Too small detection probably wrong
DEBUG:root:Under real time Point 0.0347278118134

DEBUG:root:Too small detection probably wrong
DEBUG:root:Under real time Point 0.0335772037506

DEBUG:root:Too small detection probably wrong
DEBUG:root:Under real time Point 0.0348370075226

DEBUG:root:Too small detection probably wrong
DEBUG:root:Under real time Point 0.0315260887146

DEBUG:root:Too small detection probably wrong
DEBUG:root:Under real time Point 0.0333690643311

DEBUG:root:Too small detection probably wrong
DEBUG:root:Under real time Point 0.0327379703522

DEBUG:root:Too small detection probably wrong
DEBUG:root:Under real time Point 0.0349161624908

DEBUG:root:Too small detection probably wrong
DEBUG:root:Under real time Point 0.0316390991211

DEBUG:root:Too small detection probably wrong
DEBUG:root:Under real time Point 0.0337631702423

DEBUG:root:Too small detection probably wrong
DEBUG:root:Under real time Point 0.0396602153778

DEBUG:root:Too small detection probably wrong
DEBUG:root:Under real time Point 0.0344679355621

DEBUG:root:Too small detection probably wrong
DEBUG:root:Under real time Point 0.032322883606

DEBUG:root:Too small detection probably wrong
DEBUG:root:Under real time Point 0.0343339443207

DEBUG:root:Too small detection probably wrong
DEBUG:root:Under real time Point 0.0331649780273

DEBUG:root:Too small detection probably wrong
DEBUG:root:Under real time Point 0.0356080532074

DEBUG:root:Too small detection probably wrong
DEBUG:root:Under real time Point 0.0329480171204

DEBUG:root:Too small detection probably wrong
DEBUG:root:Under real time Point 0.0326271057129

DEBUG:root:Too small detection probably wrong
DEBUG:root:Under real time Point 0.0328369140625

DEBUG:root:Too small detection probably wrong
DEBUG:root:Under real time Point 0.0345420837402

DEBUG:root:Too small detection probably wrong
DEBUG:root:Under real time Point 0.0328948497772

DEBUG:root:Too small detection probably wrong
DEBUG:root:Under real time Point 0.0340631008148

DEBUG:root:Too small detection probably wrong
DEBUG:root:Under real time Point 0.0329170227051

DEBUG:root:Too small detection probably wrong
DEBUG:root:Under real time Point 0.0336408615112

DEBUG:root:1041
DEBUG:root:Under real time Point 0.101155996323

DEBUG:root:1033
DEBUG:root:Under real time Point 0.102066040039

DEBUG:root:1042
DEBUG:root:Under real time Point 0.103467941284

DEBUG:root:Too small detection probably wrong
DEBUG:root:Under real time Point 0.0341498851776

DEBUG:root:Too small detection probably wrong
DEBUG:root:Under real time Point 0.0315971374512

DEBUG:root:Too small detection probably wrong
DEBUG:root:Under real time Point 0.0332679748535

DEBUG:root:1024
DEBUG:root:Under real time Point 0.101191997528

DEBUG:root:Too small detection probably wrong
DEBUG:root:Under real time Point 0.0329158306122

DEBUG:root:Too small detection probably wrong
DEBUG:root:Under real time Point 0.0322058200836

DEBUG:root:Too small detection probably wrong
DEBUG:root:Under real time Point 0.0329329967499

DEBUG:root:Too small detection probably wrong
DEBUG:root:Under real time Point 0.0323879718781

DEBUG:root:Too small detection probably wrong
DEBUG:root:Under real time Point 0.0321259498596

DEBUG:root:Too small detection probably wrong
DEBUG:root:Under real time Point 0.0344359874725

DEBUG:root:Too small detection probably wrong
DEBUG:root:Under real time Point 0.0338158607483

DEBUG:root:Too small detection probably wrong
DEBUG:root:Under real time Point 0.0377831459045

DEBUG:root:Too small detection probably wrong
DEBUG:root:Under real time Point 0.0348289012909

DEBUG:root:Too small detection probably wrong
DEBUG:root:Under real time Point 0.0337388515472

DEBUG:root:Too small detection probably wrong
DEBUG:root:Under real time Point 0.0307939052582

DEBUG:root:Too small detection probably wrong
DEBUG:root:Under real time Point 0.0312259197235

DEBUG:root:Too small detection probably wrong
DEBUG:root:Under real time Point 0.0330719947815

DEBUG:root:Too small detection probably wrong
DEBUG:root:Under real time Point 0.0358738899231

DEBUG:root:Too small detection probably wrong
DEBUG:root:Under real time Point 0.0304441452026

DEBUG:root:Too small detection probably wrong
DEBUG:root:Under real time Point 0.0319521427155

DEBUG:root:Too small detection probably wrong
DEBUG:root:Under real time Point 0.0332539081573

DEBUG:root:Too small detection probably wrong
DEBUG:root:Under real time Point 0.0334849357605

DEBUG:root:Too small detection probably wrong
DEBUG:root:Under real time Point 0.0303649902344

DEBUG:root:Too small detection probably wrong
DEBUG:root:Under real time Point 0.0329279899597

DEBUG:root:Too small detection probably wrong
DEBUG:root:Under real time Point 0.0341780185699

DEBUG:root:Too small detection probably wrong
DEBUG:root:Under real time Point 0.0370850563049

DEBUG:root:Too small detection probably wrong
DEBUG:root:Under real time Point 0.0320899486542

DEBUG:root:Too small detection probably wrong
DEBUG:root:Under real time Point 0.0350470542908

DEBUG:root:Too small detection probably wrong
DEBUG:root:Under real time Point 0.0310759544373

DEBUG:root:Too small detection probably wrong
DEBUG:root:Under real time Point 0.0337488651276

DEBUG:root:Too small detection probably wrong
DEBUG:root:Under real time Point 0.0310709476471

DEBUG:root:Too small detection probably wrong
DEBUG:root:Under real time Point 0.0329399108887

DEBUG:root:Too small detection probably wrong
DEBUG:root:Under real time Point 0.0308530330658

DEBUG:root:Too small detection probably wrong
DEBUG:root:Under real time Point 0.0326218605042

DEBUG:root:Too small detection probably wrong
DEBUG:root:Under real time Point 0.0345540046692

DEBUG:root:Too small detection probably wrong
DEBUG:root:Under real time Point 0.0306758880615

DEBUG:root:Too small detection probably wrong
DEBUG:root:Under real time Point 0.0316441059113

DEBUG:root:Too small detection probably wrong
DEBUG:root:Under real time Point 0.0327150821686

DEBUG:root:Too small detection probably wrong
DEBUG:root:Under real time Point 0.0342860221863

DEBUG:root:Too small detection probably wrong
DEBUG:root:Under real time Point 0.032163143158

DEBUG:root:Too small detection probably wrong
DEBUG:root:Under real time Point 0.0339031219482

DEBUG:root:Too small detection probably wrong
DEBUG:root:Under real time Point 0.0351769924164

DEBUG:root:Too small detection probably wrong
DEBUG:root:Under real time Point 0.0328438282013

DEBUG:root:Too small detection probably wrong
DEBUG:root:Under real time Point 0.0326220989227

DEBUG:root:Too small detection probably wrong
DEBUG:root:Under real time Point 0.0348479747772

DEBUG:root:Too small detection probably wrong
DEBUG:root:Under real time Point 0.0304169654846

DEBUG:root:Too small detection probably wrong
DEBUG:root:Under real time Point 0.0332820415497

DEBUG:root:Too small detection probably wrong
DEBUG:root:Under real time Point 0.0303699970245

DEBUG:root:Too small detection probably wrong
DEBUG:root:Under real time Point 0.0320620536804

DEBUG:root:Too small detection probably wrong
DEBUG:root:Under real time Point 0.0286688804626

DEBUG:root:Too small detection probably wrong
DEBUG:root:Under real time Point 0.0329661369324

DEBUG:root:Too small detection probably wrong
DEBUG:root:Under real time Point 0.029883146286

DEBUG:root:Too small detection probably wrong
DEBUG:root:Under real time Point 0.032154083252

DEBUG:root:Too small detection probably wrong
DEBUG:root:Under real time Point 0.0298848152161

DEBUG:root:Too small detection probably wrong
DEBUG:root:Under real time Point 0.0319030284882

DEBUG:root:Too small detection probably wrong
DEBUG:root:Under real time Point 0.0303099155426

DEBUG:root:Too small detection probably wrong
DEBUG:root:Under real time Point 0.0315699577332

DEBUG:root:Too small detection probably wrong
DEBUG:root:Under real time Point 0.0274748802185

DEBUG:root:Too small detection probably wrong
DEBUG:root:Under real time Point 0.0330610275269

DEBUG:root:Too small detection probably wrong
DEBUG:root:Under real time Point 0.0283150672913

DEBUG:root:Too small detection probably wrong
DEBUG:root:Under real time Point 0.0300271511078

DEBUG:root:Too small detection probably wrong
DEBUG:root:Under real time Point 0.0322940349579

DEBUG:root:Too small detection probably wrong
DEBUG:root:Under real time Point 0.0349419116974

DEBUG:root:Too small detection probably wrong
DEBUG:root:Under real time Point 0.0304439067841

DEBUG:root:Too small detection probably wrong
DEBUG:root:Under real time Point 0.031702041626

DEBUG:root:Too small detection probably wrong
DEBUG:root:Under real time Point 0.0304350852966

DEBUG:root:Too small detection probably wrong
DEBUG:root:Under real time Point 0.0317029953003

DEBUG:root:Too small detection probably wrong
DEBUG:root:Under real time Point 0.0322008132935

DEBUG:root:Too small detection probably wrong
DEBUG:root:Under real time Point 0.0312480926514

DEBUG:root:Too small detection probably wrong
DEBUG:root:Under real time Point 0.0310878753662

DEBUG:root:Too small detection probably wrong
DEBUG:root:Under real time Point 0.0318999290466

DEBUG:root:Too small detection probably wrong
DEBUG:root:Under real time Point 0.0303778648376

DEBUG:root:Too small detection probably wrong
DEBUG:root:Under real time Point 0.031191110611

DEBUG:root:Too small detection probably wrong
DEBUG:root:Under real time Point 0.0308389663696

DEBUG:root:Too small detection probably wrong
DEBUG:root:Under real time Point 0.034087896347

DEBUG:root:1009
DEBUG:root:Under real time Point 0.103063821793

DEBUG:root:1009
DEBUG:root:Under real time Point 0.103924036026

DEBUG:root:979
DEBUG:root:Under real time Point 0.10702586174

DEBUG:root:Too small detection probably wrong
DEBUG:root:Under real time Point 0.029364824295

DEBUG:root:Too small detection probably wrong
DEBUG:root:Under real time Point 0.0315790176392

DEBUG:root:Too small detection probably wrong
DEBUG:root:Under real time Point 0.0299198627472

DEBUG:root:Too small detection probably wrong
DEBUG:root:Under real time Point 0.0307841300964

DEBUG:root:Too small detection probably wrong
DEBUG:root:Under real time Point 0.0329139232635

DEBUG:root:Too small detection probably wrong
DEBUG:root:Under real time Point 0.0310199260712

DEBUG:root:Too small detection probably wrong
DEBUG:root:Under real time Point 0.032557964325

DEBUG:root:Too small detection probably wrong
DEBUG:root:Under real time Point 0.0326609611511

DEBUG:root:Too small detection probably wrong
DEBUG:root:Under real time Point 0.032653093338

DEBUG:root:Too small detection probably wrong
DEBUG:root:Under real time Point 0.0323030948639

DEBUG:root:Too small detection probably wrong
DEBUG:root:Under real time Point 0.0313050746918

DEBUG:root:Too small detection probably wrong
DEBUG:root:Under real time Point 0.030100107193

DEBUG:root:Too small detection probably wrong
DEBUG:root:Under real time Point 0.0305509567261

DEBUG:root:Too small detection probably wrong
DEBUG:root:Under real time Point 0.0284521579742

DEBUG:root:Too small detection probably wrong
DEBUG:root:Under real time Point 0.0274882316589

DEBUG:root:Too small detection probably wrong
DEBUG:root:Under real time Point 0.0314328670502

DEBUG:root:Too small detection probably wrong
DEBUG:root:Under real time Point 0.0288400650024

DEBUG:root:Too small detection probably wrong
DEBUG:root:Under real time Point 0.0276939868927

DEBUG:root:Too small detection probably wrong
DEBUG:root:Under real time Point 0.0301570892334

DEBUG:root:Too small detection probably wrong
DEBUG:root:Under real time Point 0.0272650718689

DEBUG:root:Too small detection probably wrong
DEBUG:root:Under real time Point 0.0292060375214

DEBUG:root:Too small detection probably wrong
DEBUG:root:Under real time Point 0.0300028324127

DEBUG:root:Too small detection probably wrong
DEBUG:root:Under real time Point 0.031124830246

DEBUG:root:Too small detection probably wrong
DEBUG:root:Under real time Point 0.0326020717621

DEBUG:root:Too small detection probably wrong
DEBUG:root:Under real time Point 0.0317180156708

DEBUG:root:Too small detection probably wrong
DEBUG:root:Under real time Point 0.028792142868

DEBUG:root:Too small detection probably wrong
DEBUG:root:Under real time Point 0.0313382148743

DEBUG:root:Too small detection probably wrong
DEBUG:root:Under real time Point 0.0300312042236

DEBUG:root:Too small detection probably wrong
DEBUG:root:Under real time Point 0.0278198719025

DEBUG:root:Too small detection probably wrong
DEBUG:root:Under real time Point 0.0327799320221

DEBUG:root:Too small detection probably wrong
DEBUG:root:Under real time Point 0.0327320098877

DEBUG:root:Too small detection probably wrong
DEBUG:root:Under real time Point 0.0346639156342

DEBUG:root:967
DEBUG:root:Under real time Point 0.104179859161

DEBUG:root:Too small detection probably wrong
DEBUG:root:Under real time Point 0.0326290130615

DEBUG:root:Too small detection probably wrong
DEBUG:root:Under real time Point 0.0300371646881

DEBUG:root:Too small detection probably wrong
DEBUG:root:Under real time Point 0.0317869186401

DEBUG:root:Too small detection probably wrong
DEBUG:root:Under real time Point 0.0310060977936

DEBUG:root:Too small detection probably wrong
DEBUG:root:Under real time Point 0.0308248996735

DEBUG:root:Too small detection probably wrong
DEBUG:root:Under real time Point 0.0308001041412

DEBUG:root:Too small detection probably wrong
DEBUG:root:Under real time Point 0.0311648845673

DEBUG:root:Too small detection probably wrong
DEBUG:root:Under real time Point 0.0307068824768

DEBUG:root:Too small detection probably wrong
DEBUG:root:Under real time Point 0.0307340621948

DEBUG:root:Too small detection probably wrong
DEBUG:root:Under real time Point 0.031219959259

DEBUG:root:Too small detection probably wrong
DEBUG:root:Under real time Point 0.0319731235504

DEBUG:root:Too small detection probably wrong
DEBUG:root:Under real time Point 0.030063867569

DEBUG:root:Too small detection probably wrong
DEBUG:root:Under real time Point 0.030974149704

DEBUG:root:Too small detection probably wrong
DEBUG:root:Under real time Point 0.0309178829193

DEBUG:root:Too small detection probably wrong
DEBUG:root:Under real time Point 0.0312190055847

DEBUG:root:Too small detection probably wrong
DEBUG:root:Under real time Point 0.0333378314972

DEBUG:root:Too small detection probably wrong
DEBUG:root:Under real time Point 0.033539056778

DEBUG:root:Too small detection probably wrong
DEBUG:root:Under real time Point 0.0313339233398

DEBUG:root:Too small detection probably wrong
DEBUG:root:Under real time Point 0.0337960720062

DEBUG:root:Too small detection probably wrong
DEBUG:root:Under real time Point 0.0327138900757

DEBUG:root:Too small detection probably wrong
DEBUG:root:Under real time Point 0.036689043045

DEBUG:root:Too small detection probably wrong
DEBUG:root:Under real time Point 0.031170129776

DEBUG:root:Too small detection probably wrong
DEBUG:root:Under real time Point 0.0322289466858

DEBUG:root:Too small detection probably wrong
DEBUG:root:Under real time Point 0.0300719738007

DEBUG:root:Too small detection probably wrong
DEBUG:root:Under real time Point 0.0336499214172

DEBUG:root:Too small detection probably wrong
DEBUG:root:Under real time Point 0.0337519645691

DEBUG:root:Too small detection probably wrong
DEBUG:root:Under real time Point 0.0318310260773

DEBUG:root:Too small detection probably wrong
DEBUG:root:Under real time Point 0.0299711227417

DEBUG:root:Too small detection probably wrong
DEBUG:root:Under real time Point 0.0330140590668

DEBUG:root:Too small detection probably wrong
DEBUG:root:Under real time Point 0.0331709384918

DEBUG:root:Too small detection probably wrong
DEBUG:root:Under real time Point 0.0330212116241

DEBUG:root:Too small detection probably wrong
DEBUG:root:Under real time Point 0.0311970710754

DEBUG:root:Too small detection probably wrong
DEBUG:root:Under real time Point 0.0341830253601

DEBUG:root:Too small detection probably wrong
DEBUG:root:Under real time Point 0.0311279296875

DEBUG:root:Too small detection probably wrong
DEBUG:root:Under real time Point 0.0313019752502

DEBUG:root:Too small detection probably wrong
DEBUG:root:Under real time Point 0.0314259529114

DEBUG:root:Too small detection probably wrong
DEBUG:root:Under real time Point 0.0311119556427

DEBUG:root:Too small detection probably wrong
DEBUG:root:Under real time Point 0.0318160057068

DEBUG:root:Too small detection probably wrong
DEBUG:root:Under real time Point 0.0313129425049

DEBUG:root:Too small detection probably wrong
DEBUG:root:Under real time Point 0.0339097976685

DEBUG:root:Too small detection probably wrong
DEBUG:root:Under real time Point 0.0329561233521

DEBUG:root:Too small detection probably wrong
DEBUG:root:Under real time Point 0.0332260131836

DEBUG:root:Too small detection probably wrong
DEBUG:root:Under real time Point 0.0365200042725

DEBUG:root:Too small detection probably wrong
DEBUG:root:Under real time Point 0.0362229347229

DEBUG:root:Too small detection probably wrong
DEBUG:root:Under real time Point 0.0321938991547

DEBUG:root:Too small detection probably wrong
DEBUG:root:Under real time Point 0.0342090129852

DEBUG:root:994
DEBUG:root:Under real time Point 0.101654052734

DEBUG:root:981
DEBUG:root:Under real time Point 0.101423025131

DEBUG:root:Too small detection probably wrong
DEBUG:root:Under real time Point 0.0308561325073

DEBUG:root:Too small detection probably wrong
DEBUG:root:Under real time Point 0.0323371887207

DEBUG:root:977
DEBUG:root:Under real time Point 0.111721992493

DEBUG:root:Too small detection probably wrong
DEBUG:root:Under real time Point 0.0320620536804

DEBUG:root:Too small detection probably wrong
DEBUG:root:Under real time Point 0.0315690040588

DEBUG:root:Too small detection probably wrong
DEBUG:root:Under real time Point 0.0283398628235

DEBUG:root:996
DEBUG:root:Under real time Point 0.103754997253

DEBUG:root:998
DEBUG:root:Under real time Point 0.10773396492

DEBUG:root:Too small detection probably wrong
DEBUG:root:Under real time Point 0.0300672054291

DEBUG:root:Too small detection probably wrong
DEBUG:root:Under real time Point 0.0303690433502

DEBUG:root:Too small detection probably wrong
DEBUG:root:Under real time Point 0.0319249629974

DEBUG:root:997
DEBUG:root:Under real time Point 0.102080821991

DEBUG:root:984
DEBUG:root:Under real time Point 0.105328798294

DEBUG:root:994
