DEBUG:root:Under real time Point counter:3.69548797607e-05

DEBUG:root:Real time1487950776.98

DEBUG:root:Too small detection probably wrong
DEBUG:root:Real time1487950777.18

DEBUG:root:Real time1487950777.38

DEBUG:root:Extracted signature:bitarray('10011111111000010011110111000011110111111000011011100110010011100000010110000000111000000011100000011000000100010010010011000110010011111111110011110010111110001100010111100010011101110000011110111000010111110000001011000000111000000111001001010100100111100111001100111000')
DEBUG:root:Matched frame over all scan:1259

DEBUG:root:Errors over all scan:80

DEBUG:root:Result:tau3_fail
DEBUG:root:Match or Not:False
DEBUG:root:Under real time Point counter:1.8835067749e-05

DEBUG:root:Extracted signature:bitarray('10000011111001100000001111111001001111111100010011110110000011110000010111110000111011100011001100010011000100100010110011100111011000001001111111111010111111111111010111111101110101111100000011110000000011000000001110000000101000100101011001011100101110101111011100101000')
DEBUG:root:Matched frame over all scan:1245

DEBUG:root:Errors over all scan:83

DEBUG:root:Result:tau3_fail
DEBUG:root:Match or Not:False
DEBUG:root:Under real time Point counter:2.09808349609e-05

DEBUG:root:Extracted signature:bitarray('10000111111101100000101111001001001111111110010011110110000011110000000111110000011111100011001100010011100100100010110011100111011000001000111111111010111111111111010101111111110100111110010011110000000011000000001110000010101000110101011001011100101110101111011100101000')
DEBUG:root:Matched frame over all scan:1245

DEBUG:root:Errors over all scan:81

DEBUG:root:Result:tau3_fail
DEBUG:root:Match or Not:False
