DEBUG:root:Under real time Point 1486776647.78

DEBUG:root:Under real time Point 0.42590212822

DEBUG:root:Real time1486776648.61

DEBUG:root:Real time1486776649.01

DEBUG:root:Real time1486776649.41

DEBUG:root:Real time1486776649.81

DEBUG:root:Real time1486776650.22

DEBUG:root:Real time1486776650.62

DEBUG:root:Real time1486776651.02

DEBUG:root:Real time1486776651.42

DEBUG:root:673
DEBUG:root:50
DEBUG:root:No match
DEBUG:root:496
DEBUG:root:30
DEBUG:root:Real time1486776651.82

DEBUG:root:760
DEBUG:root:51
DEBUG:root:No match
DEBUG:root:496
DEBUG:root:38
DEBUG:root:Real time1486776652.22

DEBUG:root:763
DEBUG:root:54
DEBUG:root:No match
DEBUG:root:596
DEBUG:root:34
DEBUG:root:Real time1486776652.62

DEBUG:root:408
DEBUG:root:38
DEBUG:root:No match
DEBUG:root:500
DEBUG:root:30
DEBUG:root:Real time1486776653.02

DEBUG:root:193
DEBUG:root:49
DEBUG:root:No match
DEBUG:root:501
DEBUG:root:29
DEBUG:root:Real time1486776653.42

DEBUG:root:193
DEBUG:root:51
DEBUG:root:No match
DEBUG:root:503
DEBUG:root:35
DEBUG:root:Real time1486776653.82

DEBUG:root:495
DEBUG:root:44
DEBUG:root:No match
DEBUG:root:293
DEBUG:root:36
DEBUG:root:Real time1486776654.22

DEBUG:root:490
DEBUG:root:47
DEBUG:root:No match
DEBUG:root:488
DEBUG:root:35
DEBUG:root:Real time1486776654.62

DEBUG:root:494
DEBUG:root:44
DEBUG:root:No match
DEBUG:root:510
DEBUG:root:43
DEBUG:root:Real time1486776655.02

DEBUG:root:497
DEBUG:root:40
DEBUG:root:No match
DEBUG:root:513
DEBUG:root:39
DEBUG:root:Real time1486776655.42

DEBUG:root:498
DEBUG:root:42
DEBUG:root:No match
DEBUG:root:225
DEBUG:root:32
DEBUG:root:Under real time Point 0.406723976135

DEBUG:root:509
DEBUG:root:43
DEBUG:root:No match
DEBUG:root:517
DEBUG:root:27
DEBUG:root:Real time1486776656.23

DEBUG:root:503
DEBUG:root:40
DEBUG:root:No match
DEBUG:root:521
DEBUG:root:33
DEBUG:root:Real time1486776656.63

DEBUG:root:519
DEBUG:root:44
DEBUG:root:No match
DEBUG:root:75
DEBUG:root:37
DEBUG:root:Real time1486776657.03

DEBUG:root:522
DEBUG:root:39
DEBUG:root:No match
DEBUG:root:277
DEBUG:root:39
DEBUG:root:Real time1486776657.43

DEBUG:root:522
DEBUG:root:36
DEBUG:root:No match
DEBUG:root:525
DEBUG:root:34
DEBUG:root:Real time1486776657.83

DEBUG:root:523
DEBUG:root:36
DEBUG:root:No match
DEBUG:root:525
DEBUG:root:33
DEBUG:root:Real time1486776658.23

DEBUG:root:514
DEBUG:root:31
DEBUG:root:No match
DEBUG:root:514
DEBUG:root:31
DEBUG:root:Real time1486776658.63

DEBUG:root:521
DEBUG:root:57
DEBUG:root:No match
DEBUG:root:177
DEBUG:root:33
DEBUG:root:Real time1486776659.03

DEBUG:root:527
DEBUG:root:40
DEBUG:root:No match
DEBUG:root:225
DEBUG:root:31
DEBUG:root:Real time1486776659.43

DEBUG:root:527
DEBUG:root:48
DEBUG:root:No match
DEBUG:root:536
DEBUG:root:33
DEBUG:root:Real time1486776659.83

DEBUG:root:527
DEBUG:root:55
DEBUG:root:No match
DEBUG:root:536
DEBUG:root:38
DEBUG:root:Real time1486776660.24

DEBUG:root:516
DEBUG:root:52
DEBUG:root:No match
DEBUG:root:536
DEBUG:root:38
DEBUG:root:Real time1486776660.64

DEBUG:root:96
DEBUG:root:42
DEBUG:root:No match
DEBUG:root:609
DEBUG:root:32
DEBUG:root:Real time1486776661.04

DEBUG:root:601
DEBUG:root:48
DEBUG:root:No match
DEBUG:root:544
DEBUG:root:31
DEBUG:root:Real time1486776661.44

DEBUG:root:609
DEBUG:root:39
DEBUG:root:No match
DEBUG:root:544
DEBUG:root:33
DEBUG:root:Real time1486776661.84

DEBUG:root:613
DEBUG:root:51
DEBUG:root:No match
DEBUG:root:536
DEBUG:root:38
DEBUG:root:Real time1486776662.24

DEBUG:root:537
DEBUG:root:53
DEBUG:root:No match
DEBUG:root:495
DEBUG:root:41
DEBUG:root:Real time1486776662.64

DEBUG:root:542
DEBUG:root:53
DEBUG:root:No match
DEBUG:root:552
DEBUG:root:39
DEBUG:root:Real time1486776663.04

DEBUG:root:547
DEBUG:root:35
DEBUG:root:No match
DEBUG:root:547
DEBUG:root:35
DEBUG:root:Real time1486776663.44

DEBUG:root:546
DEBUG:root:42
DEBUG:root:No match
DEBUG:root:349
DEBUG:root:36
DEBUG:root:Real time1486776663.84

DEBUG:root:544
DEBUG:root:47
DEBUG:root:No match
DEBUG:root:368
DEBUG:root:36
DEBUG:root:Real time1486776664.24

DEBUG:root:615
DEBUG:root:49
DEBUG:root:No match
DEBUG:root:131
DEBUG:root:28
DEBUG:root:Real time1486776664.64

DEBUG:root:552
DEBUG:root:48
DEBUG:root:No match
DEBUG:root:466
DEBUG:root:38
DEBUG:root:Real time1486776665.04

DEBUG:root:163
DEBUG:root:45
DEBUG:root:No match
DEBUG:root:227
DEBUG:root:39
DEBUG:root:Real time1486776665.44

DEBUG:root:547
DEBUG:root:43
DEBUG:root:No match
DEBUG:root:557
DEBUG:root:41
DEBUG:root:Real time1486776665.84

DEBUG:root:552
DEBUG:root:45
DEBUG:root:No match
DEBUG:root:403
DEBUG:root:39
DEBUG:root:Real time1486776666.24

DEBUG:root:558
DEBUG:root:48
DEBUG:root:No match
DEBUG:root:571
DEBUG:root:36
DEBUG:root:Real time1486776666.64

DEBUG:root:558
DEBUG:root:49
DEBUG:root:No match
DEBUG:root:203
DEBUG:root:36
DEBUG:root:Real time1486776667.04

DEBUG:root:203
DEBUG:root:37
DEBUG:root:No match
DEBUG:root:203
DEBUG:root:37
DEBUG:root:Real time1486776667.44

DEBUG:root:568
DEBUG:root:47
DEBUG:root:No match
DEBUG:root:203
DEBUG:root:39
DEBUG:root:Real time1486776667.84

DEBUG:root:564
DEBUG:root:47
DEBUG:root:No match
DEBUG:root:203
DEBUG:root:39
DEBUG:root:Real time1486776668.24

DEBUG:root:568
DEBUG:root:45
DEBUG:root:No match
DEBUG:root:203
DEBUG:root:31
DEBUG:root:Real time1486776668.65

DEBUG:root:203
DEBUG:root:43
DEBUG:root:No match
DEBUG:root:572
DEBUG:root:35
DEBUG:root:Real time1486776669.05

DEBUG:root:571
DEBUG:root:34
DEBUG:root:No match
DEBUG:root:576
DEBUG:root:32
DEBUG:root:Real time1486776669.45

DEBUG:root:571
DEBUG:root:36
DEBUG:root:No match
DEBUG:root:587
DEBUG:root:34
DEBUG:root:Real time1486776669.85

DEBUG:root:568
DEBUG:root:44
DEBUG:root:No match
DEBUG:root:203
DEBUG:root:32
DEBUG:root:Real time1486776670.25

DEBUG:root:562
DEBUG:root:46
DEBUG:root:No match
DEBUG:root:202
DEBUG:root:40
DEBUG:root:Real time1486776670.65

DEBUG:root:569
DEBUG:root:48
DEBUG:root:No match
DEBUG:root:202
DEBUG:root:38
DEBUG:root:Real time1486776671.05

DEBUG:root:478
DEBUG:root:55
DEBUG:root:No match
DEBUG:root:73
DEBUG:root:31
DEBUG:root:Real time1486776671.45

DEBUG:root:594
DEBUG:root:41
DEBUG:root:No match
DEBUG:root:760
DEBUG:root:39
DEBUG:root:Real time1486776671.85

DEBUG:root:594
DEBUG:root:30
DEBUG:root:No match
DEBUG:root:595
DEBUG:root:23
DEBUG:root:Real time1486776672.25

DEBUG:root:594
DEBUG:root:54
DEBUG:root:No match
DEBUG:root:433
DEBUG:root:35
DEBUG:root:Real time1486776672.65

DEBUG:root:596
DEBUG:root:52
DEBUG:root:No match
DEBUG:root:233
DEBUG:root:36
DEBUG:root:Real time1486776673.05

DEBUG:root:766
DEBUG:root:48
DEBUG:root:No match
DEBUG:root:260
DEBUG:root:33
DEBUG:root:Real time1486776673.45

DEBUG:root:597
DEBUG:root:43
DEBUG:root:No match
DEBUG:root:609
DEBUG:root:34
DEBUG:root:Real time1486776673.85

DEBUG:root:603
DEBUG:root:30
DEBUG:root:No match
DEBUG:root:214
DEBUG:root:28
DEBUG:root:Real time1486776674.25

DEBUG:root:594
DEBUG:root:50
DEBUG:root:No match
DEBUG:root:614
DEBUG:root:34
DEBUG:root:Real time1486776674.65

DEBUG:root:609
DEBUG:root:37
DEBUG:root:No match
DEBUG:root:614
DEBUG:root:33
DEBUG:root:Real time1486776675.05

DEBUG:root:609
DEBUG:root:28
DEBUG:root:No match
DEBUG:root:609
DEBUG:root:28
DEBUG:root:Real time1486776675.45

DEBUG:root:614
DEBUG:root:32
DEBUG:root:No match
DEBUG:root:614
DEBUG:root:32
DEBUG:root:Real time1486776675.85

DEBUG:root:601
DEBUG:root:39
DEBUG:root:No match
DEBUG:root:823
DEBUG:root:36
DEBUG:root:Real time1486776676.26

DEBUG:root:607
DEBUG:root:46
DEBUG:root:No match
DEBUG:root:210
DEBUG:root:34
DEBUG:root:Real time1486776676.66

DEBUG:root:609
DEBUG:root:43
DEBUG:root:No match
DEBUG:root:620
DEBUG:root:18
DEBUG:root:Real time1486776677.06

DEBUG:root:619
DEBUG:root:35
DEBUG:root:No match
DEBUG:root:622
DEBUG:root:25
DEBUG:root:Real time1486776677.46

DEBUG:root:608
DEBUG:root:48
DEBUG:root:No match
DEBUG:root:637
DEBUG:root:32
DEBUG:root:Real time1486776677.86

DEBUG:root:616
DEBUG:root:44
DEBUG:root:No match
DEBUG:root:634
DEBUG:root:32
DEBUG:root:Real time1486776678.26

DEBUG:root:616
DEBUG:root:39
DEBUG:root:No match
DEBUG:root:631
DEBUG:root:22
DEBUG:root:Real time1486776678.66

DEBUG:root:627
DEBUG:root:19
DEBUG:root:Match
DEBUG:root:631
DEBUG:root:16
DEBUG:root:Under real time Point 0.76962184906

DEBUG:root:631
DEBUG:root:17
DEBUG:root:Match
DEBUG:root:631
DEBUG:root:17
DEBUG:root:Under real time Point 0.78924202919

DEBUG:root:628
DEBUG:root:43
DEBUG:root:No match
DEBUG:root:654
DEBUG:root:28
DEBUG:root:Real time1486776680.62

DEBUG:root:637
DEBUG:root:34
DEBUG:root:No match
DEBUG:root:258
DEBUG:root:31
DEBUG:root:Real time1486776681.02

DEBUG:root:628
DEBUG:root:51
DEBUG:root:No match
DEBUG:root:643
DEBUG:root:36
DEBUG:root:Real time1486776681.42

DEBUG:root:637
DEBUG:root:39
DEBUG:root:No match
DEBUG:root:644
DEBUG:root:31
DEBUG:root:Real time1486776681.82

DEBUG:root:629
DEBUG:root:25
DEBUG:root:No match
DEBUG:root:775
DEBUG:root:24
DEBUG:root:Real time1486776682.22

DEBUG:root:628
DEBUG:root:37
DEBUG:root:No match
DEBUG:root:649
DEBUG:root:27
DEBUG:root:Real time1486776682.62

DEBUG:root:637
DEBUG:root:32
DEBUG:root:No match
DEBUG:root:654
DEBUG:root:23
DEBUG:root:Real time1486776683.02

DEBUG:root:638
DEBUG:root:45
DEBUG:root:No match
DEBUG:root:658
DEBUG:root:28
DEBUG:root:Real time1486776683.42

DEBUG:root:637
DEBUG:root:49
DEBUG:root:No match
DEBUG:root:653
DEBUG:root:32
DEBUG:root:Real time1486776683.82

DEBUG:root:654
DEBUG:root:35
DEBUG:root:No match
DEBUG:root:982
DEBUG:root:29
DEBUG:root:Real time1486776684.22

DEBUG:root:651
DEBUG:root:30
DEBUG:root:No match
DEBUG:root:662
DEBUG:root:26
DEBUG:root:Real time1486776684.62

DEBUG:root:651
DEBUG:root:26
DEBUG:root:No match
DEBUG:root:651
DEBUG:root:26
DEBUG:root:Real time1486776685.02

DEBUG:root:651
DEBUG:root:25
DEBUG:root:No match
DEBUG:root:651
DEBUG:root:25
DEBUG:root:Real time1486776685.42

DEBUG:root:664
DEBUG:root:35
DEBUG:root:No match
DEBUG:root:293
DEBUG:root:32
DEBUG:root:Real time1486776685.82

DEBUG:root:648
DEBUG:root:43
DEBUG:root:No match
DEBUG:root:666
DEBUG:root:34
DEBUG:root:Real time1486776686.22

DEBUG:root:656
DEBUG:root:46
DEBUG:root:No match
DEBUG:root:687
DEBUG:root:29
DEBUG:root:Real time1486776686.62

DEBUG:root:648
DEBUG:root:45
DEBUG:root:No match
DEBUG:root:754
DEBUG:root:36
DEBUG:root:Real time1486776687.02

DEBUG:root:667
DEBUG:root:50
DEBUG:root:No match
DEBUG:root:853
DEBUG:root:29
DEBUG:root:Real time1486776687.42

DEBUG:root:666
DEBUG:root:48
DEBUG:root:No match
DEBUG:root:675
DEBUG:root:30
DEBUG:root:Real time1486776687.83

DEBUG:root:669
DEBUG:root:43
DEBUG:root:No match
DEBUG:root:674
DEBUG:root:28
DEBUG:root:Real time1486776688.23

DEBUG:root:689
DEBUG:root:31
DEBUG:root:No match
DEBUG:root:95
DEBUG:root:25
