DEBUG:root:Under real time Point counter:3.40938568115e-05

DEBUG:root:Real time1487950085.77

DEBUG:root:Real time1487950085.97

DEBUG:root:Under real time Point counter:3.69548797607e-05

DEBUG:root:Too small detection probably wrong
DEBUG:root:Real time1487950155.76

DEBUG:root:Real time1487950155.96

DEBUG:root:Real time1487950156.17

DEBUG:root:Real time1487950156.37

DEBUG:root:Under real time Point counter:2.00271606445e-05

DEBUG:root:Real time1487950189.99

DEBUG:root:Real time1487950190.19

DEBUG:root:Real time1487950190.39

DEBUG:root:Real time1487950190.59

DEBUG:root:Extracted signature:bitarray('11111001111011000110100110000001101101100110100011010011100011111011000111001100111100000011100000110000000101100011110011100100101100011111000001111011111111100000011111111000110111111100011011111100011001110000110111000011011000010011000110100001010000010000100010010000')
DEBUG:root:Matched frame over all scan:1754

DEBUG:root:Errors over all scan:83

DEBUG:root:Result:tau2_fail
DEBUG:root:Match or Not:False
DEBUG:root:Real time1487950190.79

DEBUG:root:Extracted signature:bitarray('11111000111011000111000111000001101101100110000011010011100011110011001111001100111100000011000000110000000101100011110011100100101100011111000000111011111111100000011111111000110111111100011011111100011001110000110011000011011000000111000000100000010000010000100010010000')
DEBUG:root:Matched frame over all scan:1754

DEBUG:root:Errors over all scan:82

DEBUG:root:Result:tau3_fail
DEBUG:root:Match or Not:False
DEBUG:root:Real time1487950190.99

DEBUG:root:Extracted signature:bitarray('11111000111111000111100110010001101101100110000011110011100011110001101111001100011100000011100000110000000101100011110011100100101110011111000001111011111111100110011111111000110111111100011011111100011001111000110011000011011000010011000110100001010000010000100010010000')
DEBUG:root:Matched frame over all scan:95

DEBUG:root:Errors over all scan:82

DEBUG:root:Result:tau2_fail
DEBUG:root:Match or Not:False
DEBUG:root:Real time1487950191.19

DEBUG:root:Extracted signature:bitarray('10011001111111000011001110011011100001100110110000010011110001100011100111001100111100000011100000110000000101100011110011100101101100011110000001111010111111100000010111111000110101111100011010111100011001010000110010000011011000010011000110100001010000010000100011010000')
DEBUG:root:Matched frame over all scan:95

DEBUG:root:Errors over all scan:80

DEBUG:root:Result:tau3_fail
DEBUG:root:Match or Not:False
DEBUG:root:Real time1487950191.39

DEBUG:root:Extracted signature:bitarray('10000001111111000000001110011100000011100111000010110011100001111100100001111001010110000111100000110001000101100001110001110011111111100000011111111010100011111111010110111100110101111110011000111110011000110001111000000111110000111100111111001111110100111001101111010000')
DEBUG:root:Matched frame over all scan:1610

DEBUG:root:Errors over all scan:97

DEBUG:root:Result:tau2_fail
DEBUG:root:Match or Not:False
DEBUG:root:Real time1487950191.6

DEBUG:root:Extracted signature:bitarray('11000001111111001000001111110000000011100111000001110011100001110111100011111001001100000101100001110010011011001111001110000101101111101100011111111010110011111110010110011111110101000111111010101111111000111111110001111111010110111010100111000000110000110111001100110000')
DEBUG:root:Matched frame over all scan:1952

DEBUG:root:Errors over all scan:80

DEBUG:root:Result:tau2_fail
DEBUG:root:Match or Not:False
DEBUG:root:Real time1487950191.8

DEBUG:root:Extracted signature:bitarray('11000001111111000000001111111000000011100111000000110011100000111111100001111001001111000001100000011010011111001111001110011101101111101010001111111010111001111111010110011111110101001111111000111111111010111111110001111111010110111010100111000001110001110111001100111000')
DEBUG:root:Matched frame over all scan:1397

DEBUG:root:Errors over all scan:79

DEBUG:root:Result:tau3_fail
DEBUG:root:Match or Not:False
DEBUG:root:Real time1487950192.0

DEBUG:root:Extracted signature:bitarray('10111100110000011110110000000011111100000000110000110000010000110000110001100000110110000010111000011110001111000111000110000101101111111100001111011011100111011010011010110110100101011011101011011001001010010010010111101001111001000100110001111000011000010000000101101000')
DEBUG:root:Matched frame over all scan:1143

DEBUG:root:Errors over all scan:77

DEBUG:root:Result:tau3_fail
DEBUG:root:Match or Not:False
DEBUG:root:Real time1487950192.2

DEBUG:root:Extracted signature:bitarray('10110100110000011110110000000011101100000000110000110000010000110000110001100001110110000010111000011110001111000111000110000101101111111100001110011011100111010011011010110110100101011011101010001001001010010010010101101001011011000110110001111100011000010001000101101000')
DEBUG:root:Matched frame over all scan:1143

DEBUG:root:Errors over all scan:67

DEBUG:root:Result:tau3_fail
DEBUG:root:Match or Not:False
DEBUG:root:Real time1487950192.4

DEBUG:root:Extracted signature:bitarray('10110110010000011100110010000011001100100000100010011000010010010000011100100000110010000010010000010110000111000011000010000101101111110110001110010011000110110010011001100100000100011011000010011011111010110110110101111001011011001010110011111001011000010001011101101000')
DEBUG:root:Matched frame over all scan:534

DEBUG:root:Errors over all scan:79

DEBUG:root:Result:tau3_fail
DEBUG:root:Match or Not:False
DEBUG:root:Real time1487950192.6

DEBUG:root:Extracted signature:bitarray('10011101110000011110111100000011111001000000100000110000010000110000010001100000101110000010111000011110000111000111000110001100101111111100001111011011100111011011011010110010100101001011100010001001101010010011110101101001011101000110110000111100011100110001000101101000')
DEBUG:root:Matched frame over all scan:1143

DEBUG:root:Errors over all scan:78

DEBUG:root:Result:tau3_fail
DEBUG:root:Match or Not:False
DEBUG:root:Real time1487950192.8

DEBUG:root:Extracted signature:bitarray('10010100110000011110110010000011111100100000110000010000010000110000011101100000111110000010111000011110000111000111000010000101101111111100001111011011100011011010011010110110100101011111101010001011101010010011110101101001011111000010110000111100011100010000000101101000')
DEBUG:root:Matched frame over all scan:559

DEBUG:root:Errors over all scan:78

DEBUG:root:Result:tau3_fail
DEBUG:root:Match or Not:False
DEBUG:root:Real time1487950193.0

DEBUG:root:Extracted signature:bitarray('10010100110000011110110010000011001100100000110000110000010000110000010101100000110110000010111000011110000111000111000010001101101111111100001110011011100111011011011010110110100101011011100010001011101010010011110101101001011011000010110000111100011000010001000101101000')
DEBUG:root:Matched frame over all scan:1143

DEBUG:root:Errors over all scan:77

DEBUG:root:Result:tau3_fail
DEBUG:root:Match or Not:False
DEBUG:root:Real time1487950193.2

DEBUG:root:Extracted signature:bitarray('10010100110000011110110110000011011000000000100000110000010000110000110001100000111110000010111000011110000111000111000110001101101111111100001111011011100011011011011010110010100101011011100010001001101010010011110101101001011101000110110000111100011100010001000101101000')
DEBUG:root:Matched frame over all scan:1143

DEBUG:root:Errors over all scan:76

DEBUG:root:Result:tau3_fail
DEBUG:root:Match or Not:False
DEBUG:root:Real time1487950193.4

DEBUG:root:Extracted signature:bitarray('10010100110000011110110000000011111000000000111000110000010000110000010001100000110110000010111000011110000111000111000110001100101111111100001110011011100111011011011010110010100101011011100010001001101010010011010101101001011101000110110000111100011100010000000101111000')
DEBUG:root:Matched frame over all scan:1143

DEBUG:root:Errors over all scan:73

DEBUG:root:Result:tau3_fail
DEBUG:root:Match or Not:False
DEBUG:root:Real time1487950193.6

DEBUG:root:Extracted signature:bitarray('10010100110000010110110010000011111100000000110000010000010000110000011101100000111110000010111000011110000111000111000010000100101111111100001110010011100011011010011010110110100101011111101010001011101010010011110101101001011111000010110000111100011100010000100101111000')
DEBUG:root:Matched frame over all scan:559

DEBUG:root:Errors over all scan:77

DEBUG:root:Result:tau3_fail
DEBUG:root:Match or Not:False
DEBUG:root:Real time1487950193.8

DEBUG:root:Extracted signature:bitarray('10010100110000010110110010000011001100100000100000110000010000110000011101100000110110000010111000011110000111000111000010000100101111111100001110011011100111011011011010110110100101011011100010001011111010010011110101101001011001000110110000111100011100010010000101111000')
DEBUG:root:Matched frame over all scan:1143

DEBUG:root:Errors over all scan:83

DEBUG:root:Result:tau3_fail
DEBUG:root:Match or Not:False
DEBUG:root:Real time1487950194.0

DEBUG:root:Extracted signature:bitarray('10010100110000010110110010000011111100000000110000110000010000110000011101100000111110000010111000011110000111000111000010000100001111111100001110010011100111011011011010110110100101011111100010001011101010010011110101101001011101000110110000111100011100010000100101111000')
DEBUG:root:Matched frame over all scan:1143

DEBUG:root:Errors over all scan:77

DEBUG:root:Result:tau3_fail
DEBUG:root:Match or Not:False
DEBUG:root:Real time1487950194.2

DEBUG:root:Extracted signature:bitarray('10010100110000010110111100000011111000000000111000110000010000110000011001100000111110000010111000011110000111000111000010000100000111111100001111011011100011011011011010110010100101011111100010001001101010010011110101101001011101000110110000111100011100010010000101111000')
DEBUG:root:Matched frame over all scan:1143

DEBUG:root:Errors over all scan:81

DEBUG:root:Result:tau3_fail
DEBUG:root:Match or Not:False
DEBUG:root:Real time1487950194.4

DEBUG:root:Extracted signature:bitarray('10110000110111110111000010000111110000000011111000100011110000110001110001111001000011110000011000000100011000011101111101111011101111100110000111110010111000111110010110000100010101001110011110111111000100111111001001111100100101111000000110001111001111001110011011010000')
DEBUG:root:Matched frame over all scan:2902

DEBUG:root:Errors over all scan:89

DEBUG:root:Result:tau3_fail
DEBUG:root:Match or Not:False
DEBUG:root:Real time1487950194.6

DEBUG:root:Extracted signature:bitarray('10110000111111110011000110010110110000000110111000100011010000110011110001111111000111111001111001101100011100011101111101111011111111110110000111110010011000111100010110000100010101100010111010111111111100111111001001101110100100111101000110100011000111101110011011010000')
DEBUG:root:Matched frame over all scan:2921

DEBUG:root:Errors over all scan:87

DEBUG:root:Result:tau3_fail
DEBUG:root:Match or Not:False
DEBUG:root:Real time1487950194.8

DEBUG:root:Extracted signature:bitarray('10010000111111110111000110010110110000000000111000000011010000011011110000111110000111110000110001001100011100001110011101111011111111110010000111110010011000111100010111001100010101100000011110110010011100111111001001111110100110011101100110100001010111101110011011010000')
DEBUG:root:Matched frame over all scan:966

DEBUG:root:Errors over all scan:94

DEBUG:root:Result:tau2_fail
DEBUG:root:Match or Not:False
DEBUG:root:Real time1487950195.0

DEBUG:root:Extracted signature:bitarray('11111000111111100111000001111001110011000111011001110111110000110111100000001111011100001101110001101100011110000110000111100100010011110000111111110000100111111110001100111111000000111111110100111110011100111100011001110001101110001101100011010000101100101101010101101000')
DEBUG:root:Matched frame over all scan:1599

DEBUG:root:Errors over all scan:81

DEBUG:root:Result:tau2_fail
DEBUG:root:Match or Not:False
DEBUG:root:Real time1487950195.2

DEBUG:root:Extracted signature:bitarray('11111000111111100111000100111101110011000011011001110111110001110111100111100111011110001101110001011100000110000110000110111010010011111000111111110001000011111100000100111111000000111111110000111110001100111100001001110000101110000101100001010000101000101001010101101000')
DEBUG:root:Matched frame over all scan:2755

DEBUG:root:Errors over all scan:83

DEBUG:root:Result:tau2_fail
DEBUG:root:Match or Not:False
DEBUG:root:Real time1487950195.4

DEBUG:root:Extracted signature:bitarray('11111000111111010111000110101101110001000011011001110111110001110011000101100111011110001101110001101100011110000110000110100110010011111000111111110001000111111100000101111111000000111111110000111110001100111100001001110000101110000101100001010000101000101101010101101000')
DEBUG:root:Matched frame over all scan:1394

DEBUG:root:Errors over all scan:82

DEBUG:root:Result:tau3_fail
DEBUG:root:Match or Not:False
DEBUG:root:Real time1487950195.6

DEBUG:root:Extracted signature:bitarray('11111000111111010111000100001101110011000011011001110111110000110111100101100111011100001101110001101100010110000110000110101110010011111000111111110000000111111100001101111111000000111111110100111110001100111100001001110000101110001101100011010000101000101001010101101000')
DEBUG:root:Matched frame over all scan:1599

DEBUG:root:Errors over all scan:86

DEBUG:root:Result:tau2_fail
DEBUG:root:Match or Not:False
DEBUG:root:Real time1487950195.81

DEBUG:root:Extracted signature:bitarray('11110000111111100111000000011101110011000011011001110011110000110111100110100111011100001111100001011000000100000010000110111011010011111000011111110000010011111100000101111111000000111111100100111110001100111100001001110000101110001101000011010000101000101001010101111000')
DEBUG:root:Matched frame over all scan:1038

DEBUG:root:Errors over all scan:86

DEBUG:root:Result:tau3_fail
DEBUG:root:Match or Not:False
DEBUG:root:Real time1487950196.01

DEBUG:root:Extracted signature:bitarray('10111000111111000111000000011001110011000111011001100011110001110111100101100111011100011101110001101100011011000111000011000100010011110000111111110000110111111100001001111111000000111111110100111110011100111100011001110001101110001101000011010000101110101101010101101000')
DEBUG:root:Matched frame over all scan:2447

DEBUG:root:Errors over all scan:86

DEBUG:root:Result:tau1_fail
DEBUG:root:Match or Not:False
DEBUG:root:Real time1487950196.21

DEBUG:root:Extracted signature:bitarray('11111000111111001111000000100001110011000001011000110111110000110111100100101111010100111100111011100111100011110011110011100100010010001000111111100001100111111100001001111111000001111111110100111110011100111100011001110001100110011100011101001110001110101001000101101000')
DEBUG:root:Matched frame over all scan:1647

DEBUG:root:Errors over all scan:89

DEBUG:root:Result:tau2_fail
DEBUG:root:Match or Not:False
DEBUG:root:Real time1487950196.41

DEBUG:root:Extracted signature:bitarray('11111000111111001111000000100001110001000000011000110110110000110111100100101111010100111100111011100111100011110011110011100100010010001000111111100001100111111100001001111111000001111111110100111110011100111100011001110001100110011100011101001110001110101001010101101000')
DEBUG:root:Matched frame over all scan:2569

DEBUG:root:Errors over all scan:88

DEBUG:root:Result:tau3_fail
DEBUG:root:Match or Not:False
DEBUG:root:Real time1487950196.61

DEBUG:root:Extracted signature:bitarray('11111000111111001111000100100001110011000001011000110110110000110111100000101111010100111100111111100111100011110001110001100100010010101100111111100000100111111100001001111111000001111111110100111110011100111100011001110011101100011100011101001110001110101001010101101000')
DEBUG:root:Matched frame over all scan:2946

DEBUG:root:Errors over all scan:84

DEBUG:root:Result:tau2_fail
DEBUG:root:Match or Not:False
DEBUG:root:Real time1487950196.81

DEBUG:root:Extracted signature:bitarray('11111000111111101111000100100001110001001000011000110110110000110111100100101111010100111100111111100111100011110001110011100100010010101001111111100000100111111100001001111111000001111111110100111110011100111100011001110011100100111100011101001110001110101001010101101000')
DEBUG:root:Matched frame over all scan:2946

DEBUG:root:Errors over all scan:84

DEBUG:root:Result:tau2_fail
DEBUG:root:Match or Not:False
DEBUG:root:Real time1487950197.01

DEBUG:root:Extracted signature:bitarray('11111000111111001111000000100001110011001000011000110110110000110111100000101111010100111100111111100111100011110011110011100100010010001000111111110001100111111100001001111111000001111111110100111100011100111100011001110001101110011100011101001110101110101001010101101000')
DEBUG:root:Matched frame over all scan:2933

DEBUG:root:Errors over all scan:84

DEBUG:root:Result:tau2_fail
DEBUG:root:Match or Not:False
DEBUG:root:Real time1487950197.21

DEBUG:root:Extracted signature:bitarray('11111000111111101111000000100101110011000001011001110110110000110111100100101111010100111100101111100111110011110001110011100100010010001100111111110000100111111100001001111111000000111111110100111100011100111100111001110011101100011100101101001110101110101001010100101000')
DEBUG:root:Matched frame over all scan:1647

DEBUG:root:Errors over all scan:87

DEBUG:root:Result:tau2_fail
DEBUG:root:Match or Not:False
DEBUG:root:Real time1487950197.41

DEBUG:root:Extracted signature:bitarray('11111000111111101111100010000101110011000001011001110100110000110111100100101111010000111100001111100111111010110000110001100100010010001101111111110000101111111100000011111111000000111111110100111110011100111000111001100011101100011101001111001110101110101001010100101000')
DEBUG:root:Matched frame over all scan:396

DEBUG:root:Errors over all scan:86

DEBUG:root:Result:tau3_fail
DEBUG:root:Match or Not:False
DEBUG:root:Real time1487950197.61

DEBUG:root:Extracted signature:bitarray('11111000111111101111000010000101110011000001011001100000110000110111100000101111010001111100001101100111110010110000111001100110010010011101111111110001100111111100001001111111000000111111100100111110011100111100111001100011101000011101001111000111101110101001010101101000')
DEBUG:root:Matched frame over all scan:2456

DEBUG:root:Errors over all scan:90

DEBUG:root:Result:tau1_fail
DEBUG:root:Match or Not:False
DEBUG:root:Real time1487950197.81

DEBUG:root:Extracted signature:bitarray('11111000111111001111000110000001110001000001011001100100110000110110000001101111010001111100001111100111110010110000111001100010010010001001111111110001001111111100001001111111000000111111100100111110011100111000111001100111101000111100001111001110101100101001010101101000')
DEBUG:root:Matched frame over all scan:396

DEBUG:root:Errors over all scan:89

DEBUG:root:Result:tau2_fail
DEBUG:root:Match or Not:False
DEBUG:root:Real time1487950198.01

DEBUG:root:Extracted signature:bitarray('11111000111111001111000100000001110001000001011001100000110001110110110001101111010000111100001111100111110010111000111101110010010010011001111111110001100111111100001001111110000001111111000100111110011100111000111001100111101000111100001111001110101100101001010101101000')
DEBUG:root:Matched frame over all scan:396

DEBUG:root:Errors over all scan:88

DEBUG:root:Result:tau2_fail
DEBUG:root:Match or Not:False
DEBUG:root:Real time1487950198.21

DEBUG:root:Extracted signature:bitarray('11111000111111001111000010000001110001000001111001100000110001110110110001101111010001111100001111100111100010111000111101111010010000011001111111100001000111111100001001111110000000111111000100111110011100111100111001100011101000111100001111001110101110101001010101101000')
DEBUG:root:Matched frame over all scan:1699

DEBUG:root:Errors over all scan:88

DEBUG:root:Result:tau3_fail
DEBUG:root:Match or Not:False
DEBUG:root:Real time1487950198.41

DEBUG:root:Extracted signature:bitarray('11111000110111001111000100000001110011000001110001100000110001110110010001101110010001111100001111100111100010111000011101111011010000011001111111100001100111111000001001111110000001111111000100111110011100111100111001000111100000111100001111001110101100101001010101101000')
DEBUG:root:Matched frame over all scan:106

DEBUG:root:Errors over all scan:90

DEBUG:root:Result:tau3_fail
DEBUG:root:Match or Not:False
DEBUG:root:Real time1487950198.61

DEBUG:root:Extracted signature:bitarray('11111000110111001111000110000101110011000001110001100000110001100110000001101110010001111100001111100111100011011000011101111011010000011001111111100001100111111100001001111110001001111111000100111110011100111100111001000111100000111100001111001110101100101001010101101000')
DEBUG:root:Matched frame over all scan:106

DEBUG:root:Errors over all scan:90

DEBUG:root:Result:tau3_fail
DEBUG:root:Match or Not:False
DEBUG:root:Real time1487950198.81

DEBUG:root:Extracted signature:bitarray('11111000110111001111000110000001110001000001110001100000110001100110000001001110010001111100001111100111100011111000011101111011010010011001111111100001000111111000001001111110001001111111000100111110011100111000111001000111100000111100011111001110101100101001010101111000')
DEBUG:root:Matched frame over all scan:106

DEBUG:root:Errors over all scan:88

DEBUG:root:Result:tau3_fail
DEBUG:root:Match or Not:False
DEBUG:root:Real time1487950199.01

DEBUG:root:Extracted signature:bitarray('11111000110111001111000100000101110011000001110001100100110001100110000001001110010001111100001111100111110011111000111101111010010110011001111111100001000111111000001001111110001001111111000100111110011100111100111001000111100000111100011111001110101100101001010101101000')
DEBUG:root:Matched frame over all scan:2946

DEBUG:root:Errors over all scan:86

DEBUG:root:Result:tau2_fail
DEBUG:root:Match or Not:False
DEBUG:root:Real time1487950199.21

DEBUG:root:Extracted signature:bitarray('11111000110111001111000100000101110011000011110001110000110000110110000000001111000000111100001101101111111001110001110011000100010010011001111111100001001111111100001011111110001001111111001100111100011100111000111001100011100100111100111111001110101110100001000100101000')
DEBUG:root:Matched frame over all scan:2923

DEBUG:root:Errors over all scan:88

DEBUG:root:Result:tau2_fail
DEBUG:root:Match or Not:False
DEBUG:root:Real time1487950199.42

DEBUG:root:Extracted signature:bitarray('11111000111111101111000100000101110011000011110001110110110000110111000000001111000000111100001111101111111001110001110011000100010010011001111111100001001111111000001011111110001001111111001100111100011100111000111001100011100110011100111101001110101110100001000100101000')
DEBUG:root:Matched frame over all scan:2932

DEBUG:root:Errors over all scan:90

DEBUG:root:Result:tau2_fail
DEBUG:root:Match or Not:False
DEBUG:root:Real time1487950199.62

DEBUG:root:Extracted signature:bitarray('11111000111111101111000100000101110011000001110001110110110000110111000000101111000000111100011111101111100001110001110011000100010010011001111111100001001111111100000011111110001001111111000100111100011100111000111001100011100110111100111101001110001110101001100100101000')
DEBUG:root:Matched frame over all scan:2921

DEBUG:root:Errors over all scan:89

DEBUG:root:Result:tau2_fail
DEBUG:root:Match or Not:False
DEBUG:root:Under real time Point counter:0.207607030869

DEBUG:root:Extracted signature:bitarray('11111000110111101111000100000101110011000011010001100111110000110111100000001111000000111100011111101111100001110001110011000100010010011001111111100001001111111000000011111110001001111111001100111100011100111000111001100011100110111100111101001110001110110001100100101000')
DEBUG:root:Matched frame over all scan:56

DEBUG:root:Errors over all scan:91

DEBUG:root:Result:tau3_fail
DEBUG:root:Match or Not:False
DEBUG:root:Real time1487950200.02

DEBUG:root:Extracted signature:bitarray('11111000111111101111000000000101100011000011010001100111110000110111100000001111000001111100111111101111100001110001110011000100010010011001111111100001001111111100000001111110001001111111101100111100011100111000111001110011100110111100111101001110001110101001100100101000')
DEBUG:root:Matched frame over all scan:2946

DEBUG:root:Errors over all scan:84

DEBUG:root:Result:tau2_fail
DEBUG:root:Match or Not:False
DEBUG:root:Real time1487950200.22

DEBUG:root:Extracted signature:bitarray('11111000111100101111000100000101110011000011010001100111110000110111000000001111000001111100111111101111100001110001110011000100010010010001111111100001001111111000000011111110000001111111111100111100011100111000111001100011100111111100111101001110101110101001100100101000')
DEBUG:root:Matched frame over all scan:2932

DEBUG:root:Errors over all scan:85

DEBUG:root:Result:tau2_fail
DEBUG:root:Match or Not:False
DEBUG:root:Real time1487950200.42

DEBUG:root:Extracted signature:bitarray('11111000111101101111000100001101100011000011010001100111110000110111000000001111000001111100111111101111100011110001110011000100010010010001111111100001001111111000000011111110001001111100111100111100011100111000111001100011100110111100111101001110101110101001100100101000')
DEBUG:root:Matched frame over all scan:2932

DEBUG:root:Errors over all scan:83

DEBUG:root:Result:tau3_fail
DEBUG:root:Match or Not:False
DEBUG:root:Real time1487950200.62

DEBUG:root:Extracted signature:bitarray('11111000111100101111000100001101100011000011010001100111110000110111100000001111000000111100101111101111100001110001110011000100010000010001111111100000001111111000000011111110001001111100111100111100011100111000111001100011100111111100111101001110101110101001100100101000')
DEBUG:root:Matched frame over all scan:2932

DEBUG:root:Errors over all scan:83

DEBUG:root:Result:tau2_fail
DEBUG:root:Match or Not:False
DEBUG:root:Real time1487950200.83

DEBUG:root:Extracted signature:bitarray('11111000111111101111000100001101100011000011010001100111110000110111100000001111000001111100111111101111100011110001110011000100010000010001111111100000001111111000000011111110001001111110111100111100011100111000111001110011100111111100111101001110101110101001100100101000')
DEBUG:root:Matched frame over all scan:2932

DEBUG:root:Errors over all scan:78

DEBUG:root:Result:tau3_fail
DEBUG:root:Match or Not:False
DEBUG:root:Real time1487950201.03

DEBUG:root:Extracted signature:bitarray('11110000111111101111001100001101100011000011010001100111110000110111100001001111000001111100111111101111100001110001110011000100010010010001111111100001001111111000000011111110001001111100111100111100011100111000111001100011100110111100111101001110001110101001100100101000')
DEBUG:root:Matched frame over all scan:2932

DEBUG:root:Errors over all scan:82

DEBUG:root:Result:tau3_fail
DEBUG:root:Match or Not:False
DEBUG:root:Real time1487950201.23

DEBUG:root:Extracted signature:bitarray('11110000111101001111000100001101100011000011110001100111110000110111000000001111000001111100001111101111100001110001110011000100010000010001111111100000001111111000000011111110001001111110111100111100011100111000111001100011100111111100111101001110101110101001100100101000')
DEBUG:root:Matched frame over all scan:2932

DEBUG:root:Errors over all scan:81

DEBUG:root:Result:tau3_fail
DEBUG:root:Match or Not:False
DEBUG:root:Real time1487950201.43

DEBUG:root:Extracted signature:bitarray('11110000111111001110001100001101100011000011110001100111110000110111000000001111000001111100111111101111100001110001110011000100010000010001111111100001001111111000000011111110001001111110111100111100011100111000111001100011100011111100111101001110101110101001100100101000')
DEBUG:root:Matched frame over all scan:2932

DEBUG:root:Errors over all scan:80

DEBUG:root:Result:tau3_fail
DEBUG:root:Match or Not:False
DEBUG:root:Real time1487950201.63

DEBUG:root:Extracted signature:bitarray('11110000111111101110001000001101100011000011110001100111110000100111100000001111000000111100111111101111100001110001110011000100010000010001111111100001001111111000000111111110001001111100101100111100011100111000111001100011100110111100111101001110001110101001100100101000')
DEBUG:root:Matched frame over all scan:2932

DEBUG:root:Errors over all scan:85

DEBUG:root:Result:tau3_fail
DEBUG:root:Match or Not:False
DEBUG:root:Real time1487950201.83

DEBUG:root:Extracted signature:bitarray('11111000101111101110011100001101100011000011110001100111110000110111000000001111001000111100110111101111100011110001110011000100010000011001111111100001011111111000000111111100001001111110001100111100010100111000111011100011100110011100111101001110001110101001100100100000')
DEBUG:root:Matched frame over all scan:1955

DEBUG:root:Errors over all scan:86

DEBUG:root:Result:tau3_fail
DEBUG:root:Match or Not:False
DEBUG:root:Real time1487950202.03

DEBUG:root:Extracted signature:bitarray('11110000101111101110001100001101100011000011010001100111110000110111100000001111000100111100100111100111100011110001100011001100000001110001111111100000001111111000000011111110001001111100111100111100011100111000011011110011100000111100011100001110001110101001000100110000')
DEBUG:root:Matched frame over all scan:2892

DEBUG:root:Errors over all scan:82

DEBUG:root:Result:tau3_fail
DEBUG:root:Match or Not:False
DEBUG:root:Real time1487950202.23

DEBUG:root:Extracted signature:bitarray('11111000111111101110011000001101100111001011010001100111110000100111100000001111001100111100100111100111100011110011100111000100010011110001111111100001001111111000000001111111001001111110111100111100011100111000011011110001101000011100001100001110101110101001000110110000')
DEBUG:root:Matched frame over all scan:1196

DEBUG:root:Errors over all scan:87

DEBUG:root:Result:tau3_fail
DEBUG:root:Match or Not:False
DEBUG:root:Real time1487950202.43

DEBUG:root:Extracted signature:bitarray('11110000101101101110011100001101100011001011010001100111110000100111100000001111000100111100100111100111100011110001100111001100010011110001111111100001001111111000000011111111001001111100111100111100011100111000001011100001101000111100001100001110101110101001000110110000')
DEBUG:root:Matched frame over all scan:2892

DEBUG:root:Errors over all scan:84

DEBUG:root:Result:tau3_fail
DEBUG:root:Match or Not:False
DEBUG:root:Real time1487950202.63

DEBUG:root:Extracted signature:bitarray('11110000011111101110011000001101100111000011010001100111100000100111100000001111000100011100110111100111100011110001110011000100010011110001111111110001001111111000000001111111001001111110111100111110011100111100001011110001101000011101001110001111101111101101000110110000')
DEBUG:root:Matched frame over all scan:2892

DEBUG:root:Errors over all scan:80

DEBUG:root:Result:tau2_fail
DEBUG:root:Match or Not:False
DEBUG:root:Real time1487950202.83

DEBUG:root:Extracted signature:bitarray('11110000111111101110011100001101100011001011010001100111110000100111100000001111000100011100100111000111100011110001100110000100010111110001111111100001001111111000000011111111000001111110111100111100011100111000001011100001101000111101001110001111101110101001000110110000')
DEBUG:root:Matched frame over all scan:2921

DEBUG:root:Errors over all scan:85

DEBUG:root:Result:tau2_fail
DEBUG:root:Match or Not:False
DEBUG:root:Real time1487950203.03

DEBUG:root:Extracted signature:bitarray('11110000011111101110011000001101100111001011010001100111100000100111100000001111000100111100100111100111100011110001110111000100010111110001111111100001001111111000000001111110000001111110111100111110011100111000001011100001101000011101001110001111101110101001000110110000')
DEBUG:root:Matched frame over all scan:2921

DEBUG:root:Errors over all scan:87

DEBUG:root:Result:tau2_fail
DEBUG:root:Match or Not:False
DEBUG:root:Real time1487950203.23

DEBUG:root:Extracted signature:bitarray('11110000110111101110011000011101100111000111010001100111010000100110000001001111001100011100111001101110011011010011110011000100010010010001111111100001001111111000000101111110010000111110111100111110010100111100001011110000101110001101000111010111101111101111010100101000')
DEBUG:root:Matched frame over all scan:2447

DEBUG:root:Errors over all scan:87

DEBUG:root:Result:tau1_fail
DEBUG:root:Match or Not:False
DEBUG:root:Real time1487950203.43

DEBUG:root:Extracted signature:bitarray('11100000000111111110000000111111100010001111110001100010110001100010010111000100111000100010001100010010000111000010000010011011101111101111110001110110111110011100110111111111111101111110011010111110011010111000110111100000011000000011000000110000011000010001011101101000')
DEBUG:root:Matched frame over all scan:1036

DEBUG:root:Errors over all scan:72

DEBUG:root:Result:tau3_fail
DEBUG:root:Match or Not:False
DEBUG:root:Real time1487950203.63

DEBUG:root:Extracted signature:bitarray('11000010001101111000011000001110000110000011100001000100110001000110010100001100100001100110001100000110000111000010001100111011101111110000011111100011000111111100110001111110000100111011001110110011001110100110111100010011110010011101100111010011110011100111011101101000')
DEBUG:root:Matched frame over all scan:2275

DEBUG:root:Errors over all scan:93

DEBUG:root:Result:tau1_fail
DEBUG:root:Match or Not:False
DEBUG:root:Real time1487950203.83

DEBUG:root:Extracted signature:bitarray('11100000011000011000000011000010000000000001100001000001110001100001110011000111100100010010000110010001100100110001100011001100110111111001100011000110001100011001110011000110010101100011001110100010011110001100111100100011110100111010001110100110100110100101000101101000')
DEBUG:root:Matched frame over all scan:729

DEBUG:root:Errors over all scan:81

DEBUG:root:Result:tau3_fail
DEBUG:root:Match or Not:False
DEBUG:root:Real time1487950204.04

DEBUG:root:Extracted signature:bitarray('10001111100010010000111011011010011110110000011110011101101110011111100100011111011001111101001111100011111001111101101101001100111111110011111000100110011110001111110111100011111111110001111111110001001111100000010111000011011000000011001100110110011000011000100010001000')
DEBUG:root:Matched frame over all scan:932

DEBUG:root:Errors over all scan:89

DEBUG:root:Result:tau3_fail
DEBUG:root:Match or Not:False
DEBUG:root:Real time1487950204.24

DEBUG:root:Extracted signature:bitarray('10011111100011001011111111011001111101110111011110011001101110011001101100111111011001111101001111100011100001111100101101001100101111111111001000111101111011001111101111100011111011110001111111110001001111100000011111000010011000000011001100110110011000011000100010001000')
DEBUG:root:Matched frame over all scan:1487

DEBUG:root:Errors over all scan:83

DEBUG:root:Result:tau3_fail
DEBUG:root:Match or Not:False
DEBUG:root:Real time1487950204.44

DEBUG:root:Extracted signature:bitarray('10011111100010001011111111010001111111110000011110011100001110011111101100011111011001111101001111100011111001111100101101001100101111111111001000111101111011001111101111100011111011110001111111110001001111100000010111000011011000000011001100110110011000011000100010001000')
DEBUG:root:Matched frame over all scan:1487

DEBUG:root:Errors over all scan:83

DEBUG:root:Result:tau3_fail
DEBUG:root:Match or Not:False
DEBUG:root:Real time1487950204.64

DEBUG:root:Extracted signature:bitarray('11111111110010001111111111010001111100110000011110011100001110011111100100011111011001111101001111100011111001111101100101001100100111111111001000111101111011001111101111100011111011110001111111010001001111100000011111000010011000010011001000110100011100011000100010011000')
DEBUG:root:Matched frame over all scan:1487

DEBUG:root:Errors over all scan:81

DEBUG:root:Result:tau3_fail
DEBUG:root:Match or Not:False
DEBUG:root:Under real time Point counter:0.235140800476

DEBUG:root:Extracted signature:bitarray('11111111110000001111111111000001111110110000011110011100101110011111100100011111011001111001001110000011100001110001100111001101111111111111001000001101111011000111101110100011111011110001111111010000001111100000010111000010011000110010001100100110010110011101011101101000')
DEBUG:root:Matched frame over all scan:1209

DEBUG:root:Errors over all scan:86

DEBUG:root:Result:tau3_fail
DEBUG:root:Match or Not:False
DEBUG:root:Real time1487950205.07

DEBUG:root:Extracted signature:bitarray('11111111100000001111111111010001111100110000011110011100101110011111101110011111011001111101011101100011111001111100101101001100101111111111001000101101111011000111101110100011111011110001111111010001001111100010010111000010011000011010000110110011000010011000100010011000')
DEBUG:root:Matched frame over all scan:1487

DEBUG:root:Errors over all scan:84

DEBUG:root:Result:tau3_fail
DEBUG:root:Match or Not:False
DEBUG:root:Real time1487950205.27

DEBUG:root:Extracted signature:bitarray('11111111110001001101111111001001111110110010011110011101101100011111101100111110011001110001001110000011100001110001100111001100111111111111001000001101111011000111101110100011111011110001111111010001011111100010010111000000011000010011001000110100011100011000100010011000')
DEBUG:root:Matched frame over all scan:1771

DEBUG:root:Errors over all scan:84

DEBUG:root:Result:tau3_fail
DEBUG:root:Match or Not:False
DEBUG:root:Real time1487950205.47

DEBUG:root:Extracted signature:bitarray('11111111100000001111111110010001111100110000011110011100101110011111101100011111011001111001001111000011110001110101100111001100101111111111001000001101111011000111101110100011111011110001111111010001001111100000010111000010011000010011001100110100011100011000100010011000')
DEBUG:root:Matched frame over all scan:1771

DEBUG:root:Errors over all scan:83

DEBUG:root:Result:tau3_fail
DEBUG:root:Match or Not:False
DEBUG:root:Real time1487950205.67

DEBUG:root:Extracted signature:bitarray('10001110011010010001110011100000011101111000011110111100001111111100001100110011110011111100000111100001111000111101111101111000100000001111100011011100111100111101100111001111110001100110110001100100000001000000111010000011101000111100001111001111101110001000010101101000')
DEBUG:root:Matched frame over all scan:649

DEBUG:root:Errors over all scan:81

DEBUG:root:Result:tau3_fail
DEBUG:root:Match or Not:False
DEBUG:root:Real time1487950205.87

DEBUG:root:Extracted signature:bitarray('10001110011110000001110011110001011101111100011110110100001110110000011100110011110000001110000111100001111000111101111101111010010000001111100011111100111100011010100011101110001001100110000101100100001101000000011110000111100000111100001111001111101111101001000100101000')
DEBUG:root:Matched frame over all scan:1212

DEBUG:root:Errors over all scan:81

DEBUG:root:Result:tau3_fail
DEBUG:root:Match or Not:False
DEBUG:root:Real time1487950206.07

DEBUG:root:Extracted signature:bitarray('10001110011110010001110011110000011101111100011110111110001110011111001100011111010011111100011101100110011011011000011001110011101100001111110011111100011100011011100111000111111001100000111101100010111101000101111000000111100100111100111111001111100100101001000100101000')
DEBUG:root:Matched frame over all scan:1731

DEBUG:root:Errors over all scan:81

DEBUG:root:Result:tau3_fail
DEBUG:root:Match or Not:False
DEBUG:root:Real time1487950206.27

DEBUG:root:Extracted signature:bitarray('10001110011110000001110011110001011100111100001110011110001110011110001110111100111011100011001110010011000111100010100010000001000000001111100010011100111100010011100011101000111001100100111101100100011101001000111011100001100100001110000111100111100111100101000110010000')
DEBUG:root:Matched frame over all scan:1772

DEBUG:root:Errors over all scan:94

DEBUG:root:Result:tau2_fail
DEBUG:root:Match or Not:False
DEBUG:root:Real time1487950206.47

DEBUG:root:Extracted signature:bitarray('10001110011100000001110111000001111101111000010111111100000111011100001100011000110001100010000110010001100111100011000110001101101101101111110011001100111111110001000111111110010100011111101000011111111000111111110001111111010110011110100111100011010001010010101010010000')
DEBUG:root:Matched frame over all scan:1873

DEBUG:root:Errors over all scan:84

DEBUG:root:Result:tau3_fail
DEBUG:root:Match or Not:False
DEBUG:root:Real time1487950206.68

DEBUG:root:Extracted signature:bitarray('10001110011110010001110000110011011101001100100111100110010111100011101110000011111000000010110000011100000110000010100111000100010111101101000111110010101100000111010000010000110100001000011011110000011011110000110111000011111000001110000011110001101000101001010101101000')
DEBUG:root:Matched frame over all scan:894

DEBUG:root:Errors over all scan:88

DEBUG:root:Result:tau2_fail
DEBUG:root:Match or Not:False
DEBUG:root:Real time1487950206.88

DEBUG:root:Extracted signature:bitarray('10001111011100010001111001100010011111001100110111100010010011000011101110000011111000001010010000011000000100000010000010000100011111101001100111111010001101100111010000011000110100011000001011111000001011110000010111100001110100001110000001110000101000101001010101101000')
DEBUG:root:Matched frame over all scan:2874

DEBUG:root:Errors over all scan:76

DEBUG:root:Result:tau1_fail
DEBUG:root:Match or Not:False
DEBUG:root:Real time1487950207.08

DEBUG:root:Extracted signature:bitarray('10001111011100010001111001100010011111001100011111100000001011000001111100000010110000000010000000010000100100000011100011000100010111100001110111100010011111111100010111111000000101111000000010111100001011111000011101100001110100001110000001100000111000101001010101101000')
DEBUG:root:Matched frame over all scan:948

DEBUG:root:Errors over all scan:68

DEBUG:root:Result:tau3_fail
DEBUG:root:Match or Not:False
DEBUG:root:Real time1487950207.28

DEBUG:root:Extracted signature:bitarray('10001111011110010001111101110010111111001100011111000110011110000011011000000111100000001010000010011000100100000010100011000100010011100110011001111010111111000111010111110001110101111000111011110000111011100000011100001000110001100110001101100111010111100111001101101000')
DEBUG:root:Matched frame over all scan:1218

DEBUG:root:Errors over all scan:75

DEBUG:root:Result:tau3_fail
DEBUG:root:Match or Not:False
DEBUG:root:Real time1487950207.48

DEBUG:root:Extracted signature:bitarray('10000011111100010001111111010000111111001100011111000111001110001111101100110010101101000011100000011000100100010011000010001101111111100000110001111010001110001111010001000101110110000110011001000110010001001111001000111100100111110100111101001111110111010110111101111000')
DEBUG:root:Matched frame over all scan:1220

DEBUG:root:Errors over all scan:89

DEBUG:root:Result:tau3_fail
DEBUG:root:Match or Not:False
DEBUG:root:Real time1487950207.68

DEBUG:root:Extracted signature:bitarray('10001111111000010001110011011000111100001110011110000111001110011111101100110110100110000011100010011000100100010010000010001101111111100001110001111010001110001111010001001100110100000110011001000110011001001111101000111110100111110100111111001111110111010110011101101000')
DEBUG:root:Matched frame over all scan:1220

DEBUG:root:Errors over all scan:86

DEBUG:root:Result:tau3_fail
DEBUG:root:Match or Not:False
DEBUG:root:Real time1487950207.88

DEBUG:root:Extracted signature:bitarray('10001111111001110001110011001000111100001110011110000111001110010111101000110110100110000011100010010000100100010010000010000100111111100001110001111010001110001111010000001100110100000110011001000110011101001110101000111110110011111110111111101111010111010111111101101000')
DEBUG:root:Matched frame over all scan:1220

DEBUG:root:Errors over all scan:83

DEBUG:root:Result:tau3_fail
DEBUG:root:Match or Not:False
DEBUG:root:Real time1487950208.08

DEBUG:root:Extracted signature:bitarray('10000111111110010000111001010010001110001100100011000111011011000111111100011100101001100011100000011001100100110010011111001111111111100001111001111010001110000111010000001100110100000110011011000110010011001111101000111110110011110100111111001111100111000110011101111000')
DEBUG:root:Matched frame over all scan:89

DEBUG:root:Errors over all scan:95

DEBUG:root:Result:tau2_fail
DEBUG:root:Match or Not:False
DEBUG:root:Real time1487950208.28

DEBUG:root:Extracted signature:bitarray('10001111111110010001111101111000011111000100010111100110010011100110001110001100110000110011000110010001100100110010000011000111111100000000111100111010001111111111010000011111110100001110100010001110100010011111000101111100010111100100111101001111000111000110011101100000')
DEBUG:root:Matched frame over all scan:89

DEBUG:root:Errors over all scan:87

DEBUG:root:Result:tau1_fail
DEBUG:root:Match or Not:False
DEBUG:root:Real time1487950208.48

DEBUG:root:Extracted signature:bitarray('10001110011110000001110011110000011111111110010011111111100011111111100111111100010011110000011111100111111011111101000010000100011010000011101111111000000011111111000000111111110001111111111001111111111001111111111010011111101001101101011111000111100111100111011101101000')
DEBUG:root:Matched frame over all scan:2935

DEBUG:root:Errors over all scan:68

DEBUG:root:Result:tau2_fail
DEBUG:root:Match or Not:False
DEBUG:root:Real time1487950208.68

DEBUG:root:Extracted signature:bitarray('10011111011100000001110011110000001100111100010011111111100011111111101111111110010011111000011111100110111011011111001110000100010011100000111000111010000111001111010000011111110000001111111000111111111001111111111011111111101110000101000001010001100001100111001101101000')
DEBUG:root:Matched frame over all scan:2049

DEBUG:root:Errors over all scan:79

DEBUG:root:Result:tau3_fail
DEBUG:root:Match or Not:False
DEBUG:root:Real time1487950208.88

DEBUG:root:Extracted signature:bitarray('10010111011110000010111011110001101101111100010011111111100011111111101101111111010011111100011111100110111011001111001110000100010011100001111100111010000111000111010000011111110000001111111000011111111001111111111011111111101110000101000001010001100001100111001101101000')
DEBUG:root:Matched frame over all scan:2049

DEBUG:root:Errors over all scan:71

DEBUG:root:Result:tau3_fail
DEBUG:root:Match or Not:False
DEBUG:root:Real time1487950209.08

DEBUG:root:Extracted signature:bitarray('10010110011100000110110011100001001101111000000011111110100011111110101111111111010011111100011111101110111011011101100110000100010011100001111000111010000111001111000000011111110000001111111000111111111001111111111011111111101110000101000001010000100001100011001101101000')
DEBUG:root:Matched frame over all scan:1590

DEBUG:root:Errors over all scan:77

DEBUG:root:Result:tau3_fail
DEBUG:root:Match or Not:False
DEBUG:root:Real time1487950209.28

DEBUG:root:Extracted signature:bitarray('10010110011110000110110011110001101101111100000011111110100011111110101101111111010011111100011111100110111011011111001110000100010011100001111001111010001110011111000000001111110000000111111000111111111001111111111011111111101110100101000001010000100001100011001101101000')
DEBUG:root:Matched frame over all scan:2049

DEBUG:root:Errors over all scan:75

DEBUG:root:Result:tau3_fail
DEBUG:root:Match or Not:False
DEBUG:root:Real time1487950209.48

DEBUG:root:Extracted signature:bitarray('10010110011110000110100001110001100100111100010011111110100011111000000111100011010000011111000111110011111010011100011100111011011111100001100111111010000100111111000000011111110000001111111000111111111001111111110011111101101100000101000111010011100011100111011101101000')
DEBUG:root:Matched frame over all scan:2947

DEBUG:root:Errors over all scan:77

DEBUG:root:Result:tau2_fail
DEBUG:root:Match or Not:False
DEBUG:root:Real time1487950209.68

DEBUG:root:Extracted signature:bitarray('10001110011110000001111011110001001111111110010111110111000011110000001111110000110011000011000000110000111001111101001100001111111111100001100111111010001110111111010000111111110000111111111000111111111001111111000011111100011000000110001111000111100111101111011001111000')
DEBUG:root:Matched frame over all scan:874

DEBUG:root:Errors over all scan:81

DEBUG:root:Result:tau2_fail
DEBUG:root:Match or Not:False
DEBUG:root:Real time1487950209.88

DEBUG:root:Extracted signature:bitarray('10000110011110000000111011110001001111111110010111111111100011111001001111110000111111000011000000110000011101011101001110011011101111100001110111111010000111111111000000111111110000111111111000111111111001111111000011111000101000111100001111001111101110101111011001010000')
DEBUG:root:Matched frame over all scan:2396

DEBUG:root:Errors over all scan:79

DEBUG:root:Result:tau3_fail
DEBUG:root:Match or Not:False
DEBUG:root:Real time1487950210.09

DEBUG:root:Extracted signature:bitarray('11100111011110001100111101110001101111101100010111111110000011111000001111110000111001000111000001110100011110011101111101111011101101101111111000001100110011111001100000111110001000011111000100111111100100100011011010000111110000011110100111101001110111010110111001010000')
DEBUG:root:Matched frame over all scan:1567

DEBUG:root:Errors over all scan:90

DEBUG:root:Result:tau2_fail
DEBUG:root:Match or Not:False
DEBUG:root:Real time1487950210.29

DEBUG:root:Extracted signature:bitarray('10001010011100010011000011100001100101111000110011111110010011001110010000011100110001100011000100010001100101110001111000110011101101100000000011111110000000011111110000001111111100001111001100001111100100011111001000111100100111100110111101101110010111010110011011010000')
DEBUG:root:Matched frame over all scan:1286

DEBUG:root:Errors over all scan:91

DEBUG:root:Result:tau2_fail
DEBUG:root:Match or Not:False
DEBUG:root:Real time1487950210.49

DEBUG:root:Extracted signature:bitarray('11100111111110001110011010110001111100111100010110011010000011011011001110110111000011100010001110000011110011110001110001110011101100001000111111100010000111111110010001111100110101111100000011100000000011000000110010011110001011110101111101011111001111101111011101101000')
DEBUG:root:Matched frame over all scan:1235

DEBUG:root:Errors over all scan:75

DEBUG:root:Result:tau3_fail
DEBUG:root:Match or Not:False
