DEBUG:root:Under real time Point counter:3.09944152832e-05

DEBUG:root:Extracted signature:bitarray('10000110001100010001111001100000111111001000011111100100001111111110001111111111011111111101111111101111000011100001100011000100010001101111110000111010011110011011010111000000110101101000100011111101100011111111000111111111011011110010011000101100010100110001101110100100')
DEBUG:root:Matched frame over all scan:1053

DEBUG:root:Errors over all scan:59

DEBUG:root:Result:tau3_fail
DEBUG:root:Match or Not:False
DEBUG:root:Real time1487801258.6

DEBUG:root:Extracted signature:bitarray('10011110001000010001110001000000111111001001011111110000001111110110001111111111011111111101111111100111100011110001110001100100010001101111110001111010011110011011010111000000100101110001100011111111100011111111000111111111001111111011011000101100010110010101101110100100')
DEBUG:root:Matched frame over all scan:1754

DEBUG:root:Errors over all scan:68

DEBUG:root:Result:tau3_fail
DEBUG:root:Match or Not:False
DEBUG:root:Real time1487801258.81

DEBUG:root:Extracted signature:bitarray('10000110000111110001110110111100011101110000011110111100001111111100001111111100011111110001111110001111000011100001100010000100000100001111110001111010101110011011010111001110110101100100000010111001000011111110000111111100011111100011100000110001010011010110101110101100')
DEBUG:root:Matched frame over all scan:1055

DEBUG:root:Errors over all scan:70

DEBUG:root:Result:tau3_fail
DEBUG:root:Match or Not:False
DEBUG:root:Real time1487801259.01

DEBUG:root:Extracted signature:bitarray('10000110000000110001110011001100111110010001011110111100001000111111000111111110011111111000111110001111100011110001111001110010010000001111110000111110011110011011010111000110100101100000000011111101100011111111000111111011010110001010100110100011010011010110100110101100')
DEBUG:root:Matched frame over all scan:1056

DEBUG:root:Errors over all scan:72

DEBUG:root:Result:tau3_fail
DEBUG:root:Match or Not:False
DEBUG:root:Real time1487801259.21

DEBUG:root:Extracted signature:bitarray('10001110010000110001100011001100111101110011011110111100001001111110000111111111011111111101111111101111110011111001111101110010010000001111110000111110111110011011100111000100000101101101000011111111100011111111000111111000010111001010100110100011010011010110101110100100')
DEBUG:root:Matched frame over all scan:1058

DEBUG:root:Errors over all scan:76

DEBUG:root:Result:tau3_fail
DEBUG:root:Match or Not:False
DEBUG:root:Real time1487801259.41

DEBUG:root:Extracted signature:bitarray('10000110011000010001110011101100011100001001011110110110001000111111000011111111011111111100111110001111000011110101111100111011000000011111110000111110101110001001010011100110110101100000100011111001100011111111000111111110001110110010101110100011010011010111101110100100')
DEBUG:root:Matched frame over all scan:1059

DEBUG:root:Errors over all scan:78

DEBUG:root:Result:tau3_fail
DEBUG:root:Match or Not:False
DEBUG:root:Real time1487801259.61

DEBUG:root:Extracted signature:bitarray('10000110010000010001110011001100011111000001011111110110000011111111001111111110011111111001111110001111100011110001110010000100000000011111110000111110101110001011010011100110110101110001100011111101100011111111000111111111001001111010000110100011010001010010101110110100')
DEBUG:root:Matched frame over all scan:1059

DEBUG:root:Errors over all scan:52

DEBUG:root:Result:replica detected
DEBUG:root:Match or Not:True
DEBUG:root:Under real time Point counter:0.209513187408

DEBUG:root:Extracted signature:bitarray('10000110000010010001110010001100011110000011011111110000001011111110000111111110011111111001111111000111100010111001011010010000000000001111110000111110111110010011010111100100000101101000100011111101000011111111000111111110001001110010000110100011010011010010101110110100')
DEBUG:root:Matched frame over all scan:1059

DEBUG:root:Errors over all scan:59

DEBUG:root:Result:tau3_fail
DEBUG:root:Match or Not:False
DEBUG:root:Real time1487801260.02

DEBUG:root:Extracted signature:bitarray('10000110000111010001110000110000011101101100011110111110001111111111001111111111011011111100111111101111100011100011100011000100010000001111110000111010101110010011010011100110110101110000000010110001000011111110000111111110011110110011000100100010010111010110101110010100')
DEBUG:root:Matched frame over all scan:1061

DEBUG:root:Errors over all scan:58

DEBUG:root:Result:tau3_fail
DEBUG:root:Match or Not:False
DEBUG:root:Real time1487801260.22

DEBUG:root:Extracted signature:bitarray('10100110001100010001110001100000111110001100011111100110000011111111001111111111010111111101011110101111001011100101101101011000000000001111110000111110101110010011010111000100000101110000100010111001100011111111000111111110011011100010010000101101010101010011101110110100')
DEBUG:root:Matched frame over all scan:1065

DEBUG:root:Errors over all scan:62

DEBUG:root:Result:tau3_fail
DEBUG:root:Match or Not:False
DEBUG:root:Real time1487801260.42

DEBUG:root:Extracted signature:bitarray('10000110001100010001110001100000111110001100011111100110100011111110101111111111011111111101011110100111001011101101101100011000000000001111110000111110101110011011010111000100010101110000000010111101000011111111000111111110011011100010010000101001010101010011101110110100')
DEBUG:root:Matched frame over all scan:1065

DEBUG:root:Errors over all scan:62

DEBUG:root:Result:tau3_fail
DEBUG:root:Match or Not:False
DEBUG:root:Real time1487801260.62

DEBUG:root:Extracted signature:bitarray('10100110001100010001110001100000011110001100011111100110000011111111001111111111010111111101011111101111001011100101101101011000000000011111110000111110101110010011010111000100000101100000000011111101000011111111000111111110011111100010010000101101010101010011101110110100')
DEBUG:root:Matched frame over all scan:1062

DEBUG:root:Errors over all scan:59

DEBUG:root:Result:tau3_fail
DEBUG:root:Match or Not:False
DEBUG:root:Real time1487801260.82

DEBUG:root:Extracted signature:bitarray('10100110001100010000110001100100111110011101011111100110001011111111100111111111010111111101011111100111001011100101101101011000000000011111110001001110111110011001010111000010000101101001100011111101100011111111000111110111011011000010010010101001010001010011101110110100')
DEBUG:root:Matched frame over all scan:1062

DEBUG:root:Errors over all scan:79

DEBUG:root:Result:tau3_fail
DEBUG:root:Match or Not:False
DEBUG:root:Real time1487801261.02

DEBUG:root:Extracted signature:bitarray('10110000000111011100000001111111100000001110110000000111110010000111110110001111110000011110010001110110000100000010000010001000100101111111111111000010111111111000010111110110000101111001100010111000100010111000100101100011010110001010100000100000110001110011001100101100')
DEBUG:root:Matched frame over all scan:1066

DEBUG:root:Errors over all scan:34

DEBUG:root:Result:replica detected
DEBUG:root:Match or Not:True
DEBUG:root:Real time1487801261.22

DEBUG:root:Extracted signature:bitarray('10110011000111011010001000111111000000111111110000011111110000001110010000011100101000110011100110011000000100000010000010000100010000011111111111000010111111111000010111111110000101111111000010111111000010111110000101111000010110000010100000100000011000011010011001000100')
DEBUG:root:Matched frame over all scan:1068

DEBUG:root:Errors over all scan:26

DEBUG:root:Result:replica detected
DEBUG:root:Match or Not:True
DEBUG:root:Real time1487801261.42

DEBUG:root:Extracted signature:bitarray('10010011000111111010000000111111000000111111110000011111110000001110010000011100101000110011100110011000000100000010000010000100010000011111111111000010111111111000010111111110000101111111000010111111000010111110000101111000010110000010100000100000011000011010011001000100')
DEBUG:root:Matched frame over all scan:1068

DEBUG:root:Errors over all scan:23

DEBUG:root:Result:replica detected
DEBUG:root:Match or Not:True
DEBUG:root:Real time1487801261.62

DEBUG:root:Extracted signature:bitarray('11011000001100111001000000100110011000000000101100000001111100000001111000000001100100001111100001110000010100001010000010000101001100011111111111000010111111111000010111111110000101111111000010111111000010111110000101111000010111000010110000110000011000011001011101101100')
DEBUG:root:Matched frame over all scan:1071

DEBUG:root:Errors over all scan:22

DEBUG:root:Result:replica detected
DEBUG:root:Match or Not:True
DEBUG:root:Real time1487801261.82

DEBUG:root:Extracted signature:bitarray('11011000001100111001000000100110011011000000101100000001111100000001111000000001100100001111100001110000010100001010000010000111001100011111111111000010111111111000010111111110000101111111000010111111000010111110000101111000010111000010110000110000011000011000011101101100')
DEBUG:root:Matched frame over all scan:1069

DEBUG:root:Errors over all scan:19

DEBUG:root:Result:replica detected
DEBUG:root:Match or Not:True
DEBUG:root:Real time1487801262.02

DEBUG:root:Extracted signature:bitarray('11011000001100111001000000100110011000000000101100000001111100000001111000000001100100001111100001110000010100001010000010000111001100011111111111000010111111111000010111111110000101111111000010111111000010111110000101111000010111000010110000110000011000011000011101101100')
DEBUG:root:Matched frame over all scan:1071

DEBUG:root:Errors over all scan:20

DEBUG:root:Result:replica detected
DEBUG:root:Match or Not:True
DEBUG:root:Real time1487801262.22

DEBUG:root:Extracted signature:bitarray('11011000001100111001000000100110011001000000101100000001111100000001111000000001100100001111100001110000010100001010000010000101001101011111111111000010111111111000010111111110000101111111000010111111000010111110000101111000010111000010110000111000011000011000011101101100')
DEBUG:root:Matched frame over all scan:1069

DEBUG:root:Errors over all scan:21

DEBUG:root:Result:replica detected
DEBUG:root:Match or Not:True
DEBUG:root:Real time1487801262.42

DEBUG:root:Extracted signature:bitarray('11011000001100111001000000100110011010001000101100000001111100000001111000000001100100001111100001110000010100001010000010000111001100011111111111000010111111111000010111111110000101111111000010111111000010111110000101111000010111000010110000111000011000011000011101101100')
DEBUG:root:Matched frame over all scan:1071

DEBUG:root:Errors over all scan:21

DEBUG:root:Result:replica detected
DEBUG:root:Match or Not:True
DEBUG:root:Real time1487801262.62

DEBUG:root:Extracted signature:bitarray('11011000001100111001000000100110011010000000101100000001111100000001111000000001100100001111100001110000010100001010000010000101001101011111111111000010111111111000010111111110000101111111000010111111000010111110000101111000010111000010110000110000011000011000011101101100')
DEBUG:root:Matched frame over all scan:1069

DEBUG:root:Errors over all scan:20

DEBUG:root:Result:replica detected
DEBUG:root:Match or Not:True
DEBUG:root:Real time1487801262.83

DEBUG:root:Extracted signature:bitarray('11011000001100111001000000100110011010001000101100000001011100000001111000000011100100001111100001110000011100000010000010000111001100011111111111000010111111111000010111111110000101111111000010111111000010111110000101111000010111000010110000111000011000011000011101101100')
DEBUG:root:Matched frame over all scan:1078

DEBUG:root:Errors over all scan:22

DEBUG:root:Result:replica detected
DEBUG:root:Match or Not:True
DEBUG:root:Real time1487801263.03

DEBUG:root:Extracted signature:bitarray('11011100001100111001000000100110011001001000101100000001011100000001111000000011100100001111100001110000011100000110000010000111001100011111111111000010111111111000010111111110000101111111000010111111000010111110000101111000010111000010110000111000011000011000011101101100')
DEBUG:root:Matched frame over all scan:1078

DEBUG:root:Errors over all scan:24

DEBUG:root:Result:replica detected
DEBUG:root:Match or Not:True
DEBUG:root:Real time1487801263.23

DEBUG:root:Extracted signature:bitarray('11011000001100111001000000100110011001001000101100000001011100000001111000000011100100001111100001110000011100000110000010000111001101011111111111000010111111111000010111111110000101111111000010111111000010111110000101111000010111000010110000111000011000011000011101101100')
DEBUG:root:Matched frame over all scan:1078

DEBUG:root:Errors over all scan:22

DEBUG:root:Result:replica detected
DEBUG:root:Match or Not:True
DEBUG:root:Real time1487801263.43

DEBUG:root:Extracted signature:bitarray('11011000001100111001000000100110011010001000101100000001011100000001111000000011100100001111100001110000011100000110000010000111001101011111111111000010111111111000010111111110000101111111000010111111000010111110000101111000010111000010110000111000011000011000011101101100')
DEBUG:root:Matched frame over all scan:1078

DEBUG:root:Errors over all scan:22

DEBUG:root:Result:replica detected
DEBUG:root:Match or Not:True
DEBUG:root:Real time1487801263.63

DEBUG:root:Extracted signature:bitarray('11011000001100111001000000100110011000000000101100000001111100000001111000000001100100001111100001110000010100001010000010000101001100011111111111000010111111111000010111111110000101111111000010111111000010111110000101111000010111000010110000110000011000011000011101101100')
DEBUG:root:Matched frame over all scan:1071

DEBUG:root:Errors over all scan:21

DEBUG:root:Result:replica detected
DEBUG:root:Match or Not:True
DEBUG:root:Real time1487801263.83

DEBUG:root:Extracted signature:bitarray('11011000001100111001000000100110011001001000101100000001111100000001111000000001100100001111100001110000011100001010000010000111001100011111111111000010111111111000010111111110000101111111000010111111000010111110000101111000010111000010110000110000011000011000011101101100')
DEBUG:root:Matched frame over all scan:1069

DEBUG:root:Errors over all scan:22

DEBUG:root:Result:replica detected
DEBUG:root:Match or Not:True
DEBUG:root:Real time1487801264.03

DEBUG:root:Extracted signature:bitarray('11011000001100111001000000100110011000001000101100000001111100000001111000000001100100001111100001110000010100001010000010000111001100011111111111000010111111111000010111111110000101111111000010111111000010111110000101111000010111000010110000110000011000011001011101101100')
DEBUG:root:Matched frame over all scan:1071

DEBUG:root:Errors over all scan:22

DEBUG:root:Result:replica detected
DEBUG:root:Match or Not:True
DEBUG:root:Real time1487801264.23

DEBUG:root:Extracted signature:bitarray('11011000000100111001000100100110011011000000101100100001111100000001111000000001100100001111100001110000010100001110000010000101001101011111111111000010111111111000010111111110000101111111000010111111000011111110000111111000011111000011110000111000011000011000011101101100')
DEBUG:root:Matched frame over all scan:1069

DEBUG:root:Errors over all scan:20

DEBUG:root:Result:replica detected
DEBUG:root:Match or Not:True
DEBUG:root:Real time1487801264.43

DEBUG:root:Extracted signature:bitarray('10000011110001111000011110000100010111100000001111110000001111110010001111100110010110011000010011000110100011000011000010000100010000011100000111100001110000111000001110001110000111111110000011111110000011111100000111110000011110000011100000110000011000010000100010011100')
DEBUG:root:Matched frame over all scan:1083

DEBUG:root:Errors over all scan:16

DEBUG:root:Result:replica detected
DEBUG:root:Match or Not:True
DEBUG:root:Real time1487801264.63

DEBUG:root:Extracted signature:bitarray('10000011110001111000011110000110010111100000001111110000001111110001001111100110010110011100011011000110010011000011000010000000000000011000001111100001110000111000011110001110000111111110000011111110000011111100000111100000011100000011000000110000011000010000100010011100')
DEBUG:root:Matched frame over all scan:1084

DEBUG:root:Errors over all scan:19

DEBUG:root:Result:replica detected
DEBUG:root:Match or Not:True
DEBUG:root:Real time1487801264.83

DEBUG:root:Extracted signature:bitarray('10000011110001111000011110000100010111100000001111110000001111110011001111100111010111011100011011000110010011000011000010000000010000011000001111100001110000111000001110001110000111111110000011111110000011111100000111110000011110000011100000110000011000010000100010011100')
DEBUG:root:Matched frame over all scan:1085

DEBUG:root:Errors over all scan:21

DEBUG:root:Result:replica detected
DEBUG:root:Match or Not:True
DEBUG:root:Real time1487801265.03

DEBUG:root:Extracted signature:bitarray('10000011110001111001011110000110000111100000001111110000001111110000001111100010010110011100011011100110010011000011000010000000000000111100001111100001110000111000011110001100000111111110000011111110000011111100000111110000011100000011000000110000011000010000100010011100')
DEBUG:root:Matched frame over all scan:1084

DEBUG:root:Errors over all scan:18

DEBUG:root:Result:replica detected
DEBUG:root:Match or Not:True
DEBUG:root:Real time1487801265.23

DEBUG:root:Extracted signature:bitarray('10000011110001111001011110000110000111100000001111110000001111110000001111100010010111011100011011100110010011000011000010000100000000011100000111100001110000111000011110001100000111111110000011111100000011111100000111110000011100000011000000111000011000010000100010011100')
DEBUG:root:Matched frame over all scan:1084

DEBUG:root:Errors over all scan:22

DEBUG:root:Result:replica detected
DEBUG:root:Match or Not:True
DEBUG:root:Real time1487801265.43

DEBUG:root:Extracted signature:bitarray('10000011110001111001011110001100011111100001000111110000001111110010001111100110010110011000011011000111100011000011000010000100010000011100000111100001110000111000001110001110000111111110000011111110000011111100000111110000011110000011100000111000011000010000100010001100')
DEBUG:root:Matched frame over all scan:1083

DEBUG:root:Errors over all scan:21

DEBUG:root:Result:replica detected
DEBUG:root:Match or Not:True
DEBUG:root:Real time1487801265.63

DEBUG:root:Extracted signature:bitarray('10000011110001111000011110000110010111100000001111110000001111110000001111100110010110011000011011000110000011000011000010000100010000011100000111100001110000111000011110001110000111111110000011111110000011111100000111110000011110000011100000111000011000010000100010001100')
DEBUG:root:Matched frame over all scan:1088

DEBUG:root:Errors over all scan:14

DEBUG:root:Result:replica detected
DEBUG:root:Match or Not:True
DEBUG:root:Real time1487801265.83

DEBUG:root:Extracted signature:bitarray('10000011110001111000011110001110000111100001001111110000001111110000001111100010010110011100011011100110010011000011000010000100000000111100000111100001110000111000011110001100000111111110000011111110000011111100000111100000011100000011000000110000011000010000100010001100')
DEBUG:root:Matched frame over all scan:1084

DEBUG:root:Errors over all scan:23

DEBUG:root:Result:replica detected
DEBUG:root:Match or Not:True
DEBUG:root:Real time1487801266.03

DEBUG:root:Extracted signature:bitarray('10000011110001111000011110000010000111100000101111110000001111110000001111100000011110010101011011000110000011000011000010000100010000011100000111100001110000111000011110001110000111111110000011111110000011111000000111100000011100000011100000110000011000010000100010001100')
DEBUG:root:Matched frame over all scan:1091

DEBUG:root:Errors over all scan:21

DEBUG:root:Result:replica detected
DEBUG:root:Match or Not:True
DEBUG:root:Real time1487801266.24

DEBUG:root:Extracted signature:bitarray('10000001110001111000011110001110000111000001001111110000001111110000001111100010010010011010011011000110010011000011000010000100000000011100000111100001110000111100011110001001000111111000100011111110000011111100000111110000011110000011100000111000011000010000100010010100')
DEBUG:root:Matched frame over all scan:1085

DEBUG:root:Errors over all scan:31

DEBUG:root:Result:replica detected
DEBUG:root:Match or Not:True
DEBUG:root:Real time1487801266.44

DEBUG:root:Extracted signature:bitarray('10000011111001011001001111110000011111111100001111111110001111110000001111110000011111001001010011000110000011000011000010000100010000011100000111011001110000111001001110001100000111111110000011111110000011111100000111110000011110000011100000111000011000010000100010001100')
DEBUG:root:Matched frame over all scan:1085

DEBUG:root:Errors over all scan:42

DEBUG:root:Result:replica detected
DEBUG:root:Match or Not:True
DEBUG:root:Real time1487801266.64

DEBUG:root:Extracted signature:bitarray('10001000011011010000001011000110000011000011100001100011110000110111100001111101000111110101101111101111000011100000001000011001101111111111111111011001000011100011011000100000110110010000001111000000100111001001100111100110011100100011001000100000010011010110111011010100')
DEBUG:root:Matched frame over all scan:1098

DEBUG:root:Errors over all scan:67

DEBUG:root:Result:tau3_fail
DEBUG:root:Match or Not:False
DEBUG:root:Real time1487801266.84

DEBUG:root:Extracted signature:bitarray('11111100011110011001000111011000000001110111000000111011100000111111100001111111000111000101111100100011111011111101111001000100010011111111111011011101100000100011101000000000111010010000001101000001100101001001101011100110101100100111001110011111001110011000100010010100')
DEBUG:root:Matched frame over all scan:1100

DEBUG:root:Errors over all scan:67

DEBUG:root:Result:tau3_fail
DEBUG:root:Match or Not:False
DEBUG:root:Real time1487801267.04

DEBUG:root:Extracted signature:bitarray('11100001111111011000001111011010000011100111100000110011101000100011110001001111100100100100100100101011001111000111001110001100101010011111111010011101100000100011101000000000111010000000001101000001100101001001101011100110101100100011001000100000010011010110101010010100')
DEBUG:root:Matched frame over all scan:1098

DEBUG:root:Errors over all scan:70

DEBUG:root:Result:replica detected
DEBUG:root:Match or Not:True
DEBUG:root:Real time1487801267.24

DEBUG:root:Extracted signature:bitarray('11100001111101111000001111001110000001100011100000110001110000110000010001111000100111100001110011101000111000001100011100111001101111111111111011011101100001100011101000000000111010000000001111000001000111001001100110100110011100000011001000100000010011010110101011011100')
DEBUG:root:Matched frame over all scan:1098

DEBUG:root:Errors over all scan:64

DEBUG:root:Result:tau3_fail
DEBUG:root:Match or Not:False
DEBUG:root:Real time1487801267.44

DEBUG:root:Extracted signature:bitarray('11000001111111111000001111011100000011100111000000110011100000110111100001111100000111100001111100101110001011001010011100111001101111111111111111011101000001100011101000000000111010000000001101000001100101001001101110100110011100100011001000100000010011010110111011010100')
DEBUG:root:Matched frame over all scan:1098

DEBUG:root:Errors over all scan:37

DEBUG:root:Result:replica detected
DEBUG:root:Match or Not:True
DEBUG:root:Real time1487801267.64

DEBUG:root:Extracted signature:bitarray('11000000011110011000001111111000000011100111000000100011101000111111100001111101000111110000111100101111001011001010001000011001101101111100011110011101100001100011101000000000111010000000001101000001100101001001101011100110011100100011001010100001010011010110101011010100')
DEBUG:root:Matched frame over all scan:1098

DEBUG:root:Errors over all scan:54

DEBUG:root:Result:tau3_fail
DEBUG:root:Match or Not:False
DEBUG:root:Real time1487801267.84

DEBUG:root:Extracted signature:bitarray('11011001111110011000001111010010000001110011100000111001110000111100110001111000100101100011001100110011001001100101001111111011101111111110111000011001100011100011101000000000111110000000001111000001000111011001100111100110011100000010000011000001100011100111001011010100')
DEBUG:root:Matched frame over all scan:1101

DEBUG:root:Errors over all scan:59

DEBUG:root:Result:replica detected
DEBUG:root:Match or Not:True
DEBUG:root:Real time1487801268.04

DEBUG:root:Extracted signature:bitarray('11111000011011010010000111000011100001110000100000111001110001111000100111010001011100000111100000110001000100100011110011100100111111011111111011011101100011100011101000000000111010000000001101000001000101001001001011100100111100000110001001100000110011110111001101001100')
DEBUG:root:Matched frame over all scan:1104

DEBUG:root:Errors over all scan:47

DEBUG:root:Result:replica detected
DEBUG:root:Match or Not:True
DEBUG:root:Real time1487801268.24

DEBUG:root:Extracted signature:bitarray('11111000111110010110000111000001100101100010010010111011100011111000100111001000111100000011000000010000000101100011100011000101111110011100111010011101000011100011101000000000111010000000001111000001100101011001101011100110111100000010010001101000100110110111001101101100')
DEBUG:root:Matched frame over all scan:1104

DEBUG:root:Errors over all scan:45

DEBUG:root:Result:replica detected
DEBUG:root:Match or Not:True
DEBUG:root:Real time1487801268.44

DEBUG:root:Extracted signature:bitarray('11111000111110010011000111000000110001110010010010011001110011101101100111001000111000000011000000110000000101100011100011000101101110011110011111011101000000100011101001000000111010010000001101001001000101001001101011100110111100100010001000100100110011110111001101101100')
DEBUG:root:Matched frame over all scan:1105

DEBUG:root:Errors over all scan:36

DEBUG:root:Result:replica detected
DEBUG:root:Match or Not:True
DEBUG:root:Real time1487801268.64

DEBUG:root:Extracted signature:bitarray('10111000111110010011001111000000110001110010010010110001110011110001100111001000111000000011000000110000000101100011100011000101101100011100111111001101000001100011101000000000011010000000001101000001000101011001101011100110010100100010001000101000110011110111001101101100')
DEBUG:root:Matched frame over all scan:1102

DEBUG:root:Errors over all scan:35

DEBUG:root:Result:replica detected
DEBUG:root:Match or Not:True
DEBUG:root:Real time1487801268.84

DEBUG:root:Extracted signature:bitarray('11111000111110010111000111000000111001110010010010011001100011101101100111001000011100100111100000110000000100100011110011100100111110011110011111011101100001100011101001000000011010010000001101001001100101011001101011100110111100100010001000100100110011110111101101101100')
DEBUG:root:Matched frame over all scan:1106

DEBUG:root:Errors over all scan:37

DEBUG:root:Result:replica detected
DEBUG:root:Match or Not:True
DEBUG:root:Real time1487801269.05

DEBUG:root:Extracted signature:bitarray('11111000111011010111000111000000111001110011010010011011100001101111100111001100011100000111100000110000000100100011110011100100101110011110011111011101000000100011101001000000011010010000001101001001100101011001101011100110111100100010001000100100110011110111101101101100')
DEBUG:root:Matched frame over all scan:1106

DEBUG:root:Errors over all scan:34

DEBUG:root:Result:replica detected
DEBUG:root:Match or Not:True
DEBUG:root:Real time1487801269.25

DEBUG:root:Extracted signature:bitarray('11111000111110000111000111000000100001110110010011110011100001110011100111001001011100000011100000110000000100100011110011100100011110011110111111011101000001100011101000000000111010000000001101000001101101011001101011100110111100100010001001101000100011100111001101101100')
DEBUG:root:Matched frame over all scan:1108

DEBUG:root:Errors over all scan:41

DEBUG:root:Result:replica detected
DEBUG:root:Match or Not:True
DEBUG:root:Real time1487801269.45

DEBUG:root:Extracted signature:bitarray('10111000111110010011001111000000110001100111010000110011110001100101100011001000111100000011100000110000000100000011110011100100101100011100111111011101000000100011101000000000111010000000001101000000100101001001101011100110011100100010001001101000100011110111101101101100')
DEBUG:root:Matched frame over all scan:1108

DEBUG:root:Errors over all scan:35

DEBUG:root:Result:replica detected
DEBUG:root:Match or Not:True
DEBUG:root:Real time1487801269.65

DEBUG:root:Extracted signature:bitarray('11001100011111111001000111011000000001110111100000110011110001000110010000001100100100100011100000110000001101000011000011000101101111111110011111011101000000100011101000000000111010000000001101000001100101001001101111100110011100100011001001100000110011110111001101101100')
DEBUG:root:Matched frame over all scan:1109

DEBUG:root:Errors over all scan:38

DEBUG:root:Result:replica detected
DEBUG:root:Match or Not:True
DEBUG:root:Real time1487801269.85

DEBUG:root:Extracted signature:bitarray('11000001111110010000001111010000000011110111000001111001100001111100000011111000011110100011100000010001000101100011110101011001101111111100111110011101000001100011101000000000111010000000001101000001111101001001100011100110011100110011011100001110101111101011011101101100')
DEBUG:root:Matched frame over all scan:1110

DEBUG:root:Errors over all scan:60

DEBUG:root:Result:tau3_fail
DEBUG:root:Match or Not:False
DEBUG:root:Real time1487801270.05

DEBUG:root:Extracted signature:bitarray('11100001111110001000001111110001000011110111000000111011100000111111100001111001001111100001100000011000001111001111001110011101101111111111111110011101100011100011101000100000111010000000001101000000100101001001101010100100101100000011001100111100011101011010110001001100')
DEBUG:root:Matched frame over all scan:1112

DEBUG:root:Errors over all scan:36

DEBUG:root:Result:replica detected
DEBUG:root:Match or Not:True
DEBUG:root:Real time1487801270.25

DEBUG:root:Extracted signature:bitarray('11010001111110000000001111110000000011110111000000110011100000111111100001111001001111100001110000010010001011001111001110000101101111111111111100011101000011100011101000100000111010000000001101000001000101001001001011100100101100000011111100111100011101011000110001001100')
DEBUG:root:Matched frame over all scan:1111

DEBUG:root:Errors over all scan:49

DEBUG:root:Result:tau3_fail
DEBUG:root:Match or Not:False
DEBUG:root:Real time1487801270.45

DEBUG:root:Extracted signature:bitarray('11100100110000011110100100000011100001000000110000110000010000110000111001100000110110000010110000011110000111000011000010000101101111101111110110000110111101110001110111011100011101100110000110100110000111001100000100110000010110000111100001111000111000110001101010111100')
DEBUG:root:Matched frame over all scan:1113

DEBUG:root:Errors over all scan:18

DEBUG:root:Result:replica detected
DEBUG:root:Match or Not:True
DEBUG:root:Real time1487801270.65

DEBUG:root:Extracted signature:bitarray('11100100110000011110110100000011110000000000110000110000010000110000111001100000110110000010110000011110000111000011000010000101101111101111101110000110111101110001110111011100011101100110001110100110000111001100000100110000010110000111100001111000111000110001101010101100')
DEBUG:root:Matched frame over all scan:1116

DEBUG:root:Errors over all scan:19

DEBUG:root:Result:replica detected
DEBUG:root:Match or Not:True
DEBUG:root:Real time1487801270.85

DEBUG:root:Extracted signature:bitarray('10000100110000011110110100000011100001000000110000110000010000110000011001100000101110000010110000011110000111000111000010000101101111101111111110000110111101110001110111011100011101100110000110100110000111001100001100110000010110000111100001111000111000110001101010111100')
DEBUG:root:Matched frame over all scan:1114

DEBUG:root:Errors over all scan:20

DEBUG:root:Result:replica detected
DEBUG:root:Match or Not:True
DEBUG:root:Real time1487801271.05

DEBUG:root:Extracted signature:bitarray('11000100110000011110110100000011100001000000110000110000010000110000011001100000110110000010110000011110000111000011000010000101101111101111111110000110111101110001110111011100011101100110000110100110000111001100000100110000010110000111100001111000111000110001101010111100')
DEBUG:root:Matched frame over all scan:1116

DEBUG:root:Errors over all scan:18

DEBUG:root:Result:replica detected
DEBUG:root:Match or Not:True
DEBUG:root:Real time1487801271.25

DEBUG:root:Extracted signature:bitarray('11000100110000011100110100000010100001000000110000110000010000110000011001100000100110000010110000011110000111000011000010000101101111101111111110000110111101110001110111011100011101100110000110100110000111001100000100110000010110000111100001111000111000110001101010111100')
DEBUG:root:Matched frame over all scan:1116

DEBUG:root:Errors over all scan:19

DEBUG:root:Result:replica detected
DEBUG:root:Match or Not:True
DEBUG:root:Real time1487801271.45

DEBUG:root:Extracted signature:bitarray('11000100110000011100110100000011100001000000110000110000010000110000011001100000110110000010110000011110000111000011000010000101101111101111110110000110111101110001110111011100011101100110000110100110000111001100000110110000010110000111100001111000111000110000101010111100')
DEBUG:root:Matched frame over all scan:1116

DEBUG:root:Errors over all scan:16

DEBUG:root:Result:replica detected
DEBUG:root:Match or Not:True
DEBUG:root:Real time1487801271.65

DEBUG:root:Extracted signature:bitarray('11000100110000011100100100000011100101000000110000110000010000110000011001100000110110000010110000011110000111000011000010000101101111101111111110000110111101110001110111011100011101100110000110100110000111001100000110110000010110000111100001111000111000110001101010111100')
DEBUG:root:Matched frame over all scan:1116

DEBUG:root:Errors over all scan:18

DEBUG:root:Result:replica detected
DEBUG:root:Match or Not:True
DEBUG:root:Real time1487801271.85

DEBUG:root:Extracted signature:bitarray('11000100110000011110110100000011100001000000110000110000010000110000011001100000110110000010110000011110000111000011000010000101101111101111101110000110111101110001110111011100011101100110000110100110000111001100000100110000010110000111100001111000111000110001101110101100')
DEBUG:root:Matched frame over all scan:1116

DEBUG:root:Errors over all scan:17

DEBUG:root:Result:replica detected
DEBUG:root:Match or Not:True
DEBUG:root:Real time1487801272.05

DEBUG:root:Extracted signature:bitarray('11000100110000011100110100000010100101000000100000110000010000110000011001100000110110000010110000011110000111000011000010000100001111101111101110000110111101110001110111011100011101100110000110100110000111001100000110110000010110000111100001111000111000110001100010101100')
DEBUG:root:Matched frame over all scan:1116

DEBUG:root:Errors over all scan:22

DEBUG:root:Result:replica detected
DEBUG:root:Match or Not:True
DEBUG:root:Real time1487801272.25

DEBUG:root:Extracted signature:bitarray('11100100110000011100110100000010100101000000110000110000010000110000011001100000110110000010110000011110000111000011000010000100101111101111100110000110111101110001110111011100011101100110000110100110000111001100000100110000010110000111100001111000111000110001100010101100')
DEBUG:root:Matched frame over all scan:1116

DEBUG:root:Errors over all scan:19

DEBUG:root:Result:replica detected
DEBUG:root:Match or Not:True
DEBUG:root:Real time1487801272.45

DEBUG:root:Extracted signature:bitarray('11100100110000011100110100000011110000000000110000110000010000110000011001100000100110000010110000011110000111000011000010000100101111101111100110000110111101110001110111011100011101100110000110100110000111001100000110110000010110000111100001111000111000110001100010001100')
DEBUG:root:Matched frame over all scan:1116

DEBUG:root:Errors over all scan:18

DEBUG:root:Result:replica detected
DEBUG:root:Match or Not:True
DEBUG:root:Real time1487801272.65

DEBUG:root:Extracted signature:bitarray('11000100110000011100100100000010100101000000110000110000010000110000011001100000110110000010110000011110000111000011000010000100101111101111111110000110111101110001110111011100011101100110000110100110000111001100000110110000010110000111100001111000111000110001100010001100')
DEBUG:root:Matched frame over all scan:1123

DEBUG:root:Errors over all scan:21

DEBUG:root:Result:replica detected
DEBUG:root:Match or Not:True
DEBUG:root:Real time1487801272.85

DEBUG:root:Extracted signature:bitarray('11110000110111110111000010000110110001000011111000100011110000100001010000111000000011110000011000000100011001011101111101111011101111111111111111100001111001101110000110011001110001001111101001001111101011000111010010011111001011000001110000111000111000111001100101101100')
DEBUG:root:Matched frame over all scan:1126

DEBUG:root:Errors over all scan:34

DEBUG:root:Result:replica detected
DEBUG:root:Match or Not:True
DEBUG:root:Real time1487801273.06

DEBUG:root:Extracted signature:bitarray('11110000110111010111000000011110110001000110111000100011011000100001010000111110000011111000011001000100011100011101111101111011101111111111111111101001111001100111000110011001110001001100111011001111101010000111110000011111001011000001110001111000111000111001100101101100')
DEBUG:root:Matched frame over all scan:1126

DEBUG:root:Errors over all scan:31

DEBUG:root:Result:replica detected
DEBUG:root:Match or Not:True
DEBUG:root:Real time1487801273.26

DEBUG:root:Extracted signature:bitarray('11111000111111110111000000011101110000000011111000000000011000001100010000111000100011100000011111100111111011111101011101111011101111111111111111101000111001101111100110011000001101001100100110000001100010000111000100011000010011001101000011010001111000111001001100101100')
DEBUG:root:Matched frame over all scan:1127

DEBUG:root:Errors over all scan:31

DEBUG:root:Result:replica detected
DEBUG:root:Match or Not:True
DEBUG:root:Real time1487801273.46

DEBUG:root:Extracted signature:bitarray('10111000111110000111000001110000110001000111011000110011111000110011100000000111011100001101110001101100000110000010000111100100010011111111111111001000110001101111100110011101111001001110001010001111110000010011110011001100101100100011000000110100011000011000100010010100')
DEBUG:root:Matched frame over all scan:1128

DEBUG:root:Errors over all scan:42

DEBUG:root:Result:replica detected
DEBUG:root:Match or Not:True
DEBUG:root:Real time1487801273.66

DEBUG:root:Extracted signature:bitarray('10011000111111010111000100000100110001000011011000110011111000110011010001100111011100001101110001101100011110000110000111100100010011111111111111100000111001100111100110011100101001000110000011000110110000101111110011001101101100000011000000110000011000011000100010010100')
DEBUG:root:Matched frame over all scan:1129

DEBUG:root:Errors over all scan:56

DEBUG:root:Result:tau3_fail
DEBUG:root:Match or Not:False
DEBUG:root:Real time1487801273.86

DEBUG:root:Extracted signature:bitarray('11111000111111000111000001100001110011000011011001110011111000110011010011100111011100001101110001001100000110000010000110101110010011111111111111000000111001101101100110011101101001001110001010000110110000010011100011001100101100000011000000110100011000011000101010010100')
DEBUG:root:Matched frame over all scan:1130

DEBUG:root:Errors over all scan:37

DEBUG:root:Result:replica detected
DEBUG:root:Match or Not:True
DEBUG:root:Real time1487801274.06

DEBUG:root:Extracted signature:bitarray('10111000111110010111000001000000110011000001011001110001111000110010010011100110011100001101110001101100010110000010000111100110010011111111111111000000111001100101100110011100100001001110001010000110110000110111100011001100101100100011000000110100011000011000101010010100')
DEBUG:root:Matched frame over all scan:1132

DEBUG:root:Errors over all scan:40

DEBUG:root:Result:replica detected
DEBUG:root:Match or Not:True
DEBUG:root:Real time1487801274.26

DEBUG:root:Extracted signature:bitarray('10111000111110010111000001000000110010000001011001110001111000110010110001100111011100001101110000111100010100000010000111100100010011111111111111000000111001101101010110011000100001001110001010000110110010010111100011001100101100100011000000110100011000011000101010010100')
DEBUG:root:Matched frame over all scan:1132

DEBUG:root:Errors over all scan:36

DEBUG:root:Result:replica detected
DEBUG:root:Match or Not:True
DEBUG:root:Real time1487801274.46

DEBUG:root:Extracted signature:bitarray('11111000111110000111000000110000110000000111011001110011101001110011100001100111010010111100110000101111001011100001110011000100010010011111111111000000111001101101010110011000010001001110011010001110110000011111110010001111101110100101111000011100011100011000100010010100')
DEBUG:root:Matched frame over all scan:1134

DEBUG:root:Errors over all scan:50

DEBUG:root:Result:replica detected
DEBUG:root:Match or Not:True
DEBUG:root:Real time1487801274.66

DEBUG:root:Extracted signature:bitarray('10111000111110010011000000100000110000000001011001110011101000110011100000100111000000111100110111100111100011110001110011100100010011011111111111000000111001101101110110011100101001001110001010001111110000100111110011001101101111100101111000011110011110011000100010010100')
DEBUG:root:Matched frame over all scan:1134

DEBUG:root:Errors over all scan:32

DEBUG:root:Result:replica detected
DEBUG:root:Match or Not:True
DEBUG:root:Real time1487801274.86

DEBUG:root:Extracted signature:bitarray('11111000111110001111000000000000110000000000011000110010111000110011110000100111000000111100011111100111100011110001110011100100010010011111111111000000011001100100110110011100100001000110000010000111110000101111110011001101101011000101111000011110011110011000100010010100')
DEBUG:root:Matched frame over all scan:1137

DEBUG:root:Errors over all scan:34

DEBUG:root:Result:replica detected
DEBUG:root:Match or Not:True
DEBUG:root:Real time1487801275.06

DEBUG:root:Extracted signature:bitarray('11011000111110011111000000100000110000000000011000110010001000111011110001100111000000111100011111000111100011110001110011000100000100111111111111000000111011100100110110011100101001000110000010000111110000101111110011001101101011100101111000011110011110011000100010010100')
DEBUG:root:Matched frame over all scan:1137

DEBUG:root:Errors over all scan:43

DEBUG:root:Result:replica detected
DEBUG:root:Match or Not:True
DEBUG:root:Real time1487801275.26

DEBUG:root:Extracted signature:bitarray('11111000111100001111000000100000110001000000011000110100001000110111100001100111010000111100111111000111100011110001110001100100010010111111111111000010010011100100110110011100101001001110000010000111110000101111110011001101101011100101111000011110001110011000100010010100')
DEBUG:root:Matched frame over all scan:1138

DEBUG:root:Errors over all scan:39

DEBUG:root:Result:replica detected
DEBUG:root:Match or Not:True
DEBUG:root:Real time1487801275.46

DEBUG:root:Extracted signature:bitarray('11111000111100000111000011100000110001000000011000110110101000110011100000100111000000111100111111100111100011110001110011100100010010111111111111000000011011100100110110011100101001001110000010000111110000101111110011001101101011000101111000011110011110011000100010010100')
DEBUG:root:Matched frame over all scan:1137

DEBUG:root:Errors over all scan:34

DEBUG:root:Result:replica detected
DEBUG:root:Match or Not:True
DEBUG:root:Real time1487801275.66

DEBUG:root:Extracted signature:bitarray('11111000111100001111000010100000111001000000011000110110011000110011110000000111000000111100000111100111100011110001110011100100010011111111111111100000111111100100110110011000101001001110000010000111110000101111110011000111101001100101111000011110011110011000100010010100')
DEBUG:root:Matched frame over all scan:1137

DEBUG:root:Errors over all scan:41

DEBUG:root:Result:replica detected
DEBUG:root:Match or Not:True
DEBUG:root:Real time1487801275.86

DEBUG:root:Extracted signature:bitarray('11111000111110001111000010000000111000000000011001110100011000110110010000101110010000111100000111100111111011110000110001100100010010111111111111000000011101100100110110011000101001001110000010001110110000101111110010001101101001100101111000011110010110001100100010010100')
DEBUG:root:Matched frame over all scan:1140

DEBUG:root:Errors over all scan:41

DEBUG:root:Result:replica detected
DEBUG:root:Match or Not:True
DEBUG:root:Real time1487801276.06

DEBUG:root:Extracted signature:bitarray('11111000111110001111000011000000110000000001011001100100111001110110110001101111010001111100001111100111100011110000111001100010010010011111111111000000111001101101110110011000101001001110000110001110110000011111110010001100101001100100111000011110010110001100100010010100')
DEBUG:root:Matched frame over all scan:1141

DEBUG:root:Errors over all scan:32

DEBUG:root:Result:replica detected
DEBUG:root:Match or Not:True
DEBUG:root:Real time1487801276.26

DEBUG:root:Extracted signature:bitarray('11111000111110001111000011000000110000000001011001100000111001110110110001101111010000111100001111100111100011110000111101110010010010011111111111000000111001101101100110011000101001001110000110001110100000011111110010001100101001100100111000011110010110001110101010010100')
DEBUG:root:Matched frame over all scan:1142

DEBUG:root:Errors over all scan:34

DEBUG:root:Result:replica detected
DEBUG:root:Match or Not:True
DEBUG:root:Real time1487801276.46

DEBUG:root:Extracted signature:bitarray('11111000111100001111000010000000110000000001011001100000111001110110010001101110010000111100001111100111100011110000011001110010010010011111111111000100011001100101010110011000100001001110000010001110110000001111110010001100101001100100111000011110010010001110101010010100')
DEBUG:root:Matched frame over all scan:1143

DEBUG:root:Errors over all scan:36

DEBUG:root:Result:replica detected
DEBUG:root:Match or Not:True
DEBUG:root:Real time1487801276.66

DEBUG:root:Extracted signature:bitarray('11111000111100001111000010000000110000000001011001100000111001110110010001101111010000111100001111100111100011111000111101110010010010011111111111000110011001100101010110011000100001001110000010001110110000011111110010001110101001100100111000011110011011001110101010010100')
DEBUG:root:Matched frame over all scan:1143

DEBUG:root:Errors over all scan:31

DEBUG:root:Result:replica detected
DEBUG:root:Match or Not:True
DEBUG:root:Real time1487801276.87

DEBUG:root:Extracted signature:bitarray('11111000110100011111000110000000110000000000011001100000111001110110010001101110010000111100001110100111100011111000011101110010010010011111111111100110011001100101010110011000101101001110000110001110110000011101110010001111101001100100111000011110011011001110001010001100')
DEBUG:root:Matched frame over all scan:1146

DEBUG:root:Errors over all scan:37

DEBUG:root:Result:replica detected
DEBUG:root:Match or Not:True
DEBUG:root:Real time1487801277.07

DEBUG:root:Extracted signature:bitarray('11111000111100001111000011000001110000100001011001100000110001100110010001001111000000111100001110100111100011011000011100111011010010011111111111000000011001101101010110011000100001001110000010001110100000011111110010001100101001100100111000111010011011001110001010100100')
DEBUG:root:Matched frame over all scan:1144

DEBUG:root:Errors over all scan:32

DEBUG:root:Result:replica detected
DEBUG:root:Match or Not:True
DEBUG:root:Real time1487801277.27

DEBUG:root:Extracted signature:bitarray('11111000110100011111000110000011110001000001111001100100110001110110010001001110000000111100001110100111100011111000011101111010001010011111111111000100011001100100010110011000100001001110000010001110110000011100110010001110101001100100111000011110011011001110001010001100')
DEBUG:root:Matched frame over all scan:1146

DEBUG:root:Errors over all scan:35

DEBUG:root:Result:replica detected
DEBUG:root:Match or Not:True
DEBUG:root:Real time1487801277.47

DEBUG:root:Extracted signature:bitarray('11111000111100001111000010000001110000100001011001110000110001110110010001101111000000111100001101100111111010110000110001100100010010111111111111000100011001101101000110011100101001001110000110001110110000011111110010001100101001100101111000110110010110001100110010010100')
DEBUG:root:Matched frame over all scan:1141

DEBUG:root:Errors over all scan:37

DEBUG:root:Result:replica detected
DEBUG:root:Match or Not:True
DEBUG:root:Real time1487801277.67

DEBUG:root:Extracted signature:bitarray('11111000111100001111000010000001110001000001011001110100110000110111010000101111000000111100001111100111100011110001110011000100010010011111111111000000111101100100010110011000100001001110100010001110110000001111110010001100101001100101111000010110011110011000100010010100')
DEBUG:root:Matched frame over all scan:1151

DEBUG:root:Errors over all scan:25

DEBUG:root:Result:replica detected
DEBUG:root:Match or Not:True
DEBUG:root:Real time1487801277.87

DEBUG:root:Extracted signature:bitarray('11111000111110001111000010000001110001100001011001110100110000110111000000101111000000111100001111100111100011110001110011000100010010011111111111000000011101100100110110011000100001001110100010001110110000100111110010001100101001100101111000011110001110011000100010010100')
DEBUG:root:Matched frame over all scan:1151

DEBUG:root:Errors over all scan:26

DEBUG:root:Result:replica detected
DEBUG:root:Match or Not:True
DEBUG:root:Real time1487801278.07

DEBUG:root:Extracted signature:bitarray('11111000111100011111000100000001110001000001011001110100110000110111000000101111000000111100001111100111100011110001110011000100010010011111111111100000011101100100110110011000100001001110100010001110110000101111110010001110101001100001111000011110011110011000100010010100')
DEBUG:root:Matched frame over all scan:1152

DEBUG:root:Errors over all scan:27

DEBUG:root:Result:replica detected
DEBUG:root:Match or Not:True
DEBUG:root:Real time1487801278.27

DEBUG:root:Extracted signature:bitarray('11111000111100011111000110000001110001000001011001110100110000110011000000101111000000111100001111100111100011110001110011000100010000011111111101100000011101100110010110011000100001001110100010001110110000101110110010001111101001100001111000011110011110011000100010010100')
DEBUG:root:Matched frame over all scan:1152

DEBUG:root:Errors over all scan:31

DEBUG:root:Result:replica detected
DEBUG:root:Match or Not:True
