DEBUG:root:Under real time Point counter:2.09808349609e-05

DEBUG:root:Real time1487321286.45

DEBUG:root:Real time1487321286.65

DEBUG:root:Too small detection probably wrong
DEBUG:root:Real time1487321286.85

DEBUG:root:Real time1487321287.05

DEBUG:root:Real time1487321287.25

DEBUG:root:Too small detection probably wrong
DEBUG:root:Real time1487321287.45

DEBUG:root:Real time1487321287.65

DEBUG:root:Real time1487321287.85

DEBUG:root:Too small detection probably wrong
DEBUG:root:Real time1487321288.05

DEBUG:root:Too small detection probably wrong
DEBUG:root:Real time1487321288.25

DEBUG:root:Real time1487321288.45

DEBUG:root:Real time1487321288.66

DEBUG:root:Real time1487321288.86

DEBUG:root:Too small detection probably wrong
DEBUG:root:Real time1487321289.06

DEBUG:root:Real time1487321289.26

DEBUG:root:Real time1487321289.46

DEBUG:root:Real time1487321289.66

DEBUG:root:Too small detection probably wrong
DEBUG:root:Real time1487321289.86

DEBUG:root:Real time1487321290.06

DEBUG:root:Real time1487321290.26

DEBUG:root:Real time1487321290.47

DEBUG:root:Real time1487321290.67

DEBUG:root:Real time1487321290.87

DEBUG:root:Real time1487321291.07

DEBUG:root:Real time1487321291.27

DEBUG:root:Real time1487321291.47

DEBUG:root:Real time1487321291.67

DEBUG:root:Real time1487321291.87

DEBUG:root:Real time1487321292.07

DEBUG:root:Real time1487321292.27

DEBUG:root:Real time1487321292.47

DEBUG:root:Real time1487321292.67

DEBUG:root:Real time1487321292.87

DEBUG:root:Real time1487321293.07

DEBUG:root:Real time1487321293.27

DEBUG:root:Real time1487321293.48

DEBUG:root:Real time1487321293.68

DEBUG:root:Real time1487321293.88

DEBUG:root:Real time1487321294.08

DEBUG:root:Real time1487321294.28

DEBUG:root:Real time1487321294.48

DEBUG:root:Real time1487321294.68

DEBUG:root:Real time1487321294.88

DEBUG:root:Real time1487321295.08

DEBUG:root:Real time1487321295.28

DEBUG:root:Real time1487321295.48

DEBUG:root:Real time1487321295.68

DEBUG:root:Real time1487321295.88

DEBUG:root:Real time1487321296.09

DEBUG:root:Too small detection probably wrong
DEBUG:root:Real time1487321296.29

DEBUG:root:Too small detection probably wrong
DEBUG:root:Real time1487321296.49

DEBUG:root:Too small detection probably wrong
DEBUG:root:Real time1487321296.69

DEBUG:root:Real time1487321296.89

DEBUG:root:Real time1487321297.09

DEBUG:root:Real time1487321297.29

DEBUG:root:Real time1487321297.49

DEBUG:root:Real time1487321297.69

DEBUG:root:Real time1487321297.89

DEBUG:root:Real time1487321298.09

DEBUG:root:Real time1487321298.3

DEBUG:root:Real time1487321298.5

DEBUG:root:Real time1487321298.7

DEBUG:root:Real time1487321298.9

DEBUG:root:Real time1487321299.1

DEBUG:root:Real time1487321299.3

DEBUG:root:Real time1487321299.5

DEBUG:root:Real time1487321299.7

DEBUG:root:Real time1487321299.9

DEBUG:root:Real time1487321300.1

DEBUG:root:Real time1487321300.3

DEBUG:root:Real time1487321300.5

DEBUG:root:Real time1487321300.71

DEBUG:root:Real time1487321300.91

DEBUG:root:Real time1487321301.11

DEBUG:root:Real time1487321301.31

DEBUG:root:Real time1487321301.51

DEBUG:root:Real time1487321301.71

DEBUG:root:Real time1487321301.92

DEBUG:root:Real time1487321302.12

DEBUG:root:Real time1487321302.32

DEBUG:root:Real time1487321302.52

DEBUG:root:Real time1487321302.72

DEBUG:root:Real time1487321302.92

DEBUG:root:Real time1487321303.12

DEBUG:root:Real time1487321303.32

DEBUG:root:Real time1487321303.52

DEBUG:root:Real time1487321303.72

DEBUG:root:Real time1487321303.93

DEBUG:root:Real time1487321304.13

DEBUG:root:Real time1487321304.33

DEBUG:root:Real time1487321304.53

DEBUG:root:Real time1487321304.73

DEBUG:root:Real time1487321304.94

DEBUG:root:Real time1487321305.14

DEBUG:root:Real time1487321305.34

DEBUG:root:Real time1487321305.54

DEBUG:root:Too small detection probably wrong
DEBUG:root:Real time1487321305.74

DEBUG:root:Real time1487321305.94

DEBUG:root:Real time1487321306.14

DEBUG:root:Real time1487321306.34

DEBUG:root:Real time1487321306.54

DEBUG:root:Real time1487321306.74

DEBUG:root:Real time1487321306.94

DEBUG:root:Real time1487321307.14

DEBUG:root:Real time1487321307.34

DEBUG:root:Real time1487321307.54

DEBUG:root:Real time1487321307.75

DEBUG:root:Real time1487321307.95

DEBUG:root:Real time1487321308.15

DEBUG:root:Real time1487321308.35

DEBUG:root:Real time1487321308.55

DEBUG:root:Real time1487321308.75

DEBUG:root:Real time1487321308.95

DEBUG:root:Too small detection probably wrong
DEBUG:root:Real time1487321309.15

DEBUG:root:Real time1487321309.35

DEBUG:root:Too small detection probably wrong
DEBUG:root:Real time1487321309.55

DEBUG:root:Real time1487321309.75

DEBUG:root:Too small detection probably wrong
DEBUG:root:Real time1487321309.95

DEBUG:root:Too small detection probably wrong
DEBUG:root:Real time1487321310.15

DEBUG:root:Too small detection probably wrong
DEBUG:root:Real time1487321310.35

DEBUG:root:Too small detection probably wrong
DEBUG:root:Real time1487321310.56

DEBUG:root:Too small detection probably wrong
DEBUG:root:Real time1487321310.76

DEBUG:root:Too small detection probably wrong
DEBUG:root:Real time1487321310.96

DEBUG:root:Real time1487321311.16

DEBUG:root:Real time1487321311.36

DEBUG:root:Extracted signature:bitarray('000001111111111000001111111110000001111111000000111111000000011110000100011001100001011000011000111001110011101101001010000111111111110001111111111100000111111110000011111110000011011100000001110000011110000011010001110010010100100000000000')
DEBUG:root:Matched frame over all scan:660

DEBUG:root:Errors over all scan:86

DEBUG:root:Result:tau2_fail
DEBUG:root:Match or Not:False
DEBUG:root:Real time1487321311.56

DEBUG:root:Too small detection probably wrong
DEBUG:root:Real time1487321311.76

DEBUG:root:Real time1487321311.96

DEBUG:root:Too small detection probably wrong
DEBUG:root:Real time1487321312.16

DEBUG:root:Real time1487321312.37

DEBUG:root:Real time1487321312.57

DEBUG:root:Real time1487321312.77

DEBUG:root:Real time1487321312.97

DEBUG:root:Real time1487321313.17

DEBUG:root:Too small detection probably wrong
DEBUG:root:Real time1487321313.37

DEBUG:root:Real time1487321313.57

DEBUG:root:Too small detection probably wrong
DEBUG:root:Real time1487321313.77

DEBUG:root:Real time1487321313.97

DEBUG:root:Real time1487321314.17

DEBUG:root:Real time1487321314.37

DEBUG:root:Extracted signature:bitarray('100000000000001000000000000000000000000000000000000000000000000000000000000000000000000000000000000000000000000000000000000000000000000000000000000000000000000000000000000000000000000000000000000000000000000000000000000000000000000000000000')
DEBUG:root:Matched frame over all scan:1272

DEBUG:root:Errors over all scan:63

DEBUG:root:Result:tau1_fail
DEBUG:root:Match or Not:False
DEBUG:root:Real time1487321314.58

DEBUG:root:Too small detection probably wrong
DEBUG:root:Real time1487321314.78

DEBUG:root:Real time1487321314.98

DEBUG:root:Real time1487321315.18

DEBUG:root:Extracted signature:bitarray('100000000000001000000000000000000000000000000000000000000000000000000000000000000000000000000000000000000000000000000000000000000000000000000000000000000000000000000000000000000000000000000000000000000000000000000000000000000000000000000000')
DEBUG:root:Matched frame over all scan:1272

DEBUG:root:Errors over all scan:63

DEBUG:root:Result:tau1_fail
DEBUG:root:Match or Not:False
DEBUG:root:Real time1487321315.38

DEBUG:root:Real time1487321315.58

DEBUG:root:Real time1487321315.78

DEBUG:root:Real time1487321315.98

DEBUG:root:Too small detection probably wrong
DEBUG:root:Real time1487321316.18

DEBUG:root:Real time1487321316.38

DEBUG:root:Real time1487321316.58

DEBUG:root:Real time1487321316.78

DEBUG:root:Real time1487321316.98

DEBUG:root:Extracted signature:bitarray('100000000000001000000000000000000000000000000000000000000000000000000000000000000000000000000000000000000000000000000000000000000000000000000000000000000000000000000000000000000000000000000000000000000000000000000000000000000000000000000000')
DEBUG:root:Matched frame over all scan:1272

DEBUG:root:Errors over all scan:63

DEBUG:root:Result:tau1_fail
DEBUG:root:Match or Not:False
DEBUG:root:Real time1487321317.18

DEBUG:root:Too small detection probably wrong
DEBUG:root:Real time1487321317.39

DEBUG:root:Extracted signature:bitarray('100000000000001000000000000000000000000000000000000000000000000000000000000000000000000000000000000000000000000000000000000000000000000000000000000000000000000000000000000000000000000000000000000000000000000000000000000000000000000000000000')
DEBUG:root:Matched frame over all scan:1272

DEBUG:root:Errors over all scan:63

DEBUG:root:Result:tau1_fail
DEBUG:root:Match or Not:False
DEBUG:root:Real time1487321317.59

DEBUG:root:Extracted signature:bitarray('100000000000001000000000000000000000000000000000000000000000000000000000000000000000000000000000000000000000000000000000000000000000000000000000000000000000000000000000000000000000000000000000000000000000000000000000000000000000000000000000')
DEBUG:root:Matched frame over all scan:1272

DEBUG:root:Errors over all scan:63

DEBUG:root:Result:tau1_fail
DEBUG:root:Match or Not:False
DEBUG:root:Real time1487321317.79

DEBUG:root:Too small detection probably wrong
DEBUG:root:Real time1487321317.99

DEBUG:root:Extracted signature:bitarray('100000000000001000000000000000000000000000000000000000000000000000000000000000000000000000000000000000000000000000000000000000000000000000000000000000000000000000000000000000000000000000000000000000000000000000000000000000000000000000000000')
DEBUG:root:Matched frame over all scan:1272

DEBUG:root:Errors over all scan:63

DEBUG:root:Result:tau1_fail
DEBUG:root:Match or Not:False
DEBUG:root:Real time1487321318.19

DEBUG:root:Too small detection probably wrong
DEBUG:root:Real time1487321318.39

DEBUG:root:Too small detection probably wrong
DEBUG:root:Real time1487321318.59

DEBUG:root:Real time1487321318.79

DEBUG:root:Real time1487321318.99

DEBUG:root:Real time1487321319.19

DEBUG:root:Too small detection probably wrong
DEBUG:root:Real time1487321319.39

DEBUG:root:Too small detection probably wrong
DEBUG:root:Real time1487321319.59

DEBUG:root:Too small detection probably wrong
DEBUG:root:Real time1487321319.8

DEBUG:root:Too small detection probably wrong
DEBUG:root:Real time1487321320.0

DEBUG:root:Real time1487321320.2

DEBUG:root:Real time1487321320.4

DEBUG:root:Real time1487321320.6

DEBUG:root:Too small detection probably wrong
DEBUG:root:Real time1487321320.8

DEBUG:root:Real time1487321321.0

DEBUG:root:Real time1487321321.2

DEBUG:root:Too small detection probably wrong
DEBUG:root:Real time1487321321.4

DEBUG:root:Too small detection probably wrong
DEBUG:root:Real time1487321321.6

DEBUG:root:Too small detection probably wrong
DEBUG:root:Real time1487321321.8

DEBUG:root:Real time1487321322.01

DEBUG:root:Real time1487321322.21

DEBUG:root:Real time1487321322.41

DEBUG:root:Real time1487321322.61

DEBUG:root:Extracted signature:bitarray('000001111111111000011111111110000011111111000000111111000001111110000111111000011111000000010110110111110111101101001000000011111111110000111111111100000111111110000001111110000001111100000011110000000010010010001100010100010000100010010000')
DEBUG:root:Matched frame over all scan:552

DEBUG:root:Errors over all scan:86

DEBUG:root:Result:tau2_fail
DEBUG:root:Match or Not:False
DEBUG:root:Real time1487321322.81

DEBUG:root:Real time1487321323.01

DEBUG:root:Real time1487321323.21

DEBUG:root:Real time1487321323.41

DEBUG:root:Real time1487321323.62

DEBUG:root:Too small detection probably wrong
DEBUG:root:Real time1487321323.82

DEBUG:root:Real time1487321324.02

DEBUG:root:Real time1487321324.22

DEBUG:root:Real time1487321324.42

DEBUG:root:Too small detection probably wrong
DEBUG:root:Real time1487321324.62

DEBUG:root:Real time1487321324.82

DEBUG:root:Real time1487321325.02

DEBUG:root:Too small detection probably wrong
DEBUG:root:Real time1487321325.22

DEBUG:root:Real time1487321325.42

DEBUG:root:Too small detection probably wrong
DEBUG:root:Real time1487321325.62

DEBUG:root:Too small detection probably wrong
DEBUG:root:Real time1487321325.83

DEBUG:root:Too small detection probably wrong
DEBUG:root:Real time1487321326.03

DEBUG:root:Real time1487321326.23

DEBUG:root:Extracted signature:bitarray('100000000000001000000000000000000000000000000000000000000000000000000000000000000000000000000000000000000000000000000000000000000000000000000000000000000000000000000000000000000000000000000000000000000000000000000000000000000000000000000000')
DEBUG:root:Matched frame over all scan:1272

DEBUG:root:Errors over all scan:63

DEBUG:root:Result:tau1_fail
DEBUG:root:Match or Not:False
DEBUG:root:Real time1487321326.43

DEBUG:root:Real time1487321326.63

DEBUG:root:Extracted signature:bitarray('000000000000000000000000000000000000000000000000000000000000000000000000000000000000000000000000000000000000000000000000000000000000000000000000000000000000000000000000000000000000000000000000000000000000000000000000000000000000000000000000')
DEBUG:root:Matched frame over all scan:1272

DEBUG:root:Errors over all scan:65

DEBUG:root:Result:tau1_fail
DEBUG:root:Match or Not:False
DEBUG:root:Real time1487321326.83

DEBUG:root:Real time1487321327.03

DEBUG:root:Real time1487321327.23

DEBUG:root:Too small detection probably wrong
DEBUG:root:Real time1487321327.43

DEBUG:root:Real time1487321327.63

DEBUG:root:Real time1487321327.83

DEBUG:root:Real time1487321328.03

DEBUG:root:Real time1487321328.23

DEBUG:root:Extracted signature:bitarray('111000000000110110000000010101000001111000110001111000110101111000111111100111100010111000101100001000001001000110100001110000000011101000000000111000000110011100000110011100001011001100001100010001000010000000100000010000010010100110010000')
DEBUG:root:Matched frame over all scan:1316

DEBUG:root:Errors over all scan:76

DEBUG:root:Result:tau1_fail
DEBUG:root:Match or Not:False
DEBUG:root:Real time1487321328.44

DEBUG:root:Real time1487321328.64

DEBUG:root:Real time1487321328.84

DEBUG:root:Real time1487321329.04

DEBUG:root:Real time1487321329.24

DEBUG:root:Real time1487321329.44

DEBUG:root:Real time1487321329.64

DEBUG:root:Too small detection probably wrong
DEBUG:root:Real time1487321329.84

DEBUG:root:Real time1487321330.04

DEBUG:root:Real time1487321330.24

DEBUG:root:Real time1487321330.44

DEBUG:root:Real time1487321330.64

DEBUG:root:Real time1487321330.84

DEBUG:root:Too small detection probably wrong
DEBUG:root:Real time1487321331.04

DEBUG:root:Real time1487321331.24

DEBUG:root:Real time1487321331.45

DEBUG:root:Too small detection probably wrong
DEBUG:root:Real time1487321331.65

DEBUG:root:Too small detection probably wrong
DEBUG:root:Real time1487321331.85

DEBUG:root:Real time1487321332.05

DEBUG:root:Real time1487321332.25

DEBUG:root:Extracted signature:bitarray('100000000011111100000011001110000001110001000001100001000011000010000000011000000011000001110000111000111001101110111111000011111000011100111110000010111111100000111111100001111110000110000000011100000001111000001110010010110001100010010000')
DEBUG:root:Matched frame over all scan:807

DEBUG:root:Errors over all scan:72

DEBUG:root:Result:tau3_fail
DEBUG:root:Match or Not:False
DEBUG:root:Real time1487321332.45

DEBUG:root:Real time1487321332.65

DEBUG:root:Real time1487321332.85

DEBUG:root:Real time1487321333.05

DEBUG:root:Real time1487321333.25

DEBUG:root:Real time1487321333.45

DEBUG:root:Real time1487321333.65

DEBUG:root:Real time1487321333.86

DEBUG:root:Real time1487321334.06

DEBUG:root:Real time1487321334.26

DEBUG:root:Real time1487321334.46

DEBUG:root:Real time1487321334.66

DEBUG:root:Real time1487321334.86

DEBUG:root:Real time1487321335.06

DEBUG:root:Real time1487321335.26

DEBUG:root:Real time1487321335.46

DEBUG:root:Real time1487321335.66

DEBUG:root:Too small detection probably wrong
DEBUG:root:Real time1487321335.86

DEBUG:root:Real time1487321336.07

DEBUG:root:Too small detection probably wrong
DEBUG:root:Real time1487321336.27

DEBUG:root:Real time1487321336.47

DEBUG:root:Real time1487321336.67

DEBUG:root:Real time1487321336.87

DEBUG:root:Real time1487321337.07

DEBUG:root:Real time1487321337.27

DEBUG:root:Too small detection probably wrong
DEBUG:root:Real time1487321337.47

DEBUG:root:Real time1487321337.67

DEBUG:root:Real time1487321337.87

DEBUG:root:Real time1487321338.08

DEBUG:root:Real time1487321338.28

DEBUG:root:Real time1487321338.48

DEBUG:root:Real time1487321338.68

DEBUG:root:Real time1487321338.88

DEBUG:root:Real time1487321339.08

DEBUG:root:Real time1487321339.28

DEBUG:root:Too small detection probably wrong
DEBUG:root:Real time1487321339.48

DEBUG:root:Real time1487321339.68

DEBUG:root:Real time1487321339.88

DEBUG:root:Too small detection probably wrong
DEBUG:root:Real time1487321340.08

DEBUG:root:Too small detection probably wrong
DEBUG:root:Real time1487321340.28

DEBUG:root:Real time1487321340.48

DEBUG:root:Real time1487321340.68

DEBUG:root:Under real time Point counter:0.39306807518

DEBUG:root:Real time1487321341.28

DEBUG:root:Real time1487321341.48

DEBUG:root:Real time1487321341.68

DEBUG:root:Real time1487321341.88

DEBUG:root:Real time1487321342.08

DEBUG:root:Real time1487321342.28

DEBUG:root:Extracted signature:bitarray('111100000000010111100000000001111111101100111111111100111110111001111110000011111010001111100000110000110001101100100101011111111111000110000000111111000100000011000000011010000000100100001100010000111110000011100000110001100011011101010000')
DEBUG:root:Matched frame over all scan:1197

DEBUG:root:Errors over all scan:75

DEBUG:root:Result:tau3_fail
DEBUG:root:Match or Not:False
DEBUG:root:Real time1487321342.48

DEBUG:root:Real time1487321342.68

DEBUG:root:Real time1487321342.88

DEBUG:root:Real time1487321343.08

DEBUG:root:Too small detection probably wrong
DEBUG:root:Real time1487321343.28

DEBUG:root:Real time1487321343.48

DEBUG:root:Real time1487321343.69

DEBUG:root:Too small detection probably wrong
DEBUG:root:Real time1487321343.89

DEBUG:root:Real time1487321344.09

DEBUG:root:Too small detection probably wrong
DEBUG:root:Real time1487321344.29

DEBUG:root:Real time1487321344.49

DEBUG:root:Too small detection probably wrong
DEBUG:root:Real time1487321344.69

DEBUG:root:Too small detection probably wrong
DEBUG:root:Real time1487321344.89

DEBUG:root:Real time1487321345.09

DEBUG:root:Too small detection probably wrong
DEBUG:root:Real time1487321345.29

DEBUG:root:Real time1487321345.49

DEBUG:root:Real time1487321345.69

DEBUG:root:Too small detection probably wrong
DEBUG:root:Real time1487321345.9

DEBUG:root:Too small detection probably wrong
DEBUG:root:Real time1487321346.1

DEBUG:root:Too small detection probably wrong
DEBUG:root:Real time1487321346.3

DEBUG:root:Too small detection probably wrong
DEBUG:root:Real time1487321346.5

DEBUG:root:Real time1487321346.7

DEBUG:root:Real time1487321346.9

DEBUG:root:Too small detection probably wrong
DEBUG:root:Real time1487321347.1

DEBUG:root:Real time1487321347.3

DEBUG:root:Real time1487321347.51

DEBUG:root:Real time1487321347.71

DEBUG:root:Real time1487321347.91

DEBUG:root:Real time1487321348.11

DEBUG:root:Real time1487321348.31

DEBUG:root:Real time1487321348.51

DEBUG:root:Real time1487321348.71

DEBUG:root:Real time1487321348.91

DEBUG:root:Too small detection probably wrong
DEBUG:root:Real time1487321349.12

DEBUG:root:Real time1487321349.32

DEBUG:root:Real time1487321349.52

DEBUG:root:Real time1487321349.72

DEBUG:root:Real time1487321349.92

DEBUG:root:Real time1487321350.12

DEBUG:root:Too small detection probably wrong
DEBUG:root:Real time1487321350.32

DEBUG:root:Real time1487321350.52

DEBUG:root:Real time1487321350.73

DEBUG:root:Real time1487321350.93

DEBUG:root:Real time1487321351.13

DEBUG:root:Real time1487321351.33

DEBUG:root:Real time1487321351.53

DEBUG:root:Real time1487321351.73

DEBUG:root:Real time1487321351.93

DEBUG:root:Real time1487321352.13

DEBUG:root:Real time1487321352.33

DEBUG:root:Real time1487321352.53

DEBUG:root:Real time1487321352.73

DEBUG:root:Real time1487321352.93

DEBUG:root:Real time1487321353.14

DEBUG:root:Nonetype
DEBUG:root:Real time1487321353.34

DEBUG:root:Real time1487321353.54

DEBUG:root:Real time1487321353.74

DEBUG:root:Real time1487321353.94

DEBUG:root:Real time1487321354.14

DEBUG:root:Real time1487321354.34

DEBUG:root:Real time1487321354.54

DEBUG:root:Real time1487321354.74

DEBUG:root:Real time1487321354.94

DEBUG:root:Real time1487321355.14

DEBUG:root:Real time1487321355.35

DEBUG:root:Real time1487321355.55

DEBUG:root:Too small detection probably wrong
DEBUG:root:Real time1487321355.75

DEBUG:root:Too small detection probably wrong
DEBUG:root:Real time1487321355.95

DEBUG:root:Real time1487321356.15

DEBUG:root:Too small detection probably wrong
DEBUG:root:Real time1487321356.35

DEBUG:root:Too small detection probably wrong
DEBUG:root:Real time1487321356.55

DEBUG:root:Too small detection probably wrong
DEBUG:root:Real time1487321356.75

DEBUG:root:Real time1487321356.95

DEBUG:root:Too small detection probably wrong
DEBUG:root:Real time1487321357.15

DEBUG:root:Too small detection probably wrong
DEBUG:root:Real time1487321357.36

DEBUG:root:Too small detection probably wrong
DEBUG:root:Real time1487321357.56

DEBUG:root:Too small detection probably wrong
DEBUG:root:Real time1487321357.76

DEBUG:root:Too small detection probably wrong
DEBUG:root:Real time1487321357.96

DEBUG:root:Too small detection probably wrong
DEBUG:root:Real time1487321358.16

DEBUG:root:Too small detection probably wrong
DEBUG:root:Real time1487321358.36

DEBUG:root:Too small detection probably wrong
DEBUG:root:Real time1487321358.56

DEBUG:root:Real time1487321358.76

DEBUG:root:Real time1487321358.96

DEBUG:root:Real time1487321359.16

DEBUG:root:Real time1487321359.36

DEBUG:root:Real time1487321359.56

