DEBUG:root:Under real time Point counter:2.00271606445e-05

DEBUG:root:Matched frame over all scan:1053

DEBUG:root:Errors over all scan:89

DEBUG:root:Real time1486859794.03

DEBUG:root:Matched frame over all scan:220

DEBUG:root:Errors over all scan:91

DEBUG:root:Real time1486859794.23

DEBUG:root:Matched frame over all scan:68

DEBUG:root:Errors over all scan:89

DEBUG:root:Real time1486859794.43

DEBUG:root:Matched frame over all scan:25

DEBUG:root:Errors over all scan:88

DEBUG:root:Real time1486859794.63

DEBUG:root:Matched frame over all scan:33

DEBUG:root:Errors over all scan:87

DEBUG:root:Real time1486859794.83

DEBUG:root:Matched frame over all scan:33

DEBUG:root:Errors over all scan:88

DEBUG:root:Real time1486859795.03

DEBUG:root:Matched frame over all scan:25

DEBUG:root:Errors over all scan:89

DEBUG:root:Real time1486859795.23

DEBUG:root:Matched frame over all scan:33

DEBUG:root:Errors over all scan:93

DEBUG:root:Real time1486859795.43

DEBUG:root:Matched frame over all scan:33

DEBUG:root:Errors over all scan:87

DEBUG:root:Real time1486859795.63

DEBUG:root:Matched frame over all scan:747

DEBUG:root:Errors over all scan:92

DEBUG:root:Real time1486859795.83

DEBUG:root:Matched frame over all scan:25

DEBUG:root:Errors over all scan:80

DEBUG:root:Real time1486859796.03

DEBUG:root:Matched frame over all scan:33

DEBUG:root:Errors over all scan:85

DEBUG:root:Real time1486859796.24

DEBUG:root:Matched frame over all scan:459

DEBUG:root:Errors over all scan:91

DEBUG:root:Real time1486859796.44

DEBUG:root:Matched frame over all scan:280

DEBUG:root:Errors over all scan:86

DEBUG:root:Real time1486859796.64

DEBUG:root:Matched frame over all scan:280

DEBUG:root:Errors over all scan:92

DEBUG:root:Real time1486859796.84

DEBUG:root:Matched frame over all scan:127

DEBUG:root:Errors over all scan:91

DEBUG:root:Real time1486859797.04

DEBUG:root:Matched frame over all scan:943

DEBUG:root:Errors over all scan:92

DEBUG:root:Real time1486859797.24

DEBUG:root:Matched frame over all scan:178

DEBUG:root:Errors over all scan:83

DEBUG:root:Real time1486859797.44

DEBUG:root:Matched frame over all scan:178

DEBUG:root:Errors over all scan:85

DEBUG:root:Real time1486859797.64

DEBUG:root:Matched frame over all scan:178

DEBUG:root:Errors over all scan:92

DEBUG:root:Real time1486859797.84

DEBUG:root:Matched frame over all scan:178

DEBUG:root:Errors over all scan:89

DEBUG:root:Real time1486859798.04

DEBUG:root:Matched frame over all scan:569

DEBUG:root:Errors over all scan:85

DEBUG:root:Real time1486859798.24

DEBUG:root:Matched frame over all scan:33

DEBUG:root:Errors over all scan:85

DEBUG:root:Real time1486859798.44

DEBUG:root:Matched frame over all scan:25

DEBUG:root:Errors over all scan:82

DEBUG:root:Real time1486859798.64

DEBUG:root:Matched frame over all scan:20

DEBUG:root:Errors over all scan:87

DEBUG:root:Real time1486859798.85

DEBUG:root:Matched frame over all scan:509

DEBUG:root:Errors over all scan:92

DEBUG:root:Real time1486859799.05

DEBUG:root:Matched frame over all scan:10

DEBUG:root:Errors over all scan:94

DEBUG:root:Real time1486859799.25

DEBUG:root:Matched frame over all scan:21

DEBUG:root:Errors over all scan:86

DEBUG:root:Real time1486859799.45

DEBUG:root:Matched frame over all scan:21

DEBUG:root:Errors over all scan:82

DEBUG:root:Real time1486859799.65

DEBUG:root:Matched frame over all scan:21

DEBUG:root:Errors over all scan:87

DEBUG:root:Real time1486859799.85

DEBUG:root:Matched frame over all scan:748

DEBUG:root:Errors over all scan:89

DEBUG:root:Real time1486859800.05

DEBUG:root:Matched frame over all scan:549

DEBUG:root:Errors over all scan:90

DEBUG:root:Real time1486859800.25

DEBUG:root:Matched frame over all scan:416

DEBUG:root:Errors over all scan:83

DEBUG:root:Real time1486859800.45

DEBUG:root:Matched frame over all scan:16

DEBUG:root:Errors over all scan:82

DEBUG:root:Real time1486859800.65

DEBUG:root:Matched frame over all scan:314

DEBUG:root:Errors over all scan:94

DEBUG:root:Real time1486859800.85

DEBUG:root:Matched frame over all scan:415

DEBUG:root:Errors over all scan:92

DEBUG:root:Real time1486859801.05

DEBUG:root:Matched frame over all scan:773

DEBUG:root:Errors over all scan:95

DEBUG:root:Real time1486859801.25

DEBUG:root:Matched frame over all scan:20

DEBUG:root:Errors over all scan:87

DEBUG:root:Real time1486859801.45

DEBUG:root:Matched frame over all scan:34

DEBUG:root:Errors over all scan:83

DEBUG:root:Real time1486859801.65

DEBUG:root:Matched frame over all scan:807

DEBUG:root:Errors over all scan:90

DEBUG:root:Real time1486859801.85

DEBUG:root:Matched frame over all scan:78

DEBUG:root:Errors over all scan:89

DEBUG:root:Real time1486859802.05

DEBUG:root:Real time1486859802.26

DEBUG:root:Matched frame over all scan:749

DEBUG:root:Errors over all scan:91

DEBUG:root:Real time1486859802.46

DEBUG:root:Matched frame over all scan:539

DEBUG:root:Errors over all scan:89

DEBUG:root:Real time1486859802.66

DEBUG:root:Matched frame over all scan:514

DEBUG:root:Errors over all scan:94

DEBUG:root:Real time1486859802.86

DEBUG:root:Matched frame over all scan:773

DEBUG:root:Errors over all scan:92

DEBUG:root:Real time1486859803.06

DEBUG:root:Matched frame over all scan:807

DEBUG:root:Errors over all scan:95

DEBUG:root:Real time1486859803.26

DEBUG:root:Matched frame over all scan:258

DEBUG:root:Errors over all scan:94

DEBUG:root:Real time1486859803.46

DEBUG:root:Matched frame over all scan:730

DEBUG:root:Errors over all scan:91

DEBUG:root:Real time1486859803.66

DEBUG:root:Matched frame over all scan:423

DEBUG:root:Errors over all scan:91

DEBUG:root:Real time1486859803.86

DEBUG:root:Total error:5802

DEBUG:root:Match frame over 25:492

DEBUG:root:Matched frame error:98

DEBUG:root:Matched frame over all scan:423

DEBUG:root:Errors over all scan:94

DEBUG:root:Real time1486859804.06

DEBUG:root:Total error:5851

DEBUG:root:Match frame over 25:422

DEBUG:root:Matched frame error:97

DEBUG:root:Matched frame over all scan:730

DEBUG:root:Errors over all scan:91

DEBUG:root:Under real time Point counter:0.208420038223

DEBUG:root:Total error:5876

DEBUG:root:Match frame over 25:349

DEBUG:root:Matched frame error:101

DEBUG:root:Matched frame over all scan:1206

DEBUG:root:Errors over all scan:93

DEBUG:root:Real time1486859804.47

DEBUG:root:Total error:5816

DEBUG:root:Match frame over 25:908

DEBUG:root:Matched frame error:106

DEBUG:root:Matched frame over all scan:492

DEBUG:root:Errors over all scan:87

DEBUG:root:Real time1486859804.67

DEBUG:root:Total error:5868

DEBUG:root:Match frame over 25:661

DEBUG:root:Matched frame error:102

DEBUG:root:Matched frame over all scan:29

DEBUG:root:Errors over all scan:87

DEBUG:root:Real time1486859804.87

DEBUG:root:Total error:5884

DEBUG:root:Match frame over 25:937

DEBUG:root:Matched frame error:98

DEBUG:root:Matched frame over all scan:492

DEBUG:root:Errors over all scan:94

DEBUG:root:Real time1486859805.07

DEBUG:root:Total error:5839

DEBUG:root:Match frame over 25:29

DEBUG:root:Matched frame error:96

DEBUG:root:Matched frame over all scan:492

DEBUG:root:Errors over all scan:88

DEBUG:root:Real time1486859805.27

DEBUG:root:Total error:5887

DEBUG:root:Match frame over 25:1226

DEBUG:root:Matched frame error:104

DEBUG:root:Matched frame over all scan:492

DEBUG:root:Errors over all scan:93

DEBUG:root:Real time1486859805.47

DEBUG:root:Total error:5837

DEBUG:root:Match frame over 25:136

DEBUG:root:Matched frame error:105

DEBUG:root:Matched frame over all scan:1049

DEBUG:root:Errors over all scan:95

DEBUG:root:Real time1486859805.67

DEBUG:root:Total error:5836

DEBUG:root:Match frame over 25:673

DEBUG:root:Matched frame error:105

DEBUG:root:Matched frame over all scan:492

DEBUG:root:Errors over all scan:86

DEBUG:root:Real time1486859805.87

DEBUG:root:Total error:5822

DEBUG:root:Match frame over 25:526

DEBUG:root:Matched frame error:98

DEBUG:root:Matched frame over all scan:492

DEBUG:root:Errors over all scan:84

DEBUG:root:Real time1486859806.07

DEBUG:root:Total error:5884

DEBUG:root:Match frame over 25:547

DEBUG:root:Matched frame error:100

DEBUG:root:Matched frame over all scan:492

DEBUG:root:Errors over all scan:88

DEBUG:root:Real time1486859806.27

DEBUG:root:Total error:5851

DEBUG:root:Match frame over 25:258

DEBUG:root:Matched frame error:102

DEBUG:root:Matched frame over all scan:492

DEBUG:root:Errors over all scan:84

DEBUG:root:Real time1486859806.47

DEBUG:root:Total error:5858

DEBUG:root:Match frame over 25:628

DEBUG:root:Matched frame error:98

DEBUG:root:Matched frame over all scan:492

DEBUG:root:Errors over all scan:80

DEBUG:root:Real time1486859806.67

DEBUG:root:Total error:5875

DEBUG:root:Match frame over 25:428

DEBUG:root:Matched frame error:105

DEBUG:root:Matched frame over all scan:492

DEBUG:root:Errors over all scan:88

DEBUG:root:Real time1486859806.88

DEBUG:root:Total error:5855

DEBUG:root:Match frame over 25:24

DEBUG:root:Matched frame error:105

DEBUG:root:Matched frame over all scan:492

DEBUG:root:Errors over all scan:85

DEBUG:root:Real time1486859807.08

DEBUG:root:Total error:5853

DEBUG:root:Match frame over 25:547

DEBUG:root:Matched frame error:101

DEBUG:root:Matched frame over all scan:492

DEBUG:root:Errors over all scan:83

DEBUG:root:Real time1486859807.28

DEBUG:root:Total error:5816

DEBUG:root:Match frame over 25:467

DEBUG:root:Matched frame error:102

DEBUG:root:Matched frame over all scan:424

DEBUG:root:Errors over all scan:94

DEBUG:root:Real time1486859807.48

DEBUG:root:Total error:5837

DEBUG:root:Match frame over 25:467

DEBUG:root:Matched frame error:101

DEBUG:root:Matched frame over all scan:116

DEBUG:root:Errors over all scan:97

DEBUG:root:Real time1486859807.68

DEBUG:root:Total error:5840

DEBUG:root:Match frame over 25:348

DEBUG:root:Matched frame error:97

DEBUG:root:Matched frame over all scan:157

DEBUG:root:Errors over all scan:92

DEBUG:root:Real time1486859807.88

DEBUG:root:Total error:5822

DEBUG:root:Match frame over 25:66

DEBUG:root:Matched frame error:103

DEBUG:root:Matched frame over all scan:157

DEBUG:root:Errors over all scan:92

DEBUG:root:Real time1486859808.08

DEBUG:root:Total error:5819

DEBUG:root:Match frame over 25:62

DEBUG:root:Matched frame error:105

DEBUG:root:Matched frame over all scan:1053

DEBUG:root:Errors over all scan:97

DEBUG:root:Real time1486859808.28

DEBUG:root:Total error:5839

DEBUG:root:Match frame over 25:429

DEBUG:root:Matched frame error:98

DEBUG:root:Matched frame over all scan:1326

DEBUG:root:Errors over all scan:94

DEBUG:root:Real time1486859808.48

DEBUG:root:Total error:5867

DEBUG:root:Match frame over 25:1508

DEBUG:root:Matched frame error:107

DEBUG:root:Matched frame over all scan:20

DEBUG:root:Errors over all scan:84

DEBUG:root:Real time1486859808.68

DEBUG:root:Total error:5840

DEBUG:root:Match frame over 25:1418

DEBUG:root:Matched frame error:105

DEBUG:root:Matched frame over all scan:1036

DEBUG:root:Errors over all scan:93

DEBUG:root:Real time1486859808.88

DEBUG:root:Total error:5880

DEBUG:root:Match frame over 25:715

DEBUG:root:Matched frame error:96

DEBUG:root:Matched frame over all scan:357

DEBUG:root:Errors over all scan:94

DEBUG:root:Real time1486859809.08

DEBUG:root:Total error:5864

DEBUG:root:Match frame over 25:698

DEBUG:root:Matched frame error:103

DEBUG:root:Matched frame over all scan:170

DEBUG:root:Errors over all scan:96

DEBUG:root:Under real time Point counter:0.201351165771

DEBUG:root:Total error:5845

DEBUG:root:Match frame over 25:309

DEBUG:root:Matched frame error:103

DEBUG:root:Matched frame over all scan:760

DEBUG:root:Errors over all scan:95

DEBUG:root:Real time1486859809.48

DEBUG:root:Total error:5805

DEBUG:root:Match frame over 25:330

DEBUG:root:Matched frame error:100

DEBUG:root:Matched frame over all scan:69

DEBUG:root:Errors over all scan:92

DEBUG:root:Real time1486859809.68

DEBUG:root:Total error:5891

DEBUG:root:Match frame over 25:301

DEBUG:root:Matched frame error:98

DEBUG:root:Matched frame over all scan:0

DEBUG:root:Errors over all scan:87

DEBUG:root:Real time1486859809.88

DEBUG:root:Total error:5888

DEBUG:root:Match frame over 25:1481

DEBUG:root:Matched frame error:108

DEBUG:root:Matched frame over all scan:628

DEBUG:root:Errors over all scan:86

DEBUG:root:Real time1486859810.08

DEBUG:root:Total error:5854

DEBUG:root:Match frame over 25:1446

DEBUG:root:Matched frame error:103

DEBUG:root:Matched frame over all scan:628

DEBUG:root:Errors over all scan:85

DEBUG:root:Real time1486859810.28

DEBUG:root:Total error:5850

DEBUG:root:Match frame over 25:628

DEBUG:root:Matched frame error:94

DEBUG:root:Matched frame over all scan:0

DEBUG:root:Errors over all scan:87

DEBUG:root:Real time1486859810.48

DEBUG:root:Total error:5810

DEBUG:root:Match frame over 25:571

DEBUG:root:Matched frame error:94

DEBUG:root:Matched frame over all scan:459

DEBUG:root:Errors over all scan:88

DEBUG:root:Real time1486859810.68

DEBUG:root:Total error:5867

DEBUG:root:Match frame over 25:628

DEBUG:root:Matched frame error:88

DEBUG:root:Matched frame over all scan:459

DEBUG:root:Errors over all scan:88

DEBUG:root:Real time1486859810.88

DEBUG:root:Total error:5867

DEBUG:root:Match frame over 25:197

DEBUG:root:Matched frame error:102

DEBUG:root:Matched frame over all scan:459

DEBUG:root:Errors over all scan:88

DEBUG:root:Real time1486859811.08

DEBUG:root:Total error:5861

DEBUG:root:Match frame over 25:1446

DEBUG:root:Matched frame error:100

DEBUG:root:Matched frame over all scan:628

DEBUG:root:Errors over all scan:88

DEBUG:root:Real time1486859811.29

DEBUG:root:Total error:5858

DEBUG:root:Match frame over 25:1024

DEBUG:root:Matched frame error:102

DEBUG:root:Matched frame over all scan:459

DEBUG:root:Errors over all scan:89

DEBUG:root:Real time1486859811.49

DEBUG:root:Total error:5849

DEBUG:root:Match frame over 25:628

DEBUG:root:Matched frame error:89

DEBUG:root:Matched frame over all scan:628

DEBUG:root:Errors over all scan:89

DEBUG:root:Real time1486859811.69

DEBUG:root:Total error:5852

DEBUG:root:Match frame over 25:628

DEBUG:root:Matched frame error:87

DEBUG:root:Matched frame over all scan:628

DEBUG:root:Errors over all scan:87

DEBUG:root:Real time1486859811.89

DEBUG:root:Total error:5887

DEBUG:root:Match frame over 25:1003

DEBUG:root:Matched frame error:100

DEBUG:root:Matched frame over all scan:357

DEBUG:root:Errors over all scan:93

DEBUG:root:Real time1486859812.09

DEBUG:root:Total error:5854

DEBUG:root:Match frame over 25:534

DEBUG:root:Matched frame error:101

DEBUG:root:Matched frame over all scan:229

DEBUG:root:Errors over all scan:94

DEBUG:root:Real time1486859812.29

DEBUG:root:Total error:5829

DEBUG:root:Match frame over 25:398

DEBUG:root:Matched frame error:104

DEBUG:root:Matched frame over all scan:1092

DEBUG:root:Errors over all scan:88

DEBUG:root:Real time1486859812.49

DEBUG:root:Total error:5849

DEBUG:root:Match frame over 25:410

DEBUG:root:Matched frame error:100

DEBUG:root:Matched frame over all scan:1045

DEBUG:root:Errors over all scan:94

DEBUG:root:Real time1486859812.69

DEBUG:root:Total error:5875

DEBUG:root:Match frame over 25:664

DEBUG:root:Matched frame error:97

DEBUG:root:Matched frame over all scan:1002

DEBUG:root:Errors over all scan:96

DEBUG:root:Real time1486859812.89

DEBUG:root:Total error:5814

DEBUG:root:Match frame over 25:475

DEBUG:root:Matched frame error:104

DEBUG:root:Matched frame over all scan:1240

DEBUG:root:Errors over all scan:90

DEBUG:root:Real time1486859813.09

DEBUG:root:Total error:5829

DEBUG:root:Match frame over 25:451

DEBUG:root:Matched frame error:101

DEBUG:root:Matched frame over all scan:20

DEBUG:root:Errors over all scan:94

DEBUG:root:Real time1486859813.29

DEBUG:root:Total error:5851

DEBUG:root:Match frame over 25:450

DEBUG:root:Matched frame error:101

DEBUG:root:Matched frame over all scan:84

DEBUG:root:Errors over all scan:89

DEBUG:root:Real time1486859813.49

DEBUG:root:Total error:5806

DEBUG:root:Match frame over 25:472

DEBUG:root:Matched frame error:100

DEBUG:root:Matched frame over all scan:287

DEBUG:root:Errors over all scan:99

DEBUG:root:Real time1486859813.7

DEBUG:root:Total error:5889

DEBUG:root:Match frame over 25:360

DEBUG:root:Matched frame error:101

DEBUG:root:Matched frame over all scan:11

DEBUG:root:Errors over all scan:92

DEBUG:root:Real time1486859813.9

DEBUG:root:Total error:5849

DEBUG:root:Match frame over 25:877

DEBUG:root:Matched frame error:103

DEBUG:root:Matched frame over all scan:288

DEBUG:root:Errors over all scan:94

DEBUG:root:Real time1486859814.1

DEBUG:root:Total error:5882

DEBUG:root:Match frame over 25:539

DEBUG:root:Matched frame error:105

DEBUG:root:Matched frame over all scan:0

DEBUG:root:Errors over all scan:90

DEBUG:root:Under real time Point counter:0.205485105515

DEBUG:root:Total error:5826

DEBUG:root:Match frame over 25:682

DEBUG:root:Matched frame error:95

DEBUG:root:Matched frame over all scan:458

DEBUG:root:Errors over all scan:84

DEBUG:root:Real time1486859814.51

DEBUG:root:Total error:5859

DEBUG:root:Match frame over 25:364

DEBUG:root:Matched frame error:101

DEBUG:root:Matched frame over all scan:682

DEBUG:root:Errors over all scan:91

DEBUG:root:Real time1486859814.71

DEBUG:root:Total error:5859

DEBUG:root:Match frame over 25:374

DEBUG:root:Matched frame error:104

DEBUG:root:Matched frame over all scan:825

DEBUG:root:Errors over all scan:95

DEBUG:root:Real time1486859814.91

DEBUG:root:Total error:5864

DEBUG:root:Match frame over 25:1537

DEBUG:root:Matched frame error:107

DEBUG:root:Matched frame over all scan:518

DEBUG:root:Errors over all scan:91

DEBUG:root:Real time1486859815.11

DEBUG:root:Total error:5847

DEBUG:root:Match frame over 25:780

DEBUG:root:Matched frame error:98

DEBUG:root:Matched frame over all scan:221

DEBUG:root:Errors over all scan:95

DEBUG:root:Real time1486859815.31

DEBUG:root:Total error:5840

DEBUG:root:Match frame over 25:1406

DEBUG:root:Matched frame error:97

DEBUG:root:Matched frame over all scan:714

DEBUG:root:Errors over all scan:88

DEBUG:root:Real time1486859815.51

DEBUG:root:Total error:5849

DEBUG:root:Match frame over 25:588

DEBUG:root:Matched frame error:105

DEBUG:root:Matched frame over all scan:224

DEBUG:root:Errors over all scan:92

DEBUG:root:Real time1486859815.71

DEBUG:root:Total error:5858

DEBUG:root:Match frame over 25:1302

DEBUG:root:Matched frame error:102

DEBUG:root:Matched frame over all scan:627

DEBUG:root:Errors over all scan:92

DEBUG:root:Real time1486859815.91

DEBUG:root:Total error:5835

DEBUG:root:Match frame over 25:706

DEBUG:root:Matched frame error:102

DEBUG:root:Matched frame over all scan:416

DEBUG:root:Errors over all scan:92

DEBUG:root:Real time1486859816.11

DEBUG:root:Total error:5852

DEBUG:root:Match frame over 25:416

DEBUG:root:Matched frame error:98

DEBUG:root:Matched frame over all scan:888

DEBUG:root:Errors over all scan:92

DEBUG:root:Real time1486859816.31

DEBUG:root:Total error:5872

DEBUG:root:Match frame over 25:203

DEBUG:root:Matched frame error:95

DEBUG:root:Matched frame over all scan:747

DEBUG:root:Errors over all scan:94

DEBUG:root:Real time1486859816.51

DEBUG:root:Total error:5855

DEBUG:root:Match frame over 25:1436

DEBUG:root:Matched frame error:107

DEBUG:root:Matched frame over all scan:467

DEBUG:root:Errors over all scan:76

DEBUG:root:Real time1486859816.71

DEBUG:root:Total error:5848

DEBUG:root:Match frame over 25:1364

DEBUG:root:Matched frame error:92

DEBUG:root:Matched frame over all scan:1364

DEBUG:root:Errors over all scan:92

DEBUG:root:Real time1486859816.91

DEBUG:root:Total error:5873

DEBUG:root:Match frame over 25:994

DEBUG:root:Matched frame error:109

DEBUG:root:Matched frame over all scan:433

DEBUG:root:Errors over all scan:88

DEBUG:root:Real time1486859817.12

DEBUG:root:Total error:5880

DEBUG:root:Match frame over 25:671

DEBUG:root:Matched frame error:100

DEBUG:root:Matched frame over all scan:229

DEBUG:root:Errors over all scan:91

DEBUG:root:Real time1486859817.32

DEBUG:root:Total error:5858

DEBUG:root:Match frame over 25:631

DEBUG:root:Matched frame error:99

DEBUG:root:Matched frame over all scan:84

DEBUG:root:Errors over all scan:81

DEBUG:root:Real time1486859817.52

DEBUG:root:Total error:5842

DEBUG:root:Match frame over 25:662

DEBUG:root:Matched frame error:99

DEBUG:root:Matched frame over all scan:716

DEBUG:root:Errors over all scan:90

DEBUG:root:Real time1486859817.72

DEBUG:root:Total error:5829

DEBUG:root:Match frame over 25:442

DEBUG:root:Matched frame error:101

DEBUG:root:Matched frame over all scan:186

DEBUG:root:Errors over all scan:94

DEBUG:root:Real time1486859817.92

DEBUG:root:Total error:5828

DEBUG:root:Match frame over 25:1488

DEBUG:root:Matched frame error:102

DEBUG:root:Matched frame over all scan:2

DEBUG:root:Errors over all scan:94

DEBUG:root:Real time1486859818.12

DEBUG:root:Total error:5835

DEBUG:root:Match frame over 25:1473

DEBUG:root:Matched frame error:106

DEBUG:root:Matched frame over all scan:44

DEBUG:root:Errors over all scan:89

DEBUG:root:Real time1486859818.32

DEBUG:root:Total error:5790

DEBUG:root:Match frame over 25:44

DEBUG:root:Matched frame error:97

DEBUG:root:Matched frame over all scan:152

DEBUG:root:Errors over all scan:89

DEBUG:root:Real time1486859818.52

DEBUG:root:Total error:5844

DEBUG:root:Match frame over 25:1359

DEBUG:root:Matched frame error:102

DEBUG:root:Matched frame over all scan:152

DEBUG:root:Errors over all scan:89

DEBUG:root:Real time1486859818.72

DEBUG:root:Total error:5853

DEBUG:root:Match frame over 25:1314

DEBUG:root:Matched frame error:102

DEBUG:root:Matched frame over all scan:152

DEBUG:root:Errors over all scan:91

DEBUG:root:Real time1486859818.92

DEBUG:root:Total error:5871

DEBUG:root:Match frame over 25:10

DEBUG:root:Matched frame error:95

DEBUG:root:Matched frame over all scan:152

DEBUG:root:Errors over all scan:90

DEBUG:root:Real time1486859819.12

DEBUG:root:Real time1486859819.32

DEBUG:root:Real time1486859819.52

DEBUG:root:Total error:5875

DEBUG:root:Match frame over 25:44

DEBUG:root:Matched frame error:94

DEBUG:root:Matched frame over all scan:44

DEBUG:root:Errors over all scan:94

DEBUG:root:Real time1486859819.72

DEBUG:root:Total error:5832

DEBUG:root:Match frame over 25:639

DEBUG:root:Matched frame error:97

DEBUG:root:Matched frame over all scan:453

DEBUG:root:Errors over all scan:91

DEBUG:root:Real time1486859819.92

DEBUG:root:Real time1486859820.12

DEBUG:root:Total error:5831

DEBUG:root:Match frame over 25:44

DEBUG:root:Matched frame error:95

DEBUG:root:Matched frame over all scan:135

DEBUG:root:Errors over all scan:91

DEBUG:root:Real time1486859820.33

DEBUG:root:Total error:5829

DEBUG:root:Match frame over 25:627

DEBUG:root:Matched frame error:106

DEBUG:root:Matched frame over all scan:152

DEBUG:root:Errors over all scan:90

DEBUG:root:Real time1486859820.53

DEBUG:root:Real time1486859820.73

DEBUG:root:Total error:5862

DEBUG:root:Match frame over 25:1430

DEBUG:root:Matched frame error:109

DEBUG:root:Matched frame over all scan:371

DEBUG:root:Errors over all scan:96

DEBUG:root:Real time1486859820.93

DEBUG:root:Total error:5840

DEBUG:root:Match frame over 25:110

DEBUG:root:Matched frame error:103

DEBUG:root:Matched frame over all scan:1045

DEBUG:root:Errors over all scan:93

DEBUG:root:Real time1486859821.13

DEBUG:root:Total error:5865

DEBUG:root:Match frame over 25:1328

DEBUG:root:Matched frame error:115

DEBUG:root:Matched frame over all scan:97

DEBUG:root:Errors over all scan:91

DEBUG:root:Real time1486859821.33

DEBUG:root:Total error:5853

DEBUG:root:Match frame over 25:708

DEBUG:root:Matched frame error:100

DEBUG:root:Matched frame over all scan:11

DEBUG:root:Errors over all scan:85

DEBUG:root:Real time1486859821.53

DEBUG:root:Total error:5826

DEBUG:root:Match frame over 25:748

DEBUG:root:Matched frame error:102

DEBUG:root:Matched frame over all scan:144

DEBUG:root:Errors over all scan:96

DEBUG:root:Real time1486859821.73

DEBUG:root:Total error:5800

DEBUG:root:Match frame over 25:706

DEBUG:root:Matched frame error:97

DEBUG:root:Matched frame over all scan:952

DEBUG:root:Errors over all scan:92

DEBUG:root:Real time1486859821.93

DEBUG:root:Total error:5860

DEBUG:root:Match frame over 25:952

DEBUG:root:Matched frame error:94

DEBUG:root:Matched frame over all scan:849

DEBUG:root:Errors over all scan:93

DEBUG:root:Real time1486859822.13

DEBUG:root:Total error:5842

DEBUG:root:Match frame over 25:705

DEBUG:root:Matched frame error:96

DEBUG:root:Matched frame over all scan:952

DEBUG:root:Errors over all scan:89

DEBUG:root:Real time1486859822.33

DEBUG:root:Total error:5879

DEBUG:root:Match frame over 25:577

DEBUG:root:Matched frame error:96

DEBUG:root:Matched frame over all scan:84

DEBUG:root:Errors over all scan:94

DEBUG:root:Real time1486859822.53

DEBUG:root:Total error:5849

DEBUG:root:Match frame over 25:390

DEBUG:root:Matched frame error:97

DEBUG:root:Matched frame over all scan:84

DEBUG:root:Errors over all scan:92

DEBUG:root:Real time1486859822.73

DEBUG:root:Total error:5864

DEBUG:root:Match frame over 25:705

DEBUG:root:Matched frame error:97

DEBUG:root:Matched frame over all scan:174

DEBUG:root:Errors over all scan:90

DEBUG:root:Real time1486859822.93

DEBUG:root:Total error:5884

DEBUG:root:Match frame over 25:33

DEBUG:root:Matched frame error:101

DEBUG:root:Matched frame over all scan:357

DEBUG:root:Errors over all scan:92

DEBUG:root:Real time1486859823.13

DEBUG:root:Total error:5893

DEBUG:root:Match frame over 25:628

DEBUG:root:Matched frame error:108

DEBUG:root:Matched frame over all scan:909

DEBUG:root:Errors over all scan:89

DEBUG:root:Real time1486859823.33

DEBUG:root:Total error:5857

DEBUG:root:Match frame over 25:356

DEBUG:root:Matched frame error:99

DEBUG:root:Matched frame over all scan:16

DEBUG:root:Errors over all scan:80

DEBUG:root:Real time1486859823.53

DEBUG:root:Total error:5816

DEBUG:root:Match frame over 25:430

DEBUG:root:Matched frame error:100

DEBUG:root:Matched frame over all scan:195

DEBUG:root:Errors over all scan:84

DEBUG:root:Real time1486859823.73

DEBUG:root:Total error:5840

DEBUG:root:Match frame over 25:430

DEBUG:root:Matched frame error:103

DEBUG:root:Matched frame over all scan:1093

DEBUG:root:Errors over all scan:94

DEBUG:root:Real time1486859823.94

DEBUG:root:Total error:5842

DEBUG:root:Match frame over 25:136

DEBUG:root:Matched frame error:98

DEBUG:root:Matched frame over all scan:309

DEBUG:root:Errors over all scan:92

DEBUG:root:Real time1486859824.14

DEBUG:root:Total error:5792

DEBUG:root:Match frame over 25:84

DEBUG:root:Matched frame error:82

DEBUG:root:Matched frame over all scan:450

DEBUG:root:Errors over all scan:76

DEBUG:root:Real time1486859824.34

DEBUG:root:Total error:5863

DEBUG:root:Match frame over 25:603

DEBUG:root:Matched frame error:104

DEBUG:root:Matched frame over all scan:450

DEBUG:root:Errors over all scan:81

DEBUG:root:Real time1486859824.54

DEBUG:root:Total error:5842

DEBUG:root:Match frame over 25:76

DEBUG:root:Matched frame error:105

DEBUG:root:Matched frame over all scan:841

DEBUG:root:Errors over all scan:91

DEBUG:root:Real time1486859824.74

DEBUG:root:Total error:5886

DEBUG:root:Match frame over 25:678

DEBUG:root:Matched frame error:98

DEBUG:root:Matched frame over all scan:203

DEBUG:root:Errors over all scan:92

DEBUG:root:Real time1486859824.94

DEBUG:root:Total error:5891

DEBUG:root:Match frame over 25:1466

DEBUG:root:Matched frame error:112

DEBUG:root:Matched frame over all scan:628

DEBUG:root:Errors over all scan:94

DEBUG:root:Real time1486859825.14

DEBUG:root:Total error:5862

DEBUG:root:Match frame over 25:688

DEBUG:root:Matched frame error:100

DEBUG:root:Matched frame over all scan:577

DEBUG:root:Errors over all scan:97

DEBUG:root:Real time1486859825.34

DEBUG:root:Total error:5883

DEBUG:root:Match frame over 25:164

DEBUG:root:Matched frame error:106

DEBUG:root:Matched frame over all scan:553

DEBUG:root:Errors over all scan:94

DEBUG:root:Real time1486859825.54

DEBUG:root:Total error:5834

DEBUG:root:Match frame over 25:675

DEBUG:root:Matched frame error:96

DEBUG:root:Matched frame over all scan:1015

DEBUG:root:Errors over all scan:90

DEBUG:root:Real time1486859825.74

DEBUG:root:Total error:5835

DEBUG:root:Match frame over 25:688

DEBUG:root:Matched frame error:107

DEBUG:root:Matched frame over all scan:892

DEBUG:root:Errors over all scan:88

DEBUG:root:Real time1486859825.94

DEBUG:root:Total error:5883

DEBUG:root:Match frame over 25:601

DEBUG:root:Matched frame error:104

DEBUG:root:Matched frame over all scan:1096

DEBUG:root:Errors over all scan:83

DEBUG:root:Real time1486859826.14

DEBUG:root:Total error:5867

DEBUG:root:Match frame over 25:501

DEBUG:root:Matched frame error:101

DEBUG:root:Matched frame over all scan:1096

DEBUG:root:Errors over all scan:83

DEBUG:root:Real time1486859826.34

DEBUG:root:Total error:5879

DEBUG:root:Match frame over 25:732

DEBUG:root:Matched frame error:98

DEBUG:root:Matched frame over all scan:178

DEBUG:root:Errors over all scan:84

DEBUG:root:Real time1486859826.54

DEBUG:root:Total error:5899

DEBUG:root:Match frame over 25:736

DEBUG:root:Matched frame error:109

DEBUG:root:Matched frame over all scan:1019

DEBUG:root:Errors over all scan:88

DEBUG:root:Real time1486859826.74

DEBUG:root:Total error:5905

DEBUG:root:Match frame over 25:732

DEBUG:root:Matched frame error:106

DEBUG:root:Matched frame over all scan:1019

DEBUG:root:Errors over all scan:89

DEBUG:root:Real time1486859826.94

DEBUG:root:Total error:5852

DEBUG:root:Match frame over 25:199

DEBUG:root:Matched frame error:98

DEBUG:root:Matched frame over all scan:243

DEBUG:root:Errors over all scan:94

DEBUG:root:Real time1486859827.14

DEBUG:root:Total error:5871

DEBUG:root:Match frame over 25:622

DEBUG:root:Matched frame error:98

DEBUG:root:Matched frame over all scan:307

DEBUG:root:Errors over all scan:92

DEBUG:root:Real time1486859827.34

DEBUG:root:Total error:5862

DEBUG:root:Match frame over 25:433

DEBUG:root:Matched frame error:101

DEBUG:root:Matched frame over all scan:876

DEBUG:root:Errors over all scan:89

DEBUG:root:Real time1486859827.54

DEBUG:root:Total error:5878

DEBUG:root:Match frame over 25:1508

DEBUG:root:Matched frame error:96

DEBUG:root:Matched frame over all scan:866

DEBUG:root:Errors over all scan:92

DEBUG:root:Real time1486859827.75

DEBUG:root:Total error:5909

DEBUG:root:Match frame over 25:1428

DEBUG:root:Matched frame error:96

DEBUG:root:Matched frame over all scan:901

DEBUG:root:Errors over all scan:90

DEBUG:root:Real time1486859827.95

DEBUG:root:Total error:5878

DEBUG:root:Match frame over 25:952

DEBUG:root:Matched frame error:93

DEBUG:root:Matched frame over all scan:696

DEBUG:root:Errors over all scan:91

DEBUG:root:Real time1486859828.15

DEBUG:root:Total error:5904

DEBUG:root:Match frame over 25:153

DEBUG:root:Matched frame error:102

DEBUG:root:Matched frame over all scan:1512

DEBUG:root:Errors over all scan:92

DEBUG:root:Real time1486859828.35

DEBUG:root:Total error:5918

DEBUG:root:Match frame over 25:459

DEBUG:root:Matched frame error:103

DEBUG:root:Matched frame over all scan:1512

DEBUG:root:Errors over all scan:93

DEBUG:root:Real time1486859828.55

DEBUG:root:Total error:5830

DEBUG:root:Match frame over 25:145

DEBUG:root:Matched frame error:91

DEBUG:root:Matched frame over all scan:458

DEBUG:root:Errors over all scan:73

DEBUG:root:Real time1486859828.75

DEBUG:root:Total error:5880

DEBUG:root:Match frame over 25:680

DEBUG:root:Matched frame error:99

DEBUG:root:Matched frame over all scan:459

DEBUG:root:Errors over all scan:75

DEBUG:root:Real time1486859828.95

DEBUG:root:Total error:5874

DEBUG:root:Match frame over 25:679

DEBUG:root:Matched frame error:101

DEBUG:root:Matched frame over all scan:84

DEBUG:root:Errors over all scan:74

DEBUG:root:Real time1486859829.15

DEBUG:root:Total error:5886

DEBUG:root:Match frame over 25:129

DEBUG:root:Matched frame error:100

DEBUG:root:Matched frame over all scan:84

DEBUG:root:Errors over all scan:76

DEBUG:root:Real time1486859829.35

DEBUG:root:Total error:5883

DEBUG:root:Match frame over 25:211

DEBUG:root:Matched frame error:100

DEBUG:root:Matched frame over all scan:450

DEBUG:root:Errors over all scan:71

DEBUG:root:Real time1486859829.55

DEBUG:root:Total error:5891

DEBUG:root:Match frame over 25:914

DEBUG:root:Matched frame error:94

DEBUG:root:Matched frame over all scan:450

DEBUG:root:Errors over all scan:74

DEBUG:root:Real time1486859829.75

DEBUG:root:Total error:5849

DEBUG:root:Match frame over 25:580

DEBUG:root:Matched frame error:101

DEBUG:root:Matched frame over all scan:458

DEBUG:root:Errors over all scan:74

DEBUG:root:Real time1486859829.95

DEBUG:root:Total error:5896

DEBUG:root:Match frame over 25:1092

DEBUG:root:Matched frame error:100

DEBUG:root:Matched frame over all scan:458

DEBUG:root:Errors over all scan:68

DEBUG:root:Real time1486859830.15

DEBUG:root:Total error:5810

DEBUG:root:Match frame over 25:951

DEBUG:root:Matched frame error:92

DEBUG:root:Matched frame over all scan:458

DEBUG:root:Errors over all scan:69

DEBUG:root:Under real time Point counter:0.209550142288

DEBUG:root:Total error:5733

DEBUG:root:Match frame over 25:950

DEBUG:root:Matched frame error:96

DEBUG:root:Matched frame over all scan:458

DEBUG:root:Errors over all scan:87

DEBUG:root:Real time1486859830.56

DEBUG:root:Total error:5793

DEBUG:root:Match frame over 25:944

DEBUG:root:Matched frame error:104

DEBUG:root:Matched frame over all scan:356

DEBUG:root:Errors over all scan:88

DEBUG:root:Real time1486859830.76

DEBUG:root:Total error:5773

DEBUG:root:Match frame over 25:1084

DEBUG:root:Matched frame error:102

DEBUG:root:Matched frame over all scan:993

DEBUG:root:Errors over all scan:86

DEBUG:root:Real time1486859830.96

DEBUG:root:Total error:5786

DEBUG:root:Match frame over 25:1059

DEBUG:root:Matched frame error:104

DEBUG:root:Matched frame over all scan:0

DEBUG:root:Errors over all scan:78

DEBUG:root:Real time1486859831.16

DEBUG:root:Total error:5851

DEBUG:root:Match frame over 25:42

DEBUG:root:Matched frame error:97

DEBUG:root:Matched frame over all scan:509

DEBUG:root:Errors over all scan:88

DEBUG:root:Real time1486859831.36

DEBUG:root:Total error:5837

DEBUG:root:Match frame over 25:694

DEBUG:root:Matched frame error:101

DEBUG:root:Matched frame over all scan:33

DEBUG:root:Errors over all scan:89

DEBUG:root:Real time1486859831.56

DEBUG:root:Total error:5818

DEBUG:root:Match frame over 25:240

DEBUG:root:Matched frame error:99

DEBUG:root:Matched frame over all scan:167

DEBUG:root:Errors over all scan:92

DEBUG:root:Real time1486859831.77

DEBUG:root:Total error:5814

DEBUG:root:Match frame over 25:414

DEBUG:root:Matched frame error:107

DEBUG:root:Matched frame over all scan:943

DEBUG:root:Errors over all scan:89

DEBUG:root:Real time1486859831.97

DEBUG:root:Total error:5822

DEBUG:root:Match frame over 25:1085

DEBUG:root:Matched frame error:97

DEBUG:root:Matched frame over all scan:943

DEBUG:root:Errors over all scan:86

DEBUG:root:Real time1486859832.17

DEBUG:root:Total error:5781

DEBUG:root:Match frame over 25:942

DEBUG:root:Matched frame error:105

DEBUG:root:Matched frame over all scan:909

DEBUG:root:Errors over all scan:96

DEBUG:root:Real time1486859832.37

DEBUG:root:Total error:5707

DEBUG:root:Match frame over 25:35

DEBUG:root:Matched frame error:110

DEBUG:root:Matched frame over all scan:273

DEBUG:root:Errors over all scan:99

DEBUG:root:Real time1486859832.57

DEBUG:root:Total error:5787

DEBUG:root:Match frame over 25:403

DEBUG:root:Matched frame error:104

DEBUG:root:Matched frame over all scan:981

DEBUG:root:Errors over all scan:95

DEBUG:root:Real time1486859832.77

DEBUG:root:Total error:5809

DEBUG:root:Match frame over 25:30

DEBUG:root:Matched frame error:106

DEBUG:root:Matched frame over all scan:253

DEBUG:root:Errors over all scan:94

DEBUG:root:Real time1486859832.97

DEBUG:root:Total error:5776

DEBUG:root:Match frame over 25:412

DEBUG:root:Matched frame error:96

DEBUG:root:Matched frame over all scan:110

DEBUG:root:Errors over all scan:87

DEBUG:root:Real time1486859833.17

DEBUG:root:Total error:5811

DEBUG:root:Match frame over 25:797

DEBUG:root:Matched frame error:99

DEBUG:root:Matched frame over all scan:892

DEBUG:root:Errors over all scan:87

DEBUG:root:Real time1486859833.37

DEBUG:root:Total error:5789

DEBUG:root:Match frame over 25:412

DEBUG:root:Matched frame error:104

DEBUG:root:Matched frame over all scan:110

DEBUG:root:Errors over all scan:91

DEBUG:root:Real time1486859833.57

DEBUG:root:Total error:5831

DEBUG:root:Match frame over 25:403

DEBUG:root:Matched frame error:98

DEBUG:root:Matched frame over all scan:110

DEBUG:root:Errors over all scan:94

DEBUG:root:Real time1486859833.77

DEBUG:root:Total error:5812

DEBUG:root:Match frame over 25:430

DEBUG:root:Matched frame error:100

DEBUG:root:Matched frame over all scan:875

DEBUG:root:Errors over all scan:93

DEBUG:root:Real time1486859833.97

DEBUG:root:Total error:5821

DEBUG:root:Match frame over 25:698

DEBUG:root:Matched frame error:97

DEBUG:root:Matched frame over all scan:238

DEBUG:root:Errors over all scan:94

DEBUG:root:Real time1486859834.17

DEBUG:root:Total error:5731

DEBUG:root:Match frame over 25:416

DEBUG:root:Matched frame error:96

DEBUG:root:Matched frame over all scan:888

DEBUG:root:Errors over all scan:92

DEBUG:root:Real time1486859834.37

DEBUG:root:Total error:5806

DEBUG:root:Match frame over 25:428

DEBUG:root:Matched frame error:104

DEBUG:root:Matched frame over all scan:626

DEBUG:root:Errors over all scan:95

DEBUG:root:Real time1486859834.57

DEBUG:root:Total error:5807

DEBUG:root:Match frame over 25:37

DEBUG:root:Matched frame error:100

DEBUG:root:Matched frame over all scan:552

DEBUG:root:Errors over all scan:94

DEBUG:root:Real time1486859834.78

DEBUG:root:Total error:5762

DEBUG:root:Match frame over 25:977

DEBUG:root:Matched frame error:97

DEBUG:root:Matched frame over all scan:1096

DEBUG:root:Errors over all scan:92

