DEBUG:root:Under real time Point counter:3.19480895996e-05

DEBUG:root:Extracted signature:bitarray('00000000000000000000000000000000000000000000000000000000000000000000000000000000000000000000000000000000000000000000000000000000000000000000000000000000000000000000000000000000000000000000000000000000000000000000000000000000000000000000000000000000000000000000000000000000')
DEBUG:root:Matched frame over all scan:157

DEBUG:root:Errors over all scan:0

DEBUG:root:Result:replica detected
DEBUG:root:Under real time Point counter:0.229576826096

DEBUG:root:Extracted signature:bitarray('10001111110000001001111110000100011111100001001111110001101111100000111111000000111100000111100100101111001011100011000010000100000011110000111100001100001111110001100011111100011001110110111100110110001101111100001011111000100011100101110001110000110000010100100010010000')
DEBUG:root:Matched frame over all scan:1861

DEBUG:root:Errors over all scan:80

DEBUG:root:Result:tau3_fail
DEBUG:root:Real time1487900565.99

DEBUG:root:Extracted signature:bitarray('11111111110000001111111110000001001111100000011011111000101011110000100111000001111100000111100000111101001011100111000010000100000000010000111100011100011111100011100111111000011001111110001101011110001101111100011010110001111110000111100001110000110000010000100000101000')
DEBUG:root:Matched frame over all scan:1855

DEBUG:root:Errors over all scan:67

DEBUG:root:Result:tau3_fail
DEBUG:root:Real time1487900566.19

DEBUG:root:Extracted signature:bitarray('11011111111000001111111111000101101111011001011111110100001101100000010111000001111100000111100000010000000111001111001110000100000000010000111100011100000111100011100001111001011001111100111101111100111101111001001011100000101100000011000000110000010000110000100000001000')
DEBUG:root:Matched frame over all scan:1861

DEBUG:root:Errors over all scan:77

DEBUG:root:Result:tau3_fail
DEBUG:root:Real time1487900566.4

DEBUG:root:Extracted signature:bitarray('11001111110001010001111110001100011111000011011111001111001111101110001111111000011111100001111100001111000011110001111001110011111111110000111100001110001111110001100011110000111001111000111101111000111101111001101011100100101110100101100001010000101000101001010101101000')
DEBUG:root:Matched frame over all scan:2339

DEBUG:root:Errors over all scan:72

DEBUG:root:Result:tau3_fail
DEBUG:root:Under real time Point counter:0.201333045959

DEBUG:root:Extracted signature:bitarray('10000111110001110000111110001100011110001111001111001111001111001110001111111100011111110001111100001111000011100011110001110111111111101000111110001110000111110001100011110000111011111001111101111001110101111001001011100100101101000101110001010000101000101001010101001000')
DEBUG:root:Matched frame over all scan:1060

DEBUG:root:Errors over all scan:77

DEBUG:root:Result:tau3_fail
DEBUG:root:Real time1487900566.8

DEBUG:root:Extracted signature:bitarray('11000111110000111000111110000010011111000000111111001110001111001100001111111000011111100001111100001111000011110011110001110011011111111000111110001110000111110001110011110000011011111000110101111001110101110001101010001110101011100101111001011000101000101001010101101000')
DEBUG:root:Matched frame over all scan:2339

DEBUG:root:Errors over all scan:78

DEBUG:root:Result:tau3_fail
DEBUG:root:Real time1487900567.0

DEBUG:root:Real time1487900567.21

DEBUG:root:Real time1487900567.41

DEBUG:root:Extracted signature:bitarray('11000111110000010001111110001110011111100111001111011111101111011111001111111100011111110001111100001111000011110001110001110011111111111000111110001110001111100001100011111000111011110001111101111001111101110001001011100100101111000101110001011000101000101001010001011000')
DEBUG:root:Matched frame over all scan:2448

DEBUG:root:Errors over all scan:74

DEBUG:root:Result:tau3_fail
DEBUG:root:Real time1487900567.61

DEBUG:root:Extracted signature:bitarray('11000111110001010001111110001110011111100111001111001111001111001111001111111100011111110001111100001111000011110001111001110011111111111000111110001110001111110001110011111000111001110000111101111001111101110011101011100100101100100101110001010000101000101001010001011000')
DEBUG:root:Matched frame over all scan:2448

DEBUG:root:Errors over all scan:77

DEBUG:root:Result:tau3_fail
DEBUG:root:Real time1487900567.81

DEBUG:root:Extracted signature:bitarray('11000111110001011001111110001110011111100111001110011111101111011111001111111100011111110001111110001111100011110001111001110011111111111001111110001110001111100001110011111000111001110001111101111001111101110011101011100100101100100101110001011000101000101001010001011000')
DEBUG:root:Matched frame over all scan:2449

DEBUG:root:Errors over all scan:70

DEBUG:root:Result:tau3_fail
DEBUG:root:Real time1487900568.01

DEBUG:root:Extracted signature:bitarray('11000111110000010001111110000010011011101110001110011111101111011110001111111100011111110001111100001111000011110001110001110011111111111001111110001110001111100011110011101000111011110001111101110001111101110011101011100100101101100101110001010000101000101001010001011000')
DEBUG:root:Matched frame over all scan:2448

DEBUG:root:Errors over all scan:77

DEBUG:root:Result:tau1_fail
DEBUG:root:Real time1487900568.21

DEBUG:root:Extracted signature:bitarray('10001111111100010001111111110000111111111100011111111100001111111100001111111111011111111101111110001111100011110001110001110011111111101111111101110100111111101110100111111001101001111101100100111110001100111100111011100111101001110101111001011100101000101001010001011000')
DEBUG:root:Matched frame over all scan:2443

DEBUG:root:Errors over all scan:56

DEBUG:root:Result:tau3_fail
DEBUG:root:Real time1487900568.41

DEBUG:root:Extracted signature:bitarray('10000111110000010001001110000010110011100000111100111000011111111000011111111000011111100001111100001111000011110001110001110011111111100010001111000010110001111000010100001100001111100110000101100111100101110011001011001100101001100101011001011000101000101001010001011000')
DEBUG:root:Matched frame over all scan:2142

DEBUG:root:Errors over all scan:76

DEBUG:root:Result:tau3_fail
DEBUG:root:Real time1487900568.61

DEBUG:root:Extracted signature:bitarray('10001001100011110001001110000010111000100000101110010000001111111000001111101100011111110001111110001111100011110001110001110011111111100011001111100010011000111100010011100111001001110001110101111001110101111001100011100110101100110101100001011000101000101001010001011000')
DEBUG:root:Matched frame over all scan:675

DEBUG:root:Errors over all scan:83

DEBUG:root:Result:tau3_fail
DEBUG:root:Real time1487900568.81

DEBUG:root:Extracted signature:bitarray('10001101100011110001101110000010111000100000101110011000001111111000001111001100011110110001111110001111100011110001110001110011111111100011001111100010011000111100010011100111001001110001110101111001110101111001100011100110101100110101100001010000101000101001010001011000')
DEBUG:root:Matched frame over all scan:675

DEBUG:root:Errors over all scan:81

DEBUG:root:Result:tau3_fail
DEBUG:root:Real time1487900569.01

DEBUG:root:Extracted signature:bitarray('10001101100011110001101110000010011100100000001111011000001111110100001111101100011110110001111110001111000011110001110001110011111111110001000111110010001100011100010011100011101001110001110101111101110101111001101011100110101100010101110001011000101000101001010001011000')
DEBUG:root:Matched frame over all scan:1066

DEBUG:root:Errors over all scan:78

DEBUG:root:Result:tau3_fail
DEBUG:root:Real time1487900569.21

DEBUG:root:Extracted signature:bitarray('10001100110001110001100011000110011110110000001111111000101111111000101111101000011111110001111100001111000011011000011000110001100100010001100111110010001100011100010011100011100001110001110101111101110101111001100011100110101100010101000001010010100011100111011101010000')
DEBUG:root:Matched frame over all scan:1078

DEBUG:root:Errors over all scan:82

DEBUG:root:Result:tau3_fail
DEBUG:root:Real time1487900569.41

DEBUG:root:Extracted signature:bitarray('10001100110001110001100111000110011100110000001111011100001111110000001111100110011110011001111000000110001011001111001100011001100000010001100111110010001100011100010011100011101001110001110101111101110101111001100011100110101100010101100001010000101000101000010001000000')
DEBUG:root:Matched frame over all scan:1587

DEBUG:root:Errors over all scan:86

DEBUG:root:Result:tau3_fail
DEBUG:root:Real time1487900569.61

DEBUG:root:Extracted signature:bitarray('10001100110000110001100011000010011100111000001110001100001111110000001111100110011110011001111000100110001011001101001100000100010000010001100111110110001100011100010011100011101001110001110101111100110101111001100011100110101100010101100001010000101000101000010011000000')
DEBUG:root:Matched frame over all scan:1587

DEBUG:root:Errors over all scan:83

DEBUG:root:Result:tau3_fail
DEBUG:root:Real time1487900569.81

DEBUG:root:Extracted signature:bitarray('10001100100000010001100111000010011100110000001111001000101111110001101111100110011110010001111100011111000101100010110011100100010000010001100111110110001100001110010011110011100001111001110100111100111101111001111011100010101100010101100000010000001000001000010010001000')
DEBUG:root:Matched frame over all scan:1067

DEBUG:root:Errors over all scan:81

DEBUG:root:Result:tau3_fail
DEBUG:root:Real time1487900570.01

DEBUG:root:Extracted signature:bitarray('10001100110000010001100111000010011100110000001110011000101111110001101111100110011110010001111100011111000101100010110011100100000000010001100111110110001100001110010011110011101001110001110100111100111101111001111011100110101100010101110001011000001000001000010000101000')
DEBUG:root:Matched frame over all scan:1587

DEBUG:root:Errors over all scan:78

DEBUG:root:Result:tau3_fail
DEBUG:root:Real time1487900570.21

DEBUG:root:Extracted signature:bitarray('10001100110000110001100111000010111100110000011110011000001111110001101111100110011110110001111100011110000101000011100111001100000000010001100111110010001100011110010011100011101001110001110101111101110101111001100011100110101100010101100001011000001000001000010001001000')
DEBUG:root:Matched frame over all scan:1587

DEBUG:root:Errors over all scan:81

DEBUG:root:Result:tau3_fail
DEBUG:root:Real time1487900570.41

DEBUG:root:Extracted signature:bitarray('10011110011000010011110111000100111101110001011111110000101111111110001111111111011111111101111101100111001011101101111101000100010000000111110001110010011110001110000111111001100001111110110100111110111100111111111001101111100111111100111111001111101110101000010001001000')
DEBUG:root:Matched frame over all scan:2491

DEBUG:root:Errors over all scan:70

DEBUG:root:Result:replica detected
DEBUG:root:Real time1487900570.61

DEBUG:root:Extracted signature:bitarray('10011110011000010011110111000100111111111001011111111100001111111110001111111111011111111101111111101111000011100001110101100100010000000111110001110010111110001110000111111001100001111100110100111111111100011111111001101111100101111100111111001110101110101000010010001000')
DEBUG:root:Matched frame over all scan:2491

DEBUG:root:Errors over all scan:72

DEBUG:root:Result:tau3_fail
DEBUG:root:Real time1487900570.82

DEBUG:root:Extracted signature:bitarray('10011110011000010011110111000100111111111001011111110100101111111110000111111111011111111101111111001111100011110001110001100100010001100111110001110010011110001110000111111001100001111100110100011111110100011111111001111111100011111100111101001110101110001100010000101000')
DEBUG:root:Matched frame over all scan:1591

DEBUG:root:Errors over all scan:71

DEBUG:root:Result:tau3_fail
DEBUG:root:Real time1487900571.02

DEBUG:root:Extracted signature:bitarray('10011110000001110001101110011100111111000011011111110000101111111010000111111100011111110001011110000111100011110001110001100100100000000111111001110010011110001110000111111001100001111100110100011110110100011111111001111111100011111100111101001110101110001000010000100000')
DEBUG:root:Matched frame over all scan:2435

DEBUG:root:Errors over all scan:78

DEBUG:root:Result:tau3_fail
DEBUG:root:Real time1487900571.22

DEBUG:root:Extracted signature:bitarray('10011110000011110011110000011100111111000111011111110001101011111110000011111110011111110000111110001111100011110001111001111111100100100111111001110010011110001111000111111001100001111100110100011111111100011111111001111111100011111100111101001110101110101101010001010000')
DEBUG:root:Matched frame over all scan:2449

DEBUG:root:Errors over all scan:71

DEBUG:root:Result:tau3_fail
DEBUG:root:Real time1487900571.42

DEBUG:root:Extracted signature:bitarray('10011110000001110011100110011100111101100111011111110001101001111110000111111111011111111101111111001111110011111001111001110110010000000111111001110010011110001111000111111001110001111100110100011110111100011111111001111111100011111100111101001110101110101100010001000000')
DEBUG:root:Matched frame over all scan:2514

DEBUG:root:Errors over all scan:71

DEBUG:root:Result:tau3_fail
DEBUG:root:Real time1487900571.62

DEBUG:root:Extracted signature:bitarray('10011110000001110011100110011100111111001111011111100111101001111110000011111111011111111100111110001111100011110000111101111011100100000111111001110010111110011111000111101001110001111100110100011111111100011111111001111111100011111100111101001110101110101101010001010000')
DEBUG:root:Matched frame over all scan:2514

DEBUG:root:Errors over all scan:68

DEBUG:root:Result:tau3_fail
DEBUG:root:Real time1487900571.82

DEBUG:root:Extracted signature:bitarray('10011110000001110011100110011100111111101111011111110011101011111110000111111110011111111001011111000111100010111000111001110000000000000111110001110010111110001111000111111001110001111100110100011110111100011111111001111111100011111100111101001110101110101101010001101000')
DEBUG:root:Matched frame over all scan:2444

DEBUG:root:Errors over all scan:70

DEBUG:root:Result:tau3_fail
DEBUG:root:Real time1487900572.02

DEBUG:root:Extracted signature:bitarray('10011110000001110011110110011100111111001111011111110011101011110110000111111110011111111001011111000111100010111000111001111001100000000111111001110010111110001111000111111001110001111100110100011110111100011111111001111111100011111100111101001110101110101101010001101000')
DEBUG:root:Matched frame over all scan:2491

DEBUG:root:Errors over all scan:67

DEBUG:root:Result:replica detected
DEBUG:root:Real time1487900572.22

DEBUG:root:Extracted signature:bitarray('10011110011000110011110111001100111111011011011111101100101011111110000111111111011111111101111111000111100011110001111101111010010000000111111001110010111110001111000111111001100001111100110100011110111100011111111001111111100011110100111101011110101110101100010001001000')
DEBUG:root:Matched frame over all scan:2435

DEBUG:root:Errors over all scan:67

DEBUG:root:Result:tau3_fail
DEBUG:root:Real time1487900572.42

DEBUG:root:Extracted signature:bitarray('10011110010000110011100111001100111111011011011111101100101011111110000111111111011111111101011110000111101011111101111101111010010000000111111001110010111110001111000111111001110001111100110100011110111100011111111001111111100011111100111101001110101110101100010001001000')
DEBUG:root:Matched frame over all scan:2491

DEBUG:root:Errors over all scan:68

DEBUG:root:Result:replica detected
DEBUG:root:Real time1487900572.62

DEBUG:root:Extracted signature:bitarray('10011110011000110001110111101100111111011011011111111100101011111110000111111110011111111101011110000111101011110101111101110110010000000111111001110010111110001111000111111001110001111110110100011110111100011111111001111111100011111100111101001110101110101100010001001000')
DEBUG:root:Matched frame over all scan:2491

DEBUG:root:Errors over all scan:66

DEBUG:root:Result:replica detected
DEBUG:root:Real time1487900572.82

DEBUG:root:Extracted signature:bitarray('10011111001000110001110111101100111111011011011111111101101011111110000111111110011111111001011111000111100011110101111101100110010000000111111001110010111110001111000111111001110001111110110100011111111100011111111001111111100011111100111101001110101110101100010001001000')
DEBUG:root:Matched frame over all scan:2491

DEBUG:root:Errors over all scan:64

DEBUG:root:Result:replica detected
DEBUG:root:Real time1487900573.02

DEBUG:root:Extracted signature:bitarray('10011111000100110001110111101100111111011011011111111101101011111111100111111110011111111001011111000111100011110101111001100110010000000111111001111110011110001111000111111001110001111110111100011111111100011111111001111111100011111100111101001110101110101100010001001000')
DEBUG:root:Matched frame over all scan:2446

DEBUG:root:Errors over all scan:63

DEBUG:root:Result:tau3_fail
DEBUG:root:Real time1487900573.23

DEBUG:root:Extracted signature:bitarray('11100001000011111110001000011111100000001111111000000111110110000111111100000111110000011110010001110100001100000010000110001000100101110001000000001101101100000011100111100001111001000000111100000001111101000011111000011111100011111100111111001111100111000100110011011000')
DEBUG:root:Matched frame over all scan:151

DEBUG:root:Errors over all scan:81

DEBUG:root:Result:tau3_fail
DEBUG:root:Real time1487900573.43

DEBUG:root:Extracted signature:bitarray('11100001000011111110001000011111100000011111111000001111110000001110010000001100101000110011100000011000000100000010000010100100010000011001100000000101111100000011100110000000111001000000111100000001111100000111111000011111100111111100111111001100110100010000100010010000')
DEBUG:root:Matched frame over all scan:1345

DEBUG:root:Errors over all scan:84

DEBUG:root:Result:tau3_fail
DEBUG:root:Under real time Point counter:0.200414896011

DEBUG:root:Extracted signature:bitarray('11110001100011111110000000011111100000011111111000001111110000001111110000001100111000110011100000011000000100000010000010000100000000010101000001000101111100000011100110000000111001000000111100000001111100000111111000011111100111111100111111001110110100010000100010010000')
DEBUG:root:Matched frame over all scan:335

DEBUG:root:Errors over all scan:83

DEBUG:root:Result:tau3_fail
DEBUG:root:Real time1487900573.83

DEBUG:root:Extracted signature:bitarray('11011100000100111001100000100010011010000000111101000000111100000000111000000001100100000111100001011000000100000010000010011001000011110011100001110110001100001110100011000011101010000001111101100001111100000001111100100111100100111111000110100001110011100011101010010000')
DEBUG:root:Matched frame over all scan:1782

DEBUG:root:Errors over all scan:78

DEBUG:root:Result:tau3_fail
DEBUG:root:Real time1487900574.03

DEBUG:root:Extracted signature:bitarray('11011100001100111001100000100010011010000000111101100000111100000000111001000001100100001111100001110000000100000010000010011001001011110001100001110111001100001110100011000011101010000001111101100001111100000001111100100111100100111101000111100011100011100111101010010000')
DEBUG:root:Matched frame over all scan:191

DEBUG:root:Errors over all scan:81

DEBUG:root:Result:tau3_fail
DEBUG:root:Real time1487900574.23

DEBUG:root:Extracted signature:bitarray('11011100000100111001100000100010011010001000101101100000011100000000111001000001100100000111100001110000000100000010000110011101001011010001100001110101001100001110100001100001101010000000110101100001111101000001111100100111100100011101000110100011100011100110101010010000')
DEBUG:root:Matched frame over all scan:191

DEBUG:root:Errors over all scan:79

DEBUG:root:Result:tau3_fail
DEBUG:root:Real time1487900574.43

DEBUG:root:Extracted signature:bitarray('11011100001100111001100000100110011010000000111101100000111100000000111001000001100100000111100001111000000100000010000010011001001111110011100001110110001100001110100011000011101010000001111101100001111100000001111100100111100100111111000110100011110011100110101010010000')
DEBUG:root:Matched frame over all scan:191

DEBUG:root:Errors over all scan:81

DEBUG:root:Result:tau3_fail
DEBUG:root:Real time1487900574.63

DEBUG:root:Extracted signature:bitarray('11011100001100111001100000100010011010000000111101000000111100000000111000000001100100000111100001110000000100000010000010011001000011110011100001110110001100001110100011000011101010000001111101100001111100000001111100100111100100111111000110100001110011110010101010010000')
DEBUG:root:Matched frame over all scan:1782

DEBUG:root:Errors over all scan:81

DEBUG:root:Result:tau3_fail
DEBUG:root:Under real time Point counter:0.248177051544

DEBUG:root:Extracted signature:bitarray('11011100001100111001100000100010011010000000111101100000111100000000111001000001100100000111100001111000000100000010000110011001001011110001100001110111001100001110100001100001101010000001111101100001111100000001111100100111100100111101000110100011100011100110101010010000')
DEBUG:root:Matched frame over all scan:191

DEBUG:root:Errors over all scan:83

DEBUG:root:Result:tau3_fail
DEBUG:root:Real time1487900575.08

DEBUG:root:Extracted signature:bitarray('11011100000100111001100000100010011010001000101101100000011100000000111000000001100100001111100001110000000100000010000110000101001111010001100001110111001100001110100001100001101010100000110101100001111101000001111100100111101100011101000110100011100001110010101010010000')
DEBUG:root:Matched frame over all scan:191

DEBUG:root:Errors over all scan:76

DEBUG:root:Result:tau3_fail
DEBUG:root:Real time1487900575.28

DEBUG:root:Extracted signature:bitarray('11011100001100111001100000100110011010001000111101100000111100000001111001000001100100001111100001111000000100000010000110010011001111110001100001110110001100001110100001100011101010000001111101100001111101000001111100100111100100111101000110100011110011100110101010010000')
DEBUG:root:Matched frame over all scan:191

DEBUG:root:Errors over all scan:86

DEBUG:root:Result:tau3_fail
DEBUG:root:Real time1487900575.48

DEBUG:root:Extracted signature:bitarray('11011100001100111001100000100010011010001000101100100000011100000001111001000001100100001111100001110000000100000010000110010011001101010001100001110110001100001110100001100011101010100001111101100001111101000001111000100111101100111101000111100011100011100110101010010000')
DEBUG:root:Matched frame over all scan:191

DEBUG:root:Errors over all scan:86

DEBUG:root:Result:tau3_fail
DEBUG:root:Real time1487900575.68

DEBUG:root:Extracted signature:bitarray('11001100001100011001100000100010011010001100101100100000011100000000111000000001100100001111100001110000011100000110000110011101101111010001100001110111001100000110100001100001101010100000110101100000111101000001111000100111101100011101000111100011100011100110101010010000')
DEBUG:root:Matched frame over all scan:1781

DEBUG:root:Errors over all scan:78

DEBUG:root:Result:tau3_fail
DEBUG:root:Real time1487900575.88

DEBUG:root:Extracted signature:bitarray('11011100001100111001100000100110011010000000111101000000111100000000111000000001100100000111100001011000000100000010000110011001000011110011100001110110001100001110100011000011101010000001111101000001111100000001111100100111100100111111000110100001110011100110101010010000')
DEBUG:root:Matched frame over all scan:1782

DEBUG:root:Errors over all scan:78

DEBUG:root:Result:tau3_fail
DEBUG:root:Real time1487900576.08

DEBUG:root:Extracted signature:bitarray('11011100001100111001100000100110011010000000111101100000111100000000111001000001100100000111100001011000000100000010000110011001000011110011100001110110001100001110100011000011101010000001111101000001111100000001111100100111100100111011000110100011110011100110101010010000')
DEBUG:root:Matched frame over all scan:1782

DEBUG:root:Errors over all scan:82

DEBUG:root:Result:tau3_fail
DEBUG:root:Real time1487900576.28

DEBUG:root:Too small detection probably wrong
DEBUG:root:Real time1487900576.48

DEBUG:root:Extracted signature:bitarray('10000011110001110100011110001101001111100001001111110000001111110000001111100111011110011101011011100110011011001111001110011001001111110010111100011010000111100011010001111000110100111110011000111110011000111100110001110011100010011100110111011001101001101011011101110000')
DEBUG:root:Matched frame over all scan:2726

DEBUG:root:Errors over all scan:74

DEBUG:root:Result:tau3_fail
DEBUG:root:Real time1487900576.68

DEBUG:root:Extracted signature:bitarray('10000011110001110100011110001101001111100011001111110000001111110000001111100111011110011101011011100110011011001111001110011001101111110010111100011010000111100011010001111000110100111110011000111110011000111100110001110011100010011100110011011001101001101011011101100000')
DEBUG:root:Matched frame over all scan:2366

DEBUG:root:Errors over all scan:74

DEBUG:root:Result:tau3_fail
DEBUG:root:Real time1487900576.88

DEBUG:root:Extracted signature:bitarray('11000011110001111000011110000110000111110000100011110000000111110001101111100011011111001100011101100111011011001111001110011001101111111000011110001111000011110001111000011000011100011100001100011111001100111110011001111001100011001100111011001101101001101011011101101000')
DEBUG:root:Matched frame over all scan:1112

DEBUG:root:Errors over all scan:78

DEBUG:root:Result:replica detected
DEBUG:root:Under real time Point counter:0.216044902802

DEBUG:root:Extracted signature:bitarray('10000111110001110000011110001110001111100101000111110001001111110011001111100111010110011100011011100110111011001111001110011001101111110010111100011010000111100011010001111000110100111110011000111110011000111100111000110011100010011100110111011001101001101011011101110000')
DEBUG:root:Matched frame over all scan:2366

DEBUG:root:Errors over all scan:75

DEBUG:root:Result:tau3_fail
DEBUG:root:Real time1487900577.3

DEBUG:root:Extracted signature:bitarray('10000111110001110000011110001111001111100111000111110001001111110011001111100111010110011100011011100110111011001011001110011001001111110010111100011010000111100011010001111000110100111100011000111110011000111100110000110011100010011100100111011001101001101011011101110000')
DEBUG:root:Matched frame over all scan:2366

DEBUG:root:Errors over all scan:78

DEBUG:root:Result:tau3_fail
DEBUG:root:Real time1487900577.5

DEBUG:root:Real time1487900577.7

DEBUG:root:Extracted signature:bitarray('11000011110001111000011110001111000111100011000111110001100111110001101111100011011111001101011001100111011011001101001110011001101111111000011110001111000011110001111000111000010100011100001000111110001100111110011001111001100011001100110011001001101001101011011101110000')
DEBUG:root:Matched frame over all scan:1112

DEBUG:root:Errors over all scan:77

DEBUG:root:Result:tau3_fail
DEBUG:root:Real time1487900577.9

DEBUG:root:Extracted signature:bitarray('10000011110001111000011110001111000111100011000111110001101111110001101111100011011111001100011011100110011011001111001110011001101111110000111110001111000111100011010000111000110000011110001000111110001100111100011011110001100011001100110011001001101001101011011101110000')
DEBUG:root:Matched frame over all scan:2366

DEBUG:root:Errors over all scan:76

DEBUG:root:Result:tau3_fail
DEBUG:root:Under real time Point counter:0.204472780228

DEBUG:root:Extracted signature:bitarray('10000011110000111000011110000111000111100000101111110000001111110000001111100011011111011101011011100110011011001111001110011001101111110000111110001010000111100011010000111000110100011110011000111110011000111100111001110011100011011100110011001001101001101011011101110000')
DEBUG:root:Matched frame over all scan:2366

DEBUG:root:Errors over all scan:78

DEBUG:root:Result:tau3_fail
DEBUG:root:Real time1487900578.3

DEBUG:root:Extracted signature:bitarray('10000011110001111000011110001110000111100000001111110000001111110000101111100011011111001101011001100110000011000011001010011101101111110010111100011010000111100011010000111000110100011110011000111110011000111100111011110011101011011100110011011001101001101011011101110000')
DEBUG:root:Matched frame over all scan:2365

DEBUG:root:Errors over all scan:80

DEBUG:root:Result:tau2_fail
DEBUG:root:Real time1487900578.5

DEBUG:root:Real time1487900578.7

DEBUG:root:Extracted signature:bitarray('10000111110001111000011110001110010111100011001111110001001111110001101111100111011110011100011011100110011011001111001110011001101111110001111110001010001111100011010010111000110001011110011000111110011100111100111001110011100011011100110011001001101001101011011101110000')
DEBUG:root:Matched frame over all scan:2366

DEBUG:root:Errors over all scan:72

DEBUG:root:Result:tau3_fail
DEBUG:root:Real time1487900578.9

DEBUG:root:Extracted signature:bitarray('11110000000101111100000000100011000000001100100001000110010110010011101101100111001110011001110010001100100100000110001100011001101111111110000001100101110000000110111100000001001110000001101111000000011111000001111000000111100100111101001110000100100000100001001100101000')
DEBUG:root:Matched frame over all scan:1389

DEBUG:root:Errors over all scan:78

DEBUG:root:Result:tau2_fail
DEBUG:root:Real time1487900579.1

DEBUG:root:Extracted signature:bitarray('11111000011111101111000011111101111100011111001111000111101111000011101111100111011110011101001100110011100001111001111101111011101111111111100111100101111000011100101110000011110011000000111001000000011001000000110110000011001000011001000110010001101001101111011101101000')
DEBUG:root:Matched frame over all scan:1440

DEBUG:root:Errors over all scan:69

DEBUG:root:Result:tau3_fail
DEBUG:root:Real time1487900579.31

DEBUG:root:Extracted signature:bitarray('11101100011101111100000011101110000100110011100000000011110110000111001100001110100000110000001101100111011010001110001100011001101111111000000000001111100000000111011100000011110110000000111011000000111011000011110110001111001011111101110011010001101001101011001101101000')
DEBUG:root:Matched frame over all scan:1402

DEBUG:root:Errors over all scan:66

DEBUG:root:Result:replica detected
DEBUG:root:Real time1487900579.51

DEBUG:root:Extracted signature:bitarray('11111000011110011111100011100110011100011001101100001111001110001111001100001110010000111110001111100011110011100011001110011000100001111100000000000101110000000111011100000001110110000000011011000000111011000001110110000111011001111001111110011100101000101001010100101000')
DEBUG:root:Matched frame over all scan:1439

DEBUG:root:Errors over all scan:79

DEBUG:root:Result:tau2_fail
DEBUG:root:Real time1487900579.71

DEBUG:root:Extracted signature:bitarray('11010000011111011000001111111110000001110111000000100011100000100111100001111101000111110100111100101111001011001110001000011001101111111100000000111011100000001011010000000011110110000001111011000001110011000111110000011111001111100101110001011001101001101001010101101000')
DEBUG:root:Matched frame over all scan:262

DEBUG:root:Errors over all scan:80

DEBUG:root:Result:tau3_fail
DEBUG:root:Real time1487900579.91

DEBUG:root:Extracted signature:bitarray('11001100011111111000000011101110000011110011000001101100100001101110000011111111001111111101111111101111100011100011110001111011101101111000000111111111000000011001010000000111010110000011100011000111110010001111110000111111001111111001111100011110001100001000010001010000')
DEBUG:root:Matched frame over all scan:1932

DEBUG:root:Errors over all scan:75

DEBUG:root:Result:tau3_fail
DEBUG:root:Real time1487900580.11

DEBUG:root:Extracted signature:bitarray('11111100011101111010001111000010000011110001100000101000111100011000111000011000100000000011000000010000001101001101111101111011111111111111111000111010111110000110011111100011000111000001100011000001100010000010001100001000110000100110000110100011010011011110111011010000')
DEBUG:root:Matched frame over all scan:212

DEBUG:root:Errors over all scan:79

DEBUG:root:Result:tau3_fail
DEBUG:root:Real time1487900580.31

DEBUG:root:Extracted signature:bitarray('11111000011011101110110011000101100100111000010001110010000011110000001111100000011111000010001100010011000111100011100111011011010010111110000001111101111100000000011111111000000110111100001011111100001011111000000011100000001000000011000000110000011100011000100010001000')
DEBUG:root:Matched frame over all scan:1243

DEBUG:root:Errors over all scan:80

DEBUG:root:Result:tau3_fail
DEBUG:root:Real time1487900580.51

DEBUG:root:Extracted signature:bitarray('11111000111011000011001111000000111001110111010010110011110011100100101111001000111000000111000000110000000101100011100011000101101110011111100000111011101111100000011011110000110111111010011010111000011011110000010111000001011000000111001001100100010000010000100010010000')
DEBUG:root:Matched frame over all scan:94

DEBUG:root:Errors over all scan:77

DEBUG:root:Result:tau1_fail
DEBUG:root:Real time1487900580.71

DEBUG:root:Real time1487900580.91

DEBUG:root:Extracted signature:bitarray('11111000111111001111100110010001101111100000100011110001100011110010101111001001011100000011100000110011000101110011110011100100010111110110000011111001111100000111001111111000110111111100011011111100011001111000110011100001001000001011000000110000010000010000100011010000')
DEBUG:root:Matched frame over all scan:1511

DEBUG:root:Errors over all scan:79

DEBUG:root:Result:tau3_fail
DEBUG:root:Real time1487900581.12

DEBUG:root:Extracted signature:bitarray('11111000111111001111100111000001101101110000010011110011000011110010001111001000011100000111000000110001000100100011110011001100110010111111000000111011111111100000011111111000010111111100011011011100011001111000010011000001001000000011000000100000010000010000100010010000')
DEBUG:root:Matched frame over all scan:94

DEBUG:root:Errors over all scan:80

DEBUG:root:Result:tau1_fail
DEBUG:root:Real time1487900581.32

DEBUG:root:Real time1487900581.52

DEBUG:root:Extracted signature:bitarray('11111000111111000111100111000001101101110011010011110001100011110101100111001001011100000111100000110000000100100011110011100100010011111111000001111011111111100011011111111000110111111100011011011100011001111000110011100001011000001011000000100000010000010000100010010000')
DEBUG:root:Matched frame over all scan:1511

DEBUG:root:Errors over all scan:75

DEBUG:root:Result:tau3_fail
DEBUG:root:Real time1487900581.72

DEBUG:root:Extracted signature:bitarray('11111000011111001111000111110001110001100000010001100011100011110011100111100000011101000111001000010011000111110011110011011110010011111110000001111101111000000110011111111000010111111100001011111110001001011000010011100001001000001011000000110000011000010000100011011000')
DEBUG:root:Matched frame over all scan:2033

DEBUG:root:Errors over all scan:74

DEBUG:root:Result:tau3_fail
DEBUG:root:Real time1487900581.92

DEBUG:root:Extracted signature:bitarray('11001001111111111000001111011100000001110111100000111011100001001111100001011110110001110011100000010000000111000011000010000111101111111110111101111010101111100111010001111001110100111100111010111000111010100011110100001110010001110110111101101010010000110001100111001000')
DEBUG:root:Matched frame over all scan:2074

DEBUG:root:Errors over all scan:88

DEBUG:root:Result:tau3_fail
DEBUG:root:Real time1487900582.12

DEBUG:root:Extracted signature:bitarray('11000101111111101000001111110000000011111100000001111111100000111111100011111101001110100101110000010111001011101101000110000101101101011100011111111010100011111110010100111111100100001111111010000111111000001111110001111111010111111010111111001011100000100011001110110000')
DEBUG:root:Matched frame over all scan:1932

DEBUG:root:Errors over all scan:68

DEBUG:root:Result:replica detected
DEBUG:root:Under real time Point counter:0.235426902771

DEBUG:root:Extracted signature:bitarray('11001001111111000000001111111000000011111111000001110111100001110111100011111001001110100101110000110110011011001111001110000101101111111100001111111010111001111111010110001111110101101111111010111111111000111111110001111111010111111010100111000000110001110111001100110000')
DEBUG:root:Matched frame over all scan:1932

DEBUG:root:Errors over all scan:65

DEBUG:root:Result:replica detected
DEBUG:root:Real time1487900582.55

DEBUG:root:Extracted signature:bitarray('10011001110000111110011100000011100011000000100001100000011000110000110001100001101110000011111000011110001111000111000110000100101111111001001111011011100011011011011000110010110101001001100001001001101001010010010001101001101101000101111001011100111100110001000101101000')
DEBUG:root:Matched frame over all scan:2123

DEBUG:root:Errors over all scan:84

DEBUG:root:Result:tau3_fail
DEBUG:root:Real time1487900582.75

DEBUG:root:Extracted signature:bitarray('10011001110000111111101100000011110011000000111001100000011000110000110001100001101110000010111000011110001111000111000110001100101111111100001111011011100011011011011000110010100101001001100010001011101010011010010001101001111101000110111001001100111100110001000101100000')
DEBUG:root:Matched frame over all scan:2123

DEBUG:root:Errors over all scan:84

DEBUG:root:Result:tau3_fail
DEBUG:root:Real time1487900582.96

DEBUG:root:Extracted signature:bitarray('10011101100000111111101100000011110011000000101001100000011000110000110001100001101110000010110000011110001111000111000110001101101111111000001111011011100011011011011010110010100101001011100010001011101010010010010101101001111101000110111001001100111100110001000101101000')
DEBUG:root:Matched frame over all scan:2123

DEBUG:root:Errors over all scan:85

DEBUG:root:Result:tau3_fail
DEBUG:root:Real time1487900583.16

DEBUG:root:Extracted signature:bitarray('10011001110000111110001100000011110011000000111001100000011001110000010001100000101110000011111000011110000111000111000110001101101111111100001111011011110011011011011010110011100101001011100011001011101010010011110001101001011101000110111000101100011100110001000101101000')
DEBUG:root:Matched frame over all scan:551

DEBUG:root:Errors over all scan:83

DEBUG:root:Result:tau3_fail
DEBUG:root:Real time1487900583.36

DEBUG:root:Extracted signature:bitarray('10011001110000111111001100000011110011000000101001100000011001100000110001100001100110000010110000011100000110000111000110001001101110011001001111011011100011011011011010110010110101001001101011001011101010010011010001101001011101000110111000101100011100110001000100100000')
DEBUG:root:Matched frame over all scan:551

DEBUG:root:Errors over all scan:88

DEBUG:root:Result:tau3_fail
DEBUG:root:Real time1487900583.56

DEBUG:root:Extracted signature:bitarray('10011001100000111111101100000011110011000000101001100000011000110000110001100000101110000010110000011110000111000111000110001101101111111000001111011011100011011011011000110010100101001011100010001011101010010011010001101001011101000110111000101100011100110001000101101000')
DEBUG:root:Matched frame over all scan:551

DEBUG:root:Errors over all scan:87

DEBUG:root:Result:tau2_fail
DEBUG:root:Real time1487900583.76

DEBUG:root:Extracted signature:bitarray('10011001100000110110001100000011110011000000111001100000011001110000110001100001101110000011111000011110000111000111000110001100101111111100001111011011110011011011011010110010100101001011100010001101101010011011010001101001011101000110111000101100011100110001000101101000')
DEBUG:root:Matched frame over all scan:551

DEBUG:root:Errors over all scan:84

DEBUG:root:Result:tau3_fail
DEBUG:root:Real time1487900583.96

DEBUG:root:Extracted signature:bitarray('10111101100000111111101100000011110011000000111001100000011001110000110001100000101110000011110000011110000111000111000110001001101111111100001111011011110011011011011010110110100101001111100011001111101010010011010001101001011101000110110000111100011100110001000101100000')
DEBUG:root:Matched frame over all scan:1141

DEBUG:root:Errors over all scan:82

DEBUG:root:Result:tau3_fail
DEBUG:root:Real time1487900584.16

DEBUG:root:Extracted signature:bitarray('10011001100000111110001100000011110011000000111001100000011001100000110001100001101110000011110000011110000111000111000110000100101111111100000111011011110011011011011010110010100101001001100010001101101010011011010001101001011101000110111000101100011100010000100100101000')
DEBUG:root:Matched frame over all scan:551

DEBUG:root:Errors over all scan:80

DEBUG:root:Result:tau3_fail
DEBUG:root:Real time1487900584.36

DEBUG:root:Extracted signature:bitarray('10100001100000111110101100000011110011000000111001100000010000110000110001100000100110000010110000011110000111000011000010000100010111111100001111011011100011011011011010110010100101001011100010001001101010010011010101101001011101000110110000111100011100010000100101110000')
DEBUG:root:Matched frame over all scan:551

DEBUG:root:Errors over all scan:76

DEBUG:root:Result:tau3_fail
DEBUG:root:Real time1487900584.56

DEBUG:root:Extracted signature:bitarray('10010101110000111110101100000011100001000000110000100000010000110000110001100000101110000010111000011110000111000111000010000100010111111100001110011011100011011011011010110010100101001001100011001101101010010011010101101001011101000110110000111100011100010000100101110000')
DEBUG:root:Matched frame over all scan:551

DEBUG:root:Errors over all scan:81

DEBUG:root:Result:tau3_fail
DEBUG:root:Real time1487900584.76

DEBUG:root:Extracted signature:bitarray('10011001100000111110001100000011110011000000111001100000011001110000110001100000101110000011110000011110000111000111000110000100010111111100001111011011110011011011011010110010100101001001100010001001101010010011010101101001011101000110111000101100011100010000100101111000')
DEBUG:root:Matched frame over all scan:551

DEBUG:root:Errors over all scan:75

DEBUG:root:Result:tau3_fail
DEBUG:root:Under real time Point counter:0.234256982803

DEBUG:root:Extracted signature:bitarray('11110001100000011110001100000011110011000000111001100000011001110000010001100000101110000011110000011110000111000011000010000100010111111100001111011011110011011011011010110011100101001101100011001101101010011011010001101001011101000110111000111100011100010000100101110000')
DEBUG:root:Matched frame over all scan:551

DEBUG:root:Errors over all scan:66

DEBUG:root:Result:tau3_fail
DEBUG:root:Real time1487900585.2

DEBUG:root:Extracted signature:bitarray('11110000111111110111000011011111110000100000111000000011010000011011010000111110000011110000011001010100011100001110011101111011111111110110000011111110011000011110010110000110000101100010011010111111001100111111001001111110100100111111000110100011000111101111011011010000')
DEBUG:root:Matched frame over all scan:1169

DEBUG:root:Errors over all scan:96

DEBUG:root:Result:tau2_fail
DEBUG:root:Real time1487900585.4

DEBUG:root:Extracted signature:bitarray('10110000111111110111000010111111110000000000111000000000010000011100010000111000000011100000111001101100011011011101011101111011101111100110000111111010011000011110010110000110010101100110011010101111100100111111101001111110101101111101001110010111001111001110011011010000')
DEBUG:root:Matched frame over all scan:1617

DEBUG:root:Errors over all scan:87

DEBUG:root:Result:tau1_fail
DEBUG:root:Real time1487900585.6

DEBUG:root:Extracted signature:bitarray('11111000011111100111000011111101110001101111011001110011110001111011100011100011011110000101110000001100000110000010000010100110011111111000111111110001000111111110001001111111100000111111110100111111001100111100001001110000101110000101100001010000101000101001010101111000')
DEBUG:root:Matched frame over all scan:1598

DEBUG:root:Errors over all scan:69

DEBUG:root:Result:tau3_fail
DEBUG:root:Real time1487900585.8

DEBUG:root:Extracted signature:bitarray('11111000111111110111000011111101110001100111011001110111110000110111100110100111011111001111110001110100000110000110000111100110010011111000111111110001000111111110001001111111100000111111110000111110001100111100001001110000101110000101100001011000101110101101010101101000')
DEBUG:root:Matched frame over all scan:1598

DEBUG:root:Errors over all scan:78

DEBUG:root:Result:tau3_fail
DEBUG:root:Real time1487900586.0

DEBUG:root:Extracted signature:bitarray('11111000111111100111000011111101110001100111011001110011010000110111000110100011011111001101110001001100000110000110000111100110010011111000111111110001000111111110001001111111100000111111110000111110001100111100001001110000101110000101100001010000101010101101010101101000')
DEBUG:root:Matched frame over all scan:1598

DEBUG:root:Errors over all scan:77

DEBUG:root:Result:tau3_fail
DEBUG:root:Real time1487900586.2

DEBUG:root:Extracted signature:bitarray('11111000111111110111000011111101110001100001011001110011110000110011110100100011011111001111110001110100000110000110000110100110010011111000111111110001000111111110001001111111000000111111110000111110001100111100001001110000101110000101100001010000101010101101010101101000')
DEBUG:root:Matched frame over all scan:1598

DEBUG:root:Errors over all scan:81

DEBUG:root:Result:tau3_fail
DEBUG:root:Real time1487900586.4

DEBUG:root:Extracted signature:bitarray('11111000111111110111000011011101110001100001011001110011110000110011110100100111011100001111110001111100010110000110000111100110010011111000111111110001000111111100001001111111000000111111110000111110001100111100011001110000101110001101100011010000101000101101010101101000')
DEBUG:root:Matched frame over all scan:1598

DEBUG:root:Errors over all scan:81

DEBUG:root:Result:tau2_fail
DEBUG:root:Real time1487900586.6

DEBUG:root:Extracted signature:bitarray('11111000111111100111000011111101110000101101011001111110110001110111100100100111011000001101110001001100010110000110001101100110010011111000111111110100000111111110001001111111000000111111110100111110011100111100011001110000101110001101100011010000101010101101010101111000')
DEBUG:root:Matched frame over all scan:1598

DEBUG:root:Errors over all scan:73

DEBUG:root:Result:tau3_fail
DEBUG:root:Real time1487900586.8

DEBUG:root:Extracted signature:bitarray('10111000111111100111000011110101110011100111011001110011110000111011100000110111000010011100111001100111100011110011110011000100010010010001111111110101001111111100001001111111100000111111110100111110011100111100011001110001101110011100011101001110001110101001000100101000')
DEBUG:root:Matched frame over all scan:2958

DEBUG:root:Errors over all scan:75

DEBUG:root:Result:tau3_fail
DEBUG:root:Real time1487900587.0

DEBUG:root:Extracted signature:bitarray('11111000111111100111000011110001110011100001011000110011110000011011100000110111000000011100111001100111100011110011110011100100010010011001111111110001001111111100001001111111000000111111110100111110011100111100011001110001100110011100011101001110001110101001000101101000')
DEBUG:root:Matched frame over all scan:2958

DEBUG:root:Errors over all scan:80

DEBUG:root:Result:tau3_fail
