DEBUG:root:Under real time Point counter:2.09808349609e-05

DEBUG:root:Real time1486874561.54

DEBUG:root:Real time1486874561.75

DEBUG:root:Real time1486874561.95

DEBUG:root:Real time1486874562.15

DEBUG:root:Real time1486874562.35

DEBUG:root:Real time1486874562.55

DEBUG:root:Real time1486874562.75

DEBUG:root:Real time1486874562.95

DEBUG:root:Real time1486874563.15

DEBUG:root:Real time1486874563.35

DEBUG:root:Real time1486874563.55

DEBUG:root:Real time1486874563.75

DEBUG:root:Real time1486874563.95

DEBUG:root:Real time1486874564.15

DEBUG:root:Real time1486874564.35

DEBUG:root:Real time1486874564.55

DEBUG:root:Real time1486874564.76

DEBUG:root:Real time1486874564.96

DEBUG:root:Real time1486874565.16

DEBUG:root:Real time1486874565.36

DEBUG:root:Real time1486874565.56

DEBUG:root:Real time1486874565.76

DEBUG:root:Real time1486874565.96

DEBUG:root:Real time1486874566.16

DEBUG:root:Real time1486874566.36

DEBUG:root:Real time1486874566.56

DEBUG:root:Real time1486874566.76

DEBUG:root:Real time1486874566.96

DEBUG:root:Real time1486874567.16

DEBUG:root:Extracted signature:bitarray('111111100111110111101101111101111110001110111101100010111010011101100011110100011110000111100011110001110111001110101111110100111000100100101110000000010111101000000111111000001111000100111000010111000001110000111000111000110001001100100000')
DEBUG:root:Matched frame over all scan:593

DEBUG:root:Errors over all scan:46

