DEBUG:root:Under real time Point counter:2.00271606445e-05

DEBUG:root:Real time1487898322.27

DEBUG:root:Real time1487898322.47

DEBUG:root:Extracted signature:bitarray('11011001100011011011011100011000110110000100010011000010100011000111101110010111011000001010001000010010000110000010000010000100100000011111111001111010111111001111010111110011110101111100111010111100111010111101110101111100010111000010100000100000010000010000100010010000')
DEBUG:root:Matched frame over all scan:79

DEBUG:root:Errors over all scan:28

DEBUG:root:Result:replica detected
DEBUG:root:Match or Not:True
DEBUG:root:Under real time Point counter:2.09808349609e-05

DEBUG:root:Extracted signature:bitarray('11011001100001011011101100011010110110000100010011000011010011000111001111001110011100111001001111000011110011111001011000110011011010011111111101111010111111000111010111110001110101111000111010111100111010111001110101100111100111111100111111001111100111100111011101101000')
DEBUG:root:Matched frame over all scan:93

DEBUG:root:Errors over all scan:10

DEBUG:root:Result:replica detected
DEBUG:root:Match or Not:True
DEBUG:root:Under real time Point counter:1.69277191162e-05

DEBUG:root:Extracted signature:bitarray('11111011111100001111111111100001111111111000011111111100001011111100001111111000011111100001111100001111000011111101011100111011100000011111111111111100111111111111100111111111111001111111111100111111110100111111001001110000110111000010111000101111010111010110101010010000')
DEBUG:root:Matched frame over all scan:0

DEBUG:root:Errors over all scan:15

DEBUG:root:Result:replica detected
DEBUG:root:Match or Not:True
DEBUG:root:Under real time Point counter:3.09944152832e-05

DEBUG:root:Real time1487898737.2

DEBUG:root:Too small detection probably wrong
DEBUG:root:Real time1487898737.4

DEBUG:root:Extracted signature:bitarray('11111111111110001111111111111101111111111111011101111111101101111111001011111100011111110001111110001111100011111101111101111011000000011111111111110001111111111100001111111111000011111111100001111111100001111111000111111100011111100011110000110000011001011110110011010000')
DEBUG:root:Matched frame over all scan:2718

DEBUG:root:Errors over all scan:35

DEBUG:root:Result:replica detected
DEBUG:root:Match or Not:True
DEBUG:root:Under real time Point counter:3.31401824951e-05

DEBUG:root:Extracted signature:bitarray('11111011111100001111111111000001111111110011011111111100101101111100001111111000011111100001111100001111000011111100011100011000000000011111111101111001111111001000001111111110000011111110000001111110000011111000000111100000011000000011000000110001011001001110010001000000')
DEBUG:root:Matched frame over all scan:1616

DEBUG:root:Errors over all scan:60

DEBUG:root:Result:replica detected
DEBUG:root:Match or Not:True
