DEBUG:root:Under real time Point counter:2.00271606445e-05

DEBUG:root:Extracted signature:bitarray('11000000011111111000010000000111100100000011110011000100110010000110110100001101110001101110011000000110000111001110001100111011101111110000110001100111000010111100110000100110001100010001100110110001001110100110111100011001110010001101100111010011110011100111011101101000')
DEBUG:root:Matched frame over all scan:2612

DEBUG:root:Errors over all scan:91

DEBUG:root:Result:tau2_fail
DEBUG:root:Match or Not:False
DEBUG:root:Real time1487903892.58

DEBUG:root:Extracted signature:bitarray('11000000011111111000000000000011100100000011110010000101110010000100110100001000110001000010011000000110000111001110001100111011101111110000010101100111000010111100110000101010001100010001100110010001100110100010011100011001110011001101100011010011110011100111011101101000')
DEBUG:root:Matched frame over all scan:698

DEBUG:root:Errors over all scan:88

DEBUG:root:Result:tau3_fail
DEBUG:root:Match or Not:False
DEBUG:root:Real time1487903892.78

DEBUG:root:Extracted signature:bitarray('11000000011111111000000001000111100100000011110011000101110011000100110100001101110001001110011000000110000111001110001100111011101111110000110001100111000010111100110000101110001100010001100110110001001110100110111100011001110010001100100111010011110011100111011101101000')
DEBUG:root:Matched frame over all scan:698

DEBUG:root:Errors over all scan:91

DEBUG:root:Result:tau2_fail
DEBUG:root:Match or Not:False
DEBUG:root:Real time1487903892.98

DEBUG:root:Extracted signature:bitarray('11011111100011101011111100011100111111110011011110011101101110011111100110011111011001111001001111000011111001111101100101001100111111111111001100101101111001000111101110110011111011110001101101110000001111100010011111000001011000010011001100110110011010011000100010011000')
DEBUG:root:Matched frame over all scan:2542

DEBUG:root:Errors over all scan:84

DEBUG:root:Result:tau3_fail
DEBUG:root:Match or Not:False
DEBUG:root:Real time1487903893.18

DEBUG:root:Extracted signature:bitarray('11111111100001001111111110011101111110110011011110011001101110011001100110110011011101111101001111000011110001110001100101001100111111111111001000001101111001000111101110110011111011110001111111010000001111100010011111000010011000010011001000110100011000011000100010011000')
DEBUG:root:Matched frame over all scan:1203

DEBUG:root:Errors over all scan:86

DEBUG:root:Result:tau2_fail
DEBUG:root:Match or Not:False
DEBUG:root:Real time1487903893.38

DEBUG:root:Extracted signature:bitarray('11111111110001001111111110001001111110110011011110011101101010011111100100111110011001111001001111000011111001111001011010001100110111111111001000001101111011000111101110110011111011010001111101010000011111100000010111000000011000010011000100110100011000011000100010011000')
DEBUG:root:Matched frame over all scan:712

DEBUG:root:Errors over all scan:87

DEBUG:root:Result:tau3_fail
DEBUG:root:Match or Not:False
DEBUG:root:Real time1487903893.58

DEBUG:root:Extracted signature:bitarray('11111111100001001111111110001001111110110010011110011101101010011111100100111111011001111001001111000011110011111101101101011101111111111111001000001101111001000111101110110011111011010001111111010000011111100010010111000000011000110010001100100110000111100111011001001000')
DEBUG:root:Matched frame over all scan:1376

DEBUG:root:Errors over all scan:83

DEBUG:root:Result:tau2_fail
DEBUG:root:Match or Not:False
DEBUG:root:Real time1487903893.78

DEBUG:root:Extracted signature:bitarray('11111111110001001101111111001001111110110010011110011101101100011111100100111110011001110001101110000011111001111101111101111011101111111111001000001101111011000111101100100011111011010001111111010000011111100000010110000010011000011010000110100011000011101111010000001000')
DEBUG:root:Matched frame over all scan:1207

DEBUG:root:Errors over all scan:82

DEBUG:root:Result:tau3_fail
DEBUG:root:Match or Not:False
DEBUG:root:Real time1487903893.98

DEBUG:root:Extracted signature:bitarray('11111111110001001101111110001001111111110011011110011101101010011111100100111110011001111001001111000011110001110001100111001100111111111111001100011101111011000111101110100011111011010001111101010000011111100010010111000001011000010011001100110110011100011000100010011000')
DEBUG:root:Matched frame over all scan:1980

DEBUG:root:Errors over all scan:89

DEBUG:root:Result:tau2_fail
DEBUG:root:Match or Not:False
DEBUG:root:Real time1487903894.18

DEBUG:root:Extracted signature:bitarray('11111111100001001101111110001001111110110010011110011101101010011111100100111110010001110001001110000011110001110001100011000100010011111111001000011101111001000110101110100011111011110001111111010001110111100000010111000000011000011011000100110100011100011000100010011000')
DEBUG:root:Matched frame over all scan:2651

DEBUG:root:Errors over all scan:83

DEBUG:root:Result:tau3_fail
DEBUG:root:Match or Not:False
DEBUG:root:Real time1487903894.38

DEBUG:root:Extracted signature:bitarray('10001110011110000001110001110001001100001110000110000111101110000111101110000011110000001100000011100001111000111100111101111011000011101111110011111100111110011111100011100110111001100000111101100000011001000000111010000011100100011100000111000111101110101001010001011000')
DEBUG:root:Matched frame over all scan:150

DEBUG:root:Errors over all scan:80

DEBUG:root:Result:tau2_fail
DEBUG:root:Match or Not:False
DEBUG:root:Real time1487903894.58

DEBUG:root:Extracted signature:bitarray('10001110011111000001110011110001001101111100000110111110001110111100001100110001110011111100000111100001111000111100111101111011000000001111110011111100111110011111000011101111110001110110111001100110011001000100001010000011101000011101001111000111101110101001010101000000')
DEBUG:root:Matched frame over all scan:2394

DEBUG:root:Errors over all scan:88

DEBUG:root:Result:tau2_fail
DEBUG:root:Match or Not:False
DEBUG:root:Real time1487903894.78

DEBUG:root:Extracted signature:bitarray('10000110011111000001110011110001001101101100010110110011101110100001111100000011110000001110000111100001111001111101111101111010010111101111110011111100111110011001100111101100011001110100011101100100011111000000111100000111110000111100001111000111100111100111001101101000')
DEBUG:root:Matched frame over all scan:2366

DEBUG:root:Errors over all scan:87

DEBUG:root:Result:tau1_fail
DEBUG:root:Match or Not:False
DEBUG:root:Under real time Point counter:0.20277094841

DEBUG:root:Extracted signature:bitarray('11001110011111001001110001110000011100011100011110010110001110001110001100011111010011111110011000010110000100000010010011100011000000001111100001111100111110001111100111100110111000110000111101110000011101000100111100010001110000001110100011000111100110101001000100101000')
DEBUG:root:Matched frame over all scan:2188

DEBUG:root:Errors over all scan:75

DEBUG:root:Result:tau3_fail
DEBUG:root:Match or Not:False
DEBUG:root:Real time1487903895.19

DEBUG:root:Extracted signature:bitarray('10001110011011000001110111010001011101111100011111111100001111111100001111110011011111000001010110000111100011110001110011000100011111101111110000011000111111100011000111111111110001110111111000110111111001101111110000011111000011111010111110101111010100010000100110101000')
DEBUG:root:Matched frame over all scan:19

DEBUG:root:Errors over all scan:74

DEBUG:root:Result:tau2_fail
DEBUG:root:Match or Not:False
DEBUG:root:Real time1487903895.39

DEBUG:root:Extracted signature:bitarray('10001110011110010001110001110000001100001100010011010110010011000010011100000000110001100010000000010000000111000010111101111000001111101000011111111010100011111110010100110000110110001000011011000000011011000000110100000110010000110110001111000011100011101111011100111000')
DEBUG:root:Matched frame over all scan:1166

DEBUG:root:Errors over all scan:86

DEBUG:root:Result:tau3_fail
DEBUG:root:Match or Not:False
DEBUG:root:Real time1487903895.59

DEBUG:root:Extracted signature:bitarray('10001110011110010001111001110010001110001100110011100011010011000001101110010011110000000110010000010100000100000110100011000100010011101100000111111010100100000111010000110000110100001000001011010000001011110000110111000011110000011110000011110001101001101001010101101000')
DEBUG:root:Matched frame over all scan:1731

DEBUG:root:Errors over all scan:82

DEBUG:root:Result:tau3_fail
DEBUG:root:Match or Not:False
DEBUG:root:Real time1487903895.79

DEBUG:root:Extracted signature:bitarray('10001111011100010001111001100010011111001000111111100000011011000001011100000010110000000010000000010000000100000011100011000100010111101001110011100110011110111100010111111000000101111100000010111100001011111000011101100001110000001110000001100000111000101001010101101000')
DEBUG:root:Matched frame over all scan:2786

DEBUG:root:Errors over all scan:62

DEBUG:root:Result:tau3_fail
DEBUG:root:Match or Not:False
DEBUG:root:Real time1487903895.99

DEBUG:root:Extracted signature:bitarray('10001111011100010001111001110010111110001100011111000110011111000011011100000100110001100010000110010010000111100011100011000100010011101001100011111010011111100111010111111000110101111000011011111000011010110000110101000010110000000110000101100011100011100011010101101000')
DEBUG:root:Matched frame over all scan:762

DEBUG:root:Errors over all scan:83

DEBUG:root:Result:tau1_fail
DEBUG:root:Match or Not:False
DEBUG:root:Real time1487903896.19

DEBUG:root:Extracted signature:bitarray('10010011011111010010011100111000100110001110011011000111001010001111111000110011100011000011000010010000110100000010000010000100011111101000111000111010000110000111010001000000110110000110011011000110011010001110001100111100110111110100111101001111100111000110001101111000')
DEBUG:root:Matched frame over all scan:2211

DEBUG:root:Errors over all scan:93

DEBUG:root:Result:tau2_fail
DEBUG:root:Match or Not:False
DEBUG:root:Real time1487903896.39

DEBUG:root:Extracted signature:bitarray('10001111011111010011111000111000111100001110011110000111001110011111101100110011100011000010000010010000110100000010000010000100011111101000111000111010001110000111010001000100110110000110011011000111001010001110001100111110110111110100111111001111010111010110001101111000')
DEBUG:root:Matched frame over all scan:1173

DEBUG:root:Errors over all scan:82

DEBUG:root:Result:tau3_fail
DEBUG:root:Match or Not:False
DEBUG:root:Real time1487903896.59

DEBUG:root:Extracted signature:bitarray('10001111011111010001111000111000111100001111011110010111101110011111101000110011100011000010000011010000110100000010000010000100011111101000111000111010001110000111010001000100110110000110011011000110011010001110111100111011110011111100111111001111010111010110001101111000')
DEBUG:root:Matched frame over all scan:1173

DEBUG:root:Errors over all scan:82

DEBUG:root:Result:tau3_fail
DEBUG:root:Match or Not:False
DEBUG:root:Real time1487903896.79

DEBUG:root:Extracted signature:bitarray('10000111001111010000111000111000101100001111011110011011101110011111101000110011100011000010000011011000110100000010000010000110011011100000111100011010000110000011010000001100110110000110001011000111001010001110111100111111110111111100111111001111100111000111001101111000')
DEBUG:root:Matched frame over all scan:2251

DEBUG:root:Errors over all scan:82

DEBUG:root:Result:tau3_fail
DEBUG:root:Match or Not:False
DEBUG:root:Real time1487903896.99

DEBUG:root:Extracted signature:bitarray('10000111111111010001111100111000101111000100010011100110010011100110001100001100110001100010000110010001100100110010000011000111011100000000111100111010000111001111010000001101110110000110010011001110000010011111000100111100010111110100111111001111000111000110011101100000')
DEBUG:root:Matched frame over all scan:1174

DEBUG:root:Errors over all scan:92

DEBUG:root:Result:tau3_fail
DEBUG:root:Match or Not:False
DEBUG:root:Real time1487903897.19

DEBUG:root:Extracted signature:bitarray('10010111011100000010111011111100101111111111011111111111101111111110001001111100000011100000011110000111100011100011100111100100011111100000111111111010000111111111010001111111110011111111111000001111011010001111110100111111100011111101111011010100110000100101011101101000')
DEBUG:root:Matched frame over all scan:797

DEBUG:root:Errors over all scan:76

DEBUG:root:Result:tau3_fail
DEBUG:root:Match or Not:False
DEBUG:root:Real time1487903897.39

DEBUG:root:Extracted signature:bitarray('10011110011110000001110011110000001100111100010011111111100011111111001111111100010111111100011111100111111011000011000010000100010010000011111001111010001100111111000000011111110000001111111000111111111001111111111011111111101111110101011001010000110001100011011101101000')
DEBUG:root:Matched frame over all scan:2017

DEBUG:root:Errors over all scan:77

DEBUG:root:Result:tau2_fail
DEBUG:root:Match or Not:False
DEBUG:root:Real time1487903897.6

DEBUG:root:Extracted signature:bitarray('10010111011100000010111011110000100101111100010011111110100011111111101101111111010011111100011111100110111011001111001110000100010011100001111100111010000111000111000000111111110000001111111000111111111001111111111011111111101110000101000001010000100001100011001101101000')
DEBUG:root:Matched frame over all scan:2017

DEBUG:root:Errors over all scan:78

DEBUG:root:Result:tau2_fail
DEBUG:root:Match or Not:False
DEBUG:root:Real time1487903897.8

DEBUG:root:Extracted signature:bitarray('10010111011110000110111001110001100100111100000011111111000011111111101101111111010011111100011111100111110011001111000010000100010010100011111100111010000111000111000001110111110000000111111000011111111101111111111011111111101111110101000001010000100001100011001101101000')
DEBUG:root:Matched frame over all scan:2017

DEBUG:root:Errors over all scan:78

DEBUG:root:Result:tau3_fail
DEBUG:root:Match or Not:False
DEBUG:root:Real time1487903898.0

DEBUG:root:Extracted signature:bitarray('10010110011110000110110011110001100100111100000011111110100011111110101101111111010011111100011111100110111011011101001110000100010011100011111001111010001110011111000000101111110000000111111000111111111001111111111011111111101110000101000001010000100001100011001101101000')
DEBUG:root:Matched frame over all scan:2017

DEBUG:root:Errors over all scan:75

DEBUG:root:Result:tau3_fail
DEBUG:root:Match or Not:False
DEBUG:root:Real time1487903898.2

DEBUG:root:Extracted signature:bitarray('10010110011110000110110011110001100100111100000011111111100011111111101101111111010011111100011111100110111011001111001110000100010011100011111001111010001110001111000000001111110000000111111000011111111101111111111011111111101110000101000001010000100001100011001101101000')
DEBUG:root:Matched frame over all scan:2017

DEBUG:root:Errors over all scan:77

DEBUG:root:Result:tau3_fail
DEBUG:root:Match or Not:False
DEBUG:root:Real time1487903898.4

DEBUG:root:Extracted signature:bitarray('10001110011110000001011111110000100111101110010011110111000111111100001111111000011011000011000001110000111011011100001100001111111111100011100111111010001100111111010001101111110000001111111000111111111001111111001011111100001100100101000111010111100111101111011001110000')
DEBUG:root:Matched frame over all scan:2676

DEBUG:root:Errors over all scan:88

DEBUG:root:Result:tau2_fail
DEBUG:root:Match or Not:False
DEBUG:root:Real time1487903898.6

DEBUG:root:Extracted signature:bitarray('10001110011110000000111111110001001111111110010011111111100011110010001111110000011111000011000001110000111010011101001100011011111111100001100111111010001100111111010000111111110000011111111000111111111001111111000011111100101100000100001111000111100111101111011001010000')
DEBUG:root:Matched frame over all scan:823

DEBUG:root:Errors over all scan:83

DEBUG:root:Result:tau2_fail
DEBUG:root:Match or Not:False
DEBUG:root:Real time1487903898.8

DEBUG:root:Extracted signature:bitarray('10000111111110000000111111111001001111101110011111110111101111110010001111100000111010000011010000110000010110000010001110011011111000001111111111111000101111110111000111111111110001111111111000111111011001011100011010000011100001111100111111011111101001101011011100110000')
DEBUG:root:Matched frame over all scan:1795

DEBUG:root:Errors over all scan:77

DEBUG:root:Result:tau3_fail
DEBUG:root:Match or Not:False
DEBUG:root:Real time1487903899.0

DEBUG:root:Extracted signature:bitarray('10000010011110010001000011110011000001111000100011111100011011101100010110011000111001100011100100010001100101110001110001110011101101110000000011111110000000111111110000001111011100001111000100001111000100011111001001111100000111100100111100001111000111010110011011010000')
DEBUG:root:Matched frame over all scan:2825

DEBUG:root:Errors over all scan:92

DEBUG:root:Result:tau2_fail
DEBUG:root:Match or Not:False
DEBUG:root:Real time1487903899.2

DEBUG:root:Extracted signature:bitarray('10010011111111000010011110110001100111100100100110110010000110110011001111110011010011100000011111000111111011111101111001111011101000001000011111001110000110011101110001000011001101000000000111000000111101000011111010001110101011110101111101011111101111101111011101101000')
DEBUG:root:Matched frame over all scan:598

DEBUG:root:Errors over all scan:86

DEBUG:root:Result:tau3_fail
DEBUG:root:Match or Not:False
DEBUG:root:Real time1487903899.4

DEBUG:root:Extracted signature:bitarray('10110011111110001110011011110001101100111100000111111111001111111001101001110001000011110000001111000011100011110001111101111011101100001000011111000000100111111000000011111111110101111111001001111111000011100010010010001111101001111101011110011111001111101111001101101000')
DEBUG:root:Matched frame over all scan:2431

DEBUG:root:Errors over all scan:79

DEBUG:root:Result:tau3_fail
DEBUG:root:Match or Not:False
DEBUG:root:Real time1487903899.6

DEBUG:root:Extracted signature:bitarray('10011011011110000110011001110001100111011100010111111111001011111100101101110011000011111100001111100011110001110001111101111011101100001000011111000010100011111100000011111111110001111111101001111111000011100010000010001111101001111101011110011111001111101111011100101000')
DEBUG:root:Matched frame over all scan:690

DEBUG:root:Errors over all scan:79

DEBUG:root:Result:tau3_fail
DEBUG:root:Match or Not:False
DEBUG:root:Real time1487903899.8

DEBUG:root:Extracted signature:bitarray('10011011011110000110011101110001101111011100010111111111001011111100101101110001000011101100000111100001110001110001111001111011101100001000011111000010100111111101000011111111110001111111101001111111000011100010000110001111101001111101011110011111001111101111011100101000')
DEBUG:root:Matched frame over all scan:599

DEBUG:root:Errors over all scan:81

DEBUG:root:Result:tau3_fail
DEBUG:root:Match or Not:False
DEBUG:root:Real time1487903900.0

DEBUG:root:Extracted signature:bitarray('10000111111110000100111101110001001111001100000111110110000011111100001101110001010011100100001111100001110001111001110011110011101100001000011111101010100111111111010111111111110101111111101001111111000001000010010010001111101001111101011111011111101111101111011100101000')
DEBUG:root:Matched frame over all scan:2537

DEBUG:root:Errors over all scan:82

DEBUG:root:Result:tau3_fail
DEBUG:root:Match or Not:False
DEBUG:root:Real time1487903900.2

DEBUG:root:Extracted signature:bitarray('10000111111111000100111100111001001111001110000111110111000011110110000101111100010011100000011110000111100001110001110011100111101100001100111110011100101111111011000111111110110001111111011001100011001001000110010010011110001011110101111111011110101110000110011000110000')
DEBUG:root:Matched frame over all scan:2091

DEBUG:root:Errors over all scan:76

DEBUG:root:Result:tau3_fail
DEBUG:root:Match or Not:False
DEBUG:root:Real time1487903900.4

DEBUG:root:Extracted signature:bitarray('10010111011110001100011101111001000111111111000011111110000011111000000111110011011011001100011100000111100011100011000011000100010010001110111111111010111111111111000111111110110001110111000011100000001011000001110010011110101011100101111001011100001101011000110100101000')
DEBUG:root:Matched frame over all scan:2727

DEBUG:root:Errors over all scan:85

DEBUG:root:Result:tau3_fail
DEBUG:root:Match or Not:False
DEBUG:root:Real time1487903900.6

DEBUG:root:Extracted signature:bitarray('10010011111101100110011111111101000111111100000011111110000011110000000111110000011011100011001100010011000101100011110001100111011000000001111111111010111111111111010111111110110101111111000011110000000011000000000110000000101000110101001001011100101100101011001100101000')
DEBUG:root:Matched frame over all scan:2091

DEBUG:root:Errors over all scan:88

DEBUG:root:Result:tau2_fail
DEBUG:root:Match or Not:False
DEBUG:root:Real time1487903900.81

DEBUG:root:Extracted signature:bitarray('10010011111101100100011111111001000111111100000011111110000011110000000111110000011011100011001100010011000101100011110011100111011000000000111111111010111111111111010111111111110101111110000011110000000011000000001110000000101000100101001001011100101100101111001100101000')
DEBUG:root:Matched frame over all scan:1840

DEBUG:root:Errors over all scan:86

DEBUG:root:Result:tau3_fail
DEBUG:root:Match or Not:False
DEBUG:root:Real time1487903901.01

DEBUG:root:Extracted signature:bitarray('10000011111101000100011111110001000111111100000011111110000011110000000111110000011011100011001100010011000101100010110001100111011000000000111111111010111111111111010111111110110101111111100011110000000011000000000110000110101001110101011001011100101110101011011100101000')
DEBUG:root:Matched frame over all scan:1840

DEBUG:root:Errors over all scan:85

DEBUG:root:Result:tau3_fail
DEBUG:root:Match or Not:False
DEBUG:root:Real time1487903901.21

DEBUG:root:Extracted signature:bitarray('10000011111100000100001111100001001111111100000011111110000011110000000111110000011011100011001100010011000101100010110011100111011000000000111111111010111111111111010111111110110101111111000011100000000011000000001110000000101001100101011001011100101110100011001100101000')
DEBUG:root:Matched frame over all scan:1840

DEBUG:root:Errors over all scan:80

DEBUG:root:Result:tau3_fail
DEBUG:root:Match or Not:False
DEBUG:root:Real time1487903901.41

DEBUG:root:Extracted signature:bitarray('10000011111100000100001111100001000111111100000111111110000011110000000111110000111011100011001100010011000101100010110011100111011000001000111111111010111111111111010111111110110101110111100011100000000011000000000110000000101000110101001001011100101111100011001100101000')
DEBUG:root:Matched frame over all scan:1840

DEBUG:root:Errors over all scan:87

DEBUG:root:Result:tau3_fail
DEBUG:root:Match or Not:False
DEBUG:root:Real time1487903901.61

DEBUG:root:Extracted signature:bitarray('10000000111000110000000111001111000000111111100100001111111100000111101100001111110000011110000001110000000100000010000010011111111011111000001111000011010000111000011100000111000110000001100011000001110011000001110110000011011000001111000001110000111000011000110011010000')
DEBUG:root:Matched frame over all scan:1198

DEBUG:root:Errors over all scan:58

DEBUG:root:Result:replica detected
DEBUG:root:Match or Not:True
DEBUG:root:Real time1487903901.81

DEBUG:root:Extracted signature:bitarray('10000000111000110000000011001111100000111111100100001111111100000111111100001111110000011110000001110000000100000010000010011111111011111000000111000011010000111100011100000111000110000001110011100000111011000001110110000011011000001111000001110000111000011000110010010000')
DEBUG:root:Matched frame over all scan:1198

DEBUG:root:Errors over all scan:58

DEBUG:root:Result:replica detected
DEBUG:root:Match or Not:True
DEBUG:root:Real time1487903902.01

DEBUG:root:Extracted signature:bitarray('10000000111000110000000111001111100000111111100100001111111100000111111100001111110000011110000001110000000100000010000010011111111011111000000111000011010000111100011100000111000110000001110011000000111011000001110110000011011000001111000001110000011000011000110010010000')
DEBUG:root:Matched frame over all scan:1198

DEBUG:root:Errors over all scan:59

DEBUG:root:Result:tau3_fail
DEBUG:root:Match or Not:False
DEBUG:root:Real time1487903902.21

DEBUG:root:Extracted signature:bitarray('11000000010001111100000000011111000000000011100010000001110111000001111110000001111100000011100000011000000100111000111101111011111111111000000111000010110000111000010100001111000100001111000010001110000010111000000111100000011110000011000000110000011000001000110011010000')
DEBUG:root:Matched frame over all scan:1003

DEBUG:root:Errors over all scan:83

DEBUG:root:Result:tau3_fail
DEBUG:root:Match or Not:False
DEBUG:root:Real time1487903902.41

DEBUG:root:Extracted signature:bitarray('11100000011000111100000000001111100000000011100000000001110111000001111110000001111100000011100000011000000100111000111101111011111111111000000111000010110000111000010100001111000100000111000010001110000010111000000111100000011100000011000000110000011000011000110011010000')
DEBUG:root:Matched frame over all scan:1003

DEBUG:root:Errors over all scan:82

DEBUG:root:Result:tau3_fail
DEBUG:root:Match or Not:False
DEBUG:root:Real time1487903902.61

DEBUG:root:Extracted signature:bitarray('11000000000000111000000000011110000000000011100011000001110111000001111111000001111100000011100000011000000100111100111101111011111111111000000110000010000000111000010100001111000100001111000010001110000010111000000111100000011110000011000000110000011000001000110011010000')
DEBUG:root:Matched frame over all scan:2003

DEBUG:root:Errors over all scan:82

DEBUG:root:Result:tau3_fail
DEBUG:root:Match or Not:False
DEBUG:root:Real time1487903902.81

DEBUG:root:Extracted signature:bitarray('11110000110000011110011111001101100110010011110110001001111100001001111110000001111100000011100000011000000100011100011101111011111111111000000111100110010000111111010100001111110100001111100010001101000010111100000101110000011110000011000000110001011000011000110011011000')
DEBUG:root:Matched frame over all scan:939

DEBUG:root:Errors over all scan:78

DEBUG:root:Result:tau1_fail
DEBUG:root:Match or Not:False
DEBUG:root:Real time1487903903.01

DEBUG:root:Extracted signature:bitarray('11111111110000001111111100001101111110000011001111001001101111001000010111100000111110000011100000011000000100000010000010000100011111100111111100000000111011000001001110110000111010011000110100011000100100111011000001111000101111000110100011100111110111110110101010111000')
DEBUG:root:Matched frame over all scan:2812

DEBUG:root:Errors over all scan:75

DEBUG:root:Result:tau3_fail
DEBUG:root:Match or Not:False
DEBUG:root:Real time1487903903.21

DEBUG:root:Extracted signature:bitarray('11111100111110001111100111100101111111110011011111001001100111000000001110000000111001000011101000110011000100000011000010000100011011101111100111000100111100011100101111100010001011110000000101110000000101110000000111110000110110000110000011100111110111010110101010111000')
DEBUG:root:Matched frame over all scan:2139

DEBUG:root:Errors over all scan:78

DEBUG:root:Result:tau3_fail
DEBUG:root:Match or Not:False
DEBUG:root:Real time1487903903.41

DEBUG:root:Extracted signature:bitarray('11111111111111101111111111111101111100111111011110001111101110001111100100111100011011110011011000011110011000001101001101011101111111110111000111110001111000111111001100000111110010000011111001000001111100000111111001111100100111100100110011000011100111100111101011011000')
DEBUG:root:Matched frame over all scan:1206

DEBUG:root:Errors over all scan:77

DEBUG:root:Result:tau3_fail
DEBUG:root:Match or Not:False
DEBUG:root:Real time1487903903.61

DEBUG:root:Extracted signature:bitarray('11111111111011100111110111111101111111111111011111011110001011011100000110111000011111000011011001110010011000011101001100011101111111101111001110011100111000110011101100001110111010000011111101000011111100000111111001111100100111100100110011000011100111100110101011010000')
DEBUG:root:Matched frame over all scan:1443

DEBUG:root:Errors over all scan:79

DEBUG:root:Result:tau3_fail
DEBUG:root:Match or Not:False
DEBUG:root:Real time1487903903.81

DEBUG:root:Extracted signature:bitarray('11111111111111001111111011110001101110111000010111111100000111111100001111110001011111000111010000110100011111001111001110011111111111101111001100001100111000110001101100001100001010000011010101000011111100000111111001111111100111100100111001000001100011100111101010010000')
DEBUG:root:Matched frame over all scan:2045

DEBUG:root:Errors over all scan:90

DEBUG:root:Result:tau3_fail
DEBUG:root:Match or Not:False
DEBUG:root:Real time1487903904.02

DEBUG:root:Extracted signature:bitarray('11111100110000001111100000110001111100000000111110000000111110000000011100100000110010000010000000010000000100000010000110001100100000001111000110000100111000110000101100000000111000010000011110000011011100001111001001111110100111110100111101001100011101010000100000101000')
DEBUG:root:Matched frame over all scan:2763

DEBUG:root:Errors over all scan:84

DEBUG:root:Result:tau3_fail
DEBUG:root:Match or Not:False
DEBUG:root:Real time1487903904.22

DEBUG:root:Extracted signature:bitarray('11111111110000001111111110000101111111000001011111000000111111001000011100010000110000000010000000010000000100100010100110011000100000001111000110000100111000110000101110000000111010000000011110000000111110100001111100001111111001110001011100001111010111010010100001101000')
DEBUG:root:Matched frame over all scan:2231

DEBUG:root:Errors over all scan:83

DEBUG:root:Result:tau3_fail
DEBUG:root:Match or Not:False
DEBUG:root:Real time1487903904.42

DEBUG:root:Extracted signature:bitarray('11011111110000011101111110000011011110100000101111000000011110000000111100100011100110000110110000110001111000111101111001110010000000011111000110000100110000110000101100000000111001110000011100100000111110000000111100111000100111100100111100011111001111001110101010101000')
DEBUG:root:Matched frame over all scan:1340

DEBUG:root:Errors over all scan:93

DEBUG:root:Result:tau3_fail
DEBUG:root:Match or Not:False
DEBUG:root:Real time1487903904.62

DEBUG:root:Extracted signature:bitarray('11000111000011111000111000011110001100000111100110000111110110000111001100000110110000011110000011110100000111100011000010000010010010011001111000000110001111000100110101110001101100110000111110110100011111110000110110000011011000011110000001110000011000011100110011010000')
DEBUG:root:Matched frame over all scan:240

DEBUG:root:Errors over all scan:65

DEBUG:root:Result:tau3_fail
DEBUG:root:Match or Not:False
DEBUG:root:Real time1487903904.82

DEBUG:root:Extracted signature:bitarray('11000011100011111000011000011110001110000111100110000111110110000111101110000111111000011010000001110000001111000011000010000100010010001101111000000110011111000000110101110000111100110000011110110100011111110000110110000011011000011110000001110000111000011000111011010000')
DEBUG:root:Matched frame over all scan:245

DEBUG:root:Errors over all scan:63

DEBUG:root:Result:tau3_fail
DEBUG:root:Match or Not:False
DEBUG:root:Real time1487903905.02

DEBUG:root:Extracted signature:bitarray('11000111100011111000111000011110000110000111100111000011110111000011101111000011111000000111000000010000001111000111100011000101000000001001111000000110011111000000110101110001111100111000111110110100011101110000110111000011011000011011000001110000111000111001100100000000')
DEBUG:root:Matched frame over all scan:168

DEBUG:root:Errors over all scan:70

DEBUG:root:Result:tau3_fail
DEBUG:root:Match or Not:False
DEBUG:root:Real time1487903905.22

DEBUG:root:Extracted signature:bitarray('11000111100001111000111000011110000100000111100110000111110110000111101100000111110000011110000011110001100111100011000010000100000000011001111000000110001111000000110101110001111100111000011110111100011111110000110110000011111000011111000000100000111000111000110010000000')
DEBUG:root:Matched frame over all scan:1216

DEBUG:root:Errors over all scan:63

DEBUG:root:Result:tau3_fail
DEBUG:root:Match or Not:False
DEBUG:root:Real time1487903905.42

DEBUG:root:Extracted signature:bitarray('11000011100001111000011000011110000110001111100110000111100110000111101100001111010000011010000000010000000111000011100011000100010010001001011000000110011111000000110001110001111100110000011110110100011101110000110110000011011000011010000010100000010100010000100010010000')
DEBUG:root:Matched frame over all scan:1215

DEBUG:root:Errors over all scan:65

DEBUG:root:Result:tau3_fail
DEBUG:root:Match or Not:False
DEBUG:root:Real time1487903905.62

DEBUG:root:Extracted signature:bitarray('11000011100001111000011000011110000110000111100010000111110010000111101100000111010000011010000000010000000111000011000011000100010010011001111000000110001111000000110101110000101100110000011110110100011111110000110110000011011000001010000010100000010100011000110010010000')
DEBUG:root:Matched frame over all scan:246

DEBUG:root:Errors over all scan:60

DEBUG:root:Result:tau3_fail
DEBUG:root:Match or Not:False
DEBUG:root:Real time1487903905.82

DEBUG:root:Extracted signature:bitarray('11000111100001111000111000011110001100000111100110000011110110000011101100000111010000111110000000010100000111000010000110000100010000001011011000000110011111000000110001110001111100110000011110111100011111110000110110000011011000011011000011100000110000111000110011010000')
DEBUG:root:Matched frame over all scan:1217

DEBUG:root:Errors over all scan:67

DEBUG:root:Result:tau3_fail
DEBUG:root:Match or Not:False
DEBUG:root:Real time1487903906.02

DEBUG:root:Extracted signature:bitarray('11000111000001111000111000011110001100000111100110000111110110000111101100001111010000111111000111010000000111000011000110001100110100001011011000000110011111000000110001110001111100110000011110110100011111110000110110000011011000011111000011100000111000111000110011010000')
DEBUG:root:Matched frame over all scan:1216

DEBUG:root:Errors over all scan:65

DEBUG:root:Result:tau3_fail
DEBUG:root:Match or Not:False
DEBUG:root:Real time1487903906.22

DEBUG:root:Extracted signature:bitarray('11110000100000010111000100100011100001000000110000100000010000100000010000000011100000001110000000010110000111000011000010000100010000010011000111001010011000110000010111001100000100001110000010011100010010111111110101111111010101111010000110100001110001110111101110101000')
DEBUG:root:Matched frame over all scan:2074

DEBUG:root:Errors over all scan:79

DEBUG:root:Result:tau3_fail
DEBUG:root:Match or Not:False
DEBUG:root:Real time1487903906.42

DEBUG:root:Extracted signature:bitarray('11110000100000011111000100100011110001100000110000110000010001100000010000000111100000011110000000010100000111000011000110000100010000110011000111111010011100110110010111001101000100001110000010001111000010111111110101111111010111111010100111100011110111110111101110101000')
DEBUG:root:Matched frame over all scan:2884

DEBUG:root:Errors over all scan:80

DEBUG:root:Result:tau3_fail
DEBUG:root:Match or Not:False
DEBUG:root:Real time1487903906.62

DEBUG:root:Extracted signature:bitarray('11110000100000011111000100100011100001000000110000110000010000110000010000010011100000001110000000010000000111000011000010000100010000010011000111001010011100110010010111001100000100001110000010011111000010111111110101111111010111111010100111100011110011110111101110101000')
DEBUG:root:Matched frame over all scan:2899

DEBUG:root:Errors over all scan:79

DEBUG:root:Result:tau3_fail
DEBUG:root:Match or Not:False
DEBUG:root:Real time1487903906.82

DEBUG:root:Extracted signature:bitarray('11110000100000011110000100100011100001100000110000110000010000100000010000000111100100011101110000011100000111000011000110000100000000010011000110001010011100110010010111001100000100001110000010001110000010111111110101111111010111111010101111100011110111110111101110101000')
DEBUG:root:Matched frame over all scan:1885

DEBUG:root:Errors over all scan:80

DEBUG:root:Result:tau3_fail
DEBUG:root:Match or Not:False
DEBUG:root:Real time1487903907.02

DEBUG:root:Extracted signature:bitarray('11011000000000011110000100000011100011000000100000110000010000000000110000000110100111000010110000011110000111100011100011000100010000010011000110000010011100110000010100011100000100001110000010011110000010111111100101111111010111111010101101100011110011110011101110100000')
DEBUG:root:Matched frame over all scan:1093

DEBUG:root:Errors over all scan:83

DEBUG:root:Result:tau3_fail
DEBUG:root:Match or Not:False
DEBUG:root:Real time1487903907.22

DEBUG:root:Extracted signature:bitarray('11110000100000011110000100000011100001100000110000110000010001100000010001001111001110110001110100010111000111000011000010001100000000010111000111011010011000110110010111001100000100001110000010001110110010111111110101111111010111111010100111100011110111110111101110101000')
DEBUG:root:Matched frame over all scan:1885

DEBUG:root:Errors over all scan:86

DEBUG:root:Result:tau2_fail
DEBUG:root:Match or Not:False
DEBUG:root:Real time1487903907.42

DEBUG:root:Extracted signature:bitarray('11110000100000011110000100100011100001100000110000110000010000100000010001001110000100111101110011100110011011011101011010000100000000010011000111111010011100110110010111001100000100001110000010001111110010111111110101111111010111111010101110100011010111010111101110101000')
DEBUG:root:Matched frame over all scan:2905

DEBUG:root:Errors over all scan:79

DEBUG:root:Result:tau3_fail
DEBUG:root:Match or Not:False
DEBUG:root:Real time1487903907.62

DEBUG:root:Extracted signature:bitarray('11110000000000010111000100000011110001000000110000100000010001100000110001001011001100011101110011000100010011000011000010000100010000010111000111011010111000110110010110001100000101001110000010001110000010111111010101111111010111111010100110100011110111110111101110101000')
DEBUG:root:Matched frame over all scan:1886

DEBUG:root:Errors over all scan:84

DEBUG:root:Result:tau3_fail
DEBUG:root:Match or Not:False
DEBUG:root:Real time1487903907.82

DEBUG:root:Extracted signature:bitarray('11110000100100011110000110100011100001110000110000111000010001100101100011001111001100011101100011100000011110000011000010000100000000010111000111111110111000110110110111001101000100001110000010001110000000111111011001111111100111111100101111000011110111110111101100101000')
DEBUG:root:Matched frame over all scan:2905

DEBUG:root:Errors over all scan:79

DEBUG:root:Result:tau3_fail
DEBUG:root:Match or Not:False
DEBUG:root:Real time1487903908.02

DEBUG:root:Extracted signature:bitarray('11001111000011111000010010011011000100110000100010011101100111111111101111100111011110011101100000111000001100001110111101110001101101110001000100001101000110000001101001111110001010011111100100011111110100111111111011110001101000001100001111001111101111101101010101010000')
DEBUG:root:Matched frame over all scan:946

DEBUG:root:Errors over all scan:97

DEBUG:root:Result:tau2_fail
DEBUG:root:Match or Not:False
DEBUG:root:Real time1487903908.22

DEBUG:root:Extracted signature:bitarray('11001110000001111000010011011011000100111001100010011101100111111111101111100111011110011101100000111000011100001110111101110001101101110001000000001101000110000000101001111110001010011111100100111111110100111111111011110000101000001100000111001111101111101101010101010000')
DEBUG:root:Matched frame over all scan:946

DEBUG:root:Errors over all scan:94

DEBUG:root:Result:tau3_fail
DEBUG:root:Match or Not:False
DEBUG:root:Real time1487903908.42

DEBUG:root:Extracted signature:bitarray('11001001110111111000000111111011000001111000100010111100000111111111101111110111011110011101110000111000011100001110111101110000100101010001000000011101000110000001101001111110001010011111100100111111110101111111111011110001101000001100001111001111101111101101010101010000')
DEBUG:root:Matched frame over all scan:2843

DEBUG:root:Errors over all scan:92

DEBUG:root:Result:tau2_fail
DEBUG:root:Match or Not:False
DEBUG:root:Real time1487903908.62

DEBUG:root:Extracted signature:bitarray('11001100000111111000110000011110000100111010100011111100000111111111101111110111011110011001110000111000011100001110011111110100100101010001000000001101001110000000101001111110001010011111100100111111110100111110111001110001100000001100001111001111101111101001010101010000')
DEBUG:root:Matched frame over all scan:1428

DEBUG:root:Errors over all scan:100

DEBUG:root:Result:tau1_fail
DEBUG:root:Match or Not:False
DEBUG:root:Real time1487903908.83

DEBUG:root:Extracted signature:bitarray('11001110000111111000110000011111000100111010100011111100000111111110101111111111011110011101110000011000011100001110001111111011101101010001000000011101000010000001101000111110001010011111100100111111110101111111111011110001101000001100001111001111101111101001010101010000')
DEBUG:root:Matched frame over all scan:946

DEBUG:root:Errors over all scan:95

DEBUG:root:Result:tau2_fail
DEBUG:root:Match or Not:False
DEBUG:root:Real time1487903909.03

DEBUG:root:Extracted signature:bitarray('11001110000111011000010001111011000000111000100011111100100111111101101111110111011110011101100000011000011100001110111101111011101101110001000000001101000110000001101001111110001010011111100100111111110100111110111011110001101000001100001111001111101111101101010101010000')
DEBUG:root:Matched frame over all scan:946

DEBUG:root:Errors over all scan:91

DEBUG:root:Result:tau3_fail
DEBUG:root:Match or Not:False
DEBUG:root:Real time1487903909.23

DEBUG:root:Extracted signature:bitarray('11001110000110011000010011110011000000111000100010111100100111111101101111110111011110011101100000111000011100001110111101111011101101110001000000001101000110000001101001111110001010011111100100111111110100111110111011110000101000001100001111001111101111101101010101010000')
DEBUG:root:Matched frame over all scan:946

DEBUG:root:Errors over all scan:85

DEBUG:root:Result:tau3_fail
DEBUG:root:Match or Not:False
DEBUG:root:Real time1487903909.43

DEBUG:root:Extracted signature:bitarray('11111110011000010011110010000000111111100000011011111100001001111100000001111111000001111100001111100111001011100001110001110011010000001111110010000010111110010001010111111000100101111000110010111001110010110111100100111111010111111010111110101111010111100111011101100000')
DEBUG:root:Matched frame over all scan:793

DEBUG:root:Errors over all scan:83

DEBUG:root:Result:tau3_fail
DEBUG:root:Match or Not:False
DEBUG:root:Real time1487903909.63

DEBUG:root:Extracted signature:bitarray('11111100010000011011110000110000111110011000011001011100000001111110000001111110000001111000001111000111100011110001110001110110010000001111110010000010111111000011010111110011000101110011100010110111100010101111110101111111010111111010111110101111110111101111010100101000')
DEBUG:root:Matched frame over all scan:793

DEBUG:root:Errors over all scan:77

DEBUG:root:Result:tau3_fail
DEBUG:root:Match or Not:False
DEBUG:root:Real time1487903909.83

DEBUG:root:Extracted signature:bitarray('11011100001101111001100011001100011000111011001110011111100101001111100011011111001100111100111111101111111011111101111101111110010000011111110001000010111110011000010111100110000100111001110010011101110000111111100001111111000111111000111110001111100111100101010100101000')
DEBUG:root:Matched frame over all scan:1567

DEBUG:root:Errors over all scan:77

DEBUG:root:Result:tau3_fail
DEBUG:root:Match or Not:False
DEBUG:root:Real time1487903910.03

DEBUG:root:Extracted signature:bitarray('11001100011100011001110001000010001100011100100110001110010011101110000110011100011001111100001111100011111011111101111100001100010000011011110001100010000111001000010000110001110100001101111010001111111010111111110101111111010111111010111110100111100111100111001111010000')
DEBUG:root:Matched frame over all scan:98

DEBUG:root:Errors over all scan:91

DEBUG:root:Result:tau1_fail
DEBUG:root:Match or Not:False
DEBUG:root:Real time1487903910.23

DEBUG:root:Extracted signature:bitarray('11001100001100011000111001000011001100011100100000001110010001000111010011001111001001111100011111100111111011111101111100111001101101111001111001100010100011001100010000110001110100001111111010001111111010011111110101111111010111111010110111001111100111100111001101110000')
DEBUG:root:Matched frame over all scan:2934

DEBUG:root:Errors over all scan:77

DEBUG:root:Result:tau3_fail
DEBUG:root:Match or Not:False
DEBUG:root:Real time1487903910.43

DEBUG:root:Extracted signature:bitarray('11011111110000011001011100000010011111000000001111110001101111111001101111011111010111111100111111101111111011111101101101001000100100011000100110000011000100110000111011011000011011111110000101111111000101100001111010000111100011011100111011001110100111100101000101101000')
DEBUG:root:Matched frame over all scan:1240

DEBUG:root:Errors over all scan:72

DEBUG:root:Result:tau3_fail
DEBUG:root:Match or Not:False
DEBUG:root:Real time1487903910.63

DEBUG:root:Extracted signature:bitarray('11000011100000111000011000000110011110000011001111100001101111100011101101011111000101111100111111101111111010011100011100011000100100011000010110000101000001110000101011011000011001111100000101111111000101000011111010001111000111111100111111001111100101100001100100101000')
DEBUG:root:Matched frame over all scan:1242

DEBUG:root:Errors over all scan:65

DEBUG:root:Result:tau3_fail
DEBUG:root:Match or Not:False
DEBUG:root:Real time1487903910.83

DEBUG:root:Extracted signature:bitarray('11001011100000111000011100000010011110000001001111101000101111111001101101110111001111111101111111101111111011001101100100000010010000011000001110000101000000110000101011011000011001111110000100111111000101000111111000111111000111111000111111001011100001100001100110101000')
DEBUG:root:Matched frame over all scan:1240

DEBUG:root:Errors over all scan:81

DEBUG:root:Result:tau3_fail
DEBUG:root:Match or Not:False
DEBUG:root:Real time1487903911.03

DEBUG:root:Extracted signature:bitarray('10001011100000110001011100000010011110000000001111100000101111110000101111100111011110111101111111101100111010011100011010000110010010011001000110000111001000110000100011011000011001111110000100001111001100011111111001111111000111111000101110000011010011010010101100101000')
DEBUG:root:Matched frame over all scan:1240

DEBUG:root:Errors over all scan:78

DEBUG:root:Result:tau3_fail
DEBUG:root:Match or Not:False
DEBUG:root:Real time1487903911.23

DEBUG:root:Extracted signature:bitarray('10001111100000110001011000000010011110000000101111000000011111100000011111000001111100111101100111101101111010111101110101100110010010001001001110000010001001110000010011010000100101111100000000111110110000111111110001111111000111111000111100001110100110100111010100101000')
DEBUG:root:Matched frame over all scan:1754

DEBUG:root:Errors over all scan:81

DEBUG:root:Result:tau3_fail
DEBUG:root:Match or Not:False
DEBUG:root:Real time1487903911.43

DEBUG:root:Extracted signature:bitarray('10001111100000110001011100000010011110000000101111000000011111100000011111000001111101110101110111101101111010111101110101100110010010001001001110000010001001110000010010010000100101111100000000111110110000111111110001111111000111110000111100001110100111100111000100101000')
DEBUG:root:Matched frame over all scan:1754

DEBUG:root:Errors over all scan:79

DEBUG:root:Result:tau3_fail
DEBUG:root:Match or Not:False
DEBUG:root:Real time1487903911.63

DEBUG:root:Extracted signature:bitarray('10001111100000110001011100000010011110000000101111000000011111100000011111000001111110110101110111101101111010111101110101101110010010001001001110000010001001110000010011010000100101111100000000111110110000111111110001111111000111111000111100001110100111100111010101101000')
DEBUG:root:Matched frame over all scan:2291

DEBUG:root:Errors over all scan:80

DEBUG:root:Result:tau3_fail
DEBUG:root:Match or Not:False
DEBUG:root:Real time1487903911.83

DEBUG:root:Extracted signature:bitarray('10001111100000110001011100000010011110000000101111000000011111100000011111000001011111110101111111101101111010111101110101101110010010001001001110000010001001110000010010110000100101111100000000111110110000111111110001111111000111110000111100001110100111100111010101101000')
DEBUG:root:Matched frame over all scan:1754

DEBUG:root:Errors over all scan:78

DEBUG:root:Result:tau3_fail
DEBUG:root:Match or Not:False
DEBUG:root:Real time1487903912.03

DEBUG:root:Extracted signature:bitarray('11110001011111101110011111111100000111111111000011111111100011110111101111000111011100011111100111111001111110011100011101100110010010101010011111100100011011111111000110111111110001001111111011000111111011000000011110000001110001111110111100111110111000001000110011010000')
DEBUG:root:Matched frame over all scan:21

DEBUG:root:Errors over all scan:85

DEBUG:root:Result:tau3_fail
DEBUG:root:Match or Not:False
DEBUG:root:Real time1487903912.23

DEBUG:root:Extracted signature:bitarray('11110001111111101110011111111100000111111111000011111111100011110011101111000011011100011101100111111001111110011100011101100110010010100110011111110100110011111111000100111111110001001111111001001111111011000000011110001001110101111110111100111100111000001000110011010000')
DEBUG:root:Matched frame over all scan:1248

DEBUG:root:Errors over all scan:82

DEBUG:root:Result:tau3_fail
DEBUG:root:Match or Not:False
