DEBUG:root:Under real time Point counter:2.00271606445e-05

DEBUG:root:Extracted signature:bitarray('11000111111110011000111111110000000111111000000011111000100011000000011100000000110000000111000001111000011100000010000010001000000101001111111001111011111111011011010111111100110111111101011011111010011011111100110111100011011110001011110010110000011000010001000101101100')
DEBUG:root:Matched frame over all scan:523

DEBUG:root:Errors over all scan:12

DEBUG:root:Result:replica detected
DEBUG:root:Match or Not:True
DEBUG:root:Real time1487649438.37

DEBUG:root:Extracted signature:bitarray('11000111111110011000111111110000000111111000000011111000101011000000111100000000110000000110000001111000011100000010000010001001000101001111110001111011111111011011011111101110010111111111011001111110011011111100110111110011011110001011110010110000010000010001000101101100')
DEBUG:root:Matched frame over all scan:523

DEBUG:root:Errors over all scan:18

DEBUG:root:Result:replica detected
DEBUG:root:Match or Not:True
DEBUG:root:Real time1487649438.57

DEBUG:root:Extracted signature:bitarray('11000111111110011000011111110000000111111000000011111000100011000000011100000000110000000110000001111000011100000010000010000100010101001111111011111011111110111011010111111110110101111111011011111110011011101000110111010001011110001011110010110000011000010001000101101100')
DEBUG:root:Matched frame over all scan:522

DEBUG:root:Errors over all scan:8

DEBUG:root:Result:replica detected
DEBUG:root:Match or Not:True
DEBUG:root:Real time1487649438.77

DEBUG:root:Extracted signature:bitarray('11000111111110011000011111110000000111111000000011111000100011000000011100000000110000000111000001111000011100000010000010001000101111011111111111111011111111011011001111111110010111111111011011111111001011111110110111110001011111001011110010110010010000010001000101101100')
DEBUG:root:Matched frame over all scan:521

DEBUG:root:Errors over all scan:16

DEBUG:root:Result:replica detected
DEBUG:root:Match or Not:True
DEBUG:root:Real time1487649438.97

DEBUG:root:Extracted signature:bitarray('11000111111001010000111111111001000111111110010011111111000011110111101110000011011000000111011000011100000110000010000110011001100101101111110110111101111111001111101111110001111011111001111001110001111001100011110110000111011000110011011000110000110000110011001100101100')
DEBUG:root:Matched frame over all scan:527

DEBUG:root:Errors over all scan:37

DEBUG:root:Result:replica detected
DEBUG:root:Match or Not:True
DEBUG:root:Real time1487649439.17

DEBUG:root:Extracted signature:bitarray('11000111111011001000111111011001001111110111000011111000100011111000101111100001110010000011011000011100000110000010000010010001100101101111111110011011111111110011001111111100110111111110011001111110011001111100110111110011011110000011110000110000110001110011000100101100')
DEBUG:root:Matched frame over all scan:526

DEBUG:root:Errors over all scan:29

DEBUG:root:Result:replica detected
DEBUG:root:Match or Not:True
DEBUG:root:Real time1487649439.37

DEBUG:root:Extracted signature:bitarray('11000111111111001000111111111001000111111110000011111011100011110001101111000001110000000111011000011100000110000010000110010001100101111111111011111011111111110111001111111101110011111100111001111100111001110001110111100011011110010011100000110000110000110011000100101100')
DEBUG:root:Matched frame over all scan:527

DEBUG:root:Errors over all scan:19

DEBUG:root:Result:replica detected
DEBUG:root:Match or Not:True
DEBUG:root:Real time1487649439.57

DEBUG:root:Extracted signature:bitarray('11000111111110011000011111100100000111100001100111000000011110000000011000000000110100001111100001111000011100001110000010001001101101101111111111111011111111101111011111110111110111111111011011111110011011111101110111100111011100011011100110100010011000011001000101101100')
DEBUG:root:Matched frame over all scan:521

DEBUG:root:Errors over all scan:47

DEBUG:root:Result:replica detected
DEBUG:root:Match or Not:True
DEBUG:root:Real time1487649439.77

DEBUG:root:Extracted signature:bitarray('01100011110000011100110000000011111000000000111100000000011100000000010000000000100000000010001110001011101001100101100010000100011011111111111011111011111111101011011111110111110011111111111011111111111011110111110111111111001011111001011110011110001100110001101101101100')
DEBUG:root:Matched frame over all scan:2732

DEBUG:root:Errors over all scan:64

DEBUG:root:Result:replica detected
DEBUG:root:Match or Not:True
DEBUG:root:Under real time Point counter:0.223517894745

DEBUG:root:Extracted signature:bitarray('11100011111111010110000111111000110001111110011100111111000111111111000111111110011111111001111111001110100110000010000010001000100100011111111111111011111111111111001111111111110010111111111001111111111001111111110001111111000111111001111110111111011111011100110001000100')
DEBUG:root:Matched frame over all scan:2462

DEBUG:root:Errors over all scan:51

DEBUG:root:Result:replica detected
DEBUG:root:Match or Not:True
DEBUG:root:Real time1487649440.2

DEBUG:root:Extracted signature:bitarray('11000000000000011000000000000011000000000010110000000000011000000000011000000010100000011001011111001100110100011100001100111001100101001111111111111010111111011111010111111111110111111111111011111111111011111111110111111111001111111001111110111111001011001110011001001100')
DEBUG:root:Matched frame over all scan:531

DEBUG:root:Errors over all scan:15

DEBUG:root:Result:replica detected
DEBUG:root:Match or Not:True
DEBUG:root:Real time1487649440.4

DEBUG:root:Extracted signature:bitarray('11000011110000010000001110000010100011100000110001110000010011110000000111100000011111000011110000011100000100111010111100111011101101101110111101111011111111000111010111110001100011111000100011110000011011111011000011111011011111101011110110111111011111001110010011010100')
DEBUG:root:Matched frame over all scan:551

DEBUG:root:Errors over all scan:53

DEBUG:root:Result:replica detected
DEBUG:root:Match or Not:True
DEBUG:root:Real time1487649440.6

DEBUG:root:Extracted signature:bitarray('11000011001100011000000011100010000000111100111000011111011100011111100000011111000001101100001101101011011011111100111101111011101100101011110001111011111110011101011111100000110011110000011001111000011001110000011011101011001110111001110110111111011111001000010011010100')
DEBUG:root:Matched frame over all scan:828

DEBUG:root:Errors over all scan:79

DEBUG:root:Result:tau3_fail
DEBUG:root:Match or Not:False
DEBUG:root:Real time1487649440.8

DEBUG:root:Extracted signature:bitarray('11001111000100011101110000000010111100000000111111000000011111000000010100110000101110000010111100001111110110111000111101111011100100101100011011110011111000001100011111000100000111100000000011110000000011110000000011101001011111011011111110111011011111001100010011010100')
DEBUG:root:Matched frame over all scan:535

DEBUG:root:Errors over all scan:45

DEBUG:root:Result:replica detected
DEBUG:root:Match or Not:True
DEBUG:root:Real time1487649441.0

DEBUG:root:Extracted signature:bitarray('11000111100011011000111100011000101111001110011111101110001111001011001110000011111000000110000000110100001110001100011100111011101010001000001110011011111001110011001111111101110011111101111001110000111001110000110011000001011100001011110010111101011101001110011011010100')
DEBUG:root:Matched frame over all scan:544

DEBUG:root:Errors over all scan:82

DEBUG:root:Result:tau3_fail
DEBUG:root:Match or Not:False
DEBUG:root:Real time1487649441.2

DEBUG:root:Extracted signature:bitarray('11001111100000011001111000001010111111010010011111001110001110011100011100111000100111100000111100101000001100001000111101111011100101001000111110011011111111111110010111111111000011111111100001110011100001110111100011111110001111111011111110111100011000011000110001000100')
DEBUG:root:Matched frame over all scan:537

DEBUG:root:Errors over all scan:49

DEBUG:root:Result:replica detected
DEBUG:root:Match or Not:True
DEBUG:root:Real time1487649441.4

DEBUG:root:Extracted signature:bitarray('11000111000001011001111010001010111101110010011111000110001111001111001100011110010001110100001100100000001000000010010011000110011101001101011111001011111101111011001111101111000011110111100001110011100001110111000011111100001111101001111010111100011000011000110011000100')
DEBUG:root:Matched frame over all scan:537

DEBUG:root:Errors over all scan:46

DEBUG:root:Result:replica detected
DEBUG:root:Match or Not:True
DEBUG:root:Real time1487649441.6

DEBUG:root:Extracted signature:bitarray('11000111000000011001110000001010111101100010011111110001011111110001011111100000111011000011000000111000011100001100000011010111011101001100001111001011111000110011001111001100110011100110011011101110011011111100100011111100001111100011111000111000011000011010111011010100')
DEBUG:root:Matched frame over all scan:538

DEBUG:root:Errors over all scan:64

DEBUG:root:Result:tau3_fail
DEBUG:root:Match or Not:False
DEBUG:root:Real time1487649441.8

DEBUG:root:Extracted signature:bitarray('11001111000100011001111001100010111110010000111111100000011111000000011110000000111110000111100000011000001100000110000110001100011010101101111001110011111111001100011111110011000011111111000011111100000011111000000111110000011110000011000100110110011000011000110011010100')
DEBUG:root:Matched frame over all scan:540

DEBUG:root:Errors over all scan:49

DEBUG:root:Result:tau3_fail
DEBUG:root:Match or Not:False
DEBUG:root:Real time1487649442.0

DEBUG:root:Extracted signature:bitarray('11000111000000011000111000001010111110000000011111000000011111000001011110000110111100000011000000110000001100000110000010000100010000001001010001011011111111001001011111110000010011111000011011111000111011111001110011100110011100100011000000110000011000011000110011000100')
DEBUG:root:Matched frame over all scan:540

DEBUG:root:Errors over all scan:53

DEBUG:root:Result:tau3_fail
DEBUG:root:Match or Not:False
DEBUG:root:Real time1487649442.2

DEBUG:root:Extracted signature:bitarray('11000111000100011001111000000010111110000000011111000000011111000000011100011010110001000011001000010100011100011100011101011001100101001011111000111011111110001111011111001000110011111000011011111000111001100011110011001100011011101011000010110001001001001010010001000100')
DEBUG:root:Matched frame over all scan:541

DEBUG:root:Errors over all scan:20

DEBUG:root:Result:replica detected
DEBUG:root:Match or Not:True
DEBUG:root:Real time1487649442.4

DEBUG:root:Extracted signature:bitarray('11001111000100011001111001100010111110010000111111000000011111000000011110000110110000001110000001110000011000011100011100111001100101001100101110110011111111101100010111111011000011111110000011100110011011111000110111000011011000011011000010010001101001101011011101000100')
DEBUG:root:Matched frame over all scan:542

DEBUG:root:Errors over all scan:36

DEBUG:root:Result:replica detected
DEBUG:root:Match or Not:True
DEBUG:root:Real time1487649442.6

DEBUG:root:Extracted signature:bitarray('11001111000100011000111000100010111111000000011111000000011111000000011110000000111000000011000000011000110100011100011100111011101101001001110001111011111110001111011111100001100011111100000011111110010001111101000011110011001100011011001110110111001011001111011101010100')
DEBUG:root:Matched frame over all scan:543

DEBUG:root:Errors over all scan:29

DEBUG:root:Result:replica detected
DEBUG:root:Match or Not:True
DEBUG:root:Real time1487649442.8

DEBUG:root:Extracted signature:bitarray('11000111000100010000111001000010111110000000011111000000011111000000011100010100110001000010000100010011110001111000111101111011101100101001110011111011111111000111010111100011110011101100001011111011001011110110110111011111011011111001011110011111001111001110011011010100')
DEBUG:root:Matched frame over all scan:545

DEBUG:root:Errors over all scan:35

DEBUG:root:Result:replica detected
DEBUG:root:Match or Not:True
DEBUG:root:Real time1487649443.0

DEBUG:root:Extracted signature:bitarray('11000111000100010000111000100010111110000000111111000000011111000000011110010000110001100010011000010111010001111001111101111011101100101100110011111011111101001111010111100011110011111000101011111001111001110011110011011111001011111001111110011111001111001110011011010100')
DEBUG:root:Matched frame over all scan:545

DEBUG:root:Errors over all scan:25

DEBUG:root:Result:replica detected
DEBUG:root:Match or Not:True
DEBUG:root:Real time1487649443.2

DEBUG:root:Extracted signature:bitarray('11000111000100010000110000000010111110000000111111000000011111000000011110000000111100000011000000010111000101111000111100111011101100101110110011111011111110000111010111110000110011110000011011110000101011111010110011111110011111111011111110111111001111001110010011010100')
DEBUG:root:Matched frame over all scan:547

DEBUG:root:Errors over all scan:31

DEBUG:root:Result:replica detected
DEBUG:root:Match or Not:True
DEBUG:root:Real time1487649443.4

DEBUG:root:Extracted signature:bitarray('11000111000100011000110001000010111110000000111111100000011111000000011110000000111010000011110000010111010001111000111100111011101101101101010010111011111101000111011111110011010011110000011011111000010011111011110011111111001111111011111110011111001111001110010011010100')
DEBUG:root:Matched frame over all scan:547

DEBUG:root:Errors over all scan:39

DEBUG:root:Result:replica detected
DEBUG:root:Match or Not:True
DEBUG:root:Real time1487649443.6

DEBUG:root:Extracted signature:bitarray('11000111000100010100111000000010111110000000111111000000011111000000011110000000111000000011000000010111000101111000111100111011101101101010010110111011111010000110010111100001010111110000000011110000000011110100100011111110011111111011111110011111001111001110011011010100')
DEBUG:root:Matched frame over all scan:547

DEBUG:root:Errors over all scan:35

DEBUG:root:Result:replica detected
DEBUG:root:Match or Not:True
DEBUG:root:Real time1487649443.8

DEBUG:root:Real time1487649444.0

DEBUG:root:Extracted signature:bitarray('11000111000100010011111001000010111110000000011111100000001111000000011110000000111000000011000000011100000100011010111100111011101100101101110010111011111101000111010111100001110011111000010011110000001011110001110011111011011111111011110110111110011111001100010011010100')
DEBUG:root:Matched frame over all scan:548

DEBUG:root:Errors over all scan:26

DEBUG:root:Result:replica detected
DEBUG:root:Match or Not:True
DEBUG:root:Real time1487649444.2

DEBUG:root:Real time1487649444.41

DEBUG:root:Real time1487649444.61

DEBUG:root:Real time1487649444.81

DEBUG:root:Real time1487649445.01

DEBUG:root:Extracted signature:bitarray('11000111000100010001110001000000111111110000011111110000001111111000000111110000011111000001111000001110000111011010111100111011101101101111110101111011111101000111011111110000110011111000001011110000001011111010110011111111001111111011111110111111011111001110011011010100')
DEBUG:root:Matched frame over all scan:555

DEBUG:root:Errors over all scan:26

DEBUG:root:Result:replica detected
DEBUG:root:Match or Not:True
DEBUG:root:Under real time Point counter:0.248866081238

DEBUG:root:Extracted signature:bitarray('11001111000000010001111000001000111111100000011111110000001111111000000111110000011111100001111000001110000111011010111100111011101100101111110101111011111110010111011111100001010011111000010011110101001011111110110011111101001111111011111110111011011110001110010011010100')
DEBUG:root:Matched frame over all scan:553

DEBUG:root:Errors over all scan:24

DEBUG:root:Result:replica detected
DEBUG:root:Match or Not:True
DEBUG:root:Real time1487649445.46

DEBUG:root:Extracted signature:bitarray('11000111000100010001111000000010111111110000011111111000001111111000000111110010011111100001111100001110000111101010111100111011100100111111111101111011111110001011011111110000110011110000001011111000001011110101110011111111001111111011111110111111011101001110010011010100')
DEBUG:root:Matched frame over all scan:552

DEBUG:root:Errors over all scan:18

DEBUG:root:Result:replica detected
DEBUG:root:Match or Not:True
DEBUG:root:Real time1487649445.66

DEBUG:root:Extracted signature:bitarray('11000110000110011000100000110111000010001001100011000000111011000000111100000000100000000010011000011110000111001011100011000100101010101111111000111011111110001111011000100011110110011000111001011110011011011000000110000000010111000010110001101000110000110001100100110100')
DEBUG:root:Matched frame over all scan:556

DEBUG:root:Errors over all scan:10

DEBUG:root:Result:replica detected
DEBUG:root:Match or Not:True
DEBUG:root:Real time1487649445.86

DEBUG:root:Extracted signature:bitarray('11000110000110011000000000110111000010001101100011000010111111000000111000000001100000000010011000010110000111000011100010001100100011101111111000111011111110001111011000110011110110011000111000011110111011011000000110000000010011000010110001101000110000110001110100110100')
DEBUG:root:Matched frame over all scan:557

DEBUG:root:Errors over all scan:10

DEBUG:root:Result:replica detected
DEBUG:root:Match or Not:True
DEBUG:root:Real time1487649446.06

DEBUG:root:Extracted signature:bitarray('11100110000111011100010000110111000010001111100011000010111110000000111000000001100000000010011000010110000111000011100010000100000011101111111000111011111110000111011000110011110110011000111000011110111011011000000111000000010011000010110001101000110000110101110100110100')
DEBUG:root:Matched frame over all scan:556

DEBUG:root:Errors over all scan:20

DEBUG:root:Result:replica detected
DEBUG:root:Match or Not:True
DEBUG:root:Real time1487649446.26

DEBUG:root:Extracted signature:bitarray('11100111000011011100111100011101000111000111100011100011111110000001111000000001100000000110000000010110000111000010100010000100000011101111111000011011111100100011001100011000110010001100111001000110011101001100011110100000011000000010110000101000110000110001100010011100')
DEBUG:root:Matched frame over all scan:559

DEBUG:root:Errors over all scan:11

DEBUG:root:Result:replica detected
DEBUG:root:Match or Not:True
DEBUG:root:Real time1487649446.46

DEBUG:root:Extracted signature:bitarray('11000011110011011000011110001111000111100111000011100001111110000001111000000001100001000110011000010110000111100011100010000100010001101111111000001011111110100011001100001100110010001110011001000010011111000110011110110000011000000010111000101100110000110001100011001100')
DEBUG:root:Matched frame over all scan:560

DEBUG:root:Errors over all scan:9

DEBUG:root:Result:replica detected
DEBUG:root:Match or Not:True
DEBUG:root:Real time1487649446.66

DEBUG:root:Extracted signature:bitarray('11100011110001011000011110001110000111100011100000010001111100000001110000000001100001000110001100010111000111100011100010000100010010001111111000001011111110010001001110001100110010000110011011000110011111000110011110010000010010000010111000101100010000110000100011001100')
DEBUG:root:Matched frame over all scan:561

DEBUG:root:Errors over all scan:23

DEBUG:root:Result:replica detected
DEBUG:root:Match or Not:True
DEBUG:root:Real time1487649446.86

DEBUG:root:Extracted signature:bitarray('11100001110001011000011101001110000111100011010100000001111100000001111000000001100000010010000110010011100111110011100011000100010010001111111010001011111110010001101110001100010010000110011111000011001111000110010110010000011010000010111000101100010100110001100011001100')
DEBUG:root:Matched frame over all scan:561

DEBUG:root:Errors over all scan:11

DEBUG:root:Result:replica detected
DEBUG:root:Match or Not:True
DEBUG:root:Real time1487649447.06

DEBUG:root:Extracted signature:bitarray('11000111100000011000111100000110011100100001011100000001111100000000010000011000100001100010001110010111100111110011100011000100010010011111111011100111111110011000111110000110011111000111001111000001100111000010000110001000011001110010011100100100010100010000101011010100')
DEBUG:root:Matched frame over all scan:563

DEBUG:root:Errors over all scan:29

DEBUG:root:Result:replica detected
DEBUG:root:Match or Not:True
DEBUG:root:Real time1487649447.26

DEBUG:root:Extracted signature:bitarray('11000111000000011000111010000010011100100001111100000000111100000110010000011100100001110010001110000111100011110011110010100100010010011111111111000011111110011100111111000110001111000011000111000001100011000011000110000100011000110011001100110110010010010101101010010100')
DEBUG:root:Matched frame over all scan:563

DEBUG:root:Errors over all scan:14

DEBUG:root:Result:replica detected
DEBUG:root:Match or Not:True
DEBUG:root:Real time1487649447.46

DEBUG:root:Extracted signature:bitarray('11000111000000010000111000000010001000000000110000000000110000000110010000011100100001110010001110000011100011110011110010100101010010011111111001100011111111001100011111000111001111000011100111000001100011000011000110001100011000110011001110110110001010010101101010010100')
DEBUG:root:Matched frame over all scan:564

DEBUG:root:Errors over all scan:11

DEBUG:root:Result:replica detected
DEBUG:root:Match or Not:True
DEBUG:root:Real time1487649447.67

DEBUG:root:Extracted signature:bitarray('11000111110000010000111100000010100000001000110000000000010000000110010000001100100101110000001110000011100011110001110010100101010010111111111001110011111111011100011111000011000111000011100111100001100011000001100110001100011000110011001110010111001010000111101110010100')
DEBUG:root:Matched frame over all scan:566

DEBUG:root:Errors over all scan:10

DEBUG:root:Result:replica detected
DEBUG:root:Match or Not:True
DEBUG:root:Real time1487649447.87

DEBUG:root:Extracted signature:bitarray('11000110110000010000011110000010110000011000110000000000010010000110010100001100100101110000001110000011100011110001111000110011011010111111111111110010111111001100011111100011000101100001100011100001100011000001100110000110011000110011001110010111001011000111101110010100')
DEBUG:root:Matched frame over all scan:566

DEBUG:root:Errors over all scan:19

DEBUG:root:Result:replica detected
DEBUG:root:Match or Not:True
DEBUG:root:Real time1487649448.07

DEBUG:root:Extracted signature:bitarray('11000110110000010001000110000011100000001100110000000100010010000010010100001100100111110000001110000011111011111100011000110011011010111111111101110010111111100100011111100011000111100001100011100001100011000001100110000110011000010011001110010111001011000111001110010100')
DEBUG:root:Matched frame over all scan:568

DEBUG:root:Errors over all scan:11

DEBUG:root:Result:replica detected
DEBUG:root:Match or Not:True
DEBUG:root:Real time1487649448.27

DEBUG:root:Extracted signature:bitarray('11000110111000010001000110000011100000001100110000000100010010000010010100001100100111110000101110000011111011111100011100110011011011111111111011110010111111001000011111100011100111100001100011100001100011000001100110000110011000010011001110010011101011100111001110010100')
DEBUG:root:Matched frame over all scan:569

DEBUG:root:Errors over all scan:12

DEBUG:root:Result:replica detected
DEBUG:root:Match or Not:True
DEBUG:root:Real time1487649448.47

DEBUG:root:Extracted signature:bitarray('11000110110000010001000110000011100000001100110000000100010010000010010100001100100111110000101111001011111011111100011100111011011011111111111110110010111111010000011111100011100111100001100011100001100011000001100110000110011000010011001111010011101011100111001110010100')
DEBUG:root:Matched frame over all scan:569

DEBUG:root:Errors over all scan:15

DEBUG:root:Result:replica detected
DEBUG:root:Match or Not:True
DEBUG:root:Real time1487649448.67

DEBUG:root:Extracted signature:bitarray('11000000000011011000001100011101000111000111010011100010000011111100001111111000110011000010011000011100100110110011110011000100010000011001001110010100000011110000100000111101001000111101100100011001100010110011000100011100010011000010000110100110110000110001100110010100')
DEBUG:root:Matched frame over all scan:571

DEBUG:root:Errors over all scan:51

DEBUG:root:Result:replica detected
DEBUG:root:Match or Not:True
DEBUG:root:Real time1487649448.87

DEBUG:root:Extracted signature:bitarray('11001100111111011011001110011101110111000111010111100001101011100010011000011100100011110010011100001110000111000011010011000100010000011001001110011100000011110000100000111101001000111101100100011101100010110011000100001100110001100110000111110110111000111001100010010100')
DEBUG:root:Matched frame over all scan:572

DEBUG:root:Errors over all scan:45

DEBUG:root:Result:replica detected
DEBUG:root:Match or Not:True
DEBUG:root:Real time1487649449.07

DEBUG:root:Extracted signature:bitarray('11000111000011011000111100011101011111000001010111100000001011101100011100111000100011110000011100100111000011000011000110001100010000011001001110010100000001110000100000111101001000111101100100011101100010110011001000001100100011000100000111010011101001101001100010010100')
DEBUG:root:Matched frame over all scan:572

DEBUG:root:Errors over all scan:26

DEBUG:root:Result:replica detected
DEBUG:root:Match or Not:True
DEBUG:root:Real time1487649449.27

DEBUG:root:Extracted signature:bitarray('11111001111011011100001110011001000111101100010111101110001111101110101110001101010000110010001110010011110011110001110100011001101100011001001110010110010001110010100000111101001000111101100100011101100100110011001000001100110011111010001110110111001011101011011100000100')
DEBUG:root:Matched frame over all scan:576

DEBUG:root:Errors over all scan:52

DEBUG:root:Result:replica detected
DEBUG:root:Match or Not:True
DEBUG:root:Real time1487649449.47

DEBUG:root:Extracted signature:bitarray('11001001111111011011011111110001111111111100011111111110001111101110001110011100010001110010001110010011100100111001110001100100010000011001000110110110011001110010100000111101001000111110100100011101100100110011001001001100010001110010011100011111001111001110110010010100')
DEBUG:root:Matched frame over all scan:576

DEBUG:root:Errors over all scan:48

DEBUG:root:Result:replica detected
DEBUG:root:Match or Not:True
DEBUG:root:Real time1487649449.67

DEBUG:root:Extracted signature:bitarray('11000011110111011000011111111000001111111100010111110110001011101111101110011101010001110111001101110010011010001100111101101000100000011101000110110100011001111110100000111101101000011110100100011101100100110011001011001100100011101010110010011101001100011001000100000100')
DEBUG:root:Matched frame over all scan:577

DEBUG:root:Errors over all scan:53

DEBUG:root:Result:replica detected
DEBUG:root:Match or Not:True
DEBUG:root:Under real time Point counter:0.227856874466

DEBUG:root:Extracted signature:bitarray('11000001111111011000011111111000000111111110010011110110001011101111101010011111010001111011000110010000000100000010011010110011001000011101000110110100011001111110100000111101101000011110100100011101100100111011101011001110000111011011110110111110011110011100110010010100')
DEBUG:root:Matched frame over all scan:576

DEBUG:root:Errors over all scan:46

DEBUG:root:Result:replica detected
DEBUG:root:Match or Not:True
DEBUG:root:Real time1487649450.1

DEBUG:root:Extracted signature:bitarray('11000000011111011000001111111000000111111110010011110111001011100110101010011101010001110111001100010011001100000110000110000100011010011101000110110100011001111110100000111101101000011110100100011101100100110011001011001110111001100011011000111100011000011000100010010100')
DEBUG:root:Matched frame over all scan:577

DEBUG:root:Errors over all scan:35

DEBUG:root:Result:replica detected
DEBUG:root:Match or Not:True
DEBUG:root:Real time1487649450.3

DEBUG:root:Extracted signature:bitarray('11000001111111011000001111111100000111100110010111110111101011100111101110011101010001100010001000010010001110000110000110001011101010011101000110110100011001111110100000111101101000011110100100011101100100110011001011001100111011000110110001111000111000110001100110010100')
DEBUG:root:Matched frame over all scan:578

DEBUG:root:Errors over all scan:37

DEBUG:root:Result:replica detected
DEBUG:root:Match or Not:True
DEBUG:root:Real time1487649450.5

DEBUG:root:Extracted signature:bitarray('11111000000010011111001110000101110111100000111111100000011111000100011110011000110001100010001000010010000111100011100010000100011010111101000110110100011001110110100000111101001000111101100010011101100010110011000111001100011001000011010000111000011000010000100010011100')
DEBUG:root:Matched frame over all scan:580

DEBUG:root:Errors over all scan:43

DEBUG:root:Result:replica detected
DEBUG:root:Match or Not:True
DEBUG:root:Real time1487649450.7

DEBUG:root:Extracted signature:bitarray('11100000000111011110000000110011000011101000110001110000010001100111011000001100100001110011001100110011001011000111000110001110011000011101000110010110011001111010110000111111000100011111110010011111110010111111100111101100011101100010011001011000101000110001100010010100')
DEBUG:root:Matched frame over all scan:581

DEBUG:root:Errors over all scan:23

DEBUG:root:Result:replica detected
DEBUG:root:Match or Not:True
DEBUG:root:Real time1487649450.9

DEBUG:root:Extracted signature:bitarray('11100001011110011100001111110011000011100100110001100010010001100110011000011100100011100010011001100110011011001100001100011010010000011101000110110110011001110110110000111101000100111111100010011110100010111100000101110000110100000110000001010010101000100001100110010100')
DEBUG:root:Matched frame over all scan:582

DEBUG:root:Errors over all scan:51

DEBUG:root:Result:replica detected
DEBUG:root:Match or Not:True
DEBUG:root:Real time1487649451.1

DEBUG:root:Extracted signature:bitarray('11000001111111011000001110111011000011000100110001100010010011100110011000001100110000111010011111001110011010001100001100011011111000011101100110111110011001110010110000111101100100011111100010011110100010111100000111100000111100000110001001010010101000100001000110010100')
DEBUG:root:Matched frame over all scan:582

DEBUG:root:Errors over all scan:53

DEBUG:root:Result:replica detected
DEBUG:root:Match or Not:True
DEBUG:root:Real time1487649451.3

DEBUG:root:Extracted signature:bitarray('11100010000011011100010000010011000100011000100110001100010100011000010001100000100111000001111000001100001100000100000110001100010010011000011100111110000111100111110001111000111101111000011110100000011101001000110011100011001100011001100111010111001111001110111011010100')
DEBUG:root:Matched frame over all scan:584

DEBUG:root:Errors over all scan:15

DEBUG:root:Result:replica detected
DEBUG:root:Match or Not:True
DEBUG:root:Real time1487649451.5

DEBUG:root:Extracted signature:bitarray('11100001000011011100010000010011000100011000100110001100010100011000010000110000100111000000111000101100011000001100001100001000010010111100001110011110100011110011110100111000011100111010001110110000001101100000010010010001001111001101110111011111101111001110011011010100')
DEBUG:root:Matched frame over all scan:584

DEBUG:root:Errors over all scan:37

DEBUG:root:Result:replica detected
DEBUG:root:Match or Not:True
DEBUG:root:Real time1487649451.7

DEBUG:root:Extracted signature:bitarray('11100011000011011100010000000011000100010000100110001000010100010000010001100000100110000011110000001100001100001100001100011001101101101000111000000110001110000000110111110000001101111000000110111110000101111110000011111000001111000001100011010001101011101111011101101100')
DEBUG:root:Matched frame over all scan:586

DEBUG:root:Errors over all scan:13

DEBUG:root:Result:replica detected
DEBUG:root:Match or Not:True
DEBUG:root:Real time1487649451.9

DEBUG:root:Extracted signature:bitarray('11100001000001011100010000000011001100000000100110000000010100000000110000000000100110000010110001101100011100001100001100011011101010001001111110000110001111100000110011111000011101111100001110111110001101111100000011101110001001110001011001011100101000101001011101101100')
DEBUG:root:Matched frame over all scan:588

DEBUG:root:Errors over all scan:13

DEBUG:root:Result:replica detected
DEBUG:root:Match or Not:True
DEBUG:root:Real time1487649452.1

DEBUG:root:Extracted signature:bitarray('11100011000001011100010000000011000100000000100110000000010100000000110000000000100110000010110000011100001100000100001100011011101010001101111110000110001111110000110011111000001101111000000110111100001101110100010011000111001001110001011101011100101000101001001101101100')
DEBUG:root:Matched frame over all scan:587

DEBUG:root:Errors over all scan:10

DEBUG:root:Result:replica detected
DEBUG:root:Match or Not:True
DEBUG:root:Real time1487649452.3

DEBUG:root:Extracted signature:bitarray('11100001000001011100010000000011000100000000100110001000010110010000110100100000100111000000111000001110011010001101001100011011101110001011111110000110101111110000110011111000001101111100001110111110001101111100010011110000001011110001011001011100101000101011011101101100')
DEBUG:root:Matched frame over all scan:589

DEBUG:root:Errors over all scan:18

DEBUG:root:Result:replica detected
DEBUG:root:Match or Not:True
DEBUG:root:Real time1487649452.5

DEBUG:root:Extracted signature:bitarray('11100011000011011100010000000011000100000000100110001000010110010000110101100000100111000000111000001110001010001101001100011001101100001011111110000110000111100000110101111000001101111100001110111110001101111100010011110000001111100001111001011100101000101011011101101100')
DEBUG:root:Matched frame over all scan:590

DEBUG:root:Errors over all scan:11

DEBUG:root:Result:replica detected
DEBUG:root:Match or Not:True
DEBUG:root:Real time1487649452.71

DEBUG:root:Extracted signature:bitarray('11100000000001011100000000000011000100000000100110001000010110010000010100100000100111000000111000001110011010001100001100011001101101101011111110000110000111100000110011111000001101111100001110111110001101111100000011111100001011100001111001011001101001101011011101101100')
DEBUG:root:Matched frame over all scan:590

DEBUG:root:Errors over all scan:12

DEBUG:root:Result:replica detected
DEBUG:root:Match or Not:True
DEBUG:root:Real time1487649452.91

DEBUG:root:Extracted signature:bitarray('11100011000001011100010000000011000100000000100110001000010110010000010100100000100111000000111000101110001010001100001100011001101101101001111110000110001111100000110111111000011101111100001110111110000101111100000011111100001011100001111001011001101001101011011101101100')
DEBUG:root:Matched frame over all scan:591

DEBUG:root:Errors over all scan:8

DEBUG:root:Result:replica detected
DEBUG:root:Match or Not:True
DEBUG:root:Real time1487649453.11

DEBUG:root:Extracted signature:bitarray('11100011000011011100010000000011000100000000100010001000010000010000010101100000101111000000111100101111001011001101001100011001101101111000111110000110001111100000110111111000011101111110000110111110000101111100000010111100001011100001110001011001101001101011011101101100')
DEBUG:root:Matched frame over all scan:593

DEBUG:root:Errors over all scan:13

DEBUG:root:Result:replica detected
DEBUG:root:Match or Not:True
DEBUG:root:Real time1487649453.31

DEBUG:root:Extracted signature:bitarray('11100001000011011110011000000011110100000000101100001000010100010000010001100000100111000001111100101111011011111100111101011011101101101000111110000110001111100000110111111000011101111110000110111110000101111100000011111100001011100001111001011001101001101011011101101100')
DEBUG:root:Matched frame over all scan:594

DEBUG:root:Errors over all scan:17

DEBUG:root:Result:replica detected
DEBUG:root:Match or Not:True
DEBUG:root:Real time1487649453.51

DEBUG:root:Extracted signature:bitarray('11111011000011011111010000000011111100000000111100001000010100010000010001100000101110000001111100001111111011111101111101011011101100001001111110000110000111110000110001111100001101111100001110111110001101111100010011110010001001110001011001011100101000101011011101101100')
DEBUG:root:Matched frame over all scan:595

DEBUG:root:Errors over all scan:17

DEBUG:root:Result:replica detected
DEBUG:root:Match or Not:True
DEBUG:root:Real time1487649453.71

DEBUG:root:Extracted signature:bitarray('11111011000011011111110000000011111100000000111100001000010100010000010001100000101110000001111001001111111011111101101101011011101010001011111000000110001111100000110011111100001100111100000110111100000101111100000011110001001100111001001110010110101100101001011101101100')
DEBUG:root:Matched frame over all scan:596

DEBUG:root:Errors over all scan:19

DEBUG:root:Result:replica detected
DEBUG:root:Match or Not:True
DEBUG:root:Real time1487649453.91

DEBUG:root:Extracted signature:bitarray('11110011000011011111010000010011111100000000111100001000010000110000010001100000100110000001111001101111011011101101101101011011001010111111111100001110111110110000110111001100000101100110000110101111000011001110000010111001001011001001110111010011101111101111011101101100')
DEBUG:root:Matched frame over all scan:597

DEBUG:root:Errors over all scan:31

DEBUG:root:Result:replica detected
DEBUG:root:Match or Not:True
DEBUG:root:Real time1487649454.11

DEBUG:root:Extracted signature:bitarray('11110011000011011110010000000011100100000000100000010000010000110000110001100000100111000001111100101111011011101101101101011011011010111111111100001110111110011000010111100110000101110111000110110111001001101111010011011001001011001101110011010011101011101111010101101100')
DEBUG:root:Matched frame over all scan:598

DEBUG:root:Errors over all scan:23

DEBUG:root:Result:replica detected
DEBUG:root:Match or Not:True
DEBUG:root:Real time1487649454.31

DEBUG:root:Extracted signature:bitarray('11110011000011011110010000010011100100000000100000010000010000110000110011100000000111000001111101101111001011101101101101011011011010011111111110000110111110011000110111100110000101110111000110110111001001110111000011011001001011001001110011010011101011101011011101101100')
DEBUG:root:Matched frame over all scan:600

DEBUG:root:Errors over all scan:21

DEBUG:root:Result:replica detected
DEBUG:root:Match or Not:True
DEBUG:root:Real time1487649454.51

DEBUG:root:Extracted signature:bitarray('11110011000011011110010000000011100100000000100000011000010000110000110011100000000111000001111101101111001011101101101101011011011010011111111110001110111110011000110011110110001101110111000110110111100101110111000011011101001111101001110011010011101011101011011101101100')
DEBUG:root:Matched frame over all scan:600

DEBUG:root:Errors over all scan:17

DEBUG:root:Result:replica detected
DEBUG:root:Match or Not:True
DEBUG:root:Real time1487649454.71

DEBUG:root:Extracted signature:bitarray('11000001111111010000011110010010001111100000101100110011011100110111001100011110011001110000001111100011111001111101111001110011101101111001100101110110001011001110100011110011100100110001110010110001110001110011100010001110001000110100001011000001100011000110011100101100')
DEBUG:root:Matched frame over all scan:602

DEBUG:root:Errors over all scan:36

DEBUG:root:Result:replica detected
DEBUG:root:Match or Not:True
DEBUG:root:Under real time Point counter:0.222494125366

DEBUG:root:Extracted signature:bitarray('11000001111111010000011110010010000111100000101100110000011100110110000100011100011001110010001100010111011001011100111101111011101101111001001101110110011001011110100011110011100100110011110010110001110101110011101010001100111000100110000011000011100011100111011100101100')
DEBUG:root:Matched frame over all scan:602

DEBUG:root:Errors over all scan:14

DEBUG:root:Result:replica detected
DEBUG:root:Match or Not:True
DEBUG:root:Real time1487649455.13

DEBUG:root:Extracted signature:bitarray('11000001111110010000011110000010001111100000111100110000011100111110001100011100101001110011101110000011011001001100011101111011101101111001000111110110011001011110110001110011000100110001100100110001110101110011001010001100111000100110000011000001100011100111011101101100')
DEBUG:root:Matched frame over all scan:603

DEBUG:root:Errors over all scan:28

DEBUG:root:Result:replica detected
DEBUG:root:Match or Not:True
DEBUG:root:Real time1487649455.33

DEBUG:root:Extracted signature:bitarray('11001001111110010000011110110010001111100000111100111110001100111110001000111100010001110001101111000011111001111100111001110011101101111001000111110110011001011110110001110011100100110001110100111001110101110011101011001110011000111100001111000011100011001111011101101100')
DEBUG:root:Matched frame over all scan:604

DEBUG:root:Errors over all scan:38

DEBUG:root:Result:replica detected
DEBUG:root:Match or Not:True
DEBUG:root:Real time1487649455.53

DEBUG:root:Extracted signature:bitarray('11000001111100010000011111100010000111011000111111001110011110001110010000011100101001110011101110010011100100011000011001111011101101111001000111110110011001011110110000110011100100110001100010111001110100110011101011001110111000110110001111100110100010101111011101101100')
DEBUG:root:Matched frame over all scan:606

DEBUG:root:Errors over all scan:31

DEBUG:root:Result:replica detected
DEBUG:root:Match or Not:True
DEBUG:root:Real time1487649455.73

DEBUG:root:Extracted signature:bitarray('11000001111100010000001111100010000111001000111111001110011110001110011100011100001111100001111101100111111001111101111101111001101101111001000011110110011000011110010000110011100100111001110010111001110100110011101011001110101000111100001111000111100011101111011101101100')
DEBUG:root:Matched frame over all scan:612

DEBUG:root:Errors over all scan:32

DEBUG:root:Result:replica detected
DEBUG:root:Match or Not:True
DEBUG:root:Real time1487649455.93

DEBUG:root:Extracted signature:bitarray('11000001111100010000011111100010000111000000100111000000010111001110011100011100101001100010011110000111101001110100101101111011101101111001000111110110010000011100010001110111000100110011100010110001110100110011101010001100110000111110001111000111100111100111011101101100')
DEBUG:root:Matched frame over all scan:608

DEBUG:root:Errors over all scan:21

DEBUG:root:Result:replica detected
DEBUG:root:Match or Not:True
DEBUG:root:Real time1487649456.14

DEBUG:root:Extracted signature:bitarray('11000001111100010000001111100010000111000000100111000100010111001110011110011100101001100010101110010011001001101100011101111011101101111001000111110110011000011110110000110011100100110001110010111001110100110011101011001110111000111110001111000111100011100111011101101100')
DEBUG:root:Matched frame over all scan:609

DEBUG:root:Errors over all scan:12

DEBUG:root:Result:replica detected
DEBUG:root:Match or Not:True
DEBUG:root:Real time1487649456.34

DEBUG:root:Extracted signature:bitarray('11000001111100010000001111100010000111000000110111000100011111001110011110011100101001100010001100010111111001001100011100111011101101111001000111110110011000011110010100110011000100110001100010110001110100110011101010001100111000111110001111000111100111100111011101101100')
DEBUG:root:Matched frame over all scan:609

DEBUG:root:Errors over all scan:13

DEBUG:root:Result:replica detected
DEBUG:root:Match or Not:True
DEBUG:root:Real time1487649456.54

DEBUG:root:Extracted signature:bitarray('11000001111100011000001111100010000111000000110111000110011111000110011110011100101001100010001111000011111001111100011101111011101101111101000111110110011000011110010100110011100100111001110010110001110100110011101011001110111000111110001111000111100011101111011101101100')
DEBUG:root:Matched frame over all scan:612

DEBUG:root:Errors over all scan:12

DEBUG:root:Result:replica detected
DEBUG:root:Match or Not:True
DEBUG:root:Real time1487649456.74

DEBUG:root:Extracted signature:bitarray('11000001111100011000001111100010000111001000110111100110011111000110011110011100101001100010101111100011111000111100011101111011101101111101100111110110011000011110110100110011100100110001110010111001110100110011101011000110111000111110001111000111100011101111011101101100')
DEBUG:root:Matched frame over all scan:612

DEBUG:root:Errors over all scan:16

DEBUG:root:Result:replica detected
DEBUG:root:Match or Not:True
DEBUG:root:Real time1487649456.94

DEBUG:root:Extracted signature:bitarray('11000001111100011000001111100010000111000000110111100100011111000110011110011100101001100010001111000011111001111100011101111011101101111101000111110110011000011110110100110011100100110001110010110001110100110011101010001110111000111110001111000111100011100111011101101100')
DEBUG:root:Matched frame over all scan:613

DEBUG:root:Errors over all scan:7

DEBUG:root:Result:replica detected
DEBUG:root:Match or Not:True
DEBUG:root:Real time1487649457.14

DEBUG:root:Extracted signature:bitarray('11000001111100011000001111100010000111000000100111100100010111000110011110011100111001100010001111000011111001111100011101111011101101011101000011110110011000011110110100110011100100110001110010110001110100110011101010001110111000111110001111000111100011100111011101101100')
DEBUG:root:Matched frame over all scan:612

DEBUG:root:Errors over all scan:7

DEBUG:root:Result:replica detected
DEBUG:root:Match or Not:True
DEBUG:root:Real time1487649457.34

DEBUG:root:Extracted signature:bitarray('11000001111100011000001111000010000111000000110111000110011111001110011110011100101001110000101111100011111001111100111101111011101111111101100011110110011000011110110110110011100100111001110010110001110000110011101010000110111000111110001111000011101011101111011101101100')
DEBUG:root:Matched frame over all scan:612

DEBUG:root:Errors over all scan:21

DEBUG:root:Result:replica detected
DEBUG:root:Match or Not:True
DEBUG:root:Real time1487649457.54

DEBUG:root:Extracted signature:bitarray('11000001111100011000001111100010000111000000111111000100011111000110011110011100101001110010101111010011110001111101111101111011101101111101100011110110011000011110110110110011100100110001110010110001110010110011100011000110011000111010001111000111100011100111011101101100')
DEBUG:root:Matched frame over all scan:615

DEBUG:root:Errors over all scan:17

DEBUG:root:Result:replica detected
DEBUG:root:Match or Not:True
DEBUG:root:Real time1487649457.74

DEBUG:root:Extracted signature:bitarray('11000001111100011000001111100010000111000000100111000000010110000110011100011100101001110010001110010111110001111100111101111011101101111101000011110110011000011110110100110011100100110001110010110001110010110011101110001110010000111010001111000111100011100111001101101100')
DEBUG:root:Matched frame over all scan:615

DEBUG:root:Errors over all scan:9

DEBUG:root:Result:replica detected
DEBUG:root:Match or Not:True
DEBUG:root:Real time1487649457.94

DEBUG:root:Extracted signature:bitarray('11000001111100011000001111100010000111000000111111000000011111000110011110011100101001110010101110010011110001111101111101111011101101111101100001110110011000011110110110110011100100110001110010110001110010110011101011000110011000111010001111000111100011100111011101101100')
DEBUG:root:Matched frame over all scan:615

DEBUG:root:Errors over all scan:17

DEBUG:root:Result:replica detected
DEBUG:root:Match or Not:True
DEBUG:root:Real time1487649458.14

DEBUG:root:Extracted signature:bitarray('11000001111100010000011111100010000111001000111111000100011110001110011100011100001101110001100111000011110000111101111101111011101101011101100001110110011000011110110110110011100100110001110010110001110010110011101011000110111000111110001111000111100011101111011101101100')
DEBUG:root:Matched frame over all scan:618

DEBUG:root:Errors over all scan:21

DEBUG:root:Result:replica detected
DEBUG:root:Match or Not:True
DEBUG:root:Real time1487649458.34

DEBUG:root:Extracted signature:bitarray('11000011111110010000011111100010011110011000111110001100011110001110011100111100011100011001100111000001110001111101111101111011101101011101100001110110011000011110110110110011100100110001110010111001110000110011101011000110111000111110001111000111101011101111011101101100')
DEBUG:root:Matched frame over all scan:619

DEBUG:root:Errors over all scan:26

DEBUG:root:Result:replica detected
DEBUG:root:Match or Not:True
DEBUG:root:Real time1487649458.54

DEBUG:root:Extracted signature:bitarray('11000011111110010000011111100010001110011000111111001100011110001110011100111100011100111001100111010001110001111101111101111011101101011101000001110110011000011110110100110011100100110001110010111001110010110011101011001110111000111110001111000111100011100111011101101100')
DEBUG:root:Matched frame over all scan:619

DEBUG:root:Errors over all scan:18

DEBUG:root:Result:replica detected
DEBUG:root:Match or Not:True
DEBUG:root:Real time1487649458.74

DEBUG:root:Extracted signature:bitarray('11100001111110011100001111100010000111000000101111000000010111000110011110001100101001110010001110010011100001110000110001100101011111111101000001110110011000011110010100110011100100110001110010110001110010110011101111001110011000111010001110100111100111000110101011010100')
DEBUG:root:Matched frame over all scan:622

DEBUG:root:Errors over all scan:7

DEBUG:root:Result:replica detected
DEBUG:root:Match or Not:True
DEBUG:root:Real time1487649458.94

DEBUG:root:Extracted signature:bitarray('11000001111110011000001111100010000111000000101111000000010111000110010110001100101001110010001110010011100101110000110001100101010111111101000101110110011000011110110100110011100100110001110010111001110010110011101111001110011000111010001110100111100111000110101011010100')
DEBUG:root:Matched frame over all scan:622

DEBUG:root:Errors over all scan:5

DEBUG:root:Result:replica detected
DEBUG:root:Match or Not:True
DEBUG:root:Real time1487649459.14

DEBUG:root:Extracted signature:bitarray('11000001111110011000001111100010000111000000101111000000010111000110011110001100101001110010001110010011100101110000110001100101010111111101000001110110011000011110010000110011100100110001110010111001110010110011101111001110011000111010001111100111100111100110101011010100')
DEBUG:root:Matched frame over all scan:622

DEBUG:root:Errors over all scan:7

DEBUG:root:Result:replica detected
DEBUG:root:Match or Not:True
DEBUG:root:Real time1487649459.34

DEBUG:root:Extracted signature:bitarray('11000001111110011100001111100010000111000000101111000000010111000110011110001100101001110010001110010011100101110000110001100101010011111101000001110110001000011110110000110011100100110001110010110001110010110011100111001110011000111010001111100111100111100110101011010100')
DEBUG:root:Matched frame over all scan:622

DEBUG:root:Errors over all scan:9

DEBUG:root:Result:replica detected
DEBUG:root:Match or Not:True
DEBUG:root:Real time1487649459.54

DEBUG:root:Extracted signature:bitarray('11000001111100011000001111100010100111000000111111000000011111000110010110001100101001110010101111010111111001110100110011100101010011111101000101110110001000011110110000110011100100110001110010110001110010110011101110001110011000111010001111000111100111010110101011010100')
DEBUG:root:Matched frame over all scan:623

DEBUG:root:Errors over all scan:20

DEBUG:root:Result:replica detected
DEBUG:root:Match or Not:True
DEBUG:root:Real time1487649459.74

DEBUG:root:Extracted signature:bitarray('11100001111100011100001100000011110111000000111111100100011111110000011111100000011110111101111111100111011011100101110100100100010010111101100101110110001000011110010000110011100100110001110010110001110000110011101011001110101000111100001111000111100010110100100010010100')
DEBUG:root:Matched frame over all scan:626

DEBUG:root:Errors over all scan:32

DEBUG:root:Result:replica detected
DEBUG:root:Match or Not:True
DEBUG:root:Under real time Point counter:0.223686933517

DEBUG:root:Extracted signature:bitarray('11100001111100011110001111000011111111000000111111101000011111111000011111100000011110011001110011100110011011001101111100101000000011111001000101110110001000011110110000110011100100110001110010110001110010110011101010001110101000111100001111000011110001110101100011011100')
DEBUG:root:Matched frame over all scan:627

DEBUG:root:Errors over all scan:14

DEBUG:root:Result:replica detected
DEBUG:root:Match or Not:True
DEBUG:root:Real time1487649460.17

DEBUG:root:Extracted signature:bitarray('11100001111100011110011111100011110110011000111111101000011111111000011111110000101110001001110011101110011011001100101100111000100111111001000111110110011000011110110001110011000100110011100010110001110010110011101110001110101000111100001111000011110001110001100011011100')
DEBUG:root:Matched frame over all scan:628

DEBUG:root:Errors over all scan:9

DEBUG:root:Result:replica detected
DEBUG:root:Match or Not:True
DEBUG:root:Real time1487649460.37

DEBUG:root:Extracted signature:bitarray('11100001111100011010011111000011111110011000111111101000011111111000011111100000011110001001110011101110011011001101111100111000100111111001000101110110011000011110110000110011100100110001110010110001110010110011101010001110101000111100000111000011110011110001100011011100')
DEBUG:root:Matched frame over all scan:628

DEBUG:root:Errors over all scan:11

DEBUG:root:Result:replica detected
DEBUG:root:Match or Not:True
DEBUG:root:Real time1487649460.57

DEBUG:root:Extracted signature:bitarray('11100001011100011110001101100011110110011000111111111000011111111000011111100000011110011001110011101110111011011101111100101000101101111001000001110110011000011110110000110011100100110001110010110001110010110011101010001110101000111100000111000011110011110001100001011100')
DEBUG:root:Matched frame over all scan:630

DEBUG:root:Errors over all scan:13

DEBUG:root:Result:replica detected
DEBUG:root:Match or Not:True
DEBUG:root:Real time1487649460.77

DEBUG:root:Extracted signature:bitarray('11110001111100011110001101100011110111011000111111111000011111111000001111100000011110011001111001101110111011011101111100101000101101011001000111110110011000011110010000110011100100110001110010110001110100110011101010001110101000111100000111000011110001110001100010011100')
DEBUG:root:Matched frame over all scan:631

DEBUG:root:Errors over all scan:12

DEBUG:root:Result:replica detected
DEBUG:root:Match or Not:True
DEBUG:root:Real time1487649460.97

DEBUG:root:Extracted signature:bitarray('11100001111100011110001101000011110111011000111111111000001111111000001111100100011110011001110001101110111011011101111100101000101111111001100001110110011000011110010010110111100100110011110110110001110100110011101011001110101000111100001111000011110011110001100010011100')
DEBUG:root:Matched frame over all scan:633

DEBUG:root:Errors over all scan:15

DEBUG:root:Result:replica detected
DEBUG:root:Match or Not:True
DEBUG:root:Real time1487649461.17

DEBUG:root:Extracted signature:bitarray('11110001111100011111001101100011110011011000111111111000001111111000001111101100011110001001111001101110111011011101111100111000101101011101100001110110011000011110010110110111100100110011110110110001110100110011101011001110101000111110001111000011110001110001100010010100')
DEBUG:root:Matched frame over all scan:633

DEBUG:root:Errors over all scan:12

DEBUG:root:Result:replica detected
DEBUG:root:Match or Not:True
DEBUG:root:Real time1487649461.37

DEBUG:root:Extracted signature:bitarray('11110001111000011111001100100011110010011000111111111000001111111000001111101100011111100001111001101110111011111101111100111010011111011101100011110110011000011110010110100111000100110011110100110001110100110011101011001110101000111110001111000011100001110011100010010100')
DEBUG:root:Matched frame over all scan:633

DEBUG:root:Errors over all scan:25

DEBUG:root:Result:replica detected
DEBUG:root:Match or Not:True
DEBUG:root:Real time1487649461.57

DEBUG:root:Extracted signature:bitarray('11110001111000011110001100000011110110011000111111011000001111111000001111111000011111100011111100000111110011111101111100110011011111011001000111110010011000011100010100100111000101110011100100110001110100110011101011001110011001111010001111100011100001110010110010110100')
DEBUG:root:Matched frame over all scan:635

DEBUG:root:Errors over all scan:11

DEBUG:root:Result:replica detected
DEBUG:root:Match or Not:True
DEBUG:root:Real time1487649461.77

DEBUG:root:Extracted signature:bitarray('11110001111000011110001100000011110110001000111111001100001111101110000111001100011101100011111100010111100011111101111100110111011011011001000011110010011000011110010100110011101100110001110100110001110100110011101011001110011000111010001110100011101001110010110010111100')
DEBUG:root:Matched frame over all scan:639

DEBUG:root:Errors over all scan:9

DEBUG:root:Result:replica detected
DEBUG:root:Match or Not:True
DEBUG:root:Real time1487649461.97

DEBUG:root:Extracted signature:bitarray('11110001111000011110001100000011110110001000111111001110001111101110000111011100011101100011111100010111000011111101111100110111011011011001100011110010011000011110010000110011101100110001110100110001110100110011101011001110011000111010001110100011101001110010110010110100')
DEBUG:root:Matched frame over all scan:638

DEBUG:root:Errors over all scan:11

DEBUG:root:Result:replica detected
DEBUG:root:Match or Not:True
DEBUG:root:Real time1487649462.17

DEBUG:root:Extracted signature:bitarray('11100001111000011110001100000011110110001000111111001110001111101110000111011100011101100011111100010111000011111101111100100111011011011001000001110010011000011110010000110011101100110001110100110001110100110011101011001110011000111010001110100011101001110010110010110100')
DEBUG:root:Matched frame over all scan:639

DEBUG:root:Errors over all scan:11

DEBUG:root:Result:replica detected
DEBUG:root:Match or Not:True
DEBUG:root:Real time1487649462.37

DEBUG:root:Extracted signature:bitarray('11100001111000011110001100000011110110001100111111001110001111101110000111011100011101100011111100010111000011111101111100100111011011011001000001110010011000011110010000110011101100110001110100110001110100110011101011001110011000111010001110100011101001110010110010110100')
DEBUG:root:Matched frame over all scan:639

DEBUG:root:Errors over all scan:12

DEBUG:root:Result:replica detected
DEBUG:root:Match or Not:True
DEBUG:root:Real time1487649462.57

DEBUG:root:Extracted signature:bitarray('11100001110000011110011100010011111110001100011111001110001111001110001110011000111101100011111100010011100011111101101100011011101100011001100001110010011000011110010010110011101000110001110100110001110100110011100011001110011000111010001110010011101001101010011100100100')
DEBUG:root:Matched frame over all scan:640

DEBUG:root:Errors over all scan:20

DEBUG:root:Result:replica detected
DEBUG:root:Match or Not:True
DEBUG:root:Real time1487649462.78

DEBUG:root:Extracted signature:bitarray('11000001110000011100011000000011111110001100111110001110001110001110001110011100011101100001101100010011110001111101111101111011111110011001100001110010001000011110010011110011100100110011110100110001110100110011101011001110101000111010001111010111101011101110011001101100')
DEBUG:root:Matched frame over all scan:641

DEBUG:root:Errors over all scan:27

DEBUG:root:Result:replica detected
DEBUG:root:Match or Not:True
DEBUG:root:Real time1487649462.98

DEBUG:root:Extracted signature:bitarray('11000001110000011100011000000011111110011100111110001110001110001110001111111100011110100001100000010011110001111101011100111011011111011001100001110010001000011110010011110011100100110011110100110001110100110011101011001110101000111010001111010111101011101110011001111100')
DEBUG:root:Matched frame over all scan:641

DEBUG:root:Errors over all scan:29

DEBUG:root:Result:replica detected
DEBUG:root:Match or Not:True
DEBUG:root:Real time1487649463.18

DEBUG:root:Extracted signature:bitarray('11100001110000011100011100000011111110011100111110001110001110011110001110111000011111100001111000010110110011111101111101111011011011011001000011110010011000011110010011100111000100110011110100110011110100110011101011001110101000111010001110010011101011101110011011111100')
DEBUG:root:Matched frame over all scan:641

DEBUG:root:Errors over all scan:23

DEBUG:root:Result:replica detected
DEBUG:root:Match or Not:True
DEBUG:root:Real time1487649463.38

DEBUG:root:Extracted signature:bitarray('11000001111000011000011000000011111110011000111110011110001110011110000111111000001111100101111101100111011011111100011100111011011111011001100011110010011000011110010001110111100100110011110100110001110100110011101011001111101000111100000111010011101011101110011001101100')
DEBUG:root:Matched frame over all scan:644

DEBUG:root:Errors over all scan:20

DEBUG:root:Result:replica detected
DEBUG:root:Match or Not:True
DEBUG:root:Real time1487649463.58

DEBUG:root:Extracted signature:bitarray('11000110000100010001110000100010111100011000111110011010011110110111000111101110011100111001100111000011110001111101111101111011101101011001100011110010011000011110010000110111100100110011110100110001110100110011101011001110101000111010000111010011101011101110011101101100')
DEBUG:root:Matched frame over all scan:645

DEBUG:root:Errors over all scan:8

DEBUG:root:Result:replica detected
DEBUG:root:Match or Not:True
DEBUG:root:Real time1487649463.78

DEBUG:root:Extracted signature:bitarray('11000111000000010001111000000010111110100000111111110001010111110111000111001100011100111001100111000001110011111001111101111011101101011001100011110110011000011100110000110111000100110011110110110001110100110011001011001100101000100110000101010010101010101101011101101100')
DEBUG:root:Matched frame over all scan:646

DEBUG:root:Errors over all scan:25

DEBUG:root:Result:replica detected
DEBUG:root:Match or Not:True
DEBUG:root:Real time1487649463.98

DEBUG:root:Extracted signature:bitarray('11000111011000110001111010000110111111100000111111110000010111101111000111011110011101111001100111000001110010111001111101111011101101111001100011110110011000011110110000110111100100110011110010110001110100110011101011001111101000111100000111010011101011101111011101101100')
DEBUG:root:Matched frame over all scan:647

DEBUG:root:Errors over all scan:5

DEBUG:root:Result:replica detected
DEBUG:root:Match or Not:True
DEBUG:root:Real time1487649464.18

DEBUG:root:Extracted signature:bitarray('11000111011000110001111110000110110111100000111111111000010011101110000111111110011101111001101111000001110011111001111101111011101101111001000011110110011000011110100000110111100100110011110010110001110100110011101011001110101000111100000111010011101011101111011101101100')
DEBUG:root:Matched frame over all scan:649

DEBUG:root:Errors over all scan:14

DEBUG:root:Result:replica detected
DEBUG:root:Match or Not:True
DEBUG:root:Real time1487649464.38

DEBUG:root:Extracted signature:bitarray('11000111111000110000111110000110110111000000111111110000010111111100000111011110011101111001101111000011110010111001111101111011101101111001000011110110011000011110100000110111000100110011110010110001110100110011101011001110101000111100001111010111101111101111011101101100')
DEBUG:root:Matched frame over all scan:649

DEBUG:root:Errors over all scan:14

DEBUG:root:Result:replica detected
DEBUG:root:Match or Not:True
DEBUG:root:Real time1487649464.58

DEBUG:root:Extracted signature:bitarray('11000111000000110000111000000010011111100000111111110000010111111100000111111110011101111001100111000011110010111001111101111011101101111001000011110110011000011110010000100111100100110011110010110001110100110011101011001110101000111100001111010111101111101111011101101100')
DEBUG:root:Matched frame over all scan:652

DEBUG:root:Errors over all scan:17

DEBUG:root:Result:replica detected
DEBUG:root:Match or Not:True
DEBUG:root:Real time1487649464.78

DEBUG:root:Extracted signature:bitarray('11001111000000010001111000000010111111100000111111111000010111111100000111111110011101111001100111000011110001111001111101111011101101111001000011110010011000011110010000110111100100110011110010110001110100110011101011001110101000111100001111010111101111101111011101101100')
DEBUG:root:Matched frame over all scan:652

DEBUG:root:Errors over all scan:10

DEBUG:root:Result:replica detected
DEBUG:root:Match or Not:True
DEBUG:root:Under real time Point counter:0.222098112106

DEBUG:root:Extracted signature:bitarray('11001110000000010001110000000010111111000000111111101100010111111110000111111100011101111001100111000001110001111001111101011011101101111001100001110010011000011110010000110011100100110001110010110001110100110011101011001110101000111100001111010111101011101111011101101100')
DEBUG:root:Matched frame over all scan:651

DEBUG:root:Errors over all scan:5

DEBUG:root:Result:replica detected
DEBUG:root:Match or Not:True
DEBUG:root:Real time1487649465.2

DEBUG:root:Extracted signature:bitarray('11001110000000010001111000000010111111000000111111111100010111111110000111111100011101111001100111000001110001111001111101011011101111111001100001110010011000011110010000110011100100110001110010110001110100110011101011001110101000111100001111010111101011101111011101101100')
DEBUG:root:Matched frame over all scan:652

DEBUG:root:Errors over all scan:5

DEBUG:root:Result:replica detected
DEBUG:root:Match or Not:True
DEBUG:root:Real time1487649465.4

DEBUG:root:Extracted signature:bitarray('11001110000000010001110000000010011111000000111111101100010011111110000111111111011111111101100111100001110000111001111101011011101101111001100001110010011000011110010000110111100100110001110010110001110000110011101011001110101000111100001101010110101110101111011101101100')
DEBUG:root:Matched frame over all scan:654

DEBUG:root:Errors over all scan:13

DEBUG:root:Result:replica detected
DEBUG:root:Match or Not:True
DEBUG:root:Real time1487649465.6

DEBUG:root:Extracted signature:bitarray('11001110000000010001110000000010111111000000111111101100010011111100010111111000011111001101110001100001111000111101111100011011101101111001100001110010011000011110010000110011100100110011110010110011100000111111001011111100101111000100010011010111101011101111011101101100')
DEBUG:root:Matched frame over all scan:655

DEBUG:root:Errors over all scan:16

DEBUG:root:Result:replica detected
DEBUG:root:Match or Not:True
DEBUG:root:Real time1487649465.8

DEBUG:root:Extracted signature:bitarray('11001110000000010001111000000010110111000000111011101100010011111100010111111100011101111101000111100001111000111101111100011011101101111001100001110010011000011110010000110111100100110011110010110001110000110011101011001110101000111100001111010111101011101111011101101100')
DEBUG:root:Matched frame over all scan:651

DEBUG:root:Errors over all scan:17

DEBUG:root:Result:replica detected
DEBUG:root:Match or Not:True
DEBUG:root:Real time1487649466.01

DEBUG:root:Extracted signature:bitarray('11001110000000010001110000000010111111000000111111101100010111101110010111111100011111111001100111100001111000111101111100011011101101011001000001110110011000011110010000110111100100110011110010110001110000110011101011001110101000111100001111010111101011101111011101101100')
DEBUG:root:Matched frame over all scan:652

DEBUG:root:Errors over all scan:16

DEBUG:root:Result:replica detected
DEBUG:root:Match or Not:True
DEBUG:root:Real time1487649466.21

DEBUG:root:Extracted signature:bitarray('11001110000000010001110000000010111111000000111111101100010111101100010111111100011111111001100111100001111000111001111100011011101111111001000001110110011000011110010000110111100100110011110010110001110000110011101011001110101001111100001111010011101011101111011101101100')
DEBUG:root:Matched frame over all scan:652

DEBUG:root:Errors over all scan:18

DEBUG:root:Result:replica detected
DEBUG:root:Match or Not:True
DEBUG:root:Real time1487649466.41

DEBUG:root:Extracted signature:bitarray('11001110000000010001110000000010011110000000111111100100010011100100010111011100011111111001100011100001111000111001111100011011101111111001100001110010011000011110010000110111100100110011110010110001110000110011101011001110101000111100001111010011101011101111011101101100')
DEBUG:root:Matched frame over all scan:657

DEBUG:root:Errors over all scan:20

DEBUG:root:Result:replica detected
DEBUG:root:Match or Not:True
DEBUG:root:Real time1487649466.61

DEBUG:root:Extracted signature:bitarray('11001110000000011001110000000010111110000000111111100100010111100110010111011100011101111001100011100001110000111001111100011011101101111001100001110110011000011110010000110011100100110001110010110001110000110011101011000110101000111100001111010011101011101111011101101100')
DEBUG:root:Matched frame over all scan:651

DEBUG:root:Errors over all scan:16

DEBUG:root:Result:replica detected
DEBUG:root:Match or Not:True
DEBUG:root:Real time1487649466.81

DEBUG:root:Extracted signature:bitarray('11001110000000010001110000000010111100100000111110111000010111111000010111111000001111101001110011100100110001111000111100011011101101011001000011110110010000011100110101100111000101110011100010110011110101100011101010001110101001111100001111010111101111101111011101101100')
DEBUG:root:Matched frame over all scan:662

DEBUG:root:Errors over all scan:19

DEBUG:root:Result:replica detected
DEBUG:root:Match or Not:True
DEBUG:root:Real time1487649467.01

DEBUG:root:Extracted signature:bitarray('11001110000000010001110000000010111110000000111110111000010111111100010111011000001111111001110011101000110000111001111100011011101101011001000001110110011000011110010100100111000101110011100010110011110101100011101010001110101001111100001111010111101011101111011101101100')
DEBUG:root:Matched frame over all scan:661

DEBUG:root:Errors over all scan:11

DEBUG:root:Result:replica detected
DEBUG:root:Match or Not:True
DEBUG:root:Real time1487649467.21

DEBUG:root:Extracted signature:bitarray('11001110000001011001110000000010111110000000111111100100010111100110011110011100011101111001100011100001110000111001111100011011101101111101100001110010011000011110010010110011100100110001110010110001110001110011101010001110100000111100001111010111101011101111011101101100')
DEBUG:root:Matched frame over all scan:664

DEBUG:root:Errors over all scan:21

DEBUG:root:Result:replica detected
DEBUG:root:Match or Not:True
DEBUG:root:Real time1487649467.41

DEBUG:root:Extracted signature:bitarray('11001110000000010001110000000010111110000000111111110000010111100100011111011000011001101001100011100000110001111001111100011011101101111001000011110110011000111110010110110111000100110011100010110001110101100011101010001110100001111100001111010111101011101111011101101100')
DEBUG:root:Matched frame over all scan:664

DEBUG:root:Errors over all scan:9

DEBUG:root:Result:replica detected
DEBUG:root:Match or Not:True
DEBUG:root:Real time1487649467.61

DEBUG:root:Extracted signature:bitarray('11000110000000010001110000000010111110000000111111110000010111110000011111011001011111101001110011001000110001111001111100011011101101111001000111110110011000111110010100110111000100111011100010110001100101100011001010001100101001110100001111010111101111101111011101101100')
DEBUG:root:Matched frame over all scan:665

DEBUG:root:Errors over all scan:20

DEBUG:root:Result:replica detected
DEBUG:root:Match or Not:True
DEBUG:root:Real time1487649467.81

DEBUG:root:Extracted signature:bitarray('11001110000000010001110000000010011110000000111111100000010111100100011111011000011001111001100011100001110000111101111100011011101101111001000001110110010000011110010000110011100100110001110010110001110001110011101010001110111000111110001111010111101011101111011101101100')
DEBUG:root:Matched frame over all scan:665

DEBUG:root:Errors over all scan:21

DEBUG:root:Result:replica detected
DEBUG:root:Match or Not:True
DEBUG:root:Real time1487649468.01

DEBUG:root:Extracted signature:bitarray('11001110000010010001110000000010011110000000111111110000011111100100011111011000011001111001100011100001110001111101111100011001101101011001000101110010010001011110010001110011100100110001110010110001110101100011101010001110101000111100001111010111101011101111011101101100')
DEBUG:root:Matched frame over all scan:667

DEBUG:root:Errors over all scan:12

DEBUG:root:Result:replica detected
DEBUG:root:Match or Not:True
DEBUG:root:Real time1487649468.21

DEBUG:root:Extracted signature:bitarray('11001110000110010001111000000010111110000000111111100100011111100100011110011000011001111000100011000001110001111101111100011001101101011001100101110110001001011110110011110011100100110001110110110001110101100011101010001110101000111110001111010111101011101111011101101100')
DEBUG:root:Matched frame over all scan:668

DEBUG:root:Errors over all scan:27

DEBUG:root:Result:replica detected
DEBUG:root:Match or Not:True
DEBUG:root:Real time1487649468.42

DEBUG:root:Extracted signature:bitarray('11001111000001011011111000011001110111000100011111100000001111100100011110011000111001111010000111000001110001111101111100011001101101011101100001110110011000011110100000110011101000110001110100110001110001100011100110001110111000111110001111010111101011101111011101101100')
DEBUG:root:Matched frame over all scan:671

DEBUG:root:Errors over all scan:18

DEBUG:root:Result:replica detected
DEBUG:root:Match or Not:True
DEBUG:root:Real time1487649468.62

DEBUG:root:Extracted signature:bitarray('11001111000001011011011000011011110111000110011111100000001111100100011110011000111001000010100011010001110001111101111100011001101101011101000011110010011000011110100100110011101000110001110100110001110101100011100110001110011000111110001111010011101011101111011101101100')
DEBUG:root:Matched frame over all scan:669

DEBUG:root:Errors over all scan:17

DEBUG:root:Result:replica detected
DEBUG:root:Match or Not:True
DEBUG:root:Real time1487649468.82

DEBUG:root:Extracted signature:bitarray('11001110000011011011001100011101110011001100011111100100001111100100011110011000111001111010000111000001110001111101111100011001101101011101000001110110011000011110100100110011101000110001110100110001110001100011100110001110111000111110001111010011101011101111011101101100')
DEBUG:root:Matched frame over all scan:674

DEBUG:root:Errors over all scan:18

DEBUG:root:Result:replica detected
DEBUG:root:Match or Not:True
DEBUG:root:Real time1487649469.02

DEBUG:root:Extracted signature:bitarray('11000111000011011011011000011101110011000000011101100000011111101100011110011000101001111000000111000001110001111101111100011001101101011001000001110100011000011110100100100011101000110001110110110001110001100011101110001110111000111100001111010011101011101111011101101100')
DEBUG:root:Matched frame over all scan:674

DEBUG:root:Errors over all scan:12

DEBUG:root:Result:replica detected
DEBUG:root:Match or Not:True
DEBUG:root:Real time1487649469.22

DEBUG:root:Extracted signature:bitarray('11000111000011011011011000011101110011000000011101100000011111111100011110111010111001111000000111000001110001111101111100011001101101011001000001110100011000011110100100100011101000110001110100110001110101100011101110001110111000111100001111010011101011101111011101101100')
DEBUG:root:Matched frame over all scan:674

DEBUG:root:Errors over all scan:14

DEBUG:root:Result:replica detected
DEBUG:root:Match or Not:True
DEBUG:root:Real time1487649469.42

DEBUG:root:Extracted signature:bitarray('11000111000011011011011100011001110011000000011011100000011111100000011110011110011001111000000111000001110001111100111100011001101101011001000001110100011000011110100100110011101000110001100110110001110001100011101110001110111000111100001111010011101011101111011101101100')
DEBUG:root:Matched frame over all scan:674

DEBUG:root:Errors over all scan:15

DEBUG:root:Result:replica detected
DEBUG:root:Match or Not:True
DEBUG:root:Real time1487649469.62

DEBUG:root:Extracted signature:bitarray('11001110000010011011100000000011110011000000111111100000011111100110011110011110011001111100100111100001110000111100111100011011101101011101000001110110011000011110110000110011100100111001110010110001110001100011101010000110101000111100000111010011101011101111011101101100')
DEBUG:root:Matched frame over all scan:675

DEBUG:root:Errors over all scan:30

DEBUG:root:Result:replica detected
DEBUG:root:Match or Not:True
DEBUG:root:Under real time Point counter:0.215580940247

DEBUG:root:Extracted signature:bitarray('11001100000100011011100000000011110111000000111111100100011111100110001110011110011001111100100111100001110000111001111100011011101101011101000001110010011000011110010000110011100100111001110010110001110001100011101010000110101000111100000111010011101011101111011101101100')
DEBUG:root:Matched frame over all scan:676

DEBUG:root:Errors over all scan:29

DEBUG:root:Result:replica detected
DEBUG:root:Match or Not:True
DEBUG:root:Real time1487649470.04

DEBUG:root:Extracted signature:bitarray('11000000111100010000000111000010011000110000111110011000011110011000011100001000101001111010000111100000111000011000011100111011101101011001000001110110010000011110110000110011100100110001100010110001110011100011100110001110110000111110001111000011100011100111011101101100')
DEBUG:root:Matched frame over all scan:677

DEBUG:root:Errors over all scan:8

DEBUG:root:Result:replica detected
DEBUG:root:Match or Not:True
DEBUG:root:Real time1487649470.24

DEBUG:root:Extracted signature:bitarray('11000000111100010000000100100010110000001000111100000111011100000111011100001110110000111110000011100000111000111100111101111011101111011001000011110010011000011110010000110011100100110001110010110001110100100011101110000110110000111110001111000111100011100111011101101100')
DEBUG:root:Matched frame over all scan:678

DEBUG:root:Errors over all scan:23

DEBUG:root:Result:replica detected
DEBUG:root:Match or Not:True
DEBUG:root:Real time1487649470.44

DEBUG:root:Extracted signature:bitarray('11000001000000010000000000100010000100001100100010001110011110001110011100011100110000110010000000011000111100011101011100111010011010111001000101110010010000011110010000110011100100110001110010110001110010100011100100001110010001111010011110100111110011100011101110011100')
DEBUG:root:Matched frame over all scan:679

DEBUG:root:Errors over all scan:53

DEBUG:root:Result:replica detected
DEBUG:root:Match or Not:True
DEBUG:root:Real time1487649470.64

DEBUG:root:Extracted signature:bitarray('11001111000110010011111100100011011111111000110111111100011111111110001111111100011111110001111111001001111000111101110011001101101101011001000111110110010001011110110000110011100100110001110010110001110011100011101110001110111000111100001111010010101011101111011101101100')
DEBUG:root:Matched frame over all scan:652

DEBUG:root:Errors over all scan:43

DEBUG:root:Result:replica detected
DEBUG:root:Match or Not:True
DEBUG:root:Real time1487649470.84

DEBUG:root:Extracted signature:bitarray('11011001011100011111011011100011011110011100011110001110001110001110001100011100011000111011000111110000111000010010001100011011101101011001000111110110010000011110100001110011001000110001100100110001110101100011101110001110111000111100001111010011001011001110011001101100')
DEBUG:root:Matched frame over all scan:682

DEBUG:root:Errors over all scan:20

DEBUG:root:Result:replica detected
DEBUG:root:Match or Not:True
DEBUG:root:Real time1487649471.04

DEBUG:root:Extracted signature:bitarray('11001100001100011001001011110011011100111100011110001111000110001111001100011110010000111101000111101001111000111001001100011011101100011001000000110010011000001110010000110011100000110001110100110001110101110011101010000110101000111110001110010011001011001110011001100100')
DEBUG:root:Matched frame over all scan:682

DEBUG:root:Errors over all scan:32

DEBUG:root:Result:replica detected
DEBUG:root:Match or Not:True
DEBUG:root:Real time1487649471.24

DEBUG:root:Extracted signature:bitarray('11001001001110011010001111110001110100111100011100011111001000001111000100011100010001110011000110010000110100111001111101111011101100011001000001110110011000001110100000110011101000110001110100110001110101100011101110001110011000111010001110110111001011001110011001100100')
DEBUG:root:Matched frame over all scan:683

DEBUG:root:Errors over all scan:13

DEBUG:root:Result:replica detected
DEBUG:root:Match or Not:True
DEBUG:root:Real time1487649471.44

DEBUG:root:Extracted signature:bitarray('11000001011100011010001111100011100110111000110100011110000100011110001100011100110001110010000110010000110100111001111101111011101101011001000001110110010000011110110001110011001100110001100110110001110101100011100110001110011000111010001110110111001011001110011101101100')
DEBUG:root:Matched frame over all scan:684

DEBUG:root:Errors over all scan:21

DEBUG:root:Result:replica detected
DEBUG:root:Match or Not:True
DEBUG:root:Real time1487649471.64

DEBUG:root:Extracted signature:bitarray('11001000001111011010010001111101011100011111011110001111101110001110001100011100110001110010000110010001110000111001111101111011101101011001000001110100010000011110100001110011101000110001100100110001110001100011100110001110011000111010001110110011001011001110011101101100')
DEBUG:root:Matched frame over all scan:686

DEBUG:root:Errors over all scan:11

DEBUG:root:Result:replica detected
DEBUG:root:Match or Not:True
DEBUG:root:Real time1487649471.84

DEBUG:root:Extracted signature:bitarray('11111000001111010111000001111101111100011111011110001111101110001110001100011100110001110010000110010001110000111001111101111011101101011001000001110100011000011110100000110011101000110001110100110001110001100011100110001110011000111010001110110011001011001110011101101100')
DEBUG:root:Matched frame over all scan:686

DEBUG:root:Errors over all scan:5

DEBUG:root:Result:replica detected
DEBUG:root:Match or Not:True
DEBUG:root:Real time1487649472.04

DEBUG:root:Extracted signature:bitarray('11111000001111010111000001111101111100011111011110001111001110001110001100011100110001110010000110010001110000111001111101111011101101011001000001110100011000011110100000110011101000110001110100110001110001100011100110001110011000111010001110110011001011001110011101101100')
DEBUG:root:Matched frame over all scan:686

DEBUG:root:Errors over all scan:6

DEBUG:root:Result:replica detected
DEBUG:root:Match or Not:True
DEBUG:root:Real time1487649472.24

DEBUG:root:Extracted signature:bitarray('11111000001111011111000001111101111100011111011110001111101110001111001100011100110001110010000111010001110000111001111101111011101100011001000101110100011000011110100000110011101000110001110100110001110001100011100110001110011000111010001110110011001011001110011101101100')
DEBUG:root:Matched frame over all scan:687

DEBUG:root:Errors over all scan:4

DEBUG:root:Result:replica detected
DEBUG:root:Match or Not:True
DEBUG:root:Real time1487649472.44

DEBUG:root:Extracted signature:bitarray('11111000001111011011000001111101111100011111011110001111101110001111001100011100110001110010000111010001110000111101011101111011101101011001000001110100011000011110100000110011101000110001110100110001110001100011100110000110011000111010001110110011001011001110011101101100')
DEBUG:root:Matched frame over all scan:686

DEBUG:root:Errors over all scan:6

DEBUG:root:Result:replica detected
DEBUG:root:Match or Not:True
DEBUG:root:Real time1487649472.64

DEBUG:root:Extracted signature:bitarray('11001100011111010011000011111101011110111111011110011111001110001111001100011100110001110010000111010001110000111001111101111011101101011001000001110100011000011110100000110011101000110001110100110001110001100011100110000110011000111010000110110011001011001110011001010100')
DEBUG:root:Matched frame over all scan:690

DEBUG:root:Errors over all scan:5

DEBUG:root:Result:replica detected
DEBUG:root:Match or Not:True
DEBUG:root:Real time1487649472.84

DEBUG:root:Extracted signature:bitarray('11001100001111010001011011111101011110011111011110001111001110001110001100011100110001110010000111010001110000111001111101111011101100011001000001110100011000011110100000110011101000110001110100110001110011100011100110000110011000111010001110010011001011001110011001000100')
DEBUG:root:Matched frame over all scan:696

DEBUG:root:Errors over all scan:7

DEBUG:root:Result:replica detected
DEBUG:root:Match or Not:True
DEBUG:root:Real time1487649473.04

DEBUG:root:Extracted signature:bitarray('11001100001111010011010011111101011110011111011110011111001110001110001100011100110001110010000111010001110000111001111101111011101101011001000001110100011000011110100000110011101000110001110100110001110011100011100110000110011000111010001110010011001011001110011001000100')
DEBUG:root:Matched frame over all scan:693

DEBUG:root:Errors over all scan:8

DEBUG:root:Result:replica detected
DEBUG:root:Match or Not:True
DEBUG:root:Real time1487649473.25

DEBUG:root:Extracted signature:bitarray('11001100001111010011000011111100111110011111011110011111001110001110001100011100110001110010000111010001110000111001111101111011101101011001000001110100011000011110100000110011101000110001110100110001110001100011100110001110011000111010001110110011001011001110011001000100')
DEBUG:root:Matched frame over all scan:695

DEBUG:root:Errors over all scan:8

DEBUG:root:Result:replica detected
DEBUG:root:Match or Not:True
DEBUG:root:Real time1487649473.45

DEBUG:root:Extracted signature:bitarray('11001100001111010011101011111001011110011111011110001111001110001110001100011100110001110010000111010001110000111001111101111011101100011001000001110100011000011110100000110011101000110001110100110001110011100011100110001110011000111010001110010011001011001110011001000100')
DEBUG:root:Matched frame over all scan:696

DEBUG:root:Errors over all scan:8

DEBUG:root:Result:replica detected
DEBUG:root:Match or Not:True
DEBUG:root:Real time1487649473.65

DEBUG:root:Extracted signature:bitarray('11001100001111010011100011111101011110011111011110001111101110001111001100011100110001110010000111010001110000111001111101111011101100011001000001110100011000011110100000110011101000110001110100110001110001100011100110000110011000111010001110110011001011001110011001000100')
DEBUG:root:Matched frame over all scan:694

DEBUG:root:Errors over all scan:5

DEBUG:root:Result:replica detected
DEBUG:root:Match or Not:True
DEBUG:root:Real time1487649473.85

DEBUG:root:Extracted signature:bitarray('11001100001111010011100001111101011110011111011110011111101110001111001100011100110001110010000111010001110000111001111101111011101100011001000001111100011000011110100000110011101000110001110100110001110001110011100110000110011000111010001110110011001011001110011001000100')
DEBUG:root:Matched frame over all scan:695

DEBUG:root:Errors over all scan:6

DEBUG:root:Result:replica detected
DEBUG:root:Match or Not:True
DEBUG:root:Real time1487649474.05

DEBUG:root:Extracted signature:bitarray('11001100001111010001100001111100111110011111011110011111101110001111001100011100110000110010000111010001110000111001111101111011101100011001000001111100011000001110100000110011101000110001110100110001110001100011100110000110011000111010001110110011001011001110011001000100')
DEBUG:root:Matched frame over all scan:695

DEBUG:root:Errors over all scan:8

DEBUG:root:Result:replica detected
DEBUG:root:Match or Not:True
DEBUG:root:Real time1487649474.25

DEBUG:root:Extracted signature:bitarray('11000000100000011000001100001010000011000000100000000000010000000001011000000010100000001110000001110000011100001100011001111001100101011100000110000111000001100000111000011000001110011000001110110000001111000000011100000011110000011100000111000011100011100111001100101100')
DEBUG:root:Matched frame over all scan:698

DEBUG:root:Errors over all scan:12

DEBUG:root:Result:replica detected
DEBUG:root:Match or Not:True
DEBUG:root:Real time1487649474.45

DEBUG:root:Extracted signature:bitarray('11000000010000011000000110000010000011000000100000000000010000000000111000000010100000001010000001110000011100001010011001111011101101011100000110000111000001110000111000011000001110001000001110110000001111000000011100000001110000001100000111000011100011100111001100101100')
DEBUG:root:Matched frame over all scan:699

DEBUG:root:Errors over all scan:12

DEBUG:root:Result:replica detected
DEBUG:root:Match or Not:True
DEBUG:root:Real time1487649474.65

DEBUG:root:Extracted signature:bitarray('11000000110001011000000110000010000011000000100000100000010000000000111000000001100000001110000001110000011100001010111000111001100101011100000110000111000001110000111000011000001110001100001110010000001111000000011100000001110000001100000011000011100011100111001100101100')
DEBUG:root:Matched frame over all scan:699

DEBUG:root:Errors over all scan:9

DEBUG:root:Result:replica detected
DEBUG:root:Match or Not:True
DEBUG:root:Under real time Point counter:0.220293045044

DEBUG:root:Extracted signature:bitarray('11000000000000011000000100000010000011000000100000000000010000000001010000000010100000001110000001110000011100011100111000111011100101011100000110000111000001110000111000011000001110001100001110100000001111000000011100000011110000011100000111000011100011100111001100101100')
DEBUG:root:Matched frame over all scan:698

DEBUG:root:Errors over all scan:8

DEBUG:root:Result:replica detected
DEBUG:root:Match or Not:True
DEBUG:root:Real time1487649475.07

DEBUG:root:Extracted signature:bitarray('11000000010001011000000110000010000011000000100001000000010000000001011000000010100000001110000001110000111010011100011101111011100101011100000110000111000001110000111000011000001110001100001110110000001111000000011100000001110000011100000111000011100011100111001100101100')
DEBUG:root:Matched frame over all scan:701

DEBUG:root:Errors over all scan:9

DEBUG:root:Result:replica detected
DEBUG:root:Match or Not:True
DEBUG:root:Real time1487649475.27

DEBUG:root:Extracted signature:bitarray('11000000000001011000000110000010000011000000100000000000010000000001110000000010100000001110000011111000111100011110011101111011101101011100000110000111000001110000111000011000001110001100001110110000001111000000011100000011110000011100000011000011100011100111001100101100')
DEBUG:root:Matched frame over all scan:703

DEBUG:root:Errors over all scan:12

DEBUG:root:Result:replica detected
DEBUG:root:Match or Not:True
DEBUG:root:Real time1487649475.47

DEBUG:root:Extracted signature:bitarray('11000000010001011000000110000010000011000000100000100000010000000000111000000010100000001110000001111000011100001110001110011001100101011100000110000111000001110000111000011000001110001100001110110000001111000000011100000001110000001110000011100001110011110111001100101100')
DEBUG:root:Matched frame over all scan:704

DEBUG:root:Errors over all scan:8

DEBUG:root:Result:replica detected
DEBUG:root:Match or Not:True
DEBUG:root:Real time1487649475.67

DEBUG:root:Extracted signature:bitarray('11000000000001011000000110000010000011000000100000000000110000000001111000000011100000001110100001111100001100000010000010011001101101011100000110000111000001110000111000011000001110001100001110110000001111000000011100000001110000001110000011100011110011110111001100101100')
DEBUG:root:Matched frame over all scan:707

DEBUG:root:Errors over all scan:8

DEBUG:root:Result:replica detected
DEBUG:root:Match or Not:True
DEBUG:root:Real time1487649475.87

DEBUG:root:Extracted signature:bitarray('11100000010001011000000110000010000011000000100000000000110000000001111000000011100000001110110000111100000100000010000010011001101101011100000110000111000001110000111000011000001110001000001110110000001111000000011100000001110000001110000011100011110011110111001100101100')
DEBUG:root:Matched frame over all scan:706

DEBUG:root:Errors over all scan:8

DEBUG:root:Result:replica detected
DEBUG:root:Match or Not:True
DEBUG:root:Real time1487649476.07

DEBUG:root:Extracted signature:bitarray('11000000000001011000000110000010000011000000100000000000110000000001111000000010100000001110100000111100000100000010000010011001100101011100000110000111000001110000111000011000001110001100001110110000001111000000011100000001110000001110000111100011110011110111001100101100')
DEBUG:root:Matched frame over all scan:707

DEBUG:root:Errors over all scan:5

DEBUG:root:Result:replica detected
DEBUG:root:Match or Not:True
DEBUG:root:Real time1487649476.28

DEBUG:root:Extracted signature:bitarray('11000000000001011000000100001010000011000000100000000000110000000001111000000011100000001110100000111100000100000010000010011001100101011100000110000111000001110000111000011000001110001000001110110000001111000000011100000001110000011110000011100011110011110111001100101100')
DEBUG:root:Matched frame over all scan:707

DEBUG:root:Errors over all scan:5

DEBUG:root:Result:replica detected
DEBUG:root:Match or Not:True
DEBUG:root:Real time1487649476.48

DEBUG:root:Extracted signature:bitarray('11100000110001011000000110000010000011000000100000000000110000000000111000000011100000001110100000111100000100000010000010011001100101011100000110000111000001110000111000011000001110001000001110110000001111000000011100000001110000001110000111100011110011110111001100101100')
DEBUG:root:Matched frame over all scan:707

DEBUG:root:Errors over all scan:5

DEBUG:root:Result:replica detected
DEBUG:root:Match or Not:True
DEBUG:root:Real time1487649476.68

DEBUG:root:Extracted signature:bitarray('11000000000001011000000100000010000011000000100000000000110000000001111000000011100000001110100001111100001100000010000010011001100101011100000110000111000001110000111000011000001110001100001110110000001111000000011100000011110000001110000111100011110011110111001100101100')
DEBUG:root:Matched frame over all scan:707

DEBUG:root:Errors over all scan:4

DEBUG:root:Result:replica detected
DEBUG:root:Match or Not:True
DEBUG:root:Real time1487649476.88

DEBUG:root:Extracted signature:bitarray('11001111111011000001111111111101011111111000001111111100001111111000001111001110011100111001111011100110111011111100001100011001011010011001111111111001111111100000001111111000000011111100000001111100000001111000010011100010011100000011000001000001100011100111000001011100')
DEBUG:root:Matched frame over all scan:711

DEBUG:root:Errors over all scan:26

DEBUG:root:Result:replica detected
DEBUG:root:Match or Not:True
DEBUG:root:Real time1487649477.08

DEBUG:root:Extracted signature:bitarray('11001111111111000001111111111000011111111100001111111110001111101110001111001110011101111001111011100110111011111100001100011001011010011001111000111001111111000111001011110011110011111111111001111111111001111101010011100000011110000010000011100011100011100001000101011100')
DEBUG:root:Matched frame over all scan:712

DEBUG:root:Errors over all scan:13

DEBUG:root:Result:replica detected
DEBUG:root:Match or Not:True
DEBUG:root:Real time1487649477.28

DEBUG:root:Extracted signature:bitarray('11001111111111000001111111111000011111111100011111111110001111111110001111001110011101101001111001100110111001111100001100011000010010011101111000111001111111000111001111111011110011111111110001111111101001111110110011110000001110000010000011100011100011100001000101011100')
DEBUG:root:Matched frame over all scan:716

DEBUG:root:Errors over all scan:12

DEBUG:root:Result:replica detected
DEBUG:root:Match or Not:True
DEBUG:root:Real time1487649477.48

DEBUG:root:Extracted signature:bitarray('11001111111111000001111111111000011111111100001111111110001111110110001111001110011101101001111011100110111001111100001100011000011010011001111000111001111111000111001011110011110011111111110001111111111001111101110011110000011110000010000011100011100011100001000101010100')
DEBUG:root:Matched frame over all scan:713

DEBUG:root:Errors over all scan:12

DEBUG:root:Result:replica detected
DEBUG:root:Match or Not:True
DEBUG:root:Real time1487649477.68

DEBUG:root:Extracted signature:bitarray('11001111111111000001111111111000011111111100001111111110001111111110001111001110011101101001111001100110111001011100001100011000011010011101111000111001111111100111001111111011110011111111111001111111111001111110010011110000001110000010000011000001100011100001000101011100')
DEBUG:root:Matched frame over all scan:714

DEBUG:root:Errors over all scan:8

DEBUG:root:Result:replica detected
DEBUG:root:Match or Not:True
DEBUG:root:Real time1487649477.88

DEBUG:root:Extracted signature:bitarray('11001111111111000001111111111000011111111100011111111110001111111110001111001110011101101101111001100110111001111100011100011000010010011101111000111001111111000111001111111011110011111111110001111111101001111110110011110000001110000010000011100011100011100011000111011100')
DEBUG:root:Matched frame over all scan:716

DEBUG:root:Errors over all scan:12

DEBUG:root:Result:replica detected
DEBUG:root:Match or Not:True
DEBUG:root:Real time1487649478.08

DEBUG:root:Extracted signature:bitarray('11001111111111000001111111111000011111111100001111111110001111111110001111001110011101101001111011100110111011111100001100001000010011111001111000111001111111000111001111110011110011111111111001111111111001111101010011100000011110000010000011100001100001100001000010010100')
DEBUG:root:Matched frame over all scan:718

DEBUG:root:Errors over all scan:18

DEBUG:root:Result:replica detected
DEBUG:root:Match or Not:True
DEBUG:root:Real time1487649478.28

DEBUG:root:Extracted signature:bitarray('11001111111111000001111111111000011111111100001111111110001111110111001111001110011100111101100011100110111001111100001100001000011010111001111000111001111111000111001011110011110011111111110001111111101001111010110011100000011110000010000011100001100001100011000011011100')
DEBUG:root:Matched frame over all scan:718

DEBUG:root:Errors over all scan:12

DEBUG:root:Result:replica detected
DEBUG:root:Match or Not:True
DEBUG:root:Real time1487649478.48

DEBUG:root:Extracted signature:bitarray('11001111111111000001111111111000011111111100001111111110001111110110001111001110011100101001111001000110110010011100011100001000010010011001111000111001111111000111001011110011110011111111111001111111111001111110010011110000011110000010000001100010100000100001000011010100')
DEBUG:root:Matched frame over all scan:714

DEBUG:root:Errors over all scan:21

DEBUG:root:Result:replica detected
DEBUG:root:Match or Not:True
DEBUG:root:Real time1487649478.68

DEBUG:root:Extracted signature:bitarray('11001111111111000001111111111000011111111100001111111110001111111110001111001100011100101101111001100110011000011100001100001000100011111101111000111001111111001111001011110011110011111111111001111111110001111111000011110000101100000110000011100011100001100001000100110100')
DEBUG:root:Matched frame over all scan:720

DEBUG:root:Errors over all scan:17

DEBUG:root:Result:replica detected
DEBUG:root:Match or Not:True
DEBUG:root:Real time1487649478.88

DEBUG:root:Extracted signature:bitarray('11001111111011000001111111111000011111111100001111111110001111110111001111001110011100001101110011100101111001111101111100001000101111111001111000111001111111000111001011110011110011111111111001111111111001111110110011100000011110000010000001100000100011100111001001011100')
DEBUG:root:Matched frame over all scan:721

DEBUG:root:Errors over all scan:20

DEBUG:root:Result:replica detected
DEBUG:root:Match or Not:True
DEBUG:root:Real time1487649479.09

DEBUG:root:Extracted signature:bitarray('11001111111111000001111111111000011111111100001111111110001111110110001111001110011100111101110011100110111011111100011100001000011011111001111000111001111111000111001011110011110011111111110001111111101001111110110011110000011110000010000011100011100011100001000011011100')
DEBUG:root:Matched frame over all scan:719

DEBUG:root:Errors over all scan:15

DEBUG:root:Result:replica detected
DEBUG:root:Match or Not:True
DEBUG:root:Real time1487649479.29

DEBUG:root:Extracted signature:bitarray('11001111111111000001111111111000011111111100001111111110001111111110001111001110011100111101101011100110111001111100000100001000010010111101111000111001111111000111001011110011110011111101110001111111111001111111010011110000001110000010000011000001100000100101000011010100')
DEBUG:root:Matched frame over all scan:723

DEBUG:root:Errors over all scan:9

DEBUG:root:Result:replica detected
DEBUG:root:Match or Not:True
