DEBUG:root:Under real time Point counter:1.8835067749e-05

DEBUG:root:Extracted signature:bitarray('11100111001110011111110001110011110010001110110001000111110001000011110000110111000001111100000111100001111000011100011100111011100000001111111111000010111111000000000111110000010111100000000011000000000011000000011010000011101000011000001110010111101111101111011101101000')
DEBUG:root:Matched frame over all scan:1354

DEBUG:root:Errors over all scan:83

DEBUG:root:Result:tau1_fail
DEBUG:root:Match or Not:False
DEBUG:root:Under real time Point counter:0.230051994324

DEBUG:root:Extracted signature:bitarray('11100111111100010001111111110001111100111110011111000111100001100111100000110100100000001110001001100001111000111100011101111000010000001111111110000000111111100000001111111000010011110000001001100000001101000000001010000001101000001101001111010111100111101111010000001000')
DEBUG:root:Matched frame over all scan:741

DEBUG:root:Errors over all scan:90

DEBUG:root:Result:tau2_fail
DEBUG:root:Match or Not:False
DEBUG:root:Real time1487956298.58

DEBUG:root:Extracted signature:bitarray('11010011111110000011111100110101111111011101011111111110001111111000011111110000110000000010000001010110011001101101111001110011000000110011111111000000011111110000000111111100000011111100000001111000000001000000000010000001101000001101000011010011101111101111011001000000')
DEBUG:root:Matched frame over all scan:605

DEBUG:root:Errors over all scan:85

DEBUG:root:Result:tau3_fail
DEBUG:root:Match or Not:False
DEBUG:root:Under real time Point counter:0.203867912292

DEBUG:root:Extracted signature:bitarray('11001100111110001001111111111100111111110011011111111001101111000000101100000100111100010010100010010000111100011100011100111011101000011001001110111000001101110011000111111100010001111110000001111110000001110000000010000000101000001101000111010011101011101111011001000000')
DEBUG:root:Matched frame over all scan:919

DEBUG:root:Errors over all scan:88

DEBUG:root:Result:tau3_fail
DEBUG:root:Match or Not:False
DEBUG:root:Under real time Point counter:0.24103808403

DEBUG:root:Extracted signature:bitarray('11110001111111101011001111100000110011110100011101110011001111100001101110000011110000001110000000010000100100010010001010011001101100011000001111111001000001111111000110011111110010011110011000111110001001111000001011100000101000000101000001010001101011101111011001000000')
DEBUG:root:Matched frame over all scan:2397

DEBUG:root:Errors over all scan:87

DEBUG:root:Result:tau2_fail
DEBUG:root:Match or Not:False
DEBUG:root:Real time1487956299.22

DEBUG:root:Extracted signature:bitarray('11110001111101101110100111110001111001111100011100111011001100011111101100111111011000001111000000111100000100000010000010011001101111111100000111111001100000111111000010001111110001001111111000111111111001111110110011110000001110000011000000010000101000101011011101101000')
DEBUG:root:Matched frame over all scan:316

DEBUG:root:Errors over all scan:73

DEBUG:root:Result:tau2_fail
DEBUG:root:Match or Not:False
DEBUG:root:Real time1487956299.42

DEBUG:root:Extracted signature:bitarray('11111000011110001111100011111100011000111111011101111111101101111111001111111110011111001001111000001111001001100101110001100110010011111110000111111101101000111111100011001111111001100111111001000111111001111111110011111110001111000001100000010000101000101001010100101000')
DEBUG:root:Matched frame over all scan:2764

DEBUG:root:Errors over all scan:64

DEBUG:root:Result:tau3_fail
DEBUG:root:Match or Not:False
DEBUG:root:Real time1487956299.62

DEBUG:root:Extracted signature:bitarray('11111001111110001111000111111101110001111111011100111110001100111110000110111100011111111001111111101011011001110101110011100110010011110111000011111101111000111111101011001111111001100111111001100111111000110111110011111111001111100001110001010000101000101001010100101000')
DEBUG:root:Matched frame over all scan:1638

DEBUG:root:Errors over all scan:66

DEBUG:root:Result:tau3_fail
DEBUG:root:Match or Not:False
DEBUG:root:Under real time Point counter:0.218379974365

DEBUG:root:Extracted signature:bitarray('11111001011100011011000011111100011000111111011111011111101111111111101111110111000111001100111001101111001011111101101101001110010011111110000111101101011000111111100010001111111011000111111101001111111001001111110010111110001111110001111000010000101000101001110101101000')
DEBUG:root:Matched frame over all scan:2764

DEBUG:root:Errors over all scan:72

DEBUG:root:Result:tau3_fail
DEBUG:root:Match or Not:False
DEBUG:root:Under real time Point counter:0.202908039093

DEBUG:root:Extracted signature:bitarray('11111111100100011111111000111001110110001111010011000111100010000111110000001111000010111100111110101111100011100001100000111011111011011110000111110001111000111111001110001111110010000111111000011111110000111111110010111111001111111001101110010111000111000110011010010000')
DEBUG:root:Matched frame over all scan:2522

DEBUG:root:Errors over all scan:73

DEBUG:root:Result:tau2_fail
DEBUG:root:Match or Not:False
DEBUG:root:Under real time Point counter:0.206138134003

DEBUG:root:Extracted signature:bitarray('11110111000111001110111000111101101110001111010011000111101010000111110000001111000011111100011110000111100011100101100000100011000000111110110111111000110000111111000100011111110000011111110000011111110100111111101001001111000101111000001110000111000111000110111011001000')
DEBUG:root:Matched frame over all scan:2794

DEBUG:root:Errors over all scan:79

DEBUG:root:Result:tau3_fail
DEBUG:root:Match or Not:False
DEBUG:root:Under real time Point counter:0.200706958771

DEBUG:root:Extracted signature:bitarray('11111111000111001111111000111101111110001111011111000111101001000111110000001111000001111101011111101111100011110001100001100011000001110110100111110000110000111111001100011111110000011111110000011111110100111011101001001111100101111000011110001111000111001110111011001000')
DEBUG:root:Matched frame over all scan:2567

DEBUG:root:Errors over all scan:76

DEBUG:root:Result:tau3_fail
DEBUG:root:Match or Not:False
DEBUG:root:Real time1487956300.65

DEBUG:root:Extracted signature:bitarray('11100111001111001111111001111101111110001111011011000111101001000111110000001111000001111101011111101111111011111101100101001000011010011110110111110101111000111111001100011111110000011111110000011111110000111111101001001111100101111000011110000111000111000110110011001000')
DEBUG:root:Matched frame over all scan:2567

DEBUG:root:Errors over all scan:69

DEBUG:root:Result:tau3_fail
DEBUG:root:Match or Not:False
DEBUG:root:Real time1487956300.85

DEBUG:root:Extracted signature:bitarray('11101111000110001111111000111101111110001111011010000111101000001111110000111111000011111100011111100111111011110001100011000100011010010110110111110000111000111111000100101111110000010111110000011111110000111111101001111110100111111000111110001111010111011110110011001000')
DEBUG:root:Matched frame over all scan:57

DEBUG:root:Errors over all scan:71

DEBUG:root:Result:tau3_fail
DEBUG:root:Match or Not:False
DEBUG:root:Real time1487956301.05

DEBUG:root:Extracted signature:bitarray('11111111001111001111111000111101111111001111011110000111101100000111101000001111000001111100001111101001110010110010000010000100010010010110110111110101111000111111001100011011110010010111110000011111110100111111101001101110000101111000011110000111010011011100010011011000')
DEBUG:root:Matched frame over all scan:2567

DEBUG:root:Errors over all scan:79

DEBUG:root:Result:tau3_fail
DEBUG:root:Match or Not:False
DEBUG:root:Real time1487956301.25

DEBUG:root:Extracted signature:bitarray('11111111101110001111111000111001111111001111011000101111101000011111110000111111000011111100011111101111100011000010011000111011101101010110110111110100111000111111001100001011110010010111110000011111110000011111100001111111000111111001111110011111000111001110011001101000')
DEBUG:root:Matched frame over all scan:2745

DEBUG:root:Errors over all scan:68

DEBUG:root:Result:replica detected
DEBUG:root:Match or Not:True
DEBUG:root:Real time1487956301.45

DEBUG:root:Extracted signature:bitarray('11111111100110001111111100111101111111001111011000101111101000111111100001111111000111111101111111101001111000011100111101111011101101010110110111110101111000111111001100011011110010000101110000001111110000111111100001111111000111111000111110001111001101101011011101101000')
DEBUG:root:Matched frame over all scan:2759

DEBUG:root:Errors over all scan:60

DEBUG:root:Result:tau3_fail
DEBUG:root:Match or Not:False
DEBUG:root:Real time1487956301.66

DEBUG:root:Extracted signature:bitarray('11111111101111001111111100111101111011001111011001101111101000111111100001111111001111111101101111101001111000011101011100111011101010010110110111110101111000111111001100011011110010000111110000011111110000111111100001111111000111111000111001011100101101101110011001001000')
DEBUG:root:Matched frame over all scan:2507

DEBUG:root:Errors over all scan:61

DEBUG:root:Result:tau3_fail
DEBUG:root:Match or Not:False
DEBUG:root:Real time1487956301.86

DEBUG:root:Extracted signature:bitarray('11111111100110001111111100111101111111011111010011101111101001101111100111001111011111111101111110001111100011111101111101111011111110010110110111110001111000111111001100001011110010000111110000011111110000111111110001111111000111110001111001011101101111001110010011011000')
DEBUG:root:Matched frame over all scan:2745

DEBUG:root:Errors over all scan:53

DEBUG:root:Result:tau3_fail
DEBUG:root:Match or Not:False
DEBUG:root:Real time1487956302.06

DEBUG:root:Extracted signature:bitarray('10000110110101110000111100001111001110001111100011000111010011100111100011001111000000111100011111100111111011111101000010000100010000010011100110001101001110100001100001110001111100011100001110001110011010011101110100111111000111111000111100011110011100011000110010010000')
DEBUG:root:Matched frame over all scan:1585

DEBUG:root:Errors over all scan:74

DEBUG:root:Result:tau3_fail
DEBUG:root:Match or Not:False
DEBUG:root:Real time1487956302.26

DEBUG:root:Extracted signature:bitarray('10010110110111110000111100111111001110001111100011000111100011000111100011001111000000111100011111101111111011001101000010000100010000010011000111001101001100100011100001100001101100011000011100011110011110011101110101111111000111111000111100011110011100011000110010010000')
DEBUG:root:Matched frame over all scan:1583

DEBUG:root:Errors over all scan:76

DEBUG:root:Result:tau3_fail
DEBUG:root:Match or Not:False
DEBUG:root:Real time1487956302.46

DEBUG:root:Extracted signature:bitarray('11111001110110001110001110000011100011100000111001100000010110000000011100011000110001100010001110100011111011111001111101111011101100010000110010001011000010110001111000011100001101001110000110100111000110100110000100011100010011111010011110001111001111001110110011010000')
DEBUG:root:Matched frame over all scan:2160

DEBUG:root:Errors over all scan:82

DEBUG:root:Result:tau3_fail
DEBUG:root:Match or Not:False
DEBUG:root:Under real time Point counter:0.210474967957

DEBUG:root:Extracted signature:bitarray('10000110110111111000110000111111001100001111100011000111110011000111100110001111000000111100011111100111111011001101100010000100010000010011100111001111001100000001100001100001111100111000111110011110011010011001110101110111000111111000111100011110011100011000110010010000')
DEBUG:root:Matched frame over all scan:1585

DEBUG:root:Errors over all scan:69

DEBUG:root:Result:tau3_fail
DEBUG:root:Match or Not:False
DEBUG:root:Real time1487956302.87

DEBUG:root:Extracted signature:bitarray('10000110111111111000110000111111001100001111100011000111110011000111100110001111000000111100011111101111111011001101000010000100010000010011000111001101001100100001100001100001111100111000111110011110011010011101110101110111000111111000111100011110011100011000110010010000')
DEBUG:root:Matched frame over all scan:1584

DEBUG:root:Errors over all scan:73

DEBUG:root:Result:tau3_fail
DEBUG:root:Match or Not:False
DEBUG:root:Real time1487956303.07

DEBUG:root:Extracted signature:bitarray('11011100011001101001110011001100001110010011000111000011100011100001100011000011001001011000011110001111110010111000010010000100000000010110000111001101000000011001101001100001111010011000111010011001111010010011110101111111000111110001111000111100011000011000110010000000')
DEBUG:root:Matched frame over all scan:2097

DEBUG:root:Errors over all scan:85

DEBUG:root:Result:tau1_fail
DEBUG:root:Match or Not:False
DEBUG:root:Real time1487956303.27

DEBUG:root:Extracted signature:bitarray('10011000111111100010000111111101100001111111001100011111101100101111101111101111011111111101111100001110000011000010001111001100110000010010001110001101010001110001100110001001111001000000111101100000111101111001110011100111001111110001111100110110010000010000100010110000')
DEBUG:root:Matched frame over all scan:318

DEBUG:root:Errors over all scan:82

DEBUG:root:Result:tau3_fail
DEBUG:root:Match or Not:False
DEBUG:root:Real time1487956303.47

DEBUG:root:Extracted signature:bitarray('10000000110100110000010110011110000110111111000000111101101001111001100011110011001111000101111000101100011110001111001100111000000000010001010010000011000110000001111001110000011010001000001101000110001101011000001011100000101100000110000000100000010000110001100110110000')
DEBUG:root:Matched frame over all scan:1588

DEBUG:root:Errors over all scan:87

DEBUG:root:Result:tau3_fail
DEBUG:root:Match or Not:False
DEBUG:root:Real time1487956303.67

DEBUG:root:Extracted signature:bitarray('11100000111100011000100111000010001101100000100011110000010011111100001111111000011111100000011001100110011011001111011110000100010000011100000111111011000000110010111001111000001110011100000101010110000101000110001010111100100111000011100000110000011000010000100010010000')
DEBUG:root:Matched frame over all scan:246

DEBUG:root:Errors over all scan:72

DEBUG:root:Result:tau3_fail
DEBUG:root:Match or Not:False
DEBUG:root:Under real time Point counter:0.240139007568

DEBUG:root:Extracted signature:bitarray('10011110001100110011110001101101110011110000010001111000010111111000001111111000011110000101111001101110011011100001100010000100010000010011100011101010111000011111001100001110001010001111000101011001000101111000001001100000101111100000111100011100001000011000100010010000')
DEBUG:root:Matched frame over all scan:1591

DEBUG:root:Errors over all scan:70

DEBUG:root:Result:tau3_fail
DEBUG:root:Match or Not:False
DEBUG:root:Real time1487956304.11

DEBUG:root:Extracted signature:bitarray('10011110000100010011100001100000111000111000011110111100000111111000001111110001011111001101111001001110000011100011000010000100100000010011100001110010011100001110001110000111001011000011000101000011000101110100001011110000111110000011101100011110001110011000110011010000')
DEBUG:root:Matched frame over all scan:1592

DEBUG:root:Errors over all scan:55

DEBUG:root:Result:replica detected
DEBUG:root:Match or Not:True
DEBUG:root:Real time1487956304.31

DEBUG:root:Extracted signature:bitarray('10011100001100000011110001100000111101111000011111111100000011111000000111110001011111001101111001001110000011100011000010000000100000010111000001110001011100011110001110000111101011000011010101000011000101110110001011110000011110000011101100011110001110011100110011010000')
DEBUG:root:Matched frame over all scan:1592

DEBUG:root:Errors over all scan:57

DEBUG:root:Result:replica detected
DEBUG:root:Match or Not:True
DEBUG:root:Real time1487956304.51

DEBUG:root:Extracted signature:bitarray('11111111111100000011111111100000111111111100010111111110000111111100001111110000011111100001111100001111000011000011000011000111111110010000111101111101000011101111100000111111101000011111000100011111000010111110000111100000011100000011100001111000111000111001110111110000')
DEBUG:root:Matched frame over all scan:861

DEBUG:root:Errors over all scan:76

DEBUG:root:Result:tau3_fail
DEBUG:root:Match or Not:False
DEBUG:root:Real time1487956304.71

DEBUG:root:Extracted signature:bitarray('00011111101111100011111111110000111111111100011111111100000111111100001111111100011111110001111101101111011011111101111001110011011011110000000111111101000001111111101000011111111010011111011101001111011100111100110011000011011000001010011000101111000111000110011111111000')
DEBUG:root:Matched frame over all scan:2499

DEBUG:root:Errors over all scan:73

DEBUG:root:Result:tau3_fail
DEBUG:root:Match or Not:False
DEBUG:root:Real time1487956304.91

DEBUG:root:Extracted signature:bitarray('00011111111100000011111111100000111111111000011111111100000111111100000111111000011111100001111100011111000111110010011001110010010011110000000111111101000001111001101000011110011010011111000101001111000100011110001011001000111001000110011001101100100111100101000110101000')
DEBUG:root:Matched frame over all scan:17

DEBUG:root:Errors over all scan:77

DEBUG:root:Result:tau3_fail
DEBUG:root:Match or Not:False
DEBUG:root:Real time1487956305.11

DEBUG:root:Extracted signature:bitarray('11111110111111101111100011111101110000111111010000111111100001111101100011111011001111100101111100101110001011001101001100111011101101010110011001111000111000111011001100011111110110011111111010011011111010111011110101101111011101110010011000101100010111010110101011010000')
DEBUG:root:Matched frame over all scan:850

DEBUG:root:Errors over all scan:67

DEBUG:root:Result:replica detected
DEBUG:root:Match or Not:True
DEBUG:root:Real time1487956305.32

DEBUG:root:Extracted signature:bitarray('11111110011111001111100011111101110000111111010000011111100001111111100011111011001111101101111100101110011011001100001100011011101101010110011001111000111000111011001100011111110110011111111010111011111010111011110101101110011111100010111000101100010111010110101011010000')
DEBUG:root:Matched frame over all scan:850

DEBUG:root:Errors over all scan:66

DEBUG:root:Result:replica detected
DEBUG:root:Match or Not:True
DEBUG:root:Real time1487956305.52

DEBUG:root:Extracted signature:bitarray('11111100011111101111100011111101110001111111011000111111100000111001100011110011001111101101111100101110001011001101001100111011101101010111010001111000111000111111001111011111000110110001100010100001111010011011110101101111011101110010011000101100010111010110101011011000')
DEBUG:root:Matched frame over all scan:849

DEBUG:root:Errors over all scan:76

DEBUG:root:Result:tau3_fail
DEBUG:root:Match or Not:False
DEBUG:root:Real time1487956305.72

DEBUG:root:Extracted signature:bitarray('11111100011111101111100011111101110000111111010000111111100000111001100011110011001111001101111100101110001011001101001100111011101101110110011001111010111000011011001100011111110100011011111010011001111010111011110101101111011101110010011000101100010111010110101011011000')
DEBUG:root:Matched frame over all scan:1603

DEBUG:root:Errors over all scan:70

DEBUG:root:Result:replica detected
DEBUG:root:Match or Not:True
DEBUG:root:Real time1487956305.92

DEBUG:root:Extracted signature:bitarray('11111100011111101111100011111101110000111111010000111111100000111001100011110011001111001101111100101110001011001101001100111011101101110110011001111000111000011011001100011111110100011011111010011101111010111001110101111111011111110010011000101100010111010110101011011000')
DEBUG:root:Matched frame over all scan:1603

DEBUG:root:Errors over all scan:67

DEBUG:root:Result:replica detected
DEBUG:root:Match or Not:True
DEBUG:root:Real time1487956306.12

DEBUG:root:Extracted signature:bitarray('11111100011111101111100011111101110000111111010000111111100000111001100011110011001111101101111100101110001011001101001100111011101101011110011001111000111000011011001100011111110110011011111010011011111010111011110101101111011111110010011000101100010111010110101011111000')
DEBUG:root:Matched frame over all scan:1603

DEBUG:root:Errors over all scan:68

DEBUG:root:Result:replica detected
DEBUG:root:Match or Not:True
DEBUG:root:Real time1487956306.32

DEBUG:root:Extracted signature:bitarray('11111100001111101111100011111101110000111111010000111111100000111001100011110011001111101101111100101110001011001101001100111011101101111111011001111000111000001011001110011011110110011111111010011111111010111110110101111111011111110010011000101100010111010110101011111000')
DEBUG:root:Matched frame over all scan:1600

DEBUG:root:Errors over all scan:68

DEBUG:root:Result:replica detected
DEBUG:root:Match or Not:True
DEBUG:root:Real time1487956306.52

DEBUG:root:Extracted signature:bitarray('11111100101111101111101101111101111011111111010001111111000001111110000011111101001111100101111100001111000011101101101100011011101111110011011110111100011111111111100111111111111001111111111100111111111000111111010001111101001111101001111010011001101001101011011001001000')
DEBUG:root:Matched frame over all scan:0

DEBUG:root:Errors over all scan:56

DEBUG:root:Result:replica detected
DEBUG:root:Match or Not:True
DEBUG:root:Real time1487956306.72

DEBUG:root:Extracted signature:bitarray('11110001111111101111001111111101110111111110011111111111001111111111001101111111000111101101111100101110000011000111000110000111110000010011011110111100011111111011100011111111111001111111111100111111111100111110111001110001101110001101100011010011111000101001110110010000')
DEBUG:root:Matched frame over all scan:2447

DEBUG:root:Errors over all scan:59

DEBUG:root:Result:replica detected
DEBUG:root:Match or Not:True
DEBUG:root:Real time1487956306.92

DEBUG:root:Extracted signature:bitarray('11100011011111100110111101111101111111001110011111100110001011110110001111100111001110011101111001101111110011111001011100111011110011110011111101110100011111101110100011111001101001111100110100111100110100111101101001110011101100011101000111010010101011100111011101101000')
DEBUG:root:Matched frame over all scan:0

DEBUG:root:Errors over all scan:66

DEBUG:root:Result:tau3_fail
DEBUG:root:Match or Not:False
DEBUG:root:Real time1487956307.12

DEBUG:root:Extracted signature:bitarray('11100110011110001100110011111101100110001110010011000110010011110010000111110110001111011101111001101111111110011010011100111011010011110011000111011100011100111011100111101110111001111010011000111110011100111000111001100011101100011101000111010001100001101111010101101000')
DEBUG:root:Matched frame over all scan:1607

DEBUG:root:Errors over all scan:69

DEBUG:root:Result:tau3_fail
DEBUG:root:Match or Not:False
DEBUG:root:Real time1487956307.32

DEBUG:root:Extracted signature:bitarray('11000010011110001100011011111001100110011110010011000110010011110110000111100110011110011101101111101111011011011101111101111010010011110011100110011100011100111011100111111110111001111110111000111110011000111000111001100011101100011101000011010001101001101111010101101000')
DEBUG:root:Matched frame over all scan:1607

DEBUG:root:Errors over all scan:73

DEBUG:root:Result:tau3_fail
DEBUG:root:Match or Not:False
DEBUG:root:Real time1487956307.52

DEBUG:root:Extracted signature:bitarray('11100110011110001100111011111101100110001110010011100110010011111010000111100110011110011101111001101111110011111000011100111011010011110011100111001100011110111011100011111110110001111110011000111110011100111000111001100011101100011101000111010011100001101111011101101000')
DEBUG:root:Matched frame over all scan:1607

DEBUG:root:Errors over all scan:69

DEBUG:root:Result:tau3_fail
DEBUG:root:Match or Not:False
DEBUG:root:Real time1487956307.72

DEBUG:root:Extracted signature:bitarray('11100000011111001100011011111001100110011110010011000110010011110010000111100110011110011101111101101111111011111101111101111010010011110011100111011100011100111011100111111110111001111110111000111110011000111000111011100011101100011101000111010001100001101111010101101000')
DEBUG:root:Matched frame over all scan:1609

DEBUG:root:Errors over all scan:71

DEBUG:root:Result:tau3_fail
DEBUG:root:Match or Not:False
DEBUG:root:Real time1487956307.92

DEBUG:root:Extracted signature:bitarray('11000110011111111000110001111110001110011110100011000011011011110011110011100111000111011101111111000111110011111101111101111010010011111001110000001101101110000011111001110000111100111000011111110000011111100000111010010011101000010101001101001110101111101111010101101000')
DEBUG:root:Matched frame over all scan:933

DEBUG:root:Errors over all scan:80

DEBUG:root:Result:tau3_fail
DEBUG:root:Match or Not:False
DEBUG:root:Real time1487956308.12

DEBUG:root:Extracted signature:bitarray('11100110001111110000110001111100011100011111001111001110001101110011000011100111001111011101111111000111110011111101111101111010010011111110110000011100111110000011101011100000111000111000011101110000011101100000111011100011101000010101001111001110101111101111010101101000')
DEBUG:root:Matched frame over all scan:1776

DEBUG:root:Errors over all scan:80

DEBUG:root:Result:tau3_fail
DEBUG:root:Match or Not:False
DEBUG:root:Real time1487956308.32

DEBUG:root:Extracted signature:bitarray('11100010001111110100100001111101001000011111000001111111100001111111001001111110000111110000011110000111100011111001111101111001101111101110110000001100111110000011101011100000111000111000011100110000011101100000111011100010101000010101001111001111101111101111010100111000')
DEBUG:root:Matched frame over all scan:2647

DEBUG:root:Errors over all scan:71

DEBUG:root:Result:tau3_fail
DEBUG:root:Match or Not:False
DEBUG:root:Real time1487956308.52

DEBUG:root:Extracted signature:bitarray('10100010001111110100010001111100001100011111001100111111101001110111000011110111001111111100011110000111100011111101111101011100010011111110110000011100111100000011101111100000111001110000011101110000111101100000111011100010101000010101001111011111101111101111011101101000')
DEBUG:root:Matched frame over all scan:2647

DEBUG:root:Errors over all scan:68

DEBUG:root:Result:tau3_fail
DEBUG:root:Match or Not:False
DEBUG:root:Real time1487956308.72

DEBUG:root:Extracted signature:bitarray('10100010001111110100110001111100001100011111000100111111101100111011100001100111001111011100111111000111110011111001111001110110010010111110110000001100111100000011101011100000111001110000011101110000011101100000111011100010101000010101001111011111001111001110011001010000')
DEBUG:root:Matched frame over all scan:2647

DEBUG:root:Errors over all scan:75

DEBUG:root:Result:tau3_fail
DEBUG:root:Match or Not:False
DEBUG:root:Real time1487956308.92

DEBUG:root:Extracted signature:bitarray('10100010001111110100110001111101001100011111001100011111101100111001100011110011001111001100111111100111110011110001111001110110010010011110000000011100111100000011101111100000111001110000011101110000011101100000111011100010101000010101001111011111001111001110011011010000')
DEBUG:root:Matched frame over all scan:1614

DEBUG:root:Errors over all scan:80

DEBUG:root:Result:tau3_fail
DEBUG:root:Match or Not:False
DEBUG:root:Real time1487956309.12

DEBUG:root:Extracted signature:bitarray('10100010001111110100110001111100001000111111001100011111101100111001100011110011001111001100111111101111110011111001111001110110010010011110100000001100111100000011101111100000111001110000011101110000011101100000111011000010101000110101001111011111001111001110011011010000')
DEBUG:root:Matched frame over all scan:240

DEBUG:root:Errors over all scan:80

DEBUG:root:Result:tau3_fail
DEBUG:root:Match or Not:False
DEBUG:root:Real time1487956309.33

DEBUG:root:Extracted signature:bitarray('10000010001111110100110001111100001000111111001100011111101100111011101001110011001111001100111111101111110011110001111001111010010010011110010000001100111100000011101111000000111001110000011101110000011101100000101011100010101000110101001111011111001111001110011011010000')
DEBUG:root:Matched frame over all scan:240

DEBUG:root:Errors over all scan:82

DEBUG:root:Result:tau3_fail
DEBUG:root:Match or Not:False
DEBUG:root:Real time1487956309.53

DEBUG:root:Extracted signature:bitarray('10100010011111110100100001111111011000011110101100001110001100100111001011001110001100100000001110000111110011111101111101111011111111111110010000001100111100000011101111000000111001110000011101110000011111100000111011000011101000110100011111011111101110001110011100101000')
DEBUG:root:Matched frame over all scan:1354

DEBUG:root:Errors over all scan:82

DEBUG:root:Result:tau1_fail
DEBUG:root:Match or Not:False
DEBUG:root:Real time1487956309.73

DEBUG:root:Extracted signature:bitarray('10110000011111110110000011111101010000111111001100110111101101110011100011100111001110000101101100000111100011111101111101110011101111111110000000011100111100000111101111000000111001110000011101110000111111100000111011000011101000110100011101011100101100101010011101101000')
DEBUG:root:Matched frame over all scan:2289

DEBUG:root:Errors over all scan:82

DEBUG:root:Result:tau3_fail
DEBUG:root:Match or Not:False
DEBUG:root:Real time1487956309.93

DEBUG:root:Extracted signature:bitarray('11110001001101111110000001111101111000011001001110001110001101110110001011111100001111100011001100010011100011111101111110110001101111111110010000011100111100000011101111000000111001110000011101110000011111100000110111000011011000110100011101011100101100101011011101101000')
DEBUG:root:Matched frame over all scan:1771

DEBUG:root:Errors over all scan:80

DEBUG:root:Result:tau2_fail
DEBUG:root:Match or Not:False
DEBUG:root:Real time1487956310.13

DEBUG:root:Extracted signature:bitarray('11110001111101110110001111101101100011111001010001111100010001111110000011110000001111000001111100100111011011111101011110010001101111101110011000001100110011100011100100011100111010001110011110001000001110110000011101100001101101001101110011011100101100101001011101101000')
DEBUG:root:Matched frame over all scan:2633

DEBUG:root:Errors over all scan:88

DEBUG:root:Result:tau3_fail
DEBUG:root:Match or Not:False
DEBUG:root:Real time1487956310.33

DEBUG:root:Extracted signature:bitarray('11100011001111111100001001111110000011001111100001100111100011100111100111100111011111001101111101101111111011111101011110011001101111111101110000011101111010000011101000000000111110000000011110011000011000110000111011000011101110011101110111011100101100101001011101101000')
DEBUG:root:Matched frame over all scan:274

DEBUG:root:Errors over all scan:64

DEBUG:root:Result:tau3_fail
DEBUG:root:Match or Not:False
DEBUG:root:Real time1487956310.53

DEBUG:root:Extracted signature:bitarray('10000111000111110001001100111100110011001111010001110111100011110011101110000111011000001101100011101111111011111101101110011100101101101100111000111100111111000111101110000000111010000100011101011000011101110000111011000011101100011101101111011111101110101001010101001000')
DEBUG:root:Matched frame over all scan:2288

DEBUG:root:Errors over all scan:72

DEBUG:root:Result:replica detected
DEBUG:root:Match or Not:True
DEBUG:root:Real time1487956310.73

DEBUG:root:Extracted signature:bitarray('10011101100001111101101100011111000011100111100001110001110001111001110001100010100110001010000010010011100111110001100111000100010000011001101100000101111101100000101111011100001011001110000101001111000101011110001000111000101001100101011101011110101110101001010101001000')
DEBUG:root:Matched frame over all scan:1625

DEBUG:root:Errors over all scan:80

DEBUG:root:Result:tau3_fail
DEBUG:root:Match or Not:False
DEBUG:root:Real time1487956310.93

DEBUG:root:Extracted signature:bitarray('11110001110000011100001110000011000101110000100011111100000001111101101001100011100110000110011111110011100011110011110011000100010010011111100110000101110110110000101001101100001010100111000101000111000101001100001010110000101000000101001001010100101000101001010100100000')
DEBUG:root:Matched frame over all scan:1455

DEBUG:root:Errors over all scan:72

DEBUG:root:Result:tau2_fail
DEBUG:root:Match or Not:False
DEBUG:root:Real time1487956311.13

DEBUG:root:Extracted signature:bitarray('10010011011000010010011111000001000111111000000111011100001110001100101000111000100011100000011000001110100111110011110011000100010000011111110011000101111110011000101111110110001010111001000101000001100101000111001010011000101001000101000101010010101000101001010101101000')
DEBUG:root:Matched frame over all scan:1456

DEBUG:root:Errors over all scan:78

DEBUG:root:Result:tau2_fail
DEBUG:root:Match or Not:False
DEBUG:root:Real time1487956311.33

DEBUG:root:Extracted signature:bitarray('10011101111000000011111111000000011111110000011101111000001110011100111000111000100011000000111000001100100111110011110011100100010000011011111011000100111111011000101111111100001011011101000101000001100101000011001010001100101101100101000101010010101000101001010101101000')
DEBUG:root:Matched frame over all scan:1594

DEBUG:root:Errors over all scan:81

DEBUG:root:Result:tau3_fail
DEBUG:root:Match or Not:False
DEBUG:root:Real time1487956311.53

DEBUG:root:Extracted signature:bitarray('10011101111000000011111111000000011111110000011101111000101110011100111000111000100011000000111000001100100111110011110011100100010000010011111011000100111111011000101111111110001011011101000101000001100101000011001010001100101001100101000101010010101000101001010101101000')
DEBUG:root:Matched frame over all scan:633

DEBUG:root:Errors over all scan:83

DEBUG:root:Result:tau2_fail
DEBUG:root:Match or Not:False
DEBUG:root:Real time1487956311.73

DEBUG:root:Extracted signature:bitarray('10111111111000000011111111000001111111111000011111111100011001101000010011010000101111000011101100011001111110011111101111001100101101111011111011100100111111011000101111111110001011111101000101001001100101000011001010001100101001100101000001010011101010101001010001001000')
DEBUG:root:Matched frame over all scan:657

DEBUG:root:Errors over all scan:76

DEBUG:root:Result:tau2_fail
DEBUG:root:Match or Not:False
DEBUG:root:Real time1487956311.93

DEBUG:root:Extracted signature:bitarray('11101111111000000111111111000001111111110000011111111000011001111000010011110000100111000011111000011001110110011111101111001000101101111011111011000100111111011000101111110110001011111011000101010001000101000011001010011100101001000101000001010011101010101001010001001000')
DEBUG:root:Matched frame over all scan:700

DEBUG:root:Errors over all scan:69

DEBUG:root:Result:tau3_fail
DEBUG:root:Match or Not:False
DEBUG:root:Real time1487956312.13

DEBUG:root:Extracted signature:bitarray('11111111111000000111111111000001111111111000011111111100001011111000010011110000101111000011111000011001111110011111101101011001101101110011111011000100111111011000101111111110001011111001000101000001100101000011001010001100101001000101000011010011101011101001010001001000')
DEBUG:root:Matched frame over all scan:686

DEBUG:root:Errors over all scan:67

DEBUG:root:Result:tau3_fail
DEBUG:root:Match or Not:False
DEBUG:root:Real time1487956312.33

DEBUG:root:Extracted signature:bitarray('11101111111000000111111111000001111111111000011101111000001101111000010011000000101111000011111100001001100100110000111001100110010010011011111011000101011111011000101111111110001011111111000101011001100101000011001010001100101001100101000101010011101010101001010001001000')
DEBUG:root:Matched frame over all scan:700

DEBUG:root:Errors over all scan:78

DEBUG:root:Result:tau3_fail
DEBUG:root:Match or Not:False
DEBUG:root:Real time1487956312.53

DEBUG:root:Extracted signature:bitarray('11111111111000100011111111000101111111110000011111111000001111111000000001110000000111000101111001101110011011011101011101011100100111110111110011000100111110011000101111110110001011111011000101010011100101000011001010011000101101101101001111010011101011101000010001001000')
DEBUG:root:Matched frame over all scan:657

DEBUG:root:Errors over all scan:66

DEBUG:root:Result:replica detected
DEBUG:root:Match or Not:True
DEBUG:root:Under real time Point counter:0.221669197083

DEBUG:root:Extracted signature:bitarray('11001111111000001111111111000001110111110000011011111100011001111100010001011000101101000011100000011000001100001110111101101110010001011011111011000101111111011000101111110110001011111001100101011001100101000011001010001100101101100101001001010000101000101001010001001000')
DEBUG:root:Matched frame over all scan:2691

DEBUG:root:Errors over all scan:79

DEBUG:root:Result:tau3_fail
DEBUG:root:Match or Not:False
DEBUG:root:Real time1487956312.96

DEBUG:root:Extracted signature:bitarray('11001111011100001001111011100001111100111000011110011100001111011110001000001110000100011101110001111000011100001111001111001100101101011011111011000101011111011100101111110111001011111001100101111001100101000011001010001100101101100101001001010000101000101001010001101000')
DEBUG:root:Matched frame over all scan:1486

DEBUG:root:Errors over all scan:71

DEBUG:root:Result:tau3_fail
DEBUG:root:Match or Not:False
DEBUG:root:Under real time Point counter:0.216816186905

DEBUG:root:Extracted signature:bitarray('11001111011100000001111001100001111110011000011111011100001111001100001100011100000001110000100110011001100110011111001110011101101100011011111101100101011111011100101111110011001011111001100101111001100101000011001010001110101001110101001001010110101010101001010001001000')
DEBUG:root:Matched frame over all scan:607

DEBUG:root:Errors over all scan:74

DEBUG:root:Result:tau3_fail
DEBUG:root:Match or Not:False
DEBUG:root:Under real time Point counter:0.219222068787

DEBUG:root:Extracted signature:bitarray('11111111111000000111111111100101111111111001011111011100101010011100110000111000100011100000111000001110000111000111001111111001101101111011111011000101111111011000101111110111001011111011000101111011000101000111001010001110101101100101011001010000101000101010010001001000')
DEBUG:root:Matched frame over all scan:633

DEBUG:root:Errors over all scan:69

DEBUG:root:Result:replica detected
DEBUG:root:Match or Not:True
DEBUG:root:Under real time Point counter:0.206926822662

DEBUG:root:Extracted signature:bitarray('11001111111000001101111111000001111011111000010011111000011000011100010000111000100111100000011100010011000101000011100011100100010000011011111011000101111111011000101111110110001011111011000101111011000101000111001010001110101101110101011001010000101000101000010001001000')
DEBUG:root:Matched frame over all scan:655

DEBUG:root:Errors over all scan:80

DEBUG:root:Result:tau2_fail
DEBUG:root:Match or Not:False
DEBUG:root:Under real time Point counter:0.202332019806

DEBUG:root:Extracted signature:bitarray('11001111111000001011111111000000111111111001011111011000101111001000011100111000100011110000111110001011100100010010010011100110010000011011111011000101111111011000101111110110001011111011000101111011000101000111001010001100101001110101011001010100101000101001010001101000')
DEBUG:root:Matched frame over all scan:633

DEBUG:root:Errors over all scan:73

DEBUG:root:Result:tau2_fail
DEBUG:root:Match or Not:False
DEBUG:root:Real time1487956314.0

DEBUG:root:Extracted signature:bitarray('11001111111100001011111011100000111100111000011111011100001111011100011100111000100111110001111110001011001100000110001110011111111111110011111011000101111111011000101111110111001011111001100101111001100101000111001010001110101101110101011001010100101000101001110101101000')
DEBUG:root:Matched frame over all scan:712

DEBUG:root:Errors over all scan:73

DEBUG:root:Result:tau3_fail
DEBUG:root:Match or Not:False
DEBUG:root:Under real time Point counter:0.201462984085

DEBUG:root:Extracted signature:bitarray('11001110000111111111100000111101111100001111011110000011101111000011111110000011101100000111100000011000000100000010010010110011001101011111100000011101111100000011101111000001111011000000111101000001110100000011101000111110100111110100111111001111100111100111001100101000')
DEBUG:root:Matched frame over all scan:1437

DEBUG:root:Errors over all scan:73

DEBUG:root:Result:tau3_fail
DEBUG:root:Match or Not:False
DEBUG:root:Real time1487956314.41

DEBUG:root:Extracted signature:bitarray('10011111011111100011111011111101111110011110011110011111101100011111101001111111000111110000011111000111110011111001111101111001101111110011111100001101111111000011101111110001001011111001100101000001100101001011001010001100101001110101011101011100101110101101001100111000')
DEBUG:root:Matched frame over all scan:2467

DEBUG:root:Errors over all scan:66

DEBUG:root:Result:tau3_fail
DEBUG:root:Match or Not:False
DEBUG:root:Real time1487956314.61

DEBUG:root:Extracted signature:bitarray('10011111111111100011111011111001111110011110011110001111101110011111101001111111010111110000011110000111110011111001111101111001101111110011111100011101111111000010101111110001001011110001100101100001100101000011001010001100101001110101011101011100101100101101001100111000')
DEBUG:root:Matched frame over all scan:2426

DEBUG:root:Errors over all scan:69

DEBUG:root:Result:tau3_fail
DEBUG:root:Match or Not:False
DEBUG:root:Under real time Point counter:0.206080198288

DEBUG:root:Extracted signature:bitarray('11111101111111001111111011111001110110111110010010011111100110011111101001111111010111110001111110001111110011111001110001000100010000010111111100011101111111000010101111110011001011110001100101100001100101000011001010001100101001110101011001011100101100101101010100100000')
DEBUG:root:Matched frame over all scan:2424

DEBUG:root:Errors over all scan:73

DEBUG:root:Result:tau3_fail
DEBUG:root:Match or Not:False
DEBUG:root:Real time1487956315.01

DEBUG:root:Extracted signature:bitarray('10011111111111000111111011111001111110011110011110011111101110011111101000111111011111100001111100000111110011111101110011100110010000011011111100011101111111000010101111110001001011110001100101110001100101000011001011001100101001100100011001011100101100101101010011000000')
DEBUG:root:Matched frame over all scan:2467

DEBUG:root:Errors over all scan:71

DEBUG:root:Result:tau3_fail
DEBUG:root:Match or Not:False
DEBUG:root:Real time1487956315.21

DEBUG:root:Extracted signature:bitarray('11111111111111101111111011111001111110011110011110001111101110011111101000111110011111110001011100000011110001111101100001000000000000011011111100011101111111000011101111110001101011111001100101110001100101000011001011001100101001100100011101011100101110101101010101001000')
DEBUG:root:Matched frame over all scan:2405

DEBUG:root:Errors over all scan:71

DEBUG:root:Result:tau3_fail
DEBUG:root:Match or Not:False
DEBUG:root:Under real time Point counter:0.205816030502

DEBUG:root:Extracted signature:bitarray('11111111111111101111111111111001111111111110011001111111001001111111000011111110001111111001111011001100110000011101001100011001101111110011111100000101111111000110101111110011001011001001100101001101110101011011101011101110101101110101001101010000101000101001010101101000')
DEBUG:root:Matched frame over all scan:2468

DEBUG:root:Errors over all scan:61

DEBUG:root:Result:tau3_fail
DEBUG:root:Match or Not:False
DEBUG:root:Under real time Point counter:0.20303606987

DEBUG:root:Extracted signature:bitarray('10111111111111001111110111111001111001111110011110011111101110011111101000111111000110011001111011001111110011111100111100111011101111100011111110100100111111001100101111001110001011100010000101100010000101100000001011000000101100000101100001010000101000001000010001001000')
DEBUG:root:Matched frame over all scan:1663

DEBUG:root:Errors over all scan:68

DEBUG:root:Result:tau3_fail
DEBUG:root:Match or Not:False
DEBUG:root:Real time1487956315.82

DEBUG:root:Extracted signature:bitarray('10111111001111101111111001111101111111111110011100111111101110011111101000111111001101111101111111101111111000111100111101111011111111110111111100011100111111000011101111110000101011100000000101100011100101100011001010000110101000000101000001010000001000001100010001001000')
DEBUG:root:Matched frame over all scan:16

DEBUG:root:Errors over all scan:70

DEBUG:root:Result:tau3_fail
DEBUG:root:Match or Not:False
DEBUG:root:Real time1487956316.02

DEBUG:root:Extracted signature:bitarray('11111111111111001111111111111001111111111110011111101111001111100111001011101110001110111101111111100111111011111101111101111111101111110111111100010101111111000110101111110001101011111000110101111000010101110000001010000000101010000101111101011111101111101100010001001000')
DEBUG:root:Matched frame over all scan:2464

DEBUG:root:Errors over all scan:56

DEBUG:root:Result:tau3_fail
DEBUG:root:Match or Not:False
DEBUG:root:Under real time Point counter:0.200839042664

DEBUG:root:Extracted signature:bitarray('11111111111111001111111111111001111111111110011111101111001110111111001011001110001100111101101111100111111011111101111101111011101111110011111100010101111111000110101111110001101011111000110101111000100101110000001011000000101001000101011101011111101111101111011101101000')
DEBUG:root:Matched frame over all scan:2464

DEBUG:root:Errors over all scan:57

DEBUG:root:Result:tau3_fail
DEBUG:root:Match or Not:False
DEBUG:root:Under real time Point counter:0.208947181702

DEBUG:root:Extracted signature:bitarray('11111111111111001111111111111001111111111110011111111111101110111111101001001111001100011101100111100111111011111101011100111011101111110111111100000101111111000010101111110000101011111000000101111000000101110000001011000000101000000101011101011011101011100111011101001000')
DEBUG:root:Matched frame over all scan:2438

DEBUG:root:Errors over all scan:64

DEBUG:root:Result:tau3_fail
DEBUG:root:Match or Not:False
DEBUG:root:Real time1487956316.64

DEBUG:root:Extracted signature:bitarray('11111111111111001111111111111001111111111111011111111111101110111111100011100111001110010000110111101111111011100011001110011011101111110011111100010101111111100011101111110000101011111000010101111000000101110000001010000010101000110101011101011100101000101001011101101000')
DEBUG:root:Matched frame over all scan:2438

DEBUG:root:Errors over all scan:66

DEBUG:root:Result:tau3_fail
DEBUG:root:Match or Not:False
DEBUG:root:Under real time Point counter:0.208456039429

DEBUG:root:Extracted signature:bitarray('11111111111111001111111111111101111111111111011111011111101011100011100111001100001110111001111111111111111000001110000010011001101111110011111100011101111111000011101111110000101011111000000101111000000101000000101010000110101000110101000101010000101000101001011101101000')
DEBUG:root:Matched frame over all scan:2438

DEBUG:root:Errors over all scan:69

DEBUG:root:Result:tau3_fail
DEBUG:root:Match or Not:False
DEBUG:root:Real time1487956317.05

DEBUG:root:Extracted signature:bitarray('11111111111111001111111111111101111110111111011111011111101111111011101101001100010110111001111111101001111000000110000010011001101111110011111100011101111111000011101111110000101011111000000101111000000101000000101010000110101000111101000101010000101000101001010101101000')
DEBUG:root:Matched frame over all scan:2438

DEBUG:root:Errors over all scan:69

DEBUG:root:Result:tau3_fail
DEBUG:root:Match or Not:False
DEBUG:root:Real time1487956317.25

DEBUG:root:Extracted signature:bitarray('11111100011111001111100011111001111000011110001110001111101110011111001100111100000011111000011111000111110011110001111001111011101111000011011111000010011110111000000111100111000001111011110000111111110000111111111001111111001000111001001100010110000111101111011110110000')
DEBUG:root:Matched frame over all scan:1648

DEBUG:root:Errors over all scan:65

DEBUG:root:Result:replica detected
DEBUG:root:Match or Not:True
DEBUG:root:Real time1487956317.45

DEBUG:root:Extracted signature:bitarray('11111100011111001111100011111101111000011111001110001111101110011111001100111100000011111000011111000111110011110001111001111011101111100010011111000010011110111000000111111111100001111111110000111111110000111111110001110111001000111001001100010110001111101111011101110000')
DEBUG:root:Matched frame over all scan:1648

DEBUG:root:Errors over all scan:60

DEBUG:root:Result:replica detected
DEBUG:root:Match or Not:True
DEBUG:root:Real time1487956317.65

DEBUG:root:Extracted signature:bitarray('11111100011111001111100001111101110000011111001110111111101111111111001100111110000011111000011111000111110011110001111001111011101111100011001111000010011110111100000111100111100001111111110000111110110000111101100001100111001000111001001100010110001111101111011101010000')
DEBUG:root:Matched frame over all scan:1648

DEBUG:root:Errors over all scan:63

DEBUG:root:Result:replica detected
DEBUG:root:Match or Not:True
DEBUG:root:Under real time Point counter:0.204045057297

DEBUG:root:Extracted signature:bitarray('11111100011101001111100001111101111000011111001110000111101110011111101100111110000011111000011111000011110001111001111101111011101111100011100111000010011110011100000111110111100101111110110000111110111000111101100001100110001000110001001100010111001111101111011001010000')
DEBUG:root:Matched frame over all scan:1650

DEBUG:root:Errors over all scan:67

DEBUG:root:Result:replica detected
DEBUG:root:Match or Not:True
DEBUG:root:Under real time Point counter:0.206871032715

DEBUG:root:Extracted signature:bitarray('11111110011100001111100001111001110000011111011111000111101110011111001000111100000111110000111111001111110001111001111101111011111011110011000111000000010110011100000111100111100001111110111000111110111000111101110001100111001000110001001110011111001111101111011101011000')
DEBUG:root:Matched frame over all scan:1613

DEBUG:root:Errors over all scan:68

DEBUG:root:Result:tau3_fail
DEBUG:root:Match or Not:False
DEBUG:root:Real time1487956318.26

DEBUG:root:Extracted signature:bitarray('11111110011100001111100011110001111000111110011110111111101110011111101000111110000011111000111111001111110001111001111101111011101111110011000111000000010110011100000111100111100001111110111000111110111000111101110001000111001000110001011110011111001111101111011101011000')
DEBUG:root:Matched frame over all scan:2492

DEBUG:root:Errors over all scan:67

DEBUG:root:Result:tau3_fail
DEBUG:root:Match or Not:False
