DEBUG:root:Under real time Point counter:1.90734863281e-05

DEBUG:root:Real time1486874732.62

DEBUG:root:Real time1486874732.82

DEBUG:root:Real time1486874733.02

DEBUG:root:Real time1486874733.22

DEBUG:root:Real time1486874733.42

DEBUG:root:Real time1486874733.62

DEBUG:root:Real time1486874733.82

DEBUG:root:Real time1486874734.02

DEBUG:root:Real time1486874734.22

DEBUG:root:Real time1486874734.42

DEBUG:root:Real time1486874734.62

DEBUG:root:Real time1486874734.82

DEBUG:root:Real time1486874735.02

DEBUG:root:Real time1486874735.23

DEBUG:root:Real time1486874735.43

DEBUG:root:Real time1486874735.63

DEBUG:root:Real time1486874735.83

DEBUG:root:Real time1486874736.03

DEBUG:root:Real time1486874736.23

DEBUG:root:Real time1486874736.43

DEBUG:root:Real time1486874736.63

DEBUG:root:Real time1486874736.83

DEBUG:root:Real time1486874737.03

DEBUG:root:Real time1486874737.23

DEBUG:root:Real time1486874737.43

DEBUG:root:Real time1486874737.63

DEBUG:root:Real time1486874737.83

DEBUG:root:Real time1486874738.03

DEBUG:root:Real time1486874738.23

DEBUG:root:Extracted signature:bitarray('111101110001001111111000011011111000011100110000111110100111111100111011110111001110111110001111100101001110111110010110111111101111100011111111011000111111000100111110000001111100011110001001110001100110001111100111110101100011110101010000')
DEBUG:root:Matched frame over all scan:711

DEBUG:root:Errors over all scan:40

DEBUG:root:Result:replica detected
DEBUG:root:Match or Not:True
DEBUG:root:Real time1486874738.44

DEBUG:root:Extracted signature:bitarray('100111000001001001111100000000111111000000111111000000111110000101111100000101110000111100011100001101101111001100111000110011111111001100011111111010000011111100010001111100110011110011100111101100011101000111000111101100100001100010101000')
DEBUG:root:Matched frame over all scan:782

DEBUG:root:Errors over all scan:63

DEBUG:root:Result:tau3_fail
DEBUG:root:Match or Not:False
DEBUG:root:Real time1486874738.64

DEBUG:root:Extracted signature:bitarray('111100111100001110011111101001100111111100110111111110111111111101101111110111111110111111101111110111110111101110111100111110000111101011100000111101100000011110011000001110011000011101100001111001000010100000100000110000010000100010000000')
DEBUG:root:Matched frame over all scan:713

DEBUG:root:Errors over all scan:38

DEBUG:root:Result:replica detected
DEBUG:root:Match or Not:True
DEBUG:root:Real time1486874738.84

DEBUG:root:Extracted signature:bitarray('111111111111111111111111111101001111111110000111111110001111111100111111110111111100111111001111010111010110101010111101111111111100001111011111100001110011111101110001111111100000111110000011110000001110000011100001110001010010101010000000')
DEBUG:root:Matched frame over all scan:715

DEBUG:root:Errors over all scan:40

DEBUG:root:Result:replica detected
DEBUG:root:Match or Not:True
DEBUG:root:Real time1486874739.04

DEBUG:root:Extracted signature:bitarray('111110000000001001111110011101111111111100100111111100100111111000011111000101111000111100001100101101101001110110111110111111111111100101111111111010110011111110111001111110110001111111100011111100011101000111000110101100101100010110000000')
DEBUG:root:Matched frame over all scan:715

DEBUG:root:Errors over all scan:62

DEBUG:root:Result:tau2_fail
DEBUG:root:Match or Not:False
DEBUG:root:Real time1486874739.24

DEBUG:root:Extracted signature:bitarray('111111000000001111111101111101111111111100101101100001001011000000111101001011100000111000001100001101001011001101101110111111111111100011111111111000011111111100111100111101101001111010000101101000111100001111001111101101101001000100101000')
DEBUG:root:Matched frame over all scan:782

DEBUG:root:Errors over all scan:63

DEBUG:root:Result:tau3_fail
DEBUG:root:Match or Not:False
DEBUG:root:Real time1486874739.44

DEBUG:root:Extracted signature:bitarray('111111100111001111111111100011111111000001111111000011111110000010111001001111001000111010001100110110111100110011111000111111111111000111111111111000111111111100011111111100011111111010011101101001101100011011100110010110000110011000110000')
DEBUG:root:Matched frame over all scan:717

DEBUG:root:Errors over all scan:31

DEBUG:root:Result:replica detected
DEBUG:root:Match or Not:True
DEBUG:root:Real time1486874739.64

DEBUG:root:Extracted signature:bitarray('111111100000111111111100001111111100000101111100001101110000001111000000111100010010101111101001110101111001110111111000111111110111100011111111100000011111110000001111100100011111100001111110001111011000110000101100011100001100010001110000')
DEBUG:root:Matched frame over all scan:718

DEBUG:root:Errors over all scan:66

DEBUG:root:Result:tau3_fail
DEBUG:root:Match or Not:False
DEBUG:root:Real time1486874739.84

DEBUG:root:Extracted signature:bitarray('111100001100111111000001001111110001100011100001110011000001110010000111001000011011001110010011001001001011111101000010111111100000100011111100000100111100000010111100000111111100001111110000111111000111110001111000101100001000101010011000')
DEBUG:root:Matched frame over all scan:719

DEBUG:root:Errors over all scan:50

DEBUG:root:Result:replica detected
DEBUG:root:Match or Not:True
DEBUG:root:Real time1486874740.04

DEBUG:root:Extracted signature:bitarray('111000110011001110000001111011100110001111100111100111000011001101001100111000101111001001110000011000011011011001001001111111111000000111111100011101110000001011110000011011111000110101100010011100100110101101010011001100101011010010000000')
DEBUG:root:Matched frame over all scan:720

DEBUG:root:Errors over all scan:22

DEBUG:root:Result:replica detected
DEBUG:root:Match or Not:True
DEBUG:root:Real time1486874740.24

DEBUG:root:Extracted signature:bitarray('111000011011111110000100111100000001110110000001111110000011111000000011111000000111000001100001110011100110010001011101111110000111101111010000111011100000010111100000010111110000011111000011010000111100011101111100101000110100100110000000')
DEBUG:root:Matched frame over all scan:721

DEBUG:root:Errors over all scan:26

DEBUG:root:Result:replica detected
DEBUG:root:Match or Not:True
DEBUG:root:Real time1486874740.44

DEBUG:root:Extracted signature:bitarray('110000011111111100001001111000000110111100000111011100000111110110001111111000000110000001100011101011001110010011011011111100001111101111000001110011000000101011000000101011000000010111000010011000110010111100111001101011101101100001000000')
DEBUG:root:Matched frame over all scan:722

DEBUG:root:Errors over all scan:57

DEBUG:root:Result:tau3_fail
DEBUG:root:Match or Not:False
DEBUG:root:Real time1486874740.64

DEBUG:root:Extracted signature:bitarray('110000011111111100000111111100011001111110011011110010100111101100000001110100001110000111100111110111010101100110110100111001011111101110110011111010001101111110000000111010000001110100111100010011100011110000111000111000010000110110010000')
DEBUG:root:Matched frame over all scan:723

DEBUG:root:Errors over all scan:48

DEBUG:root:Result:replica detected
DEBUG:root:Match or Not:True
DEBUG:root:Real time1486874740.85

DEBUG:root:Extracted signature:bitarray('111000111111111110001111111100100011111110100111110110101111001100000001110000001110000111100111110110110101101110010110111000111111100111100111111010010001101110110000110010100011100111111100011111100111110001100001110010010100100100000000')
DEBUG:root:Matched frame over all scan:723

DEBUG:root:Errors over all scan:70

DEBUG:root:Result:tau3_fail
DEBUG:root:Match or Not:False
DEBUG:root:Real time1486874741.05

DEBUG:root:Extracted signature:bitarray('111011001000111111110010001110110110000010100110011110001111111100111101100011001100110111000110110110110111101110110100111110010011100111110111100010101101111010010011001011000110000110000001111000101100010011111010011010011000100010110000')
DEBUG:root:Matched frame over all scan:725

DEBUG:root:Errors over all scan:50

DEBUG:root:Result:tau3_fail
DEBUG:root:Match or Not:False
DEBUG:root:Real time1486874741.25

DEBUG:root:Extracted signature:bitarray('111011101100011111111110000111110111000100110111001110001110011100111100110101111110001111100111010110110111101110111000111111011001100011111111110000101110110101010011100111100111000110110001110110001111100011110001110010010100100010010000')
DEBUG:root:Matched frame over all scan:726

DEBUG:root:Errors over all scan:38

DEBUG:root:Result:tau3_fail
DEBUG:root:Match or Not:False
DEBUG:root:Real time1486874741.45

DEBUG:root:Extracted signature:bitarray('111100000110001110110001100011011110010001011110011110111110000101111000110100001111000011011001111001010001100111111100111110110100000111111101011011011100111101000001110010000011100000011100100111000101110001011100000101011100100000011000')
DEBUG:root:Matched frame over all scan:727

DEBUG:root:Errors over all scan:69

DEBUG:root:Result:tau3_fail
DEBUG:root:Match or Not:False
DEBUG:root:Real time1486874741.65

DEBUG:root:Extracted signature:bitarray('110011001111001100111011110011001101100000001111100000011111000001111100010111000111100001111100111000101101110111111111111111011110000111110111101001101111100101100100111101000001110001001110011001110000111110001111000110110100110010001000')
DEBUG:root:Matched frame over all scan:728

DEBUG:root:Errors over all scan:41

DEBUG:root:Result:replica detected
DEBUG:root:Match or Not:True
DEBUG:root:Real time1486874741.85

DEBUG:root:Extracted signature:bitarray('111011001111111110110001111101011100111100100011111101001111111000111111100101111001111100011010001110001010011101011110110110011111100110011100111001001110011001111000011101100000111110000111110100110110001011001001100001101001100101000000')
DEBUG:root:Matched frame over all scan:729

DEBUG:root:Errors over all scan:43

DEBUG:root:Result:tau3_fail
DEBUG:root:Match or Not:False
DEBUG:root:Real time1486874742.05

DEBUG:root:Extracted signature:bitarray('111100111110001111001111110001100111101100110001111100000110111100111011110111011100111110011001001011100011001101101010111011111100100111111111100001111111011000111100011001110010011011001001101001011000011100001110101001011101110100100000')
DEBUG:root:Matched frame over all scan:730

DEBUG:root:Errors over all scan:28

DEBUG:root:Result:replica detected
DEBUG:root:Match or Not:True
DEBUG:root:Real time1486874742.25

DEBUG:root:Extracted signature:bitarray('111110011111001111100111111001110001110110111001101110110011011101001001110000111110101111100001101001100011101110111010111110111110000111111111100001111101101101101100101101011011011011101100101110001101100110011101001100111000110010001000')
DEBUG:root:Matched frame over all scan:731

DEBUG:root:Errors over all scan:50

DEBUG:root:Result:tau3_fail
DEBUG:root:Match or Not:False
DEBUG:root:Real time1486874742.45

DEBUG:root:Extracted signature:bitarray('111111000011111111110000111110111100011010111100011011101001101100001111110001110110011100101110100100110001100110111000111111011001100111111110010010011111001001001111001000111100000011100000011100000011000110100010110010010100110011001000')
DEBUG:root:Matched frame over all scan:732

DEBUG:root:Errors over all scan:61

DEBUG:root:Result:tau3_fail
DEBUG:root:Match or Not:False
DEBUG:root:Real time1486874742.65

DEBUG:root:Extracted signature:bitarray('111001111000111110011110000110011110000011111110000001001100100010000110000100110000011100101111000011101011001100101110111111110010001001111111110000111111111000111111111001110110011011010011111100011111000110100001110000101001100110101000')
DEBUG:root:Matched frame over all scan:733

DEBUG:root:Errors over all scan:62

DEBUG:root:Result:tau3_fail
DEBUG:root:Match or Not:False
DEBUG:root:Real time1486874742.85

DEBUG:root:Extracted signature:bitarray('111000110000001110001111000011000111100001000111000001001110000010111011000101101010011111101011010011000110011001000101111111111110001101100111011000110001111100110001111101100011111011001001111100100011001100100011011001010011001101111000')
DEBUG:root:Matched frame over all scan:734

DEBUG:root:Errors over all scan:57

DEBUG:root:Result:tau3_fail
DEBUG:root:Match or Not:False
DEBUG:root:Real time1486874743.06

DEBUG:root:Extracted signature:bitarray('111001111100011110011111000111001111000001001111000011011110011100110111100111111100011111001111000100011000110011010110111111111001001001101110110000110111111100100111111101110111001011100100110100100111001001100101110111001110011011010000')
DEBUG:root:Matched frame over all scan:735

DEBUG:root:Errors over all scan:42

DEBUG:root:Result:replica detected
DEBUG:root:Match or Not:True
DEBUG:root:Real time1486874743.26

DEBUG:root:Extracted signature:bitarray('110011011100001100110111000010011111110001001100110011001100100100011010100001110100011111001101101101101001010110010110111111111100000011111111001000101111101100001111011001100110010011011010001100110111001001100100100100101101110011010000')
DEBUG:root:Matched frame over all scan:736

DEBUG:root:Errors over all scan:82

DEBUG:root:Result:tau2_fail
DEBUG:root:Match or Not:False
DEBUG:root:Real time1486874743.46

DEBUG:root:Extracted signature:bitarray('110011110000011100111100000100011110000110010110000110001100001111100101101001101100011011001110100110001110011001010110111111111001100011111110011000011111001100011000110001110111100011010100101010100111001001100110110011100011001111010000')
DEBUG:root:Matched frame over all scan:735

DEBUG:root:Errors over all scan:82

DEBUG:root:Result:tau2_fail
DEBUG:root:Match or Not:False
DEBUG:root:Real time1486874743.66

DEBUG:root:Extracted signature:bitarray('110111111000001001111110111000111111010000111111111000111101110001100011000001111000011110001111000111000111101100100001000111111111001100011111100110000011111010000010000010000100001100011001101101001101011011001011101011100011101001000000')
DEBUG:root:Matched frame over all scan:779

DEBUG:root:Errors over all scan:74

DEBUG:root:Result:tau2_fail
DEBUG:root:Match or Not:False
DEBUG:root:Real time1486874743.86

DEBUG:root:Extracted signature:bitarray('111111111000001111110011100011111101100001111111000001111110001011110000111110001011100110111001111101101011011100110101111111111110001111111111001000011101001110000000110110000001101000001110000011101000111010011001101101101010100110010000')
DEBUG:root:Matched frame over all scan:739

DEBUG:root:Errors over all scan:40

DEBUG:root:Result:replica detected
DEBUG:root:Match or Not:True
DEBUG:root:Real time1486874744.06

DEBUG:root:Extracted signature:bitarray('111111100000001111111110000111111100000011101000000001000000100010000011101000011111001011110001110100111100110001101011111111111000001111111110010011011001001000000111100101111110100011111000001111000001111000011100010110010110001100101000')
DEBUG:root:Matched frame over all scan:740

DEBUG:root:Errors over all scan:36

DEBUG:root:Result:replica detected
DEBUG:root:Match or Not:True
DEBUG:root:Real time1486874744.26

DEBUG:root:Extracted signature:bitarray('111111000001101111111000110011110000001001100001001111000010000110001100001011111001100110010011001011001010110001011101111111100011100011111010100100111101111100111101101001111001000011100100011110000110110001011000101001101010111101101000')
DEBUG:root:Matched frame over all scan:741

DEBUG:root:Errors over all scan:15

DEBUG:root:Result:replica detected
DEBUG:root:Match or Not:True
DEBUG:root:Real time1486874744.46

DEBUG:root:Extracted signature:bitarray('111101000000011111110001001111111000000111110000001111000100011110011000111001110101001110010111001110001100000001001000111110001111100111100111111001111011111101111111111001110111100011001100001100000101100011010001100011100111111110101000')
DEBUG:root:Matched frame over all scan:742

DEBUG:root:Errors over all scan:36

DEBUG:root:Result:replica detected
DEBUG:root:Match or Not:True
DEBUG:root:Real time1486874744.66

DEBUG:root:Extracted signature:bitarray('111100000111101110000001111001000011001111000011111111000101101100001111110001111010011100100111110001110111100110001000110000100111110000111100011000111111100101111110000011100100000110000000011000001011000010100000010000010000100100000000')
DEBUG:root:Matched frame over all scan:743

DEBUG:root:Errors over all scan:47

DEBUG:root:Result:replica detected
DEBUG:root:Match or Not:True
DEBUG:root:Real time1486874744.86

DEBUG:root:Extracted signature:bitarray('111111000111001111110000111011100000000101000000101111000100111110011001110011101100111111001111110111100010010001001011111110001110001111100100111011111001101101110110100101100100000111000000011000110010001001100001010011101110100110010000')
DEBUG:root:Matched frame over all scan:744

DEBUG:root:Errors over all scan:20

DEBUG:root:Result:replica detected
DEBUG:root:Match or Not:True
DEBUG:root:Real time1486874745.06

DEBUG:root:Extracted signature:bitarray('111110001010001111100011100011000000111001000000111001001001111100111111110011110000011100001111110101100100010101001001111110111110001111000111001010100011111100110101110001101001000110000001110000111110001111100111101111001110011101010000')
DEBUG:root:Matched frame over all scan:745

DEBUG:root:Errors over all scan:42

DEBUG:root:Result:replica detected
DEBUG:root:Match or Not:True
DEBUG:root:Real time1486874745.27

DEBUG:root:Extracted signature:bitarray('111000110010001111001110100011000011100001000001100001001011111100101111110011110010111100101100111001101100010001011001111011110110001110100111101011011011101100101111100001001011000110100000010001011010011110100110001111001110011101010000')
DEBUG:root:Matched frame over all scan:745

DEBUG:root:Errors over all scan:71

DEBUG:root:Result:tau3_fail
DEBUG:root:Match or Not:False
DEBUG:root:Real time1486874745.47

DEBUG:root:Extracted signature:bitarray('111111000000011011110000000110011000000011000000000011000111101100111110110111110010111000011100001100101001100110110001111111101100111000110000010110000011111001001110111000111000000111000010010000111011001111101011101001110011101101010000')
DEBUG:root:Matched frame over all scan:747

DEBUG:root:Errors over all scan:30

DEBUG:root:Result:replica detected
DEBUG:root:Match or Not:True
DEBUG:root:Real time1486874745.67

DEBUG:root:Extracted signature:bitarray('111111000000011111011000000111110000000011110000100111110011011101111001110111000110100001111000001100011000110011010101111111111101000001110111110100000111111000001111110000111001000011001100010001110010111100001111100111001110011001010000')
DEBUG:root:Matched frame over all scan:750

DEBUG:root:Errors over all scan:61

DEBUG:root:Result:tau3_fail
DEBUG:root:Match or Not:False
DEBUG:root:Real time1486874745.87

DEBUG:root:Extracted signature:bitarray('111110010000011111110001000111111000100011110000100011000011111000001111110110110110101001101000011100011001110110110101111111111101000111111011010000000110111000001110111000111000001011100000011010010010101100101111000111001100010011010000')
DEBUG:root:Matched frame over all scan:751

DEBUG:root:Errors over all scan:48

DEBUG:root:Result:replica detected
DEBUG:root:Match or Not:True
DEBUG:root:Real time1486874746.07

DEBUG:root:Extracted signature:bitarray('111100010000011111100101000111110000100011110000100111000011111010011101110011100110111101101110110000110001110011111001111111111101000001110010010000000110111000001111110000111100001011000100011000110010000100100010011110011000001000001000')
DEBUG:root:Matched frame over all scan:750

DEBUG:root:Errors over all scan:29

DEBUG:root:Result:replica detected
DEBUG:root:Match or Not:True
DEBUG:root:Real time1486874746.27

DEBUG:root:Extracted signature:bitarray('111110010000011111111101000111111000100011110000100011000011111010001111110011110110111001101110110000011001100110111001111111111101000111111011010100100011111000001110111000111000001011100000011000010010001100100000011111001000100010010000')
DEBUG:root:Matched frame over all scan:750

DEBUG:root:Errors over all scan:40

DEBUG:root:Result:replica detected
DEBUG:root:Match or Not:True
DEBUG:root:Real time1486874746.47

DEBUG:root:Extracted signature:bitarray('111110010000011111000101000111100000000011000000000011000011111010001111110001110110011100100111110110010011101110111001111111111100001111111011010011100001111000001111111000111000001011100000011100010011000010110000010011011000100000110000')
DEBUG:root:Matched frame over all scan:752

DEBUG:root:Errors over all scan:32

DEBUG:root:Result:replica detected
DEBUG:root:Match or Not:True
DEBUG:root:Real time1486874746.67

DEBUG:root:Extracted signature:bitarray('111110010000011111100100100111110000000011110000000011000000111110001111110011110010111100101111010110110011001101001001111110111100101111101111000101110001111000000111111000011110000011100000011000011010000110100001010010011001100101101000')
DEBUG:root:Matched frame over all scan:753

DEBUG:root:Errors over all scan:24

DEBUG:root:Result:replica detected
DEBUG:root:Match or Not:True
DEBUG:root:Real time1486874746.87

DEBUG:root:Extracted signature:bitarray('111110000010001111100000100111100000010011000000011001000011110010011111000011100010111000001111001011001100010110110111111111111100001111100001000010000011011000001111001000111000011011000001111000111010001111100001101001100111000110010000')
DEBUG:root:Matched frame over all scan:754

DEBUG:root:Errors over all scan:33

DEBUG:root:Result:tau3_fail
DEBUG:root:Match or Not:False
DEBUG:root:Real time1486874747.07

DEBUG:root:Extracted signature:bitarray('111110000000001111100000000011110000000001100000001111000001111110001111110111111000111110001111000011100111000001011111111111110110001111110001001010000011111100000111100000111100000011100000010000001110000100100001111001110010011101001000')
DEBUG:root:Matched frame over all scan:755

DEBUG:root:Errors over all scan:57

DEBUG:root:Result:tau3_fail
DEBUG:root:Match or Not:False
DEBUG:root:Real time1486874747.27

DEBUG:root:Extracted signature:bitarray('111110000000001111110000000011110000000001100000011001000001110100011111100011111000111111101000110000110011101110101001111111111110001111100111111011111111011101111111001101111100010111100000111000001110000000100110011110011000100010101000')
DEBUG:root:Matched frame over all scan:757

DEBUG:root:Errors over all scan:28

DEBUG:root:Result:replica detected
DEBUG:root:Match or Not:True
DEBUG:root:Real time1486874747.47

DEBUG:root:Extracted signature:bitarray('111110000001001111100000010011110000000101100000011101000001111000001111000011111100111111101101110010010001100110111111111111111110000111111111011001111111110101111111000101111100001111100001111000000110000000100100011111011110110000000000')
DEBUG:root:Matched frame over all scan:757

DEBUG:root:Errors over all scan:39

DEBUG:root:Result:replica detected
DEBUG:root:Match or Not:True
DEBUG:root:Real time1486874747.67

DEBUG:root:Extracted signature:bitarray('111110000000001111110000000011111000000101110000001101000001110010001111000001111100111111100110110001110001110111011111111111111111000111111111111001111111110101111111100101111100001011100001111100000110000000110010011110011101010101100000')
DEBUG:root:Matched frame over all scan:758

DEBUG:root:Errors over all scan:15

DEBUG:root:Result:replica detected
DEBUG:root:Match or Not:True
DEBUG:root:Real time1486874747.87

DEBUG:root:Extracted signature:bitarray('111111000000101111111000001001111100000101110000000111000000111110000111100000111100011111000111110000110001110011011111111111111101000111111111101000111111110100111111110001111110000011110000111110000111000001100001011010011100010001100000')
DEBUG:root:Matched frame over all scan:759

DEBUG:root:Errors over all scan:18

DEBUG:root:Result:replica detected
DEBUG:root:Match or Not:True
DEBUG:root:Real time1486874748.07

DEBUG:root:Extracted signature:bitarray('111000000000001111111100000001111110000011111100000111100000011110000011111000111100001111010001111000111000110011111110111111111111101111111110000001111111111000111111110001111111000011111000001110000111100011011001001101001110011000100000')
DEBUG:root:Matched frame over all scan:761

DEBUG:root:Errors over all scan:23

DEBUG:root:Result:replica detected
DEBUG:root:Match or Not:True
DEBUG:root:Real time1486874748.27

DEBUG:root:Extracted signature:bitarray('111111000000011111111100000111111110000011110100000011000000011110000011111000011111001111110001111000111000110011111111111111111110100111111111001001111111111000111111111001111111000011111000001111000001100011011001101111101110011100100000')
DEBUG:root:Matched frame over all scan:761

DEBUG:root:Errors over all scan:25

DEBUG:root:Result:replica detected
DEBUG:root:Match or Not:True
DEBUG:root:Real time1486874748.48

DEBUG:root:Extracted signature:bitarray('110111010000001111110110000011001110000001001100000011100000001110000000111000011111001101011100101100001100010001001011111111111111001101111110000010111111000111110000011001100001100000011100000111000001110000011000101100001001001100000000')
DEBUG:root:Matched frame over all scan:762

DEBUG:root:Errors over all scan:37

DEBUG:root:Result:replica detected
DEBUG:root:Match or Not:True
DEBUG:root:Real time1486874748.68

DEBUG:root:Extracted signature:bitarray('111100010000001111000100000011100110000001111100000011110000001110000001111000001111110001111100001100001000010001001010111111111110001111111111000011111110001101111000011000110001100000011100001111000001100010010001111000110001100010000000')
DEBUG:root:Matched frame over all scan:762

DEBUG:root:Errors over all scan:48

DEBUG:root:Result:replica detected
DEBUG:root:Match or Not:True
DEBUG:root:Real time1486874748.88

DEBUG:root:Extracted signature:bitarray('111000110000011110001100000111000110000001000110000001100000000011000000011110000110110001101100011110001100011001000110111011111110100111100111101001110011100111110011001100001000111010000111000001110000011001101100100111100111001100100000')
DEBUG:root:Matched frame over all scan:764

DEBUG:root:Errors over all scan:39

DEBUG:root:Result:tau3_fail
DEBUG:root:Match or Not:False
DEBUG:root:Real time1486874749.08

DEBUG:root:Extracted signature:bitarray('111100000000011111100000000111111000000001111000000001100000000011001100011011000111111001111100111110001110011001011100111111111101100000011111100100000000110010000000110110000000111001001011001001110010011000100100100001100011000010000000')
DEBUG:root:Matched frame over all scan:765

DEBUG:root:Errors over all scan:37

DEBUG:root:Result:replica detected
DEBUG:root:Match or Not:True
DEBUG:root:Real time1486874749.28

DEBUG:root:Extracted signature:bitarray('111100000000101111100000001111111000000100110001000001100011000011001100011011100111111001111100111110001100011011011100111111111111100000001111100100000001100010000000110110000000011001001011100001110010011000100110100011100001000100000000')
DEBUG:root:Matched frame over all scan:765

DEBUG:root:Errors over all scan:47

DEBUG:root:Result:replica detected
DEBUG:root:Match or Not:True
DEBUG:root:Real time1486874749.48

DEBUG:root:Extracted signature:bitarray('111111000000001111111001111100111100110110111001110000110011000011001100001111100001111000111100011111000111001110111110011111111111110000000100110110000000000010001100000010011010011101001101110000111100101110010011000001110001100010000000')
DEBUG:root:Matched frame over all scan:767

DEBUG:root:Errors over all scan:35

DEBUG:root:Result:replica detected
DEBUG:root:Match or Not:True
DEBUG:root:Real time1486874749.68

DEBUG:root:Extracted signature:bitarray('111111100000001111111001100101111101110000111001100000110011000001101110001111110001101100011010001011100111101110111100001111111111110010000010111100000000000010001101000010010011001100000101100000111100100111001011101000110001100010010000')
DEBUG:root:Matched frame over all scan:768

DEBUG:root:Errors over all scan:32

DEBUG:root:Result:replica detected
DEBUG:root:Match or Not:True
DEBUG:root:Real time1486874749.88

DEBUG:root:Extracted signature:bitarray('100111110110001001111101100001111111110000111111100010111111100001111110001110110001110000010011001011000111001101100011000100111111110001000000111110000001001010000001100011000001001100100101100110011100110111011001100001110011100100100000')
DEBUG:root:Matched frame over all scan:769

DEBUG:root:Errors over all scan:31

DEBUG:root:Result:replica detected
DEBUG:root:Match or Not:True
DEBUG:root:Real time1486874750.08

DEBUG:root:Extracted signature:bitarray('100011111111001001111100111000111011111110011111110000111111100001111110010111001101100111011011100111110111101110110111110011010011101100100110011110010001000010011000000110110011001111011101100111101100110001001000110000110010101100000000')
DEBUG:root:Matched frame over all scan:770

DEBUG:root:Errors over all scan:41

DEBUG:root:Result:replica detected
DEBUG:root:Match or Not:True
DEBUG:root:Real time1486874750.28

DEBUG:root:Extracted signature:bitarray('100011001111111000110011011100011001110110011001110110110001101101100011110111111100111111001111100111110111101111111111100110000001111101100001001110110000100011110000000011101001100110010011110000011110010011101000011000110001101100100000')
DEBUG:root:Matched frame over all scan:771

DEBUG:root:Errors over all scan:55

DEBUG:root:Result:tau3_fail
DEBUG:root:Match or Not:False
DEBUG:root:Real time1486874750.48

DEBUG:root:Extracted signature:bitarray('100110000111011001100011110100011001111000110000111110100101111000111011100111011000100110001011000011000111110011000001110011110001001100110000010110011000001010011010000011101100001110010001110000110110110011111001111001110001100100000000')
DEBUG:root:Matched frame over all scan:773

DEBUG:root:Errors over all scan:55

DEBUG:root:Result:replica detected
DEBUG:root:Match or Not:True
DEBUG:root:Real time1486874750.68

DEBUG:root:Extracted signature:bitarray('100111000000011001110000001110111000000111111010000001100110000010011011001001011110110111101011110011110111101110110100110000111110001100001111100010000011100000010011110001100111110011001011011001001010010001111000011000010000100010010000')
DEBUG:root:Matched frame over all scan:205

DEBUG:root:Errors over all scan:76

DEBUG:root:Result:tau3_fail
DEBUG:root:Match or Not:False
DEBUG:root:Real time1486874750.88

DEBUG:root:Extracted signature:bitarray('100111001100001101110000000010111010000001110011000001110010001001001101100101101110011011101001110011110111100010011101111000111011101110001111111011000010111101000001111101000011111100101100110101100110011000101100011000110000111001000000')
DEBUG:root:Matched frame over all scan:774

DEBUG:root:Errors over all scan:43

DEBUG:root:Result:tau3_fail
DEBUG:root:Match or Not:False
DEBUG:root:Real time1486874751.08

DEBUG:root:Extracted signature:bitarray('100111001100001001110011000010111000100001110001000001100110000011011000100101001110110011101001110001110111101110010111111001011100101110000111001011000011111101001001111101000011111100000101110001101100011001001100111100110011000111010000')
DEBUG:root:Matched frame over all scan:775

DEBUG:root:Errors over all scan:19

DEBUG:root:Result:replica detected
DEBUG:root:Match or Not:True
DEBUG:root:Real time1486874751.28

DEBUG:root:Extracted signature:bitarray('100111111000001001111110000010111110000001111100001001101100010010110001101111001101110011101001110001110011101110010101110001110000101110011100111011001110111101001001000100110010111111001011000110001100001001001100101100111011001100010000')
DEBUG:root:Matched frame over all scan:776

DEBUG:root:Errors over all scan:58

DEBUG:root:Result:tau3_fail
DEBUG:root:Match or Not:False
DEBUG:root:Real time1486874751.48

DEBUG:root:Extracted signature:bitarray('100111111000101001111110000000111111000000111111000000111111000001111011000111101100111011001001110001110011101110110101110001111111001100011111110111000111111011000111110010011000000100000111110011100100011001101100111100011000100110110000')
DEBUG:root:Matched frame over all scan:777

DEBUG:root:Errors over all scan:62

DEBUG:root:Result:tau3_fail
DEBUG:root:Match or Not:False
DEBUG:root:Real time1486874751.68

DEBUG:root:Extracted signature:bitarray('100111100000001001111100000000111110000000111110000000111100000001100000001111000001111000011101110001110011101110111011110001111111101100011111000111000111000111000100000110001000011100111111101110011100001011001100111100111001100010101000')
DEBUG:root:Matched frame over all scan:777

DEBUG:root:Errors over all scan:45

DEBUG:root:Result:replica detected
DEBUG:root:Match or Not:True
DEBUG:root:Real time1486874751.88

DEBUG:root:Extracted signature:bitarray('100111001100001001110111000000111011000110111111000110111110000011001000001001100001110000011101110101110011101110110011110011111111001100011110011110000110011111000010110010000001100100001011100011011100111111011101100101101011001100101000')
DEBUG:root:Matched frame over all scan:779

DEBUG:root:Errors over all scan:21

DEBUG:root:Result:replica detected
DEBUG:root:Match or Not:True
DEBUG:root:Real time1486874752.09

DEBUG:root:Extracted signature:bitarray('110111000000001001111101101100111111110000111111100000111000000001100000001110000001111000111100101001100011001110110111110011111111101100011111100110001111100010000111100010000011111000111111100111111101111110011111101100111001100111010000')
DEBUG:root:Matched frame over all scan:780

DEBUG:root:Errors over all scan:32

DEBUG:root:Result:replica detected
DEBUG:root:Match or Not:True
DEBUG:root:Real time1486874752.29

DEBUG:root:Extracted signature:bitarray('111111110111111001111111111100111110111100111110010000111100000001111100001111100011111000011111101001100011001110110101111011111111101110011111111110000101111010000111111110011111111011111111101100111001001111010000101100111001101011010000')
DEBUG:root:Matched frame over all scan:782

DEBUG:root:Errors over all scan:34

DEBUG:root:Result:replica detected
DEBUG:root:Match or Not:True
DEBUG:root:Real time1486874752.49

DEBUG:root:Extracted signature:bitarray('101111111000001011111110000000111111000000111110000010111100000111111000011111000111110001111100011110010001000100101000111111110001100110111000111101111100000111111100111100111111110011111111000001110000011100011111001111011011110110101000')
DEBUG:root:Matched frame over all scan:250

DEBUG:root:Errors over all scan:71

DEBUG:root:Result:tau3_fail
DEBUG:root:Match or Not:False
DEBUG:root:Real time1486874752.69

DEBUG:root:Extracted signature:bitarray('110001000000001100110110000010011110000000011110000010111100000101110000111000000111110000111100011000011000101110010100011111111111100011111111110011011111111001100111111001101111110011111110000011110001011110001111000011001110101011010000')
DEBUG:root:Matched frame over all scan:783

DEBUG:root:Errors over all scan:59

DEBUG:root:Result:tau3_fail
DEBUG:root:Match or Not:False
DEBUG:root:Real time1486874752.89

DEBUG:root:Extracted signature:bitarray('100110010100001001100101001010111110100000110100100001110000001111100000111100000111100001111000110100111001100100110100011111111000000110111110000110011111101110111111111101111111001011111100000111100010111100101110010110010100011100101000')
DEBUG:root:Matched frame over all scan:783

DEBUG:root:Errors over all scan:59

DEBUG:root:Result:replica detected
DEBUG:root:Match or Not:True
DEBUG:root:Real time1486874753.09

DEBUG:root:Extracted signature:bitarray('100000100110001001001001001010111000100001110000000001100000101100000011110000011111000111100011110110001100010010101001011111111100000011111110010010111111111010111111110001111111000011111100101111000101110011001011101100011001111101101000')
DEBUG:root:Matched frame over all scan:785

DEBUG:root:Errors over all scan:45

DEBUG:root:Result:replica detected
DEBUG:root:Match or Not:True
DEBUG:root:Real time1486874753.29

DEBUG:root:Extracted signature:bitarray('100001000111001001111011110001111100111000111000010000100000111101000011110000011110001111100111110011110111100101001011011111111111000101111111100010011111110100010011110001111111100011111000001111000101100011010011101011101111001000111000')
DEBUG:root:Matched frame over all scan:786

DEBUG:root:Errors over all scan:60

DEBUG:root:Result:tau3_fail
DEBUG:root:Match or Not:False
DEBUG:root:Real time1486874753.49

DEBUG:root:Extracted signature:bitarray('101110111100001011001100000101100000000011100000000011100000000111000001111000011111000111110001111001110001110001001011110111111111101101111111101000011011111110011111111001111111000011111100001111000001110000011100001100011100101101101000')
DEBUG:root:Matched frame over all scan:787

DEBUG:root:Errors over all scan:47

DEBUG:root:Result:replica detected
DEBUG:root:Match or Not:True
DEBUG:root:Real time1486874753.69

DEBUG:root:Extracted signature:bitarray('110100100011011101001101111010110110000001110100000001110000000111000000111100001111000111110011011011101011100111111110111111111111100101111111111010011111011100000000111100000111110011111110001111100001111000011010001011001011000100101000')
DEBUG:root:Matched frame over all scan:788

DEBUG:root:Errors over all scan:40

DEBUG:root:Result:replica detected
DEBUG:root:Match or Not:True
DEBUG:root:Real time1486874753.89

DEBUG:root:Extracted signature:bitarray('110110010000001101101111100010110111011001111110000001111100000011110000001010001101110011011000111000011110001100110110111011111111100100111111101010011111110110000011101100000011111010111111001011111000011110001100101111100011100110010000')
DEBUG:root:Matched frame over all scan:789

DEBUG:root:Errors over all scan:35

DEBUG:root:Result:replica detected
DEBUG:root:Match or Not:True
DEBUG:root:Real time1486874754.1

DEBUG:root:Extracted signature:bitarray('111011010100001101111111111010111011011001111011000001111000100011110010011110001001100011010001111000111000110001001100111011111111100110111111110010001110111110000110011100001101111000111111000111110000111001011101101111101111010100010000')
DEBUG:root:Matched frame over all scan:790

DEBUG:root:Errors over all scan:25

DEBUG:root:Result:replica detected
DEBUG:root:Match or Not:True
DEBUG:root:Real time1486874754.3

DEBUG:root:Extracted signature:bitarray('110111011111101101101111110010110110010001110110000001100100000011010000011010000011100001110000111000011000110001101100111011111111000100111111100110011101100110010100001100110011111011011111100011110000011101011111100111101111010100010000')
DEBUG:root:Matched frame over all scan:791

DEBUG:root:Errors over all scan:22

DEBUG:root:Result:replica detected
DEBUG:root:Match or Not:True
DEBUG:root:Real time1486874754.5

DEBUG:root:Extracted signature:bitarray('110110011111001101100111110010110110110001110110000001100110000011011000001010000011100001110000111000111000110001110100111011111110000101111111001010011101100110011000001110110000111001011111101001111001011101001111100111101111010100010000')
DEBUG:root:Matched frame over all scan:792

DEBUG:root:Errors over all scan:26

DEBUG:root:Result:replica detected
DEBUG:root:Match or Not:True
DEBUG:root:Real time1486874754.7

DEBUG:root:Extracted signature:bitarray('110000111100001000001111000010000111100011000111000111001100111011000011011100011011000100010010001000001110001100110100110001110000111100111100011110001100001111011000011110110000110100100110010100110011001000101100001100101101011101101000')
DEBUG:root:Matched frame over all scan:793

DEBUG:root:Errors over all scan:26

DEBUG:root:Result:replica detected
DEBUG:root:Match or Not:True
DEBUG:root:Real time1486874754.9

DEBUG:root:Extracted signature:bitarray('110000011000001100001110000010000111001111000110001111000000111101000011111100011001000100010100001010001100011001101010111000110000111100001100011110001110001111001100010010111001001111001100011011000100110011101001011001100011011101101000')
DEBUG:root:Matched frame over all scan:794

DEBUG:root:Errors over all scan:25

DEBUG:root:Result:replica detected
DEBUG:root:Match or Not:True
DEBUG:root:Real time1486874755.1

DEBUG:root:Extracted signature:bitarray('111000000001001110000110000011000111100101000111100111001111011000100111001100111001000000010000001100001000010010011110111001110000111110111000111010110000011000110000010011110001001100100001110000001100011110000111000111100111001100101000')
DEBUG:root:Matched frame over all scan:795

DEBUG:root:Errors over all scan:28

DEBUG:root:Result:replica detected
DEBUG:root:Match or Not:True
DEBUG:root:Real time1486874755.3

DEBUG:root:Extracted signature:bitarray('111110100010001111000000100011000011000001000111000001001110011010110011000110110001001110000111000110001100010010011010111111100100100111111000011011111100011100110000011101100111111010011111101111110101011100000110000111101111011101101000')
DEBUG:root:Matched frame over all scan:796

DEBUG:root:Errors over all scan:35

DEBUG:root:Result:replica detected
DEBUG:root:Match or Not:True
DEBUG:root:Real time1486874755.5

DEBUG:root:Extracted signature:bitarray('110001100000001100001000000010000110010001000110000001001100011010100011000100011000010111001010001110001000010010010100111111100001011110011000011011001100100110010101100110001110011000011011101001110001001100100110100110101101011101101000')
DEBUG:root:Matched frame over all scan:797

DEBUG:root:Errors over all scan:31

DEBUG:root:Result:replica detected
DEBUG:root:Match or Not:True
DEBUG:root:Real time1486874755.7

DEBUG:root:Extracted signature:bitarray('101111111000011011100110000111100011000111000011101111000001111011000110001000110001000100010000101000111001110111110101100000001111011000000001100100100001100011111001000011110000011011100011101100111101001110001101101111101110010010111000')
DEBUG:root:Matched frame over all scan:798

DEBUG:root:Errors over all scan:29

DEBUG:root:Result:replica detected
DEBUG:root:Match or Not:True
DEBUG:root:Real time1486874755.9

DEBUG:root:Extracted signature:bitarray('111111111111101111111111111000011111111000011111110000110110000011011000011011000001010000010100001100001001010001001001000011011000010000011100001101111110001101011110011100111001111011101111101101100001011100010111010011010000100101101000')
DEBUG:root:Matched frame over all scan:799

DEBUG:root:Errors over all scan:29

DEBUG:root:Result:replica detected
DEBUG:root:Match or Not:True
DEBUG:root:Real time1486874756.1

DEBUG:root:Extracted signature:bitarray('111111111001111100000110111110000011111100000011111001100111100010011100001011000001010000011000011100011000010001000101000011011111110000000011000110000011000111000010001101100100111011001111101101101101111011001111100111001110000011111000')
DEBUG:root:Matched frame over all scan:800

DEBUG:root:Errors over all scan:71

DEBUG:root:Result:tau3_fail
DEBUG:root:Match or Not:False
DEBUG:root:Real time1486874756.3

DEBUG:root:Extracted signature:bitarray('101100001110001010000011100010000001110001000101110001001111001010111000101011000011011000011100001000001000110010010001100011100011110001100001111001110000111101110000111001011001110001110110001111110101111101011110001100011000100011010000')
DEBUG:root:Matched frame over all scan:801

DEBUG:root:Errors over all scan:14

DEBUG:root:Result:replica detected
DEBUG:root:Match or Not:True
DEBUG:root:Real time1486874756.5

DEBUG:root:Extracted signature:bitarray('110000011111011101100111110000010011111001010011100001100111000010011000001111000001110010011001001000101001010111011011111000110011111110000110011100100011001110100111101011000111010100011101000011101000110011011001101010001100110011101000')
DEBUG:root:Matched frame over all scan:802

DEBUG:root:Errors over all scan:63

DEBUG:root:Result:tau3_fail
DEBUG:root:Match or Not:False
DEBUG:root:Real time1486874756.7

DEBUG:root:Extracted signature:bitarray('111100111111010110001111110100000111100010100111100011001110000010111000001111000001100000010000001000001000110011011011110001110011111000001000110100001100011010001100011010011011110100101111000011011000010110011011001000100101011111101000')
DEBUG:root:Matched frame over all scan:803

DEBUG:root:Errors over all scan:6

DEBUG:root:Result:replica detected
DEBUG:root:Match or Not:True
DEBUG:root:Real time1486874756.9

DEBUG:root:Extracted signature:bitarray('111011101100011110110111000111011011000001011011000001110100000010110000001110000001100100010000001000001000010001101011111100001111001001100001101100110001100110110011100101100111101000011110100001111100011101011110101111101111011001101000')
DEBUG:root:Matched frame over all scan:804

DEBUG:root:Errors over all scan:13

DEBUG:root:Result:replica detected
DEBUG:root:Match or Not:True
DEBUG:root:Real time1486874757.1

DEBUG:root:Extracted signature:bitarray('110010111011011100110100010110011001101001011001001001011010010011101000001100000001000110010011001000001001101111111111100100111100111001001110011100100111001010001111101000111111000011111100001111100001011100001110011100011101011101110000')
DEBUG:root:Matched frame over all scan:805

DEBUG:root:Errors over all scan:20

DEBUG:root:Result:replica detected
DEBUG:root:Match or Not:True
DEBUG:root:Real time1486874757.31

DEBUG:root:Extracted signature:bitarray('111110001000111111100000001011011000000101011000000001100010000010010000001000100001001100010000001001110011101110110111110000111110011100011110001110011011100100011111100100111111001011111100010011100000111000011000001111001010101011010000')
DEBUG:root:Matched frame over all scan:806

DEBUG:root:Errors over all scan:9

DEBUG:root:Result:replica detected
DEBUG:root:Match or Not:True
DEBUG:root:Real time1486874757.51

DEBUG:root:Extracted signature:bitarray('111100001010011111000000100011100000110001100010110001001101000010101100001001100001011000110000010011110111101110111111100100111000110011111110001001111111000101111111000001111110000111111000010111000001110000111000010011010110111011010000')
DEBUG:root:Matched frame over all scan:807

DEBUG:root:Errors over all scan:10

DEBUG:root:Result:replica detected
DEBUG:root:Match or Not:True
DEBUG:root:Real time1486874757.71

DEBUG:root:Extracted signature:bitarray('111111001110010111110111101101111011111110111011111110110111111101011111110011111110111111101110100110001111001110111101111111111111001100111111100011011111100000011111101100111011011011001110101001110011001001100110110000100000100010000000')
DEBUG:root:Matched frame over all scan:808

DEBUG:root:Errors over all scan:20

DEBUG:root:Result:replica detected
DEBUG:root:Match or Not:True
DEBUG:root:Real time1486874757.91

DEBUG:root:Extracted signature:bitarray('111111011110110111110111101101111011111110111011111010110111110101011111110011111110111111001111100110001111001110111101111111111111001100111111100011011111100001011111101100111001011011101111001001110011001001100101110111101110011000000000')
DEBUG:root:Matched frame over all scan:808

DEBUG:root:Errors over all scan:25

DEBUG:root:Result:replica detected
DEBUG:root:Match or Not:True
DEBUG:root:Real time1486874758.11

DEBUG:root:Extracted signature:bitarray('111111011110110111110111101101111011111110111111111110110111110101011111110011111110111111001111100111101111001110111101111111111111001100111111100011011111100001011111101100111011011011001100001001110010011001100110100001001100011000000000')
DEBUG:root:Matched frame over all scan:808

DEBUG:root:Errors over all scan:20

DEBUG:root:Result:replica detected
DEBUG:root:Match or Not:True
DEBUG:root:Real time1486874758.31

DEBUG:root:Extracted signature:bitarray('111111011110110111110111101101111011111110111111111010110111110101011111110011111110111111001111100110001111011111111101110111111111001100111111100011011111100001011111101100111011011011001100001001110010011001100110110100001100011000000000')
DEBUG:root:Matched frame over all scan:808

DEBUG:root:Errors over all scan:21

DEBUG:root:Result:replica detected
DEBUG:root:Match or Not:True
DEBUG:root:Real time1486874758.51

DEBUG:root:Extracted signature:bitarray('111111011110110111110111101101111011111110111111111110110111110101011111110011111110111111001111100110001101011111111101110111111111001100111111100011011111100001011111101100111011011011101110001001110011011001100110110101101110010000000000')
DEBUG:root:Matched frame over all scan:808

DEBUG:root:Errors over all scan:22

DEBUG:root:Result:replica detected
DEBUG:root:Match or Not:True
DEBUG:root:Real time1486874758.71

DEBUG:root:Extracted signature:bitarray('111111001110010111110011101101111011111110111011111110110111110101011111110011111110011111001111100110111110011111111101111011111111001110111111100011011111100001011111100100111011011011101110101101110001001001100110110111001100010000000000')
DEBUG:root:Matched frame over all scan:25

DEBUG:root:Errors over all scan:27

DEBUG:root:Result:replica detected
DEBUG:root:Match or Not:True
DEBUG:root:Real time1486874758.91

DEBUG:root:Extracted signature:bitarray('111111011110010111110111101101111011111110111111111110110111111101011111110011111110111111001110100111110111101110111101111111111111001100111111100010011111100000011111101100111011011011001110101001110000011001100110000000000110001000000000')
DEBUG:root:Matched frame over all scan:808

DEBUG:root:Errors over all scan:22

DEBUG:root:Result:replica detected
DEBUG:root:Match or Not:True
DEBUG:root:Real time1486874759.11

DEBUG:root:Extracted signature:bitarray('111111011110010111110111101101111011111110111111111110110111111001011111100011111110111111001110110111011111101111111101111111111111001100111111100011011111100000011111100100111011011011001110101001110001011001100110000000000100010000000000')
DEBUG:root:Matched frame over all scan:808

DEBUG:root:Errors over all scan:24

DEBUG:root:Result:replica detected
DEBUG:root:Match or Not:True
DEBUG:root:Real time1486874759.31

DEBUG:root:Extracted signature:bitarray('111111011110010111110111101101111011111110111111111110110111110100011111110011111110111111001110100111001111101110111111111111111111001100111111100011011111100001011111101100111011011011001110001001110010011001100110100000000100010000000000')
DEBUG:root:Matched frame over all scan:808

DEBUG:root:Errors over all scan:18

DEBUG:root:Result:replica detected
DEBUG:root:Match or Not:True
DEBUG:root:Real time1486874759.51

DEBUG:root:Extracted signature:bitarray('111111011110010111110111101101111011111110111011111110110111111001011111100011111110111111001110100111111111101110111101111111111111001100111111100011011111100000011111100100111011011011001110101001110001011101100110000000000100010000000000')
DEBUG:root:Matched frame over all scan:813

DEBUG:root:Errors over all scan:23

DEBUG:root:Result:replica detected
DEBUG:root:Match or Not:True
DEBUG:root:Real time1486874759.71

DEBUG:root:Extracted signature:bitarray('111111011110110111110111101101111011111110111111111010110111110101011111110011111110111111001111100111101111101111111101110111111111001100111111100011011111100001011111101100111011011011001110001001110000011001100110110001000110011000000000')
DEBUG:root:Matched frame over all scan:808

DEBUG:root:Errors over all scan:19

DEBUG:root:Result:replica detected
DEBUG:root:Match or Not:True
DEBUG:root:Real time1486874759.91

DEBUG:root:Extracted signature:bitarray('111111011110010111110111101101111011111110111011111110110111110101011111100011111110111111001111100111111111101110111101111111111111001100111111100011011111100001011111100100111011011011101110101001110001011001100110110001000110010000000000')
DEBUG:root:Matched frame over all scan:808

DEBUG:root:Errors over all scan:23

DEBUG:root:Result:replica detected
DEBUG:root:Match or Not:True
DEBUG:root:Real time1486874760.11

DEBUG:root:Extracted signature:bitarray('111111011110010111110111101101111011111110111111111110110111111001011111100011111110111111001110100111011111101111111101111111111111001100111111100011011111100000011111100100111011011011001110101001110001011101100110100001000100010000000000')
DEBUG:root:Matched frame over all scan:808

DEBUG:root:Errors over all scan:24

DEBUG:root:Result:replica detected
DEBUG:root:Match or Not:True
DEBUG:root:Real time1486874760.31

DEBUG:root:Extracted signature:bitarray('111111011110110111110111101101111011111110111111111010110111110101011111110011111110111111001111100110001111011111111101110111111111001100111111100011011111100001011111101100111011011011001111001001110000011011100110100101001100011000000000')
DEBUG:root:Matched frame over all scan:808

DEBUG:root:Errors over all scan:19

DEBUG:root:Result:replica detected
DEBUG:root:Match or Not:True
DEBUG:root:Real time1486874760.51

DEBUG:root:Extracted signature:bitarray('111111011110010111110111101101111011111110111011111110110111111001011111100011111110111111001110100111101111101110111101111111111111001100111111100011011111100000011111100100111011011011001110101001110001011101100110100001100100010000000000')
DEBUG:root:Matched frame over all scan:813

DEBUG:root:Errors over all scan:23

DEBUG:root:Result:replica detected
DEBUG:root:Match or Not:True
DEBUG:root:Real time1486874760.71

DEBUG:root:Extracted signature:bitarray('111111011110010111110111101101111011111110111011111110110111111001011111100011111110111111001110100111001111001110111101111111111111001100111111100011011111100000011111100100111011011011001110101001110001011101100111100000100100010000000000')
DEBUG:root:Matched frame over all scan:808

DEBUG:root:Errors over all scan:23

DEBUG:root:Result:replica detected
DEBUG:root:Match or Not:True
DEBUG:root:Real time1486874760.91

DEBUG:root:Extracted signature:bitarray('111111011110110111110111101101111011111110111111111110110111110100011111110011111110111111001110000111001111011110111101111111111111001100111111100011011111100001011111101100111011011011001110001001110010011001100111100000100100010000000000')
DEBUG:root:Matched frame over all scan:808

DEBUG:root:Errors over all scan:19

DEBUG:root:Result:replica detected
DEBUG:root:Match or Not:True
DEBUG:root:Real time1486874761.12

DEBUG:root:Extracted signature:bitarray('111111011110110111110111101101111011111110111111111110110111110101011111110011111110111111001111000111001111011110111101111111111111001100111111100011011111100001011111101100111011011011001110001001110000011011100111100001100100010000000000')
DEBUG:root:Matched frame over all scan:808

DEBUG:root:Errors over all scan:18

DEBUG:root:Result:replica detected
DEBUG:root:Match or Not:True
DEBUG:root:Real time1486874761.32

DEBUG:root:Extracted signature:bitarray('111111001110010111110111101101111011111110111011111110110111110101011111110011111110111111001111000110001110011101111101111111111111001110111111100011011111100001011111101100111011011011101111001101110001011001100111110111101100010000000000')
DEBUG:root:Matched frame over all scan:809

DEBUG:root:Errors over all scan:22

DEBUG:root:Result:replica detected
DEBUG:root:Match or Not:True
DEBUG:root:Real time1486874761.52

DEBUG:root:Extracted signature:bitarray('111111001110010111110111101101111011111110111011111110110111110101011111110011111110111111001111100111001111001110111101111111111111001100111111100011011111100000011111101100111011011011101110101001110001011101100111100001100110001000000000')
DEBUG:root:Matched frame over all scan:808

DEBUG:root:Errors over all scan:22

DEBUG:root:Result:replica detected
DEBUG:root:Match or Not:True
DEBUG:root:Real time1486874761.72

DEBUG:root:Extracted signature:bitarray('111111001110010111110111101101111011111110111011111110110111110101011111110011111110111111001111100111001111001111111101111111111111001110111111100011011111100001011111101100111011011011101110101001110001011101100111100111101110010000000000')
DEBUG:root:Matched frame over all scan:808

DEBUG:root:Errors over all scan:26

DEBUG:root:Result:replica detected
DEBUG:root:Match or Not:True
DEBUG:root:Real time1486874761.92

DEBUG:root:Extracted signature:bitarray('111110111110010111101101110101111110011010111100011010111011000100011100010011110010111100111100011000001000010011010101111001111100100110011101001101001110100000011011110000110111001000110011101111011101110111010011110011010110011101101000')
DEBUG:root:Matched frame over all scan:830

DEBUG:root:Errors over all scan:14

DEBUG:root:Result:replica detected
DEBUG:root:Match or Not:True
DEBUG:root:Real time1486874762.12

DEBUG:root:Extracted signature:bitarray('111110111110010111101101110101111110011010111100011000111011100100111100010011010010111100111000011000001000110011010101111000111100100110011101001001001110110000011011110000110111101000111011101011011101110111010011110001010110011001101000')
DEBUG:root:Matched frame over all scan:830

DEBUG:root:Errors over all scan:12

DEBUG:root:Result:replica detected
DEBUG:root:Match or Not:True
DEBUG:root:Real time1486874762.32

DEBUG:root:Extracted signature:bitarray('111110111110000111101101110101111110011010111100000010111011000100011100010011110010111100111000011000001000010011010101111000111100100110011001001101001110110000111010110000110110001000111001101111010101110101010011110011010110011101101000')
DEBUG:root:Matched frame over all scan:830

DEBUG:root:Errors over all scan:26

DEBUG:root:Result:replica detected
DEBUG:root:Match or Not:True
DEBUG:root:Real time1486874762.52

DEBUG:root:Extracted signature:bitarray('111110111110010111101100110101111110011010111100011000111011100100111100010011010010111100111000011000001000110011010101111000111100100110011101001101001110110000011011110000110111101000110011101111011101110101010011110001010010011001101000')
DEBUG:root:Matched frame over all scan:830

DEBUG:root:Errors over all scan:12

DEBUG:root:Result:replica detected
DEBUG:root:Match or Not:True
DEBUG:root:Real time1486874762.72

DEBUG:root:Extracted signature:bitarray('111110111110010111101101110101111110011010111101011010111011100100111100010011110010111100111000011000011000110011010101011000111100100110011101001100001110110000011011110000110111101010110111001011011100110111010011110001010010111001101000')
DEBUG:root:Matched frame over all scan:831

DEBUG:root:Errors over all scan:11

DEBUG:root:Result:replica detected
DEBUG:root:Match or Not:True
DEBUG:root:Real time1486874762.92

DEBUG:root:Extracted signature:bitarray('111110111110010111101101110101111110011010111100011010111011000100011100010011110010111100111000011000001000010011010101111000111100100100011101001100001110110000111010110001110110001000110011100111010101110101010011110001010010001101101000')
DEBUG:root:Matched frame over all scan:832

DEBUG:root:Errors over all scan:20

DEBUG:root:Result:replica detected
DEBUG:root:Match or Not:True
DEBUG:root:Real time1486874763.12

DEBUG:root:Extracted signature:bitarray('111110111110011111101100100101111110011010111100011000111011000100011000010011000010111000111000011000001000110011010101111000111100110110011001001100001100110100011010110100110100011000110011100111010101110101010011110001010010001001101000')
DEBUG:root:Matched frame over all scan:835

DEBUG:root:Errors over all scan:13

DEBUG:root:Result:replica detected
DEBUG:root:Match or Not:True
DEBUG:root:Real time1486874763.32

DEBUG:root:Extracted signature:bitarray('111110111110010111101100110101111110011010111100011000111011000100111000010011000010110000111000011000001000010011010101111000111100100110011101001100001110110100011010110100110110001001110001100110000101110001011001110011010010001101101000')
DEBUG:root:Matched frame over all scan:833

DEBUG:root:Errors over all scan:17

DEBUG:root:Result:replica detected
DEBUG:root:Match or Not:True
DEBUG:root:Real time1486874763.52

DEBUG:root:Extracted signature:bitarray('111110111110010111101101110101111110011010111101011010111011100100111000010011010010111000111000011000001000110011010101011000111100100000011101001100001110110000011010110100110110001001110011100111000101110001011001110001010010101101101000')
DEBUG:root:Matched frame over all scan:837

DEBUG:root:Errors over all scan:14

DEBUG:root:Result:replica detected
DEBUG:root:Match or Not:True
DEBUG:root:Real time1486874763.72

DEBUG:root:Extracted signature:bitarray('111110111110010111001100110101111110011010111101011000111011000100111000010111000010110000111000011000001000110011010101011001111100110110011011001100001100110100011010110100110100001001110001101110001101110001011001111001010010101001101000')
DEBUG:root:Matched frame over all scan:833

DEBUG:root:Errors over all scan:18

DEBUG:root:Result:replica detected
DEBUG:root:Match or Not:True
DEBUG:root:Real time1486874763.92

DEBUG:root:Extracted signature:bitarray('111110111110010111001101110101111110011010111101011010111011000100111000010111000010110000111000001000001000110011010101011001111100110000011001001100001100110100011010110101110100001001110001101110000101110001011001110001010010101101101000')
DEBUG:root:Matched frame over all scan:838

DEBUG:root:Errors over all scan:13

DEBUG:root:Result:replica detected
DEBUG:root:Match or Not:True
DEBUG:root:Real time1486874764.13

DEBUG:root:Extracted signature:bitarray('111110111110011111001101100101111100011010111100011010111011000100011000010011000010111000111000011000001000110011010101111000111100110000011001001100001000110110111010110101110100011001110011101110010101110101011011110001010010101101101000')
DEBUG:root:Matched frame over all scan:835

DEBUG:root:Errors over all scan:17

DEBUG:root:Result:replica detected
DEBUG:root:Match or Not:True
DEBUG:root:Real time1486874764.33

DEBUG:root:Extracted signature:bitarray('111110111110011111001100110101111110011010111101011010111011000100111000010011000010111000111000001000001000110011010101110001111100110000011001001100001010110110011010110100010100001001110001101110000101110001011001110001010010101101101000')
DEBUG:root:Matched frame over all scan:844

DEBUG:root:Errors over all scan:13

DEBUG:root:Result:replica detected
DEBUG:root:Match or Not:True
DEBUG:root:Real time1486874764.53

DEBUG:root:Extracted signature:bitarray('111110111110011111001100110101101110011110111100001100111011000100011000010011000011110000111000011000001000010011010101111001111100110000011000001100001010110110011010110100010100011001110011100110011101110101011001101001010010101001101000')
DEBUG:root:Matched frame over all scan:845

DEBUG:root:Errors over all scan:21

DEBUG:root:Result:replica detected
DEBUG:root:Match or Not:True
DEBUG:root:Real time1486874764.73

DEBUG:root:Extracted signature:bitarray('111110111111011111001100110101101110011010111100011010111011000100011000010011000010111000111000011000001000010011010101110001111100100000011000001100001010110100111010110101110000001001110011100110000101110001011000111001010011101101101000')
DEBUG:root:Matched frame over all scan:841

DEBUG:root:Errors over all scan:18

DEBUG:root:Result:replica detected
DEBUG:root:Match or Not:True
DEBUG:root:Real time1486874764.93

DEBUG:root:Extracted signature:bitarray('111110111110010111001101110101111110011110111101011010111011000100111000010011000010111000111000011000001000110011010101000000111100110000011101101100001010110100011011110100010101001001110011001110010100110011111001110001010010101001111000')
DEBUG:root:Matched frame over all scan:839

DEBUG:root:Errors over all scan:23

DEBUG:root:Result:replica detected
DEBUG:root:Match or Not:True
DEBUG:root:Real time1486874765.13

DEBUG:root:Extracted signature:bitarray('111100111110011111001100110101111100011010111100010010111011000110011000011011000011111000111000001000001000110011010101010001110100110000011001001100011010110110111010100110010100011001110011100110010101110011011011110001001010101001111000')
DEBUG:root:Matched frame over all scan:844

DEBUG:root:Errors over all scan:33

DEBUG:root:Result:replica detected
DEBUG:root:Match or Not:True
DEBUG:root:Real time1486874765.33

DEBUG:root:Extracted signature:bitarray('111110011100111111000101111101100110011110100111011110001110011101100101111100000111100001110000111001101011011110110001111100111100100110011100011011101100011101011100011100111110001011001110011000111111000111100011100011100110010101100000')
DEBUG:root:Matched frame over all scan:846

DEBUG:root:Errors over all scan:13

DEBUG:root:Result:replica detected
DEBUG:root:Match or Not:True
DEBUG:root:Real time1486874765.53

DEBUG:root:Extracted signature:bitarray('111110011100110111101101111101110110011110100111011110001110011101100101111100000111100001110001111001100011011110110001011100111100100111011100011011101100011101011100011101111110001011001110011000111111000111100011100011100110010101100000')
DEBUG:root:Matched frame over all scan:847

DEBUG:root:Errors over all scan:12

DEBUG:root:Result:replica detected
DEBUG:root:Match or Not:True
DEBUG:root:Real time1486874765.73

DEBUG:root:Extracted signature:bitarray('111110011101111111100100111101110110011110100111011110001110011101111101111100000111100011110001101001101011011110110001111100110111100111011000111011101100011101011110000100011100000011011011001001111111001111100011100011100111010101100000')
DEBUG:root:Matched frame over all scan:848

DEBUG:root:Errors over all scan:24

DEBUG:root:Result:replica detected
DEBUG:root:Match or Not:True
DEBUG:root:Real time1486874765.93

DEBUG:root:Extracted signature:bitarray('111110000001111111101001111101110110011110100110011100001110011100111101110111111110111111100011110001010011010110110001011110000111100111010000111011101100001101011100000011111100000011111110001111111101111111001111100111100111001101100000')
DEBUG:root:Matched frame over all scan:849

DEBUG:root:Errors over all scan:18

DEBUG:root:Result:replica detected
DEBUG:root:Match or Not:True
DEBUG:root:Real time1486874766.13

DEBUG:root:Extracted signature:bitarray('111111000100111111100001101101110110010010100111011100001111111000111111110111111010111110001111100011110111101110100001111110000001100111110000011011111110000101111110000001111111100011111110001111110101111100011111101111101111011101000000')
DEBUG:root:Matched frame over all scan:851

DEBUG:root:Errors over all scan:25

DEBUG:root:Result:replica detected
DEBUG:root:Match or Not:True
DEBUG:root:Real time1486874766.33

DEBUG:root:Extracted signature:bitarray('111110000100110111100001001101110111000010101111011000011111110000111111110111110010111100101111110011110111101110110001011110000101100111100100011011111110000101111110000011111111100011111110001111100101111001011111101111101111011101000000')
DEBUG:root:Matched frame over all scan:852

DEBUG:root:Errors over all scan:5

DEBUG:root:Result:replica detected
DEBUG:root:Match or Not:True
DEBUG:root:Real time1486874766.53

DEBUG:root:Extracted signature:bitarray('111110000000111111100000101101110110000010101111011000011111110000111111000111110010111100101111110011100111101110110001011110000001100111110000011011111110000101111110000011111111100011111110001111100101111001011111101111101111011101000000')
DEBUG:root:Matched frame over all scan:852

DEBUG:root:Errors over all scan:10

DEBUG:root:Result:replica detected
DEBUG:root:Match or Not:True
DEBUG:root:Real time1486874766.73

DEBUG:root:Extracted signature:bitarray('111110000100111111101001101101110111000000101111011000011111110000111111100011111000111110001111110011100111001110100001111110000001100111111000011011111110000101111110000011111111100011111110001111110001111101011111101111001110011111000000')
DEBUG:root:Matched frame over all scan:853

DEBUG:root:Errors over all scan:24

DEBUG:root:Result:replica detected
DEBUG:root:Match or Not:True
DEBUG:root:Real time1486874766.93

DEBUG:root:Extracted signature:bitarray('111110000000111111100000001101110110000011101111010001011111100000111110000011110000111110101111000011100111001110110001111110000001100111111100011011111110000101111111100011111111000011111100001111110001111101011111001111001110001111000000')
DEBUG:root:Matched frame over all scan:854

DEBUG:root:Errors over all scan:22

DEBUG:root:Result:replica detected
DEBUG:root:Match or Not:True
DEBUG:root:Real time1486874767.13

DEBUG:root:Extracted signature:bitarray('111110000100110111101100001101111110000011101111000001011111100000111110000111110000111100101111010011000111001110100001111110000001100111111100011011111110000101111111000011111111000011111100001111110001111101011110101110001110011011000000')
DEBUG:root:Matched frame over all scan:855

DEBUG:root:Errors over all scan:16

DEBUG:root:Result:replica detected
DEBUG:root:Match or Not:True
DEBUG:root:Real time1486874767.33

DEBUG:root:Extracted signature:bitarray('111110000100110111101100001101111110000010101111100000011111000000111100000111110000111101101111000111000111001110110001011111100001100111111000011011111100000101111111000011111110000011111100001111100001111011011100001110101110011101000000')
DEBUG:root:Matched frame over all scan:855

DEBUG:root:Errors over all scan:17

DEBUG:root:Result:replica detected
DEBUG:root:Match or Not:True
DEBUG:root:Real time1486874767.53

DEBUG:root:Extracted signature:bitarray('111110000011111011100000111101100100001111100110001111000100001110000100011001100001111000011001001111000111001100100001011100001111100111000001011011101100100101111100010011101000010111100000111110000111110000111010011111001110011001001000')
DEBUG:root:Matched frame over all scan:858

DEBUG:root:Errors over all scan:47

DEBUG:root:Result:replica detected
DEBUG:root:Match or Not:True
DEBUG:root:Real time1486874767.74

DEBUG:root:Extracted signature:bitarray('111110000001111111000000111101100000011111100100011110000000011110000000011001100001011000011101001011100111001001101001111100001111100111000011111011101001101101111000110011100000100110000001111100000011110000111000011111001110010000000000')
DEBUG:root:Matched frame over all scan:858

DEBUG:root:Errors over all scan:23

DEBUG:root:Result:replica detected
DEBUG:root:Match or Not:True
DEBUG:root:Real time1486874767.94

DEBUG:root:Extracted signature:bitarray('111110000111111111000001111101100000011111100000011110000000011100000001110000001111000000111000011000001000011110111001111100001111100110010010111011001000001101001100110111011000111011000011101000101110000101110000011000010000110000101000')
DEBUG:root:Matched frame over all scan:859

DEBUG:root:Errors over all scan:35

DEBUG:root:Result:replica detected
DEBUG:root:Match or Not:True
DEBUG:root:Real time1486874768.14

DEBUG:root:Extracted signature:bitarray('111110000111111111000001111101100000111110100000011111000000111100000001110000001110000011110000111000011000010111111101111100011111100110000110110011001001011001011100100010011001101100011011101001111100001111000011110000110000100010000000')
DEBUG:root:Matched frame over all scan:860

DEBUG:root:Errors over all scan:43

DEBUG:root:Result:replica detected
DEBUG:root:Match or Not:True
DEBUG:root:Real time1486874768.34

DEBUG:root:Extracted signature:bitarray('111100011011101111100100111101110000111110110000111110000001111100000111111000110111000111110011111001110001100111011101011111110001101011111000111011110011011101001001000110011000000111000100010111100010101111000111100011100011001100100000')
DEBUG:root:Matched frame over all scan:861

DEBUG:root:Errors over all scan:35

DEBUG:root:Result:replica detected
DEBUG:root:Match or Not:True
DEBUG:root:Real time1486874768.54

DEBUG:root:Extracted signature:bitarray('111100011011111111100010111101110001111110100000111110000001111110000111111000010111000111110001111001110001100110011101011111110011101111100001101011110011000001001111001000110001100100010100011111100010101111100011110011100111001101100000')
DEBUG:root:Matched frame over all scan:862

DEBUG:root:Errors over all scan:24

DEBUG:root:Result:replica detected
DEBUG:root:Match or Not:True
DEBUG:root:Real time1486874768.74

DEBUG:root:Extracted signature:bitarray('111100000111111111000001111101100001111110100001111110000001111110000111110000011110000111100001110001110001100110010000011100011111100110011111100011100111110001101111011000010111100110011000010111001100110111001011100101100011001110010000')
DEBUG:root:Matched frame over all scan:866

DEBUG:root:Errors over all scan:16

DEBUG:root:Result:replica detected
DEBUG:root:Match or Not:True
DEBUG:root:Real time1486874768.94

DEBUG:root:Extracted signature:bitarray('111100000111111111000011111101100001111110100001111110000001111110000111111000111110001111100011110001110001100110010000011000001111100001001101100011100111010001011111111000110111100010011000010111001101101111001011100001100011001100100000')
DEBUG:root:Matched frame over all scan:863

DEBUG:root:Errors over all scan:23

DEBUG:root:Result:replica detected
DEBUG:root:Match or Not:True
DEBUG:root:Real time1486874769.14

DEBUG:root:Extracted signature:bitarray('111100000111111111000001111101100001111110100001111110000001111110000111110000111110000111100001110001110001100110110000011100001111100110011011001011100111010001001111111000110111110010011000010111001100110111001001100011100111000100100000')
DEBUG:root:Matched frame over all scan:866

DEBUG:root:Errors over all scan:12

DEBUG:root:Result:replica detected
DEBUG:root:Match or Not:True
DEBUG:root:Real time1486874769.34

DEBUG:root:Extracted signature:bitarray('111100000111111111000101111101100001111110100001111110000001111110000111110000111110000111100001110001110001100110010000011000001111100110011011101011100111010001001111011000110111110010011000110111001100110111001001100001100011000100000000')
DEBUG:root:Matched frame over all scan:866

DEBUG:root:Errors over all scan:7

DEBUG:root:Result:replica detected
DEBUG:root:Match or Not:True
DEBUG:root:Real time1486874769.54

DEBUG:root:Extracted signature:bitarray('111100000011111111000011111101110001111110110001111110000001111100000111111000111110001111100011110001110011100110110001111100001111100010001101111011100110110101110011001000011111110011001100010111001101101111000011100011100111001100100000')
DEBUG:root:Matched frame over all scan:865

DEBUG:root:Errors over all scan:32

DEBUG:root:Result:replica detected
DEBUG:root:Match or Not:True
DEBUG:root:Real time1486874769.74

DEBUG:root:Extracted signature:bitarray('111000001101111111000001111101100001111110100001111110000001111110000111110000011110000111100001110001110001100110110000111100011111100110011011001011001111110001001111111000100111110000011000010111000100110011001001100011100011000100000000')
DEBUG:root:Matched frame over all scan:868

DEBUG:root:Errors over all scan:15

DEBUG:root:Result:replica detected
DEBUG:root:Match or Not:True
DEBUG:root:Real time1486874769.94

DEBUG:root:Extracted signature:bitarray('111000001111111111000001111101100001111110100011111110000001111110000111110000111110000111100001110000110001100110010000111000011111100100011011001011001111110001001110111000011111010010111000110111001100110111001001100001100011000100000000')
DEBUG:root:Matched frame over all scan:869

DEBUG:root:Errors over all scan:11

DEBUG:root:Result:replica detected
DEBUG:root:Match or Not:True
DEBUG:root:Real time1486874770.14

DEBUG:root:Extracted signature:bitarray('111000000111111111000001111101100011111110100011111110000001111110000111110000111110001111100001110001110001100110010000111000011111100110011011101011001110111001001111111000000111110010011001110110011100110111001001100001100011000110000000')
DEBUG:root:Matched frame over all scan:869

DEBUG:root:Errors over all scan:14

DEBUG:root:Result:replica detected
DEBUG:root:Match or Not:True
DEBUG:root:Real time1486874770.35

DEBUG:root:Extracted signature:bitarray('110000000101111110000001111111000011011111100011001111000011111110000111111000111110000111100001110001110011101101000001100000001011101000011111001101001111100001001111111000010111100011011111100011111100011111000111100011100110110010001000')
DEBUG:root:Matched frame over all scan:871

DEBUG:root:Errors over all scan:30

DEBUG:root:Result:replica detected
DEBUG:root:Match or Not:True
DEBUG:root:Real time1486874770.55

DEBUG:root:Extracted signature:bitarray('111000001100111110000011100111100011110001100001111101000011111010000111000000111110000111100001110000110001110010000011100000111001111000011110001001001111100001010111010000100110100110011010010011010100000111010001110001110001100010010000')
DEBUG:root:Matched frame over all scan:872

DEBUG:root:Errors over all scan:14

DEBUG:root:Result:replica detected
DEBUG:root:Match or Not:True
DEBUG:root:Real time1486874770.75

DEBUG:root:Extracted signature:bitarray('110000001100111110000011100111100011111001100001111100000011111000000111100000111110000011100001110000111000110011000011100000111000111000011111000101001111100001010111101000100111010010111011001100011001100011110001110000110001100110000000')
DEBUG:root:Matched frame over all scan:874

DEBUG:root:Errors over all scan:13

DEBUG:root:Result:replica detected
DEBUG:root:Match or Not:True
DEBUG:root:Real time1486874770.95

DEBUG:root:Extracted signature:bitarray('111000001100111110000011100111100011111001100001110100000011101000000111100000111110000011100001110000111000110011000011100000111001111000011111000101001111110001010111101000100111010010011111001100011011000011110001110000110001100110000000')
DEBUG:root:Matched frame over all scan:874

DEBUG:root:Errors over all scan:20

DEBUG:root:Result:replica detected
DEBUG:root:Match or Not:True
DEBUG:root:Real time1486874771.15

DEBUG:root:Extracted signature:bitarray('111000001100111110000011100111100011111001100001111100000011111000000111100000111110100011100000110000111000110011000011100000111001111000011111001101001111110001010111111000100111110010111111000110011101100011010001110000110001100110000000')
DEBUG:root:Matched frame over all scan:875

DEBUG:root:Errors over all scan:15

DEBUG:root:Result:replica detected
DEBUG:root:Match or Not:True
DEBUG:root:Real time1486874771.35

DEBUG:root:Extracted signature:bitarray('110000001100111100000011100111100011111001100001111101000011111000000111100000111110010011100000110000111000110011000011100001011001111000011111001001001111110001000111110000110011110011110111000110011101100011010001110000110001100010000000')
DEBUG:root:Matched frame over all scan:875

DEBUG:root:Errors over all scan:20

DEBUG:root:Result:replica detected
DEBUG:root:Match or Not:True
DEBUG:root:Real time1486874771.55

DEBUG:root:Extracted signature:bitarray('111000000100111111000011100111100011110001100001111101000011111000000111100010011100110011010000111000011000110011001001100000001001111000001111001000001111100001000111110001101111110011111111001110011011100010110000110000010001100110010000')
DEBUG:root:Matched frame over all scan:877

DEBUG:root:Errors over all scan:9

DEBUG:root:Result:replica detected
DEBUG:root:Match or Not:True
DEBUG:root:Real time1486874771.75

DEBUG:root:Extracted signature:bitarray('110000001100111110000011000111100011110001100011111000000011111000001111100111111100111111001111100100110000110011000011101100001001111011000110001001111101100001111101110001111111100011111111001111111001111110011011101001110001100110000000')
DEBUG:root:Matched frame over all scan:878

DEBUG:root:Errors over all scan:40

DEBUG:root:Result:replica detected
DEBUG:root:Match or Not:True
DEBUG:root:Real time1486874771.95

DEBUG:root:Extracted signature:bitarray('110000101100001110000111000011100011110001100001111001001011010010100001001000001001100110010000111000111000100010010101111110001110011111100011100100111001100010111001100011111000100110100010010000010010000101110001110000110001100110100000')
DEBUG:root:Matched frame over all scan:879

DEBUG:root:Errors over all scan:16

DEBUG:root:Result:replica detected
DEBUG:root:Match or Not:True
DEBUG:root:Real time1486874772.15

DEBUG:root:Extracted signature:bitarray('101000110001111110001110011010000111000001001111110000111111100001111110001111110001111100011110101000101001100000000001001001100011110010011100000101001110000010011111000010011111000111111100011111100011100100100010010011010010100000010000')
DEBUG:root:Matched frame over all scan:880

DEBUG:root:Errors over all scan:10

DEBUG:root:Result:replica detected
DEBUG:root:Match or Not:True
DEBUG:root:Real time1486874772.35

DEBUG:root:Extracted signature:bitarray('111101110011110111111100011100111111100110011111110010011111100100111110110011111110111111001111100111100111001100111111100111100110101001111000111000111111011101011111101101111111010001111100000111100000111110011111001111001110011001111000')
DEBUG:root:Matched frame over all scan:881

DEBUG:root:Errors over all scan:9

DEBUG:root:Result:replica detected
DEBUG:root:Match or Not:True
