DEBUG:root:Under real time Point counter:2.09808349609e-05

DEBUG:root:Extracted signature:bitarray('10011000000001110111000000011110110000011111111000001110011000011101110000000011100000011010000010011100000110000010010010111011101111111110000000001111100000000000111000000000001110000011000111000011000111000100001100010001110011001110110010100000010000010001100101101000')
DEBUG:root:Matched frame over all scan:1667

DEBUG:root:Errors over all scan:26

DEBUG:root:Result:replica detected
DEBUG:root:Match or Not:True
DEBUG:root:Under real time Point counter:0.242417097092

DEBUG:root:Extracted signature:bitarray('10000000000001110000000000011110110000001110111000000110011100000001011000000111100010000010010000011100011110000110100100111011101111111110000000001111110000000001111000000000001110000010000111000010000111000100001100110000110110001110100010110000011000010001010101101000')
DEBUG:root:Matched frame over all scan:1668

DEBUG:root:Errors over all scan:18

DEBUG:root:Result:replica detected
DEBUG:root:Match or Not:True
DEBUG:root:Real time1487888155.8

DEBUG:root:Extracted signature:bitarray('10000110011000110000110011001110011000100011111000000110011000000110010000000000100110000010110001010100111011011101011100111011101111011110010000001111110000000001111100000000011110000000000111000010000111000100001100110000110110001110110010111001011000001001010101101000')
DEBUG:root:Matched frame over all scan:1669

DEBUG:root:Errors over all scan:8

DEBUG:root:Result:replica detected
DEBUG:root:Match or Not:True
DEBUG:root:Real time1487888156.0

DEBUG:root:Too small detection probably wrong
DEBUG:root:Real time1487888156.2

DEBUG:root:Too small detection probably wrong
DEBUG:root:Real time1487888156.4

DEBUG:root:Real time1487888156.6

DEBUG:root:Real time1487888156.8

DEBUG:root:Real time1487888157.0

DEBUG:root:Real time1487888157.2

DEBUG:root:Real time1487888157.41

DEBUG:root:Real time1487888157.61

DEBUG:root:Real time1487888157.81

DEBUG:root:Real time1487888158.01

DEBUG:root:Extracted signature:bitarray('10000000111101110010000111001100100001110011011000011001101111011001101111110000011101100011000100010100000110010010001010011001101101100110110010001010110010110001010100111110010110011111001001011111100001111110000011110000101110000101100001010000101000101001011101101000')
DEBUG:root:Matched frame over all scan:1680

DEBUG:root:Errors over all scan:77

DEBUG:root:Result:tau2_fail
DEBUG:root:Match or Not:False
DEBUG:root:Real time1487888158.21

DEBUG:root:Real time1487888158.41

DEBUG:root:Extracted signature:bitarray('10000100010011110000100000011110000001100111100000111001111100011111001100111100000011111100111111101111100010111000110000001001101100001001101111001110001101111001110011111110010101100111001001100011111001100111100010011110001111000001110000110000011001001000010001101000')
DEBUG:root:Matched frame over all scan:1682

DEBUG:root:Errors over all scan:47

DEBUG:root:Result:replica detected
DEBUG:root:Match or Not:True
DEBUG:root:Real time1487888158.61

DEBUG:root:Extracted signature:bitarray('10001000010011010000000111000010000001110000100000111000010001111010000011111110011111111100111101101111000011111000011000110001101101000011001100000110011001100000010110011110000101101110001010101110011000111100110011111111001111000001110000011000001000011010010001101000')
DEBUG:root:Matched frame over all scan:1684

DEBUG:root:Errors over all scan:36

DEBUG:root:Result:replica detected
DEBUG:root:Match or Not:True
DEBUG:root:Real time1487888158.81

DEBUG:root:Extracted signature:bitarray('10000000110011010000000111010010000001110000100000111000010000111000000011111111001111111101111111101111100011110000111000111001101100000011100100000110011100110000010111001110000101100111000010100111001000011110110011111011001111000001110000011000001000011000010001101000')
DEBUG:root:Matched frame over all scan:1684

DEBUG:root:Errors over all scan:23

DEBUG:root:Result:replica detected
DEBUG:root:Match or Not:True
DEBUG:root:Real time1487888159.01

DEBUG:root:Extracted signature:bitarray('10000010011000010000001000000010000010000001101000011000111100011001110001110111000111111100111111001111111011000101001100111000100111100011101110010010011111110011010111111000110011011100011001011110011000111110110001111111000111111001111110011100011000011000010001001000')
DEBUG:root:Matched frame over all scan:1685

DEBUG:root:Errors over all scan:31

DEBUG:root:Result:replica detected
DEBUG:root:Match or Not:True
DEBUG:root:Real time1487888159.21

DEBUG:root:Extracted signature:bitarray('10000100001000110011100001100101111010011001011101100000010111100000011110000000100000000010110011001100100110010010011010100100010000000011100001100110011100101100000110011011000101001111100010001101001010000000010100110001010100011001000110100011000111010110101010010000')
DEBUG:root:Matched frame over all scan:1686

DEBUG:root:Errors over all scan:26

DEBUG:root:Result:replica detected
DEBUG:root:Match or Not:True
DEBUG:root:Real time1487888159.41

DEBUG:root:Extracted signature:bitarray('10000100011100110011000011100101110011010011011001100000010011100000011100000000100000011110110011101100100110010010011011100110010000000011100101100010011100101100000110011011000011001101011010001110001010001100001100110001010110001001100110100011010111010110101010010000')
DEBUG:root:Matched frame over all scan:1687

DEBUG:root:Errors over all scan:15

DEBUG:root:Result:replica detected
DEBUG:root:Match or Not:True
DEBUG:root:Real time1487888159.61

DEBUG:root:Extracted signature:bitarray('10010000001100110011000001100101110010010001011001101000010111100000011100000000100000011100110011101100100110010010011011100110010000000011100101100010011001101100000110011011010011001100011010001100011010001000001101110001010110011001000110100011000111010110101010010000')
DEBUG:root:Matched frame over all scan:1687

DEBUG:root:Errors over all scan:13

DEBUG:root:Result:replica detected
DEBUG:root:Match or Not:True
DEBUG:root:Under real time Point counter:0.207460165024

DEBUG:root:Extracted signature:bitarray('10010010001100110110001001100101100010010011110001100000010001100000011001000000100000011110110011101100110010010000111001110010010010100111001101100010111001101100001100011011010110001100111010001100000010011100000101110001010110011001000110000111000111000110101010010000')
DEBUG:root:Matched frame over all scan:1689

DEBUG:root:Errors over all scan:26

DEBUG:root:Result:replica detected
DEBUG:root:Match or Not:True
DEBUG:root:Real time1487888160.02

DEBUG:root:Extracted signature:bitarray('10100010001100110110011001100101100110011001110011101000010001100000010011000000100000011110010011101100110000011000111101111010000011100101001101100010100001101100011000011011010110011100111010001100000110011100011101110011010000011010001110000111000111000110101010010000')
DEBUG:root:Matched frame over all scan:1690

DEBUG:root:Errors over all scan:9

DEBUG:root:Result:replica detected
DEBUG:root:Match or Not:True
DEBUG:root:Real time1487888160.22

DEBUG:root:Extracted signature:bitarray('10000010001100110000011001100101100110011000110001101000010011100100011111001000110000011110010011101000111000011101011100111011000011101000101101100010000101101100011000111011010100001100101010001100001110001100010100110011010000111010001110000111000111000110001010010000')
DEBUG:root:Matched frame over all scan:1691

DEBUG:root:Errors over all scan:17

DEBUG:root:Result:replica detected
DEBUG:root:Match or Not:True
DEBUG:root:Real time1487888160.42

DEBUG:root:Extracted signature:bitarray('10000010011100010010010011100101110110111001110011001100110011001100011110011000011110001100110001101110011011001101011101110011011111101001101111100010001101111100010011011111000101100111111010100111110010000111110000011111000011111010011110101111000111001110110011011000')
DEBUG:root:Matched frame over all scan:1692

DEBUG:root:Errors over all scan:25

DEBUG:root:Result:replica detected
DEBUG:root:Match or Not:True
DEBUG:root:Real time1487888160.62

DEBUG:root:Extracted signature:bitarray('10010010011100110110010001101101110000011011010000011001110010011000001100110000110011001100011001001110000111000011100011110111011111101011100111100110011000111100100110001111011001000111000100000111000100001110001001111110000011110010111100101110010111010110011001011000')
DEBUG:root:Matched frame over all scan:1693

DEBUG:root:Errors over all scan:47

DEBUG:root:Result:replica detected
DEBUG:root:Match or Not:True
DEBUG:root:Real time1487888160.82

DEBUG:root:Extracted signature:bitarray('10000000011100110110001011101101100010111011110001111000110000111000011001110000100011000010110011101110111011011101011101111011101011100000011111100110100001111100101100010111001110001011100110000011000110000100001100010001010110011011100110111011011011011011010101101000')
DEBUG:root:Matched frame over all scan:1694

DEBUG:root:Errors over all scan:44

DEBUG:root:Result:replica detected
DEBUG:root:Match or Not:True
DEBUG:root:Real time1487888161.02

DEBUG:root:Extracted signature:bitarray('10001101111100110011111101100101110111011000011000011100011000011100010001101100100111011100111011001110110011000010000000111001100111100001111101100110001111101100101111111011001011111111100100111101100100111011001001111101100111111000111110011110011000011000110011001000')
DEBUG:root:Matched frame over all scan:1696

DEBUG:root:Errors over all scan:16

DEBUG:root:Result:replica detected
DEBUG:root:Match or Not:True
DEBUG:root:Real time1487888161.22

DEBUG:root:Extracted signature:bitarray('10000101111100110011111101101101110111011001011001011100011000101100010001101100100111011100111011001110110011000011001000111001100111100001111101100100001111101100100111111011001001111111100100111111100100111001001001111111100111111000111110011110011000011000110001001000')
DEBUG:root:Matched frame over all scan:1696

DEBUG:root:Errors over all scan:9

DEBUG:root:Result:replica detected
DEBUG:root:Match or Not:True
DEBUG:root:Real time1487888161.42

DEBUG:root:Extracted signature:bitarray('10000110111100110011111101101101111111011011011001001100111000100100010001001100100111011100111011001110110011000010001000111001100101100001111101100100001111101100101111111011001001111111100100111101110100111001001001111111100111111000111110011110011000011000110011001000')
DEBUG:root:Matched frame over all scan:1698

DEBUG:root:Errors over all scan:12

DEBUG:root:Result:replica detected
DEBUG:root:Match or Not:True
DEBUG:root:Real time1487888161.62

DEBUG:root:Extracted signature:bitarray('10000111001100110011111101101101111111011011011001011100011000001100010001101100100111011100111011001110110011010010001100011001101111100001111101100100001111101100100111111011001001111111100100111101100100111011001001111111100111111000111110011110011000011000110001001000')
DEBUG:root:Matched frame over all scan:1696

DEBUG:root:Errors over all scan:14

DEBUG:root:Result:replica detected
DEBUG:root:Match or Not:True
DEBUG:root:Real time1487888161.82

DEBUG:root:Extracted signature:bitarray('10000101101100110011111101101101110111011001011001011100011000100100010001100100100111011100111011001110110011000111000000110000000101100001111101100100001111101100101111111011001001111111100100111111100100111001001001111111100111111000111110011110011000011000110011001000')
DEBUG:root:Matched frame over all scan:1699

DEBUG:root:Errors over all scan:10

DEBUG:root:Result:replica detected
DEBUG:root:Match or Not:True
DEBUG:root:Real time1487888162.02

DEBUG:root:Extracted signature:bitarray('10001101101100010011111101100101110111011000011001011100011000010100010001100100100111011100111011001110110011000111001110011000100101100001111101100100001111101100101111111011001001111111100100111111100100111001001001111111100111111000111110011110011000011000110011001000')
DEBUG:root:Matched frame over all scan:1701

DEBUG:root:Errors over all scan:8

DEBUG:root:Result:replica detected
DEBUG:root:Match or Not:True
DEBUG:root:Real time1487888162.22

DEBUG:root:Extracted signature:bitarray('10000001101100110011111101100101110111011001011001001100011000010100010001100100100111011100111011101110110011000111000000100000000101100001111101100100001111101100100111111111001011111111100100111110100100111001001000110011100111111000111110011110011000011000110011001000')
DEBUG:root:Matched frame over all scan:1702

DEBUG:root:Errors over all scan:15

DEBUG:root:Result:replica detected
DEBUG:root:Match or Not:True
DEBUG:root:Real time1487888162.42

DEBUG:root:Extracted signature:bitarray('10000101101100110011111101100101110111011001011001011100011000011100010000100100100111011100111011001110110011000011001000110001100111100001111101100110001111101100100111111011001001111111100100111111100100111001001001111111100111111000111110011110011000011000110001001000')
DEBUG:root:Matched frame over all scan:1696

DEBUG:root:Errors over all scan:7

DEBUG:root:Result:replica detected
DEBUG:root:Match or Not:True
DEBUG:root:Real time1487888162.62

DEBUG:root:Extracted signature:bitarray('10000101101100010011111101100101110111011000011001011100011000011100010000100100100111011100111011001110110011000011001100111001100101100001111101100100001111101100100111111111001001111111100100111111100100111101001001111111100111111000111110011110011000011000110011001000')
DEBUG:root:Matched frame over all scan:1703

DEBUG:root:Errors over all scan:9

DEBUG:root:Result:replica detected
DEBUG:root:Match or Not:True
DEBUG:root:Real time1487888162.83

DEBUG:root:Extracted signature:bitarray('10001101111000010001100011001000111100110100011110110010001110000010011100000100110010000010010000110100001111000011000010000100000011100001101101100010001111101100010011111011000101111101100000111101100100111111001001111100100111100100111111001111010011010100100010011000')
DEBUG:root:Matched frame over all scan:1704

DEBUG:root:Errors over all scan:36

DEBUG:root:Result:replica detected
DEBUG:root:Match or Not:True
DEBUG:root:Real time1487888163.03

DEBUG:root:Extracted signature:bitarray('11111111101100000111111111100001111111111000011111111110001011111110000111111100011111110001111111001101111000111101111101111011111111111111111001110001111111001100011001110001000110011000100011011101100011110011000011101110001101110011001110110111011111011000110010010000')
DEBUG:root:Matched frame over all scan:2507

DEBUG:root:Errors over all scan:62

DEBUG:root:Result:tau3_fail
DEBUG:root:Match or Not:False
DEBUG:root:Real time1487888163.23

DEBUG:root:Extracted signature:bitarray('00000000000000000000000000000000000000000000000000000000000000000000000000000000000000000000000000000000000000000000000000000000000000000000000000000000000000000000000000000000000000000000000000000000000000000000000000000000000000000000000000000000000000000000000000000000')
DEBUG:root:Matched frame over all scan:422

DEBUG:root:Errors over all scan:0

DEBUG:root:Result:replica detected
DEBUG:root:Match or Not:True
DEBUG:root:Real time1487888163.43

DEBUG:root:Extracted signature:bitarray('11100001111011001000001110001011000111100000110011110000000011001100001110110000011000001110000001111000001101000111000110001101101101011110100010011110110000000011110100100000111111011000001110011000000100110000001101000010110000000111000001100001110100110100100110111000')
DEBUG:root:Matched frame over all scan:1707

DEBUG:root:Errors over all scan:23

DEBUG:root:Result:replica detected
DEBUG:root:Match or Not:True
DEBUG:root:Real time1487888163.63

DEBUG:root:Extracted signature:bitarray('11100000111111001100001110010001000011100000110011111100010011111100001110110000111010000110000001110000011101000011100010001101101111101110100110011111110000000011111100100000111110011000001110011000000110110000001101000010110000000110000011100000110100110000100110111000')
DEBUG:root:Matched frame over all scan:1708

DEBUG:root:Errors over all scan:6

DEBUG:root:Result:replica detected
DEBUG:root:Match or Not:True
DEBUG:root:Real time1487888163.83

DEBUG:root:Extracted signature:bitarray('11100001111011001100001111000011000011100000110011110100010011111100001110110000110010000110010001101100011100000011100010001101101101011110100010011110110000000011111100100000111110011000001110011000000100110000001101000010110000000110000011100000110100110000100110111000')
DEBUG:root:Matched frame over all scan:1708

DEBUG:root:Errors over all scan:14

DEBUG:root:Result:replica detected
DEBUG:root:Match or Not:True
DEBUG:root:Real time1487888164.03

DEBUG:root:Extracted signature:bitarray('11100001111011001100001110010001001011100000110011110100010011111100001110110000010010000110001101101111011100000011100010001101101101011110000110011110110000000011111100100000111110011000011110011000001100110000001101000010110000000110000011100011110100110001100110101000')
DEBUG:root:Matched frame over all scan:1709

DEBUG:root:Errors over all scan:18

DEBUG:root:Result:replica detected
DEBUG:root:Match or Not:True
DEBUG:root:Real time1487888164.23

DEBUG:root:Real time1487888164.43

DEBUG:root:Extracted signature:bitarray('11100001111011001100001111000011000011111000010011001110000110001110001100111100110000011110000001101011001101100011100010000101101101001110100010011110110000000011111100100000111110011000001110011000000100110000001101000010110000000111000010100001010100110100100110110000')
DEBUG:root:Matched frame over all scan:1712

DEBUG:root:Errors over all scan:32

DEBUG:root:Result:replica detected
DEBUG:root:Match or Not:True
DEBUG:root:Real time1487888164.63

DEBUG:root:Real time1487888164.83

DEBUG:root:Extracted signature:bitarray('11010000111110010010010111110011001100111110110110011111010110010100001110000001111000000110000000011000000100000011000110001001101100010110000011011101110000001001011110100000110101011000001110011000000110110000001011000010111000010011000000100001010100110000100010010000')
DEBUG:root:Matched frame over all scan:1714

DEBUG:root:Errors over all scan:34

DEBUG:root:Result:replica detected
DEBUG:root:Match or Not:True
DEBUG:root:Under real time Point counter:0.233364105225

DEBUG:root:Real time1487888165.27

DEBUG:root:Extracted signature:bitarray('11010111001111101100001101111001111001011100011100100000011100100000011001000000101100000111001000011100000110000010001110000100010011111100111001111101100100100011101001000000110110100100001110100110000101111100111011000011101000011010000110100011010011010100100010010000')
DEBUG:root:Matched frame over all scan:1717

DEBUG:root:Errors over all scan:28

DEBUG:root:Result:replica detected
DEBUG:root:Match or Not:True
DEBUG:root:Real time1487888165.47

DEBUG:root:Extracted signature:bitarray('10011001111111000111001101111001111000011010110100010000010000110000010001100000101100000011101000011110000110001110000010000100010000010111000011011101110010000011111100101000010110100110000110100110000101101100101011110011101001001010000110100011010011010110101010010000')
DEBUG:root:Matched frame over all scan:1718

DEBUG:root:Errors over all scan:43

DEBUG:root:Result:replica detected
DEBUG:root:Match or Not:True
DEBUG:root:Real time1487888165.67

DEBUG:root:Extracted signature:bitarray('10001101001110011011000001100011110000110000111000010000010000110000010001100000101100000011110000011100011110000110000010010001101100010001100011110111001100010011010010000100110111000110000011000110000011000110111011111011101000011010001110101011010011110110101010010000')
DEBUG:root:Matched frame over all scan:1719

DEBUG:root:Errors over all scan:29

DEBUG:root:Result:replica detected
DEBUG:root:Match or Not:True
DEBUG:root:Real time1487888165.87

DEBUG:root:Extracted signature:bitarray('11001110001100011111000001100011100000110000110000010000011000010000010001100000100110000011110001111000011100000010000010011001101100011001100011110111001100010011010011000100110111000010000111000010000111001110111010111011101000011110000110101110010011010111101010010000')
DEBUG:root:Matched frame over all scan:1719

DEBUG:root:Errors over all scan:10

DEBUG:root:Result:replica detected
DEBUG:root:Match or Not:True
DEBUG:root:Real time1487888166.07

DEBUG:root:Real time1487888166.27

DEBUG:root:Extracted signature:bitarray('11111100001100111111100001100111100000011000111100101001111101100101100111001000001110000011110000011100000110000010000010000100010000011010010001111100110010001101111101100011000110100001100011100001101001000011110010001100011111000010100000100011110011100111001100010000')
DEBUG:root:Matched frame over all scan:1722

DEBUG:root:Errors over all scan:59

DEBUG:root:Result:replica detected
DEBUG:root:Match or Not:True
DEBUG:root:Real time1487888166.47

DEBUG:root:Extracted signature:bitarray('11110001110011011100001100001101001011001011100101110000010011110000010111100010011110000111110000010000000110000011000010000100010011111001111010011101000110010011011001000100110110100010011011000010011001000100110010001011011001101010011010101100111000110001010101101000')
DEBUG:root:Matched frame over all scan:1723

DEBUG:root:Errors over all scan:77

DEBUG:root:Result:tau3_fail
DEBUG:root:Match or Not:False
DEBUG:root:Real time1487888166.67

DEBUG:root:Extracted signature:bitarray('11101101111001101100000111001101110001100011010000110001100100110001101111100100011010010010110000011100100111000011100010000100100111001110001100110100110001100100101110011001110011001001111001000001111001000011101010100110010100110010000100100111010110101101010101010000')
DEBUG:root:Matched frame over all scan:1723

DEBUG:root:Errors over all scan:72

DEBUG:root:Result:tau3_fail
DEBUG:root:Match or Not:False
DEBUG:root:Real time1487888166.87

DEBUG:root:Extracted signature:bitarray('10011001111001101011000111001100110001100011111010110001111011110011100111000111010100011110000110010011100111000010111100111011001000011010111111101100010011001111000110110001110111011000111001000000111101000001111010000111100100111010011110000111100010101101010101001000')
DEBUG:root:Matched frame over all scan:1725

DEBUG:root:Errors over all scan:67

DEBUG:root:Result:replica detected
DEBUG:root:Match or Not:True
DEBUG:root:Real time1487888167.07

DEBUG:root:Extracted signature:bitarray('11111101110000011011001110000010010011100000101001110001011100110000011001100000100110000010100000010000000100000011000010000100010010010001001110000100001001111010000011011111100011100001011001100000011001000000110010000111010000111010001110100111010011010110101110010000')
DEBUG:root:Matched frame over all scan:1726

DEBUG:root:Errors over all scan:46

DEBUG:root:Result:replica detected
DEBUG:root:Match or Not:True
DEBUG:root:Real time1487888167.27

DEBUG:root:Extracted signature:bitarray('10111011110001110111001110001010110001100110011100110001111100010001111001100111100110001110110001111000111100011100111001110010010000010000111110001100001111110001001011111100110011111111001001110011001101000010011010001001100001111110011111001111100111100111001100101000')
DEBUG:root:Matched frame over all scan:1727

DEBUG:root:Errors over all scan:79

DEBUG:root:Result:tau3_fail
DEBUG:root:Match or Not:False
DEBUG:root:Real time1487888167.47

DEBUG:root:Extracted signature:bitarray('10111011100001010111011100001111111001100011111100110001111100000001110000000011100110000110100010010000111100111100111101110110010000011100111110011001000111110001001001111100011010111111001101110111000101000110001000000001110000111010011110001111100111100111001100101000')
DEBUG:root:Matched frame over all scan:1727

DEBUG:root:Errors over all scan:44

DEBUG:root:Result:replica detected
DEBUG:root:Match or Not:True
DEBUG:root:Real time1487888167.67

DEBUG:root:Extracted signature:bitarray('10011101100000110111100000000011111110000000111011100000011001110001110001100011100110001000111000000110011011001110001110011011000000011111110001111000011110001111001011110000010010111100001101011110000100111100001001111100000111000000011111001111100111101111011101101000')
DEBUG:root:Matched frame over all scan:1728

DEBUG:root:Errors over all scan:20

DEBUG:root:Result:replica detected
DEBUG:root:Match or Not:True
DEBUG:root:Real time1487888167.87

DEBUG:root:Extracted signature:bitarray('10011011000111110011111000011100111110000000011110000000011110000001111111000011111100000110110000011110011011001111000010001101111000011001011000111101001100000111101111100001011011110000111101110000011101111000011011110001100110000101110001011100101001101111011101101000')
DEBUG:root:Matched frame over all scan:1729

DEBUG:root:Errors over all scan:62

DEBUG:root:Result:replica detected
DEBUG:root:Match or Not:True
DEBUG:root:Real time1487888168.07

DEBUG:root:Extracted signature:bitarray('10001111001110011000111000110010001110000000101111000000011110000001111100000001110000000110010001110100011110011011000010000100011111011001000001111101000011000110101000110001110011010001111101100001111101000001111010010011101010001111000001110000101000101001011101101000')
DEBUG:root:Matched frame over all scan:1730

DEBUG:root:Errors over all scan:27

DEBUG:root:Result:replica detected
DEBUG:root:Match or Not:True
DEBUG:root:Real time1487888168.27

DEBUG:root:Extracted signature:bitarray('10011111100000000111111001000001101110010011001011111001101011010111001100001100110000100010000000010000000100000010000110000100010011111111100001101101111000001111101110000011111011000001111101000001111101000011111010000111101000101101000011010000101000101001010011011000')
DEBUG:root:Matched frame over all scan:1731

DEBUG:root:Errors over all scan:16

DEBUG:root:Result:replica detected
DEBUG:root:Match or Not:True
DEBUG:root:Real time1487888168.47

DEBUG:root:Extracted signature:bitarray('11111110000001110111110000001101111100110010011110111110001110011100001110011111011000111011000000010010000101000011100010011001101111111101111000011101111110000011101111000001111011110001111101110001111101110001111011000111101000100101011000011100001110001010011011010000')
DEBUG:root:Matched frame over all scan:1732

DEBUG:root:Errors over all scan:7

DEBUG:root:Result:replica detected
DEBUG:root:Match or Not:True
DEBUG:root:Real time1487888168.67

DEBUG:root:Extracted signature:bitarray('10111110010001110111110000001100111110010011011111111001101111111111001011111100011111100001111100011111100111110001111000110011101101010111110000011101101111000011101011110000111011111000011101001100011101001100011010011000101011110001111100011111001111001110011010111000')
DEBUG:root:Matched frame over all scan:1735

DEBUG:root:Errors over all scan:49

DEBUG:root:Result:replica detected
DEBUG:root:Match or Not:True
DEBUG:root:Real time1487888168.88

DEBUG:root:Extracted signature:bitarray('10111110011000010011110000000000111110000111011110110011101110111111101001111000010111100000011110001111111011111101111101111000010010111011110011000101001111000011101011110000111011100100011101100100001101001110001010011100101011100101111010011111001111001110001110101000')
DEBUG:root:Matched frame over all scan:1736

DEBUG:root:Errors over all scan:6

DEBUG:root:Result:replica detected
DEBUG:root:Match or Not:True
DEBUG:root:Real time1487888169.08

DEBUG:root:Extracted signature:bitarray('10011110011000010011110000000000111110100111001110111011101110111111101101111000010111100000111110001111111011111101111101111000010010111011110011000101001111000011101011110000111011100100011101100100001101001110001010011100101011100101111010011111001111001110001110101000')
DEBUG:root:Matched frame over all scan:1736

DEBUG:root:Errors over all scan:6

DEBUG:root:Result:replica detected
DEBUG:root:Match or Not:True
DEBUG:root:Real time1487888169.28

DEBUG:root:Extracted signature:bitarray('10011110011000010011110000000000111110001111011110111111101110111111101001111000010111100000111110001111111011111101111101111010010010111011110011000101001111000011101011110000111011100100011101100100001101001110001010011100101011100101111010011111001111001010001110101000')
DEBUG:root:Matched frame over all scan:1736

DEBUG:root:Errors over all scan:5

DEBUG:root:Result:replica detected
DEBUG:root:Match or Not:True
DEBUG:root:Real time1487888169.48

DEBUG:root:Extracted signature:bitarray('10011110011000010011110000000000111110000111011111111011101110111111101001111000010111100000111110001111111011111101111101111010010010010011110011000101011111000011101011110000111011111100011101100100001101001110001010011100101011100101111110011111001111001110001110101000')
DEBUG:root:Matched frame over all scan:1734

DEBUG:root:Errors over all scan:8

DEBUG:root:Result:replica detected
DEBUG:root:Match or Not:True
DEBUG:root:Real time1487888169.68

DEBUG:root:Extracted signature:bitarray('10111110011000010011110000000000111110000111011111110011101110111111101001111000010111100000111110001111111011111101111101111010010010010011110011000101011111000011101011110000111011111100011101100100001101001110001010011100101011100101111110011111001111001110001110101000')
DEBUG:root:Matched frame over all scan:1734

DEBUG:root:Errors over all scan:8

DEBUG:root:Result:replica detected
DEBUG:root:Match or Not:True
DEBUG:root:Real time1487888169.88

DEBUG:root:Extracted signature:bitarray('10011110011000010011110000000000111110000111011111110011101110111111101001111000010111100000111110001111111011111101111101111010010010010011110011000101011111000011101011110000111011111100011101100100001101001110001010011100101011100101111110011111001111001110001110101000')
DEBUG:root:Matched frame over all scan:1734

DEBUG:root:Errors over all scan:9

DEBUG:root:Result:replica detected
DEBUG:root:Match or Not:True
DEBUG:root:Real time1487888170.08

DEBUG:root:Extracted signature:bitarray('10111110011000100011110000000001111111100111001111110011101110111111101001111000010111100000011110001111111011111101111101111000010010011011110001100101011111100011101011111000111011111100011101100100001101001110001010011100101011100101111110011111001111001110001110101000')
DEBUG:root:Matched frame over all scan:1740

DEBUG:root:Errors over all scan:11

DEBUG:root:Result:replica detected
DEBUG:root:Match or Not:True
DEBUG:root:Real time1487888170.28

DEBUG:root:Extracted signature:bitarray('10111110011000010011110000000000111110000111011111111011101100111111101001111000010111100000111110001111111011111101111101111010010010010011110011100101011111000011101011110000111011111100011101100100001101001110001010011100101011100101111110011111001111001110001110101000')
DEBUG:root:Matched frame over all scan:1742

DEBUG:root:Errors over all scan:8

DEBUG:root:Result:replica detected
DEBUG:root:Match or Not:True
DEBUG:root:Real time1487888170.48

DEBUG:root:Extracted signature:bitarray('10111110011000000011110000000001111111100011001111110011101110111111101001111000010111100000011110001111111010111101111101111000010010011011110001100101001111100011101011111000011011110100001101100100001101001110001010011100101011100101111110011111001111001111001110101000')
DEBUG:root:Matched frame over all scan:1740

DEBUG:root:Errors over all scan:15

DEBUG:root:Result:replica detected
DEBUG:root:Match or Not:True
DEBUG:root:Real time1487888170.68

DEBUG:root:Extracted signature:bitarray('10111111010000010011111000000000111111100111011111110011101110111001101001111000010111100000111110001111111011111101111101111010010010011011111000000101011111100001101011111000011011111100001101100110001101001110001010011100101011100101111110011111001111001110001110101000')
DEBUG:root:Matched frame over all scan:1745

DEBUG:root:Errors over all scan:7

DEBUG:root:Result:replica detected
DEBUG:root:Match or Not:True
DEBUG:root:Real time1487888170.88

DEBUG:root:Extracted signature:bitarray('10011111000000010011111000000000111111100011011111110011101110111001101001111000010111100000111100001111111011111101111101111010010010010011111000000101011111100001101011111000011011111100001101100110001101001110001010011100101011100101111110011111001111001110001110101000')
DEBUG:root:Matched frame over all scan:1745

DEBUG:root:Errors over all scan:6

DEBUG:root:Result:replica detected
DEBUG:root:Match or Not:True
DEBUG:root:Real time1487888171.08

DEBUG:root:Extracted signature:bitarray('10111111000000010011110000000000111111100001001111110011101100111001101001111000010111100000111100001111111011111101111101111000010010111011111000000101001111100001101011111000011011111100001101100110001101001110001010011100101011100101111110011111001111001110001110101000')
DEBUG:root:Matched frame over all scan:1745

DEBUG:root:Errors over all scan:5

DEBUG:root:Result:replica detected
DEBUG:root:Match or Not:True
DEBUG:root:Real time1487888171.29

DEBUG:root:Extracted signature:bitarray('10011111000000010011111000000000111111100010001111110011101110111001101001111000010011100000011100100011111000111101111101111000010010111011111100000101001111100001101011111000011011111100001101100110001101001110001010011100101011100101111010011111001111001111001100101000')
DEBUG:root:Matched frame over all scan:1744

DEBUG:root:Errors over all scan:14

DEBUG:root:Result:replica detected
DEBUG:root:Match or Not:True
DEBUG:root:Real time1487888171.49

DEBUG:root:Extracted signature:bitarray('10011111000000010011111000000010111111100010001110110011101110111001101001111000010011100000011100100011111000111100111101111000010010111011111100000101001111100001101011111000011011111100001101100110001101001110001010011100101011100101111010011111001111001111001100101000')
DEBUG:root:Matched frame over all scan:1747

DEBUG:root:Errors over all scan:13

DEBUG:root:Result:replica detected
DEBUG:root:Match or Not:True
DEBUG:root:Real time1487888171.69

DEBUG:root:Extracted signature:bitarray('10011111000000010011111000000010011111000010001111110011101110111001101101111000010011100000011100000011111001111101111101111000010010011011111100000101011111100001101011111000011011111100001101100110001101001110001010011100101011100101111110011111001111001110001110101000')
DEBUG:root:Matched frame over all scan:1748

DEBUG:root:Errors over all scan:6

DEBUG:root:Result:replica detected
DEBUG:root:Match or Not:True
DEBUG:root:Real time1487888171.89

DEBUG:root:Extracted signature:bitarray('10011111000000010011111000000010111110000011001111110011101111111001001111110000010011100000011100101111111011111101111101111010010010010011111000000101011111100001101011111000011011111100001101100110001101001110001010011100101011100101111110011111001111001110001110101000')
DEBUG:root:Matched frame over all scan:1749

DEBUG:root:Errors over all scan:9

DEBUG:root:Result:replica detected
DEBUG:root:Match or Not:True
DEBUG:root:Real time1487888172.09

DEBUG:root:Extracted signature:bitarray('10011111000000010011110000000010111110000011101110110001101111111001101111110000010111100000111100001111011011111101111101111010010010111011111100000101001111100001011011111000010111111100001101110110001101001110001010011100101011100001111010011111001111001010001110101000')
DEBUG:root:Matched frame over all scan:1751

DEBUG:root:Errors over all scan:12

DEBUG:root:Result:replica detected
DEBUG:root:Match or Not:True
DEBUG:root:Real time1487888172.29

DEBUG:root:Extracted signature:bitarray('10011111000000010011110000000010111110000011101110110001101111111001001111110000010111100010111100001111111011111101111101111000010010111011111000000101001111100001011011111000011111111100001101110110001101001110001010011100001011100001111010011111001111001011000110101000')
DEBUG:root:Matched frame over all scan:1751

DEBUG:root:Errors over all scan:11

DEBUG:root:Result:replica detected
DEBUG:root:Match or Not:True
DEBUG:root:Real time1487888172.49

DEBUG:root:Extracted signature:bitarray('10011110000000010011110000000010111110000001101111000001101111111000001111110000010111100000111111001111111010111101111101111000010011111011111000000101011111000001011011111000011111111100001101101110001101011110001010111100101011100001111010011111001111001011000100101000')
DEBUG:root:Matched frame over all scan:1752

DEBUG:root:Errors over all scan:10

DEBUG:root:Result:replica detected
DEBUG:root:Match or Not:True
DEBUG:root:Real time1487888172.69

DEBUG:root:Extracted signature:bitarray('10011111010000010011111000000010111110000011101111110001101111111000000111111000011111100001111111101111111011111101111101101000010010011011111000001101011111000011101011110000111011111100001101011110001101011110001011111100101111100101111110011111001111001011000100101000')
DEBUG:root:Matched frame over all scan:1753

DEBUG:root:Errors over all scan:6

DEBUG:root:Result:replica detected
DEBUG:root:Match or Not:True
DEBUG:root:Real time1487888172.89

DEBUG:root:Extracted signature:bitarray('10011111000000010011111000000010111110000011000111100001100111111000000111111000011111100001111111101111111011111101111101100100010000011011110000001101011111000011101011110000011011111100001101011110000101111110001011111100101111110101111110011110101110101101000100101000')
DEBUG:root:Matched frame over all scan:1754

DEBUG:root:Errors over all scan:10

DEBUG:root:Result:replica detected
DEBUG:root:Match or Not:True
DEBUG:root:Real time1487888173.09

DEBUG:root:Extracted signature:bitarray('10011111010000010011111000000001111110000001001111110000101111111000001111111000011111110001111111001111111010111101111101001100010000011001111000001101001111000001101011110000011011111100001101111110000101111110001011111100101111110101111101010110101110101101000100101000')
DEBUG:root:Matched frame over all scan:1755

DEBUG:root:Errors over all scan:10

DEBUG:root:Result:replica detected
DEBUG:root:Match or Not:True
DEBUG:root:Real time1487888173.29

DEBUG:root:Extracted signature:bitarray('10011111010000011011110000000001111110000011110111110001100011111000100111111000011111110000111111101111111010111101111101001100000000011011111000001101011111000001101011110000011010111100001101111110000101111110001011111100101111110101111101010110101110101101000100101000')
DEBUG:root:Matched frame over all scan:1756

DEBUG:root:Errors over all scan:9

DEBUG:root:Result:replica detected
DEBUG:root:Match or Not:True
DEBUG:root:Real time1487888173.49

DEBUG:root:Extracted signature:bitarray('10011111000000011011111001000011011110000011100111010001100111011000101110111000011011110000111111101111111011111101111100011100100000011001111000001101001111000001101011110000011011111100001101111110000101111110001011111100101011111101111111010111101111101101000100101000')
DEBUG:root:Matched frame over all scan:1757

DEBUG:root:Errors over all scan:13

DEBUG:root:Result:replica detected
DEBUG:root:Match or Not:True
DEBUG:root:Real time1487888173.69

DEBUG:root:Extracted signature:bitarray('11011111100000011110111000000011001111000000100111001000000111011000001100111000000111111100111111101111111011111101011100011001100000011101111000000101101111000001101011110000011010111000001101111100000101011110001011111100101011111101111111011111101111100111010101101000')
DEBUG:root:Matched frame over all scan:1758

DEBUG:root:Errors over all scan:14

DEBUG:root:Result:replica detected
DEBUG:root:Match or Not:True
DEBUG:root:Real time1487888173.89

DEBUG:root:Extracted signature:bitarray('10110011100000011110111110000111001100110000111110001100011110011100010001111111001111111101111111101111111011111101011100111011000000011100111100000101101111000000101111110000011110100100001101111100000101011110111010111111101111111101111111011111100111101111010101101000')
DEBUG:root:Matched frame over all scan:1759

DEBUG:root:Errors over all scan:15

DEBUG:root:Result:replica detected
DEBUG:root:Match or Not:True
DEBUG:root:Real time1487888174.09

DEBUG:root:Extracted signature:bitarray('10110011100000010110111110000101101100110000111110001100011110001100010001111111000111111101111111101111111011111101111100111011100000011100111100000101100111000000101101110000001110100100000101101100110001001100110010111111001111111101111011011101100111101111010101101000')
DEBUG:root:Matched frame over all scan:1760

DEBUG:root:Errors over all scan:19

DEBUG:root:Result:replica detected
DEBUG:root:Match or Not:True
DEBUG:root:Real time1487888174.29

DEBUG:root:Extracted signature:bitarray('10110111100000000110111100000001101100110000110110011100011100111100010001111111000111111100111111101111111011111101111101111011101100010110111100000101100111100000101101100000001110110000000011100100111001000101110010111111001111111101111101011100100111101101011101001000')
DEBUG:root:Matched frame over all scan:1761

DEBUG:root:Errors over all scan:14

DEBUG:root:Result:replica detected
DEBUG:root:Match or Not:True
DEBUG:root:Real time1487888174.49

DEBUG:root:Extracted signature:bitarray('10110111100000001110111000000011101100110000110110011100010100111100011101111111000111111100111111101111111011111101111101111011101100010110011110000101100111110000101101100000000110110000000011110100111001100101110010110111001111111101111101011100100110101101011101001000')
DEBUG:root:Matched frame over all scan:1761

DEBUG:root:Errors over all scan:18

DEBUG:root:Result:replica detected
DEBUG:root:Match or Not:True
DEBUG:root:Real time1487888174.7

DEBUG:root:Extracted signature:bitarray('11110011101000011110111111000011001100110000100110011000010110111100011011011110000111111100111111101111110011110001111001111011101111110110001110000101100111110000101001110000000110110010100011110000010011000001110010010011001111011101111111001110100110101101011101101000')
DEBUG:root:Matched frame over all scan:1763

DEBUG:root:Errors over all scan:19

DEBUG:root:Result:replica detected
DEBUG:root:Match or Not:True
DEBUG:root:Under real time Point counter:0.223199129105

DEBUG:root:Extracted signature:bitarray('11110011001000011110111111000011001110110000100110011000010110111100011001011110000111111100111111101111110011110001110001110011101111110110001111000101110111111000101101111100000110110010010011110000011011000001110010010011001011011101111111001110100110101101011101101000')
DEBUG:root:Matched frame over all scan:1763

DEBUG:root:Errors over all scan:20

DEBUG:root:Result:replica detected
DEBUG:root:Match or Not:True
DEBUG:root:Real time1487888175.12

DEBUG:root:Extracted signature:bitarray('11111110011000011111110011000011100010010000100011100000010111100001101101001110100011111100111111101111111011111101100111111111111111110011000011000101010001011100011100111111000111011001101011110001111011100001110110000111001000111100011111001111101111101111011101101000')
DEBUG:root:Matched frame over all scan:1765

DEBUG:root:Errors over all scan:9

DEBUG:root:Result:replica detected
DEBUG:root:Match or Not:True
DEBUG:root:Real time1487888175.32

DEBUG:root:Extracted signature:bitarray('11111110011000011111110011100011100110000000111011100001101111100011101100100111110011101100111101101111111011101101101111111111111011110011000001100101011000011100001110011111100111011100100011011000111011100001110110000111011000111110001111000111100111101111011101101000')
DEBUG:root:Matched frame over all scan:1766

DEBUG:root:Errors over all scan:10

DEBUG:root:Result:replica detected
DEBUG:root:Match or Not:True
DEBUG:root:Real time1487888175.52

DEBUG:root:Extracted signature:bitarray('11111110001100011111110001100010100110000001111111100001101111100011101100100111110111000010111011001000111011011101001111111111111011111011000001110101011000001101001110011111100111001100110011011000111011100000110110000011011000111110000111000011100111101111011100101000')
DEBUG:root:Matched frame over all scan:1767

DEBUG:root:Errors over all scan:16

DEBUG:root:Result:replica detected
DEBUG:root:Match or Not:True
DEBUG:root:Real time1487888175.72

DEBUG:root:Extracted signature:bitarray('11111110001000011111100001001110011100000011100111000011001111100011001111100011011110000011110000011000111100011110011111111111111111111001100000111101011100001111001110000010110111001110010011001100010011110000110111000011011000011011000111100011100011100011011100101000')
DEBUG:root:Matched frame over all scan:1768

DEBUG:root:Errors over all scan:17

DEBUG:root:Result:replica detected
DEBUG:root:Match or Not:True
DEBUG:root:Real time1487888175.92

DEBUG:root:Extracted signature:bitarray('11111110001000011011100000001110011100000111101111000011011111100011001111100011111110000011100000011000011100011110011111111111111111111001100000111101001100001111001111000010010111000111011011001100011011110000010111000011011000011011000111100011100011100011001100101000')
DEBUG:root:Matched frame over all scan:1770

DEBUG:root:Errors over all scan:11

DEBUG:root:Result:replica detected
DEBUG:root:Match or Not:True
DEBUG:root:Real time1487888176.12

DEBUG:root:Extracted signature:bitarray('11101110001001011001100000011110011100000111101110000011011111100011001111100001111110000111100000011000000100011110011111111111111111111001100000011101001100001011001011000010010111100001001011001110011011111000010111000001011000001010000111100011100011100011001100101000')
DEBUG:root:Matched frame over all scan:1771

DEBUG:root:Errors over all scan:14

DEBUG:root:Result:replica detected
DEBUG:root:Match or Not:True
DEBUG:root:Real time1487888176.32

DEBUG:root:Extracted signature:bitarray('11101110000011011101100000011110011000000110101110000111001111110010001111100000111100000111100000111000000100001110011101111111111111111001100000011101001100001011001011000010010111100001001011101110001011011000000111000001011000001010000111100011100011100111001100101000')
DEBUG:root:Matched frame over all scan:1771

DEBUG:root:Errors over all scan:9

DEBUG:root:Result:replica detected
DEBUG:root:Match or Not:True
DEBUG:root:Real time1487888176.52

DEBUG:root:Extracted signature:bitarray('11101111000010011101100000011110011000001110101110000110001111110000011011100000111100000111100000111000000100001110011111111111111101011101110000011101101100000011101011000010010111100001001011100110001011011000000111100001011000001010000011100001100001100111001100101000')
DEBUG:root:Matched frame over all scan:1772

DEBUG:root:Errors over all scan:8

DEBUG:root:Result:replica detected
DEBUG:root:Match or Not:True
DEBUG:root:Under real time Point counter:0.201599836349

DEBUG:root:Extracted signature:bitarray('11101111000011011101100000111010011100001100101110000100111100111000011011100000111100000111100000110000000100000010111111111111101100011101110000001101101100000011101011000010010111100001001011100111001011011100000111100000011000001010000011100001100011100111001100101000')
DEBUG:root:Matched frame over all scan:1773

DEBUG:root:Errors over all scan:6

DEBUG:root:Result:replica detected
DEBUG:root:Match or Not:True
DEBUG:root:Real time1487888176.92

DEBUG:root:Extracted signature:bitarray('11101111000000011101100000111010011000001100101110000100011100111000011011100000111100000011100000110000000100000010101111111111101100011101100000001101101100000011101011000010010111100001001011100111001011011100000111110000011000000010000011100001100001100111001100101000')
DEBUG:root:Matched frame over all scan:1773

DEBUG:root:Errors over all scan:14

DEBUG:root:Result:replica detected
DEBUG:root:Match or Not:True
DEBUG:root:Real time1487888177.12

DEBUG:root:Extracted signature:bitarray('11101111000010011100110000111010011100001100101110000000111100111000011011100000111100000011100000110000000100000011111111111111101100011101110000001101101110000011101011100010010111100001000011100011000011011100000111110000011000000010000011100001100011100111001100101000')
DEBUG:root:Matched frame over all scan:1776

DEBUG:root:Errors over all scan:7

DEBUG:root:Result:replica detected
DEBUG:root:Match or Not:True
DEBUG:root:Real time1487888177.32

DEBUG:root:Extracted signature:bitarray('11101111000010011100110000111010011100001100101110000000011100111000011011100000111100000011100000110000000100000011111111111111101100011101110000001101101110000011101011100000010111110001000011100011000011011100000111110000011000000010000001100001100011100111001100101000')
DEBUG:root:Matched frame over all scan:1776

DEBUG:root:Errors over all scan:11

DEBUG:root:Result:replica detected
DEBUG:root:Match or Not:True
DEBUG:root:Real time1487888177.53

DEBUG:root:Extracted signature:bitarray('11110011000010011100110000111010011100001100101110000000011100111000011011100000111100000011100000010000000100000011111111111111101100011100110000001101100110000011101011100000010111110001000011100001001011011100000111110000011000000010000001100001100011100111001100101000')
DEBUG:root:Matched frame over all scan:1779

DEBUG:root:Errors over all scan:13

DEBUG:root:Result:replica detected
DEBUG:root:Match or Not:True
DEBUG:root:Real time1487888177.73

DEBUG:root:Extracted signature:bitarray('11111111000010011100110000111010011100001100101110000000011100111000011011100000111100000011100000110000000100000011111111111111101100011101110000001101101110000011101011100000010111110001000011100011000011011100000111110000011000000010000011100001100011100111001100101000')
DEBUG:root:Matched frame over all scan:1776

DEBUG:root:Errors over all scan:11

DEBUG:root:Result:replica detected
DEBUG:root:Match or Not:True
DEBUG:root:Real time1487888177.93

DEBUG:root:Extracted signature:bitarray('11101111000010011100110000111010011100001100101110000000011100111000011011100000111100000011100000110000000100000011111101111111101100011101110000001101101110000011101011100010010111110001000011100011000011011100000111110000011000000010000011100001100001100111001100101000')
DEBUG:root:Matched frame over all scan:1776

DEBUG:root:Errors over all scan:9

DEBUG:root:Result:replica detected
DEBUG:root:Match or Not:True
DEBUG:root:Real time1487888178.13

DEBUG:root:Extracted signature:bitarray('11101111000010011100110000111110011100001100101110000000011100111000011011100000111100000011100000110000000100000010111101111111101100011101110000001101101110000011101011100010010111110001000011100011001011011100000111110000011000000010000011100001100001100111001100101000')
DEBUG:root:Matched frame over all scan:1776

DEBUG:root:Errors over all scan:10

DEBUG:root:Result:replica detected
DEBUG:root:Match or Not:True
DEBUG:root:Real time1487888178.33

DEBUG:root:Extracted signature:bitarray('11100111000110011100110000111110011100001110101110000000111100111000011011100000111100000011100000110000000100000010111101111111101100011101110000001101101110000011101011100010010111110001000011100011001011011100000111110000011000000010000011100001100001100111001100101000')
DEBUG:root:Matched frame over all scan:1776

DEBUG:root:Errors over all scan:10

DEBUG:root:Result:replica detected
DEBUG:root:Match or Not:True
DEBUG:root:Under real time Point counter:2.21729278564e-05

DEBUG:root:Extracted signature:bitarray('11100011110000011100111110000010011111110000101111111000100111111000000111100000011110000011110000011000000100000110000110001100010100011110110110000110111111110000101011011100001011101111001101101111001101111100011011110000011110000111000001110000111000110000100010010000')
DEBUG:root:Matched frame over all scan:1790

DEBUG:root:Errors over all scan:22

DEBUG:root:Result:replica detected
DEBUG:root:Match or Not:True
