DEBUG:root:Under real time Point counter:2.38418579102e-05

DEBUG:root:Extracted signature:bitarray('10101101001010110111100010101110111000101011101110010011110011001110101101101110111010101101010100110100101100101110101100011001101110110011001001001011010001111000011000011110001010001110011011000100011011100100101010011000011001111010011001001100011011011011011110101000')
DEBUG:root:Matched frame over all scan:324

DEBUG:root:Errors over all scan:81

DEBUG:root:Result:tau3_fail
DEBUG:root:Match or Not:False
DEBUG:root:Under real time Point counter:0.203169107437

DEBUG:root:Extracted signature:bitarray('10101101000110010111100001101110111001010111101100001011010010101110101101010010011100011011011000110101001101000110100100000111011110110111001011011011010001111000011000011110001010000110011011101100011001100110101010001111011100110011001101011110011001000001010110111000')
DEBUG:root:Matched frame over all scan:325

DEBUG:root:Errors over all scan:81

DEBUG:root:Result:tau2_fail
DEBUG:root:Match or Not:False
DEBUG:root:Real time1487901429.36

DEBUG:root:Extracted signature:bitarray('10010010001011110101000100111110011001001111101010001110111010111010100010101101001100101100101101010011101001000100100110100100010111110111001100011011011000100001111011100001101011000001001011001100010010010000101010100011010100011011001110011100010001010011011111101000')
DEBUG:root:Matched frame over all scan:326

DEBUG:root:Errors over all scan:70

DEBUG:root:Result:replica detected
DEBUG:root:Match or Not:True
DEBUG:root:Real time1487901429.56

DEBUG:root:Extracted signature:bitarray('11011110000101110101001000001110101000010011100010001101110001010011110110100111010001000100110101010010110101011010010110001100010110110111000100001011011011000001101111100010011011010101110011100110110011010011101011001110110001101010010000010000010111010011101011011000')
DEBUG:root:Matched frame over all scan:327

DEBUG:root:Errors over all scan:69

DEBUG:root:Result:tau3_fail
DEBUG:root:Match or Not:False
DEBUG:root:Real time1487901429.76

DEBUG:root:Extracted signature:bitarray('11011110001010010110111010001110110101100011000011000001100111000001100100100001000010110101101010101001101001110100001101011100100100110111000000001011011001000001101111110011010010011100110011101010110011011010101011001110101001110010011001010010010010010110011001011000')
DEBUG:root:Matched frame over all scan:351

DEBUG:root:Errors over all scan:83

DEBUG:root:Result:tau2_fail
DEBUG:root:Match or Not:False
DEBUG:root:Under real time Point counter:0.220192909241

DEBUG:root:Extracted signature:bitarray('01111111011110101111011111110110101111111011100111111101110111101101110111000111101000111110001111010111111010111110111101110011111111110000000001110111000010001111101000110110011010100111011001000111111011001101101010111100010111101010110011011001111011110011011110011000')
DEBUG:root:Matched frame over all scan:332

DEBUG:root:Errors over all scan:64

DEBUG:root:Result:replica detected
DEBUG:root:Match or Not:True
DEBUG:root:Real time1487901430.18

DEBUG:root:Extracted signature:bitarray('01111111101110101111011111110110101111111011100111111101110111101101110111010111101000111110001111110111111010111110111001110011111111110000000001110111100100001111101000111100011010110111011001000111111011001111101010111100010111001010110011011011111011110111011110011000')
DEBUG:root:Matched frame over all scan:332

DEBUG:root:Errors over all scan:65

DEBUG:root:Result:tau3_fail
DEBUG:root:Match or Not:False
DEBUG:root:Real time1487901430.38

DEBUG:root:Extracted signature:bitarray('01111111101111101111011111110110011111111011100111111101110111101101110111010111101101011110110111110011111100111110111101110011111111110000000001111111100000001111101001110110011010100111011001000111111011001101101010111100010111001011110011011011111011110011011110011000')
DEBUG:root:Matched frame over all scan:333

DEBUG:root:Errors over all scan:64

DEBUG:root:Result:replica detected
DEBUG:root:Match or Not:True
DEBUG:root:Real time1487901430.58

DEBUG:root:Extracted signature:bitarray('01111111101110101111011111111010111111111101101111111101110111101101110111010111101101011110110111110011111100111110111101110011111111110000000001110111100100001110101000110110011010110111011001000111111011001101101010111100010111001011110011011011111011110111011110011000')
DEBUG:root:Matched frame over all scan:331

DEBUG:root:Errors over all scan:67

DEBUG:root:Result:tau3_fail
DEBUG:root:Match or Not:False
DEBUG:root:Real time1487901430.79

DEBUG:root:Extracted signature:bitarray('01111111101110101111011111110110011111111101101111111101110111101101110111010111101101011110100111110011111100111110111101110011111111110000000001110111000100001111101001110110010010100111011001000111111011001111101010111100010111001010110011011011011011110011011110011000')
DEBUG:root:Matched frame over all scan:332

DEBUG:root:Errors over all scan:65

DEBUG:root:Result:replica detected
DEBUG:root:Match or Not:True
DEBUG:root:Real time1487901430.99

DEBUG:root:Extracted signature:bitarray('01111111101110101111011111110110111111111101101111111110110111101101110111010111101010111110101111110111111100111110111101110011111111110000000001111111000010001111101001110100011010100111011001000111111011001111101010111100010111001010110011011011111011110111011110011000')
DEBUG:root:Matched frame over all scan:330

DEBUG:root:Errors over all scan:63

DEBUG:root:Result:replica detected
DEBUG:root:Match or Not:True
DEBUG:root:Real time1487901431.19

DEBUG:root:Extracted signature:bitarray('01111111101110101111011111110110111111111101100111111110110111101101110111010111101101011110101111110011111100111110111101110011111111110000000001110111000100001111101001110100011010100111011001000111111011001111101010111100010111001010110011011011111011110111011110011000')
DEBUG:root:Matched frame over all scan:332

DEBUG:root:Errors over all scan:62

DEBUG:root:Result:replica detected
DEBUG:root:Match or Not:True
DEBUG:root:Real time1487901431.39

DEBUG:root:Extracted signature:bitarray('01111111101110101111011111110110101111111011100111111110110111101101110111010111101100011110100111110011111100111110111101110011111111110000000001110111100000001111101001111110011010100111011001000111111011001111101010111100010111001010110011011011111011110111011110011000')
DEBUG:root:Matched frame over all scan:332

DEBUG:root:Errors over all scan:63

DEBUG:root:Result:tau3_fail
DEBUG:root:Match or Not:False
DEBUG:root:Real time1487901431.59

DEBUG:root:Extracted signature:bitarray('10101010110000100111011110101110110011101011101001101100010011110100010011100000100110000010010111001001011000110101111110101100000000110001111111001010001101001100010110111001111011010111001000100110001000101110111010111111000111111000111111010111011011010111001110011000')
DEBUG:root:Matched frame over all scan:342

DEBUG:root:Errors over all scan:67

DEBUG:root:Result:replica detected
DEBUG:root:Match or Not:True
DEBUG:root:Real time1487901431.79

DEBUG:root:Extracted signature:bitarray('10010011101000100011101010110110101010101111000111011000110011010010010011001000100110010010111011100101101101011100101110001100110100110001111010011011001111101001000110111101101011011011110011100100110010001111001010111101010111011011110111010010010011010111001110111000')
DEBUG:root:Matched frame over all scan:338

DEBUG:root:Errors over all scan:56

DEBUG:root:Result:replica detected
DEBUG:root:Match or Not:True
DEBUG:root:Real time1487901431.99

DEBUG:root:Extracted signature:bitarray('10010011100010100011111010110110011010101111101101010001101110110010010110101000101111010001111011100101011101011101011100011001100100110001111011011010001101101101000110111001101011011011110011100110110010001111001000111101000111111010110111010010010011010011001110111000')
DEBUG:root:Matched frame over all scan:339

DEBUG:root:Errors over all scan:47

DEBUG:root:Result:replica detected
DEBUG:root:Match or Not:True
DEBUG:root:Real time1487901432.19

DEBUG:root:Extracted signature:bitarray('10010011100010100001111010111101101010101111101101010000101111010010010111001000101111010001111011100101011100011101011100011001100100110001111011001010001101001101010110111001111011011011010010100110110010001111001000111101000111111000111111011010010011010011001110111000')
DEBUG:root:Matched frame over all scan:339

DEBUG:root:Errors over all scan:40

DEBUG:root:Result:replica detected
DEBUG:root:Match or Not:True
DEBUG:root:Real time1487901432.39

DEBUG:root:Extracted signature:bitarray('10010011100010100011111010111110101010101111100111010000110111010010010011001000100111110010111011101001011101011101101100011001100100110001111011011010001111001101000110111001101011010111010010100110100000001111001000111101000111111000111111011010010011010111001110111000')
DEBUG:root:Matched frame over all scan:339

DEBUG:root:Errors over all scan:40

DEBUG:root:Result:replica detected
DEBUG:root:Match or Not:True
DEBUG:root:Real time1487901432.59

DEBUG:root:Extracted signature:bitarray('10010011101000100101111010111110101010101111100101010000110111010010010011001000100110110010111011101010011100011101110100011001100100110001111011001010001101001101010110111001111011010111011010100110110000001111001000111101000111101000111111011010010011010011001110111000')
DEBUG:root:Matched frame over all scan:339

DEBUG:root:Errors over all scan:43

DEBUG:root:Result:replica detected
DEBUG:root:Match or Not:True
DEBUG:root:Real time1487901432.79

DEBUG:root:Extracted signature:bitarray('10010011100100100100111010101110101110101111100101010000110011101010010011110000100111010010011101101100101101101101110100011001100100110001111111001010001101001100010110111001111011010111011000100110110000100111101000111101000111101000111111011100011011010011001110011000')
DEBUG:root:Matched frame over all scan:342

DEBUG:root:Errors over all scan:51

DEBUG:root:Result:replica detected
DEBUG:root:Match or Not:True
DEBUG:root:Real time1487901432.99

DEBUG:root:Extracted signature:bitarray('10010011110000100110111101001110101010101111100101010010110011100100010011100000100111010010011101110110101101101110110100011001100100110001111011000010001101001100010110111001111011010111011000100110110000001111001000111101000111101000111111011010011011010011001010011000')
DEBUG:root:Matched frame over all scan:343

DEBUG:root:Errors over all scan:38

DEBUG:root:Result:replica detected
DEBUG:root:Match or Not:True
DEBUG:root:Real time1487901433.19

DEBUG:root:Extracted signature:bitarray('10011001101000100111011100101110101110101111001011100010110011101100010011110000100111010010011101110110101101101110110100011001100100110001111111000010001101001100010110111001111011010111011010100110110000001111101000111101000111101000111111011010011011010111001110011000')
DEBUG:root:Matched frame over all scan:343

DEBUG:root:Errors over all scan:40

DEBUG:root:Result:replica detected
DEBUG:root:Match or Not:True
DEBUG:root:Real time1487901433.39

DEBUG:root:Extracted signature:bitarray('10010011110000100110111011010110101110110111100101010010110011100100010011100000100111010010011101110110101101101110110100011001100100110001111111000010001101001100010110111001111011010111011010100110110010001111001000111101000111101000111111011100011011010011001110011000')
DEBUG:root:Matched frame over all scan:343

DEBUG:root:Errors over all scan:43

DEBUG:root:Result:replica detected
DEBUG:root:Match or Not:True
DEBUG:root:Real time1487901433.59

DEBUG:root:Extracted signature:bitarray('10100101110000100101011010100110110110110111001011100011110011101100010011110000100110010010011101110110101101100110110100111001100100110001111111000010001111001100010111111001111011010101001010100111110000100111101000111111000111111000111111011100011001010011001110011000')
DEBUG:root:Matched frame over all scan:343

DEBUG:root:Errors over all scan:49

DEBUG:root:Result:replica detected
DEBUG:root:Match or Not:True
DEBUG:root:Real time1487901433.79

DEBUG:root:Extracted signature:bitarray('10101001110000100111011011101110110110110111001011100011110011101100010101100000100111010010011101110110101101100110110100011001100100110001111111000010001101001100010110111001111011010111011010100110011000100111101000111111000111111000111111011110011011010011001110011000')
DEBUG:root:Matched frame over all scan:343

DEBUG:root:Errors over all scan:38

DEBUG:root:Result:replica detected
DEBUG:root:Match or Not:True
DEBUG:root:Real time1487901433.99

DEBUG:root:Extracted signature:bitarray('11101110001010010111011000100110111101010001100011010001100111001001101010100001001110000110110000101010101011001100101100101100100011110111100000001011111110000001101011110001011010011110111010010101110011001111001010101100001101100011001100010011010011010110100110010000')
DEBUG:root:Matched frame over all scan:349

DEBUG:root:Errors over all scan:53

DEBUG:root:Result:replica detected
DEBUG:root:Match or Not:True
DEBUG:root:Real time1487901434.19

DEBUG:root:Extracted signature:bitarray('10111100101000110101110001010110101011000101100010100101100110101001100101010001000100100101100100101001011011001100010100000110010010110111100000001011111110001001101011110001011011011100110011010110100011001010011010101111001101110011011100010011010001010110100110011000')
DEBUG:root:Matched frame over all scan:350

DEBUG:root:Errors over all scan:45

DEBUG:root:Result:replica detected
DEBUG:root:Match or Not:True
DEBUG:root:Real time1487901434.39

DEBUG:root:Extracted signature:bitarray('10111101100000110101111000010110110001000101100010100100100110101001100101001001000001010101101101101001011000101100010100000100010010111111110000011011111010001001011111100001100010011110110010110100101011011110111011001111001001100010011100010011010011010100000110011000')
DEBUG:root:Matched frame over all scan:351

DEBUG:root:Errors over all scan:38

DEBUG:root:Result:replica detected
DEBUG:root:Match or Not:True
DEBUG:root:Real time1487901434.59

DEBUG:root:Extracted signature:bitarray('10111101110100110110111110001100110001001011000010100101100110101000100100001001101010000101001000101000101010101100010110101101111010111111110011001111111001000011011100001101111010011111111010111010101001011010110010101100001111100010001100010011010010010011101010010000')
DEBUG:root:Matched frame over all scan:353

DEBUG:root:Errors over all scan:78

DEBUG:root:Result:tau3_fail
DEBUG:root:Match or Not:False
DEBUG:root:Real time1487901434.79

DEBUG:root:Extracted signature:bitarray('10111101010100110110111110001100110101001011100011000101110111010100100100010001010001000101000100110000101000101100101110101001101010111011110111000111011100000011011110001100111010000111111001100111101001011010101011101100101011100010111101010010010010010011101010010000')
DEBUG:root:Matched frame over all scan:353

DEBUG:root:Errors over all scan:53

DEBUG:root:Result:replica detected
DEBUG:root:Match or Not:True
DEBUG:root:Real time1487901434.99

DEBUG:root:Extracted signature:bitarray('10111010101000110110111100010110110001011001101000110101110000110010100110101001101001010110011110110100111100101100010000110101010110111111001000100011011001000011011011001000111010000111010001001110011001101000101010010100110011100010110110010011011010011011010010011000')
DEBUG:root:Matched frame over all scan:354

DEBUG:root:Errors over all scan:60

DEBUG:root:Result:replica detected
DEBUG:root:Match or Not:True
DEBUG:root:Real time1487901435.19

DEBUG:root:Extracted signature:bitarray('11011000011110110110100010110110101001101101101100101101101000110111100111100101010111010010001010010001000100001110100110111111110100110110000000110011010001001000101000110011101010111001100011000000110001001001111010100111010110101010110001110000011000011001110010010000')
DEBUG:root:Matched frame over all scan:355

DEBUG:root:Errors over all scan:78

DEBUG:root:Result:tau3_fail
DEBUG:root:Match or Not:False
DEBUG:root:Real time1487901435.39

DEBUG:root:Extracted signature:bitarray('10011000101010100101010010101110001000101100100010110111000110011010101110101001011011010001011001010110001101000000101110101101100001110011001001100011111001011010011000010100011011011000001111100111001101000001101010010111011000111011001111011101101001001100010010010000')
DEBUG:root:Matched frame over all scan:356

DEBUG:root:Errors over all scan:67

DEBUG:root:Result:replica detected
DEBUG:root:Match or Not:True
DEBUG:root:Real time1487901435.6

DEBUG:root:Extracted signature:bitarray('01011000100110100101010001101010110100011011010001001011100110101011001110101110011100000011100100100100100101000010101100101000110111110011001011011011101001110011011010011100011011101010011111111000011111010110111010010111011000111011001101011010011001011111011100110000')
DEBUG:root:Matched frame over all scan:357

DEBUG:root:Errors over all scan:57

DEBUG:root:Result:replica detected
DEBUG:root:Match or Not:True
DEBUG:root:Real time1487901435.8

DEBUG:root:Extracted signature:bitarray('01111110000100011111101010010011111010010000001011000000101011000000100101100011011011000011011000010110000001101110101101011001100101110110011110000010011011110000010011111111001011111110100010111110000011100011001011101101011001100010011101001000010000010101001010011000')
DEBUG:root:Matched frame over all scan:359

DEBUG:root:Errors over all scan:65

DEBUG:root:Result:tau3_fail
DEBUG:root:Match or Not:False
DEBUG:root:Real time1487901436.0

DEBUG:root:Extracted signature:bitarray('01001110000001101111111000010011111101000000001101010000001101100001000111100001101011010101011000010110001011101100101110011001101011111110011110000010001111110000010011111001001011111100100010110110000011000100001011001100001001100011011101011000010000010101000010011000')
DEBUG:root:Matched frame over all scan:359

DEBUG:root:Errors over all scan:54

DEBUG:root:Result:replica detected
DEBUG:root:Match or Not:True
DEBUG:root:Real time1487901436.2

DEBUG:root:Extracted signature:bitarray('00011111100000011110110101000001111101010000001101000100001101110001000111001001100101010101011000001011011011110100101110011001101101111000011100000010000011110100010011110111001011110101100010110111000011100110001011101101011101100011001001011000010000010001000010011000')
DEBUG:root:Matched frame over all scan:362

DEBUG:root:Errors over all scan:56

DEBUG:root:Result:replica detected
DEBUG:root:Match or Not:True
DEBUG:root:Real time1487901436.4

DEBUG:root:Extracted signature:bitarray('00011111100001100110110101011101111101010000001101100001001101110000100111010101000101001011101001101011011011101100100110011101101101110000011100000010001111110100010011111111001011110111100010110111000011100110001010101101011101000011000001010100010000010001000010010000')
DEBUG:root:Matched frame over all scan:361

DEBUG:root:Errors over all scan:58

DEBUG:root:Result:replica detected
DEBUG:root:Match or Not:True
DEBUG:root:Real time1487901436.6

DEBUG:root:Extracted signature:bitarray('01011110101000011101110100100001111011001000001101100010001101110000100111001001000111010011011000100111000011110000110110110111101101110000011100000010001011110100010011111011001011111101100010110111000011100110001010101100011101000011000001010100010000010001000010010000')
DEBUG:root:Matched frame over all scan:362

DEBUG:root:Errors over all scan:38

DEBUG:root:Result:replica detected
DEBUG:root:Match or Not:True
DEBUG:root:Real time1487901436.8

DEBUG:root:Extracted signature:bitarray('01111110110011001111101101000001111011000010001110110000101101111000101011101001001010010101110100101011000011110001010110011111101101111000011100010010000011110100010001111111001011111101100010110111000011100110001011000001011001100011000001010100011000010001010010010000')
DEBUG:root:Matched frame over all scan:363

DEBUG:root:Errors over all scan:59

DEBUG:root:Result:replica detected
DEBUG:root:Match or Not:True
DEBUG:root:Real time1487901437.0

DEBUG:root:Extracted signature:bitarray('00111111000010011111110101000001011100000100001110000101001101110000100101110001101010100101101000010111100011101000100110011001110101110000011110010010001011111100010111111111001011111111100010110111000011000110001011001001101001100011001101011000010000010001010010010000')
DEBUG:root:Matched frame over all scan:364

DEBUG:root:Errors over all scan:62

DEBUG:root:Result:replica detected
DEBUG:root:Match or Not:True
DEBUG:root:Real time1487901437.2

DEBUG:root:Extracted signature:bitarray('00001111100010011111111010000001011101000100001101100010001101011001101010111011000010110000111001010011010001110100111100001100010010110000010110010010011000111100010111011111001011111111000010110011000011100110011011000001011000000011000011010100010000010111001010010000')
DEBUG:root:Matched frame over all scan:365

DEBUG:root:Errors over all scan:43

DEBUG:root:Result:replica detected
DEBUG:root:Match or Not:True
DEBUG:root:Real time1487901437.4

DEBUG:root:Extracted signature:bitarray('01001111100010011111110101000000111011000010001101110001101100011001100110111101000001111101101111001001100100100010010100111001011000110000010110110010011010111100010011111111001011110011000010110011000101010010011011000100011000000011000011010111010110010001010010011000')
DEBUG:root:Matched frame over all scan:366

DEBUG:root:Errors over all scan:66

DEBUG:root:Result:replica detected
DEBUG:root:Match or Not:True
DEBUG:root:Real time1487901437.6

DEBUG:root:Extracted signature:bitarray('00101100001011101111110101000101101110000010001111000001010100010000110100110001101100001110101010110001101010110101001110111010010010110001000111100010011000111100010011011110001011100110000011010010000011100100011011000001011010000010100011011010010100010001001010011000')
DEBUG:root:Matched frame over all scan:367

DEBUG:root:Errors over all scan:87

DEBUG:root:Result:tau2_fail
DEBUG:root:Match or Not:False
DEBUG:root:Real time1487901437.8

DEBUG:root:Extracted signature:bitarray('00100111000000001001110110010000111010001000011101000001001101010000100110000001100110100110110000010111001100001101010010010110011011110001000111100010001000111100010011001110001011100011000011110011000011000100011010000001101100100010000011011000010100010001001110010000')
DEBUG:root:Matched frame over all scan:368

DEBUG:root:Errors over all scan:63

DEBUG:root:Result:replica detected
DEBUG:root:Match or Not:True
DEBUG:root:Real time1487901438.0

DEBUG:root:Real time1487901438.2

DEBUG:root:Real time1487901438.4

DEBUG:root:Extracted signature:bitarray('01000111100000001010110110010000111000110001011110010100101110010110101011001101001010100100010111110110111010110100101100011011110111110001100111110010001100111000010111101110001011010011100011010001101011000011011011001000010101001010100101010100010100010001000010011000')
DEBUG:root:Matched frame over all scan:369

DEBUG:root:Errors over all scan:87

DEBUG:root:Result:tau1_fail
DEBUG:root:Match or Not:False
DEBUG:root:Real time1487901438.6

DEBUG:root:Real time1487901438.8

DEBUG:root:Real time1487901439.01

DEBUG:root:Real time1487901439.21

DEBUG:root:Too small detection probably wrong
DEBUG:root:Real time1487901439.41

DEBUG:root:Extracted signature:bitarray('01111100010100001101100110010001011001100010101100110000110011101010100011011001101101111110101011110110101010101010111001011001100111111111100110000110110110110001111101100110011010110011000011010001000011110011110011001100010111001010100011010000010000010001001110011000')
DEBUG:root:Matched frame over all scan:450

DEBUG:root:Errors over all scan:101

DEBUG:root:Result:tau3_fail
DEBUG:root:Match or Not:False
DEBUG:root:Real time1487901439.61

DEBUG:root:Real time1487901439.81

DEBUG:root:Extracted signature:bitarray('10000001011110100000100001111100000000011101100011001110110011001101110100101101100110011101101111011011100101101010011001011001100101110101100110000011110000100000111011000110011011000011011011110001100011110110001011100000010110000010001001010100110000110001010010011000')
DEBUG:root:Matched frame over all scan:2673

DEBUG:root:Errors over all scan:97

DEBUG:root:Result:tau2_fail
DEBUG:root:Match or Not:False
DEBUG:root:Real time1487901440.01

DEBUG:root:Real time1487901440.21

DEBUG:root:Extracted signature:bitarray('01101001111110001111000111110101000111111001000111110001110111011111110101111111100111111101111110100111011011101101101101011001100100111111001010010001110100110000011001010000111000100000111010000000111010000011111000011111010011111010001111001111010100010001000010010000')
DEBUG:root:Matched frame over all scan:375

DEBUG:root:Errors over all scan:92

DEBUG:root:Result:tau2_fail
DEBUG:root:Match or Not:False
DEBUG:root:Real time1487901440.41

DEBUG:root:Extracted signature:bitarray('01111011011100101110011111110100100111011001000011011000010101111101110011100111011100111101101100100011111011110100110101011001100100110000010111010011001011111110001110011110011011011001110001100001111001001111111010111110010111110010111111011101011011010101000010010000')
DEBUG:root:Matched frame over all scan:376

DEBUG:root:Errors over all scan:48

DEBUG:root:Result:replica detected
DEBUG:root:Match or Not:True
DEBUG:root:Real time1487901440.61

DEBUG:root:Extracted signature:bitarray('00111011110101001111110111110101101111111001000111101100010111011111110101100111100100111101101111100011101101111101111101101010100100111000001111111011001011111111001110011110000011011001100001110001111001001111111010111110000111111010111111011101011011010101010010010000')
DEBUG:root:Matched frame over all scan:376

DEBUG:root:Errors over all scan:50

DEBUG:root:Result:replica detected
DEBUG:root:Match or Not:True
DEBUG:root:Real time1487901440.81

DEBUG:root:Extracted signature:bitarray('01011011110010001111110111000101101111101101001111101010100111010010010101100111100110110010101110010011100010011100011101101010100100110000011111101011011011111100001000111110000011101101000001110011000001001111101011111111000111111010111101011100011011011101010010011000')
DEBUG:root:Matched frame over all scan:377

DEBUG:root:Errors over all scan:78

DEBUG:root:Result:tau2_fail
DEBUG:root:Match or Not:False
DEBUG:root:Real time1487901441.01

DEBUG:root:Extracted signature:bitarray('01011011111000001111110111100101110111110001001111110100100111000100100101001001101010000110000110010010111101101101011110111010010000110001011111100010010011111100001100111111010010011110001001111001100001000111001010111100010111100010111001011011011010011001010011011000')
DEBUG:root:Matched frame over all scan:378

DEBUG:root:Errors over all scan:72

DEBUG:root:Result:tau2_fail
DEBUG:root:Match or Not:False
DEBUG:root:Real time1487901441.21

DEBUG:root:Extracted signature:bitarray('01011111111000101111110110000101101111110001001111101010110010110010110101100101000110001100111001110001011101101110011001110110010100110000111110100010010111111110001001111111000010111110100001111001110001000011001011011111010111100010111001010010011010011101010011011000')
DEBUG:root:Matched frame over all scan:379

DEBUG:root:Errors over all scan:69

DEBUG:root:Result:tau3_fail
DEBUG:root:Match or Not:False
DEBUG:root:Real time1487901441.41

DEBUG:root:Extracted signature:bitarray('00111111110000101111100111010101011111110001001111101000110011010100110101111011100111000001111101001011110011011010011101000100010010110000100111100011110111111110001101101111000010111110010001111100110001100001111011011111010111111010111101011101010101011011010011011000')
DEBUG:root:Matched frame over all scan:380

DEBUG:root:Errors over all scan:90

DEBUG:root:Result:tau2_fail
DEBUG:root:Match or Not:False
DEBUG:root:Real time1487901441.61

DEBUG:root:Extracted signature:bitarray('00111101111000101111100111010000101111110001100011110000110001100000110101100101100111100101111100001111000000110001010010100110100100110001000111100011110011011111001100010111100010001111110001001111101001010011111010011111010011111010111111011111010110010101010011011000')
DEBUG:root:Matched frame over all scan:381

DEBUG:root:Errors over all scan:82

DEBUG:root:Result:tau3_fail
DEBUG:root:Match or Not:False
DEBUG:root:Real time1487901441.81

DEBUG:root:Extracted signature:bitarray('00111111111000011111001111010010111111100001100111110001110001100100110101100101100111101100111100010110011010101110010110010101101100110000000111010011110110101110001100001111100010001111100001001111100001100011101010111110010111110010111111011101010101011111010011011000')
DEBUG:root:Matched frame over all scan:381

DEBUG:root:Errors over all scan:64

DEBUG:root:Result:replica detected
DEBUG:root:Match or Not:True
DEBUG:root:Real time1487901442.01

DEBUG:root:Extracted signature:bitarray('01111111111000011111011110010010111111100011100011110001110001110000110110101001100111001110111100010011010101011110010110101101100000110001000110000111101110111110101000001111100010001111100001001111100001110011001010111110010111110010111111011101010101011111010011010000')
DEBUG:root:Matched frame over all scan:381

DEBUG:root:Errors over all scan:58

DEBUG:root:Result:replica detected
DEBUG:root:Match or Not:True
DEBUG:root:Real time1487901442.21

DEBUG:root:Extracted signature:bitarray('00111111111000011111010110010010111110100001100011110001110111010100110101101001100111001101111100100111010001011110010110101100110100110000000111000111100110111110101000011111100010001111100001011111100001100111101010111110010111110010111111011101010101011011010011011000')
DEBUG:root:Matched frame over all scan:384

DEBUG:root:Errors over all scan:58

DEBUG:root:Result:replica detected
DEBUG:root:Match or Not:True
DEBUG:root:Real time1487901442.41

DEBUG:root:Extracted signature:bitarray('01111111111000011111010010010010011111100001100101110001110111110000110111001001101011010110011100110011100101011101001100011100011100110000000011000111101110111110101000101111100010001111100001011111100001100111001010111110010111110010111011011101011101011011010011011000')
DEBUG:root:Matched frame over all scan:384

DEBUG:root:Errors over all scan:60

DEBUG:root:Result:replica detected
DEBUG:root:Match or Not:True
DEBUG:root:Real time1487901442.61

DEBUG:root:Extracted signature:bitarray('00111111010000011111010010100010111100100110101101110001110111010100110101101001101110010101111000101100000110001110100101010100110100110000000010000111101110111110101001011111100010001111100001011111100001100011101010111110010111110010111011001101010101011011010011011000')
DEBUG:root:Matched frame over all scan:386

DEBUG:root:Errors over all scan:68

DEBUG:root:Result:tau3_fail
DEBUG:root:Match or Not:False
DEBUG:root:Real time1487901442.81

DEBUG:root:Extracted signature:bitarray('01111111010000011111011110010010011100100010101000110001110101110000110110010001101100010101100010010001110001101110010110101101100100110100000010000111101101011110101001010111100010001111100001001111100001100110001010111010011111011010110101010100011010011101011011011000')
DEBUG:root:Matched frame over all scan:435

DEBUG:root:Errors over all scan:67

DEBUG:root:Result:tau3_fail
DEBUG:root:Match or Not:False
DEBUG:root:Real time1487901443.01

DEBUG:root:Extracted signature:bitarray('01111110011000011111010011010010001100100010100100100000110000100000110110000001101011010101010101101001000101100010110100111000110100110100000000000111101101001100101001100111100010000011110001000111100001011111001011011101011011101011111011010111011010010101011011011000')
DEBUG:root:Matched frame over all scan:392

DEBUG:root:Errors over all scan:67

DEBUG:root:Result:replica detected
DEBUG:root:Match or Not:True
DEBUG:root:Real time1487901443.21

DEBUG:root:Extracted signature:bitarray('01111110001000011111010011010010011100110010100100000000110100000000100010001001010000000110000010110001010100111010111100101100101100110100100010000111101110001110101011001111100010000011110001000101110001011001101010011101011011101010111111011110011011010101010011011000')
DEBUG:root:Matched frame over all scan:389

DEBUG:root:Errors over all scan:62

DEBUG:root:Result:replica detected
DEBUG:root:Match or Not:True
DEBUG:root:Real time1487901443.41

DEBUG:root:Extracted signature:bitarray('01111110010000011111010011010010011100110010101100001000110001001000110001001001010100100100100101100000100100110100111100101001101100110000100000100111101110001110101001000111100010000011110001000111100001011101101010011101011011101010111011010011010111011101011011011000')
DEBUG:root:Matched frame over all scan:395

DEBUG:root:Errors over all scan:65

DEBUG:root:Result:replica detected
DEBUG:root:Match or Not:True
DEBUG:root:Real time1487901443.61

DEBUG:root:Extracted signature:bitarray('01111110011000011111010011010010011100110010100100011000110001001000110011001001010010100100010101110000101000110100111100101001101100110000000010000111101110001110101001000111100010000011110001100111100001011010101010001111010011101010111011010011010111011101011011011000')
DEBUG:root:Matched frame over all scan:395

DEBUG:root:Errors over all scan:60

DEBUG:root:Result:replica detected
DEBUG:root:Match or Not:True
DEBUG:root:Real time1487901443.81

DEBUG:root:Extracted signature:bitarray('00111110011000011111010011010010011100110010100100011000110101001000110101001001010100100100101101110000101000110100111100001001101100110100100010100111101100001100101001000111000010000011100001000111100001011011101010011111010011101011111011010111010110011101011011011000')
DEBUG:root:Matched frame over all scan:389

DEBUG:root:Errors over all scan:64

DEBUG:root:Result:replica detected
DEBUG:root:Match or Not:True
DEBUG:root:Real time1487901444.01

DEBUG:root:Extracted signature:bitarray('01111111011000011111100111010010001011110010100101011000110001001000110110000001010100100100100101110010101000110100111100001001101100110000001110010111100001111100101000011111000010001111110001100111100001011001101010001111010011101011111011010011010110011101011011011000')
DEBUG:root:Matched frame over all scan:436

DEBUG:root:Errors over all scan:77

DEBUG:root:Result:tau3_fail
DEBUG:root:Match or Not:False
DEBUG:root:Real time1487901444.22

DEBUG:root:Extracted signature:bitarray('01111110011000011111010011010010011100110010101100001000110000001100110010011001101001100110001101110010101001110100111100101010110100110100000000100111101101001100101001000111000010000011110001000001110001000011101010010001011111001011111011010111010110011101011011011000')
DEBUG:root:Matched frame over all scan:395

DEBUG:root:Errors over all scan:54

DEBUG:root:Result:replica detected
DEBUG:root:Match or Not:True
DEBUG:root:Real time1487901444.42

DEBUG:root:Extracted signature:bitarray('01111110011000011111010011100010011100110010100100001000110000001000110010011001101000100110001101110010101001110100111100101001101100110000100010010111101100001110101001000111100010000011110001000011100001001110101010011011011011101011111011010011010111011101011011011000')
DEBUG:root:Matched frame over all scan:392

DEBUG:root:Errors over all scan:48

DEBUG:root:Result:replica detected
DEBUG:root:Match or Not:True
DEBUG:root:Real time1487901444.62

DEBUG:root:Extracted signature:bitarray('01111110010000011110100011010010011000110010101100001001010000001000110010001001101000100110001101110010101001110100111100101100110100110100100010000111101100001100101001000111001010000011100001000001110001011011101010011001011011101011111011010111010111011101011011011000')
DEBUG:root:Matched frame over all scan:398

DEBUG:root:Errors over all scan:46

DEBUG:root:Result:replica detected
DEBUG:root:Match or Not:True
DEBUG:root:Real time1487901444.82

DEBUG:root:Extracted signature:bitarray('01111110011000011111000011010010011000110100100100001000110000001000110010001001101001100110001100110010101001110100111100101001101100110000100000000111101111001100101001000111001010000011100101100001110001011011101010011101011011101011111011010011010110011101011011011000')
DEBUG:root:Matched frame over all scan:399

DEBUG:root:Errors over all scan:48

DEBUG:root:Result:replica detected
DEBUG:root:Match or Not:True
DEBUG:root:Real time1487901445.02

DEBUG:root:Extracted signature:bitarray('01111110010000011111000011010010011000110100101100001000110000001000110010001001101000100110001100110010101001110100111100001001101100110100100100000110101110001100101001000111001010000011100101100001110001011001101010011111011011101011111011010011010111011101011011011000')
DEBUG:root:Matched frame over all scan:398

DEBUG:root:Errors over all scan:48

DEBUG:root:Result:replica detected
DEBUG:root:Match or Not:True
DEBUG:root:Real time1487901445.22

DEBUG:root:Extracted signature:bitarray('01111110010000011110100011010010011000110010101100001000110000001000110010001001101000100110001101110010101001110100111100101001101100110100000000000111101110001100101001000111001010000011100001000001100001011011101010011111011011101010111011010111010110011101011011011000')
DEBUG:root:Matched frame over all scan:401

DEBUG:root:Errors over all scan:55

DEBUG:root:Result:replica detected
DEBUG:root:Match or Not:True
DEBUG:root:Real time1487901445.42

DEBUG:root:Extracted signature:bitarray('01111110011000011110100011010010011000110100101100001000110000001000110010001001101001100110001101110010101001110100111100101001101100110100000000000111101100001100101001000111001010000011100101100001110001011001101010011111011011101011111011010011010111011101011011011000')
DEBUG:root:Matched frame over all scan:400

DEBUG:root:Errors over all scan:49

DEBUG:root:Result:replica detected
DEBUG:root:Match or Not:True
DEBUG:root:Real time1487901445.62

DEBUG:root:Extracted signature:bitarray('01111110001000011110100011010010011000110100101100001000110000001000110010001001101000100110001101110010101001110100111100101010101100110100100010000111101110001100101001000111001010000011100001000001110001011001101010011111011011101010111011010011010111011101011011011000')
DEBUG:root:Matched frame over all scan:398

DEBUG:root:Errors over all scan:52

DEBUG:root:Result:replica detected
DEBUG:root:Match or Not:True
DEBUG:root:Real time1487901445.82

DEBUG:root:Extracted signature:bitarray('01111110001000011111010001100010011000100100100100001000110000000100110010001001101000000110100110110000101000110100111100001010110100110010000010000111111100001100101011000111001010000011100001000001100001011011001010011011011011101011111011010011010111011101011011011000')
DEBUG:root:Matched frame over all scan:401

DEBUG:root:Errors over all scan:56

DEBUG:root:Result:replica detected
DEBUG:root:Match or Not:True
DEBUG:root:Real time1487901446.02

DEBUG:root:Extracted signature:bitarray('01111110001000011110100011100010011000110100101100001000110100001100110010001001101000100110101100100010101000110100111100001100110100110100100010000111101110001100101001000111001010000011100001000001100001011011101010011111011011101011111011010011010111011101011011011000')
DEBUG:root:Matched frame over all scan:399

DEBUG:root:Errors over all scan:47

DEBUG:root:Result:replica detected
DEBUG:root:Match or Not:True
DEBUG:root:Real time1487901446.22

DEBUG:root:Extracted signature:bitarray('01111110001000011111010001010010011000000100101100010001010001110001010011100010101110100110110110110010101101110100110100001001110100111000100010000111101110001100101001000111001010001111100101001111100001110111001010111010011111011011110101010110010110011001010011011000')
DEBUG:root:Matched frame over all scan:404

DEBUG:root:Errors over all scan:55

DEBUG:root:Result:replica detected
DEBUG:root:Match or Not:True
DEBUG:root:Real time1487901446.42

DEBUG:root:Extracted signature:bitarray('01111110011000011111010010100010011000000101101111110001010111110001010111100001101110000110100100101000100100100100101100101101110100110100000010100111101111011000101011011111001010001111100101011111000001110110001010100000011110110011101011010101011101011011011011011000')
DEBUG:root:Matched frame over all scan:405

DEBUG:root:Errors over all scan:60

DEBUG:root:Result:tau3_fail
DEBUG:root:Match or Not:False
DEBUG:root:Real time1487901446.62

DEBUG:root:Extracted signature:bitarray('01111110010000001111010000100110011101100101101111110001010111110001010111110001101111000110101000110011010100100100101100011101110100110100000000100111101110111000101001011111001010011111100101011111000001111110001010000001001111011010110101011000011101011101010011011000')
DEBUG:root:Matched frame over all scan:405

DEBUG:root:Errors over all scan:48

DEBUG:root:Result:replica detected
DEBUG:root:Match or Not:True
DEBUG:root:Real time1487901446.82

DEBUG:root:Extracted signature:bitarray('01111110000001101111010000101110111101100100101111110001010001110001010111100001101111000110001000110001011100101110110110011001110100110100000000000111101110011000101011101110001010001111100001001111000001111110001011010000001111001011110011011001011111011101010011011000')
DEBUG:root:Matched frame over all scan:407

DEBUG:root:Errors over all scan:48

DEBUG:root:Result:replica detected
DEBUG:root:Match or Not:True
DEBUG:root:Real time1487901447.02

DEBUG:root:Extracted signature:bitarray('01111110000000001111010000101010011001100100101101110001010001110001010011110001101111000110001000110011010100100110110110101100110100110000000000100111101111011000101001001110001010001111100101001111100001111110001011011000001111000011110011011001011011010111011011011000')
DEBUG:root:Matched frame over all scan:407

DEBUG:root:Errors over all scan:46

DEBUG:root:Result:replica detected
DEBUG:root:Match or Not:True
DEBUG:root:Real time1487901447.22

DEBUG:root:Extracted signature:bitarray('01111110001000011110100001000010111000100100101101110000110111110000110111100001100010000110100101100101010100110110110110011010101100110100101100000111101110001100101011001111001010001111100001011111100001110110001010111000010111011010110111010011010110011101010011011000')
DEBUG:root:Matched frame over all scan:407

DEBUG:root:Errors over all scan:68

DEBUG:root:Result:tau3_fail
DEBUG:root:Match or Not:False
DEBUG:root:Real time1487901447.42

DEBUG:root:Extracted signature:bitarray('01111110010000011110100001010010011000000100100110000000110111100000110110000001101000011110000101010001010101101010101010101000100100110100000000000111101110011100101001100111001010011011100001011001100001100001111011100011011100011011000101011100011100011011010011011000')
DEBUG:root:Matched frame over all scan:410

DEBUG:root:Errors over all scan:52

DEBUG:root:Result:replica detected
DEBUG:root:Match or Not:True
DEBUG:root:Real time1487901447.62

DEBUG:root:Extracted signature:bitarray('01111110110000011110100010100010011000010100100110000000110111100011110110000011101000001100001101110110111101011110101110101100110100110100100000000111101110011000101001100111001010011011101001011000111001100000111011110011011110010011001001011100011101011011010011011000')
DEBUG:root:Matched frame over all scan:410

DEBUG:root:Errors over all scan:53

DEBUG:root:Result:replica detected
DEBUG:root:Match or Not:True
DEBUG:root:Real time1487901447.82

DEBUG:root:Extracted signature:bitarray('00111110010000011111000011010010011000010100100100000000110111100001110110000011101000001110001110110011011101101110101110101000110100111000100100010111101100011110101001100111001010011011100101011001001001100000111011100011011100011011000101010110011100011011010011011000')
DEBUG:root:Matched frame over all scan:410

DEBUG:root:Errors over all scan:47

DEBUG:root:Result:replica detected
DEBUG:root:Match or Not:True
DEBUG:root:Real time1487901448.02

DEBUG:root:Extracted signature:bitarray('01111110011000011111000001010010011000100010101000110000110001110000110111000001101111000110010001110001000100111100011100111001100100110100100000010111101111011100101001001111000010001111100001001111100001111011001010111000011111100011110111010011010011010111011011011000')
DEBUG:root:Matched frame over all scan:413

DEBUG:root:Errors over all scan:43

DEBUG:root:Result:replica detected
DEBUG:root:Match or Not:True
DEBUG:root:Real time1487901448.22

DEBUG:root:Extracted signature:bitarray('00111111110000011111000010000010011000001100101100110000110001110000110011100001101110100110001010110010101001100100000110111001100100111100000000000110101111011100101001001111000010000111000001001111100001011011001010011100001111110010111101011000011000010111011011011000')
DEBUG:root:Matched frame over all scan:415

DEBUG:root:Errors over all scan:40

DEBUG:root:Result:replica detected
DEBUG:root:Match or Not:True
DEBUG:root:Real time1487901448.42

DEBUG:root:Extracted signature:bitarray('00111111110000011111000010000010011000100100101100110000110001110000110111100001101110100110000110101010111000100110000110111001100100110100100000000110101111011100101001001111000011000111100001001111100001011010101010011110010111110010111101011000011000010111011011011000')
DEBUG:root:Matched frame over all scan:418

DEBUG:root:Errors over all scan:52

DEBUG:root:Result:replica detected
DEBUG:root:Match or Not:True
DEBUG:root:Real time1487901448.62

DEBUG:root:Extracted signature:bitarray('00111110010000011111000010000010011000001000101100110000110001110000110111100001101101100110100110101010011000100110000110111001100100111000100000100110101111111100101001001111000010000111100001001111100001011010101010011110010111111010111101011100011000010111011011011000')
DEBUG:root:Matched frame over all scan:434

DEBUG:root:Errors over all scan:47

DEBUG:root:Result:replica detected
DEBUG:root:Match or Not:True
DEBUG:root:Real time1487901448.83

DEBUG:root:Extracted signature:bitarray('00111111100000011111000010000010011000001000101100110000110001110000110111100001101110100110000110101010101000100100000110111001100100110100100000100111101111011100101001000111000010000111100001001111100001011011001010011100011111110010111101011100011000010111011011011000')
DEBUG:root:Matched frame over all scan:416

DEBUG:root:Errors over all scan:44

DEBUG:root:Result:replica detected
DEBUG:root:Match or Not:True
DEBUG:root:Real time1487901449.03

DEBUG:root:Extracted signature:bitarray('00111111000000011111000101000010011000001100101100110000110001110000110011100001101110100110000110101010111000100110000100111001100100110100100000000110101110011100101001001111000010000111100001001111100001011010101010111110010111110010111101011100011000010111011011011000')
DEBUG:root:Matched frame over all scan:415

DEBUG:root:Errors over all scan:48

DEBUG:root:Result:replica detected
DEBUG:root:Match or Not:True
DEBUG:root:Real time1487901449.23

DEBUG:root:Extracted signature:bitarray('00111111010000011111000101000010011000001000101100110000110001110000110011100001101111000110001010101010111000100100000100111001100100110100000000000111101100011100101001000111000010000111100001001111100001011111001010011100011111110010111101011000011001010111011011011000')
DEBUG:root:Matched frame over all scan:419

DEBUG:root:Errors over all scan:35

DEBUG:root:Result:replica detected
DEBUG:root:Match or Not:True
DEBUG:root:Real time1487901449.43

DEBUG:root:Extracted signature:bitarray('00111111100000011111000001100010011000101000101100110001110001110000110011000001101111000110000110101010100100111100011100111001100100110100100000010110101111011100101001000111000010000111100001001111100001011011001010011100010111110010111001011001011011010111011011011000')
DEBUG:root:Matched frame over all scan:421

DEBUG:root:Errors over all scan:43

DEBUG:root:Result:replica detected
DEBUG:root:Match or Not:True
DEBUG:root:Real time1487901449.63

DEBUG:root:Extracted signature:bitarray('00111111110000011111000111010010011001001000101100110010110101110000110011100001101111000110110110110010111000010100011100111001100100110000100100100110101111011100101001001111000010000111100001000111100001011011001010011000001111100010111011011011011011010111011011011000')
DEBUG:root:Matched frame over all scan:433

DEBUG:root:Errors over all scan:32

DEBUG:root:Result:replica detected
DEBUG:root:Match or Not:True
DEBUG:root:Real time1487901449.83

DEBUG:root:Extracted signature:bitarray('00111111110000011111000110010010011001001000101100110001110001110001110011100001101111000110110101110101111001010100011100111001100100111010000000000111101100001100101001001111000010000111100001000111100001011111001011010000001011100010111011011001011011010111011011001000')
DEBUG:root:Matched frame over all scan:433

DEBUG:root:Errors over all scan:30

DEBUG:root:Result:replica detected
DEBUG:root:Match or Not:True
DEBUG:root:Real time1487901450.03

DEBUG:root:Extracted signature:bitarray('00111111110000011111000110010010011001001000100100110010110001110001110011110001101111000110110101110101111001010100011100111001100100111000000010000111101110011100101001000111000010000111100001000111100001011111001011010000001011100010111011011001011011010111011011011000')
DEBUG:root:Matched frame over all scan:433

DEBUG:root:Errors over all scan:30

DEBUG:root:Result:replica detected
DEBUG:root:Match or Not:True
DEBUG:root:Real time1487901450.23

DEBUG:root:Extracted signature:bitarray('11100000100001110000010010101110001011010011001000101110101101011100101101001111010100111100110111100101111001011100011100111000110100111110000010000010111100101110110100101011000110011110100001001101001001011100011010101100101100110001100111011001101101101001010010010000')
DEBUG:root:Matched frame over all scan:424

DEBUG:root:Errors over all scan:43

DEBUG:root:Result:replica detected
DEBUG:root:Match or Not:True
DEBUG:root:Real time1487901450.43

DEBUG:root:Extracted signature:bitarray('11100000110001110000001110011110001010100111001000011011101100111100101101001111001001111100101111100011111000111100011100111001110100111110000010000010111110001110110100110011100010011100111001001100110001011111101010101110001100111001100111011001111001111001000010010000')
DEBUG:root:Matched frame over all scan:424

DEBUG:root:Errors over all scan:34

DEBUG:root:Result:replica detected
DEBUG:root:Match or Not:True
