DEBUG:root:Under real time Point counter:2.19345092773e-05

DEBUG:root:Extracted signature:bitarray('11101111111100010110111110010001101111101111000111110111101111111111101111111111011111110001111111001111111011111101111101111011111111001011111100010110011111100110000111111001111001111100110101111101111101111011110011111110001111111001111100110000011000011000100010011000')
DEBUG:root:Matched frame over all scan:2519

DEBUG:root:Errors over all scan:55

DEBUG:root:Result:tau3_fail
DEBUG:root:Match or Not:False
DEBUG:root:Real time1487949803.38

DEBUG:root:Real time1487949803.58

DEBUG:root:Extracted signature:bitarray('11001111111100000011110111100000111101111000001111111100001111111111101111111111011111110001111110001111111011110001111001110011011111111011111001100100011111001100100111110011001001111101100101111111110101111111001011111100001111000001100000110000011000010000100010011000')
DEBUG:root:Matched frame over all scan:2545

DEBUG:root:Errors over all scan:58

DEBUG:root:Result:tau3_fail
DEBUG:root:Match or Not:False
DEBUG:root:Real time1487949803.78

DEBUG:root:Extracted signature:bitarray('10011110011100010011111110010001111011100110000111101111101111101111101111111100011111110001111111101111111011111101111101111111111110001101111000110110001111100010000111111000110001111101111101111101111101111111110011111111001111111001111110111111011111011110111001101000')
DEBUG:root:Matched frame over all scan:2504

DEBUG:root:Errors over all scan:59

DEBUG:root:Result:tau3_fail
DEBUG:root:Match or Not:False
DEBUG:root:Real time1487949803.98

DEBUG:root:Real time1487949804.18

DEBUG:root:Real time1487949804.38

DEBUG:root:Real time1487949804.58

DEBUG:root:Real time1487949804.78

DEBUG:root:Real time1487949804.98

DEBUG:root:Real time1487949805.18

DEBUG:root:Real time1487949805.38

DEBUG:root:Real time1487949805.58

DEBUG:root:Real time1487949805.78

DEBUG:root:Real time1487949805.98

DEBUG:root:Real time1487949806.19

DEBUG:root:Extracted signature:bitarray('10111111110010000101111110011001011111001100000111100000000111111000001111100000011110000001110000011110001111101101111101111011100000000011111111110000111111111100000111111111000001111111000100111111000100111110000001110000010110000010111011101111100111100111011100000000')
DEBUG:root:Matched frame over all scan:19

DEBUG:root:Errors over all scan:73

DEBUG:root:Result:replica detected
DEBUG:root:Match or Not:True
DEBUG:root:Real time1487949806.39

DEBUG:root:Extracted signature:bitarray('10100001110001011110001100011110010011000111101100000111001111111000001111100000011110000001111000101111111011111101111101111011101101101110001111110110110001111111110110001101111001100011111101111011001100111000011001110001100111001100111111001111100111001110001100101000')
DEBUG:root:Matched frame over all scan:2443

DEBUG:root:Errors over all scan:83

DEBUG:root:Result:tau1_fail
DEBUG:root:Match or Not:False
DEBUG:root:Real time1487949806.59

DEBUG:root:Extracted signature:bitarray('11101101110000011001111000000010011010000100101100000001111111011001111111010001111101100011001100010001000100001110001110010110010010001001111100000010001111000000010011111000000101111100001101111110001101111010001111101000011100000010000000100000010000010000100010011000')
DEBUG:root:Matched frame over all scan:179

DEBUG:root:Errors over all scan:72

DEBUG:root:Result:tau3_fail
DEBUG:root:Match or Not:False
DEBUG:root:Real time1487949806.79

DEBUG:root:Extracted signature:bitarray('11101111100000011001110000110010011000000100101100000001111110011001111111011000111001100011000100010000100100000110000110001101100000001011111000000010011111000000010011111000001101111100001101111110000101111010000111100000011100000011000000100000010000010000100010010000')
DEBUG:root:Matched frame over all scan:2172

DEBUG:root:Errors over all scan:74

DEBUG:root:Result:tau3_fail
DEBUG:root:Match or Not:False
DEBUG:root:Real time1487949806.99

DEBUG:root:Extracted signature:bitarray('11101111000000011001101100010010011000000000101100000001111110011001111111010000111001100011000100010000100100000110000110001101100000001011111000000010011111000000010011111000001001111100001101111110000101111010000111100100011100000011000100100000010000010000100010010000')
DEBUG:root:Matched frame over all scan:179

DEBUG:root:Errors over all scan:73

DEBUG:root:Result:tau3_fail
DEBUG:root:Match or Not:False
DEBUG:root:Real time1487949807.19

DEBUG:root:Extracted signature:bitarray('11101111000000011001100100010010011000000010101100001001111110011001111111011000111001100011000000010000100100000110000110001101101000001011111000000010011111001000010011111000001001111100001101111111000101111000000111100000011100000011000000100000010000010000100010010000')
DEBUG:root:Matched frame over all scan:179

DEBUG:root:Errors over all scan:76

DEBUG:root:Result:tau3_fail
DEBUG:root:Match or Not:False
DEBUG:root:Real time1487949807.39

DEBUG:root:Extracted signature:bitarray('10101111000000011001100100010010011000000011101100001001101110011001011111111000111011100011000000010000010110000111000110011101101100001011111100000010011111011000010011111100001001111100001101111111000101111010000111100000011100000011000010100000010000010000100010010000')
DEBUG:root:Matched frame over all scan:2138

DEBUG:root:Errors over all scan:81

DEBUG:root:Result:tau3_fail
DEBUG:root:Match or Not:False
DEBUG:root:Real time1487949807.59

DEBUG:root:Extracted signature:bitarray('11101101100000111001101100010010011000000010101100001001101110011000011111111000111011100011000000010000010110000111000110001101101100001111111100000010001111101000010011111000001001111100001101111111000101111000000111100000011100000011000010100000010000010000100010010000')
DEBUG:root:Matched frame over all scan:179

DEBUG:root:Errors over all scan:77

DEBUG:root:Result:tau3_fail
DEBUG:root:Match or Not:False
DEBUG:root:Real time1487949807.79

DEBUG:root:Extracted signature:bitarray('10101111000001111101100000000010011000100110101100011001111111011001111111111000111011100011000000010000110110000111000110001101101100001011111100000011011111001000010011111000001001111100001101111111000101111000000111100000011100000011000010100000010000010000100010010000')
DEBUG:root:Matched frame over all scan:1855

DEBUG:root:Errors over all scan:80

DEBUG:root:Result:tau2_fail
DEBUG:root:Match or Not:False
DEBUG:root:Real time1487949807.99

DEBUG:root:Extracted signature:bitarray('10101111110001111101100110000010011001100011101100011001101110011000011111111100111011000011000000010000011110000111000110011011101100001011111100000011001111111000010011111110001001111101000101111111000101111010000111100000011100000011000010110000010000010000100010010000')
DEBUG:root:Matched frame over all scan:1855

DEBUG:root:Errors over all scan:79

DEBUG:root:Result:tau3_fail
DEBUG:root:Match or Not:False
DEBUG:root:Real time1487949808.19

DEBUG:root:Extracted signature:bitarray('00000000000000000000000000000000000000000000000000000000000000000000000000000000000000000000000000000000000000000000000000000000000000000000000000000000000000000000000000000000000000000000000000000000000000000000000000000000000000000000000000000000000000000000000000000000')
DEBUG:root:Matched frame over all scan:1520

DEBUG:root:Errors over all scan:0

DEBUG:root:Result:replica detected
DEBUG:root:Match or Not:True
DEBUG:root:Real time1487949808.39

DEBUG:root:Extracted signature:bitarray('10101101000001111101100010010010011000100111101100011001101110011000011111111000111011100011000000010000010110000111000110011101101100001011111100000011001111111000010011111100001001111101001101111111000101111010000111100000011100000011000010110000010000010000110010010000')
DEBUG:root:Matched frame over all scan:1009

DEBUG:root:Errors over all scan:79

DEBUG:root:Result:replica detected
DEBUG:root:Match or Not:True
DEBUG:root:Real time1487949808.59

DEBUG:root:Extracted signature:bitarray('11101101000001011101100010000010011000100011101100011001111110011000011111111000111011000011000000010000010110000111000110011101101100001011111100000011011111011000011011111000001001111100001101111101000101111000000111100000011100000011000000110000010000010000100010010000')
DEBUG:root:Matched frame over all scan:1855

DEBUG:root:Errors over all scan:73

DEBUG:root:Result:tau3_fail
DEBUG:root:Match or Not:False
DEBUG:root:Real time1487949808.79

DEBUG:root:Extracted signature:bitarray('11101101010001111101100010010010011000100110101100011001101111011000011111111000111011100011000000010000010110000111000110011101101100001011111100000011011111110000011011111100001011111100001101111111000101111011000111100000011100000011000000110000010000010000110010010000')
DEBUG:root:Matched frame over all scan:1855

DEBUG:root:Errors over all scan:73

DEBUG:root:Result:replica detected
DEBUG:root:Match or Not:True
DEBUG:root:Real time1487949808.99

DEBUG:root:Real time1487949809.19

DEBUG:root:Real time1487949809.39

DEBUG:root:Real time1487949809.59

DEBUG:root:Real time1487949809.8

DEBUG:root:Extracted signature:bitarray('11110001100111011110000100111001100000001110111000000011011000000011010000000100100000110010001110011001100100000010000010000100010000001110000111111100110000111111101100000001111010000000011110000000000110000000001000000100100001111100001111100011110011110110101011001000')
DEBUG:root:Matched frame over all scan:1660

DEBUG:root:Errors over all scan:76

DEBUG:root:Result:tau3_fail
DEBUG:root:Match or Not:False
DEBUG:root:Real time1487949810.0

DEBUG:root:Real time1487949810.2

DEBUG:root:Real time1487949810.4

DEBUG:root:Extracted signature:bitarray('11110001100111011110001100111001100000001110111000000011011000000011010000000100100000110010001110011001100100000010000010000100010000001110000111111100110000110111101100000001111010000000011110000000000110000000001000000100100001111100101111000011110011110110101011001000')
DEBUG:root:Matched frame over all scan:1660

DEBUG:root:Errors over all scan:76

DEBUG:root:Result:tau3_fail
DEBUG:root:Match or Not:False
DEBUG:root:Real time1487949810.6

DEBUG:root:Extracted signature:bitarray('11110001100111011110001100111001100000001110111000000011011000000011010000000100100000110010001110011001100100000010000010000100010000001110000111111100110000111111101100000001111010000000011110000000000110000000001000000100100001111100101111000011110011110110101011001000')
DEBUG:root:Matched frame over all scan:1660

DEBUG:root:Errors over all scan:77

DEBUG:root:Result:tau3_fail
DEBUG:root:Match or Not:False
DEBUG:root:Real time1487949810.8

DEBUG:root:Extracted signature:bitarray('11100001100111011110000100111001100000001110111000000011011000000011010000000100100000110010001110011001100100010010000010000100000001001100000111111100110000111111101100000001111010000000011110000000000110000000001000000100100001111100101111000011110011110110101011001000')
DEBUG:root:Matched frame over all scan:1660

DEBUG:root:Errors over all scan:79

DEBUG:root:Result:tau3_fail
DEBUG:root:Match or Not:False
DEBUG:root:Real time1487949811.0

DEBUG:root:Extracted signature:bitarray('11111000000000011011001001000010110011000000111111110011101111110011101111000111011100011111100001111000011100001110001010011000100100000111000011100110111001111100111110011000011011101000011101110000011001100001110010000111000000111010111010111100011000011000010100101000')
DEBUG:root:Matched frame over all scan:1024

DEBUG:root:Errors over all scan:92

DEBUG:root:Result:tau3_fail
DEBUG:root:Match or Not:False
DEBUG:root:Real time1487949811.2

DEBUG:root:Extracted signature:bitarray('10111000000100011011001001100010110011001100111111110011001111110011001111001110011100111101100001111000011100001110001110011001101101100111000011100110111001111100111110011000111011111000011101110000011101100001110010000111000001111010111000111000011001010010000100101000')
DEBUG:root:Matched frame over all scan:149

DEBUG:root:Errors over all scan:88

DEBUG:root:Result:tau3_fail
DEBUG:root:Match or Not:False
DEBUG:root:Real time1487949811.4

DEBUG:root:Extracted signature:bitarray('10111000100100011111001001100010110011011000111101110110001111110011101111001110011000111011000110011000011110001110001110011000000010000111000001100110111000111100111110011000011011101100011101111000111101110001110010000111000000111100111011101101011001010010000100101000')
DEBUG:root:Matched frame over all scan:1031

DEBUG:root:Errors over all scan:92

DEBUG:root:Result:tau3_fail
DEBUG:root:Match or Not:False
DEBUG:root:Real time1487949811.6

DEBUG:root:Extracted signature:bitarray('10111100100100011111000001000010110000011000111111100000101111110011001110001110011000111011000110010000100110001110001110011000000010000111000001100110111000111100111110001010011011101000001101110000011101100001110010000111010000111110001111001001111001010010000100101000')
DEBUG:root:Matched frame over all scan:1027

DEBUG:root:Errors over all scan:89

DEBUG:root:Result:tau3_fail
DEBUG:root:Match or Not:False
DEBUG:root:Real time1487949811.8

DEBUG:root:Extracted signature:bitarray('10111000100100011111001001100010110010001100111111110010001111110111101111101111011110111101110000011100000110001110001110011000101111100111000001100110111000001100111110000000111011100010011101110010111101000101110010010110100110110110100110110011010011000111001100101000')
DEBUG:root:Matched frame over all scan:1028

DEBUG:root:Errors over all scan:86

DEBUG:root:Result:replica detected
DEBUG:root:Match or Not:True
DEBUG:root:Real time1487949812.0

DEBUG:root:Extracted signature:bitarray('10011000101100011011001001100010110010011000111111110000101111010011001110001110011000111011000110011100110110001110001110011001101101100011000011100110111000111100111110001000001011101010001101111010111101110001110010000111000001110100111111001011010001010010001100101000')
DEBUG:root:Matched frame over all scan:1029

DEBUG:root:Errors over all scan:81

DEBUG:root:Result:tau3_fail
DEBUG:root:Match or Not:False
DEBUG:root:Real time1487949812.2

DEBUG:root:Extracted signature:bitarray('10111000101100011011001001100010110011000000111111110001101111011011101110011110011000111101000111100100001111000111001100011001100101100111000111100110111000111100111110001100011011111100001101111001001101110011110010001111010000111010001110100111010001011010001101101000')
DEBUG:root:Matched frame over all scan:1029

DEBUG:root:Errors over all scan:87

DEBUG:root:Result:tau3_fail
DEBUG:root:Match or Not:False
DEBUG:root:Real time1487949812.4

DEBUG:root:Extracted signature:bitarray('10111000000100011011000001100010111001110000111111110000101111110011101111000111011000011101000011110000111100011110011100111000010000000111000111100110111000111100111110001110001011111010001101111000100101110001101011000110111000111110001111000111100111001100010000101000')
DEBUG:root:Matched frame over all scan:661

DEBUG:root:Errors over all scan:82

DEBUG:root:Result:tau2_fail
DEBUG:root:Match or Not:False
DEBUG:root:Real time1487949812.6

DEBUG:root:Extracted signature:bitarray('11110001100011011110000100111001100001001111111000000011111000000011010000000100100000110010001110011001100100000010000010000100010000001110000111111100110000111111100100001001111011000000011111000000001110000000001000000100100001111100001111000011110011110110101011001000')
DEBUG:root:Matched frame over all scan:1414

DEBUG:root:Errors over all scan:78

DEBUG:root:Result:tau3_fail
DEBUG:root:Match or Not:False
DEBUG:root:Real time1487949812.8

DEBUG:root:Extracted signature:bitarray('11100001100111011110000100111001100000001111111000000011111000000011010000000110100000110010001110011001100100000010000010000100010000001100000111111100100000111111101100000001111010000000011110000000000110000000001000001100100001111100011111000011110011110110100010001000')
DEBUG:root:Matched frame over all scan:1660

DEBUG:root:Errors over all scan:79

DEBUG:root:Result:tau3_fail
DEBUG:root:Match or Not:False
DEBUG:root:Real time1487949813.0

DEBUG:root:Extracted signature:bitarray('11100001100111011110001100111101100000001111111000000011111000000011010000000110100000111010001110011001100100010010000010000100010000001100001111111100110000111111101100000001111010000000011111000000000110000000001000001100100001111100011111000011110011010110100010001000')
DEBUG:root:Matched frame over all scan:1660

DEBUG:root:Errors over all scan:81

DEBUG:root:Result:tau3_fail
DEBUG:root:Match or Not:False
DEBUG:root:Real time1487949813.2

DEBUG:root:Extracted signature:bitarray('11100001100111011110000100111001100000001110111000000011011000000011010000000100100000010010011100001001100110000010000010000100101111101100000111111100100000111111101100000001111010000000011110000000000110000000001000001100100001111100001111000011110011110110101011011000')
DEBUG:root:Matched frame over all scan:1660

DEBUG:root:Errors over all scan:84

DEBUG:root:Result:tau3_fail
DEBUG:root:Match or Not:False
DEBUG:root:Real time1487949813.4

DEBUG:root:Extracted signature:bitarray('11100001100111011110000100111001100000001110111000000011111000000011110000000111100000001110000000010000100100000010000010000000100101101100000111111100100000111111101100000001111010000000011100010000001100100100011100011000100011100100001111000111100111010110100011011000')
DEBUG:root:Matched frame over all scan:1401

DEBUG:root:Errors over all scan:85

DEBUG:root:Result:tau3_fail
DEBUG:root:Match or Not:False
DEBUG:root:Real time1487949813.6

DEBUG:root:Extracted signature:bitarray('11110001110111011110001100111001100001001111111000000011111000000010010000000000100011100010001100110011001100001110001110001001101111101110000111111100110000111111100100001111111001000000111110100000011010101000110101100010100110010101011001001000100001100011001011010000')
DEBUG:root:Matched frame over all scan:1037

DEBUG:root:Errors over all scan:84

DEBUG:root:Result:tau3_fail
DEBUG:root:Match or Not:False
DEBUG:root:Real time1487949813.8

DEBUG:root:Extracted signature:bitarray('11101110000111101101111000111101110110001111010001100011100001110011101111000111011100000011110000011000000101000010000110000100010000001100000111111100101111110111101100011100011010001111100101000111110101110011111011001100101100100101001000111000010001010110101010010000')
DEBUG:root:Matched frame over all scan:318

DEBUG:root:Errors over all scan:86

DEBUG:root:Result:tau2_fail
DEBUG:root:Match or Not:False
DEBUG:root:Real time1487949814.0

DEBUG:root:Extracted signature:bitarray('10100101110001111001111110001100011111000111011111100111001111111110001111011100011101111101001111100011111000111100000110000100010111100110001110001011000111100000101011110001101001111000111101111100000101110010001011001011001001111000011110001110000111010110101100111000')
DEBUG:root:Matched frame over all scan:752

DEBUG:root:Errors over all scan:88

DEBUG:root:Result:tau3_fail
DEBUG:root:Match or Not:False
DEBUG:root:Real time1487949814.21

DEBUG:root:Extracted signature:bitarray('10100111010011111000111000011100011110001111001111100111101111100110001111011110011001111101001111100011110000000010000010001100010000100110001111001111000011110000110011110001101001111000111101111001111101110011111011001111001001111001001110010011101001101001010101101000')
DEBUG:root:Matched frame over all scan:1465

DEBUG:root:Errors over all scan:74

DEBUG:root:Result:tau3_fail
DEBUG:root:Match or Not:False
DEBUG:root:Real time1487949814.41

DEBUG:root:Extracted signature:bitarray('10100111110001111000111110001110011111000110001111110011101111111100101111111000011111100011000010010000111000011100111001110011101101100110000111001111000011100000110011110000111001111000011101111100011101100111111010011110001011110000101110010111001111001110010101101000')
DEBUG:root:Matched frame over all scan:604

DEBUG:root:Errors over all scan:89

DEBUG:root:Result:tau2_fail
DEBUG:root:Match or Not:False
DEBUG:root:Real time1487949814.61

DEBUG:root:Extracted signature:bitarray('10111001100001111001001100011110010001100110011100110011101100111011101001111001010011100011000100010000000100100100111101111011100100000111001101001110011001110000111010001100011001100110011101110110011101001111011010011110101111000111110001110000001000001000010001000000')
DEBUG:root:Matched frame over all scan:1042

DEBUG:root:Errors over all scan:78

DEBUG:root:Result:tau3_fail
DEBUG:root:Match or Not:False
DEBUG:root:Real time1487949814.81

DEBUG:root:Extracted signature:bitarray('10111000011000011011001011000010011011100000001111110000001111100010001111001100011100111101100111111001111100001110000110000100010011100111000011100110111001000000111011011000011001111100001101111100011101011001101011100111001100111011001110100011010001110011100100111000')
DEBUG:root:Matched frame over all scan:1299

DEBUG:root:Errors over all scan:85

DEBUG:root:Result:tau1_fail
DEBUG:root:Match or Not:False
DEBUG:root:Real time1487949815.01

DEBUG:root:Extracted signature:bitarray('10011110100001111001111100000010011111000100001111100011001111111011001111111111011001111101001111100011111011100010000010000100010010100011100111000110011001110000111010011100111001111100011101111100001101111000111011100011101100110100011110010011100001100001000110101000')
DEBUG:root:Matched frame over all scan:1044

DEBUG:root:Errors over all scan:79

DEBUG:root:Result:tau3_fail
DEBUG:root:Match or Not:False
DEBUG:root:Real time1487949815.21

DEBUG:root:Extracted signature:bitarray('10111000010000111001001110000010011011100000101111110001001111111000001111110000111011000111000010010001111001111100011100111011101111100111000011000110110001111000111010011000101001111110010101111111000101110010001011101100101100110001001100010110001101001010010101101000')
DEBUG:root:Matched frame over all scan:641

DEBUG:root:Errors over all scan:81

DEBUG:root:Result:tau3_fail
DEBUG:root:Match or Not:False
DEBUG:root:Real time1487949815.41

DEBUG:root:Extracted signature:bitarray('10011100000001111001100000001110011011000110011111000011101111110011101111111111011111110000111111101110011110000010000010000100010011100011100000001110001001110000110011011000011011111100011101011110011101111011111010111110100111001101110001011000111000001000010000111000')
DEBUG:root:Matched frame over all scan:1046

DEBUG:root:Errors over all scan:72

DEBUG:root:Result:tau3_fail
DEBUG:root:Match or Not:False
DEBUG:root:Real time1487949815.61

DEBUG:root:Extracted signature:bitarray('10111000011000111001000111000010011011100100011100011011101111111001101111100111011110001111100001111100000110000010000010000100010000000111000011100110000001111000111010011100011011100011011101111000111101111000111011100011101100001111000011110000110000110001101100101000')
DEBUG:root:Matched frame over all scan:1848

DEBUG:root:Errors over all scan:79

DEBUG:root:Result:tau3_fail
DEBUG:root:Match or Not:False
DEBUG:root:Real time1487949815.81

DEBUG:root:Extracted signature:bitarray('11100111110000011100111110001110011111000111001111000111101111001111101110111011010011111100000111100001111000111100000010000100010010101110001111001011100011110001111001111000011001110000111101110000111101100000011010000011101000111101000111000011100000100001000100100000')
DEBUG:root:Matched frame over all scan:1461

DEBUG:root:Errors over all scan:81

DEBUG:root:Result:tau3_fail
DEBUG:root:Match or Not:False
DEBUG:root:Real time1487949816.01

DEBUG:root:Extracted signature:bitarray('11100111010001111001111100001110011111000011101011100100011101101100011001101100110110001110111001111110000110000010010011110011101101101110001110001111100111100000111001111000011001011000110101000001111101000111011011111001101111001001110010011000001000001000010001101000')
DEBUG:root:Matched frame over all scan:164

DEBUG:root:Errors over all scan:94

DEBUG:root:Result:tau2_fail
DEBUG:root:Match or Not:False
DEBUG:root:Real time1487949816.21

DEBUG:root:Extracted signature:bitarray('11100111100000010001110000000011111110000100111001100010011001111111011111111111011010011111000001110000011100111100111101111011101100001100111110000110100111110000100110111000111000011100011100011000111100000111111010011111100001110110111100011110001110001000010001000000')
DEBUG:root:Matched frame over all scan:162

DEBUG:root:Errors over all scan:89

DEBUG:root:Result:tau2_fail
DEBUG:root:Match or Not:False
DEBUG:root:Real time1487949816.41

DEBUG:root:Extracted signature:bitarray('10000110001000110011111000000100111111000011011001110001101011111000111111111000011111000011110000011100001110000110000110011000010000000001111111000110011111110000100111111100011011000110011100000111111100011111101001111110100110000110100011100000110000110011001100101000')
DEBUG:root:Matched frame over all scan:2691

DEBUG:root:Errors over all scan:74

DEBUG:root:Result:tau3_fail
DEBUG:root:Match or Not:False
DEBUG:root:Real time1487949816.61

DEBUG:root:Extracted signature:bitarray('10100111001001110111111100001101111011000011011001110001111011111100011111111100011111110001111111101111111000011100000010000100010111100001111111000110011110110001100111101100011011000100111101000011111101000111101010111110100111111000111110000111100001100001001101010000')
DEBUG:root:Matched frame over all scan:1052

DEBUG:root:Errors over all scan:67

DEBUG:root:Result:tau3_fail
DEBUG:root:Match or Not:False
DEBUG:root:Real time1487949816.81

DEBUG:root:Extracted signature:bitarray('11110001100001111110001100001101110011000011111011000001110111000001111110000011111000001111000001110000011100001110001100011001101101111110001100111101110001101110101100011011101001111101100100110001001101110000011011000001101000001101000011010001101001100011001101101000')
DEBUG:root:Matched frame over all scan:2620

DEBUG:root:Errors over all scan:70

DEBUG:root:Result:tau3_fail
DEBUG:root:Match or Not:False
DEBUG:root:Real time1487949817.01

DEBUG:root:Extracted signature:bitarray('11110001000001111110000000001101110001000011111000110001110110011001111110000011111000001111000001110000011100001110001100011001101101111110011000001111110010000011101110001000111001100111001100110011001101101000011011000001101000001101000011010001101001100011001101101000')
DEBUG:root:Matched frame over all scan:1054

DEBUG:root:Errors over all scan:73

DEBUG:root:Result:tau3_fail
DEBUG:root:Match or Not:False
DEBUG:root:Real time1487949817.21

DEBUG:root:Extracted signature:bitarray('10011001000001110011100100000111110011010011111001111001110000111000110011110001011111000101111001111110011100001110001100011001101101110001101000100110001101101000110011011111001001000111100100000111100100001111001001111100100111000101110011010001101001100011001101101000')
DEBUG:root:Matched frame over all scan:2611

DEBUG:root:Errors over all scan:84

DEBUG:root:Result:tau2_fail
DEBUG:root:Match or Not:False
DEBUG:root:Real time1487949817.41

DEBUG:root:Extracted signature:bitarray('11111000000001101111111000001101101110000011110000000001110000000001111100000011110000001110000001100100011011001100001100011001101101111111110000001101111110000001100110100100011010000000001100100000011101100000111010000011100011011100110111001011100111100111001101101000')
DEBUG:root:Matched frame over all scan:2606

DEBUG:root:Errors over all scan:75

DEBUG:root:Result:tau3_fail
DEBUG:root:Match or Not:False
DEBUG:root:Real time1487949817.61

DEBUG:root:Extracted signature:bitarray('11100011000001011000011000001110000011000111100011100011110011100011101110000111111100011111100011111000111100011100011100111011011010010100011000011111100001100011110000010000111010001000011101001000011101011000111011100011101000011101000111000011100011100111011101010000')
DEBUG:root:Matched frame over all scan:2645

DEBUG:root:Errors over all scan:73

DEBUG:root:Result:tau3_fail
DEBUG:root:Match or Not:False
DEBUG:root:Real time1487949817.81

DEBUG:root:Extracted signature:bitarray('11111100011001111110000011001111100001110001110000111100110000111100010000011000100001100010001100100111001011100001100011000110010000001111100001101100111000001110100110000011101001000001100100000001100100000011001000001110100001110100011101001110101110101001110010010000')
DEBUG:root:Matched frame over all scan:1982

DEBUG:root:Errors over all scan:64

DEBUG:root:Result:replica detected
DEBUG:root:Match or Not:True
DEBUG:root:Real time1487949818.01

DEBUG:root:Extracted signature:bitarray('11111001110011001111001110000001110111100001011011110001101111100001100011111011001111000101111001101100011110000110000110001110010011110000111110110110000111110011000000111100110000011110011000011110011100111100111001110000101110011101100011010000101000111001110100101000')
DEBUG:root:Matched frame over all scan:1480

DEBUG:root:Errors over all scan:89

DEBUG:root:Result:tau2_fail
DEBUG:root:Match or Not:False
DEBUG:root:Real time1487949818.21

DEBUG:root:Extracted signature:bitarray('10001111110000001001111110000000011111100011011111110001101111100000111111000001111100000101101101101111111011000011000010000100000111110001111110011100001111110011100011111100111001110110111100110000011101110000001011111000100111100100110001110000110100010100100010010000')
DEBUG:root:Matched frame over all scan:15

DEBUG:root:Errors over all scan:80

DEBUG:root:Result:tau3_fail
DEBUG:root:Match or Not:False
DEBUG:root:Real time1487949818.41

DEBUG:root:Extracted signature:bitarray('10001111111000001001111111000100001111110001001111110000101111100001101111000011111100000111100100111111101011100011000010000100101101110000111111000100000111111111100001111100111001111000111101111000011101111000111011100001111100000111100001110000111000010000100010001000')
DEBUG:root:Matched frame over all scan:15

DEBUG:root:Errors over all scan:82

DEBUG:root:Result:tau3_fail
DEBUG:root:Match or Not:False
DEBUG:root:Real time1487949818.61

DEBUG:root:Extracted signature:bitarray('11111111110000001111111110000001111111110000011111111100001011100100010111000001111100000111100000111100011111011111001110000100000001011001111100011100001111100011100111111100111001110001111100111001111101111001101011100001111100000011000000110000110000110000100000001000')
DEBUG:root:Matched frame over all scan:401

DEBUG:root:Errors over all scan:77

DEBUG:root:Result:tau3_fail
DEBUG:root:Match or Not:False
DEBUG:root:Real time1487949818.81

DEBUG:root:Extracted signature:bitarray('11011111110011100011111110001100111111100011011111110000001111110000001111000000111100000011100000110000001110001111001110001000000001000001111100111100001111100011100011111001111001111100111100111100110100111001001011100100101100000011000000110000010000010010000100101000')
DEBUG:root:Matched frame over all scan:15

DEBUG:root:Errors over all scan:75

DEBUG:root:Result:tau3_fail
DEBUG:root:Match or Not:False
DEBUG:root:Real time1487949819.01

DEBUG:root:Extracted signature:bitarray('11000111110001110001111110001110011110011111011111001111001111101110001111111100011111110001111100001111000011100011110001110111111111101000111110001110000111110001110011110000111011111000111101111000111101111001001011101100101111000101110001010000101000101001010001011000')
DEBUG:root:Matched frame over all scan:1064

DEBUG:root:Errors over all scan:79

DEBUG:root:Result:replica detected
DEBUG:root:Match or Not:True
DEBUG:root:Real time1487949819.21

DEBUG:root:Extracted signature:bitarray('11000111110000111000111110000110011110010000011111001110001111101100001111110000011111000001111000011111000111100011100010000111011010001000111110001110000111110001110011110000111011111000110101111000100101111000001011100000101101000101000001010000101000101001010101101000')
DEBUG:root:Matched frame over all scan:175

DEBUG:root:Errors over all scan:82

DEBUG:root:Result:tau1_fail
DEBUG:root:Match or Not:False
DEBUG:root:Real time1487949819.41

DEBUG:root:Extracted signature:bitarray('10000111110001111000011110001110110110000111111000001111011001111100011111111000011111100001111100001111000011100011110001110111111111101000111110001110000011110001111100100000111011000001111101000001100101000010001011100000101100000101110001010000101000101001010001011000')
DEBUG:root:Matched frame over all scan:1460

DEBUG:root:Errors over all scan:93

DEBUG:root:Result:tau2_fail
DEBUG:root:Match or Not:False
DEBUG:root:Real time1487949819.61

DEBUG:root:Extracted signature:bitarray('11000111110001111000111110001110100100011011110010001110010111001100001111111000011111100001111100001111000111100011110011100111011111101000111110001110100011110001111100100000111010000001110101001001100101111001001011101100101111000101110001010000101000101001010101011000')
DEBUG:root:Matched frame over all scan:1594

DEBUG:root:Errors over all scan:87

DEBUG:root:Result:tau1_fail
DEBUG:root:Match or Not:False
DEBUG:root:Real time1487949819.82

DEBUG:root:Extracted signature:bitarray('11000111110000111000111110001110011110000011011111001111101111001100101111111001011111100001111100001111000111100011110001100111011111101000111110001110000111110001110011110000111011111000111101111000101101111001001011101100101111000101110001010000101000101001010101101000')
DEBUG:root:Matched frame over all scan:1068

DEBUG:root:Errors over all scan:82

DEBUG:root:Result:tau3_fail
DEBUG:root:Match or Not:False
DEBUG:root:Real time1487949820.02

DEBUG:root:Extracted signature:bitarray('11000111110001111000111110001110011100011111011111001111001111011110001111111100011111100001111100001111000111100011110011100111011111101000111100001110001111100001100011100000111011110001111101111001111101111001001011101100101111000101110001010000101000101001010101011000')
DEBUG:root:Matched frame over all scan:1070

DEBUG:root:Errors over all scan:80

DEBUG:root:Result:tau3_fail
DEBUG:root:Match or Not:False
DEBUG:root:Real time1487949820.22

DEBUG:root:Extracted signature:bitarray('11000111110001111000111110001110011100011111011110001111001111011110001111111100011111100001111100001111000111100011110011100111011111101000111110001110001111110011110011100000111011110001111101111001111101111001001011101100101111000101110001010000101000101001010101011000')
DEBUG:root:Matched frame over all scan:1070

DEBUG:root:Errors over all scan:79

DEBUG:root:Result:tau3_fail
DEBUG:root:Match or Not:False
DEBUG:root:Real time1487949820.42

DEBUG:root:Extracted signature:bitarray('11000111110001111000111110011110011100111110011110001111101111011110001111111100011111100001111100001111000111100011100011100111011111101000111110001010001111100011110011100011111011110001111101111001111101111011001011101100101111000101110001010000101000101001010101101000')
DEBUG:root:Matched frame over all scan:1594

DEBUG:root:Errors over all scan:80

DEBUG:root:Result:tau3_fail
DEBUG:root:Match or Not:False
DEBUG:root:Real time1487949820.62

DEBUG:root:Extracted signature:bitarray('10000111111000010011110011110000111000111110011000111111001111111111101111111111011111110001111100001111000111100011100011100111011111100111110010011010111100011011100111000111111000000111111100011111111100111111111011101100101111000101110001010000101000101001010101001000')
DEBUG:root:Matched frame over all scan:1595

DEBUG:root:Errors over all scan:73

DEBUG:root:Result:tau3_fail
DEBUG:root:Match or Not:False
DEBUG:root:Real time1487949820.82

DEBUG:root:Extracted signature:bitarray('10000111110000110011111110000000111110010000011111001000011111111000001111111000011111111001111110001111000011100011110011110111111111101111111100001010111111000001100111110000011001111000011100110000111101110001111011100011101100010101100001011000101000101001010001011000')
DEBUG:root:Matched frame over all scan:2323

DEBUG:root:Errors over all scan:77

DEBUG:root:Result:tau3_fail
DEBUG:root:Match or Not:False
DEBUG:root:Real time1487949821.02

DEBUG:root:Extracted signature:bitarray('10001001100011110001100000000010011100100000101110000000001111101000001111001100011110110001111100001111000011100011110011110111111111100001001111110010001000011100010011100011000001110001110101111101110101111001101011100110101100100101110001010000101000101001010001011000')
DEBUG:root:Matched frame over all scan:2339

DEBUG:root:Errors over all scan:86

DEBUG:root:Result:tau3_fail
DEBUG:root:Match or Not:False
DEBUG:root:Real time1487949821.22

DEBUG:root:Extracted signature:bitarray('10000110100000110001110000000010011100000100001111100011101111100100001111101100011110110001111100001110000111100011100011100111011111100001100011110010001110001100010011100011101001110001111100111100111101111001101011100010101110000101110001010000101000101001010101011000')
DEBUG:root:Matched frame over all scan:2339

DEBUG:root:Errors over all scan:75

DEBUG:root:Result:tau3_fail
DEBUG:root:Match or Not:False
DEBUG:root:Real time1487949821.42

DEBUG:root:Extracted signature:bitarray('10001100100011110001111000000010011110000100101111000011101111100001101111101100011110110001111100001111000011100011110011110111111111100001100111110010001110001100010011110011100001110001110100111100111101111001101011100010101100000101110001010000101000101001010101011000')
DEBUG:root:Matched frame over all scan:391

DEBUG:root:Errors over all scan:75

DEBUG:root:Result:tau3_fail
DEBUG:root:Match or Not:False
DEBUG:root:Real time1487949821.62

DEBUG:root:Extracted signature:bitarray('10000100000100010000110000000010011100100110001110110011101111110000001111101100011111110001111110001111000011100001110001110011111111101001100011110110000000001110110001100111101000110111111100111110110101101101101010010110101001100101011001011000101000101001011101101000')
DEBUG:root:Matched frame over all scan:1595

DEBUG:root:Errors over all scan:90

DEBUG:root:Result:tau1_fail
DEBUG:root:Match or Not:False
DEBUG:root:Real time1487949821.82

DEBUG:root:Extracted signature:bitarray('10000100001100010001110001100010011110011000001111100110101111110111101111100111011110000101111000101110000111000011000110001100100000000001100011110010001111001100010011110011100001110001111100111100111101111001101011100010101100000101110001010000101000101000010011000000')
DEBUG:root:Matched frame over all scan:1078

DEBUG:root:Errors over all scan:79

DEBUG:root:Result:tau3_fail
DEBUG:root:Match or Not:False
DEBUG:root:Real time1487949822.02

DEBUG:root:Extracted signature:bitarray('10000110000100010001110001100010011100011000001111000110001111110011101111100111011110011101111000101110001011001111001110011100010000000001100011110010001111001110010011110011100000110001111100111100111101111000111011100010101110000101110001011000101000101000010011000000')
DEBUG:root:Matched frame over all scan:1079

DEBUG:root:Errors over all scan:83

DEBUG:root:Result:tau3_fail
DEBUG:root:Match or Not:False
DEBUG:root:Real time1487949822.22

DEBUG:root:Extracted signature:bitarray('10000110000110010001110001100010011110011000001110000100101111110011101111100111011110001101111100001111000111100011100010000100010000001001100011110010001111001110010011110011100000110000111100111100111101111000111011100010101110000101110001011000101000101000010011001000')
DEBUG:root:Matched frame over all scan:2331

DEBUG:root:Errors over all scan:84

DEBUG:root:Result:tau3_fail
DEBUG:root:Match or Not:False
DEBUG:root:Real time1487949822.42

DEBUG:root:Extracted signature:bitarray('10000100001100010001110011100010011110111000011110011100101111110001101111100111011110010001111100011111000101100010100011000100000001100001100011110010001111001110010011110011100001110001111100111100111101111001101011100010101100000101110001011000101000001000010000101000')
DEBUG:root:Matched frame over all scan:1081

DEBUG:root:Errors over all scan:85

DEBUG:root:Result:tau3_fail
DEBUG:root:Match or Not:False
DEBUG:root:Real time1487949822.62

DEBUG:root:Extracted signature:bitarray('10000110001100010001110011100010011110011000011110010000101111110011101111100111011110010101111100101111000101100010000010000100010000000001100011110010001111001110010011110011101001110001111100111100111101111001101011100010101110000101110001011000101000101000010000001000')
DEBUG:root:Matched frame over all scan:1592

DEBUG:root:Errors over all scan:86

DEBUG:root:Result:tau3_fail
DEBUG:root:Match or Not:False
DEBUG:root:Real time1487949822.82

DEBUG:root:Extracted signature:bitarray('10000001110000010001000011000010111000110000111110011000011111110000011111100000011111100101111100111110000101000011000110000100010000000011001111110010001000111100010011000110001101100011100101111001100101110011001011000100101100100101110001010000101000101000010011001000')
DEBUG:root:Matched frame over all scan:2610

DEBUG:root:Errors over all scan:83

DEBUG:root:Result:tau3_fail
DEBUG:root:Match or Not:False
DEBUG:root:Real time1487949823.02

DEBUG:root:Extracted signature:bitarray('10011110001100010001110011100000111111001001011111110110001111110110001111111111011111111101111101101111001011100101100110000100010000000011110001110010011110001111000011111001111001111110111100111110111100111111111001111111100111111100111111011110101110101000010011001000')
DEBUG:root:Matched frame over all scan:27

DEBUG:root:Errors over all scan:76

DEBUG:root:Result:tau2_fail
DEBUG:root:Match or Not:False
DEBUG:root:Real time1487949823.22

DEBUG:root:Extracted signature:bitarray('10011111001000010001111011100000111111001000011111110100001111111110001111111111011111111101111111101111100011100001100001100100010001000011111001110010011110001111000011111001100001111110110100111111111100011111111001111111100011111100111101001110101110101100010000101000')
DEBUG:root:Matched frame over all scan:27

DEBUG:root:Errors over all scan:68

DEBUG:root:Result:replica detected
DEBUG:root:Match or Not:True
DEBUG:root:Real time1487949823.42

DEBUG:root:Extracted signature:bitarray('10011110001000010011110011000100111110011001011111110100001111111100001111111110011111111001111110001111100011110001110001000100010010000011111001110010011110001111000011111001100001111110110100011111111100011111111001111111100011110100111101011110101110101001000100100000')
DEBUG:root:Matched frame over all scan:1794

DEBUG:root:Errors over all scan:64

DEBUG:root:Result:tau3_fail
DEBUG:root:Match or Not:False
DEBUG:root:Real time1487949823.62

DEBUG:root:Extracted signature:bitarray('10011110000001110001110110001100011111000011011111110000101011111110000111111100011111110000111110001111100011110001110001101111100000100011111001110010011110001111000011111001100001111110110100011111111100011111111001111111100011110100111101011110101110101001010011010000')
DEBUG:root:Matched frame over all scan:2326

DEBUG:root:Errors over all scan:71

DEBUG:root:Result:tau3_fail
DEBUG:root:Match or Not:False
DEBUG:root:Real time1487949823.82

DEBUG:root:Extracted signature:bitarray('10001110000001110001110011001100111101110011011110111100101001111111000111111111011111111101111111101111011011111101111101110010010000000011110001110010011110101111000011111001110001111110110100011111111100011111111001111111100011110100111101001110101110101000010001000000')
DEBUG:root:Matched frame over all scan:1

DEBUG:root:Errors over all scan:70

DEBUG:root:Result:tau3_fail
DEBUG:root:Match or Not:False
DEBUG:root:Real time1487949824.03

DEBUG:root:Extracted signature:bitarray('10001110000001110001110110001100111101100011011110111001101001111111000111111111011111111101111111101111110011111001111101110010010000000011111001111010011110101111000011111001110001111110011100011111111100011111111001111111100011110100111101011110101110101001010001000000')
DEBUG:root:Matched frame over all scan:2326

DEBUG:root:Errors over all scan:69

DEBUG:root:Result:replica detected
DEBUG:root:Match or Not:True
DEBUG:root:Real time1487949824.23

DEBUG:root:Extracted signature:bitarray('10011110000001110001110011001100111110111011011111111000101011111111000111111110011111111101111111000111100010110001110011100100000000000011110011111010011110011111000011111011110001111111110100011111111100011111111001111111100011110100111101001110101110101001010100101000')
DEBUG:root:Matched frame over all scan:832

DEBUG:root:Errors over all scan:73

DEBUG:root:Result:tau3_fail
DEBUG:root:Match or Not:False
DEBUG:root:Real time1487949824.43

DEBUG:root:Extracted signature:bitarray('10011110000111110001110010001100111111000011011111110000101011111111000111111110011111111101011111000111100010111001111010010100000000000011111001111010011110001111000011111001110001111110110100011111111100011111111001111111100011110100111101001110101110101001010100101000')
DEBUG:root:Matched frame over all scan:2326

DEBUG:root:Errors over all scan:68

DEBUG:root:Result:replica detected
DEBUG:root:Match or Not:True
DEBUG:root:Real time1487949824.63

DEBUG:root:Extracted signature:bitarray('10011110001100010001110001101100111110001111011111110110101111111111001111111111011111111101111111001111100011110001110001100001100101000011111001111010011110001111000011111001110001111110010100011111111100011111111001111111100011110100111101001110101110101001000101101000')
DEBUG:root:Matched frame over all scan:27

DEBUG:root:Errors over all scan:67

DEBUG:root:Result:tau1_fail
DEBUG:root:Match or Not:False
DEBUG:root:Real time1487949824.83

DEBUG:root:Extracted signature:bitarray('10011110011100010001110011100100111111011001011111111110101011111110100111111111011111111101111111100111101011101101111101110110010000000011111001111010011110001111000011111001110001111110111100011111111100011111111001111111100011110100111101011110101110101001010001001000')
DEBUG:root:Matched frame over all scan:27

DEBUG:root:Errors over all scan:63

DEBUG:root:Result:replica detected
DEBUG:root:Match or Not:True
DEBUG:root:Real time1487949825.03

DEBUG:root:Extracted signature:bitarray('10011101001001110011100001101100111110011011011111101111101011110111100011111111001111111101111111100111110011111001111101111011100000000111111001110010011111001111000111111001111001111100111100011110011100011111111001111111100011111100111111001111101111101111010001001000')
DEBUG:root:Matched frame over all scan:0

DEBUG:root:Errors over all scan:59

DEBUG:root:Result:replica detected
DEBUG:root:Match or Not:True
DEBUG:root:Real time1487949825.23

DEBUG:root:Extracted signature:bitarray('10011110001100010001110001101100111111011011011111110110101011111110100111111111011111111101011111100111001011111101111101111000010000000111111001111010011110001111000111111001110001111110110100011111111100011111111001111111100011110100111101001110101110101101010001001000')
DEBUG:root:Matched frame over all scan:1

DEBUG:root:Errors over all scan:63

DEBUG:root:Result:replica detected
DEBUG:root:Match or Not:True
DEBUG:root:Real time1487949825.43

DEBUG:root:Extracted signature:bitarray('10011110001100110001110001101100111111011101011111110110101011111110100111111111011111111101011111100111001011101101111101110110010000000011111001111010011110001111000111111101110001111110011100011111111100011111111001111111100011110100111101011110101110101001010001001000')
DEBUG:root:Matched frame over all scan:0

DEBUG:root:Errors over all scan:66

DEBUG:root:Result:replica detected
DEBUG:root:Match or Not:True
DEBUG:root:Real time1487949825.63

DEBUG:root:Extracted signature:bitarray('11110000001110011100000000111011100000001111110010000111110111000011111100000011110000000010000000010000000100000010000100000000001111110101100000010110000110000011110111000000111101000000011100000000111101000011101100001110110001111010111110001111000111001110010011011000')
DEBUG:root:Matched frame over all scan:1216

DEBUG:root:Errors over all scan:76

DEBUG:root:Result:tau3_fail
DEBUG:root:Match or Not:False
DEBUG:root:Real time1487949825.83

DEBUG:root:Extracted signature:bitarray('10110011000111111110001000111111100000011111110000001111110000001111110000001111101000111111100001111000001100000010000010000100100000011001110000111110111011000111100110000001111001000001111100000011111100000111101000011111100111111100111111001110110000010000100010010000')
DEBUG:root:Matched frame over all scan:2816

DEBUG:root:Errors over all scan:81

DEBUG:root:Result:tau3_fail
DEBUG:root:Match or Not:False
DEBUG:root:Real time1487949826.03

DEBUG:root:Extracted signature:bitarray('10010011000111111110000001111111100000111111110000001111110000001111110000001100001100110001100010011000000110000010000010000110010000001001100000110110000001000011100110000001111000000001111100000001111100000111111000111111100111111100111111001100110000010000100010010000')
DEBUG:root:Matched frame over all scan:2817

DEBUG:root:Errors over all scan:81

DEBUG:root:Result:tau3_fail
DEBUG:root:Match or Not:False
DEBUG:root:Real time1487949826.23

DEBUG:root:Extracted signature:bitarray('11001100000100111001100000100110011010000000101100100000011100000000111000000000100100000111100001110000000100000010000110011101101111011001100001110111001110000110110001100001101010100000110101100000111101000001111100100111101100011101000110100011100011110010101010010000')
DEBUG:root:Matched frame over all scan:728

DEBUG:root:Errors over all scan:87

DEBUG:root:Result:tau2_fail
DEBUG:root:Match or Not:False
DEBUG:root:Real time1487949826.43

DEBUG:root:Extracted signature:bitarray('11001100000100111001100000100110011010000000101100100000011100000000111000000001100100001111100001110000010100000010000110011101101111011001100001110111001110000110110001100001101010100000110101100000111101000001111001100111101100011101000110100011100011100110101010010000')
DEBUG:root:Matched frame over all scan:728

DEBUG:root:Errors over all scan:84

DEBUG:root:Result:tau3_fail
DEBUG:root:Match or Not:False
DEBUG:root:Real time1487949826.63

DEBUG:root:Extracted signature:bitarray('11011100001100111001100000100110011010000000101100100000111100000000111000000001100100001111100001110000010100000010000110000101001101011001100001100111001110001110110001100001101010100000110101100000111101000001111001000111101100011101000110100011100011100110101010010000')
DEBUG:root:Matched frame over all scan:728

DEBUG:root:Errors over all scan:80

DEBUG:root:Result:tau3_fail
DEBUG:root:Match or Not:False
