DEBUG:root:Under real time Point counter:2.19345092773e-05

DEBUG:root:Extracted signature:bitarray('10001100111100010001100111110010011000001111011100000111101100001111101000111001110011100010001100010010000110000110000010000100010011111000101110000111000001011000010000010010001100101001001110100010001110000000011011100111001101110000011111000111100011110011100010010100')
DEBUG:root:Matched frame over all scan:1481

DEBUG:root:Errors over all scan:80

DEBUG:root:Result:tau3_fail
DEBUG:root:Match or Not:False
DEBUG:root:Real time1487972668.8

DEBUG:root:Extracted signature:bitarray('10001100111100010001100111110000011011001111011100001111101100011111101000111000010011100010011000011000011100001110000110001100010011111000101001100111000001100110010000011010011100001001001110101001001100110010011011001111001001101100110011100001110011110010100010010100')
DEBUG:root:Matched frame over all scan:1482

DEBUG:root:Errors over all scan:71

DEBUG:root:Result:tau3_fail
DEBUG:root:Match or Not:False
DEBUG:root:Real time1487972669.0

DEBUG:root:Extracted signature:bitarray('10001111101111000001111001111101011110011111001111001111101111001110001110011000110000011011000001110000011100001110000110000100110111111100111100111101100111110010001001110110000000111011001101111000011101110001011011000011101100001111000011100011100011100110011011000100')
DEBUG:root:Matched frame over all scan:1483

DEBUG:root:Errors over all scan:18

DEBUG:root:Result:replica detected
DEBUG:root:Match or Not:True
DEBUG:root:Real time1487972669.2

DEBUG:root:Extracted signature:bitarray('10001101101111000001111011111100011110011111001111001111101111001110001100011000110000011011000001110000011100001110000110000100110011111000111100111101100101110110000001110110000000111011001101111000011101100001011011000011101100001111000011100011100011100110010001000100')
DEBUG:root:Matched frame over all scan:1483

DEBUG:root:Errors over all scan:24

DEBUG:root:Result:replica detected
DEBUG:root:Match or Not:True
DEBUG:root:Real time1487972669.4

DEBUG:root:Extracted signature:bitarray('10001111011111100001110011111100011100011111001110001111101110001110001100011000110000011011000001110000011100001110000110000100010011111000111100111100000111110010000001111110000011111010001101110000011111100001111011000011101100001101000011100011110011110010010010000100')
DEBUG:root:Matched frame over all scan:1485

DEBUG:root:Errors over all scan:9

DEBUG:root:Result:replica detected
DEBUG:root:Match or Not:True
DEBUG:root:Real time1487972669.6

DEBUG:root:Extracted signature:bitarray('10001110111111100001110001110000111100000111011110000011101110001111101100011111010000011111000001110000011100001110000110000100010011100000111100111100000111110000000011110100001011110010001101110000011110100001111011000011101100001101100011100001110011010000100010010100')
DEBUG:root:Matched frame over all scan:1485

DEBUG:root:Errors over all scan:27

DEBUG:root:Result:replica detected
DEBUG:root:Match or Not:True
DEBUG:root:Real time1487972669.8

DEBUG:root:Extracted signature:bitarray('10001111111111100101110011110000111100010111011110001111101110001111101100011111010000011110000001111000011100001110000110000100010011110000111100111100000111110000000111111100001011110010001101100010011100000001111000000011100000001101000011100001110001010000110001100100')
DEBUG:root:Matched frame over all scan:1486

DEBUG:root:Errors over all scan:23

DEBUG:root:Result:replica detected
DEBUG:root:Match or Not:True
DEBUG:root:Under real time Point counter:0.228610992432

DEBUG:root:Extracted signature:bitarray('11111111111111101111111111111101111111111111011111111111101111111111101111111111011111111101111111101111111011111101111101111011101111111100000001111111100000001001110000000000001100000000000010000000000010000000000100000000010000000010000000100000010000010000100000000100')
DEBUG:root:Matched frame over all scan:1488

DEBUG:root:Errors over all scan:9

DEBUG:root:Result:replica detected
DEBUG:root:Match or Not:True
DEBUG:root:Real time1487972670.23

DEBUG:root:Extracted signature:bitarray('11111111111111101111111111111101111111111111011111111111101111111111101111111111011111111101111111101111111011111101111101111011111111111100000001101111000000000001110000000000000100000000000010000000000010000000100100000000010000000010000000100000000010000001000111100100')
DEBUG:root:Matched frame over all scan:2259

DEBUG:root:Errors over all scan:14

DEBUG:root:Result:replica detected
DEBUG:root:Match or Not:True
DEBUG:root:Real time1487972670.43

DEBUG:root:Extracted signature:bitarray('11111111111111101111111111111101111111111111011111111111101111111111101111111111011111111101111111101111011011001101001110011001101111111100000000001111100000000001111000000000001100000000000010000000000010000000000100000100110000000110000000100000010000010000100010000100')
DEBUG:root:Matched frame over all scan:2261

DEBUG:root:Errors over all scan:22

DEBUG:root:Result:replica detected
DEBUG:root:Match or Not:True
DEBUG:root:Real time1487972670.63

DEBUG:root:Extracted signature:bitarray('11111111000001101111111000000101111111000001011111000000001111000000111111000010111100001011100001111000001100000010000010000100010001111110000000000111110000000000011000000000000100000000000010000000000010000000100100000110110000111110000111000111100111000110001101000100')
DEBUG:root:Matched frame over all scan:2805

DEBUG:root:Errors over all scan:31

DEBUG:root:Result:replica detected
DEBUG:root:Match or Not:True
DEBUG:root:Real time1487972670.83

DEBUG:root:Extracted signature:bitarray('11111111111111101111111111111101111111111111011111111111101111111111101111111111011111111101111111101111111011111101111101111011101111111100000000001111000000000000010000000000000100000000000010000000000010000000001100000000110000000110000000100000010000011000100010100100')
DEBUG:root:Matched frame over all scan:2263

DEBUG:root:Errors over all scan:13

DEBUG:root:Result:replica detected
DEBUG:root:Match or Not:True
DEBUG:root:Real time1487972671.03

DEBUG:root:Extracted signature:bitarray('11111111111001101111111011001101111111110011011111111001101111111101101111110011011111001101111001101110011111001111000110011001100101111110000000000011100000000000011000000000000100000000000010000000000010000000000100000010010000001110000111000110000010000110000100000100')
DEBUG:root:Matched frame over all scan:2804

DEBUG:root:Errors over all scan:31

DEBUG:root:Result:replica detected
DEBUG:root:Match or Not:True
DEBUG:root:Real time1487972671.23

DEBUG:root:Extracted signature:bitarray('11111000001111101101000011111111000001101111010000111111100001111111100111100111011110011101110011101100111011011101111100111011101100011111111111111101101111111111001011111011110001111001111000111001110001110001100001000110000001111000011110001111101111001110001011010100')
DEBUG:root:Matched frame over all scan:1494

DEBUG:root:Errors over all scan:47

DEBUG:root:Result:replica detected
DEBUG:root:Match or Not:True
DEBUG:root:Real time1487972671.43

DEBUG:root:Extracted signature:bitarray('11111000000111111101000000111011010000001111110000000111010000100111110011100111011110011111110011111000010100011100011100011011101100011111101111111001001001111100000011011111010001101101111001111101110001111011100011111110001111110001011100011111001111001100110010010100')
DEBUG:root:Matched frame over all scan:1500

DEBUG:root:Errors over all scan:40

DEBUG:root:Result:replica detected
DEBUG:root:Match or Not:True
DEBUG:root:Real time1487972671.63

DEBUG:root:Extracted signature:bitarray('11111000000111111111000000111011110000001110110000000111010000010011010001100111100110001111110000111000000100000010001010011011101000001111101111100000111111111100001111111111000011111101100001111001110001110111100010111110000111110001111100011111001110011100110010010100')
DEBUG:root:Matched frame over all scan:1496

DEBUG:root:Errors over all scan:37

DEBUG:root:Result:replica detected
DEBUG:root:Match or Not:True
DEBUG:root:Real time1487972671.83

DEBUG:root:Extracted signature:bitarray('11111000000111001111000000111011111000001110110000000111011000000111110001100111110010001111100001111000011100001110001100011011101100001111111111100001111111111100001111111011000011111101110001111101110001111011100011111110000001110000011100011110001110011100100010010100')
DEBUG:root:Matched frame over all scan:1497

DEBUG:root:Errors over all scan:21

DEBUG:root:Result:replica detected
DEBUG:root:Match or Not:True
DEBUG:root:Real time1487972672.03

DEBUG:root:Extracted signature:bitarray('11111000001111001111000000111011011000001110110000000111011000000111010001100111010110011011100001011000010100011100011100011011101100011111101111100001111111111100001111111011000011111101110001111001110001110111100111001110010001110000011100011111001111001100100010010100')
DEBUG:root:Matched frame over all scan:1500

DEBUG:root:Errors over all scan:21

DEBUG:root:Result:replica detected
DEBUG:root:Match or Not:True
DEBUG:root:Real time1487972672.23

DEBUG:root:Extracted signature:bitarray('11111000001111001111000000111011110000001110110000000110010000010111010001100111110110011111100001111000011100001100001100011011101100011111101111100001111111101100000111111011000011111101110001111001110001110011100011101110000001110000011100011111001110001100100010010100')
DEBUG:root:Matched frame over all scan:1500

DEBUG:root:Errors over all scan:11

DEBUG:root:Result:replica detected
DEBUG:root:Match or Not:True
DEBUG:root:Real time1487972672.43

DEBUG:root:Extracted signature:bitarray('11101000001111001101000001111011000000001110110000010110010000010111010001100111000110011111100011111000011100011100011100011011101100011111101111100001111011101100000101111011000011111101100001111011110001110111100011101110001001110000011100001111001111001100110010010100')
DEBUG:root:Matched frame over all scan:1500

DEBUG:root:Errors over all scan:17

DEBUG:root:Result:replica detected
DEBUG:root:Match or Not:True
DEBUG:root:Real time1487972672.63

DEBUG:root:Extracted signature:bitarray('11101000001111101101000001111011001000001111110000000110010000010111010001100111000100011111100011111000011100011100001100011011101100011111101111100001111011101100001101111011000011111101110001111001110001110011100001101110001001110000011100011111001111001100110010010100')
DEBUG:root:Matched frame over all scan:1500

DEBUG:root:Errors over all scan:21

DEBUG:root:Result:replica detected
DEBUG:root:Match or Not:True
DEBUG:root:Real time1487972672.83

DEBUG:root:Extracted signature:bitarray('11101000001111001101000001111011001000001110110000010110010000110111010011100111001100011011100001011000011101001100001100011011101000001111101111100001111011111100000001111111000011111101110000111011110001110011100011101110000001110000011100011111001111001100110010010100')
DEBUG:root:Matched frame over all scan:1504

DEBUG:root:Errors over all scan:23

DEBUG:root:Result:replica detected
DEBUG:root:Match or Not:True
DEBUG:root:Real time1487972673.03

DEBUG:root:Extracted signature:bitarray('11101000001111001101000001110011001000001100110000010110010000100011010011000111101100011011100001011000010101001010001110011011101100001111101111100001111011111100000011111111000011111111100001111011110001111111100011101110000001110000011100001110001110001100110011010100')
DEBUG:root:Matched frame over all scan:1503

DEBUG:root:Errors over all scan:21

DEBUG:root:Result:replica detected
DEBUG:root:Match or Not:True
DEBUG:root:Real time1487972673.24

DEBUG:root:Extracted signature:bitarray('11101000001111001101000001111011001000001100110000001110010000101111010011000111001100001111100001111000000101000011000010011011101100011111001111100001111011111100000101111111000011111001110000111011110001111011100001101110000001110000111100011110011110011100110011010100')
DEBUG:root:Matched frame over all scan:1505

DEBUG:root:Errors over all scan:10

DEBUG:root:Result:replica detected
DEBUG:root:Match or Not:True
DEBUG:root:Real time1487972673.44

DEBUG:root:Extracted signature:bitarray('11101000001111011101000001110011001000001100110000000110010000100111010011000111001100001111100000111000000101000011000110011011101100011111001111100001110011111100000101111111000011111001110000111001110001100011100011101110000011110000111100011110011110011100110011010100')
DEBUG:root:Matched frame over all scan:1505

DEBUG:root:Errors over all scan:14

DEBUG:root:Result:replica detected
DEBUG:root:Match or Not:True
DEBUG:root:Real time1487972673.64

DEBUG:root:Extracted signature:bitarray('11100000011110011101000001110011001000001110100000000111010000100111010011000111001100001111100000111000000101000011000110001110011000011011001111110001110011111100000101110111000011111011110000110001110001100011100010111110000011110000111100011110011110011100110010010100')
DEBUG:root:Matched frame over all scan:1506

DEBUG:root:Errors over all scan:17

DEBUG:root:Result:replica detected
DEBUG:root:Match or Not:True
DEBUG:root:Real time1487972673.84

DEBUG:root:Extracted signature:bitarray('11110000011111011101100001111011101000001110100000000111010000100111010011000111000100001111100000111000000101000010000110111011011000011011000011110001110011111100001101110111000011111011100000110001110001100011100010111110000011110000111100011110011110011100110010010100')
DEBUG:root:Matched frame over all scan:1507

DEBUG:root:Errors over all scan:16

DEBUG:root:Result:replica detected
DEBUG:root:Match or Not:True
DEBUG:root:Real time1487972674.04

DEBUG:root:Extracted signature:bitarray('11100000011111011100100001111011001000001110100000000111010000100111010011000111000110001111100000011000000101000010001100011011101000011110001111110001110011111100001101111111000001111111100001110001110001101111100000011110000011110000111100011110001111001110111011010100')
DEBUG:root:Matched frame over all scan:1509

DEBUG:root:Errors over all scan:22

DEBUG:root:Result:replica detected
DEBUG:root:Match or Not:True
DEBUG:root:Real time1487972674.24

DEBUG:root:Extracted signature:bitarray('11100100011111011100100001111011001000001110100000000111010000100111000011000111001110011101100001010000010101001110001100011011111000011110000111110001110111111100001101111111000001111111100001110101110001101111100000111110000011110000111100011110001111001110111010010100')
DEBUG:root:Matched frame over all scan:1509

DEBUG:root:Errors over all scan:16

DEBUG:root:Result:replica detected
DEBUG:root:Match or Not:True
DEBUG:root:Real time1487972674.44

DEBUG:root:Extracted signature:bitarray('11100100001111011100100001111011001000011110100000000111010001100111000011001111001100111101100001110000001101000011100011001111111000011100000111110001110111111100000101111111000001111101110001110110110001101111100010011110000011110000111100011111010111001100110010010100')
DEBUG:root:Matched frame over all scan:1510

DEBUG:root:Errors over all scan:24

DEBUG:root:Result:replica detected
DEBUG:root:Match or Not:True
DEBUG:root:Real time1487972674.64

DEBUG:root:Extracted signature:bitarray('11100100001111011100100001111011001000011110100000000111010001100111000011000111001000011101000001111000011100001100011100011011111000011000001111110001110111111100001101111011000001111101110001110111110001101111100010111110000011110000111110011110001110011100110010010100')
DEBUG:root:Matched frame over all scan:1511

DEBUG:root:Errors over all scan:12

DEBUG:root:Result:replica detected
DEBUG:root:Match or Not:True
DEBUG:root:Real time1487972674.84

DEBUG:root:Extracted signature:bitarray('11101100101111011100100001111011001000011110100100000110011101100111001011000111001100011111100011111000111100011000011000000110010000001000111111110001100111111100001001111011000001101101110001101111110001101111100010111110000011110000111110011111001110001100110010010100')
DEBUG:root:Matched frame over all scan:1513

DEBUG:root:Errors over all scan:21

DEBUG:root:Result:replica detected
DEBUG:root:Match or Not:True
DEBUG:root:Real time1487972675.04

DEBUG:root:Extracted signature:bitarray('11101100101111011100100001111011001000011110100100000110011101100111001011000111001100011111100001111000011100011100011100010011010000001000111111110001100111111100001001111011000001101101110001101101110001101111100010011110000011110000111100011111001111001100110010000100')
DEBUG:root:Matched frame over all scan:1513

DEBUG:root:Errors over all scan:15

DEBUG:root:Result:replica detected
DEBUG:root:Match or Not:True
DEBUG:root:Real time1487972675.24

DEBUG:root:Extracted signature:bitarray('11000100101111011100100001111011001000001110100100100111000101100111001011000111001110011111100001011000010100001100011100111011101100011000111111110001100111111100001101111111000001101101110001101101110001111111100010011110000001110000011100011111001111000110011101100100')
DEBUG:root:Matched frame over all scan:1515

DEBUG:root:Errors over all scan:21

DEBUG:root:Result:replica detected
DEBUG:root:Match or Not:True
DEBUG:root:Real time1487972675.44

DEBUG:root:Extracted signature:bitarray('11001100101111011101100001111011001000001110100100100110001101100111001011000111001100011011100001011000010100001100001100011011101100011000111111110001100111111100001011111011000001101101110001101101110001101011100010011110000001110000111100011111001111001110011010000100')
DEBUG:root:Matched frame over all scan:1515

DEBUG:root:Errors over all scan:26

DEBUG:root:Result:replica detected
DEBUG:root:Match or Not:True
DEBUG:root:Real time1487972675.64

DEBUG:root:Extracted signature:bitarray('11100100101111111100100001111011001000001110100100100111000101100110001011000111000110011111110001011000010100001110001100011011000000011000101111110001100111111100001101111111000001101101100001101101110001111111100010111110000011110000111100011111001111001100110010010100')
DEBUG:root:Matched frame over all scan:1515

DEBUG:root:Errors over all scan:22

DEBUG:root:Result:replica detected
DEBUG:root:Match or Not:True
DEBUG:root:Real time1487972675.84

DEBUG:root:Extracted signature:bitarray('11100100101111111100100001111011001000001110100100100111000101100111001011000111000110011111110001011000011101001110001100110011010000011000101111110000100111111100001111111111000001101101100001101101110001111011100010111110000011110000111100011110101110001100110010010100')
DEBUG:root:Matched frame over all scan:1517

DEBUG:root:Errors over all scan:25

DEBUG:root:Result:replica detected
DEBUG:root:Match or Not:True
DEBUG:root:Real time1487972676.04

DEBUG:root:Extracted signature:bitarray('11110011010111101111011100111101111111100111011111111001101011111000100111110001011110000111100100111011001101100101110001000100010000011101111000111101001100001101101000011011111000001100111100000100011101001110011100111001100011001100110000110000010000010010101100100100')
DEBUG:root:Matched frame over all scan:1519

DEBUG:root:Errors over all scan:57

DEBUG:root:Result:tau3_fail
DEBUG:root:Match or Not:False
DEBUG:root:Real time1487972676.24

DEBUG:root:Real time1487972676.44

DEBUG:root:Extracted signature:bitarray('11111111000111001111100110110001111001110000011110111000001111111100011110011100111011110010011110000111100011110010000010111011101000011101110011111001100011011111001000110011100000001101110000001111100000011111000001110000001110000011000000101100001110011000100010010100')
DEBUG:root:Matched frame over all scan:1920

DEBUG:root:Errors over all scan:74

DEBUG:root:Result:tau3_fail
DEBUG:root:Match or Not:False
DEBUG:root:Real time1487972676.64

DEBUG:root:Real time1487972676.84

DEBUG:root:Extracted signature:bitarray('11110111000111101111111100111001111101111001011110011000000111111000001111001001111100100011001100010011001011100011100010000100010000011111011001111101110011011111101000011111111000001101110001001101011110001110001000111000100110000001100000110110010110011000100010000100')
DEBUG:root:Matched frame over all scan:1518

DEBUG:root:Errors over all scan:28

DEBUG:root:Result:replica detected
DEBUG:root:Match or Not:True
DEBUG:root:Real time1487972677.04

DEBUG:root:Real time1487972677.24

DEBUG:root:Extracted signature:bitarray('10111100001100010111101110000001111011110000011101111100001110111100001101111100010111110000011110001110111011111000110001100100011111111100111111110101000011011100000000110111001000011011100000011111100000111111100001101110001101100011011000101100011110011000100010010100')
DEBUG:root:Matched frame over all scan:2076

DEBUG:root:Errors over all scan:79

DEBUG:root:Result:tau3_fail
DEBUG:root:Match or Not:False
DEBUG:root:Real time1487972677.44

DEBUG:root:Extracted signature:bitarray('11101111000111101101111100111001111101111000011110111000001111111000001111011000111001100011001110010011101011100011000010000100010010011111111001111000110011011111001100110111100000001101111000001111111000011111000001110100001110000011110000111100011100011000100100100100')
DEBUG:root:Matched frame over all scan:1523

DEBUG:root:Errors over all scan:47

DEBUG:root:Result:replica detected
DEBUG:root:Match or Not:True
DEBUG:root:Real time1487972677.64

DEBUG:root:Real time1487972677.85

DEBUG:root:Real time1487972678.05

DEBUG:root:Extracted signature:bitarray('00000000000000000000000000000000000000000000000000000000000000000000000000000000000000000000000000000000000000000000000000000000000000000000000000000000000000000000000000000000000000000000000000000000000000000000000000000000000000000000000000000000000000000000000000000100')
DEBUG:root:Matched frame over all scan:1520

DEBUG:root:Errors over all scan:0

DEBUG:root:Result:replica detected
DEBUG:root:Match or Not:True
DEBUG:root:Real time1487972678.25

DEBUG:root:Extracted signature:bitarray('11111100000110011111100110000001111001110000011100110000011111110010000111000111011100001101110000011100000100000010000010000100010000011101111111110001100011011110001000110011110000011001111001100011100001001111000100101110010001110010110000111000011000011000100010000100')
DEBUG:root:Matched frame over all scan:560

DEBUG:root:Errors over all scan:70

DEBUG:root:Result:tau3_fail
DEBUG:root:Match or Not:False
DEBUG:root:Real time1487972678.45

DEBUG:root:Extracted signature:bitarray('11110011000111101110111100111101101101110001011110011000010110011000011100110000100000000010000100010011100111100011000010000100010011111111111001111101111011011111101110011011101010001101110000001101100010011100000101110000011110000010110000111100011100011000100010010100')
DEBUG:root:Matched frame over all scan:1523

DEBUG:root:Errors over all scan:54

DEBUG:root:Result:replica detected
DEBUG:root:Match or Not:True
DEBUG:root:Real time1487972678.65

DEBUG:root:Real time1487972678.85

DEBUG:root:Extracted signature:bitarray('10011000001111110011100000111101111000001111011000000111100000000111000000001100100000110010110011101100011010111100110001110011101111111111000011101100111000001111100111000001111011100110111101101110111001011101101011110001101111000001111000111100011100010100110010000100')
DEBUG:root:Matched frame over all scan:1430

DEBUG:root:Errors over all scan:81

DEBUG:root:Result:tau3_fail
DEBUG:root:Match or Not:False
DEBUG:root:Real time1487972679.05

DEBUG:root:Extracted signature:bitarray('11111111111111101111111111111001111111111110011101111110001111111110101111011101011110111101111001101110011011101101100011000100010011110011111110011101000111110011100110111001110011111100111101111111111100110011110011101110001101111001011110001111001100010011000100101100')
DEBUG:root:Matched frame over all scan:2525

DEBUG:root:Errors over all scan:68

DEBUG:root:Result:tau3_fail
DEBUG:root:Match or Not:False
DEBUG:root:Real time1487972679.25

DEBUG:root:Extracted signature:bitarray('11111100111011101111110111111101111001111110011100111111001100111111100111111111011110010101110011011100111010011110011101001100011011000011100011011101011111011011100110111111111011000110111101100000111100110001000011100100001100100001111110011001010010010100111010010100')
DEBUG:root:Matched frame over all scan:1528

DEBUG:root:Errors over all scan:20

DEBUG:root:Result:replica detected
DEBUG:root:Match or Not:True
DEBUG:root:Real time1487972679.45

DEBUG:root:Extracted signature:bitarray('10111110111011101111111111111100111001111110011100111111001101111111101111011111011100111101110010011100111110011110011101101000011011100011100011011101011111011011100110111111111011000110111101111000111100110001100011000100011000110001011110101101010000010100110010010100')
DEBUG:root:Matched frame over all scan:1530

DEBUG:root:Errors over all scan:12

DEBUG:root:Result:replica detected
DEBUG:root:Match or Not:True
DEBUG:root:Real time1487972679.65

DEBUG:root:Extracted signature:bitarray('11111110111101101111111111111100111001111110011100111110001101111111100111111111011110011101110011011100111010011110011101001100011011000011100011011101011111011011100110110011111011000100111101100000111100110001000011100100001100111101001110011011010010010110011010000100')
DEBUG:root:Matched frame over all scan:1531

DEBUG:root:Errors over all scan:21

DEBUG:root:Result:replica detected
DEBUG:root:Match or Not:True
DEBUG:root:Real time1487972679.85

DEBUG:root:Extracted signature:bitarray('11111110111011101111111111111001111101111100011100111110001100111100100111111111011110011101110011011100111010011110011101001100011011000011100111011101011111111011101110111111111011000100111101100000111100110001000011100100001110111101110110011011010011010110011010000100')
DEBUG:root:Matched frame over all scan:1531

DEBUG:root:Errors over all scan:26

DEBUG:root:Result:replica detected
DEBUG:root:Match or Not:True
DEBUG:root:Real time1487972680.05

DEBUG:root:Extracted signature:bitarray('11111100111001101111101111111101111011111100011100111110001001111100100111111011011110000001110011011100111010001110011101001100011011000011100011011101011111111011100110011111111011100111111101100000111100110001000011100100011110110001110110011001010001110110011010010100')
DEBUG:root:Matched frame over all scan:1533

DEBUG:root:Errors over all scan:23

DEBUG:root:Result:replica detected
DEBUG:root:Match or Not:True
DEBUG:root:Real time1487972680.25

DEBUG:root:Extracted signature:bitarray('11111100111001101111100111111101111001111110011100111110001000111101100111111011011110100101110011011100111010001110011101001100011011000011100111011101011111111011100110111111111011000111111101100000111100110001000011100100001110110001110110011001110001110110011010010100')
DEBUG:root:Matched frame over all scan:1536

DEBUG:root:Errors over all scan:21

DEBUG:root:Result:replica detected
DEBUG:root:Match or Not:True
DEBUG:root:Real time1487972680.45

DEBUG:root:Extracted signature:bitarray('11111100111001101111111111111101111001111110011100111110001000111100100111111011011110100101110011011100111010001110011101001100011011000011100111011101011111011011100110110111110011100010111101000000111100110001000011101100001110110001110110011001110001110100011010010100')
DEBUG:root:Matched frame over all scan:1536

DEBUG:root:Errors over all scan:19

DEBUG:root:Result:replica detected
DEBUG:root:Match or Not:True
DEBUG:root:Real time1487972680.65

DEBUG:root:Extracted signature:bitarray('11111100111001101111111111111101111001111100011100111110001100111100100111111011011111100101110011011100111110011110011101000100011011000011100111011101011111111011100110110111110011100000111101100000110100110001100011101100001100110001111110011000010000010100111011010100')
DEBUG:root:Matched frame over all scan:1536

DEBUG:root:Errors over all scan:16

DEBUG:root:Result:replica detected
DEBUG:root:Match or Not:True
DEBUG:root:Real time1487972680.85

DEBUG:root:Extracted signature:bitarray('11111100111001101111101111111101111001111100011100111110001100111100100111111011011111100101110011011100111010011110011101000100011011000011100111011101011111111011100110110111111011000000111101100000110100110001100011101100001101110001101110011001010010010100111010010100')
DEBUG:root:Matched frame over all scan:1536

DEBUG:root:Errors over all scan:17

DEBUG:root:Result:replica detected
DEBUG:root:Match or Not:True
DEBUG:root:Real time1487972681.05

DEBUG:root:Extracted signature:bitarray('11111100111001101111111111111101111101111100011100111110001100111100100111111011011111110101110011011100111010011110011101000100010011000011100111011101011111111011100110110111111011000000111101100000110100110001100011100100001101110001111110011001010000010100111010010100')
DEBUG:root:Matched frame over all scan:1536

DEBUG:root:Errors over all scan:16

DEBUG:root:Result:replica detected
DEBUG:root:Match or Not:True
DEBUG:root:Real time1487972681.25

DEBUG:root:Extracted signature:bitarray('11111100111001101111111111111101111101111100011100111110001100111100100111111011011111110101110011001100111010011110011101000100010011000011100111011101011111111011100110110111110011000000111101100000110100110001100011100100001101110001111110011001010010010100111010010100')
DEBUG:root:Matched frame over all scan:1541

DEBUG:root:Errors over all scan:15

DEBUG:root:Result:replica detected
DEBUG:root:Match or Not:True
DEBUG:root:Real time1487972681.45

DEBUG:root:Extracted signature:bitarray('11111100111011101001101111111000011011111100011100111110001001111100100111111011011111110101110011101100111010011110011101000100010010011011110011011101001111111011100110111111110011100000111101100000110100110001100011100100001100110001111110011011010010010100111010010100')
DEBUG:root:Matched frame over all scan:1541

DEBUG:root:Errors over all scan:25

DEBUG:root:Result:replica detected
DEBUG:root:Match or Not:True
DEBUG:root:Real time1487972681.65

DEBUG:root:Extracted signature:bitarray('11111110111111101111100111111001111001111100011000111110000000111100100111111011011111110101110011001100111010011110011110000100010010000011100111011101011101111011100110010111110011110000111101110000110101110001100111100110001101110001111110011001010010010100111010010100')
DEBUG:root:Matched frame over all scan:1541

DEBUG:root:Errors over all scan:20

DEBUG:root:Result:replica detected
DEBUG:root:Match or Not:True
DEBUG:root:Real time1487972681.85

DEBUG:root:Extracted signature:bitarray('11111111111111001111111111111001111111111100011100111110001110001100101100111011001111110101110011001100111010011110001110000100010010000011100111111001011101111011000110011111110011100000111101110000111100110001100011100110001100110001111110011011010010010100111010010100')
DEBUG:root:Matched frame over all scan:1541

DEBUG:root:Errors over all scan:27

DEBUG:root:Result:replica detected
DEBUG:root:Match or Not:True
DEBUG:root:Real time1487972682.05

DEBUG:root:Extracted signature:bitarray('10111100111111001111111111110001111001111100011100111100001001111100100111111011011100111101110011001100111010011110000110000100011111000111100111110001011101111110000110011111110011100001111101110010110101110001100111100110001100110001101110011111000010010100111010010100')
DEBUG:root:Matched frame over all scan:1543

DEBUG:root:Errors over all scan:29

DEBUG:root:Result:replica detected
DEBUG:root:Match or Not:True
DEBUG:root:Under real time Point counter:0.200522899628

DEBUG:root:Extracted signature:bitarray('10111100111110001110101111110000111001111100011100111110001100111110000110111100011111110001110011001100111010011110011100001100010011100111100111000001011100111000000110011111000011000110111101100010111000110001100011000110011000111001101110011111001110000100010010010100')
DEBUG:root:Matched frame over all scan:1544

DEBUG:root:Errors over all scan:17

DEBUG:root:Result:replica detected
DEBUG:root:Match or Not:True
DEBUG:root:Real time1487972682.45

DEBUG:root:Extracted signature:bitarray('10111100111111101111100111111100111001111110011100111110101100111110100111111101011101110001110010001100111010011110011101001100010011100011100111001101011100111001100110011110011011000110011101100110011100110001100011000110011000111001101110011110001110000100010010010100')
DEBUG:root:Matched frame over all scan:1545

DEBUG:root:Errors over all scan:25

DEBUG:root:Result:replica detected
DEBUG:root:Match or Not:True
DEBUG:root:Under real time Point counter:0.221343994141

DEBUG:root:Extracted signature:bitarray('10111100111110001011101111110000111011111111011101111111101111111111100111011111011100111101100111101001111000111100011101001100011111000011100111110011011001111110010110011110001011001100001101111000001100111000111011100110001000111000011111001111101010100100111011010100')
DEBUG:root:Matched frame over all scan:1547

DEBUG:root:Errors over all scan:35

DEBUG:root:Result:replica detected
DEBUG:root:Match or Not:True
DEBUG:root:Real time1487972682.88

DEBUG:root:Extracted signature:bitarray('10111100111110001011111111110000111011111111011101111111101011011111100111011111011100111101110111101001111000111100011101111001101100000011100111110000011101111110010100011111000011001100001101011000001100111000111011100110101000111000001110001111101110101100011011100100')
DEBUG:root:Matched frame over all scan:1547

DEBUG:root:Errors over all scan:16

DEBUG:root:Result:replica detected
DEBUG:root:Match or Not:True
DEBUG:root:Real time1487972683.08

DEBUG:root:Extracted signature:bitarray('11111100111110001111111111111000111111111111011100111111101101111111100111011111011111111101110111101100111000011100011101111011101000000011100111110001011001111110010100011111000011001100001101111000001100110000111011100111001100111101000111001011101010100110011101000100')
DEBUG:root:Matched frame over all scan:1548

DEBUG:root:Errors over all scan:16

DEBUG:root:Result:replica detected
DEBUG:root:Match or Not:True
DEBUG:root:Real time1487972683.28

DEBUG:root:Extracted signature:bitarray('00111110111101101111100111000101111001110001011000111100011000111100011001001100100110110011110100011100000110000010110011100111111111100111110001110001111100011110001111001111100011100110010001100111010001111111110001101101101100100011001100101100010100101110011010000100')
DEBUG:root:Matched frame over all scan:1549

DEBUG:root:Errors over all scan:12

DEBUG:root:Result:replica detected
DEBUG:root:Match or Not:True
DEBUG:root:Real time1487972683.48

DEBUG:root:Extracted signature:bitarray('11111110111011101111100111100101111001111001011000111100011000111100011001101000100111100011100100011000000100011110011101111011111111100111110011110001111100011110001111001101100011100110110001101110011001111111111001101110001101110010011111011111101111001110011010000100')
DEBUG:root:Matched frame over all scan:1550

DEBUG:root:Errors over all scan:32

DEBUG:root:Result:replica detected
DEBUG:root:Match or Not:True
DEBUG:root:Real time1487972683.68

DEBUG:root:Extracted signature:bitarray('01111111100001101111101110001101110001100011011000110110111000110110100001001111001101111001001111100011111000111100111101110011010000000111110100000001111100110011001111001100110011100110010000110110010001111011100001101110001101110000011100001110001111001110001011000100')
DEBUG:root:Matched frame over all scan:1551

DEBUG:root:Errors over all scan:24

DEBUG:root:Result:replica detected
DEBUG:root:Match or Not:True
DEBUG:root:Real time1487972683.88

DEBUG:root:Extracted signature:bitarray('11111111001111101111111110011101110001110111011000111110000000111110000001111100001111110001111100001011000100100010110011100110010010001011110000110001011110000011001111001100110011100011010000100111010000011111100011110010001110111000011111001110001110011001100101100100')
DEBUG:root:Matched frame over all scan:1552

DEBUG:root:Errors over all scan:31

DEBUG:root:Result:replica detected
DEBUG:root:Match or Not:True
DEBUG:root:Real time1487972684.08

DEBUG:root:Extracted signature:bitarray('11111111011001101111100001101101110010011111011001111111100001111000000111110000011111011001111001001010011100001110011100011011111100001011110001000001011110000110011111010011000111101101001000001111011000111100110011100011101110011101000111000011001010010000100011010100')
DEBUG:root:Matched frame over all scan:1553

DEBUG:root:Errors over all scan:17

DEBUG:root:Result:replica detected
DEBUG:root:Match or Not:True
DEBUG:root:Under real time Point counter:0.210769891739

DEBUG:root:Extracted signature:bitarray('11111111011111101111110011111101111100011111011100011111000001110111100111101011011110100001111111101111111001011100000110000100010010101001110001100001111110000110001111100011100011111001111000011101011101111010110011100011001110111000111110011010001010010100110010000100')
DEBUG:root:Matched frame over all scan:1555

DEBUG:root:Errors over all scan:25

DEBUG:root:Result:replica detected
DEBUG:root:Match or Not:True
DEBUG:root:Real time1487972684.49

DEBUG:root:Extracted signature:bitarray('11011111001111101111100001111101111000011111011100011110001001111110000011111111011111110001101110000011111001111101100010000100010010111001110001100001011110101110001111100011100011110001110001011101110000111000110011110011001011111000011100011110001010010000110010000100')
DEBUG:root:Matched frame over all scan:1555

DEBUG:root:Errors over all scan:38

DEBUG:root:Result:replica detected
DEBUG:root:Match or Not:True
DEBUG:root:Real time1487972684.69

DEBUG:root:Extracted signature:bitarray('00111111111001101111100111001101110001111001010000111100100000111111101011011111011100111101100110001001100000110001110001000100010000000111111011000001111100111010001111001101100010100101110000100101100101011011011011100001111000010010001100001111101111101111011100101100')
DEBUG:root:Matched frame over all scan:1556

DEBUG:root:Errors over all scan:34

DEBUG:root:Result:replica detected
DEBUG:root:Match or Not:True
DEBUG:root:Real time1487972684.89

DEBUG:root:Extracted signature:bitarray('11001111111001101111100111000101110001110000110001111000010000111100100001111011000111101100011111100011111010111100111001100111010011111001111001100001011100111010000111011110100011001110011011110111101001100101011011110101101000101110011110001110001110011110010010101100')
DEBUG:root:Matched frame over all scan:1558

DEBUG:root:Errors over all scan:61

DEBUG:root:Result:tau3_fail
DEBUG:root:Match or Not:False
DEBUG:root:Under real time Point counter:0.201290845871

DEBUG:root:Extracted signature:bitarray('11011111111001101111101111000101110011110000110001111100010000111100110001111001000011100100011100100011111000111101111101110011011011111001111011000001011100111000000111011110110011001110011011011111000001100111000110000110010000100110001011001111001110011100110010000100')
DEBUG:root:Matched frame over all scan:1558

DEBUG:root:Errors over all scan:28

DEBUG:root:Result:replica detected
DEBUG:root:Match or Not:True
DEBUG:root:Real time1487972685.3

DEBUG:root:Extracted signature:bitarray('11110000000011111110000000011111000000000000100001100000010001110001110001100011000000011100000111100001111011000011000010000100011111111100111110000000110101110000001100100110111010010001011100011111000100111111001011111101101111011101111100011100001100010000100010000100')
DEBUG:root:Matched frame over all scan:1559

DEBUG:root:Errors over all scan:57

DEBUG:root:Result:tau3_fail
DEBUG:root:Match or Not:False
DEBUG:root:Real time1487972685.5

DEBUG:root:Real time1487972685.7

DEBUG:root:Real time1487972685.9

DEBUG:root:Extracted signature:bitarray('11011111000000011111110000000111100000000001110000001100010000000100010000000110100100011000010110100101000001100010000010000110010000010011111100100010011111100000101111111110001001101111100010100111100011100011111011001111101111010011110000100000010000011000110010010100')
DEBUG:root:Matched frame over all scan:1561

DEBUG:root:Errors over all scan:56

DEBUG:root:Result:replica detected
DEBUG:root:Match or Not:True
DEBUG:root:Real time1487972686.1

DEBUG:root:Extracted signature:bitarray('11101111000000011111111000000011100010000110110000000011010000000111010000101110100011111100000011101000111000001110000011000100010000010001111111000010011111111000000111001110000010111111000010111111000001111110111011110001101110011101000111100001011000010000100010010100')
DEBUG:root:Matched frame over all scan:1562

DEBUG:root:Errors over all scan:24

DEBUG:root:Result:replica detected
DEBUG:root:Match or Not:True
DEBUG:root:Real time1487972686.3

DEBUG:root:Extracted signature:bitarray('11100111110010001111111110000001111000000001110000000000010000110000010000011001100000111100000111100000111100001110001010000100010000010001111100001101001111000000100111111000000110001100000010001111000010011001100111000111011000111010000111100000010000010000100010000100')
DEBUG:root:Matched frame over all scan:1563

DEBUG:root:Errors over all scan:45

DEBUG:root:Result:replica detected
DEBUG:root:Match or Not:True
DEBUG:root:Real time1487972686.5

DEBUG:root:Extracted signature:bitarray('11111111110001101111111110001101111111100011011111110001111000010001110000100011100011000110001100010001000100100010110001100100010011111011111111001101001111010000110011100100011011100000001111000011001110000111001100001100010100100011100000111000011000010011000000000100')
DEBUG:root:Matched frame over all scan:1564

DEBUG:root:Errors over all scan:33

DEBUG:root:Result:replica detected
DEBUG:root:Match or Not:True
DEBUG:root:Real time1487972686.7

DEBUG:root:Extracted signature:bitarray('11111111111000000111111100000001111110000000011111000001101111000001110111000011001100001101110001101100111010011100111001110010000000011111100111000001111011110000011110110000000111110000001111111000001110011100011001110001100111001101110011011111101111001111010100000100')
DEBUG:root:Matched frame over all scan:1565

DEBUG:root:Errors over all scan:41

DEBUG:root:Result:replica detected
DEBUG:root:Match or Not:True
DEBUG:root:Under real time Point counter:0.212001085281

DEBUG:root:Extracted signature:bitarray('11111111110111101111111111111101110111100111010001110001001111110000011100000000110000001110000001110000111000011100011100011001101100011111110000111101111110000111101111111110011010000111000011000111000010011110000110000001110001001100001111010011101011100111011101100100')
DEBUG:root:Matched frame over all scan:1566

DEBUG:root:Errors over all scan:33

DEBUG:root:Result:replica detected
DEBUG:root:Match or Not:True
DEBUG:root:Real time1487972687.11

DEBUG:root:Extracted signature:bitarray('11111111110111101111111110111101100111111111010001111111001000111011001000000001110000000110000001110000111100011100011100011001101100011111111000011101111111000111101101111111011010000111000111000111000010001000000100100000110000001110000011000011101011101111011101100100')
DEBUG:root:Matched frame over all scan:1567

DEBUG:root:Errors over all scan:8

DEBUG:root:Result:replica detected
DEBUG:root:Match or Not:True
DEBUG:root:Real time1487972687.31

DEBUG:root:Extracted signature:bitarray('11110011111111101110011111111101100011111110011000111111001000111111000001101111000110001111100000110100001101000110111101111011101101111111111100000101110111110001101110100111111011000011110101000111111110001100111100110001101100001110000001100001100101101111011100101100')
DEBUG:root:Matched frame over all scan:1568

DEBUG:root:Errors over all scan:11

DEBUG:root:Result:replica detected
DEBUG:root:Match or Not:True
DEBUG:root:Real time1487972687.51

DEBUG:root:Extracted signature:bitarray('11111001111110001111001111111000110001111111011000111111101000111111100001111111000111011101111001101010001101100101110101110011011011111111111111100001111110111100001110000111110011100011111101100011111101100111111000111011101110001111000011100100110101100111011101000100')
DEBUG:root:Matched frame over all scan:1569

DEBUG:root:Errors over all scan:17

DEBUG:root:Result:replica detected
DEBUG:root:Match or Not:True
DEBUG:root:Real time1487972687.72

DEBUG:root:Extracted signature:bitarray('11111001111100001111000111111000111001111111011000111111101100111111101101111111000111011101111001101110011101100101110101110011011011111111110111100001111100011100001111000111110011100011111101100011111101100111111010011111101110011101000011100000110101100110011101100100')
DEBUG:root:Matched frame over all scan:1570

DEBUG:root:Errors over all scan:5

DEBUG:root:Result:replica detected
DEBUG:root:Match or Not:True
DEBUG:root:Real time1487972687.92

DEBUG:root:Extracted signature:bitarray('11111001111100001111000111110000111000111111011100011111101110111111101101111111001111011101111011101110011001100101100101110110011011111111100111100001111100011100001111000111110001100011111101100010111101100111111010011111101110111101000011100000110001001110011101100100')
DEBUG:root:Matched frame over all scan:1570

DEBUG:root:Errors over all scan:17

DEBUG:root:Result:replica detected
DEBUG:root:Match or Not:True
DEBUG:root:Real time1487972688.12

DEBUG:root:Extracted signature:bitarray('11111111100110001111111000111101111110001111011111001111101001001111110000001111000001111100011110000111100011110001100000100011000000101111111001100011111101001110001111000011100011101001110001101001101101100001111010010111010010111000111110011111001001110011011100100100')
DEBUG:root:Matched frame over all scan:1572

DEBUG:root:Errors over all scan:29

DEBUG:root:Result:replica detected
DEBUG:root:Match or Not:True
DEBUG:root:Real time1487972688.32

DEBUG:root:Extracted signature:bitarray('11111111000111001111111000111101111110001111010111001111101011001111100000011111000001111100011110000111100011110001110000110011000001101111111001100011111111001110000111100111100011110000110001100000111101000001111010001111100000011000110110011111001001100111011100101100')
DEBUG:root:Matched frame over all scan:1573

DEBUG:root:Errors over all scan:18

DEBUG:root:Result:replica detected
DEBUG:root:Match or Not:True
DEBUG:root:Real time1487972688.52

DEBUG:root:Extracted signature:bitarray('11111111001110001111111000111101111110011111010110001111101000000111100000001111001001111101001111100111100011110001100001100011000000101111111001100001111100001100000111100011100011110000110101110000111100000001111001000111101000010010100110111011001011100111011101100100')
DEBUG:root:Matched frame over all scan:1574

DEBUG:root:Errors over all scan:19

DEBUG:root:Result:replica detected
DEBUG:root:Match or Not:True
DEBUG:root:Real time1487972688.72

DEBUG:root:Extracted signature:bitarray('11111111000110001111111000111101111110011111010110001111101010001101110000011001010001111100001111101111111011110101100011000100010000001011111001100001011110001110000111100001100011110000110101100100111100000000101110001010110000010110110110011011001001101111010110100100')
DEBUG:root:Matched frame over all scan:1575

DEBUG:root:Errors over all scan:18

DEBUG:root:Result:replica detected
DEBUG:root:Match or Not:True
DEBUG:root:Real time1487972688.92

DEBUG:root:Extracted signature:bitarray('11111111001110001111111000111101111100001111011110001111101100001111111000011111000001111100001111100011110011110011100010000100010010001011111001100001111110101100000111101001100011110100111101100100111101000000111101001010111001110110011100111011010011100111010010010100')
DEBUG:root:Matched frame over all scan:1576

DEBUG:root:Errors over all scan:28

DEBUG:root:Result:replica detected
DEBUG:root:Match or Not:True
DEBUG:root:Real time1487972689.12

DEBUG:root:Extracted signature:bitarray('11111111101110001111111100111001111101001111011100001111101000001111101000011111000011111100011111101111100010110010000010000110010011101111111001100001111100101100001111001001100011100000110101100000110111001000011100101000011111000011100110011011001111001100110010010100')
DEBUG:root:Matched frame over all scan:1577

DEBUG:root:Errors over all scan:28

DEBUG:root:Result:replica detected
DEBUG:root:Match or Not:True
DEBUG:root:Real time1487972689.32

DEBUG:root:Extracted signature:bitarray('11111111100110001111111100111101111011001111011000111111101000111111100000111111000011111101111111101100111000011100111101111011011011101111101001100001111101101110001111011001100011001000110001001100110110011000100100011010010011001010100110110011110001100111001101100100')
DEBUG:root:Matched frame over all scan:1578

DEBUG:root:Errors over all scan:22

DEBUG:root:Result:replica detected
DEBUG:root:Match or Not:True
DEBUG:root:Real time1487972689.52

DEBUG:root:Extracted signature:bitarray('11111111101110001111111100111101111111001111011001101111101000111111100001111111001111111101101111100011110000011000011100111011101110001111101101110001111101101110000111011101100011001010110001001110001100011100001001100110001000110011011000100000010000010011001101010100')
DEBUG:root:Matched frame over all scan:1579

DEBUG:root:Errors over all scan:17

DEBUG:root:Result:replica detected
DEBUG:root:Match or Not:True
DEBUG:root:Real time1487972689.72

DEBUG:root:Extracted signature:bitarray('11111111100110001111111100111101111111011110011001101111101001101111100011011111011101111101111111100111111011111101011100111011011010001011101101100001011101101100010111010001100011011010111011011110110010111001100011100110011001111010010111011001110000110000100010010100')
DEBUG:root:Matched frame over all scan:1580

DEBUG:root:Errors over all scan:22

DEBUG:root:Result:replica detected
DEBUG:root:Match or Not:True
DEBUG:root:Under real time Point counter:0.240644931793

DEBUG:root:Extracted signature:bitarray('11111111001110001111111001111001101111111100010011111111000011111111000001111110000111110001111110001111100011111001111001111011101110001011101101110001111101001110000111010001100011111000111001111010011001100100110110100111001101100101011001101100101101101011001101100100')
DEBUG:root:Matched frame over all scan:1581

DEBUG:root:Errors over all scan:23

DEBUG:root:Result:replica detected
DEBUG:root:Match or Not:True
DEBUG:root:Real time1487972690.16

DEBUG:root:Extracted signature:bitarray('10000111100101101100111100111111001110001111100111000111000011000111101011001111000001111100011111001111100011100011000010000100010000000010110110001010000111001111010001111100110100110011010010110001111001110011111010001111100001111000111100011100011100010000100010000100')
DEBUG:root:Matched frame over all scan:1582

DEBUG:root:Errors over all scan:6

DEBUG:root:Result:replica detected
DEBUG:root:Match or Not:True
