DEBUG:root:Under real time Point counter:2.38418579102e-05

DEBUG:root:Real time1486867497.02

DEBUG:root:Real time1486867497.22

DEBUG:root:Real time1486867497.42

DEBUG:root:Real time1486867497.62

DEBUG:root:Real time1486867497.82

DEBUG:root:Real time1486867498.02

DEBUG:root:Real time1486867498.22

DEBUG:root:Real time1486867498.42

DEBUG:root:Real time1486867498.62

DEBUG:root:Real time1486867498.82

DEBUG:root:Real time1486867499.02

DEBUG:root:Real time1486867499.23

DEBUG:root:Real time1486867499.43

DEBUG:root:Real time1486867499.63

DEBUG:root:Real time1486867499.83

DEBUG:root:Real time1486867500.03

DEBUG:root:Real time1486867500.24

DEBUG:root:Real time1486867500.44

DEBUG:root:Real time1486867500.64

DEBUG:root:Real time1486867500.84

DEBUG:root:Real time1486867501.04

DEBUG:root:Real time1486867501.24

DEBUG:root:Real time1486867501.44

DEBUG:root:Real time1486867501.64

DEBUG:root:Real time1486867501.84

DEBUG:root:Real time1486867502.04

DEBUG:root:Real time1486867502.24

DEBUG:root:Real time1486867502.44

DEBUG:root:Real time1486867502.64

DEBUG:root:Real time1486867502.85

DEBUG:root:Real time1486867503.05

DEBUG:root:Real time1486867503.25

DEBUG:root:Real time1486867503.45

DEBUG:root:Real time1486867503.65

DEBUG:root:Real time1486867503.85

DEBUG:root:Real time1486867504.05

DEBUG:root:Real time1486867504.25

DEBUG:root:Real time1486867504.47

DEBUG:root:Real time1486867504.67

DEBUG:root:Real time1486867504.87

DEBUG:root:Real time1486867505.07

DEBUG:root:Real time1486867505.27

DEBUG:root:Real time1486867505.47

DEBUG:root:Real time1486867505.67

DEBUG:root:Real time1486867505.87

DEBUG:root:Real time1486867506.07

DEBUG:root:Real time1486867506.27

DEBUG:root:Real time1486867506.47

DEBUG:root:Real time1486867506.67

DEBUG:root:Real time1486867506.87

DEBUG:root:Real time1486867507.07

DEBUG:root:Real time1486867507.28

DEBUG:root:Real time1486867507.48

DEBUG:root:Real time1486867507.68

DEBUG:root:Real time1486867507.88

DEBUG:root:Real time1486867508.08

DEBUG:root:Real time1486867508.28

DEBUG:root:Real time1486867508.48

DEBUG:root:Real time1486867508.68

DEBUG:root:Real time1486867508.88

DEBUG:root:Real time1486867509.08

DEBUG:root:Real time1486867509.28

DEBUG:root:Real time1486867509.49

DEBUG:root:Real time1486867509.69

DEBUG:root:Real time1486867509.89

DEBUG:root:Real time1486867510.09

DEBUG:root:Real time1486867510.29

DEBUG:root:Real time1486867510.49

DEBUG:root:Real time1486867510.69

DEBUG:root:Real time1486867510.89

DEBUG:root:Real time1486867511.09

DEBUG:root:Real time1486867511.29

DEBUG:root:Real time1486867511.49

DEBUG:root:Real time1486867511.69

DEBUG:root:Real time1486867511.89

DEBUG:root:Real time1486867512.09

DEBUG:root:Real time1486867512.29

DEBUG:root:Real time1486867512.5

DEBUG:root:Real time1486867512.7

DEBUG:root:Real time1486867512.9

DEBUG:root:Real time1486867513.1

DEBUG:root:Real time1486867513.3

DEBUG:root:Real time1486867513.5

DEBUG:root:Real time1486867513.7

DEBUG:root:Real time1486867513.9

DEBUG:root:Real time1486867514.1

DEBUG:root:Real time1486867514.3

DEBUG:root:Real time1486867514.55

DEBUG:root:Real time1486867514.75

DEBUG:root:Real time1486867514.95

DEBUG:root:Real time1486867515.15

DEBUG:root:Real time1486867515.35

DEBUG:root:Real time1486867515.56

DEBUG:root:Real time1486867515.76

DEBUG:root:Real time1486867515.96

DEBUG:root:Real time1486867516.16

DEBUG:root:Real time1486867516.36

DEBUG:root:Real time1486867516.56

DEBUG:root:Real time1486867516.76

DEBUG:root:Real time1486867516.96

DEBUG:root:Real time1486867517.17

DEBUG:root:Real time1486867517.37

DEBUG:root:Real time1486867517.57

DEBUG:root:Real time1486867517.77

DEBUG:root:Real time1486867517.97

DEBUG:root:Real time1486867518.17

DEBUG:root:Real time1486867518.37

DEBUG:root:Real time1486867518.57

DEBUG:root:Real time1486867518.77

DEBUG:root:Real time1486867518.97

DEBUG:root:Real time1486867519.17

DEBUG:root:Real time1486867519.37

DEBUG:root:Real time1486867519.59

DEBUG:root:Real time1486867519.79

DEBUG:root:Real time1486867519.99

DEBUG:root:Real time1486867520.19

DEBUG:root:Real time1486867520.39

DEBUG:root:Real time1486867520.59

DEBUG:root:Real time1486867520.79

DEBUG:root:Real time1486867521.0

DEBUG:root:Real time1486867521.2

DEBUG:root:Real time1486867521.4

DEBUG:root:Real time1486867521.6

DEBUG:root:Real time1486867521.8

DEBUG:root:Real time1486867522.0

DEBUG:root:Real time1486867522.2

DEBUG:root:Real time1486867522.4

DEBUG:root:Real time1486867522.6

DEBUG:root:Real time1486867522.8

DEBUG:root:Real time1486867523.0

DEBUG:root:Real time1486867523.2

DEBUG:root:Real time1486867523.4

DEBUG:root:Real time1486867523.6

DEBUG:root:Real time1486867523.81

DEBUG:root:Real time1486867524.01

DEBUG:root:Real time1486867524.21

DEBUG:root:Real time1486867524.41

DEBUG:root:Real time1486867524.61

DEBUG:root:Real time1486867524.81

DEBUG:root:Real time1486867525.01

DEBUG:root:Real time1486867525.21

DEBUG:root:Real time1486867525.41

DEBUG:root:Real time1486867525.61

DEBUG:root:Real time1486867525.81

DEBUG:root:Real time1486867526.01

DEBUG:root:Real time1486867526.21

DEBUG:root:Real time1486867526.41

DEBUG:root:Real time1486867526.61

DEBUG:root:Real time1486867526.82

DEBUG:root:Real time1486867527.02

DEBUG:root:Real time1486867527.22

DEBUG:root:Real time1486867527.42

DEBUG:root:Real time1486867527.62

DEBUG:root:Real time1486867527.82

DEBUG:root:Real time1486867528.02

DEBUG:root:Real time1486867528.22

DEBUG:root:Real time1486867528.42

DEBUG:root:Real time1486867528.62

DEBUG:root:Real time1486867528.82

DEBUG:root:Real time1486867529.02

DEBUG:root:Real time1486867529.22

DEBUG:root:Real time1486867529.43

DEBUG:root:Real time1486867529.63

DEBUG:root:Real time1486867529.83

DEBUG:root:Real time1486867530.03

DEBUG:root:Real time1486867530.23

DEBUG:root:Real time1486867530.43

DEBUG:root:Real time1486867530.63

DEBUG:root:Real time1486867530.83

DEBUG:root:Real time1486867531.03

DEBUG:root:Real time1486867531.23

DEBUG:root:Real time1486867531.43

DEBUG:root:Real time1486867531.64

DEBUG:root:Real time1486867531.84

DEBUG:root:Real time1486867532.04

DEBUG:root:Real time1486867532.24

DEBUG:root:Real time1486867532.44

DEBUG:root:Real time1486867532.64

DEBUG:root:Real time1486867532.84

DEBUG:root:Real time1486867533.04

DEBUG:root:Real time1486867533.24

DEBUG:root:Real time1486867533.44

DEBUG:root:Real time1486867533.64

DEBUG:root:Real time1486867533.84

DEBUG:root:Real time1486867534.05

DEBUG:root:Real time1486867534.25

DEBUG:root:Real time1486867534.45

DEBUG:root:Real time1486867534.65

DEBUG:root:Real time1486867534.85

DEBUG:root:Real time1486867535.05

DEBUG:root:Real time1486867535.25

DEBUG:root:Real time1486867535.45

DEBUG:root:Real time1486867535.65

DEBUG:root:Real time1486867535.85

DEBUG:root:Real time1486867536.05

DEBUG:root:Real time1486867536.25

DEBUG:root:Real time1486867536.45

DEBUG:root:Real time1486867536.65

DEBUG:root:Real time1486867536.85

DEBUG:root:Real time1486867537.05

DEBUG:root:Real time1486867537.26

DEBUG:root:Real time1486867537.46

DEBUG:root:Real time1486867537.66

DEBUG:root:Real time1486867537.86

DEBUG:root:Real time1486867538.06

DEBUG:root:Real time1486867538.26

DEBUG:root:Under real time Point counter:1.71661376953e-05

DEBUG:root:Real time1486867705.93

DEBUG:root:Real time1486867706.14

DEBUG:root:Real time1486867706.34

DEBUG:root:Real time1486867706.54

DEBUG:root:Real time1486867706.74

DEBUG:root:Real time1486867706.94

DEBUG:root:Real time1486867707.14

DEBUG:root:Real time1486867707.34

DEBUG:root:Real time1486867707.54

DEBUG:root:Real time1486867707.74

DEBUG:root:Real time1486867707.94

DEBUG:root:Real time1486867708.14

DEBUG:root:Real time1486867708.35

DEBUG:root:Real time1486867708.55

DEBUG:root:Real time1486867708.75

DEBUG:root:Real time1486867708.95

DEBUG:root:Real time1486867709.15

DEBUG:root:Real time1486867709.35

DEBUG:root:Real time1486867709.55

DEBUG:root:Real time1486867709.75

DEBUG:root:Real time1486867709.95

DEBUG:root:Real time1486867710.15

DEBUG:root:Real time1486867710.35

DEBUG:root:Real time1486867710.55

DEBUG:root:Real time1486867710.76

DEBUG:root:Real time1486867710.96

DEBUG:root:Real time1486867711.16

DEBUG:root:Real time1486867711.36

DEBUG:root:Real time1486867711.56

DEBUG:root:Real time1486867711.76

DEBUG:root:Real time1486867711.96

DEBUG:root:Real time1486867712.16

DEBUG:root:Real time1486867712.36

DEBUG:root:Real time1486867712.56

DEBUG:root:Real time1486867712.76

DEBUG:root:Real time1486867712.96

DEBUG:root:Real time1486867713.16

DEBUG:root:Real time1486867713.36

DEBUG:root:Real time1486867713.56

DEBUG:root:Real time1486867713.76

DEBUG:root:Real time1486867713.97

DEBUG:root:Real time1486867714.17

DEBUG:root:Real time1486867714.37

DEBUG:root:Real time1486867714.57

DEBUG:root:Real time1486867714.77

DEBUG:root:Real time1486867714.97

DEBUG:root:Real time1486867715.17

DEBUG:root:Real time1486867715.37

DEBUG:root:Real time1486867715.57

DEBUG:root:Total error:5272

DEBUG:root:Match frame over 50:451

DEBUG:root:Matched frame error:87

DEBUG:root:Real time1486867715.77

DEBUG:root:Total error:5268

DEBUG:root:Match frame over 50:950

DEBUG:root:Matched frame error:103

DEBUG:root:Real time1486867715.97

DEBUG:root:Total error:5164

DEBUG:root:Match frame over 50:491

DEBUG:root:Matched frame error:79

DEBUG:root:Real time1486867716.17

DEBUG:root:Total error:5004

DEBUG:root:Match frame over 50:491

DEBUG:root:Matched frame error:94

DEBUG:root:Real time1486867716.38

DEBUG:root:Total error:4898

DEBUG:root:Match frame over 50:491

DEBUG:root:Matched frame error:83

DEBUG:root:Real time1486867716.58

DEBUG:root:Total error:4463

DEBUG:root:Match frame over 50:458

DEBUG:root:Matched frame error:79

DEBUG:root:Real time1486867716.78

DEBUG:root:Total error:3843

DEBUG:root:Match frame over 50:467

DEBUG:root:Matched frame error:96

DEBUG:root:Real time1486867716.98

DEBUG:root:Total error:2567

DEBUG:root:Match frame over 50:459

DEBUG:root:Matched frame error:88

DEBUG:root:Real time1486867717.18

DEBUG:root:Total error:3023

DEBUG:root:Match frame over 50:458

DEBUG:root:Matched frame error:88

DEBUG:root:Real time1486867717.38

DEBUG:root:Total error:4049

DEBUG:root:Match frame over 50:456

DEBUG:root:Matched frame error:86

DEBUG:root:Real time1486867717.58

DEBUG:root:Total error:4545

DEBUG:root:Match frame over 50:474

DEBUG:root:Matched frame error:86

DEBUG:root:Real time1486867717.78

DEBUG:root:Total error:4707

DEBUG:root:Match frame over 50:472

DEBUG:root:Matched frame error:89

DEBUG:root:Real time1486867717.98

DEBUG:root:Total error:4937

DEBUG:root:Match frame over 50:475

DEBUG:root:Matched frame error:84

DEBUG:root:Real time1486867718.18

DEBUG:root:Total error:5064

DEBUG:root:Match frame over 50:458

DEBUG:root:Matched frame error:83

DEBUG:root:Real time1486867718.38

DEBUG:root:Total error:4983

DEBUG:root:Match frame over 50:457

DEBUG:root:Matched frame error:87

DEBUG:root:Real time1486867718.58

DEBUG:root:Total error:5106

DEBUG:root:Match frame over 50:456

DEBUG:root:Matched frame error:86

DEBUG:root:Real time1486867718.78

DEBUG:root:Total error:5032

DEBUG:root:Match frame over 50:457

DEBUG:root:Matched frame error:92

DEBUG:root:Real time1486867718.98

DEBUG:root:Total error:5236

DEBUG:root:Match frame over 50:465

DEBUG:root:Matched frame error:94

DEBUG:root:Real time1486867719.18

DEBUG:root:Total error:5324

DEBUG:root:Match frame over 50:466

DEBUG:root:Matched frame error:91

DEBUG:root:Under real time Point counter:0.209075927734

DEBUG:root:Total error:5295

DEBUG:root:Match frame over 50:496

DEBUG:root:Matched frame error:100

DEBUG:root:Real time1486867719.6

DEBUG:root:Total error:5084

DEBUG:root:Match frame over 50:496

DEBUG:root:Matched frame error:102

DEBUG:root:Real time1486867719.8

DEBUG:root:Total error:4888

DEBUG:root:Match frame over 50:496

DEBUG:root:Matched frame error:102

DEBUG:root:Real time1486867720.0

DEBUG:root:Total error:4915

DEBUG:root:Match frame over 50:496

DEBUG:root:Matched frame error:101

DEBUG:root:Real time1486867720.2

DEBUG:root:Total error:4713

DEBUG:root:Match frame over 50:496

DEBUG:root:Matched frame error:98

DEBUG:root:Real time1486867720.4

DEBUG:root:Total error:4588

DEBUG:root:Match frame over 50:488

DEBUG:root:Matched frame error:104

DEBUG:root:Real time1486867720.6

DEBUG:root:Total error:4467

DEBUG:root:Match frame over 50:496

DEBUG:root:Matched frame error:103

DEBUG:root:Real time1486867720.8

DEBUG:root:Total error:4376

DEBUG:root:Match frame over 50:496

DEBUG:root:Matched frame error:102

DEBUG:root:Real time1486867721.0

DEBUG:root:Total error:4168

DEBUG:root:Match frame over 50:496

DEBUG:root:Matched frame error:100

DEBUG:root:Real time1486867721.2

DEBUG:root:Total error:3864

DEBUG:root:Match frame over 50:496

DEBUG:root:Matched frame error:98

DEBUG:root:Real time1486867721.4

DEBUG:root:Total error:3700

DEBUG:root:Match frame over 50:522

DEBUG:root:Matched frame error:99

DEBUG:root:Real time1486867721.6

DEBUG:root:Total error:3499

DEBUG:root:Match frame over 50:523

DEBUG:root:Matched frame error:100

DEBUG:root:Real time1486867721.8

DEBUG:root:Total error:3028

DEBUG:root:Match frame over 50:499

DEBUG:root:Matched frame error:103

DEBUG:root:Real time1486867722.0

DEBUG:root:Total error:2394

DEBUG:root:Match frame over 50:522

DEBUG:root:Matched frame error:103

DEBUG:root:Real time1486867722.2

DEBUG:root:Total error:2319

DEBUG:root:Match frame over 50:522

DEBUG:root:Matched frame error:100

DEBUG:root:Real time1486867722.4

DEBUG:root:Total error:2964

DEBUG:root:Match frame over 50:496

DEBUG:root:Matched frame error:102

DEBUG:root:Real time1486867722.6

DEBUG:root:Total error:3364

DEBUG:root:Match frame over 50:520

DEBUG:root:Matched frame error:101

DEBUG:root:Real time1486867722.81

DEBUG:root:Total error:3339

DEBUG:root:Match frame over 50:522

DEBUG:root:Matched frame error:100

DEBUG:root:Real time1486867723.01

DEBUG:root:Total error:3478

DEBUG:root:Match frame over 50:496

DEBUG:root:Matched frame error:100

DEBUG:root:Real time1486867723.21

DEBUG:root:Total error:3629

DEBUG:root:Match frame over 50:496

DEBUG:root:Matched frame error:104

DEBUG:root:Real time1486867723.41

DEBUG:root:Total error:3675

DEBUG:root:Match frame over 50:496

DEBUG:root:Matched frame error:97

DEBUG:root:Real time1486867723.61

DEBUG:root:Total error:3840

DEBUG:root:Match frame over 50:487

DEBUG:root:Matched frame error:96

DEBUG:root:Real time1486867723.81

DEBUG:root:Total error:3871

DEBUG:root:Match frame over 50:487

DEBUG:root:Matched frame error:92

DEBUG:root:Real time1486867724.01

DEBUG:root:Total error:4037

DEBUG:root:Match frame over 50:520

DEBUG:root:Matched frame error:75

DEBUG:root:Real time1486867724.21

DEBUG:root:Total error:4115

DEBUG:root:Match frame over 50:541

DEBUG:root:Matched frame error:54

DEBUG:root:Under real time Point counter:0.215788125992

DEBUG:root:Total error:3960

DEBUG:root:Match frame over 50:541

DEBUG:root:Matched frame error:60

DEBUG:root:Real time1486867724.63

DEBUG:root:Total error:3773

DEBUG:root:Match frame over 50:541

DEBUG:root:Matched frame error:56

DEBUG:root:Real time1486867724.83

DEBUG:root:Total error:3628

DEBUG:root:Match frame over 50:541

DEBUG:root:Matched frame error:56

DEBUG:root:Real time1486867725.03

DEBUG:root:Total error:3538

DEBUG:root:Match frame over 50:541

DEBUG:root:Matched frame error:56

DEBUG:root:Real time1486867725.23

DEBUG:root:Total error:3329

DEBUG:root:Match frame over 50:541

DEBUG:root:Matched frame error:55

DEBUG:root:Real time1486867725.43

DEBUG:root:Total error:3187

DEBUG:root:Match frame over 50:541

DEBUG:root:Matched frame error:60

DEBUG:root:Real time1486867725.63

DEBUG:root:Total error:3050

DEBUG:root:Match frame over 50:541

DEBUG:root:Matched frame error:57

DEBUG:root:Real time1486867725.83

DEBUG:root:Total error:2910

DEBUG:root:Match frame over 50:541

DEBUG:root:Matched frame error:62

DEBUG:root:Real time1486867726.03

DEBUG:root:Total error:2770

DEBUG:root:Match frame over 50:541

DEBUG:root:Matched frame error:58

DEBUG:root:Real time1486867726.23

DEBUG:root:Total error:2574

DEBUG:root:Match frame over 50:541

DEBUG:root:Matched frame error:57

DEBUG:root:Real time1486867726.43

DEBUG:root:Total error:2394

DEBUG:root:Match frame over 50:541

DEBUG:root:Matched frame error:60

DEBUG:root:Real time1486867726.63

DEBUG:root:Total error:2247

DEBUG:root:Match frame over 50:541

DEBUG:root:Matched frame error:58

DEBUG:root:Real time1486867726.83

DEBUG:root:Total error:1938

DEBUG:root:Match frame over 50:541

DEBUG:root:Matched frame error:60

DEBUG:root:Real time1486867727.04

DEBUG:root:Total error:1765

DEBUG:root:Match frame over 50:541

DEBUG:root:Matched frame error:63

DEBUG:root:Real time1486867727.24

DEBUG:root:Total error:1566

DEBUG:root:Match frame over 50:541

DEBUG:root:Matched frame error:59

DEBUG:root:Real time1486867727.44

DEBUG:root:Total error:1822

DEBUG:root:Match frame over 50:541

DEBUG:root:Matched frame error:60

DEBUG:root:Real time1486867727.64

DEBUG:root:Total error:2087

DEBUG:root:Match frame over 50:541

DEBUG:root:Matched frame error:55

DEBUG:root:Real time1486867727.84

DEBUG:root:Total error:2138

DEBUG:root:Match frame over 50:541

DEBUG:root:Matched frame error:55

DEBUG:root:Real time1486867728.04

DEBUG:root:Total error:2370

DEBUG:root:Match frame over 50:514

DEBUG:root:Matched frame error:78

DEBUG:root:Real time1486867728.24

DEBUG:root:Total error:2502

DEBUG:root:Match frame over 50:519

DEBUG:root:Matched frame error:86

DEBUG:root:Real time1486867728.44

DEBUG:root:Total error:2672

DEBUG:root:Match frame over 50:520

DEBUG:root:Matched frame error:82

DEBUG:root:Real time1486867728.64

DEBUG:root:Total error:2827

DEBUG:root:Match frame over 50:520

DEBUG:root:Matched frame error:82

DEBUG:root:Real time1486867728.84

DEBUG:root:Total error:2967

DEBUG:root:Match frame over 50:520

DEBUG:root:Matched frame error:77

DEBUG:root:Real time1486867729.04

DEBUG:root:Total error:3068

DEBUG:root:Match frame over 50:520

DEBUG:root:Matched frame error:65

DEBUG:root:Real time1486867729.24

DEBUG:root:Total error:3137

DEBUG:root:Match frame over 50:520

DEBUG:root:Matched frame error:77

DEBUG:root:Real time1486867729.44

DEBUG:root:Total error:3248

DEBUG:root:Match frame over 50:548

DEBUG:root:Matched frame error:101

DEBUG:root:Real time1486867729.64

DEBUG:root:Total error:3395

DEBUG:root:Match frame over 50:520

DEBUG:root:Matched frame error:83

DEBUG:root:Real time1486867729.84

DEBUG:root:Total error:3545

DEBUG:root:Match frame over 50:512

DEBUG:root:Matched frame error:97

DEBUG:root:Real time1486867730.05

DEBUG:root:Total error:3739

DEBUG:root:Match frame over 50:527

DEBUG:root:Matched frame error:89

DEBUG:root:Real time1486867730.25

DEBUG:root:Total error:3804

DEBUG:root:Match frame over 50:527

DEBUG:root:Matched frame error:100

DEBUG:root:Real time1486867730.45

DEBUG:root:Total error:3724

DEBUG:root:Match frame over 50:532

DEBUG:root:Matched frame error:97

DEBUG:root:Real time1486867730.65

DEBUG:root:Total error:3731

DEBUG:root:Match frame over 50:548

DEBUG:root:Matched frame error:96

DEBUG:root:Real time1486867730.85

DEBUG:root:Total error:3639

DEBUG:root:Match frame over 50:532

DEBUG:root:Matched frame error:99

DEBUG:root:Real time1486867731.05

DEBUG:root:Total error:3468

DEBUG:root:Match frame over 50:532

DEBUG:root:Matched frame error:94

DEBUG:root:Real time1486867731.25

DEBUG:root:Total error:3316

DEBUG:root:Match frame over 50:528

DEBUG:root:Matched frame error:94

DEBUG:root:Real time1486867731.45

DEBUG:root:Total error:3153

DEBUG:root:Match frame over 50:532

DEBUG:root:Matched frame error:96

DEBUG:root:Real time1486867731.65

DEBUG:root:Total error:2950

DEBUG:root:Match frame over 50:525

DEBUG:root:Matched frame error:104

DEBUG:root:Real time1486867731.85

DEBUG:root:Total error:2517

DEBUG:root:Match frame over 50:528

DEBUG:root:Matched frame error:89

DEBUG:root:Real time1486867732.05

DEBUG:root:Total error:2062

DEBUG:root:Match frame over 50:528

DEBUG:root:Matched frame error:87

DEBUG:root:Real time1486867732.25

DEBUG:root:Total error:2062

DEBUG:root:Match frame over 50:528

DEBUG:root:Matched frame error:89

DEBUG:root:Real time1486867732.45

DEBUG:root:Total error:2391

DEBUG:root:Match frame over 50:525

DEBUG:root:Matched frame error:99

DEBUG:root:Real time1486867732.65

DEBUG:root:Total error:2775

DEBUG:root:Match frame over 50:528

DEBUG:root:Matched frame error:101

DEBUG:root:Real time1486867732.85

DEBUG:root:Total error:3132

DEBUG:root:Match frame over 50:532

DEBUG:root:Matched frame error:101

DEBUG:root:Real time1486867733.05

DEBUG:root:Total error:3366

DEBUG:root:Match frame over 50:527

DEBUG:root:Matched frame error:110

DEBUG:root:Real time1486867733.25

DEBUG:root:Total error:3620

DEBUG:root:Match frame over 50:543

DEBUG:root:Matched frame error:108

DEBUG:root:Real time1486867733.46

DEBUG:root:Total error:3816

DEBUG:root:Match frame over 50:532

DEBUG:root:Matched frame error:116

DEBUG:root:Real time1486867733.66

DEBUG:root:Total error:3930

DEBUG:root:Match frame over 50:526

DEBUG:root:Matched frame error:106

DEBUG:root:Real time1486867733.86

DEBUG:root:Total error:4076

DEBUG:root:Match frame over 50:557

DEBUG:root:Matched frame error:115

DEBUG:root:Real time1486867734.06

DEBUG:root:Total error:4152

DEBUG:root:Match frame over 50:548

DEBUG:root:Matched frame error:101

DEBUG:root:Real time1486867734.26

DEBUG:root:Total error:4282

DEBUG:root:Match frame over 50:548

DEBUG:root:Matched frame error:103

DEBUG:root:Real time1486867734.46

DEBUG:root:Total error:4443

DEBUG:root:Match frame over 50:545

DEBUG:root:Matched frame error:103

DEBUG:root:Real time1486867734.66

DEBUG:root:Total error:4629

DEBUG:root:Match frame over 50:546

DEBUG:root:Matched frame error:92

DEBUG:root:Real time1486867734.86

DEBUG:root:Total error:4755

DEBUG:root:Match frame over 50:546

DEBUG:root:Matched frame error:78

DEBUG:root:Real time1486867735.06

DEBUG:root:Total error:4819

DEBUG:root:Match frame over 50:556

DEBUG:root:Matched frame error:94

DEBUG:root:Real time1486867735.26

DEBUG:root:Total error:4930

DEBUG:root:Match frame over 50:527

DEBUG:root:Matched frame error:101

DEBUG:root:Real time1486867735.46

DEBUG:root:Total error:5045

DEBUG:root:Match frame over 50:527

DEBUG:root:Matched frame error:106

DEBUG:root:Real time1486867735.66

DEBUG:root:Total error:5103

DEBUG:root:Match frame over 50:584

DEBUG:root:Matched frame error:96

DEBUG:root:Real time1486867735.86

DEBUG:root:Total error:4893

DEBUG:root:Match frame over 50:584

DEBUG:root:Matched frame error:90

DEBUG:root:Real time1486867736.06

DEBUG:root:Total error:4568

DEBUG:root:Match frame over 50:584

DEBUG:root:Matched frame error:93

DEBUG:root:Real time1486867736.26

DEBUG:root:Total error:4300

DEBUG:root:Match frame over 50:584

DEBUG:root:Matched frame error:91

DEBUG:root:Real time1486867736.47

DEBUG:root:Total error:3998

DEBUG:root:Match frame over 50:584

DEBUG:root:Matched frame error:88

DEBUG:root:Real time1486867736.67

DEBUG:root:Total error:3658

DEBUG:root:Match frame over 50:584

DEBUG:root:Matched frame error:88

DEBUG:root:Real time1486867736.87

DEBUG:root:Total error:3152

DEBUG:root:Match frame over 50:584

DEBUG:root:Matched frame error:94

DEBUG:root:Real time1486867737.07

DEBUG:root:Total error:2368

DEBUG:root:Match frame over 50:556

DEBUG:root:Matched frame error:97

DEBUG:root:Real time1486867737.27

DEBUG:root:Total error:2427

DEBUG:root:Match frame over 50:584

DEBUG:root:Matched frame error:82

DEBUG:root:Real time1486867737.47

DEBUG:root:Total error:3102

DEBUG:root:Match frame over 50:585

DEBUG:root:Matched frame error:80

DEBUG:root:Real time1486867737.67

DEBUG:root:Total error:3718

DEBUG:root:Match frame over 50:585

DEBUG:root:Matched frame error:90

DEBUG:root:Real time1486867737.87

DEBUG:root:Total error:4134

DEBUG:root:Match frame over 50:585

DEBUG:root:Matched frame error:80

DEBUG:root:Real time1486867738.07

DEBUG:root:Total error:4301

DEBUG:root:Match frame over 50:585

DEBUG:root:Matched frame error:80

DEBUG:root:Real time1486867738.27

DEBUG:root:Total error:4606

DEBUG:root:Match frame over 50:582

DEBUG:root:Matched frame error:99

DEBUG:root:Real time1486867738.47

DEBUG:root:Total error:4823

DEBUG:root:Match frame over 50:585

DEBUG:root:Matched frame error:87

DEBUG:root:Real time1486867738.67

DEBUG:root:Total error:4929

DEBUG:root:Match frame over 50:585

DEBUG:root:Matched frame error:90

DEBUG:root:Real time1486867738.87

DEBUG:root:Total error:5119

DEBUG:root:Match frame over 50:595

DEBUG:root:Matched frame error:95

DEBUG:root:Real time1486867739.07

DEBUG:root:Total error:5136

DEBUG:root:Match frame over 50:591

DEBUG:root:Matched frame error:90

DEBUG:root:Real time1486867739.27

DEBUG:root:Total error:5235

DEBUG:root:Match frame over 50:612

DEBUG:root:Matched frame error:71

DEBUG:root:Real time1486867739.47

DEBUG:root:Total error:5238

DEBUG:root:Match frame over 50:602

DEBUG:root:Matched frame error:88

DEBUG:root:Real time1486867739.67

DEBUG:root:Total error:5228

DEBUG:root:Match frame over 50:602

DEBUG:root:Matched frame error:89

DEBUG:root:Real time1486867739.87

DEBUG:root:Total error:5131

DEBUG:root:Match frame over 50:624

DEBUG:root:Matched frame error:83

DEBUG:root:Real time1486867740.08

DEBUG:root:Total error:5075

DEBUG:root:Match frame over 50:610

DEBUG:root:Matched frame error:99

DEBUG:root:Real time1486867740.28

DEBUG:root:Total error:4995

DEBUG:root:Match frame over 50:624

DEBUG:root:Matched frame error:104

DEBUG:root:Real time1486867740.48

DEBUG:root:Total error:4904

DEBUG:root:Match frame over 50:624

DEBUG:root:Matched frame error:97

DEBUG:root:Real time1486867740.68

DEBUG:root:Total error:4761

DEBUG:root:Match frame over 50:624

DEBUG:root:Matched frame error:87

DEBUG:root:Real time1486867740.88

DEBUG:root:Total error:4620

DEBUG:root:Match frame over 50:624

DEBUG:root:Matched frame error:95

DEBUG:root:Real time1486867741.08

DEBUG:root:Total error:4333

DEBUG:root:Match frame over 50:624

DEBUG:root:Matched frame error:74

DEBUG:root:Real time1486867741.28

DEBUG:root:Total error:4094

DEBUG:root:Match frame over 50:624

DEBUG:root:Matched frame error:73

DEBUG:root:Real time1486867741.48

DEBUG:root:Total error:3772

DEBUG:root:Match frame over 50:624

DEBUG:root:Matched frame error:75

DEBUG:root:Real time1486867741.68

DEBUG:root:Total error:3480

DEBUG:root:Match frame over 50:624

DEBUG:root:Matched frame error:74

DEBUG:root:Real time1486867741.88

DEBUG:root:Total error:3216

DEBUG:root:Match frame over 50:624

DEBUG:root:Matched frame error:77

DEBUG:root:Real time1486867742.08

DEBUG:root:Total error:2289

DEBUG:root:Match frame over 50:624

DEBUG:root:Matched frame error:70

DEBUG:root:Real time1486867742.29

DEBUG:root:Total error:2331

DEBUG:root:Match frame over 50:615

DEBUG:root:Matched frame error:72

DEBUG:root:Real time1486867742.49

DEBUG:root:Total error:3261

DEBUG:root:Match frame over 50:623

DEBUG:root:Matched frame error:100

DEBUG:root:Real time1486867742.69

DEBUG:root:Total error:3741

DEBUG:root:Match frame over 50:624

DEBUG:root:Matched frame error:101

DEBUG:root:Real time1486867742.89

DEBUG:root:Total error:3983

DEBUG:root:Match frame over 50:619

DEBUG:root:Matched frame error:94

DEBUG:root:Real time1486867743.09

DEBUG:root:Total error:4199

DEBUG:root:Match frame over 50:604

DEBUG:root:Matched frame error:93

DEBUG:root:Real time1486867743.29

DEBUG:root:Total error:4497

DEBUG:root:Match frame over 50:606

DEBUG:root:Matched frame error:96

DEBUG:root:Real time1486867743.49

DEBUG:root:Total error:4735

DEBUG:root:Match frame over 50:616

DEBUG:root:Matched frame error:88

DEBUG:root:Real time1486867743.69

DEBUG:root:Total error:4804

DEBUG:root:Match frame over 50:610

DEBUG:root:Matched frame error:94

DEBUG:root:Real time1486867743.89

DEBUG:root:Total error:4964

DEBUG:root:Match frame over 50:612

DEBUG:root:Matched frame error:97

DEBUG:root:Real time1486867744.09

