DEBUG:root:Under real time Point counter:2.00271606445e-05

DEBUG:root:Too small detection probably wrong
DEBUG:root:Real time1487323036.83

DEBUG:root:Too small detection probably wrong
DEBUG:root:Real time1487323037.03

DEBUG:root:Too small detection probably wrong
DEBUG:root:Real time1487323037.23

DEBUG:root:Too small detection probably wrong
DEBUG:root:Real time1487323037.43

DEBUG:root:Too small detection probably wrong
DEBUG:root:Real time1487323037.63

DEBUG:root:Too small detection probably wrong
DEBUG:root:Real time1487323037.83

DEBUG:root:Too small detection probably wrong
DEBUG:root:Real time1487323038.03

DEBUG:root:Real time1487323038.23

DEBUG:root:Too small detection probably wrong
DEBUG:root:Real time1487323038.43

DEBUG:root:Too small detection probably wrong
DEBUG:root:Real time1487323038.63

DEBUG:root:Too small detection probably wrong
DEBUG:root:Real time1487323038.83

DEBUG:root:Too small detection probably wrong
DEBUG:root:Real time1487323039.03

DEBUG:root:Too small detection probably wrong
DEBUG:root:Real time1487323039.23

DEBUG:root:Too small detection probably wrong
DEBUG:root:Real time1487323039.43

DEBUG:root:Too small detection probably wrong
DEBUG:root:Real time1487323039.64

DEBUG:root:Too small detection probably wrong
DEBUG:root:Real time1487323039.84

DEBUG:root:Too small detection probably wrong
DEBUG:root:Real time1487323040.04

DEBUG:root:Real time1487323040.24

DEBUG:root:Real time1487323040.44

DEBUG:root:Real time1487323040.64

DEBUG:root:Real time1487323040.84

DEBUG:root:Real time1487323041.04

DEBUG:root:Real time1487323041.24

DEBUG:root:Real time1487323041.44

DEBUG:root:Real time1487323041.64

DEBUG:root:Real time1487323041.84

DEBUG:root:Real time1487323042.04

DEBUG:root:Real time1487323042.24

DEBUG:root:Real time1487323042.44

DEBUG:root:Real time1487323042.64

DEBUG:root:Real time1487323042.84

DEBUG:root:Real time1487323043.05

DEBUG:root:Real time1487323043.25

DEBUG:root:Real time1487323043.45

DEBUG:root:Real time1487323043.65

DEBUG:root:Real time1487323043.85

DEBUG:root:Real time1487323044.05

DEBUG:root:Real time1487323044.25

DEBUG:root:Real time1487323044.45

DEBUG:root:Real time1487323044.65

DEBUG:root:Real time1487323044.85

DEBUG:root:Real time1487323045.05

DEBUG:root:Real time1487323045.25

DEBUG:root:Real time1487323045.45

DEBUG:root:Real time1487323045.66

DEBUG:root:Extracted signature:bitarray('111111101111000111111001100001111100111000111000111110110111111000011111000011111000111100001110000110001110011101101111110011110000001111011100100011101110001001101110000011111000001111100001111100000110000001100100010000010000111011000000')
DEBUG:root:Matched frame over all scan:18

DEBUG:root:Errors over all scan:52

DEBUG:root:Result:replica detected
DEBUG:root:Match or Not:True
DEBUG:root:Real time1487323045.86

DEBUG:root:Extracted signature:bitarray('111111101111000111111001100001111100111000111000111110110111111000011111000011111000111100001110001110001110011001000111110111110000001111011100000011111110000001101110000011110000001111000001111100000110000001100000010000010100111011000000')
DEBUG:root:Matched frame over all scan:18

DEBUG:root:Errors over all scan:54

DEBUG:root:Result:replica detected
DEBUG:root:Match or Not:True
DEBUG:root:Real time1487323046.06

DEBUG:root:Extracted signature:bitarray('111111101111000111111001100001111100111000111000111110110111111000011111000011111000111100001110001110001110011001000111110011110000001111011100100011101110001001101110000011110000001111000001111100001110000101100111010001100111011011000000')
DEBUG:root:Matched frame over all scan:18

DEBUG:root:Errors over all scan:69

DEBUG:root:Result:tau3_fail
DEBUG:root:Match or Not:False
DEBUG:root:Real time1487323046.26

DEBUG:root:Extracted signature:bitarray('111111101111000111111001100001111100111000111000111110110111111000011111000011111000111100001110000110001110011001000111110011110000001111011100100011111110000001101110000011111000001111000001111100000110000001100100010000010000111011000000')
DEBUG:root:Matched frame over all scan:18

DEBUG:root:Errors over all scan:54

DEBUG:root:Result:replica detected
DEBUG:root:Match or Not:True
DEBUG:root:Real time1487323046.46

DEBUG:root:Extracted signature:bitarray('111111101111000111111001100001111100111000111000111110110111111001011111000011110000111100001100001110001010011001000111110111110000001111011100100011101110001001101110000011110000001111000001111100001110000001100000010001110100011011000000')
DEBUG:root:Matched frame over all scan:15

DEBUG:root:Errors over all scan:59

DEBUG:root:Result:tau3_fail
DEBUG:root:Match or Not:False
DEBUG:root:Real time1487323046.66

DEBUG:root:Extracted signature:bitarray('111111101111000111111001110001111100111000111000111110110111111000011111000011111000111100001110000110001110011101100111110111110000001111011100100011101110001001101110000011110000001111000001111100001110000001100100010000010000111011000000')
DEBUG:root:Matched frame over all scan:18

DEBUG:root:Errors over all scan:54

DEBUG:root:Result:replica detected
DEBUG:root:Match or Not:True
DEBUG:root:Real time1487323046.86

DEBUG:root:Extracted signature:bitarray('111111001111000111111001100001111100111000111000111110110111111000011111000011111000111100001110000110001110011001000111110111110000001111011100100011111110000001101110000011111000001111000001111100000110000001100000010000010000111011000000')
DEBUG:root:Matched frame over all scan:18

DEBUG:root:Errors over all scan:53

DEBUG:root:Result:replica detected
DEBUG:root:Match or Not:True
DEBUG:root:Real time1487323047.06

DEBUG:root:Extracted signature:bitarray('111111101111000111111001100001111100111000111000111110110011111000011111000001111000111100001110001110001110011001000111110011110000001111011100100011111110000001101110000011111000001111000001111100000110000001100000010001110100011011000000')
DEBUG:root:Matched frame over all scan:18

DEBUG:root:Errors over all scan:60

DEBUG:root:Result:replica detected
DEBUG:root:Match or Not:True
DEBUG:root:Real time1487323047.26

