DEBUG:root:Under real time Point 1486510923.63

DEBUG:root:Under real time Point 0.118337869644

DEBUG:root:Under real time point 0.109375

DEBUG:root:Under real time point 0.108271837234

DEBUG:root:Under real time point 0.100836992264

DEBUG:root:Under real time point 0.102097988129

DEBUG:root:Real time1486510924.27

DEBUG:root:Under real time point 0.102991104126

DEBUG:root:Under real time point 0.102344989777

DEBUG:root:Real time1486510924.58

DEBUG:root:Under real time point 0.107447147369

DEBUG:root:Under real time Point 0.145269870758

DEBUG:root:Real time1486510924.94

DEBUG:root:Under real time Point 0.112940073013

DEBUG:root:Under real time Point 0.11474609375

DEBUG:root:Under real time Point 0.111707925797

DEBUG:root:Under real time Point 0.119327068329

DEBUG:root:Under real time Point 0.115384101868

DEBUG:root:Under real time point 0.101557970047

DEBUG:root:Under real time Point 0.117243051529

DEBUG:root:Under real time point 0.105998039246

DEBUG:root:Under real time Point 0.113003015518

DEBUG:root:Under real time point 0.101806163788

DEBUG:root:Under real time point 0.107863903046

DEBUG:root:Under real time Point 0.140335798264

DEBUG:root:Under real time point 0.10027885437

DEBUG:root:Under real time point 0.108384847641

DEBUG:root:Under real time Point 0.113388061523

DEBUG:root:Under real time Point 0.11455488205

DEBUG:root:Under real time Point 0.124553918839

DEBUG:root:Under real time Point 0.130290031433

DEBUG:root:Under real time point 0.109485864639

DEBUG:root:Under real time point 0.105674028397

DEBUG:root:Under real time point 0.103084087372

DEBUG:root:Real time1486510927.43

DEBUG:root:Under real time Point 0.132506847382

DEBUG:root:Under real time point 0.101680994034

DEBUG:root:Real time1486510927.76

DEBUG:root:Real time1486510927.86

DEBUG:root:Real time1486510927.97

DEBUG:root:Under real time point 0.105636119843

DEBUG:root:Under real time Point 0.116017103195

DEBUG:root:Under real time point 0.10205411911

DEBUG:root:Under real time point 0.101644039154

DEBUG:root:Real time1486510928.5

DEBUG:root:Real time1486510928.6

DEBUG:root:Real time1486510928.7

DEBUG:root:Real time1486510928.8

DEBUG:root:Real time1486510928.9

DEBUG:root:Under real time point 0.105753898621

DEBUG:root:Under real time Point 0.133783102036

DEBUG:root:Under real time Point 0.133512973785

DEBUG:root:Under real time Point 0.134527921677

DEBUG:root:Under real time Point 0.136855840683

DEBUG:root:Under real time Point 0.132198810577

DEBUG:root:Under real time Point 0.13460278511

DEBUG:root:Under real time Point 0.130955934525

DEBUG:root:Under real time Point 0.142014980316

DEBUG:root:Under real time Point 0.181217908859

DEBUG:root:Under real time Point 0.129153013229

DEBUG:root:Under real time Point 0.137055158615

DEBUG:root:Under real time Point 0.131706953049

DEBUG:root:Under real time Point 0.132745027542

DEBUG:root:Under real time Point 0.13757610321

DEBUG:root:Under real time Point 0.13214302063

DEBUG:root:Under real time Point 0.139435052872

DEBUG:root:Under real time Point 0.134386062622

DEBUG:root:Under real time Point 0.133930921555

DEBUG:root:Under real time Point 0.141268014908

DEBUG:root:Under real time Point 0.140998125076

DEBUG:root:Under real time Point 0.151353120804

DEBUG:root:Under real time Point 0.145463943481

DEBUG:root:Under real time Point 0.136023044586

DEBUG:root:Under real time Point 0.140403032303

DEBUG:root:Under real time Point 0.142101049423

DEBUG:root:Under real time Point 0.140156030655

DEBUG:root:Under real time Point 0.14652299881

DEBUG:root:Under real time Point 0.138605117798

DEBUG:root:Under real time Point 0.160758972168

DEBUG:root:Under real time Point 0.142814159393

DEBUG:root:Under real time Point 0.14718413353

DEBUG:root:Under real time Point 0.125691890717

DEBUG:root:Under real time Point 0.128579139709

DEBUG:root:Under real time Point 0.124311923981

DEBUG:root:Under real time Point 0.132678031921

DEBUG:root:Under real time Point 0.126965999603

DEBUG:root:Under real time Point 0.126353025436

DEBUG:root:Under real time Point 0.13315486908

DEBUG:root:Under real time Point 0.123764038086

DEBUG:root:Under real time Point 0.129011869431

DEBUG:root:Under real time Point 0.129688024521

DEBUG:root:Under real time Point 0.134356021881

DEBUG:root:Under real time Point 0.132872104645

DEBUG:root:Too small detection probably wrong
DEBUG:root:Under real time Point 0.0632491111755

DEBUG:root:Under real time Point 0.132925987244

DEBUG:root:Under real time Point 0.130887985229

DEBUG:root:Under real time Point 0.127831935883

DEBUG:root:Under real time Point 0.125059843063

DEBUG:root:Under real time Point 0.124904870987

DEBUG:root:Under real time Point 0.128169059753

DEBUG:root:Under real time Point 0.123398065567

DEBUG:root:Under real time Point 0.127218008041

DEBUG:root:Under real time Point 0.123003005981

DEBUG:root:Under real time Point 0.129901885986

DEBUG:root:Under real time Point 0.121933937073

DEBUG:root:Under real time Point 0.12711596489

DEBUG:root:Under real time Point 0.127134084702

DEBUG:root:Under real time Point 0.128494024277

DEBUG:root:Under real time Point 0.136106014252

DEBUG:root:Under real time Point 0.127907991409

DEBUG:root:Under real time Point 0.129709005356

DEBUG:root:Under real time Point 0.127121925354

DEBUG:root:Under real time Point 0.12713599205

DEBUG:root:Under real time Point 0.134495019913

DEBUG:root:Under real time Point 0.125626087189

DEBUG:root:Under real time Point 0.129698991776

DEBUG:root:Under real time Point 0.130813837051

DEBUG:root:Under real time Point 0.127790927887

DEBUG:root:Under real time Point 0.136400938034

DEBUG:root:Under real time Point 0.131329059601

DEBUG:root:Under real time Point 0.125789165497

DEBUG:root:Under real time Point 0.126258850098

DEBUG:root:Under real time Point 0.126742839813

DEBUG:root:Under real time Point 0.133726835251

DEBUG:root:Under real time Point 0.140872955322

DEBUG:root:Under real time Point 0.13564491272

DEBUG:root:Under real time Point 0.14634013176

DEBUG:root:Under real time Point 0.142601966858

DEBUG:root:Under real time Point 0.146125078201

DEBUG:root:Under real time Point 0.14360499382

DEBUG:root:Under real time Point 0.149913787842

DEBUG:root:Under real time Point 0.138180017471

DEBUG:root:Under real time Point 0.14350605011

DEBUG:root:Under real time Point 0.132616996765

DEBUG:root:Under real time Point 0.144599914551

DEBUG:root:Under real time Point 0.139041900635

DEBUG:root:Under real time Point 0.14506983757

DEBUG:root:Under real time Point 0.135827064514

DEBUG:root:Under real time Point 0.142951965332

DEBUG:root:Under real time Point 0.170126914978

DEBUG:root:Under real time Point 0.136956930161

DEBUG:root:Under real time Point 0.148651123047

DEBUG:root:Under real time Point 0.143748998642

DEBUG:root:Under real time Point 0.14054608345

DEBUG:root:Under real time Point 0.142905950546

DEBUG:root:Under real time Point 0.145781040192

DEBUG:root:Under real time Point 0.13965010643

DEBUG:root:Under real time Point 0.153469085693

DEBUG:root:Under real time Point 0.132249832153

DEBUG:root:Under real time Point 0.141912221909

DEBUG:root:Under real time Point 0.142427921295

DEBUG:root:Under real time Point 0.143280029297

DEBUG:root:Under real time Point 0.133710861206

DEBUG:root:Under real time Point 0.144181013107

DEBUG:root:Under real time Point 0.19319486618

DEBUG:root:Under real time Point 0.133077859879

DEBUG:root:Under real time Point 0.136934041977

DEBUG:root:Under real time Point 0.121006011963

DEBUG:root:Under real time Point 0.123763799667

DEBUG:root:Under real time Point 0.127225160599

DEBUG:root:Under real time Point 0.127297878265

DEBUG:root:Under real time Point 0.124812841415

DEBUG:root:Under real time Point 0.130429983139

DEBUG:root:Under real time Point 0.138363838196

DEBUG:root:Under real time Point 0.121611118317

DEBUG:root:Under real time Point 0.128244876862

DEBUG:root:Under real time Point 0.127888202667

DEBUG:root:Under real time Point 0.131302118301

DEBUG:root:Under real time Point 0.134469032288

DEBUG:root:Under real time Point 0.131541967392

DEBUG:root:Under real time Point 0.141564130783

DEBUG:root:Under real time Point 0.126919031143

DEBUG:root:Under real time Point 0.175781965256

DEBUG:root:Under real time Point 0.125725030899

DEBUG:root:Under real time Point 0.128406047821

DEBUG:root:Under real time Point 0.124402999878

DEBUG:root:Under real time Point 0.127548933029

DEBUG:root:Under real time Point 0.120954990387

DEBUG:root:Under real time Point 0.122537851334

DEBUG:root:Under real time Point 0.121634960175

DEBUG:root:Under real time Point 0.126435041428

DEBUG:root:Under real time Point 0.125836849213

DEBUG:root:Under real time Point 0.127645969391

DEBUG:root:Under real time Point 0.137267827988

DEBUG:root:Under real time Point 0.12816619873

DEBUG:root:Under real time Point 0.139132976532

DEBUG:root:Under real time Point 0.126545906067

DEBUG:root:Under real time Point 0.128555059433

DEBUG:root:Under real time Point 0.128077983856

DEBUG:root:Under real time Point 0.126486063004

DEBUG:root:Under real time Point 0.161587953568

DEBUG:root:Under real time Point 0.124191045761

DEBUG:root:Under real time Point 0.121068000793

DEBUG:root:Under real time Point 0.116552114487

DEBUG:root:Under real time Point 0.119616031647

DEBUG:root:Under real time Point 0.11983704567

DEBUG:root:Under real time Point 0.130359172821

DEBUG:root:Under real time Point 0.117688894272

DEBUG:root:Under real time Point 0.119979858398

DEBUG:root:Under real time Point 0.131325006485

DEBUG:root:Under real time Point 0.12434387207

DEBUG:root:Under real time Point 0.115303993225

DEBUG:root:Under real time Point 0.121284008026

DEBUG:root:Under real time Point 0.124773025513

DEBUG:root:Under real time Point 0.124849081039

DEBUG:root:Under real time Point 0.122092962265

DEBUG:root:Under real time Point 0.120841026306

DEBUG:root:Under real time Point 0.124316930771

DEBUG:root:Under real time Point 0.118408918381

DEBUG:root:Under real time Point 0.117119073868

DEBUG:root:Under real time Point 0.120182037354

DEBUG:root:Under real time Point 0.126811981201

DEBUG:root:Under real time Point 0.127158164978

DEBUG:root:Under real time Point 0.125973939896

DEBUG:root:Under real time Point 0.128121852875

DEBUG:root:Under real time Point 0.125341892242

DEBUG:root:Under real time Point 0.127943992615

DEBUG:root:Under real time Point 0.117696046829

DEBUG:root:Under real time Point 0.133646011353

DEBUG:root:Under real time Point 0.12570810318

DEBUG:root:Under real time Point 0.129932880402

DEBUG:root:Under real time Point 0.13006401062

DEBUG:root:Under real time Point 0.127720832825

DEBUG:root:Under real time Point 0.127403974533

DEBUG:root:Under real time Point 0.133829832077

DEBUG:root:Under real time Point 0.131731033325

DEBUG:root:Under real time Point 0.134659051895

DEBUG:root:Under real time Point 0.128834009171

DEBUG:root:Under real time Point 0.133919000626

DEBUG:root:Under real time Point 0.135149002075

DEBUG:root:Under real time Point 0.137269020081

DEBUG:root:Under real time Point 0.130527973175

DEBUG:root:Under real time Point 0.166828155518

DEBUG:root:Under real time Point 0.122474193573

DEBUG:root:Under real time Point 0.124310970306

DEBUG:root:Under real time Point 0.122745990753

DEBUG:root:Under real time Point 0.128185033798

DEBUG:root:Under real time Point 0.131459951401

DEBUG:root:Under real time Point 0.125478029251

DEBUG:root:Under real time Point 0.127712965012

DEBUG:root:Under real time Point 0.119865894318

DEBUG:root:Under real time Point 0.123229026794

DEBUG:root:Under real time Point 0.132256031036

DEBUG:root:Under real time Point 0.140832185745

DEBUG:root:Under real time Point 0.121803045273

DEBUG:root:Under real time Point 0.122946977615

DEBUG:root:Under real time Point 0.1720662117

DEBUG:root:Under real time Point 0.121131896973

DEBUG:root:Under real time Point 0.124584197998

DEBUG:root:Under real time Point 0.124670028687

DEBUG:root:Under real time Point 0.123670101166

DEBUG:root:Under real time Point 0.125181913376

DEBUG:root:Under real time Point 0.122080087662

DEBUG:root:Under real time Point 0.124485015869

DEBUG:root:Under real time Point 0.127304077148

DEBUG:root:Under real time Point 0.123002052307

DEBUG:root:Under real time Point 0.127851963043

DEBUG:root:Under real time Point 0.128938913345

DEBUG:root:Under real time Point 0.125417232513

DEBUG:root:Under real time Point 0.125247001648

DEBUG:root:Under real time Point 0.123174905777

DEBUG:root:Under real time Point 0.123963117599

DEBUG:root:Under real time Point 0.125036001205

DEBUG:root:Under real time Point 0.119327068329

DEBUG:root:Under real time Point 0.127307891846

DEBUG:root:Under real time Point 0.122680187225

DEBUG:root:Under real time Point 0.132107019424

DEBUG:root:Under real time Point 0.123215913773

DEBUG:root:Under real time Point 0.122865915298

DEBUG:root:Under real time Point 0.137273788452

DEBUG:root:Under real time Point 0.125842809677

DEBUG:root:Under real time Point 0.126477956772

DEBUG:root:Under real time Point 0.123945951462

DEBUG:root:Under real time Point 0.125411987305

DEBUG:root:Under real time Point 0.122061014175

DEBUG:root:Under real time Point 0.122175931931

DEBUG:root:Under real time Point 0.12588095665

DEBUG:root:Under real time Point 0.127696037292

DEBUG:root:Under real time Point 0.13395190239

DEBUG:root:Under real time Point 0.118283987045

DEBUG:root:Under real time Point 0.123350143433

DEBUG:root:Under real time Point 0.131467103958

DEBUG:root:Under real time Point 0.131519079208

DEBUG:root:Under real time Point 0.122487068176

DEBUG:root:Under real time Point 0.129330873489

DEBUG:root:Under real time Point 0.120182037354

DEBUG:root:Under real time Point 0.122896909714

DEBUG:root:Under real time Point 0.12220788002

DEBUG:root:Under real time Point 0.126400947571

DEBUG:root:Under real time Point 0.160578966141

DEBUG:root:Under real time Point 0.129685878754

DEBUG:root:Under real time Point 0.125124931335

DEBUG:root:Under real time Point 0.12588095665

DEBUG:root:Under real time Point 0.120737075806

DEBUG:root:Under real time Point 0.133748054504

DEBUG:root:Under real time Point 0.127539157867

DEBUG:root:Under real time Point 0.128968000412

DEBUG:root:Under real time Point 0.120945930481

DEBUG:root:Under real time Point 0.124998092651

DEBUG:root:Under real time Point 0.130790948868

DEBUG:root:Under real time Point 0.129758119583

DEBUG:root:Under real time Point 0.1333091259

DEBUG:root:Under real time Point 0.124058961868

DEBUG:root:Under real time Point 0.126915931702

DEBUG:root:Under real time Point 0.1289498806

DEBUG:root:Under real time Point 0.129368066788

DEBUG:root:Under real time Point 0.132690906525

DEBUG:root:Under real time Point 0.124433040619

DEBUG:root:Under real time Point 0.12805891037

DEBUG:root:Under real time Point 0.173461914062

DEBUG:root:Under real time Point 0.1343998909

DEBUG:root:Under real time Point 0.121109008789

DEBUG:root:Under real time Point 0.124799966812

DEBUG:root:Under real time Point 0.126312017441

DEBUG:root:Under real time Point 0.13018989563

DEBUG:root:Under real time Point 0.129827976227

DEBUG:root:Under real time Point 0.131819009781

DEBUG:root:Under real time Point 0.13347697258

DEBUG:root:Under real time Point 0.134075880051

DEBUG:root:Under real time Point 0.12370300293

DEBUG:root:Under real time Point 0.135379076004

DEBUG:root:Under real time Point 0.126757860184

DEBUG:root:Under real time Point 0.124591112137

DEBUG:root:Under real time Point 0.131203174591

DEBUG:root:Under real time Point 0.129398822784

DEBUG:root:Under real time Point 0.130385160446

DEBUG:root:Under real time Point 0.13200712204

DEBUG:root:Under real time Point 0.122838973999

DEBUG:root:Under real time Point 0.125131130219

DEBUG:root:Under real time Point 0.124316930771

DEBUG:root:Under real time Point 0.1387758255

DEBUG:root:Under real time Point 0.126886844635

DEBUG:root:Under real time Point 0.140863895416

DEBUG:root:Under real time Point 0.130190849304

DEBUG:root:Under real time Point 0.137172937393

DEBUG:root:Under real time Point 0.127231121063

DEBUG:root:Under real time Point 0.123817920685

DEBUG:root:Under real time Point 0.12277007103

DEBUG:root:Under real time Point 0.132210969925

DEBUG:root:Under real time Point 0.130023956299

DEBUG:root:Under real time Point 0.132586956024

DEBUG:root:Under real time Point 0.123995065689

DEBUG:root:Under real time Point 0.134984970093

DEBUG:root:Under real time Point 0.132334947586

DEBUG:root:Under real time Point 0.128885984421

DEBUG:root:Under real time Point 0.129630804062

DEBUG:root:Under real time Point 0.12188911438

DEBUG:root:Under real time Point 0.120924949646

DEBUG:root:Under real time Point 0.1371281147

DEBUG:root:Under real time Point 0.134500026703

DEBUG:root:Under real time Point 0.124058961868

DEBUG:root:Under real time Point 0.136829137802

DEBUG:root:Under real time Point 0.13814997673

DEBUG:root:Under real time Point 0.136353969574

DEBUG:root:Under real time Point 0.13002705574

DEBUG:root:Under real time Point 0.130630970001

DEBUG:root:Under real time Point 0.142110109329

DEBUG:root:Under real time Point 0.134258031845

DEBUG:root:Under real time Point 0.126686096191

DEBUG:root:Under real time Point 0.149061918259

DEBUG:root:Under real time Point 0.133332967758

DEBUG:root:Under real time Point 0.134750843048

DEBUG:root:Under real time Point 0.146594047546

DEBUG:root:Under real time Point 0.134734153748

DEBUG:root:Under real time Point 0.135637998581

DEBUG:root:Under real time Point 0.134166955948

DEBUG:root:Under real time Point 0.128885984421

DEBUG:root:Under real time Point 0.141325950623

DEBUG:root:Under real time Point 0.134152173996

DEBUG:root:Under real time Point 0.12909913063

DEBUG:root:Under real time Point 0.131938934326

DEBUG:root:Under real time Point 0.125429153442

DEBUG:root:Under real time Point 0.125060081482

DEBUG:root:Under real time Point 0.124644041061

DEBUG:root:Under real time Point 0.129328966141

DEBUG:root:Under real time Point 0.126839876175

DEBUG:root:Under real time Point 0.139218091965

DEBUG:root:Under real time Point 0.131644010544

DEBUG:root:Under real time Point 0.200803995132

DEBUG:root:Under real time Point 0.151078939438

DEBUG:root:Under real time Point 0.203088998795

DEBUG:root:Under real time Point 0.125905990601

DEBUG:root:Under real time Point 0.136262893677

DEBUG:root:Under real time Point 0.1403901577

DEBUG:root:Under real time Point 0.131554841995

DEBUG:root:Under real time Point 0.133463144302

DEBUG:root:Under real time Point 0.129316091537

DEBUG:root:Under real time Point 0.132378101349

DEBUG:root:Under real time Point 0.138461112976

DEBUG:root:Under real time Point 0.128973960876

DEBUG:root:Under real time Point 0.133020877838

DEBUG:root:Under real time Point 0.128929853439

DEBUG:root:Under real time Point 0.12763094902

DEBUG:root:Under real time Point 0.131180047989

DEBUG:root:Under real time Point 0.126144170761

DEBUG:root:Under real time Point 0.123805999756

DEBUG:root:Under real time Point 0.120233058929

DEBUG:root:Under real time Point 0.121277093887

DEBUG:root:Under real time Point 0.126541852951

DEBUG:root:Under real time Point 0.123006105423

DEBUG:root:Under real time Point 0.12276506424

DEBUG:root:Under real time Point 0.127855062485

DEBUG:root:Under real time Point 0.13277220726

DEBUG:root:Under real time Point 0.130207061768

DEBUG:root:Under real time Point 0.127684116364

DEBUG:root:Under real time Point 0.126936912537

DEBUG:root:Under real time Point 0.132266998291

DEBUG:root:Under real time Point 0.130597114563

DEBUG:root:Under real time Point 0.13343501091

DEBUG:root:Under real time Point 0.122297048569

DEBUG:root:Under real time Point 0.123982906342

DEBUG:root:Under real time Point 0.12721991539

DEBUG:root:Under real time Point 0.129982948303

DEBUG:root:Under real time Point 0.135296106339

DEBUG:root:Under real time Point 0.125386953354

DEBUG:root:Under real time Point 0.135732889175

DEBUG:root:Under real time Point 0.126055002213

DEBUG:root:Under real time Point 0.130058050156

DEBUG:root:Under real time Point 0.133372783661

DEBUG:root:Under real time Point 0.135957956314

DEBUG:root:Under real time Point 0.130496025085

DEBUG:root:Under real time Point 0.128014087677

DEBUG:root:Under real time Point 0.140012025833

DEBUG:root:Under real time Point 0.124393939972

DEBUG:root:Under real time Point 0.130388021469

DEBUG:root:Under real time Point 0.14466881752

DEBUG:root:Under real time Point 0.13731098175

DEBUG:root:Under real time Point 0.19816493988

DEBUG:root:Under real time Point 0.132604837418

DEBUG:root:Under real time Point 0.132019042969

DEBUG:root:Under real time Point 0.132545948029

DEBUG:root:Under real time Point 0.133138895035

DEBUG:root:Under real time Point 0.133224010468

DEBUG:root:Under real time Point 0.129518985748

DEBUG:root:Under real time Point 0.123653888702

DEBUG:root:Under real time Point 0.128179073334

DEBUG:root:Under real time Point 0.128840923309

DEBUG:root:Under real time Point 0.132748126984

DEBUG:root:Under real time Point 0.12028503418

DEBUG:root:Under real time Point 0.128988981247

DEBUG:root:Under real time Point 0.119501829147

DEBUG:root:Under real time Point 0.129863977432

DEBUG:root:Under real time Point 0.118271112442

DEBUG:root:Under real time Point 0.126060009003

DEBUG:root:Under real time Point 0.12845492363

DEBUG:root:Under real time Point 0.140064954758

DEBUG:root:Under real time Point 0.137799978256

DEBUG:root:Under real time Point 0.133054018021

DEBUG:root:Under real time Point 0.134196996689

DEBUG:root:Under real time Point 0.125659942627

DEBUG:root:Under real time Point 0.121177911758

DEBUG:root:Under real time Point 0.120525121689

DEBUG:root:Under real time Point 0.131707191467

DEBUG:root:Under real time Point 0.164126873016

DEBUG:root:Under real time Point 0.132829904556

DEBUG:root:Under real time Point 0.120860099792

DEBUG:root:Under real time Point 0.126205921173

DEBUG:root:Under real time Point 0.126363992691

DEBUG:root:Under real time Point 0.145016908646

DEBUG:root:Under real time Point 0.127623081207

DEBUG:root:Under real time Point 0.132707118988

DEBUG:root:Under real time Point 0.155909061432

DEBUG:root:Under real time Point 0.130414009094

DEBUG:root:Under real time Point 0.127326011658

DEBUG:root:Under real time Point 0.127126932144

DEBUG:root:Under real time Point 0.127776145935

DEBUG:root:Under real time Point 0.132900953293

DEBUG:root:Under real time Point 0.128359794617

DEBUG:root:Under real time Point 0.139400959015

DEBUG:root:Under real time Point 0.128194093704

DEBUG:root:Under real time Point 0.127875804901

DEBUG:root:Under real time Point 0.122601032257

DEBUG:root:Under real time Point 0.129404067993

DEBUG:root:Under real time Point 0.133461952209

DEBUG:root:Under real time Point 0.127417087555

DEBUG:root:Under real time Point 0.130474090576

DEBUG:root:Under real time Point 0.127506971359

DEBUG:root:Under real time Point 0.12578701973

DEBUG:root:Under real time Point 0.131089925766

DEBUG:root:Under real time Point 0.125800848007

DEBUG:root:Under real time Point 0.135126113892

DEBUG:root:Under real time Point 0.128257036209

DEBUG:root:Under real time Point 0.124280929565

DEBUG:root:Under real time Point 0.128108024597

DEBUG:root:Under real time Point 0.136239051819

DEBUG:root:Under real time Point 0.135230064392

DEBUG:root:Under real time Point 0.127277135849

DEBUG:root:Under real time Point 0.125527858734

DEBUG:root:Under real time Point 0.13095998764

DEBUG:root:Under real time Point 0.129869222641

DEBUG:root:Under real time Point 0.1341381073

DEBUG:root:Under real time Point 0.127547025681

DEBUG:root:Under real time Point 0.130848884583

DEBUG:root:Under real time Point 0.123216152191

DEBUG:root:Under real time Point 0.138149023056

DEBUG:root:Under real time Point 0.13018488884

DEBUG:root:Under real time Point 0.123718976974

DEBUG:root:Under real time Point 0.129272937775

DEBUG:root:Under real time Point 0.122793912888

DEBUG:root:Under real time Point 0.124513864517

DEBUG:root:Under real time Point 0.12825012207

DEBUG:root:Under real time Point 0.125365972519

DEBUG:root:Under real time Point 0.137217998505

DEBUG:root:Under real time Point 0.14009308815

DEBUG:root:Under real time Point 0.133255958557

DEBUG:root:Under real time Point 0.133541822433

DEBUG:root:Under real time Point 0.127847909927

DEBUG:root:Under real time Point 0.130529880524

DEBUG:root:Under real time Point 0.133347034454

DEBUG:root:Under real time Point 0.132081985474

DEBUG:root:Under real time Point 0.129344940186

DEBUG:root:Under real time Point 0.131006002426

DEBUG:root:Under real time Point 0.130509853363

DEBUG:root:Under real time Point 0.126765966415

DEBUG:root:Under real time Point 0.129424095154

DEBUG:root:Under real time Point 0.125834226608

DEBUG:root:Under real time Point 0.135811090469

DEBUG:root:Under real time Point 0.128334999084

DEBUG:root:Under real time Point 0.129102945328

DEBUG:root:Under real time Point 0.123126029968

DEBUG:root:Under real time Point 0.128054141998

DEBUG:root:Under real time Point 0.130773067474

DEBUG:root:Under real time Point 0.129407167435

DEBUG:root:Under real time Point 0.128513097763

DEBUG:root:Under real time Point 0.136187791824

DEBUG:root:Under real time Point 0.139522075653

DEBUG:root:Under real time Point 0.145626068115

DEBUG:root:Under real time Point 0.143425941467

DEBUG:root:Under real time Point 0.130525112152

DEBUG:root:Under real time Point 0.140820026398

DEBUG:root:Under real time Point 0.134526014328

DEBUG:root:Under real time Point 0.139498233795

DEBUG:root:Under real time Point 0.137480974197

DEBUG:root:Under real time Point 0.124890089035

DEBUG:root:Under real time Point 0.131510972977

DEBUG:root:Under real time Point 0.126324892044

DEBUG:root:Under real time Point 0.129549026489

DEBUG:root:Under real time Point 0.124075174332

DEBUG:root:Under real time Point 0.128347158432

DEBUG:root:Under real time Point 0.127213954926

DEBUG:root:Under real time Point 0.125204086304

DEBUG:root:Under real time Point 0.123625040054

DEBUG:root:Under real time Point 0.128154993057

DEBUG:root:Under real time Point 0.129544973373

DEBUG:root:Under real time Point 0.12461400032

DEBUG:root:Under real time Point 0.126348972321

DEBUG:root:Under real time Point 0.12618303299

DEBUG:root:Under real time Point 0.136458873749

DEBUG:root:Under real time Point 0.129363059998

DEBUG:root:Under real time Point 0.122283935547

DEBUG:root:Under real time Point 0.121537923813

DEBUG:root:Under real time Point 0.124213933945

DEBUG:root:Under real time Point 0.12370800972

DEBUG:root:Under real time Point 0.127120018005

DEBUG:root:Under real time Point 0.130326032639

DEBUG:root:Under real time Point 0.13339805603

DEBUG:root:Under real time Point 0.130259990692

DEBUG:root:Under real time Point 0.132354974747

DEBUG:root:Under real time Point 0.131903171539

DEBUG:root:Under real time Point 0.125463008881

DEBUG:root:Under real time Point 0.131077051163

DEBUG:root:Under real time Point 0.136798143387

DEBUG:root:Under real time Point 0.131999015808

DEBUG:root:Under real time Point 0.152855873108

DEBUG:root:Under real time Point 0.126384019852

DEBUG:root:Under real time Point 0.126221179962

DEBUG:root:Under real time Point 0.137976884842

DEBUG:root:Under real time Point 0.131371974945

DEBUG:root:Under real time Point 0.126661062241

DEBUG:root:Under real time Point 0.139648914337

DEBUG:root:Under real time Point 0.126179933548

DEBUG:root:Under real time Point 0.137823104858

DEBUG:root:Under real time Point 0.135361909866

DEBUG:root:Under real time Point 0.130775928497

DEBUG:root:Under real time Point 0.13388299942

DEBUG:root:Under real time Point 0.140196084976

DEBUG:root:Under real time Point 0.125773906708

DEBUG:root:Under real time Point 0.127876996994

DEBUG:root:Under real time Point 0.129158973694

DEBUG:root:Under real time Point 0.137879133224

DEBUG:root:Under real time Point 0.128893852234

DEBUG:root:Under real time Point 0.131435871124

DEBUG:root:Under real time Point 0.137592077255

DEBUG:root:Under real time Point 0.129296064377

DEBUG:root:Under real time Point 0.13218998909

DEBUG:root:Under real time Point 0.137642145157

DEBUG:root:Under real time Point 0.122550964355

DEBUG:root:Under real time Point 0.120680809021

DEBUG:root:Under real time Point 0.128463029861

DEBUG:root:Under real time Point 0.128574132919

DEBUG:root:Under real time Point 0.143027067184

DEBUG:root:Under real time Point 0.134660005569

DEBUG:root:Under real time Point 0.129720926285

DEBUG:root:Under real time Point 0.130499839783

DEBUG:root:Under real time Point 0.132993936539

DEBUG:root:Under real time Point 0.133320093155

DEBUG:root:Under real time Point 0.133789777756

DEBUG:root:Under real time Point 0.130084037781

DEBUG:root:Under real time Point 0.127882957458

DEBUG:root:Under real time Point 0.130003929138

DEBUG:root:Under real time Point 0.131910085678

DEBUG:root:Under real time Point 0.133708953857

DEBUG:root:Under real time Point 0.1350710392

DEBUG:root:Under real time Point 0.132581949234

DEBUG:root:Under real time Point 0.134757995605

DEBUG:root:Under real time Point 0.135230064392

DEBUG:root:Under real time Point 0.135138988495

DEBUG:root:Under real time Point 0.132556915283

DEBUG:root:Under real time Point 0.128001928329

DEBUG:root:Under real time Point 0.133704185486

DEBUG:root:Under real time Point 0.131780862808

DEBUG:root:Under real time Point 0.136824131012

DEBUG:root:Under real time Point 0.126044034958

DEBUG:root:Under real time Point 0.128840923309

DEBUG:root:Under real time Point 0.127804994583

DEBUG:root:Under real time Point 0.130805969238

DEBUG:root:Under real time Point 0.121126890182

DEBUG:root:Under real time Point 0.128334999084

DEBUG:root:Under real time Point 0.127269983292

DEBUG:root:Under real time Point 0.122247934341

DEBUG:root:Under real time Point 0.134624004364

DEBUG:root:Under real time Point 0.133861064911

DEBUG:root:Under real time Point 0.17991900444

DEBUG:root:Under real time Point 0.128885030746

DEBUG:root:Under real time Point 0.130126953125

DEBUG:root:Under real time Point 0.129695892334

DEBUG:root:Under real time Point 0.129258871078

DEBUG:root:Under real time Point 0.134620904922

DEBUG:root:Under real time Point 0.123256206512

DEBUG:root:Under real time Point 0.130867958069

DEBUG:root:Under real time Point 0.129198074341

DEBUG:root:Under real time Point 0.130615949631

DEBUG:root:Under real time Point 0.133402109146

DEBUG:root:Under real time Point 0.134748935699

DEBUG:root:Under real time Point 0.137804985046

DEBUG:root:Under real time Point 0.126108884811

DEBUG:root:Under real time Point 0.124330043793

DEBUG:root:Under real time Point 0.172595024109

DEBUG:root:Under real time Point 0.133289813995

DEBUG:root:Under real time Point 0.136387109756

DEBUG:root:Under real time Point 0.126585006714

DEBUG:root:Under real time Point 0.129964113235

DEBUG:root:Under real time Point 0.125507116318

DEBUG:root:Under real time Point 0.132329940796

DEBUG:root:Under real time Point 0.12176990509

DEBUG:root:Under real time Point 0.127292156219

DEBUG:root:Under real time Point 0.126694917679

DEBUG:root:Under real time Point 0.126793861389

DEBUG:root:Under real time Point 0.132115125656

DEBUG:root:Under real time Point 0.134799003601

DEBUG:root:Under real time Point 0.127953052521

DEBUG:root:Under real time Point 0.154282093048

DEBUG:root:Under real time Point 0.128863811493

DEBUG:root:Under real time Point 0.132230043411

DEBUG:root:Under real time Point 0.135232925415

DEBUG:root:Under real time Point 0.128096103668

DEBUG:root:Under real time Point 0.125347137451

DEBUG:root:Under real time Point 0.125257968903

DEBUG:root:Under real time Point 0.13755106926

DEBUG:root:Under real time Point 0.130345106125

DEBUG:root:Under real time Point 0.123657941818

DEBUG:root:Under real time Point 0.128484010696

DEBUG:root:Under real time Point 0.124652862549

DEBUG:root:Under real time Point 0.129653930664

DEBUG:root:Under real time Point 0.13086605072

DEBUG:root:Under real time Point 0.126729011536

DEBUG:root:Under real time Point 0.128751039505

DEBUG:root:Under real time Point 0.123297929764

DEBUG:root:Under real time Point 0.125998973846

DEBUG:root:Under real time Point 0.129165887833

DEBUG:root:Under real time Point 0.128580093384

DEBUG:root:Under real time Point 0.124004840851

DEBUG:root:Under real time Point 0.128661155701

DEBUG:root:Under real time Point 0.125168085098

DEBUG:root:Under real time Point 0.126220941544

DEBUG:root:Under real time Point 0.12380695343

DEBUG:root:Under real time Point 0.134817838669

DEBUG:root:Under real time Point 0.126413106918

DEBUG:root:Under real time Point 0.134979963303

DEBUG:root:Under real time Point 0.13947892189

DEBUG:root:Under real time Point 0.132522106171

DEBUG:root:Under real time Point 0.132110834122

DEBUG:root:Under real time Point 0.133306980133

DEBUG:root:Under real time Point 0.134083986282

DEBUG:root:Under real time Point 0.136349201202

DEBUG:root:Under real time Point 0.128870010376

DEBUG:root:Under real time Point 0.131108999252

DEBUG:root:Under real time Point 0.126711130142

DEBUG:root:Under real time Point 0.130759954453

DEBUG:root:Under real time Point 0.141745090485

DEBUG:root:Under real time Point 0.126358985901

DEBUG:root:Under real time Point 0.128721952438

DEBUG:root:Under real time Point 0.129528999329

DEBUG:root:Under real time Point 0.125422954559

DEBUG:root:Under real time Point 0.12836098671

DEBUG:root:Under real time Point 0.12775683403

DEBUG:root:Under real time Point 0.129046916962

DEBUG:root:Under real time Point 0.127444982529

DEBUG:root:Under real time Point 0.125291109085

DEBUG:root:Under real time Point 0.137897014618

DEBUG:root:Under real time Point 0.133394956589

DEBUG:root:Under real time Point 0.137606143951

DEBUG:root:Under real time Point 0.12616109848

DEBUG:root:Under real time Point 0.127377986908

DEBUG:root:Under real time Point 0.124763011932

DEBUG:root:Under real time Point 0.133183956146

DEBUG:root:Under real time Point 0.127993106842

DEBUG:root:Under real time Point 0.133991003036

DEBUG:root:Under real time Point 0.120507955551

DEBUG:root:Under real time Point 0.124120950699

DEBUG:root:Under real time Point 0.128872871399

DEBUG:root:Under real time Point 0.127297878265

DEBUG:root:Under real time Point 0.123759031296

DEBUG:root:Under real time Point 0.126848220825

DEBUG:root:Under real time Point 0.129650115967

DEBUG:root:Under real time Point 0.123309850693

DEBUG:root:Under real time Point 0.12237405777

DEBUG:root:Under real time Point 0.121554136276

DEBUG:root:Under real time Point 0.126289129257

DEBUG:root:Under real time Point 0.125164031982

DEBUG:root:Under real time Point 0.123560905457

DEBUG:root:Under real time Point 0.12480711937

DEBUG:root:Under real time Point 0.125523090363

DEBUG:root:Under real time Point 0.125046014786

DEBUG:root:Under real time Point 0.127541065216

DEBUG:root:Under real time Point 0.134778022766

DEBUG:root:Under real time Point 0.126983880997

DEBUG:root:Under real time Point 0.122288942337

DEBUG:root:Under real time Point 0.124918937683

DEBUG:root:Under real time Point 0.122328996658

DEBUG:root:Under real time Point 0.11963391304

DEBUG:root:Under real time Point 0.125871896744

DEBUG:root:Under real time Point 0.118139028549

DEBUG:root:Under real time Point 0.12627196312

DEBUG:root:Under real time Point 0.11908698082

DEBUG:root:Under real time Point 0.133382081985

DEBUG:root:Under real time Point 0.130311965942

DEBUG:root:Under real time Point 0.132301807404

DEBUG:root:Under real time Point 0.128094911575

DEBUG:root:Under real time Point 0.128840208054

DEBUG:root:Under real time Point 0.125936031342

DEBUG:root:Under real time Point 0.12860417366

DEBUG:root:Under real time Point 0.137023925781

DEBUG:root:Under real time Point 0.127298116684

DEBUG:root:Under real time Point 0.127295970917

DEBUG:root:Under real time Point 0.131977081299

DEBUG:root:Under real time Point 0.124352931976

DEBUG:root:Under real time Point 0.129984855652

DEBUG:root:Under real time Point 0.128618001938

DEBUG:root:Under real time Point 0.122748851776

DEBUG:root:Under real time Point 0.171777009964

DEBUG:root:Under real time Point 0.128925800323

DEBUG:root:Under real time Point 0.126126050949

DEBUG:root:Under real time Point 0.124925136566

DEBUG:root:Under real time Point 0.12250995636

DEBUG:root:Under real time Point 0.129890203476

DEBUG:root:Under real time Point 0.127545118332

DEBUG:root:Under real time Point 0.125793933868

DEBUG:root:Under real time Point 0.124170064926

DEBUG:root:Under real time Point 0.13304400444

DEBUG:root:Under real time Point 0.125949859619

DEBUG:root:Under real time Point 0.129251003265

DEBUG:root:Under real time Point 0.13245010376

DEBUG:root:Under real time Point 0.123509168625

DEBUG:root:Under real time Point 0.131957054138

DEBUG:root:Under real time Point 0.129492044449

DEBUG:root:Under real time Point 0.119101047516

DEBUG:root:Under real time Point 0.127182006836

DEBUG:root:Under real time Point 0.125933885574

DEBUG:root:Under real time Point 0.125946998596

DEBUG:root:Under real time Point 0.128444194794

DEBUG:root:Under real time Point 0.127923965454

DEBUG:root:Under real time Point 0.131124973297

DEBUG:root:Under real time Point 0.122264862061

DEBUG:root:Under real time Point 0.12819314003

DEBUG:root:Under real time Point 0.129693031311

DEBUG:root:Under real time Point 0.136938095093

DEBUG:root:Under real time Point 0.13640999794

DEBUG:root:Under real time Point 0.128859043121

DEBUG:root:Under real time Point 0.131182909012

DEBUG:root:Under real time Point 0.126971006393

DEBUG:root:Under real time Point 0.134572982788

DEBUG:root:Under real time Point 0.121608018875

DEBUG:root:Under real time Point 0.129526138306

DEBUG:root:Under real time Point 0.130432128906

DEBUG:root:Under real time Point 0.134927988052

DEBUG:root:Under real time Point 0.13036608696

DEBUG:root:Under real time Point 0.128983020782

DEBUG:root:Under real time Point 0.125190019608

DEBUG:root:Under real time Point 0.125488996506

DEBUG:root:Under real time Point 0.128773212433

DEBUG:root:Under real time Point 0.135817050934

DEBUG:root:Under real time Point 0.119517087936

DEBUG:root:Under real time Point 0.128046035767

DEBUG:root:Under real time Point 0.132555961609

DEBUG:root:Under real time Point 0.130013942719

DEBUG:root:Under real time Point 0.12614107132

DEBUG:root:Under real time Point 0.123792171478

DEBUG:root:Under real time Point 0.125772953033

DEBUG:root:Under real time Point 0.123842000961

DEBUG:root:Under real time Point 0.125808954239

DEBUG:root:Under real time Point 0.124006986618

DEBUG:root:Under real time Point 0.134717941284

DEBUG:root:Under real time Point 0.119083881378

DEBUG:root:Under real time Point 0.125592947006

DEBUG:root:Under real time Point 0.132378101349

DEBUG:root:Under real time Point 0.129483938217

DEBUG:root:Under real time Point 0.128242015839

DEBUG:root:Under real time Point 0.124716997147

DEBUG:root:Under real time Point 0.125971078873

DEBUG:root:Under real time Point 0.12904882431

DEBUG:root:Under real time Point 0.125863075256

DEBUG:root:Under real time Point 0.118875980377

DEBUG:root:Under real time Point 0.133548974991

DEBUG:root:Under real time Point 0.124770879745

DEBUG:root:Under real time Point 0.121360063553

DEBUG:root:Under real time Point 0.122579097748

DEBUG:root:Under real time Point 0.12065410614

DEBUG:root:Under real time Point 0.124611854553

DEBUG:root:Under real time Point 0.124768018723

DEBUG:root:Under real time Point 0.118865013123

DEBUG:root:Under real time Point 0.121908187866

DEBUG:root:Under real time Point 0.121734142303

DEBUG:root:Under real time Point 0.12713599205

DEBUG:root:Under real time Point 0.120692968369

DEBUG:root:Under real time Point 0.126610040665

DEBUG:root:Under real time Point 0.1264731884

DEBUG:root:Under real time Point 0.122151136398

DEBUG:root:Under real time Point 0.129822969437

DEBUG:root:Under real time Point 0.130075931549

DEBUG:root:Under real time Point 0.12434887886

DEBUG:root:Under real time Point 0.132854938507

DEBUG:root:Under real time Point 0.123501062393

DEBUG:root:Under real time Point 0.126202821732

DEBUG:root:Under real time Point 0.126138925552

DEBUG:root:Under real time Point 0.121536016464

DEBUG:root:Under real time Point 0.120519161224

DEBUG:root:Under real time Point 0.121625185013

DEBUG:root:Under real time Point 0.123284101486

DEBUG:root:Under real time Point 0.12416100502

DEBUG:root:Under real time Point 0.122164964676

DEBUG:root:Under real time Point 0.127177000046

DEBUG:root:Under real time Point 0.124699831009

DEBUG:root:Under real time Point 0.131476163864

DEBUG:root:Under real time Point 0.126745939255

DEBUG:root:Under real time Point 0.129834890366

DEBUG:root:Under real time Point 0.128171920776

DEBUG:root:Under real time Point 0.132999181747

DEBUG:root:Under real time Point 0.17283987999

DEBUG:root:Under real time Point 0.140186786652

DEBUG:root:Under real time Point 0.128196001053

DEBUG:root:Under real time Point 0.149003982544

DEBUG:root:Under real time Point 0.140331029892

DEBUG:root:Under real time Point 0.130036115646

DEBUG:root:Under real time Point 0.124608039856

DEBUG:root:Under real time Point 0.131949901581

DEBUG:root:Under real time Point 0.125519990921

DEBUG:root:Under real time Point 0.121424198151

DEBUG:root:Under real time Point 0.125612020493

DEBUG:root:Under real time Point 0.131682872772

DEBUG:root:Under real time Point 0.123696804047

DEBUG:root:Under real time Point 0.122885942459

DEBUG:root:Under real time Point 0.133337974548

DEBUG:root:Under real time Point 0.122720956802

DEBUG:root:Under real time Point 0.124794960022

DEBUG:root:Under real time Point 0.120465993881

DEBUG:root:Under real time Point 0.130782842636

DEBUG:root:Under real time Point 0.127645969391

DEBUG:root:Under real time Point 0.125219106674

DEBUG:root:Under real time Point 0.12623000145

DEBUG:root:Under real time Point 0.125409126282

DEBUG:root:Under real time Point 0.125324964523

DEBUG:root:Under real time Point 0.124496936798

DEBUG:root:Under real time Point 0.121922969818

DEBUG:root:Under real time Point 0.12654709816

DEBUG:root:Under real time Point 0.122298955917

DEBUG:root:Under real time Point 0.130460977554

DEBUG:root:Under real time Point 0.136871099472

DEBUG:root:Under real time Point 0.126579046249

DEBUG:root:Under real time Point 0.121546983719

DEBUG:root:Under real time Point 0.125190019608

DEBUG:root:Under real time Point 0.132353067398

DEBUG:root:Under real time Point 0.12961602211

DEBUG:root:Under real time Point 0.13217997551

DEBUG:root:Under real time Point 0.130068063736

DEBUG:root:Under real time Point 0.129231929779

DEBUG:root:Under real time Point 0.126750946045

DEBUG:root:Under real time Point 0.134443998337

DEBUG:root:Under real time Point 0.131803035736

DEBUG:root:Under real time Point 0.1222448349

DEBUG:root:Under real time Point 0.126013994217

DEBUG:root:Under real time Point 0.132435083389

DEBUG:root:Under real time Point 0.125122070312

DEBUG:root:Under real time Point 0.128176927567

DEBUG:root:Under real time Point 0.136443138123

DEBUG:root:Under real time Point 0.124208927155

DEBUG:root:Under real time Point 0.123982906342

DEBUG:root:Under real time Point 0.12620306015

DEBUG:root:Under real time Point 0.126792907715

DEBUG:root:Under real time Point 0.124638080597

DEBUG:root:Under real time Point 0.127305984497

DEBUG:root:Under real time Point 0.123999118805

DEBUG:root:Under real time Point 0.125495910645

DEBUG:root:Under real time Point 0.125570058823

DEBUG:root:Under real time Point 0.12481212616

DEBUG:root:Under real time Point 0.127099990845

DEBUG:root:Under real time Point 0.125081062317

DEBUG:root:Under real time Point 0.134307146072

DEBUG:root:Under real time Point 0.123886823654

DEBUG:root:Under real time Point 0.131573915482

DEBUG:root:Under real time Point 0.127009868622

DEBUG:root:Under real time Point 0.124782085419

DEBUG:root:Under real time Point 0.122104883194

DEBUG:root:Under real time Point 0.12806391716

DEBUG:root:Under real time Point 0.128102064133

DEBUG:root:Under real time Point 0.122635126114

DEBUG:root:Under real time Point 0.135651111603

DEBUG:root:Under real time Point 0.130555868149

DEBUG:root:Under real time Point 0.123678922653

DEBUG:root:Under real time Point 0.129205942154

DEBUG:root:Under real time Point 0.129583835602

DEBUG:root:Under real time Point 0.138531923294

DEBUG:root:Under real time Point 0.138314008713

DEBUG:root:Under real time Point 0.124570846558

DEBUG:root:Under real time Point 0.131314992905

DEBUG:root:Under real time Point 0.132701873779

DEBUG:root:Under real time Point 0.13410615921

DEBUG:root:Under real time Point 0.130256891251

DEBUG:root:Too small detection probably wrong
DEBUG:root:Under real time Point 0.074187040329

DEBUG:root:Under real time Point 0.125593185425

DEBUG:root:Under real time Point 0.131625175476

DEBUG:root:Under real time Point 0.129397153854

DEBUG:root:Under real time Point 0.12930393219

DEBUG:root:Under real time Point 0.127230882645

DEBUG:root:Under real time Point 0.132858037949

DEBUG:root:Under real time Point 0.119884967804

DEBUG:root:Under real time Point 0.123667955399

DEBUG:root:Under real time Point 0.11820602417

DEBUG:root:Under real time Point 0.12904214859

DEBUG:root:Under real time Point 0.131308078766

DEBUG:root:Under real time Point 0.124573230743

DEBUG:root:Under real time Point 0.125762939453

DEBUG:root:Under real time Point 0.122473955154

DEBUG:root:Under real time Point 0.123487234116

DEBUG:root:Under real time Point 0.124546051025

DEBUG:root:Under real time Point 0.125194072723

DEBUG:root:Under real time Point 0.120530128479

DEBUG:root:Under real time Point 0.120464086533

DEBUG:root:Under real time Point 0.116369009018

DEBUG:root:Under real time Point 0.127012014389

DEBUG:root:Under real time Point 0.121748924255

DEBUG:root:Under real time Point 0.125150203705

DEBUG:root:Under real time Point 0.131280899048

DEBUG:root:Under real time Point 0.136255025864

DEBUG:root:Under real time Point 0.12557220459

DEBUG:root:Under real time Point 0.122570037842

DEBUG:root:Under real time Point 0.122167110443

DEBUG:root:Under real time Point 0.131061792374

DEBUG:root:Under real time Point 0.121824026108

DEBUG:root:Under real time Point 0.131990909576

DEBUG:root:Under real time Point 0.123198986053

DEBUG:root:Under real time Point 0.135457992554

DEBUG:root:Under real time Point 0.127437114716

DEBUG:root:Under real time Point 0.126869916916

DEBUG:root:Under real time Point 0.121409893036

DEBUG:root:Under real time Point 0.129075050354

DEBUG:root:Under real time Point 0.124123096466

DEBUG:root:Under real time Point 0.130270004272

DEBUG:root:Under real time Point 0.126496076584

DEBUG:root:Under real time Point 0.13040804863

DEBUG:root:Under real time Point 0.125758886337

DEBUG:root:Under real time Point 0.125702857971

DEBUG:root:Under real time Point 0.12279510498

DEBUG:root:Under real time Point 0.131936073303

DEBUG:root:Under real time Point 0.122296094894

DEBUG:root:Under real time Point 0.129676103592

DEBUG:root:Under real time Point 0.130435943604

DEBUG:root:Under real time Point 0.136837005615

DEBUG:root:Under real time Point 0.120082855225

DEBUG:root:Under real time Point 0.124734163284

DEBUG:root:Under real time Point 0.131724834442

DEBUG:root:Under real time Point 0.127330064774

DEBUG:root:Under real time Point 0.131977796555

DEBUG:root:Under real time Point 0.127521038055

DEBUG:root:Under real time Point 0.130632162094

DEBUG:root:Under real time Point 0.133021831512

DEBUG:root:Under real time Point 0.118586063385

DEBUG:root:Under real time Point 0.117537975311

DEBUG:root:Under real time Point 0.125249862671

DEBUG:root:Under real time Point 0.12526512146

DEBUG:root:Under real time Point 0.124444961548

DEBUG:root:Under real time Point 0.124028921127

DEBUG:root:Under real time Point 0.168058156967

DEBUG:root:Under real time Point 0.121706008911

DEBUG:root:Under real time Point 0.122500896454

DEBUG:root:Under real time Point 0.126441001892

DEBUG:root:Under real time Point 0.13227891922

DEBUG:root:Under real time Point 0.117876052856

DEBUG:root:Under real time Point 0.124495029449

DEBUG:root:Under real time Point 0.120412826538

DEBUG:root:Under real time Point 0.133489847183

DEBUG:root:Under real time Point 0.122368097305

