DEBUG:root:Under real time Point counter:2.38418579102e-05

DEBUG:root:Real time1486855095.64

DEBUG:root:Real time1486855095.84

DEBUG:root:Real time1486855096.04

DEBUG:root:Real time1486855096.24

DEBUG:root:Real time1486855096.45

DEBUG:root:Real time1486855096.65

DEBUG:root:Real time1486855096.85

DEBUG:root:Real time1486855097.05

DEBUG:root:Real time1486855097.25

DEBUG:root:Real time1486855097.45

DEBUG:root:Real time1486855097.65

DEBUG:root:Real time1486855097.85

DEBUG:root:Real time1486855098.05

DEBUG:root:Real time1486855098.25

DEBUG:root:Real time1486855098.45

DEBUG:root:Real time1486855098.65

DEBUG:root:Real time1486855098.85

DEBUG:root:Real time1486855099.05

DEBUG:root:Real time1486855099.26

DEBUG:root:Real time1486855099.46

DEBUG:root:Real time1486855099.66

DEBUG:root:Too small detection probably wrong
DEBUG:root:Real time1486855099.86

DEBUG:root:Too small detection probably wrong
DEBUG:root:Real time1486855100.06

DEBUG:root:Real time1486855100.26

DEBUG:root:Real time1486855100.46

DEBUG:root:Real time1486855100.66

DEBUG:root:Real time1486855100.86

DEBUG:root:Real time1486855101.06

DEBUG:root:Real time1486855101.26

DEBUG:root:Real time1486855101.46

DEBUG:root:Real time1486855101.66

DEBUG:root:Real time1486855101.87

DEBUG:root:Real time1486855102.07

DEBUG:root:Real time1486855102.27

DEBUG:root:Real time1486855102.47

DEBUG:root:Real time1486855102.67

DEBUG:root:Real time1486855102.87

DEBUG:root:Real time1486855103.07

DEBUG:root:Real time1486855103.27

DEBUG:root:Real time1486855103.47

DEBUG:root:Real time1486855103.67

DEBUG:root:Real time1486855103.87

DEBUG:root:Real time1486855104.07

DEBUG:root:Real time1486855104.28

DEBUG:root:Real time1486855104.48

DEBUG:root:Real time1486855104.68

DEBUG:root:Real time1486855104.88

DEBUG:root:Real time1486855105.08

DEBUG:root:Real time1486855105.28

DEBUG:root:Real time1486855105.48

DEBUG:root:Real time1486855105.68

DEBUG:root:Total error:4091

DEBUG:root:Match frame over 25:119

DEBUG:root:Matched frame error:66

DEBUG:root:Real time1486855105.88

DEBUG:root:Total error:4068

DEBUG:root:Match frame over 25:119

DEBUG:root:Matched frame error:66

DEBUG:root:Real time1486855106.08

DEBUG:root:Total error:4082

DEBUG:root:Match frame over 25:117

DEBUG:root:Matched frame error:78

DEBUG:root:Real time1486855106.28

DEBUG:root:Total error:4088

DEBUG:root:Match frame over 25:137

DEBUG:root:Matched frame error:73

DEBUG:root:Real time1486855106.48

DEBUG:root:Total error:4066

DEBUG:root:Match frame over 25:122

DEBUG:root:Matched frame error:56

DEBUG:root:Real time1486855106.68

DEBUG:root:Total error:3986

DEBUG:root:Match frame over 25:131

DEBUG:root:Matched frame error:66

DEBUG:root:Real time1486855106.88

DEBUG:root:Total error:3923

DEBUG:root:Match frame over 25:120

DEBUG:root:Matched frame error:75

DEBUG:root:Real time1486855107.08

DEBUG:root:Total error:3840

DEBUG:root:Match frame over 25:115

DEBUG:root:Matched frame error:75

DEBUG:root:Real time1486855107.29

DEBUG:root:Total error:3615

DEBUG:root:Match frame over 25:109

DEBUG:root:Matched frame error:75

DEBUG:root:Real time1486855107.49

DEBUG:root:Total error:3375

DEBUG:root:Match frame over 25:113

DEBUG:root:Matched frame error:73

DEBUG:root:Real time1486855107.69

DEBUG:root:Total error:3162

DEBUG:root:Match frame over 25:113

DEBUG:root:Matched frame error:86

DEBUG:root:Real time1486855107.89

DEBUG:root:Total error:2901

DEBUG:root:Match frame over 25:113

DEBUG:root:Matched frame error:87

DEBUG:root:Real time1486855108.09

DEBUG:root:Total error:2812

DEBUG:root:Match frame over 25:113

DEBUG:root:Matched frame error:91

DEBUG:root:Real time1486855108.29

DEBUG:root:Total error:2761

DEBUG:root:Match frame over 25:113

DEBUG:root:Matched frame error:83

DEBUG:root:Real time1486855108.49

DEBUG:root:Total error:2702

DEBUG:root:Match frame over 25:113

DEBUG:root:Matched frame error:93

DEBUG:root:Real time1486855108.69

DEBUG:root:Total error:2965

DEBUG:root:Match frame over 25:113

DEBUG:root:Matched frame error:85

DEBUG:root:Real time1486855108.89

DEBUG:root:Total error:3146

DEBUG:root:Match frame over 25:121

DEBUG:root:Matched frame error:90

DEBUG:root:Real time1486855109.09

DEBUG:root:Total error:3347

DEBUG:root:Match frame over 25:113

DEBUG:root:Matched frame error:86

DEBUG:root:Real time1486855109.29

DEBUG:root:Total error:3604

DEBUG:root:Match frame over 25:134

DEBUG:root:Matched frame error:87

DEBUG:root:Real time1486855109.49

DEBUG:root:Total error:3734

DEBUG:root:Match frame over 25:103

DEBUG:root:Matched frame error:95

DEBUG:root:Real time1486855109.7

DEBUG:root:Total error:3841

DEBUG:root:Match frame over 25:103

DEBUG:root:Matched frame error:94

DEBUG:root:Real time1486855109.9

DEBUG:root:Total error:3973

DEBUG:root:Match frame over 25:121

DEBUG:root:Matched frame error:89

DEBUG:root:Real time1486855110.1

DEBUG:root:Total error:4045

DEBUG:root:Match frame over 25:121

DEBUG:root:Matched frame error:81

DEBUG:root:Real time1486855110.3

DEBUG:root:Total error:4164

DEBUG:root:Match frame over 25:122

DEBUG:root:Matched frame error:90

DEBUG:root:Real time1486855110.5

DEBUG:root:Total error:4206

DEBUG:root:Match frame over 25:106

DEBUG:root:Matched frame error:92

DEBUG:root:Real time1486855110.7

DEBUG:root:Total error:4240

DEBUG:root:Match frame over 25:134

DEBUG:root:Matched frame error:89

DEBUG:root:Real time1486855110.9

DEBUG:root:Total error:4247

DEBUG:root:Match frame over 25:119

DEBUG:root:Matched frame error:83

DEBUG:root:Real time1486855111.1

DEBUG:root:Total error:4305

DEBUG:root:Match frame over 25:144

DEBUG:root:Matched frame error:85

DEBUG:root:Real time1486855111.3

DEBUG:root:Total error:4340

DEBUG:root:Match frame over 25:118

DEBUG:root:Matched frame error:70

DEBUG:root:Real time1486855111.5

DEBUG:root:Total error:4343

DEBUG:root:Match frame over 25:166

DEBUG:root:Matched frame error:71

DEBUG:root:Real time1486855111.7

DEBUG:root:Total error:4305

DEBUG:root:Match frame over 25:144

DEBUG:root:Matched frame error:70

DEBUG:root:Real time1486855111.9

DEBUG:root:Total error:4283

DEBUG:root:Match frame over 25:132

DEBUG:root:Matched frame error:72

DEBUG:root:Real time1486855112.1

DEBUG:root:Total error:4271

DEBUG:root:Match frame over 25:131

DEBUG:root:Matched frame error:92

DEBUG:root:Real time1486855112.3

DEBUG:root:Total error:4289

DEBUG:root:Match frame over 25:126

DEBUG:root:Matched frame error:106

DEBUG:root:Real time1486855112.5

DEBUG:root:Total error:4171

DEBUG:root:Match frame over 25:163

DEBUG:root:Matched frame error:99

DEBUG:root:Real time1486855112.7

DEBUG:root:Total error:4060

DEBUG:root:Match frame over 25:125

DEBUG:root:Matched frame error:93

DEBUG:root:Real time1486855112.9

DEBUG:root:Total error:3935

DEBUG:root:Match frame over 25:163

DEBUG:root:Matched frame error:95

DEBUG:root:Real time1486855113.11

DEBUG:root:Total error:3734

DEBUG:root:Match frame over 25:163

DEBUG:root:Matched frame error:90

DEBUG:root:Real time1486855113.31

DEBUG:root:Total error:3401

DEBUG:root:Match frame over 25:173

DEBUG:root:Matched frame error:76

DEBUG:root:Real time1486855113.51

DEBUG:root:Total error:3069

DEBUG:root:Match frame over 25:171

DEBUG:root:Matched frame error:87

DEBUG:root:Real time1486855113.71

DEBUG:root:Total error:3570

DEBUG:root:Match frame over 25:173

DEBUG:root:Matched frame error:71

DEBUG:root:Real time1486855113.91

DEBUG:root:Total error:3869

DEBUG:root:Match frame over 25:174

DEBUG:root:Matched frame error:83

DEBUG:root:Real time1486855114.11

DEBUG:root:Total error:4120

DEBUG:root:Match frame over 25:171

DEBUG:root:Matched frame error:82

DEBUG:root:Real time1486855114.31

DEBUG:root:Total error:4347

DEBUG:root:Match frame over 25:171

DEBUG:root:Matched frame error:72

DEBUG:root:Real time1486855114.51

DEBUG:root:Total error:4569

DEBUG:root:Match frame over 25:171

DEBUG:root:Matched frame error:79

DEBUG:root:Real time1486855114.71

DEBUG:root:Total error:4772

DEBUG:root:Match frame over 25:173

DEBUG:root:Matched frame error:88

DEBUG:root:Real time1486855114.91

DEBUG:root:Total error:4887

DEBUG:root:Match frame over 25:129

DEBUG:root:Matched frame error:82

DEBUG:root:Real time1486855115.11

DEBUG:root:Total error:4924

DEBUG:root:Match frame over 25:174

DEBUG:root:Matched frame error:89

DEBUG:root:Real time1486855115.31

DEBUG:root:Total error:5068

DEBUG:root:Match frame over 25:173

DEBUG:root:Matched frame error:86

DEBUG:root:Real time1486855115.51

DEBUG:root:Total error:5062

DEBUG:root:Match frame over 25:702

DEBUG:root:Matched frame error:64

DEBUG:root:Real time1486855115.71

DEBUG:root:Total error:5035

DEBUG:root:Match frame over 25:210

DEBUG:root:Matched frame error:76

DEBUG:root:Real time1486855115.91

DEBUG:root:Total error:5017

DEBUG:root:Match frame over 25:211

DEBUG:root:Matched frame error:59

DEBUG:root:Real time1486855116.12

DEBUG:root:Total error:5047

DEBUG:root:Match frame over 25:212

DEBUG:root:Matched frame error:71

DEBUG:root:Real time1486855116.32

DEBUG:root:Total error:5128

DEBUG:root:Match frame over 25:847

DEBUG:root:Matched frame error:82

DEBUG:root:Real time1486855116.52

DEBUG:root:Total error:5088

DEBUG:root:Match frame over 25:277

DEBUG:root:Matched frame error:91

DEBUG:root:Real time1486855116.72

DEBUG:root:Total error:5128

DEBUG:root:Match frame over 25:271

DEBUG:root:Matched frame error:71

DEBUG:root:Real time1486855116.92

DEBUG:root:Total error:5100

DEBUG:root:Match frame over 25:271

DEBUG:root:Matched frame error:66

DEBUG:root:Real time1486855117.12

DEBUG:root:Total error:5075

DEBUG:root:Match frame over 25:832

DEBUG:root:Matched frame error:85

DEBUG:root:Real time1486855117.32

DEBUG:root:Total error:5036

DEBUG:root:Match frame over 25:150

DEBUG:root:Matched frame error:76

DEBUG:root:Real time1486855117.52

DEBUG:root:Total error:4851

DEBUG:root:Match frame over 25:150

DEBUG:root:Matched frame error:77

DEBUG:root:Real time1486855117.72

DEBUG:root:Total error:4712

DEBUG:root:Match frame over 25:165

DEBUG:root:Matched frame error:75

DEBUG:root:Real time1486855117.92

DEBUG:root:Total error:4547

DEBUG:root:Match frame over 25:197

DEBUG:root:Matched frame error:91

DEBUG:root:Real time1486855118.12

DEBUG:root:Total error:4292

DEBUG:root:Match frame over 25:197

DEBUG:root:Matched frame error:87

DEBUG:root:Real time1486855118.32

DEBUG:root:Total error:3814

DEBUG:root:Match frame over 25:196

DEBUG:root:Matched frame error:82

DEBUG:root:Real time1486855118.52

DEBUG:root:Total error:3357

DEBUG:root:Match frame over 25:192

DEBUG:root:Matched frame error:90

DEBUG:root:Real time1486855118.72

DEBUG:root:Total error:3917

DEBUG:root:Match frame over 25:196

DEBUG:root:Matched frame error:90

DEBUG:root:Real time1486855118.92

DEBUG:root:Total error:4234

DEBUG:root:Match frame over 25:196

DEBUG:root:Matched frame error:90

DEBUG:root:Real time1486855119.12

DEBUG:root:Total error:4395

DEBUG:root:Match frame over 25:197

DEBUG:root:Matched frame error:96

DEBUG:root:Real time1486855119.32

DEBUG:root:Total error:4479

DEBUG:root:Match frame over 25:197

DEBUG:root:Matched frame error:97

DEBUG:root:Real time1486855119.53

DEBUG:root:Total error:4687

DEBUG:root:Match frame over 25:194

DEBUG:root:Matched frame error:97

DEBUG:root:Real time1486855119.73

DEBUG:root:Total error:4917

DEBUG:root:Match frame over 25:179

DEBUG:root:Matched frame error:91

DEBUG:root:Real time1486855119.93

DEBUG:root:Total error:5010

DEBUG:root:Match frame over 25:197

DEBUG:root:Matched frame error:89

DEBUG:root:Real time1486855120.13

DEBUG:root:Total error:5058

DEBUG:root:Match frame over 25:197

DEBUG:root:Matched frame error:86

DEBUG:root:Real time1486855120.33

DEBUG:root:Total error:5018

DEBUG:root:Match frame over 25:25

DEBUG:root:Matched frame error:79

DEBUG:root:Real time1486855120.53

DEBUG:root:Total error:4979

DEBUG:root:Match frame over 25:67

DEBUG:root:Matched frame error:78

DEBUG:root:Real time1486855120.73

DEBUG:root:Total error:4993

DEBUG:root:Match frame over 25:65

DEBUG:root:Matched frame error:85

DEBUG:root:Real time1486855120.93

DEBUG:root:Total error:5032

DEBUG:root:Match frame over 25:734

DEBUG:root:Matched frame error:82

DEBUG:root:Real time1486855121.13

DEBUG:root:Total error:5049

DEBUG:root:Match frame over 25:27

DEBUG:root:Matched frame error:62

DEBUG:root:Real time1486855121.33

DEBUG:root:Total error:5038

DEBUG:root:Match frame over 25:11

DEBUG:root:Matched frame error:70

DEBUG:root:Real time1486855121.54

DEBUG:root:Total error:4964

DEBUG:root:Match frame over 25:29

DEBUG:root:Matched frame error:67

DEBUG:root:Real time1486855121.74

DEBUG:root:Total error:4967

DEBUG:root:Match frame over 25:3

DEBUG:root:Matched frame error:82

DEBUG:root:Real time1486855121.94

DEBUG:root:Total error:4929

DEBUG:root:Match frame over 25:29

DEBUG:root:Matched frame error:82

DEBUG:root:Real time1486855122.14

DEBUG:root:Total error:4836

DEBUG:root:Match frame over 25:29

DEBUG:root:Matched frame error:81

DEBUG:root:Real time1486855122.34

DEBUG:root:Total error:4840

DEBUG:root:Match frame over 25:27

DEBUG:root:Matched frame error:76

DEBUG:root:Real time1486855122.54

DEBUG:root:Total error:4698

DEBUG:root:Match frame over 25:196

DEBUG:root:Matched frame error:64

DEBUG:root:Real time1486855122.74

DEBUG:root:Total error:4540

DEBUG:root:Match frame over 25:224

DEBUG:root:Matched frame error:89

DEBUG:root:Real time1486855122.94

DEBUG:root:Total error:4318

DEBUG:root:Match frame over 25:192

DEBUG:root:Matched frame error:89

DEBUG:root:Real time1486855123.14

DEBUG:root:Total error:4112

DEBUG:root:Match frame over 25:196

DEBUG:root:Matched frame error:79

DEBUG:root:Real time1486855123.34

DEBUG:root:Total error:3787

DEBUG:root:Match frame over 25:224

DEBUG:root:Matched frame error:77

DEBUG:root:Real time1486855123.54

DEBUG:root:Total error:3462

DEBUG:root:Match frame over 25:224

DEBUG:root:Matched frame error:82

DEBUG:root:Real time1486855123.74

DEBUG:root:Total error:3871

DEBUG:root:Match frame over 25:208

DEBUG:root:Matched frame error:92

DEBUG:root:Real time1486855123.94

DEBUG:root:Total error:4138

DEBUG:root:Match frame over 25:208

DEBUG:root:Matched frame error:88

DEBUG:root:Real time1486855124.14

DEBUG:root:Total error:4307

DEBUG:root:Match frame over 25:211

DEBUG:root:Matched frame error:89

DEBUG:root:Real time1486855124.34

DEBUG:root:Total error:4449

DEBUG:root:Match frame over 25:211

DEBUG:root:Matched frame error:96

DEBUG:root:Real time1486855124.55

DEBUG:root:Total error:4632

DEBUG:root:Match frame over 25:198

DEBUG:root:Matched frame error:92

DEBUG:root:Real time1486855124.75

DEBUG:root:Total error:4872

DEBUG:root:Match frame over 25:196

DEBUG:root:Matched frame error:71

DEBUG:root:Real time1486855124.95

DEBUG:root:Total error:4999

DEBUG:root:Match frame over 25:27

DEBUG:root:Matched frame error:77

DEBUG:root:Real time1486855125.15

DEBUG:root:Total error:4913

DEBUG:root:Match frame over 25:29

DEBUG:root:Matched frame error:87

DEBUG:root:Real time1486855125.35

DEBUG:root:Total error:4855

DEBUG:root:Match frame over 25:39

DEBUG:root:Matched frame error:85

DEBUG:root:Real time1486855125.55

DEBUG:root:Total error:4848

DEBUG:root:Match frame over 25:39

DEBUG:root:Matched frame error:89

DEBUG:root:Real time1486855125.75

DEBUG:root:Total error:4856

DEBUG:root:Match frame over 25:39

DEBUG:root:Matched frame error:84

DEBUG:root:Real time1486855125.95

DEBUG:root:Total error:4835

DEBUG:root:Match frame over 25:29

DEBUG:root:Matched frame error:78

DEBUG:root:Real time1486855126.15

DEBUG:root:Total error:4876

DEBUG:root:Match frame over 25:6

DEBUG:root:Matched frame error:100

DEBUG:root:Real time1486855126.35

DEBUG:root:Total error:4905

DEBUG:root:Match frame over 25:35

DEBUG:root:Matched frame error:92

DEBUG:root:Real time1486855126.55

DEBUG:root:Total error:4872

DEBUG:root:Match frame over 25:61

DEBUG:root:Matched frame error:93

DEBUG:root:Real time1486855126.75

DEBUG:root:Total error:4879

DEBUG:root:Match frame over 25:44

DEBUG:root:Matched frame error:78

DEBUG:root:Real time1486855126.95

DEBUG:root:Total error:4938

DEBUG:root:Match frame over 25:71

DEBUG:root:Matched frame error:97

DEBUG:root:Real time1486855127.15

DEBUG:root:Total error:4936

DEBUG:root:Match frame over 25:49

DEBUG:root:Matched frame error:100

DEBUG:root:Real time1486855127.36

DEBUG:root:Total error:4942

DEBUG:root:Match frame over 25:36

DEBUG:root:Matched frame error:72

DEBUG:root:Real time1486855127.56

DEBUG:root:Total error:4992

DEBUG:root:Match frame over 25:38

DEBUG:root:Matched frame error:101

DEBUG:root:Real time1486855127.76

DEBUG:root:Total error:4931

DEBUG:root:Match frame over 25:203

DEBUG:root:Matched frame error:90

DEBUG:root:Real time1486855127.96

DEBUG:root:Total error:4713

DEBUG:root:Match frame over 25:231

DEBUG:root:Matched frame error:85

DEBUG:root:Real time1486855128.16

DEBUG:root:Total error:4426

DEBUG:root:Match frame over 25:210

DEBUG:root:Matched frame error:72

DEBUG:root:Real time1486855128.36

DEBUG:root:Total error:3942

DEBUG:root:Match frame over 25:209

DEBUG:root:Matched frame error:74

DEBUG:root:Real time1486855128.56

DEBUG:root:Total error:3580

DEBUG:root:Match frame over 25:246

DEBUG:root:Matched frame error:78

DEBUG:root:Real time1486855128.76

DEBUG:root:Total error:4149

DEBUG:root:Match frame over 25:215

DEBUG:root:Matched frame error:82

DEBUG:root:Real time1486855128.96

DEBUG:root:Total error:4516

DEBUG:root:Match frame over 25:219

DEBUG:root:Matched frame error:80

DEBUG:root:Real time1486855129.16

DEBUG:root:Total error:4871

DEBUG:root:Match frame over 25:27

DEBUG:root:Matched frame error:93

DEBUG:root:Real time1486855129.36

DEBUG:root:Total error:4879

DEBUG:root:Match frame over 25:29

DEBUG:root:Matched frame error:106

DEBUG:root:Real time1486855129.56

DEBUG:root:Total error:4852

DEBUG:root:Match frame over 25:34

DEBUG:root:Matched frame error:75

DEBUG:root:Real time1486855129.76

DEBUG:root:Total error:4813

DEBUG:root:Match frame over 25:3

DEBUG:root:Matched frame error:84

DEBUG:root:Real time1486855129.96

DEBUG:root:Total error:4837

DEBUG:root:Match frame over 25:32

DEBUG:root:Matched frame error:96

DEBUG:root:Real time1486855130.16

DEBUG:root:Total error:4821

DEBUG:root:Match frame over 25:27

DEBUG:root:Matched frame error:82

DEBUG:root:Real time1486855130.37

DEBUG:root:Total error:4864

DEBUG:root:Match frame over 25:35

DEBUG:root:Matched frame error:90

DEBUG:root:Real time1486855130.57

DEBUG:root:Total error:4854

DEBUG:root:Match frame over 25:35

DEBUG:root:Matched frame error:88

DEBUG:root:Real time1486855130.77

DEBUG:root:Total error:4905

DEBUG:root:Match frame over 25:35

DEBUG:root:Matched frame error:91

DEBUG:root:Real time1486855130.97

DEBUG:root:Total error:4893

DEBUG:root:Match frame over 25:27

DEBUG:root:Matched frame error:90

DEBUG:root:Real time1486855131.17

DEBUG:root:Total error:4893

DEBUG:root:Match frame over 25:11

DEBUG:root:Matched frame error:73

DEBUG:root:Real time1486855131.37

DEBUG:root:Total error:4933

DEBUG:root:Match frame over 25:35

DEBUG:root:Matched frame error:92

DEBUG:root:Real time1486855131.57

DEBUG:root:Total error:4931

DEBUG:root:Match frame over 25:35

DEBUG:root:Matched frame error:89

DEBUG:root:Real time1486855131.77

DEBUG:root:Total error:5001

DEBUG:root:Match frame over 25:35

DEBUG:root:Matched frame error:90

DEBUG:root:Real time1486855131.97

DEBUG:root:Total error:5056

DEBUG:root:Match frame over 25:27

DEBUG:root:Matched frame error:90

DEBUG:root:Real time1486855132.17

DEBUG:root:Total error:5039

DEBUG:root:Match frame over 25:35

DEBUG:root:Matched frame error:98

DEBUG:root:Real time1486855132.37

DEBUG:root:Total error:5072

DEBUG:root:Match frame over 25:31

DEBUG:root:Matched frame error:100

DEBUG:root:Real time1486855132.57

DEBUG:root:Total error:4999

DEBUG:root:Match frame over 25:244

DEBUG:root:Matched frame error:86

DEBUG:root:Real time1486855132.77

DEBUG:root:Total error:4944

DEBUG:root:Match frame over 25:244

DEBUG:root:Matched frame error:83

DEBUG:root:Real time1486855132.97

DEBUG:root:Total error:4879

DEBUG:root:Match frame over 25:244

DEBUG:root:Matched frame error:83

DEBUG:root:Real time1486855133.17

DEBUG:root:Total error:4641

DEBUG:root:Match frame over 25:244

DEBUG:root:Matched frame error:83

DEBUG:root:Real time1486855133.37

DEBUG:root:Total error:4183

DEBUG:root:Match frame over 25:247

DEBUG:root:Matched frame error:78

DEBUG:root:Real time1486855133.58

DEBUG:root:Total error:3992

DEBUG:root:Match frame over 25:247

DEBUG:root:Matched frame error:80

DEBUG:root:Real time1486855133.78

DEBUG:root:Total error:4411

DEBUG:root:Match frame over 25:226

DEBUG:root:Matched frame error:88

DEBUG:root:Real time1486855133.98

DEBUG:root:Total error:4760

DEBUG:root:Match frame over 25:226

DEBUG:root:Matched frame error:82

DEBUG:root:Real time1486855134.18

DEBUG:root:Total error:4921

DEBUG:root:Match frame over 25:73

DEBUG:root:Matched frame error:95

DEBUG:root:Real time1486855134.38

DEBUG:root:Total error:4910

DEBUG:root:Match frame over 25:74

DEBUG:root:Matched frame error:90

DEBUG:root:Real time1486855134.58

DEBUG:root:Total error:4921

DEBUG:root:Match frame over 25:30

DEBUG:root:Matched frame error:89

DEBUG:root:Real time1486855134.78

DEBUG:root:Total error:4905

DEBUG:root:Match frame over 25:278

DEBUG:root:Matched frame error:97

DEBUG:root:Real time1486855134.98

DEBUG:root:Total error:4936

DEBUG:root:Match frame over 25:35

DEBUG:root:Matched frame error:86

DEBUG:root:Real time1486855135.18

DEBUG:root:Total error:4905

DEBUG:root:Match frame over 25:272

DEBUG:root:Matched frame error:94

DEBUG:root:Real time1486855135.38

DEBUG:root:Total error:4937

DEBUG:root:Match frame over 25:280

DEBUG:root:Matched frame error:94

DEBUG:root:Real time1486855135.58

DEBUG:root:Total error:4953

DEBUG:root:Match frame over 25:280

DEBUG:root:Matched frame error:88

DEBUG:root:Real time1486855135.78

DEBUG:root:Total error:5003

DEBUG:root:Match frame over 25:67

DEBUG:root:Matched frame error:112

DEBUG:root:Real time1486855135.98

DEBUG:root:Total error:4994

DEBUG:root:Match frame over 25:269

DEBUG:root:Matched frame error:66

DEBUG:root:Real time1486855136.18

DEBUG:root:Total error:4896

DEBUG:root:Match frame over 25:265

DEBUG:root:Matched frame error:71

DEBUG:root:Real time1486855136.38

DEBUG:root:Total error:4861

DEBUG:root:Match frame over 25:269

DEBUG:root:Matched frame error:69

DEBUG:root:Real time1486855136.58

DEBUG:root:Total error:4792

DEBUG:root:Match frame over 25:265

DEBUG:root:Matched frame error:68

DEBUG:root:Real time1486855136.78

DEBUG:root:Total error:4659

DEBUG:root:Match frame over 25:271

DEBUG:root:Matched frame error:65

DEBUG:root:Real time1486855136.99

DEBUG:root:Total error:4552

DEBUG:root:Match frame over 25:265

DEBUG:root:Matched frame error:64

DEBUG:root:Real time1486855137.19

DEBUG:root:Total error:4475

DEBUG:root:Match frame over 25:265

DEBUG:root:Matched frame error:63

DEBUG:root:Real time1486855137.39

DEBUG:root:Total error:4456

DEBUG:root:Match frame over 25:263

DEBUG:root:Matched frame error:90

DEBUG:root:Real time1486855137.59

DEBUG:root:Total error:4370

DEBUG:root:Match frame over 25:265

DEBUG:root:Matched frame error:64

DEBUG:root:Real time1486855137.79

DEBUG:root:Total error:4389

DEBUG:root:Match frame over 25:265

DEBUG:root:Matched frame error:65

DEBUG:root:Real time1486855137.99

DEBUG:root:Total error:4343

DEBUG:root:Match frame over 25:265

DEBUG:root:Matched frame error:66

DEBUG:root:Real time1486855138.19

DEBUG:root:Total error:4202

DEBUG:root:Match frame over 25:265

DEBUG:root:Matched frame error:68

DEBUG:root:Real time1486855138.39

DEBUG:root:Total error:3936

DEBUG:root:Match frame over 25:265

DEBUG:root:Matched frame error:65

DEBUG:root:Real time1486855138.59

DEBUG:root:Total error:3708

DEBUG:root:Match frame over 25:264

DEBUG:root:Matched frame error:80

DEBUG:root:Real time1486855138.79

DEBUG:root:Total error:3901

DEBUG:root:Match frame over 25:264

DEBUG:root:Matched frame error:79

DEBUG:root:Real time1486855138.99

DEBUG:root:Total error:4215

DEBUG:root:Match frame over 25:283

DEBUG:root:Matched frame error:84

DEBUG:root:Real time1486855139.19

DEBUG:root:Total error:4371

DEBUG:root:Match frame over 25:281

DEBUG:root:Matched frame error:99

DEBUG:root:Under real time Point counter:0.207981109619

DEBUG:root:Total error:4439

DEBUG:root:Match frame over 25:262

DEBUG:root:Matched frame error:92

DEBUG:root:Real time1486855139.6

DEBUG:root:Total error:4487

DEBUG:root:Match frame over 25:269

DEBUG:root:Matched frame error:95

DEBUG:root:Real time1486855139.81

DEBUG:root:Total error:4546

DEBUG:root:Match frame over 25:263

DEBUG:root:Matched frame error:95

DEBUG:root:Real time1486855140.01

DEBUG:root:Total error:4542

DEBUG:root:Match frame over 25:256

DEBUG:root:Matched frame error:103

DEBUG:root:Real time1486855140.21

DEBUG:root:Total error:4537

DEBUG:root:Match frame over 25:285

DEBUG:root:Matched frame error:89

DEBUG:root:Real time1486855140.41

DEBUG:root:Total error:4582

DEBUG:root:Match frame over 25:268

DEBUG:root:Matched frame error:74

DEBUG:root:Real time1486855140.61

DEBUG:root:Total error:4685

DEBUG:root:Match frame over 25:276

DEBUG:root:Matched frame error:81

DEBUG:root:Real time1486855140.81

DEBUG:root:Total error:4786

DEBUG:root:Match frame over 25:269

DEBUG:root:Matched frame error:80

DEBUG:root:Real time1486855141.01

DEBUG:root:Total error:4885

DEBUG:root:Match frame over 25:272

DEBUG:root:Matched frame error:79

DEBUG:root:Real time1486855141.21

DEBUG:root:Total error:4931

DEBUG:root:Match frame over 25:255

DEBUG:root:Matched frame error:83

DEBUG:root:Real time1486855141.41

DEBUG:root:Total error:4943

DEBUG:root:Match frame over 25:254

DEBUG:root:Matched frame error:85

DEBUG:root:Real time1486855141.61

DEBUG:root:Total error:4947

DEBUG:root:Match frame over 25:852

DEBUG:root:Matched frame error:88

DEBUG:root:Real time1486855141.82

DEBUG:root:Total error:4899

DEBUG:root:Match frame over 25:279

DEBUG:root:Matched frame error:78

DEBUG:root:Real time1486855142.02

DEBUG:root:Total error:4945

DEBUG:root:Match frame over 25:851

DEBUG:root:Matched frame error:80

DEBUG:root:Real time1486855142.22

DEBUG:root:Total error:4804

DEBUG:root:Match frame over 25:292

DEBUG:root:Matched frame error:71

DEBUG:root:Real time1486855142.42

DEBUG:root:Total error:4797

DEBUG:root:Match frame over 25:275

DEBUG:root:Matched frame error:83

DEBUG:root:Real time1486855142.62

DEBUG:root:Total error:4736

DEBUG:root:Match frame over 25:324

DEBUG:root:Matched frame error:90

DEBUG:root:Real time1486855142.82

DEBUG:root:Total error:4632

DEBUG:root:Match frame over 25:276

DEBUG:root:Matched frame error:90

DEBUG:root:Real time1486855143.02

DEBUG:root:Total error:4471

DEBUG:root:Match frame over 25:291

DEBUG:root:Matched frame error:93

DEBUG:root:Real time1486855143.22

DEBUG:root:Total error:4447

DEBUG:root:Match frame over 25:292

DEBUG:root:Matched frame error:82

DEBUG:root:Real time1486855143.42

DEBUG:root:Total error:4062

DEBUG:root:Match frame over 25:276

DEBUG:root:Matched frame error:92

DEBUG:root:Real time1486855143.62

DEBUG:root:Total error:3604

DEBUG:root:Match frame over 25:309

DEBUG:root:Matched frame error:84

DEBUG:root:Real time1486855143.82

DEBUG:root:Total error:4213

DEBUG:root:Match frame over 25:275

DEBUG:root:Matched frame error:80

DEBUG:root:Real time1486855144.02

DEBUG:root:Total error:4443

DEBUG:root:Match frame over 25:277

DEBUG:root:Matched frame error:77

DEBUG:root:Real time1486855144.23

DEBUG:root:Real time1486855144.43

DEBUG:root:Real time1486855144.63

DEBUG:root:Real time1486855144.83

DEBUG:root:Total error:4586

DEBUG:root:Match frame over 25:277

DEBUG:root:Matched frame error:82

DEBUG:root:Real time1486855145.03

DEBUG:root:Total error:4753

DEBUG:root:Match frame over 25:277

DEBUG:root:Matched frame error:76

DEBUG:root:Real time1486855145.23

DEBUG:root:Real time1486855145.43

DEBUG:root:Total error:4716

DEBUG:root:Match frame over 25:277

DEBUG:root:Matched frame error:78

DEBUG:root:Real time1486855145.63

DEBUG:root:Total error:4742

DEBUG:root:Match frame over 25:277

DEBUG:root:Matched frame error:79

DEBUG:root:Real time1486855145.83

DEBUG:root:Total error:4844

DEBUG:root:Match frame over 25:279

DEBUG:root:Matched frame error:88

DEBUG:root:Real time1486855146.03

DEBUG:root:Real time1486855146.24

DEBUG:root:Total error:4868

DEBUG:root:Match frame over 25:34

DEBUG:root:Matched frame error:75

DEBUG:root:Real time1486855146.44

DEBUG:root:Total error:4851

DEBUG:root:Match frame over 25:30

DEBUG:root:Matched frame error:73

DEBUG:root:Real time1486855146.64

DEBUG:root:Total error:4881

DEBUG:root:Match frame over 25:34

DEBUG:root:Matched frame error:90

DEBUG:root:Real time1486855146.84

DEBUG:root:Total error:4873

DEBUG:root:Match frame over 25:71

DEBUG:root:Matched frame error:86

DEBUG:root:Real time1486855147.04

DEBUG:root:Total error:4883

DEBUG:root:Match frame over 25:65

DEBUG:root:Matched frame error:99

DEBUG:root:Real time1486855147.24

DEBUG:root:Total error:4906

DEBUG:root:Match frame over 25:70

DEBUG:root:Matched frame error:101

DEBUG:root:Real time1486855147.44

DEBUG:root:Total error:4928

DEBUG:root:Match frame over 25:35

DEBUG:root:Matched frame error:95

DEBUG:root:Real time1486855147.64

DEBUG:root:Total error:4969

DEBUG:root:Match frame over 25:63

DEBUG:root:Matched frame error:104

DEBUG:root:Real time1486855147.84

DEBUG:root:Total error:5017

DEBUG:root:Match frame over 25:63

DEBUG:root:Matched frame error:84

DEBUG:root:Real time1486855148.04

DEBUG:root:Total error:5022

DEBUG:root:Match frame over 25:71

DEBUG:root:Matched frame error:73

DEBUG:root:Real time1486855148.24

DEBUG:root:Total error:5091

DEBUG:root:Match frame over 25:71

DEBUG:root:Matched frame error:66

DEBUG:root:Real time1486855148.44

DEBUG:root:Total error:5067

DEBUG:root:Match frame over 25:71

DEBUG:root:Matched frame error:70

DEBUG:root:Real time1486855148.64

DEBUG:root:Total error:5097

DEBUG:root:Match frame over 25:11

DEBUG:root:Matched frame error:70

DEBUG:root:Real time1486855148.84

DEBUG:root:Total error:5065

DEBUG:root:Match frame over 25:344

DEBUG:root:Matched frame error:61

DEBUG:root:Real time1486855149.04

DEBUG:root:Total error:4945

DEBUG:root:Match frame over 25:300

DEBUG:root:Matched frame error:64

DEBUG:root:Real time1486855149.24

DEBUG:root:Total error:4894

DEBUG:root:Match frame over 25:306

DEBUG:root:Matched frame error:63

DEBUG:root:Real time1486855149.45

DEBUG:root:Total error:4518

DEBUG:root:Match frame over 25:306

DEBUG:root:Matched frame error:65

DEBUG:root:Real time1486855149.65

DEBUG:root:Total error:4144

DEBUG:root:Match frame over 25:304

DEBUG:root:Matched frame error:86

DEBUG:root:Real time1486855149.85

DEBUG:root:Total error:4533

DEBUG:root:Match frame over 25:307

DEBUG:root:Matched frame error:75

DEBUG:root:Real time1486855150.05

DEBUG:root:Total error:4480

DEBUG:root:Match frame over 25:345

DEBUG:root:Matched frame error:93

DEBUG:root:Real time1486855150.25

DEBUG:root:Total error:4739

DEBUG:root:Match frame over 25:341

DEBUG:root:Matched frame error:86

DEBUG:root:Real time1486855150.45

DEBUG:root:Total error:4923

DEBUG:root:Match frame over 25:288

DEBUG:root:Matched frame error:77

DEBUG:root:Real time1486855150.65

DEBUG:root:Total error:4918

DEBUG:root:Match frame over 25:268

DEBUG:root:Matched frame error:101

DEBUG:root:Real time1486855150.85

DEBUG:root:Total error:4927

DEBUG:root:Match frame over 25:115

DEBUG:root:Matched frame error:92

DEBUG:root:Real time1486855151.05

DEBUG:root:Total error:4937

DEBUG:root:Match frame over 25:100

DEBUG:root:Matched frame error:118

DEBUG:root:Real time1486855151.25

DEBUG:root:Total error:4943

DEBUG:root:Match frame over 25:110

DEBUG:root:Matched frame error:103

DEBUG:root:Real time1486855151.45

DEBUG:root:Total error:4984

DEBUG:root:Match frame over 25:144

DEBUG:root:Matched frame error:105

DEBUG:root:Real time1486855151.65

DEBUG:root:Total error:5026

DEBUG:root:Match frame over 25:144

DEBUG:root:Matched frame error:96

DEBUG:root:Real time1486855151.85

DEBUG:root:Total error:5077

DEBUG:root:Match frame over 25:85

DEBUG:root:Matched frame error:103

DEBUG:root:Real time1486855152.05

DEBUG:root:Total error:5061

DEBUG:root:Match frame over 25:50

DEBUG:root:Matched frame error:102

DEBUG:root:Real time1486855152.25

DEBUG:root:Total error:5113

DEBUG:root:Match frame over 25:853

DEBUG:root:Matched frame error:82

DEBUG:root:Real time1486855152.45

DEBUG:root:Total error:5087

DEBUG:root:Match frame over 25:65

DEBUG:root:Matched frame error:89

DEBUG:root:Real time1486855152.65

DEBUG:root:Total error:5061

DEBUG:root:Match frame over 25:165

DEBUG:root:Matched frame error:90

DEBUG:root:Real time1486855152.85

DEBUG:root:Total error:5134

DEBUG:root:Match frame over 25:59

DEBUG:root:Matched frame error:93

DEBUG:root:Real time1486855153.05

DEBUG:root:Total error:5097

DEBUG:root:Match frame over 25:27

DEBUG:root:Matched frame error:99

DEBUG:root:Real time1486855153.26

DEBUG:root:Total error:5083

DEBUG:root:Match frame over 25:70

DEBUG:root:Matched frame error:102

DEBUG:root:Real time1486855153.46

DEBUG:root:Total error:5122

DEBUG:root:Match frame over 25:55

DEBUG:root:Matched frame error:98

DEBUG:root:Real time1486855153.66

DEBUG:root:Total error:5028

DEBUG:root:Match frame over 25:36

DEBUG:root:Matched frame error:95

DEBUG:root:Real time1486855153.86

DEBUG:root:Total error:5067

DEBUG:root:Match frame over 25:65

DEBUG:root:Matched frame error:70

DEBUG:root:Real time1486855154.06

DEBUG:root:Total error:5046

DEBUG:root:Match frame over 25:63

DEBUG:root:Matched frame error:97

DEBUG:root:Real time1486855154.26

DEBUG:root:Total error:4970

DEBUG:root:Match frame over 25:38

DEBUG:root:Matched frame error:81

DEBUG:root:Real time1486855154.46

DEBUG:root:Total error:4881

DEBUG:root:Match frame over 25:340

DEBUG:root:Matched frame error:76

DEBUG:root:Real time1486855154.66

DEBUG:root:Total error:4694

DEBUG:root:Match frame over 25:340

DEBUG:root:Matched frame error:85

DEBUG:root:Real time1486855154.86

DEBUG:root:Total error:4360

DEBUG:root:Match frame over 25:341

DEBUG:root:Matched frame error:83

DEBUG:root:Real time1486855155.06

DEBUG:root:Total error:4275

DEBUG:root:Match frame over 25:368

DEBUG:root:Matched frame error:83

DEBUG:root:Real time1486855155.26

DEBUG:root:Total error:4816

DEBUG:root:Match frame over 25:325

DEBUG:root:Matched frame error:81

DEBUG:root:Real time1486855155.46

DEBUG:root:Total error:4952

DEBUG:root:Match frame over 25:370

DEBUG:root:Matched frame error:76

DEBUG:root:Real time1486855155.66

DEBUG:root:Total error:5010

DEBUG:root:Match frame over 25:275

DEBUG:root:Matched frame error:70

DEBUG:root:Real time1486855155.86

DEBUG:root:Total error:5011

DEBUG:root:Match frame over 25:275

DEBUG:root:Matched frame error:78

DEBUG:root:Real time1486855156.07

DEBUG:root:Total error:5047

DEBUG:root:Match frame over 25:275

DEBUG:root:Matched frame error:80

DEBUG:root:Real time1486855156.27

DEBUG:root:Total error:5105

DEBUG:root:Match frame over 25:275

DEBUG:root:Matched frame error:81

DEBUG:root:Real time1486855156.47

DEBUG:root:Total error:5016

DEBUG:root:Match frame over 25:782

DEBUG:root:Matched frame error:82

DEBUG:root:Real time1486855156.67

DEBUG:root:Total error:5028

DEBUG:root:Match frame over 25:36

DEBUG:root:Matched frame error:69

DEBUG:root:Real time1486855156.87

DEBUG:root:Total error:4999

DEBUG:root:Match frame over 25:817

DEBUG:root:Matched frame error:75

DEBUG:root:Real time1486855157.07

DEBUG:root:Total error:4979

DEBUG:root:Match frame over 25:11

DEBUG:root:Matched frame error:80

DEBUG:root:Real time1486855157.27

DEBUG:root:Total error:4958

DEBUG:root:Match frame over 25:10

DEBUG:root:Matched frame error:91

DEBUG:root:Real time1486855157.47

DEBUG:root:Total error:4965

DEBUG:root:Match frame over 25:10

DEBUG:root:Matched frame error:64

DEBUG:root:Real time1486855157.67

DEBUG:root:Total error:4950

DEBUG:root:Match frame over 25:22

DEBUG:root:Matched frame error:76

DEBUG:root:Real time1486855157.87

DEBUG:root:Total error:4906

DEBUG:root:Match frame over 25:35

DEBUG:root:Matched frame error:87

DEBUG:root:Real time1486855158.07

DEBUG:root:Total error:4977

DEBUG:root:Match frame over 25:47

DEBUG:root:Matched frame error:111

DEBUG:root:Real time1486855158.27

DEBUG:root:Total error:5044

DEBUG:root:Match frame over 25:12

DEBUG:root:Matched frame error:109

DEBUG:root:Real time1486855158.47

DEBUG:root:Total error:5029

DEBUG:root:Match frame over 25:29

DEBUG:root:Matched frame error:103

DEBUG:root:Real time1486855158.67

DEBUG:root:Total error:4996

DEBUG:root:Match frame over 25:35

DEBUG:root:Matched frame error:115

DEBUG:root:Real time1486855158.87

DEBUG:root:Total error:5094

DEBUG:root:Match frame over 25:29

DEBUG:root:Matched frame error:114

DEBUG:root:Real time1486855159.07

DEBUG:root:Total error:5141

DEBUG:root:Match frame over 25:34

DEBUG:root:Matched frame error:101

DEBUG:root:Real time1486855159.27

DEBUG:root:Total error:5082

DEBUG:root:Match frame over 25:365

DEBUG:root:Matched frame error:85

DEBUG:root:Real time1486855159.47

DEBUG:root:Total error:4941

DEBUG:root:Match frame over 25:386

DEBUG:root:Matched frame error:81

DEBUG:root:Real time1486855159.67

DEBUG:root:Total error:4841

DEBUG:root:Match frame over 25:367

DEBUG:root:Matched frame error:84

DEBUG:root:Real time1486855159.87

DEBUG:root:Total error:4492

DEBUG:root:Match frame over 25:386

DEBUG:root:Matched frame error:76

DEBUG:root:Real time1486855160.08

DEBUG:root:Total error:4478

DEBUG:root:Match frame over 25:386

DEBUG:root:Matched frame error:84

DEBUG:root:Real time1486855160.28

DEBUG:root:Total error:4598

DEBUG:root:Match frame over 25:351

DEBUG:root:Matched frame error:79

DEBUG:root:Real time1486855160.48

DEBUG:root:Total error:4514

DEBUG:root:Match frame over 25:390

DEBUG:root:Matched frame error:77

DEBUG:root:Real time1486855160.68

DEBUG:root:Total error:4698

DEBUG:root:Match frame over 25:386

DEBUG:root:Matched frame error:89

DEBUG:root:Real time1486855160.88

DEBUG:root:Total error:4741

DEBUG:root:Match frame over 25:364

DEBUG:root:Matched frame error:60

DEBUG:root:Real time1486855161.08

DEBUG:root:Total error:4907

DEBUG:root:Match frame over 25:387

DEBUG:root:Matched frame error:81

DEBUG:root:Real time1486855161.28

DEBUG:root:Total error:4899

DEBUG:root:Match frame over 25:67

DEBUG:root:Matched frame error:99

DEBUG:root:Real time1486855161.48

DEBUG:root:Total error:4909

DEBUG:root:Match frame over 25:805

DEBUG:root:Matched frame error:79

DEBUG:root:Real time1486855161.68

DEBUG:root:Total error:4866

DEBUG:root:Match frame over 25:825

DEBUG:root:Matched frame error:86

DEBUG:root:Real time1486855161.88

DEBUG:root:Total error:4940

DEBUG:root:Match frame over 25:65

DEBUG:root:Matched frame error:93

DEBUG:root:Real time1486855162.08

DEBUG:root:Total error:4917

DEBUG:root:Match frame over 25:828

DEBUG:root:Matched frame error:72

DEBUG:root:Real time1486855162.28

DEBUG:root:Total error:4947

DEBUG:root:Match frame over 25:800

DEBUG:root:Matched frame error:109

DEBUG:root:Real time1486855162.48

DEBUG:root:Total error:5008

DEBUG:root:Match frame over 25:831

DEBUG:root:Matched frame error:93

DEBUG:root:Real time1486855162.68

DEBUG:root:Total error:5058

DEBUG:root:Match frame over 25:65

DEBUG:root:Matched frame error:88

DEBUG:root:Real time1486855162.88

DEBUG:root:Total error:5063

DEBUG:root:Match frame over 25:31

DEBUG:root:Matched frame error:86

DEBUG:root:Real time1486855163.08

DEBUG:root:Total error:5055

DEBUG:root:Match frame over 25:816

DEBUG:root:Matched frame error:86

DEBUG:root:Real time1486855163.28

DEBUG:root:Total error:5112

DEBUG:root:Match frame over 25:65

DEBUG:root:Matched frame error:78

DEBUG:root:Real time1486855163.48

DEBUG:root:Total error:5129

DEBUG:root:Match frame over 25:65

DEBUG:root:Matched frame error:90

DEBUG:root:Real time1486855163.69

DEBUG:root:Total error:5103

DEBUG:root:Match frame over 25:65

DEBUG:root:Matched frame error:81

DEBUG:root:Real time1486855163.89

DEBUG:root:Total error:5085

DEBUG:root:Match frame over 25:65

DEBUG:root:Matched frame error:112

DEBUG:root:Real time1486855164.09

DEBUG:root:Total error:5063

DEBUG:root:Match frame over 25:65

DEBUG:root:Matched frame error:65

DEBUG:root:Real time1486855164.29

DEBUG:root:Total error:5101

DEBUG:root:Match frame over 25:67

DEBUG:root:Matched frame error:74

DEBUG:root:Real time1486855164.49

DEBUG:root:Total error:4982

DEBUG:root:Match frame over 25:67

DEBUG:root:Matched frame error:78

DEBUG:root:Real time1486855164.69

DEBUG:root:Total error:4862

DEBUG:root:Match frame over 25:382

DEBUG:root:Matched frame error:93

DEBUG:root:Real time1486855164.89

DEBUG:root:Total error:4717

DEBUG:root:Match frame over 25:393

DEBUG:root:Matched frame error:72

DEBUG:root:Real time1486855165.09

DEBUG:root:Total error:4596

DEBUG:root:Match frame over 25:398

DEBUG:root:Matched frame error:86

DEBUG:root:Real time1486855165.29

DEBUG:root:Total error:4191

DEBUG:root:Match frame over 25:397

DEBUG:root:Matched frame error:85

DEBUG:root:Real time1486855165.49

DEBUG:root:Total error:3951

DEBUG:root:Match frame over 25:393

DEBUG:root:Matched frame error:81

DEBUG:root:Real time1486855165.69

DEBUG:root:Total error:4526

DEBUG:root:Match frame over 25:393

DEBUG:root:Matched frame error:76

DEBUG:root:Real time1486855165.89

DEBUG:root:Total error:4636

DEBUG:root:Match frame over 25:393

DEBUG:root:Matched frame error:75

DEBUG:root:Real time1486855166.09

DEBUG:root:Total error:4781

DEBUG:root:Match frame over 25:393

DEBUG:root:Matched frame error:82

DEBUG:root:Real time1486855166.29

DEBUG:root:Total error:4989

DEBUG:root:Match frame over 25:424

DEBUG:root:Matched frame error:87

DEBUG:root:Real time1486855166.49

DEBUG:root:Total error:5012

DEBUG:root:Match frame over 25:407

DEBUG:root:Matched frame error:90

DEBUG:root:Real time1486855166.69

DEBUG:root:Total error:5065

DEBUG:root:Match frame over 25:265

DEBUG:root:Matched frame error:73

DEBUG:root:Real time1486855166.89

DEBUG:root:Total error:5039

DEBUG:root:Match frame over 25:265

DEBUG:root:Matched frame error:75

DEBUG:root:Real time1486855167.1

DEBUG:root:Total error:4960

DEBUG:root:Match frame over 25:271

DEBUG:root:Matched frame error:73

DEBUG:root:Real time1486855167.3

DEBUG:root:Total error:4954

DEBUG:root:Match frame over 25:271

DEBUG:root:Matched frame error:75

DEBUG:root:Real time1486855167.5

DEBUG:root:Total error:4978

DEBUG:root:Match frame over 25:271

DEBUG:root:Matched frame error:74

DEBUG:root:Real time1486855167.7

DEBUG:root:Total error:4965

DEBUG:root:Match frame over 25:271

DEBUG:root:Matched frame error:71

DEBUG:root:Real time1486855167.9

DEBUG:root:Total error:4952

DEBUG:root:Match frame over 25:271

DEBUG:root:Matched frame error:74

DEBUG:root:Real time1486855168.1

DEBUG:root:Total error:5010

DEBUG:root:Match frame over 25:271

DEBUG:root:Matched frame error:71

DEBUG:root:Real time1486855168.3

DEBUG:root:Total error:5013

DEBUG:root:Match frame over 25:283

DEBUG:root:Matched frame error:84

DEBUG:root:Real time1486855168.5

DEBUG:root:Total error:5031

DEBUG:root:Match frame over 25:283

DEBUG:root:Matched frame error:79

DEBUG:root:Real time1486855168.7

DEBUG:root:Total error:5055

DEBUG:root:Match frame over 25:287

DEBUG:root:Matched frame error:90

DEBUG:root:Real time1486855168.9

DEBUG:root:Total error:5078

DEBUG:root:Match frame over 25:296

DEBUG:root:Matched frame error:92

DEBUG:root:Real time1486855169.1

DEBUG:root:Total error:5089

DEBUG:root:Match frame over 25:277

DEBUG:root:Matched frame error:100

DEBUG:root:Real time1486855169.3

DEBUG:root:Total error:5113

DEBUG:root:Match frame over 25:949

DEBUG:root:Matched frame error:94

DEBUG:root:Real time1486855169.5

DEBUG:root:Total error:5112

DEBUG:root:Match frame over 25:949

DEBUG:root:Matched frame error:97

DEBUG:root:Real time1486855169.71

DEBUG:root:Total error:5027

DEBUG:root:Match frame over 25:436

DEBUG:root:Matched frame error:89

DEBUG:root:Real time1486855169.91

DEBUG:root:Total error:4896

DEBUG:root:Match frame over 25:442

DEBUG:root:Matched frame error:81

DEBUG:root:Real time1486855170.11

DEBUG:root:Total error:4697

DEBUG:root:Match frame over 25:442

DEBUG:root:Matched frame error:71

DEBUG:root:Real time1486855170.31

DEBUG:root:Total error:4339

DEBUG:root:Match frame over 25:442

DEBUG:root:Matched frame error:72

DEBUG:root:Real time1486855170.51

DEBUG:root:Total error:4254

DEBUG:root:Match frame over 25:412

DEBUG:root:Matched frame error:78

DEBUG:root:Real time1486855170.71

DEBUG:root:Total error:4806

DEBUG:root:Match frame over 25:426

DEBUG:root:Matched frame error:84

DEBUG:root:Real time1486855170.91

DEBUG:root:Total error:4964

DEBUG:root:Match frame over 25:430

DEBUG:root:Matched frame error:86

DEBUG:root:Real time1486855171.11

DEBUG:root:Total error:4991

DEBUG:root:Match frame over 25:442

DEBUG:root:Matched frame error:92

DEBUG:root:Real time1486855171.31

DEBUG:root:Total error:5129

DEBUG:root:Match frame over 25:444

DEBUG:root:Matched frame error:91

DEBUG:root:Real time1486855171.51

DEBUG:root:Total error:5121

DEBUG:root:Match frame over 25:444

DEBUG:root:Matched frame error:93

DEBUG:root:Real time1486855171.71

DEBUG:root:Total error:5228

DEBUG:root:Match frame over 25:429

DEBUG:root:Matched frame error:90

DEBUG:root:Real time1486855171.91

DEBUG:root:Total error:5231

DEBUG:root:Match frame over 25:824

DEBUG:root:Matched frame error:89

DEBUG:root:Real time1486855172.12

DEBUG:root:Total error:5250

DEBUG:root:Match frame over 25:226

DEBUG:root:Matched frame error:77

DEBUG:root:Real time1486855172.32

DEBUG:root:Total error:5217

DEBUG:root:Match frame over 25:308

DEBUG:root:Matched frame error:92

DEBUG:root:Real time1486855172.52

DEBUG:root:Total error:5110

DEBUG:root:Match frame over 25:297

DEBUG:root:Matched frame error:91

DEBUG:root:Real time1486855172.72

DEBUG:root:Total error:5190

DEBUG:root:Match frame over 25:299

DEBUG:root:Matched frame error:90

DEBUG:root:Real time1486855172.92

DEBUG:root:Total error:5147

DEBUG:root:Match frame over 25:807

DEBUG:root:Matched frame error:91

DEBUG:root:Real time1486855173.12

DEBUG:root:Total error:5193

DEBUG:root:Match frame over 25:806

DEBUG:root:Matched frame error:94

DEBUG:root:Real time1486855173.32

DEBUG:root:Total error:5229

DEBUG:root:Match frame over 25:299

DEBUG:root:Matched frame error:95

DEBUG:root:Real time1486855173.52

DEBUG:root:Total error:5212

DEBUG:root:Match frame over 25:1251

DEBUG:root:Matched frame error:102

DEBUG:root:Real time1486855173.72

DEBUG:root:Total error:5185

DEBUG:root:Match frame over 25:1261

DEBUG:root:Matched frame error:81

DEBUG:root:Real time1486855173.92

DEBUG:root:Total error:5153

DEBUG:root:Match frame over 25:941

DEBUG:root:Matched frame error:63

DEBUG:root:Real time1486855174.12

DEBUG:root:Total error:5131

DEBUG:root:Match frame over 25:952

DEBUG:root:Matched frame error:62

DEBUG:root:Real time1486855174.33

DEBUG:root:Total error:5155

DEBUG:root:Match frame over 25:966

DEBUG:root:Matched frame error:106

DEBUG:root:Real time1486855174.53

DEBUG:root:Total error:5028

DEBUG:root:Match frame over 25:434

DEBUG:root:Matched frame error:95

DEBUG:root:Real time1486855174.73

DEBUG:root:Total error:4932

DEBUG:root:Match frame over 25:433

DEBUG:root:Matched frame error:97

DEBUG:root:Real time1486855174.93

DEBUG:root:Total error:4831

DEBUG:root:Match frame over 25:432

DEBUG:root:Matched frame error:93

DEBUG:root:Real time1486855175.13

DEBUG:root:Total error:4702

DEBUG:root:Match frame over 25:432

DEBUG:root:Matched frame error:101

DEBUG:root:Real time1486855175.33

DEBUG:root:Total error:4322

DEBUG:root:Match frame over 25:470

DEBUG:root:Matched frame error:88

DEBUG:root:Real time1486855175.53

DEBUG:root:Total error:4224

DEBUG:root:Match frame over 25:442

DEBUG:root:Matched frame error:87

DEBUG:root:Real time1486855175.73

DEBUG:root:Total error:4830

DEBUG:root:Match frame over 25:440

DEBUG:root:Matched frame error:76

DEBUG:root:Real time1486855175.93

DEBUG:root:Total error:5012

DEBUG:root:Match frame over 25:440

DEBUG:root:Matched frame error:77

DEBUG:root:Real time1486855176.13

DEBUG:root:Total error:5108

DEBUG:root:Match frame over 25:463

DEBUG:root:Matched frame error:79

DEBUG:root:Real time1486855176.33

DEBUG:root:Total error:5195

DEBUG:root:Match frame over 25:474

DEBUG:root:Matched frame error:87

DEBUG:root:Real time1486855176.53

DEBUG:root:Total error:5156

DEBUG:root:Match frame over 25:437

DEBUG:root:Matched frame error:89

DEBUG:root:Real time1486855176.73

DEBUG:root:Total error:5304

DEBUG:root:Match frame over 25:1127

DEBUG:root:Matched frame error:99

DEBUG:root:Real time1486855176.93

DEBUG:root:Total error:5333

DEBUG:root:Match frame over 25:1129

DEBUG:root:Matched frame error:90

DEBUG:root:Real time1486855177.13

DEBUG:root:Total error:5308

DEBUG:root:Match frame over 25:440

DEBUG:root:Matched frame error:78

DEBUG:root:Real time1486855177.33

DEBUG:root:Total error:5337

DEBUG:root:Match frame over 25:1220

DEBUG:root:Matched frame error:110

DEBUG:root:Real time1486855177.53

DEBUG:root:Total error:5334

DEBUG:root:Match frame over 25:1150

DEBUG:root:Matched frame error:103

DEBUG:root:Real time1486855177.73

DEBUG:root:Total error:5327

DEBUG:root:Match frame over 25:1154

DEBUG:root:Matched frame error:98

DEBUG:root:Real time1486855177.93

DEBUG:root:Total error:5290

DEBUG:root:Match frame over 25:1214

DEBUG:root:Matched frame error:86

DEBUG:root:Real time1486855178.13

DEBUG:root:Total error:5270

DEBUG:root:Match frame over 25:443

DEBUG:root:Matched frame error:89

DEBUG:root:Real time1486855178.34

DEBUG:root:Total error:5326

DEBUG:root:Match frame over 25:1150

DEBUG:root:Matched frame error:113

DEBUG:root:Real time1486855178.54

DEBUG:root:Total error:5262

DEBUG:root:Match frame over 25:805

DEBUG:root:Matched frame error:87

DEBUG:root:Real time1486855178.74

DEBUG:root:Total error:5268

DEBUG:root:Match frame over 25:462

DEBUG:root:Matched frame error:76

DEBUG:root:Real time1486855178.94

DEBUG:root:Total error:5223

DEBUG:root:Match frame over 25:496

DEBUG:root:Matched frame error:88

DEBUG:root:Real time1486855179.14

DEBUG:root:Total error:5202

DEBUG:root:Match frame over 25:493

DEBUG:root:Matched frame error:80

DEBUG:root:Real time1486855179.34

DEBUG:root:Total error:5101

DEBUG:root:Match frame over 25:493

DEBUG:root:Matched frame error:96

DEBUG:root:Real time1486855179.54

DEBUG:root:Total error:4860

DEBUG:root:Match frame over 25:496

DEBUG:root:Matched frame error:88

DEBUG:root:Real time1486855179.74

DEBUG:root:Total error:4856

DEBUG:root:Match frame over 25:453

DEBUG:root:Matched frame error:88

DEBUG:root:Real time1486855179.94

DEBUG:root:Total error:4873

DEBUG:root:Match frame over 25:458

DEBUG:root:Matched frame error:82

DEBUG:root:Real time1486855180.14

DEBUG:root:Total error:4646

DEBUG:root:Match frame over 25:455

DEBUG:root:Matched frame error:90

DEBUG:root:Real time1486855180.34

DEBUG:root:Total error:4234

DEBUG:root:Match frame over 25:455

DEBUG:root:Matched frame error:86

DEBUG:root:Real time1486855180.54

DEBUG:root:Total error:4088

DEBUG:root:Match frame over 25:455

DEBUG:root:Matched frame error:88

DEBUG:root:Real time1486855180.74

DEBUG:root:Total error:4529

DEBUG:root:Match frame over 25:455

DEBUG:root:Matched frame error:84

DEBUG:root:Real time1486855180.94

DEBUG:root:Total error:4814

DEBUG:root:Match frame over 25:455

DEBUG:root:Matched frame error:87

DEBUG:root:Real time1486855181.15

DEBUG:root:Total error:4916

DEBUG:root:Match frame over 25:455

DEBUG:root:Matched frame error:92

DEBUG:root:Real time1486855181.35

DEBUG:root:Total error:4933

DEBUG:root:Match frame over 25:455

DEBUG:root:Matched frame error:87

DEBUG:root:Real time1486855181.55

DEBUG:root:Total error:4930

DEBUG:root:Match frame over 25:455

DEBUG:root:Matched frame error:95

DEBUG:root:Real time1486855181.75

DEBUG:root:Total error:5092

DEBUG:root:Match frame over 25:477

DEBUG:root:Matched frame error:91

DEBUG:root:Real time1486855181.95

DEBUG:root:Total error:5097

DEBUG:root:Match frame over 25:455

DEBUG:root:Matched frame error:87

DEBUG:root:Real time1486855182.15

DEBUG:root:Total error:5137

DEBUG:root:Match frame over 25:455

DEBUG:root:Matched frame error:85

DEBUG:root:Real time1486855182.35

DEBUG:root:Total error:5133

DEBUG:root:Match frame over 25:524

DEBUG:root:Matched frame error:69

DEBUG:root:Real time1486855182.55

DEBUG:root:Total error:5079

DEBUG:root:Match frame over 25:524

DEBUG:root:Matched frame error:69

DEBUG:root:Real time1486855182.75

DEBUG:root:Total error:4997

DEBUG:root:Match frame over 25:524

DEBUG:root:Matched frame error:68

DEBUG:root:Real time1486855182.95

DEBUG:root:Total error:4889

DEBUG:root:Match frame over 25:524

DEBUG:root:Matched frame error:69

DEBUG:root:Real time1486855183.15

DEBUG:root:Total error:4746

DEBUG:root:Match frame over 25:524

DEBUG:root:Matched frame error:69

DEBUG:root:Real time1486855183.35

DEBUG:root:Total error:4760

DEBUG:root:Match frame over 25:524

DEBUG:root:Matched frame error:65

DEBUG:root:Real time1486855183.55

DEBUG:root:Total error:4634

DEBUG:root:Match frame over 25:524

DEBUG:root:Matched frame error:66

DEBUG:root:Real time1486855183.76

DEBUG:root:Total error:4465

DEBUG:root:Match frame over 25:524

DEBUG:root:Matched frame error:69

DEBUG:root:Real time1486855183.96

DEBUG:root:Total error:4353

DEBUG:root:Match frame over 25:524

DEBUG:root:Matched frame error:68

DEBUG:root:Real time1486855184.16

DEBUG:root:Total error:4247

DEBUG:root:Match frame over 25:524

DEBUG:root:Matched frame error:71

DEBUG:root:Real time1486855184.36

DEBUG:root:Total error:4162

DEBUG:root:Match frame over 25:524

DEBUG:root:Matched frame error:64

DEBUG:root:Real time1486855184.56

DEBUG:root:Total error:3975

DEBUG:root:Match frame over 25:524

DEBUG:root:Matched frame error:64

DEBUG:root:Real time1486855184.76

DEBUG:root:Total error:3961

DEBUG:root:Match frame over 25:518

DEBUG:root:Matched frame error:86

DEBUG:root:Real time1486855184.96

DEBUG:root:Total error:3984

DEBUG:root:Match frame over 25:523

DEBUG:root:Matched frame error:88

DEBUG:root:Real time1486855185.16

DEBUG:root:Total error:3768

DEBUG:root:Match frame over 25:518

DEBUG:root:Matched frame error:79

DEBUG:root:Real time1486855185.36

DEBUG:root:Total error:3600

DEBUG:root:Match frame over 25:518

DEBUG:root:Matched frame error:85

DEBUG:root:Real time1486855185.56

DEBUG:root:Total error:3578

DEBUG:root:Match frame over 25:510

DEBUG:root:Matched frame error:82

DEBUG:root:Real time1486855185.77

DEBUG:root:Total error:3772

DEBUG:root:Match frame over 25:519

DEBUG:root:Matched frame error:85

DEBUG:root:Real time1486855185.97

DEBUG:root:Total error:4003

DEBUG:root:Match frame over 25:519

DEBUG:root:Matched frame error:87

DEBUG:root:Real time1486855186.17

DEBUG:root:Total error:4038

DEBUG:root:Match frame over 25:510

DEBUG:root:Matched frame error:80

DEBUG:root:Real time1486855186.37

DEBUG:root:Total error:4052

DEBUG:root:Match frame over 25:510

DEBUG:root:Matched frame error:76

DEBUG:root:Real time1486855186.57

DEBUG:root:Total error:4155

DEBUG:root:Match frame over 25:510

DEBUG:root:Matched frame error:86

DEBUG:root:Real time1486855186.77

DEBUG:root:Total error:4259

DEBUG:root:Match frame over 25:519

DEBUG:root:Matched frame error:88

DEBUG:root:Real time1486855186.97

DEBUG:root:Total error:4385

DEBUG:root:Match frame over 25:510

DEBUG:root:Matched frame error:76

DEBUG:root:Real time1486855187.17

DEBUG:root:Total error:4489

DEBUG:root:Match frame over 25:548

DEBUG:root:Matched frame error:58

DEBUG:root:Real time1486855187.37

DEBUG:root:Total error:4450

DEBUG:root:Match frame over 25:548

DEBUG:root:Matched frame error:60

DEBUG:root:Real time1486855187.57

DEBUG:root:Total error:4394

DEBUG:root:Match frame over 25:548

DEBUG:root:Matched frame error:65

DEBUG:root:Real time1486855187.77

DEBUG:root:Total error:4300

DEBUG:root:Match frame over 25:548

DEBUG:root:Matched frame error:62

DEBUG:root:Real time1486855187.97

DEBUG:root:Total error:4277

DEBUG:root:Match frame over 25:548

DEBUG:root:Matched frame error:64

DEBUG:root:Real time1486855188.18

DEBUG:root:Total error:4174

DEBUG:root:Match frame over 25:549

DEBUG:root:Matched frame error:66

DEBUG:root:Real time1486855188.38

DEBUG:root:Total error:4118

DEBUG:root:Match frame over 25:548

DEBUG:root:Matched frame error:63

DEBUG:root:Real time1486855188.58

DEBUG:root:Total error:4065

DEBUG:root:Match frame over 25:548

DEBUG:root:Matched frame error:66

DEBUG:root:Real time1486855188.78

DEBUG:root:Total error:4018

DEBUG:root:Match frame over 25:548

DEBUG:root:Matched frame error:64

DEBUG:root:Real time1486855188.98

DEBUG:root:Total error:3989

DEBUG:root:Match frame over 25:548

DEBUG:root:Matched frame error:67

DEBUG:root:Real time1486855189.18

DEBUG:root:Total error:3890

DEBUG:root:Match frame over 25:548

DEBUG:root:Matched frame error:60

DEBUG:root:Real time1486855189.38

DEBUG:root:Total error:3815

DEBUG:root:Match frame over 25:509

DEBUG:root:Matched frame error:80

DEBUG:root:Real time1486855189.58

DEBUG:root:Total error:3749

DEBUG:root:Match frame over 25:509

DEBUG:root:Matched frame error:86

DEBUG:root:Real time1486855189.78

DEBUG:root:Total error:3712

DEBUG:root:Match frame over 25:504

DEBUG:root:Matched frame error:83

DEBUG:root:Real time1486855189.98

DEBUG:root:Total error:3618

DEBUG:root:Match frame over 25:507

DEBUG:root:Matched frame error:91

DEBUG:root:Real time1486855190.18

DEBUG:root:Total error:3521

DEBUG:root:Match frame over 25:507

DEBUG:root:Matched frame error:94

DEBUG:root:Real time1486855190.38

DEBUG:root:Total error:3425

DEBUG:root:Match frame over 25:519

DEBUG:root:Matched frame error:83

DEBUG:root:Real time1486855190.58

DEBUG:root:Total error:3349

DEBUG:root:Match frame over 25:513

DEBUG:root:Matched frame error:96

DEBUG:root:Real time1486855190.78

DEBUG:root:Total error:3588

DEBUG:root:Match frame over 25:501

DEBUG:root:Matched frame error:102

DEBUG:root:Real time1486855190.98

DEBUG:root:Total error:3720

DEBUG:root:Match frame over 25:508

DEBUG:root:Matched frame error:106

DEBUG:root:Real time1486855191.19

DEBUG:root:Total error:3840

DEBUG:root:Match frame over 25:508

DEBUG:root:Matched frame error:85

DEBUG:root:Real time1486855191.39

DEBUG:root:Total error:3967

DEBUG:root:Match frame over 25:508

DEBUG:root:Matched frame error:85

DEBUG:root:Real time1486855191.59

DEBUG:root:Total error:4058

DEBUG:root:Match frame over 25:504

DEBUG:root:Matched frame error:87

DEBUG:root:Real time1486855191.79

DEBUG:root:Total error:4146

DEBUG:root:Match frame over 25:508

DEBUG:root:Matched frame error:93

DEBUG:root:Real time1486855191.99

DEBUG:root:Total error:4249

DEBUG:root:Match frame over 25:504

DEBUG:root:Matched frame error:91

DEBUG:root:Real time1486855192.19

DEBUG:root:Total error:4389

DEBUG:root:Match frame over 25:512

DEBUG:root:Matched frame error:95

DEBUG:root:Real time1486855192.39

DEBUG:root:Total error:4501

DEBUG:root:Match frame over 25:527

DEBUG:root:Matched frame error:84

DEBUG:root:Real time1486855192.59

DEBUG:root:Total error:4558

DEBUG:root:Match frame over 25:513

DEBUG:root:Matched frame error:84

DEBUG:root:Real time1486855192.79

DEBUG:root:Total error:4687

DEBUG:root:Match frame over 25:508

DEBUG:root:Matched frame error:82

DEBUG:root:Real time1486855192.99

DEBUG:root:Total error:4799

DEBUG:root:Match frame over 25:513

DEBUG:root:Matched frame error:81

DEBUG:root:Real time1486855193.19

DEBUG:root:Total error:4775

DEBUG:root:Match frame over 25:571

DEBUG:root:Matched frame error:96

DEBUG:root:Real time1486855193.39

DEBUG:root:Total error:4694

DEBUG:root:Match frame over 25:571

DEBUG:root:Matched frame error:96

DEBUG:root:Real time1486855193.59

DEBUG:root:Total error:4660

DEBUG:root:Match frame over 25:572

DEBUG:root:Matched frame error:92

DEBUG:root:Real time1486855193.79

DEBUG:root:Total error:4640

DEBUG:root:Match frame over 25:572

DEBUG:root:Matched frame error:91

DEBUG:root:Real time1486855193.99

DEBUG:root:Total error:4645

DEBUG:root:Match frame over 25:569

DEBUG:root:Matched frame error:95

DEBUG:root:Real time1486855194.19

DEBUG:root:Total error:4522

DEBUG:root:Match frame over 25:574

DEBUG:root:Matched frame error:88

DEBUG:root:Real time1486855194.39

DEBUG:root:Total error:4420

DEBUG:root:Match frame over 25:574

DEBUG:root:Matched frame error:82

DEBUG:root:Real time1486855194.6

DEBUG:root:Total error:4342

DEBUG:root:Match frame over 25:570

DEBUG:root:Matched frame error:89

DEBUG:root:Real time1486855194.8

DEBUG:root:Total error:4324

DEBUG:root:Match frame over 25:573

DEBUG:root:Matched frame error:101

DEBUG:root:Real time1486855195.0

DEBUG:root:Total error:4196

DEBUG:root:Match frame over 25:570

DEBUG:root:Matched frame error:81

DEBUG:root:Real time1486855195.2

DEBUG:root:Total error:4006

DEBUG:root:Match frame over 25:573

DEBUG:root:Matched frame error:104

DEBUG:root:Real time1486855195.4

DEBUG:root:Total error:3804

DEBUG:root:Match frame over 25:573

DEBUG:root:Matched frame error:102

DEBUG:root:Real time1486855195.6

DEBUG:root:Total error:3598

DEBUG:root:Match frame over 25:573

DEBUG:root:Matched frame error:94

DEBUG:root:Real time1486855195.8

DEBUG:root:Total error:3879

DEBUG:root:Match frame over 25:573

DEBUG:root:Matched frame error:92

DEBUG:root:Real time1486855196.0

DEBUG:root:Total error:4039

DEBUG:root:Match frame over 25:531

DEBUG:root:Matched frame error:87

DEBUG:root:Real time1486855196.2

DEBUG:root:Total error:4195

DEBUG:root:Match frame over 25:542

DEBUG:root:Matched frame error:92

DEBUG:root:Real time1486855196.4

DEBUG:root:Total error:4324

DEBUG:root:Match frame over 25:530

DEBUG:root:Matched frame error:94

DEBUG:root:Real time1486855196.6

DEBUG:root:Total error:4469

DEBUG:root:Match frame over 25:570

DEBUG:root:Matched frame error:83

DEBUG:root:Real time1486855196.8

DEBUG:root:Total error:4613

DEBUG:root:Match frame over 25:572

DEBUG:root:Matched frame error:93

DEBUG:root:Real time1486855197.0

DEBUG:root:Total error:4757

DEBUG:root:Match frame over 25:570

DEBUG:root:Matched frame error:84

