DEBUG:root:Under real time Point 1486509345.9

DEBUG:root:Under real time Point 1486509409.51

DEBUG:root:Under real time Point 1486509582.27

DEBUG:root:Under real time Point 0.231345891953

DEBUG:root:Under real time Point 0.112534999847

DEBUG:root:Under real time Point 0.118012905121

DEBUG:root:Under real time point 0.110055208206

DEBUG:root:Under real time point 0.103231191635

DEBUG:root:Under real time Point 0.113941907883

DEBUG:root:Under real time Point 0.110119819641

DEBUG:root:Under real time Point 0.116141796112

DEBUG:root:Under real time point 0.10027885437

DEBUG:root:Under real time Point 0.12038397789

DEBUG:root:Real time1486509583.61

DEBUG:root:Under real time Point 0.112265825272

DEBUG:root:Under real time point 0.10605597496

DEBUG:root:Under real time Point 0.139501094818

DEBUG:root:Under real time Point 0.111350059509

DEBUG:root:Under real time point 0.107475996017

DEBUG:root:Under real time point 0.106005907059

DEBUG:root:Under real time point 0.104850053787

DEBUG:root:Under real time point 0.100390195847

DEBUG:root:Under real time point 0.107737064362

DEBUG:root:Real time1486509584.72

DEBUG:root:Under real time point 0.105419874191

DEBUG:root:Under real time point 0.104787111282

DEBUG:root:Under real time point 0.108262062073

DEBUG:root:Real time1486509585.14

DEBUG:root:Under real time point 0.104568958282

DEBUG:root:Under real time Point 0.110956907272

DEBUG:root:Under real time point 0.108008861542

DEBUG:root:Under real time point 0.102257966995

DEBUG:root:Under real time point 0.107293844223

DEBUG:root:Under real time point 0.105695009232

DEBUG:root:Under real time Point 0.112683057785

DEBUG:root:Under real time point 0.107836961746

DEBUG:root:Under real time Point 0.117262125015

DEBUG:root:Real time1486509586.23

DEBUG:root:Real time1486509586.33

DEBUG:root:Under real time point 0.105067968369

DEBUG:root:Under real time point 0.109333992004

DEBUG:root:Under real time Point 0.17644405365

DEBUG:root:Under real time point 0.105844020844

DEBUG:root:Under real time Point 0.112823009491

DEBUG:root:Under real time point 0.103427171707

DEBUG:root:Under real time point 0.104121923447

DEBUG:root:Under real time point 0.107259988785

DEBUG:root:Under real time Point 0.112759113312

DEBUG:root:Under real time Point 0.114540815353

DEBUG:root:Under real time Point 0.11446595192

DEBUG:root:Under real time Point 0.117620944977

DEBUG:root:Under real time point 0.102026939392

DEBUG:root:Under real time Point 0.15608215332

DEBUG:root:Under real time Point 0.155953884125

DEBUG:root:Under real time Point 0.148552894592

DEBUG:root:Under real time Point 0.155282020569

DEBUG:root:Under real time Point 0.152441978455

DEBUG:root:Under real time Point 0.144688844681

DEBUG:root:Under real time Point 0.143895149231

DEBUG:root:Under real time Point 0.157006025314

DEBUG:root:Under real time Point 0.155833005905

DEBUG:root:Under real time Point 0.144256830215

DEBUG:root:Under real time Point 0.154417991638

DEBUG:root:Under real time Point 0.151423931122

DEBUG:root:Under real time Point 0.162399053574

DEBUG:root:Under real time Point 0.157272815704

DEBUG:root:Under real time Point 0.138075113297

DEBUG:root:Under real time Point 0.150635004044

DEBUG:root:Under real time Point 0.144635915756

DEBUG:root:Under real time Point 0.142094135284

DEBUG:root:Under real time Point 0.148420810699

DEBUG:root:Under real time Point 0.164206027985

DEBUG:root:Under real time Point 0.208855867386

DEBUG:root:Under real time Point 0.149627923965

DEBUG:root:Under real time Point 0.149257898331

DEBUG:root:Under real time Point 0.140995979309

DEBUG:root:Under real time Point 0.14638209343

DEBUG:root:Under real time Point 0.146804094315

DEBUG:root:Under real time Point 0.146756887436

DEBUG:root:Under real time Point 0.148267030716

DEBUG:root:Under real time Point 0.134505987167

DEBUG:root:Under real time Point 0.148394107819

DEBUG:root:Under real time Point 0.138046979904

DEBUG:root:Under real time Point 0.140948057175

DEBUG:root:Under real time Point 0.147902011871

DEBUG:root:Under real time Point 0.146728038788

DEBUG:root:Under real time Point 0.151809930801

DEBUG:root:Under real time Point 0.137404918671

DEBUG:root:Under real time Point 0.148411035538

DEBUG:root:Under real time Point 0.140921115875

DEBUG:root:Under real time Point 0.1452729702

DEBUG:root:Under real time Point 0.141856908798

DEBUG:root:Under real time Point 0.150193929672

DEBUG:root:Under real time Point 0.147933959961

DEBUG:root:Under real time Point 0.146767854691

DEBUG:root:Under real time Point 0.136937856674

DEBUG:root:Under real time Point 0.148844957352

DEBUG:root:Under real time Point 0.138719081879

DEBUG:root:Under real time Point 0.14480304718

DEBUG:root:Under real time Point 0.132477998734

DEBUG:root:Under real time Point 0.146633148193

DEBUG:root:Under real time Point 0.140731096268

DEBUG:root:Under real time Point 0.13419508934

DEBUG:root:Under real time Point 0.139723062515

DEBUG:root:Under real time Point 0.149456977844

DEBUG:root:Under real time Point 0.136044979095

DEBUG:root:Under real time Point 0.148121118546

DEBUG:root:Under real time Point 0.147447109222

DEBUG:root:Under real time Point 0.140546798706

DEBUG:root:Under real time Point 0.156188011169

DEBUG:root:Under real time Point 0.145012140274

DEBUG:root:Under real time Point 0.136482000351

DEBUG:root:Under real time Point 0.151642799377

DEBUG:root:Under real time Point 0.143851995468

DEBUG:root:Under real time Point 0.147098064423

DEBUG:root:Under real time Point 0.134440898895

DEBUG:root:Under real time Point 0.151176214218

DEBUG:root:Under real time Point 0.138396978378

DEBUG:root:Under real time Point 0.144064903259

DEBUG:root:Under real time Point 0.14493393898

DEBUG:root:Under real time Point 0.151396036148

DEBUG:root:Under real time Point 0.147109985352

DEBUG:root:Under real time Point 0.147192001343

DEBUG:root:Under real time Point 0.163492918015

DEBUG:root:Under real time Point 0.147850990295

DEBUG:root:Under real time Point 0.139452934265

DEBUG:root:Under real time Point 0.140662908554

DEBUG:root:Under real time Point 0.144562005997

DEBUG:root:Under real time Point 0.14799618721

DEBUG:root:Under real time Point 0.13524889946

DEBUG:root:Under real time Point 0.147243976593

DEBUG:root:Under real time Point 0.149510860443

DEBUG:root:Under real time Point 0.158887147903

DEBUG:root:Under real time Point 0.157400846481

DEBUG:root:Under real time Point 0.187919855118

DEBUG:root:Under real time Point 0.142294883728

DEBUG:root:Under real time Point 0.145046949387

DEBUG:root:Under real time Point 0.129333019257

DEBUG:root:Under real time Point 0.129966974258

DEBUG:root:Under real time Point 0.136392116547

DEBUG:root:Under real time Point 0.132380008698

DEBUG:root:Under real time Point 0.136048078537

DEBUG:root:Under real time Point 0.128128051758

DEBUG:root:Under real time Point 0.129122972488

DEBUG:root:Under real time Point 0.133313894272

DEBUG:root:Under real time Point 0.129836082458

DEBUG:root:Under real time Point 0.141829967499

DEBUG:root:Under real time Point 0.132803916931

DEBUG:root:Under real time Point 0.141983032227

DEBUG:root:Under real time Point 0.132378101349

DEBUG:root:Under real time Point 0.134380102158

DEBUG:root:Under real time Point 0.131572008133

DEBUG:root:Under real time Point 0.130978822708

DEBUG:root:Under real time Point 0.125219106674

DEBUG:root:Under real time Point 0.141173124313

DEBUG:root:Under real time Point 0.130457878113

DEBUG:root:Under real time Point 0.180304050446

DEBUG:root:Under real time Point 0.129222869873

DEBUG:root:Under real time Point 0.126962900162

DEBUG:root:Under real time Point 0.134741067886

DEBUG:root:Under real time Point 0.130014896393

DEBUG:root:Under real time Point 0.129385948181

DEBUG:root:Under real time Point 0.131639003754

DEBUG:root:Under real time Point 0.138827085495

DEBUG:root:Under real time Point 0.125959873199

DEBUG:root:Under real time Point 0.131345033646

DEBUG:root:Under real time Point 0.121829032898

DEBUG:root:Under real time Point 0.125128030777

DEBUG:root:Under real time Point 0.135770082474

DEBUG:root:Under real time Point 0.122146844864

DEBUG:root:Under real time Point 0.120260000229

DEBUG:root:Under real time Point 0.115153074265

DEBUG:root:Under real time Point 0.118755102158

DEBUG:root:Under real time Point 0.120035171509

DEBUG:root:Under real time Point 0.132634878159

DEBUG:root:Under real time Point 0.166309833527

DEBUG:root:Under real time Point 0.128911018372

DEBUG:root:Under real time Point 0.11710190773

DEBUG:root:Under real time Point 0.122272968292

DEBUG:root:Under real time Point 0.132548809052

DEBUG:root:Under real time Point 0.123479127884

DEBUG:root:Under real time Point 0.12867808342

DEBUG:root:Under real time Point 0.121918916702

DEBUG:root:Under real time Point 0.119645833969

DEBUG:root:Under real time Point 0.116282224655

DEBUG:root:Under real time Point 0.121930122375

DEBUG:root:Under real time Point 0.124578952789

DEBUG:root:Under real time Point 0.125076055527

DEBUG:root:Under real time Point 0.130323886871

DEBUG:root:Under real time Point 0.121814012527

DEBUG:root:Under real time Point 0.124722957611

DEBUG:root:Under real time Point 0.119011878967

DEBUG:root:Under real time Point 0.121614933014

DEBUG:root:Under real time Point 0.126910924911

DEBUG:root:Under real time Point 0.124873876572

DEBUG:root:Under real time Point 0.12707400322

DEBUG:root:Under real time Point 0.123402833939

DEBUG:root:Under real time Point 0.136098146439

DEBUG:root:Under real time Point 0.130151033401

DEBUG:root:Under real time Point 0.132462024689

DEBUG:root:Under real time Point 0.126518964767

DEBUG:root:Under real time Point 0.129972934723

DEBUG:root:Under real time Point 0.127861976624

DEBUG:root:Under real time Point 0.130635023117

DEBUG:root:Under real time Point 0.140032052994

DEBUG:root:Under real time Point 0.123334884644

DEBUG:root:Under real time Point 0.126392841339

DEBUG:root:Under real time Point 0.13748383522

DEBUG:root:Under real time Point 0.134932041168

DEBUG:root:Under real time Point 0.190135955811

DEBUG:root:Under real time Point 0.122901201248

DEBUG:root:Under real time Point 0.121671915054

DEBUG:root:Under real time Point 0.120078802109

DEBUG:root:Under real time Point 0.116066932678

DEBUG:root:Under real time Point 0.119743824005

DEBUG:root:Under real time Point 0.122527122498

DEBUG:root:Under real time Point 0.131590127945

DEBUG:root:Too small detection probably wrong
DEBUG:root:Under real time Point 0.0665431022644

DEBUG:root:Under real time Point 0.128139972687

DEBUG:root:Under real time Point 0.120223045349

DEBUG:root:Under real time Point 0.127373933792

DEBUG:root:Under real time Point 0.128931999207

DEBUG:root:Under real time Point 0.119168996811

DEBUG:root:Under real time Point 0.124620914459

DEBUG:root:Under real time Point 0.117201089859

DEBUG:root:Under real time Point 0.125665903091

DEBUG:root:Under real time Point 0.125467061996

DEBUG:root:Under real time Point 0.125707864761

DEBUG:root:Under real time Point 0.119220972061

DEBUG:root:Under real time Point 0.122330188751

DEBUG:root:Under real time Point 0.117908000946

DEBUG:root:Under real time Point 0.113743066788

DEBUG:root:Under real time Point 0.1203789711

DEBUG:root:Under real time Point 0.114725112915

DEBUG:root:Under real time Point 0.130156993866

DEBUG:root:Under real time Point 0.126657009125

DEBUG:root:Under real time Point 0.118993997574

DEBUG:root:Under real time Point 0.121492862701

DEBUG:root:Under real time Point 0.118514060974

DEBUG:root:Under real time Point 0.119462013245

DEBUG:root:Under real time Point 0.133650064468

DEBUG:root:Under real time Point 0.124027967453

DEBUG:root:Under real time Point 0.12136220932

DEBUG:root:Under real time Point 0.117619991302

DEBUG:root:Under real time Point 0.126760959625

DEBUG:root:Under real time Point 0.128141880035

DEBUG:root:Under real time Point 0.127512931824

DEBUG:root:Under real time Point 0.155116081238

DEBUG:root:Under real time Point 0.124042034149

DEBUG:root:Under real time Point 0.123474121094

DEBUG:root:Under real time Point 0.12587594986

DEBUG:root:Under real time Point 0.156699895859

DEBUG:root:Under real time Point 0.130204200745

DEBUG:root:Under real time Point 0.126897096634

DEBUG:root:Under real time Point 0.132530927658

DEBUG:root:Under real time Point 0.119475126266

DEBUG:root:Under real time Point 0.123052835464

DEBUG:root:Under real time Point 0.123230934143

DEBUG:root:Under real time Point 0.126645088196

DEBUG:root:Under real time Point 0.135918140411

DEBUG:root:Under real time Point 0.125633001328

DEBUG:root:Under real time Point 0.118813991547

DEBUG:root:Under real time Point 0.123075962067

DEBUG:root:Under real time Point 0.141340970993

DEBUG:root:Under real time Point 0.131089925766

DEBUG:root:Under real time Point 0.134585857391

DEBUG:root:Under real time Point 0.133955955505

DEBUG:root:Under real time Point 0.116335868835

DEBUG:root:Under real time Point 0.123922109604

DEBUG:root:Under real time Point 0.123382091522

DEBUG:root:Under real time Point 0.124414920807

DEBUG:root:Under real time Point 0.123645067215

DEBUG:root:Under real time Point 0.127691030502

DEBUG:root:Under real time Point 0.129343032837

DEBUG:root:Under real time Point 0.126488924026

DEBUG:root:Under real time Point 0.133449077606

DEBUG:root:Under real time Point 0.129571914673

DEBUG:root:Under real time Point 0.12849187851

DEBUG:root:Under real time Point 0.12198805809

DEBUG:root:Under real time Point 0.126265048981

DEBUG:root:Under real time Point 0.124222040176

DEBUG:root:Under real time Point 0.132745027542

DEBUG:root:Under real time Point 0.12447810173

DEBUG:root:Under real time Point 0.119853019714

DEBUG:root:Under real time Point 0.123047828674

DEBUG:root:Under real time Point 0.129847049713

DEBUG:root:Under real time Point 0.131406784058

DEBUG:root:Under real time Point 0.130136013031

DEBUG:root:Under real time Point 0.127046108246

DEBUG:root:Under real time Point 0.123881101608

DEBUG:root:Under real time Point 0.126348018646

DEBUG:root:Under real time Point 0.122861146927

DEBUG:root:Under real time Point 0.137437105179

DEBUG:root:Under real time Point 0.131378173828

DEBUG:root:Under real time Point 0.135362863541

DEBUG:root:Under real time Point 0.122088909149

DEBUG:root:Under real time Point 0.135042905807

DEBUG:root:Under real time Point 0.123905181885

DEBUG:root:Under real time Point 0.122192144394

DEBUG:root:Under real time Point 0.117553949356

DEBUG:root:Under real time Point 0.129624843597

DEBUG:root:Under real time Point 0.118005990982

DEBUG:root:Under real time Point 0.123677015305

DEBUG:root:Under real time Point 0.116986036301

DEBUG:root:Under real time Point 0.124619007111

DEBUG:root:Under real time Point 0.125670909882

DEBUG:root:Under real time Point 0.133526086807

DEBUG:root:Under real time Point 0.127074956894

DEBUG:root:Under real time Point 0.137720108032

DEBUG:root:Under real time Point 0.136280059814

DEBUG:root:Under real time Point 0.132596969604

DEBUG:root:Under real time Point 0.136135816574

DEBUG:root:Under real time Point 0.130384922028

DEBUG:root:Under real time Point 0.130531072617

DEBUG:root:Under real time Point 0.136245965958

DEBUG:root:Under real time Point 0.124628067017

DEBUG:root:Under real time Point 0.12664604187

DEBUG:root:Under real time Point 0.124749898911

DEBUG:root:Under real time Point 0.131490945816

DEBUG:root:Under real time Point 0.127601861954

DEBUG:root:Under real time Point 0.137199163437

DEBUG:root:Under real time Point 0.120582818985

DEBUG:root:Under real time Point 0.131754875183

DEBUG:root:Under real time Point 0.129730224609

DEBUG:root:Under real time Point 0.131537914276

DEBUG:root:Under real time Point 0.130831003189

DEBUG:root:Under real time Point 0.125745773315

DEBUG:root:Under real time Point 0.120374917984

DEBUG:root:Under real time Point 0.123821020126

DEBUG:root:Under real time Point 0.129301071167

DEBUG:root:Under real time Point 0.126160144806

DEBUG:root:Under real time Point 0.12242102623

DEBUG:root:Under real time Point 0.124413013458

DEBUG:root:Under real time Point 0.128211021423

DEBUG:root:Under real time Point 0.126537799835

DEBUG:root:Under real time Point 0.130390882492

DEBUG:root:Under real time Point 0.136193990707

DEBUG:root:Under real time Point 0.120722055435

DEBUG:root:Under real time Point 0.129137992859

DEBUG:root:Under real time Point 0.119739055634

DEBUG:root:Under real time Point 0.130810022354

DEBUG:root:Under real time Point 0.127587080002

DEBUG:root:Under real time Point 0.136166095734

DEBUG:root:Under real time Point 0.122908115387

DEBUG:root:Under real time Point 0.131515026093

DEBUG:root:Under real time Point 0.129709005356

DEBUG:root:Under real time Point 0.126240968704

DEBUG:root:Under real time Point 0.130354881287

DEBUG:root:Under real time Point 0.127160072327

DEBUG:root:Under real time Point 0.128818035126

DEBUG:root:Under real time Point 0.131547212601

DEBUG:root:Under real time Point 0.127511024475

DEBUG:root:Under real time Point 0.128205060959

DEBUG:root:Under real time Point 0.123023033142

DEBUG:root:Under real time Point 0.140241861343

DEBUG:root:Under real time Point 0.124132871628

DEBUG:root:Under real time Point 0.130895137787

DEBUG:root:Under real time Point 0.127851009369

DEBUG:root:Under real time Point 0.14111495018

DEBUG:root:Under real time Point 0.13436794281

DEBUG:root:Under real time Point 0.128130912781

DEBUG:root:Under real time Point 0.140977859497

DEBUG:root:Under real time Point 0.136559009552

DEBUG:root:Under real time Point 0.13164806366

DEBUG:root:Under real time Point 0.127936124802

DEBUG:root:Under real time Point 0.130587816238

DEBUG:root:Under real time Point 0.13417506218

DEBUG:root:Under real time Point 0.143800020218

DEBUG:root:Under real time Point 0.128028869629

DEBUG:root:Under real time Point 0.137102842331

DEBUG:root:Under real time Point 0.128201961517

DEBUG:root:Under real time Point 0.131400108337

DEBUG:root:Under real time Point 0.125741004944

DEBUG:root:Under real time Point 0.133558034897

DEBUG:root:Under real time Point 0.131952047348

DEBUG:root:Under real time Point 0.125038146973

DEBUG:root:Under real time Point 0.130002975464

DEBUG:root:Under real time Point 0.125137805939

DEBUG:root:Under real time Point 0.128799915314

DEBUG:root:Under real time Point 0.127235889435

DEBUG:root:Under real time Point 0.12993979454

DEBUG:root:Under real time Point 0.117789983749

DEBUG:root:Under real time Point 0.123865842819

DEBUG:root:Under real time Point 0.131522893906

DEBUG:root:Under real time Point 0.126940965652

DEBUG:root:Under real time Point 0.128542900085

DEBUG:root:Under real time Point 0.126537084579

DEBUG:root:Under real time Point 0.119014024734

DEBUG:root:Under real time Point 0.127846002579

DEBUG:root:Under real time Point 0.123150110245

DEBUG:root:Under real time Point 0.132670879364

DEBUG:root:Under real time Point 0.128098964691

DEBUG:root:Under real time Point 0.123080015182

DEBUG:root:Under real time Point 0.123069047928

DEBUG:root:Under real time Point 0.127887964249

DEBUG:root:Under real time Point 0.177410125732

DEBUG:root:Under real time Point 0.129554986954

DEBUG:root:Under real time Point 0.132126092911

DEBUG:root:Under real time Point 0.122766017914

DEBUG:root:Under real time Point 0.123029947281

DEBUG:root:Under real time Point 0.125372886658

DEBUG:root:Under real time Point 0.130168914795

DEBUG:root:Under real time Point 0.132375955582

DEBUG:root:Under real time Point 0.141073942184

DEBUG:root:Under real time Point 0.123595952988

DEBUG:root:Under real time Point 0.129660129547

DEBUG:root:Under real time Point 0.126083135605

DEBUG:root:Under real time Point 0.126952886581

DEBUG:root:Under real time Point 0.130331993103

DEBUG:root:Under real time Point 0.128043174744

DEBUG:root:Under real time Point 0.13028383255

DEBUG:root:Under real time Point 0.126971006393

DEBUG:root:Under real time Point 0.124284029007

DEBUG:root:Under real time Point 0.133282899857

DEBUG:root:Under real time Point 0.125722885132

DEBUG:root:Under real time Point 0.12455201149

DEBUG:root:Under real time Point 0.127691030502

DEBUG:root:Under real time Point 0.128960847855

DEBUG:root:Under real time Point 0.180078983307

DEBUG:root:Under real time Point 0.121212005615

DEBUG:root:Under real time Point 0.122817993164

DEBUG:root:Under real time Point 0.122997045517

DEBUG:root:Under real time Point 0.119989156723

DEBUG:root:Under real time Point 0.126140832901

DEBUG:root:Under real time Point 0.124330997467

DEBUG:root:Under real time Point 0.132370948792

DEBUG:root:Under real time Point 0.129853010178

DEBUG:root:Under real time Point 0.131227016449

DEBUG:root:Under real time Point 0.13258099556

DEBUG:root:Under real time Point 0.125609874725

DEBUG:root:Too small detection probably wrong
DEBUG:root:Under real time Point 0.0480749607086

DEBUG:root:Too small detection probably wrong
DEBUG:root:Under real time Point 0.0454289913177

DEBUG:root:Under real time Point 0.129734039307

DEBUG:root:Too small detection probably wrong
DEBUG:root:Under real time Point 0.0485780239105

DEBUG:root:Under real time Point 0.129618883133

DEBUG:root:Under real time Point 0.119443893433

DEBUG:root:Under real time Point 0.121622085571

DEBUG:root:Under real time Point 0.117902994156

DEBUG:root:Under real time Point 0.120432138443

DEBUG:root:Under real time Point 0.125141143799

DEBUG:root:Under real time Point 0.123872995377

DEBUG:root:Too small detection probably wrong
DEBUG:root:Under real time Point 0.0675640106201

DEBUG:root:Under real time Point 0.119246006012

DEBUG:root:Under real time Point 0.12304520607

DEBUG:root:Under real time Point 0.121602058411

DEBUG:root:Under real time Point 0.1241979599

DEBUG:root:Under real time Point 0.121575117111

DEBUG:root:Under real time Point 0.120284080505

DEBUG:root:Under real time Point 0.125540971756

DEBUG:root:Under real time Point 0.122544050217

DEBUG:root:Too small detection probably wrong
DEBUG:root:Under real time Point 0.0682809352875

DEBUG:root:Under real time Point 0.119573831558

DEBUG:root:Too small detection probably wrong
DEBUG:root:Under real time Point 0.0377609729767

DEBUG:root:Too small detection probably wrong
DEBUG:root:Under real time Point 0.0412929058075

DEBUG:root:Under real time Point 0.11999797821

DEBUG:root:Under real time Point 0.13122010231

DEBUG:root:Under real time Point 0.122823953629

DEBUG:root:Under real time Point 0.128128051758

DEBUG:root:Under real time Point 0.124961137772

DEBUG:root:Too small detection probably wrong
DEBUG:root:Under real time Point 0.0728189945221

DEBUG:root:Under real time Point 0.135822057724

DEBUG:root:Under real time Point 0.128418922424

DEBUG:root:Under real time Point 0.127241134644

DEBUG:root:Under real time Point 0.128481864929

DEBUG:root:Under real time Point 0.121407032013

DEBUG:root:Under real time Point 0.124104976654

DEBUG:root:Under real time Point 0.12939286232

DEBUG:root:Under real time Point 0.131186008453

DEBUG:root:Under real time Point 0.127445936203

DEBUG:root:Under real time Point 0.123919010162

DEBUG:root:Under real time Point 0.131670951843

DEBUG:root:Under real time Point 0.153040885925

DEBUG:root:Under real time Point 0.120541095734

DEBUG:root:Under real time Point 0.124019145966

DEBUG:root:Under real time Point 0.124109983444

DEBUG:root:Under real time Point 0.129764080048

DEBUG:root:Under real time Point 0.178563117981

DEBUG:root:Under real time Point 0.137517929077

DEBUG:root:Under real time Point 0.217961072922

DEBUG:root:Under real time Point 0.129998922348

DEBUG:root:Under real time Point 0.142435073853

DEBUG:root:Under real time Point 0.127952814102

DEBUG:root:Under real time Point 0.136185884476

DEBUG:root:Under real time Point 0.139863967896

DEBUG:root:Under real time Point 0.126904010773

DEBUG:root:Under real time Point 0.133465051651

DEBUG:root:Under real time Point 0.133102893829

DEBUG:root:Under real time Point 0.139374017715

DEBUG:root:Under real time Point 0.145552158356

DEBUG:root:Under real time Point 0.140229940414

DEBUG:root:Under real time Point 0.148233175278

DEBUG:root:Under real time Point 0.141535997391

DEBUG:root:Under real time Point 0.13427901268

DEBUG:root:Under real time Point 0.142246961594

DEBUG:root:Under real time Point 0.135324001312

DEBUG:root:Under real time Point 0.139616966248

DEBUG:root:Under real time Point 0.127762079239

DEBUG:root:Under real time Point 0.142319917679

DEBUG:root:Under real time Point 0.14164185524

DEBUG:root:Under real time Point 0.129494905472

DEBUG:root:Under real time Point 0.134020090103

DEBUG:root:Under real time Point 0.130922794342

DEBUG:root:Under real time Point 0.129634857178

DEBUG:root:Under real time Point 0.129662036896

DEBUG:root:Under real time Point 0.126012086868

DEBUG:root:Under real time Point 0.137516021729

DEBUG:root:Under real time Point 0.129379987717

DEBUG:root:Under real time Point 0.129251003265

DEBUG:root:Under real time Point 0.137892007828

DEBUG:root:Under real time Point 0.126393079758

DEBUG:root:Under real time Point 0.135957956314

DEBUG:root:Under real time Point 0.137017011642

DEBUG:root:Under real time Point 0.13014292717

DEBUG:root:Under real time Point 0.12757396698

DEBUG:root:Under real time Point 0.128541946411

DEBUG:root:Under real time Point 0.134040117264

DEBUG:root:Under real time Point 0.13475394249

DEBUG:root:Under real time Point 0.138795852661

DEBUG:root:Under real time Point 0.143923997879

DEBUG:root:Under real time Point 0.135242938995

DEBUG:root:Under real time Point 0.12711596489

DEBUG:root:Under real time Point 0.139240026474

DEBUG:root:Under real time Point 0.132807016373

DEBUG:root:Under real time Point 0.125561952591

DEBUG:root:Under real time Point 0.131271839142

DEBUG:root:Under real time Point 0.137009859085

DEBUG:root:Under real time Point 0.137316942215

DEBUG:root:Under real time Point 0.13573217392

DEBUG:root:Under real time Point 0.130724906921

DEBUG:root:Under real time Point 0.129848957062

DEBUG:root:Under real time Point 0.128431797028

DEBUG:root:Under real time Point 0.137202978134

DEBUG:root:Under real time Point 0.125797986984

DEBUG:root:Under real time Point 0.126942157745

DEBUG:root:Under real time Point 0.130031824112

DEBUG:root:Under real time Point 0.122257947922

DEBUG:root:Under real time Point 0.13330578804

DEBUG:root:Under real time Point 0.129491090775

DEBUG:root:Under real time Point 0.13315486908

DEBUG:root:Under real time Point 0.126712083817

DEBUG:root:Under real time Point 0.130674123764

DEBUG:root:Under real time Point 0.146697044373

DEBUG:root:Under real time Point 0.127707958221

DEBUG:root:Under real time Point 0.134376049042

DEBUG:root:Under real time Point 0.134552001953

DEBUG:root:Under real time Point 0.135990858078

DEBUG:root:Under real time Point 0.130732059479

DEBUG:root:Under real time Point 0.129674911499

DEBUG:root:Under real time Point 0.13418507576

DEBUG:root:Under real time Point 0.146657943726

DEBUG:root:Under real time Point 0.186249017715

DEBUG:root:Under real time Point 0.173228025436

DEBUG:root:Too small detection probably wrong
DEBUG:root:Under real time Point 0.0735228061676

DEBUG:root:Too small detection probably wrong
DEBUG:root:Under real time Point 0.0668039321899

DEBUG:root:Too small detection probably wrong
DEBUG:root:Under real time Point 0.0714588165283

DEBUG:root:Under real time Point 0.146679878235

DEBUG:root:Too small detection probably wrong
DEBUG:root:Under real time Point 0.0734889507294

DEBUG:root:Under real time Point 0.176163196564

DEBUG:root:Under real time Point 0.1635658741

DEBUG:root:Too small detection probably wrong
DEBUG:root:Under real time Point 0.0729520320892

DEBUG:root:Too small detection probably wrong
DEBUG:root:Under real time Point 0.0729219913483

DEBUG:root:Under real time Point 0.158039808273

DEBUG:root:Too small detection probably wrong
DEBUG:root:Under real time Point 0.0599310398102

DEBUG:root:Too small detection probably wrong
DEBUG:root:Under real time Point 0.0650110244751

DEBUG:root:Under real time Point 0.159371137619

DEBUG:root:Under real time Point 0.164256095886

DEBUG:root:Too small detection probably wrong
DEBUG:root:Under real time Point 0.0687539577484

DEBUG:root:Too small detection probably wrong
DEBUG:root:Under real time Point 0.0701370239258

DEBUG:root:Under real time Point 0.164727926254

DEBUG:root:Under real time Point 0.155946969986

DEBUG:root:Under real time Point 0.155488014221

DEBUG:root:Under real time Point 0.163207054138

DEBUG:root:Under real time Point 0.157628059387

DEBUG:root:Under real time Point 0.151460886002

DEBUG:root:Under real time Point 0.1433801651

DEBUG:root:Under real time Point 0.13311290741

DEBUG:root:Under real time Point 0.132334947586

DEBUG:root:Under real time Point 0.140514850616

DEBUG:root:Under real time Point 0.135476112366

DEBUG:root:Under real time Point 0.131420850754

DEBUG:root:Under real time Point 0.132859945297

DEBUG:root:Under real time Point 0.152400970459

DEBUG:root:Under real time Point 0.221032857895

DEBUG:root:Under real time Point 0.129289150238

DEBUG:root:Under real time Point 0.139528989792

DEBUG:root:Under real time Point 0.136167049408

DEBUG:root:Under real time Point 0.131306886673

DEBUG:root:Under real time Point 0.140199899673

DEBUG:root:Under real time Point 0.143079042435

DEBUG:root:Under real time Point 0.209602117538

DEBUG:root:Under real time Point 0.142916917801

DEBUG:root:Under real time Point 0.13143992424

DEBUG:root:Under real time Point 0.14111995697

DEBUG:root:Under real time Point 0.136959075928

DEBUG:root:Under real time Point 0.147996902466

DEBUG:root:Under real time Point 0.129416942596

DEBUG:root:Under real time Point 0.1263859272

DEBUG:root:Under real time Point 0.133918046951

DEBUG:root:Under real time Point 0.132817983627

DEBUG:root:Under real time Point 0.137989997864

DEBUG:root:Under real time Point 0.137517929077

DEBUG:root:Under real time Point 0.211812019348

DEBUG:root:Under real time Point 0.134592056274

DEBUG:root:Under real time Point 0.140357971191

DEBUG:root:Under real time Point 0.136175870895

DEBUG:root:Under real time Point 0.130650043488

DEBUG:root:Under real time Point 0.131221055984

DEBUG:root:Under real time Point 0.133661031723

DEBUG:root:Under real time Point 0.133193969727

DEBUG:root:Under real time Point 0.140241861343

DEBUG:root:Under real time Point 0.128428936005

DEBUG:root:Under real time Point 0.131057024002

DEBUG:root:Under real time Point 0.130676031113

DEBUG:root:Under real time Point 0.128810167313

DEBUG:root:Under real time Point 0.135041952133

DEBUG:root:Under real time Point 0.122148990631

DEBUG:root:Under real time Point 0.129195928574

DEBUG:root:Under real time Point 0.12639093399

DEBUG:root:Under real time Point 0.131909132004

DEBUG:root:Under real time Point 0.139611005783

DEBUG:root:Under real time Point 0.13005399704

DEBUG:root:Under real time Point 0.127041101456

DEBUG:root:Under real time Point 0.125930070877

DEBUG:root:Under real time Point 0.130847930908

DEBUG:root:Under real time Point 0.136084079742

DEBUG:root:Under real time Point 0.136280059814

DEBUG:root:Under real time Point 0.132022857666

DEBUG:root:Under real time Point 0.131490945816

DEBUG:root:Under real time Point 0.215815067291

DEBUG:root:Under real time Point 0.137547016144

DEBUG:root:Under real time Point 0.134698867798

DEBUG:root:Under real time Point 0.135823965073

DEBUG:root:Under real time Point 0.126999139786

DEBUG:root:Under real time Point 0.129193067551

DEBUG:root:Under real time Point 0.135622024536

DEBUG:root:Under real time Point 0.139137983322

DEBUG:root:Under real time Point 0.128614902496

DEBUG:root:Under real time Point 0.133552074432

DEBUG:root:Under real time Point 0.131507158279

DEBUG:root:Under real time Point 0.138650894165

DEBUG:root:Under real time Point 0.128836154938

DEBUG:root:Under real time Point 0.127671003342

DEBUG:root:Under real time Point 0.136404037476

DEBUG:root:Under real time Point 0.129828929901

DEBUG:root:Under real time Point 0.125378131866

DEBUG:root:Under real time Point 0.126201152802

DEBUG:root:Under real time Point 0.125571966171

DEBUG:root:Under real time Point 0.129206895828

DEBUG:root:Under real time Point 0.127327919006

DEBUG:root:Under real time Point 0.135302782059

DEBUG:root:Under real time Point 0.139597177505

DEBUG:root:Under real time Point 0.196516036987

DEBUG:root:Under real time Point 0.14072394371

DEBUG:root:Under real time Point 0.140146970749

DEBUG:root:Under real time Point 0.220760822296

DEBUG:root:Under real time Point 0.134028196335

DEBUG:root:Under real time Point 0.12791800499

DEBUG:root:Under real time Point 0.11933016777

DEBUG:root:Under real time Point 0.129334926605

DEBUG:root:Under real time Point 0.131033182144

DEBUG:root:Under real time Point 0.149698972702

DEBUG:root:Under real time Point 0.14146900177

DEBUG:root:Under real time Point 0.137943029404

DEBUG:root:Under real time Point 0.139180898666

DEBUG:root:Under real time Point 0.13569188118

DEBUG:root:Under real time Point 0.134294033051

DEBUG:root:Under real time Point 0.149449825287

DEBUG:root:Under real time Point 0.142957925797

DEBUG:root:Under real time Point 0.143579959869

DEBUG:root:Under real time Point 0.139408111572

DEBUG:root:Under real time Point 0.132379055023

DEBUG:root:Under real time Point 0.1417491436

DEBUG:root:Under real time Point 0.141613006592

DEBUG:root:Under real time Point 0.141745090485

DEBUG:root:Under real time Point 0.139928102493

DEBUG:root:Under real time Point 0.145065069199

DEBUG:root:Under real time Point 0.123543977737

DEBUG:root:Under real time Point 0.127362012863

DEBUG:root:Under real time Point 0.124526977539

DEBUG:root:Under real time Point 0.12792301178

DEBUG:root:Under real time Point 0.124583005905

DEBUG:root:Under real time Point 0.134598970413

DEBUG:root:Under real time Point 0.127547979355

DEBUG:root:Under real time Point 0.153736114502

DEBUG:root:Under real time Point 0.133590936661

DEBUG:root:Under real time Point 0.128036975861

DEBUG:root:Under real time Point 0.136950016022

DEBUG:root:Under real time Point 0.141087055206

DEBUG:root:Under real time Point 0.133448839188

DEBUG:root:Under real time Point 0.140465021133

DEBUG:root:Under real time Point 0.1355509758

DEBUG:root:Under real time Point 0.150620937347

DEBUG:root:Under real time Point 0.142733812332

DEBUG:root:Under real time Point 0.143122911453

DEBUG:root:Under real time Point 0.137813091278

DEBUG:root:Under real time Point 0.209016084671

DEBUG:root:Under real time Point 0.132452011108

DEBUG:root:Under real time Point 0.147389173508

DEBUG:root:Under real time Point 0.127076148987

DEBUG:root:Under real time Point 0.13343501091

DEBUG:root:Under real time Point 0.130381822586

DEBUG:root:Under real time Point 0.137734889984

DEBUG:root:Under real time Point 0.193983078003

DEBUG:root:Under real time Point 0.14048910141

DEBUG:root:Under real time Point 0.123230934143

DEBUG:root:Under real time Point 0.130609989166

DEBUG:root:Under real time Point 0.130680084229

DEBUG:root:Under real time Point 0.138067960739

DEBUG:root:Under real time Point 0.13053393364

DEBUG:root:Under real time Point 0.18245100975

DEBUG:root:Under real time Point 0.134444952011

DEBUG:root:Under real time Point 0.128629922867

DEBUG:root:Under real time Point 0.138801813126

DEBUG:root:Under real time Point 0.125509977341

DEBUG:root:Under real time Point 0.130701065063

DEBUG:root:Under real time Point 0.12924695015

DEBUG:root:Under real time Point 0.131396055222

DEBUG:root:Under real time Point 0.137549877167

DEBUG:root:Under real time Point 0.136339187622

DEBUG:root:Under real time Point 0.1291680336

DEBUG:root:Under real time Point 0.124018192291

DEBUG:root:Under real time Point 0.126815080643

DEBUG:root:Under real time Point 0.130579948425

DEBUG:root:Under real time Point 0.13188791275

DEBUG:root:Under real time Point 0.136464118958

DEBUG:root:Under real time Point 0.126307964325

DEBUG:root:Under real time Point 0.137198925018

DEBUG:root:Under real time Point 0.127305984497

DEBUG:root:Under real time Point 0.130983829498

DEBUG:root:Under real time Point 0.123770952225

DEBUG:root:Under real time Point 0.130097150803

DEBUG:root:Under real time Point 0.141480922699

DEBUG:root:Under real time Point 0.127499103546

DEBUG:root:Under real time Point 0.135617017746

DEBUG:root:Under real time Point 0.130016088486

DEBUG:root:Under real time Point 0.12965297699

DEBUG:root:Under real time Point 0.122572183609

DEBUG:root:Under real time Point 0.124892950058

DEBUG:root:Under real time Point 0.124979019165

DEBUG:root:Under real time Point 0.126438140869

DEBUG:root:Under real time Point 0.132180929184

DEBUG:root:Under real time Point 0.132379055023

DEBUG:root:Under real time Point 0.125988006592

DEBUG:root:Under real time Point 0.133661031723

DEBUG:root:Under real time Point 0.121495962143

DEBUG:root:Under real time Point 0.128793001175

DEBUG:root:Under real time Point 0.124675035477

DEBUG:root:Under real time Point 0.124746084213

DEBUG:root:Under real time Point 0.130217075348

DEBUG:root:Under real time Point 0.127394914627

DEBUG:root:Under real time Point 0.122004985809

DEBUG:root:Under real time Point 0.122339010239

DEBUG:root:Under real time Point 0.173197984695

DEBUG:root:Under real time Point 0.124159097672

DEBUG:root:Under real time Point 0.130980014801

DEBUG:root:Under real time Point 0.135169029236

DEBUG:root:Under real time Point 0.128932952881

DEBUG:root:Under real time Point 0.123661994934

DEBUG:root:Under real time Point 0.129315137863

DEBUG:root:Under real time Point 0.132218837738

DEBUG:root:Under real time Point 0.131578922272

DEBUG:root:Under real time Point 0.125857114792

DEBUG:root:Under real time Point 0.133902072906

DEBUG:root:Under real time Point 0.190294981003

DEBUG:root:Under real time Point 0.123133182526

DEBUG:root:Under real time Point 0.13340306282

DEBUG:root:Under real time Point 0.127058982849

DEBUG:root:Under real time Point 0.123979091644

DEBUG:root:Under real time Point 0.121804952621

DEBUG:root:Under real time Point 0.123638153076

DEBUG:root:Under real time Point 0.133498191833

DEBUG:root:Under real time Point 0.12458896637

DEBUG:root:Under real time Point 0.186871051788

DEBUG:root:Under real time Point 0.125431060791

DEBUG:root:Under real time Point 0.124153137207

DEBUG:root:Under real time Point 0.130494832993

DEBUG:root:Under real time Point 0.131860017776

DEBUG:root:Under real time Point 0.127080917358

DEBUG:root:Under real time Point 0.119884967804

DEBUG:root:Under real time Point 0.123697042465

DEBUG:root:Under real time Point 0.129100084305

DEBUG:root:Under real time Point 0.13024520874

DEBUG:root:Under real time Point 0.133240222931

DEBUG:root:Under real time Point 0.126359939575

DEBUG:root:Under real time Point 0.192430973053

DEBUG:root:Under real time Point 0.121263027191

DEBUG:root:Under real time Point 0.130492925644

DEBUG:root:Under real time Point 0.132136106491

DEBUG:root:Under real time Point 0.135375022888

DEBUG:root:Under real time Point 0.1307721138

DEBUG:root:Under real time Point 0.127756118774

DEBUG:root:Under real time Point 0.124568939209

DEBUG:root:Under real time Point 0.129642963409

DEBUG:root:Under real time Point 0.123601913452

DEBUG:root:Under real time Point 0.124799013138

DEBUG:root:Under real time Point 0.123312950134

DEBUG:root:Under real time Point 0.135586023331

DEBUG:root:Under real time Point 0.121400117874

DEBUG:root:Under real time Point 0.172683000565

DEBUG:root:Under real time Point 0.13321018219

DEBUG:root:Under real time Point 0.122408151627

DEBUG:root:Under real time Point 0.133033037186

DEBUG:root:Under real time Point 0.121077060699

DEBUG:root:Under real time Point 0.123680830002

DEBUG:root:Under real time Point 0.126478910446

DEBUG:root:Under real time Point 0.128833055496

DEBUG:root:Under real time Point 0.125092983246

DEBUG:root:Under real time Point 0.125500917435

DEBUG:root:Under real time Point 0.129562854767

DEBUG:root:Under real time Point 0.118402957916

DEBUG:root:Under real time Point 0.126737117767

DEBUG:root:Under real time Point 0.123675823212

DEBUG:root:Under real time Point 0.170605897903

DEBUG:root:Under real time Point 0.130232095718

DEBUG:root:Under real time Point 0.12943816185

DEBUG:root:Under real time Point 0.121630907059

DEBUG:root:Under real time Point 0.128926992416

DEBUG:root:Under real time Point 0.124364852905

DEBUG:root:Under real time Point 0.12597489357

DEBUG:root:Under real time Point 0.129399061203

DEBUG:root:Under real time Point 0.129927158356

DEBUG:root:Under real time Point 0.131068944931

DEBUG:root:Under real time Point 0.130409955978

DEBUG:root:Under real time Point 0.121160030365

DEBUG:root:Under real time Point 0.124155044556

DEBUG:root:Under real time Point 0.130701065063

DEBUG:root:Under real time Point 0.124014854431

DEBUG:root:Under real time Point 0.122853040695

DEBUG:root:Under real time Point 0.126733064651

DEBUG:root:Under real time Point 0.128396987915

DEBUG:root:Under real time Point 0.122789859772

DEBUG:root:Under real time Point 0.123667955399

DEBUG:root:Under real time Point 0.126467943192

DEBUG:root:Under real time Point 0.128868818283

DEBUG:root:Under real time Point 0.132124900818

DEBUG:root:Under real time Point 0.13455581665

DEBUG:root:Under real time Point 0.129725933075

DEBUG:root:Under real time Point 0.141489982605

DEBUG:root:Under real time Point 0.137131929398

DEBUG:root:Under real time Point 0.134824991226

DEBUG:root:Under real time Point 0.134942054749

DEBUG:root:Under real time Point 0.137736082077

DEBUG:root:Under real time Point 0.129348993301

DEBUG:root:Under real time Point 0.126287221909

DEBUG:root:Under real time Point 0.130342960358

DEBUG:root:Under real time Point 0.130344867706

DEBUG:root:Under real time Point 0.128166913986

DEBUG:root:Under real time Point 0.126051902771

DEBUG:root:Under real time Point 0.128185033798

DEBUG:root:Under real time Point 0.128024101257

DEBUG:root:Under real time Point 0.129909038544

DEBUG:root:Under real time Point 0.127523899078

DEBUG:root:Under real time Point 0.127397060394

DEBUG:root:Under real time Point 0.134420156479

DEBUG:root:Under real time Point 0.139636993408

DEBUG:root:Under real time Point 0.134947061539

DEBUG:root:Under real time Point 0.13118481636

DEBUG:root:Under real time Point 0.130136966705

DEBUG:root:Under real time Point 0.131479978561

DEBUG:root:Under real time Point 0.134135007858

DEBUG:root:Under real time Point 0.133020877838

DEBUG:root:Under real time Point 0.143547058105

DEBUG:root:Under real time Point 0.136364936829

DEBUG:root:Under real time Point 0.134263038635

DEBUG:root:Under real time Point 0.133417844772

DEBUG:root:Under real time Point 0.134495019913

DEBUG:root:Under real time Point 0.141725063324

DEBUG:root:Under real time Point 0.127742052078

DEBUG:root:Under real time Point 0.127765893936

DEBUG:root:Under real time Point 0.147109031677

DEBUG:root:Under real time Point 0.141291856766

DEBUG:root:Under real time Point 0.211338043213

DEBUG:root:Under real time Point 0.145180940628

DEBUG:root:Under real time Point 0.139725923538

DEBUG:root:Under real time Point 0.143915891647

DEBUG:root:Under real time Point 0.131515026093

DEBUG:root:Under real time Point 0.136631965637

DEBUG:root:Under real time Point 0.14252614975

DEBUG:root:Under real time Point 0.154111146927

DEBUG:root:Under real time Point 0.138916015625

DEBUG:root:Under real time Point 0.145927906036

DEBUG:root:Under real time Point 0.142488956451

DEBUG:root:Under real time Point 0.130631923676

DEBUG:root:Under real time Point 0.142554044724

DEBUG:root:Under real time Point 0.12779211998

DEBUG:root:Under real time Point 0.124248981476

DEBUG:root:Under real time Point 0.133405923843

DEBUG:root:Under real time Point 0.146545886993

DEBUG:root:Under real time Point 0.129010915756

DEBUG:root:Under real time Point 0.147222042084

DEBUG:root:Under real time Point 0.14511013031

DEBUG:root:Under real time Point 0.142168998718

DEBUG:root:Under real time Point 0.155909061432

DEBUG:root:Under real time Point 0.135987997055

DEBUG:root:Under real time Point 0.15150308609

DEBUG:root:Under real time Point 0.161733150482

DEBUG:root:Under real time Point 0.155869007111

DEBUG:root:Under real time Point 0.139359951019

DEBUG:root:Under real time Point 0.130731105804

DEBUG:root:Under real time Point 0.133521080017

DEBUG:root:Under real time Point 0.127724170685

DEBUG:root:Under real time Point 0.133213996887

DEBUG:root:Under real time Point 0.131019115448

DEBUG:root:Under real time Point 0.13215303421

DEBUG:root:Under real time Point 0.126194000244

DEBUG:root:Under real time Point 0.129842042923

DEBUG:root:Under real time Point 0.12341094017

DEBUG:root:Under real time Point 0.124439001083

DEBUG:root:Under real time Point 0.129453897476

DEBUG:root:Under real time Point 0.121788978577

DEBUG:root:Under real time Point 0.125884056091

DEBUG:root:Under real time Point 0.120102882385

DEBUG:root:Under real time Point 0.12729716301

DEBUG:root:Under real time Point 0.121069908142

DEBUG:root:Under real time Point 0.122631072998

DEBUG:root:Under real time Point 0.127444028854

DEBUG:root:Under real time Point 0.167212963104

DEBUG:root:Under real time Point 0.131820201874

DEBUG:root:Under real time Point 0.123831033707

DEBUG:root:Under real time Point 0.127820968628

DEBUG:root:Under real time Point 0.131965875626

DEBUG:root:Under real time Point 0.124193906784

DEBUG:root:Under real time Point 0.128309965134

DEBUG:root:Under real time Point 0.131607055664

DEBUG:root:Under real time Point 0.134629964828

DEBUG:root:Under real time Point 0.129051923752

DEBUG:root:Under real time Point 0.131565093994

DEBUG:root:Under real time Point 0.128989934921

DEBUG:root:Under real time Point 0.136045217514

DEBUG:root:Under real time Point 0.129795074463

DEBUG:root:Under real time Point 0.128035068512

DEBUG:root:Under real time Point 0.129803180695

DEBUG:root:Under real time Point 0.141882181168

DEBUG:root:Under real time Point 0.130620002747

DEBUG:root:Under real time Point 0.142686843872

DEBUG:root:Under real time Point 0.131967067719

DEBUG:root:Under real time Point 0.134258985519

DEBUG:root:Under real time Point 0.132884979248

DEBUG:root:Under real time Point 0.126368045807

DEBUG:root:Under real time Point 0.132379055023

DEBUG:root:Under real time Point 0.131806850433

DEBUG:root:Under real time Point 0.127369880676

DEBUG:root:Under real time Point 0.12744808197

DEBUG:root:Under real time Point 0.135288000107

DEBUG:root:Too small detection probably wrong
DEBUG:root:Under real time Point 0.0429358482361

DEBUG:root:Under real time Point 0.128643989563

DEBUG:root:Under real time Point 0.134582996368

DEBUG:root:Under real time Point 0.133010149002

DEBUG:root:Under real time Point 0.134725093842

DEBUG:root:Under real time Point 0.130997896194

DEBUG:root:Under real time Point 0.130556106567

DEBUG:root:Under real time Point 0.135262012482

DEBUG:root:Under real time Point 0.130594968796

DEBUG:root:Under real time Point 0.130710124969

DEBUG:root:Under real time Point 0.165407896042

DEBUG:root:Under real time Point 0.130661010742

DEBUG:root:Under real time Point 0.132375001907

DEBUG:root:Under real time Point 0.129466056824

DEBUG:root:Under real time Point 0.120521068573

DEBUG:root:Under real time Point 0.119287014008

DEBUG:root:Under real time Point 0.128472089767

DEBUG:root:Under real time Point 0.153315067291

DEBUG:root:Under real time Point 0.123492002487

DEBUG:root:Under real time Point 0.124869823456

DEBUG:root:Under real time Point 0.124714851379

DEBUG:root:Under real time Point 0.128015995026

DEBUG:root:Under real time Point 0.126186132431

DEBUG:root:Under real time Point 0.13509106636

DEBUG:root:Under real time Point 0.136059045792

DEBUG:root:Under real time Point 0.137400865555

DEBUG:root:Under real time Point 0.139245986938

DEBUG:root:Under real time Point 0.137239933014

DEBUG:root:Under real time Point 0.132255792618

DEBUG:root:Under real time Point 0.143800020218

DEBUG:root:Under real time Point 0.131072044373

DEBUG:root:Under real time Point 0.133939027786

DEBUG:root:Under real time Point 0.137472867966

DEBUG:root:Under real time Point 0.139328956604

DEBUG:root:Under real time Point 0.129768133163

DEBUG:root:Under real time Point 0.135838985443

DEBUG:root:Under real time Point 0.130904912949

DEBUG:root:Under real time Point 0.126633882523

DEBUG:root:Under real time Point 0.126825094223

DEBUG:root:Under real time Point 0.125827074051

DEBUG:root:Under real time Point 0.118350982666

DEBUG:root:Under real time Point 0.125069856644

DEBUG:root:Under real time Point 0.121592998505

DEBUG:root:Under real time Point 0.121318101883

DEBUG:root:Under real time Point 0.1237449646

DEBUG:root:Under real time Point 0.119429111481

DEBUG:root:Under real time Point 0.11785697937

DEBUG:root:Under real time Point 0.117825031281

DEBUG:root:Under real time Point 0.125492811203

DEBUG:root:Under real time Point 0.126785039902

DEBUG:root:Under real time Point 0.178391933441

DEBUG:root:Under real time Point 0.119327783585

DEBUG:root:Under real time Point 0.120789051056

DEBUG:root:Under real time Point 0.129357099533

DEBUG:root:Under real time Point 0.120321035385

DEBUG:root:Under real time Point 0.130905866623

DEBUG:root:Under real time Point 0.120128154755

DEBUG:root:Under real time Point 0.125724077225

DEBUG:root:Under real time Point 0.123852968216

DEBUG:root:Under real time Point 0.123887062073

DEBUG:root:Under real time Point 0.117048025131

DEBUG:root:Under real time Point 0.124875068665

DEBUG:root:Under real time Point 0.124865055084

DEBUG:root:Under real time Point 0.127338171005

DEBUG:root:Under real time Point 0.127866983414

DEBUG:root:Under real time Point 0.122771978378

DEBUG:root:Under real time Point 0.117779970169

DEBUG:root:Under real time Point 0.123245000839

DEBUG:root:Under real time Point 0.122794866562

DEBUG:root:Under real time Point 0.118954896927

DEBUG:root:Under real time Point 0.136713981628

DEBUG:root:Under real time Point 0.132948160172

DEBUG:root:Under real time Point 0.135839939117

DEBUG:root:Under real time Point 0.132071018219

DEBUG:root:Under real time Point 0.135457992554

DEBUG:root:Under real time Point 0.130975961685

DEBUG:root:Under real time Point 0.12815117836

DEBUG:root:Under real time Point 0.184694051743

