DEBUG:root:Under real time Point counter:2.59876251221e-05

DEBUG:root:Extracted signature:bitarray('11110001111000011110011110000011111111000000011111001100001110001100011000011000111011000011011000010110011011011100011100111011101111011011001111100101110001111100101110111111001011110011100101110011100101110011001011001100101001110000111110001111100011100110011001101000')
DEBUG:root:Matched frame over all scan:637

DEBUG:root:Errors over all scan:8

DEBUG:root:Result:replica detected
DEBUG:root:Match or Not:True
DEBUG:root:Real time1487903563.56

DEBUG:root:Extracted signature:bitarray('11110001111000011110011110000011111111000000011111001100001110011100011000011000111111000011111000010000011001111101111100111011101111011011000111100101110001111100101110111111001011110011100101110011100101110011001011001100101001110000011110011111101011101111011001101000')
DEBUG:root:Matched frame over all scan:638

DEBUG:root:Errors over all scan:4

DEBUG:root:Result:replica detected
DEBUG:root:Match or Not:True
DEBUG:root:Real time1487903563.76

DEBUG:root:Extracted signature:bitarray('11110011110000011110011100000011111111000000111110011100011110011100011000111000111111000011111000010110111011111100111100111011101111111011000011100101110001111100101110111111001011110011100101110011100101110111001011001100101001110001111110011111100011100111011001101000')
DEBUG:root:Matched frame over all scan:639

DEBUG:root:Errors over all scan:19

DEBUG:root:Result:replica detected
DEBUG:root:Match or Not:True
DEBUG:root:Real time1487903563.96

DEBUG:root:Extracted signature:bitarray('11111000111000011111001111000010111111110000011110111100001110110110011011001100111110100011110110010111111011111101111101111011101101111011001111100101110001111100101110111111001011110011100101110011100101110011001011001100101001110001111111011111101011101110011101101000')
DEBUG:root:Matched frame over all scan:636

DEBUG:root:Errors over all scan:27

DEBUG:root:Result:replica detected
DEBUG:root:Match or Not:True
DEBUG:root:Real time1487903564.16

DEBUG:root:Extracted signature:bitarray('11111111111000010011111100000010111111000000011111100000011111100110010011001100111100110011100110010111100011110001110001111011101101011011000111100101110001111100101110011111001011110011100101110011100101110011001011001100101001100101111101011110101111101111011101101000')
DEBUG:root:Matched frame over all scan:641

DEBUG:root:Errors over all scan:22

DEBUG:root:Result:replica detected
DEBUG:root:Match or Not:True
DEBUG:root:Real time1487903564.36

DEBUG:root:Extracted signature:bitarray('11111111111000010011111110000110111111000001111111110000010011000000010110011100111101110011100111000101110011110001110001111011101101011011000111100101110001111100101110111111001011110011100101110011100101110011001011001100101001110101111111011111101111101111011101101000')
DEBUG:root:Matched frame over all scan:641

DEBUG:root:Errors over all scan:12

DEBUG:root:Result:replica detected
DEBUG:root:Match or Not:True
DEBUG:root:Real time1487903564.56

DEBUG:root:Extracted signature:bitarray('11111111111000010011111110000100111111000001011111110000010011111000010011010000111111110011010111000111110011110001110001111011101101111011000111100101110001111100101110111110001011110011100101110011100101110111001011001100101001110101011111011111101111101111011101101000')
DEBUG:root:Matched frame over all scan:643

DEBUG:root:Errors over all scan:10

DEBUG:root:Result:replica detected
DEBUG:root:Match or Not:True
DEBUG:root:Real time1487903564.76

DEBUG:root:Extracted signature:bitarray('11111111111000010011111110000100111111000000111111110000010011111000010111111000011111110011010111000111110011110001110001111011101101111011000111100101110001111100101110111111001011110011100101110011100101110111001011001100101001110101011111011111101111101111011101101000')
DEBUG:root:Matched frame over all scan:643

DEBUG:root:Errors over all scan:7

DEBUG:root:Result:replica detected
DEBUG:root:Match or Not:True
DEBUG:root:Under real time Point counter:0.205335140228

DEBUG:root:Extracted signature:bitarray('11111111101000010111111100000011111111000000111111110000010011010000110110110011011111011001010011000101110011111001110001111011101101111010001111100101110011111100101110111110001011110011000101110011100101110111001011011100101001110101011111011111101111101111011101101000')
DEBUG:root:Matched frame over all scan:644

DEBUG:root:Errors over all scan:17

DEBUG:root:Result:replica detected
DEBUG:root:Match or Not:True
DEBUG:root:Real time1487903565.17

DEBUG:root:Extracted signature:bitarray('11111111100000010011111100000010111111000000111111100000010011001100010111011000011011110011011111010011110011110001110001111011101101111011001111100101110001111100001110111111000011110011100001110011100101110011001011001100101001110101011111011111101111101111011101101000')
DEBUG:root:Matched frame over all scan:648

DEBUG:root:Errors over all scan:8

DEBUG:root:Result:replica detected
DEBUG:root:Match or Not:True
DEBUG:root:Real time1487903565.37

DEBUG:root:Extracted signature:bitarray('11111101100000010011111100000010111111000000111111110000010011001100010110011000011011110011011111010001110011110001111001111011101101111011001111100101110001111100101110111111000011110011100101110011100101110011001011001100101001110101011111011111101111101111011101101000')
DEBUG:root:Matched frame over all scan:648

DEBUG:root:Errors over all scan:7

DEBUG:root:Result:replica detected
DEBUG:root:Match or Not:True
DEBUG:root:Real time1487903565.57

DEBUG:root:Extracted signature:bitarray('11111101100000010011111100000010111111000000111111110000010011101100010111011000011111110011011111000011110011110001110001111011101101111011001111100101110001111100101110111111000011110011100101110011100101110011001011001100101001110101011111011111101111101111011101101000')
DEBUG:root:Matched frame over all scan:648

DEBUG:root:Errors over all scan:1

DEBUG:root:Result:replica detected
DEBUG:root:Match or Not:True
DEBUG:root:Real time1487903565.77

DEBUG:root:Extracted signature:bitarray('11111101100000010011111100000010111111000000111111101000010011001100010111011000111111110011011111010011110011110001110001111011101101111011001111100101110001111100101110111111000011110011100101110011100101110011001011001100101001110101011111011111101111101111011101101000')
DEBUG:root:Matched frame over all scan:648

DEBUG:root:Errors over all scan:6

DEBUG:root:Result:replica detected
DEBUG:root:Match or Not:True
DEBUG:root:Real time1487903565.97

DEBUG:root:Extracted signature:bitarray('11111101110000010011111110000000111111100000011111111000010011101100000111011100011111010001110011010100110011111101111100111011101100011011000111100101110001111100101110111111000011110011100001110011100001110011101011011110101111010101110001011001101101101111011101101000')
DEBUG:root:Matched frame over all scan:651

DEBUG:root:Errors over all scan:31

DEBUG:root:Result:replica detected
DEBUG:root:Match or Not:True
DEBUG:root:Real time1487903566.17

DEBUG:root:Extracted signature:bitarray('11111111111000010011111110000010111111100000011111111000010011111100010111111000011111100001110011010000111001111001111100111011101101111011001111100101110001111100101110111111000011110011100101110011100101110111001011001100101001111101001111001111101111101111011101101000')
DEBUG:root:Matched frame over all scan:651

DEBUG:root:Errors over all scan:6

DEBUG:root:Result:replica detected
DEBUG:root:Match or Not:True
DEBUG:root:Real time1487903566.37

DEBUG:root:Extracted signature:bitarray('11111101111000010011111110000010111111100000111111111000010011001100010111011000011111100011110010010000111001111001111000111011101101011011001111100101110001111100101110111111000011110011100001110011100101110011001011001100101001100101011111001111101111101111011101101000')
DEBUG:root:Matched frame over all scan:652

DEBUG:root:Errors over all scan:11

DEBUG:root:Result:replica detected
DEBUG:root:Match or Not:True
DEBUG:root:Real time1487903566.57

DEBUG:root:Extracted signature:bitarray('11111101111000010011111111000000111111110000011111111000010011111100010111011000011111101101110011100000111001111001111100111011101101011011001111100101110001111100101110111111000011110011100001110011100101110011001011001100101001110101111111001111100111101111011101101000')
DEBUG:root:Matched frame over all scan:654

DEBUG:root:Errors over all scan:7

DEBUG:root:Result:replica detected
DEBUG:root:Match or Not:True
DEBUG:root:Real time1487903566.77

DEBUG:root:Extracted signature:bitarray('11111111111000010011111100000100111111110000111111111000010011101100010110011000011111111101110011100000111000111001111100111011101101011011001011100101110001111100101110111111000011110011100001110011100101110011101011001110101001111101101111001111100111101111011101101000')
DEBUG:root:Matched frame over all scan:655

DEBUG:root:Errors over all scan:14

DEBUG:root:Result:replica detected
DEBUG:root:Match or Not:True
DEBUG:root:Real time1487903566.97

DEBUG:root:Extracted signature:bitarray('11111011101000010011111100000100111111110000111111111000010011111000010111011001011111101101110011101000111000111001111100111011101101111011001011100101111001111100101110001110001011110011100001110011100101110111001011001100101001110101111111001111100111100111011101101000')
DEBUG:root:Matched frame over all scan:656

DEBUG:root:Errors over all scan:19

DEBUG:root:Result:replica detected
DEBUG:root:Match or Not:True
DEBUG:root:Real time1487903567.17

DEBUG:root:Extracted signature:bitarray('11111101111000111011101111000100111111110000111111011000011011001000010111011000111111111101110011100000111000111001111100111011101101011011000011100101111001111100101110011111000011110011100001110011100101110011001011001110101001111101111111001111100111100111011101101000')
DEBUG:root:Matched frame over all scan:655

DEBUG:root:Errors over all scan:12

DEBUG:root:Result:replica detected
DEBUG:root:Match or Not:True
DEBUG:root:Real time1487903567.37

DEBUG:root:Extracted signature:bitarray('11111101111000111011101101000100111111110001111111111000011111001100010110011000011111111101111111100000111000111001111100111011101101011011000111100101111001111100101110001111000011110011000001110011100101100011101011001110101001111101111111001111100111101111011101101000')
DEBUG:root:Matched frame over all scan:655

DEBUG:root:Errors over all scan:17

DEBUG:root:Result:replica detected
DEBUG:root:Match or Not:True
DEBUG:root:Real time1487903567.57

DEBUG:root:Extracted signature:bitarray('11111101111000011011101100000110111111100000111111111000011111001100011110011001110011111101111111100000111000111001111100111011101101111011000011100101111001111100101110001110000011110011100001110011100101100111001010001100101001111101111111001111100111100111011101101000')
DEBUG:root:Matched frame over all scan:658

DEBUG:root:Errors over all scan:12

DEBUG:root:Result:replica detected
DEBUG:root:Match or Not:True
DEBUG:root:Real time1487903567.77

DEBUG:root:Extracted signature:bitarray('11111100111000011011101100000110111111110000011111111000010111111100011110011001010011111101011111100000111000111001111100111011101101111011000011100101111000111000101110001111000011110011100101110011100101100111001010001110101001110101011111001111100111100111011101101000')
DEBUG:root:Matched frame over all scan:658

DEBUG:root:Errors over all scan:11

DEBUG:root:Result:replica detected
DEBUG:root:Match or Not:True
DEBUG:root:Real time1487903567.97

DEBUG:root:Extracted signature:bitarray('11111111001000011011101100000000111111110000011111111000010111111100001110011001011011101101111111101000111000111101111100111011101101111111000011100101111001111100101110011111000011110011100001110011100101110011001010001100101001110101011111001111100111100111011101101000')
DEBUG:root:Matched frame over all scan:660

DEBUG:root:Errors over all scan:9

DEBUG:root:Result:replica detected
DEBUG:root:Match or Not:True
DEBUG:root:Real time1487903568.17

DEBUG:root:Extracted signature:bitarray('11111101001000011111101100000001111111010000011111111000011111101000001110011001011011101101101111101000111000111101111100111011101101111011000011100101111000111100101110011111000011110011100001110011100101100011001010001100101001110101011111001111100111100111011101101000')
DEBUG:root:Matched frame over all scan:660

DEBUG:root:Errors over all scan:18

DEBUG:root:Result:replica detected
DEBUG:root:Match or Not:True
DEBUG:root:Real time1487903568.37

DEBUG:root:Extracted signature:bitarray('11111111001000011111101001000001111110010000011111111000011111101100001110011011011011101101001111110000111100111101111100111011101101111011000001100101110001001100101111100011000011110011100001110011100101100011001010001100101001100101011111001111100111100111011101101000')
DEBUG:root:Matched frame over all scan:672

DEBUG:root:Errors over all scan:28

DEBUG:root:Result:replica detected
DEBUG:root:Match or Not:True
DEBUG:root:Real time1487903568.57

DEBUG:root:Extracted signature:bitarray('11111111011100000111111001000100111111000011011111111001101111111000101111111011010011101100011111100001111000111101111100011001101101111011010001100101111011011100101111101110001011110011000101110011100101100111001010001100101001100101011111001111100111100011001101101000')
DEBUG:root:Matched frame over all scan:663

DEBUG:root:Errors over all scan:13

DEBUG:root:Result:replica detected
DEBUG:root:Match or Not:True
DEBUG:root:Real time1487903568.78

DEBUG:root:Extracted signature:bitarray('11111111001000011111111100000001111111000001011111111000001111101100101111011001010111100010011000110001110000111101111100011001101101111011000011100101111001111100101111001111001011110011100101110011100101100111001010001100101001100101011111001111100111100011001101101000')
DEBUG:root:Matched frame over all scan:664

DEBUG:root:Errors over all scan:10

DEBUG:root:Result:replica detected
DEBUG:root:Match or Not:True
DEBUG:root:Real time1487903568.98

DEBUG:root:Extracted signature:bitarray('11111111001000011111111100000101111111000001011111101000101111101100101111011000110011100010011111110001111000111101011100111001101101011011000001100101111001111100101110001111001011110011100101110011100101100011001010001100101001100101011111001111100111100111001101101000')
DEBUG:root:Matched frame over all scan:664

DEBUG:root:Errors over all scan:9

DEBUG:root:Result:replica detected
DEBUG:root:Match or Not:True
DEBUG:root:Real time1487903569.18

DEBUG:root:Extracted signature:bitarray('11111111000000011111111100000001111111000001011111101000001111101100001111011000110111100010010110110001111000111101011100011001101101011011000001100101111001111100101110001111001011110011100101110011100101100011001010001100101001100101011111001111100111100011001101101000')
DEBUG:root:Matched frame over all scan:665

DEBUG:root:Errors over all scan:8

DEBUG:root:Result:replica detected
DEBUG:root:Match or Not:True
DEBUG:root:Real time1487903569.38

DEBUG:root:Extracted signature:bitarray('11111111011000001111111100000101111111010001011111101000001111101100001111111001010011111100011111100001111000111101011100111001101101011011000001100101111001111100101110001111001011110011100101110011100101100011001010001100101001110101011111001111100111100111001101101000')
DEBUG:root:Matched frame over all scan:667

DEBUG:root:Errors over all scan:5

DEBUG:root:Result:replica detected
DEBUG:root:Match or Not:True
DEBUG:root:Real time1487903569.58

DEBUG:root:Extracted signature:bitarray('11111111001000001111111100000101111111010001011111111000001111111100001111111001010111101100010111100001111000111101011100111001101101011011000001100101111001011100101110001111001011110011100101110011100101100011001010001100101001110101111111011111100111100111001101101000')
DEBUG:root:Matched frame over all scan:669

DEBUG:root:Errors over all scan:6

DEBUG:root:Result:replica detected
DEBUG:root:Match or Not:True
DEBUG:root:Real time1487903569.78

DEBUG:root:Extracted signature:bitarray('11111111011000001111111100000101111111000001011111101000001111101100001111011100010111111000011111100001111000111001011100111001101101011111100001100101111001011100101110001111001011110011100101110001100101100011101010001110101001111101101111011111100011100111001101101000')
DEBUG:root:Matched frame over all scan:668

DEBUG:root:Errors over all scan:14

DEBUG:root:Result:replica detected
DEBUG:root:Match or Not:True
DEBUG:root:Under real time Point counter:0.202956199646

DEBUG:root:Extracted signature:bitarray('11111111011000001111111100000001111111000000011111101100001111101100001111111100010111111000011111100001111000111001111100111011101101011011100001100101111001011100101110001111001011110011100101110011100101100011101010001110101001111101101111011111100011100111011101101000')
DEBUG:root:Matched frame over all scan:670

DEBUG:root:Errors over all scan:12

DEBUG:root:Result:replica detected
DEBUG:root:Match or Not:True
DEBUG:root:Real time1487903570.18

DEBUG:root:Extracted signature:bitarray('11111111001000011111111001000001111111010000011111101000011011101100001111111100010111111100011111100001111000111001111100111011101101011011000001100101111000011100101110011111001011110011100101110011100101100011001010001110101001111101111111001111100111100111011101101000')
DEBUG:root:Matched frame over all scan:670

DEBUG:root:Errors over all scan:12

DEBUG:root:Result:replica detected
DEBUG:root:Match or Not:True
DEBUG:root:Real time1487903570.38

DEBUG:root:Extracted signature:bitarray('11111001111000010011001111000010111111110000111111011000011100111100011000011001110001101111000101110000111100011111111100111011101101011011000011100101110001111100101110001111000011110011100001110011100101100011001010001100101001110101101111001111100111100111011101101000')
DEBUG:root:Matched frame over all scan:672

DEBUG:root:Errors over all scan:23

DEBUG:root:Result:replica detected
DEBUG:root:Match or Not:True
DEBUG:root:Real time1487903570.58

DEBUG:root:Extracted signature:bitarray('11110011111000010010011111000011111111110000111110011000011100011100011000011100100001111010000111111000111100111100111101111011101101011011000011100101110001111100101111001111001011110011100101110011100101100111001010001100101001110101111101001111101111101111011101100000')
DEBUG:root:Matched frame over all scan:673

DEBUG:root:Errors over all scan:18

DEBUG:root:Result:replica detected
DEBUG:root:Match or Not:True
DEBUG:root:Real time1487903570.78

DEBUG:root:Extracted signature:bitarray('11111111011000011011111011100010011111111000100110011100010000011100011000011100100001101110001001110000011000111100111101110011101100011011000001100101111001011100101110001111001011110011100101110011100101100011001010001110101001110101011111011111101111101110011001101000')
DEBUG:root:Matched frame over all scan:673

DEBUG:root:Errors over all scan:36

DEBUG:root:Result:replica detected
DEBUG:root:Match or Not:True
DEBUG:root:Real time1487903570.98

DEBUG:root:Extracted signature:bitarray('10011111111000010011111111000010111100110000111110001100011110001100011100011100110001110010001100011000011100001110001100011110010000011011000001100101111001111100001110001111000011110011100101110011100101100011001010001100101001100101011111001111100001100011001100110000')
DEBUG:root:Matched frame over all scan:674

DEBUG:root:Errors over all scan:43

DEBUG:root:Result:replica detected
DEBUG:root:Match or Not:True
DEBUG:root:Real time1487903571.18

DEBUG:root:Extracted signature:bitarray('11111110001100000111111001000001111111010000011111111000001111111100001111111000011111100001111100101111111011111101111101011001101101011011000011100101111001111100101110101111001011110011100101110011100101100011001010001100101001110101011111011110101110101111001100101000')
DEBUG:root:Matched frame over all scan:669

DEBUG:root:Errors over all scan:33

DEBUG:root:Result:replica detected
DEBUG:root:Match or Not:True
DEBUG:root:Real time1487903571.38

DEBUG:root:Extracted signature:bitarray('11111111111000001111111111000101111111110001011111101101101111101111101111111100011111110001111100010000000100000010100100111011101101011011000001100101111001111100101110101111001011110011100101110011100101100011001010001100101001110101011110011111001111001110011001101000')
DEBUG:root:Matched frame over all scan:685

DEBUG:root:Errors over all scan:35

DEBUG:root:Result:replica detected
DEBUG:root:Match or Not:True
DEBUG:root:Real time1487903571.58

DEBUG:root:Extracted signature:bitarray('11111111011100011111001111100001110111111000011111011100000111011110001111111100011111110001111101101000001101010001011100111011101100011001100001100101111001001100101110000011001011110011100101110011100101100011101010001110101001110101001110010111001111001110011101101000')
DEBUG:root:Matched frame over all scan:678

DEBUG:root:Errors over all scan:32

DEBUG:root:Result:replica detected
DEBUG:root:Match or Not:True
DEBUG:root:Real time1487903571.79

DEBUG:root:Extracted signature:bitarray('11111111000000011111111001100001111101111000011110111100001101111110000111011100010001110011101100010001111000111101111101111011101101011011000001100101111001011100101110000111001011110011100101110011100101100011001010001100101001100001011110011111001111001110011101101000')
DEBUG:root:Matched frame over all scan:678

DEBUG:root:Errors over all scan:24

DEBUG:root:Result:replica detected
DEBUG:root:Match or Not:True
DEBUG:root:Real time1487903571.99

DEBUG:root:Extracted signature:bitarray('11111111011100001111111111100101111111111001011111011100001111011110001100111100010011110000111100000001111001111101111101111011101101011011000011100101111001111100101111101111001011110011100101110011100101100011001010001100001001100001011110011111001111001110011101101000')
DEBUG:root:Matched frame over all scan:681

DEBUG:root:Errors over all scan:7

DEBUG:root:Result:replica detected
DEBUG:root:Match or Not:True
DEBUG:root:Real time1487903572.19

DEBUG:root:Extracted signature:bitarray('11111101011100001111111111100101111110111001011111011100001111001110001111011100010011110001111110100001111001111101111101111011101101011011100001100101111001011100101110001111001011110011100101110001100101100011001010001100101001110001011110011111001111001110011101101000')
DEBUG:root:Matched frame over all scan:683

DEBUG:root:Errors over all scan:14

DEBUG:root:Result:replica detected
DEBUG:root:Match or Not:True
DEBUG:root:Real time1487903572.39

DEBUG:root:Extracted signature:bitarray('11111001011000001111101011000101111110111001011111011100001111011110001100111100010011110001111110100001111001111101111101111011101101011011000011100101111001111100101111101111001011110011100101110011100101100011001010001100001001110001011110011111001111001110011101101000')
DEBUG:root:Matched frame over all scan:682

DEBUG:root:Errors over all scan:7

DEBUG:root:Result:replica detected
DEBUG:root:Match or Not:True
DEBUG:root:Real time1487903572.59

DEBUG:root:Extracted signature:bitarray('11111000011000001111001011000101111110110001011111011100001111011110001100111100010011110000111100000001110001111001111101111011101101011011000011100101111001111100101111001111001011110011100101110011100101100111001010001100001001100001111110011111001111001110011101101000')
DEBUG:root:Matched frame over all scan:681

DEBUG:root:Errors over all scan:12

DEBUG:root:Result:replica detected
DEBUG:root:Match or Not:True
DEBUG:root:Real time1487903572.79

DEBUG:root:Extracted signature:bitarray('11111000011000001111101011000101111110111001011111011100001111011110001101111100010011110001111110000001111001111001111101111011101101011011000011100101111001111100101111101111001011110011100101110011100101100011001010001100001001110001111110011111001111001110011001101000')
DEBUG:root:Matched frame over all scan:683

DEBUG:root:Errors over all scan:8

DEBUG:root:Result:replica detected
DEBUG:root:Match or Not:True
DEBUG:root:Real time1487903572.99

DEBUG:root:Extracted signature:bitarray('11111001011000000111111011000001111110110001011111011100001111011110001111111100010111110000011110000111110011111001111101111011101101111011000011100101111001011100101111001111001011110011100101110011100101100111001010001100001001110001111110011111001111001110011101101000')
DEBUG:root:Matched frame over all scan:682

DEBUG:root:Errors over all scan:13

DEBUG:root:Result:replica detected
DEBUG:root:Match or Not:True
DEBUG:root:Real time1487903573.19

DEBUG:root:Extracted signature:bitarray('11111111011000001111111111000001111111110001011111111000001111111110001101111100010011110000001111000001110001111001111101111011101101011011000001100101111001111100101110001111001011110011100101110011100101100011000010001100001001111001111110011111001111001110011001101000')
DEBUG:root:Matched frame over all scan:685

DEBUG:root:Errors over all scan:10

DEBUG:root:Result:replica detected
DEBUG:root:Match or Not:True
DEBUG:root:Real time1487903573.39

DEBUG:root:Extracted signature:bitarray('11111111011000000111111011000001111110110000011111011000001111111110001101111100010011110000011111000001111001111101111101111011101101011011000001100101111001111100101110001111001011110011100101110011100101100011000010001100001001111001111110011111001111001110011001101000')
DEBUG:root:Matched frame over all scan:688

DEBUG:root:Errors over all scan:9

DEBUG:root:Result:replica detected
DEBUG:root:Match or Not:True
DEBUG:root:Real time1487903573.59

DEBUG:root:Extracted signature:bitarray('11111111011000000111111011000001111111110000011111111100001111111110001111111100010011110000011111000011111001111101111101111011101101011011000001100101111001111100101110001111001011110011100101110011100101100011000010001100001001111001111110011111001111001110011001101000')
DEBUG:root:Matched frame over all scan:688

DEBUG:root:Errors over all scan:6

DEBUG:root:Result:replica detected
DEBUG:root:Match or Not:True
DEBUG:root:Real time1487903573.79

DEBUG:root:Extracted signature:bitarray('11111111111000000111111111000001111111111000011111111100001111111110001111111100010111110000011111000011111001111101111001111011101101011011000001100101111001011100101110001111001011110011100101110011100101100011000010001100001001111001111110011111001111001110011001101000')
DEBUG:root:Matched frame over all scan:688

DEBUG:root:Errors over all scan:10

DEBUG:root:Result:replica detected
DEBUG:root:Match or Not:True
DEBUG:root:Real time1487903573.99

DEBUG:root:Extracted signature:bitarray('11111111011000000111111111000001111111110000011111111100001111111110001111111100010011110000011111000011111001111101111101111011101101011011000011100101111001111100101111001111001011110011100101110011100101100111001010001100001001110001011110011111001111001110011001101000')
DEBUG:root:Matched frame over all scan:691

DEBUG:root:Errors over all scan:1

DEBUG:root:Result:replica detected
DEBUG:root:Match or Not:True
DEBUG:root:Real time1487903574.19

DEBUG:root:Extracted signature:bitarray('11111111011000000111111111000001111111110000011111111100001111111110001111111100010011110000011111000011111001111101111001111011101101011011000001100101111001111100101111001111001011110011100101110011100101100011001010001100001001110001011110011111001111001110011001101000')
DEBUG:root:Matched frame over all scan:691

DEBUG:root:Errors over all scan:2

DEBUG:root:Result:replica detected
DEBUG:root:Match or Not:True
DEBUG:root:Real time1487903574.39

DEBUG:root:Extracted signature:bitarray('11111111011000000111111111000001111111110000011111111100001111111110001101111100010011110000011111000011111001111101111001111011101101011011000001100101111001111100101111101111001011110011100101110011100101100011001010001100001001110001011110011111001111001110011001101000')
DEBUG:root:Matched frame over all scan:691

DEBUG:root:Errors over all scan:4

DEBUG:root:Result:replica detected
DEBUG:root:Match or Not:True
DEBUG:root:Real time1487903574.59

DEBUG:root:Extracted signature:bitarray('11100000000000011000000000010010000010000111100001000111110000000111111000000111100000001110000000010000000100000010100011000100001101111100000000000111000000100000111000010000111110001000111100100000111101000001111000000111100000001110000111000011100111100111001100101000')
DEBUG:root:Matched frame over all scan:693

DEBUG:root:Errors over all scan:15

DEBUG:root:Result:replica detected
DEBUG:root:Match or Not:True
DEBUG:root:Real time1487903574.79

DEBUG:root:Extracted signature:bitarray('11100000000010011000000000010010000010000100100001000011110000000111101000001111000000011100000011110000000100000010000111000100001101111110000000001111000000000001111000010000011110001000011110100000011101000000111010000011100000011100000111000011100111100111001100101000')
DEBUG:root:Matched frame over all scan:693

DEBUG:root:Errors over all scan:14

DEBUG:root:Result:replica detected
DEBUG:root:Match or Not:True
DEBUG:root:Real time1487903575.0

DEBUG:root:Extracted signature:bitarray('11110000000010011000000000010010000010000000100001000011110000000111111000001111100000011110000011110000011100000110000111000100000101111111100000001111000000000001111000010000011110001100001110000000011101000000111010000011100000011100000111000011100011100111001100101000')
DEBUG:root:Matched frame over all scan:694

DEBUG:root:Errors over all scan:11

DEBUG:root:Result:replica detected
DEBUG:root:Match or Not:True
DEBUG:root:Real time1487903575.2

DEBUG:root:Extracted signature:bitarray('11100000000010011000000000010010000010000100100001100000110000000110011000001100100000110010000110010001110100011100001101111111111100011111100000001111000000000001111000010000011110001000001110000000011111000000011010000001100000001100000111000011100011100111001100101000')
DEBUG:root:Matched frame over all scan:696

DEBUG:root:Errors over all scan:21

DEBUG:root:Result:replica detected
DEBUG:root:Match or Not:True
DEBUG:root:Real time1487903575.4

DEBUG:root:Extracted signature:bitarray('11100000000010011000000000010010000010000100100001000001110000000000111000000000100011000010011000010110000101110000111101110011001101111110100000001111000000000001111000010000011110001000001110100000011111000000011110000001110000011100000111000011100111100111001100101000')
DEBUG:root:Matched frame over all scan:697

DEBUG:root:Errors over all scan:16

DEBUG:root:Result:replica detected
DEBUG:root:Match or Not:True
DEBUG:root:Real time1487903575.6

DEBUG:root:Extracted signature:bitarray('11100000000010011000000000010010000010000100100001000010110000000000111000000000100011000010011000010110000111110000111001110011001111111110000000001111000000000001111000010000011110001000011110100000011111000000011110000001110000011100000111000111100111100111001100101000')
DEBUG:root:Matched frame over all scan:697

DEBUG:root:Errors over all scan:18

DEBUG:root:Result:replica detected
DEBUG:root:Match or Not:True
DEBUG:root:Real time1487903575.8

DEBUG:root:Extracted signature:bitarray('11100000000010011000000000010010000010000100100001000010110000000000111000000000100000000010110000011100000110100010110101111011101101011111000000000111000000000001111000010000011110001000011110100000011111000000011110000001110000011100000111000011100111100111001100101000')
DEBUG:root:Matched frame over all scan:697

DEBUG:root:Errors over all scan:20

DEBUG:root:Result:replica detected
DEBUG:root:Match or Not:True
DEBUG:root:Real time1487903576.0

DEBUG:root:Extracted signature:bitarray('11100000000010011000000000010010000011000100100001100001110000000001111000000000100000000010100000111000001100001110001110011101101100011111100000001111000000000001111000010000011110001000011110000000011111000000011110000001110000001100000111000011100111100111001100101000')
DEBUG:root:Matched frame over all scan:699

DEBUG:root:Errors over all scan:15

DEBUG:root:Result:replica detected
DEBUG:root:Match or Not:True
DEBUG:root:Real time1487903576.2

DEBUG:root:Extracted signature:bitarray('11110000000010011000000000010010000010000100100001000010110000000000111000000000100000000010000000011000000100001110001110000111001111111110000000001111000000000001111000010000011110001000011110100000011111000000011110000001110000011100000111000011100111100111001100101000')
DEBUG:root:Matched frame over all scan:703

DEBUG:root:Errors over all scan:3

DEBUG:root:Result:replica detected
DEBUG:root:Match or Not:True
DEBUG:root:Real time1487903576.4

DEBUG:root:Extracted signature:bitarray('11100000000010011000000000010010000010000100100001000011110000000001111000000000100000000010000000011000001100001110001110000111001111111111100000001111000000000001111000010000011110001000001110100000011111000000111110000011110000011100000111000111100111100111001100101000')
DEBUG:root:Matched frame over all scan:702

DEBUG:root:Errors over all scan:13

DEBUG:root:Result:replica detected
DEBUG:root:Match or Not:True
DEBUG:root:Real time1487903576.6

DEBUG:root:Extracted signature:bitarray('11110000000010011000000000010010000010000100100001000001110000000001111000000000100000000010000000011000000100000110000110000100001101111111100000001111000000000001111000010000011110001000001110000000011111000000111110000011110000011100000111000011100111100111001100101000')
DEBUG:root:Matched frame over all scan:704

DEBUG:root:Errors over all scan:10

DEBUG:root:Result:replica detected
DEBUG:root:Match or Not:True
DEBUG:root:Real time1487903576.8

DEBUG:root:Extracted signature:bitarray('11100000000010011000000000010010000010000100100001000001110000000001111000000000100000000010000000011000000100000110001110001100101101011111100000001111000000000001111000010000011110001000011110000000011111000000011110000001110000001110000111000011100111100111001100101000')
DEBUG:root:Matched frame over all scan:704

DEBUG:root:Errors over all scan:10

DEBUG:root:Result:replica detected
DEBUG:root:Match or Not:True
DEBUG:root:Real time1487903577.0

DEBUG:root:Extracted signature:bitarray('11110000000000011000000000010010000010000100100001000001110000000001111000000000100000000010000000011000000100001110001110000100001101111111100000001111000000000001111000010000011110001000001110100000011111000000011110000001110000011110000111000011100111100111001100101000')
DEBUG:root:Matched frame over all scan:705

DEBUG:root:Errors over all scan:4

DEBUG:root:Result:replica detected
DEBUG:root:Match or Not:True
DEBUG:root:Real time1487903577.2

DEBUG:root:Extracted signature:bitarray('10011111111011100011111110011100111111101111011111001111001111000110001111001100011100111101000011100111111011111101001100011011101010010011110010000111011111010001001111110110010011110001111011111000110011110100110111000011011000011001000110000011100011100111011101101000')
DEBUG:root:Matched frame over all scan:706

DEBUG:root:Errors over all scan:19

DEBUG:root:Result:replica detected
DEBUG:root:Match or Not:True
DEBUG:root:Real time1487903577.4

DEBUG:root:Extracted signature:bitarray('10011110110011100011111110011100111111100111011111101111001111001110001111001100011100110001000111100001111000111100001100011001111010010011110110000010011111010001001111110110010011110001111011111000110011111000100111010011011000011011000110100011100011100111011010010000')
DEBUG:root:Matched frame over all scan:706

DEBUG:root:Errors over all scan:21

DEBUG:root:Result:replica detected
DEBUG:root:Match or Not:True
DEBUG:root:Real time1487903577.6

DEBUG:root:Extracted signature:bitarray('10011110110010000011111111011100111111111111011111001111101111100111001111001100011101111001000111100000111000011100011100011001111010010011110010000010011111010001001111110010010011110001111001111000110011111100110111010011011000011001000111000011100011100111011110111000')
DEBUG:root:Matched frame over all scan:708

DEBUG:root:Errors over all scan:11

DEBUG:root:Result:replica detected
DEBUG:root:Match or Not:True
DEBUG:root:Real time1487903577.8

DEBUG:root:Extracted signature:bitarray('10011110110011000011111111011100111111111111011111001111101111001111001110011100011001111101001011100000111010011100001100011001011010010011110010000010011111010001001111110010010011110001111001111000111011111100110111010011011000011001000011000011100011100111011010010000')
DEBUG:root:Matched frame over all scan:709

DEBUG:root:Errors over all scan:7

DEBUG:root:Result:replica detected
DEBUG:root:Match or Not:True
DEBUG:root:Real time1487903578.0

DEBUG:root:Extracted signature:bitarray('10011110111011000011111111011100111110111111001111001111101111001111001110011100011001111101001011100000111010011100001100011001011010010011110010000010011111000001001111110010010011110001111001111000111011110100110111010011011000011001000011000011100011100111011100110000')
DEBUG:root:Matched frame over all scan:709

DEBUG:root:Errors over all scan:3

DEBUG:root:Result:replica detected
DEBUG:root:Match or Not:True
DEBUG:root:Real time1487903578.2

DEBUG:root:Extracted signature:bitarray('10011111110011100011111111011100111111111111001111001111101111001111001110011100011001111101001011100001111000111100001100011001011010010011110010000010011111000001001111100011110011110001111001111000110011111100110110010011011000011001000011000011100011100111011110110000')
DEBUG:root:Matched frame over all scan:711

DEBUG:root:Errors over all scan:9

DEBUG:root:Result:replica detected
DEBUG:root:Match or Not:True
DEBUG:root:Real time1487903578.4

DEBUG:root:Extracted signature:bitarray('10011110110011000011110111011100111111111111011111001111101111001110001111011100011101110001001111100000111000111100011100011000110010010011110010000010011111010001001111110010110011110001111001110001110011110100100111010011011000011001000111000111100111101101010110011000')
DEBUG:root:Matched frame over all scan:713

DEBUG:root:Errors over all scan:20

DEBUG:root:Result:replica detected
DEBUG:root:Match or Not:True
DEBUG:root:Real time1487903578.6

DEBUG:root:Extracted signature:bitarray('10011110110011100011111111011100111111111111011111001111101111001111001110011100011001111101000011100000111000011100001100000100010010110011110010000010011111000001001111110010110011110001111001111000110011111100110110010011011000011011000011000001100000100001100110010000')
DEBUG:root:Matched frame over all scan:712

DEBUG:root:Errors over all scan:15

DEBUG:root:Result:replica detected
DEBUG:root:Match or Not:True
DEBUG:root:Real time1487903578.8

DEBUG:root:Extracted signature:bitarray('10011110110011000011111111011100111111111111011111001111101111001111001111001100011100110001000111100000111010011100011100011000101111010011110010000010011111010001001111110010110011110001111001111001110011110000110111010011011000011001000111000011100011100111011101011000')
DEBUG:root:Matched frame over all scan:713

DEBUG:root:Errors over all scan:13

DEBUG:root:Result:replica detected
DEBUG:root:Match or Not:True
DEBUG:root:Real time1487903579.0

DEBUG:root:Extracted signature:bitarray('10011110110011000011111111011100111111111111011111001111101111001111001111001100011101110001000111100000111010011100001100011000100111110011110010000010011111010001001111110010010011110001111001111000110011110100110111010011011000011111000011000001100001101001000100101000')
DEBUG:root:Matched frame over all scan:715

DEBUG:root:Errors over all scan:13

DEBUG:root:Result:replica detected
DEBUG:root:Match or Not:True
DEBUG:root:Real time1487903579.2

DEBUG:root:Extracted signature:bitarray('10011110110011100011111111011100111111111111011111001111101111001110001111001100011100111101000111100000111000011100011100011000000011110011110010000011011111010001001111100010110011110001111001111000110011111100110110010011011000001111000011000011100011101001010100101000')
DEBUG:root:Matched frame over all scan:715

DEBUG:root:Errors over all scan:11

DEBUG:root:Result:replica detected
DEBUG:root:Match or Not:True
DEBUG:root:Real time1487903579.41

DEBUG:root:Extracted signature:bitarray('10011110110011100011111111011100111111111111011111101111101111100110001111001100011101111101000111100000111010011100011100001000110111110011110010000010011111010001001111110110010011110001111001111000110011111100110111010011011000011001000111000011100111100111010111010000')
DEBUG:root:Matched frame over all scan:717

DEBUG:root:Errors over all scan:12

DEBUG:root:Result:replica detected
DEBUG:root:Match or Not:True
DEBUG:root:Real time1487903579.61

DEBUG:root:Extracted signature:bitarray('10011110110011100011111111011101111111111111011111111111101111100110001111001100011101111001000111100000111010011100011100001000110111110011110010000010011111010001001111110110010011110001111001111000110011111000110111010011011000011011000111000011100011100111010010010000')
DEBUG:root:Matched frame over all scan:717

DEBUG:root:Errors over all scan:16

DEBUG:root:Result:replica detected
DEBUG:root:Match or Not:True
DEBUG:root:Real time1487903579.81

DEBUG:root:Extracted signature:bitarray('10011110110011100011110111011100111111111111011111001111101111001110001111011100011101111001000011100000111000011100001100001100110111110011110010000010011111010001001111110110010011110001111001111000110011111100110111010011011000011001000111010011100111100111010011010000')
DEBUG:root:Matched frame over all scan:718

DEBUG:root:Errors over all scan:8

DEBUG:root:Result:replica detected
DEBUG:root:Match or Not:True
DEBUG:root:Real time1487903580.01

DEBUG:root:Extracted signature:bitarray('10011101111010100011111110010000011111100110000111000111001111001110001110011100111001100011000011110000110100011100001100011001101111111001111100000011001111100000011001111000010110111000011011110000011011100000010110000000011000000011000000100010100010100011010101101000')
DEBUG:root:Matched frame over all scan:803

DEBUG:root:Errors over all scan:73

DEBUG:root:Result:tau3_fail
DEBUG:root:Match or Not:False
DEBUG:root:Real time1487903580.21

DEBUG:root:Extracted signature:bitarray('10011100110010000011111110011000111111101110001111000111101111001111101110001100011100111000010011100101111010111100111101111011101111110011110000010010011111110000010011111100000001111000110001111001100011110000000111100001011010011011000100100110100011101110010101101000')
DEBUG:root:Matched frame over all scan:720

DEBUG:root:Errors over all scan:28

DEBUG:root:Result:replica detected
DEBUG:root:Match or Not:True
DEBUG:root:Real time1487903580.41

DEBUG:root:Extracted signature:bitarray('10011100110011110011100110011000101101100110011111111111101111101111101111001100011100110110010111101101111000111100111101111011101111110011100100011010011100110000000111001100000011001110111011001111100001111100100111100010011000000011001100100110000111101110011001101000')
DEBUG:root:Matched frame over all scan:721

DEBUG:root:Errors over all scan:14

DEBUG:root:Result:replica detected
DEBUG:root:Match or Not:True
DEBUG:root:Real time1487903580.61

DEBUG:root:Extracted signature:bitarray('10011100010011110011110110010000111111100111001111001111101111001111101110011100011101100101001111100001111001111101111100111011101111111011110000010011011110000000010111111100000011111000001001111001111001110111100011111000011010000011001100010111000011100111011001101000')
DEBUG:root:Matched frame over all scan:723

DEBUG:root:Errors over all scan:18

DEBUG:root:Result:replica detected
DEBUG:root:Match or Not:True
DEBUG:root:Real time1487903580.81

DEBUG:root:Extracted signature:bitarray('10011110111111101011110111011000101111100110000111100011101111000111101011011100000101110000000111100001111010111100111100111011111111111011110000100011001111000010011001111100000110011100011011001101111011000011110101111110011100000011011000100110100110101101010010011000')
DEBUG:root:Matched frame over all scan:723

DEBUG:root:Errors over all scan:62

DEBUG:root:Result:tau3_fail
DEBUG:root:Match or Not:False
DEBUG:root:Real time1487903581.01

DEBUG:root:Extracted signature:bitarray('10011100010011010011110110010000111111100111001111000111101111001111101110011100011101110001111111100011111011111101111100111011101110011011110000010011011110000000010011111100000111111100001001111001111001110111100011111000011011000011001100010111100011100111011011101000')
DEBUG:root:Matched frame over all scan:724

DEBUG:root:Errors over all scan:10

DEBUG:root:Result:replica detected
DEBUG:root:Match or Not:True
DEBUG:root:Real time1487903581.21

DEBUG:root:Extracted signature:bitarray('10011100110011100011110110011000111111100110011111000111101111001111101111001111011111110100011111100111111011111101111100111011101111011111110000001011001110000000010111100110000011111110010001111110110001111101010011111000011011000011000000110111000110100101010001101000')
DEBUG:root:Matched frame over all scan:725

DEBUG:root:Errors over all scan:26

DEBUG:root:Result:replica detected
DEBUG:root:Match or Not:True
DEBUG:root:Real time1487903581.41

DEBUG:root:Extracted signature:bitarray('10011100110001100011100110010000111101100100011110011000001111111001101111100111011110011010000011110000111010011110001100111011111111111111110000001010011110000000000111100110000011110011100011011110100011111100000111110000011010000011100000110001010001011010110011011000')
DEBUG:root:Matched frame over all scan:727

DEBUG:root:Errors over all scan:20

DEBUG:root:Result:replica detected
DEBUG:root:Match or Not:True
DEBUG:root:Real time1487903581.61

DEBUG:root:Extracted signature:bitarray('10011100110011100011100110011100111101100110011111110000001111110001101111100100011110010011000011010000111010011110001100111011111110011111110000101010011110000001000111100110000011110011000011011110100011011101000111110000011010000011100000110001010001011000110010101000')
DEBUG:root:Matched frame over all scan:727

DEBUG:root:Errors over all scan:10

DEBUG:root:Result:replica detected
DEBUG:root:Match or Not:True
DEBUG:root:Real time1487903581.81

DEBUG:root:Extracted signature:bitarray('10011110110011000011110110011100111111100111011111100000001111110000101111100101011110010011000011010000111010011100001110011111111110011111110000100010011110000000000111100110000011110011000011011110100011011101000111110000011011000011100000110001010001010000110011011000')
DEBUG:root:Matched frame over all scan:727

DEBUG:root:Errors over all scan:25

DEBUG:root:Result:replica detected
DEBUG:root:Match or Not:True
DEBUG:root:Real time1487903582.01

DEBUG:root:Extracted signature:bitarray('11111111110010101011100111001100111111110011011111100110001111110110001111100100010110010010010011000100111010011100011101111011101010111111110000000011001100110000010011101110000011111001110011001110110011001100010110011001011000001011000010110001010001011110011010011000')
DEBUG:root:Matched frame over all scan:729

DEBUG:root:Errors over all scan:22

DEBUG:root:Result:replica detected
DEBUG:root:Match or Not:True
DEBUG:root:Real time1487903582.21

DEBUG:root:Extracted signature:bitarray('11111000110000101011100111001100011101100111001111000111101111000110101111001110011110010000010011100101111010111100011101111011111110011111100110000011101110011000011011100100010101110000001001111000001001110000110111100011011000001011001000100110010110101101010010010000')
DEBUG:root:Matched frame over all scan:730

DEBUG:root:Errors over all scan:9

DEBUG:root:Result:replica detected
DEBUG:root:Match or Not:True
DEBUG:root:Real time1487903582.41

DEBUG:root:Extracted signature:bitarray('11111100111000101011100111101100011101101111001111000111101111100110001111001100011110010000110011100111111011111100111101111011111111011111100111000011101110011000011011100100010101110000001001111000011001110000110011100011011000001011001000100110010110101101010110111000')
DEBUG:root:Matched frame over all scan:732

DEBUG:root:Errors over all scan:15

DEBUG:root:Result:replica detected
DEBUG:root:Match or Not:True
DEBUG:root:Real time1487903582.61

DEBUG:root:Extracted signature:bitarray('11111000111000101011110111001100011111100111001111000110101111000110001111000100011110010000110011100101111010111100011101111011111010011111110110000011101110011000011011100110010101110000001011110000001001110000110011110011011100001011001000100110010110101101010010011000')
DEBUG:root:Matched frame over all scan:731

DEBUG:root:Errors over all scan:11

DEBUG:root:Result:replica detected
DEBUG:root:Match or Not:True
DEBUG:root:Real time1487903582.81

DEBUG:root:Extracted signature:bitarray('11111100110000101111100111001100011101100111001111000111001111000110001111000011011110010100110011100100111010111100111101111011111110011111100010000011101110011000011011100110010111110000001001110000001001110100010011110001011100011011000110100011010110001101010010011000')
DEBUG:root:Matched frame over all scan:733

DEBUG:root:Errors over all scan:15

DEBUG:root:Result:replica detected
DEBUG:root:Match or Not:True
DEBUG:root:Real time1487903583.01

DEBUG:root:Extracted signature:bitarray('10111000111000101111110111001100011110110111001111001111001111001110001111001101011110110001110111100101111010011100011101111011101110011111100110000011101110011000011011100110010101110000011001110000001001110000010011110001011110001011000110000011000011001101011010111000')
DEBUG:root:Matched frame over all scan:734

DEBUG:root:Errors over all scan:22

DEBUG:root:Result:replica detected
DEBUG:root:Match or Not:True
DEBUG:root:Real time1487903583.21

DEBUG:root:Extracted signature:bitarray('11111000111010001011110111011100011100110111001111001111101111001101101110110011011011111101011011100110111011011100011100111001101110011111110110000011101110011001011011100110010101110000011001110000001001110110010011110001011110011011000110010011010110010101011001010000')
DEBUG:root:Matched frame over all scan:736

DEBUG:root:Errors over all scan:11

DEBUG:root:Result:replica detected
DEBUG:root:Match or Not:True
