DEBUG:root:Under real time Point counter:2.59876251221e-05

DEBUG:root:Matched frame over all scan:866

DEBUG:root:Errors over all scan:91

DEBUG:root:Real time1486862889.56

DEBUG:root:Matched frame over all scan:495

DEBUG:root:Errors over all scan:94

DEBUG:root:Real time1486862889.76

DEBUG:root:Matched frame over all scan:1104

DEBUG:root:Errors over all scan:94

DEBUG:root:Real time1486862889.96

DEBUG:root:Matched frame over all scan:577

DEBUG:root:Errors over all scan:89

DEBUG:root:Real time1486862890.16

DEBUG:root:Matched frame over all scan:888

DEBUG:root:Errors over all scan:89

DEBUG:root:Real time1486862890.36

DEBUG:root:Matched frame over all scan:433

DEBUG:root:Errors over all scan:89

DEBUG:root:Real time1486862890.56

DEBUG:root:Matched frame over all scan:84

DEBUG:root:Errors over all scan:78

DEBUG:root:Real time1486862890.76

DEBUG:root:Matched frame over all scan:1223

DEBUG:root:Errors over all scan:88

DEBUG:root:Real time1486862890.96

DEBUG:root:Matched frame over all scan:496

DEBUG:root:Errors over all scan:91

DEBUG:root:Real time1486862891.16

DEBUG:root:Matched frame over all scan:501

DEBUG:root:Errors over all scan:84

DEBUG:root:Real time1486862891.36

DEBUG:root:Matched frame over all scan:246

DEBUG:root:Errors over all scan:93

DEBUG:root:Real time1486862891.56

DEBUG:root:Matched frame over all scan:1015

DEBUG:root:Errors over all scan:95

DEBUG:root:Real time1486862891.76

DEBUG:root:Matched frame over all scan:178

DEBUG:root:Errors over all scan:95

DEBUG:root:Real time1486862891.97

DEBUG:root:Matched frame over all scan:675

DEBUG:root:Errors over all scan:88

DEBUG:root:Real time1486862892.17

DEBUG:root:Matched frame over all scan:943

DEBUG:root:Errors over all scan:92

DEBUG:root:Real time1486862892.37

DEBUG:root:Matched frame over all scan:679

DEBUG:root:Errors over all scan:93

DEBUG:root:Real time1486862892.57

DEBUG:root:Matched frame over all scan:297

DEBUG:root:Errors over all scan:93

DEBUG:root:Real time1486862892.77

DEBUG:root:Matched frame over all scan:1366

DEBUG:root:Errors over all scan:94

DEBUG:root:Real time1486862892.97

DEBUG:root:Matched frame over all scan:1079

DEBUG:root:Errors over all scan:87

DEBUG:root:Real time1486862893.17

DEBUG:root:Matched frame over all scan:470

DEBUG:root:Errors over all scan:93

DEBUG:root:Real time1486862893.37

DEBUG:root:Matched frame over all scan:1368

DEBUG:root:Errors over all scan:89

DEBUG:root:Real time1486862893.57

DEBUG:root:Matched frame over all scan:1070

DEBUG:root:Errors over all scan:93

DEBUG:root:Real time1486862893.77

DEBUG:root:Matched frame over all scan:518

DEBUG:root:Errors over all scan:81

DEBUG:root:Real time1486862893.97

DEBUG:root:Matched frame over all scan:127

DEBUG:root:Errors over all scan:91

DEBUG:root:Real time1486862894.17

DEBUG:root:Real time1486862894.38

DEBUG:root:Matched frame over all scan:696

DEBUG:root:Errors over all scan:91

DEBUG:root:Real time1486862894.58

DEBUG:root:Matched frame over all scan:101

DEBUG:root:Errors over all scan:89

DEBUG:root:Real time1486862894.78

DEBUG:root:Matched frame over all scan:322

DEBUG:root:Errors over all scan:92

DEBUG:root:Real time1486862894.98

DEBUG:root:Matched frame over all scan:92

DEBUG:root:Errors over all scan:74

DEBUG:root:Real time1486862895.18

DEBUG:root:Matched frame over all scan:458

DEBUG:root:Errors over all scan:68

DEBUG:root:Real time1486862895.38

DEBUG:root:Matched frame over all scan:458

DEBUG:root:Errors over all scan:73

DEBUG:root:Real time1486862895.58

DEBUG:root:Matched frame over all scan:458

DEBUG:root:Errors over all scan:76

DEBUG:root:Real time1486862895.78

DEBUG:root:Matched frame over all scan:458

DEBUG:root:Errors over all scan:74

DEBUG:root:Real time1486862895.98

DEBUG:root:Matched frame over all scan:458

DEBUG:root:Errors over all scan:70

DEBUG:root:Real time1486862896.18

DEBUG:root:Matched frame over all scan:458

DEBUG:root:Errors over all scan:69

DEBUG:root:Real time1486862896.38

DEBUG:root:Matched frame over all scan:458

DEBUG:root:Errors over all scan:66

DEBUG:root:Real time1486862896.58

DEBUG:root:Matched frame over all scan:458

DEBUG:root:Errors over all scan:62

DEBUG:root:Real time1486862896.78

DEBUG:root:Matched frame over all scan:687

DEBUG:root:Errors over all scan:95

DEBUG:root:Real time1486862896.98

DEBUG:root:Matched frame over all scan:26

DEBUG:root:Errors over all scan:91

DEBUG:root:Real time1486862897.19

DEBUG:root:Matched frame over all scan:85

DEBUG:root:Errors over all scan:83

DEBUG:root:Real time1486862897.39

DEBUG:root:Matched frame over all scan:968

DEBUG:root:Errors over all scan:85

DEBUG:root:Real time1486862897.59

DEBUG:root:Matched frame over all scan:93

DEBUG:root:Errors over all scan:88

DEBUG:root:Real time1486862897.79

DEBUG:root:Matched frame over all scan:85

DEBUG:root:Errors over all scan:93

DEBUG:root:Real time1486862897.99

DEBUG:root:Matched frame over all scan:213

DEBUG:root:Errors over all scan:95

DEBUG:root:Real time1486862898.19

DEBUG:root:Matched frame over all scan:1368

DEBUG:root:Errors over all scan:88

DEBUG:root:Real time1486862898.39

DEBUG:root:Matched frame over all scan:943

DEBUG:root:Errors over all scan:93

DEBUG:root:Real time1486862898.59

DEBUG:root:Matched frame over all scan:191

DEBUG:root:Errors over all scan:96

DEBUG:root:Real time1486862898.79

DEBUG:root:Matched frame over all scan:35

DEBUG:root:Errors over all scan:98

DEBUG:root:Real time1486862898.99

DEBUG:root:Matched frame over all scan:772

DEBUG:root:Errors over all scan:97

DEBUG:root:Real time1486862899.19

DEBUG:root:Matched frame over all scan:112

DEBUG:root:Errors over all scan:94

DEBUG:root:Real time1486862899.4

DEBUG:root:Total error:5771

DEBUG:root:Match frame over 25:403

DEBUG:root:Matched frame error:98

DEBUG:root:Matched frame over all scan:110

DEBUG:root:Errors over all scan:92

DEBUG:root:Real time1486862899.6

DEBUG:root:Total error:5839

DEBUG:root:Match frame over 25:403

DEBUG:root:Matched frame error:103

DEBUG:root:Matched frame over all scan:892

DEBUG:root:Errors over all scan:89

DEBUG:root:Real time1486862899.8

DEBUG:root:Total error:5767

DEBUG:root:Match frame over 25:403

DEBUG:root:Matched frame error:100

DEBUG:root:Matched frame over all scan:110

DEBUG:root:Errors over all scan:88

DEBUG:root:Real time1486862900.0

DEBUG:root:Total error:5851

DEBUG:root:Match frame over 25:403

DEBUG:root:Matched frame error:104

DEBUG:root:Matched frame over all scan:892

DEBUG:root:Errors over all scan:94

DEBUG:root:Real time1486862900.2

DEBUG:root:Total error:5847

DEBUG:root:Match frame over 25:430

DEBUG:root:Matched frame error:101

DEBUG:root:Matched frame over all scan:212

DEBUG:root:Errors over all scan:91

DEBUG:root:Real time1486862900.4

DEBUG:root:Total error:5836

DEBUG:root:Match frame over 25:35

DEBUG:root:Matched frame error:100

DEBUG:root:Matched frame over all scan:430

DEBUG:root:Errors over all scan:90

DEBUG:root:Real time1486862900.6

DEBUG:root:Total error:5790

DEBUG:root:Match frame over 25:416

DEBUG:root:Matched frame error:89

DEBUG:root:Matched frame over all scan:416

DEBUG:root:Errors over all scan:89

DEBUG:root:Real time1486862900.8

DEBUG:root:Total error:5853

DEBUG:root:Match frame over 25:33

DEBUG:root:Matched frame error:105

DEBUG:root:Matched frame over all scan:390

DEBUG:root:Errors over all scan:93

DEBUG:root:Real time1486862901.0

DEBUG:root:Total error:5840

DEBUG:root:Match frame over 25:3

DEBUG:root:Matched frame error:101

DEBUG:root:Matched frame over all scan:357

DEBUG:root:Errors over all scan:89

DEBUG:root:Real time1486862901.2

DEBUG:root:Total error:5805

DEBUG:root:Match frame over 25:195

DEBUG:root:Matched frame error:92

DEBUG:root:Matched frame over all scan:1096

DEBUG:root:Errors over all scan:85

DEBUG:root:Real time1486862901.41

DEBUG:root:Total error:5828

DEBUG:root:Match frame over 25:979

DEBUG:root:Matched frame error:102

DEBUG:root:Matched frame over all scan:477

DEBUG:root:Errors over all scan:97

DEBUG:root:Real time1486862901.61

DEBUG:root:Total error:5848

DEBUG:root:Match frame over 25:671

DEBUG:root:Matched frame error:99

DEBUG:root:Matched frame over all scan:426

DEBUG:root:Errors over all scan:94

DEBUG:root:Real time1486862901.81

DEBUG:root:Total error:5745

DEBUG:root:Match frame over 25:975

DEBUG:root:Matched frame error:108

DEBUG:root:Matched frame over all scan:773

DEBUG:root:Errors over all scan:92

DEBUG:root:Real time1486862902.01

DEBUG:root:Total error:5819

DEBUG:root:Match frame over 25:951

DEBUG:root:Matched frame error:112

DEBUG:root:Matched frame over all scan:932

DEBUG:root:Errors over all scan:96

DEBUG:root:Real time1486862902.21

DEBUG:root:Total error:5733

DEBUG:root:Match frame over 25:659

DEBUG:root:Matched frame error:104

DEBUG:root:Matched frame over all scan:297

DEBUG:root:Errors over all scan:92

DEBUG:root:Real time1486862902.41

DEBUG:root:Total error:5828

DEBUG:root:Match frame over 25:73

DEBUG:root:Matched frame error:98

DEBUG:root:Matched frame over all scan:407

DEBUG:root:Errors over all scan:90

DEBUG:root:Real time1486862902.61

DEBUG:root:Total error:5816

DEBUG:root:Match frame over 25:47

DEBUG:root:Matched frame error:108

DEBUG:root:Matched frame over all scan:918

DEBUG:root:Errors over all scan:89

DEBUG:root:Real time1486862902.81

DEBUG:root:Total error:5860

DEBUG:root:Match frame over 25:280

DEBUG:root:Matched frame error:104

DEBUG:root:Matched frame over all scan:884

DEBUG:root:Errors over all scan:94

DEBUG:root:Real time1486862903.01

DEBUG:root:Total error:5851

DEBUG:root:Match frame over 25:742

DEBUG:root:Matched frame error:100

DEBUG:root:Matched frame over all scan:1094

DEBUG:root:Errors over all scan:90

DEBUG:root:Real time1486862903.21

DEBUG:root:Total error:5806

DEBUG:root:Match frame over 25:741

DEBUG:root:Matched frame error:107

DEBUG:root:Matched frame over all scan:892

DEBUG:root:Errors over all scan:92

DEBUG:root:Real time1486862903.41

DEBUG:root:Total error:5839

DEBUG:root:Match frame over 25:1035

DEBUG:root:Matched frame error:107

DEBUG:root:Matched frame over all scan:892

DEBUG:root:Errors over all scan:89

DEBUG:root:Real time1486862903.61

DEBUG:root:Total error:5816

DEBUG:root:Match frame over 25:449

DEBUG:root:Matched frame error:99

DEBUG:root:Matched frame over all scan:884

DEBUG:root:Errors over all scan:83

DEBUG:root:Real time1486862903.81

DEBUG:root:Total error:5812

DEBUG:root:Match frame over 25:469

DEBUG:root:Matched frame error:101

DEBUG:root:Matched frame over all scan:884

DEBUG:root:Errors over all scan:86

DEBUG:root:Real time1486862904.01

DEBUG:root:Total error:5793

DEBUG:root:Match frame over 25:458

DEBUG:root:Matched frame error:86

DEBUG:root:Matched frame over all scan:1019

DEBUG:root:Errors over all scan:79

DEBUG:root:Real time1486862904.21

DEBUG:root:Total error:5846

DEBUG:root:Match frame over 25:473

DEBUG:root:Matched frame error:100

DEBUG:root:Matched frame over all scan:1019

DEBUG:root:Errors over all scan:78

DEBUG:root:Real time1486862904.41

DEBUG:root:Total error:5804

DEBUG:root:Match frame over 25:388

DEBUG:root:Matched frame error:100

DEBUG:root:Matched frame over all scan:281

DEBUG:root:Errors over all scan:92

DEBUG:root:Real time1486862904.61

DEBUG:root:Total error:5777

DEBUG:root:Match frame over 25:822

DEBUG:root:Matched frame error:96

DEBUG:root:Matched frame over all scan:416

DEBUG:root:Errors over all scan:84

DEBUG:root:Real time1486862904.81

DEBUG:root:Total error:5776

DEBUG:root:Match frame over 25:445

DEBUG:root:Matched frame error:106

DEBUG:root:Matched frame over all scan:127

DEBUG:root:Errors over all scan:88

DEBUG:root:Real time1486862905.02

DEBUG:root:Total error:5824

DEBUG:root:Match frame over 25:428

DEBUG:root:Matched frame error:101

DEBUG:root:Matched frame over all scan:365

DEBUG:root:Errors over all scan:89

DEBUG:root:Real time1486862905.22

DEBUG:root:Total error:5885

DEBUG:root:Match frame over 25:484

DEBUG:root:Matched frame error:98

DEBUG:root:Matched frame over all scan:416

DEBUG:root:Errors over all scan:89

DEBUG:root:Real time1486862905.42

DEBUG:root:Total error:5878

DEBUG:root:Match frame over 25:721

DEBUG:root:Matched frame error:94

DEBUG:root:Matched frame over all scan:721

DEBUG:root:Errors over all scan:94

DEBUG:root:Real time1486862905.62

DEBUG:root:Total error:5823

DEBUG:root:Match frame over 25:433

DEBUG:root:Matched frame error:100

DEBUG:root:Matched frame over all scan:549

DEBUG:root:Errors over all scan:93

DEBUG:root:Real time1486862905.82

DEBUG:root:Total error:5853

DEBUG:root:Match frame over 25:484

DEBUG:root:Matched frame error:105

DEBUG:root:Matched frame over all scan:680

DEBUG:root:Errors over all scan:91

DEBUG:root:Real time1486862906.02

DEBUG:root:Total error:5866

DEBUG:root:Match frame over 25:939

DEBUG:root:Matched frame error:101

DEBUG:root:Matched frame over all scan:416

DEBUG:root:Errors over all scan:84

DEBUG:root:Real time1486862906.22

DEBUG:root:Total error:5832

DEBUG:root:Match frame over 25:953

DEBUG:root:Matched frame error:103

DEBUG:root:Matched frame over all scan:1154

DEBUG:root:Errors over all scan:93

DEBUG:root:Real time1486862906.42

DEBUG:root:Total error:5891

DEBUG:root:Match frame over 25:1058

DEBUG:root:Matched frame error:99

DEBUG:root:Matched frame over all scan:118

DEBUG:root:Errors over all scan:95

DEBUG:root:Real time1486862906.62

DEBUG:root:Total error:5841

DEBUG:root:Match frame over 25:378

DEBUG:root:Matched frame error:98

DEBUG:root:Matched frame over all scan:118

DEBUG:root:Errors over all scan:85

DEBUG:root:Real time1486862906.82

DEBUG:root:Total error:5861

DEBUG:root:Match frame over 25:996

DEBUG:root:Matched frame error:93

DEBUG:root:Matched frame over all scan:416

DEBUG:root:Errors over all scan:91

DEBUG:root:Real time1486862907.02

DEBUG:root:Total error:5828

DEBUG:root:Match frame over 25:1045

DEBUG:root:Matched frame error:92

DEBUG:root:Matched frame over all scan:416

DEBUG:root:Errors over all scan:84

DEBUG:root:Real time1486862907.22

DEBUG:root:Total error:5835

DEBUG:root:Match frame over 25:680

DEBUG:root:Matched frame error:90

DEBUG:root:Matched frame over all scan:416

DEBUG:root:Errors over all scan:81

DEBUG:root:Real time1486862907.42

DEBUG:root:Total error:5848

DEBUG:root:Match frame over 25:943

DEBUG:root:Matched frame error:96

DEBUG:root:Matched frame over all scan:416

DEBUG:root:Errors over all scan:76

DEBUG:root:Real time1486862907.62

DEBUG:root:Total error:5846

DEBUG:root:Match frame over 25:879

DEBUG:root:Matched frame error:109

DEBUG:root:Matched frame over all scan:416

DEBUG:root:Errors over all scan:77

DEBUG:root:Real time1486862907.82

DEBUG:root:Total error:5879

DEBUG:root:Match frame over 25:314

DEBUG:root:Matched frame error:97

DEBUG:root:Matched frame over all scan:416

DEBUG:root:Errors over all scan:84

DEBUG:root:Real time1486862908.02

DEBUG:root:Total error:5876

DEBUG:root:Match frame over 25:1066

DEBUG:root:Matched frame error:108

DEBUG:root:Matched frame over all scan:416

DEBUG:root:Errors over all scan:85

DEBUG:root:Real time1486862908.22

DEBUG:root:Total error:5883

DEBUG:root:Match frame over 25:632

DEBUG:root:Matched frame error:105

DEBUG:root:Matched frame over all scan:786

DEBUG:root:Errors over all scan:93

DEBUG:root:Real time1486862908.42

DEBUG:root:Total error:5861

DEBUG:root:Match frame over 25:650

DEBUG:root:Matched frame error:103

DEBUG:root:Matched frame over all scan:922

DEBUG:root:Errors over all scan:93

DEBUG:root:Real time1486862908.63

DEBUG:root:Total error:5853

DEBUG:root:Match frame over 25:1092

DEBUG:root:Matched frame error:99

DEBUG:root:Matched frame over all scan:293

DEBUG:root:Errors over all scan:91

DEBUG:root:Real time1486862908.83

DEBUG:root:Total error:5913

DEBUG:root:Match frame over 25:43

DEBUG:root:Matched frame error:103

DEBUG:root:Matched frame over all scan:474

DEBUG:root:Errors over all scan:94

DEBUG:root:Real time1486862909.03

DEBUG:root:Total error:5889

DEBUG:root:Match frame over 25:1072

DEBUG:root:Matched frame error:103

DEBUG:root:Matched frame over all scan:504

DEBUG:root:Errors over all scan:97

DEBUG:root:Under real time Point counter:0.203018903732

DEBUG:root:Total error:5864

DEBUG:root:Match frame over 25:723

DEBUG:root:Matched frame error:96

DEBUG:root:Matched frame over all scan:926

DEBUG:root:Errors over all scan:95

DEBUG:root:Real time1486862909.43

DEBUG:root:Total error:5876

DEBUG:root:Match frame over 25:671

DEBUG:root:Matched frame error:101

DEBUG:root:Matched frame over all scan:157

DEBUG:root:Errors over all scan:94

DEBUG:root:Real time1486862909.63

DEBUG:root:Total error:5880

DEBUG:root:Match frame over 25:813

DEBUG:root:Matched frame error:100

DEBUG:root:Matched frame over all scan:99

DEBUG:root:Errors over all scan:93

DEBUG:root:Real time1486862909.83

DEBUG:root:Total error:5886

DEBUG:root:Match frame over 25:1381

DEBUG:root:Matched frame error:103

DEBUG:root:Matched frame over all scan:753

DEBUG:root:Errors over all scan:93

DEBUG:root:Real time1486862910.03

DEBUG:root:Total error:5792

DEBUG:root:Match frame over 25:255

DEBUG:root:Matched frame error:102

DEBUG:root:Matched frame over all scan:445

DEBUG:root:Errors over all scan:96

DEBUG:root:Real time1486862910.23

DEBUG:root:Total error:5810

DEBUG:root:Match frame over 25:632

DEBUG:root:Matched frame error:101

DEBUG:root:Matched frame over all scan:305

DEBUG:root:Errors over all scan:93

DEBUG:root:Real time1486862910.43

DEBUG:root:Total error:5887

DEBUG:root:Match frame over 25:635

DEBUG:root:Matched frame error:98

DEBUG:root:Matched frame over all scan:618

DEBUG:root:Errors over all scan:95

DEBUG:root:Real time1486862910.63

DEBUG:root:Total error:5879

DEBUG:root:Match frame over 25:632

DEBUG:root:Matched frame error:108

DEBUG:root:Matched frame over all scan:112

DEBUG:root:Errors over all scan:93

DEBUG:root:Real time1486862910.83

DEBUG:root:Total error:5884

DEBUG:root:Match frame over 25:652

DEBUG:root:Matched frame error:101

DEBUG:root:Matched frame over all scan:892

DEBUG:root:Errors over all scan:95

DEBUG:root:Real time1486862911.03

DEBUG:root:Total error:5896

DEBUG:root:Match frame over 25:814

DEBUG:root:Matched frame error:105

DEBUG:root:Matched frame over all scan:218

DEBUG:root:Errors over all scan:98

DEBUG:root:Real time1486862911.23

DEBUG:root:Total error:5896

DEBUG:root:Match frame over 25:218

DEBUG:root:Matched frame error:105

DEBUG:root:Matched frame over all scan:461

DEBUG:root:Errors over all scan:98

DEBUG:root:Real time1486862911.44

DEBUG:root:Total error:5896

DEBUG:root:Match frame over 25:529

DEBUG:root:Matched frame error:103

DEBUG:root:Matched frame over all scan:475

DEBUG:root:Errors over all scan:90

DEBUG:root:Real time1486862911.64

DEBUG:root:Total error:5801

DEBUG:root:Match frame over 25:432

DEBUG:root:Matched frame error:96

DEBUG:root:Matched frame over all scan:255

DEBUG:root:Errors over all scan:88

DEBUG:root:Real time1486862911.84

DEBUG:root:Total error:5903

DEBUG:root:Match frame over 25:1010

DEBUG:root:Matched frame error:96

DEBUG:root:Matched frame over all scan:67

DEBUG:root:Errors over all scan:89

DEBUG:root:Real time1486862912.04

DEBUG:root:Total error:5889

DEBUG:root:Match frame over 25:280

DEBUG:root:Matched frame error:98

DEBUG:root:Matched frame over all scan:25

DEBUG:root:Errors over all scan:95

DEBUG:root:Real time1486862912.24

DEBUG:root:Total error:5865

DEBUG:root:Match frame over 25:779

DEBUG:root:Matched frame error:104

DEBUG:root:Matched frame over all scan:1342

DEBUG:root:Errors over all scan:94

DEBUG:root:Real time1486862912.44

DEBUG:root:Total error:5851

DEBUG:root:Match frame over 25:994

DEBUG:root:Matched frame error:102

DEBUG:root:Matched frame over all scan:212

DEBUG:root:Errors over all scan:93

DEBUG:root:Real time1486862912.64

DEBUG:root:Total error:5847

DEBUG:root:Match frame over 25:275

DEBUG:root:Matched frame error:89

DEBUG:root:Matched frame over all scan:275

DEBUG:root:Errors over all scan:89

DEBUG:root:Real time1486862912.84

DEBUG:root:Total error:5875

DEBUG:root:Match frame over 25:994

DEBUG:root:Matched frame error:103

DEBUG:root:Matched frame over all scan:1113

DEBUG:root:Errors over all scan:95

DEBUG:root:Real time1486862913.04

DEBUG:root:Total error:5842

DEBUG:root:Match frame over 25:978

DEBUG:root:Matched frame error:100

DEBUG:root:Matched frame over all scan:289

DEBUG:root:Errors over all scan:95

DEBUG:root:Real time1486862913.24

DEBUG:root:Total error:5847

DEBUG:root:Match frame over 25:696

DEBUG:root:Matched frame error:102

DEBUG:root:Matched frame over all scan:527

DEBUG:root:Errors over all scan:92

DEBUG:root:Real time1486862913.44

DEBUG:root:Total error:5877

DEBUG:root:Match frame over 25:432

DEBUG:root:Matched frame error:98

DEBUG:root:Matched frame over all scan:602

DEBUG:root:Errors over all scan:93

DEBUG:root:Real time1486862913.64

DEBUG:root:Total error:5882

DEBUG:root:Match frame over 25:1463

DEBUG:root:Matched frame error:102

DEBUG:root:Matched frame over all scan:349

DEBUG:root:Errors over all scan:91

DEBUG:root:Real time1486862913.84

DEBUG:root:Total error:5870

DEBUG:root:Match frame over 25:790

DEBUG:root:Matched frame error:100

DEBUG:root:Matched frame over all scan:399

DEBUG:root:Errors over all scan:83

DEBUG:root:Real time1486862914.04

DEBUG:root:Total error:5827

DEBUG:root:Match frame over 25:722

DEBUG:root:Matched frame error:103

DEBUG:root:Matched frame over all scan:1079

DEBUG:root:Errors over all scan:80

DEBUG:root:Under real time Point counter:0.207449913025

DEBUG:root:Total error:5869

DEBUG:root:Match frame over 25:1224

DEBUG:root:Matched frame error:105

DEBUG:root:Matched frame over all scan:1096

DEBUG:root:Errors over all scan:90

DEBUG:root:Real time1486862914.45

DEBUG:root:Total error:5856

DEBUG:root:Match frame over 25:1235

DEBUG:root:Matched frame error:106

DEBUG:root:Matched frame over all scan:527

DEBUG:root:Errors over all scan:93

DEBUG:root:Real time1486862914.65

DEBUG:root:Total error:5863

DEBUG:root:Match frame over 25:1398

DEBUG:root:Matched frame error:102

DEBUG:root:Matched frame over all scan:1107

DEBUG:root:Errors over all scan:91

DEBUG:root:Real time1486862914.85

DEBUG:root:Total error:5873

DEBUG:root:Match frame over 25:773

DEBUG:root:Matched frame error:91

DEBUG:root:Matched frame over all scan:116

DEBUG:root:Errors over all scan:91

DEBUG:root:Real time1486862915.05

DEBUG:root:Total error:5782

DEBUG:root:Match frame over 25:323

DEBUG:root:Matched frame error:91

DEBUG:root:Matched frame over all scan:323

DEBUG:root:Errors over all scan:91

DEBUG:root:Real time1486862915.25

DEBUG:root:Total error:5853

DEBUG:root:Match frame over 25:654

DEBUG:root:Matched frame error:104

DEBUG:root:Matched frame over all scan:297

DEBUG:root:Errors over all scan:92

DEBUG:root:Real time1486862915.45

DEBUG:root:Total error:5843

DEBUG:root:Match frame over 25:305

DEBUG:root:Matched frame error:105

DEBUG:root:Matched frame over all scan:1070

DEBUG:root:Errors over all scan:93

DEBUG:root:Real time1486862915.66

DEBUG:root:Total error:5873

DEBUG:root:Match frame over 25:804

DEBUG:root:Matched frame error:103

DEBUG:root:Matched frame over all scan:922

DEBUG:root:Errors over all scan:87

DEBUG:root:Real time1486862915.86

DEBUG:root:Total error:5850

DEBUG:root:Match frame over 25:1225

DEBUG:root:Matched frame error:111

DEBUG:root:Matched frame over all scan:922

DEBUG:root:Errors over all scan:88

DEBUG:root:Real time1486862916.06

DEBUG:root:Total error:5885

DEBUG:root:Match frame over 25:458

DEBUG:root:Matched frame error:107

DEBUG:root:Matched frame over all scan:1096

DEBUG:root:Errors over all scan:90

DEBUG:root:Real time1486862916.26

DEBUG:root:Total error:5892

DEBUG:root:Match frame over 25:218

DEBUG:root:Matched frame error:102

DEBUG:root:Matched frame over all scan:169

DEBUG:root:Errors over all scan:96

DEBUG:root:Real time1486862916.46

DEBUG:root:Total error:5876

DEBUG:root:Match frame over 25:1394

DEBUG:root:Matched frame error:102

DEBUG:root:Matched frame over all scan:297

DEBUG:root:Errors over all scan:92

DEBUG:root:Real time1486862916.66

DEBUG:root:Total error:5880

DEBUG:root:Match frame over 25:1362

DEBUG:root:Matched frame error:105

DEBUG:root:Matched frame over all scan:884

DEBUG:root:Errors over all scan:80

DEBUG:root:Real time1486862916.86

DEBUG:root:Total error:5850

DEBUG:root:Match frame over 25:1266

DEBUG:root:Matched frame error:110

DEBUG:root:Matched frame over all scan:884

DEBUG:root:Errors over all scan:87

DEBUG:root:Real time1486862917.06

DEBUG:root:Total error:5832

DEBUG:root:Match frame over 25:545

DEBUG:root:Matched frame error:90

DEBUG:root:Matched frame over all scan:169

DEBUG:root:Errors over all scan:85

DEBUG:root:Real time1486862917.26

DEBUG:root:Total error:5883

DEBUG:root:Match frame over 25:760

DEBUG:root:Matched frame error:100

DEBUG:root:Matched frame over all scan:884

DEBUG:root:Errors over all scan:94

DEBUG:root:Real time1486862917.46

DEBUG:root:Total error:5865

DEBUG:root:Match frame over 25:1359

DEBUG:root:Matched frame error:106

DEBUG:root:Matched frame over all scan:33

DEBUG:root:Errors over all scan:93

DEBUG:root:Real time1486862917.66

DEBUG:root:Total error:5828

DEBUG:root:Match frame over 25:293

DEBUG:root:Matched frame error:100

DEBUG:root:Matched frame over all scan:390

DEBUG:root:Errors over all scan:97

DEBUG:root:Real time1486862917.86

DEBUG:root:Total error:5864

DEBUG:root:Match frame over 25:1390

DEBUG:root:Matched frame error:101

DEBUG:root:Matched frame over all scan:459

DEBUG:root:Errors over all scan:92

DEBUG:root:Real time1486862918.06

DEBUG:root:Total error:5814

DEBUG:root:Match frame over 25:1421

DEBUG:root:Matched frame error:97

DEBUG:root:Matched frame over all scan:833

DEBUG:root:Errors over all scan:91

DEBUG:root:Real time1486862918.26

DEBUG:root:Total error:5838

DEBUG:root:Match frame over 25:496

DEBUG:root:Matched frame error:93

DEBUG:root:Matched frame over all scan:428

DEBUG:root:Errors over all scan:93

DEBUG:root:Real time1486862918.46

DEBUG:root:Total error:5821

DEBUG:root:Match frame over 25:1306

DEBUG:root:Matched frame error:104

DEBUG:root:Matched frame over all scan:139

DEBUG:root:Errors over all scan:93

DEBUG:root:Real time1486862918.66

DEBUG:root:Total error:5857

DEBUG:root:Match frame over 25:201

DEBUG:root:Matched frame error:100

DEBUG:root:Matched frame over all scan:420

DEBUG:root:Errors over all scan:90

DEBUG:root:Real time1486862918.86

DEBUG:root:Total error:5878

DEBUG:root:Match frame over 25:777

DEBUG:root:Matched frame error:86

DEBUG:root:Matched frame over all scan:777

DEBUG:root:Errors over all scan:86

DEBUG:root:Real time1486862919.06

DEBUG:root:Total error:5893

DEBUG:root:Match frame over 25:1314

DEBUG:root:Matched frame error:101

DEBUG:root:Matched frame over all scan:271

DEBUG:root:Errors over all scan:90

DEBUG:root:Under real time Point counter:0.201498985291

DEBUG:root:Total error:5858

DEBUG:root:Match frame over 25:1504

DEBUG:root:Matched frame error:106

DEBUG:root:Matched frame over all scan:3

DEBUG:root:Errors over all scan:95

DEBUG:root:Real time1486862919.47

DEBUG:root:Total error:5859

DEBUG:root:Match frame over 25:1070

DEBUG:root:Matched frame error:92

DEBUG:root:Matched frame over all scan:1070

DEBUG:root:Errors over all scan:92

DEBUG:root:Real time1486862919.67

DEBUG:root:Total error:5856

DEBUG:root:Match frame over 25:1404

DEBUG:root:Matched frame error:106

DEBUG:root:Matched frame over all scan:577

DEBUG:root:Errors over all scan:96

DEBUG:root:Real time1486862919.87

DEBUG:root:Total error:5850

DEBUG:root:Match frame over 25:781

DEBUG:root:Matched frame error:98

DEBUG:root:Matched frame over all scan:1070

DEBUG:root:Errors over all scan:95

DEBUG:root:Real time1486862920.07

DEBUG:root:Total error:5844

DEBUG:root:Match frame over 25:1339

DEBUG:root:Matched frame error:98

DEBUG:root:Matched frame over all scan:793

DEBUG:root:Errors over all scan:95

DEBUG:root:Real time1486862920.27

DEBUG:root:Total error:5869

DEBUG:root:Match frame over 25:1279

DEBUG:root:Matched frame error:106

DEBUG:root:Matched frame over all scan:520

DEBUG:root:Errors over all scan:87

DEBUG:root:Real time1486862920.47

DEBUG:root:Total error:5840

DEBUG:root:Match frame over 25:1055

DEBUG:root:Matched frame error:108

DEBUG:root:Matched frame over all scan:520

DEBUG:root:Errors over all scan:89

DEBUG:root:Real time1486862920.67

DEBUG:root:Total error:5863

DEBUG:root:Match frame over 25:1302

DEBUG:root:Matched frame error:116

DEBUG:root:Matched frame over all scan:520

DEBUG:root:Errors over all scan:90

DEBUG:root:Real time1486862920.87

DEBUG:root:Total error:5813

DEBUG:root:Match frame over 25:1279

DEBUG:root:Matched frame error:100

DEBUG:root:Matched frame over all scan:520

DEBUG:root:Errors over all scan:89

DEBUG:root:Real time1486862921.07

DEBUG:root:Total error:5853

DEBUG:root:Match frame over 25:607

DEBUG:root:Matched frame error:98

DEBUG:root:Matched frame over all scan:520

DEBUG:root:Errors over all scan:88

DEBUG:root:Real time1486862921.27

DEBUG:root:Total error:5873

DEBUG:root:Match frame over 25:549

DEBUG:root:Matched frame error:107

DEBUG:root:Matched frame over all scan:520

DEBUG:root:Errors over all scan:89

DEBUG:root:Real time1486862921.47

DEBUG:root:Total error:5838

DEBUG:root:Match frame over 25:793

DEBUG:root:Matched frame error:105

DEBUG:root:Matched frame over all scan:365

DEBUG:root:Errors over all scan:90

DEBUG:root:Real time1486862921.67

DEBUG:root:Total error:5857

DEBUG:root:Match frame over 25:571

DEBUG:root:Matched frame error:99

DEBUG:root:Matched frame over all scan:520

DEBUG:root:Errors over all scan:91

DEBUG:root:Real time1486862921.87

DEBUG:root:Total error:5883

DEBUG:root:Match frame over 25:1276

DEBUG:root:Matched frame error:104

DEBUG:root:Matched frame over all scan:520

DEBUG:root:Errors over all scan:87

DEBUG:root:Real time1486862922.07

DEBUG:root:Total error:5859

DEBUG:root:Match frame over 25:386

DEBUG:root:Matched frame error:99

DEBUG:root:Matched frame over all scan:437

DEBUG:root:Errors over all scan:93

DEBUG:root:Real time1486862922.27

DEBUG:root:Total error:5866

DEBUG:root:Match frame over 25:1344

DEBUG:root:Matched frame error:116

DEBUG:root:Matched frame over all scan:520

DEBUG:root:Errors over all scan:89

DEBUG:root:Real time1486862922.47

DEBUG:root:Total error:5859

DEBUG:root:Match frame over 25:254

DEBUG:root:Matched frame error:102

DEBUG:root:Matched frame over all scan:471

DEBUG:root:Errors over all scan:90

DEBUG:root:Real time1486862922.67

DEBUG:root:Total error:5883

DEBUG:root:Match frame over 25:622

DEBUG:root:Matched frame error:100

DEBUG:root:Matched frame over all scan:365

DEBUG:root:Errors over all scan:90

DEBUG:root:Real time1486862922.87

DEBUG:root:Total error:5879

DEBUG:root:Match frame over 25:141

DEBUG:root:Matched frame error:109

DEBUG:root:Matched frame over all scan:365

DEBUG:root:Errors over all scan:88

DEBUG:root:Real time1486862923.08

DEBUG:root:Total error:5870

DEBUG:root:Match frame over 25:412

DEBUG:root:Matched frame error:95

DEBUG:root:Matched frame over all scan:365

DEBUG:root:Errors over all scan:90

DEBUG:root:Real time1486862923.28

DEBUG:root:Total error:5869

DEBUG:root:Match frame over 25:520

DEBUG:root:Matched frame error:91

DEBUG:root:Matched frame over all scan:520

DEBUG:root:Errors over all scan:91

DEBUG:root:Real time1486862923.48

DEBUG:root:Total error:5864

DEBUG:root:Match frame over 25:558

DEBUG:root:Matched frame error:104

DEBUG:root:Matched frame over all scan:365

DEBUG:root:Errors over all scan:88

DEBUG:root:Real time1486862923.68

DEBUG:root:Total error:5843

DEBUG:root:Match frame over 25:254

DEBUG:root:Matched frame error:107

DEBUG:root:Matched frame over all scan:365

DEBUG:root:Errors over all scan:92

DEBUG:root:Real time1486862923.88

DEBUG:root:Total error:5887

DEBUG:root:Match frame over 25:588

DEBUG:root:Matched frame error:102

DEBUG:root:Matched frame over all scan:1002

DEBUG:root:Errors over all scan:89

DEBUG:root:Real time1486862924.08

DEBUG:root:Total error:5879

DEBUG:root:Match frame over 25:571

DEBUG:root:Matched frame error:101

DEBUG:root:Matched frame over all scan:365

DEBUG:root:Errors over all scan:88

DEBUG:root:Under real time Point counter:0.206357955933

DEBUG:root:Total error:5859

DEBUG:root:Match frame over 25:254

DEBUG:root:Matched frame error:100

DEBUG:root:Matched frame over all scan:1002

DEBUG:root:Errors over all scan:90

DEBUG:root:Real time1486862924.49

DEBUG:root:Total error:5828

DEBUG:root:Match frame over 25:412

DEBUG:root:Matched frame error:92

DEBUG:root:Matched frame over all scan:367

DEBUG:root:Errors over all scan:90

DEBUG:root:Real time1486862924.69

DEBUG:root:Total error:5865

DEBUG:root:Match frame over 25:16

DEBUG:root:Matched frame error:85

DEBUG:root:Matched frame over all scan:16

DEBUG:root:Errors over all scan:85

DEBUG:root:Real time1486862924.89

DEBUG:root:Total error:5853

DEBUG:root:Match frame over 25:701

DEBUG:root:Matched frame error:98

DEBUG:root:Matched frame over all scan:620

DEBUG:root:Errors over all scan:95

DEBUG:root:Real time1486862925.09

DEBUG:root:Total error:5820

DEBUG:root:Match frame over 25:403

DEBUG:root:Matched frame error:94

DEBUG:root:Matched frame over all scan:403

DEBUG:root:Errors over all scan:94

DEBUG:root:Real time1486862925.29

DEBUG:root:Total error:5839

DEBUG:root:Match frame over 25:586

DEBUG:root:Matched frame error:106

DEBUG:root:Matched frame over all scan:628

DEBUG:root:Errors over all scan:89

DEBUG:root:Real time1486862925.49

DEBUG:root:Total error:5838

DEBUG:root:Match frame over 25:993

DEBUG:root:Matched frame error:103

DEBUG:root:Matched frame over all scan:628

DEBUG:root:Errors over all scan:91

DEBUG:root:Real time1486862925.69

DEBUG:root:Total error:5857

DEBUG:root:Match frame over 25:993

DEBUG:root:Matched frame error:99

DEBUG:root:Matched frame over all scan:628

DEBUG:root:Errors over all scan:85

DEBUG:root:Real time1486862925.89

DEBUG:root:Total error:5855

DEBUG:root:Match frame over 25:993

DEBUG:root:Matched frame error:101

DEBUG:root:Matched frame over all scan:628

DEBUG:root:Errors over all scan:87

DEBUG:root:Real time1486862926.09

DEBUG:root:Total error:5833

DEBUG:root:Match frame over 25:994

DEBUG:root:Matched frame error:98

DEBUG:root:Matched frame over all scan:628

DEBUG:root:Errors over all scan:90

DEBUG:root:Real time1486862926.29

DEBUG:root:Total error:5848

DEBUG:root:Match frame over 25:571

DEBUG:root:Matched frame error:102

DEBUG:root:Matched frame over all scan:628

DEBUG:root:Errors over all scan:96

DEBUG:root:Real time1486862926.49

DEBUG:root:Total error:5816

DEBUG:root:Match frame over 25:360

DEBUG:root:Matched frame error:99

DEBUG:root:Matched frame over all scan:76

DEBUG:root:Errors over all scan:93

DEBUG:root:Real time1486862926.69

DEBUG:root:Total error:5847

DEBUG:root:Match frame over 25:365

DEBUG:root:Matched frame error:97

DEBUG:root:Matched frame over all scan:828

DEBUG:root:Errors over all scan:89

DEBUG:root:Real time1486862926.89

DEBUG:root:Total error:5862

DEBUG:root:Match frame over 25:360

DEBUG:root:Matched frame error:98

DEBUG:root:Matched frame over all scan:628

DEBUG:root:Errors over all scan:91

DEBUG:root:Real time1486862927.09

DEBUG:root:Total error:5836

DEBUG:root:Match frame over 25:360

DEBUG:root:Matched frame error:100

DEBUG:root:Matched frame over all scan:628

DEBUG:root:Errors over all scan:91

DEBUG:root:Real time1486862927.29

DEBUG:root:Total error:5830

DEBUG:root:Match frame over 25:586

DEBUG:root:Matched frame error:98

DEBUG:root:Matched frame over all scan:994

DEBUG:root:Errors over all scan:91

DEBUG:root:Real time1486862927.49

DEBUG:root:Total error:5834

DEBUG:root:Match frame over 25:42

DEBUG:root:Matched frame error:101

DEBUG:root:Matched frame over all scan:628

DEBUG:root:Errors over all scan:90

DEBUG:root:Real time1486862927.69

DEBUG:root:Total error:5830

DEBUG:root:Match frame over 25:360

DEBUG:root:Matched frame error:101

DEBUG:root:Matched frame over all scan:628

DEBUG:root:Errors over all scan:90

DEBUG:root:Real time1486862927.89

DEBUG:root:Total error:5821

DEBUG:root:Match frame over 25:446

DEBUG:root:Matched frame error:101

DEBUG:root:Matched frame over all scan:828

DEBUG:root:Errors over all scan:93

DEBUG:root:Real time1486862928.1

DEBUG:root:Total error:5790

DEBUG:root:Match frame over 25:416

DEBUG:root:Matched frame error:102

DEBUG:root:Matched frame over all scan:760

DEBUG:root:Errors over all scan:92

DEBUG:root:Real time1486862928.3

DEBUG:root:Total error:5786

DEBUG:root:Match frame over 25:365

DEBUG:root:Matched frame error:96

DEBUG:root:Matched frame over all scan:628

DEBUG:root:Errors over all scan:85

DEBUG:root:Real time1486862928.5

DEBUG:root:Total error:5844

DEBUG:root:Match frame over 25:416

DEBUG:root:Matched frame error:90

DEBUG:root:Matched frame over all scan:994

DEBUG:root:Errors over all scan:81

DEBUG:root:Real time1486862928.7

DEBUG:root:Total error:5799

DEBUG:root:Match frame over 25:365

DEBUG:root:Matched frame error:103

DEBUG:root:Matched frame over all scan:828

DEBUG:root:Errors over all scan:91

DEBUG:root:Real time1486862928.9

DEBUG:root:Total error:5803

DEBUG:root:Match frame over 25:994

DEBUG:root:Matched frame error:100

DEBUG:root:Matched frame over all scan:628

DEBUG:root:Errors over all scan:88

DEBUG:root:Real time1486862929.1

DEBUG:root:Total error:5840

DEBUG:root:Match frame over 25:365

DEBUG:root:Matched frame error:101

DEBUG:root:Matched frame over all scan:628

DEBUG:root:Errors over all scan:92

DEBUG:root:Real time1486862929.3

DEBUG:root:Total error:5808

DEBUG:root:Match frame over 25:579

DEBUG:root:Matched frame error:103

DEBUG:root:Matched frame over all scan:815

DEBUG:root:Errors over all scan:80

DEBUG:root:Real time1486862929.5

DEBUG:root:Total error:5763

DEBUG:root:Match frame over 25:407

DEBUG:root:Matched frame error:97

DEBUG:root:Matched frame over all scan:1495

DEBUG:root:Errors over all scan:93

