DEBUG:root:Under real time Point counter:2.28881835938e-05

DEBUG:root:Extracted signature:bitarray('11101111110000001001111111110000011011111100011100111110001100010110011100000110101110000011110000010000000101100011111001111011101111110011111110111100011111100111100111111011111001110001111100100001111100000011111000111110100111110110111101001100111101101011001101101000')
DEBUG:root:Matched frame over all scan:522

DEBUG:root:Errors over all scan:81

DEBUG:root:Result:tau3_fail
DEBUG:root:Match or Not:False
DEBUG:root:Real time1487894207.44

DEBUG:root:Extracted signature:bitarray('11001111111110011000111111110000001111111100010101111110001100000110011100000100100110001011100001111001000100110010010010111011101101110011111110111100011111100111100111111001111001111000011100100000011100000110011000111111100111111100011111001111100011100111001100010000')
DEBUG:root:Matched frame over all scan:1464

DEBUG:root:Errors over all scan:86

DEBUG:root:Result:tau2_fail
DEBUG:root:Match or Not:False
DEBUG:root:Under real time Point counter:0.202646017075

DEBUG:root:Real time1487894207.85

DEBUG:root:Extracted signature:bitarray('10001111111100011001111111100000001111111000000111110110001111100000011110000000110000000011110000111000000100010010010010000000010011110000111110111100000111111111100000011111111000001111111100101111000100111110001001110000101100001101000011100011110011100111011001011000')
DEBUG:root:Matched frame over all scan:4

DEBUG:root:Errors over all scan:77

DEBUG:root:Result:tau3_fail
DEBUG:root:Match or Not:False
DEBUG:root:Real time1487894208.05

DEBUG:root:Real time1487894208.25

DEBUG:root:Real time1487894208.45

DEBUG:root:Extracted signature:bitarray('10001111111100010001111110110000001111111000000111110000001111110000001110000000110000000011110000011000000100010010010010000110010011100000111110111100000111111111100000011111111000001111111100101111000100111110001001111000101100000101000011100011100011100111001011011000')
DEBUG:root:Matched frame over all scan:4

DEBUG:root:Errors over all scan:81

DEBUG:root:Result:tau3_fail
DEBUG:root:Match or Not:False
DEBUG:root:Real time1487894208.65

DEBUG:root:Extracted signature:bitarray('10001111111100011001111111110000001111111000000111110000000111110000001110000000111000000011110000111100000100010010110010000100011011100000111110111100000111111111100000011111111001001111111100101111000100111110001001110000101100000101000011100011100011100111011011011000')
DEBUG:root:Matched frame over all scan:5

DEBUG:root:Errors over all scan:78

DEBUG:root:Result:tau3_fail
DEBUG:root:Match or Not:False
DEBUG:root:Real time1487894208.85

DEBUG:root:Extracted signature:bitarray('11001111110000011001111110000000011111100000000111110010000111110001101111100001011111000011111000011110000110000010000010000100011111110001111110111101001111110111000001111101111000111111111100011111111100111111101001111100000111100101110001101000110001110011001110110000')
DEBUG:root:Matched frame over all scan:530

DEBUG:root:Errors over all scan:62

DEBUG:root:Result:tau3_fail
DEBUG:root:Match or Not:False
DEBUG:root:Real time1487894209.05

DEBUG:root:Extracted signature:bitarray('11001111110000000001111110000000011111100110000111110001000111110000101111100000111110000011111000011110000110000010000010000100011111101000111110111000100111110111000101111101111000111111111100111111111100111111000001111100000111000111110001100000110001110011101110110000')
DEBUG:root:Matched frame over all scan:529

DEBUG:root:Errors over all scan:56

DEBUG:root:Result:tau3_fail
DEBUG:root:Match or Not:False
DEBUG:root:Real time1487894209.25

DEBUG:root:Extracted signature:bitarray('11001111110000000001111110000000011111100100000111110010001111110001101111100011111110000011111000011110000110000010000010000100010011100000111110111000100111110111000001111111111000111111111100101111111100111110001001111100100111000111100001100000110001100111001110110000')
DEBUG:root:Matched frame over all scan:530

DEBUG:root:Errors over all scan:65

DEBUG:root:Result:tau3_fail
DEBUG:root:Match or Not:False
DEBUG:root:Real time1487894209.45

DEBUG:root:Extracted signature:bitarray('10001111110000000001111110000000001111100000000111111110000111110110001111100011111110000111111000011110000110000010000010000100010011110000111110111100100111110111100001111111111000011111111100101111111100111110001001111000100111000111100001100001110001110111101011010000')
DEBUG:root:Matched frame over all scan:530

DEBUG:root:Errors over all scan:67

DEBUG:root:Result:tau3_fail
DEBUG:root:Match or Not:False
DEBUG:root:Real time1487894209.65

DEBUG:root:Extracted signature:bitarray('11001111100000011001111110000011111011100000111001100000011111100010011111000100111100000011000001110000011000001101100011000100010111110000111110000101000111100000101000011000001010001100001100000100011101000000111010000011100000011100000111000011101011100110001001101000')
DEBUG:root:Matched frame over all scan:2319

DEBUG:root:Errors over all scan:88

DEBUG:root:Result:tau2_fail
DEBUG:root:Match or Not:False
DEBUG:root:Under real time Point counter:0.241134166718

DEBUG:root:Extracted signature:bitarray('10011111100010010111111100010001111111100000011011110000001011110000000111110000001111000101111001101110000011100011100011000100010000000111111110000100111111110000100111111100001001111110000101111110000101111100001011111001101110001101100111010011101011100011001100101000')
DEBUG:root:Matched frame over all scan:2097

DEBUG:root:Errors over all scan:70

DEBUG:root:Result:tau2_fail
DEBUG:root:Match or Not:False
DEBUG:root:Real time1487894210.1

DEBUG:root:Extracted signature:bitarray('11110011110000011110111110000001111111100000111111110000011101110000011011100000101100010011110010011100100110000010000010000100010000000111111110101100111111110111100111111001111001101100111100101110001100011100011001100011100100011101100111010011100011100111011101101000')
DEBUG:root:Matched frame over all scan:1459

DEBUG:root:Errors over all scan:59

DEBUG:root:Result:tau3_fail
DEBUG:root:Match or Not:False
DEBUG:root:Real time1487894210.3

DEBUG:root:Extracted signature:bitarray('11111111110000001111111110000001111111100000011111100000001111110000011111100000111110000001110011001100100110010010000010000100010000000111111110100100111111110111100111111001111001101100111100101110001100011110011001100011100100011101100111000011100011100111011101101000')
DEBUG:root:Matched frame over all scan:1459

DEBUG:root:Errors over all scan:52

DEBUG:root:Result:tau3_fail
DEBUG:root:Match or Not:False
DEBUG:root:Real time1487894210.5

DEBUG:root:Extracted signature:bitarray('11001110100110011001110000100010001110001001100011100110010000110010010001110100000111110000110110001101100010110010111100111011100000011100110110111101001100011111100011000111111001100011111101100010110101001100111010110011100110111100101111000111100111100111010100110000')
DEBUG:root:Matched frame over all scan:2907

DEBUG:root:Errors over all scan:87

DEBUG:root:Result:tau2_fail
DEBUG:root:Match or Not:False
DEBUG:root:Real time1487894210.7

DEBUG:root:Extracted signature:bitarray('11001111000100011001111000000010011110000000111011000000011000010000011000100100110011100010011000011100000110000010000010111011100000011101111000110101001110001001110111100010011101110011001101110011000101100110001110011000110011000100110001001000110001100111010100110000')
DEBUG:root:Matched frame over all scan:2800

DEBUG:root:Errors over all scan:87

DEBUG:root:Result:tau3_fail
DEBUG:root:Match or Not:False
DEBUG:root:Real time1487894210.9

DEBUG:root:Extracted signature:bitarray('11111111000110011011111000110010111110011100111001001110011001000011011100001111011000111110000010110000000110000010010010110011111010011001111001110101001111001110100111100011101001110001111101110001111101100011111010001111100001111100011111001111100111100111001100101000')
DEBUG:root:Matched frame over all scan:136

DEBUG:root:Errors over all scan:76

DEBUG:root:Result:tau3_fail
DEBUG:root:Match or Not:False
DEBUG:root:Real time1487894211.1

DEBUG:root:Extracted signature:bitarray('11011111000110011011111001100010111110011000111100000110011100011110011000110100110011010010000110010001000100110010110001110011101101111001111000110101011111001110000111100011101001111001110101110001110101100110111010011011100001011100011111001111100111100111001101101000')
DEBUG:root:Matched frame over all scan:2756

DEBUG:root:Errors over all scan:83

DEBUG:root:Result:tau3_fail
DEBUG:root:Match or Not:False
DEBUG:root:Real time1487894211.3

DEBUG:root:Extracted signature:bitarray('11011110000010011011110000010010011001001100111100100110011100000110011100101110010001111000000110010100000110000010010010110011001101011001111100110100001111001110100111110011100001111001110101111000110101100101111010001111100001110100001111000111100111100111001100101000')
DEBUG:root:Matched frame over all scan:1186

DEBUG:root:Errors over all scan:82

DEBUG:root:Result:tau3_fail
DEBUG:root:Match or Not:False
DEBUG:root:Real time1487894211.5

DEBUG:root:Extracted signature:bitarray('11011110000010011011110000000010011000000100111100100010011100010010011100101111010110111100000110000001100100110010010011111011111111111001111100010100001111000010100111110111100001111011110101111000110101100101111010000111100000111100001111000111100111100111001101101000')
DEBUG:root:Matched frame over all scan:136

DEBUG:root:Errors over all scan:84

DEBUG:root:Result:tau3_fail
DEBUG:root:Match or Not:False
DEBUG:root:Real time1487894211.7

DEBUG:root:Extracted signature:bitarray('11111110000110011011111000100010111110001000111101000110011111000010011101101110010110111101100110111001101100111100010100001011111011111101111100010101001111000110100111110110100001111010110101111010110101100101111010000111100000111100001111000111100111100001011101101000')
DEBUG:root:Matched frame over all scan:131

DEBUG:root:Errors over all scan:78

DEBUG:root:Result:tau3_fail
DEBUG:root:Match or Not:False
DEBUG:root:Real time1487894211.9

DEBUG:root:Extracted signature:bitarray('11011110000010011011110000100010111000001000111101000110011100000110011100101110110000111100100111101001110100111000110001000100010011111001111100010100001111010010100111110110100001111010110101111010110101101101111010010111100000111100001111000111101110101101010100101000')
DEBUG:root:Matched frame over all scan:136

DEBUG:root:Errors over all scan:78

DEBUG:root:Result:tau3_fail
DEBUG:root:Match or Not:False
DEBUG:root:Real time1487894212.1

DEBUG:root:Extracted signature:bitarray('11111110000010011011110000100010111000001000111111000010011111000010011100001110010000111100000111100001111000111100111101111000100000111101111100010101001111000010100111110110101001111010110101111010110101101101111010110111100000111100001111000111100111101101010100101000')
DEBUG:root:Matched frame over all scan:136

DEBUG:root:Errors over all scan:74

DEBUG:root:Result:tau3_fail
DEBUG:root:Match or Not:False
DEBUG:root:Real time1487894212.3

DEBUG:root:Extracted signature:bitarray('11011110000010011011110000000010111000001000111100000110011100000110011100101111110000111100000111100001111000111100111100111011100100011101111100010100001111010010100111110110101001111010110100111010110101100101111010010111100000111100001111010111101111101111010100101000')
DEBUG:root:Matched frame over all scan:136

DEBUG:root:Errors over all scan:76

DEBUG:root:Result:tau3_fail
DEBUG:root:Match or Not:False
DEBUG:root:Real time1487894212.5

DEBUG:root:Extracted signature:bitarray('11111110000010011011110000100010111000001000111100000010011100010010011100101110010110111101100111101001111000111100111100111011101100011001111100010100001111000110100111110110101001111011110101111010110101101101111010110111100000111100001111000111100111101111010100110000')
DEBUG:root:Matched frame over all scan:134

DEBUG:root:Errors over all scan:81

DEBUG:root:Result:tau3_fail
DEBUG:root:Match or Not:False
DEBUG:root:Real time1487894212.7

DEBUG:root:Extracted signature:bitarray('11111110000010011011111000000011111110000000111111100010011111000010011100001111010000111100000111100001111000111100111101110011100000011001111000010100011111000010100111110110101001111011110101111010110101100101111010010111100000111100001111000111100111101101010100110000')
DEBUG:root:Matched frame over all scan:134

DEBUG:root:Errors over all scan:76

DEBUG:root:Result:tau3_fail
DEBUG:root:Match or Not:False
DEBUG:root:Real time1487894212.9

DEBUG:root:Extracted signature:bitarray('11011110000110011011111100000010011011001000111101111110011100011110001100111111010000111101000111101001111000111100111100111011100100011001111100110100001111010110100111110110101001111010110100111010110101101101111010110111100000111100001111000111100111101111010100110000')
DEBUG:root:Matched frame over all scan:666

DEBUG:root:Errors over all scan:82

DEBUG:root:Result:tau3_fail
DEBUG:root:Match or Not:False
DEBUG:root:Real time1487894213.1

DEBUG:root:Extracted signature:bitarray('11011110000110011011111000000010111111000000111111111110011110010111001100001111010000111100000111101001111010111100011100111011100100011101111100010100001111000110100111110110101001111010110101111010110101101101111010110111100000111100001111000111100111100101010100110000')
DEBUG:root:Matched frame over all scan:130

DEBUG:root:Errors over all scan:79

DEBUG:root:Result:tau3_fail
DEBUG:root:Match or Not:False
DEBUG:root:Real time1487894213.3

DEBUG:root:Real time1487894213.51

DEBUG:root:Extracted signature:bitarray('11011000100110011001000100110010010011111000111000111110011100011110001000111111010011111101000111101001111010111000111000111011100100001000001110110100001001111110100110011111101001001111110101100111110101000101101010010111100000111100001111000111100111100111010100110000')
DEBUG:root:Matched frame over all scan:1257

DEBUG:root:Errors over all scan:82

DEBUG:root:Result:tau2_fail
DEBUG:root:Match or Not:False
DEBUG:root:Real time1487894213.71

DEBUG:root:Extracted signature:bitarray('11001000000110011001000100100010010001111000111000111100001100011111001100111111010000111101000111101001111110110010011000111011101100011000001111111100001001111111100110011111101001001111110101100111110101000101111010110111101000111100001111000111100111100101010100110000')
DEBUG:root:Matched frame over all scan:1220

DEBUG:root:Errors over all scan:85

DEBUG:root:Result:tau3_fail
DEBUG:root:Match or Not:False
DEBUG:root:Real time1487894213.91

DEBUG:root:Extracted signature:bitarray('11000011111110011000111001110010001110011111001100011111001100011111001100101111010010111101110111101101100110010010011000111011000000011000111110011101000111110011100011111111011001110111111100110011110101100101111010010111101010111100001111000111100111100111011100110000')
DEBUG:root:Matched frame over all scan:2562

DEBUG:root:Errors over all scan:78

DEBUG:root:Result:tau3_fail
DEBUG:root:Match or Not:False
DEBUG:root:Real time1487894214.11

DEBUG:root:Real time1487894214.31

DEBUG:root:Real time1487894214.51

DEBUG:root:Real time1487894214.71

DEBUG:root:Extracted signature:bitarray('10001100000111011001110001111100011100011111011100001111001001001111101111101111011110000101111000101111101010110010011000111011100000010001111100110100001111100111100011111011101001111111110100111110110100111100111001111011100111011100111111001111100111100111010100110000')
DEBUG:root:Matched frame over all scan:2234

DEBUG:root:Errors over all scan:76

DEBUG:root:Result:tau1_fail
DEBUG:root:Match or Not:False
DEBUG:root:Under real time Point counter:0.235174179077

DEBUG:root:Extracted signature:bitarray('10011100000110011001110001111010011100011111011100001111111100000111101111100111011110010101110000001110001110010010011000111011100000010001111100110100001111000111100011110011111001111111110100111110110100111100111001110011100111011100111111001111100111100111010100110000')
DEBUG:root:Matched frame over all scan:2131

DEBUG:root:Errors over all scan:75

DEBUG:root:Result:tau3_fail
DEBUG:root:Match or Not:False
DEBUG:root:Real time1487894215.15

DEBUG:root:Extracted signature:bitarray('10011100001110011001100001111010011100011111011100001110011100000110011111101111011110111101110000101110000110110010011000111011100000010001111100110100001111101111100011110011111001111111110100111111110100111101111001110011100111011100111111001111100111100111010100110000')
DEBUG:root:Matched frame over all scan:2131

DEBUG:root:Errors over all scan:78

DEBUG:root:Result:tau2_fail
DEBUG:root:Match or Not:False
DEBUG:root:Real time1487894215.35

DEBUG:root:Extracted signature:bitarray('10001110001110010001110001110010011100011111011100001110011110000110011111001111011110110101110000001101100110110010011000111011100100010001111100110100001111001111100011110011101001111111100100111111110100111101111001110011100111011100111111001111100111101111010100110000')
DEBUG:root:Matched frame over all scan:2906

DEBUG:root:Errors over all scan:85

DEBUG:root:Result:tau1_fail
DEBUG:root:Match or Not:False
DEBUG:root:Real time1487894215.55

DEBUG:root:Extracted signature:bitarray('10011110001100010011110001100010011100001100111100000110011110000110011111001111011110110101110000001101100110110010010000111011100100010001111100110100001111001111100011110011101001111111100100111111110100111101111001110011100111011100111111001111100111101101010100110000')
DEBUG:root:Matched frame over all scan:4

DEBUG:root:Errors over all scan:88

DEBUG:root:Result:tau1_fail
DEBUG:root:Match or Not:False
DEBUG:root:Real time1487894215.75

DEBUG:root:Extracted signature:bitarray('11111000001100011111000001000011110000011000101100000000011110000000011100000000100001000010000001110100011110001110011001110001101101110000000111111111110000111111111100001101101110001110000110011100000100110011001100001100110011111000110111001111100111011000101001010000')
DEBUG:root:Matched frame over all scan:1669

DEBUG:root:Errors over all scan:95

DEBUG:root:Result:tau2_fail
DEBUG:root:Match or Not:False
DEBUG:root:Real time1487894215.95

DEBUG:root:Extracted signature:bitarray('11111000001100011111000001100011110000011000100000000000011110000000011100000000110000000010000000110000011110001110011011100001001111110000000111111111110000111111111000001101101110001100000110011100000100110011001100001100110011011110110111001011110110110000101001010000')
DEBUG:root:Matched frame over all scan:559

DEBUG:root:Errors over all scan:92

DEBUG:root:Result:tau3_fail
DEBUG:root:Match or Not:False
DEBUG:root:Real time1487894216.15

DEBUG:root:Extracted signature:bitarray('11111000000110011111000001110011110000001000100011000000011111000000011100000000110000000010000000010000011110001110011010100100000011111010000111111111100000111111101000001001101010001100000100111000000101100011001000001100110011001110110111001011100111110000101000110000')
DEBUG:root:Matched frame over all scan:709

DEBUG:root:Errors over all scan:86

DEBUG:root:Result:tau3_fail
DEBUG:root:Match or Not:False
DEBUG:root:Real time1487894216.35

DEBUG:root:Extracted signature:bitarray('11110000000110011110010000110011100110001100100011000010011111000000011000010001100001000110011000010110010110000010000010000100000001110000000111111101100000111110101000011000001010011100000100111001000101100010001000011100100011001100110111101111110100010000101010010000')
DEBUG:root:Matched frame over all scan:2242

DEBUG:root:Errors over all scan:93

DEBUG:root:Result:tau3_fail
DEBUG:root:Match or Not:False
DEBUG:root:Real time1487894216.55

DEBUG:root:Extracted signature:bitarray('11100000000111111100000000110011000110001100100011000000011011000100011000010000100011000010011000010110000111000011100010000101000101111000000111111101100001100110101000011000001010011000000100110001000101000110001000011001100011001100110111001101111100010000101011010000')
DEBUG:root:Matched frame over all scan:1631

DEBUG:root:Errors over all scan:88

DEBUG:root:Result:tau1_fail
DEBUG:root:Match or Not:False
DEBUG:root:Real time1487894216.75

DEBUG:root:Extracted signature:bitarray('11100000000111111100000000010011000110000000100011000000011110001000011000010001100011000010011000010110000111100011100011000100000101111100000111111101100001100110101000011000011000111000000100110001000101000110001000011001100011001100111111001101011100010000101011010000')
DEBUG:root:Matched frame over all scan:1631

DEBUG:root:Errors over all scan:89

DEBUG:root:Result:tau1_fail
DEBUG:root:Match or Not:False
DEBUG:root:Real time1487894216.95

DEBUG:root:Extracted signature:bitarray('11110000000111111100011000111010000110000110100011000001111110001001111000010011100011000110011000100111000011100011100011000100000101111000001101111101000001100101101000111000001010110000010101100011001101000110011000011001100111111100111111001101111000010000101010010000')
DEBUG:root:Matched frame over all scan:1661

DEBUG:root:Errors over all scan:92

DEBUG:root:Result:tau2_fail
DEBUG:root:Match or Not:False
DEBUG:root:Real time1487894217.15

DEBUG:root:Extracted signature:bitarray('11110010001000111100010001001110011100110011111100011000111000011001110000110000100011000010011000100110011011100011100010000100010000011000001001110111000011000000111001110000101001100010011101000110011100001110011000111011100011111100111111001001011000010000101010010000')
DEBUG:root:Matched frame over all scan:564

DEBUG:root:Errors over all scan:88

DEBUG:root:Result:tau3_fail
DEBUG:root:Match or Not:False
DEBUG:root:Real time1487894217.35

DEBUG:root:Extracted signature:bitarray('11110000000010011000010000000010001100100001110000011000111000010000110000100000100011010010011110000111100011100011000010000100010000011000001001110111000011000000110001100100101101000110011101001110011110001110111000111011100011101100111010011001011001010000101010010000')
DEBUG:root:Matched frame over all scan:566

DEBUG:root:Errors over all scan:87

DEBUG:root:Result:tau3_fail
DEBUG:root:Match or Not:False
DEBUG:root:Real time1487894217.56

DEBUG:root:Extracted signature:bitarray('11100000000010011000110000000010001100100000110000010000110000010000110000100000100011110010011110000111100011000011000010000100010000010000010001001111000111000000110011101100001101001110011110001110011110011100111000111011100111001100110000011000011000010010101010010000')
DEBUG:root:Matched frame over all scan:566

DEBUG:root:Errors over all scan:86

DEBUG:root:Result:tau3_fail
DEBUG:root:Match or Not:False
DEBUG:root:Real time1487894217.76

DEBUG:root:Extracted signature:bitarray('11100010000000011000110000000010001100110000110000011000110000010000010000100100100011110010011110000110100011000011000010000100010000010000010000001110000111000000110011101100001101001110011110001110011100011100111000111011100111001100110001011000011001010010101010010000')
DEBUG:root:Matched frame over all scan:566

DEBUG:root:Errors over all scan:84

DEBUG:root:Result:tau3_fail
DEBUG:root:Match or Not:False
DEBUG:root:Real time1487894217.96

DEBUG:root:Extracted signature:bitarray('11000000000000010000110000000010000100110000110000011000110000010000010000001100100011110010011100000111100011110011000010000100010010010000010000101110000110110000110110111100111101001110011110001110011100011100111001111011100111000100110001010001111001110010101010010000')
DEBUG:root:Matched frame over all scan:1124

DEBUG:root:Errors over all scan:91

DEBUG:root:Result:tau3_fail
DEBUG:root:Match or Not:False
DEBUG:root:Real time1487894218.16

DEBUG:root:Extracted signature:bitarray('11000000000000010000110000000010000100110000110000011000110000010000010000101100100011110010011010000110110011010011000010000100010010010000110000101110000111100000110110111100111100001110011110001110010100011100111001111011100111000100110001010001111001110010101010010000')
DEBUG:root:Matched frame over all scan:1124

DEBUG:root:Errors over all scan:88

DEBUG:root:Result:tau3_fail
DEBUG:root:Match or Not:False
DEBUG:root:Real time1487894218.36

DEBUG:root:Extracted signature:bitarray('10000000000000010000110000000010100100110000110000011000010000010000010000101100100011110000011110000111110011011001000010000110011010010000110000101110001111110000110110111100110100001110011110001110010100011100111001111011100111000100110001010001111001110010101010010000')
DEBUG:root:Matched frame over all scan:568

DEBUG:root:Errors over all scan:87

DEBUG:root:Result:tau3_fail
DEBUG:root:Match or Not:False
DEBUG:root:Real time1487894218.56

DEBUG:root:Extracted signature:bitarray('11110011001001101111011000011101111111000111011111100000000111011100000111111000011111000010011000101111001011101101111101111001100000011100000011001011100000001101011000000111110110000011011010001111000010011110000100110000010010000010110001101111100111100111001100110000')
DEBUG:root:Matched frame over all scan:1489

DEBUG:root:Errors over all scan:90

DEBUG:root:Result:tau2_fail
DEBUG:root:Match or Not:False
DEBUG:root:Real time1487894218.76

DEBUG:root:Extracted signature:bitarray('11110011100000001111011100110001111111000111011111100011001111000000011100011000100011100000011100001111001011101111001100111011100000010011011110001010111000110110011110011001110111001000011011000000001011000000000110001110010011100010111000110100010110100111001100100000')
DEBUG:root:Matched frame over all scan:2139

DEBUG:root:Errors over all scan:84

DEBUG:root:Result:tau3_fail
DEBUG:root:Match or Not:False
DEBUG:root:Real time1487894218.96

DEBUG:root:Extracted signature:bitarray('11110011100000001111111100110001111111000110011111100000001111101000011110011000100011100100011101100111011011100111000110011001101100011000111111001011000111000111011100111001110111001100000011001100000011000000000110000001010001110010111100101110010111010111101110110000')
DEBUG:root:Matched frame over all scan:2139

DEBUG:root:Errors over all scan:70

DEBUG:root:Result:tau3_fail
DEBUG:root:Match or Not:False
DEBUG:root:Real time1487894219.16

DEBUG:root:Extracted signature:bitarray('11111111000000001111111100000001111111000000011111100000001111111000001111110000111110001111000011110001110001111001111101111011101100011111110111000011111111111000011000111000100110011100011011001100000011011000010110100001111000000111000001100000100011100111001100101000')
DEBUG:root:Matched frame over all scan:360

DEBUG:root:Errors over all scan:80

DEBUG:root:Result:tau3_fail
DEBUG:root:Match or Not:False
DEBUG:root:Real time1487894219.36

DEBUG:root:Extracted signature:bitarray('11111111000100001111111000100001111111010000011111111000001111111000001111110001011110001111010001100000011001111101111100111011101100011111110001110010111111001111010111110011110111111101011011111110010011011100000111110000111000000111000001010000101000100001001100100000')
DEBUG:root:Matched frame over all scan:1011

DEBUG:root:Errors over all scan:77

DEBUG:root:Result:tau3_fail
DEBUG:root:Match or Not:False
DEBUG:root:Real time1487894219.56

DEBUG:root:Extracted signature:bitarray('11110011111001101111011111101101111111111010011111001100001111001110001110011000011000100110000011110000111100011110001100011011100000010000000111111011000000011111011001000111110110110001111011110000111011110000000110000000011000000011000001110001101001101111011000000000')
DEBUG:root:Matched frame over all scan:1536

DEBUG:root:Errors over all scan:80

DEBUG:root:Result:tau3_fail
DEBUG:root:Match or Not:False
DEBUG:root:Real time1487894219.76

DEBUG:root:Extracted signature:bitarray('11110011111111101111011101111101111111111110011111011110001111001110001110011000011001100110000110110011111001101100101101111011101100010000000111111011000000111111011000000111110110100011111011110001111011110000000110000000011000000011000000110000011001011110111011000000')
DEBUG:root:Matched frame over all scan:483

DEBUG:root:Errors over all scan:74

DEBUG:root:Result:tau2_fail
DEBUG:root:Match or Not:False
DEBUG:root:Under real time Point counter:0.225457906723

DEBUG:root:Extracted signature:bitarray('11110011011111101110001111111001111111111110011111011110001111001110001110011000011000100111000000011100000100001110001100011001101100011000000011111011000000011111011000000111110110100011111011110001101011100000000110000000011000000011000000110000011001011010111011000000')
DEBUG:root:Matched frame over all scan:1536

DEBUG:root:Errors over all scan:82

DEBUG:root:Result:tau3_fail
DEBUG:root:Match or Not:False
DEBUG:root:Real time1487894220.19

DEBUG:root:Extracted signature:bitarray('11110011111101101110011111101101111111110111011111111011001111001100001110011001111001000111010000010100000110000110001100011011101101111100001111111011100001111111011000001111110110000011111011100001001011100000000110000000011000000011000000110000011000011010111011010000')
DEBUG:root:Matched frame over all scan:1536

DEBUG:root:Errors over all scan:78

DEBUG:root:Result:tau3_fail
DEBUG:root:Match or Not:False
DEBUG:root:Real time1487894220.39

DEBUG:root:Extracted signature:bitarray('11111011101000101111011101000101111111000011011111101000101111001000011100010000110000000010000000010000011110001111000010000101101101111110000111100011110000111100011100001111000110000011001011000000000011000000000110000000011000000011000000110000011000011000110010010000')
DEBUG:root:Matched frame over all scan:1229

DEBUG:root:Errors over all scan:77

DEBUG:root:Result:tau3_fail
DEBUG:root:Match or Not:False
DEBUG:root:Real time1487894220.59

DEBUG:root:Extracted signature:bitarray('11110011001100001110011001100001110110011000011111001100011111001100011110011000111001000010001000110110010011001101001100011011101100011110000011110011100000011110011100000111000110000011100111000001000011000001100110000110011000100010111000111000011000111001001101000000')
DEBUG:root:Matched frame over all scan:642

DEBUG:root:Errors over all scan:87

DEBUG:root:Result:tau3_fail
DEBUG:root:Match or Not:False
DEBUG:root:Real time1487894220.79

DEBUG:root:Extracted signature:bitarray('11110011111100101110011111100101000111111000001111001011001111000110001110011000110001100010001100010111011011101101001100111011101100011100000111101011100000111101011000001110010100000011001111100000011111000001110110001100010011000010111000111001011001010001101110010000')
DEBUG:root:Matched frame over all scan:483

DEBUG:root:Errors over all scan:95

DEBUG:root:Result:tau1_fail
DEBUG:root:Match or Not:False
DEBUG:root:Real time1487894220.99

DEBUG:root:Extracted signature:bitarray('11110011111100101110011111100001100111110000100111001000010111001000011100010000110001100110011010000111111011111101111100111011101100011000000111101011000001111001011000001110010110000011001011000000001011000001110110000000010011000010110000111000011000010001101011010000')
DEBUG:root:Matched frame over all scan:483

DEBUG:root:Errors over all scan:85

DEBUG:root:Result:tau1_fail
DEBUG:root:Match or Not:False
DEBUG:root:Real time1487894221.19

DEBUG:root:Extracted signature:bitarray('11100000111011111100000101111011000000011100100000011100010000011100010001111000100111100000111100001111000010111100000110000101101100011100001110011011100001110011011000011110110110011111000010011111100011011111000010111100101111100101111111010111100111100101000100101000')
DEBUG:root:Matched frame over all scan:587

DEBUG:root:Errors over all scan:85

DEBUG:root:Result:tau3_fail
DEBUG:root:Match or Not:False
DEBUG:root:Real time1487894221.39

DEBUG:root:Extracted signature:bitarray('11100000001011111100000001111011000000011100100000011100010000011100010001111000100111100000111100001111001011111100000010000100010000011100001110011111100001110011011000011110110110011111100010011111100011010111000010111100001111100101111111010111100111100101000100101000')
DEBUG:root:Matched frame over all scan:1689

DEBUG:root:Errors over all scan:78

DEBUG:root:Result:tau3_fail
DEBUG:root:Match or Not:False
DEBUG:root:Real time1487894221.59

DEBUG:root:Extracted signature:bitarray('11100000001011111100000001111011000000011011100000011100110000011000010001111000100111100000111100101111011010111100011100011001101111111100001110011011100001110011011000011111110110011111100010011011100011011111000010111100101111101101111111010111100111100111001101101000')
DEBUG:root:Matched frame over all scan:587

DEBUG:root:Errors over all scan:70

DEBUG:root:Result:tau3_fail
DEBUG:root:Match or Not:False
DEBUG:root:Real time1487894221.79

DEBUG:root:Extracted signature:bitarray('11100000001011111100000001111011000000011101100000001100110000011000010001111000100111100000111101101111111010111100001100011001101111111100001110011011100001110011011000011111110110011111100010001011100011010111000010111100101111101101111111010111100111100111001101101000')
DEBUG:root:Matched frame over all scan:587

DEBUG:root:Errors over all scan:72

DEBUG:root:Result:tau3_fail
DEBUG:root:Match or Not:False
DEBUG:root:Real time1487894221.99

DEBUG:root:Extracted signature:bitarray('11100000001011111100000001111011000000011100100000001100110000011100010001111000100111100000111101101111111010111100101100111011101100011100001110011011100001110011011000011111100110011011100010001011100011010111001010111000101111101101111111010111100111100111011101001000')
DEBUG:root:Matched frame over all scan:587

DEBUG:root:Errors over all scan:82

DEBUG:root:Result:tau3_fail
DEBUG:root:Match or Not:False
DEBUG:root:Real time1487894222.19

DEBUG:root:Extracted signature:bitarray('11100000001011111100000001111111000000011111100000001100110000001100010000111000100111100000111101101111011010111100001100011001101111011100001110011011100001110011011000111111110110011011100010011011100011010111000010111100101111101101111011010111100111100111001101101000')
DEBUG:root:Matched frame over all scan:587

DEBUG:root:Errors over all scan:75

DEBUG:root:Result:tau3_fail
DEBUG:root:Match or Not:False
DEBUG:root:Real time1487894222.39

DEBUG:root:Extracted signature:bitarray('11100000001011111100000001011111000000010111100000001001110000011000010001111100000111110000111111101111111011111100101100011001101111111100001110011011100001110011011000111111110110011111100010011011100011010111000010111100101111101101111111010111100111100111001101101000')
DEBUG:root:Matched frame over all scan:594

DEBUG:root:Errors over all scan:75

DEBUG:root:Result:replica detected
DEBUG:root:Match or Not:True
DEBUG:root:Real time1487894222.59

DEBUG:root:Extracted signature:bitarray('11100000001011111100000001011111000000010111100000001001110010011000010001111100100111110000111111101111111011111100101100011001101111111100001110011011100001110011011000111111110110011111100011011011100011010111000010111100101111101101111111010111100111100111001101101000')
DEBUG:root:Matched frame over all scan:594

DEBUG:root:Errors over all scan:78

DEBUG:root:Result:tau3_fail
DEBUG:root:Match or Not:False
DEBUG:root:Real time1487894222.79

DEBUG:root:Extracted signature:bitarray('11100000001011111100000001011111000000010111100000011001110010011000010001111100000111110000111111101111111011111100111100011001101111111100001110011011100001110011011000111111110110011111100010011011100011010111000010111100101111101101111111010111100111100111001101101000')
DEBUG:root:Matched frame over all scan:594

DEBUG:root:Errors over all scan:76

DEBUG:root:Result:tau3_fail
DEBUG:root:Match or Not:False
DEBUG:root:Real time1487894222.99

DEBUG:root:Extracted signature:bitarray('11100000100001111100000000101111000000011011100000001000110000011000110010110011000111111100111111101111111011111101111100011001101111111100001100011011100001110011011000111111100110011011100010011011000011010110001011111000101111101101111111011111100111100111001101101000')
DEBUG:root:Matched frame over all scan:600

DEBUG:root:Errors over all scan:78

DEBUG:root:Result:tau3_fail
DEBUG:root:Match or Not:False
DEBUG:root:Real time1487894223.19

DEBUG:root:Extracted signature:bitarray('11100000000011011100000000011011000000010001100000001000110000011000110011110000101111000101111111101111111010111100111101111001101111111100001110001011100001110000011000111100000110011011000010011011000011010110000110111000001111100101111111010111100111100111001101111000')
DEBUG:root:Matched frame over all scan:600

DEBUG:root:Errors over all scan:66

DEBUG:root:Result:tau3_fail
DEBUG:root:Match or Not:False
DEBUG:root:Real time1487894223.39

DEBUG:root:Extracted signature:bitarray('11110000000001111110000000001011100000000011111000000001111000000000110011100000100111000000111100101111111011111100111101111001101111111100001110011011100001110001011000111000000110011000000010011000000011010000000110111000001111100001111011011111100111100111001101101000')
DEBUG:root:Matched frame over all scan:597

DEBUG:root:Errors over all scan:67

DEBUG:root:Result:tau3_fail
DEBUG:root:Match or Not:False
DEBUG:root:Real time1487894223.59

DEBUG:root:Extracted signature:bitarray('11110000000001011110000000001011100000000010111000000001111000000000110011100000100111000000111100001111111011111100111101111001101111111100001100011011100001110011011000111000000110011100000011011000000011010000000110111000001111100001111111010111100111100111001101101000')
DEBUG:root:Matched frame over all scan:597

DEBUG:root:Errors over all scan:72

DEBUG:root:Result:tau3_fail
DEBUG:root:Match or Not:False
DEBUG:root:Real time1487894223.79

DEBUG:root:Extracted signature:bitarray('11110000000001011110000000001011100000000010111000000001111000000000110011100000100111000000111101101111111011111100111101111011101111011100001110011011100001110011011000111000000110011000000011011000000011010000000110111000101111100101111011010111100111100111001101101000')
DEBUG:root:Matched frame over all scan:597

DEBUG:root:Errors over all scan:73

DEBUG:root:Result:tau3_fail
DEBUG:root:Match or Not:False
DEBUG:root:Real time1487894223.99

DEBUG:root:Extracted signature:bitarray('11110000000001011110000000001011100000000010110000000001110000000000110011100000100110000100111111101111111011111101111101111011101110011100001110011111100001110011011000111000000110011000000011011000000011010000000110100000101111100101111110010111100111100111001101101000')
DEBUG:root:Matched frame over all scan:600

DEBUG:root:Errors over all scan:69

DEBUG:root:Result:tau3_fail
DEBUG:root:Match or Not:False
DEBUG:root:Real time1487894224.19

DEBUG:root:Extracted signature:bitarray('11100000000001011100000000001011000000000010100000000001110000100000110001100001100110001100110111101111111010111101111101101011101110011100001100011011100001100011011000111000010110011000000011011000000011010000001110000001101110011101100111010111100111100111001101101000')
DEBUG:root:Matched frame over all scan:600

DEBUG:root:Errors over all scan:68

DEBUG:root:Result:tau3_fail
DEBUG:root:Match or Not:False
DEBUG:root:Real time1487894224.39

DEBUG:root:Extracted signature:bitarray('11110000000001011100000000001011000000000010100000000001110001100000110001100001100110001100111111101111111011111101111101111011101110011100001110011011100001110011011000110000010110011000000010011000000011010000000110000001101110001101100111010011100111100111001101101000')
DEBUG:root:Matched frame over all scan:600

DEBUG:root:Errors over all scan:68

DEBUG:root:Result:tau3_fail
DEBUG:root:Match or Not:False
DEBUG:root:Real time1487894224.6

DEBUG:root:Extracted signature:bitarray('10110011111100000111011111100000011111110000001111111000001011111111101011111111010011111100011101100111111010111100111001000110111111110000001111110010000001111110010000111110000100011111001010001010011011000001111110001110110001110110001101100010110000110001110010001000')
DEBUG:root:Matched frame over all scan:375

DEBUG:root:Errors over all scan:84

DEBUG:root:Result:tau3_fail
DEBUG:root:Match or Not:False
DEBUG:root:Real time1487894224.8

DEBUG:root:Extracted signature:bitarray('10110011111100000111011111100000011111110000001111111000001011111110000011111100010011110000011111100111111011111100111101110111101101110000001111111011000001111110010000111110000100011110001011000000011011000001100110001110110001110110001101100000110000110001110110101000')
DEBUG:root:Matched frame over all scan:375

DEBUG:root:Errors over all scan:88

DEBUG:root:Result:tau3_fail
DEBUG:root:Match or Not:False
DEBUG:root:Real time1487894225.0

DEBUG:root:Extracted signature:bitarray('10110011111000000111011111000000011111110000011111111000001011111001100011111100000011110000001110000011111000111100101100111011101111110000001111111010000001111110010000111110000100011110001010000000011011000011110110001110010001110110001111100011110000110001100110111000')
DEBUG:root:Matched frame over all scan:375

DEBUG:root:Errors over all scan:89

DEBUG:root:Result:tau3_fail
DEBUG:root:Match or Not:False
DEBUG:root:Real time1487894225.2

DEBUG:root:Extracted signature:bitarray('10110011111000000111011111000000011111110000011111111000000011111001100011111000000011100010001100000011111000111100101100111011101101100000001111101010001001111110010000011100010100011110001010000000111011000011100110001110010001110010001100100000110000110001100101101000')
DEBUG:root:Matched frame over all scan:1206

DEBUG:root:Errors over all scan:92

DEBUG:root:Result:tau3_fail
DEBUG:root:Match or Not:False
DEBUG:root:Real time1487894225.4

DEBUG:root:Extracted signature:bitarray('10110011111000010000011111000010011111110000100111111000000011011100100110111000010011100000011100100011011000110010110000110011101101110000011111100011000001111100010000000110000100000000111011000000111011000011000110011100010001100010001010100001010001010010101001101000')
DEBUG:root:Matched frame over all scan:1206

DEBUG:root:Errors over all scan:94

DEBUG:root:Result:tau3_fail
DEBUG:root:Match or Not:False
DEBUG:root:Real time1487894225.6

DEBUG:root:Extracted signature:bitarray('10010011111100010000011111000010011111110000100111111000010111011110001000111100110011100010011100010011100100110100100101111011101101110000011111100011000011111100010000011110000100000000111011000000111011000011010110011100010001100010001000100001010001010011100111101000')
DEBUG:root:Matched frame over all scan:910

DEBUG:root:Errors over all scan:90

DEBUG:root:Result:tau2_fail
DEBUG:root:Match or Not:False
DEBUG:root:Real time1487894225.8

DEBUG:root:Extracted signature:bitarray('10110011111000010000011111000010001111110000100111111000010111011100001000111000110011100010011100000011001010100100100101011111101111110000011111100011000001111100010000011110000100001000011011000000111011000011110110001100110001100010001000100001010001110001100111111000')
DEBUG:root:Matched frame over all scan:907

DEBUG:root:Errors over all scan:90

DEBUG:root:Result:tau3_fail
DEBUG:root:Match or Not:False
DEBUG:root:Real time1487894226.0

DEBUG:root:Extracted signature:bitarray('10110011111000010000011111000010001111110000100111111000010111011100001000111000110011100010011100010011000011101100001100011101101111110000011111100011000011111100010000111110000100001000011011000000111011000011110110001100010001100010001000100011010001110001100111111000')
DEBUG:root:Matched frame over all scan:910

DEBUG:root:Errors over all scan:87

DEBUG:root:Result:tau3_fail
DEBUG:root:Match or Not:False
DEBUG:root:Real time1487894226.21

DEBUG:root:Extracted signature:bitarray('10110011111000010000011111000010001111110000100111111000010111011100001000111000110011100010011100010011111110011110001110001111101111110000011111100011000001111100010000111110000100001000011011000000111011000011110110001100010001100010001000100011010001110001100111111000')
DEBUG:root:Matched frame over all scan:910

DEBUG:root:Errors over all scan:91

DEBUG:root:Result:tau3_fail
DEBUG:root:Match or Not:False
DEBUG:root:Real time1487894226.41

DEBUG:root:Extracted signature:bitarray('10110011111000010000011111000010011111110000100111111000010111011100011100111000110011100010011100010011111110011110001110001100111111110000011111100011000011111100010000111111000100001000001011000000111011000001110110001100010001100010001000100010010001110001100110011000')
DEBUG:root:Matched frame over all scan:910

DEBUG:root:Errors over all scan:88

DEBUG:root:Result:tau3_fail
DEBUG:root:Match or Not:False
DEBUG:root:Real time1487894226.61

DEBUG:root:Extracted signature:bitarray('10110011111100010000011111000010001111110000100111111000010111001100001000011000110011100010001100000011111010111100001100011101111111110000011111100011000011111100010000111111000100001000001011000000111011000011110110001100010001100010001000100011010001110001100110111000')
DEBUG:root:Matched frame over all scan:908

DEBUG:root:Errors over all scan:81

DEBUG:root:Result:tau3_fail
DEBUG:root:Match or Not:False
DEBUG:root:Real time1487894226.81

DEBUG:root:Extracted signature:bitarray('10110011111000010000011111000010001111110000100111111000010111111100001000111000100011100010001100010011111010111100001110011100111111110000011111100011000011111100010000111111000100001100001011000000111011000001110110001100010001100010001000100011010001110001100110111000')
DEBUG:root:Matched frame over all scan:910

DEBUG:root:Errors over all scan:81

DEBUG:root:Result:tau3_fail
DEBUG:root:Match or Not:False
DEBUG:root:Real time1487894227.01

DEBUG:root:Extracted signature:bitarray('10110011111000010000011111000010001111110000100111111000010111111100001000111000110011100010001110010011111010111110001110011100111111110000011111100011000011111100010000111111000100001100001011000100011011000001110110001100010001100010001000100010010001110001100110111000')
DEBUG:root:Matched frame over all scan:910

DEBUG:root:Errors over all scan:85

DEBUG:root:Result:tau3_fail
DEBUG:root:Match or Not:False
DEBUG:root:Real time1487894227.21

DEBUG:root:Extracted signature:bitarray('10110011111000010000011111000010001111110000100111111000010111011000011000111000100011100010001100010011100110111010011100011101111111110000011111100011000001111100010000011111000100001000001011000000111011000001110100001100010001100010001000100010010001110001100110111000')
DEBUG:root:Matched frame over all scan:910

DEBUG:root:Errors over all scan:85

DEBUG:root:Result:tau3_fail
DEBUG:root:Match or Not:False
DEBUG:root:Real time1487894227.41

DEBUG:root:Extracted signature:bitarray('11110011111000010000011111000010001111110000100111111000010111001100011000011100100011100010001110010011100110111000011100011111101111110000011111100011000001111100010000011111000100001000000011000000011011000001110110001100010001100110001000100000010001010001100110111000')
DEBUG:root:Matched frame over all scan:908

DEBUG:root:Errors over all scan:86

DEBUG:root:Result:tau3_fail
DEBUG:root:Match or Not:False
DEBUG:root:Real time1487894227.61

DEBUG:root:Extracted signature:bitarray('11110011111000010000011111000010011111110000100111111000010111011000011000111000100011100010001110010011100110111010011100001100111111110000011111100011000001111100010000011111000100001000000011000000011011000001110100001100010001100110001000100010010001110001100110111000')
DEBUG:root:Matched frame over all scan:908

DEBUG:root:Errors over all scan:85

DEBUG:root:Result:tau3_fail
DEBUG:root:Match or Not:False
DEBUG:root:Real time1487894227.81

DEBUG:root:Extracted signature:bitarray('11110011111000010000011111000010011111110000100111111000010111111000011000111000100011100010001110010011100110111110011110000100111111110000011111100011000001111100010000011111000100001010000010000000011011000001110100001100010001100110001000100010010001010001100110111000')
DEBUG:root:Matched frame over all scan:910

DEBUG:root:Errors over all scan:82

DEBUG:root:Result:tau3_fail
DEBUG:root:Match or Not:False
DEBUG:root:Real time1487894228.01

DEBUG:root:Extracted signature:bitarray('11110011111000010000011111000010011111110000011111111000011111011000011000111100100011110010000110010001110100111100111100111011101111110000011111100011000011111100010000110111000100001001111011000001111011000011110100011001010000000110001100100011010111010010111011010000')
DEBUG:root:Matched frame over all scan:928

DEBUG:root:Errors over all scan:84

DEBUG:root:Result:tau1_fail
DEBUG:root:Match or Not:False
DEBUG:root:Real time1487894228.21

DEBUG:root:Extracted signature:bitarray('11010011111100010001011111000010011111110000011111111000011111011100011000111100100011110010000110010001110000111100111101111011101101110000111111100011000011111100010001110111000100000001110011000001111011000011110100010001010000000110001100100010010111011110011011011000')
DEBUG:root:Matched frame over all scan:928

DEBUG:root:Errors over all scan:87

DEBUG:root:Result:tau1_fail
DEBUG:root:Match or Not:False
DEBUG:root:Real time1487894228.41

DEBUG:root:Extracted signature:bitarray('11010011111000010000011111000010011111110000011111111000011111011100011100111100100011110010000111010001110000111100111101111011101101110000011111100011000111111100010001110011000100000001110011000001110011000011110100010011010000000110001100100110010110011110011011010000')
DEBUG:root:Matched frame over all scan:549

DEBUG:root:Errors over all scan:89

DEBUG:root:Result:tau1_fail
DEBUG:root:Match or Not:False
DEBUG:root:Real time1487894228.62

DEBUG:root:Extracted signature:bitarray('11000011111100010000011111100010011111110000001111111000011111011100011000111110000011110000001110010001111000111100111101111011101101110000011111100011000011111100010001110011000100011001110011000001111011000111110100010001010000000010001100100011010011011110111011001000')
DEBUG:root:Matched frame over all scan:928

DEBUG:root:Errors over all scan:86

DEBUG:root:Result:tau1_fail
DEBUG:root:Match or Not:False
