DEBUG:root:Under real time Point counter:2.31266021729e-05

DEBUG:root:Real time1487897996.08

DEBUG:root:Real time1487897996.28

DEBUG:root:Real time1487897996.48

DEBUG:root:Real time1487897996.68

DEBUG:root:Extracted signature:bitarray('11100011000111111110011001111101110000001111111001000111110001100011100011100111000110011100111111100101111011011001000011000100010000011001100010000101001000000000101010010000001010001100000101001100000101011100001011110001101111000101111001011000101000101001010101101000')
DEBUG:root:Matched frame over all scan:2094

DEBUG:root:Errors over all scan:91

DEBUG:root:Result:tau2_fail
DEBUG:root:Match or Not:False
DEBUG:root:Real time1487897996.89

DEBUG:root:Extracted signature:bitarray('11100011001111111100010001111101010000011111101001000011110001100011100011100111000110011100111111100111110011110001100011000100010000011001100010000101001100000000101010010000001011001100000101001100000101011100001011110001101111000101111001011110101100101001010101101000')
DEBUG:root:Matched frame over all scan:2094

DEBUG:root:Errors over all scan:90

DEBUG:root:Result:tau2_fail
DEBUG:root:Match or Not:False
DEBUG:root:Real time1487897997.09

DEBUG:root:Extracted signature:bitarray('11100011000111101100011001111101000010011111100001000111110001100011100011100111001110011100111111101111110011111001110011000100010000011001100110000101001001000000101010010000001010001100000101001100000101011100001011110001101111000101111001011100101000101001010101001000')
DEBUG:root:Matched frame over all scan:1925

DEBUG:root:Errors over all scan:87

DEBUG:root:Result:tau3_fail
DEBUG:root:Match or Not:False
DEBUG:root:Real time1487897997.29

DEBUG:root:Real time1487897997.49

DEBUG:root:Real time1487897997.69

DEBUG:root:Real time1487897997.89

DEBUG:root:Extracted signature:bitarray('11100011000111111111011000111101110110001111110011000111110011000011100111100111011110011101111111101101111011011001000011000100010000011001000100000101001000000000101000010000001010001000000101001100000101011000001011110001101111000101111001011100101000101001010101101000')
DEBUG:root:Matched frame over all scan:1550

DEBUG:root:Errors over all scan:87

DEBUG:root:Result:tau3_fail
DEBUG:root:Match or Not:False
DEBUG:root:Real time1487897998.09

DEBUG:root:Extracted signature:bitarray('10001001000111010000011000001110000110000001100111101000010111111100001111111100011111110001111111001111110100111001110000110011010000011000000000001111000000000011111000000001110110000001111011000011111010001111110001111111001111111001111110111011011110011000010011010000')
DEBUG:root:Matched frame over all scan:51

DEBUG:root:Errors over all scan:84

DEBUG:root:Result:tau3_fail
DEBUG:root:Match or Not:False
DEBUG:root:Real time1487897998.29

DEBUG:root:Extracted signature:bitarray('10001101000110010000011000011110000110000011100111110000110111111100010111111000011111110001111111101111111011100011100010011011010000011000000000001111000000000011111000000000110110000001111011000011111010001111110001111111000111111001111110011111011111001100010011010000')
DEBUG:root:Matched frame over all scan:59

DEBUG:root:Errors over all scan:91

DEBUG:root:Result:tau3_fail
DEBUG:root:Match or Not:False
DEBUG:root:Real time1487897998.49

DEBUG:root:Extracted signature:bitarray('10001101000110010000011000011010001111000011100111101000010111111100001111111000011111111001111111101111111011111001110000010011110000011000000000011111000000000011111000000001110110000001111011000011111010001111110001111111000111111001111110011111001100001000010011010000')
DEBUG:root:Matched frame over all scan:61

DEBUG:root:Errors over all scan:88

DEBUG:root:Result:tau3_fail
DEBUG:root:Match or Not:False
DEBUG:root:Real time1487897998.69

DEBUG:root:Extracted signature:bitarray('11001001000111110000011100011110000111000011100111101000010111111100001111111000011111110001111111001111010111111001111000010011010000011000000000001111000000000111111000000001110110000001111011000011111010001111110001111111000111111001111110011011001101001000010011010000')
DEBUG:root:Matched frame over all scan:60

DEBUG:root:Errors over all scan:81

DEBUG:root:Result:tau3_fail
DEBUG:root:Match or Not:False
DEBUG:root:Real time1487897998.89

DEBUG:root:Extracted signature:bitarray('10001001100111010000011100011110000111000011100111111000010111111100001111111000011111110001111111001111110111111001111010010011010000011000000000001111000000000011111000000001110110000001111011000011111010001111110001111111000111111001111110011001001011001000010011010000')
DEBUG:root:Matched frame over all scan:60

DEBUG:root:Errors over all scan:79

DEBUG:root:Result:tau3_fail
DEBUG:root:Match or Not:False
DEBUG:root:Real time1487897999.09

DEBUG:root:Extracted signature:bitarray('10001001100111010000011100011110000111000011100111110000010111111100000111111000011111110001111111101110111100101011101010011011010000011000000000001111000000000011111000000001110110000001111011000011111010001111110001111111000111111001111110111001011001011000010011010000')
DEBUG:root:Matched frame over all scan:57

DEBUG:root:Errors over all scan:82

DEBUG:root:Result:tau3_fail
DEBUG:root:Match or Not:False
DEBUG:root:Real time1487897999.29

DEBUG:root:Extracted signature:bitarray('10001001100111010000011100011110000110000011100011111000110011111000001111111000011111110001111111101111111111100011100010011011010000011000000000001111000000000011111000000001110110000001111011000011111010001111110000111111000111111001111110111011011001011000010011010000')
DEBUG:root:Matched frame over all scan:59

DEBUG:root:Errors over all scan:82

DEBUG:root:Result:tau3_fail
DEBUG:root:Match or Not:False
DEBUG:root:Real time1487897999.49

DEBUG:root:Extracted signature:bitarray('11001101000111010000011100011110000111000011100111101000010111111100001111111000011111110001111111001111111100111001111000011011010000011000000000011111000000000011111000000001110110000001111011000011111010001111110001111111000111111001111110111011001100001000010011010000')
DEBUG:root:Matched frame over all scan:60

DEBUG:root:Errors over all scan:78

DEBUG:root:Result:tau3_fail
DEBUG:root:Match or Not:False
DEBUG:root:Real time1487897999.69

DEBUG:root:Extracted signature:bitarray('10001101000111010000011100011110000110000011100111101000010111111100001111111000011111110001111111001111110100111001110000010011010000011000000000001111000000000011111000000001110110000001111011000011111010001111110001111111000111111001111110111011011110011000010011010000')
DEBUG:root:Matched frame over all scan:60

DEBUG:root:Errors over all scan:81

DEBUG:root:Result:tau3_fail
DEBUG:root:Match or Not:False
DEBUG:root:Under real time Point counter:0.230605125427

DEBUG:root:Extracted signature:bitarray('10001001000110010000011000011110000110000011100011110000110011111000000111111000011111110001111111101111111111100011100010010011010000011000000000001111000000000011111000000001110110000001111011000011111010001111110001111111000111111001111110111011011011011000010011010000')
DEBUG:root:Matched frame over all scan:59

DEBUG:root:Errors over all scan:84

DEBUG:root:Result:tau3_fail
DEBUG:root:Match or Not:False
DEBUG:root:Real time1487898000.12

DEBUG:root:Extracted signature:bitarray('11001001000111010000011100011110000111000011100111111000110111111100001111111000011111110001111111001111110111110001110010010011010000011000000000001111000000000111111000000001110110000001111011000011111010001111110001111111000111111001111110011111001110001000010011010000')
DEBUG:root:Matched frame over all scan:60

DEBUG:root:Errors over all scan:85

DEBUG:root:Result:tau3_fail
DEBUG:root:Match or Not:False
DEBUG:root:Real time1487898000.32

DEBUG:root:Extracted signature:bitarray('11001101100111110000011100011110000111000011100111111000110111111100001111111000011111110001111111001111110011110001110010010011010000011000000000011111000000000111111000000001110110000001111011000011111010001111110001111111000111111001111110011110001110001000010011010000')
DEBUG:root:Matched frame over all scan:61

DEBUG:root:Errors over all scan:82

DEBUG:root:Result:tau3_fail
DEBUG:root:Match or Not:False
DEBUG:root:Real time1487898000.53

DEBUG:root:Extracted signature:bitarray('10001001000111010000011100011110000110000011100011110000110011111000000111111000011111110001111111101111111011100011100010011011010000011000000000001111000000000011111000000001110110000001111011000011111010001111110000111111000111111001111110111110011110011000010011010000')
DEBUG:root:Matched frame over all scan:59

DEBUG:root:Errors over all scan:83

DEBUG:root:Result:tau3_fail
DEBUG:root:Match or Not:False
DEBUG:root:Real time1487898000.73

DEBUG:root:Extracted signature:bitarray('10001001100111010000011100011110000110000011100011110000110011111000000111111000011111110001111111101111111011100011100010010011010000011000000000001111000000000011111000000001110110000001111011000011111010001111110001111111000111111001111110111110011110011000010011010000')
DEBUG:root:Matched frame over all scan:59

DEBUG:root:Errors over all scan:82

DEBUG:root:Result:tau3_fail
DEBUG:root:Match or Not:False
DEBUG:root:Real time1487898000.93

DEBUG:root:Extracted signature:bitarray('10001001100111110000011100011110000110000011100111111000010111111000001111111000011111110001111111001111110101110011110010010011010000011000000000011111000000000111111000000001110110000001111011000011111010001111110001111111001111111001111110111110011100011000010011010000')
DEBUG:root:Matched frame over all scan:60

DEBUG:root:Errors over all scan:78

DEBUG:root:Result:tau3_fail
DEBUG:root:Match or Not:False
DEBUG:root:Real time1487898001.13

DEBUG:root:Extracted signature:bitarray('10001001000111010000011100011110000110000011100011110000110011111000000111111000011111110001111111101111110111100011000010011011011000011000000000001111000000000011111000000001110110000001111011000011111010001111110001111111000111111001111110110111011011011000010011010000')
DEBUG:root:Matched frame over all scan:59

DEBUG:root:Errors over all scan:80

DEBUG:root:Result:tau3_fail
DEBUG:root:Match or Not:False
DEBUG:root:Real time1487898001.33

DEBUG:root:Extracted signature:bitarray('10001001000110010000011000011110000110000011100011111000110011111100001111111000011111110001111111101111111011110011100010010011011000011000000000001111000000000011111000000001110110000001111011000011111010001111110001111111000111111001111110011111011110001000010011010000')
DEBUG:root:Matched frame over all scan:59

DEBUG:root:Errors over all scan:89

DEBUG:root:Result:tau3_fail
DEBUG:root:Match or Not:False
DEBUG:root:Real time1487898001.53

DEBUG:root:Extracted signature:bitarray('11001001000110010000011000011110000110000011100011111000110011111000000111111000011111110001111011001110110111100011100010010011010000011000000000001111000000000011111000000001110110000001111011000011111010001111110001111111000111111001111110011111011100011000010011000000')
DEBUG:root:Matched frame over all scan:59

DEBUG:root:Errors over all scan:86

DEBUG:root:Result:tau3_fail
DEBUG:root:Match or Not:False
DEBUG:root:Real time1487898001.73

DEBUG:root:Extracted signature:bitarray('11001001000111010000011000011110000110000011100011111000110011111000000111111000011111110001111111101111110011100011100010000011011000011000000000001111000000000011111000000001110110000001111011000011111010001111110000111111000111111001111110011111011100011000010011000000')
DEBUG:root:Matched frame over all scan:59

DEBUG:root:Errors over all scan:86

DEBUG:root:Result:tau3_fail
DEBUG:root:Match or Not:False
DEBUG:root:Real time1487898001.93

DEBUG:root:Extracted signature:bitarray('11011001100011011011001100011011110111000110110011000010010011000111101110001111011000011110000011100000110001010001110001100110010000011111111111011010111111110001010111111100010101111100001010111110001001111100010011110001010110001010100010110001010001010000100011010000')
DEBUG:root:Matched frame over all scan:64

DEBUG:root:Errors over all scan:62

DEBUG:root:Result:replica detected
DEBUG:root:Match or Not:True
DEBUG:root:Real time1487898002.13

DEBUG:root:Extracted signature:bitarray('11011011100011011011011100011011110111000110110011100011010011000111101110001111011001011100000011100000110001011001110001100110010000011111111111111010111111111111010111111111110101111111111010111111111001111111110011111111010111011010100010110001010011010100100011010000')
DEBUG:root:Matched frame over all scan:64

DEBUG:root:Errors over all scan:51

DEBUG:root:Result:replica detected
DEBUG:root:Match or Not:True
DEBUG:root:Real time1487898002.33

DEBUG:root:Extracted signature:bitarray('11011001100011011011001100011011110111000110010011100011010011000111101110011011011001001111001001010010000111000010000010000100010000011111111111111010111111111111010111111111110101111111111010111111111001111100110011110011010110010010100100110010010001010000100011010000')
DEBUG:root:Matched frame over all scan:64

DEBUG:root:Errors over all scan:40

DEBUG:root:Result:replica detected
DEBUG:root:Match or Not:True
DEBUG:root:Real time1487898002.53

DEBUG:root:Extracted signature:bitarray('11011001100011011011001100011011110111000100010011000010110011000101101111010011011001000011000000010000000100000010000010000100010000011111111111111010111111111111010111111111110101111111111010111110011001111100100011110010010110000010100000110000010000010000100010001000')
DEBUG:root:Matched frame over all scan:64

DEBUG:root:Errors over all scan:45

DEBUG:root:Result:replica detected
DEBUG:root:Match or Not:True
DEBUG:root:Real time1487898002.73

DEBUG:root:Extracted signature:bitarray('11011001100011011011001100011011110111000100110011100010010011000010001111000000111100000111000000010000000100000010000010001000100100011111111111111010111111111111010111111111110101111111110010111100010011111100000111110000010100000010000001110000110000010010101010000000')
DEBUG:root:Matched frame over all scan:67

DEBUG:root:Errors over all scan:39

DEBUG:root:Result:replica detected
DEBUG:root:Match or Not:True
DEBUG:root:Real time1487898002.93

DEBUG:root:Extracted signature:bitarray('11011001100011011011001100011010110111000100110011100010010011000000001111000001011101001111000000010000000100000010000010000001100101111111111111111010111111111111010111111111110101111111110010111110000011111100000111100000010100000110000011110000110000010000101010010000')
DEBUG:root:Matched frame over all scan:67

DEBUG:root:Errors over all scan:40

DEBUG:root:Result:replica detected
DEBUG:root:Match or Not:True
DEBUG:root:Real time1487898003.13

DEBUG:root:Extracted signature:bitarray('11011001100011011011001100011011110111000100110011100010010011000000001111000001111101001111000001010000000100000010000010000101100100111111111111111010111111111111010111111111110101111100110010111100000011111000000111100000010100000110000010110000010000010000101010010000')
DEBUG:root:Matched frame over all scan:67

DEBUG:root:Errors over all scan:47

DEBUG:root:Result:tau3_fail
DEBUG:root:Match or Not:False
DEBUG:root:Real time1487898003.33

DEBUG:root:Extracted signature:bitarray('11011001100011011011001100011010110111000100110011100000010011000000001111000001111101001111000001010000000100000010000010000101100100011111111111111010111111111111010111111111100101111110110010111110000011111100000111100000010100000110000010110000010000010000101010010000')
DEBUG:root:Matched frame over all scan:65

DEBUG:root:Errors over all scan:42

DEBUG:root:Result:replica detected
DEBUG:root:Match or Not:True
DEBUG:root:Real time1487898003.53

DEBUG:root:Extracted signature:bitarray('11011001100011011011011100011010110111000100010011100010010011000100001111010001111101001111000000110000000100000010000010000000100000011111111111011010111111111011010111111100100101111110000010111100000011111100000111110000010100000010000010110001010000010010100010001000')
DEBUG:root:Matched frame over all scan:65

DEBUG:root:Errors over all scan:48

DEBUG:root:Result:replica detected
DEBUG:root:Match or Not:True
DEBUG:root:Real time1487898003.73

DEBUG:root:Extracted signature:bitarray('11011001100011011011011000011000110110001100110011000110010011000100011110011001110001001110001000110010001001001100001000000000100000111111111011111010111110001111010111100011100101110001100010110000100011100000010110000001010000001110000011100001110001010010100010100000')
DEBUG:root:Matched frame over all scan:73

DEBUG:root:Errors over all scan:55

DEBUG:root:Result:replica detected
DEBUG:root:Match or Not:True
DEBUG:root:Real time1487898003.94

DEBUG:root:Extracted signature:bitarray('11011001100011011011011100011000100111000100010011100110010011001100010111011001110011001110011001110010001001001110001110001000100100011110011111111010110001111111010100011111100100000011100010000001100011000001000110000011010000001110000011100001110001010010100010101000')
DEBUG:root:Matched frame over all scan:72

DEBUG:root:Errors over all scan:64

DEBUG:root:Result:tau3_fail
DEBUG:root:Match or Not:False
DEBUG:root:Real time1487898004.14

DEBUG:root:Extracted signature:bitarray('11011001100011011011001100011000110111001110010011000111010011000111001110011011111001001110000000110000001100000110000010000000100000011111001111111010110001111111010100000111110101000001110010000000110001000000110110000001110000001110000011100000110000010000100010000000')
DEBUG:root:Matched frame over all scan:73

DEBUG:root:Errors over all scan:49

DEBUG:root:Result:replica detected
DEBUG:root:Match or Not:True
DEBUG:root:Real time1487898004.34

DEBUG:root:Extracted signature:bitarray('11001001100011011011001100011000110111000110010011100011100011000111101110011011011001001110000001110000000101000011000010100110010010011111111111111010111111111111010111111111110101111111111010111111111001111110110011110011011110010010100100110011010011010100100010010000')
DEBUG:root:Matched frame over all scan:64

DEBUG:root:Errors over all scan:50

DEBUG:root:Result:replica detected
DEBUG:root:Match or Not:True
DEBUG:root:Real time1487898004.54

DEBUG:root:Extracted signature:bitarray('11011001100011011011001100011000110111000110010011100011000011000111101110011011011001001110000001110000000101100011000010100110010000011111111111001010111111111111010111111110110101111110011010111110011001111100110011110001010110001010100010110001010011010100100011010000')
DEBUG:root:Matched frame over all scan:64

DEBUG:root:Errors over all scan:52

DEBUG:root:Result:replica detected
DEBUG:root:Match or Not:True
DEBUG:root:Real time1487898004.74

DEBUG:root:Extracted signature:bitarray('11001001100011011011011100011000110111000110010011100011100011000111101110011011011001001110000001110000000101100011100001100100010000011111111101111010111111111111010111111110110101111110011010111110011001111100110011110011011110011010100010110001010011010100100011010000')
DEBUG:root:Matched frame over all scan:78

DEBUG:root:Errors over all scan:52

DEBUG:root:Result:replica detected
DEBUG:root:Match or Not:True
DEBUG:root:Under real time Point counter:0.230453968048

DEBUG:root:Extracted signature:bitarray('11001011100011011011011100011001110111000110010011100011100011000111101110001011011001001110000001110000110100111101111101100110010010011111111111111010111111111111010111111110110101111110011010111110011001111100110011110011011110011010100010110001010011010110100010010000')
DEBUG:root:Matched frame over all scan:78

DEBUG:root:Errors over all scan:60

DEBUG:root:Result:replica detected
DEBUG:root:Match or Not:True
DEBUG:root:Real time1487898005.17

DEBUG:root:Extracted signature:bitarray('11001001100011011011011100011000110111000110010011100011100011000111101110001011011001001110000001110000100100000111100101000110010010011111111111101010111111111111010111111110110101111110011010111110011001111100110011110011011110011010000010110001010001010110100010010000')
DEBUG:root:Matched frame over all scan:78

DEBUG:root:Errors over all scan:51

DEBUG:root:Result:replica detected
DEBUG:root:Match or Not:True
DEBUG:root:Real time1487898005.37

DEBUG:root:Extracted signature:bitarray('11001001100011011011011100011010110111000110010011000011000011000111101110001111011001001110000011110000000100000010100001000100010010011111111111111010111111111001010111111100110101111110011010111100011001111100110011110011010100011010000010110001010001010100100011010000')
DEBUG:root:Matched frame over all scan:78

DEBUG:root:Errors over all scan:48

DEBUG:root:Result:tau3_fail
DEBUG:root:Match or Not:False
DEBUG:root:Real time1487898005.57

DEBUG:root:Extracted signature:bitarray('11001001100011011011011100011001110111000110010011100011010011000111101110001111011001001100000011110000110100011100111101011110010010011111111101001010111111111111010111111100110101111110011010111100011001111100110011110011010110001010000010110001010001010110100010010000')
DEBUG:root:Matched frame over all scan:78

DEBUG:root:Errors over all scan:56

DEBUG:root:Result:replica detected
DEBUG:root:Match or Not:True
DEBUG:root:Real time1487898005.77

DEBUG:root:Extracted signature:bitarray('11011001100011011011011100011000110111000110010011100011100011000111101110001111011001001110000011110000110100000010101100110010010010011111111111101010111111111011010111111100110101111110011010111100011001111100110011110011010110011010100010110001010001010110100010010000')
DEBUG:root:Matched frame over all scan:78

DEBUG:root:Errors over all scan:55

DEBUG:root:Result:replica detected
DEBUG:root:Match or Not:True
DEBUG:root:Real time1487898005.97

DEBUG:root:Extracted signature:bitarray('11001001100011011011001100011010110111000110010011100011000011000111101110001111011000001110000001110000000100100011100010110010000000011111111111111010111111111111010111111101110101111100111010111100011001111100110011110011011100011010000100110011010011010100100011010000')
DEBUG:root:Matched frame over all scan:62

DEBUG:root:Errors over all scan:48

DEBUG:root:Result:replica detected
DEBUG:root:Match or Not:True
DEBUG:root:Real time1487898006.17

DEBUG:root:Extracted signature:bitarray('11011011100010011011011100000011110111000000110011000000010011000000011110000011111000001111000011010000101101000010000010000100010001111111111111001010111111111001010111111110010101111110011010111100011011111000100111100011010100011010000010110000010000010000100010010000')
DEBUG:root:Matched frame over all scan:84

DEBUG:root:Errors over all scan:52

DEBUG:root:Result:replica detected
DEBUG:root:Match or Not:True
DEBUG:root:Real time1487898006.37

DEBUG:root:Extracted signature:bitarray('11001001100011111011001100011110110111000110110011000010010011000110001110000011111000001111000011110000100101000010000010000100010011111111111111111010111111111111010111111111110101111110111010111100111011111001110111100111010100000010000000110000010000010000100010010000')
DEBUG:root:Matched frame over all scan:64

DEBUG:root:Errors over all scan:48

DEBUG:root:Result:replica detected
DEBUG:root:Match or Not:True
DEBUG:root:Real time1487898006.57

DEBUG:root:Extracted signature:bitarray('11011001100011011011001100011011110111000100110011100000010011000000011111000000111001000111000000010000000100000010000010000100000001111111111111011010111111111011010111111100110101111100000010111100000011111000000111100000010100000010000000110000010000010000100011010000')
DEBUG:root:Matched frame over all scan:84

DEBUG:root:Errors over all scan:46

DEBUG:root:Result:replica detected
DEBUG:root:Match or Not:True
DEBUG:root:Real time1487898006.77

DEBUG:root:Extracted signature:bitarray('11011001100011110011001100011000110111000100011011100000010011000000011110000000111100000011010000010010000101000010000010000100010000010011100011111010011100101111100111111000001001111110000100110000000101100000001010100000110110000110110001001100100000100011001100101000')
DEBUG:root:Matched frame over all scan:67

DEBUG:root:Errors over all scan:73

DEBUG:root:Result:tau3_fail
DEBUG:root:Match or Not:False
DEBUG:root:Real time1487898006.97

DEBUG:root:Extracted signature:bitarray('11011001100011011011001100011010110110000110110011000011010011000111001111001110011101011001001011000011110011111001011000110011011010011111111111111010111111111001010111111110100101111110011010111100011001111100110011110011010110011010000110110011010011010110101010010000')
DEBUG:root:Matched frame over all scan:89

DEBUG:root:Errors over all scan:52

DEBUG:root:Result:tau3_fail
DEBUG:root:Match or Not:False
DEBUG:root:Real time1487898007.17

DEBUG:root:Extracted signature:bitarray('11011011100011011011011100011011110111000110110011000011010011000111001111011111011001011111011011000110110011011001011000110011011010011111111101001010111111100000010111111000010101111100011010111100011001111000110011100011010100011010000110010011010011010110101010010000')
DEBUG:root:Matched frame over all scan:90

DEBUG:root:Errors over all scan:61

DEBUG:root:Result:tau3_fail
DEBUG:root:Match or Not:False
DEBUG:root:Real time1487898007.37

DEBUG:root:Extracted signature:bitarray('11011001100011011011001100011010110111000110110011000011010011000111001111001110011001011001001011010011110011111001011000110011011010011111111001011010111111000011010111110000110101111000011010111000011001111000110011100011010100011010000110010011010011010110101010010000')
DEBUG:root:Matched frame over all scan:90

DEBUG:root:Errors over all scan:46

DEBUG:root:Result:tau3_fail
DEBUG:root:Match or Not:False
DEBUG:root:Real time1487898007.57

DEBUG:root:Extracted signature:bitarray('11011001100011011011011100011010110110000110010011000011010011000111001111011111011001011101001011000011110011111001011000110011011010011111111111111010111111111111010111111111110101111111111010001100011001101100110011110011010110011010000110010011010011010110101010010000')
DEBUG:root:Matched frame over all scan:89

DEBUG:root:Errors over all scan:54

DEBUG:root:Result:tau3_fail
DEBUG:root:Match or Not:False
DEBUG:root:Real time1487898007.77

DEBUG:root:Extracted signature:bitarray('11011001100011011011001100011010110111000110010011100011010011000111001111011111011001011001001011000011110011111001011000110011011010011111111001001010111111000001010111110000110101111100011010111000011001111000110011100011010100011010000110010011010011010110101010010000')
DEBUG:root:Matched frame over all scan:90

DEBUG:root:Errors over all scan:52

DEBUG:root:Result:tau3_fail
DEBUG:root:Match or Not:False
DEBUG:root:Real time1487898007.97

DEBUG:root:Extracted signature:bitarray('11011001100011011011001100011010110111000110010011000011010011000111001111001110011001111001000011000011110011111001011000110011011010011111111111111010111111001111010111110001110101111000011010110000011001111000110011100011010100011010000110010011010011010110101010010000')
DEBUG:root:Matched frame over all scan:90

DEBUG:root:Errors over all scan:47

DEBUG:root:Result:tau3_fail
DEBUG:root:Match or Not:False
DEBUG:root:Real time1487898008.17

DEBUG:root:Extracted signature:bitarray('11001001100011011011001100011001110011000110010011100011000011000111001111001111011101011101001011000011110011111001011000110011011010011111111111111010111111111111010111111111110101111111111010111110011001111100110011110011010110011010000110010011010011010110101010010000')
DEBUG:root:Matched frame over all scan:89

DEBUG:root:Errors over all scan:58

DEBUG:root:Result:tau3_fail
DEBUG:root:Match or Not:False
DEBUG:root:Real time1487898008.37

DEBUG:root:Extracted signature:bitarray('11011001100011011011011100011010110110000110110011000011010011000111001111011111011001011101001011000011110011011000011000110011011010011111111111001010111111100001010111110000110101111100011010111000011001111000110011100011010100011010000110010011010011010110101010010000')
DEBUG:root:Matched frame over all scan:90

DEBUG:root:Errors over all scan:50

DEBUG:root:Result:tau3_fail
DEBUG:root:Match or Not:False
DEBUG:root:Real time1487898008.58

DEBUG:root:Extracted signature:bitarray('11011001110011011011001100011010110111000110110011100011010011000111001111001111011001011001001011010011110011111001011000110011011010011111111111001010111111110000010111111100100101111100011010111100011001111000110011100011010100011010000110010011010011010110101010010000')
DEBUG:root:Matched frame over all scan:90

DEBUG:root:Errors over all scan:59

DEBUG:root:Result:tau3_fail
DEBUG:root:Match or Not:False
DEBUG:root:Real time1487898008.78

DEBUG:root:Extracted signature:bitarray('11011001100011011011001100011010110111000110010011000011000011000111001111011111011101011001001011000011110011111001011000110011011010011111111111111010111111111111010111111111110101101111011010101110011001111100110011100011010100011010000110010011010011010110101010010000')
DEBUG:root:Matched frame over all scan:89

DEBUG:root:Errors over all scan:58

DEBUG:root:Result:tau3_fail
DEBUG:root:Match or Not:False
DEBUG:root:Real time1487898008.98

DEBUG:root:Extracted signature:bitarray('11001011100011011011011100011010110111000110110011000011010011000111001111011111011001011101001011000011110011111001011000110011011010011111111011011010111111010001010111110000110101111000011010111000011001111000110011100011010100011010000110010011010011010110101010010000')
DEBUG:root:Matched frame over all scan:90

DEBUG:root:Errors over all scan:54

DEBUG:root:Result:tau3_fail
DEBUG:root:Match or Not:False
DEBUG:root:Real time1487898009.18

DEBUG:root:Extracted signature:bitarray('11111010001100010111011000000011100110000100110000000000010001000000110001001100111011110011101000011000000100000010000010110110010000000001100111101110001101011100110001110011101100110000111110111000111110111000111001101011100101100100110111101001101001101011011100101000')
DEBUG:root:Matched frame over all scan:2831

DEBUG:root:Errors over all scan:75

DEBUG:root:Result:tau3_fail
DEBUG:root:Match or Not:False
DEBUG:root:Real time1487898009.38

DEBUG:root:Extracted signature:bitarray('11111110001000011011110000000010110100000000110000000000110001000000110011001100100110110011101000011000000100000010000010110011010000000001100011001110001100011101110001100011101100110000111110110000111110110000111001001111100101110110100111100001100001101111011101101000')
DEBUG:root:Matched frame over all scan:106

DEBUG:root:Errors over all scan:85

DEBUG:root:Result:tau3_fail
DEBUG:root:Match or Not:False
DEBUG:root:Real time1487898009.58

DEBUG:root:Extracted signature:bitarray('11111110001000010011110000000011100100000000110010000000110001000000110011001100101111110011101000011000000100000010000010110011010000000001100011001110001100011101110011100011101100110000111110111000111110111000111001111111100111110110110111100001100001101111011101101000')
DEBUG:root:Matched frame over all scan:106

DEBUG:root:Errors over all scan:80

DEBUG:root:Result:tau3_fail
DEBUG:root:Match or Not:False
DEBUG:root:Real time1487898009.78

DEBUG:root:Extracted signature:bitarray('11011110000000010011110000000011100100000000110010000000010011000000110111001100011111110011101100011000000100000010000011110011010000000001110011101110001111011101110011100011101100110001111110111000111110111000111001101101100111101110110111101001100001101111011101101000')
DEBUG:root:Matched frame over all scan:2934

DEBUG:root:Errors over all scan:81

DEBUG:root:Result:tau3_fail
DEBUG:root:Match or Not:False
DEBUG:root:Under real time Point counter:0.219999074936

DEBUG:root:Extracted signature:bitarray('11011110000000010010110000000011100100000000110010000000010011100000110111001100011111110011101100011000000100000010100011110011010000000001100011101110001110011111110001100011101100110001111110111000111110111000111001101111100111101100110111001011101001101111011101101000')
DEBUG:root:Matched frame over all scan:2934

DEBUG:root:Errors over all scan:79

DEBUG:root:Result:tau3_fail
DEBUG:root:Match or Not:False
DEBUG:root:Real time1487898010.2

DEBUG:root:Extracted signature:bitarray('11111110001000011110110000000011100100000000100011000000110011100000110111001100011111110011101000011000000100000010000001110011010000000001011111101110001110011111110011100011101101110001111110111000111110111100111001011101100111100100110111100001100001101111011101101000')
DEBUG:root:Matched frame over all scan:106

DEBUG:root:Errors over all scan:74

DEBUG:root:Result:tau3_fail
DEBUG:root:Match or Not:False
DEBUG:root:Real time1487898010.4

DEBUG:root:Extracted signature:bitarray('11011110000010011110110000010011100100000100100011000000010011100100010111001100011111110001101100011000000100000010000001110011010000000000011011111110011111011111110001100011101100110001111110111000111110111101111001111111100111001100110111000101100001101111011101101000')
DEBUG:root:Matched frame over all scan:2970

DEBUG:root:Errors over all scan:80

DEBUG:root:Result:tau2_fail
DEBUG:root:Match or Not:False
DEBUG:root:Real time1487898010.6

DEBUG:root:Extracted signature:bitarray('11111110000000011110110000010011101100000100100110000000010011100100100111001100011111110011101100011000000100000010000001110011010000000000111011101110011110011110110011100011101100110001111110111000011110111101111001111101100111001100110111101101100001101111011101101000')
DEBUG:root:Matched frame over all scan:106

DEBUG:root:Errors over all scan:81

DEBUG:root:Result:tau3_fail
DEBUG:root:Match or Not:False
DEBUG:root:Real time1487898010.8

DEBUG:root:Extracted signature:bitarray('11111110000000011110110000010011001100000100100110000000010011100100100111001100011111110001001100010000000100000010000001110011010000000000011011101110010110011110110001100111101100110011111110111010111110111100111001111001100111001100110011001100101001101111011101101000')
DEBUG:root:Matched frame over all scan:106

DEBUG:root:Errors over all scan:84

DEBUG:root:Result:tau3_fail
DEBUG:root:Match or Not:False
DEBUG:root:Real time1487898011.0

DEBUG:root:Extracted signature:bitarray('11111110000010011110110000010011001100000000100110000000010111100100110111001100011001110011000000010000000100000010000000110011010000000011010011111110011110011110110011100011101101110001110110111010011110111100111001111001100111011100101111000001101001101111011101101000')
DEBUG:root:Matched frame over all scan:106

DEBUG:root:Errors over all scan:76

DEBUG:root:Result:tau3_fail
DEBUG:root:Match or Not:False
DEBUG:root:Real time1487898011.2

DEBUG:root:Extracted signature:bitarray('11011110000010011110110000010011001100000100100111000000010111100110001111001100011001110001000011111000011100001110001100111011010010000011010011111110011110011110110011100111101101111111110110111110011100111100111001111011100111011100101111000001101011101111011101101000')
DEBUG:root:Matched frame over all scan:108

DEBUG:root:Errors over all scan:75

DEBUG:root:Result:tau3_fail
DEBUG:root:Match or Not:False
DEBUG:root:Real time1487898011.4

DEBUG:root:Extracted signature:bitarray('11011110000010011010110000010011001100000100100111000100010111100110001111001110011000111001000111111000111100001100001100111011011010000010110011111110001110011111110011100111001101111111000110111110011100111100111001110011100111111100111111000011101011101111010101101000')
DEBUG:root:Matched frame over all scan:109

DEBUG:root:Errors over all scan:76

DEBUG:root:Result:tau3_fail
DEBUG:root:Match or Not:False
DEBUG:root:Real time1487898011.6

DEBUG:root:Extracted signature:bitarray('10110110000010010100110000010011001100000000100111100100010111100110001111101110011001111001100011111000111100001100001100111011011010000011110011110110001110011110110011100111101101111111110110111110010100111100111011110011100111111101111111010011101011101011010101011000')
DEBUG:root:Matched frame over all scan:112

DEBUG:root:Errors over all scan:74

DEBUG:root:Result:tau3_fail
DEBUG:root:Match or Not:False
DEBUG:root:Real time1487898011.8

DEBUG:root:Extracted signature:bitarray('10110110000010010100110000010011001100000000100111100100010111100110001111101110011000111001000111101000111000011100011100111011111010100011110011111110001110011110110011100111001101111111010110111110011100111100110010110011100111111101111111010011101011101011010101011000')
DEBUG:root:Matched frame over all scan:112

DEBUG:root:Errors over all scan:71

DEBUG:root:Result:tau3_fail
DEBUG:root:Match or Not:False
DEBUG:root:Real time1487898012.0

DEBUG:root:Extracted signature:bitarray('10110110000010010100110000010010001100000000100111100100000111100110001111001110011000111101000111101000111000011100011100111011111010000101110011111110001110111110110011101111001101111111010100111110110100111100110010110011101111111101111111010011101011101110010001010000')
DEBUG:root:Matched frame over all scan:112

DEBUG:root:Errors over all scan:72

DEBUG:root:Result:tau3_fail
DEBUG:root:Match or Not:False
DEBUG:root:Real time1487898012.2

DEBUG:root:Extracted signature:bitarray('10110110000010010100110000010010001100000000100111100100000111100111001111001110011000111001100111101000111000001100001100111011111010100101110011111110001110011100110011111111001101111100010100111110110100111100110010110011101111111101101111010011101011001010010001010000')
DEBUG:root:Matched frame over all scan:113

DEBUG:root:Errors over all scan:65

DEBUG:root:Result:tau3_fail
DEBUG:root:Match or Not:False
DEBUG:root:Real time1487898012.4

DEBUG:root:Extracted signature:bitarray('10110110000000011100110000011011001100000000100111100100000111100110001111101110011000111001000011101000111000011100011100111011111010100100110111101110101110111100110011101110001101111111010110111110110100111101110010110011101111111101111111010011101011001110010001011000')
DEBUG:root:Matched frame over all scan:112

DEBUG:root:Errors over all scan:66

DEBUG:root:Result:tau3_fail
DEBUG:root:Match or Not:False
DEBUG:root:Real time1487898012.6

DEBUG:root:Extracted signature:bitarray('10100110000010011000100000010010001100000000100111100100000111100111001111101110011000111001100111101000111000011100011100111011111010100101110011100110001100011100110011001111001101111111010100111110111100111100110010110011100111111101111111010011101011101010011001010000')
DEBUG:root:Matched frame over all scan:112

DEBUG:root:Errors over all scan:71

DEBUG:root:Result:tau3_fail
DEBUG:root:Match or Not:False
DEBUG:root:Real time1487898012.81

DEBUG:root:Extracted signature:bitarray('11100110000010011000110000010010001100000000100111100110000111100110001111101110011000111001100111101000111000011100011100111011111010101101110111100110001100111100110111111110001101111111010100111110110100111100110010110011100111111101111111010011101011001010010001010000')
DEBUG:root:Matched frame over all scan:113

DEBUG:root:Errors over all scan:72

DEBUG:root:Result:tau3_fail
DEBUG:root:Match or Not:False
DEBUG:root:Real time1487898013.01

DEBUG:root:Extracted signature:bitarray('11100110000010011000110000010010001110001000100111100110000111100110001111101111011000111001100111101000111000001100001100111011111010101001100011100110001100111100110111011110001101111111010100111110110000111100110010110011100111111101101111010011101011001110010001011000')
DEBUG:root:Matched frame over all scan:111

DEBUG:root:Errors over all scan:80

DEBUG:root:Result:tau3_fail
DEBUG:root:Match or Not:False
DEBUG:root:Real time1487898013.21

DEBUG:root:Extracted signature:bitarray('11100110000000011001110000000010011110001000100111100110000111100110001111101110011000111001100111101000111000001100001100111011111010101001100011100110011100111100110111011110001101111100010100111110110100111100110010110011101110111101101111010011101011001010010001010000')
DEBUG:root:Matched frame over all scan:119

DEBUG:root:Errors over all scan:71

DEBUG:root:Result:tau3_fail
DEBUG:root:Match or Not:False
DEBUG:root:Real time1487898013.41

DEBUG:root:Extracted signature:bitarray('11100110000000011001110000000010001010001000100111100110010111100110001111101110011000111101000011101000111000011100001100011011111010101101100011100110011100111100110111011100111101111100000100111110110100111100110010110011100110111101101111010011101011101010010001010000')
DEBUG:root:Matched frame over all scan:117

DEBUG:root:Errors over all scan:71

DEBUG:root:Result:tau3_fail
DEBUG:root:Match or Not:False
DEBUG:root:Real time1487898013.61

DEBUG:root:Extracted signature:bitarray('11100110000000011001110000011010001110001100100111100110000111100110001111101110011000111001100011101000111000011100011100111011111010101001100111100110001100111100110111111110111101111110010100111110110000111100110010110011100110111101101111010011101011001010010001011000')
DEBUG:root:Matched frame over all scan:118

DEBUG:root:Errors over all scan:70

DEBUG:root:Result:tau3_fail
DEBUG:root:Match or Not:False
DEBUG:root:Real time1487898013.81

DEBUG:root:Extracted signature:bitarray('11000110000000011001110000000010001110001100100111100110000111100110001111101110011000111101000111101000111000011100001100011011111010100001100011100110011100111110110111001100111101111100100100111110110100111100110010110011100110111101111111010011101011101110010001010000')
DEBUG:root:Matched frame over all scan:117

DEBUG:root:Errors over all scan:77

DEBUG:root:Result:tau3_fail
DEBUG:root:Match or Not:False
DEBUG:root:Real time1487898014.01

DEBUG:root:Extracted signature:bitarray('10000110000000011001110000001010001110001100100111100110000111100110001111101111011000111101100011101000111000011100001100011011111010101001101111100110011101111100110111111110011101111111110100111110110000111100110010110011101111110101101111010011101011001110010001011000')
DEBUG:root:Matched frame over all scan:115

DEBUG:root:Errors over all scan:82

DEBUG:root:Result:tau3_fail
DEBUG:root:Match or Not:False
DEBUG:root:Real time1487898014.21

DEBUG:root:Extracted signature:bitarray('10000110000000011001110000010010001110001100100111100110000111110110001111101111011000111101100011101000111000011100001100011011111010100011101111100110011101110111110111111100011101111111110100111110110000111100110010110011101110111101101111010011101011101010010001011000')
DEBUG:root:Matched frame over all scan:115

DEBUG:root:Errors over all scan:77

DEBUG:root:Result:tau3_fail
DEBUG:root:Match or Not:False
DEBUG:root:Real time1487898014.41

DEBUG:root:Extracted signature:bitarray('11001110000000011001110000010010001110001100101111000110001111100110001111101110011000111101000111101000111100011100011100011011111010100001101111110110011111110011110111111100011101111001000100111111010100111100111010110011100110111101110111010011101011101110011001010000')
DEBUG:root:Matched frame over all scan:125

DEBUG:root:Errors over all scan:75

DEBUG:root:Result:tau3_fail
DEBUG:root:Match or Not:False
DEBUG:root:Real time1487898014.61

DEBUG:root:Extracted signature:bitarray('11000110000001011000110000011110011110001100101111100110000111100110001111001111011000111101000011101000111000011100001100011011111010000011101111110110011111110011110110111100011101111111000100111110010100111100111010110011101111111101110111010011101011001110010001011000')
DEBUG:root:Matched frame over all scan:125

DEBUG:root:Errors over all scan:73

DEBUG:root:Result:tau3_fail
DEBUG:root:Match or Not:False
DEBUG:root:Real time1487898014.81

DEBUG:root:Extracted signature:bitarray('11000110000000011001110000110010001110001100101111100110000111110110001111101111011000111001100011101000111000011100001100011011111010100011101111110110011110110111110111110111011001011111110100111110010000111100110010110011101111111101101111010011101011001010010001011000')
DEBUG:root:Matched frame over all scan:115

DEBUG:root:Errors over all scan:78

DEBUG:root:Result:tau3_fail
DEBUG:root:Match or Not:False
DEBUG:root:Real time1487898015.01

DEBUG:root:Extracted signature:bitarray('11000110000000010000111000110010001110001100101111000110000111110110001111101110011000111101000111101000111000011100001100011011111010100011101110011110011110110011110110100100011101011101100100111110011100111100111010110011100110111101111111010011101011101010011001010000')
DEBUG:root:Matched frame over all scan:128

DEBUG:root:Errors over all scan:79

DEBUG:root:Result:tau3_fail
DEBUG:root:Match or Not:False
DEBUG:root:Real time1487898015.21

DEBUG:root:Extracted signature:bitarray('11001110000001010001111000110110011110001100001111000110000111110110001111101111011000111101000011101000111000011100011100011011111010100011101110011110011110110011110110110110011101011011000100111110011100111100111010110011100110011101110111010011101011101011011001010000')
DEBUG:root:Matched frame over all scan:125

DEBUG:root:Errors over all scan:78

DEBUG:root:Result:tau3_fail
DEBUG:root:Match or Not:False
DEBUG:root:Real time1487898015.41

DEBUG:root:Extracted signature:bitarray('10000110000000010001111000110010011110001100100111001110000111110110001111101111011100111101100011101000111000011100001100011011111010100011101110111110111100110111110111110110001101111111110100111110011100111100111010110011100111111101101111010011101011101011010101110000')
DEBUG:root:Matched frame over all scan:115

DEBUG:root:Errors over all scan:84

DEBUG:root:Result:tau3_fail
DEBUG:root:Match or Not:False
DEBUG:root:Real time1487898015.61

DEBUG:root:Extracted signature:bitarray('10000110000011010001110000110010111110001100110111000110000111100110001111001111011100111101100011101000111000011100001100011011111010000011101110111110111111110011110110110110001101111111010100111110011100111100111010110011100111111101101111000011101011101111010101111000')
DEBUG:root:Matched frame over all scan:2321

DEBUG:root:Errors over all scan:82

DEBUG:root:Result:tau3_fail
DEBUG:root:Match or Not:False
DEBUG:root:Real time1487898015.81

DEBUG:root:Extracted signature:bitarray('10011110000000010111111000110011111110001100111111000110000111100111001111001111011000011101000011101000111100011100001100011001111010000011110100011110111110100001110110100110001101011011011100011110011100111100111010110011100110010100110111000011101011101111011101110000')
DEBUG:root:Matched frame over all scan:132

DEBUG:root:Errors over all scan:79

DEBUG:root:Result:tau3_fail
DEBUG:root:Match or Not:False
DEBUG:root:Real time1487898016.02

DEBUG:root:Extracted signature:bitarray('10111110000000010111111000110011111110001100110111000110000111100111001111001111011000011101000011101000111100011100001110011001111010000111110100111110111110110011110110100110111101011010010100111110011100111100111001110010100111010100110111000011100011101111011101110000')
DEBUG:root:Matched frame over all scan:132

DEBUG:root:Errors over all scan:74

DEBUG:root:Result:tau3_fail
DEBUG:root:Match or Not:False
DEBUG:root:Real time1487898016.22

DEBUG:root:Extracted signature:bitarray('10111110000000011111111000110011111100001100111110000110000111000111001110001111011000011101000011110000111100011110001110001001111010000111110100111110111010110111110110100110101101010010011100001110011100011100111001110000100011000100110101000011100011101111011101110000')
DEBUG:root:Matched frame over all scan:132

DEBUG:root:Errors over all scan:76

DEBUG:root:Result:tau3_fail
DEBUG:root:Match or Not:False
DEBUG:root:Real time1487898016.42

DEBUG:root:Extracted signature:bitarray('10111110000010011110110000110001111100001100110110001110000111000111001111001111011000011101000011110000111100011010001110001001111010000111110100111110111110110111110110100110001001010110011100101110011100011100111001110001100011000100110101000011100011101111011100110000')
DEBUG:root:Matched frame over all scan:132

DEBUG:root:Errors over all scan:79

DEBUG:root:Result:tau3_fail
DEBUG:root:Match or Not:False
DEBUG:root:Real time1487898016.62

DEBUG:root:Extracted signature:bitarray('10111110000010011110110000110011111100001100111110001110000111000111001110001111011000011101000011110000111100011010001110001101111010000111110100111110110110110111110100100110101101110110011100101110011100011000111001110001100011000100100101000011100011101111011100100000')
DEBUG:root:Matched frame over all scan:132

DEBUG:root:Errors over all scan:77

DEBUG:root:Result:tau3_fail
DEBUG:root:Match or Not:False
DEBUG:root:Real time1487898016.82

DEBUG:root:Extracted signature:bitarray('11111110000110011110110000110001101100001100111110000110001111000111001110001111011000011101000011110000111100011010000110001100011010001111110100111110110010011101110110100100111101110110011100001100011100011000011001110001100011000100110101000011100011100111011101110000')
DEBUG:root:Matched frame over all scan:136

DEBUG:root:Errors over all scan:81

DEBUG:root:Result:tau3_fail
DEBUG:root:Match or Not:False
DEBUG:root:Real time1487898017.02

DEBUG:root:Extracted signature:bitarray('11111110000110011110110000110001101100001100011110001110001111000111001110001111011000011101000011100000111100011010001110001101011010001111110100111110110110011001110100100100111001110110011100001100011100011000011001110000100011000100100101000011100011100111011100110000')
DEBUG:root:Matched frame over all scan:136

DEBUG:root:Errors over all scan:83

DEBUG:root:Result:tau3_fail
DEBUG:root:Match or Not:False
DEBUG:root:Real time1487898017.22

DEBUG:root:Extracted signature:bitarray('11111110000100011111110000110001111100001100011111000111001111100111100011001111011000011101000011110000110100000011000110011001111010101111110100001110110011011101110110100110111001110110011100000110011100011000011001110000100011000100110111000011100011100111011101110000')
DEBUG:root:Matched frame over all scan:2112

DEBUG:root:Errors over all scan:87

DEBUG:root:Result:tau3_fail
DEBUG:root:Match or Not:False
