DEBUG:root:Under real time Point counter:1.90734863281e-05

DEBUG:root:Real time1486859583.54

DEBUG:root:Real time1486859583.74

DEBUG:root:Real time1486859583.94

DEBUG:root:Real time1486859584.14

DEBUG:root:Real time1486859584.34

DEBUG:root:Real time1486859584.54

DEBUG:root:Real time1486859584.74

DEBUG:root:Real time1486859584.94

DEBUG:root:Real time1486859585.14

DEBUG:root:Real time1486859585.34

DEBUG:root:Real time1486859585.54

DEBUG:root:Real time1486859585.74

DEBUG:root:Real time1486859585.94

DEBUG:root:Real time1486859586.15

DEBUG:root:Real time1486859586.35

DEBUG:root:Real time1486859586.55

DEBUG:root:Real time1486859586.75

DEBUG:root:Real time1486859586.95

DEBUG:root:Real time1486859587.15

DEBUG:root:Real time1486859587.35

DEBUG:root:Real time1486859587.55

DEBUG:root:Real time1486859587.75

DEBUG:root:Real time1486859587.95

DEBUG:root:Real time1486859588.15

DEBUG:root:Real time1486859588.35

DEBUG:root:Real time1486859588.55

DEBUG:root:Real time1486859588.75

DEBUG:root:Real time1486859588.95

DEBUG:root:Real time1486859589.15

DEBUG:root:Real time1486859589.36

DEBUG:root:Real time1486859589.56

DEBUG:root:Real time1486859589.76

DEBUG:root:Real time1486859589.96

DEBUG:root:Real time1486859590.16

DEBUG:root:Real time1486859590.36

DEBUG:root:Real time1486859590.56

DEBUG:root:Real time1486859590.76

DEBUG:root:Real time1486859590.96

DEBUG:root:Real time1486859591.16

DEBUG:root:Real time1486859591.37

DEBUG:root:Real time1486859591.57

DEBUG:root:Real time1486859591.77

DEBUG:root:Real time1486859591.97

DEBUG:root:Real time1486859592.17

DEBUG:root:Real time1486859592.37

DEBUG:root:Real time1486859592.57

DEBUG:root:Real time1486859592.77

DEBUG:root:Real time1486859592.97

DEBUG:root:Real time1486859593.17

DEBUG:root:Total error:5791

DEBUG:root:Match frame over 25:29

DEBUG:root:Matched frame error:100

DEBUG:root:Real time1486859593.37

DEBUG:root:Total error:5814

DEBUG:root:Match frame over 25:310

DEBUG:root:Matched frame error:102

DEBUG:root:Real time1486859593.57

DEBUG:root:Total error:5837

DEBUG:root:Match frame over 25:304

DEBUG:root:Matched frame error:100

DEBUG:root:Real time1486859593.77

DEBUG:root:Total error:5834

DEBUG:root:Match frame over 25:21

DEBUG:root:Matched frame error:102

DEBUG:root:Real time1486859593.97

DEBUG:root:Total error:5866

DEBUG:root:Match frame over 25:644

DEBUG:root:Matched frame error:104

DEBUG:root:Real time1486859594.17

DEBUG:root:Total error:5867

DEBUG:root:Match frame over 25:667

DEBUG:root:Matched frame error:95

DEBUG:root:Real time1486859594.38

DEBUG:root:Total error:5856

DEBUG:root:Match frame over 25:432

DEBUG:root:Matched frame error:101

DEBUG:root:Real time1486859594.58

DEBUG:root:Total error:5861

DEBUG:root:Match frame over 25:29

DEBUG:root:Matched frame error:102

DEBUG:root:Real time1486859594.78

DEBUG:root:Total error:5869

DEBUG:root:Match frame over 25:1274

DEBUG:root:Matched frame error:100

DEBUG:root:Real time1486859594.98

DEBUG:root:Total error:5855

DEBUG:root:Match frame over 25:1208

DEBUG:root:Matched frame error:101

DEBUG:root:Real time1486859595.18

DEBUG:root:Total error:5857

DEBUG:root:Match frame over 25:533

DEBUG:root:Matched frame error:107

DEBUG:root:Real time1486859595.38

DEBUG:root:Total error:5853

DEBUG:root:Match frame over 25:311

DEBUG:root:Matched frame error:105

DEBUG:root:Real time1486859595.58

DEBUG:root:Total error:5862

DEBUG:root:Match frame over 25:678

DEBUG:root:Matched frame error:103

DEBUG:root:Real time1486859595.78

DEBUG:root:Total error:5841

DEBUG:root:Match frame over 25:450

DEBUG:root:Matched frame error:101

DEBUG:root:Real time1486859595.98

DEBUG:root:Total error:5868

DEBUG:root:Match frame over 25:458

DEBUG:root:Matched frame error:96

DEBUG:root:Real time1486859596.18

DEBUG:root:Total error:5855

DEBUG:root:Match frame over 25:1004

DEBUG:root:Matched frame error:107

DEBUG:root:Real time1486859596.38

DEBUG:root:Total error:5884

DEBUG:root:Match frame over 25:293

DEBUG:root:Matched frame error:88

DEBUG:root:Real time1486859596.58

DEBUG:root:Total error:5872

DEBUG:root:Match frame over 25:1526

DEBUG:root:Matched frame error:106

DEBUG:root:Real time1486859596.78

DEBUG:root:Total error:5858

DEBUG:root:Match frame over 25:140

DEBUG:root:Matched frame error:98

DEBUG:root:Real time1486859596.99

DEBUG:root:Total error:5801

DEBUG:root:Match frame over 25:305

DEBUG:root:Matched frame error:99

DEBUG:root:Real time1486859597.19

DEBUG:root:Total error:5828

DEBUG:root:Match frame over 25:34

DEBUG:root:Matched frame error:99

DEBUG:root:Real time1486859597.39

DEBUG:root:Total error:5843

DEBUG:root:Match frame over 25:1053

DEBUG:root:Matched frame error:94

DEBUG:root:Real time1486859597.59

DEBUG:root:Total error:5873

DEBUG:root:Match frame over 25:451

DEBUG:root:Matched frame error:85

DEBUG:root:Real time1486859597.79

DEBUG:root:Total error:5833

DEBUG:root:Match frame over 25:939

DEBUG:root:Matched frame error:99

DEBUG:root:Real time1486859597.99

DEBUG:root:Total error:5868

DEBUG:root:Match frame over 25:59

DEBUG:root:Matched frame error:88

DEBUG:root:Real time1486859598.19

DEBUG:root:Total error:5831

DEBUG:root:Match frame over 25:679

DEBUG:root:Matched frame error:96

DEBUG:root:Real time1486859598.39

DEBUG:root:Total error:5872

DEBUG:root:Match frame over 25:387

DEBUG:root:Matched frame error:108

DEBUG:root:Real time1486859598.59

DEBUG:root:Total error:5872

DEBUG:root:Match frame over 25:1466

DEBUG:root:Matched frame error:100

DEBUG:root:Real time1486859598.79

DEBUG:root:Total error:5877

DEBUG:root:Match frame over 25:807

DEBUG:root:Matched frame error:100

DEBUG:root:Real time1486859598.99

DEBUG:root:Total error:5820

DEBUG:root:Match frame over 25:649

DEBUG:root:Matched frame error:102

DEBUG:root:Real time1486859599.19

DEBUG:root:Total error:5862

DEBUG:root:Match frame over 25:416

DEBUG:root:Matched frame error:100

DEBUG:root:Real time1486859599.4

DEBUG:root:Total error:5872

DEBUG:root:Match frame over 25:815

DEBUG:root:Matched frame error:94

DEBUG:root:Real time1486859599.6

DEBUG:root:Total error:5722

DEBUG:root:Match frame over 25:628

DEBUG:root:Matched frame error:100

DEBUG:root:Real time1486859599.8

DEBUG:root:Total error:5855

DEBUG:root:Match frame over 25:807

DEBUG:root:Matched frame error:87

DEBUG:root:Real time1486859600.0

DEBUG:root:Total error:5839

DEBUG:root:Match frame over 25:1073

DEBUG:root:Matched frame error:97

DEBUG:root:Real time1486859600.2

DEBUG:root:Total error:5800

DEBUG:root:Match frame over 25:884

DEBUG:root:Matched frame error:99

DEBUG:root:Real time1486859600.4

DEBUG:root:Total error:5838

DEBUG:root:Match frame over 25:1278

DEBUG:root:Matched frame error:104

DEBUG:root:Real time1486859600.6

DEBUG:root:Total error:5828

DEBUG:root:Match frame over 25:935

DEBUG:root:Matched frame error:98

DEBUG:root:Real time1486859600.8

DEBUG:root:Total error:5851

DEBUG:root:Match frame over 25:556

DEBUG:root:Matched frame error:99

DEBUG:root:Real time1486859601.0

DEBUG:root:Total error:5840

DEBUG:root:Match frame over 25:34

DEBUG:root:Matched frame error:96

DEBUG:root:Real time1486859601.2

DEBUG:root:Total error:5822

DEBUG:root:Match frame over 25:1537

DEBUG:root:Matched frame error:109

DEBUG:root:Real time1486859601.4

DEBUG:root:Total error:5801

DEBUG:root:Match frame over 25:1165

DEBUG:root:Matched frame error:102

DEBUG:root:Real time1486859601.6

DEBUG:root:Total error:5848

DEBUG:root:Match frame over 25:414

DEBUG:root:Matched frame error:98

DEBUG:root:Real time1486859601.8

DEBUG:root:Total error:5814

DEBUG:root:Match frame over 25:628

DEBUG:root:Matched frame error:99

DEBUG:root:Real time1486859602.0

DEBUG:root:Total error:5805

DEBUG:root:Match frame over 25:405

DEBUG:root:Matched frame error:106

DEBUG:root:Real time1486859602.2

DEBUG:root:Total error:5845

DEBUG:root:Match frame over 25:1402

DEBUG:root:Matched frame error:108

DEBUG:root:Real time1486859602.41

DEBUG:root:Total error:5831

DEBUG:root:Match frame over 25:297

DEBUG:root:Matched frame error:85

DEBUG:root:Real time1486859602.61

DEBUG:root:Total error:5810

DEBUG:root:Match frame over 25:447

DEBUG:root:Matched frame error:100

DEBUG:root:Real time1486859602.81

DEBUG:root:Total error:5833

DEBUG:root:Match frame over 25:42

DEBUG:root:Matched frame error:101

DEBUG:root:Real time1486859603.01

DEBUG:root:Total error:5843

DEBUG:root:Match frame over 25:1517

DEBUG:root:Matched frame error:109

DEBUG:root:Real time1486859603.21

DEBUG:root:Total error:5778

DEBUG:root:Match frame over 25:770

DEBUG:root:Matched frame error:105

DEBUG:root:Real time1486859603.41

DEBUG:root:Total error:5797

DEBUG:root:Match frame over 25:914

DEBUG:root:Matched frame error:105

DEBUG:root:Real time1486859603.61

DEBUG:root:Total error:5819

DEBUG:root:Match frame over 25:42

DEBUG:root:Matched frame error:102

DEBUG:root:Real time1486859603.81

DEBUG:root:Total error:5840

DEBUG:root:Match frame over 25:697

DEBUG:root:Matched frame error:102

DEBUG:root:Real time1486859604.01

DEBUG:root:Total error:5808

DEBUG:root:Match frame over 25:659

DEBUG:root:Matched frame error:100

DEBUG:root:Real time1486859604.21

DEBUG:root:Total error:5830

DEBUG:root:Match frame over 25:50

DEBUG:root:Matched frame error:91

DEBUG:root:Real time1486859604.41

DEBUG:root:Total error:5816

DEBUG:root:Match frame over 25:42

DEBUG:root:Matched frame error:94

DEBUG:root:Real time1486859604.61

DEBUG:root:Total error:5730

DEBUG:root:Match frame over 25:688

DEBUG:root:Matched frame error:102

DEBUG:root:Real time1486859604.81

DEBUG:root:Total error:5825

DEBUG:root:Match frame over 25:16

DEBUG:root:Matched frame error:84

DEBUG:root:Real time1486859605.01

DEBUG:root:Total error:5808

DEBUG:root:Match frame over 25:16

DEBUG:root:Matched frame error:100

DEBUG:root:Real time1486859605.21

DEBUG:root:Total error:5798

DEBUG:root:Match frame over 25:779

DEBUG:root:Matched frame error:99

DEBUG:root:Real time1486859605.41

DEBUG:root:Total error:5830

DEBUG:root:Match frame over 25:447

DEBUG:root:Matched frame error:100

DEBUG:root:Real time1486859605.62

DEBUG:root:Total error:5735

DEBUG:root:Match frame over 25:960

DEBUG:root:Matched frame error:79

DEBUG:root:Real time1486859605.82

DEBUG:root:Total error:5825

DEBUG:root:Match frame over 25:1380

DEBUG:root:Matched frame error:105

DEBUG:root:Real time1486859606.02

DEBUG:root:Total error:5782

DEBUG:root:Match frame over 25:986

DEBUG:root:Matched frame error:99

DEBUG:root:Real time1486859606.22

DEBUG:root:Total error:5792

DEBUG:root:Match frame over 25:22

DEBUG:root:Matched frame error:100

DEBUG:root:Real time1486859606.42

DEBUG:root:Total error:5767

DEBUG:root:Match frame over 25:28

DEBUG:root:Matched frame error:105

DEBUG:root:Real time1486859606.62

DEBUG:root:Total error:5801

DEBUG:root:Match frame over 25:438

DEBUG:root:Matched frame error:102

DEBUG:root:Real time1486859606.82

DEBUG:root:Total error:5812

DEBUG:root:Match frame over 25:44

DEBUG:root:Matched frame error:95

DEBUG:root:Real time1486859607.02

DEBUG:root:Total error:5823

DEBUG:root:Match frame over 25:1431

DEBUG:root:Matched frame error:103

DEBUG:root:Real time1486859607.22

DEBUG:root:Total error:5817

DEBUG:root:Match frame over 25:1427

DEBUG:root:Matched frame error:103

DEBUG:root:Real time1486859607.42

DEBUG:root:Total error:5820

DEBUG:root:Match frame over 25:657

DEBUG:root:Matched frame error:105

DEBUG:root:Real time1486859607.62

DEBUG:root:Total error:5803

DEBUG:root:Match frame over 25:458

DEBUG:root:Matched frame error:95

DEBUG:root:Real time1486859607.82

DEBUG:root:Total error:5816

DEBUG:root:Match frame over 25:1399

DEBUG:root:Matched frame error:104

DEBUG:root:Real time1486859608.02

DEBUG:root:Total error:5817

DEBUG:root:Match frame over 25:783

DEBUG:root:Matched frame error:102

DEBUG:root:Real time1486859608.22

DEBUG:root:Total error:5790

DEBUG:root:Match frame over 25:785

DEBUG:root:Matched frame error:103

DEBUG:root:Real time1486859608.42

DEBUG:root:Total error:5796

DEBUG:root:Match frame over 25:938

DEBUG:root:Matched frame error:103

DEBUG:root:Real time1486859608.63

DEBUG:root:Total error:5752

DEBUG:root:Match frame over 25:42

DEBUG:root:Matched frame error:96

DEBUG:root:Real time1486859608.83

DEBUG:root:Total error:5812

DEBUG:root:Match frame over 25:320

DEBUG:root:Matched frame error:91

DEBUG:root:Real time1486859609.03

DEBUG:root:Total error:5799

DEBUG:root:Match frame over 25:680

DEBUG:root:Matched frame error:100

DEBUG:root:Real time1486859609.23

DEBUG:root:Total error:5835

DEBUG:root:Match frame over 25:1505

DEBUG:root:Matched frame error:99

DEBUG:root:Real time1486859609.43

DEBUG:root:Total error:5810

DEBUG:root:Match frame over 25:34

DEBUG:root:Matched frame error:107

DEBUG:root:Real time1486859609.63

DEBUG:root:Total error:5825

DEBUG:root:Match frame over 25:952

DEBUG:root:Matched frame error:104

DEBUG:root:Real time1486859609.83

DEBUG:root:Total error:5783

DEBUG:root:Match frame over 25:25

DEBUG:root:Matched frame error:102

DEBUG:root:Real time1486859610.03

DEBUG:root:Total error:5816

DEBUG:root:Match frame over 25:33

DEBUG:root:Matched frame error:97

DEBUG:root:Real time1486859610.23

DEBUG:root:Total error:5827

DEBUG:root:Match frame over 25:1271

DEBUG:root:Matched frame error:101

DEBUG:root:Real time1486859610.43

DEBUG:root:Total error:5845

DEBUG:root:Match frame over 25:1007

DEBUG:root:Matched frame error:99

DEBUG:root:Real time1486859610.63

DEBUG:root:Total error:5844

DEBUG:root:Match frame over 25:1377

DEBUG:root:Matched frame error:105

DEBUG:root:Real time1486859610.83

DEBUG:root:Total error:5834

DEBUG:root:Match frame over 25:654

DEBUG:root:Matched frame error:106

DEBUG:root:Real time1486859611.03

DEBUG:root:Total error:5792

DEBUG:root:Match frame over 25:985

DEBUG:root:Matched frame error:98

DEBUG:root:Real time1486859611.23

DEBUG:root:Total error:5780

DEBUG:root:Match frame over 25:959

DEBUG:root:Matched frame error:103

DEBUG:root:Real time1486859611.44

DEBUG:root:Total error:5793

DEBUG:root:Match frame over 25:24

DEBUG:root:Matched frame error:95

DEBUG:root:Real time1486859611.64

DEBUG:root:Total error:5805

DEBUG:root:Match frame over 25:1337

DEBUG:root:Matched frame error:106

DEBUG:root:Real time1486859611.84

DEBUG:root:Total error:5771

DEBUG:root:Match frame over 25:91

DEBUG:root:Matched frame error:98

DEBUG:root:Real time1486859612.04

DEBUG:root:Total error:5852

DEBUG:root:Match frame over 25:13

DEBUG:root:Matched frame error:102

DEBUG:root:Real time1486859612.24

DEBUG:root:Total error:5856

DEBUG:root:Match frame over 25:487

DEBUG:root:Matched frame error:98

DEBUG:root:Real time1486859612.44

DEBUG:root:Total error:5849

DEBUG:root:Match frame over 25:954

DEBUG:root:Matched frame error:101

DEBUG:root:Real time1486859612.64

DEBUG:root:Total error:5831

DEBUG:root:Match frame over 25:833

DEBUG:root:Matched frame error:103

DEBUG:root:Real time1486859612.84

DEBUG:root:Total error:5869

DEBUG:root:Match frame over 25:1475

DEBUG:root:Matched frame error:106

DEBUG:root:Real time1486859613.04

DEBUG:root:Total error:5787

DEBUG:root:Match frame over 25:1045

DEBUG:root:Matched frame error:103

DEBUG:root:Real time1486859613.24

DEBUG:root:Total error:5832

DEBUG:root:Match frame over 25:42

DEBUG:root:Matched frame error:97

DEBUG:root:Real time1486859613.44

DEBUG:root:Total error:5795

DEBUG:root:Match frame over 25:970

DEBUG:root:Matched frame error:102

DEBUG:root:Real time1486859613.64

DEBUG:root:Total error:5840

DEBUG:root:Match frame over 25:1536

DEBUG:root:Matched frame error:93

DEBUG:root:Real time1486859613.84

DEBUG:root:Total error:5808

DEBUG:root:Match frame over 25:1006

DEBUG:root:Matched frame error:95

DEBUG:root:Real time1486859614.04

DEBUG:root:Total error:5831

DEBUG:root:Match frame over 25:998

DEBUG:root:Matched frame error:99

DEBUG:root:Real time1486859614.24

DEBUG:root:Total error:5853

DEBUG:root:Match frame over 25:662

DEBUG:root:Matched frame error:104

DEBUG:root:Real time1486859614.45

DEBUG:root:Total error:5848

DEBUG:root:Match frame over 25:29

DEBUG:root:Matched frame error:90

DEBUG:root:Real time1486859614.65

DEBUG:root:Total error:5821

DEBUG:root:Match frame over 25:29

DEBUG:root:Matched frame error:98

DEBUG:root:Real time1486859614.85

DEBUG:root:Total error:5861

DEBUG:root:Match frame over 25:67

DEBUG:root:Matched frame error:102

DEBUG:root:Real time1486859615.05

DEBUG:root:Total error:5843

DEBUG:root:Match frame over 25:104

DEBUG:root:Matched frame error:110

DEBUG:root:Real time1486859615.25

DEBUG:root:Total error:5798

DEBUG:root:Match frame over 25:96

DEBUG:root:Matched frame error:106

DEBUG:root:Real time1486859615.45

DEBUG:root:Total error:5841

DEBUG:root:Match frame over 25:1002

DEBUG:root:Matched frame error:108

DEBUG:root:Real time1486859615.65

DEBUG:root:Total error:5832

DEBUG:root:Match frame over 25:1430

DEBUG:root:Matched frame error:104

DEBUG:root:Real time1486859615.85

DEBUG:root:Total error:5844

DEBUG:root:Match frame over 25:698

DEBUG:root:Matched frame error:107

DEBUG:root:Real time1486859616.05

DEBUG:root:Total error:5860

DEBUG:root:Match frame over 25:1328

DEBUG:root:Matched frame error:107

DEBUG:root:Real time1486859616.25

DEBUG:root:Total error:5862

DEBUG:root:Match frame over 25:1281

DEBUG:root:Matched frame error:105

DEBUG:root:Real time1486859616.45

DEBUG:root:Total error:5850

DEBUG:root:Match frame over 25:1376

DEBUG:root:Matched frame error:100

DEBUG:root:Real time1486859616.65

DEBUG:root:Total error:5903

DEBUG:root:Match frame over 25:99

DEBUG:root:Matched frame error:98

DEBUG:root:Real time1486859616.85

DEBUG:root:Total error:5874

DEBUG:root:Match frame over 25:460

DEBUG:root:Matched frame error:102

DEBUG:root:Real time1486859617.05

DEBUG:root:Total error:5860

DEBUG:root:Match frame over 25:1333

DEBUG:root:Matched frame error:109

DEBUG:root:Real time1486859617.25

DEBUG:root:Total error:5838

DEBUG:root:Match frame over 25:435

DEBUG:root:Matched frame error:101

DEBUG:root:Real time1486859617.45

DEBUG:root:Total error:5844

DEBUG:root:Match frame over 25:1410

DEBUG:root:Matched frame error:92

DEBUG:root:Real time1486859617.65

DEBUG:root:Total error:5881

DEBUG:root:Match frame over 25:441

DEBUG:root:Matched frame error:98

DEBUG:root:Real time1486859617.85

DEBUG:root:Total error:5856

DEBUG:root:Match frame over 25:1332

DEBUG:root:Matched frame error:95

DEBUG:root:Real time1486859618.05

DEBUG:root:Total error:5878

DEBUG:root:Match frame over 25:1444

DEBUG:root:Matched frame error:105

DEBUG:root:Real time1486859618.26

DEBUG:root:Total error:5904

DEBUG:root:Match frame over 25:11

DEBUG:root:Matched frame error:92

DEBUG:root:Real time1486859618.46

DEBUG:root:Total error:5886

DEBUG:root:Match frame over 25:699

DEBUG:root:Matched frame error:108

DEBUG:root:Real time1486859618.66

DEBUG:root:Total error:5865

DEBUG:root:Match frame over 25:493

DEBUG:root:Matched frame error:96

DEBUG:root:Real time1486859618.86

DEBUG:root:Total error:5896

DEBUG:root:Match frame over 25:176

DEBUG:root:Matched frame error:104

DEBUG:root:Real time1486859619.06

DEBUG:root:Total error:5862

DEBUG:root:Match frame over 25:1312

DEBUG:root:Matched frame error:102

DEBUG:root:Real time1486859619.26

DEBUG:root:Total error:5899

DEBUG:root:Match frame over 25:715

DEBUG:root:Matched frame error:97

DEBUG:root:Real time1486859619.46

DEBUG:root:Total error:5787

DEBUG:root:Match frame over 25:177

DEBUG:root:Matched frame error:106

DEBUG:root:Real time1486859619.66

DEBUG:root:Total error:5855

DEBUG:root:Match frame over 25:12

DEBUG:root:Matched frame error:101

DEBUG:root:Real time1486859619.86

DEBUG:root:Total error:5839

DEBUG:root:Match frame over 25:951

DEBUG:root:Matched frame error:83

DEBUG:root:Real time1486859620.06

DEBUG:root:Total error:5893

DEBUG:root:Match frame over 25:86

DEBUG:root:Matched frame error:102

DEBUG:root:Real time1486859620.26

DEBUG:root:Total error:5870

DEBUG:root:Match frame over 25:16

DEBUG:root:Matched frame error:92

DEBUG:root:Real time1486859620.46

DEBUG:root:Total error:5892

DEBUG:root:Match frame over 25:1398

DEBUG:root:Matched frame error:100

DEBUG:root:Real time1486859620.66

DEBUG:root:Total error:5871

DEBUG:root:Match frame over 25:1314

DEBUG:root:Matched frame error:104

DEBUG:root:Real time1486859620.86

DEBUG:root:Total error:5869

DEBUG:root:Match frame over 25:927

DEBUG:root:Matched frame error:102

DEBUG:root:Real time1486859621.06

DEBUG:root:Total error:5811

DEBUG:root:Match frame over 25:433

DEBUG:root:Matched frame error:94

DEBUG:root:Real time1486859621.26

DEBUG:root:Total error:5891

DEBUG:root:Match frame over 25:958

DEBUG:root:Matched frame error:104

DEBUG:root:Real time1486859621.46

DEBUG:root:Total error:5829

DEBUG:root:Match frame over 25:1419

DEBUG:root:Matched frame error:101

DEBUG:root:Real time1486859621.66

DEBUG:root:Total error:5845

DEBUG:root:Match frame over 25:934

DEBUG:root:Matched frame error:103

DEBUG:root:Real time1486859621.87

DEBUG:root:Total error:5812

DEBUG:root:Match frame over 25:63

DEBUG:root:Matched frame error:106

DEBUG:root:Real time1486859622.07

DEBUG:root:Total error:5890

DEBUG:root:Match frame over 25:633

DEBUG:root:Matched frame error:101

DEBUG:root:Real time1486859622.27

DEBUG:root:Total error:5860

DEBUG:root:Match frame over 25:655

DEBUG:root:Matched frame error:106

DEBUG:root:Real time1486859622.47

DEBUG:root:Total error:5842

DEBUG:root:Match frame over 25:1504

DEBUG:root:Matched frame error:100

DEBUG:root:Real time1486859622.67

DEBUG:root:Total error:5863

DEBUG:root:Match frame over 25:1466

DEBUG:root:Matched frame error:104

DEBUG:root:Real time1486859622.87

DEBUG:root:Total error:5876

DEBUG:root:Match frame over 25:1412

DEBUG:root:Matched frame error:107

DEBUG:root:Real time1486859623.07

DEBUG:root:Total error:5856

DEBUG:root:Match frame over 25:1328

DEBUG:root:Matched frame error:102

DEBUG:root:Real time1486859623.27

DEBUG:root:Total error:5870

DEBUG:root:Match frame over 25:1276

DEBUG:root:Matched frame error:104

DEBUG:root:Real time1486859623.47

DEBUG:root:Total error:5848

DEBUG:root:Match frame over 25:1033

DEBUG:root:Matched frame error:101

DEBUG:root:Real time1486859623.67

DEBUG:root:Total error:5845

DEBUG:root:Match frame over 25:444

DEBUG:root:Matched frame error:105

DEBUG:root:Real time1486859623.87

DEBUG:root:Total error:5875

DEBUG:root:Match frame over 25:1247

DEBUG:root:Matched frame error:95

DEBUG:root:Real time1486859624.07

DEBUG:root:Total error:5829

DEBUG:root:Match frame over 25:939

DEBUG:root:Matched frame error:96

DEBUG:root:Real time1486859624.27

DEBUG:root:Total error:5863

DEBUG:root:Match frame over 25:1457

DEBUG:root:Matched frame error:109

DEBUG:root:Real time1486859624.47

DEBUG:root:Total error:5829

DEBUG:root:Match frame over 25:416

DEBUG:root:Matched frame error:93

DEBUG:root:Real time1486859624.68

DEBUG:root:Total error:5849

DEBUG:root:Match frame over 25:1073

DEBUG:root:Matched frame error:101

DEBUG:root:Real time1486859624.88

DEBUG:root:Total error:5808

DEBUG:root:Match frame over 25:1343

DEBUG:root:Matched frame error:105

DEBUG:root:Real time1486859625.08

DEBUG:root:Total error:5860

DEBUG:root:Match frame over 25:1015

DEBUG:root:Matched frame error:96

DEBUG:root:Real time1486859625.28

DEBUG:root:Total error:5836

DEBUG:root:Match frame over 25:210

DEBUG:root:Matched frame error:104

DEBUG:root:Real time1486859625.48

DEBUG:root:Total error:5877

DEBUG:root:Match frame over 25:199

DEBUG:root:Matched frame error:100

DEBUG:root:Real time1486859625.68

DEBUG:root:Real time1486859625.88

DEBUG:root:Total error:5852

DEBUG:root:Match frame over 25:631

DEBUG:root:Matched frame error:104

DEBUG:root:Real time1486859626.08

DEBUG:root:Total error:5851

DEBUG:root:Match frame over 25:1496

DEBUG:root:Matched frame error:102

DEBUG:root:Real time1486859626.28

DEBUG:root:Total error:5814

DEBUG:root:Match frame over 25:42

DEBUG:root:Matched frame error:83

DEBUG:root:Real time1486859626.48

DEBUG:root:Total error:5840

DEBUG:root:Match frame over 25:1406

DEBUG:root:Matched frame error:103

DEBUG:root:Real time1486859626.68

DEBUG:root:Total error:5864

DEBUG:root:Match frame over 25:960

DEBUG:root:Matched frame error:94

DEBUG:root:Real time1486859626.89

DEBUG:root:Total error:5772

DEBUG:root:Match frame over 25:960

DEBUG:root:Matched frame error:89

DEBUG:root:Real time1486859627.09

DEBUG:root:Total error:5821

DEBUG:root:Match frame over 25:960

DEBUG:root:Matched frame error:90

DEBUG:root:Real time1486859627.29

DEBUG:root:Total error:5690

DEBUG:root:Match frame over 25:960

DEBUG:root:Matched frame error:96

DEBUG:root:Real time1486859627.49

DEBUG:root:Total error:5777

DEBUG:root:Match frame over 25:960

DEBUG:root:Matched frame error:89

DEBUG:root:Real time1486859627.69

DEBUG:root:Total error:5813

DEBUG:root:Match frame over 25:42

DEBUG:root:Matched frame error:87

DEBUG:root:Real time1486859627.89

DEBUG:root:Total error:5818

DEBUG:root:Match frame over 25:639

DEBUG:root:Matched frame error:107

DEBUG:root:Real time1486859628.09

DEBUG:root:Total error:5835

DEBUG:root:Match frame over 25:1440

DEBUG:root:Matched frame error:104

DEBUG:root:Real time1486859628.29

DEBUG:root:Total error:5813

DEBUG:root:Match frame over 25:1356

DEBUG:root:Matched frame error:105

DEBUG:root:Real time1486859628.49

DEBUG:root:Total error:5816

DEBUG:root:Match frame over 25:1006

DEBUG:root:Matched frame error:91

DEBUG:root:Real time1486859628.69

DEBUG:root:Total error:5766

DEBUG:root:Match frame over 25:968

DEBUG:root:Matched frame error:92

DEBUG:root:Real time1486859628.89

DEBUG:root:Total error:5740

DEBUG:root:Match frame over 25:33

DEBUG:root:Matched frame error:101

DEBUG:root:Real time1486859629.09

DEBUG:root:Total error:5737

DEBUG:root:Match frame over 25:33

DEBUG:root:Matched frame error:104

DEBUG:root:Real time1486859629.29

DEBUG:root:Total error:5777

DEBUG:root:Match frame over 25:33

DEBUG:root:Matched frame error:100

DEBUG:root:Real time1486859629.49

DEBUG:root:Total error:5804

DEBUG:root:Match frame over 25:33

DEBUG:root:Matched frame error:96

DEBUG:root:Real time1486859629.69

DEBUG:root:Total error:5830

DEBUG:root:Match frame over 25:475

DEBUG:root:Matched frame error:100

DEBUG:root:Real time1486859629.89

DEBUG:root:Total error:5762

DEBUG:root:Match frame over 25:713

DEBUG:root:Matched frame error:98

DEBUG:root:Real time1486859630.09

DEBUG:root:Total error:5851

DEBUG:root:Match frame over 25:1361

DEBUG:root:Matched frame error:103

DEBUG:root:Real time1486859630.29

DEBUG:root:Total error:5811

DEBUG:root:Match frame over 25:33

DEBUG:root:Matched frame error:102

DEBUG:root:Real time1486859630.49

DEBUG:root:Total error:5823

DEBUG:root:Match frame over 25:444

DEBUG:root:Matched frame error:100

DEBUG:root:Real time1486859630.7

DEBUG:root:Total error:5828

DEBUG:root:Match frame over 25:16

DEBUG:root:Matched frame error:96

DEBUG:root:Real time1486859630.9

DEBUG:root:Total error:5799

DEBUG:root:Match frame over 25:16

DEBUG:root:Matched frame error:103

DEBUG:root:Real time1486859631.1

DEBUG:root:Total error:5758

DEBUG:root:Match frame over 25:16

DEBUG:root:Matched frame error:104

DEBUG:root:Real time1486859631.3

DEBUG:root:Total error:5772

DEBUG:root:Match frame over 25:16

DEBUG:root:Matched frame error:102

DEBUG:root:Real time1486859631.5

DEBUG:root:Total error:5804

DEBUG:root:Match frame over 25:32

DEBUG:root:Matched frame error:104

DEBUG:root:Real time1486859631.7

DEBUG:root:Total error:5833

DEBUG:root:Match frame over 25:50

DEBUG:root:Matched frame error:105

DEBUG:root:Real time1486859631.9

DEBUG:root:Total error:5840

DEBUG:root:Match frame over 25:1293

DEBUG:root:Matched frame error:97

DEBUG:root:Real time1486859632.1

DEBUG:root:Total error:5836

DEBUG:root:Match frame over 25:1429

DEBUG:root:Matched frame error:97

DEBUG:root:Real time1486859632.3

DEBUG:root:Total error:5787

DEBUG:root:Match frame over 25:994

DEBUG:root:Matched frame error:94

DEBUG:root:Real time1486859632.5

DEBUG:root:Total error:5802

DEBUG:root:Match frame over 25:1448

DEBUG:root:Matched frame error:101

DEBUG:root:Real time1486859632.7

DEBUG:root:Total error:5792

DEBUG:root:Match frame over 25:16

DEBUG:root:Matched frame error:87

DEBUG:root:Real time1486859632.9

DEBUG:root:Total error:5803

DEBUG:root:Match frame over 25:1438

DEBUG:root:Matched frame error:96

DEBUG:root:Real time1486859633.11

DEBUG:root:Total error:5785

DEBUG:root:Match frame over 25:42

DEBUG:root:Matched frame error:87

DEBUG:root:Real time1486859633.31

DEBUG:root:Total error:5811

DEBUG:root:Match frame over 25:42

DEBUG:root:Matched frame error:79

DEBUG:root:Real time1486859633.51

DEBUG:root:Total error:5736

DEBUG:root:Match frame over 25:960

DEBUG:root:Matched frame error:93

DEBUG:root:Real time1486859633.71

DEBUG:root:Total error:5766

DEBUG:root:Match frame over 25:16

DEBUG:root:Matched frame error:84

DEBUG:root:Real time1486859633.91

DEBUG:root:Total error:5740

DEBUG:root:Match frame over 25:951

DEBUG:root:Matched frame error:94

DEBUG:root:Real time1486859634.11

DEBUG:root:Total error:5778

DEBUG:root:Match frame over 25:64

DEBUG:root:Matched frame error:103

DEBUG:root:Real time1486859634.31

DEBUG:root:Total error:5710

DEBUG:root:Match frame over 25:29

DEBUG:root:Matched frame error:98

DEBUG:root:Real time1486859634.51

DEBUG:root:Total error:5710

DEBUG:root:Match frame over 25:29

DEBUG:root:Matched frame error:101

DEBUG:root:Real time1486859634.71

DEBUG:root:Total error:5710

DEBUG:root:Match frame over 25:968

DEBUG:root:Matched frame error:101

DEBUG:root:Real time1486859634.91

DEBUG:root:Total error:5712

DEBUG:root:Match frame over 25:33

DEBUG:root:Matched frame error:91

DEBUG:root:Real time1486859635.11

DEBUG:root:Total error:5765

DEBUG:root:Match frame over 25:33

DEBUG:root:Matched frame error:98

DEBUG:root:Real time1486859635.31

DEBUG:root:Total error:5707

DEBUG:root:Match frame over 25:33

DEBUG:root:Matched frame error:84

DEBUG:root:Real time1486859635.51

DEBUG:root:Total error:5695

DEBUG:root:Match frame over 25:33

DEBUG:root:Matched frame error:86

DEBUG:root:Real time1486859635.71

DEBUG:root:Total error:5746

DEBUG:root:Match frame over 25:33

DEBUG:root:Matched frame error:90

DEBUG:root:Real time1486859635.91

DEBUG:root:Total error:5760

DEBUG:root:Match frame over 25:33

DEBUG:root:Matched frame error:85

DEBUG:root:Real time1486859636.11

DEBUG:root:Total error:5759

DEBUG:root:Match frame over 25:33

DEBUG:root:Matched frame error:91

DEBUG:root:Real time1486859636.32

DEBUG:root:Total error:5753

DEBUG:root:Match frame over 25:33

DEBUG:root:Matched frame error:86

DEBUG:root:Real time1486859636.52

DEBUG:root:Total error:5811

DEBUG:root:Match frame over 25:33

DEBUG:root:Matched frame error:92

DEBUG:root:Real time1486859636.72

DEBUG:root:Total error:5819

DEBUG:root:Match frame over 25:33

DEBUG:root:Matched frame error:97

DEBUG:root:Real time1486859636.92

DEBUG:root:Total error:5795

DEBUG:root:Match frame over 25:662

DEBUG:root:Matched frame error:96

DEBUG:root:Real time1486859637.12

DEBUG:root:Total error:5796

DEBUG:root:Match frame over 25:49

DEBUG:root:Matched frame error:99

DEBUG:root:Real time1486859637.32

DEBUG:root:Total error:5828

DEBUG:root:Match frame over 25:950

DEBUG:root:Matched frame error:104

DEBUG:root:Real time1486859637.52

DEBUG:root:Total error:5836

DEBUG:root:Match frame over 25:1432

DEBUG:root:Matched frame error:102

DEBUG:root:Real time1486859637.72

DEBUG:root:Total error:5790

DEBUG:root:Match frame over 25:70

DEBUG:root:Matched frame error:101

DEBUG:root:Real time1486859637.92

DEBUG:root:Total error:5791

DEBUG:root:Match frame over 25:985

DEBUG:root:Matched frame error:101

DEBUG:root:Real time1486859638.12

DEBUG:root:Total error:5740

DEBUG:root:Match frame over 25:968

DEBUG:root:Matched frame error:97

DEBUG:root:Real time1486859638.32

DEBUG:root:Total error:5703

DEBUG:root:Match frame over 25:985

DEBUG:root:Matched frame error:100

DEBUG:root:Real time1486859638.52

DEBUG:root:Total error:5743

DEBUG:root:Match frame over 25:972

DEBUG:root:Matched frame error:106

DEBUG:root:Real time1486859638.72

DEBUG:root:Total error:5787

DEBUG:root:Match frame over 25:994

DEBUG:root:Matched frame error:95

DEBUG:root:Real time1486859638.92

DEBUG:root:Total error:5737

DEBUG:root:Match frame over 25:993

DEBUG:root:Matched frame error:91

DEBUG:root:Real time1486859639.12

DEBUG:root:Total error:5735

DEBUG:root:Match frame over 25:952

DEBUG:root:Matched frame error:102

DEBUG:root:Real time1486859639.32

DEBUG:root:Total error:5695

DEBUG:root:Match frame over 25:952

DEBUG:root:Matched frame error:104

DEBUG:root:Real time1486859639.53

DEBUG:root:Total error:5693

DEBUG:root:Match frame over 25:970

DEBUG:root:Matched frame error:100

DEBUG:root:Real time1486859639.73

DEBUG:root:Total error:5680

DEBUG:root:Match frame over 25:996

DEBUG:root:Matched frame error:100

DEBUG:root:Real time1486859639.93

DEBUG:root:Total error:5804

DEBUG:root:Match frame over 25:985

DEBUG:root:Matched frame error:94

DEBUG:root:Real time1486859640.13

DEBUG:root:Total error:5776

DEBUG:root:Match frame over 25:33

DEBUG:root:Matched frame error:88

DEBUG:root:Real time1486859640.33

DEBUG:root:Total error:5793

DEBUG:root:Match frame over 25:84

DEBUG:root:Matched frame error:80

DEBUG:root:Real time1486859640.53

DEBUG:root:Total error:5809

DEBUG:root:Match frame over 25:33

DEBUG:root:Matched frame error:79

DEBUG:root:Real time1486859640.73

DEBUG:root:Total error:5814

DEBUG:root:Match frame over 25:679

DEBUG:root:Matched frame error:102

DEBUG:root:Real time1486859640.93

DEBUG:root:Total error:5820

DEBUG:root:Match frame over 25:993

DEBUG:root:Matched frame error:94

DEBUG:root:Real time1486859641.13

DEBUG:root:Total error:5813

DEBUG:root:Match frame over 25:952

DEBUG:root:Matched frame error:102

DEBUG:root:Real time1486859641.33

DEBUG:root:Total error:5777

DEBUG:root:Match frame over 25:970

DEBUG:root:Matched frame error:99

DEBUG:root:Real time1486859641.53

DEBUG:root:Total error:5804

DEBUG:root:Match frame over 25:33

DEBUG:root:Matched frame error:86

DEBUG:root:Real time1486859641.73

DEBUG:root:Total error:5811

DEBUG:root:Match frame over 25:970

DEBUG:root:Matched frame error:99

DEBUG:root:Real time1486859641.93

DEBUG:root:Total error:5756

DEBUG:root:Match frame over 25:705

DEBUG:root:Matched frame error:95

DEBUG:root:Real time1486859642.13

DEBUG:root:Total error:5803

DEBUG:root:Match frame over 25:29

DEBUG:root:Matched frame error:97

DEBUG:root:Real time1486859642.33

DEBUG:root:Total error:5778

DEBUG:root:Match frame over 25:1024

DEBUG:root:Matched frame error:100

DEBUG:root:Real time1486859642.53

DEBUG:root:Total error:5808

DEBUG:root:Match frame over 25:42

DEBUG:root:Matched frame error:96

DEBUG:root:Real time1486859642.73

DEBUG:root:Total error:5803

DEBUG:root:Match frame over 25:714

DEBUG:root:Matched frame error:97

DEBUG:root:Real time1486859642.93

DEBUG:root:Total error:5778

DEBUG:root:Match frame over 25:0

DEBUG:root:Matched frame error:98

DEBUG:root:Real time1486859643.13

DEBUG:root:Total error:5785

DEBUG:root:Match frame over 25:4

DEBUG:root:Matched frame error:107

DEBUG:root:Real time1486859643.34

DEBUG:root:Total error:5787

DEBUG:root:Match frame over 25:984

DEBUG:root:Matched frame error:106

DEBUG:root:Real time1486859643.54

DEBUG:root:Total error:5791

DEBUG:root:Match frame over 25:8

DEBUG:root:Matched frame error:97

DEBUG:root:Real time1486859643.74

DEBUG:root:Total error:5825

DEBUG:root:Match frame over 25:33

DEBUG:root:Matched frame error:97

DEBUG:root:Real time1486859643.94

DEBUG:root:Total error:5814

DEBUG:root:Match frame over 25:84

DEBUG:root:Matched frame error:92

DEBUG:root:Real time1486859644.14

DEBUG:root:Total error:5809

DEBUG:root:Match frame over 25:84

DEBUG:root:Matched frame error:91

DEBUG:root:Real time1486859644.34

DEBUG:root:Total error:5777

DEBUG:root:Match frame over 25:33

DEBUG:root:Matched frame error:98

DEBUG:root:Real time1486859644.54

DEBUG:root:Total error:5762

DEBUG:root:Match frame over 25:33

DEBUG:root:Matched frame error:98

DEBUG:root:Real time1486859644.74

DEBUG:root:Total error:5784

DEBUG:root:Match frame over 25:993

DEBUG:root:Matched frame error:89

DEBUG:root:Real time1486859644.94

DEBUG:root:Total error:5820

DEBUG:root:Match frame over 25:21

DEBUG:root:Matched frame error:92

DEBUG:root:Real time1486859645.14

DEBUG:root:Total error:5814

DEBUG:root:Match frame over 25:21

DEBUG:root:Matched frame error:88

DEBUG:root:Real time1486859645.34

DEBUG:root:Total error:5809

DEBUG:root:Match frame over 25:679

DEBUG:root:Matched frame error:96

DEBUG:root:Real time1486859645.54

DEBUG:root:Total error:5795

DEBUG:root:Match frame over 25:993

DEBUG:root:Matched frame error:100

DEBUG:root:Real time1486859645.74

DEBUG:root:Total error:5814

DEBUG:root:Match frame over 25:714

DEBUG:root:Matched frame error:94

DEBUG:root:Real time1486859645.94

DEBUG:root:Total error:5819

DEBUG:root:Match frame over 25:696

DEBUG:root:Matched frame error:98

DEBUG:root:Real time1486859646.14

DEBUG:root:Total error:5786

DEBUG:root:Match frame over 25:1457

DEBUG:root:Matched frame error:106

DEBUG:root:Real time1486859646.34

DEBUG:root:Total error:5758

DEBUG:root:Match frame over 25:1423

DEBUG:root:Matched frame error:110

DEBUG:root:Real time1486859646.54

DEBUG:root:Total error:5769

DEBUG:root:Match frame over 25:42

DEBUG:root:Matched frame error:110

DEBUG:root:Real time1486859646.75

DEBUG:root:Total error:5756

DEBUG:root:Match frame over 25:25

DEBUG:root:Matched frame error:108

DEBUG:root:Real time1486859646.95

DEBUG:root:Total error:5785

DEBUG:root:Match frame over 25:42

DEBUG:root:Matched frame error:105

DEBUG:root:Real time1486859647.15

DEBUG:root:Total error:5816

DEBUG:root:Match frame over 25:34

DEBUG:root:Matched frame error:103

DEBUG:root:Real time1486859647.35

DEBUG:root:Total error:5778

DEBUG:root:Match frame over 25:68

DEBUG:root:Matched frame error:94

DEBUG:root:Real time1486859647.55

DEBUG:root:Total error:5847

DEBUG:root:Match frame over 25:7

DEBUG:root:Matched frame error:101

DEBUG:root:Real time1486859647.75

DEBUG:root:Total error:5765

DEBUG:root:Match frame over 25:68

DEBUG:root:Matched frame error:101

DEBUG:root:Real time1486859647.95

DEBUG:root:Total error:5731

DEBUG:root:Match frame over 25:68

DEBUG:root:Matched frame error:98

DEBUG:root:Real time1486859648.15

DEBUG:root:Total error:5744

DEBUG:root:Match frame over 25:25

DEBUG:root:Matched frame error:93

DEBUG:root:Real time1486859648.35

DEBUG:root:Total error:5798

DEBUG:root:Match frame over 25:25

DEBUG:root:Matched frame error:91

DEBUG:root:Real time1486859648.55

DEBUG:root:Total error:5799

DEBUG:root:Match frame over 25:25

DEBUG:root:Matched frame error:86

DEBUG:root:Real time1486859648.75

DEBUG:root:Total error:5801

DEBUG:root:Match frame over 25:678

DEBUG:root:Matched frame error:102

DEBUG:root:Real time1486859648.95

DEBUG:root:Total error:5846

DEBUG:root:Match frame over 25:828

DEBUG:root:Matched frame error:107

DEBUG:root:Real time1486859649.15

DEBUG:root:Total error:5816

DEBUG:root:Match frame over 25:710

DEBUG:root:Matched frame error:102

DEBUG:root:Real time1486859649.36

DEBUG:root:Total error:5833

DEBUG:root:Match frame over 25:25

DEBUG:root:Matched frame error:97

DEBUG:root:Real time1486859649.56

DEBUG:root:Total error:5847

DEBUG:root:Match frame over 25:722

DEBUG:root:Matched frame error:106

DEBUG:root:Real time1486859649.76

DEBUG:root:Total error:5836

DEBUG:root:Match frame over 25:1415

DEBUG:root:Matched frame error:105

DEBUG:root:Real time1486859649.96

DEBUG:root:Total error:5832

DEBUG:root:Match frame over 25:732

DEBUG:root:Matched frame error:92

DEBUG:root:Real time1486859650.16

DEBUG:root:Total error:5822

DEBUG:root:Match frame over 25:819

DEBUG:root:Matched frame error:100

DEBUG:root:Real time1486859650.36

DEBUG:root:Total error:5866

DEBUG:root:Match frame over 25:440

DEBUG:root:Matched frame error:102

DEBUG:root:Real time1486859650.56

DEBUG:root:Total error:5834

DEBUG:root:Match frame over 25:1023

DEBUG:root:Matched frame error:110

DEBUG:root:Real time1486859650.76

DEBUG:root:Total error:5850

DEBUG:root:Match frame over 25:722

DEBUG:root:Matched frame error:96

DEBUG:root:Real time1486859650.96

DEBUG:root:Total error:5855

DEBUG:root:Match frame over 25:722

DEBUG:root:Matched frame error:93

DEBUG:root:Real time1486859651.16

DEBUG:root:Total error:5839

DEBUG:root:Match frame over 25:1096

DEBUG:root:Matched frame error:89

DEBUG:root:Real time1486859651.37

DEBUG:root:Total error:5851

DEBUG:root:Match frame over 25:1074

DEBUG:root:Matched frame error:102

DEBUG:root:Real time1486859651.57

DEBUG:root:Total error:5851

DEBUG:root:Match frame over 25:1039

DEBUG:root:Matched frame error:105

DEBUG:root:Real time1486859651.77

DEBUG:root:Total error:5867

DEBUG:root:Match frame over 25:441

DEBUG:root:Matched frame error:105

DEBUG:root:Real time1486859651.97

DEBUG:root:Total error:5865

DEBUG:root:Match frame over 25:1039

DEBUG:root:Matched frame error:103

DEBUG:root:Real time1486859652.17

DEBUG:root:Total error:5841

DEBUG:root:Match frame over 25:432

DEBUG:root:Matched frame error:105

DEBUG:root:Real time1486859652.37

DEBUG:root:Total error:5835

DEBUG:root:Match frame over 25:1074

DEBUG:root:Matched frame error:102

DEBUG:root:Real time1486859652.57

DEBUG:root:Total error:5863

DEBUG:root:Match frame over 25:1074

DEBUG:root:Matched frame error:104

DEBUG:root:Real time1486859652.77

DEBUG:root:Total error:5835

DEBUG:root:Match frame over 25:1025

DEBUG:root:Matched frame error:102

DEBUG:root:Real time1486859652.97

DEBUG:root:Total error:5827

DEBUG:root:Match frame over 25:1074

DEBUG:root:Matched frame error:102

DEBUG:root:Real time1486859653.17

DEBUG:root:Total error:5876

DEBUG:root:Match frame over 25:433

DEBUG:root:Matched frame error:107

DEBUG:root:Real time1486859653.37

DEBUG:root:Total error:5876

DEBUG:root:Match frame over 25:1053

DEBUG:root:Matched frame error:97

DEBUG:root:Real time1486859653.57

DEBUG:root:Total error:5847

DEBUG:root:Match frame over 25:914

DEBUG:root:Matched frame error:98

DEBUG:root:Real time1486859653.77

DEBUG:root:Total error:5846

DEBUG:root:Match frame over 25:1053

DEBUG:root:Matched frame error:93

DEBUG:root:Real time1486859653.97

DEBUG:root:Total error:5816

DEBUG:root:Match frame over 25:1053

DEBUG:root:Matched frame error:95

DEBUG:root:Real time1486859654.18

DEBUG:root:Total error:5857

DEBUG:root:Match frame over 25:1053

DEBUG:root:Matched frame error:97

DEBUG:root:Real time1486859654.38

DEBUG:root:Total error:5845

DEBUG:root:Match frame over 25:1053

DEBUG:root:Matched frame error:98

DEBUG:root:Real time1486859654.58

DEBUG:root:Total error:5746

DEBUG:root:Match frame over 25:1053

DEBUG:root:Matched frame error:93

DEBUG:root:Real time1486859654.78

DEBUG:root:Total error:5778

DEBUG:root:Match frame over 25:1053

DEBUG:root:Matched frame error:99

DEBUG:root:Real time1486859654.98

DEBUG:root:Total error:5782

DEBUG:root:Match frame over 25:1053

DEBUG:root:Matched frame error:96

DEBUG:root:Real time1486859655.18

DEBUG:root:Total error:5851

DEBUG:root:Match frame over 25:1079

DEBUG:root:Matched frame error:98

DEBUG:root:Real time1486859655.38

DEBUG:root:Total error:5786

DEBUG:root:Match frame over 25:1053

DEBUG:root:Matched frame error:93

DEBUG:root:Real time1486859655.58

DEBUG:root:Total error:5796

DEBUG:root:Match frame over 25:1053

DEBUG:root:Matched frame error:98

DEBUG:root:Real time1486859655.79

DEBUG:root:Total error:5760

DEBUG:root:Match frame over 25:1053

DEBUG:root:Matched frame error:99

DEBUG:root:Real time1486859655.99

DEBUG:root:Total error:5771

DEBUG:root:Match frame over 25:1079

DEBUG:root:Matched frame error:94

DEBUG:root:Real time1486859656.19

DEBUG:root:Total error:5779

DEBUG:root:Match frame over 25:1090

DEBUG:root:Matched frame error:100

DEBUG:root:Real time1486859656.39

DEBUG:root:Total error:5790

DEBUG:root:Match frame over 25:1061

DEBUG:root:Matched frame error:99

DEBUG:root:Real time1486859656.59

DEBUG:root:Total error:5809

DEBUG:root:Match frame over 25:1061

DEBUG:root:Matched frame error:102

DEBUG:root:Real time1486859656.79

DEBUG:root:Total error:5829

DEBUG:root:Match frame over 25:1070

DEBUG:root:Matched frame error:104

DEBUG:root:Real time1486859656.99

DEBUG:root:Total error:5833

DEBUG:root:Match frame over 25:747

DEBUG:root:Matched frame error:92

DEBUG:root:Real time1486859657.19

DEBUG:root:Total error:5779

DEBUG:root:Match frame over 25:1074

DEBUG:root:Matched frame error:108

DEBUG:root:Real time1486859657.39

DEBUG:root:Total error:5814

DEBUG:root:Match frame over 25:1082

DEBUG:root:Matched frame error:105

DEBUG:root:Real time1486859657.59

DEBUG:root:Total error:5834

DEBUG:root:Match frame over 25:1079

DEBUG:root:Matched frame error:105

DEBUG:root:Real time1486859657.79

DEBUG:root:Total error:5842

DEBUG:root:Match frame over 25:271

DEBUG:root:Matched frame error:100

DEBUG:root:Real time1486859657.99

DEBUG:root:Total error:5858

DEBUG:root:Match frame over 25:441

DEBUG:root:Matched frame error:108

DEBUG:root:Real time1486859658.19

DEBUG:root:Total error:5827

DEBUG:root:Match frame over 25:424

DEBUG:root:Matched frame error:106

DEBUG:root:Real time1486859658.4

DEBUG:root:Total error:5821

DEBUG:root:Match frame over 25:424

DEBUG:root:Matched frame error:109

DEBUG:root:Real time1486859658.6

DEBUG:root:Total error:5827

DEBUG:root:Match frame over 25:900

DEBUG:root:Matched frame error:96

DEBUG:root:Real time1486859658.8

DEBUG:root:Total error:5853

DEBUG:root:Match frame over 25:1261

DEBUG:root:Matched frame error:106

DEBUG:root:Real time1486859659.0

DEBUG:root:Total error:5868

DEBUG:root:Match frame over 25:424

DEBUG:root:Matched frame error:104

DEBUG:root:Real time1486859659.2

DEBUG:root:Total error:5871

DEBUG:root:Match frame over 25:1079

DEBUG:root:Matched frame error:105

DEBUG:root:Under real time Point counter:0.220632791519

DEBUG:root:Total error:5854

DEBUG:root:Match frame over 25:900

DEBUG:root:Matched frame error:99

DEBUG:root:Real time1486859659.62

DEBUG:root:Total error:5812

DEBUG:root:Match frame over 25:1082

DEBUG:root:Matched frame error:105

DEBUG:root:Real time1486859659.82

DEBUG:root:Total error:5859

DEBUG:root:Match frame over 25:1438

DEBUG:root:Matched frame error:93

DEBUG:root:Real time1486859660.02

DEBUG:root:Total error:5836

DEBUG:root:Match frame over 25:1353

DEBUG:root:Matched frame error:92

DEBUG:root:Real time1486859660.22

DEBUG:root:Total error:5840

DEBUG:root:Match frame over 25:1111

DEBUG:root:Matched frame error:105

DEBUG:root:Real time1486859660.42

DEBUG:root:Total error:5767

DEBUG:root:Match frame over 25:1111

DEBUG:root:Matched frame error:103

DEBUG:root:Real time1486859660.62

DEBUG:root:Total error:5825

DEBUG:root:Match frame over 25:1082

DEBUG:root:Matched frame error:105

DEBUG:root:Real time1486859660.82

DEBUG:root:Total error:5756

DEBUG:root:Match frame over 25:1087

DEBUG:root:Matched frame error:104

DEBUG:root:Real time1486859661.02

DEBUG:root:Total error:5743

DEBUG:root:Match frame over 25:1083

DEBUG:root:Matched frame error:105

DEBUG:root:Real time1486859661.23

DEBUG:root:Total error:5819

DEBUG:root:Match frame over 25:1083

DEBUG:root:Matched frame error:108

DEBUG:root:Real time1486859661.43

DEBUG:root:Total error:5817

DEBUG:root:Match frame over 25:1092

DEBUG:root:Matched frame error:106

DEBUG:root:Real time1486859661.63

DEBUG:root:Total error:5827

DEBUG:root:Match frame over 25:84

DEBUG:root:Matched frame error:99

DEBUG:root:Real time1486859661.83

DEBUG:root:Total error:5826

DEBUG:root:Match frame over 25:1376

DEBUG:root:Matched frame error:91

DEBUG:root:Real time1486859662.03

DEBUG:root:Total error:5811

DEBUG:root:Match frame over 25:1291

DEBUG:root:Matched frame error:101

DEBUG:root:Real time1486859662.23

DEBUG:root:Total error:5813

DEBUG:root:Match frame over 25:1495

DEBUG:root:Matched frame error:96

DEBUG:root:Real time1486859662.43

DEBUG:root:Total error:5810

DEBUG:root:Match frame over 25:1291

DEBUG:root:Matched frame error:95

DEBUG:root:Real time1486859662.63

DEBUG:root:Total error:5787

DEBUG:root:Match frame over 25:1376

DEBUG:root:Matched frame error:96

DEBUG:root:Real time1486859662.83

DEBUG:root:Total error:5787

DEBUG:root:Match frame over 25:1325

DEBUG:root:Matched frame error:102

DEBUG:root:Real time1486859663.03

DEBUG:root:Total error:5773

DEBUG:root:Match frame over 25:1291

DEBUG:root:Matched frame error:97

DEBUG:root:Real time1486859663.23

DEBUG:root:Total error:5777

DEBUG:root:Match frame over 25:1376

DEBUG:root:Matched frame error:98

DEBUG:root:Real time1486859663.43

DEBUG:root:Total error:5783

DEBUG:root:Match frame over 25:1325

DEBUG:root:Matched frame error:100

DEBUG:root:Real time1486859663.63

DEBUG:root:Total error:5803

DEBUG:root:Match frame over 25:1291

DEBUG:root:Matched frame error:98

DEBUG:root:Real time1486859663.83

DEBUG:root:Total error:5782

DEBUG:root:Match frame over 25:1376

DEBUG:root:Matched frame error:95

DEBUG:root:Real time1486859664.03

DEBUG:root:Total error:5771

DEBUG:root:Match frame over 25:1325

DEBUG:root:Matched frame error:103

DEBUG:root:Real time1486859664.24

DEBUG:root:Total error:5774

DEBUG:root:Match frame over 25:1291

DEBUG:root:Matched frame error:96

DEBUG:root:Real time1486859664.44

DEBUG:root:Total error:5788

DEBUG:root:Match frame over 25:1291

DEBUG:root:Matched frame error:99

DEBUG:root:Real time1486859664.64

DEBUG:root:Total error:5768

DEBUG:root:Match frame over 25:1444

DEBUG:root:Matched frame error:94

DEBUG:root:Real time1486859664.84

DEBUG:root:Total error:5782

DEBUG:root:Match frame over 25:1376

DEBUG:root:Matched frame error:95

DEBUG:root:Real time1486859665.04

DEBUG:root:Total error:5780

DEBUG:root:Match frame over 25:1325

DEBUG:root:Matched frame error:99

DEBUG:root:Real time1486859665.24

DEBUG:root:Total error:5792

DEBUG:root:Match frame over 25:1291

DEBUG:root:Matched frame error:97

DEBUG:root:Real time1486859665.44

DEBUG:root:Total error:5804

DEBUG:root:Match frame over 25:1325

DEBUG:root:Matched frame error:98

DEBUG:root:Real time1486859665.64

DEBUG:root:Total error:5798

DEBUG:root:Match frame over 25:1336

DEBUG:root:Matched frame error:98

DEBUG:root:Real time1486859665.84

DEBUG:root:Total error:5814

DEBUG:root:Match frame over 25:1444

DEBUG:root:Matched frame error:87

DEBUG:root:Real time1486859666.04

DEBUG:root:Total error:5784

DEBUG:root:Match frame over 25:1546

DEBUG:root:Matched frame error:97

DEBUG:root:Real time1486859666.24

DEBUG:root:Total error:5819

DEBUG:root:Match frame over 25:1325

DEBUG:root:Matched frame error:96

DEBUG:root:Real time1486859666.44

DEBUG:root:Total error:5814

DEBUG:root:Match frame over 25:1376

DEBUG:root:Matched frame error:94

DEBUG:root:Real time1486859666.64

DEBUG:root:Total error:5806

DEBUG:root:Match frame over 25:1376

DEBUG:root:Matched frame error:90

DEBUG:root:Real time1486859666.84

DEBUG:root:Total error:5792

DEBUG:root:Match frame over 25:1308

DEBUG:root:Matched frame error:99

DEBUG:root:Real time1486859667.04

DEBUG:root:Total error:5804

DEBUG:root:Match frame over 25:1325

DEBUG:root:Matched frame error:96

DEBUG:root:Real time1486859667.24

DEBUG:root:Total error:5812

DEBUG:root:Match frame over 25:1325

DEBUG:root:Matched frame error:98

DEBUG:root:Real time1486859667.45

DEBUG:root:Total error:5806

DEBUG:root:Match frame over 25:1376

DEBUG:root:Matched frame error:90

DEBUG:root:Real time1486859667.65

DEBUG:root:Total error:5811

DEBUG:root:Match frame over 25:1376

DEBUG:root:Matched frame error:94

DEBUG:root:Real time1486859667.85

DEBUG:root:Total error:5819

DEBUG:root:Match frame over 25:1376

DEBUG:root:Matched frame error:93

DEBUG:root:Real time1486859668.05

DEBUG:root:Total error:5803

DEBUG:root:Match frame over 25:1302

DEBUG:root:Matched frame error:98

DEBUG:root:Real time1486859668.25

DEBUG:root:Total error:5804

DEBUG:root:Match frame over 25:1376

DEBUG:root:Matched frame error:96

DEBUG:root:Real time1486859668.45

DEBUG:root:Total error:5816

DEBUG:root:Match frame over 25:1325

DEBUG:root:Matched frame error:99

DEBUG:root:Real time1486859668.65

DEBUG:root:Total error:5817

DEBUG:root:Match frame over 25:1376

DEBUG:root:Matched frame error:98

DEBUG:root:Real time1486859668.85

DEBUG:root:Total error:5816

DEBUG:root:Match frame over 25:1344

DEBUG:root:Matched frame error:99

DEBUG:root:Real time1486859669.05

DEBUG:root:Total error:5825

DEBUG:root:Match frame over 25:1376

DEBUG:root:Matched frame error:94

DEBUG:root:Real time1486859669.25

DEBUG:root:Total error:5853

DEBUG:root:Match frame over 25:1340

DEBUG:root:Matched frame error:101

DEBUG:root:Real time1486859669.46

DEBUG:root:Total error:5827

DEBUG:root:Match frame over 25:1376

DEBUG:root:Matched frame error:94

DEBUG:root:Real time1486859669.66

DEBUG:root:Total error:5835

DEBUG:root:Match frame over 25:1325

DEBUG:root:Matched frame error:101

DEBUG:root:Real time1486859669.86

DEBUG:root:Total error:5814

DEBUG:root:Match frame over 25:1376

DEBUG:root:Matched frame error:94

DEBUG:root:Real time1486859670.06

DEBUG:root:Total error:5838

DEBUG:root:Match frame over 25:1376

DEBUG:root:Matched frame error:98

DEBUG:root:Real time1486859670.26

DEBUG:root:Total error:5834

DEBUG:root:Match frame over 25:1340

DEBUG:root:Matched frame error:101

DEBUG:root:Real time1486859670.46

DEBUG:root:Total error:5825

DEBUG:root:Match frame over 25:1376

DEBUG:root:Matched frame error:96

DEBUG:root:Real time1486859670.66

DEBUG:root:Total error:5854

DEBUG:root:Match frame over 25:1340

DEBUG:root:Matched frame error:101

DEBUG:root:Real time1486859670.86

DEBUG:root:Total error:5851

DEBUG:root:Match frame over 25:1306

DEBUG:root:Matched frame error:102

DEBUG:root:Real time1486859671.06

DEBUG:root:Total error:5864

DEBUG:root:Match frame over 25:1546

DEBUG:root:Matched frame error:100

DEBUG:root:Real time1486859671.26

DEBUG:root:Total error:5854

DEBUG:root:Match frame over 25:1376

DEBUG:root:Matched frame error:99

DEBUG:root:Real time1486859671.46

DEBUG:root:Total error:5869

DEBUG:root:Match frame over 25:885

DEBUG:root:Matched frame error:106

DEBUG:root:Real time1486859671.66

DEBUG:root:Total error:5855

DEBUG:root:Match frame over 25:1546

DEBUG:root:Matched frame error:90

DEBUG:root:Real time1486859671.86

DEBUG:root:Total error:5865

DEBUG:root:Match frame over 25:1340

DEBUG:root:Matched frame error:101

DEBUG:root:Real time1486859672.06

DEBUG:root:Total error:5861

DEBUG:root:Match frame over 25:1302

DEBUG:root:Matched frame error:100

DEBUG:root:Real time1486859672.26

DEBUG:root:Total error:5862

DEBUG:root:Match frame over 25:1546

DEBUG:root:Matched frame error:101

DEBUG:root:Real time1486859672.46

DEBUG:root:Total error:5847

DEBUG:root:Match frame over 25:1376

DEBUG:root:Matched frame error:99

DEBUG:root:Real time1486859672.67

DEBUG:root:Total error:5847

DEBUG:root:Match frame over 25:1376

DEBUG:root:Matched frame error:98

DEBUG:root:Real time1486859672.87

DEBUG:root:Total error:5850

DEBUG:root:Match frame over 25:1353

DEBUG:root:Matched frame error:100

DEBUG:root:Real time1486859673.07

DEBUG:root:Total error:5831

DEBUG:root:Match frame over 25:1376

DEBUG:root:Matched frame error:98

DEBUG:root:Real time1486859673.27

DEBUG:root:Total error:5846

DEBUG:root:Match frame over 25:1302

DEBUG:root:Matched frame error:101

DEBUG:root:Real time1486859673.47

DEBUG:root:Total error:5840

DEBUG:root:Match frame over 25:1376

DEBUG:root:Matched frame error:98

DEBUG:root:Real time1486859673.67

DEBUG:root:Total error:5833

DEBUG:root:Match frame over 25:968

DEBUG:root:Matched frame error:94

DEBUG:root:Real time1486859673.87

DEBUG:root:Total error:5823

DEBUG:root:Match frame over 25:968

DEBUG:root:Matched frame error:93

DEBUG:root:Real time1486859674.07

DEBUG:root:Total error:5853

DEBUG:root:Match frame over 25:1325

DEBUG:root:Matched frame error:99

DEBUG:root:Real time1486859674.27

DEBUG:root:Total error:5847

DEBUG:root:Match frame over 25:968

DEBUG:root:Matched frame error:92

DEBUG:root:Real time1486859674.47

DEBUG:root:Total error:5839

DEBUG:root:Match frame over 25:1302

DEBUG:root:Matched frame error:98

DEBUG:root:Real time1486859674.67

DEBUG:root:Total error:5851

DEBUG:root:Match frame over 25:968

DEBUG:root:Matched frame error:93

DEBUG:root:Real time1486859674.87

DEBUG:root:Total error:5855

DEBUG:root:Match frame over 25:1291

DEBUG:root:Matched frame error:101

DEBUG:root:Real time1486859675.07

DEBUG:root:Total error:5835

DEBUG:root:Match frame over 25:1376

DEBUG:root:Matched frame error:98

DEBUG:root:Real time1486859675.27

DEBUG:root:Total error:5834

DEBUG:root:Match frame over 25:1291

DEBUG:root:Matched frame error:102

DEBUG:root:Real time1486859675.48

DEBUG:root:Total error:5836

DEBUG:root:Match frame over 25:1305

DEBUG:root:Matched frame error:100

DEBUG:root:Real time1486859675.68

DEBUG:root:Total error:5828

DEBUG:root:Match frame over 25:968

DEBUG:root:Matched frame error:95

DEBUG:root:Real time1486859675.88

DEBUG:root:Total error:5812

DEBUG:root:Match frame over 25:1376

DEBUG:root:Matched frame error:94

DEBUG:root:Real time1486859676.08

DEBUG:root:Total error:5823

DEBUG:root:Match frame over 25:1376

DEBUG:root:Matched frame error:94

DEBUG:root:Real time1486859676.28

DEBUG:root:Total error:5825

DEBUG:root:Match frame over 25:1291

DEBUG:root:Matched frame error:87

DEBUG:root:Real time1486859676.48

DEBUG:root:Total error:5817

DEBUG:root:Match frame over 25:1325

DEBUG:root:Matched frame error:99

DEBUG:root:Real time1486859676.68

DEBUG:root:Total error:5797

DEBUG:root:Match frame over 25:1325

DEBUG:root:Matched frame error:93

DEBUG:root:Real time1486859676.88

DEBUG:root:Total error:5803

DEBUG:root:Match frame over 25:1319

DEBUG:root:Matched frame error:97

DEBUG:root:Real time1486859677.08

DEBUG:root:Total error:5795

DEBUG:root:Match frame over 25:1302

DEBUG:root:Matched frame error:100

DEBUG:root:Real time1486859677.28

DEBUG:root:Total error:5807

DEBUG:root:Match frame over 25:1461

DEBUG:root:Matched frame error:94

DEBUG:root:Real time1486859677.49

DEBUG:root:Total error:5789

DEBUG:root:Match frame over 25:1325

DEBUG:root:Matched frame error:91

DEBUG:root:Real time1486859677.69

DEBUG:root:Total error:5800

DEBUG:root:Match frame over 25:1376

DEBUG:root:Matched frame error:94

DEBUG:root:Real time1486859677.89

DEBUG:root:Total error:5773

DEBUG:root:Match frame over 25:1325

DEBUG:root:Matched frame error:98

DEBUG:root:Real time1486859678.09

DEBUG:root:Total error:5793

DEBUG:root:Match frame over 25:1319

DEBUG:root:Matched frame error:98

DEBUG:root:Real time1486859678.29

DEBUG:root:Total error:5806

DEBUG:root:Match frame over 25:1410

DEBUG:root:Matched frame error:93

DEBUG:root:Real time1486859678.49

DEBUG:root:Total error:5797

DEBUG:root:Match frame over 25:1410

DEBUG:root:Matched frame error:89

DEBUG:root:Real time1486859678.69

DEBUG:root:Total error:5798

DEBUG:root:Match frame over 25:1410

DEBUG:root:Matched frame error:89

DEBUG:root:Real time1486859678.89

DEBUG:root:Total error:5786

DEBUG:root:Match frame over 25:1478

DEBUG:root:Matched frame error:95

DEBUG:root:Real time1486859679.09

DEBUG:root:Total error:5793

DEBUG:root:Match frame over 25:1325

DEBUG:root:Matched frame error:90

DEBUG:root:Real time1486859679.29

DEBUG:root:Total error:5788

DEBUG:root:Match frame over 25:1325

DEBUG:root:Matched frame error:91

DEBUG:root:Real time1486859679.49

DEBUG:root:Total error:5791

DEBUG:root:Match frame over 25:1302

DEBUG:root:Matched frame error:96

DEBUG:root:Real time1486859679.69

DEBUG:root:Total error:5792

DEBUG:root:Match frame over 25:1376

DEBUG:root:Matched frame error:92

DEBUG:root:Real time1486859679.89

DEBUG:root:Total error:5772

DEBUG:root:Match frame over 25:1308

DEBUG:root:Matched frame error:100

DEBUG:root:Real time1486859680.09

DEBUG:root:Total error:5768

DEBUG:root:Match frame over 25:1546

DEBUG:root:Matched frame error:96

DEBUG:root:Real time1486859680.29

DEBUG:root:Total error:5778

DEBUG:root:Match frame over 25:1376

DEBUG:root:Matched frame error:96

DEBUG:root:Real time1486859680.5

DEBUG:root:Total error:5758

DEBUG:root:Match frame over 25:1546

DEBUG:root:Matched frame error:91

DEBUG:root:Real time1486859680.7

DEBUG:root:Total error:5761

DEBUG:root:Match frame over 25:1376

DEBUG:root:Matched frame error:91

DEBUG:root:Real time1486859680.9

DEBUG:root:Total error:5761

DEBUG:root:Match frame over 25:1291

DEBUG:root:Matched frame error:96

DEBUG:root:Real time1486859681.1

DEBUG:root:Total error:5771

DEBUG:root:Match frame over 25:1291

DEBUG:root:Matched frame error:96

DEBUG:root:Real time1486859681.3

DEBUG:root:Total error:5771

DEBUG:root:Match frame over 25:1308

DEBUG:root:Matched frame error:98

DEBUG:root:Real time1486859681.5

DEBUG:root:Total error:5771

DEBUG:root:Match frame over 25:1308

DEBUG:root:Matched frame error:98

DEBUG:root:Real time1486859681.7

DEBUG:root:Total error:5735

DEBUG:root:Match frame over 25:1546

DEBUG:root:Matched frame error:94

DEBUG:root:Real time1486859681.9

DEBUG:root:Total error:5755

DEBUG:root:Match frame over 25:1495

DEBUG:root:Matched frame error:91

DEBUG:root:Real time1486859682.1

DEBUG:root:Total error:5749

DEBUG:root:Match frame over 25:1325

DEBUG:root:Matched frame error:97

DEBUG:root:Real time1486859682.3

DEBUG:root:Total error:5742

DEBUG:root:Match frame over 25:1291

DEBUG:root:Matched frame error:97

DEBUG:root:Real time1486859682.5

DEBUG:root:Total error:5737

DEBUG:root:Match frame over 25:1302

DEBUG:root:Matched frame error:97

DEBUG:root:Real time1486859682.7

DEBUG:root:Total error:5731

DEBUG:root:Match frame over 25:1291

DEBUG:root:Matched frame error:96

DEBUG:root:Real time1486859682.9

DEBUG:root:Total error:5766

DEBUG:root:Match frame over 25:1308

DEBUG:root:Matched frame error:100

DEBUG:root:Real time1486859683.1

DEBUG:root:Total error:5746

DEBUG:root:Match frame over 25:1291

DEBUG:root:Matched frame error:94

DEBUG:root:Real time1486859683.3

DEBUG:root:Total error:5769

DEBUG:root:Match frame over 25:1329

DEBUG:root:Matched frame error:107

DEBUG:root:Real time1486859683.5

DEBUG:root:Total error:5747

DEBUG:root:Match frame over 25:1539

DEBUG:root:Matched frame error:106

DEBUG:root:Real time1486859683.7

DEBUG:root:Total error:5740

DEBUG:root:Match frame over 25:1439

DEBUG:root:Matched frame error:103

