DEBUG:root:Under real time Point counter:2.31266021729e-05

DEBUG:root:Extracted signature:bitarray('11110100000011011110100000011011110000010110111100001010010110001000011100000100110000010011000000010000000100000010000010000100010010111111110000001010111110000001010111100000110101110000011010110000001010100000000100001000010001000010000001100000110100100101011101101000')
DEBUG:root:Matched frame over all scan:776

DEBUG:root:Errors over all scan:4

DEBUG:root:Result:replica detected
DEBUG:root:Match or Not:True
DEBUG:root:Real time1487949667.07

DEBUG:root:Extracted signature:bitarray('11110100000011011110100000011011110000010110111100001010010110000010011100000100110000100011000000010000000100000010000010000100010010111111110000001010111110000001010111100000110101110000011010110000011010100000000100001000010001000010000000100000110100100101011101101000')
DEBUG:root:Matched frame over all scan:781

DEBUG:root:Errors over all scan:9

DEBUG:root:Result:replica detected
DEBUG:root:Match or Not:True
DEBUG:root:Real time1487949667.27

DEBUG:root:Extracted signature:bitarray('11110100000011011110100000011011110000010100111100001010010110000010011100000100110000000011000000010000000100000010000010000100011011111111110000001010111110000001010111100000010101110000010010110000011010100000000100000000010000000010000000100000010100110101011101101000')
DEBUG:root:Matched frame over all scan:781

DEBUG:root:Errors over all scan:1

DEBUG:root:Result:replica detected
DEBUG:root:Match or Not:True
DEBUG:root:Real time1487949667.47

DEBUG:root:Extracted signature:bitarray('11110100000011011111110000011011111000010100111110001010010110001010011100000100110000110011000000010000000100000010000010000100011011111111110000011010111110000011010111100000100101110000010010110000010010100000100100000000010001000010000000100000110100100101011101101000')
DEBUG:root:Matched frame over all scan:785

DEBUG:root:Errors over all scan:15

DEBUG:root:Result:replica detected
DEBUG:root:Match or Not:True
DEBUG:root:Real time1487949667.67

DEBUG:root:Extracted signature:bitarray('11110100000011011110100000011011110000010100111100001010010110000010011100000100110000000010000000010000000100000010000010000100011011111111110000001010111110000001010111100000100101110000010010110000011010100000000100000000010001000010000000100000010100110111011101101000')
DEBUG:root:Matched frame over all scan:784

DEBUG:root:Errors over all scan:5

DEBUG:root:Result:replica detected
DEBUG:root:Match or Not:True
DEBUG:root:Real time1487949667.87

DEBUG:root:Extracted signature:bitarray('11110100000011011110100000011011110000010100111100001010010110000010011100000100110000000011000000010000000100000010000010000100011011111111110000001010111110000001010111100000000101110000010010110000010010100000000100000000010000000010000000100100010100110101011101101000')
DEBUG:root:Matched frame over all scan:781

DEBUG:root:Errors over all scan:4

DEBUG:root:Result:replica detected
DEBUG:root:Match or Not:True
DEBUG:root:Real time1487949668.07

DEBUG:root:Extracted signature:bitarray('11110100000011011110100000011011110000010100111100001010010110000010011100000100110000000011000000010000000100000010000010000100011011111111110000001010111110000001010111100000000101110000010010110000011010100000000100000000010001000010000000100100010100110101011101101000')
DEBUG:root:Matched frame over all scan:784

DEBUG:root:Errors over all scan:3

DEBUG:root:Result:replica detected
DEBUG:root:Match or Not:True
DEBUG:root:Real time1487949668.27

DEBUG:root:Extracted signature:bitarray('11110100000011011110100000011011110000010100111100001010010110000010011100000100110000000011000000010000000100000010000010000100011011111111110000001010111110000001010111100000000101110000010010110000010010100000000100000000010001000010000000100100010100110101011101101000')
DEBUG:root:Matched frame over all scan:784

DEBUG:root:Errors over all scan:4

DEBUG:root:Result:replica detected
DEBUG:root:Match or Not:True
DEBUG:root:Real time1487949668.47

DEBUG:root:Extracted signature:bitarray('11110100000011011110100000011011110000010100111100001010010110000010011100000100110000000011000000010000000100000010000010000100011011111111110000001010111110000001010111100000010101110000011011110000011010100000110101000000010000000010000000100100110100110101011101101000')
DEBUG:root:Matched frame over all scan:781

DEBUG:root:Errors over all scan:6

DEBUG:root:Result:replica detected
DEBUG:root:Match or Not:True
DEBUG:root:Real time1487949668.67

DEBUG:root:Extracted signature:bitarray('11110100000011011110100000011011110000010110110100001000010110001000011100000100110000000010000000010000000100000010000010000100001111111111110000001010111110000001010111100000010101110000001011110000000010100000100100000010010001000010000000100000110000110111011101101000')
DEBUG:root:Matched frame over all scan:788

DEBUG:root:Errors over all scan:9

DEBUG:root:Result:replica detected
DEBUG:root:Match or Not:True
DEBUG:root:Real time1487949668.87

DEBUG:root:Extracted signature:bitarray('11110100000011011110100000011011111000010110110100001000010110001000011100000000110000000011000000010000000100000010000010000100100101111111110000001010111110000001010111100000010101110000001010110000000010100000000100000010010001000010000000100000110001110111011101101000')
DEBUG:root:Matched frame over all scan:789

DEBUG:root:Errors over all scan:6

DEBUG:root:Result:replica detected
DEBUG:root:Match or Not:True
DEBUG:root:Real time1487949669.07

DEBUG:root:Extracted signature:bitarray('11110100000011011110100000011011111000010110111100001000010110001000011100000100110000010011000000010000000100000010000010011100100000011111110000001010111110000001010111100000010101110000000010110000000010100000100100000011010001000010000000100000010001110011001101101000')
DEBUG:root:Matched frame over all scan:791

DEBUG:root:Errors over all scan:3

DEBUG:root:Result:replica detected
DEBUG:root:Match or Not:True
DEBUG:root:Real time1487949669.27

DEBUG:root:Extracted signature:bitarray('11110100000011011110100000011011111000010110111100001000010110001000011100000100110000000011000000010000000100000010000010000100100000011111110000001010111110000001010111100000010101110000000010110000000010100000000100000011010001000010000000100000010001110011001101101000')
DEBUG:root:Matched frame over all scan:791

DEBUG:root:Errors over all scan:3

DEBUG:root:Result:replica detected
DEBUG:root:Match or Not:True
DEBUG:root:Real time1487949669.47

DEBUG:root:Extracted signature:bitarray('11110100000011011110100000011011111000010110111100001000010110001000011100000100110000010011000000010000000100000010000010000100100000011111110000001010111110000001010111100000010101110000000011110000000010100000000100000011010001000010000000100000010001110011001101101000')
DEBUG:root:Matched frame over all scan:791

DEBUG:root:Errors over all scan:3

DEBUG:root:Result:replica detected
DEBUG:root:Match or Not:True
DEBUG:root:Real time1487949669.67

DEBUG:root:Extracted signature:bitarray('11110100000011011110100000011011111000010110111100001010010110001000011100000000110000000011000000010000000100000010000010000100010011111111110000001010111110000001010111100000010101110000001010110000001010100000000100001000010000000110000001100000110000100111001101101000')
DEBUG:root:Matched frame over all scan:793

DEBUG:root:Errors over all scan:2

DEBUG:root:Result:replica detected
DEBUG:root:Match or Not:True
DEBUG:root:Under real time Point counter:0.225399971008

DEBUG:root:Extracted signature:bitarray('11110100000011011110100000011011111000010110111100001011010110001000011100000000110000000011000000010000000100000010000010000100011011111111110000001010111110000001010111100000110101110000011010110000001010100000000100001000010001000010000001100000110100100101011101101000')
DEBUG:root:Matched frame over all scan:776

DEBUG:root:Errors over all scan:6

DEBUG:root:Result:replica detected
DEBUG:root:Match or Not:True
DEBUG:root:Real time1487949670.1

DEBUG:root:Extracted signature:bitarray('11110100000011011110100000011011111000010110111100001010010110001000011100000000110000010011000000010000000100000010000010000100001101111111110000001010111110000001010111100000010101110000001010110000001010100000000100000010010000000010000000100000110110101101011101101000')
DEBUG:root:Matched frame over all scan:795

DEBUG:root:Errors over all scan:3

DEBUG:root:Result:replica detected
DEBUG:root:Match or Not:True
DEBUG:root:Real time1487949670.3

DEBUG:root:Extracted signature:bitarray('11110100000011011110100000011011111000010110111100001010010110001000011100000100110000000011000000010000000100000010000010000100010000011111110000001010111110000001010111100000010101110000001010110000001010100000000100000000010000000010000001100000110100101001010101101000')
DEBUG:root:Matched frame over all scan:796

DEBUG:root:Errors over all scan:7

DEBUG:root:Result:replica detected
DEBUG:root:Match or Not:True
DEBUG:root:Real time1487949670.5

DEBUG:root:Extracted signature:bitarray('11110100000011011111100000011011111000010110111100001010010110001000011100000000110000000011000000010000000100000010000010000100010011011111110000001010111110000001010111100000010101110000001010110000001010100000000100000000010000000110000001100000110000101001000100101000')
DEBUG:root:Matched frame over all scan:797

DEBUG:root:Errors over all scan:2

DEBUG:root:Result:replica detected
DEBUG:root:Match or Not:True
DEBUG:root:Real time1487949670.7

DEBUG:root:Extracted signature:bitarray('11110100000011011111100000011011111000010110111100001010010110001000011100000000110000000011000000010000000100000010000010000100010010011111110000001010111110000001010111100000010101110000001010110000001010100000000100000000010000000110000001100010110000101001000100101000')
DEBUG:root:Matched frame over all scan:797

DEBUG:root:Errors over all scan:4

DEBUG:root:Result:replica detected
DEBUG:root:Match or Not:True
DEBUG:root:Real time1487949670.9

DEBUG:root:Extracted signature:bitarray('11110100000011011111100000011011111000010110111100001010010110001000011100000000110000000011000000010000000100000010000010000100010010011111110000001010111110000001010111100000010101110000001010110000001010100000000100000000010000000110000001100010110010101001000100101000')
DEBUG:root:Matched frame over all scan:799

DEBUG:root:Errors over all scan:4

DEBUG:root:Result:replica detected
DEBUG:root:Match or Not:True
DEBUG:root:Real time1487949671.1

DEBUG:root:Extracted signature:bitarray('10111101111000101111111111010000111110100100011111100010001011111010000011110100011110010010000000110001001100100010100010001001101101001111110000001011111111000001010111110010000111011101100011001101100010010111000110111000011000000011000000100100010100010001001100101000')
DEBUG:root:Matched frame over all scan:800

DEBUG:root:Errors over all scan:13

DEBUG:root:Result:replica detected
DEBUG:root:Match or Not:True
DEBUG:root:Real time1487949671.3

DEBUG:root:Extracted signature:bitarray('10011100110000100011111111011100111111100110011111100010001001111000000011110000111110000110010000110000001100100011000010011001101101011111110000001011001111000001010111110010000011011101100011001101100010000111000110011100011000000011000001101100110000110001001101101000')
DEBUG:root:Matched frame over all scan:801

DEBUG:root:Errors over all scan:21

DEBUG:root:Result:replica detected
DEBUG:root:Match or Not:True
DEBUG:root:Real time1487949671.5

DEBUG:root:Extracted signature:bitarray('10011100111000100011110111011100111111100110011111111000001011111000000111110000111110001110000000110001001100100011000010001101101100011111110000001011001111000001010111110010010011011100000011001111100011000111000110001001011000000011001001100100110100110001101100101000')
DEBUG:root:Matched frame over all scan:802

DEBUG:root:Errors over all scan:14

DEBUG:root:Result:replica detected
DEBUG:root:Match or Not:True
DEBUG:root:Real time1487949671.71

DEBUG:root:Extracted signature:bitarray('10011100111001100011111111001100111111110111011111111010001011111000001111110000111110001110010001110000011001100111000110001001101100011111110000001011011111000001000111110010010011001101000011001111100011001111000110000100011000000011000000101000111000110001001101101000')
DEBUG:root:Matched frame over all scan:803

DEBUG:root:Errors over all scan:21

DEBUG:root:Result:replica detected
DEBUG:root:Match or Not:True
DEBUG:root:Real time1487949671.91

DEBUG:root:Extracted signature:bitarray('10111100110000100011111111001100111111110011011111111010001101111100001111110000111100001110010000110000001011000011000010011011111000011111110000001011111111000001000111111010010011001111000011000111100011000011000110000100011000000011000000101000011000010001100100100000')
DEBUG:root:Matched frame over all scan:804

DEBUG:root:Errors over all scan:16

DEBUG:root:Result:replica detected
DEBUG:root:Match or Not:True
DEBUG:root:Real time1487949672.11

DEBUG:root:Extracted signature:bitarray('10011100111000100011111111001100111111110011011111111001001101111000001111110001111100001110000000110000011001000011000010011011110000001111110000011011101111000001011111110010010011001111100011000111100011000011010110000100011000100010000000101000011000110001100110101000')
DEBUG:root:Matched frame over all scan:806

DEBUG:root:Errors over all scan:16

DEBUG:root:Result:replica detected
DEBUG:root:Match or Not:True
DEBUG:root:Real time1487949672.31

DEBUG:root:Extracted signature:bitarray('10111100111000100011111111001100111111110011011111111010001111111000001111100001111110000110000000110000011001000011000010011011111000001111110000001011101111000001010111110010010011001111000011000111100011000011000110000100011000000011000000101000011000110001100100101000')
DEBUG:root:Matched frame over all scan:806

DEBUG:root:Errors over all scan:11

DEBUG:root:Result:replica detected
DEBUG:root:Match or Not:True
DEBUG:root:Real time1487949672.51

DEBUG:root:Extracted signature:bitarray('11111100011111101111110011111101111100001111011111000111101111001111101100100111100110011100110001101110011011000111000010000100011111111111111101111101111111101001000111111111010101111111100011101111110010111111110111110111001111100011111000101100011000010000100010010000')
DEBUG:root:Matched frame over all scan:807

DEBUG:root:Errors over all scan:38

DEBUG:root:Result:replica detected
DEBUG:root:Match or Not:True
DEBUG:root:Real time1487949672.71

DEBUG:root:Extracted signature:bitarray('11111100011110001111110001110001111100011110011110000111001100100110010001110000100111000001111001101110011011000011100011000101101111111111111111111000111111111111010111111111110101111111111010111111111010111111110111111111001111111011111110101111010111010110111011010000')
DEBUG:root:Matched frame over all scan:808

DEBUG:root:Errors over all scan:27

DEBUG:root:Result:replica detected
DEBUG:root:Match or Not:True
DEBUG:root:Real time1487949672.91

DEBUG:root:Extracted signature:bitarray('10011111111111101001101111111001011011111100011001111111001100111111101100111111011000111111000111110001111001111101111101111011101101111111111111111000111111111111010111111111100101111111110010111111110010111111100101111110010111110011111000111110001110011110111011010000')
DEBUG:root:Matched frame over all scan:872

DEBUG:root:Errors over all scan:45

DEBUG:root:Result:replica detected
DEBUG:root:Match or Not:True
DEBUG:root:Real time1487949673.11

DEBUG:root:Extracted signature:bitarray('11111111111110001111111111110001011111111110011111001111101111111111101111111111000111111100011111101111100011110010000010000100100100011111111111111010111111111111010111111111110101111111011011111111001011111111000111111100001111100011111100111110011100011000010001001000')
DEBUG:root:Matched frame over all scan:826

DEBUG:root:Errors over all scan:33

DEBUG:root:Result:replica detected
DEBUG:root:Match or Not:True
DEBUG:root:Real time1487949673.31

DEBUG:root:Extracted signature:bitarray('11111111111110001111111111110001111111111110011111111111101001111111100001111111000011111100011111101111100010110010000010000100100100011111111111111100111111111111010111111111110101111111110010111111111010111100110101110001011111000011111000111100011100011000011001001000')
DEBUG:root:Matched frame over all scan:826

DEBUG:root:Errors over all scan:14

DEBUG:root:Result:replica detected
DEBUG:root:Match or Not:True
DEBUG:root:Real time1487949673.51

DEBUG:root:Extracted signature:bitarray('11111111111111101111111111111101011111111110011111111111001001111111001001111111000011111100011111100111111011110010000010000100000100011111111000111000111111011111010111111111110101111111110010111111110010011111110110011001011011000011110000101100011000011000011001000000')
DEBUG:root:Matched frame over all scan:826

DEBUG:root:Errors over all scan:27

DEBUG:root:Result:replica detected
DEBUG:root:Match or Not:True
DEBUG:root:Real time1487949673.71

DEBUG:root:Extracted signature:bitarray('10111100110011100011111110011100111111100111011111110010001111111000001011110000111010011110010001110000011011110001001010011011010000001111110000011010011111000001000011110010010001011111000011001111000011001111010110011001011011001010110000101000011000110001000100100000')
DEBUG:root:Matched frame over all scan:813

DEBUG:root:Errors over all scan:11

DEBUG:root:Result:replica detected
DEBUG:root:Match or Not:True
DEBUG:root:Real time1487949673.91

DEBUG:root:Extracted signature:bitarray('10111100110011101011111110011100111111100111011111111000001111111000001011110001110011001110000000110000111011010011000010011011110000001111110000001011101111000001010011110010010001011111000011001111000011001111010110011100011011000010110000101000011000110001010100100000')
DEBUG:root:Matched frame over all scan:814

DEBUG:root:Errors over all scan:11

DEBUG:root:Result:replica detected
DEBUG:root:Match or Not:True
DEBUG:root:Real time1487949674.11

DEBUG:root:Extracted signature:bitarray('10111100110001101011111110001100111111100110011111111000001111111000001011110011110011001110011001110000011011110011000010111011110000001111110000001011101111000001010011110110000001111110000011001110000011001111000110011000011011000010010000101000011000110001010100100000')
DEBUG:root:Matched frame over all scan:814

DEBUG:root:Errors over all scan:23

DEBUG:root:Result:replica detected
DEBUG:root:Match or Not:True
DEBUG:root:Real time1487949674.31

DEBUG:root:Extracted signature:bitarray('10111100110001100011111110011100111111100110011111100000001111111000001111110011110110001110010000110100111010001110001100111011110000011111110000001011001111000001010011111100000001001100000011001111100011001110010110010001011010000010100000110000010000100001010100101000')
DEBUG:root:Matched frame over all scan:816

DEBUG:root:Errors over all scan:27

DEBUG:root:Result:replica detected
DEBUG:root:Match or Not:True
DEBUG:root:Real time1487949674.51

DEBUG:root:Extracted signature:bitarray('11111100110001101011110110011100111111001100011111100000001111110000111111100001111100000110000000110000011110001110001100111011101100001111110000001011001111000000000011111100000011111111000011000111000011001111000110011000011001000110010000110000010001100011011110100000')
DEBUG:root:Matched frame over all scan:817

DEBUG:root:Errors over all scan:31

DEBUG:root:Result:replica detected
DEBUG:root:Match or Not:True
DEBUG:root:Real time1487949674.71

DEBUG:root:Extracted signature:bitarray('10111100110001100011111110011100111111100110011111110010001111111000001111100001110110000110010000110100000110000010011100111011101100011111110000001010001111000000000111111100000011111111000011000111100011001111000110001000011001000010010001110000110000100111010100100000')
DEBUG:root:Matched frame over all scan:818

DEBUG:root:Errors over all scan:9

DEBUG:root:Result:replica detected
DEBUG:root:Match or Not:True
DEBUG:root:Real time1487949674.91

DEBUG:root:Extracted signature:bitarray('11111100110001100011111110011100111111100110011111110010001110111000001111100001110110000110010000110100000110000010011000111011101100011111110000001010001110000000000111111100000011111111000011000111100011000111000110001100011001000011010000100000110001100111010100100000')
DEBUG:root:Matched frame over all scan:819

DEBUG:root:Errors over all scan:7

DEBUG:root:Result:replica detected
DEBUG:root:Match or Not:True
DEBUG:root:Real time1487949675.11

DEBUG:root:Extracted signature:bitarray('11111100110001100011111110011100111111100100011111110110001110110000101111100001110100000110000000110100000110010010011100111011101100011111110000001011001110000000000111111100000011111111100011000111100011000111000110001100011001000011010000100000110011100111010100100000')
DEBUG:root:Matched frame over all scan:819

DEBUG:root:Errors over all scan:10

DEBUG:root:Result:replica detected
DEBUG:root:Match or Not:True
DEBUG:root:Real time1487949675.31

DEBUG:root:Extracted signature:bitarray('11111100110001100011110110011100111111100100011111110010001111111000001111100000110110010010010010010000100100010010110001100110010000011111110000001011001110000000010111111100000011111111100011000111100011100111000110001100011001100010010001100000110000101101000100100000')
DEBUG:root:Matched frame over all scan:821

DEBUG:root:Errors over all scan:20

DEBUG:root:Result:replica detected
DEBUG:root:Match or Not:True
DEBUG:root:Real time1487949675.51

DEBUG:root:Extracted signature:bitarray('11111100110001100011110110011100111111100110011111110110001111111000001111100000111100010010010010010000000100010010110001100010010000011111110000001011001110000000000111111100000011111111100011000111100011100111000110001100011001100011010001100000110000101101000110100000')
DEBUG:root:Matched frame over all scan:821

DEBUG:root:Errors over all scan:15

DEBUG:root:Result:replica detected
DEBUG:root:Match or Not:True
DEBUG:root:Real time1487949675.72

DEBUG:root:Extracted signature:bitarray('11111100110001100011110110011100111111100110011111110010001111111000001111100000111100000010000000110000011110010010011000111001100100111111110000001011001110010000000011110100000011111111000011000111100011000111000110001100011001100011010001101000110000101001000100101000')
DEBUG:root:Matched frame over all scan:822

DEBUG:root:Errors over all scan:19

DEBUG:root:Result:replica detected
DEBUG:root:Match or Not:True
DEBUG:root:Real time1487949675.92

DEBUG:root:Extracted signature:bitarray('11111100110001100011110110011100111111001100011111100100001111111000001111100000110100110010000110010011100111000010000010011001000000011111110000001011001110000000010011110100000011111011000011000111100011000111000110001100011001100010011000111000011000110001010100101000')
DEBUG:root:Matched frame over all scan:823

DEBUG:root:Errors over all scan:28

DEBUG:root:Result:replica detected
DEBUG:root:Match or Not:True
DEBUG:root:Real time1487949676.12

DEBUG:root:Extracted signature:bitarray('11111100110001100011111110111100111111001100011111100110001111110010001111001100111100110010000111110001101100110010011000111011100011111111110000001011001110010000000011110100000011111011100011000111100011001111000110001100011000110011000100100000110000101101011100101000')
DEBUG:root:Matched frame over all scan:825

DEBUG:root:Errors over all scan:15

DEBUG:root:Result:replica detected
DEBUG:root:Match or Not:True
DEBUG:root:Real time1487949676.32

DEBUG:root:Extracted signature:bitarray('10011100110001100011111110111100111111001110011111100110001111111110001111001100111100110010000111110001100100110010010001111011110011111111110000001011001110010000000011110100000011111011100011000111100011001111000110001100011000110011000100100000110000101101010110101000')
DEBUG:root:Matched frame over all scan:825

DEBUG:root:Errors over all scan:14

DEBUG:root:Result:replica detected
DEBUG:root:Match or Not:True
DEBUG:root:Real time1487949676.52

DEBUG:root:Extracted signature:bitarray('11111111111110001111111111110001111111111100011111111111101001111111100000111111000011111100011111100011111010110010000010000100000000011111111111111100111111111111010111111111110101111111111010111110111010111100110101110001010111001110110000101100011000011000011001001000')
DEBUG:root:Matched frame over all scan:810

DEBUG:root:Errors over all scan:14

DEBUG:root:Result:replica detected
DEBUG:root:Match or Not:True
DEBUG:root:Real time1487949676.72

DEBUG:root:Extracted signature:bitarray('11111111111110001111111111110001111111111111011111101111101001111111100000111111000011111100011111101111111010110010000010000100001100011111111111111100111111111111010111111111110101111111111010111111110010111111110101100011011100011011100000111000011100011000011001001000')
DEBUG:root:Matched frame over all scan:827

DEBUG:root:Errors over all scan:18

DEBUG:root:Result:replica detected
DEBUG:root:Match or Not:True
DEBUG:root:Real time1487949676.92

DEBUG:root:Extracted signature:bitarray('11111111111110001111111111110101111111111101011111111111101001111110000001111110000011111000011111001111100010110010000010000100000100011111111111111100111111111101010111111111000101111111100010111111100010111111100101111110010111110011111100111110011100011000011001001000')
DEBUG:root:Matched frame over all scan:829

DEBUG:root:Errors over all scan:9

DEBUG:root:Result:replica detected
DEBUG:root:Match or Not:True
DEBUG:root:Real time1487949677.12

DEBUG:root:Extracted signature:bitarray('11111111111111001111111111110001011111111100011111111110001001111110000001111110000011111000011111001111100010110010000010000100000100011111111111111100111111111100010111111111000101111111100010111111110010111111100101111110010111110011111100111110011100011000011001001000')
DEBUG:root:Matched frame over all scan:829

DEBUG:root:Errors over all scan:11

DEBUG:root:Result:replica detected
DEBUG:root:Match or Not:True
DEBUG:root:Real time1487949677.32

DEBUG:root:Extracted signature:bitarray('11111111111111001111111111110001111111111100010111101110001011111111000000111110000011111000011111001111100011110010000010000100000100011111111111111100111111111110010111111111000101111111110010111111110010111111100101111110011111110011111100111110011100011000011001001000')
DEBUG:root:Matched frame over all scan:829

DEBUG:root:Errors over all scan:17

DEBUG:root:Result:replica detected
DEBUG:root:Match or Not:True
DEBUG:root:Real time1487949677.52

DEBUG:root:Extracted signature:bitarray('11111111111111101111111111111101111111111111011111011111001110011110001110111100001111111101111111101111011011100001100010000100000111111111111111111010111111111111010111111111100101111111110001111111110001111111100011111110001111110001111100011110011110011000110001001000')
DEBUG:root:Matched frame over all scan:831

DEBUG:root:Errors over all scan:15

DEBUG:root:Result:replica detected
DEBUG:root:Match or Not:True
DEBUG:root:Real time1487949677.72

DEBUG:root:Extracted signature:bitarray('11111111111111101111111111111101111111111111011110111111101000111111000001111100001111110001111110001111100011110001110001100100000000011111111111111010111111111111000111111111110001111111110010111111110010111111100111111100001111110001111100011110011110011000110001001000')
DEBUG:root:Matched frame over all scan:833

DEBUG:root:Errors over all scan:2

DEBUG:root:Result:replica detected
DEBUG:root:Match or Not:True
DEBUG:root:Real time1487949677.92

DEBUG:root:Extracted signature:bitarray('11111111110111101111111111111101111111111111011110111111001000111110000011111100001111110001111110001111100011110001110001100100000000011111111111111011111111111111010111111111110101111111111010111111110010111111100111111110001111110001111100011110001110011000110001001000')
DEBUG:root:Matched frame over all scan:832

DEBUG:root:Errors over all scan:11

DEBUG:root:Result:replica detected
DEBUG:root:Match or Not:True
DEBUG:root:Real time1487949678.12

DEBUG:root:Extracted signature:bitarray('11111111111111101111111111111101111111111111011110111111001000111110000011111100001111110001111110001111100011110001110001100100000000011111111111111000111111111111000111111111110001111111110010111111110010111111100011111100001111100001111000011110011110011000110001001000')
DEBUG:root:Matched frame over all scan:833

DEBUG:root:Errors over all scan:5

DEBUG:root:Result:replica detected
DEBUG:root:Match or Not:True
DEBUG:root:Real time1487949678.32

DEBUG:root:Extracted signature:bitarray('11111100111111101111110110111100111101001110011111100110001111101100001111111000011100100110000111110001111000110010010000111011100011111111110000001011111110010000001011100100000001110001000011110011110001100111000110001100011001100011000110110000010000100101001110001000')
DEBUG:root:Matched frame over all scan:836

DEBUG:root:Errors over all scan:11

DEBUG:root:Result:replica detected
DEBUG:root:Match or Not:True
DEBUG:root:Real time1487949678.52

DEBUG:root:Extracted signature:bitarray('11111100111111101111110110111100111101001110011111100100001111101100001111111001011100100110000111110001111000110010011000111011100011111111110000001011101110000000011011100100000001110001000011110011100011000111000110011100011001100011000010110000110000100101011101101000')
DEBUG:root:Matched frame over all scan:836

DEBUG:root:Errors over all scan:11

DEBUG:root:Result:replica detected
DEBUG:root:Match or Not:True
DEBUG:root:Real time1487949678.72

DEBUG:root:Extracted signature:bitarray('11111001110111101111101110111100111101001110011110000111001111100111001111001101011100110101000111100001111000111000111100011001100011111111101100000011001100110000001011100101100001110000111001111000111001111011110111100111011000111011000110100010100100100101001100101000')
DEBUG:root:Matched frame over all scan:838

DEBUG:root:Errors over all scan:32

DEBUG:root:Result:replica detected
DEBUG:root:Match or Not:True
DEBUG:root:Real time1487949678.92

DEBUG:root:Extracted signature:bitarray('11111001110101101111101110110000111101001100011111000110001111000100001111101000010100110110000111100001111100111100011100011001100011111111111100000011001101100000011011100111000011110001110001111001110001110111100110011110011001110011100000110000110010100101010101101000')
DEBUG:root:Matched frame over all scan:839

DEBUG:root:Errors over all scan:19

DEBUG:root:Result:replica detected
DEBUG:root:Match or Not:True
DEBUG:root:Real time1487949679.12

DEBUG:root:Extracted signature:bitarray('11111001110111101111100110111100111101001111011110001111101111001111101111101111010100111110000111100001110010110110001100111011101101111111101100000011001101110000001011100111000011110001110001111001110001111011100110001110011001110011000000110000111000100111011101101000')
DEBUG:root:Matched frame over all scan:840

DEBUG:root:Errors over all scan:17

DEBUG:root:Result:replica detected
DEBUG:root:Match or Not:True
DEBUG:root:Real time1487949679.32

DEBUG:root:Extracted signature:bitarray('11111001110111001111101110111000111101001111011110001111101111011111101111101100010110110010000110010100111010011100011101011001011000011111101100000011001101110000001011100111000011110001110001111001110001111011100110001110011001110011000000100000110000101001000100101000')
DEBUG:root:Matched frame over all scan:840

DEBUG:root:Errors over all scan:34

DEBUG:root:Result:replica detected
DEBUG:root:Match or Not:True
DEBUG:root:Real time1487949679.52

DEBUG:root:Extracted signature:bitarray('11111001110110001111111110110000111100001111011111001111101111001110101110111011010001111110000011100111111011001110001100011011101111111111101100000011101101100000001011100111000011110001110011111001110011111111100110001110011001110011000000110000110000100111011101101000')
DEBUG:root:Matched frame over all scan:841

DEBUG:root:Errors over all scan:18

DEBUG:root:Result:replica detected
DEBUG:root:Match or Not:True
DEBUG:root:Real time1487949679.72

DEBUG:root:Extracted signature:bitarray('11111001110110001111111110110000111100001100011111000110101111001111101110111011010111101100011111000111000011111100111101111011101111111111111100000011101101110000001011100111000001110001110011111001110011111111100110001110011001110011010000110000001000101111011101111000')
DEBUG:root:Matched frame over all scan:842

DEBUG:root:Errors over all scan:15

DEBUG:root:Result:replica detected
DEBUG:root:Match or Not:True
DEBUG:root:Real time1487949679.92

DEBUG:root:Extracted signature:bitarray('11111111111111101111111111111101111101111111011110011111101000011111100001111100000111110000111110001111100011110010110010000100010000011111111111111010111111111101010111111111010101111111100010111111100010111111000111111100011111100011111000111100011100011000110001001000')
DEBUG:root:Matched frame over all scan:843

DEBUG:root:Errors over all scan:5

DEBUG:root:Result:replica detected
DEBUG:root:Match or Not:True
DEBUG:root:Real time1487949680.13

DEBUG:root:Extracted signature:bitarray('10111111111111001111111111110001111111111100011110111111001110011111001000111110000011111000011110000111100011110011000010001100100100011111111111111100111111111111010111111111110101111111110010111111110010111111100101111110011111110011111100111100011100001000010001010000')
DEBUG:root:Matched frame over all scan:844

DEBUG:root:Errors over all scan:12

DEBUG:root:Result:replica detected
DEBUG:root:Match or Not:True
DEBUG:root:Real time1487949680.33

DEBUG:root:Extracted signature:bitarray('11111111111111101111111111011101111111110011011111111001101111111111101111111111011111111101111111101111111011111001111001110111011111111111111111111010111111111111010111111111110101111111111010111111111010111111110101111111010111111010111110101111010111010110101010111000')
DEBUG:root:Matched frame over all scan:847

DEBUG:root:Errors over all scan:11

DEBUG:root:Result:replica detected
DEBUG:root:Match or Not:True
DEBUG:root:Real time1487949680.53

DEBUG:root:Extracted signature:bitarray('11111111111111101111111111011101111111111111011111111111101111111111101111111111011101111101111111101111111011111101111001110111111111111111111111111010111111111111010111111111110101111111110010111111110010111111100101111110010111110010111100101110010111010110101010010000')
DEBUG:root:Matched frame over all scan:847

DEBUG:root:Errors over all scan:11

DEBUG:root:Result:replica detected
DEBUG:root:Match or Not:True
DEBUG:root:Real time1487949680.73

DEBUG:root:Extracted signature:bitarray('11111111111011101111111111011101111111101111011111111101101111111111101111111111011101111101101111101111111011111001111001110111011111111111111111111010111111111111010111111111110101111111110010111111110010111111100101111111010111110010111100101111010111010110101010010000')
DEBUG:root:Matched frame over all scan:847

DEBUG:root:Errors over all scan:9

DEBUG:root:Result:replica detected
DEBUG:root:Match or Not:True
DEBUG:root:Real time1487949680.93

DEBUG:root:Extracted signature:bitarray('11111111111011101111111111011101111111101111011111111111101111111111101111111111011101111101111111101111111011111001111001110111111111111111111111111010111111111111010111111111110101111111110010111111110010111111110101111111010111110010111110101111010111010110101010010000')
DEBUG:root:Matched frame over all scan:847

DEBUG:root:Errors over all scan:6

DEBUG:root:Result:replica detected
DEBUG:root:Match or Not:True
DEBUG:root:Real time1487949681.13

DEBUG:root:Extracted signature:bitarray('11111111111111101111111111011101111111110111011111111111101111111111101111111111011111111101111111101111111011111001111001110111111111111111111111111010111111111111010111111111110101111111110010111111110010111111110101111111010111110010111100101111010111010110101010010000')
DEBUG:root:Matched frame over all scan:847

DEBUG:root:Errors over all scan:9

DEBUG:root:Result:replica detected
DEBUG:root:Match or Not:True
DEBUG:root:Real time1487949681.33

DEBUG:root:Extracted signature:bitarray('11111111111110001111101111111101111111110111011111111011101100111111100001111111000111111101111111101111111011111101111101110111111111111111111111111010111111111111010111111111110101111111110010111111110010111111110101111111010111110010111110101111010111010110101010010000')
DEBUG:root:Matched frame over all scan:850

DEBUG:root:Errors over all scan:10

DEBUG:root:Result:replica detected
DEBUG:root:Match or Not:True
DEBUG:root:Real time1487949681.53

DEBUG:root:Extracted signature:bitarray('11111111111111101111101111111101111111111110011111101111101111101111101111111111011111111101011111100111111011111101111101110111111111111111111111111100111111111111010111111111110101111111110010111111110010111111100101111110010111110010111100101110010111010110101010010000')
DEBUG:root:Matched frame over all scan:851

DEBUG:root:Errors over all scan:14

DEBUG:root:Result:replica detected
DEBUG:root:Match or Not:True
DEBUG:root:Real time1487949681.73

DEBUG:root:Extracted signature:bitarray('11111111111111101111111111111101111011111111011111111111001111011111001110011111011101111101111111100011111001110001110011110111111111111111111111111010111111111111000111111111110001111111111010111111111010111111110101111111010111111010111110101111010111010110101010111000')
DEBUG:root:Matched frame over all scan:852

DEBUG:root:Errors over all scan:15

DEBUG:root:Result:replica detected
DEBUG:root:Match or Not:True
DEBUG:root:Real time1487949681.93

DEBUG:root:Extracted signature:bitarray('11111101111111101111111111110001111111111110011111111111101111111111101100111111011001111101001111101011111001100001100011100111011111111111111111111010111111111111010111111111110101111111110010111111110010111111100101111110010111110010111100101110010111010110101010010000')
DEBUG:root:Matched frame over all scan:854

DEBUG:root:Errors over all scan:11

DEBUG:root:Result:replica detected
DEBUG:root:Match or Not:True
DEBUG:root:Real time1487949682.13

DEBUG:root:Extracted signature:bitarray('11111101111111101111111111110001111111111110011111111111101111111111101100111111011001111101001111101011111001100001100011100111011111111111111111111010111111111111010111111111110101111111111010111111111010111111110101111111010111111010111110101111010111010110101010111000')
DEBUG:root:Matched frame over all scan:854

DEBUG:root:Errors over all scan:8

DEBUG:root:Result:replica detected
DEBUG:root:Match or Not:True
DEBUG:root:Real time1487949682.33

DEBUG:root:Extracted signature:bitarray('11111101111111101111111111110001111111111110011111111111101111111111101100111111011001111101101111101011111001101001100011100111111111111111111111111010111111111111010111111111110101111111111010111111111010111111110101111111010111111010111110101111010111010110101010110000')
DEBUG:root:Matched frame over all scan:855

DEBUG:root:Errors over all scan:5

DEBUG:root:Result:replica detected
DEBUG:root:Match or Not:True
DEBUG:root:Real time1487949682.53

DEBUG:root:Extracted signature:bitarray('11111101111111101111111111110001111111111111011111111111101111111111101100111111011001111101001111101011111001100001100011110111111111111111111111111010111111111111010111111111110101111111110000111111110010111111100101111110010111110010111100101110010111010110101010010000')
DEBUG:root:Matched frame over all scan:856

DEBUG:root:Errors over all scan:11

DEBUG:root:Result:replica detected
DEBUG:root:Match or Not:True
DEBUG:root:Real time1487949682.73

DEBUG:root:Extracted signature:bitarray('11111101111001101111101111101101111011111000011110111100101111111111101111111111010111111001011111000011111000110000100011000111011111111111111111111100111111111111010111111111110101111111110010111111110010111111110101111111010111110010111100101111011111011110111010010000')
DEBUG:root:Matched frame over all scan:849

DEBUG:root:Errors over all scan:34

DEBUG:root:Result:replica detected
DEBUG:root:Match or Not:True
DEBUG:root:Real time1487949682.93

DEBUG:root:Extracted signature:bitarray('11111111111111001111111111101101111111111011011111111101101011111100101011111100011111110001001111100011110001111001111101111011111111111111111111111100111111111111000111111111110001111111110000111111110010111111100101111110010111110010111100101111011111011110111011010000')
DEBUG:root:Matched frame over all scan:858

DEBUG:root:Errors over all scan:29

DEBUG:root:Result:replica detected
DEBUG:root:Match or Not:True
DEBUG:root:Real time1487949683.13

DEBUG:root:Extracted signature:bitarray('11111111111111001111111111111001111111111110011111111101101111111101101111111000011111100001111100010111000110110010111000110011111111111111111111111100111111111111000111111111110001111111110010111111110010111111100101111110010111100010111000101100011100011100110011010000')
DEBUG:root:Matched frame over all scan:860

DEBUG:root:Errors over all scan:10

DEBUG:root:Result:replica detected
DEBUG:root:Match or Not:True
DEBUG:root:Real time1487949683.33

DEBUG:root:Extracted signature:bitarray('11111111111110001111111111110001111111111110011111111101101111111100101111111000011111100011111000010110000111000010011000111011101111111111111111111000111111111111010111111111110101111111111010111111110010111111100101111100010111100010111000101100011100011000110011011000')
DEBUG:root:Matched frame over all scan:860

DEBUG:root:Errors over all scan:11

DEBUG:root:Result:replica detected
DEBUG:root:Match or Not:True
DEBUG:root:Real time1487949683.53

DEBUG:root:Extracted signature:bitarray('11111111111110001111111111111001111111111110011111111101101111111101101111111001011111100001111100010111000111100010110011000110011111111111111111111100111111111111000111111111110001111111110000111111110000111111000101111100010111000010110000101000011100011000110010010000')
DEBUG:root:Matched frame over all scan:861

DEBUG:root:Errors over all scan:10

DEBUG:root:Result:replica detected
DEBUG:root:Match or Not:True
DEBUG:root:Real time1487949683.73

DEBUG:root:Extracted signature:bitarray('11111101111111101111111111111001111111111110011111111110001111111110101111111111011110111101110111101101111010111100011110110001100100011111111111111100111111111111000111111111110101111111111010111111111010111111110101111011001110001001100010010001110001110011101110110000')
DEBUG:root:Matched frame over all scan:862

DEBUG:root:Errors over all scan:16

DEBUG:root:Result:replica detected
DEBUG:root:Match or Not:True
DEBUG:root:Real time1487949683.93

DEBUG:root:Extracted signature:bitarray('11111111111100101111111111100001111110111000010011011110000110001110001100011100011001110000001110010011100001111101111101111011101101111111111111000110111111111000110111111110001101111111000110111111000110111111001101111100110111100110111100011110001111001110011001011000')
DEBUG:root:Matched frame over all scan:865

DEBUG:root:Errors over all scan:18

DEBUG:root:Result:replica detected
DEBUG:root:Match or Not:True
DEBUG:root:Real time1487949684.13

DEBUG:root:Extracted signature:bitarray('11111111111110001111110111100001111100111000011010011110000110011110001100111100010001110000001110010011011001111101111101111011101101111111111111110110111111111110010111111111100101111111100110111111100110111111001101111110010111110011111100011111001111001110011001010000')
DEBUG:root:Matched frame over all scan:864

DEBUG:root:Errors over all scan:13

DEBUG:root:Result:replica detected
DEBUG:root:Match or Not:True
DEBUG:root:Real time1487949684.33

DEBUG:root:Extracted signature:bitarray('11111111111110001111111111100001111100111000011010011110000110011110001100011100010001110000001110010011011001111101111101111011101101111111111111110110111111111100010111111111000101111111100110111111100110111111001101111100110111110011111100011111001111001110011001010000')
DEBUG:root:Matched frame over all scan:864

DEBUG:root:Errors over all scan:7

DEBUG:root:Result:replica detected
DEBUG:root:Match or Not:True
DEBUG:root:Real time1487949684.53

DEBUG:root:Extracted signature:bitarray('11111111111111101111100111111101111001111111011000011111100010011111100100111111010011111001001100010011000101110001111101111011101111111111111110011010111111100011010111111100110101111110001110111110001110111110011101111000110111000110111000111110001110001110010001001000')
DEBUG:root:Matched frame over all scan:867

DEBUG:root:Errors over all scan:20

DEBUG:root:Result:replica detected
DEBUG:root:Match or Not:True
DEBUG:root:Real time1487949684.73

DEBUG:root:Extracted signature:bitarray('11111111111111101111111111111101110011111111011000111111100000111111100100111111010011111001011100010011000101110001111101111001101111111111111111111010111111100111010111111001110101111100011010111110001110111100011101111000110111000110111000111110001110001110010001001000')
DEBUG:root:Matched frame over all scan:867

DEBUG:root:Errors over all scan:2

DEBUG:root:Result:replica detected
DEBUG:root:Match or Not:True
DEBUG:root:Real time1487949684.93

DEBUG:root:Extracted signature:bitarray('11111101111111101111001111111101110011111100010001111110000001110011100011100111011100111101000111100011111011111100111101111011101101011111111111111100111111111111010111011111100101000111100010000111100011001111100010111111001111111001111110011111001111011110111011010000')
DEBUG:root:Matched frame over all scan:809

DEBUG:root:Errors over all scan:49

DEBUG:root:Result:replica detected
DEBUG:root:Match or Not:True
DEBUG:root:Real time1487949685.13

DEBUG:root:Extracted signature:bitarray('11111101111111101111101111111101110111111111010011111111100001111111101001111111000011111010011100010111011011111101111101111011101101011111111111111100111111111111010111111111110101111111111010111111000010111100001101100001110100000111111000011111001111001110011001010000')
DEBUG:root:Matched frame over all scan:870

DEBUG:root:Errors over all scan:21

DEBUG:root:Result:replica detected
DEBUG:root:Match or Not:True
DEBUG:root:Real time1487949685.33

DEBUG:root:Extracted signature:bitarray('11111101111111101111111111111101110111111110010011111111100001111111101000111111000011110010001100010011011001111101111101111011101111011111111111111010111111111111010111111111110101111111110010111111000010111000001101100001110100000111111000011111001111001110011001010000')
DEBUG:root:Matched frame over all scan:870

DEBUG:root:Errors over all scan:11

DEBUG:root:Result:replica detected
DEBUG:root:Match or Not:True
DEBUG:root:Real time1487949685.53

DEBUG:root:Extracted signature:bitarray('11111111110111101111111111111101111111111110011111001111101111001111101110001111010000111100000111100011111010111100011100111011101111111111111100011110111111100011010111111000110111111111111011111111111001111011110011101111011101111011111110011111011111011110111011010000')
DEBUG:root:Matched frame over all scan:872

DEBUG:root:Errors over all scan:43

DEBUG:root:Result:replica detected
DEBUG:root:Match or Not:True
DEBUG:root:Real time1487949685.73

DEBUG:root:Extracted signature:bitarray('11111111111111101111111111111001111111111100001111111111001111100111101110001111011100011101100111101001111000111101111101111011101111011111111111111010111111111111010111111111110101111111111011111111110011111111110011111111001111111001111110011111001111001110011011010000')
DEBUG:root:Matched frame over all scan:872

DEBUG:root:Errors over all scan:7

DEBUG:root:Result:replica detected
DEBUG:root:Match or Not:True
DEBUG:root:Real time1487949685.94

DEBUG:root:Extracted signature:bitarray('11111110111111101111110100111101111111001111011111100111101111100111101110001111010000111000000110011001100100010010011100111011000001111111111110111000111111100111010111111000110101111100011010111100011010111000001101100100110111100110111000111100001110001100010011001000')
DEBUG:root:Matched frame over all scan:845

DEBUG:root:Errors over all scan:58

DEBUG:root:Result:replica detected
DEBUG:root:Match or Not:True
DEBUG:root:Real time1487949686.14

DEBUG:root:Extracted signature:bitarray('11111110111111101111110111111101111111111111011111110111101111100111101110000111010000111100001111100111111011111101111101111011101101011111111111111000111111111111010111111111110111111111111011111111111011111111110010011110000011110000111110011111001111001110111011010000')
DEBUG:root:Matched frame over all scan:872

DEBUG:root:Errors over all scan:31

DEBUG:root:Result:replica detected
DEBUG:root:Match or Not:True
DEBUG:root:Real time1487949686.34

DEBUG:root:Extracted signature:bitarray('11111111111111101111111111111101110111111101011001111111101001111111100011111111000111110000111110010111000001111101111101111011101111111111111111001010111111111001010111111111000101111111100010111111100110111111001101111100011111110011111100111110001111001110011001010000')
DEBUG:root:Matched frame over all scan:875

DEBUG:root:Errors over all scan:10

DEBUG:root:Result:replica detected
DEBUG:root:Match or Not:True
DEBUG:root:Real time1487949686.54

DEBUG:root:Extracted signature:bitarray('10011101111111100111111100111101111111001101010111101100000011101100101111001101111100110110000100110000011100011100111100111011110000010011111000001010011111000001001111111001000010011110000011001111000011001100000110100011011000000111000001100001110001100101011101001000')
DEBUG:root:Matched frame over all scan:879

DEBUG:root:Errors over all scan:49

DEBUG:root:Result:replica detected
DEBUG:root:Match or Not:True
DEBUG:root:Real time1487949686.74

DEBUG:root:Extracted signature:bitarray('11011111111111100011111101111101111111001111011111110110001000110110001001100110010100111100000111100101111010111000111001111011101100011011111000001011011111000001000110111001000011001111000011000111000011001100110110110011010111111010111010101010110110101101001100100000')
DEBUG:root:Matched frame over all scan:877

DEBUG:root:Errors over all scan:36

DEBUG:root:Result:replica detected
DEBUG:root:Match or Not:True
