DEBUG:root:Under real time Point 1486777024.19

DEBUG:root:Under real time Point 0.40708899498

DEBUG:root:Real time1486777025.0

DEBUG:root:Real time1486777025.4

DEBUG:root:Real time1486777025.8

DEBUG:root:Real time1486777026.2

DEBUG:root:Real time1486777026.61

DEBUG:root:Real time1486777027.01

DEBUG:root:Real time1486777027.41

DEBUG:root:Under real time Point 0.413712978363

DEBUG:root:310
DEBUG:root:45
DEBUG:root:326
DEBUG:root:14
DEBUG:root:Match
DEBUG:root:Real time1486777028.22

DEBUG:root:326
DEBUG:root:28
DEBUG:root:326
DEBUG:root:28
DEBUG:root:Nomatch
DEBUG:root:Under real time Point 0.417279005051

DEBUG:root:326
DEBUG:root:28
DEBUG:root:326
DEBUG:root:28
DEBUG:root:Nomatch
DEBUG:root:Under real time Point 0.413072824478

DEBUG:root:326
DEBUG:root:21
DEBUG:root:326
DEBUG:root:21
DEBUG:root:Match
DEBUG:root:Real time1486777029.45

DEBUG:root:326
DEBUG:root:22
DEBUG:root:326
DEBUG:root:22
DEBUG:root:Match
DEBUG:root:Real time1486777029.85

DEBUG:root:319
DEBUG:root:57
DEBUG:root:337
DEBUG:root:30
DEBUG:root:Nomatch
DEBUG:root:Under real time Point 0.4235060215

DEBUG:root:327
DEBUG:root:48
DEBUG:root:403
DEBUG:root:37
DEBUG:root:Nomatch
DEBUG:root:Under real time Point 0.422492980957

DEBUG:root:327
DEBUG:root:48
DEBUG:root:545
DEBUG:root:38
DEBUG:root:Nomatch
DEBUG:root:Under real time Point 0.415344953537

DEBUG:root:326
DEBUG:root:38
DEBUG:root:403
DEBUG:root:34
DEBUG:root:Nomatch
DEBUG:root:Under real time Point 0.419616937637

DEBUG:root:320
DEBUG:root:41
DEBUG:root:353
DEBUG:root:25
DEBUG:root:Nomatch
DEBUG:root:Under real time Point 0.421069860458

DEBUG:root:320
DEBUG:root:52
DEBUG:root:348
DEBUG:root:35
DEBUG:root:Nomatch
DEBUG:root:Under real time Point 0.413949966431

DEBUG:root:323
DEBUG:root:53
DEBUG:root:822
DEBUG:root:34
DEBUG:root:Nomatch
DEBUG:root:Under real time Point 0.422179937363

DEBUG:root:330
DEBUG:root:50
DEBUG:root:229
DEBUG:root:28
DEBUG:root:Nomatch
DEBUG:root:Under real time Point 0.440092086792

DEBUG:root:320
DEBUG:root:43
DEBUG:root:798
DEBUG:root:31
DEBUG:root:Nomatch
DEBUG:root:Under real time Point 0.432163000107

DEBUG:root:759
DEBUG:root:38
DEBUG:root:358
DEBUG:root:33
DEBUG:root:Nomatch
DEBUG:root:Under real time Point 0.439029932022

DEBUG:root:359
DEBUG:root:44
DEBUG:root:309
DEBUG:root:33
DEBUG:root:Nomatch
DEBUG:root:Under real time Point 0.449090003967

DEBUG:root:709
DEBUG:root:45
DEBUG:root:116
DEBUG:root:41
DEBUG:root:Nomatch
DEBUG:root:Under real time Point 0.432471990585

DEBUG:root:224
DEBUG:root:49
DEBUG:root:646
DEBUG:root:38
DEBUG:root:Nomatch
DEBUG:root:Under real time Point 0.486972093582

DEBUG:root:115
DEBUG:root:37
DEBUG:root:712
DEBUG:root:33
DEBUG:root:Nomatch
DEBUG:root:Under real time Point 0.442945957184

DEBUG:root:133
DEBUG:root:46
DEBUG:root:369
DEBUG:root:29
DEBUG:root:Nomatch
DEBUG:root:Under real time Point 0.433931827545

DEBUG:root:692
DEBUG:root:39
DEBUG:root:373
DEBUG:root:30
DEBUG:root:Nomatch
DEBUG:root:Under real time Point 0.433035850525

DEBUG:root:638
DEBUG:root:33
DEBUG:root:373
DEBUG:root:29
DEBUG:root:Nomatch
DEBUG:root:Under real time Point 0.43097114563

DEBUG:root:367
DEBUG:root:39
DEBUG:root:712
DEBUG:root:32
DEBUG:root:Nomatch
DEBUG:root:Under real time Point 0.460494995117

DEBUG:root:373
DEBUG:root:26
DEBUG:root:373
DEBUG:root:26
DEBUG:root:Nomatch
DEBUG:root:Under real time Point 0.499018192291

DEBUG:root:370
DEBUG:root:45
DEBUG:root:222
DEBUG:root:37
DEBUG:root:Nomatch
DEBUG:root:Under real time Point 0.430276155472

DEBUG:root:371
DEBUG:root:58
DEBUG:root:382
DEBUG:root:36
DEBUG:root:Nomatch
DEBUG:root:Under real time Point 0.423465967178

DEBUG:root:376
DEBUG:root:51
DEBUG:root:384
DEBUG:root:30
DEBUG:root:Nomatch
DEBUG:root:Under real time Point 0.443696022034

DEBUG:root:379
DEBUG:root:41
DEBUG:root:390
DEBUG:root:26
DEBUG:root:Nomatch
DEBUG:root:Under real time Point 0.437481880188

DEBUG:root:379
DEBUG:root:46
DEBUG:root:392
DEBUG:root:27
DEBUG:root:Nomatch
DEBUG:root:Under real time Point 0.432949781418

DEBUG:root:872
DEBUG:root:48
DEBUG:root:392
DEBUG:root:26
DEBUG:root:Nomatch
DEBUG:root:Under real time Point 0.431046009064

DEBUG:root:865
DEBUG:root:56
DEBUG:root:271
DEBUG:root:37
DEBUG:root:Nomatch
DEBUG:root:Under real time Point 0.427229881287

DEBUG:root:394
DEBUG:root:46
DEBUG:root:410
DEBUG:root:40
DEBUG:root:Nomatch
DEBUG:root:Under real time Point 0.433966159821

DEBUG:root:164
DEBUG:root:57
DEBUG:root:268
DEBUG:root:37
DEBUG:root:Nomatch
DEBUG:root:Under real time Point 0.462616920471

DEBUG:root:789
DEBUG:root:46
DEBUG:root:450
DEBUG:root:30
DEBUG:root:Nomatch
DEBUG:root:Under real time Point 0.427646160126

DEBUG:root:856
DEBUG:root:54
DEBUG:root:466
DEBUG:root:39
DEBUG:root:Nomatch
DEBUG:root:Under real time Point 0.440694093704

DEBUG:root:398
DEBUG:root:53
DEBUG:root:404
DEBUG:root:38
DEBUG:root:Nomatch
DEBUG:root:Under real time Point 0.432378053665

DEBUG:root:394
DEBUG:root:49
DEBUG:root:764
DEBUG:root:39
DEBUG:root:Nomatch
DEBUG:root:Under real time Point 0.428951978683

DEBUG:root:97
DEBUG:root:39
DEBUG:root:408
DEBUG:root:26
DEBUG:root:Nomatch
DEBUG:root:Under real time Point 0.438120126724

DEBUG:root:278
DEBUG:root:35
DEBUG:root:278
DEBUG:root:35
DEBUG:root:Nomatch
DEBUG:root:Under real time Point 0.42986702919

DEBUG:root:272
DEBUG:root:39
DEBUG:root:308
DEBUG:root:34
DEBUG:root:Nomatch
DEBUG:root:Under real time Point 0.422847032547

DEBUG:root:414
DEBUG:root:25
DEBUG:root:414
DEBUG:root:25
DEBUG:root:Nomatch
DEBUG:root:Under real time Point 0.446814060211

DEBUG:root:867
DEBUG:root:49
DEBUG:root:417
DEBUG:root:31
DEBUG:root:Nomatch
DEBUG:root:Under real time Point 0.431618928909

DEBUG:root:418
DEBUG:root:38
DEBUG:root:67
DEBUG:root:37
DEBUG:root:Nomatch
DEBUG:root:Under real time Point 0.426119804382

DEBUG:root:863
DEBUG:root:31
DEBUG:root:420
DEBUG:root:27
DEBUG:root:Nomatch
DEBUG:root:Under real time Point 0.431364059448

DEBUG:root:859
DEBUG:root:41
DEBUG:root:426
DEBUG:root:19
DEBUG:root:Match
DEBUG:root:Real time1486777047.26

DEBUG:root:859
DEBUG:root:35
DEBUG:root:426
DEBUG:root:23
DEBUG:root:Match
DEBUG:root:Real time1486777047.66

DEBUG:root:859
DEBUG:root:37
DEBUG:root:427
DEBUG:root:21
DEBUG:root:Match
DEBUG:root:Under real time Point 0.442110061646

DEBUG:root:421
DEBUG:root:43
DEBUG:root:310
DEBUG:root:35
DEBUG:root:Nomatch
DEBUG:root:Under real time Point 0.429731845856

DEBUG:root:427
DEBUG:root:45
DEBUG:root:309
DEBUG:root:42
DEBUG:root:Nomatch
DEBUG:root:Under real time Point 0.425668001175

DEBUG:root:427
DEBUG:root:49
DEBUG:root:665
DEBUG:root:38
DEBUG:root:Nomatch
DEBUG:root:Under real time Point 0.433465003967

DEBUG:root:419
DEBUG:root:54
DEBUG:root:437
DEBUG:root:28
DEBUG:root:Nomatch
DEBUG:root:Under real time Point 0.424335002899

DEBUG:root:415
DEBUG:root:51
DEBUG:root:437
DEBUG:root:36
DEBUG:root:Nomatch
DEBUG:root:Under real time Point 0.427232027054

DEBUG:root:423
DEBUG:root:58
DEBUG:root:445
DEBUG:root:17
DEBUG:root:Match
DEBUG:root:Real time1486777050.65

DEBUG:root:438
DEBUG:root:38
DEBUG:root:442
DEBUG:root:20
DEBUG:root:Match
DEBUG:root:Under real time Point 0.415975809097

DEBUG:root:437
DEBUG:root:39
DEBUG:root:445
DEBUG:root:22
DEBUG:root:Match
DEBUG:root:Real time1486777051.46

DEBUG:root:442
DEBUG:root:20
DEBUG:root:442
DEBUG:root:20
DEBUG:root:Match
DEBUG:root:Real time1486777051.86

DEBUG:root:442
DEBUG:root:41
DEBUG:root:175
DEBUG:root:34
DEBUG:root:Nomatch
DEBUG:root:Under real time Point 0.433261156082

DEBUG:root:442
DEBUG:root:47
DEBUG:root:249
DEBUG:root:30
DEBUG:root:Nomatch
DEBUG:root:Under real time Point 0.46523308754

DEBUG:root:436
DEBUG:root:50
DEBUG:root:453
DEBUG:root:29
DEBUG:root:Nomatch
DEBUG:root:Under real time Point 0.53551697731

DEBUG:root:438
DEBUG:root:50
DEBUG:root:60
DEBUG:root:39
DEBUG:root:Nomatch
DEBUG:root:Under real time Point 0.437703132629

DEBUG:root:438
DEBUG:root:53
DEBUG:root:504
DEBUG:root:40
DEBUG:root:Nomatch
DEBUG:root:Under real time Point 0.435831069946

DEBUG:root:436
DEBUG:root:53
DEBUG:root:460
DEBUG:root:31
DEBUG:root:Nomatch
DEBUG:root:Under real time Point 0.43547296524

DEBUG:root:448
DEBUG:root:53
DEBUG:root:461
DEBUG:root:33
DEBUG:root:Nomatch
DEBUG:root:Under real time Point 0.430161952972

DEBUG:root:443
DEBUG:root:46
DEBUG:root:628
DEBUG:root:31
DEBUG:root:Nomatch
DEBUG:root:Under real time Point 0.433859109879

DEBUG:root:449
DEBUG:root:53
DEBUG:root:466
DEBUG:root:34
DEBUG:root:Nomatch
DEBUG:root:Under real time Point 0.489097118378

DEBUG:root:451
DEBUG:root:50
DEBUG:root:480
DEBUG:root:38
DEBUG:root:Nomatch
DEBUG:root:Under real time Point 0.429754972458

DEBUG:root:823
DEBUG:root:56
DEBUG:root:475
DEBUG:root:31
DEBUG:root:Nomatch
DEBUG:root:Under real time Point 0.439105033875

DEBUG:root:466
DEBUG:root:45
DEBUG:root:473
DEBUG:root:25
DEBUG:root:Nomatch
DEBUG:root:Under real time Point 0.429291009903

DEBUG:root:473
DEBUG:root:24
DEBUG:root:473
DEBUG:root:24
DEBUG:root:Nomatch
DEBUG:root:Under real time Point 0.438032865524

DEBUG:root:468
DEBUG:root:43
DEBUG:root:401
DEBUG:root:39
DEBUG:root:Nomatch
DEBUG:root:Under real time Point 0.42351603508

DEBUG:root:473
DEBUG:root:46
DEBUG:root:545
DEBUG:root:33
DEBUG:root:Nomatch
DEBUG:root:Under real time Point 0.434216976166

DEBUG:root:484
DEBUG:root:30
DEBUG:root:484
DEBUG:root:30
DEBUG:root:Nomatch
DEBUG:root:Under real time Point 0.437048912048

DEBUG:root:466
DEBUG:root:44
DEBUG:root:484
DEBUG:root:35
DEBUG:root:Nomatch
DEBUG:root:Under real time Point 0.439479112625

DEBUG:root:479
DEBUG:root:48
DEBUG:root:962
DEBUG:root:32
DEBUG:root:Nomatch
DEBUG:root:Under real time Point 0.440608978271

DEBUG:root:466
DEBUG:root:53
DEBUG:root:190
DEBUG:root:38
DEBUG:root:Nomatch
DEBUG:root:Under real time Point 0.437490940094

DEBUG:root:477
DEBUG:root:49
DEBUG:root:492
DEBUG:root:32
DEBUG:root:Nomatch
DEBUG:root:Under real time Point 0.434308052063

DEBUG:root:489
DEBUG:root:49
DEBUG:root:493
DEBUG:root:34
DEBUG:root:Nomatch
DEBUG:root:Under real time Point 0.447019100189

DEBUG:root:481
DEBUG:root:44
DEBUG:root:496
DEBUG:root:39
DEBUG:root:Nomatch
DEBUG:root:Under real time Point 0.4360268116

DEBUG:root:486
DEBUG:root:38
DEBUG:root:503
DEBUG:root:35
DEBUG:root:Nomatch
DEBUG:root:Under real time Point 0.447598218918

DEBUG:root:486
DEBUG:root:43
DEBUG:root:500
DEBUG:root:32
DEBUG:root:Nomatch
DEBUG:root:Under real time Point 0.436365127563

DEBUG:root:501
DEBUG:root:28
DEBUG:root:501
DEBUG:root:28
DEBUG:root:Nomatch
DEBUG:root:Under real time Point 0.495350122452

DEBUG:root:495
DEBUG:root:32
DEBUG:root:495
DEBUG:root:32
DEBUG:root:Nomatch
DEBUG:root:Under real time Point 0.451596021652

DEBUG:root:494
DEBUG:root:44
DEBUG:root:506
DEBUG:root:29
DEBUG:root:Nomatch
DEBUG:root:Under real time Point 0.446575880051

DEBUG:root:494
DEBUG:root:33
DEBUG:root:510
DEBUG:root:32
DEBUG:root:Nomatch
DEBUG:root:Under real time Point 0.461701154709

DEBUG:root:509
DEBUG:root:38
DEBUG:root:510
DEBUG:root:33
DEBUG:root:Nomatch
DEBUG:root:Under real time Point 0.433687925339

DEBUG:root:496
DEBUG:root:40
DEBUG:root:512
DEBUG:root:36
DEBUG:root:Nomatch
DEBUG:root:Under real time Point 0.433809041977

DEBUG:root:505
DEBUG:root:42
DEBUG:root:991
DEBUG:root:37
DEBUG:root:Nomatch
DEBUG:root:Under real time Point 0.445477962494

DEBUG:root:509
DEBUG:root:41
DEBUG:root:517
DEBUG:root:19
DEBUG:root:Match
DEBUG:root:Real time1486777066.09

DEBUG:root:501
DEBUG:root:44
DEBUG:root:521
DEBUG:root:35
DEBUG:root:Nomatch
DEBUG:root:Under real time Point 0.432981967926

DEBUG:root:999
DEBUG:root:38
DEBUG:root:521
DEBUG:root:31
DEBUG:root:Nomatch
DEBUG:root:Under real time Point 0.444464206696

DEBUG:root:524
DEBUG:root:36
DEBUG:root:546
DEBUG:root:30
DEBUG:root:Nomatch
DEBUG:root:Under real time Point 0.444984912872

DEBUG:root:513
DEBUG:root:35
DEBUG:root:501
DEBUG:root:29
DEBUG:root:Nomatch
DEBUG:root:Under real time Point 0.487887144089

DEBUG:root:514
DEBUG:root:43
DEBUG:root:76
DEBUG:root:38
DEBUG:root:Nomatch
DEBUG:root:Under real time Point 0.4343521595

DEBUG:root:527
DEBUG:root:46
DEBUG:root:963
DEBUG:root:33
DEBUG:root:Nomatch
DEBUG:root:Under real time Point 0.441037893295

DEBUG:root:503
DEBUG:root:39
DEBUG:root:593
DEBUG:root:36
DEBUG:root:Nomatch
DEBUG:root:Under real time Point 0.431470155716

DEBUG:root:516
DEBUG:root:56
DEBUG:root:545
DEBUG:root:40
DEBUG:root:Nomatch
DEBUG:root:Under real time Point 0.432812929153

DEBUG:root:529
DEBUG:root:52
DEBUG:root:538
DEBUG:root:40
DEBUG:root:Nomatch
DEBUG:root:Under real time Point 0.437938213348

DEBUG:root:521
DEBUG:root:55
DEBUG:root:545
DEBUG:root:32
DEBUG:root:Nomatch
DEBUG:root:Under real time Point 0.446743011475

DEBUG:root:533
DEBUG:root:48
DEBUG:root:536
DEBUG:root:30
DEBUG:root:Nomatch
DEBUG:root:Under real time Point 0.481232881546

DEBUG:root:533
DEBUG:root:46
DEBUG:root:542
DEBUG:root:37
DEBUG:root:Nomatch
DEBUG:root:Under real time Point 0.428937911987

DEBUG:root:529
DEBUG:root:54
DEBUG:root:554
DEBUG:root:34
DEBUG:root:Nomatch
DEBUG:root:Under real time Point 0.436871051788

DEBUG:root:547
DEBUG:root:32
DEBUG:root:566
DEBUG:root:30
DEBUG:root:Nomatch
DEBUG:root:Under real time Point 0.437788963318

DEBUG:root:547
DEBUG:root:33
DEBUG:root:566
DEBUG:root:29
DEBUG:root:Nomatch
DEBUG:root:Under real time Point 0.475601196289

DEBUG:root:546
DEBUG:root:35
DEBUG:root:566
DEBUG:root:32
DEBUG:root:Nomatch
DEBUG:root:Under real time Point 0.442581892014

DEBUG:root:546
DEBUG:root:38
DEBUG:root:553
DEBUG:root:34
DEBUG:root:Nomatch
DEBUG:root:Under real time Point 0.428427934647

DEBUG:root:546
DEBUG:root:30
DEBUG:root:566
DEBUG:root:29
DEBUG:root:Nomatch
DEBUG:root:Under real time Point 0.432784080505

DEBUG:root:552
DEBUG:root:36
DEBUG:root:559
DEBUG:root:33
DEBUG:root:Nomatch
DEBUG:root:Under real time Point 0.44118309021

DEBUG:root:552
DEBUG:root:45
DEBUG:root:562
DEBUG:root:34
DEBUG:root:Nomatch
DEBUG:root:Under real time Point 0.436316013336

DEBUG:root:552
DEBUG:root:37
DEBUG:root:564
DEBUG:root:36
DEBUG:root:Nomatch
DEBUG:root:Under real time Point 0.437039852142

DEBUG:root:552
DEBUG:root:36
DEBUG:root:564
DEBUG:root:35
DEBUG:root:Nomatch
DEBUG:root:Under real time Point 0.426427841187

DEBUG:root:555
DEBUG:root:45
DEBUG:root:429
DEBUG:root:40
DEBUG:root:Nomatch
DEBUG:root:Under real time Point 0.425732135773

DEBUG:root:569
DEBUG:root:41
DEBUG:root:569
DEBUG:root:41
DEBUG:root:Nomatch
DEBUG:root:Under real time Point 0.429943084717

DEBUG:root:572
DEBUG:root:25
DEBUG:root:572
DEBUG:root:25
DEBUG:root:Nomatch
DEBUG:root:Under real time Point 0.42696595192

DEBUG:root:573
DEBUG:root:36
DEBUG:root:583
DEBUG:root:35
DEBUG:root:Nomatch
DEBUG:root:Under real time Point 0.419753074646

DEBUG:root:572
DEBUG:root:36
DEBUG:root:572
DEBUG:root:36
DEBUG:root:Nomatch
DEBUG:root:Under real time Point 0.423810005188

DEBUG:root:573
DEBUG:root:31
DEBUG:root:583
DEBUG:root:30
DEBUG:root:Nomatch
DEBUG:root:Under real time Point 0.426429986954

DEBUG:root:572
DEBUG:root:29
DEBUG:root:572
DEBUG:root:29
DEBUG:root:Nomatch
DEBUG:root:Under real time Point 0.420660972595

DEBUG:root:572
DEBUG:root:30
DEBUG:root:572
DEBUG:root:30
DEBUG:root:Nomatch
DEBUG:root:Under real time Point 0.430389881134

DEBUG:root:572
DEBUG:root:27
DEBUG:root:572
DEBUG:root:27
DEBUG:root:Nomatch
DEBUG:root:Under real time Point 0.427471876144

DEBUG:root:572
DEBUG:root:28
DEBUG:root:572
DEBUG:root:28
DEBUG:root:Nomatch
DEBUG:root:Under real time Point 0.427518129349

DEBUG:root:576
DEBUG:root:33
DEBUG:root:586
DEBUG:root:32
DEBUG:root:Nomatch
DEBUG:root:Under real time Point 0.433231830597

DEBUG:root:584
DEBUG:root:59
DEBUG:root:593
DEBUG:root:35
DEBUG:root:Nomatch
DEBUG:root:Under real time Point 0.432615995407

DEBUG:root:594
DEBUG:root:36
DEBUG:root:112
DEBUG:root:35
DEBUG:root:Nomatch
DEBUG:root:Under real time Point 0.461625099182

DEBUG:root:594
DEBUG:root:48
DEBUG:root:832
DEBUG:root:38
DEBUG:root:Nomatch
DEBUG:root:Under real time Point 0.439629077911

DEBUG:root:594
DEBUG:root:61
DEBUG:root:974
DEBUG:root:34
DEBUG:root:Nomatch
DEBUG:root:Under real time Point 0.437191009521

DEBUG:root:580
DEBUG:root:65
DEBUG:root:643
DEBUG:root:39
DEBUG:root:Nomatch
DEBUG:root:Under real time Point 0.440840005875

DEBUG:root:594
DEBUG:root:54
DEBUG:root:260
DEBUG:root:23
DEBUG:root:Match
DEBUG:root:Real time1486777083.14

DEBUG:root:597
DEBUG:root:45
DEBUG:root:260
DEBUG:root:31
DEBUG:root:Nomatch
DEBUG:root:Under real time Point 0.453720808029

DEBUG:root:602
DEBUG:root:35
DEBUG:root:609
DEBUG:root:32
DEBUG:root:Nomatch
DEBUG:root:Under real time Point 0.450627803802

DEBUG:root:598
DEBUG:root:43
DEBUG:root:614
DEBUG:root:24
DEBUG:root:Nomatch
DEBUG:root:Under real time Point 0.430423974991

DEBUG:root:614
DEBUG:root:28
DEBUG:root:614
DEBUG:root:28
DEBUG:root:Nomatch
DEBUG:root:Under real time Point 0.432410001755

DEBUG:root:614
DEBUG:root:27
DEBUG:root:614
DEBUG:root:27
DEBUG:root:Nomatch
DEBUG:root:Under real time Point 0.438969135284

DEBUG:root:614
DEBUG:root:42
DEBUG:root:616
DEBUG:root:22
DEBUG:root:Match
DEBUG:root:Real time1486777085.75

DEBUG:root:608
DEBUG:root:47
DEBUG:root:648
DEBUG:root:29
DEBUG:root:Nomatch
DEBUG:root:Under real time Point 0.473883152008

DEBUG:root:605
DEBUG:root:48
DEBUG:root:72
DEBUG:root:35
DEBUG:root:Nomatch
DEBUG:root:Under real time Point 0.436960935593

DEBUG:root:619
DEBUG:root:48
DEBUG:root:621
DEBUG:root:27
DEBUG:root:Nomatch
DEBUG:root:Under real time Point 0.434676885605

DEBUG:root:605
DEBUG:root:55
DEBUG:root:623
DEBUG:root:30
DEBUG:root:Nomatch
DEBUG:root:Under real time Point 0.444845914841

DEBUG:root:624
DEBUG:root:33
DEBUG:root:625
DEBUG:root:28
DEBUG:root:Nomatch
DEBUG:root:Under real time Point 0.487648010254

DEBUG:root:616
DEBUG:root:43
DEBUG:root:628
DEBUG:root:22
DEBUG:root:Match
DEBUG:root:Real time1486777088.43

DEBUG:root:627
DEBUG:root:21
DEBUG:root:631
DEBUG:root:20
DEBUG:root:Match
DEBUG:root:Under real time Point 0.413674116135

DEBUG:root:627
DEBUG:root:22
DEBUG:root:631
DEBUG:root:21
DEBUG:root:Match
DEBUG:root:Real time1486777089.25

DEBUG:root:627
DEBUG:root:25
DEBUG:root:631
DEBUG:root:22
DEBUG:root:Match
DEBUG:root:Real time1486777089.65

DEBUG:root:628
DEBUG:root:27
DEBUG:root:637
DEBUG:root:19
DEBUG:root:Match
DEBUG:root:Real time1486777090.05

DEBUG:root:629
DEBUG:root:40
DEBUG:root:639
DEBUG:root:19
DEBUG:root:Match
DEBUG:root:Real time1486777090.45

DEBUG:root:639
DEBUG:root:49
DEBUG:root:642
DEBUG:root:32
DEBUG:root:Nomatch
DEBUG:root:Under real time Point 0.440889120102

DEBUG:root:628
DEBUG:root:51
DEBUG:root:498
DEBUG:root:35
DEBUG:root:Nomatch
DEBUG:root:Under real time Point 0.431081056595

DEBUG:root:628
DEBUG:root:39
DEBUG:root:94
DEBUG:root:33
DEBUG:root:Nomatch
DEBUG:root:Under real time Point 0.435386180878

DEBUG:root:631
DEBUG:root:40
DEBUG:root:101
DEBUG:root:31
DEBUG:root:Nomatch
DEBUG:root:Under real time Point 0.433147192001

DEBUG:root:637
DEBUG:root:32
DEBUG:root:125
DEBUG:root:29
DEBUG:root:Nomatch
DEBUG:root:Under real time Point 0.438086986542

DEBUG:root:638
DEBUG:root:43
DEBUG:root:274
DEBUG:root:30
DEBUG:root:Nomatch
DEBUG:root:Under real time Point 0.432877063751

DEBUG:root:637
DEBUG:root:39
DEBUG:root:654
DEBUG:root:32
DEBUG:root:Nomatch
DEBUG:root:Under real time Point 0.430754184723

DEBUG:root:654
DEBUG:root:28
DEBUG:root:654
DEBUG:root:28
DEBUG:root:Nomatch
DEBUG:root:Under real time Point 0.443225860596

DEBUG:root:651
DEBUG:root:32
DEBUG:root:176
DEBUG:root:32
DEBUG:root:Nomatch
DEBUG:root:Under real time Point 0.436488866806

DEBUG:root:651
DEBUG:root:31
DEBUG:root:176
DEBUG:root:31
DEBUG:root:Nomatch
DEBUG:root:Under real time Point 0.446516036987

DEBUG:root:651
DEBUG:root:32
DEBUG:root:176
DEBUG:root:32
DEBUG:root:Nomatch
DEBUG:root:Under real time Point 0.428235054016

DEBUG:root:664
DEBUG:root:32
DEBUG:root:664
DEBUG:root:32
DEBUG:root:Nomatch
DEBUG:root:Under real time Point 0.430958986282

DEBUG:root:651
DEBUG:root:44
DEBUG:root:667
DEBUG:root:27
DEBUG:root:Nomatch
DEBUG:root:Under real time Point 0.427557945251

DEBUG:root:656
DEBUG:root:50
DEBUG:root:671
DEBUG:root:38
DEBUG:root:Nomatch
DEBUG:root:Under real time Point 0.432525157928

DEBUG:root:656
DEBUG:root:44
DEBUG:root:672
DEBUG:root:26
DEBUG:root:Nomatch
DEBUG:root:Under real time Point 0.420198917389

DEBUG:root:666
DEBUG:root:51
DEBUG:root:675
DEBUG:root:33
DEBUG:root:Nomatch
DEBUG:root:Under real time Point 0.437216997147

DEBUG:root:674
DEBUG:root:33
DEBUG:root:674
DEBUG:root:33
DEBUG:root:Nomatch
DEBUG:root:Under real time Point 0.434442043304

DEBUG:root:872
DEBUG:root:35
DEBUG:root:679
DEBUG:root:31
DEBUG:root:Nomatch
DEBUG:root:Under real time Point 0.449876070023

DEBUG:root:874
DEBUG:root:40
DEBUG:root:680
DEBUG:root:27
DEBUG:root:Nomatch
DEBUG:root:Under real time Point 0.439285993576

DEBUG:root:679
DEBUG:root:45
DEBUG:root:168
DEBUG:root:35
DEBUG:root:Nomatch
DEBUG:root:Under real time Point 0.433053970337

DEBUG:root:864
DEBUG:root:45
DEBUG:root:684
DEBUG:root:34
DEBUG:root:Nomatch
DEBUG:root:Under real time Point 0.441386938095

DEBUG:root:872
DEBUG:root:52
DEBUG:root:686
DEBUG:root:27
DEBUG:root:Nomatch
DEBUG:root:Under real time Point 0.474900007248

DEBUG:root:873
DEBUG:root:44
DEBUG:root:690
DEBUG:root:28
DEBUG:root:Nomatch
DEBUG:root:Under real time Point 0.440997123718

DEBUG:root:864
DEBUG:root:43
DEBUG:root:63
DEBUG:root:36
DEBUG:root:Nomatch
DEBUG:root:Under real time Point 0.425859212875

DEBUG:root:879
DEBUG:root:54
DEBUG:root:595
DEBUG:root:35
DEBUG:root:Nomatch
DEBUG:root:Under real time Point 0.436713933945

DEBUG:root:168
DEBUG:root:36
DEBUG:root:250
DEBUG:root:32
DEBUG:root:Nomatch
DEBUG:root:Under real time Point 0.437377929688

DEBUG:root:684
DEBUG:root:39
DEBUG:root:698
DEBUG:root:35
DEBUG:root:Nomatch
DEBUG:root:Under real time Point 0.449297189713

DEBUG:root:249
DEBUG:root:48
DEBUG:root:407
DEBUG:root:37
DEBUG:root:Nomatch
DEBUG:root:Under real time Point 0.436390161514

DEBUG:root:143
DEBUG:root:47
DEBUG:root:703
DEBUG:root:29
DEBUG:root:Nomatch
DEBUG:root:Under real time Point 0.431586027145

DEBUG:root:693
DEBUG:root:53
DEBUG:root:145
DEBUG:root:37
DEBUG:root:Nomatch
DEBUG:root:Under real time Point 0.426536083221

DEBUG:root:767
DEBUG:root:42
DEBUG:root:706
DEBUG:root:27
DEBUG:root:Nomatch
DEBUG:root:Under real time Point 0.431174039841

DEBUG:root:293
DEBUG:root:42
DEBUG:root:157
DEBUG:root:35
DEBUG:root:Nomatch
DEBUG:root:Under real time Point 0.415599822998

DEBUG:root:783
DEBUG:root:49
DEBUG:root:710
DEBUG:root:35
DEBUG:root:Nomatch
DEBUG:root:Under real time Point 0.424006938934

DEBUG:root:169
DEBUG:root:50
DEBUG:root:906
DEBUG:root:39
DEBUG:root:Nomatch
DEBUG:root:Under real time Point 0.434205055237

DEBUG:root:708
DEBUG:root:47
DEBUG:root:714
DEBUG:root:40
DEBUG:root:Nomatch
DEBUG:root:Under real time Point 0.45751285553

DEBUG:root:358
DEBUG:root:43
DEBUG:root:718
DEBUG:root:33
DEBUG:root:Nomatch
DEBUG:root:Under real time Point 0.444836854935

DEBUG:root:309
DEBUG:root:56
DEBUG:root:720
DEBUG:root:29
DEBUG:root:Nomatch
DEBUG:root:Under real time Point 0.458359003067

DEBUG:root:785
DEBUG:root:48
DEBUG:root:723
DEBUG:root:29
DEBUG:root:Nomatch
DEBUG:root:Under real time Point 0.426786899567

DEBUG:root:179
DEBUG:root:46
DEBUG:root:725
DEBUG:root:27
DEBUG:root:Nomatch
DEBUG:root:Under real time Point 0.419549942017

DEBUG:root:679
DEBUG:root:38
DEBUG:root:727
DEBUG:root:21
DEBUG:root:Match
DEBUG:root:Under real time Point 0.429072141647

DEBUG:root:858
DEBUG:root:49
DEBUG:root:728
DEBUG:root:32
DEBUG:root:Nomatch
DEBUG:root:Under real time Point 0.411432981491

DEBUG:root:712
DEBUG:root:33
DEBUG:root:814
DEBUG:root:31
DEBUG:root:Nomatch
DEBUG:root:Under real time Point 0.415047883987

DEBUG:root:257
DEBUG:root:36
DEBUG:root:131
DEBUG:root:32
DEBUG:root:Nomatch
DEBUG:root:Under real time Point 0.416184902191

DEBUG:root:734
DEBUG:root:30
DEBUG:root:734
DEBUG:root:30
DEBUG:root:Nomatch
DEBUG:root:Under real time Point 0.425426959991

DEBUG:root:628
DEBUG:root:44
DEBUG:root:822
DEBUG:root:33
DEBUG:root:Nomatch
DEBUG:root:Under real time Point 0.425641059875

DEBUG:root:234
DEBUG:root:53
DEBUG:root:740
DEBUG:root:32
DEBUG:root:Nomatch
DEBUG:root:Under real time Point 0.439355134964

DEBUG:root:724
DEBUG:root:42
DEBUG:root:744
DEBUG:root:32
DEBUG:root:Nomatch
