DEBUG:root:Under real time Point counter:2.09808349609e-05

DEBUG:root:Real time1486867784.15

DEBUG:root:Real time1486867784.35

DEBUG:root:Real time1486867784.55

DEBUG:root:Real time1486867784.75

DEBUG:root:Real time1486867784.95

DEBUG:root:Real time1486867785.15

DEBUG:root:Real time1486867785.35

DEBUG:root:Real time1486867785.55

DEBUG:root:Real time1486867785.75

DEBUG:root:Real time1486867785.95

DEBUG:root:Real time1486867786.15

DEBUG:root:Real time1486867786.35

DEBUG:root:Real time1486867786.55

DEBUG:root:Real time1486867786.75

DEBUG:root:Real time1486867786.96

DEBUG:root:Real time1486867787.16

DEBUG:root:Real time1486867787.36

DEBUG:root:Real time1486867787.56

DEBUG:root:Real time1486867787.76

DEBUG:root:Real time1486867787.96

DEBUG:root:Real time1486867788.16

DEBUG:root:Real time1486867788.36

DEBUG:root:Real time1486867788.56

DEBUG:root:Real time1486867788.76

DEBUG:root:Real time1486867788.96

DEBUG:root:Real time1486867789.16

DEBUG:root:Real time1486867789.36

DEBUG:root:Real time1486867789.56

DEBUG:root:Real time1486867789.76

DEBUG:root:Real time1486867789.96

DEBUG:root:Real time1486867790.16

DEBUG:root:Real time1486867790.37

DEBUG:root:Real time1486867790.57

DEBUG:root:Real time1486867790.77

DEBUG:root:Real time1486867790.97

DEBUG:root:Real time1486867791.17

DEBUG:root:Real time1486867791.37

DEBUG:root:Real time1486867791.57

DEBUG:root:Real time1486867791.77

DEBUG:root:Real time1486867791.97

DEBUG:root:Real time1486867792.17

DEBUG:root:Real time1486867792.37

DEBUG:root:Real time1486867792.57

DEBUG:root:Real time1486867792.77

DEBUG:root:Real time1486867792.97

DEBUG:root:Real time1486867793.17

DEBUG:root:Real time1486867793.37

DEBUG:root:Real time1486867793.58

DEBUG:root:Real time1486867793.78

DEBUG:root:Total error:5397

DEBUG:root:Match frame over 50:1

DEBUG:root:Matched frame error:83

DEBUG:root:Real time1486867793.98

DEBUG:root:Total error:5396

DEBUG:root:Match frame over 50:24

DEBUG:root:Matched frame error:86

DEBUG:root:Real time1486867794.18

DEBUG:root:Total error:5426

DEBUG:root:Match frame over 50:24

DEBUG:root:Matched frame error:116

DEBUG:root:Real time1486867794.38

DEBUG:root:Total error:5416

DEBUG:root:Match frame over 50:16

DEBUG:root:Matched frame error:90

DEBUG:root:Real time1486867794.58

DEBUG:root:Total error:5389

DEBUG:root:Match frame over 50:43

DEBUG:root:Matched frame error:96

DEBUG:root:Real time1486867794.78

DEBUG:root:Total error:5340

DEBUG:root:Match frame over 50:62

DEBUG:root:Matched frame error:100

DEBUG:root:Real time1486867794.98

DEBUG:root:Total error:5237

DEBUG:root:Match frame over 50:70

DEBUG:root:Matched frame error:87

DEBUG:root:Real time1486867795.18

DEBUG:root:Total error:5260

DEBUG:root:Match frame over 50:66

DEBUG:root:Matched frame error:76

DEBUG:root:Real time1486867795.38

DEBUG:root:Total error:5199

DEBUG:root:Match frame over 50:25

DEBUG:root:Matched frame error:76

DEBUG:root:Real time1486867795.58

DEBUG:root:Total error:5156

DEBUG:root:Match frame over 50:25

DEBUG:root:Matched frame error:65

DEBUG:root:Real time1486867795.78

DEBUG:root:Total error:5145

DEBUG:root:Match frame over 50:25

DEBUG:root:Matched frame error:59

DEBUG:root:Real time1486867795.98

DEBUG:root:Total error:5157

DEBUG:root:Match frame over 50:25

DEBUG:root:Matched frame error:59

DEBUG:root:Real time1486867796.18

DEBUG:root:Total error:5069

DEBUG:root:Match frame over 50:25

DEBUG:root:Matched frame error:70

DEBUG:root:Real time1486867796.38

DEBUG:root:Total error:4796

DEBUG:root:Match frame over 50:700

DEBUG:root:Matched frame error:88

DEBUG:root:Real time1486867796.59

DEBUG:root:Total error:4417

DEBUG:root:Match frame over 50:700

DEBUG:root:Matched frame error:93

DEBUG:root:Real time1486867796.79

DEBUG:root:Total error:3072

DEBUG:root:Match frame over 50:713

DEBUG:root:Matched frame error:71

DEBUG:root:Real time1486867796.99

DEBUG:root:Total error:3416

DEBUG:root:Match frame over 50:713

DEBUG:root:Matched frame error:91

DEBUG:root:Real time1486867797.19

DEBUG:root:Total error:4588

DEBUG:root:Match frame over 50:724

DEBUG:root:Matched frame error:96

DEBUG:root:Real time1486867797.39

DEBUG:root:Total error:4994

DEBUG:root:Match frame over 50:683

DEBUG:root:Matched frame error:91

DEBUG:root:Real time1486867797.59

DEBUG:root:Total error:5126

DEBUG:root:Match frame over 50:705

DEBUG:root:Matched frame error:91

DEBUG:root:Real time1486867797.79

DEBUG:root:Total error:5233

DEBUG:root:Match frame over 50:686

DEBUG:root:Matched frame error:95

DEBUG:root:Real time1486867797.99

DEBUG:root:Total error:5208

DEBUG:root:Match frame over 50:21

DEBUG:root:Matched frame error:101

DEBUG:root:Real time1486867798.19

DEBUG:root:Total error:5217

DEBUG:root:Match frame over 50:35

DEBUG:root:Matched frame error:119

DEBUG:root:Real time1486867798.39

DEBUG:root:Total error:5182

DEBUG:root:Match frame over 50:683

DEBUG:root:Matched frame error:102

DEBUG:root:Real time1486867798.59

DEBUG:root:Total error:5168

DEBUG:root:Match frame over 50:683

DEBUG:root:Matched frame error:92

DEBUG:root:Real time1486867798.79

DEBUG:root:Total error:5192

DEBUG:root:Match frame over 50:43

DEBUG:root:Matched frame error:93

DEBUG:root:Real time1486867798.99

DEBUG:root:Total error:5186

DEBUG:root:Match frame over 50:70

DEBUG:root:Matched frame error:85

DEBUG:root:Real time1486867799.2

DEBUG:root:Total error:5256

DEBUG:root:Match frame over 50:27

DEBUG:root:Matched frame error:101

DEBUG:root:Real time1486867799.4

DEBUG:root:Total error:5220

DEBUG:root:Match frame over 50:40

DEBUG:root:Matched frame error:92

DEBUG:root:Real time1486867799.6

DEBUG:root:Total error:5235

DEBUG:root:Match frame over 50:40

DEBUG:root:Matched frame error:97

DEBUG:root:Real time1486867799.8

DEBUG:root:Total error:5215

DEBUG:root:Match frame over 50:46

DEBUG:root:Matched frame error:96

DEBUG:root:Real time1486867800.0

DEBUG:root:Total error:5128

DEBUG:root:Match frame over 50:33

DEBUG:root:Matched frame error:98

DEBUG:root:Real time1486867800.2

DEBUG:root:Total error:5069

DEBUG:root:Match frame over 50:13

DEBUG:root:Matched frame error:91

DEBUG:root:Real time1486867800.4

DEBUG:root:Total error:4953

DEBUG:root:Match frame over 50:5

DEBUG:root:Matched frame error:70

DEBUG:root:Real time1486867800.6

DEBUG:root:Total error:4866

DEBUG:root:Match frame over 50:7

DEBUG:root:Matched frame error:82

DEBUG:root:Real time1486867800.8

DEBUG:root:Total error:4817

DEBUG:root:Match frame over 50:19

DEBUG:root:Matched frame error:81

DEBUG:root:Real time1486867801.0

DEBUG:root:Total error:4733

DEBUG:root:Match frame over 50:32

DEBUG:root:Matched frame error:88

DEBUG:root:Real time1486867801.2

DEBUG:root:Total error:4741

DEBUG:root:Match frame over 50:6

DEBUG:root:Matched frame error:95

DEBUG:root:Real time1486867801.4

DEBUG:root:Total error:4787

DEBUG:root:Match frame over 50:5

DEBUG:root:Matched frame error:83

DEBUG:root:Real time1486867801.6

DEBUG:root:Total error:4631

DEBUG:root:Match frame over 50:706

DEBUG:root:Matched frame error:86

DEBUG:root:Real time1486867801.8

DEBUG:root:Total error:3389

DEBUG:root:Match frame over 50:734

DEBUG:root:Matched frame error:84

DEBUG:root:Real time1486867802.0

DEBUG:root:Total error:3656

DEBUG:root:Match frame over 50:714

DEBUG:root:Matched frame error:89

DEBUG:root:Real time1486867802.2

DEBUG:root:Total error:4834

DEBUG:root:Match frame over 50:737

DEBUG:root:Matched frame error:84

DEBUG:root:Real time1486867802.41

DEBUG:root:Total error:5030

DEBUG:root:Match frame over 50:19

DEBUG:root:Matched frame error:109

DEBUG:root:Real time1486867802.61

DEBUG:root:Total error:5035

DEBUG:root:Match frame over 50:30

DEBUG:root:Matched frame error:96

DEBUG:root:Real time1486867802.81

DEBUG:root:Total error:5011

DEBUG:root:Match frame over 50:35

DEBUG:root:Matched frame error:102

DEBUG:root:Real time1486867803.01

DEBUG:root:Total error:5134

DEBUG:root:Match frame over 50:35

DEBUG:root:Matched frame error:97

DEBUG:root:Real time1486867803.21

DEBUG:root:Total error:5185

DEBUG:root:Match frame over 50:8

DEBUG:root:Matched frame error:90

DEBUG:root:Real time1486867803.41

DEBUG:root:Total error:5225

DEBUG:root:Match frame over 50:5

DEBUG:root:Matched frame error:99

DEBUG:root:Real time1486867803.61

DEBUG:root:Total error:5384

DEBUG:root:Match frame over 50:28

DEBUG:root:Matched frame error:99

DEBUG:root:Real time1486867803.81

DEBUG:root:Total error:5441

DEBUG:root:Match frame over 50:71

DEBUG:root:Matched frame error:90

DEBUG:root:Real time1486867804.01

DEBUG:root:Total error:5462

DEBUG:root:Match frame over 50:41

DEBUG:root:Matched frame error:98

DEBUG:root:Real time1486867804.21

DEBUG:root:Total error:5426

DEBUG:root:Match frame over 50:38

DEBUG:root:Matched frame error:99

DEBUG:root:Real time1486867804.41

DEBUG:root:Total error:5389

DEBUG:root:Match frame over 50:39

DEBUG:root:Matched frame error:93

DEBUG:root:Real time1486867804.61

DEBUG:root:Total error:5360

DEBUG:root:Match frame over 50:31

DEBUG:root:Matched frame error:99

DEBUG:root:Real time1486867804.81

DEBUG:root:Total error:5333

DEBUG:root:Match frame over 50:10

DEBUG:root:Matched frame error:96

DEBUG:root:Real time1486867805.01

DEBUG:root:Total error:5331

DEBUG:root:Match frame over 50:12

DEBUG:root:Matched frame error:100

DEBUG:root:Real time1486867805.21

DEBUG:root:Total error:5276

DEBUG:root:Match frame over 50:10

DEBUG:root:Matched frame error:86

DEBUG:root:Real time1486867805.41

DEBUG:root:Total error:5290

DEBUG:root:Match frame over 50:32

DEBUG:root:Matched frame error:95

DEBUG:root:Real time1486867805.61

DEBUG:root:Total error:5270

DEBUG:root:Match frame over 50:38

DEBUG:root:Matched frame error:112

DEBUG:root:Real time1486867805.81

DEBUG:root:Total error:5326

DEBUG:root:Match frame over 50:40

DEBUG:root:Matched frame error:98

DEBUG:root:Real time1486867806.01

DEBUG:root:Total error:5407

DEBUG:root:Match frame over 50:88

DEBUG:root:Matched frame error:99

DEBUG:root:Real time1486867806.22

DEBUG:root:Total error:5375

DEBUG:root:Match frame over 50:52

DEBUG:root:Matched frame error:100

DEBUG:root:Real time1486867806.42

DEBUG:root:Total error:5234

DEBUG:root:Match frame over 50:754

DEBUG:root:Matched frame error:82

DEBUG:root:Real time1486867806.62

DEBUG:root:Total error:4740

DEBUG:root:Match frame over 50:759

DEBUG:root:Matched frame error:96

DEBUG:root:Real time1486867806.82

DEBUG:root:Total error:3228

DEBUG:root:Match frame over 50:734

DEBUG:root:Matched frame error:101

DEBUG:root:Real time1486867807.02

DEBUG:root:Total error:3786

DEBUG:root:Match frame over 50:758

DEBUG:root:Matched frame error:103

DEBUG:root:Real time1486867807.22

DEBUG:root:Total error:4956

DEBUG:root:Match frame over 50:757

DEBUG:root:Matched frame error:89

DEBUG:root:Real time1486867807.42

DEBUG:root:Total error:5456

DEBUG:root:Match frame over 50:772

DEBUG:root:Matched frame error:79

DEBUG:root:Real time1486867807.62

DEBUG:root:Total error:5513

DEBUG:root:Match frame over 50:121

DEBUG:root:Matched frame error:98

DEBUG:root:Real time1486867807.82

DEBUG:root:Total error:5487

DEBUG:root:Match frame over 50:113

DEBUG:root:Matched frame error:88

DEBUG:root:Real time1486867808.02

DEBUG:root:Total error:5555

DEBUG:root:Match frame over 50:113

DEBUG:root:Matched frame error:95

DEBUG:root:Real time1486867808.22

DEBUG:root:Total error:5450

DEBUG:root:Match frame over 50:117

DEBUG:root:Matched frame error:76

DEBUG:root:Real time1486867808.42

DEBUG:root:Total error:5559

DEBUG:root:Match frame over 50:65

DEBUG:root:Matched frame error:95

DEBUG:root:Real time1486867808.62

DEBUG:root:Total error:5561

DEBUG:root:Match frame over 50:31

DEBUG:root:Matched frame error:89

DEBUG:root:Real time1486867808.82

DEBUG:root:Total error:5542

DEBUG:root:Match frame over 50:413

DEBUG:root:Matched frame error:97

DEBUG:root:Real time1486867809.03

DEBUG:root:Total error:5493

DEBUG:root:Match frame over 50:82

DEBUG:root:Matched frame error:96

DEBUG:root:Real time1486867809.23

DEBUG:root:Total error:5564

DEBUG:root:Match frame over 50:86

DEBUG:root:Matched frame error:79

DEBUG:root:Real time1486867809.43

DEBUG:root:Total error:5520

DEBUG:root:Match frame over 50:1

DEBUG:root:Matched frame error:72

DEBUG:root:Real time1486867809.63

DEBUG:root:Total error:5504

DEBUG:root:Match frame over 50:26

DEBUG:root:Matched frame error:89

DEBUG:root:Real time1486867809.83

DEBUG:root:Total error:5489

DEBUG:root:Match frame over 50:36

DEBUG:root:Matched frame error:105

DEBUG:root:Real time1486867810.03

DEBUG:root:Total error:5486

DEBUG:root:Match frame over 50:26

DEBUG:root:Matched frame error:105

DEBUG:root:Real time1486867810.23

DEBUG:root:Total error:5527

DEBUG:root:Match frame over 50:20

DEBUG:root:Matched frame error:92

DEBUG:root:Real time1486867810.43

DEBUG:root:Total error:5556

DEBUG:root:Match frame over 50:20

DEBUG:root:Matched frame error:103

DEBUG:root:Real time1486867810.63

DEBUG:root:Total error:5583

DEBUG:root:Match frame over 50:752

DEBUG:root:Matched frame error:76

DEBUG:root:Real time1486867810.83

DEBUG:root:Total error:5650

DEBUG:root:Match frame over 50:217

DEBUG:root:Matched frame error:103

DEBUG:root:Real time1486867811.03

DEBUG:root:Total error:5664

DEBUG:root:Match frame over 50:827

DEBUG:root:Matched frame error:87

DEBUG:root:Real time1486867811.23

DEBUG:root:Total error:5350

DEBUG:root:Match frame over 50:797

DEBUG:root:Matched frame error:87

DEBUG:root:Real time1486867811.43

DEBUG:root:Total error:4865

DEBUG:root:Match frame over 50:797

DEBUG:root:Matched frame error:92

DEBUG:root:Real time1486867811.63

DEBUG:root:Total error:4214

DEBUG:root:Match frame over 50:797

DEBUG:root:Matched frame error:75

DEBUG:root:Real time1486867811.84

DEBUG:root:Total error:2779

DEBUG:root:Match frame over 50:776

DEBUG:root:Matched frame error:59

DEBUG:root:Real time1486867812.04

DEBUG:root:Total error:3482

DEBUG:root:Match frame over 50:753

DEBUG:root:Matched frame error:83

DEBUG:root:Real time1486867812.24

DEBUG:root:Total error:4527

DEBUG:root:Match frame over 50:752

DEBUG:root:Matched frame error:89

DEBUG:root:Real time1486867812.44

DEBUG:root:Total error:5126

DEBUG:root:Match frame over 50:752

DEBUG:root:Matched frame error:81

DEBUG:root:Real time1486867812.64

DEBUG:root:Total error:5506

DEBUG:root:Match frame over 50:775

DEBUG:root:Matched frame error:88

DEBUG:root:Real time1486867812.84

DEBUG:root:Total error:5596

DEBUG:root:Match frame over 50:829

DEBUG:root:Matched frame error:35

DEBUG:root:Real time1486867813.04

DEBUG:root:Total error:5558

DEBUG:root:Match frame over 50:25

DEBUG:root:Matched frame error:86

DEBUG:root:Real time1486867813.24

DEBUG:root:Total error:5551

DEBUG:root:Match frame over 50:64

DEBUG:root:Matched frame error:104

DEBUG:root:Real time1486867813.44

DEBUG:root:Total error:5509

DEBUG:root:Match frame over 50:25

DEBUG:root:Matched frame error:103

DEBUG:root:Real time1486867813.64

DEBUG:root:Total error:5519

DEBUG:root:Match frame over 50:780

DEBUG:root:Matched frame error:97

DEBUG:root:Real time1486867813.84

DEBUG:root:Total error:5498

DEBUG:root:Match frame over 50:58

DEBUG:root:Matched frame error:102

DEBUG:root:Real time1486867814.04

DEBUG:root:Total error:5514

DEBUG:root:Match frame over 50:64

DEBUG:root:Matched frame error:100

DEBUG:root:Real time1486867814.24

DEBUG:root:Total error:5515

DEBUG:root:Match frame over 50:26

DEBUG:root:Matched frame error:104

DEBUG:root:Real time1486867814.44

DEBUG:root:Total error:5531

DEBUG:root:Match frame over 50:26

DEBUG:root:Matched frame error:104

DEBUG:root:Real time1486867814.64

DEBUG:root:Total error:5570

DEBUG:root:Match frame over 50:65

DEBUG:root:Matched frame error:100

DEBUG:root:Real time1486867814.84

DEBUG:root:Total error:5555

DEBUG:root:Match frame over 50:922

DEBUG:root:Matched frame error:103

DEBUG:root:Real time1486867815.04

DEBUG:root:Total error:5582

DEBUG:root:Match frame over 50:918

DEBUG:root:Matched frame error:101

DEBUG:root:Real time1486867815.24

DEBUG:root:Total error:5582

DEBUG:root:Match frame over 50:918

DEBUG:root:Matched frame error:98

DEBUG:root:Real time1486867815.44

DEBUG:root:Total error:5541

DEBUG:root:Match frame over 50:916

DEBUG:root:Matched frame error:106

DEBUG:root:Real time1486867815.64

DEBUG:root:Total error:5505

DEBUG:root:Match frame over 50:917

DEBUG:root:Matched frame error:99

DEBUG:root:Real time1486867815.84

DEBUG:root:Total error:5646

DEBUG:root:Match frame over 50:585

DEBUG:root:Matched frame error:96

DEBUG:root:Real time1486867816.04

DEBUG:root:Total error:5507

DEBUG:root:Match frame over 50:820

DEBUG:root:Matched frame error:90

DEBUG:root:Real time1486867816.25

DEBUG:root:Total error:5145

DEBUG:root:Match frame over 50:797

DEBUG:root:Matched frame error:90

DEBUG:root:Real time1486867816.45

DEBUG:root:Total error:4652

DEBUG:root:Match frame over 50:806

DEBUG:root:Matched frame error:88

DEBUG:root:Real time1486867816.65

DEBUG:root:Total error:4131

DEBUG:root:Match frame over 50:806

DEBUG:root:Matched frame error:89

DEBUG:root:Real time1486867816.85

DEBUG:root:Total error:2897

DEBUG:root:Match frame over 50:821

DEBUG:root:Matched frame error:89

DEBUG:root:Real time1486867817.05

DEBUG:root:Total error:3639

DEBUG:root:Match frame over 50:818

DEBUG:root:Matched frame error:93

DEBUG:root:Real time1486867817.25

DEBUG:root:Total error:4363

DEBUG:root:Match frame over 50:797

DEBUG:root:Matched frame error:91

DEBUG:root:Real time1486867817.45

DEBUG:root:Total error:4689

DEBUG:root:Match frame over 50:806

DEBUG:root:Matched frame error:88

DEBUG:root:Real time1486867817.65

DEBUG:root:Total error:4742

DEBUG:root:Match frame over 50:39

DEBUG:root:Matched frame error:15

DEBUG:root:Real time1486867817.85

DEBUG:root:Total error:4676

DEBUG:root:Match frame over 50:39

DEBUG:root:Matched frame error:20

DEBUG:root:Real time1486867818.05

DEBUG:root:Total error:4567

DEBUG:root:Match frame over 50:39

DEBUG:root:Matched frame error:18

DEBUG:root:Real time1486867818.25

DEBUG:root:Total error:4412

DEBUG:root:Match frame over 50:39

DEBUG:root:Matched frame error:21

DEBUG:root:Real time1486867818.45

DEBUG:root:Total error:4369

DEBUG:root:Match frame over 50:48

DEBUG:root:Matched frame error:20

DEBUG:root:Real time1486867818.66

DEBUG:root:Total error:4331

DEBUG:root:Match frame over 50:48

DEBUG:root:Matched frame error:25

DEBUG:root:Real time1486867818.86

DEBUG:root:Total error:4296

DEBUG:root:Match frame over 50:39

DEBUG:root:Matched frame error:21

DEBUG:root:Real time1486867819.06

DEBUG:root:Total error:4304

DEBUG:root:Match frame over 50:39

DEBUG:root:Matched frame error:24

DEBUG:root:Real time1486867819.26

DEBUG:root:Total error:4349

DEBUG:root:Match frame over 50:39

DEBUG:root:Matched frame error:25

DEBUG:root:Real time1486867819.46

DEBUG:root:Total error:4404

DEBUG:root:Match frame over 50:39

DEBUG:root:Matched frame error:24

DEBUG:root:Real time1486867819.66

DEBUG:root:Total error:4363

DEBUG:root:Match frame over 50:39

DEBUG:root:Matched frame error:25

DEBUG:root:Real time1486867819.86

DEBUG:root:Total error:4340

DEBUG:root:Match frame over 50:39

DEBUG:root:Matched frame error:21

DEBUG:root:Real time1486867820.06

DEBUG:root:Total error:4410

DEBUG:root:Match frame over 50:11

DEBUG:root:Matched frame error:92

DEBUG:root:Real time1486867820.26

DEBUG:root:Total error:4562

DEBUG:root:Match frame over 50:11

DEBUG:root:Matched frame error:90

DEBUG:root:Real time1486867820.46

DEBUG:root:Total error:4577

DEBUG:root:Match frame over 50:836

DEBUG:root:Matched frame error:102

DEBUG:root:Real time1486867820.66

DEBUG:root:Total error:4405

DEBUG:root:Match frame over 50:802

DEBUG:root:Matched frame error:101

DEBUG:root:Real time1486867820.86

DEBUG:root:Total error:4195

DEBUG:root:Match frame over 50:802

DEBUG:root:Matched frame error:97

DEBUG:root:Real time1486867821.06

DEBUG:root:Total error:3952

DEBUG:root:Match frame over 50:805

DEBUG:root:Matched frame error:90

DEBUG:root:Real time1486867821.26

DEBUG:root:Total error:3648

DEBUG:root:Match frame over 50:805

DEBUG:root:Matched frame error:93

DEBUG:root:Real time1486867821.46

DEBUG:root:Total error:3363

DEBUG:root:Match frame over 50:805

DEBUG:root:Matched frame error:87

DEBUG:root:Real time1486867821.66

DEBUG:root:Total error:3056

DEBUG:root:Match frame over 50:805

DEBUG:root:Matched frame error:84

DEBUG:root:Real time1486867821.87

DEBUG:root:Total error:2370

DEBUG:root:Match frame over 50:805

DEBUG:root:Matched frame error:91

DEBUG:root:Real time1486867822.07

DEBUG:root:Total error:2793

DEBUG:root:Match frame over 50:805

DEBUG:root:Matched frame error:90

DEBUG:root:Real time1486867822.27

DEBUG:root:Total error:3131

DEBUG:root:Match frame over 50:805

DEBUG:root:Matched frame error:84

DEBUG:root:Real time1486867822.47

DEBUG:root:Total error:3319

DEBUG:root:Match frame over 50:805

DEBUG:root:Matched frame error:82

DEBUG:root:Real time1486867822.67

DEBUG:root:Total error:3576

DEBUG:root:Match frame over 50:805

DEBUG:root:Matched frame error:82

DEBUG:root:Real time1486867822.87

DEBUG:root:Total error:3660

DEBUG:root:Match frame over 50:805

DEBUG:root:Matched frame error:79

DEBUG:root:Real time1486867823.07

DEBUG:root:Total error:3754

DEBUG:root:Match frame over 50:805

DEBUG:root:Matched frame error:78

DEBUG:root:Real time1486867823.27

DEBUG:root:Total error:3875

DEBUG:root:Match frame over 50:805

DEBUG:root:Matched frame error:85

DEBUG:root:Real time1486867823.47

DEBUG:root:Total error:4072

DEBUG:root:Match frame over 50:842

DEBUG:root:Matched frame error:77

DEBUG:root:Real time1486867823.67

DEBUG:root:Total error:4150

DEBUG:root:Match frame over 50:8

DEBUG:root:Matched frame error:70

DEBUG:root:Real time1486867823.87

DEBUG:root:Total error:4168

DEBUG:root:Match frame over 50:12

DEBUG:root:Matched frame error:81

