DEBUG:root:Under real time Point counter:3.09944152832e-05

DEBUG:root:Matched frame over all scan:617

DEBUG:root:Errors over all scan:20

DEBUG:root:Real time1486863164.63

DEBUG:root:Matched frame over all scan:614

DEBUG:root:Errors over all scan:21

DEBUG:root:Real time1486863164.84

DEBUG:root:Matched frame over all scan:624

DEBUG:root:Errors over all scan:54

DEBUG:root:Real time1486863165.04

DEBUG:root:Matched frame over all scan:625

DEBUG:root:Errors over all scan:51

DEBUG:root:Real time1486863165.24

DEBUG:root:Matched frame over all scan:626

DEBUG:root:Errors over all scan:13

DEBUG:root:Real time1486863165.44

DEBUG:root:Matched frame over all scan:626

DEBUG:root:Errors over all scan:28

DEBUG:root:Real time1486863165.64

DEBUG:root:Matched frame over all scan:627

DEBUG:root:Errors over all scan:51

DEBUG:root:Real time1486863165.84

DEBUG:root:Matched frame over all scan:629

DEBUG:root:Errors over all scan:26

DEBUG:root:Real time1486863166.04

DEBUG:root:Matched frame over all scan:630

DEBUG:root:Errors over all scan:52

DEBUG:root:Real time1486863166.24

DEBUG:root:Matched frame over all scan:632

DEBUG:root:Errors over all scan:20

DEBUG:root:Real time1486863166.44

DEBUG:root:Matched frame over all scan:632

DEBUG:root:Errors over all scan:20

DEBUG:root:Real time1486863166.64

DEBUG:root:Matched frame over all scan:630

DEBUG:root:Errors over all scan:77

DEBUG:root:Real time1486863166.84

DEBUG:root:Matched frame over all scan:634

DEBUG:root:Errors over all scan:53

DEBUG:root:Real time1486863167.04

DEBUG:root:Matched frame over all scan:635

DEBUG:root:Errors over all scan:9

DEBUG:root:Real time1486863167.24

DEBUG:root:Matched frame over all scan:636

DEBUG:root:Errors over all scan:30

DEBUG:root:Real time1486863167.44

DEBUG:root:Matched frame over all scan:636

DEBUG:root:Errors over all scan:74

DEBUG:root:Real time1486863167.64

DEBUG:root:Matched frame over all scan:637

DEBUG:root:Errors over all scan:50

DEBUG:root:Real time1486863167.85

DEBUG:root:Matched frame over all scan:639

DEBUG:root:Errors over all scan:53

DEBUG:root:Real time1486863168.05

DEBUG:root:Matched frame over all scan:643

DEBUG:root:Errors over all scan:77

DEBUG:root:Real time1486863168.25

DEBUG:root:Matched frame over all scan:136

DEBUG:root:Errors over all scan:58

DEBUG:root:Real time1486863168.45

DEBUG:root:Matched frame over all scan:133

DEBUG:root:Errors over all scan:51

DEBUG:root:Real time1486863168.65

DEBUG:root:Matched frame over all scan:643

DEBUG:root:Errors over all scan:36

DEBUG:root:Real time1486863168.85

DEBUG:root:Matched frame over all scan:643

DEBUG:root:Errors over all scan:32

DEBUG:root:Real time1486863169.05

DEBUG:root:Matched frame over all scan:645

DEBUG:root:Errors over all scan:34

DEBUG:root:Real time1486863169.25

DEBUG:root:Matched frame over all scan:645

DEBUG:root:Errors over all scan:35

DEBUG:root:Real time1486863169.45

DEBUG:root:Matched frame over all scan:646

DEBUG:root:Errors over all scan:23

DEBUG:root:Real time1486863169.65

DEBUG:root:Matched frame over all scan:646

DEBUG:root:Errors over all scan:48

DEBUG:root:Real time1486863169.85

DEBUG:root:Matched frame over all scan:650

DEBUG:root:Errors over all scan:31

DEBUG:root:Real time1486863170.05

DEBUG:root:Matched frame over all scan:650

DEBUG:root:Errors over all scan:16

DEBUG:root:Real time1486863170.25

DEBUG:root:Matched frame over all scan:718

DEBUG:root:Errors over all scan:68

DEBUG:root:Real time1486863170.45

DEBUG:root:Matched frame over all scan:651

DEBUG:root:Errors over all scan:75

DEBUG:root:Real time1486863170.65

DEBUG:root:Matched frame over all scan:652

DEBUG:root:Errors over all scan:51

DEBUG:root:Real time1486863170.86

DEBUG:root:Matched frame over all scan:653

DEBUG:root:Errors over all scan:23

DEBUG:root:Real time1486863171.06

DEBUG:root:Matched frame over all scan:132

DEBUG:root:Errors over all scan:74

DEBUG:root:Real time1486863171.26

DEBUG:root:Matched frame over all scan:656

DEBUG:root:Errors over all scan:29

DEBUG:root:Real time1486863171.46

DEBUG:root:Matched frame over all scan:658

DEBUG:root:Errors over all scan:56

DEBUG:root:Real time1486863171.66

DEBUG:root:Matched frame over all scan:658

DEBUG:root:Errors over all scan:42

DEBUG:root:Real time1486863171.86

DEBUG:root:Matched frame over all scan:658

DEBUG:root:Errors over all scan:31

DEBUG:root:Real time1486863172.06

DEBUG:root:Matched frame over all scan:660

DEBUG:root:Errors over all scan:40

DEBUG:root:Real time1486863172.26

DEBUG:root:Matched frame over all scan:273

DEBUG:root:Errors over all scan:61

DEBUG:root:Real time1486863172.46

DEBUG:root:Matched frame over all scan:674

DEBUG:root:Errors over all scan:71

DEBUG:root:Real time1486863172.66

DEBUG:root:Matched frame over all scan:663

DEBUG:root:Errors over all scan:51

DEBUG:root:Real time1486863172.86

DEBUG:root:Matched frame over all scan:663

DEBUG:root:Errors over all scan:73

DEBUG:root:Real time1486863173.06

DEBUG:root:Matched frame over all scan:686

DEBUG:root:Errors over all scan:78

DEBUG:root:Real time1486863173.27

DEBUG:root:Matched frame over all scan:665

DEBUG:root:Errors over all scan:73

DEBUG:root:Real time1486863173.47

DEBUG:root:Matched frame over all scan:665

DEBUG:root:Errors over all scan:70

DEBUG:root:Real time1486863173.67

DEBUG:root:Matched frame over all scan:751

DEBUG:root:Errors over all scan:76

DEBUG:root:Real time1486863173.87

DEBUG:root:Matched frame over all scan:665

DEBUG:root:Errors over all scan:75

DEBUG:root:Real time1486863174.07

DEBUG:root:Matched frame over all scan:23

DEBUG:root:Errors over all scan:67

DEBUG:root:Real time1486863174.27

DEBUG:root:Total error:4481

DEBUG:root:Match frame over 25:604

DEBUG:root:Matched frame error:80

DEBUG:root:Matched frame over all scan:670

DEBUG:root:Errors over all scan:62

DEBUG:root:Real time1486863174.47

DEBUG:root:Total error:4370

DEBUG:root:Match frame over 25:604

DEBUG:root:Matched frame error:81

DEBUG:root:Matched frame over all scan:671

DEBUG:root:Errors over all scan:46

DEBUG:root:Real time1486863174.67

DEBUG:root:Total error:4083

DEBUG:root:Match frame over 25:637

DEBUG:root:Matched frame error:89

DEBUG:root:Matched frame over all scan:673

DEBUG:root:Errors over all scan:43

DEBUG:root:Real time1486863174.87

DEBUG:root:Total error:3122

DEBUG:root:Match frame over 25:639

DEBUG:root:Matched frame error:81

DEBUG:root:Matched frame over all scan:674

DEBUG:root:Errors over all scan:30

DEBUG:root:Real time1486863175.07

DEBUG:root:Total error:3279

DEBUG:root:Match frame over 25:606

DEBUG:root:Matched frame error:93

DEBUG:root:Matched frame over all scan:730

DEBUG:root:Errors over all scan:43

DEBUG:root:Real time1486863175.27

DEBUG:root:Total error:4130

DEBUG:root:Match frame over 25:605

DEBUG:root:Matched frame error:105

DEBUG:root:Matched frame over all scan:128

DEBUG:root:Errors over all scan:2

DEBUG:root:Real time1486863175.48

DEBUG:root:Total error:4369

DEBUG:root:Match frame over 25:640

DEBUG:root:Matched frame error:80

DEBUG:root:Matched frame over all scan:676

DEBUG:root:Errors over all scan:63

DEBUG:root:Real time1486863175.68

DEBUG:root:Total error:4595

DEBUG:root:Match frame over 25:641

DEBUG:root:Matched frame error:66

DEBUG:root:Matched frame over all scan:678

DEBUG:root:Errors over all scan:35

DEBUG:root:Real time1486863175.88

DEBUG:root:Total error:4837

DEBUG:root:Match frame over 25:628

DEBUG:root:Matched frame error:75

DEBUG:root:Matched frame over all scan:628

DEBUG:root:Errors over all scan:75

DEBUG:root:Real time1486863176.08

DEBUG:root:Total error:5037

DEBUG:root:Match frame over 25:625

DEBUG:root:Matched frame error:86

DEBUG:root:Matched frame over all scan:679

DEBUG:root:Errors over all scan:25

DEBUG:root:Real time1486863176.28

DEBUG:root:Total error:5083

DEBUG:root:Match frame over 25:649

DEBUG:root:Matched frame error:80

DEBUG:root:Matched frame over all scan:200

DEBUG:root:Errors over all scan:62

DEBUG:root:Real time1486863176.48

DEBUG:root:Total error:5093

DEBUG:root:Match frame over 25:601

DEBUG:root:Matched frame error:86

DEBUG:root:Matched frame over all scan:439

DEBUG:root:Errors over all scan:81

DEBUG:root:Real time1486863176.68

DEBUG:root:Total error:5190

DEBUG:root:Match frame over 25:608

DEBUG:root:Matched frame error:87

DEBUG:root:Matched frame over all scan:683

DEBUG:root:Errors over all scan:42

DEBUG:root:Real time1486863176.88

DEBUG:root:Total error:5206

DEBUG:root:Match frame over 25:33

DEBUG:root:Matched frame error:98

DEBUG:root:Matched frame over all scan:684

DEBUG:root:Errors over all scan:67

DEBUG:root:Real time1486863177.08

DEBUG:root:Total error:5219

DEBUG:root:Match frame over 25:17

DEBUG:root:Matched frame error:104

DEBUG:root:Matched frame over all scan:684

DEBUG:root:Errors over all scan:45

DEBUG:root:Real time1486863177.28

DEBUG:root:Total error:5236

DEBUG:root:Match frame over 25:24

DEBUG:root:Matched frame error:101

DEBUG:root:Matched frame over all scan:686

DEBUG:root:Errors over all scan:59

DEBUG:root:Real time1486863177.48

DEBUG:root:Total error:5247

DEBUG:root:Match frame over 25:64

DEBUG:root:Matched frame error:100

DEBUG:root:Matched frame over all scan:686

DEBUG:root:Errors over all scan:79

DEBUG:root:Real time1486863177.68

DEBUG:root:Total error:5248

DEBUG:root:Match frame over 25:13

DEBUG:root:Matched frame error:104

DEBUG:root:Matched frame over all scan:688

DEBUG:root:Errors over all scan:54

DEBUG:root:Real time1486863177.88

DEBUG:root:Total error:5202

DEBUG:root:Match frame over 25:37

DEBUG:root:Matched frame error:118

DEBUG:root:Matched frame over all scan:689

DEBUG:root:Errors over all scan:76

DEBUG:root:Real time1486863178.08

DEBUG:root:Total error:5123

DEBUG:root:Match frame over 25:35

DEBUG:root:Matched frame error:110

DEBUG:root:Matched frame over all scan:689

DEBUG:root:Errors over all scan:71

DEBUG:root:Real time1486863178.28

DEBUG:root:Total error:5138

DEBUG:root:Match frame over 25:35

DEBUG:root:Matched frame error:82

DEBUG:root:Matched frame over all scan:690

DEBUG:root:Errors over all scan:34

DEBUG:root:Real time1486863178.48

DEBUG:root:Total error:5167

DEBUG:root:Match frame over 25:35

DEBUG:root:Matched frame error:116

DEBUG:root:Matched frame over all scan:692

DEBUG:root:Errors over all scan:75

DEBUG:root:Real time1486863178.68

DEBUG:root:Total error:5178

DEBUG:root:Match frame over 25:41

DEBUG:root:Matched frame error:125

DEBUG:root:Matched frame over all scan:692

DEBUG:root:Errors over all scan:44

DEBUG:root:Real time1486863178.89

DEBUG:root:Total error:5178

DEBUG:root:Match frame over 25:35

DEBUG:root:Matched frame error:130

DEBUG:root:Matched frame over all scan:693

DEBUG:root:Errors over all scan:27

DEBUG:root:Real time1486863179.09

DEBUG:root:Total error:5220

DEBUG:root:Match frame over 25:28

DEBUG:root:Matched frame error:100

DEBUG:root:Matched frame over all scan:695

DEBUG:root:Errors over all scan:68

DEBUG:root:Under real time Point counter:0.20917391777

DEBUG:root:Total error:5218

DEBUG:root:Match frame over 25:35

DEBUG:root:Matched frame error:102

DEBUG:root:Matched frame over all scan:696

DEBUG:root:Errors over all scan:84

DEBUG:root:Real time1486863179.5

DEBUG:root:Total error:5255

DEBUG:root:Match frame over 25:640

DEBUG:root:Matched frame error:100

DEBUG:root:Matched frame over all scan:697

DEBUG:root:Errors over all scan:51

DEBUG:root:Real time1486863179.7

DEBUG:root:Total error:5024

DEBUG:root:Match frame over 25:670

DEBUG:root:Matched frame error:100

DEBUG:root:Matched frame over all scan:697

DEBUG:root:Errors over all scan:40

DEBUG:root:Real time1486863179.9

DEBUG:root:Total error:3896

DEBUG:root:Match frame over 25:654

DEBUG:root:Matched frame error:82

DEBUG:root:Matched frame over all scan:654

DEBUG:root:Errors over all scan:82

DEBUG:root:Real time1486863180.1

DEBUG:root:Total error:3736

DEBUG:root:Match frame over 25:673

DEBUG:root:Matched frame error:91

DEBUG:root:Matched frame over all scan:20

DEBUG:root:Errors over all scan:76

DEBUG:root:Real time1486863180.3

DEBUG:root:Total error:5024

DEBUG:root:Match frame over 25:640

DEBUG:root:Matched frame error:80

DEBUG:root:Matched frame over all scan:701

DEBUG:root:Errors over all scan:74

DEBUG:root:Real time1486863180.5

DEBUG:root:Total error:5230

DEBUG:root:Match frame over 25:654

DEBUG:root:Matched frame error:89

DEBUG:root:Matched frame over all scan:702

DEBUG:root:Errors over all scan:23

DEBUG:root:Real time1486863180.7

DEBUG:root:Total error:5367

DEBUG:root:Match frame over 25:640

DEBUG:root:Matched frame error:92

DEBUG:root:Matched frame over all scan:702

DEBUG:root:Errors over all scan:41

DEBUG:root:Real time1486863180.9

DEBUG:root:Total error:5389

DEBUG:root:Match frame over 25:658

DEBUG:root:Matched frame error:83

DEBUG:root:Matched frame over all scan:704

DEBUG:root:Errors over all scan:43

DEBUG:root:Real time1486863181.1

DEBUG:root:Total error:5449

DEBUG:root:Match frame over 25:21

DEBUG:root:Matched frame error:102

DEBUG:root:Matched frame over all scan:705

DEBUG:root:Errors over all scan:57

DEBUG:root:Real time1486863181.3

DEBUG:root:Total error:5461

DEBUG:root:Match frame over 25:705

DEBUG:root:Matched frame error:62

DEBUG:root:Matched frame over all scan:705

DEBUG:root:Errors over all scan:62

DEBUG:root:Real time1486863181.5

DEBUG:root:Total error:5490

DEBUG:root:Match frame over 25:503

DEBUG:root:Matched frame error:100

DEBUG:root:Matched frame over all scan:707

DEBUG:root:Errors over all scan:50

DEBUG:root:Real time1486863181.7

DEBUG:root:Total error:5542

DEBUG:root:Match frame over 25:26

DEBUG:root:Matched frame error:86

DEBUG:root:Matched frame over all scan:708

DEBUG:root:Errors over all scan:62

DEBUG:root:Real time1486863181.91

DEBUG:root:Total error:5547

DEBUG:root:Match frame over 25:32

DEBUG:root:Matched frame error:88

DEBUG:root:Matched frame over all scan:276

DEBUG:root:Errors over all scan:79

DEBUG:root:Real time1486863182.11

DEBUG:root:Total error:5590

DEBUG:root:Match frame over 25:84

DEBUG:root:Matched frame error:101

DEBUG:root:Matched frame over all scan:710

DEBUG:root:Errors over all scan:23

DEBUG:root:Real time1486863182.31

DEBUG:root:Total error:5546

DEBUG:root:Match frame over 25:46

DEBUG:root:Matched frame error:79

DEBUG:root:Matched frame over all scan:635

DEBUG:root:Errors over all scan:69

DEBUG:root:Real time1486863182.51

DEBUG:root:Total error:5503

DEBUG:root:Match frame over 25:27

DEBUG:root:Matched frame error:61

DEBUG:root:Matched frame over all scan:1140

DEBUG:root:Errors over all scan:57

DEBUG:root:Real time1486863182.71

DEBUG:root:Total error:5527

DEBUG:root:Match frame over 25:932

DEBUG:root:Matched frame error:100

DEBUG:root:Matched frame over all scan:712

DEBUG:root:Errors over all scan:57

DEBUG:root:Real time1486863182.91

DEBUG:root:Total error:5470

DEBUG:root:Match frame over 25:27

DEBUG:root:Matched frame error:84

DEBUG:root:Matched frame over all scan:714

DEBUG:root:Errors over all scan:33

DEBUG:root:Real time1486863183.11

DEBUG:root:Total error:5308

DEBUG:root:Match frame over 25:15

DEBUG:root:Matched frame error:85

DEBUG:root:Matched frame over all scan:723

DEBUG:root:Errors over all scan:71

DEBUG:root:Real time1486863183.31

DEBUG:root:Total error:5413

DEBUG:root:Match frame over 25:31

DEBUG:root:Matched frame error:95

DEBUG:root:Matched frame over all scan:715

DEBUG:root:Errors over all scan:51

DEBUG:root:Real time1486863183.51

DEBUG:root:Total error:5374

DEBUG:root:Match frame over 25:4

DEBUG:root:Matched frame error:94

DEBUG:root:Matched frame over all scan:724

DEBUG:root:Errors over all scan:59

DEBUG:root:Real time1486863183.71

DEBUG:root:Total error:5344

DEBUG:root:Match frame over 25:41

DEBUG:root:Matched frame error:68

DEBUG:root:Matched frame over all scan:718

DEBUG:root:Errors over all scan:58

DEBUG:root:Real time1486863183.91

DEBUG:root:Total error:5293

DEBUG:root:Match frame over 25:38

DEBUG:root:Matched frame error:90

DEBUG:root:Matched frame over all scan:718

DEBUG:root:Errors over all scan:19

DEBUG:root:Real time1486863184.11

DEBUG:root:Total error:5364

DEBUG:root:Match frame over 25:36

DEBUG:root:Matched frame error:84

DEBUG:root:Matched frame over all scan:719

DEBUG:root:Errors over all scan:61

DEBUG:root:Real time1486863184.31

DEBUG:root:Total error:5275

DEBUG:root:Match frame over 25:677

DEBUG:root:Matched frame error:60

DEBUG:root:Matched frame over all scan:721

DEBUG:root:Errors over all scan:14

DEBUG:root:Real time1486863184.51

DEBUG:root:Total error:5259

DEBUG:root:Match frame over 25:677

DEBUG:root:Matched frame error:59

DEBUG:root:Matched frame over all scan:721

DEBUG:root:Errors over all scan:13

DEBUG:root:Real time1486863184.72

DEBUG:root:Total error:5009

DEBUG:root:Match frame over 25:673

DEBUG:root:Matched frame error:67

DEBUG:root:Matched frame over all scan:1

DEBUG:root:Errors over all scan:47

DEBUG:root:Real time1486863184.92

DEBUG:root:Total error:3543

DEBUG:root:Match frame over 25:677

DEBUG:root:Matched frame error:58

DEBUG:root:Matched frame over all scan:723

DEBUG:root:Errors over all scan:21

DEBUG:root:Real time1486863185.12

DEBUG:root:Total error:3762

DEBUG:root:Match frame over 25:673

DEBUG:root:Matched frame error:81

DEBUG:root:Matched frame over all scan:725

DEBUG:root:Errors over all scan:31

DEBUG:root:Real time1486863185.32

DEBUG:root:Total error:5101

DEBUG:root:Match frame over 25:671

DEBUG:root:Matched frame error:76

DEBUG:root:Matched frame over all scan:726

DEBUG:root:Errors over all scan:33

DEBUG:root:Real time1486863185.52

DEBUG:root:Total error:5212

DEBUG:root:Match frame over 25:677

DEBUG:root:Matched frame error:76

DEBUG:root:Matched frame over all scan:726

DEBUG:root:Errors over all scan:20

DEBUG:root:Real time1486863185.72

DEBUG:root:Total error:5354

DEBUG:root:Match frame over 25:677

DEBUG:root:Matched frame error:77

DEBUG:root:Matched frame over all scan:729

DEBUG:root:Errors over all scan:27

DEBUG:root:Real time1486863185.92

DEBUG:root:Total error:5309

DEBUG:root:Match frame over 25:677

DEBUG:root:Matched frame error:71

DEBUG:root:Matched frame over all scan:730

DEBUG:root:Errors over all scan:18

DEBUG:root:Real time1486863186.12

DEBUG:root:Total error:5346

DEBUG:root:Match frame over 25:605

DEBUG:root:Matched frame error:94

DEBUG:root:Matched frame over all scan:730

DEBUG:root:Errors over all scan:12

DEBUG:root:Real time1486863186.32

DEBUG:root:Total error:5363

DEBUG:root:Match frame over 25:674

DEBUG:root:Matched frame error:55

DEBUG:root:Matched frame over all scan:731

DEBUG:root:Errors over all scan:27

DEBUG:root:Real time1486863186.52

DEBUG:root:Total error:5314

DEBUG:root:Match frame over 25:677

DEBUG:root:Matched frame error:67

DEBUG:root:Matched frame over all scan:732

DEBUG:root:Errors over all scan:20

DEBUG:root:Real time1486863186.72

DEBUG:root:Total error:5391

DEBUG:root:Match frame over 25:674

DEBUG:root:Matched frame error:53

DEBUG:root:Matched frame over all scan:731

DEBUG:root:Errors over all scan:33

DEBUG:root:Real time1486863186.92

DEBUG:root:Total error:5447

DEBUG:root:Match frame over 25:31

DEBUG:root:Matched frame error:74

DEBUG:root:Matched frame over all scan:733

DEBUG:root:Errors over all scan:70

DEBUG:root:Real time1486863187.12

DEBUG:root:Total error:5379

DEBUG:root:Match frame over 25:24

DEBUG:root:Matched frame error:76

DEBUG:root:Matched frame over all scan:735

DEBUG:root:Errors over all scan:59

DEBUG:root:Real time1486863187.32

DEBUG:root:Total error:5384

DEBUG:root:Match frame over 25:26

DEBUG:root:Matched frame error:96

DEBUG:root:Matched frame over all scan:603

DEBUG:root:Errors over all scan:74

DEBUG:root:Real time1486863187.52

DEBUG:root:Total error:5374

DEBUG:root:Match frame over 25:24

DEBUG:root:Matched frame error:93

DEBUG:root:Matched frame over all scan:752

DEBUG:root:Errors over all scan:81

DEBUG:root:Real time1486863187.72

DEBUG:root:Total error:5377

DEBUG:root:Match frame over 25:683

DEBUG:root:Matched frame error:90

DEBUG:root:Matched frame over all scan:737

DEBUG:root:Errors over all scan:44

DEBUG:root:Real time1486863187.92

DEBUG:root:Total error:5322

DEBUG:root:Match frame over 25:675

DEBUG:root:Matched frame error:77

DEBUG:root:Matched frame over all scan:739

DEBUG:root:Errors over all scan:52

DEBUG:root:Real time1486863188.12

DEBUG:root:Total error:5315

DEBUG:root:Match frame over 25:35

DEBUG:root:Matched frame error:92

DEBUG:root:Matched frame over all scan:167

DEBUG:root:Errors over all scan:79

DEBUG:root:Real time1486863188.32

DEBUG:root:Total error:5343

DEBUG:root:Match frame over 25:29

DEBUG:root:Matched frame error:85

DEBUG:root:Matched frame over all scan:740

DEBUG:root:Errors over all scan:70

DEBUG:root:Real time1486863188.53

DEBUG:root:Total error:5254

DEBUG:root:Match frame over 25:677

DEBUG:root:Matched frame error:88

DEBUG:root:Matched frame over all scan:741

DEBUG:root:Errors over all scan:48

DEBUG:root:Real time1486863188.73

DEBUG:root:Total error:5305

DEBUG:root:Match frame over 25:21

DEBUG:root:Matched frame error:81

DEBUG:root:Matched frame over all scan:743

DEBUG:root:Errors over all scan:55

DEBUG:root:Real time1486863188.93

DEBUG:root:Total error:5189

DEBUG:root:Match frame over 25:677

DEBUG:root:Matched frame error:86

DEBUG:root:Matched frame over all scan:744

DEBUG:root:Errors over all scan:52

DEBUG:root:Real time1486863189.13

DEBUG:root:Total error:5168

DEBUG:root:Match frame over 25:712

DEBUG:root:Matched frame error:91

DEBUG:root:Matched frame over all scan:744

DEBUG:root:Errors over all scan:45

DEBUG:root:Under real time Point counter:0.208081960678

DEBUG:root:Total error:5044

DEBUG:root:Match frame over 25:683

DEBUG:root:Matched frame error:97

DEBUG:root:Matched frame over all scan:746

DEBUG:root:Errors over all scan:37

DEBUG:root:Real time1486863189.54

DEBUG:root:Total error:4724

DEBUG:root:Match frame over 25:677

DEBUG:root:Matched frame error:91

DEBUG:root:Matched frame over all scan:238

DEBUG:root:Errors over all scan:75

DEBUG:root:Real time1486863189.74

DEBUG:root:Total error:4359

DEBUG:root:Match frame over 25:700

DEBUG:root:Matched frame error:87

DEBUG:root:Matched frame over all scan:747

DEBUG:root:Errors over all scan:44

DEBUG:root:Real time1486863189.94

DEBUG:root:Total error:3133

DEBUG:root:Match frame over 25:713

DEBUG:root:Matched frame error:47

DEBUG:root:Matched frame over all scan:749

DEBUG:root:Errors over all scan:46

DEBUG:root:Real time1486863190.14

DEBUG:root:Total error:3388

DEBUG:root:Match frame over 25:713

DEBUG:root:Matched frame error:73

DEBUG:root:Matched frame over all scan:673

DEBUG:root:Errors over all scan:66

DEBUG:root:Real time1486863190.34

DEBUG:root:Total error:4457

DEBUG:root:Match frame over 25:677

DEBUG:root:Matched frame error:90

DEBUG:root:Matched frame over all scan:748

DEBUG:root:Errors over all scan:65

DEBUG:root:Real time1486863190.54

DEBUG:root:Total error:4646

DEBUG:root:Match frame over 25:706

DEBUG:root:Matched frame error:89

DEBUG:root:Matched frame over all scan:751

DEBUG:root:Errors over all scan:35

DEBUG:root:Real time1486863190.74

DEBUG:root:Total error:4990

DEBUG:root:Match frame over 25:714

DEBUG:root:Matched frame error:91

DEBUG:root:Matched frame over all scan:752

DEBUG:root:Errors over all scan:29

DEBUG:root:Real time1486863190.94

DEBUG:root:Total error:5160

DEBUG:root:Match frame over 25:685

DEBUG:root:Matched frame error:89

DEBUG:root:Matched frame over all scan:587

DEBUG:root:Errors over all scan:77

DEBUG:root:Real time1486863191.14

DEBUG:root:Total error:5171

DEBUG:root:Match frame over 25:45

DEBUG:root:Matched frame error:100

DEBUG:root:Matched frame over all scan:754

DEBUG:root:Errors over all scan:32

DEBUG:root:Real time1486863191.34

DEBUG:root:Total error:5154

DEBUG:root:Match frame over 25:35

DEBUG:root:Matched frame error:108

DEBUG:root:Matched frame over all scan:756

DEBUG:root:Errors over all scan:65

DEBUG:root:Real time1486863191.54

DEBUG:root:Total error:5077

DEBUG:root:Match frame over 25:692

DEBUG:root:Matched frame error:98

DEBUG:root:Matched frame over all scan:757

DEBUG:root:Errors over all scan:69

DEBUG:root:Real time1486863191.75

DEBUG:root:Total error:5129

DEBUG:root:Match frame over 25:687

DEBUG:root:Matched frame error:93

DEBUG:root:Matched frame over all scan:801

DEBUG:root:Errors over all scan:88

DEBUG:root:Real time1486863191.95

DEBUG:root:Total error:5247

DEBUG:root:Match frame over 25:724

DEBUG:root:Matched frame error:84

DEBUG:root:Matched frame over all scan:131

DEBUG:root:Errors over all scan:78

DEBUG:root:Real time1486863192.15

DEBUG:root:Total error:5197

DEBUG:root:Match frame over 25:708

DEBUG:root:Matched frame error:89

DEBUG:root:Matched frame over all scan:759

DEBUG:root:Errors over all scan:62

DEBUG:root:Real time1486863192.35

DEBUG:root:Total error:5212

DEBUG:root:Match frame over 25:27

DEBUG:root:Matched frame error:96

DEBUG:root:Matched frame over all scan:760

DEBUG:root:Errors over all scan:45

DEBUG:root:Real time1486863192.55

DEBUG:root:Total error:5189

DEBUG:root:Match frame over 25:39

DEBUG:root:Matched frame error:90

DEBUG:root:Matched frame over all scan:762

DEBUG:root:Errors over all scan:66

DEBUG:root:Real time1486863192.75

DEBUG:root:Total error:5187

DEBUG:root:Match frame over 25:7

DEBUG:root:Matched frame error:102

DEBUG:root:Matched frame over all scan:759

DEBUG:root:Errors over all scan:81

DEBUG:root:Real time1486863192.95

DEBUG:root:Total error:5183

DEBUG:root:Match frame over 25:44

DEBUG:root:Matched frame error:102

DEBUG:root:Matched frame over all scan:763

DEBUG:root:Errors over all scan:42

DEBUG:root:Real time1486863193.15

DEBUG:root:Total error:5190

DEBUG:root:Match frame over 25:3

DEBUG:root:Matched frame error:100

DEBUG:root:Matched frame over all scan:765

DEBUG:root:Errors over all scan:57

DEBUG:root:Real time1486863193.35

DEBUG:root:Total error:5159

DEBUG:root:Match frame over 25:38

DEBUG:root:Matched frame error:81

DEBUG:root:Matched frame over all scan:766

DEBUG:root:Errors over all scan:67

DEBUG:root:Real time1486863193.55

DEBUG:root:Total error:5106

DEBUG:root:Match frame over 25:6

DEBUG:root:Matched frame error:66

DEBUG:root:Matched frame over all scan:767

DEBUG:root:Errors over all scan:45

DEBUG:root:Real time1486863193.75

DEBUG:root:Total error:5077

DEBUG:root:Match frame over 25:31

DEBUG:root:Matched frame error:82

DEBUG:root:Matched frame over all scan:768

DEBUG:root:Errors over all scan:62

DEBUG:root:Real time1486863193.95

DEBUG:root:Total error:5027

DEBUG:root:Match frame over 25:31

DEBUG:root:Matched frame error:79

DEBUG:root:Matched frame over all scan:768

DEBUG:root:Errors over all scan:67

DEBUG:root:Real time1486863194.15

DEBUG:root:Total error:4983

DEBUG:root:Match frame over 25:6

DEBUG:root:Matched frame error:94

DEBUG:root:Matched frame over all scan:751

DEBUG:root:Errors over all scan:71

DEBUG:root:Real time1486863194.35

DEBUG:root:Total error:4992

DEBUG:root:Match frame over 25:2

DEBUG:root:Matched frame error:88

DEBUG:root:Matched frame over all scan:751

DEBUG:root:Errors over all scan:72

DEBUG:root:Real time1486863194.55

DEBUG:root:Total error:4983

DEBUG:root:Match frame over 25:748

DEBUG:root:Matched frame error:79

DEBUG:root:Matched frame over all scan:753

DEBUG:root:Errors over all scan:73

DEBUG:root:Real time1486863194.75

DEBUG:root:Total error:4570

DEBUG:root:Match frame over 25:737

DEBUG:root:Matched frame error:86

DEBUG:root:Matched frame over all scan:585

DEBUG:root:Errors over all scan:81

DEBUG:root:Real time1486863194.95

DEBUG:root:Total error:3633

DEBUG:root:Match frame over 25:748

DEBUG:root:Matched frame error:92

DEBUG:root:Matched frame over all scan:773

DEBUG:root:Errors over all scan:46

DEBUG:root:Real time1486863195.15

DEBUG:root:Total error:3535

DEBUG:root:Match frame over 25:727

DEBUG:root:Matched frame error:86

DEBUG:root:Matched frame over all scan:825

DEBUG:root:Errors over all scan:74

DEBUG:root:Real time1486863195.35

DEBUG:root:Total error:4708

DEBUG:root:Match frame over 25:737

DEBUG:root:Matched frame error:90

DEBUG:root:Matched frame over all scan:824

DEBUG:root:Errors over all scan:70

DEBUG:root:Real time1486863195.55

DEBUG:root:Total error:4905

DEBUG:root:Match frame over 25:736

DEBUG:root:Matched frame error:98

DEBUG:root:Matched frame over all scan:777

DEBUG:root:Errors over all scan:67

DEBUG:root:Real time1486863195.75

DEBUG:root:Total error:5117

DEBUG:root:Match frame over 25:711

DEBUG:root:Matched frame error:92

DEBUG:root:Matched frame over all scan:276

DEBUG:root:Errors over all scan:76

DEBUG:root:Real time1486863195.95

DEBUG:root:Total error:5100

DEBUG:root:Match frame over 25:35

DEBUG:root:Matched frame error:105

DEBUG:root:Matched frame over all scan:779

DEBUG:root:Errors over all scan:30

DEBUG:root:Real time1486863196.15

DEBUG:root:Total error:5146

DEBUG:root:Match frame over 25:35

DEBUG:root:Matched frame error:98

DEBUG:root:Matched frame over all scan:780

DEBUG:root:Errors over all scan:19

DEBUG:root:Real time1486863196.36

DEBUG:root:Total error:5229

DEBUG:root:Match frame over 25:10

DEBUG:root:Matched frame error:92

DEBUG:root:Matched frame over all scan:781

DEBUG:root:Errors over all scan:49

DEBUG:root:Real time1486863196.56

DEBUG:root:Total error:5281

DEBUG:root:Match frame over 25:11

DEBUG:root:Matched frame error:98

DEBUG:root:Matched frame over all scan:782

DEBUG:root:Errors over all scan:69

DEBUG:root:Real time1486863196.76

DEBUG:root:Total error:5333

DEBUG:root:Match frame over 25:27

DEBUG:root:Matched frame error:87

DEBUG:root:Matched frame over all scan:782

DEBUG:root:Errors over all scan:72

DEBUG:root:Real time1486863196.96

DEBUG:root:Total error:5338

DEBUG:root:Match frame over 25:33

DEBUG:root:Matched frame error:90

DEBUG:root:Matched frame over all scan:784

DEBUG:root:Errors over all scan:32

DEBUG:root:Real time1486863197.16

DEBUG:root:Total error:5277

DEBUG:root:Match frame over 25:45

DEBUG:root:Matched frame error:89

DEBUG:root:Matched frame over all scan:786

DEBUG:root:Errors over all scan:55

DEBUG:root:Real time1486863197.36

DEBUG:root:Total error:5286

DEBUG:root:Match frame over 25:39

DEBUG:root:Matched frame error:100

DEBUG:root:Matched frame over all scan:785

DEBUG:root:Errors over all scan:43

DEBUG:root:Real time1486863197.56

DEBUG:root:Total error:5315

DEBUG:root:Match frame over 25:39

DEBUG:root:Matched frame error:89

DEBUG:root:Matched frame over all scan:786

DEBUG:root:Errors over all scan:18

DEBUG:root:Real time1486863197.76

DEBUG:root:Total error:5338

DEBUG:root:Match frame over 25:39

DEBUG:root:Matched frame error:108

DEBUG:root:Matched frame over all scan:787

DEBUG:root:Errors over all scan:43

DEBUG:root:Real time1486863197.96

DEBUG:root:Total error:5329

DEBUG:root:Match frame over 25:37

DEBUG:root:Matched frame error:102

DEBUG:root:Matched frame over all scan:789

DEBUG:root:Errors over all scan:66

DEBUG:root:Real time1486863198.16

DEBUG:root:Total error:5301

DEBUG:root:Match frame over 25:35

DEBUG:root:Matched frame error:94

DEBUG:root:Matched frame over all scan:789

DEBUG:root:Errors over all scan:55

DEBUG:root:Real time1486863198.36

DEBUG:root:Total error:5269

DEBUG:root:Match frame over 25:48

DEBUG:root:Matched frame error:97

DEBUG:root:Matched frame over all scan:790

DEBUG:root:Errors over all scan:76

DEBUG:root:Real time1486863198.56

DEBUG:root:Total error:5349

DEBUG:root:Match frame over 25:45

DEBUG:root:Matched frame error:104

DEBUG:root:Matched frame over all scan:792

DEBUG:root:Errors over all scan:49

DEBUG:root:Real time1486863198.76

DEBUG:root:Total error:5394

DEBUG:root:Match frame over 25:45

DEBUG:root:Matched frame error:97

DEBUG:root:Matched frame over all scan:793

DEBUG:root:Errors over all scan:38

DEBUG:root:Real time1486863198.97

DEBUG:root:Total error:5420

DEBUG:root:Match frame over 25:40

DEBUG:root:Matched frame error:98

DEBUG:root:Matched frame over all scan:794

DEBUG:root:Errors over all scan:31

DEBUG:root:Real time1486863199.17

DEBUG:root:Total error:5418

DEBUG:root:Match frame over 25:97

DEBUG:root:Matched frame error:98

DEBUG:root:Matched frame over all scan:795

DEBUG:root:Errors over all scan:42

DEBUG:root:Real time1486863199.37

DEBUG:root:Total error:5367

DEBUG:root:Match frame over 25:754

DEBUG:root:Matched frame error:93

DEBUG:root:Matched frame over all scan:796

DEBUG:root:Errors over all scan:33

DEBUG:root:Real time1486863199.57

DEBUG:root:Total error:5098

DEBUG:root:Match frame over 25:754

DEBUG:root:Matched frame error:80

DEBUG:root:Matched frame over all scan:797

DEBUG:root:Errors over all scan:39

DEBUG:root:Real time1486863199.77

DEBUG:root:Total error:4616

DEBUG:root:Match frame over 25:756

DEBUG:root:Matched frame error:105

DEBUG:root:Matched frame over all scan:798

DEBUG:root:Errors over all scan:37

DEBUG:root:Real time1486863199.97

DEBUG:root:Total error:3469

DEBUG:root:Match frame over 25:756

DEBUG:root:Matched frame error:99

DEBUG:root:Matched frame over all scan:798

DEBUG:root:Errors over all scan:43

DEBUG:root:Real time1486863200.17

DEBUG:root:Total error:3866

DEBUG:root:Match frame over 25:736

DEBUG:root:Matched frame error:94

DEBUG:root:Matched frame over all scan:800

DEBUG:root:Errors over all scan:56

DEBUG:root:Real time1486863200.37

DEBUG:root:Total error:5102

DEBUG:root:Match frame over 25:751

DEBUG:root:Matched frame error:99

DEBUG:root:Matched frame over all scan:801

DEBUG:root:Errors over all scan:76

DEBUG:root:Real time1486863200.57

DEBUG:root:Total error:5424

DEBUG:root:Match frame over 25:772

DEBUG:root:Matched frame error:94

DEBUG:root:Matched frame over all scan:802

DEBUG:root:Errors over all scan:59

DEBUG:root:Real time1486863200.77

DEBUG:root:Total error:5445

DEBUG:root:Match frame over 25:84

DEBUG:root:Matched frame error:83

DEBUG:root:Matched frame over all scan:267

DEBUG:root:Errors over all scan:63

DEBUG:root:Real time1486863200.97

DEBUG:root:Total error:5401

DEBUG:root:Match frame over 25:84

DEBUG:root:Matched frame error:82

DEBUG:root:Matched frame over all scan:816

DEBUG:root:Errors over all scan:71

DEBUG:root:Real time1486863201.17

DEBUG:root:Total error:5525

DEBUG:root:Match frame over 25:1083

DEBUG:root:Matched frame error:84

DEBUG:root:Matched frame over all scan:804

DEBUG:root:Errors over all scan:62

DEBUG:root:Real time1486863201.37

DEBUG:root:Total error:5526

DEBUG:root:Match frame over 25:1085

DEBUG:root:Matched frame error:102

DEBUG:root:Matched frame over all scan:805

DEBUG:root:Errors over all scan:75

DEBUG:root:Real time1486863201.57

DEBUG:root:Total error:5563

DEBUG:root:Match frame over 25:45

DEBUG:root:Matched frame error:99

DEBUG:root:Matched frame over all scan:314

DEBUG:root:Errors over all scan:69

DEBUG:root:Real time1486863201.77

DEBUG:root:Total error:5484

DEBUG:root:Match frame over 25:29

DEBUG:root:Matched frame error:88

DEBUG:root:Matched frame over all scan:713

DEBUG:root:Errors over all scan:68

DEBUG:root:Real time1486863201.97

DEBUG:root:Total error:5484

DEBUG:root:Match frame over 25:29

DEBUG:root:Matched frame error:89

DEBUG:root:Matched frame over all scan:715

DEBUG:root:Errors over all scan:77

DEBUG:root:Real time1486863202.17

DEBUG:root:Total error:5443

DEBUG:root:Match frame over 25:10

DEBUG:root:Matched frame error:82

DEBUG:root:Matched frame over all scan:713

DEBUG:root:Errors over all scan:73

DEBUG:root:Real time1486863202.37

DEBUG:root:Total error:5377

DEBUG:root:Match frame over 25:26

DEBUG:root:Matched frame error:95

DEBUG:root:Matched frame over all scan:811

DEBUG:root:Errors over all scan:51

DEBUG:root:Real time1486863202.58

DEBUG:root:Total error:5392

DEBUG:root:Match frame over 25:32

DEBUG:root:Matched frame error:90

DEBUG:root:Matched frame over all scan:812

DEBUG:root:Errors over all scan:44

DEBUG:root:Real time1486863202.78

DEBUG:root:Total error:5424

DEBUG:root:Match frame over 25:44

DEBUG:root:Matched frame error:93

DEBUG:root:Matched frame over all scan:813

DEBUG:root:Errors over all scan:33

DEBUG:root:Real time1486863202.98

DEBUG:root:Total error:5448

DEBUG:root:Match frame over 25:37

DEBUG:root:Matched frame error:113

DEBUG:root:Matched frame over all scan:635

DEBUG:root:Errors over all scan:67

DEBUG:root:Real time1486863203.18

DEBUG:root:Total error:5467

DEBUG:root:Match frame over 25:37

DEBUG:root:Matched frame error:98

DEBUG:root:Matched frame over all scan:635

DEBUG:root:Errors over all scan:62

DEBUG:root:Real time1486863203.38

DEBUG:root:Total error:5441

DEBUG:root:Match frame over 25:32

DEBUG:root:Matched frame error:85

DEBUG:root:Matched frame over all scan:815

DEBUG:root:Errors over all scan:58

DEBUG:root:Real time1486863203.58

DEBUG:root:Total error:5514

DEBUG:root:Match frame over 25:31

DEBUG:root:Matched frame error:106

DEBUG:root:Matched frame over all scan:806

DEBUG:root:Errors over all scan:68

DEBUG:root:Real time1486863203.78

DEBUG:root:Total error:5555

DEBUG:root:Match frame over 25:16

DEBUG:root:Matched frame error:98

DEBUG:root:Matched frame over all scan:818

DEBUG:root:Errors over all scan:47

DEBUG:root:Real time1486863203.98

DEBUG:root:Total error:5524

DEBUG:root:Match frame over 25:315

DEBUG:root:Matched frame error:97

DEBUG:root:Matched frame over all scan:819

DEBUG:root:Errors over all scan:48

DEBUG:root:Real time1486863204.18

DEBUG:root:Total error:5511

DEBUG:root:Match frame over 25:91

DEBUG:root:Matched frame error:89

DEBUG:root:Matched frame over all scan:819

DEBUG:root:Errors over all scan:48

DEBUG:root:Real time1486863204.38

DEBUG:root:Total error:5313

DEBUG:root:Match frame over 25:797

DEBUG:root:Matched frame error:91

DEBUG:root:Matched frame over all scan:821

DEBUG:root:Errors over all scan:29

