DEBUG:root:Under real time Point counter:3.60012054443e-05

DEBUG:root:Too small detection probably wrong
DEBUG:root:Real time1487801390.87

DEBUG:root:Real time1487801391.07

DEBUG:root:Real time1487801391.27

DEBUG:root:Real time1487801391.47

DEBUG:root:Too small detection probably wrong
DEBUG:root:Real time1487801391.67

DEBUG:root:Too small detection probably wrong
DEBUG:root:Real time1487801391.87

DEBUG:root:Real time1487801392.07

DEBUG:root:Real time1487801392.27

DEBUG:root:Extracted signature:bitarray('11111111011111001111111111111001111111100000111111100000001111110000001110100011110000001110000011110001110000111000010100110011111111111111100111111001111100011111001100000111110100001111101010111111111010100011110100011111010011110000111100011010001000101001010101101100')
DEBUG:root:Matched frame over all scan:843

DEBUG:root:Errors over all scan:86

DEBUG:root:Result:tau2_fail
DEBUG:root:Match or Not:False
DEBUG:root:Real time1487801392.47

DEBUG:root:Extracted signature:bitarray('00000000000000000000000000000000000000000000000000000000000000000000000000000000000000000000000000000000000000000000000000000000000000000000000000000000000000000000000000000000000000000000000000000000000000000000000000000000000000000000000000000000000000000000000000000100')
DEBUG:root:Matched frame over all scan:2355

DEBUG:root:Errors over all scan:0

DEBUG:root:Result:replica detected
DEBUG:root:Match or Not:True
DEBUG:root:Real time1487801392.67

DEBUG:root:Extracted signature:bitarray('11100011110000011100011110000111000111110011000011111001100111111111101111101111011110001101010001100110110011011011001010011001110010101111011000011010110011110001110100111100000100011110111000111100111101111001111011100111001101111001011100010000001000010000101010010100')
DEBUG:root:Matched frame over all scan:843

DEBUG:root:Errors over all scan:91

DEBUG:root:Result:tau2_fail
DEBUG:root:Match or Not:False
DEBUG:root:Real time1487801392.87

DEBUG:root:Extracted signature:bitarray('00000000000000000000000000000000000000000000000000000000000000000000000000000000000000000000000000000000000000000000000000000000000000000000000000000000000000000000000000000000000000000000000000000000000000000000000000000000000000000000000000000000000000000000000000000100')
DEBUG:root:Matched frame over all scan:2355

DEBUG:root:Errors over all scan:0

DEBUG:root:Result:replica detected
DEBUG:root:Match or Not:True
DEBUG:root:Real time1487801393.07

DEBUG:root:Extracted signature:bitarray('11110011111000111100011111000111000111111000000111111111000111111111101111011100011110011001110011100110011011001111000010100100001101101110011000001010110011100000110000111110000100111001111000111001111101110001111011101111001011110001000000010001011001010110101010010100')
DEBUG:root:Matched frame over all scan:230

DEBUG:root:Errors over all scan:88

DEBUG:root:Result:tau1_fail
DEBUG:root:Match or Not:False
DEBUG:root:Real time1487801393.27

DEBUG:root:Extracted signature:bitarray('11110011110011101110011110000011000111111100000111111111100111111111101111111110011111111101101011001110010011001111001110011010010010111110011000011101110111000011110001111110001000111011110101110001110101110011101011011110101001100001000010010001001011010100110010010100')
DEBUG:root:Matched frame over all scan:1438

DEBUG:root:Errors over all scan:87

DEBUG:root:Result:tau2_fail
DEBUG:root:Match or Not:False
DEBUG:root:Real time1487801393.47

DEBUG:root:Extracted signature:bitarray('11110011110001101110011110001011000111111111000111111111100111111111101111111111011111111101110010001110000111001110001010000110010011101110011000011100110011100001110101111100011000111011100101110011111101110111101011111100101110100001000100010010011011010110100010010100')
DEBUG:root:Matched frame over all scan:2405

DEBUG:root:Errors over all scan:83

DEBUG:root:Result:tau3_fail
DEBUG:root:Match or Not:False
DEBUG:root:Real time1487801393.67

DEBUG:root:Extracted signature:bitarray('11101111100000011111111100000011111111001100011111000111101111000111101100001111000100111101100011100000111000111100111001100110010010011000100000111011011001000010011110110001100010001000110001000000110001010011000010001000101000000001000011010011001111011000110011001100')
DEBUG:root:Matched frame over all scan:1974

DEBUG:root:Errors over all scan:86

DEBUG:root:Result:tau3_fail
DEBUG:root:Match or Not:False
DEBUG:root:Real time1487801393.87

DEBUG:root:Extracted signature:bitarray('11001011110000011110111110100011101111101100011111001110001111001111101110011111001000011101000011100000111000111100110101100110010000011001001000111011110001000110011101110001100010011000110001001000110001010011000010001000101000000101000011010011011111011000110011000100')
DEBUG:root:Matched frame over all scan:139

DEBUG:root:Errors over all scan:92

DEBUG:root:Result:tau3_fail
DEBUG:root:Match or Not:False
DEBUG:root:Real time1487801394.08

DEBUG:root:Extracted signature:bitarray('11001111100000111111111100100111111110001000011111001100011111000100011110010000110000000011000000010000000100100010100011000100010000011000000001111011011011000111011100110001100010010100110101111001100101010011001011011000011000000010000100100010010110010000101001001100')
DEBUG:root:Matched frame over all scan:1188

DEBUG:root:Errors over all scan:83

DEBUG:root:Result:tau3_fail
DEBUG:root:Match or Not:False
DEBUG:root:Real time1487801394.28

DEBUG:root:Extracted signature:bitarray('11101011100000011111111100010011111111001100011111001110001111001100011110001001111000000011000000010001000100100010100010000100010010011011001000011011110001100010011110111001100010011100110001001001110001010011100010000000011000000010001000101100010110010110101001001100')
DEBUG:root:Matched frame over all scan:361

DEBUG:root:Errors over all scan:81

DEBUG:root:Result:tau2_fail
DEBUG:root:Match or Not:False
DEBUG:root:Real time1487801394.48

DEBUG:root:Extracted signature:bitarray('11001011100000011111111100010011111111001100011111000100011111001100011110001001111100000011100000010000000100100010100010100100010010011011001000011011110011100010011110111001100010011100110001001000110001010011000011000000011000000010001000100100010110010110101001001100')
DEBUG:root:Matched frame over all scan:75

DEBUG:root:Errors over all scan:83

DEBUG:root:Result:tau3_fail
DEBUG:root:Match or Not:False
DEBUG:root:Real time1487801394.68

DEBUG:root:Extracted signature:bitarray('11100111111010011101111111110001111111111111011111011111101110011111101000011111001101110001001110000011100011110001100011000111110000011100000110111011001001110011011110111000110010011010011001011000011001010000010011000100001000000001000100010010011011010010101010010100')
DEBUG:root:Matched frame over all scan:1541

DEBUG:root:Errors over all scan:86

DEBUG:root:Result:tau3_fail
DEBUG:root:Match or Not:False
DEBUG:root:Real time1487801394.88

DEBUG:root:Extracted signature:bitarray('11001111110000011110111110000011101111000100011111000110101110001111111100001110101000100011000100010001000100100100100010000100011110011011001000010011110001100010011110110001100010101000110001001000110001010011000010000000001000000001000000010100001110010110101001101100')
DEBUG:root:Matched frame over all scan:2149

DEBUG:root:Errors over all scan:89

DEBUG:root:Result:tau2_fail
DEBUG:root:Match or Not:False
DEBUG:root:Real time1487801395.08

DEBUG:root:Extracted signature:bitarray('11000111011100011001110011100111110111111001011111000111101111000011101110010011101000001111000100010001100100110010110011000100010001111000000000111011001000000110111100110001101010011000110101011000110101010001100011001100001001000001000000010010011011011010100001101100')
DEBUG:root:Matched frame over all scan:1434

DEBUG:root:Errors over all scan:93

DEBUG:root:Result:tau3_fail
DEBUG:root:Match or Not:False
DEBUG:root:Real time1487801395.28

DEBUG:root:Extracted signature:bitarray('11111000000111111111000000011111110000000111111000000011111000000111010000001110100000111010000110010001100100111101111101000100010000011111000000111011101000000111011011000000011101100001111010110000111010000001111000011111100001100100011001001111100111001110100010000100')
DEBUG:root:Matched frame over all scan:1295

DEBUG:root:Errors over all scan:52

DEBUG:root:Result:tau3_fail
DEBUG:root:Match or Not:False
DEBUG:root:Real time1487801395.48

DEBUG:root:Extracted signature:bitarray('11110000000111111110000000111111110000001111111000000111111000000111110000001111100000110010001110010011000101001101111101100100010000011100000000111011101100000110011001000011010110100001111010100000111110100011111000011110100001100100011001001111100111101110110010010100')
DEBUG:root:Matched frame over all scan:1295

DEBUG:root:Errors over all scan:65

DEBUG:root:Result:tau3_fail
DEBUG:root:Match or Not:False
DEBUG:root:Real time1487801395.68

DEBUG:root:Extracted signature:bitarray('11111000000111111111000000111111110000000111111000000111111100000111010000001110100000110010001110010011000100111101111101100100010000011111000000111011101100000110011011000011010111100001111010100001111010000001111000011110100001100100011001001111100111101110110010000100')
DEBUG:root:Matched frame over all scan:1295

DEBUG:root:Errors over all scan:55

DEBUG:root:Result:tau3_fail
DEBUG:root:Match or Not:False
DEBUG:root:Real time1487801395.88

DEBUG:root:Extracted signature:bitarray('11100000100011111101000000011111010000000111111000000111011000000111110000001111100011110000011110010011000100001100111101110110010000011111000000111011001000000111010010000010011101000000111011011001111101000011111011001110101001100101011001001111100111000110111010000100')
DEBUG:root:Matched frame over all scan:1295

DEBUG:root:Errors over all scan:69

DEBUG:root:Result:tau3_fail
DEBUG:root:Match or Not:False
DEBUG:root:Real time1487801396.08

DEBUG:root:Extracted signature:bitarray('11101111000111001111111000111001111010000111011100010011101100011111001100111100000111110000111100001110001000001100011101111010000011111111000000111011101100000110011011000000111010100000111101110001110101000111101010011110101001100101011011001111100111100111010010010100')
DEBUG:root:Matched frame over all scan:1300

DEBUG:root:Errors over all scan:71

DEBUG:root:Result:tau3_fail
DEBUG:root:Match or Not:False
DEBUG:root:Real time1487801396.28

DEBUG:root:Extracted signature:bitarray('11101111000111001101111000111001011111001111001100000111101110011110001100111100000111100001111100001110000010001100011101111011100111111111000000111011100100100110101001000000001010100000011101100001110101100111101010011110101001100101011011001101100111100111011010010100')
DEBUG:root:Matched frame over all scan:1313

DEBUG:root:Errors over all scan:81

DEBUG:root:Result:tau3_fail
DEBUG:root:Match or Not:False
DEBUG:root:Real time1487801396.48

DEBUG:root:Extracted signature:bitarray('11111111000111111111111000011101111000100111011100010011101100011011000000111100000111110000111110001110001000001100111101111010010001111111000000111011101001000110111011000000011011100000111101110001110101000111101010011110101001100101011011001111100111101110010010010100')
DEBUG:root:Matched frame over all scan:1297

DEBUG:root:Errors over all scan:69

DEBUG:root:Result:tau3_fail
DEBUG:root:Match or Not:False
DEBUG:root:Real time1487801396.68

DEBUG:root:Extracted signature:bitarray('11101111000111001101111100111101111010000111011100000011101100001111001100111100010011100000111100001110000000011100011101111011101111111111000000111011101001000110101011000000111011100000111101100001110101000111101010011110101001100101011011001111100111101110011010010100')
DEBUG:root:Matched frame over all scan:1302

DEBUG:root:Errors over all scan:70

DEBUG:root:Result:tau3_fail
DEBUG:root:Match or Not:False
DEBUG:root:Real time1487801396.88

DEBUG:root:Extracted signature:bitarray('11111110000111101111111000111001111111001111011100100011101100110111101001101110001111110001111100001110000100111101111101111011000011111111000000111011101100100011011011000000111010100000001101110000110101000011101010011110101001110101011101001101100111100111011010010100')
DEBUG:root:Matched frame over all scan:1313

DEBUG:root:Errors over all scan:74

DEBUG:root:Result:tau3_fail
DEBUG:root:Match or Not:False
DEBUG:root:Real time1487801397.08

DEBUG:root:Extracted signature:bitarray('11111111000111111111111000011101111000000111011100010011101100011011000000111100000111110000111110001110000000001100011101111010010001111111000000111011101001000110011011000000011011100000111101110001110101000111101010011110101001100101011011001111100111101110010010010100')
DEBUG:root:Matched frame over all scan:1297

DEBUG:root:Errors over all scan:73

DEBUG:root:Result:tau3_fail
DEBUG:root:Match or Not:False
DEBUG:root:Real time1487801397.28

DEBUG:root:Extracted signature:bitarray('11101111000111001101111100111001111010001111011100000111101100011110001100111100000111110000111100001110001010001100011101111010000011111111000000111011101100100110101011000000111010100000110101100001110101000111101010011110101001100101011011001111100111101110010010010100')
DEBUG:root:Matched frame over all scan:1300

DEBUG:root:Errors over all scan:69

DEBUG:root:Result:tau3_fail
DEBUG:root:Match or Not:False
DEBUG:root:Real time1487801397.48

DEBUG:root:Extracted signature:bitarray('11101111000111001101111000111001011110001111011101000111101100011110001100111100000111100000111100001111001010001100011101111011000011111111000000111011101100100110101011000000011010100000011101100001110101000111101010011110101001100101011011001111100111101110010010010100')
DEBUG:root:Matched frame over all scan:1300

DEBUG:root:Errors over all scan:73

DEBUG:root:Result:tau3_fail
DEBUG:root:Match or Not:False
DEBUG:root:Real time1487801397.68

DEBUG:root:Extracted signature:bitarray('11101111000111011100111000111001011110001111001101100111101110001111001100111100001111100001111100001111000000011100111101111011100111111110000000111011100000000110011000000000001010000000011101110000111101100111101010011110101001110101011001001101100111100111011010010100')
DEBUG:root:Matched frame over all scan:1302

DEBUG:root:Errors over all scan:84

DEBUG:root:Result:tau3_fail
DEBUG:root:Match or Not:False
DEBUG:root:Real time1487801397.89

DEBUG:root:Extracted signature:bitarray('11101111000111011101111100111101011110001111001110000111001100001110001100111100010011100000111100001111011010001100011101111011000011111100000000111011001100000110101011000000111010100000110101100001110101000111101010011100101011100101011011001111100111001110010010010100')
DEBUG:root:Matched frame over all scan:1300

DEBUG:root:Errors over all scan:80

DEBUG:root:Result:tau3_fail
DEBUG:root:Match or Not:False
DEBUG:root:Real time1487801398.09

DEBUG:root:Extracted signature:bitarray('11101111000111011111111000111101111000000111011100010011101100001111000000111100000111110000111110001111001000001100011101111010000011111101000000111011001100000111011011000000011011100000111101100001110101000011101010011110101001100101011011001111100111101110010010010100')
DEBUG:root:Matched frame over all scan:1311

DEBUG:root:Errors over all scan:70

DEBUG:root:Result:tau3_fail
DEBUG:root:Match or Not:False
DEBUG:root:Real time1487801398.29

DEBUG:root:Extracted signature:bitarray('11111111000111011111111000111001111000000111011100010011101100010111001000111110000111110001111110001110001000001100011101111010000011111100000000111011001100000011011011000000011010100000111101100001111101000011101010011110101001110101011011001111100111100111010010010100')
DEBUG:root:Matched frame over all scan:1311

DEBUG:root:Errors over all scan:67

DEBUG:root:Result:tau3_fail
DEBUG:root:Match or Not:False
DEBUG:root:Real time1487801398.49

DEBUG:root:Extracted signature:bitarray('11101111000111011101111000111101111110000111011100000011001100001111001000111100000111100000111100001111011010001100011101111010000011111101000000111011001100000111111011000000011010100000111101100001110101000111101010011110101001100101011011001111100111101110010010010100')
DEBUG:root:Matched frame over all scan:1311

DEBUG:root:Errors over all scan:73

DEBUG:root:Result:tau3_fail
DEBUG:root:Match or Not:False
DEBUG:root:Real time1487801398.69

DEBUG:root:Extracted signature:bitarray('11101101000111011101101000111101111010001111011100000111001100010111001000111100000111100000111100001110011010001100011101111011100111111100000000111011001100000110111011000000011010100000111101100001110101000111101010011110101001100101011011001111100111100110010010010100')
DEBUG:root:Matched frame over all scan:1311

DEBUG:root:Errors over all scan:79

DEBUG:root:Result:tau3_fail
DEBUG:root:Match or Not:False
DEBUG:root:Real time1487801398.89

DEBUG:root:Extracted signature:bitarray('11111111000111001111101000111101111010001111011100000111101100010111001000111110000111110001111110001110010010001100011101111011100111111111000000111011001000000111111011000000011011100000011101100000111101000011101010011110101001110101011011001111100111100111010010010100')
DEBUG:root:Matched frame over all scan:1311

DEBUG:root:Errors over all scan:70

DEBUG:root:Result:tau3_fail
DEBUG:root:Match or Not:False
DEBUG:root:Under real time Point counter:0.219073057175

DEBUG:root:Extracted signature:bitarray('11111111000111001111111000111101111010001111011101000111101110010111001000111100000111100001111100001111000011011100011101111011101111111110000000111011001000000111111011000000011010000000011101100000111101000111101010011110101001110101011011001111100111100111011010010100')
DEBUG:root:Matched frame over all scan:1313

DEBUG:root:Errors over all scan:75

DEBUG:root:Result:tau3_fail
DEBUG:root:Match or Not:False
DEBUG:root:Real time1487801399.31

DEBUG:root:Extracted signature:bitarray('11111101000111011111111000111101111110000111011100000011101100011011000001111100000111110001111110001111111010011100111101111011000001111110000000111111101000000111101010000000111011100000011101110001111101000001101010010111101000111101001111001111100111101110010010010100')
DEBUG:root:Matched frame over all scan:1311

DEBUG:root:Errors over all scan:62

DEBUG:root:Result:tau3_fail
DEBUG:root:Match or Not:False
DEBUG:root:Real time1487801399.51

DEBUG:root:Extracted signature:bitarray('11111001000001111111000000001111111100000011111110000001111000000001110001100010100110001010001100000011111000111101111101111010010000000110000011011110111000001011100111000010111001110001011100110000011110110000111101000011110000011100001111001111100111101111011011010100')
DEBUG:root:Matched frame over all scan:1317

DEBUG:root:Errors over all scan:54

DEBUG:root:Result:tau3_fail
DEBUG:root:Match or Not:False
DEBUG:root:Real time1487801399.72

DEBUG:root:Extracted signature:bitarray('11111001000001111111000000001111111100000011111110000000111000000001110000000111100000111100001111101111100111100011000011100110010110100110000011011110111000001011100111000010011001100001001100110000001110110000111001000011100000111000111100001100101100101111011001111100')
DEBUG:root:Matched frame over all scan:1318

DEBUG:root:Errors over all scan:66

DEBUG:root:Result:tau3_fail
DEBUG:root:Match or Not:False
DEBUG:root:Real time1487801399.92

DEBUG:root:Extracted signature:bitarray('11111001000001111111000000001111111000000011111110000001111000000000010001100000100100100010001110010001100000111100111101111011010000000110000011011110111000001011100111000010111001100001001110110000011110110000111101000011110100011110000111100011100111100111011011010100')
DEBUG:root:Matched frame over all scan:1317

DEBUG:root:Errors over all scan:62

DEBUG:root:Result:tau3_fail
DEBUG:root:Match or Not:False
DEBUG:root:Real time1487801400.12

DEBUG:root:Extracted signature:bitarray('11111001000001111111000000001111111000000011111100000001111000000001110000000111100000011100000111101111100011000011000011001110011011100110000011111110111000001111100111000010111001100001011100110000011100110000111001000111000001111000111100001110101000111011111011010100')
DEBUG:root:Matched frame over all scan:1318

DEBUG:root:Errors over all scan:59

DEBUG:root:Result:tau3_fail
DEBUG:root:Match or Not:False
DEBUG:root:Real time1487801400.32

DEBUG:root:Extracted signature:bitarray('11111001000001111111000000001111111100000010111110000000011000000010010000000110100000111010001110011111100111100011000010000100010010100110000010011110111000001011100111000011111001100001110100110000111100110001111001000111100001111000111100001110101100111001100110010100')
DEBUG:root:Matched frame over all scan:1294

DEBUG:root:Errors over all scan:72

DEBUG:root:Result:tau3_fail
DEBUG:root:Match or Not:False
DEBUG:root:Real time1487801400.52

DEBUG:root:Extracted signature:bitarray('11111001000001111111000000001111110000000011111000000000011000000000010001000111100000111110000111101001111011110011100011000100110011100110000000001110111000001001100111000010111001100001001100110000001110110000011101000011100000011100011111001111001100101001000110010100')
DEBUG:root:Matched frame over all scan:1339

DEBUG:root:Errors over all scan:64

DEBUG:root:Result:tau3_fail
DEBUG:root:Match or Not:False
DEBUG:root:Real time1487801400.72

DEBUG:root:Extracted signature:bitarray('11110001000001111111000000001111110000000011111100000001111000000001110000000111100000111100000111101111100111000010000011100110010011100110000000011110111000001001100111000010011001100001001100110000011100110000111001000111000001111100111100001100101110101111010001001100')
DEBUG:root:Matched frame over all scan:1318

DEBUG:root:Errors over all scan:63

DEBUG:root:Result:tau3_fail
DEBUG:root:Match or Not:False
DEBUG:root:Real time1487801400.92

DEBUG:root:Extracted signature:bitarray('11110001000001111111000000001111110000000011111000000001011000000001010000000110100000110010011110001111100111000011000011100110010010100110000001011110111000001011100111000010111001100001011100110000011100110000111001001111000001111000111100001100111100101111010011010100')
DEBUG:root:Matched frame over all scan:1323

DEBUG:root:Errors over all scan:72

DEBUG:root:Result:tau3_fail
DEBUG:root:Match or Not:False
DEBUG:root:Real time1487801401.12

DEBUG:root:Extracted signature:bitarray('11110001000001111111000000001011110000000010111100000001111000000001010001000011100000111010000111000001111011111101111001100011001011100111000011011110111000001011100111000010111001110001001100110000011110110000111101000011100000111100001111001111101111001100110011011100')
DEBUG:root:Matched frame over all scan:1339

DEBUG:root:Errors over all scan:67

DEBUG:root:Result:tau3_fail
DEBUG:root:Match or Not:False
DEBUG:root:Real time1487801401.32

DEBUG:root:Extracted signature:bitarray('11111001000001111111000000001111111000000011111100000001011000000001010000000111100000111100011110001111000111000011000011100110011011100111000001001110111000001011100111000010011001110001001100110000001110110000111001000111100011111100111101001100101100101111010011010100')
DEBUG:root:Matched frame over all scan:1318

DEBUG:root:Errors over all scan:72

DEBUG:root:Result:tau3_fail
DEBUG:root:Match or Not:False
DEBUG:root:Real time1487801401.52

DEBUG:root:Extracted signature:bitarray('11111001000001111111000000001111111000000011111000000001111000000000010001000000100100001110001111100011111000111100111101111011111000000110000000001110111000001001100111000010011001110001001110110000001110110000111101000001100110001100000011100011100111100111001011010100')
DEBUG:root:Matched frame over all scan:1336

DEBUG:root:Errors over all scan:69

DEBUG:root:Result:tau3_fail
DEBUG:root:Match or Not:False
DEBUG:root:Real time1487801401.72

DEBUG:root:Extracted signature:bitarray('11111001000001111111000000001111111100000011111010000001111000000001110000000110100000110010000110001111000111000011000010000110010010100111000011001110111000001011100111000110111001110001111000110001111000110001110001000110000101110000111100001100101000101011011001001100')
DEBUG:root:Matched frame over all scan:1328

DEBUG:root:Errors over all scan:66

DEBUG:root:Result:tau3_fail
DEBUG:root:Match or Not:False
DEBUG:root:Real time1487801401.92

DEBUG:root:Extracted signature:bitarray('11111001000001111111000000001111110000000010111100000001111000000000010001100100100100010010000110000001110001111101111101111011100001100111000011011110111000001011100111000010011001110001001100110000001110110000001101110010110100010110000111000011100111100111011011010100')
DEBUG:root:Matched frame over all scan:1314

DEBUG:root:Errors over all scan:77

DEBUG:root:Result:tau3_fail
DEBUG:root:Match or Not:False
DEBUG:root:Real time1487801402.12

DEBUG:root:Extracted signature:bitarray('11111001000001111111000000001111110000000011111100000000011000000000010000000100100000111100000111101111101011100011000011111110011010100011000001011110111000001011100111000010011001110001001100110000001110110000111101100111100101111100111101001100101100101110110011010100')
DEBUG:root:Matched frame over all scan:1325

DEBUG:root:Errors over all scan:66

DEBUG:root:Result:tau3_fail
DEBUG:root:Match or Not:False
DEBUG:root:Real time1487801402.32

DEBUG:root:Extracted signature:bitarray('11101001000001111100000000001111111100000011111110000001011000000001110001000111100100111100100111001111100111100011100011001100010000000001000011011110111000011011100110000010111001110001001100111000011100011000111000100111100111111100111110101110001100111001100010010100')
DEBUG:root:Matched frame over all scan:1318

DEBUG:root:Errors over all scan:74

DEBUG:root:Result:tau3_fail
DEBUG:root:Match or Not:False
DEBUG:root:Real time1487801402.52

DEBUG:root:Extracted signature:bitarray('10110001000001111110000000001110100000000010111000000001011000000001010000000010100000011010000011110000011100100101110001110110010100000001000011011110111000011011100110000010111001100001011110100000011110001000111100100010110000010110000111100011100111110111101111000100')
DEBUG:root:Matched frame over all scan:1330

DEBUG:root:Errors over all scan:74

DEBUG:root:Result:tau3_fail
DEBUG:root:Match or Not:False
DEBUG:root:Real time1487801402.72

DEBUG:root:Extracted signature:bitarray('10110001000001111110000000000111101000000000111000000001111000000001010000000010100000011010000011110000111100111100111101111011111000000001000011011110111000011011100110000010111001100001001110100000001110011000111100100010110000111110001111100111100111100111011011010100')
DEBUG:root:Matched frame over all scan:1330

DEBUG:root:Errors over all scan:61

DEBUG:root:Result:tau3_fail
DEBUG:root:Match or Not:False
DEBUG:root:Real time1487801402.92

DEBUG:root:Extracted signature:bitarray('11111001000001111110000000001010110000000010111000000001011000000001010001000010100000001010000001111000011100011101111101111011101000000001000011011110111000001011100110000010011001000001001100100000011110011000111100100001110100011100000111100111100111100111011011011100')
DEBUG:root:Matched frame over all scan:1331

DEBUG:root:Errors over all scan:65

DEBUG:root:Result:tau3_fail
DEBUG:root:Match or Not:False
DEBUG:root:Real time1487801403.12

DEBUG:root:Extracted signature:bitarray('11110001000001111110000000001010110000000010111000000001011000000001010001000010100000001110000011111000111100011100111101110110010000000001000011011110111000011011100110000010111001000001001110100000011110001000111100100011100100011100001111100111100111100110011011000100')
DEBUG:root:Matched frame over all scan:1333

DEBUG:root:Errors over all scan:58

DEBUG:root:Result:tau3_fail
DEBUG:root:Match or Not:False
DEBUG:root:Real time1487801403.32

DEBUG:root:Extracted signature:bitarray('11100001000001111100000000001110110000000000111000000001011000000001010001000000100000001010000011111000111100111100111101111010010000010001000110001110011000001001100110000010011001000001001110100000001110001000111100110001100110011100000111100011100111100111011011000100')
DEBUG:root:Matched frame over all scan:1333

DEBUG:root:Errors over all scan:66

DEBUG:root:Result:tau3_fail
DEBUG:root:Match or Not:False
DEBUG:root:Real time1487801403.52

DEBUG:root:Extracted signature:bitarray('11101001000001111101000000000110010000000000111000000001111000000000110001000000100000000010010011111100111100111100111101111011010000010001000000101110011000001101100110000011011001000001101100100000001110000000111100110001100110011100000111100011100111100111011011010100')
DEBUG:root:Matched frame over all scan:1333

DEBUG:root:Errors over all scan:74

DEBUG:root:Result:tau3_fail
DEBUG:root:Match or Not:False
DEBUG:root:Real time1487801403.72

DEBUG:root:Extracted signature:bitarray('11100001000001111100000000001011011000000010111100000001011000000001110001100010100000001110000011111000111100011100111101111010000000000000000110011110111000011011100110000010011001100001001110100000011110001000111100110011100110011100000111100111100111100111011011000100')
DEBUG:root:Matched frame over all scan:1331

DEBUG:root:Errors over all scan:62

DEBUG:root:Result:tau3_fail
DEBUG:root:Match or Not:False
DEBUG:root:Real time1487801403.92

DEBUG:root:Extracted signature:bitarray('11100001000001111110000000001111110000000010111100000001011000000001010001000010100100011010000011111000111000111101111101111011101100010000000010011110111000011011100110000010111001100001001110110000011110000000111100110011100110011100000111100111100111100110011001010100')
DEBUG:root:Matched frame over all scan:1336

DEBUG:root:Errors over all scan:60

DEBUG:root:Result:tau3_fail
DEBUG:root:Match or Not:False
DEBUG:root:Real time1487801404.13

DEBUG:root:Extracted signature:bitarray('11100001000001111110000000001110110000000000111000000001111000000001110001000011100000011110000011111000111000111101111001100100010010110000000011011110111000001011100110000010011001100001001110110001001110100000111100110011100110011110001111100111100111000110110010010100')
DEBUG:root:Matched frame over all scan:1340

DEBUG:root:Errors over all scan:61

DEBUG:root:Result:tau3_fail
DEBUG:root:Match or Not:False
DEBUG:root:Real time1487801404.33

DEBUG:root:Extracted signature:bitarray('11100001000001111110000000001111100000000010111100000001111000000001110000000011100000001110000011111100111010111101110001100100010011110000000011011110111000011011100110000010011001100001001100110000011110100000111101100011100110111100001111100111100111000100110010010100')
DEBUG:root:Matched frame over all scan:1339

DEBUG:root:Errors over all scan:57

DEBUG:root:Result:tau3_fail
DEBUG:root:Match or Not:False
DEBUG:root:Real time1487801404.53

DEBUG:root:Extracted signature:bitarray('11100001000001111100000000001111100000000001111000000001111000000001110001000011100000011010000011111000111000111101111001100100010010100000000111011110111000011011100110000010011001100001001110110000011110100000111101100011100110011100001111100111100111000110110010010100')
DEBUG:root:Matched frame over all scan:1340

DEBUG:root:Errors over all scan:62

DEBUG:root:Result:tau3_fail
DEBUG:root:Match or Not:False
DEBUG:root:Real time1487801404.73

DEBUG:root:Extracted signature:bitarray('11100001000001111110000000001111100000000011111000000001111000000001110001000011100000011010000011111100111010111101111001100100010011110000000101011110101000001001100110000010011001100001001100110000001110100000111101100011100110011100001111100111110111100110110010010100')
DEBUG:root:Matched frame over all scan:1340

DEBUG:root:Errors over all scan:62

DEBUG:root:Result:tau3_fail
DEBUG:root:Match or Not:False
DEBUG:root:Real time1487801404.93

DEBUG:root:Extracted signature:bitarray('11100001000001111100000000001111000000000001111000000001110000000001110001000011100000011010000011111000111000111101111001100110010010100000000100001110100000001101100110000011011001100001101110110000001110110000111101100011110110011110000111100111110111100110110010010100')
DEBUG:root:Matched frame over all scan:1340

DEBUG:root:Errors over all scan:74

DEBUG:root:Result:tau3_fail
DEBUG:root:Match or Not:False
DEBUG:root:Real time1487801405.13

DEBUG:root:Extracted signature:bitarray('10011110111000110011110011001100111100000111001110000011101110000011101100000111000001011100001001101110011010001110001110011001101100101111111001100110111111100000100111111000111001111100111100111100111110101001111100101110110001100110111001101101110001010011101101010100')
DEBUG:root:Matched frame over all scan:1343

DEBUG:root:Errors over all scan:77

DEBUG:root:Result:tau3_fail
DEBUG:root:Match or Not:False
DEBUG:root:Real time1487801405.33

DEBUG:root:Extracted signature:bitarray('11011100110000110001100010001110011000000001101100000000011101000010011000000000100001000010000000010000111010111101111101111011101100011111100000000111111101000000111111010000001110000000000111000000000111000000001100000000011001000011010000010000001001101011001100100100')
DEBUG:root:Matched frame over all scan:1669

DEBUG:root:Errors over all scan:65

DEBUG:root:Result:tau3_fail
DEBUG:root:Match or Not:False
DEBUG:root:Real time1487801405.53

DEBUG:root:Extracted signature:bitarray('10011000010001110001000011011100110000011111001100001111100111100011101111000111011000001111000001111100000110000010000010001100101111110000000000010111000000000011111000000000111010001110100101011111011100111100111101100011110100011111000001110000111000011000011001101100')
DEBUG:root:Matched frame over all scan:1666

DEBUG:root:Errors over all scan:84

DEBUG:root:Result:tau3_fail
DEBUG:root:Match or Not:False
DEBUG:root:Real time1487801405.73

DEBUG:root:Extracted signature:bitarray('10011110011001110011110011001100111000110111011100000011101100100011101000000111000011111101011001101110011110000110000010000001101100000001111001110110000111001111100001111011111000111110111100111100111110111011111101111110110011101110111011101101110001010111001101010100')
DEBUG:root:Matched frame over all scan:1347

DEBUG:root:Errors over all scan:84

DEBUG:root:Result:tau3_fail
DEBUG:root:Match or Not:False
DEBUG:root:Real time1487801405.93

DEBUG:root:Extracted signature:bitarray('10011100011001110011100011001100111100010111011110000011101110000011101001100111000011011100111111001110011110000110000010000001101100101111111001100110111111100000100111111000111001111100111100111100111110001001111101101110110001110100111011101101110001110111001101010100')
DEBUG:root:Matched frame over all scan:1346

DEBUG:root:Errors over all scan:80

DEBUG:root:Result:tau3_fail
DEBUG:root:Match or Not:False
DEBUG:root:Real time1487801406.13

DEBUG:root:Extracted signature:bitarray('10011100110001110011100011001100111000000011011100000001101101000001011000000011100000001110001011101110011011001111001110011000100000011110000000000111100000000000111000000000001110000000000111000000000111000000001100000000111000000111000001010000001000101001000100101100')
DEBUG:root:Matched frame over all scan:1667

DEBUG:root:Errors over all scan:71

DEBUG:root:Result:tau2_fail
DEBUG:root:Match or Not:False
DEBUG:root:Real time1487801406.33

DEBUG:root:Extracted signature:bitarray('10011000000001110011000000001110110000000111101100000011101100000111011000010000100011000110111001111100000110000010000010000100010011110000000000000111000000000000111000000000001110000000000011000000111100001101111101000011101000011101000011110000011000011100010011011100')
DEBUG:root:Matched frame over all scan:1666

DEBUG:root:Errors over all scan:71

DEBUG:root:Result:tau3_fail
DEBUG:root:Match or Not:False
DEBUG:root:Real time1487801406.53

DEBUG:root:Extracted signature:bitarray('10011111110001110011111110011100111110000110001111100011001111100011001011000110001001110100001000101110000110000010000110000001101101110000111100011110000111100010100001111000101000011100011000011110011000111000111101111111110111111100111111101111110111110111001101010100')
DEBUG:root:Matched frame over all scan:2257

DEBUG:root:Errors over all scan:82

DEBUG:root:Result:tau3_fail
DEBUG:root:Match or Not:False
DEBUG:root:Real time1487801406.73

DEBUG:root:Extracted signature:bitarray('10011100011001110011100011001100111100110111011110000111001110000011001001100000100111000000111000001110001110000110000010000001101100001111111110000110111111110000100111111000111001111100011100111110111110101101111100101110110011100110111011101101110001010011001101010100')
DEBUG:root:Matched frame over all scan:1350

DEBUG:root:Errors over all scan:76

DEBUG:root:Result:tau3_fail
DEBUG:root:Match or Not:False
DEBUG:root:Real time1487801406.93

DEBUG:root:Extracted signature:bitarray('11000101110111111000101100111110011001001100001110001111101111001111101110011000111001000011100000011000000100000110000110000100011111111100001100111010100001101111010000011111100000001111100001100011100011000111000110111100010110000010100000100000010000010000110011011100')
DEBUG:root:Matched frame over all scan:1352

DEBUG:root:Errors over all scan:78

DEBUG:root:Result:tau3_fail
DEBUG:root:Match or Not:False
DEBUG:root:Real time1487801407.13

DEBUG:root:Extracted signature:bitarray('11000000101111111001000101111110010000111110011110011111101111001110001110011000111110000011110000111000001100000110000010000100011011111100000100111010100000101110011000011111100011100111100001100011100011101110000110111000010110000011000000100000010000010000110011010100')
DEBUG:root:Matched frame over all scan:319

DEBUG:root:Errors over all scan:79

DEBUG:root:Result:tau3_fail
DEBUG:root:Match or Not:False
DEBUG:root:Real time1487801407.33

DEBUG:root:Extracted signature:bitarray('11000001100111111000000101110110000000011111011110011111101111011110001110110000111110000011110000011000001100000110000010000100011011111100000100111011100000101110011000011111100011000111100001100011000011001110000110111000010110000011000000100000010000010000110011010100')
DEBUG:root:Matched frame over all scan:252

DEBUG:root:Errors over all scan:76

DEBUG:root:Result:tau3_fail
DEBUG:root:Match or Not:False
DEBUG:root:Real time1487801407.53

DEBUG:root:Extracted signature:bitarray('11000000101100011001000011100010111100110000011111011100101111001100011111011000111100000011000000010000000100000010000010000100011111101100000111100010100000111100011100011110000011001111000001101111000011111100000111100000011100101010001000100000010100011000110011010100')
DEBUG:root:Matched frame over all scan:2106

DEBUG:root:Errors over all scan:82

DEBUG:root:Result:tau3_fail
DEBUG:root:Match or Not:False
DEBUG:root:Real time1487801407.74

DEBUG:root:Extracted signature:bitarray('11000001101100011000000101000010000101110000011111111000001111011100101110110001111010000111000000010000000100000010110001111011101000011100101111100010100101111100011000011110000011100111000001100111100011101110000111110000011110010011000100100000010110011110111010010100')
DEBUG:root:Matched frame over all scan:1594

DEBUG:root:Errors over all scan:81

DEBUG:root:Result:tau3_fail
DEBUG:root:Match or Not:False
DEBUG:root:Real time1487801407.94

DEBUG:root:Extracted signature:bitarray('11000011100100011000111110000010001101100000000110111000101110011100101110110000111110000011100000011000000100000010111101111011100000011100111111100010100101111100011000011111000011100111000001100011100011100110000101111000010110001010100000101100010110011110111010010100')
DEBUG:root:Matched frame over all scan:2016

DEBUG:root:Errors over all scan:80

DEBUG:root:Result:tau3_fail
DEBUG:root:Match or Not:False
DEBUG:root:Real time1487801408.14

DEBUG:root:Extracted signature:bitarray('11000111101100011000111100000010001111100000100011111000100111111000101110110001111110000011110000011000000100000010000000111011101100001100111011100010100101111100010000011110000101000111000001100111000011001110000111110000010110000010100000101000010110011110111010010100')
DEBUG:root:Matched frame over all scan:528

DEBUG:root:Errors over all scan:75

DEBUG:root:Result:tau3_fail
DEBUG:root:Match or Not:False
DEBUG:root:Real time1487801408.34

DEBUG:root:Extracted signature:bitarray('11000101111100011000111111000010001111100000100111110000100111110000101111110001111110000011110000010000000100000010000000111011101000011100111111100010100101111100010000011110000101100111000001100111000011101100000111110000010110000010000000101100010110011110111010010100')
DEBUG:root:Matched frame over all scan:528

DEBUG:root:Errors over all scan:70

DEBUG:root:Result:tau3_fail
DEBUG:root:Match or Not:False
DEBUG:root:Real time1487801408.54

DEBUG:root:Extracted signature:bitarray('11000111111100011000111110000010001111100001001111111000101111011000101110000000111100001011000001010000000100110100011100111011010000001100111111100010100101111100010001101111000101110011100001110011000011101110000101111001011011000010011000101110010111011110101010010100')
DEBUG:root:Matched frame over all scan:432

DEBUG:root:Errors over all scan:80

DEBUG:root:Result:tau2_fail
DEBUG:root:Match or Not:False
DEBUG:root:Real time1487801408.74

DEBUG:root:Extracted signature:bitarray('11000111110000011000111110000010001111100000001111110000101111100000111110000000111000000011000000010000110100011100011101111010010000011101110111100010100100111000010001001110000001110111000001111110000011101100100110110010010011100010011100100111010111011110101010010100')
DEBUG:root:Matched frame over all scan:408

DEBUG:root:Errors over all scan:73

DEBUG:root:Result:tau3_fail
DEBUG:root:Match or Not:False
DEBUG:root:Real time1487801408.94

DEBUG:root:Extracted signature:bitarray('10001000001111110000000001111110011000111111001100011111101100011111101011111111011111111101111001101100011000100011100010000100011111110000000001001111000001001100101000001111101011100111100101100111001101001110011011111001101111101101011101001110000110011000110011101100')
DEBUG:root:Matched frame over all scan:1557

DEBUG:root:Errors over all scan:84

DEBUG:root:Result:tau3_fail
DEBUG:root:Match or Not:False
DEBUG:root:Real time1487801409.14

DEBUG:root:Extracted signature:bitarray('10000000001111110000000001111110010000011111001100011111101100011111101011111111011111111101111001101000011100100011100010000100011111110000000001001111000000001100101000000111101011100111110101100111100101001110011010111001101111100101011001001110000110011000110001101100')
DEBUG:root:Matched frame over all scan:1557

DEBUG:root:Errors over all scan:80

DEBUG:root:Result:tau3_fail
DEBUG:root:Match or Not:False
DEBUG:root:Real time1487801409.34

DEBUG:root:Extracted signature:bitarray('10000000001111110000000011111100010000111111011100011111101100011111101011111111001111111101111101101001011101010001110001100011001111010000000001000111000001111100001000001111100010100111110001000111110001011111111011110011101100011101000111011110001110001100011011010100')
DEBUG:root:Matched frame over all scan:1586

DEBUG:root:Errors over all scan:88

DEBUG:root:Result:tau3_fail
DEBUG:root:Match or Not:False
DEBUG:root:Real time1487801409.54

DEBUG:root:Extracted signature:bitarray('10000001011111110000001011111100000001111111000100111111101110111111101011111111001111001101110001111000001100000010000010100011101111110000001011000111000001111100001000001111100000000111110000001111111000011110111001110001101100001100000011001001110100110101001110010100')
DEBUG:root:Matched frame over all scan:1365

DEBUG:root:Errors over all scan:79

DEBUG:root:Result:tau3_fail
DEBUG:root:Match or Not:False
DEBUG:root:Real time1487801409.74

DEBUG:root:Extracted signature:bitarray('10000000011111110000000111111100000000111111000000011111100100011111101001111111001111011101110001111000001100000010000010100011101111110000001011000110000001111100010000001111100100000111110000000111111000011110011001110001101100001101000011011001101100100101001111010100')
DEBUG:root:Matched frame over all scan:1368

DEBUG:root:Errors over all scan:76

DEBUG:root:Result:tau3_fail
DEBUG:root:Match or Not:False
DEBUG:root:Under real time Point counter:0.209645032883

DEBUG:root:Extracted signature:bitarray('10000001001111110000001001110100000001111111000000111111100100011111101001111111001111001101110000111000001100000010000010100011101111110000000011000110000001111100010000001111100101000111110000100111111000011110011011110001101100001101000011011001101100100101001111010100')
DEBUG:root:Matched frame over all scan:1368

DEBUG:root:Errors over all scan:72

DEBUG:root:Result:tau3_fail
DEBUG:root:Match or Not:False
DEBUG:root:Real time1487801410.15

DEBUG:root:Extracted signature:bitarray('10000001101111110000001001111000000000111111000000111111100100011111101011111111001111001101100001111000000100000010000010100011101111110000001111000110000001111100010000001111100101000111110000000111111000011110011011110001101100001101000011011001101100100101001111010100')
DEBUG:root:Matched frame over all scan:1368

DEBUG:root:Errors over all scan:73

DEBUG:root:Result:tau3_fail
DEBUG:root:Match or Not:False
DEBUG:root:Real time1487801410.35

DEBUG:root:Extracted signature:bitarray('11000000101111110000000001111100000000111111000000011111100000011111100001111111001111100101110000111000011100000010000011100011111111110000000111000110000001111100100100000111100001000011110000100011111000001111011011111000101110001101000011000001100100100101101011111100')
DEBUG:root:Matched frame over all scan:252

DEBUG:root:Errors over all scan:79

DEBUG:root:Result:tau3_fail
DEBUG:root:Match or Not:False
DEBUG:root:Real time1487801410.55

DEBUG:root:Extracted signature:bitarray('11111110000110011111110000110011110000001100110000000111010000000111110000001111100000111110000110010000100100011100011100111001101100001100111100100100111111100000100111110011101011110000111101100000111101000001111010000110101000110011000100110001011000100001001100101100')
DEBUG:root:Matched frame over all scan:1370

DEBUG:root:Errors over all scan:68

DEBUG:root:Result:replica detected
DEBUG:root:Match or Not:True
DEBUG:root:Real time1487801410.76

DEBUG:root:Extracted signature:bitarray('11111110000110011111110000110001110000001100110000000111110000000111110000001111100000111110000110010001100100011100011100111001101100011100111000100100111111100000100111110011111011110001111101100001111101000001111010000110101000110011000100110001001001100001001100101100')
DEBUG:root:Matched frame over all scan:1370

DEBUG:root:Errors over all scan:66

DEBUG:root:Result:tau3_fail
DEBUG:root:Match or Not:False
DEBUG:root:Real time1487801410.96

DEBUG:root:Extracted signature:bitarray('11111000001110011111100001110011100000011100110000001111010000000111110000001111100000111110000110010001100100011100011100111001101100011100111000100100111111100100000111100011110011110001111001100001111101000001111110000100011000110011000100110001011001100001001100101100')
DEBUG:root:Matched frame over all scan:1369

DEBUG:root:Errors over all scan:75

DEBUG:root:Result:tau3_fail
DEBUG:root:Match or Not:False
DEBUG:root:Real time1487801411.16

DEBUG:root:Extracted signature:bitarray('11110010011110001110011110110001100011011100000001101111000001100110100011001111001100111001110110001101110010011100001100011001101111010110111000000100111111000000100111110001101011110001111101110000111011100001110110000110011000110011000100110000011000010001001100101100')
DEBUG:root:Matched frame over all scan:808

DEBUG:root:Errors over all scan:86

DEBUG:root:Result:tau3_fail
DEBUG:root:Match or Not:False
DEBUG:root:Real time1487801411.36

DEBUG:root:Extracted signature:bitarray('11111111000000011111101000000111100010000000100110000000010110000100011110001100111000110001100110001000111000011100001100011011101111111111111000000010111111000000011111100001100111100001110011100000110011000001100110000110011000010011000000110000110000100011001100101100')
DEBUG:root:Matched frame over all scan:2084

DEBUG:root:Errors over all scan:65

DEBUG:root:Result:replica detected
DEBUG:root:Match or Not:True
DEBUG:root:Real time1487801411.56

DEBUG:root:Extracted signature:bitarray('11111110000000111111100000000111100010000000100011000100010011000100010110001000111100110001100110001101111010011100001100011011101111111111111000000010111111000000011111100001000111110001110011110000110011000001100110000110011000010011000001110000110000100011001100101100')
DEBUG:root:Matched frame over all scan:2085

DEBUG:root:Errors over all scan:70

DEBUG:root:Result:tau2_fail
DEBUG:root:Match or Not:False
DEBUG:root:Real time1487801411.76

DEBUG:root:Extracted signature:bitarray('11111111000000011111110000001101111000000011100110000110010010000110010000001100101000110011000111000000111100001110001110011001101111111111111000000100111111000001100111110000001011110000100111110000110011000001100110000010011000000011000001110000110000110001001100101100')
DEBUG:root:Matched frame over all scan:2084

DEBUG:root:Errors over all scan:64

DEBUG:root:Result:replica detected
DEBUG:root:Match or Not:True
DEBUG:root:Real time1487801411.96

DEBUG:root:Extracted signature:bitarray('11111111000000011111110000000011100100000000110000000110010000000110010000001100100000110010000110010000111100001110001100011001101111101111111000000100111111000000100111110000001011110000100011110000110011000001100110000110011000010011000000110000111000100001001100101100')
DEBUG:root:Matched frame over all scan:2084

DEBUG:root:Errors over all scan:57

DEBUG:root:Result:replica detected
DEBUG:root:Match or Not:True
DEBUG:root:Real time1487801412.16

DEBUG:root:Extracted signature:bitarray('11111111000000011111110000010011111100000100110010000010010000000110010000001110100000111010000011010000111100001110000110001001101111100111111100000100111111000001100111110000001011111000100111111000110011100001100110000010011000010011000001110000111000100001001100101100')
DEBUG:root:Matched frame over all scan:2084

DEBUG:root:Errors over all scan:61

DEBUG:root:Result:replica detected
DEBUG:root:Match or Not:True
