DEBUG:root:Under real time Point 1486589541.03

DEBUG:root:Under real time Point 0.265785932541

DEBUG:root:Real time1486589541.4

DEBUG:root:Real time1486589541.5

DEBUG:root:Real time1486589541.61

DEBUG:root:Real time1486589541.71

DEBUG:root:Real time1486589541.81

DEBUG:root:Real time1486589541.91

DEBUG:root:Real time1486589542.01

DEBUG:root:Real time1486589542.11

DEBUG:root:Real time1486589542.21

DEBUG:root:Real time1486589542.31

DEBUG:root:Real time1486589542.41

DEBUG:root:Real time1486589542.51

DEBUG:root:Real time1486589542.61

DEBUG:root:Real time1486589542.71

DEBUG:root:Real time1486589542.81

DEBUG:root:Real time1486589542.91

DEBUG:root:Real time1486589543.01

DEBUG:root:Real time1486589543.11

DEBUG:root:Real time1486589543.22

DEBUG:root:Real time1486589543.32

DEBUG:root:Real time1486589543.42

DEBUG:root:Real time1486589543.52

DEBUG:root:Real time1486589543.62

DEBUG:root:Real time1486589543.72

DEBUG:root:Real time1486589543.82

DEBUG:root:Real time1486589543.92

DEBUG:root:Real time1486589544.02

DEBUG:root:Real time1486589544.12

DEBUG:root:Real time1486589544.22

DEBUG:root:Real time1486589544.32

DEBUG:root:Real time1486589544.42

DEBUG:root:Real time1486589544.52

DEBUG:root:Real time1486589544.62

DEBUG:root:Real time1486589544.73

DEBUG:root:Real time1486589544.83

DEBUG:root:Real time1486589544.93

DEBUG:root:Real time1486589545.03

DEBUG:root:Real time1486589545.13

DEBUG:root:Real time1486589545.23

DEBUG:root:Real time1486589545.33

DEBUG:root:Real time1486589545.43

DEBUG:root:Real time1486589545.53

DEBUG:root:Real time1486589545.63

DEBUG:root:Real time1486589545.73

DEBUG:root:Real time1486589545.83

DEBUG:root:Real time1486589545.93

DEBUG:root:Real time1486589546.03

DEBUG:root:Real time1486589546.13

DEBUG:root:Under real time point 0.104443073273

DEBUG:root:Under real time point 0.102481126785

DEBUG:root:Under real time point 0.108025074005

DEBUG:root:Under real time point 0.106761932373

DEBUG:root:Under real time point 0.108946084976

DEBUG:root:Under real time point 0.109513044357

DEBUG:root:Under real time point 0.108035087585

DEBUG:root:Under real time point 0.104846954346

DEBUG:root:Under real time Point 0.130852937698

DEBUG:root:Under real time Point 0.111250162125

DEBUG:root:Under real time point 0.105065107346

DEBUG:root:Under real time point 0.106531143188

DEBUG:root:Under real time point 0.107722997665

DEBUG:root:Under real time point 0.106576919556

DEBUG:root:Under real time point 0.103734970093

DEBUG:root:Under real time point 0.103816986084

DEBUG:root:Under real time Point 0.110627174377

DEBUG:root:Under real time Point 0.111402988434

DEBUG:root:Under real time point 0.10485291481

DEBUG:root:Under real time point 0.108170986176

DEBUG:root:Under real time Point 0.1102039814

DEBUG:root:Under real time Point 0.114004850388

DEBUG:root:Under real time Point 0.116878986359

DEBUG:root:Under real time Point 0.116931915283

DEBUG:root:Under real time point 0.10425901413

DEBUG:root:Under real time point 0.106837034225

DEBUG:root:Under real time point 0.10932803154

DEBUG:root:Under real time Point 0.110071897507

DEBUG:root:Under real time point 0.109439134598

DEBUG:root:Under real time Point 0.140532016754

DEBUG:root:Under real time point 0.106242179871

DEBUG:root:Under real time point 0.109846115112

DEBUG:root:Under real time point 0.105854034424

DEBUG:root:Under real time point 0.109831094742

DEBUG:root:Under real time point 0.109107017517

DEBUG:root:Under real time point 0.109206914902

DEBUG:root:Under real time point 0.109447956085

DEBUG:root:Under real time point 0.109538078308

DEBUG:root:Under real time point 0.107321977615

DEBUG:root:Under real time point 0.108617067337

DEBUG:root:Under real time Point 0.142062902451

DEBUG:root:Under real time point 0.107972145081

DEBUG:root:Under real time point 0.106199026108

DEBUG:root:Under real time point 0.109586000443

DEBUG:root:Under real time Point 0.112174987793

DEBUG:root:Under real time point 0.107270956039

DEBUG:root:Under real time point 0.104218006134

DEBUG:root:Under real time Point 0.111773967743

DEBUG:root:Under real time point 0.10845708847

DEBUG:root:Under real time Point 0.110539913177

DEBUG:root:Under real time Point 0.111204147339

DEBUG:root:Under real time Point 0.110741853714

DEBUG:root:Under real time point 0.103972911835

DEBUG:root:Under real time point 0.105209112167

DEBUG:root:Under real time point 0.108281135559

DEBUG:root:Under real time point 0.105260133743

DEBUG:root:Under real time Point 0.110458135605

DEBUG:root:Under real time Point 0.114204883575

DEBUG:root:Under real time Point 0.11315202713

DEBUG:root:Under real time Point 0.110277175903

DEBUG:root:Under real time Point 0.11242389679

DEBUG:root:Under real time Point 0.113548994064

DEBUG:root:Under real time Point 0.110066890717

DEBUG:root:Under real time point 0.107753992081

DEBUG:root:Under real time point 0.1087911129

DEBUG:root:Under real time point 0.106595993042

DEBUG:root:Under real time point 0.104393959045

DEBUG:root:Under real time Point 0.111598968506

DEBUG:root:Under real time Point 0.111051082611

DEBUG:root:Under real time Point 0.112794160843

DEBUG:root:Under real time point 0.103923797607

DEBUG:root:Under real time point 0.10733795166

DEBUG:root:Under real time point 0.108019113541

DEBUG:root:Under real time point 0.109713792801

DEBUG:root:Under real time point 0.105358123779

DEBUG:root:Under real time Point 0.138715982437

DEBUG:root:Under real time point 0.109289169312

DEBUG:root:Under real time point 0.106407880783

DEBUG:root:Under real time Point 0.111274003983

DEBUG:root:Under real time point 0.105762004852

DEBUG:root:Under real time point 0.109302997589

DEBUG:root:Under real time Point 0.11310005188

DEBUG:root:Under real time point 0.107664108276

DEBUG:root:Under real time Point 0.11469912529

DEBUG:root:Under real time Point 0.136431932449

DEBUG:root:Under real time Point 0.111551046371

DEBUG:root:Under real time Point 0.111866950989

DEBUG:root:Under real time point 0.106670856476

DEBUG:root:Under real time Point 0.111416816711

DEBUG:root:Under real time Point 0.115697145462

DEBUG:root:Under real time point 0.109789133072

DEBUG:root:Under real time Point 0.114481925964

DEBUG:root:Under real time point 0.103931903839

DEBUG:root:Under real time Point 0.121198177338

DEBUG:root:Under real time point 0.109977960587

DEBUG:root:Under real time point 0.109065055847

DEBUG:root:Under real time Point 0.112658023834

DEBUG:root:Under real time point 0.104025840759

DEBUG:root:Under real time point 0.109643936157

DEBUG:root:Under real time Point 0.11018705368

DEBUG:root:Under real time point 0.109709978104

DEBUG:root:Under real time Point 0.117216825485

DEBUG:root:Under real time Point 0.115047216415

DEBUG:root:Under real time Point 0.129557132721

DEBUG:root:Under real time Point 0.11018204689

DEBUG:root:Under real time point 0.10980796814

DEBUG:root:Under real time point 0.10807299614

DEBUG:root:Under real time point 0.105754852295

DEBUG:root:Under real time point 0.105298042297

DEBUG:root:Under real time Point 0.110451936722

DEBUG:root:Too small detection probably wrong
DEBUG:root:Under real time Point 0.0488350391388

DEBUG:root:Under real time Point 0.125299930573

DEBUG:root:Too small detection probably wrong
DEBUG:root:Under real time Point 0.0592000484467

DEBUG:root:Too small detection probably wrong
DEBUG:root:Under real time Point 0.0515809059143

DEBUG:root:Under real time Point 0.118660926819

DEBUG:root:Under real time Point 0.112758159637

DEBUG:root:Under real time point 0.105307102203

DEBUG:root:Under real time point 0.108464956284

DEBUG:root:Under real time Point 0.110944986343

DEBUG:root:Under real time point 0.105876922607

DEBUG:root:Under real time Point 0.110126018524

DEBUG:root:Under real time point 0.10909485817

DEBUG:root:Under real time point 0.107411146164

DEBUG:root:Under real time Point 0.134027957916

DEBUG:root:Under real time point 0.105696201324

DEBUG:root:Under real time point 0.108743906021

DEBUG:root:Under real time point 0.106304168701

DEBUG:root:Under real time Point 0.112907886505

DEBUG:root:Under real time point 0.106230974197

DEBUG:root:Under real time point 0.104135036469

DEBUG:root:Under real time Point 0.112156867981

DEBUG:root:Too small detection probably wrong
DEBUG:root:Under real time Point 0.0707049369812

DEBUG:root:Under real time point 0.109997034073

DEBUG:root:Under real time point 0.108896017075

DEBUG:root:Under real time point 0.108911991119

DEBUG:root:Under real time Point 0.111131191254

DEBUG:root:Under real time point 0.106617927551

DEBUG:root:Under real time Point 0.116157054901

DEBUG:root:Under real time point 0.109711170197

DEBUG:root:Under real time Point 0.115307092667

DEBUG:root:Under real time point 0.107638120651

DEBUG:root:Under real time point 0.104984998703

DEBUG:root:Under real time point 0.105113983154

DEBUG:root:Under real time Point 0.11133813858

DEBUG:root:Under real time Point 0.142529010773

DEBUG:root:Under real time point 0.106447935104

DEBUG:root:Under real time point 0.106760978699

DEBUG:root:Under real time point 0.109179019928

DEBUG:root:Under real time Point 0.110607147217

DEBUG:root:Under real time point 0.102094173431

DEBUG:root:Under real time point 0.103877067566

DEBUG:root:Under real time point 0.10956788063

DEBUG:root:Under real time point 0.106070041656

DEBUG:root:Under real time point 0.104063987732

DEBUG:root:Under real time Point 0.113811016083

DEBUG:root:Under real time Point 0.110612869263

DEBUG:root:Under real time Point 0.13701415062

DEBUG:root:Under real time point 0.107074975967

DEBUG:root:Under real time Point 0.110038995743

DEBUG:root:Under real time point 0.108914852142

DEBUG:root:Under real time point 0.107619047165

DEBUG:root:Under real time point 0.108484983444

DEBUG:root:Under real time point 0.107250928879

DEBUG:root:Under real time point 0.104897022247

DEBUG:root:Under real time point 0.10599398613

DEBUG:root:Under real time Point 0.110255002975

DEBUG:root:Under real time point 0.107922077179

DEBUG:root:Under real time point 0.104845046997

DEBUG:root:Under real time point 0.109609127045

DEBUG:root:Under real time point 0.10765504837

DEBUG:root:Under real time point 0.10614490509

DEBUG:root:Under real time point 0.105957984924

DEBUG:root:Under real time point 0.104114055634

DEBUG:root:Under real time Point 0.111254930496

DEBUG:root:Under real time point 0.105709075928

DEBUG:root:Under real time point 0.108850002289

DEBUG:root:Under real time point 0.102741003036

DEBUG:root:Under real time point 0.106873989105

DEBUG:root:Under real time point 0.104273796082

DEBUG:root:Under real time Point 0.111070156097

DEBUG:root:Under real time point 0.109178781509

DEBUG:root:Under real time point 0.104445934296

DEBUG:root:Under real time point 0.104462146759

DEBUG:root:Under real time Point 0.111532926559

DEBUG:root:Under real time point 0.106296062469

DEBUG:root:Under real time point 0.106910943985

DEBUG:root:Under real time Point 0.112267971039

DEBUG:root:Under real time point 0.105455160141

DEBUG:root:Under real time point 0.103872060776

DEBUG:root:Under real time Point 0.113035917282

DEBUG:root:Under real time Point 0.110846042633

DEBUG:root:Under real time Point 0.111845016479

DEBUG:root:Under real time Point 0.112301111221

DEBUG:root:Under real time Point 0.112798929214

DEBUG:root:Under real time Point 0.113632202148

DEBUG:root:Under real time Point 0.117298841476

DEBUG:root:Under real time Point 0.110105037689

DEBUG:root:Under real time Point 0.117014169693

DEBUG:root:Under real time Point 0.112736940384

DEBUG:root:Under real time Point 0.11190199852

DEBUG:root:Under real time Point 0.115447044373

DEBUG:root:Under real time Point 0.11793589592

DEBUG:root:Under real time Point 0.112420082092

DEBUG:root:Under real time point 0.109668970108

DEBUG:root:Under real time Point 0.113451004028

DEBUG:root:Under real time point 0.10738492012

DEBUG:root:Under real time point 0.108217000961

DEBUG:root:Under real time point 0.106758117676

DEBUG:root:Under real time point 0.103504896164

DEBUG:root:Under real time point 0.105485916138

DEBUG:root:Under real time point 0.106910943985

DEBUG:root:Under real time Point 0.111183166504

DEBUG:root:Under real time Point 0.135448932648

DEBUG:root:Under real time point 0.10687994957

DEBUG:root:Under real time point 0.10903096199

DEBUG:root:Under real time point 0.104476928711

DEBUG:root:Under real time point 0.103974103928

DEBUG:root:Under real time point 0.108496189117

DEBUG:root:Under real time Point 0.111356973648

DEBUG:root:Under real time Point 0.112098932266

DEBUG:root:Under real time Point 0.136070013046

DEBUG:root:Under real time Point 0.111335992813

DEBUG:root:Under real time point 0.109940052032

DEBUG:root:Under real time point 0.107366085052

DEBUG:root:Under real time point 0.111230134964

DEBUG:root:Under real time Point 0.111795902252

DEBUG:root:Under real time point 0.108458995819

DEBUG:root:Under real time point 0.102144002914

DEBUG:root:Under real time Point 0.113399028778

DEBUG:root:Under real time point 0.104969024658

DEBUG:root:Under real time point 0.106683015823

DEBUG:root:Under real time point 0.106849908829

DEBUG:root:Under real time point 0.10946893692

DEBUG:root:Under real time point 0.107245206833

DEBUG:root:Under real time Point 0.110403060913

DEBUG:root:Under real time point 0.109823942184

DEBUG:root:Under real time point 0.105584144592

DEBUG:root:Under real time point 0.104044914246

DEBUG:root:Under real time point 0.108602046967

DEBUG:root:Under real time Point 0.110435009003

DEBUG:root:Under real time Point 0.110780000687

DEBUG:root:Under real time point 0.108495950699

DEBUG:root:Under real time point 0.103686094284

DEBUG:root:Under real time point 0.107807159424

DEBUG:root:Under real time point 0.102411031723

DEBUG:root:Under real time point 0.105041027069

DEBUG:root:Under real time point 0.107054948807

DEBUG:root:Under real time Point 0.114511966705

DEBUG:root:Under real time point 0.105417013168

DEBUG:root:Under real time point 0.107741117477

DEBUG:root:Under real time point 0.108226060867

DEBUG:root:Too small detection probably wrong
DEBUG:root:Under real time Point 0.0625710487366

DEBUG:root:Under real time Point 0.111374139786

DEBUG:root:Under real time point 0.105540037155

DEBUG:root:Under real time point 0.105129957199

DEBUG:root:Under real time Point 0.110788106918

DEBUG:root:Under real time point 0.106333017349

DEBUG:root:Under real time point 0.106492042542

DEBUG:root:Under real time Point 0.112495183945

DEBUG:root:Under real time point 0.109205007553

DEBUG:root:Under real time point 0.106846094131

DEBUG:root:Under real time point 0.103163957596

DEBUG:root:Under real time Point 0.110586881638

DEBUG:root:Under real time point 0.107368946075

DEBUG:root:Under real time point 0.105142831802

DEBUG:root:Under real time point 0.103595972061

DEBUG:root:Under real time Point 0.11061501503

DEBUG:root:Under real time Point 0.110641956329

DEBUG:root:Under real time point 0.106718063354

DEBUG:root:Under real time point 0.104265928268

DEBUG:root:Under real time point 0.108267068863

DEBUG:root:Under real time point 0.107033967972

DEBUG:root:Under real time Point 0.111958026886

DEBUG:root:Under real time Point 0.117326974869

DEBUG:root:Under real time Point 0.110183000565

DEBUG:root:Under real time Point 0.116843938828

DEBUG:root:Under real time point 0.10914683342

DEBUG:root:Under real time Point 0.111391782761

DEBUG:root:Under real time Point 0.11477804184

DEBUG:root:Under real time point 0.108448982239

DEBUG:root:Under real time point 0.108970165253

DEBUG:root:Under real time Point 0.114758014679

DEBUG:root:Under real time Point 0.117137908936

DEBUG:root:Under real time Point 0.110360860825

DEBUG:root:Under real time Point 0.110722064972

DEBUG:root:Under real time Point 0.113653182983

DEBUG:root:Under real time Point 0.124371051788

DEBUG:root:Under real time Point 0.113460063934

DEBUG:root:Under real time Point 0.111280918121

DEBUG:root:Under real time Point 0.11404800415

DEBUG:root:Under real time Point 0.117628097534

DEBUG:root:Under real time Point 0.113924980164

DEBUG:root:Under real time Point 0.117270946503

DEBUG:root:Under real time Point 0.110068798065

DEBUG:root:Under real time Point 0.119239091873

DEBUG:root:Under real time point 0.109652996063

DEBUG:root:Under real time Point 0.112936973572

DEBUG:root:Under real time point 0.10484290123

DEBUG:root:Under real time point 0.105023860931

DEBUG:root:Under real time Point 0.110711097717

DEBUG:root:Under real time Point 0.111490011215

DEBUG:root:Under real time point 0.106818914413

DEBUG:root:Under real time point 0.10556602478

DEBUG:root:Under real time point 0.109893083572

DEBUG:root:Under real time Point 0.110690832138

DEBUG:root:Under real time point 0.106192111969

DEBUG:root:Under real time point 0.108015060425

DEBUG:root:Under real time point 0.106261014938

DEBUG:root:Under real time point 0.1083548069

DEBUG:root:Under real time point 0.107419013977

DEBUG:root:Under real time point 0.107411146164

DEBUG:root:Under real time point 0.106832027435

DEBUG:root:Under real time point 0.109528064728

DEBUG:root:Under real time point 0.112254858017

DEBUG:root:Under real time Point 0.114346981049

DEBUG:root:Under real time point 0.109076023102

DEBUG:root:Under real time point 0.10976099968

DEBUG:root:Under real time point 0.109544992447

DEBUG:root:Under real time point 0.107592105865

DEBUG:root:Under real time Point 0.11155796051

DEBUG:root:Under real time Point 0.111541032791

DEBUG:root:Under real time Point 0.110440969467

DEBUG:root:Under real time point 0.109333992004

DEBUG:root:Under real time point 0.106672048569

DEBUG:root:Under real time point 0.10954284668

DEBUG:root:Under real time point 0.109668016434

DEBUG:root:Under real time point 0.106257915497

DEBUG:root:Under real time point 0.108002185822

DEBUG:root:Under real time point 0.108921051025

DEBUG:root:Under real time Point 0.111308813095

DEBUG:root:Under real time Point 0.113319158554

DEBUG:root:Under real time Point 0.148161172867

DEBUG:root:Under real time Point 0.113552093506

DEBUG:root:Under real time point 0.109507083893

DEBUG:root:Under real time point 0.105605840683

DEBUG:root:Under real time Point 0.115019083023

DEBUG:root:Under real time point 0.106462001801

DEBUG:root:Under real time Point 0.114506959915

DEBUG:root:Under real time Point 0.115664958954

DEBUG:root:Under real time point 0.109177827835

DEBUG:root:Under real time Point 0.112932920456

DEBUG:root:Under real time Point 0.110645055771

DEBUG:root:Under real time Point 0.112631082535

DEBUG:root:Under real time Point 0.11511516571

DEBUG:root:Under real time point 0.108387947083

DEBUG:root:Under real time point 0.108600854874

DEBUG:root:Under real time point 0.105319976807

DEBUG:root:Under real time Point 0.115483999252

DEBUG:root:Under real time point 0.107480049133

DEBUG:root:Under real time Point 0.112147092819

DEBUG:root:Under real time point 0.105544090271

DEBUG:root:Under real time point 0.107059001923

DEBUG:root:Under real time point 0.107064962387

DEBUG:root:Under real time Point 0.111582994461

DEBUG:root:Under real time point 0.108977794647

DEBUG:root:Under real time Point 0.11053109169

DEBUG:root:Under real time Point 0.113160848618

DEBUG:root:Under real time Point 0.110227823257

DEBUG:root:Under real time Point 0.110388994217

DEBUG:root:Under real time point 0.106935024261

DEBUG:root:Under real time point 0.10821390152

DEBUG:root:Under real time point 0.109045028687

DEBUG:root:Under real time point 0.106198072433

DEBUG:root:Under real time Point 0.110400915146

DEBUG:root:Under real time point 0.105648040771

DEBUG:root:Under real time point 0.10907292366

DEBUG:root:Under real time Point 0.114431142807

DEBUG:root:Under real time point 0.104637861252

DEBUG:root:Under real time Point 0.117829084396

DEBUG:root:Under real time Point 0.110653877258

DEBUG:root:Under real time Point 0.112109899521

DEBUG:root:Too small detection probably wrong
DEBUG:root:Under real time Point 0.0642929077148

DEBUG:root:Under real time Point 0.114691019058

DEBUG:root:Under real time point 0.108599185944

DEBUG:root:Under real time point 0.108528852463

DEBUG:root:Under real time Point 0.118568897247

DEBUG:root:Under real time point 0.106934070587

DEBUG:root:Under real time Point 0.113701820374

DEBUG:root:Under real time Point 0.115823984146

DEBUG:root:Under real time Point 0.118298053741

DEBUG:root:Under real time Point 0.111191034317

DEBUG:root:Under real time point 0.109501123428

DEBUG:root:Under real time point 0.109862089157

DEBUG:root:Under real time point 0.108303785324

DEBUG:root:Under real time Point 0.115025043488

DEBUG:root:Under real time point 0.105998039246

DEBUG:root:Under real time point 0.109066963196

DEBUG:root:Under real time point 0.110017061234

DEBUG:root:Under real time Point 0.1120698452

DEBUG:root:Under real time Point 0.115196943283

DEBUG:root:Under real time Point 0.110147953033

DEBUG:root:Under real time point 0.104285001755

DEBUG:root:Under real time point 0.110024213791

DEBUG:root:Under real time Point 0.148675918579

DEBUG:root:Under real time Point 0.11429810524

DEBUG:root:Under real time point 0.109688997269

DEBUG:root:Under real time Point 0.127786874771

DEBUG:root:Under real time point 0.108268022537

DEBUG:root:Under real time point 0.109086990356

DEBUG:root:Under real time point 0.112742900848

DEBUG:root:Under real time point 0.106337785721

DEBUG:root:Under real time point 0.107532978058

DEBUG:root:Under real time Point 0.115952014923

DEBUG:root:Under real time point 0.106046915054

DEBUG:root:Under real time point 0.109157085419

DEBUG:root:Under real time point 0.106950998306

DEBUG:root:Under real time Point 0.111491918564

DEBUG:root:Under real time Point 0.112698078156

DEBUG:root:Under real time point 0.10738992691

DEBUG:root:Under real time point 0.108455181122

DEBUG:root:Under real time Point 0.110733985901

DEBUG:root:Under real time Point 0.110076904297

DEBUG:root:Under real time point 0.106791973114

DEBUG:root:Under real time point 0.108538150787

DEBUG:root:Under real time Point 0.113774061203

DEBUG:root:Under real time point 0.109669923782

DEBUG:root:Under real time Point 0.112686872482

DEBUG:root:Under real time point 0.106020927429

DEBUG:root:Under real time point 0.107306003571

DEBUG:root:Under real time point 0.10911488533

DEBUG:root:Under real time Point 0.112688064575

DEBUG:root:Under real time Point 0.11270904541

DEBUG:root:Under real time point 0.10795712471

DEBUG:root:Under real time point 0.107306003571

DEBUG:root:Under real time point 0.105913162231

DEBUG:root:Under real time Point 0.11014008522

DEBUG:root:Under real time point 0.106215953827

DEBUG:root:Under real time Point 0.112042188644

DEBUG:root:Under real time point 0.109101057053

DEBUG:root:Under real time point 0.107243061066

DEBUG:root:Under real time Point 0.11008310318

DEBUG:root:Under real time point 0.105896949768

DEBUG:root:Under real time point 0.104176044464

DEBUG:root:Under real time point 0.106863021851

DEBUG:root:Under real time point 0.10844707489

DEBUG:root:Under real time point 0.108444929123

DEBUG:root:Under real time Point 0.110671043396

DEBUG:root:Under real time Point 0.111393928528

DEBUG:root:Under real time Point 0.111116886139

DEBUG:root:Under real time point 0.108598947525

DEBUG:root:Under real time Point 0.118171930313

DEBUG:root:Under real time Point 0.122201919556

DEBUG:root:Under real time Point 0.122167825699

DEBUG:root:Under real time Point 0.111557006836

DEBUG:root:Under real time Point 0.113197088242

DEBUG:root:Under real time point 0.108700990677

DEBUG:root:Under real time point 0.105573177338

DEBUG:root:Under real time point 0.109457969666

DEBUG:root:Under real time point 0.108393907547

DEBUG:root:Under real time Point 0.112555027008

DEBUG:root:Under real time Point 0.11420416832

DEBUG:root:Under real time point 0.107078790665

DEBUG:root:Under real time Point 0.110102891922

DEBUG:root:Under real time Point 0.111907958984

DEBUG:root:Under real time Point 0.110433101654

DEBUG:root:Under real time point 0.106322050095

DEBUG:root:Under real time Point 0.113208055496

DEBUG:root:Under real time point 0.108324050903

DEBUG:root:Under real time point 0.109529972076

DEBUG:root:Under real time Point 0.111629009247

DEBUG:root:Under real time point 0.104630947113

DEBUG:root:Under real time point 0.106241941452

DEBUG:root:Under real time point 0.10849404335

DEBUG:root:Under real time Point 0.112988948822

DEBUG:root:Under real time point 0.103627920151

DEBUG:root:Under real time point 0.107696056366

DEBUG:root:Under real time Point 0.111841201782

DEBUG:root:Under real time point 0.109422922134

DEBUG:root:Under real time point 0.107595920563

DEBUG:root:Under real time Point 0.115809202194

DEBUG:root:Under real time Point 0.110851049423

DEBUG:root:Under real time Point 0.114432096481

DEBUG:root:Under real time Point 0.113548994064

DEBUG:root:Under real time Point 0.112225055695

DEBUG:root:Under real time point 0.106705904007

DEBUG:root:Under real time point 0.103768110275

DEBUG:root:Under real time point 0.106251955032

DEBUG:root:Under real time Point 0.111215114594

DEBUG:root:Under real time point 0.106133937836

DEBUG:root:Under real time point 0.105578899384

DEBUG:root:Under real time Point 0.117827892303

DEBUG:root:Under real time Point 0.115562915802

DEBUG:root:Under real time Point 0.116323947906

DEBUG:root:Under real time Point 0.113844871521

DEBUG:root:Under real time point 0.107478141785

DEBUG:root:Under real time point 0.10884308815

DEBUG:root:Under real time point 0.108822107315

DEBUG:root:Under real time point 0.108143091202

DEBUG:root:Under real time point 0.107903003693

DEBUG:root:Under real time Point 0.11038184166

DEBUG:root:Under real time Point 0.110199213028

DEBUG:root:Under real time point 0.108910083771

DEBUG:root:Under real time Point 0.110707044601

DEBUG:root:Under real time Point 0.111268997192

DEBUG:root:Under real time Point 0.114432811737

DEBUG:root:Under real time point 0.107482910156

DEBUG:root:Under real time point 0.104883909225

DEBUG:root:Under real time Point 0.115202903748

DEBUG:root:Under real time point 0.109964132309

DEBUG:root:Under real time Point 0.136417150497

DEBUG:root:Under real time point 0.109681129456

DEBUG:root:Under real time Point 0.136104106903

DEBUG:root:Under real time point 0.108332157135

DEBUG:root:Under real time Point 0.114609956741

DEBUG:root:Under real time point 0.104763031006

DEBUG:root:Under real time point 0.105865001678

DEBUG:root:Under real time point 0.106939077377

DEBUG:root:Under real time point 0.108063936234

DEBUG:root:Under real time Point 0.110929965973

DEBUG:root:Under real time Point 0.114306926727

DEBUG:root:Under real time Point 0.112757921219

DEBUG:root:Under real time point 0.105626821518

DEBUG:root:Under real time Point 0.116405010223

DEBUG:root:Under real time point 0.110014915466

DEBUG:root:Under real time Point 0.140304088593

DEBUG:root:Under real time Point 0.113174915314

DEBUG:root:Under real time Point 0.11200094223

DEBUG:root:Too small detection probably wrong
DEBUG:root:Under real time Point 0.0698487758636

DEBUG:root:Under real time Point 0.112048864365

DEBUG:root:Under real time point 0.110022068024

DEBUG:root:Under real time Point 0.110273838043

DEBUG:root:Under real time Point 0.15399312973

DEBUG:root:Under real time Point 0.111112833023

DEBUG:root:Under real time Point 0.118726015091

DEBUG:root:Under real time Point 0.11131310463

DEBUG:root:Under real time Point 0.114527225494

DEBUG:root:Under real time point 0.108905076981

DEBUG:root:Under real time point 0.106751203537

DEBUG:root:Under real time Point 0.118489027023

DEBUG:root:Under real time point 0.109176158905

DEBUG:root:Under real time Point 0.113947153091

DEBUG:root:Under real time Point 0.116973876953

DEBUG:root:Under real time Point 0.115478992462

DEBUG:root:Under real time Point 0.116519927979

DEBUG:root:Under real time Point 0.144143819809

DEBUG:root:Under real time Point 0.114892959595

DEBUG:root:Under real time Point 0.132427930832

DEBUG:root:Under real time Point 0.11280298233

DEBUG:root:Under real time point 0.106768846512

DEBUG:root:Under real time point 0.108930826187

DEBUG:root:Under real time Point 0.112070083618

DEBUG:root:Under real time Point 0.110722064972

DEBUG:root:Under real time Point 0.112020015717

DEBUG:root:Under real time point 0.105607032776

DEBUG:root:Under real time point 0.107267856598

DEBUG:root:Under real time point 0.105432033539

DEBUG:root:Under real time point 0.107224941254

DEBUG:root:Under real time point 0.110680103302

DEBUG:root:Under real time point 0.104794979095

DEBUG:root:Under real time point 0.103657007217

DEBUG:root:Under real time Point 0.112645149231

DEBUG:root:Under real time point 0.109219074249

DEBUG:root:Under real time Point 0.113524913788

DEBUG:root:Under real time Point 0.112703084946

DEBUG:root:Under real time Point 0.111316919327

DEBUG:root:Under real time point 0.109503984451

DEBUG:root:Under real time Point 0.116959095001

DEBUG:root:Under real time point 0.107333898544

DEBUG:root:Under real time Point 0.111545085907

DEBUG:root:Under real time Point 0.113908052444

DEBUG:root:Under real time Point 0.119374036789

DEBUG:root:Under real time point 0.109030008316

DEBUG:root:Under real time point 0.109172105789

DEBUG:root:Under real time Point 0.111804008484

DEBUG:root:Under real time Point 0.112023115158

DEBUG:root:Under real time Point 0.12037396431

DEBUG:root:Under real time point 0.106593847275

DEBUG:root:Under real time point 0.10817694664

DEBUG:root:Under real time Point 0.111207008362

DEBUG:root:Under real time point 0.109831094742

DEBUG:root:Under real time Point 0.115696907043

DEBUG:root:Under real time Point 0.110816955566

DEBUG:root:Under real time Point 0.114859104156

DEBUG:root:Under real time Point 0.116198062897

DEBUG:root:Under real time point 0.108654022217

DEBUG:root:Under real time Point 0.114511013031

DEBUG:root:Under real time Point 0.11408495903

DEBUG:root:Under real time Point 0.115951061249

DEBUG:root:Under real time Point 0.112842082977

DEBUG:root:Under real time point 0.109553098679

DEBUG:root:Under real time Point 0.114367008209

DEBUG:root:Under real time Point 0.110214948654

DEBUG:root:Under real time point 0.109685182571

DEBUG:root:Under real time Point 0.111306905746

DEBUG:root:Under real time point 0.108927965164

DEBUG:root:Under real time point 0.106719017029

DEBUG:root:Under real time Point 0.141560077667

DEBUG:root:Under real time point 0.108943939209

DEBUG:root:Under real time Point 0.113995075226

DEBUG:root:Under real time Point 0.112092018127

DEBUG:root:Under real time Point 0.112473011017

DEBUG:root:Under real time Point 0.13380408287

DEBUG:root:Under real time Point 0.110346794128

DEBUG:root:Too small detection probably wrong
DEBUG:root:Under real time Point 0.0739769935608

DEBUG:root:Too small detection probably wrong
DEBUG:root:Under real time Point 0.0406959056854

DEBUG:root:Under real time Point 0.117005109787

DEBUG:root:Under real time Point 0.113404035568

DEBUG:root:Under real time Point 0.117829084396

DEBUG:root:Under real time Point 0.110027074814

DEBUG:root:Under real time point 0.108633041382

DEBUG:root:Under real time Point 0.112519979477

DEBUG:root:Under real time Point 0.115405082703

DEBUG:root:Under real time point 0.109843969345

DEBUG:root:Under real time Point 0.127599954605

DEBUG:root:Under real time point 0.110234022141

DEBUG:root:Under real time point 0.109931945801

DEBUG:root:Under real time point 0.103673934937

DEBUG:root:Under real time point 0.105777978897

DEBUG:root:Under real time point 0.108735084534

DEBUG:root:Under real time point 0.104496002197

DEBUG:root:Under real time point 0.104498147964

DEBUG:root:Under real time point 0.108953952789

DEBUG:root:Under real time point 0.108614206314

DEBUG:root:Under real time point 0.10727596283

DEBUG:root:Under real time Point 0.111283063889

DEBUG:root:Under real time Point 0.110696077347

DEBUG:root:Under real time point 0.10422205925

DEBUG:root:Under real time point 0.104664802551

DEBUG:root:Under real time Point 0.11080288887

DEBUG:root:Under real time point 0.105968952179

DEBUG:root:Under real time point 0.104286193848

DEBUG:root:Under real time Point 0.110991001129

DEBUG:root:Under real time Point 0.110548019409

DEBUG:root:Under real time point 0.10412979126

DEBUG:root:Under real time Point 0.111843109131

DEBUG:root:Under real time Point 0.117388963699

DEBUG:root:Under real time Point 0.110623836517

DEBUG:root:Under real time point 0.109003067017

DEBUG:root:Under real time point 0.105540990829

DEBUG:root:Under real time point 0.109163045883

DEBUG:root:Under real time Point 0.118125915527

DEBUG:root:Under real time Point 0.11665391922

DEBUG:root:Under real time point 0.108641862869

DEBUG:root:Under real time point 0.106068134308

DEBUG:root:Under real time Point 0.110872983932

DEBUG:root:Under real time Point 0.116545915604

DEBUG:root:Under real time Point 0.113975048065

DEBUG:root:Under real time Point 0.110435962677

DEBUG:root:Under real time Point 0.11697101593

DEBUG:root:Under real time Point 0.110374927521

DEBUG:root:Under real time Point 0.113774061203

DEBUG:root:Under real time point 0.109332084656

DEBUG:root:Under real time Point 0.115167856216

DEBUG:root:Under real time Point 0.116389036179

DEBUG:root:Under real time Point 0.151962041855

DEBUG:root:Under real time point 0.107836961746

DEBUG:root:Under real time Point 0.1126101017

DEBUG:root:Under real time point 0.110016107559

DEBUG:root:Under real time Point 0.111623048782

DEBUG:root:Under real time Point 0.111432790756

DEBUG:root:Under real time Point 0.113781929016

DEBUG:root:Under real time Point 0.111060857773

DEBUG:root:Under real time point 0.108375072479

DEBUG:root:Under real time point 0.109617948532

DEBUG:root:Under real time Point 0.112993955612

DEBUG:root:Under real time point 0.109139919281

DEBUG:root:Under real time point 0.104789018631

DEBUG:root:Under real time point 0.109284162521

DEBUG:root:Under real time point 0.109095096588

DEBUG:root:Under real time Point 0.113423109055

DEBUG:root:Under real time Point 0.113687038422

DEBUG:root:Under real time Point 0.110018014908

DEBUG:root:Under real time Point 0.115834951401

DEBUG:root:Under real time Point 0.116243124008

DEBUG:root:Under real time Point 0.112354040146

DEBUG:root:Under real time point 0.109951019287

DEBUG:root:Under real time Point 0.111104011536

DEBUG:root:Under real time Point 0.112540006638

DEBUG:root:Under real time Point 0.112493038177

DEBUG:root:Under real time point 0.107845067978

DEBUG:root:Under real time point 0.106554031372

DEBUG:root:Under real time point 0.109163999557

DEBUG:root:Under real time Point 0.111419916153

DEBUG:root:Under real time Point 0.110982894897

DEBUG:root:Under real time Point 0.1116938591

DEBUG:root:Under real time Point 0.136672019958

DEBUG:root:Under real time Point 0.110847949982

DEBUG:root:Under real time Point 0.112045049667

DEBUG:root:Under real time Point 0.111755132675

DEBUG:root:Under real time Point 0.115741968155

DEBUG:root:Under real time Point 0.124966144562

DEBUG:root:Under real time Point 0.115566968918

DEBUG:root:Under real time Point 0.115008115768

DEBUG:root:Under real time Point 0.111419200897

DEBUG:root:Under real time point 0.107444047928

DEBUG:root:Under real time point 0.104779958725

DEBUG:root:Under real time point 0.10387301445

DEBUG:root:Under real time point 0.106482028961

DEBUG:root:Under real time point 0.103321075439

DEBUG:root:Under real time point 0.103313922882

DEBUG:root:Under real time point 0.103129863739

DEBUG:root:Under real time point 0.104851961136

DEBUG:root:Under real time point 0.108714103699

DEBUG:root:Under real time Point 0.110705852509

DEBUG:root:Under real time Point 0.110460996628

DEBUG:root:Under real time Point 0.116792917252

DEBUG:root:Under real time Point 0.114351987839

DEBUG:root:Under real time Point 0.113245010376

DEBUG:root:Under real time Point 0.118808031082

DEBUG:root:Under real time Point 0.115023851395

DEBUG:root:Under real time Point 0.114438056946

DEBUG:root:Under real time Point 0.114325046539

DEBUG:root:Under real time Point 0.116097927094

DEBUG:root:Under real time Point 0.114219903946

DEBUG:root:Under real time Point 0.115144968033

DEBUG:root:Under real time Point 0.120970010757

DEBUG:root:Under real time Point 0.111389875412

DEBUG:root:Under real time Point 0.115972995758

DEBUG:root:Under real time Point 0.112142086029

DEBUG:root:Under real time Point 0.114026069641

DEBUG:root:Under real time Point 0.110085964203

DEBUG:root:Under real time point 0.109224081039

DEBUG:root:Under real time Point 0.112426042557

DEBUG:root:Under real time point 0.104471921921

DEBUG:root:Under real time Point 0.11278295517

DEBUG:root:Under real time Point 0.112498044968

DEBUG:root:Under real time point 0.107460975647

DEBUG:root:Under real time Point 0.113867998123

DEBUG:root:Under real time point 0.105579853058

DEBUG:root:Under real time Point 0.115175008774

DEBUG:root:Under real time point 0.107253074646

DEBUG:root:Under real time point 0.103859901428

DEBUG:root:Under real time Point 0.111536979675

DEBUG:root:Under real time Point 0.111053228378

DEBUG:root:Under real time Point 0.120357036591

DEBUG:root:Under real time point 0.106455087662

DEBUG:root:Under real time Point 0.114804983139

DEBUG:root:Under real time Point 0.113955974579

DEBUG:root:Under real time point 0.109828948975

DEBUG:root:Under real time Point 0.115700006485

DEBUG:root:Under real time Point 0.117691993713

DEBUG:root:Under real time Point 0.112446069717

DEBUG:root:Under real time Point 0.11421918869

DEBUG:root:Under real time Point 0.112697124481

DEBUG:root:Under real time Point 0.110593080521

DEBUG:root:Too small detection probably wrong
DEBUG:root:Under real time Point 0.0628077983856

DEBUG:root:Under real time Point 0.11430311203

DEBUG:root:Under real time Point 0.116337776184

DEBUG:root:Under real time Point 0.115617990494

DEBUG:root:Under real time Point 0.116916894913

DEBUG:root:Under real time Point 0.111676931381

DEBUG:root:Under real time Point 0.115004062653

DEBUG:root:Under real time Point 0.113356113434

DEBUG:root:Under real time point 0.109691858292

DEBUG:root:Under real time point 0.109579086304

DEBUG:root:Under real time point 0.106513023376

DEBUG:root:Under real time point 0.109755992889

DEBUG:root:Under real time Point 0.115774869919

DEBUG:root:Under real time Point 0.112626075745

DEBUG:root:Under real time point 0.108977079391

DEBUG:root:Under real time Point 0.111493825912

DEBUG:root:Under real time Point 0.112236976624

DEBUG:root:Under real time Point 0.113200902939

DEBUG:root:Under real time Point 0.111311197281

DEBUG:root:Under real time Point 0.110780954361

DEBUG:root:Under real time Point 0.112694978714

DEBUG:root:Under real time point 0.106118917465

DEBUG:root:Under real time point 0.107995033264

DEBUG:root:Under real time point 0.107647180557

DEBUG:root:Under real time point 0.106070995331

DEBUG:root:Under real time Point 0.112856864929

DEBUG:root:Under real time Point 0.11101102829

DEBUG:root:Under real time Point 0.110548973083

DEBUG:root:Under real time point 0.109938144684

DEBUG:root:Under real time Point 0.111358880997

DEBUG:root:Under real time point 0.108804941177

DEBUG:root:Under real time Point 0.118483066559

DEBUG:root:Under real time Point 0.114082098007

DEBUG:root:Under real time point 0.107543945312

DEBUG:root:Under real time Point 0.112701892853

DEBUG:root:Under real time point 0.107616901398

DEBUG:root:Under real time Point 0.110690116882

DEBUG:root:Under real time point 0.108317136765

DEBUG:root:Under real time Point 0.113148927689

DEBUG:root:Under real time point 0.107851982117

DEBUG:root:Under real time point 0.108134031296

DEBUG:root:Under real time Point 0.110190868378

DEBUG:root:Under real time Point 0.113878965378

DEBUG:root:Under real time Point 0.110477924347

DEBUG:root:Too small detection probably wrong
DEBUG:root:Under real time Point 0.0608160495758

DEBUG:root:Under real time Point 0.115773916245

DEBUG:root:Under real time Point 0.110260009766

DEBUG:root:Under real time Point 0.114506959915

DEBUG:root:Under real time Point 0.111273050308

DEBUG:root:Under real time Point 0.113270044327

DEBUG:root:Under real time Point 0.110714912415

DEBUG:root:Under real time Point 0.110872983932

DEBUG:root:Under real time point 0.109275102615

DEBUG:root:Under real time point 0.109449148178

DEBUG:root:Under real time Point 0.116087913513

DEBUG:root:Under real time Point 0.112318992615

DEBUG:root:Under real time Point 0.111212015152

DEBUG:root:Under real time Point 0.111034154892

DEBUG:root:Under real time point 0.108839035034

DEBUG:root:Under real time Point 0.110079050064

DEBUG:root:Under real time Point 0.111798048019

DEBUG:root:Under real time Point 0.112733125687

DEBUG:root:Under real time Point 0.115823984146

DEBUG:root:Under real time point 0.106474876404

DEBUG:root:Under real time point 0.105431079865

DEBUG:root:Under real time Point 0.112771034241

DEBUG:root:Under real time Point 0.114252090454

DEBUG:root:Under real time Point 0.114338874817

DEBUG:root:Under real time point 0.108386993408

DEBUG:root:Under real time point 0.107398033142

DEBUG:root:Under real time Point 0.111639976501

DEBUG:root:Under real time Point 0.113473176956

DEBUG:root:Under real time Point 0.110123157501

DEBUG:root:Under real time point 0.106071949005

DEBUG:root:Too small detection probably wrong
DEBUG:root:Under real time Point 0.0665340423584

DEBUG:root:Under real time Point 0.114438056946

DEBUG:root:Under real time Point 0.112087011337

DEBUG:root:Under real time point 0.106409072876

DEBUG:root:Under real time point 0.110037088394

DEBUG:root:Under real time point 0.104897975922

DEBUG:root:Under real time point 0.104955196381

DEBUG:root:Under real time point 0.109641075134

DEBUG:root:Under real time point 0.107586860657

DEBUG:root:Under real time point 0.102087974548

DEBUG:root:Under real time point 0.109879016876

DEBUG:root:Under real time point 0.106220006943

DEBUG:root:Under real time point 0.107774972916

DEBUG:root:Under real time point 0.105522871017

DEBUG:root:Under real time point 0.10903096199

DEBUG:root:Under real time point 0.105422019958

DEBUG:root:Under real time Point 0.112015008926

DEBUG:root:Under real time point 0.10861992836

DEBUG:root:Under real time point 0.107770204544

DEBUG:root:Under real time point 0.108371019363

DEBUG:root:Under real time Point 0.117524147034

DEBUG:root:Under real time Point 0.11106300354

DEBUG:root:Under real time point 0.112031936646

DEBUG:root:Under real time Point 0.111315011978

DEBUG:root:Under real time Point 0.112061977386

DEBUG:root:Under real time point 0.107964992523

DEBUG:root:Under real time point 0.109171152115

DEBUG:root:Under real time point 0.106148958206

DEBUG:root:Under real time Point 0.111282110214

DEBUG:root:Under real time Point 0.143800973892

DEBUG:root:Under real time Point 0.113101959229

DEBUG:root:Under real time point 0.109073877335

DEBUG:root:Under real time Point 0.113247871399

DEBUG:root:Under real time point 0.106351137161

DEBUG:root:Under real time point 0.105304956436

DEBUG:root:Under real time point 0.107324838638

DEBUG:root:Under real time Point 0.11074590683

DEBUG:root:Under real time point 0.104779005051

DEBUG:root:Under real time Point 0.111862897873

DEBUG:root:Under real time point 0.107475042343

DEBUG:root:Under real time Point 0.111160993576

DEBUG:root:Under real time Point 0.11323595047

DEBUG:root:Under real time point 0.10732293129

DEBUG:root:Under real time point 0.107876062393

DEBUG:root:Under real time point 0.109821081161

DEBUG:root:Under real time Point 0.110982179642

DEBUG:root:Under real time Point 0.113567113876

DEBUG:root:Under real time point 0.107417821884

DEBUG:root:Under real time point 0.109619140625

DEBUG:root:Under real time point 0.104991197586

DEBUG:root:Under real time Point 0.112396001816

DEBUG:root:Under real time point 0.105975866318

DEBUG:root:Under real time point 0.10645198822

DEBUG:root:Under real time point 0.105030059814

DEBUG:root:Under real time point 0.109154939651

DEBUG:root:Under real time Point 0.113360881805

DEBUG:root:Under real time Point 0.11155796051

DEBUG:root:Under real time Point 0.112716913223

DEBUG:root:Under real time point 0.109606981277

DEBUG:root:Under real time point 0.105822086334

DEBUG:root:Under real time Point 0.112196207047

DEBUG:root:Under real time point 0.10871720314

DEBUG:root:Under real time point 0.108772993088

DEBUG:root:Under real time point 0.10481595993

DEBUG:root:Under real time point 0.105156898499

DEBUG:root:Under real time point 0.109683036804

DEBUG:root:Under real time point 0.107151031494

DEBUG:root:Under real time point 0.107677221298

DEBUG:root:Under real time point 0.109765052795

DEBUG:root:Under real time point 0.109132051468

DEBUG:root:Under real time point 0.107996940613

DEBUG:root:Under real time point 0.105423927307

DEBUG:root:Under real time point 0.108996152878

DEBUG:root:Under real time point 0.105594158173

DEBUG:root:Under real time point 0.104488134384

DEBUG:root:Under real time point 0.103764057159

DEBUG:root:Under real time point 0.109747171402

DEBUG:root:Under real time point 0.106625080109

DEBUG:root:Under real time point 0.107892990112

DEBUG:root:Under real time Point 0.13626408577

DEBUG:root:Under real time point 0.108547925949

DEBUG:root:Under real time point 0.108925104141

DEBUG:root:Under real time point 0.105206012726

DEBUG:root:Under real time point 0.10377407074

DEBUG:root:Under real time point 0.104192018509

DEBUG:root:Under real time point 0.109452962875

DEBUG:root:Under real time point 0.107880115509

DEBUG:root:Under real time point 0.103739976883

DEBUG:root:Under real time point 0.104984998703

DEBUG:root:Under real time point 0.108998060226

DEBUG:root:Under real time point 0.107536077499

DEBUG:root:Under real time point 0.105746030807

DEBUG:root:Under real time point 0.103502988815

DEBUG:root:Under real time Point 0.110401153564

DEBUG:root:Under real time point 0.108805894852

DEBUG:root:Under real time point 0.108231067657

DEBUG:root:Under real time Point 0.111340999603

DEBUG:root:Under real time point 0.106277942657

DEBUG:root:Under real time point 0.106662988663

DEBUG:root:Under real time point 0.107860088348

DEBUG:root:Under real time point 0.109853029251

DEBUG:root:Under real time point 0.107637882233

DEBUG:root:Under real time point 0.107167959213

DEBUG:root:Under real time point 0.103758096695

DEBUG:root:Under real time Point 0.110124111176

DEBUG:root:Under real time point 0.108025074005

DEBUG:root:Under real time Point 0.111883878708

DEBUG:root:Under real time point 0.104991912842

DEBUG:root:Under real time point 0.10858297348

DEBUG:root:Under real time point 0.106151819229

DEBUG:root:Under real time Point 0.111736059189

DEBUG:root:Under real time Point 0.11127614975

DEBUG:root:Under real time point 0.106559991837

DEBUG:root:Under real time Point 0.114108085632

DEBUG:root:Under real time Point 0.110534906387

DEBUG:root:Under real time Point 0.136098861694

DEBUG:root:Under real time Point 0.110616922379

DEBUG:root:Under real time Point 0.139896154404

DEBUG:root:Under real time point 0.107249975204

DEBUG:root:Under real time point 0.106858968735

DEBUG:root:Under real time Point 0.110216856003

DEBUG:root:Under real time Point 0.110243082047

DEBUG:root:Under real time point 0.107616901398

DEBUG:root:Under real time point 0.105919122696

DEBUG:root:Under real time point 0.109467029572

DEBUG:root:Under real time Point 0.112576961517

DEBUG:root:Under real time Point 0.110455989838

DEBUG:root:Under real time Point 0.110273838043

DEBUG:root:Under real time Point 0.135074853897

DEBUG:root:Under real time point 0.109860897064

DEBUG:root:Too small detection probably wrong
DEBUG:root:Under real time Point 0.0730938911438

DEBUG:root:Under real time Point 0.11323094368

DEBUG:root:Under real time point 0.108162879944

DEBUG:root:Under real time point 0.106131792068

DEBUG:root:Under real time point 0.105432987213

DEBUG:root:Under real time Point 0.111526966095

DEBUG:root:Under real time point 0.106049060822

DEBUG:root:Under real time point 0.109400987625

DEBUG:root:Under real time point 0.108500003815

DEBUG:root:Under real time Point 0.110227823257

DEBUG:root:Under real time Point 0.11026597023

DEBUG:root:Under real time point 0.105918884277

DEBUG:root:Under real time point 0.107510089874

DEBUG:root:Under real time Point 0.11313700676

DEBUG:root:Under real time point 0.109110116959

DEBUG:root:Under real time Point 0.152149915695

DEBUG:root:Under real time point 0.104113101959

DEBUG:root:Under real time point 0.104084014893

DEBUG:root:Under real time point 0.109990119934

DEBUG:root:Under real time Point 0.110353946686

DEBUG:root:Under real time Point 0.113765001297

DEBUG:root:Under real time Point 0.112148046494

DEBUG:root:Under real time Point 0.111842155457

DEBUG:root:Under real time Point 0.117254018784

