DEBUG:root:Under real time Point counter:1.69277191162e-05

DEBUG:root:Real time1486874369.86

DEBUG:root:Real time1486874370.06

DEBUG:root:Real time1486874370.26

DEBUG:root:Real time1486874370.46

DEBUG:root:Real time1486874370.66

DEBUG:root:Real time1486874370.86

DEBUG:root:Real time1486874371.06

DEBUG:root:Real time1486874371.26

DEBUG:root:Real time1486874371.46

DEBUG:root:Real time1486874371.66

DEBUG:root:Real time1486874371.86

DEBUG:root:Real time1486874372.07

DEBUG:root:Real time1486874372.27

DEBUG:root:Real time1486874372.47

DEBUG:root:Real time1486874372.67

DEBUG:root:Real time1486874372.87

DEBUG:root:Real time1486874373.07

DEBUG:root:Real time1486874373.27

DEBUG:root:Real time1486874373.47

DEBUG:root:Real time1486874373.67

DEBUG:root:Real time1486874373.87

DEBUG:root:Real time1486874374.07

DEBUG:root:Real time1486874374.27

DEBUG:root:Real time1486874374.47

DEBUG:root:Real time1486874374.67

DEBUG:root:Real time1486874374.88

DEBUG:root:Real time1486874375.08

DEBUG:root:Real time1486874375.28

DEBUG:root:Real time1486874375.48

DEBUG:root:Extracted signature:bitarray('111111001111100111100111110001110011111001110010011001000000110010000000011011100001111100010010001011001110010010010111001110000001110011001000001100000110000010000111110001001111000101101100011100000010001111001111101111101111010010010000')
DEBUG:root:Matched frame over all scan:492

DEBUG:root:Errors over all scan:85

DEBUG:root:Under real time Point counter:1.69277191162e-05

DEBUG:root:Real time1486874493.53

DEBUG:root:Real time1486874493.73

DEBUG:root:Real time1486874493.93

DEBUG:root:Real time1486874494.13

DEBUG:root:Real time1486874494.33

DEBUG:root:Real time1486874494.53

DEBUG:root:Real time1486874494.73

DEBUG:root:Real time1486874494.93

DEBUG:root:Real time1486874495.14

DEBUG:root:Real time1486874495.34

DEBUG:root:Real time1486874495.54

DEBUG:root:Real time1486874495.74

DEBUG:root:Real time1486874495.94

DEBUG:root:Real time1486874496.14

DEBUG:root:Real time1486874496.34

DEBUG:root:Real time1486874496.54

DEBUG:root:Real time1486874496.74

DEBUG:root:Real time1486874496.94

DEBUG:root:Real time1486874497.14

DEBUG:root:Real time1486874497.35

DEBUG:root:Real time1486874497.55

DEBUG:root:Real time1486874497.75

DEBUG:root:Real time1486874497.95

DEBUG:root:Real time1486874498.15

DEBUG:root:Real time1486874498.35

DEBUG:root:Real time1486874498.55

DEBUG:root:Real time1486874498.75

DEBUG:root:Real time1486874498.95

DEBUG:root:Real time1486874499.15

DEBUG:root:Extracted signature:bitarray('110000100100111100011001111010011100000101011111100001100111100010011111100011111100111111001110100111001110000000000100100110110000101011001100001001000111110101000000011110000001100100000110010000110010011100101101011100000010111011010000')
DEBUG:root:Matched frame over all scan:536

DEBUG:root:Errors over all scan:34

