DEBUG:root:Under real time Point counter:1.81198120117e-05

DEBUG:root:Extracted signature:bitarray('11000111110000011000111110000110011111100111011110001111101111011111101111111110011111110001111100001111000011110001110001110011111111111110011100000111111111111000111111111111000011111111110001111111111001111111110011111111100111111110111111101111110111110111101011011000')
DEBUG:root:Matched frame over all scan:2477

DEBUG:root:Errors over all scan:62

DEBUG:root:Result:replica detected
DEBUG:root:Match or Not:True
DEBUG:root:Under real time Point counter:0.248812198639

DEBUG:root:Extracted signature:bitarray('10000111110000011001111110001000011100101110011110011111101111011110101111111100011111100001111100001111000111100011110011100111111111111111111111000111111111111000011111111111000011111111110001111111111001111111110011111111100111111100111111101111110111110111101111111000')
DEBUG:root:Matched frame over all scan:1020

DEBUG:root:Errors over all scan:63

DEBUG:root:Result:replica detected
DEBUG:root:Match or Not:True
DEBUG:root:Real time1487903806.49

DEBUG:root:Extracted signature:bitarray('10000111110000110001111001110000111110011100011001011110001101111111101111111111011111110001111100001111000011100011110001110111111111111111111111000111111111111100001111111111000011111111110001111111111001111111110011111111100111111110111111101111110111110110110011010000')
DEBUG:root:Matched frame over all scan:2477

DEBUG:root:Errors over all scan:59

DEBUG:root:Result:tau1_fail
DEBUG:root:Match or Not:False
DEBUG:root:Real time1487903806.69

DEBUG:root:Extracted signature:bitarray('10000111111100010001111111100000111111111000011111111100001111111100001111111111011111111101111110001111100011100011110001110111111111111111111111000101111111111100101111111111000011111111100001111111110001111111100011111111101111111101111111011111110111110110110011010000')
DEBUG:root:Matched frame over all scan:2491

DEBUG:root:Errors over all scan:50

DEBUG:root:Result:replica detected
DEBUG:root:Match or Not:True
DEBUG:root:Real time1487903806.89

DEBUG:root:Extracted signature:bitarray('10001101100001010001100010000010111100100000111110010000011111101000001111001100011110110001111100001111000011100011110001110111111111111111111100001111111111100000111111111000001011111100000101111100000101111100001011111100100111111100111111101111110111110111110011011000')
DEBUG:root:Matched frame over all scan:1024

DEBUG:root:Errors over all scan:73

DEBUG:root:Result:tau3_fail
DEBUG:root:Match or Not:False
DEBUG:root:Real time1487903807.09

DEBUG:root:Extracted signature:bitarray('10001101100011110001100000000010111100100000111110000000001111100000001111001100011110110001111110001111000011110001110001110011111111111111111100001111111111100000111111111000001011111100000101111110000101111100001011111100100111111100111111101111110111110110111011011000')
DEBUG:root:Matched frame over all scan:1024

DEBUG:root:Errors over all scan:72

DEBUG:root:Result:tau3_fail
DEBUG:root:Match or Not:False
DEBUG:root:Real time1487903807.29

DEBUG:root:Extracted signature:bitarray('10001100100011110001111000000010011110000000101111000000001111100010101111101100011110110001111110001111000011110011110001110011111111111111111100001111111111100000111111111000001011111100001101111100001101111100001011111100100111111110111111101111110111110110110011011000')
DEBUG:root:Matched frame over all scan:1024

DEBUG:root:Errors over all scan:71

DEBUG:root:Result:tau3_fail
DEBUG:root:Match or Not:False
DEBUG:root:Real time1487903807.49

DEBUG:root:Extracted signature:bitarray('10000100000000110001100000000010011100100000101110011011101111110011101111101100011110110001111110001111100011110001110001110011111111111111111100001111111111100000111111111000001011111100001101111100001101111100001011111100100111111100111111101111110111110111110011011000')
DEBUG:root:Matched frame over all scan:1746

DEBUG:root:Errors over all scan:78

DEBUG:root:Result:tau3_fail
DEBUG:root:Match or Not:False
DEBUG:root:Real time1487903807.69

DEBUG:root:Extracted signature:bitarray('10001100000000010001110001000010011110011000101111000110101111100111101111100101011110000101111000101110000111000011000110001100100000011111111100001111111111100000111111111000001011111100001101111100001101111100001011111100100111111010111100101110010001010000100010101000')
DEBUG:root:Matched frame over all scan:1027

DEBUG:root:Errors over all scan:70

DEBUG:root:Result:tau3_fail
DEBUG:root:Match or Not:False
DEBUG:root:Real time1487903807.89

DEBUG:root:Extracted signature:bitarray('10001100000000010001110001100010011100011000001111000110101111110010101111100111011110011001111000101110001011001111001110011001100000011111111100001111111111100000101111111000001011111100001101111100001101111100001011111100100111111010111110101111010101010000100010000000')
DEBUG:root:Matched frame over all scan:1027

DEBUG:root:Errors over all scan:78

DEBUG:root:Result:tau3_fail
DEBUG:root:Match or Not:False
DEBUG:root:Real time1487903808.09

DEBUG:root:Extracted signature:bitarray('10000110000100010001110001100010011100011000101110000100001111110000101111100111011110001101111000101110001111000111000110000100010000011111111000001111111111100000111111111000011011111100001101111100001101111100001011111100100111111010111110101110010110010100100010001000')
DEBUG:root:Matched frame over all scan:1028

DEBUG:root:Errors over all scan:72

DEBUG:root:Result:replica detected
DEBUG:root:Match or Not:True
DEBUG:root:Real time1487903808.29

DEBUG:root:Extracted signature:bitarray('10000110000100010001110001100010011100011000111110000100101111110001101111100111011110010001111100011111000101100010100010000100010001011111111000011111111111100000111111111000011011111100001101111100001101111100001011111100100111110010111100101110010110010100100010001000')
DEBUG:root:Matched frame over all scan:1029

DEBUG:root:Errors over all scan:71

DEBUG:root:Result:tau3_fail
DEBUG:root:Match or Not:False
DEBUG:root:Real time1487903808.49

DEBUG:root:Extracted signature:bitarray('10001100011000010001110011000010111110110000111110011000101111110001101111100111011110110001111100001111000101100010100011000100000001111111111100001111111111100000111111111000001011111100001101111110001101111100001011111100100111111010111100101110010110010100110011001000')
DEBUG:root:Matched frame over all scan:1756

DEBUG:root:Errors over all scan:86

DEBUG:root:Result:tau2_fail
DEBUG:root:Match or Not:False
DEBUG:root:Real time1487903808.7

DEBUG:root:Extracted signature:bitarray('10000111111000010001100111000010111001110000111100111000011111111000011111110001011111000101111000101110000101000011000110000100010000011111111110000111111111110000101111111100001011111110000101111110000101111100001011111110100111111010111100101110010110010100100010001000')
DEBUG:root:Matched frame over all scan:1790

DEBUG:root:Errors over all scan:70

DEBUG:root:Result:tau3_fail
DEBUG:root:Match or Not:False
DEBUG:root:Real time1487903808.9

DEBUG:root:Extracted signature:bitarray('11100110110000011001100111000010011011111000111111001000011111100000011111100111011110001101111000101110000101000111000110000100010000011111111100000101111111110000101111111000001011111100000101111110000001111111100011111111000111111010111100101110010110010100100010001000')
DEBUG:root:Matched frame over all scan:1032

DEBUG:root:Errors over all scan:71

DEBUG:root:Result:tau3_fail
DEBUG:root:Match or Not:False
DEBUG:root:Real time1487903809.1

DEBUG:root:Extracted signature:bitarray('10010110011000010011110011100000111111001000011111100100001111111110001111111111011111111101111111101111000011100001100101000100010001111111111100000111111111100001101111111000011011111100000101111110000001111111100011111111001111110001111100011110001110011100110010001000')
DEBUG:root:Matched frame over all scan:1754

DEBUG:root:Errors over all scan:67

DEBUG:root:Result:replica detected
DEBUG:root:Match or Not:True
DEBUG:root:Real time1487903809.3

DEBUG:root:Extracted signature:bitarray('10010110011000010011111111000000111111001000011111100110001111110110000111111111011111111101111111101111100011110001110001100100000001111111111100000111111111100000101111111000011011111100000101111111000001111111100011111111101111111101111100011110001110011100110011001000')
DEBUG:root:Matched frame over all scan:1754

DEBUG:root:Errors over all scan:67

DEBUG:root:Result:replica detected
DEBUG:root:Match or Not:True
DEBUG:root:Real time1487903809.5

DEBUG:root:Extracted signature:bitarray('10011110000000110011100111001100111111110001011111111000001111111100000111111100011111111001111110001111100011111101111000000000010000011111111100000111111111100001101111111000011011111100000101111110000001111111100011111111001111111001111100011110001110011100110011010000')
DEBUG:root:Matched frame over all scan:2689

DEBUG:root:Errors over all scan:60

DEBUG:root:Result:replica detected
DEBUG:root:Match or Not:True
DEBUG:root:Real time1487903809.7

DEBUG:root:Extracted signature:bitarray('10011110000001110011110010001100111101110011011111111100101011111110000111111110011111110001111110001111100011110001111001111110100000011111111100000101111111100001101111111000011011111100000101111111000001111111100011111111001111111001111110011111001111011110100010010000')
DEBUG:root:Matched frame over all scan:2447

DEBUG:root:Errors over all scan:65

DEBUG:root:Result:replica detected
DEBUG:root:Match or Not:True
DEBUG:root:Under real time Point counter:0.228283166885

DEBUG:root:Extracted signature:bitarray('10011110010000110011100011001100111001111001011111100100001001111111000111111111011111111101111111101111111011111101111101111011010000011111111100000101111111100001101111111000011011111100000101111111000001111111110011111111001111111001111110011111001111011100110010010000')
DEBUG:root:Matched frame over all scan:2435

DEBUG:root:Errors over all scan:61

DEBUG:root:Result:tau1_fail
DEBUG:root:Match or Not:False
DEBUG:root:Real time1487903810.13

DEBUG:root:Extracted signature:bitarray('10011110000001110011100010001100111101001111011111100111101001110111000011111111011111111100011111000111100011111000111101111011100100011100111000000101111111100001101111110000011011111000001101111110000001111111000011111111001111111001111110011111001111011110100010010000')
DEBUG:root:Matched frame over all scan:0

DEBUG:root:Errors over all scan:73

DEBUG:root:Result:tau3_fail
DEBUG:root:Match or Not:False
DEBUG:root:Real time1487903810.33

DEBUG:root:Extracted signature:bitarray('10011110000000010011110010001100111111000111011111110010101011111110000111111110011111111001011111000111100010110000110001111001100000011111111100000111111111100001101111111000011011111100000101111111000001111111100011111111101111111001111110011111001111011110110011001000')
DEBUG:root:Matched frame over all scan:1746

DEBUG:root:Errors over all scan:70

DEBUG:root:Result:replica detected
DEBUG:root:Match or Not:True
DEBUG:root:Real time1487903810.53

DEBUG:root:Extracted signature:bitarray('10011110000000110011110010001100111111001111011111100110101011110111000111111110011111111001111111000111100010110001110011000100100000011111111100000111111111100001101111110000011011111100001101111110000001111111100011111111101111111001111110011111001111011110110011000000')
DEBUG:root:Matched frame over all scan:292

DEBUG:root:Errors over all scan:69

DEBUG:root:Result:tau2_fail
DEBUG:root:Match or Not:False
DEBUG:root:Real time1487903810.73

DEBUG:root:Extracted signature:bitarray('10011110000000110011110011000100111111011011011111100100101011110110000111111111001111111101011111100111100001111001111101111001100000011111111100000101111111100001101111110000011011111000001101111110000101111111000011111111001111111001111110011111001111011110110011010000')
DEBUG:root:Matched frame over all scan:292

DEBUG:root:Errors over all scan:67

DEBUG:root:Result:tau2_fail
DEBUG:root:Match or Not:False
DEBUG:root:Real time1487903810.93

DEBUG:root:Extracted signature:bitarray('10011110011000010011110011100100111111011001011111100110101011111110100111111111011111111101011111100111101011111101111101111001100000011111111100000101111111100001101111111000011011111100000101111110000001111111100011111111001111111001111110011111001111011100110011000000')
DEBUG:root:Matched frame over all scan:2688

DEBUG:root:Errors over all scan:60

DEBUG:root:Result:replica detected
DEBUG:root:Match or Not:True
DEBUG:root:Real time1487903811.13

DEBUG:root:Extracted signature:bitarray('10100110011100010001110001100100111111011001011111100110101011110111100111111111011111111101011111100111001011111101111101111001100000011111111100000101111111100001101111111000011011111100000101111111000001111111100011111111001111111001111110011111001111011100110011000000')
DEBUG:root:Matched frame over all scan:2440

DEBUG:root:Errors over all scan:63

DEBUG:root:Result:replica detected
DEBUG:root:Match or Not:True
DEBUG:root:Real time1487903811.33

DEBUG:root:Extracted signature:bitarray('10011110001000010011110011100100111111011011011111100110101011110110100111111111001111111101011111100111101011111101111101111001100000011110111000000101111111100001101111111000011011111100001101111110000001111111100011111111001111111001111110011111001111011100110010010000')
DEBUG:root:Matched frame over all scan:2440

DEBUG:root:Errors over all scan:62

DEBUG:root:Result:replica detected
DEBUG:root:Match or Not:True
DEBUG:root:Real time1487903811.53

DEBUG:root:Extracted signature:bitarray('10110100001000110111100011100100111100011011011111100111101011100111100011101111011111111101111111100111100011111001111101111001100000011101000100000101111000100001101110000000111010000000011101011000011101110000111011100001101111000001111000011100001100011000100011010000')
DEBUG:root:Matched frame over all scan:303

DEBUG:root:Errors over all scan:80

DEBUG:root:Result:tau3_fail
DEBUG:root:Match or Not:False
DEBUG:root:Real time1487903811.73

DEBUG:root:Extracted signature:bitarray('11110000000111111110000001111111100000001111111000000111110010000111110110001111111000011111000001110010001100000010000010001100100100011100001110100011110000111110001100000111100011000001110001100000111001100001110010000011001000001101000011010000101000101001000100100000')
DEBUG:root:Matched frame over all scan:1046

DEBUG:root:Errors over all scan:73

DEBUG:root:Result:replica detected
DEBUG:root:Match or Not:True
DEBUG:root:Real time1487903811.93

DEBUG:root:Extracted signature:bitarray('10110001000111111110001001111111100000011111111000001111110000001111110000001111001000110111100010011000000110000010000010000000000000011100001110110011110001111110001100001111100011000011110001100001110001000011100010000111001000011001000011010000101000100001001100101000')
DEBUG:root:Matched frame over all scan:1361

DEBUG:root:Errors over all scan:79

DEBUG:root:Result:tau3_fail
DEBUG:root:Match or Not:False
DEBUG:root:Real time1487903812.13

DEBUG:root:Extracted signature:bitarray('11011100001100111001100000100110011010000001101100000001111100000001111001000001100100000111100001110000010100000010000010000011001101110011000000110011011000000111011111110000110011111000011001011000000011110000001111000000111000000111000001100011100111001101010101101000')
DEBUG:root:Matched frame over all scan:191

DEBUG:root:Errors over all scan:68

DEBUG:root:Result:replica detected
DEBUG:root:Match or Not:True
DEBUG:root:Real time1487903812.33

DEBUG:root:Extracted signature:bitarray('11011100000100111001100000100110011011000000101100100001111100000000111001000001100100000111100001111000000100000010000010011001001111110000000000110011001001000011011111110000110011111000001001011000000011110000001111100000111100000111000011100011010011001001010101101000')
DEBUG:root:Matched frame over all scan:191

DEBUG:root:Errors over all scan:72

DEBUG:root:Result:tau3_fail
DEBUG:root:Match or Not:False
DEBUG:root:Real time1487903812.53

DEBUG:root:Extracted signature:bitarray('11011100001100111001000000100110011011000011101100000001111100000001111000000001100100000111100001110000010100000010000010000011001101010011000000110011011000000111011111110000110011111000011001011000000001110000001111000000111000000111000011100011100111001101011101101000')
DEBUG:root:Matched frame over all scan:191

DEBUG:root:Errors over all scan:62

DEBUG:root:Result:replica detected
DEBUG:root:Match or Not:True
DEBUG:root:Real time1487903812.73

DEBUG:root:Extracted signature:bitarray('11011100000100111001100000100110011011000000101100100000111100000000111001000001100100000011100001111000000100000010000010010001001111110000000000110011001000000011011111110000110011111000001001011000000001110000001111000000111100000111000011100011000011001001010101101000')
DEBUG:root:Matched frame over all scan:191

DEBUG:root:Errors over all scan:69

DEBUG:root:Result:tau3_fail
DEBUG:root:Match or Not:False
DEBUG:root:Real time1487903812.93

DEBUG:root:Extracted signature:bitarray('11011100001100111001100000100110011010000000101100100001111100000001111000000001100100000111100001110000000100000010000010000011001101110010000000110011011000000111011111110000110011111000011001011000000001110000001111000000111100000111000001100011100111001101010101101000')
DEBUG:root:Matched frame over all scan:191

DEBUG:root:Errors over all scan:69

DEBUG:root:Result:replica detected
DEBUG:root:Match or Not:True
DEBUG:root:Real time1487903813.13

DEBUG:root:Extracted signature:bitarray('11011000001101111001000000100110011011000011101100000001111100000001111001000001100100001111100001110000010100000010000010100011001101010111000000110011111000000111011111110000110011111000011001011000001001110000001111000000111000000111000001100011100110001101011101101000')
DEBUG:root:Matched frame over all scan:191

DEBUG:root:Errors over all scan:66

DEBUG:root:Result:replica detected
DEBUG:root:Match or Not:True
DEBUG:root:Real time1487903813.33

DEBUG:root:Extracted signature:bitarray('11001100000100111001100000100110011011000000101101100000111100000000111001000001100100000111100001011000000100000010000010011001001111110011000000110011001100000011011111110000110011111000001001111000000001110000001111100000111100000111000011100011010011001001010101101000')
DEBUG:root:Matched frame over all scan:191

DEBUG:root:Errors over all scan:68

DEBUG:root:Result:tau3_fail
DEBUG:root:Match or Not:False
DEBUG:root:Real time1487903813.53

DEBUG:root:Extracted signature:bitarray('11001100000100111001100000100110011010000000101100100000111100000000111000000001100100000111100001111000000100000010000010010011001101111111100000110011011100000011011111110000110011111000001001111000000001110000001111000000111000000111000001100011010011001001010101101000')
DEBUG:root:Matched frame over all scan:2099

DEBUG:root:Errors over all scan:67

DEBUG:root:Result:tau3_fail
DEBUG:root:Match or Not:False
DEBUG:root:Real time1487903813.73

DEBUG:root:Extracted signature:bitarray('11011100001001111001000000101110010010000011111100000001111100000001111001000001100100000111100001111000010100000010000010100011001101110011000000010011011000000111011111100000110011111000011001011000001001110000001111000000111000000111000001100011100110001101011101101000')
DEBUG:root:Matched frame over all scan:191

DEBUG:root:Errors over all scan:65

DEBUG:root:Result:replica detected
DEBUG:root:Match or Not:True
DEBUG:root:Real time1487903813.93

DEBUG:root:Extracted signature:bitarray('11011100001100111001100000100110011010000000101100100001111100000001111001000001100100000111100001111000010100000010000010100011001101011010000000110011011000000110011111110000110011111000011001011000000001110000001111000000111100000111000001100011100110001101011101101000')
DEBUG:root:Matched frame over all scan:1051

DEBUG:root:Errors over all scan:73

DEBUG:root:Result:tau3_fail
DEBUG:root:Match or Not:False
DEBUG:root:Real time1487903814.13

DEBUG:root:Extracted signature:bitarray('11011100001100111001100000100110011011000000101100100001111100000001111001000001100100000111100001111000010100000010000010110011001101110111000000110011011111000111011111111000110011111100011001111100000001111000001111100000111100000111000001100011010010001101011101101000')
DEBUG:root:Matched frame over all scan:1051

DEBUG:root:Errors over all scan:66

DEBUG:root:Result:tau3_fail
DEBUG:root:Match or Not:False
DEBUG:root:Real time1487903814.33

DEBUG:root:Extracted signature:bitarray('11011100000100111001100000100110011010000000101100100000111100000000111001000001100100000111100001111000000100000010000010011001001111111111000000110011011000000011011111100000110111111000001001011000000011010000001111000000111100000111000011100011010011001001010101101000')
DEBUG:root:Matched frame over all scan:2099

DEBUG:root:Errors over all scan:69

DEBUG:root:Result:tau3_fail
DEBUG:root:Match or Not:False
DEBUG:root:Real time1487903814.53

DEBUG:root:Extracted signature:bitarray('11011100001100111001100000100110011011000010101100000001111100000001111001000001100100000111100001111000000100000010000010100011001101110011000000110011011000000011011111110000110011111000011001011000000001010000001111000000111100000111000001100011100110001101010101101000')
DEBUG:root:Matched frame over all scan:191

DEBUG:root:Errors over all scan:71

DEBUG:root:Result:replica detected
DEBUG:root:Match or Not:True
DEBUG:root:Real time1487903814.73

DEBUG:root:Extracted signature:bitarray('11001100001100111001100000100110011011000000101100100001111100000001111001000001100100000111100001111000000100000010000010010011001101110011100000110011011111100011011111111000110011111100011001111100000001111000001111100000111100000111000001100011010011001001010101101000')
DEBUG:root:Matched frame over all scan:1054

DEBUG:root:Errors over all scan:67

DEBUG:root:Result:tau3_fail
DEBUG:root:Match or Not:False
DEBUG:root:Under real time Point counter:0.213243961334

DEBUG:root:Extracted signature:bitarray('10010011110001111001011110001111001111000001000111110000001111110000001111100100011111011001011011100110010011000011000010000100010000000101101111000110100001111100100001111111101000111111100100111111000100111110001000111011100011111100111111011100101100111001010100100000')
DEBUG:root:Matched frame over all scan:1947

DEBUG:root:Errors over all scan:80

DEBUG:root:Result:tau3_fail
DEBUG:root:Match or Not:False
DEBUG:root:Real time1487903815.15

DEBUG:root:Extracted signature:bitarray('10000011110001111001011110001110000111100001000111110000001111110000001111100110010110011100011011100110110011000011000010000100010000000101001111000110100101111100100001110111001000111111100100111111000100111110001000111011100011111100111101011100101100111000010001000000')
DEBUG:root:Matched frame over all scan:1074

DEBUG:root:Errors over all scan:71

DEBUG:root:Result:replica detected
DEBUG:root:Match or Not:True
DEBUG:root:Real time1487903815.35

DEBUG:root:Extracted signature:bitarray('10000011110001111001011110001111001111000001000111110000001111110000001111100110010111011100011011100110110011000011000010000100000000100101101111000110100101111100100001111111101000111111000100111111000101111110001000111011101011111100111111011100001100011000010001000000')
DEBUG:root:Matched frame over all scan:1062

DEBUG:root:Errors over all scan:72

DEBUG:root:Result:tau3_fail
DEBUG:root:Match or Not:False
DEBUG:root:Real time1487903815.55

DEBUG:root:Extracted signature:bitarray('10000011110001111001001110001111000111100001000111110000001111110000001111100010011111011100011011100110010011000011000010000100000000100101101111000110100101111100100001111111101000111111000100111111000100111110001000111011101011111100111111011100101100111001010101100000')
DEBUG:root:Matched frame over all scan:1062

DEBUG:root:Errors over all scan:76

DEBUG:root:Result:tau3_fail
DEBUG:root:Match or Not:False
DEBUG:root:Real time1487903815.75

DEBUG:root:Extracted signature:bitarray('10010001110001110001111110001111001111000011000111110000001111110000001111100100011110011001011011100110111011000011000010000100010000000101100111000110100101111000100001111111101000111111100100111111000100111110001001111001100011111100011111011110101100111000010000000000')
DEBUG:root:Matched frame over all scan:1072

DEBUG:root:Errors over all scan:84

DEBUG:root:Result:tau3_fail
DEBUG:root:Match or Not:False
DEBUG:root:Real time1487903815.95

DEBUG:root:Extracted signature:bitarray('10000001110001111001011110001111001111000001100111110000001111110000001111100100010111011000011011100110010011000011000010000100010000000101101111000110100101111100100001111111001000111111100100111111000100111110001001111011100011111100111101011100101100111000010000000000')
DEBUG:root:Matched frame over all scan:1074

DEBUG:root:Errors over all scan:76

DEBUG:root:Result:tau3_fail
DEBUG:root:Match or Not:False
DEBUG:root:Real time1487903816.15

DEBUG:root:Extracted signature:bitarray('10000011110001111001011110001110001111000001000111110000001111110000001111100100010111011000011011100110110011000011000010000100010000000101101111000110100101111100100001111111001000111111100100111111000100111110001001111001100011111100111111011100101100111001010100100000')
DEBUG:root:Matched frame over all scan:1947

DEBUG:root:Errors over all scan:77

DEBUG:root:Result:tau3_fail
DEBUG:root:Match or Not:False
DEBUG:root:Real time1487903816.35

DEBUG:root:Extracted signature:bitarray('10000011110001111001001110001111001111000000100111110000001111110000001111100100010110011000010011000110110011000011000010000100010000000101101111000110000101111100100001111111001000111111100100111111000100111110001000111001100011111100111101011100101100111000010000000000')
DEBUG:root:Matched frame over all scan:1062

DEBUG:root:Errors over all scan:80

DEBUG:root:Result:tau3_fail
DEBUG:root:Match or Not:False
DEBUG:root:Real time1487903816.55

DEBUG:root:Extracted signature:bitarray('10000011110000011000011110000010000111100000100011110000011111110000011111100000011111001101010011100110010011000011000010000100000000100101001111000110000101111100010001110111000000111111000000111111000000111110001000111111000011111000111100011100101100111001010000100000')
DEBUG:root:Matched frame over all scan:1071

DEBUG:root:Errors over all scan:71

DEBUG:root:Result:replica detected
DEBUG:root:Match or Not:True
DEBUG:root:Real time1487903816.75

DEBUG:root:Extracted signature:bitarray('10000011110001110000011110001111001111100001000111110000001111110000001111100100010110011001011011100111110011110011000010000100100100000101101111000110100101111100100001111111101000111111100100111111000100111110001001111001100011111100011111011100101100101001010000100000')
DEBUG:root:Matched frame over all scan:1072

DEBUG:root:Errors over all scan:80

DEBUG:root:Result:tau3_fail
DEBUG:root:Match or Not:False
DEBUG:root:Real time1487903816.95

DEBUG:root:Extracted signature:bitarray('10001001110000010001111110000111001111000000100111111000001111111010001111110100011111110001011111000011000011100011000010000100010000000111100111000110100101111000100001111111101000111111111000111111011001111110110011111001101011111100011111001110001100011000010000000000')
DEBUG:root:Matched frame over all scan:1849

DEBUG:root:Errors over all scan:79

DEBUG:root:Result:tau3_fail
DEBUG:root:Match or Not:False
DEBUG:root:Real time1487903817.15

DEBUG:root:Extracted signature:bitarray('10001000110001111011001110001111110011100001101111110000001111110010001111100100010110011001010011100110000011000011000010000100010000000001101111000110000101111100100001111111001000111111100100111111000101111110001000111101100011111100111101011100101100111000010000000000')
DEBUG:root:Matched frame over all scan:1074

DEBUG:root:Errors over all scan:81

DEBUG:root:Result:tau3_fail
DEBUG:root:Match or Not:False
DEBUG:root:Real time1487903817.35

DEBUG:root:Extracted signature:bitarray('10001000011111110000001000001110000010000011100001100001110001110011100001111101001111110101111111101111101011100000100000010001101111100111100001101110111111011000110011111110000100111111001010111111011010111111000011111101001111101001111000111100011100011000001101101000')
DEBUG:root:Matched frame over all scan:1683

DEBUG:root:Errors over all scan:83

DEBUG:root:Result:tau3_fail
DEBUG:root:Match or Not:False
DEBUG:root:Real time1487903817.55

DEBUG:root:Extracted signature:bitarray('10011100011100010001110010100010000111100011100011111001100001111101100011111011001110000101111000100111011011111101100010000100000111110111100001100100111110001100100111110011001000111111101010111111101010111101110001110001000110001010101011011111101111101001010011011000')
DEBUG:root:Matched frame over all scan:1955

DEBUG:root:Errors over all scan:94

DEBUG:root:Result:tau3_fail
DEBUG:root:Match or Not:False
DEBUG:root:Real time1487903817.75

DEBUG:root:Extracted signature:bitarray('10000001111111010000001111111000000011111111000001100011101000110011110001111111000100111100100111101001011011100111100011101110111111110111000110011100011001111001100010011110011001101111001010111110001010111100010101110011010110001011100000111000011000011000110011010000')
DEBUG:root:Matched frame over all scan:1343

DEBUG:root:Errors over all scan:83

DEBUG:root:Result:tau2_fail
DEBUG:root:Match or Not:False
DEBUG:root:Real time1487903817.95

DEBUG:root:Extracted signature:bitarray('10011000011111110000001011111110000011000111000001100011101000110111100001111111000111100100111100101111011011101100011100111001101111100111100011000110111110011001010111111110000100111111000010111110000010111111010101111100011111000011111000101100010101010110101001101000')
DEBUG:root:Matched frame over all scan:824

DEBUG:root:Errors over all scan:82

DEBUG:root:Result:tau1_fail
DEBUG:root:Match or Not:False
DEBUG:root:Real time1487903818.15

DEBUG:root:Extracted signature:bitarray('10001001111111110000001111011100000011100111000000110011101000110111100001111100000111100101111100101111011011001100011100111001101111100111100011001110011111011001000111111110110101111110011010111111011010111111010101111001001111001011111010101101010101010010101101101000')
DEBUG:root:Matched frame over all scan:2826

DEBUG:root:Errors over all scan:78

DEBUG:root:Result:tau3_fail
DEBUG:root:Match or Not:False
DEBUG:root:Real time1487903818.36

DEBUG:root:Extracted signature:bitarray('10001100111101110000011111100110000011011101000001100111100001111111100001111111001111100101111100001011000011100111100111001101100000000111100000001110011111011000100111111110001100111111001010111110000010111111000011111100001111100010111000101100010101010010101010010000')
DEBUG:root:Matched frame over all scan:10

DEBUG:root:Errors over all scan:82

DEBUG:root:Result:tau1_fail
DEBUG:root:Match or Not:False
DEBUG:root:Real time1487903818.56

DEBUG:root:Extracted signature:bitarray('10011100111111110000011110000010000011100001100000110000110000110000111001000001111000000011000000010010000001111101111101111011101111100111100011000010011110011000010111110110000100111111000010111110000010111100001110011000111001000011001001101100111100111001010100101000')
DEBUG:root:Matched frame over all scan:891

DEBUG:root:Errors over all scan:85

DEBUG:root:Result:tau2_fail
DEBUG:root:Match or Not:False
DEBUG:root:Real time1487903818.76

DEBUG:root:Extracted signature:bitarray('11111000111111100110000111000001100001110010100010111001110011111001100111110000011100000111100000110001000101100011110011100100111100000111100011001110111111011000100111111110000101111110001010111110001010111100000111011000011001100010001000101100011100011000100100100000')
DEBUG:root:Matched frame over all scan:1579

DEBUG:root:Errors over all scan:81

DEBUG:root:Result:tau2_fail
DEBUG:root:Match or Not:False
DEBUG:root:Real time1487903818.96

DEBUG:root:Extracted signature:bitarray('11110000111111100110000110000001100011100000100001111001010001111001000111100000111100000011000000010000000100100011110011100111101111100111100111101010011110110000010011111110000100111110001010111110000010111100000111011000011000100010001100100110011110011101100100100000')
DEBUG:root:Matched frame over all scan:1623

DEBUG:root:Errors over all scan:81

DEBUG:root:Result:tau3_fail
DEBUG:root:Match or Not:False
DEBUG:root:Real time1487903819.16

DEBUG:root:Extracted signature:bitarray('10111000111111100111000110000001100001100000100011110001010011110001100111000001111100000011100000010000000100100011110011100101101111000111100011101010111110011000100111111010000100111110000010111110000010111100000111011000011000100010001000101110011110011001100100110000')
DEBUG:root:Matched frame over all scan:939

DEBUG:root:Errors over all scan:85

DEBUG:root:Result:tau1_fail
DEBUG:root:Match or Not:False
DEBUG:root:Real time1487903819.36

DEBUG:root:Extracted signature:bitarray('10111000111111100110001110000001100001110000110011110001010001110001000111001001111100000011100000010000000100100011110011100110101100000111100011001110011111011000100111110010000101111110001010111110000010111100000111110000011000100010001000100110011110011100100100100000')
DEBUG:root:Matched frame over all scan:1623

DEBUG:root:Errors over all scan:82

DEBUG:root:Result:tau3_fail
DEBUG:root:Match or Not:False
DEBUG:root:Real time1487903819.56

DEBUG:root:Extracted signature:bitarray('11111000111111100111000111000001101101100000110011110001110011111001100111001000011100000011100000110000000100100011110011100100010011110111100011001110111111011000100111110110000101111100000010111110011010111100010101110000011101100010011000101110010110011100110100100000')
DEBUG:root:Matched frame over all scan:31

DEBUG:root:Errors over all scan:81

DEBUG:root:Result:tau1_fail
DEBUG:root:Match or Not:False
DEBUG:root:Real time1487903819.76

DEBUG:root:Extracted signature:bitarray('10111000111111100110000110010001100001100010110010111001110001111001100111101111011100000011100000010000001100100011110011100110010100000111100011011110011111011000100111110110000101111110001010111110001010111100010101111000011100100010001000101110010110011100110100100000')
DEBUG:root:Matched frame over all scan:1579

DEBUG:root:Errors over all scan:85

DEBUG:root:Result:tau2_fail
DEBUG:root:Match or Not:False
DEBUG:root:Under real time Point counter:0.209725856781

DEBUG:root:Extracted signature:bitarray('11111000111111100111100110000001101101100010110011110001110001110001100111001001011100000011100000010000000100100011110011100110010011100111100011001110111110011000100111110010000100111100000010111110001010111100000101110000011101100010001000101110010110011100110100100000')
DEBUG:root:Matched frame over all scan:32

DEBUG:root:Errors over all scan:79

DEBUG:root:Result:tau1_fail
DEBUG:root:Match or Not:False
DEBUG:root:Real time1487903820.17

DEBUG:root:Extracted signature:bitarray('10001100111111101001001111011001000001110111110000111001110001001000010010001000111100000011100000010000001101000011100011000101101111100111100011001100011111011011100111111111000001111111000010111111000010111100000110100000010100001010010000101100011100011000100100100000')
DEBUG:root:Matched frame over all scan:891

DEBUG:root:Errors over all scan:81

DEBUG:root:Result:tau1_fail
DEBUG:root:Match or Not:False
DEBUG:root:Real time1487903820.37

DEBUG:root:Extracted signature:bitarray('10001001111111010000001111011000000011100011000001111001100001111000000011111000011100100111100000010001000101110011110001100111101111110111100011011110111111011000100111111110001001111110001000111110000000111111001000111100010111011010111100111100011100011001011101110000')
DEBUG:root:Matched frame over all scan:1346

DEBUG:root:Errors over all scan:82

DEBUG:root:Result:tau2_fail
DEBUG:root:Match or Not:False
DEBUG:root:Real time1487903820.57

DEBUG:root:Extracted signature:bitarray('11001101111110001000001111110000000011110110100001111011100000111111100011111101011111100001110000010000001111000111001111011101101111100111100011011110111111011000100111111110001001111110010000111110011000111111110011111001010111001010111010101111100110101001011101101000')
DEBUG:root:Matched frame over all scan:1346

DEBUG:root:Errors over all scan:81

DEBUG:root:Result:tau3_fail
DEBUG:root:Match or Not:False
DEBUG:root:Real time1487903820.77

DEBUG:root:Extracted signature:bitarray('10000001111111010000001111110000000011111111000001110111100001111111100011111001011100100111110000010111001011001101000110000101101101000111100011101010011110011000000111111111001000111110010000111110011000111101010001111100010111100010111010001101100111101001010101101000')
DEBUG:root:Matched frame over all scan:2926

DEBUG:root:Errors over all scan:83

DEBUG:root:Result:tau3_fail
DEBUG:root:Match or Not:False
DEBUG:root:Real time1487903820.97

DEBUG:root:Extracted signature:bitarray('10101100110000011110100100000011001001000000100000110000010000110000010001100000100110000010110000011100000110000011000110000001101111110001100110000011000100100000011001001000000110100000000011100000000011001100001110010000011011000011111000110100011000011000110011001000')
DEBUG:root:Matched frame over all scan:1094

DEBUG:root:Errors over all scan:63

DEBUG:root:Result:tau3_fail
DEBUG:root:Match or Not:False
DEBUG:root:Real time1487903821.17

DEBUG:root:Extracted signature:bitarray('11111100110000011110100100000011000001000000100000110000010000110000110001100001100110000010110000011100000111000111000110001001101111110001100110000011000100100000011001001000000110100100000011100100000011001100001110110000011111000011101000110000011000011000110001001000')
DEBUG:root:Matched frame over all scan:1093

DEBUG:root:Errors over all scan:60

DEBUG:root:Result:tau3_fail
DEBUG:root:Match or Not:False
DEBUG:root:Real time1487903821.37

DEBUG:root:Extracted signature:bitarray('10111100110000011110110100000011001001000000100000100000010000100000110001100001100110000010110000011100000110000010000110000001101110010001100110000011000100100000011001001000000110100100000011100010000011001100000110010000011011000011111000110100011000111000110001001000')
DEBUG:root:Matched frame over all scan:1094

DEBUG:root:Errors over all scan:65

DEBUG:root:Result:tau3_fail
DEBUG:root:Match or Not:False
DEBUG:root:Real time1487903821.57

DEBUG:root:Extracted signature:bitarray('11100100110000011110110100000011001001000000100000110000010000110000010001100000110110000010110000011100000110000011000010011001101111110000100110000011000100100000011001001000000110100000000011100000000011001100000110110000011111000011111000110000011000011000110001001000')
DEBUG:root:Matched frame over all scan:1094

DEBUG:root:Errors over all scan:60

DEBUG:root:Result:replica detected
DEBUG:root:Match or Not:True
DEBUG:root:Real time1487903821.77

DEBUG:root:Extracted signature:bitarray('10011101110000111111101100000011000011000000100001100000011001110000010001100000101110000010110000011110000111000011000110001001101111110001100110000011000100100000011001001000000110100100000011100100000011001100000110110000011111000011101000110000011000011000110011001000')
DEBUG:root:Matched frame over all scan:1096

DEBUG:root:Errors over all scan:65

DEBUG:root:Result:tau3_fail
DEBUG:root:Match or Not:False
DEBUG:root:Real time1487903821.97

DEBUG:root:Extracted signature:bitarray('11101101110000011110111100000011000001000000100000100000010000100000010001100000101110000010110000011100000110000011000110011001101111110001100110000011000100100000011001001000000110100100000011100100000011001100000110110000011111000011111000110100011000011000110001001000')
DEBUG:root:Matched frame over all scan:1094

DEBUG:root:Errors over all scan:67

DEBUG:root:Result:tau3_fail
DEBUG:root:Match or Not:False
DEBUG:root:Real time1487903822.17

DEBUG:root:Extracted signature:bitarray('11100100110000011110111100000011000101000000100000110000010000110000010001100000101110000010110000011100000111000011000010011001101111110000100110000011000100100000011001001000000110100100000011100100000011001100000110110000011111000011111000110000011000011000110001001000')
DEBUG:root:Matched frame over all scan:1101

DEBUG:root:Errors over all scan:60

DEBUG:root:Result:tau3_fail
DEBUG:root:Match or Not:False
DEBUG:root:Real time1487903822.37

DEBUG:root:Extracted signature:bitarray('10001100110000011110111100000011101101000000100000110000010000110000010001100000100110000010110000011110000111000011000110000001101111110001100110000011000100100000011001001000000110100100000011100100000011001100000110110000011111000011101000110000011000011000110001001000')
DEBUG:root:Matched frame over all scan:1101

DEBUG:root:Errors over all scan:56

DEBUG:root:Result:tau3_fail
DEBUG:root:Match or Not:False
DEBUG:root:Real time1487903822.57

DEBUG:root:Extracted signature:bitarray('10100100110000011110111100000011000101000000100000110000010000110000010001100000101110000010110000011100000111000011000010000100101111110001100110000011000100100000011001001000000110100100000011100100000011001100000110110000011111000011101000110000011000011000110011011000')
DEBUG:root:Matched frame over all scan:1101

DEBUG:root:Errors over all scan:53

DEBUG:root:Result:tau3_fail
DEBUG:root:Match or Not:False
DEBUG:root:Real time1487903822.78

DEBUG:root:Extracted signature:bitarray('10001100110000011110111100000011001101000000100000110000010000110000011001100000101110000010110000011100000111000011000010000100101111110001100110000011000100100000011001001000000110100100000011100100000011001100000110110000011111000011111000110000011000011000110011011000')
DEBUG:root:Matched frame over all scan:1101

DEBUG:root:Errors over all scan:52

DEBUG:root:Result:replica detected
DEBUG:root:Match or Not:True
DEBUG:root:Real time1487903822.98

DEBUG:root:Extracted signature:bitarray('10001101110000011100111100000011001101000000100001110000010000110000010001100000101110000010110000011100000110000011000010000100101111110001100110000011000100100000011001001000000110100100000011100110000011001100000110110000011111000011111000110100011000011000110011011000')
DEBUG:root:Matched frame over all scan:1101

DEBUG:root:Errors over all scan:57

DEBUG:root:Result:tau3_fail
DEBUG:root:Match or Not:False
DEBUG:root:Real time1487903823.18

DEBUG:root:Extracted signature:bitarray('10000100110000011110110100000011001101000000100010110000010000110000010001100000111110000010110000011110000111000011000010000100101111110001100110000011000100100000011001001000000110100100000011100100000011001100000110110000011111000011111000110000011000011000110011010000')
DEBUG:root:Matched frame over all scan:1101

DEBUG:root:Errors over all scan:51

DEBUG:root:Result:replica detected
DEBUG:root:Match or Not:True
DEBUG:root:Real time1487903823.38

DEBUG:root:Extracted signature:bitarray('10011101110000111111111100000011011011000000100001110000010001110000010001100000101110000010110000011100000111000011000010000100100111110001100110000011000100100000011001001000000110100100000011100100000011001100000110110000011111000011111000110000011000011000110011001000')
DEBUG:root:Matched frame over all scan:1101

DEBUG:root:Errors over all scan:60

DEBUG:root:Result:tau3_fail
DEBUG:root:Match or Not:False
DEBUG:root:Real time1487903823.58

DEBUG:root:Extracted signature:bitarray('11110000111111110011000010011110110000000110111000000011011000000011010000111110000011111000011001010100011100001111011101111011111111111110000000011111111000000011111100000000111110000000011101000000011101000000111010000111101010001100100010100011011011010110101010010000')
DEBUG:root:Matched frame over all scan:1106

DEBUG:root:Errors over all scan:80

DEBUG:root:Result:tau3_fail
DEBUG:root:Match or Not:False
DEBUG:root:Real time1487903823.78

DEBUG:root:Extracted signature:bitarray('11110000111111110011000000011010110000000011111000000001110000001111110000111110000111110000010000010000011100001110001111111011111111111100000001011111111000000011111110000000111111000000011111000000001101000000111010000011101010001110110010100001010001010110101010110000')
DEBUG:root:Matched frame over all scan:1106

DEBUG:root:Errors over all scan:87

DEBUG:root:Result:tau3_fail
DEBUG:root:Match or Not:False
DEBUG:root:Real time1487903823.98

DEBUG:root:Extracted signature:bitarray('11111000111111111111000000011101110000000111111000000000010000001100010000111000100011100010001111100011111001111101011100111011101111111110000001011111111000000011101110000000111010000000011011000000001011000000010110000011110000001111100010100011010011010110101010010000')
DEBUG:root:Matched frame over all scan:1107

DEBUG:root:Errors over all scan:78

DEBUG:root:Result:tau3_fail
DEBUG:root:Match or Not:False
DEBUG:root:Real time1487903824.18

DEBUG:root:Extracted signature:bitarray('11111000111111111111000011110001110010010111011001100011010000110011010001100001101100000111110000010000000100000010000110011011010011111100000001001111111000001001101110000000001011000000011101000000011101000000011010000001101000001100110011100001010001110111010011011000')
DEBUG:root:Matched frame over all scan:1446

DEBUG:root:Errors over all scan:83

DEBUG:root:Result:tau3_fail
DEBUG:root:Match or Not:False
DEBUG:root:Real time1487903824.38

DEBUG:root:Extracted signature:bitarray('11110000111111101111100111111101111000111110110000001111010001101111110011011000101100000011000000010000000100000010000010011011101100011100000000100111111000000001111110000000011011000000001101000000001101000000001010000000111000000110010000101000110000110011001101000000')
DEBUG:root:Matched frame over all scan:1457

DEBUG:root:Errors over all scan:75

DEBUG:root:Result:tau3_fail
DEBUG:root:Match or Not:False
DEBUG:root:Real time1487903824.58

DEBUG:root:Extracted signature:bitarray('11110000111111101111100011101101111000111000110001000011010001100111010011000000101100000011000000010000000100000010000010011011101101011100000000101111111000001100111110000010011011000001001101000000001101000000001010000000111000000110010000101001010001110011011011000000')
DEBUG:root:Matched frame over all scan:1455

DEBUG:root:Errors over all scan:77

DEBUG:root:Result:tau3_fail
DEBUG:root:Match or Not:False
DEBUG:root:Real time1487903824.78

DEBUG:root:Extracted signature:bitarray('11110000111111101111100011100001111000111000110001000001010001100011010011000000111110000011000000010000000100000010000010011011101101111100000001001111111000001101101110000010001011000001001101000000001101000000001010000000111000000110110001101001010001110011011011010000')
DEBUG:root:Matched frame over all scan:1479

DEBUG:root:Errors over all scan:77

DEBUG:root:Result:tau3_fail
DEBUG:root:Match or Not:False
DEBUG:root:Under real time Point counter:0.207536935806

DEBUG:root:Extracted signature:bitarray('11110000111111101111100111101101111000111011110000001101110001000111100011011000111100000011000000010000000100000010000010011011101100011100000000101111110000000001101110000000011011000000001101000000001101000000001010000000111000000110010001101000110000110001011101000000')
DEBUG:root:Matched frame over all scan:1457

DEBUG:root:Errors over all scan:80

DEBUG:root:Result:tau3_fail
DEBUG:root:Match or Not:False
DEBUG:root:Real time1487903825.19

DEBUG:root:Extracted signature:bitarray('11111000111110001111100001110001111010010110011001100011110001101011100000111111000110011100010011100111011011100101110011000100010010011100000001111011111000001111101110000010111010000001011101000001001101000000011010000001101000001101110011011001101001101100110011001000')
DEBUG:root:Matched frame over all scan:1431

DEBUG:root:Errors over all scan:84

DEBUG:root:Result:tau2_fail
DEBUG:root:Match or Not:False
DEBUG:root:Real time1487903825.39

DEBUG:root:Extracted signature:bitarray('11111000111110011111100001110001111010000000011001110011111000110011110000110111000010011100011011100111111011110001110001100100010010011100000001110111110000001111101100000010111010000000011101000000011101000000011010000001101010001101110011010001101011101100110011011000')
DEBUG:root:Matched frame over all scan:2215

DEBUG:root:Errors over all scan:80

DEBUG:root:Result:tau2_fail
DEBUG:root:Match or Not:False
DEBUG:root:Real time1487903825.59

DEBUG:root:Extracted signature:bitarray('11111100111111101111100111111101111001111001011000100100110100100111100111001100011001011011001001110001111001111001100011000111111100011110000000011011110000000111111111000001111011000000101101000000101101000001001010000000111000000111010001011100101000101001111011000000')
DEBUG:root:Matched frame over all scan:2622

DEBUG:root:Errors over all scan:90

DEBUG:root:Result:tau3_fail
DEBUG:root:Match or Not:False
DEBUG:root:Real time1487903825.79

DEBUG:root:Extracted signature:bitarray('11111000111110011111100011110001111010011100011001110011111000110011100000110111000010011100011011100111111011110001110011100100010010011100000001110111110000001110101100000010111010000000011101000000011101000000011010000001101010001101110011010001101011101100110011001000')
DEBUG:root:Matched frame over all scan:2215

DEBUG:root:Errors over all scan:82

DEBUG:root:Result:tau2_fail
DEBUG:root:Match or Not:False
DEBUG:root:Real time1487903825.99

DEBUG:root:Extracted signature:bitarray('11111000111111101111000011111101110010010111110001100001110001101011110001011111001101001100011001100110011011101101100011000110010010011100000001110011110000001101101110000010111011000000011101000000011101000000011010000001101000001101110011011001101001101110110011000000')
DEBUG:root:Matched frame over all scan:1237

DEBUG:root:Errors over all scan:89

DEBUG:root:Result:tau2_fail
DEBUG:root:Match or Not:False
