DEBUG:root:Under real time Point counter:1.81198120117e-05

DEBUG:root:Extracted signature:bitarray('11110010011111101111110011111101111110001110011111000110011111000111011100000111100000111110000111110000110100000010000010000101101101111000111010011100000011011000010100011110000110011111001100011011011100011110000001110010001110001001100110100011100101100111011101100100')
DEBUG:root:Matched frame over all scan:1940

DEBUG:root:Errors over all scan:88

DEBUG:root:Result:replica detected
DEBUG:root:Match or Not:True
DEBUG:root:Under real time Point counter:0.246912002563

DEBUG:root:Extracted signature:bitarray('11110011011111101111111011111101111110001100011111000110011111000111011100000111100000111110000111110000110100000010000010000001101101111000111010011100000011111000010100011110000110011111001101011011011100011110000001110010001110000001100110100011100101100111001101100100')
DEBUG:root:Matched frame over all scan:1939

DEBUG:root:Errors over all scan:87

DEBUG:root:Result:replica detected
DEBUG:root:Match or Not:True
DEBUG:root:Real time1487957420.92

DEBUG:root:Extracted signature:bitarray('11110010011011101111110011011101111110011100011111000110011111000111011000000111100000011110000111000000110100000010000010000100101101011000111110011100010011110000010100011100000110011111001100011011011100011110100001110010001110001001100111100011101101101011011101100100')
DEBUG:root:Matched frame over all scan:2871

DEBUG:root:Errors over all scan:83

DEBUG:root:Result:tau3_fail
DEBUG:root:Match or Not:False
DEBUG:root:Real time1487957421.12

DEBUG:root:Extracted signature:bitarray('11110001111111001111000111111101100110111111010011011111100011001111100110011111001101110001111100001110000111000010000010100011000000111110011001001101110011111000011101111111000101101111110001101110010001011100110011010011011000001110000100101110101110101101100000000100')
DEBUG:root:Matched frame over all scan:1943

DEBUG:root:Errors over all scan:65

DEBUG:root:Result:replica detected
DEBUG:root:Match or Not:True
DEBUG:root:Real time1487957421.32

DEBUG:root:Extracted signature:bitarray('11110000111111001110000111111101110110111111010011011111100011001111100110011111001111110001111110001110000110000010000010100011000000111110011001001101100111101000011001011111000101101111100001101111011001011100110011000001110001001110000100001110101110101001100010000100')
DEBUG:root:Matched frame over all scan:1943

DEBUG:root:Errors over all scan:69

DEBUG:root:Result:replica detected
DEBUG:root:Match or Not:True
DEBUG:root:Real time1487957421.53

DEBUG:root:Extracted signature:bitarray('11110000111111001110000111111101110110111111010011011111100011001111100110011100001111110001111110001100100110000010000010100010010000111110011001001101110111111000111101111111000001101111101001101111011001111110110011001001110001000110011100011110001110011100100010000100')
DEBUG:root:Matched frame over all scan:1944

DEBUG:root:Errors over all scan:68

DEBUG:root:Result:replica detected
DEBUG:root:Match or Not:True
DEBUG:root:Real time1487957421.73

DEBUG:root:Extracted signature:bitarray('11110000111111001110000111111101100111111111010011011111000010001111000111011100001111110001100110011001110100000010000010000011010000111110011101001100110111111100111101111111001001101111101101101111111101111111011011011000110011001101110000011010010110001100100010010100')
DEBUG:root:Matched frame over all scan:1945

DEBUG:root:Errors over all scan:70

DEBUG:root:Result:tau3_fail
DEBUG:root:Match or Not:False
DEBUG:root:Real time1487957421.93

DEBUG:root:Extracted signature:bitarray('11110000111111001110000111111101110110111111010011011111100011001111000110011110011101110001111110011101100100000010000010000110010010111110011001001101100111101000111001011111000101101111001101101111011101011110011011111001101000001100111001011100111010101101100100000100')
DEBUG:root:Matched frame over all scan:1945

DEBUG:root:Errors over all scan:79

DEBUG:root:Result:tau3_fail
DEBUG:root:Match or Not:False
DEBUG:root:Real time1487957422.13

DEBUG:root:Extracted signature:bitarray('11110000111111001110000111111101110111111110010011011111000010001111100100011111011000111100000111000011100111000011000010000001101100011100011000001100100111100001111001011000011101101110001101101110011001011100100101100001101110001111100111100011110011101100001001000100')
DEBUG:root:Matched frame over all scan:1947

DEBUG:root:Errors over all scan:80

DEBUG:root:Result:replica detected
DEBUG:root:Match or Not:True
DEBUG:root:Real time1487957422.33

DEBUG:root:Extracted signature:bitarray('11110000111111101111000111111101110111111110010011011111000010001111100110011111011011111101001111100001111000011100000010000100010011111110111000101100110111000001111101011000011101101110001101101110011001011110100101011000010111000111010001011000101011100011000000001100')
DEBUG:root:Matched frame over all scan:1948

DEBUG:root:Errors over all scan:82

DEBUG:root:Result:tau3_fail
DEBUG:root:Match or Not:False
DEBUG:root:Under real time Point counter:0.204593896866

DEBUG:root:Extracted signature:bitarray('11110001111111001111001111111101110111111110010011011111000011001111100110011111011111111101011110000011100000010000000011000100010011111100011000101101100111001001111001010000011101101100001101101110011001011110000100111000010110001101101111011111001011010000100010010100')
DEBUG:root:Matched frame over all scan:1951

DEBUG:root:Errors over all scan:74

DEBUG:root:Result:tau3_fail
DEBUG:root:Match or Not:False
DEBUG:root:Real time1487957422.73

DEBUG:root:Extracted signature:bitarray('11110001111111101111001111111100110111111110010011111111000011001111100111011111011101111101011110000011100001110011100011000100010010011100011000111101110011001001111101010000011101101100001101101110011001011110000100111000110110001101101111010111101111101000100010010100')
DEBUG:root:Matched frame over all scan:1951

DEBUG:root:Errors over all scan:67

DEBUG:root:Result:replica detected
DEBUG:root:Match or Not:True
DEBUG:root:Real time1487957422.93

DEBUG:root:Extracted signature:bitarray('11110001111111001110000111111100110111111111010011111111100011001111100110011111011100111101011111000011000001100011100011000100010000010110011000101100110110000001111101000000011101101100001101101110011001001110000100011000010110001101100111010111100111101000100011100100')
DEBUG:root:Matched frame over all scan:1951

DEBUG:root:Errors over all scan:78

DEBUG:root:Result:replica detected
DEBUG:root:Match or Not:True
DEBUG:root:Real time1487957423.13

DEBUG:root:Extracted signature:bitarray('11110001111111101110001111111100000111111111010011111111100011001111100111011111011101111101111111000011000001000011100011000100010010011100011000111100110110000001101111000000011111101100001101101110011001001110000100011000010110001101100111011111101111101001100101101100')
DEBUG:root:Matched frame over all scan:1953

DEBUG:root:Errors over all scan:81

DEBUG:root:Result:replica detected
DEBUG:root:Match or Not:True
DEBUG:root:Real time1487957423.33

DEBUG:root:Extracted signature:bitarray('11110001111111001110001111111100110111111110010011011111000010001111100110011111011101111101101111000010010001000011100011100100010010111100011000101100100100000101111111000000011101101100001101101110011001011100100100111000010110001101110110011011101101101001100100101100')
DEBUG:root:Matched frame over all scan:1952

DEBUG:root:Errors over all scan:76

DEBUG:root:Result:replica detected
DEBUG:root:Match or Not:True
DEBUG:root:Real time1487957423.53

DEBUG:root:Extracted signature:bitarray('11110001111111101110000111111100000111111100000011011110010011001110010111011100011100011101110000011000000100100010000010000100010011111100011000101101100011001000111001011001000101101100001101101110000101011110010101110001000110001001100010110010010000011000100010011100')
DEBUG:root:Matched frame over all scan:1954

DEBUG:root:Errors over all scan:81

DEBUG:root:Result:tau3_fail
DEBUG:root:Match or Not:False
DEBUG:root:Real time1487957423.73

DEBUG:root:Extracted signature:bitarray('11110001111111001110001111111101100010111110010001111111110000111111100000011111001101111101111111101111111011111001110001100110010010011110011000101100100011001101101001011111011000100111111001100110111001011110110001111010001111100001111100110010010011010000100010000100')
DEBUG:root:Matched frame over all scan:1955

DEBUG:root:Errors over all scan:76

DEBUG:root:Result:replica detected
DEBUG:root:Match or Not:True
DEBUG:root:Under real time Point counter:0.209033966064

DEBUG:root:Extracted signature:bitarray('10001000110101110010000010011100110010001111001111100111101111100111101111011110011001011011100001111001001100110000110001100011001101100101110001100011100000001101101110000001000011101110000001111100011101110000011011100000011100000011000001100001110011100100011101010100')
DEBUG:root:Matched frame over all scan:2723

DEBUG:root:Errors over all scan:94

DEBUG:root:Result:tau2_fail
DEBUG:root:Match or Not:False
DEBUG:root:Real time1487957424.14

DEBUG:root:Extracted signature:bitarray('10001000111011110010000111011100110011111111001111100111100111100111101111011110011101111001111111101111100001100010110001100011101111100101000011000011111000001101101110001000000111100110000111111100011100111000001111100000011110000011000001100001010110001100011001010100')
DEBUG:root:Matched frame over all scan:1957

DEBUG:root:Errors over all scan:84

DEBUG:root:Result:tau3_fail
DEBUG:root:Match or Not:False
DEBUG:root:Real time1487957424.34

DEBUG:root:Extracted signature:bitarray('11110111111100101110011111111101111110011111011011001111101001111111100111100111001111001101011101100111111011110001110001110011111111110111111110000000011111000000010111100100000101110110010001111110000001101111001010111100111100000011100000110000010000010001101101100100')
DEBUG:root:Matched frame over all scan:1640

DEBUG:root:Errors over all scan:70

DEBUG:root:Result:tau3_fail
DEBUG:root:Match or Not:False
DEBUG:root:Under real time Point counter:0.208498954773

DEBUG:root:Extracted signature:bitarray('11111111111111101111111111111101111111111111010001111111111000001111110000000111100000001111110000011100000111000011000010000100010010011100011001000001110000001110001100000000000011011001000001011110000000001111000000011111000000011100011111011111001111011100100010010100')
DEBUG:root:Matched frame over all scan:1960

DEBUG:root:Errors over all scan:76

DEBUG:root:Result:replica detected
DEBUG:root:Match or Not:True
DEBUG:root:Real time1487957424.75

DEBUG:root:Extracted signature:bitarray('11111111111011101111111111111101101111111111010001111111111000000111110000000011101000001111110000111110000111000011100010000100100100011100011000000001110000001110001100000000000011011001000001011111100000001111100000000110000000111100011111001111101111101111100110000100')
DEBUG:root:Matched frame over all scan:1960

DEBUG:root:Errors over all scan:86

DEBUG:root:Result:tau3_fail
DEBUG:root:Match or Not:False
DEBUG:root:Real time1487957424.95

DEBUG:root:Extracted signature:bitarray('11111111111011101111111111111101111111111111010001111111111000000011110000000011101000000011101100011001000100000010010010100110010000011100011000000001110000001110001100000000000011011001000001011111111000001111100000010110000010011100111111011111101111101100011101101100')
DEBUG:root:Matched frame over all scan:1962

DEBUG:root:Errors over all scan:86

DEBUG:root:Result:tau3_fail
DEBUG:root:Match or Not:False
DEBUG:root:Real time1487957425.15

DEBUG:root:Extracted signature:bitarray('11111111100000101111111111001101111111111111011001111111111000000001110000000000100001000011001000010010000100000010000011100110010000011110011000000001110000000000011110000000000011011000000001111111100000001111100000100110000110111101101111011111101111101111011101101100')
DEBUG:root:Matched frame over all scan:1963

DEBUG:root:Errors over all scan:78

DEBUG:root:Result:replica detected
DEBUG:root:Match or Not:True
DEBUG:root:Real time1487957425.35

DEBUG:root:Extracted signature:bitarray('11111011100000101111111100000101111111111111011111111111101100000001111000000000100010000010010000010010000101000010100011000110010000000111011000000010010001000000010110000000111111000000000001111100000001011111100000001111001101111101111111011111101111101111011101110100')
DEBUG:root:Matched frame over all scan:1966

DEBUG:root:Errors over all scan:91

DEBUG:root:Result:replica detected
DEBUG:root:Match or Not:True
DEBUG:root:Under real time Point counter:0.222891807556

DEBUG:root:Extracted signature:bitarray('11111111111001101111111111111101111111111111011011111111101000010011111000001000100010000010011000110110000100000010000011000100010000000010011110001101110000000000111110000000111111001000000001111111110001011111111000001111101101111101001111011111101111101111011101100100')
DEBUG:root:Matched frame over all scan:1963

DEBUG:root:Errors over all scan:90

DEBUG:root:Result:tau3_fail
DEBUG:root:Match or Not:False
DEBUG:root:Under real time Point counter:0.238995075226

DEBUG:root:Extracted signature:bitarray('11111011111001101111111111001101111111111111011111111111101100111111111000001100100010000010010000110110000111000010000011000100010000000011011110000110010001000001111110000001111111000000000001111101100001011111111000011111101001111101011111010111101111101111011101101100')
DEBUG:root:Matched frame over all scan:1967

DEBUG:root:Errors over all scan:90

DEBUG:root:Result:tau3_fail
DEBUG:root:Match or Not:False
DEBUG:root:Real time1487957426.02

DEBUG:root:Extracted signature:bitarray('11111011111001101111111100001101111111111111011111111111101100111011111000001000100010000010010000010110000111000011000011000100010000000010011110000110010001000000110110000001111111000000000001111101100001011111111000011111101001111101011111011111101111101111011101100100')
DEBUG:root:Matched frame over all scan:1967

DEBUG:root:Errors over all scan:87

DEBUG:root:Result:replica detected
DEBUG:root:Match or Not:True
DEBUG:root:Under real time Point counter:0.200474977493

DEBUG:root:Extracted signature:bitarray('11111011111001100111111111001101111111110011011111111111101101111111101000111000110010000010010000010110000111000011000011000100010000010011001111000110001001100000110010000000011101100000001111100100000001111111001010111111101001111101011110000111101111101111011101101100')
DEBUG:root:Matched frame over all scan:609

DEBUG:root:Errors over all scan:89

DEBUG:root:Result:tau3_fail
DEBUG:root:Match or Not:False
DEBUG:root:Real time1487957426.42

DEBUG:root:Extracted signature:bitarray('11111011111001100111111111001101111111110011011111111111101101111111101000010000110010000010011000010110000111000010000011000100010000010011001111000010001001110000110010000000011111100000001111100100000001111111100010111111101001111101011111010111101111101111011101100100')
DEBUG:root:Matched frame over all scan:609

DEBUG:root:Errors over all scan:89

DEBUG:root:Result:tau3_fail
DEBUG:root:Match or Not:False
DEBUG:root:Under real time Point counter:0.201663970947

DEBUG:root:Extracted signature:bitarray('11111011111001101111111111001101111111110011011111111111101101111111111000000000100000000010010000010110000111000010000011000100010000000011001111000010000001110000011110000010001111100000000111100100000001111111010000111111101001111101011111010111101111101111011101100100')
DEBUG:root:Matched frame over all scan:609

DEBUG:root:Errors over all scan:90

DEBUG:root:Result:tau3_fail
DEBUG:root:Match or Not:False
DEBUG:root:Under real time Point counter:0.20280790329

DEBUG:root:Extracted signature:bitarray('11111111100000001111111100000001111111110000011111111111101000000011111000000111100000001110000000111100001111000011000010000100010000000011011000000011000001110000011110000000011111100000000011111000000001111110000001111110000011111000001111001111101111101111010010010100')
DEBUG:root:Matched frame over all scan:1061

DEBUG:root:Errors over all scan:92

DEBUG:root:Result:tau3_fail
DEBUG:root:Match or Not:False
DEBUG:root:Real time1487957427.02

DEBUG:root:Extracted signature:bitarray('11111111111001101111111111001101111111111111010001111111111000000000010000000000111000000011100000011000000100000010000011100110010000011100111111000101110000110000111110000000011011110000000001111111111100001111111001001111100011111100111111011111101111101111001101110100')
DEBUG:root:Matched frame over all scan:1491

DEBUG:root:Errors over all scan:77

DEBUG:root:Result:tau3_fail
DEBUG:root:Match or Not:False
DEBUG:root:Real time1487957427.23

DEBUG:root:Extracted signature:bitarray('11111111111001101111111111001101101111111111010001111111110000000000010000000000111000000111110000011000000110000010000010001000100000011100011111000001110000111000101110000000011011110100000001011111111100001111111001001111000000111100011111001111101111101111011100100100')
DEBUG:root:Matched frame over all scan:1491

DEBUG:root:Errors over all scan:81

DEBUG:root:Result:tau3_fail
DEBUG:root:Match or Not:False
DEBUG:root:Under real time Point counter:0.200688123703

DEBUG:root:Extracted signature:bitarray('11100111111111101100011111111111000000000011110000000000010011000000010110000000110001000011000000010000000100100010100011000100010000011100000000000001101110000000001011111111000000001111111000000011011000011001111001110011101111001101110011011001101001100011001100100100')
DEBUG:root:Matched frame over all scan:2888

DEBUG:root:Errors over all scan:85

DEBUG:root:Result:tau3_fail
DEBUG:root:Match or Not:False
DEBUG:root:Under real time Point counter:0.205085992813

DEBUG:root:Extracted signature:bitarray('11100111111000111101111111000011000111111000110001110000010000110000011000110000100001100010000010010000000100000011100010000100010000011000011111000000000001100001110011000000111001111001101100111001111100111001111011110011101111101101111111011111101011100111011101101100')
DEBUG:root:Matched frame over all scan:2886

DEBUG:root:Errors over all scan:67

DEBUG:root:Result:replica detected
DEBUG:root:Match or Not:True
DEBUG:root:Under real time Point counter:0.208884000778

DEBUG:root:Extracted signature:bitarray('11111111111000111111111110000001111110000000110111001000000111100100001111000100001110010001110000001111000011110011000010000100010000011000111000000000000011100000010000110000001100000000011110000010011100000111011010001101101001111101000111100000111101101111011101100100')
DEBUG:root:Matched frame over all scan:2279

DEBUG:root:Errors over all scan:96

DEBUG:root:Result:tau2_fail
DEBUG:root:Match or Not:False
DEBUG:root:Under real time Point counter:0.210453987122

DEBUG:root:Extracted signature:bitarray('11101111111000111111111111000101111111000011110011001000100011111000000111111000001110110001110010001111100011111001110000000001001000011000011100000000000011000000010000000000001101100000001111100000111111100100111010001101110001101110001111100001110000010011001101101100')
DEBUG:root:Matched frame over all scan:2135

DEBUG:root:Errors over all scan:92

DEBUG:root:Result:tau3_fail
DEBUG:root:Match or Not:False
DEBUG:root:Under real time Point counter:0.209496974945

DEBUG:root:Extracted signature:bitarray('11101111111001111111111111001101111110011011110110001111110110001111101100011111010000111110000011010000000100000010000010000100010000011000011100000000000011000000110000010000011100000110001110000110000110001100000100111000000111100001111000011100101100011100100010000100')
DEBUG:root:Matched frame over all scan:565

DEBUG:root:Errors over all scan:86

DEBUG:root:Result:tau1_fail
DEBUG:root:Match or Not:False
DEBUG:root:Under real time Point counter:0.203602075577

DEBUG:root:Extracted signature:bitarray('11101111111000011111111111000111111111000001110111000001110011100000110011100000101110000011100000010000000100000010000010000100010010011000011000000001000011100000010000010000110100000000111010000000111000100001110010000111101100111101111111011110001100011000100010010100')
DEBUG:root:Matched frame over all scan:164

DEBUG:root:Errors over all scan:87

DEBUG:root:Result:tau3_fail
DEBUG:root:Match or Not:False
DEBUG:root:Real time1487957428.67

DEBUG:root:Extracted signature:bitarray('11111111111101101100111111101101000001111011110001000000110001000001110010000011110000011110000011110000111000011100011001100110010010011100000111000101100100000010001001110000100100111111001100010111100100101111001000011100100111100101111001011100101100010000100010001100')
DEBUG:root:Matched frame over all scan:1980

DEBUG:root:Errors over all scan:90

DEBUG:root:Result:tau3_fail
DEBUG:root:Match or Not:False
DEBUG:root:Real time1487957428.87

DEBUG:root:Extracted signature:bitarray('10110111011001110010111111001100000111110001000011001000110011000001110110000011111000001111000001110000111000011100011101100100010010111100111010000101100111010010011100110110110110001010011010001110010100001111101000111110101111110101111001011100101100110000000010001100')
DEBUG:root:Matched frame over all scan:1980

DEBUG:root:Errors over all scan:88

DEBUG:root:Result:tau3_fail
DEBUG:root:Match or Not:False
DEBUG:root:Real time1487957429.07

DEBUG:root:Extracted signature:bitarray('11001001100000011000011100000011000111000000000011100000000011100000000011100000001110000001110000001110100011000011000010000100010000011110011100000001111000100000011110001000001111100000001111100011111011000111110100001110000011110000111111011010001000011100100000000100')
DEBUG:root:Matched frame over all scan:538

DEBUG:root:Errors over all scan:86

DEBUG:root:Result:tau3_fail
DEBUG:root:Match or Not:False
DEBUG:root:Real time1487957429.27

DEBUG:root:Extracted signature:bitarray('11111111100000011111111100000001111111100000011111100000011111100000011111100000111110000011110000011100000110000010000010000100000000011100011110000000000001111110010000001111111000000011111100000011111100000011111000001111100001111100011111001111101111101110011000010100')
DEBUG:root:Matched frame over all scan:2806

DEBUG:root:Errors over all scan:76

DEBUG:root:Result:tau3_fail
DEBUG:root:Match or Not:False
DEBUG:root:Real time1487957429.47

DEBUG:root:Extracted signature:bitarray('11111001111111101111100111111101111000011111011111001111101111000111101111001111011100111101100111111001111100011100001100011001101101111111111111111101111000111111101111000011111011110001111101110001111101110011111011000111111000111110001111100000100000100000000000100100')
DEBUG:root:Matched frame over all scan:342

DEBUG:root:Errors over all scan:72

DEBUG:root:Result:tau3_fail
DEBUG:root:Match or Not:False
DEBUG:root:Real time1487957429.67

DEBUG:root:Extracted signature:bitarray('11111111111110001111111111111101111100011111011110000111101111000011101111000110011100000001110000001100001100110000110000000000010000011111100111100001110110111100001101101111001110010011110110011001111100110011110001100111000111110100011100001110000110001000011000000100')
DEBUG:root:Matched frame over all scan:2295

DEBUG:root:Errors over all scan:87

DEBUG:root:Result:tau3_fail
DEBUG:root:Match or Not:False
DEBUG:root:Under real time Point counter:0.209779977798

DEBUG:root:Extracted signature:bitarray('11111110001000001111110000000111111110000011100011100001111001110001110001110011000111000101111110001111000111100010000000001000010011111110001110000001111001100110001111001001110011100100011011000110111000001101100001111011001111011100001101011110101000011011001101100100')
DEBUG:root:Matched frame over all scan:1986

DEBUG:root:Errors over all scan:84

DEBUG:root:Result:replica detected
DEBUG:root:Match or Not:True
DEBUG:root:Real time1487957430.08

DEBUG:root:Extracted signature:bitarray('11111110001000001111110000000011111110000011100111100001111001100001110001110011000111000101111010001111100111110010000000001000010011111110001110000101111001100110001111001001110011101100011001001100111000011101100001111011001111011100011101011110101000011011001101100100')
DEBUG:root:Matched frame over all scan:1986

DEBUG:root:Errors over all scan:79

DEBUG:root:Result:replica detected
DEBUG:root:Match or Not:True
DEBUG:root:Real time1487957430.28

DEBUG:root:Extracted signature:bitarray('11111110001000001111110000000111111100000011100011000001110001100001110001110011000111000101111100001111100111010010001100011001101101011110001110000101111001100110001111001001110011101100011001001110110000011101100001111111001111011101111111001111101110010110011001110100')
DEBUG:root:Matched frame over all scan:1988

DEBUG:root:Errors over all scan:84

DEBUG:root:Result:tau3_fail
DEBUG:root:Match or Not:False
DEBUG:root:Real time1487957430.48

DEBUG:root:Extracted signature:bitarray('11111110000000001111110000001111010100000011100100000001110001100001110011100011011111011101111000001111000111100010011101000100010011111100101110000101111011100110000110011001110011100110111001000110010000011100100011110001101011100101011100101110001101100111011000000100')
DEBUG:root:Matched frame over all scan:1989

DEBUG:root:Errors over all scan:83

DEBUG:root:Result:replica detected
DEBUG:root:Match or Not:True
DEBUG:root:Under real time Point counter:0.23655295372

DEBUG:root:Extracted signature:bitarray('11111110000000001111110000001111010100000011100100000001110001100001110011100011011110011101111000001111000111100010010011000100010011111100101110000101111011100110000110011001110011100110111001010110010000011100100011110001101011100101011100101110011101100111011000000100')
DEBUG:root:Matched frame over all scan:1989

DEBUG:root:Errors over all scan:77

DEBUG:root:Result:replica detected
DEBUG:root:Match or Not:True
DEBUG:root:Real time1487957430.92

DEBUG:root:Extracted signature:bitarray('11111110000000001111110000000111011100000011100110000001111001100001110011100011011110011101111000001110000111100010110011000100010011111100100110000101110111100110000110011001100011100110011011010100010000011001000011110001101110100100111100101100011111001110010010000100')
DEBUG:root:Matched frame over all scan:1989

DEBUG:root:Errors over all scan:78

DEBUG:root:Result:replica detected
DEBUG:root:Match or Not:True
DEBUG:root:Real time1487957431.12

DEBUG:root:Extracted signature:bitarray('11111110000000001111110000001111011100000011100100100001110001100001110011000011011110001101111000001110000111000010001100100100010011111100101110000101110111100110000110011001000011100110010011110110011000011000100011110001101111100100011000101110001110001111010100000100')
DEBUG:root:Matched frame over all scan:1993

DEBUG:root:Errors over all scan:79

DEBUG:root:Result:replica detected
DEBUG:root:Match or Not:True
DEBUG:root:Under real time Point counter:0.206205129623

DEBUG:root:Extracted signature:bitarray('11111110000000001111110000001111010100000011100000100001110001100001110011100011011110011101111000001110000111000010001100000100010011111100101110000101110011100110000110011001100011100110111011010110010000011000100011110001101011100101011100101110011100001111010000000100')
DEBUG:root:Matched frame over all scan:1993

DEBUG:root:Errors over all scan:82

DEBUG:root:Result:replica detected
DEBUG:root:Match or Not:True
DEBUG:root:Real time1487957431.53

DEBUG:root:Extracted signature:bitarray('11111110000000001111100000000111001100000011100111000011110001100001110011110011011111000001111000001111000111100111001100011001100011111100001110000101110011100110001110011001100011100110010010001100011000011001100001110011001101111100001101000110001111101001101101100100')
DEBUG:root:Matched frame over all scan:1988

DEBUG:root:Errors over all scan:91

DEBUG:root:Result:tau3_fail
DEBUG:root:Match or Not:False
DEBUG:root:Real time1487957431.73

DEBUG:root:Extracted signature:bitarray('01011110001100001101111001001111001111010011001111111001101111110001101111100011011110001111110001111110111011001001100011100111010000010110110010110100111011000110001110011100100011100110111001100111011101100101001010011100101001100100111101011110101111101111011101110100')
DEBUG:root:Matched frame over all scan:711

DEBUG:root:Errors over all scan:81

DEBUG:root:Result:tau3_fail
DEBUG:root:Match or Not:False
DEBUG:root:Real time1487957431.93

DEBUG:root:Extracted signature:bitarray('00011110001000001111111001000111001110110011000111111001100111110001101111100011011110001101110011111110110011000011100011100110010000010110110000110100111011000111001110011101110011100100111001110111001101100111001011011100001011101100111101001110101111101111011101100100')
DEBUG:root:Matched frame over all scan:1996

DEBUG:root:Errors over all scan:84

DEBUG:root:Result:tau3_fail
DEBUG:root:Match or Not:False
DEBUG:root:Real time1487957432.13

DEBUG:root:Extracted signature:bitarray('01011110001000001111111001000011001110010011100111100001101101110001101111100011011110001101110011101110110011000011100011100110010000100111110000111100111011000111001110011000110011100100010001110111011101100111001011011100101011101100111101011110101111101111011101110100')
DEBUG:root:Matched frame over all scan:1998

DEBUG:root:Errors over all scan:75

DEBUG:root:Result:replica detected
DEBUG:root:Match or Not:True
DEBUG:root:Real time1487957432.33

DEBUG:root:Extracted signature:bitarray('01011110001000001111111001000011001110110011100111111001101111110001101111100011011110001101110011101110010011000011100011100110010010100110110000111100111011000111001110011001110011100100110001110111011001100111001011011100101011101100111101001110101111101111011101100100')
DEBUG:root:Matched frame over all scan:1998

DEBUG:root:Errors over all scan:79

DEBUG:root:Result:replica detected
DEBUG:root:Match or Not:True
DEBUG:root:Real time1487957432.53

DEBUG:root:Extracted signature:bitarray('01011110001000001110111001000111000110010001100101100001100101110001101111100011011110001101110011011110110011000011100011100110010010100111110001111100110011000111001110011001110011100110111001100111011101100111101011011100001011101100111101001110101111101111011101101100')
DEBUG:root:Matched frame over all scan:2000

DEBUG:root:Errors over all scan:86

DEBUG:root:Result:replica detected
DEBUG:root:Match or Not:True
DEBUG:root:Real time1487957432.73

DEBUG:root:Extracted signature:bitarray('01011110001000001111111000000111011110010001100111100001101111110001101111100011011110001101110011001110110011000011100011100110010010100111110010111100111010000111001110011100100011100100110001110111011101101101001011001100101011101100111101011110101111101111011101100100')
DEBUG:root:Matched frame over all scan:1998

DEBUG:root:Errors over all scan:73

DEBUG:root:Result:replica detected
DEBUG:root:Match or Not:True
DEBUG:root:Real time1487957432.93

DEBUG:root:Extracted signature:bitarray('11111100011101101111100011001111110000001111101010000111101010001100010000100011100010001110010001110000000100000010000010000100010000111111101100111100110111100111001101111110001010110111000001100111100001100001100111100110010111100001001000100111010011100011000100000100')
DEBUG:root:Matched frame over all scan:1961

DEBUG:root:Errors over all scan:87

DEBUG:root:Result:tau1_fail
DEBUG:root:Match or Not:False
DEBUG:root:Under real time Point counter:0.206640958786

DEBUG:root:Extracted signature:bitarray('11110011110111001111001110111001110001001110111000100110010100001111010100011000100001100010001110001001110100000010000010000100111110011000110001111000000111001101100000110011011001111101100101101100100011011000000100110010011000010110010000100100001110011000100110000100')
DEBUG:root:Matched frame over all scan:1032

DEBUG:root:Errors over all scan:88

DEBUG:root:Result:tau3_fail
DEBUG:root:Match or Not:False
DEBUG:root:Real time1487957433.34

DEBUG:root:Extracted signature:bitarray('10011011111101100011111110101100011111101011001111111000101111110001101110000011111000000010100000011000000100000010110011100111011100010111110001101101100111000111001100110011100111001001110011001001110011000111100100011000110011000111110011111000010010010100011101101100')
DEBUG:root:Matched frame over all scan:2003

DEBUG:root:Errors over all scan:76

DEBUG:root:Result:tau3_fail
DEBUG:root:Match or Not:False
DEBUG:root:Real time1487957433.54

DEBUG:root:Extracted signature:bitarray('11111100111110000111110111110001111111101100011111110010001011110000010010000000110010000110010001110000001100000010011101111001101100011011100011110001010111001110010000111011000101000011100101110011101101110101101011100110001100110010001100101110011110001101001101010100')
DEBUG:root:Matched frame over all scan:2004

DEBUG:root:Errors over all scan:80

DEBUG:root:Result:tau3_fail
DEBUG:root:Match or Not:False
DEBUG:root:Real time1487957433.74

DEBUG:root:Extracted signature:bitarray('10011111111110010111101111100001111000011000011100000100011100000110011000001100100000100010000100010011000101001101001110011001101100011111000011100001111100001100111001110000111000111100111101111101101101111110011011111001101011001101110110011000011000010011001101100100')
DEBUG:root:Matched frame over all scan:2005

DEBUG:root:Errors over all scan:82

DEBUG:root:Result:tau3_fail
DEBUG:root:Match or Not:False
DEBUG:root:Real time1487957433.94

DEBUG:root:Extracted signature:bitarray('11001100111100011001100011100011011100010000110000000000010000000001110000000110100000110010000110010001100101110001110001100110011000011111011100000000011001100001100011011110011000110111110000001111100000011111100001101111001100011101000111000011100010111001101101100100')
DEBUG:root:Matched frame over all scan:2006

DEBUG:root:Errors over all scan:80

DEBUG:root:Result:tau3_fail
DEBUG:root:Match or Not:False
DEBUG:root:Under real time Point counter:0.201404094696

DEBUG:root:Extracted signature:bitarray('11110011000110011110001000001111110000000011111100010001110000000001110000000111100000011110000011110000110000111000110001100010010000011111000011000100111100011100101111001111100000101101110000001101110000111011000011101100001101111001010010100011010010001100100010100100')
DEBUG:root:Matched frame over all scan:2007

DEBUG:root:Errors over all scan:56

DEBUG:root:Result:replica detected
DEBUG:root:Match or Not:True
DEBUG:root:Under real time Point counter:0.210715055466

DEBUG:root:Extracted signature:bitarray('11110001000110011111001000001111110000000011111100000001110000100001110000000111100000011110000001110000111000111100111001100110000000011111100011000101111010111000101111011111100001101101110000011001100000110011000011101100001101110011001110100011010010011100100010100100')
DEBUG:root:Matched frame over all scan:2007

DEBUG:root:Errors over all scan:52

DEBUG:root:Result:tau3_fail
DEBUG:root:Match or Not:False
DEBUG:root:Real time1487957434.55

DEBUG:root:Extracted signature:bitarray('11110011100000011110001100000011110000000001111100000001111100000001111000000111100000011110000011110001110100110000110001100101100100011111100001110001111110111110001110001111100001101101110000101101100000111011000011111100001101100011010111100010100110010000100110000100')
DEBUG:root:Matched frame over all scan:2009

DEBUG:root:Errors over all scan:58

DEBUG:root:Result:tau3_fail
DEBUG:root:Match or Not:False
DEBUG:root:Real time1487957434.75

DEBUG:root:Extracted signature:bitarray('11110011000001111110011100001111110010000011111100000001111110000001111100000111100000110010000110010011100001100001100001100011100101111111100111100001111100001110001110100111100001100111110001100111110001101111100001111000101111000101100001010100010111001011100100010100')
DEBUG:root:Matched frame over all scan:2010

DEBUG:root:Errors over all scan:69

DEBUG:root:Result:tau3_fail
DEBUG:root:Match or Not:False
DEBUG:root:Real time1487957434.95

DEBUG:root:Extracted signature:bitarray('11110011110001101110011110001101101100000011110110000001111000000000011000000000100000000010000000010000110100011010010000110000011011111111000111110001111100011110001110011011100101101110110001111100111101111011111011101101101001111100111011011111000011001111010001010100')
DEBUG:root:Matched frame over all scan:2011

DEBUG:root:Errors over all scan:65

DEBUG:root:Result:tau3_fail
DEBUG:root:Match or Not:False
DEBUG:root:Real time1487957435.15

DEBUG:root:Extracted signature:bitarray('11111100000111101110011100011101100110000111010110000000010110000000111001000000100000001110000001110000011000011101001110000100010011111111000111001001111100011100101111000111000101111111100101111101011101110001110011001110010001110001111110010111101101100011010110010100')
DEBUG:root:Matched frame over all scan:2012

DEBUG:root:Errors over all scan:60

DEBUG:root:Result:replica detected
DEBUG:root:Match or Not:True
DEBUG:root:Real time1487957435.35

DEBUG:root:Extracted signature:bitarray('11111100000111101111000000111101100110000111010011000011010110000000011011000001101100001111000001110000111001011101001110000100010011111111001111001001111110011001100111100111000101111111100101011101101100110001111011001110010001100101101111010011101001100111010010010100')
DEBUG:root:Matched frame over all scan:2012

DEBUG:root:Errors over all scan:78

DEBUG:root:Result:tau3_fail
DEBUG:root:Match or Not:False
DEBUG:root:Real time1487957435.55

DEBUG:root:Extracted signature:bitarray('10110011001111100010011001111101101110001111010111000111101111000111101001001111110100111111100011111000111100011100011100111011101111100011011111101000111001101111001110100011110011110011110101110011110001100111100010111110001011000001110001001101101101111011100100100100')
DEBUG:root:Matched frame over all scan:2014

DEBUG:root:Errors over all scan:76

DEBUG:root:Result:tau3_fail
DEBUG:root:Match or Not:False
DEBUG:root:Under real time Point counter:0.243097066879

DEBUG:root:Extracted signature:bitarray('11111011101111001111011000110001110110001100011011110100010011111101101100001111010000111110001111110011000100000110001110001101101100011111100111100001111100111101101111000011111001110001111001100000111010000001110111100011111110000011100000110001110001100011001100000100')
DEBUG:root:Matched frame over all scan:2016

DEBUG:root:Errors over all scan:67

DEBUG:root:Result:tau3_fail
DEBUG:root:Match or Not:False
DEBUG:root:Real time1487957436.0

DEBUG:root:Extracted signature:bitarray('11111011001111101001011000111000101100101100011110110011000010110011100111100011111100001111000011110001111000011101100011000100010000011111101111000001001001101101000110010011111011101101101101110000000011100000000110000000010000000011000001100011100011100111011101100100')
DEBUG:root:Matched frame over all scan:2018

DEBUG:root:Errors over all scan:77

DEBUG:root:Result:tau3_fail
DEBUG:root:Match or Not:False
DEBUG:root:Real time1487957436.2

DEBUG:root:Extracted signature:bitarray('11111111001111101111111001111101111100001111010010110011100011110011101101000111110100011111100011010000111100011100011100111011101111111111101111100001111101100100001110011001110011100110100011100000000011000000010100011000010011000011111000111100111100111001100100000100')
DEBUG:root:Matched frame over all scan:2017

DEBUG:root:Errors over all scan:59

DEBUG:root:Result:replica detected
DEBUG:root:Match or Not:True
DEBUG:root:Real time1487957436.4

DEBUG:root:Extracted signature:bitarray('11111011101111101111011000111101100110001111010011100111101011100011100111000111011100001111000011110001111100111100011100110000010010011111101111000001111101101100001111000001111011100000001100110001000011100000000110000001110001001111110010110001110011100111000010000100')
DEBUG:root:Matched frame over all scan:2017

DEBUG:root:Errors over all scan:72

DEBUG:root:Result:tau3_fail
DEBUG:root:Match or Not:False
DEBUG:root:Real time1487957436.6

DEBUG:root:Real time1487957436.8

DEBUG:root:Real time1487957437.0

DEBUG:root:Extracted signature:bitarray('11000110000111111100110100011101100011000111011001100111100111000011001110100100001110100001111001100111111010111100010000110011101111111101110011011100111111000001100111100000010001110000000010110100000001111010000001110001000111001010011001100100110000010000110010010100')
DEBUG:root:Matched frame over all scan:2019

DEBUG:root:Errors over all scan:78

DEBUG:root:Result:replica detected
DEBUG:root:Match or Not:True
DEBUG:root:Real time1487957437.2

DEBUG:root:Extracted signature:bitarray('11000110000011111100110100001101100011000111011001100111000111000011001110000100011111100001111100100111111010111100010000100011101111111101110000011100111110000001100111100000000001110100000010111110000001111010001001110000000111011010000101100110110000010000100010011100')
DEBUG:root:Matched frame over all scan:2024

DEBUG:root:Errors over all scan:73

DEBUG:root:Result:replica detected
DEBUG:root:Match or Not:True
DEBUG:root:Real time1487957437.4

DEBUG:root:Extracted signature:bitarray('11000110000011111100110100001101100011000111011001100111100111000011001110100100001111100101111100100111111011111100010000100011101111111101110001011100111110000011100111110000010001110000000001110100000001111000001101110001000110011010000111100100110000010000110010011100')
DEBUG:root:Matched frame over all scan:2024

DEBUG:root:Errors over all scan:74

DEBUG:root:Result:replica detected
DEBUG:root:Match or Not:True
DEBUG:root:Real time1487957437.6

DEBUG:root:Extracted signature:bitarray('11000110000111111100110100011101100011000111011001100111100111000011001110101100001111100001111100100111111011111100010000100011101111111101100011011100111110000011100111100000010001110000000001110100000001111000000011110000000110011010000111100100110000010000110010011100')
DEBUG:root:Matched frame over all scan:2025

DEBUG:root:Errors over all scan:69

DEBUG:root:Result:replica detected
DEBUG:root:Match or Not:True
DEBUG:root:Real time1487957437.8

DEBUG:root:Extracted signature:bitarray('11001110000011111100110000001101100011000111011001100111000111000011001110101100011111100001111100100111111011111100010000100011001111111101100001011100111110000011100111110000010001110100000001110110000001111000001011110000001110011000000111100100110000010000100010011100')
DEBUG:root:Matched frame over all scan:2025

DEBUG:root:Errors over all scan:72

DEBUG:root:Result:replica detected
DEBUG:root:Match or Not:True
DEBUG:root:Real time1487957438.0

DEBUG:root:Extracted signature:bitarray('11001110000011110100110100011101100011000111011001100111000111000011001110111100011111100101111101100111111011111100010000100011101111111101110011011100111110000011100111100000010001110000000001110100000001111000001011110010000110011000000111100101110000110000100010010100')
DEBUG:root:Matched frame over all scan:2020

DEBUG:root:Errors over all scan:76

DEBUG:root:Result:tau3_fail
DEBUG:root:Match or Not:False
DEBUG:root:Real time1487957438.2

DEBUG:root:Extracted signature:bitarray('11001110000011110100110100011101100011000111011001100111000111000011001110101100011111100101111101100111111011111100010000100011101111111101110000011100111110000011100111100000010001110000000001110101000001111010001001110010000110011000000111100101110000110000100010010100')
DEBUG:root:Matched frame over all scan:2020

DEBUG:root:Errors over all scan:76

DEBUG:root:Result:tau3_fail
DEBUG:root:Match or Not:False
DEBUG:root:Real time1487957438.4

DEBUG:root:Extracted signature:bitarray('11001110000001111100110000001101100011000111011001100111000111000011001110101100011111100101111101100111111011111100010000100011101111111101100001011100111110000011100111100000010001110000000001110101000001111000001011110011000110011100000111000101110000110000100010011100')
DEBUG:root:Matched frame over all scan:2022

DEBUG:root:Errors over all scan:72

DEBUG:root:Result:tau3_fail
DEBUG:root:Match or Not:False
DEBUG:root:Real time1487957438.6

DEBUG:root:Extracted signature:bitarray('11001110000011111100110100001101100011000111011001100111000111000011001110101100011111100101111101100111111011111100010000100011101111111101100000011100111110000001100111100000010001110100000001111110000001111000001001110011000110011100000111000101110000110000100010010100')
DEBUG:root:Matched frame over all scan:2024

DEBUG:root:Errors over all scan:75

DEBUG:root:Result:replica detected
DEBUG:root:Match or Not:True
DEBUG:root:Real time1487957438.81

DEBUG:root:Extracted signature:bitarray('11001110000011111100110100001101100011000111010001100111000111000111001110101100011111100101111101100111111011111100011000100011101111111101100010011100111110000001100111100000010001110100000000111110000001111010000011110011000110011100010111000101110000110000100010010100')
DEBUG:root:Matched frame over all scan:2022

DEBUG:root:Errors over all scan:73

DEBUG:root:Result:replica detected
DEBUG:root:Match or Not:True
DEBUG:root:Real time1487957439.01

DEBUG:root:Extracted signature:bitarray('11000110000001111100110100001101100011000111011001100111000111000111001110101110001111111101111101100111111011111000010000110011101111111101110000011100111100000011100111100000010001110100000001110100000001111000000001110011100110011100000110110110010000010000110010011100')
DEBUG:root:Matched frame over all scan:2031

DEBUG:root:Errors over all scan:69

DEBUG:root:Result:replica detected
DEBUG:root:Match or Not:True
DEBUG:root:Real time1487957439.21

DEBUG:root:Extracted signature:bitarray('11001110000011111100110100001101100011001111010001100111000111000110001110101100011111111101111101100111111011111000010010100011101111111101100010011100111110000001100111100000010001110100000000111110000001111000000011110011100110011100010110000110010010010000100010010100')
DEBUG:root:Matched frame over all scan:2031

DEBUG:root:Errors over all scan:72

DEBUG:root:Result:tau3_fail
DEBUG:root:Match or Not:False
DEBUG:root:Real time1487957439.41

DEBUG:root:Extracted signature:bitarray('10000110000101110000110000011101100011100111011001110111101111010111101110111110001111111101111100100111101011110101000000100011101111111101110001011100111001000011100111110000010011110001000001110101100101111001001011110011101110010000011100110100010100110000110010101100')
DEBUG:root:Matched frame over all scan:2033

DEBUG:root:Errors over all scan:77

DEBUG:root:Result:tau3_fail
DEBUG:root:Match or Not:False
DEBUG:root:Real time1487957439.61

DEBUG:root:Extracted signature:bitarray('11001110000011110100110100011101100011000111010001100111100111011111101110111111011111111101111100100111001011110000010010100111101111111101100000011100111110000001100111100000010001110110000001111111000101111010011011110011100110011000011100101100010100010000100010010100')
DEBUG:root:Matched frame over all scan:2033

DEBUG:root:Errors over all scan:78

DEBUG:root:Result:tau3_fail
DEBUG:root:Match or Not:False
DEBUG:root:Real time1487957439.81

DEBUG:root:Extracted signature:bitarray('11001110000011111000110100011101100011000111011001100011100111010011001110111110011111100101111100100111001011000010000010000100101111111101110000011100111011000011100111100000010001110110000001110111000001111011000011111011000111010000010000111000010000010000100010010100')
DEBUG:root:Matched frame over all scan:2033

DEBUG:root:Errors over all scan:79

DEBUG:root:Result:tau3_fail
DEBUG:root:Match or Not:False
DEBUG:root:Real time1487957440.01

DEBUG:root:Extracted signature:bitarray('11001110000011111000110000011101100111001110011011100111000111010110001111111100011111100101111000101111001010000010000010100111011111111101110000011100111011000011100111110000100001111100110001111111100001111111000011111001101110010011100000110000110000010000100010010100')
DEBUG:root:Matched frame over all scan:2375

DEBUG:root:Errors over all scan:79

DEBUG:root:Result:tau1_fail
DEBUG:root:Match or Not:False
DEBUG:root:Real time1487957440.21

DEBUG:root:Extracted signature:bitarray('11001110000100111101110000000101100001110011010001111011000111010011001111100100011110000101110000110001001100100010000010100111011111111101100011101100111100001101100111100110000001110111000001111111000001111010000011110000101110010010000000100100010000010000100010011100')
DEBUG:root:Matched frame over all scan:268

DEBUG:root:Errors over all scan:86

DEBUG:root:Result:tau1_fail
DEBUG:root:Match or Not:False
DEBUG:root:Real time1487957440.41

DEBUG:root:Extracted signature:bitarray('11001110000011111100110000011111100110000111111011000011011110000010001110000000011010001100110001100001001000110010010010110011001111111101110001111101111111000011100111100000010011110000000011110000000011111000000111110000110110010110000100100100010000010000110010000100')
DEBUG:root:Matched frame over all scan:2036

DEBUG:root:Errors over all scan:78

DEBUG:root:Result:tau3_fail
DEBUG:root:Match or Not:False
DEBUG:root:Real time1487957440.61

DEBUG:root:Extracted signature:bitarray('11000110000011111000110000011111000000000111100000000011110010000011010100001000101110000001110000110000001101100110000110110011011111111100100001111111000010000001110011100000010101110000000001110111000011111011000011110000001110010010001100100100110000110011011101101100')
DEBUG:root:Matched frame over all scan:780

DEBUG:root:Errors over all scan:88

DEBUG:root:Result:tau3_fail
DEBUG:root:Match or Not:False
DEBUG:root:Real time1487957440.81

DEBUG:root:Extracted signature:bitarray('11000110000011110000110000011110000011001111000001100111100011000111001110001100011111100001111000101111001011110000010000110011101111111101100001111101111110001001100111100000010011110000000001110000000001111000000011110000001110000011100000100100010000010000100010010100')
DEBUG:root:Matched frame over all scan:2039

DEBUG:root:Errors over all scan:77

DEBUG:root:Result:tau3_fail
DEBUG:root:Match or Not:False
DEBUG:root:Real time1487957441.01

DEBUG:root:Extracted signature:bitarray('11111100000110011111001100010011110001100001111000110000111001110000110001100011100000001110000101110011011001101101111101110011010000000000000000000110100110000001011001110000010110110000001110010000001110100000011111000000111000000010000000100000010001100100110010000100')
DEBUG:root:Matched frame over all scan:2040

DEBUG:root:Errors over all scan:74

DEBUG:root:Result:tau3_fail
DEBUG:root:Match or Not:False
