DEBUG:root:Under real time Point counter:2.19345092773e-05

DEBUG:root:Real time1487957624.23

DEBUG:root:Real time1487957624.43

DEBUG:root:Real time1487957624.64

DEBUG:root:Extracted signature:bitarray('11111000110000101111100011001101111100011100111110000110011110000110011110011100011001111101111011101110011011000010110011100110010111111111111110000011111111111000011111101111000111110001100011110000001111110000010111000000011000000110000011100001011000010001001011010100')
DEBUG:root:Matched frame over all scan:526

DEBUG:root:Errors over all scan:85

DEBUG:root:Result:tau2_fail
DEBUG:root:Match or Not:False
DEBUG:root:Real time1487957624.84

DEBUG:root:Extracted signature:bitarray('11101110000000011111100000000010111000000000111100000000011000000100010000011000100011100010111100001111000011100011100011100110011111011101110000000011111110000000010111000000000111100000000011100000100010000101000100111100001111100001111100011110001110001100010010000100')
DEBUG:root:Matched frame over all scan:597

DEBUG:root:Errors over all scan:73

DEBUG:root:Result:tau3_fail
DEBUG:root:Match or Not:False
DEBUG:root:Real time1487957625.04

DEBUG:root:Real time1487957625.24

DEBUG:root:Extracted signature:bitarray('10111111111101100011111111000000111101100000011111110000011111110010001111111110011111111001111111100000011000000100000010000100000000010011111110000000011110000000000111111000000011111000000001111100000011111000000111000000010000000010000000100000010000010000100010000100')
DEBUG:root:Matched frame over all scan:1491

DEBUG:root:Errors over all scan:65

DEBUG:root:Result:replica detected
DEBUG:root:Match or Not:True
DEBUG:root:Real time1487957625.44

DEBUG:root:Extracted signature:bitarray('11111000000001101111110000001101111110000111011111010000011111001100011110011100011011111001111111101110011110001110001101110110010011110111111100000000111111110000001111110110000011111011000011111000001111110000000111000000011000000010000101100111101100010000101101100100')
DEBUG:root:Matched frame over all scan:402

DEBUG:root:Errors over all scan:86

DEBUG:root:Result:tau2_fail
DEBUG:root:Match or Not:False
DEBUG:root:Real time1487957625.64

DEBUG:root:Extracted signature:bitarray('00000000110000010000000010000010000000000000100000000000010000000000011000000000100000000010000000010000000100000010000010011011101100000000000011000010000000010000010000000000000100000000000010000000000010000000000100000000010000000010000001100001110000110000100010000100')
DEBUG:root:Matched frame over all scan:1520

DEBUG:root:Errors over all scan:42

DEBUG:root:Result:replica detected
DEBUG:root:Match or Not:True
DEBUG:root:Real time1487957625.84

DEBUG:root:Extracted signature:bitarray('11111100001100011111110000100011111100001000111110000000011111000001111110000011010000011100000111100111110011110011110011100100111111111111111101100011111110011100011111100011000111110000110011111000001011110000011111100000011000000010000000100001110000010010111010000100')
DEBUG:root:Matched frame over all scan:433

DEBUG:root:Errors over all scan:74

DEBUG:root:Result:tau3_fail
DEBUG:root:Match or Not:False
DEBUG:root:Real time1487957626.04

DEBUG:root:Extracted signature:bitarray('11111100000001101111110000011101111110000100011111011100011111001100011110111100011011111101111011101100011110001110011101110110010011111111111110000001111111111000001111110110000111111000000011111000000111110000000111000000011000000010000101100111101100010001001101000100')
DEBUG:root:Matched frame over all scan:346

DEBUG:root:Errors over all scan:85

DEBUG:root:Result:tau2_fail
DEBUG:root:Match or Not:False
DEBUG:root:Real time1487957626.24

DEBUG:root:Extracted signature:bitarray('11111100000001101111110000001101111100000110011110011100011110001100011110011100011011111101111011101110011110001110001101110110010011111111111100000000111111110000001111110110000111111001000011111000001111110000000111000000011000000010000101100111101100010001001101010100')
DEBUG:root:Matched frame over all scan:1205

DEBUG:root:Errors over all scan:87

DEBUG:root:Result:tau2_fail
DEBUG:root:Match or Not:False
DEBUG:root:Real time1487957626.44

DEBUG:root:Extracted signature:bitarray('11111110010011001111110000010011111110011000111111001100011111011100001111111111011111111101110011101100111100111101111001100110010011111110111111000011110111011000011110110010000111011000001111011000010010110000000111000000010000000010011000111000011000010011001101010100')
DEBUG:root:Matched frame over all scan:2737

DEBUG:root:Errors over all scan:78

DEBUG:root:Result:tau2_fail
DEBUG:root:Match or Not:False
DEBUG:root:Real time1487957626.64

DEBUG:root:Real time1487957626.84

DEBUG:root:Extracted signature:bitarray('11111100010011101111110000010001111110011000111111001100011111001100001110111110011111111101110011101100011100011110111001100110010011111110111110000001111111111000011111110110000111011000000111111000010011110000000111000000011000000010001001101100011000010011001101010100')
DEBUG:root:Matched frame over all scan:2136

DEBUG:root:Errors over all scan:84

DEBUG:root:Result:tau2_fail
DEBUG:root:Match or Not:False
DEBUG:root:Real time1487957627.04

DEBUG:root:Extracted signature:bitarray('11111100000001101111110000011001111110100000111111011100011111001100011110111100011111111101111011101100011110001110111001100110010011111111111110000001111111111000001111110110000111111000000111111000000011110000000111000000011000000010001101101101001000010001001101010100')
DEBUG:root:Matched frame over all scan:526

DEBUG:root:Errors over all scan:83

DEBUG:root:Result:tau3_fail
DEBUG:root:Match or Not:False
DEBUG:root:Real time1487957627.24

DEBUG:root:Real time1487957627.44

DEBUG:root:Extracted signature:bitarray('11111000000001101111110000001101111100000110011110001100011110001100011110011100011011111101111111101110011110001110011101110110010011110111111110000000111111111000001111110110000111111001000011111000001111110000000111000000011000000010000101100101101100010001001101010100')
DEBUG:root:Matched frame over all scan:1205

DEBUG:root:Errors over all scan:85

DEBUG:root:Result:tau2_fail
DEBUG:root:Match or Not:False
DEBUG:root:Under real time Point counter:0.203585147858

DEBUG:root:Real time1487957627.85

DEBUG:root:Real time1487957628.05

DEBUG:root:Real time1487957628.25

DEBUG:root:Real time1487957628.45

DEBUG:root:Real time1487957628.65

DEBUG:root:Extracted signature:bitarray('10000111111111101000010111111101000111100011010011110000010001110000000011110000011111000001110000011100000110000110000110000100101111110000111001111101000011011111101000110111100100010010110010000110000010001000000100100000100111000001100000100011100000100000011100000100')
DEBUG:root:Matched frame over all scan:1140

DEBUG:root:Errors over all scan:77

DEBUG:root:Result:tau3_fail
DEBUG:root:Match or Not:False
DEBUG:root:Under real time Point counter:0.211931943893

DEBUG:root:Real time1487957629.06

DEBUG:root:Real time1487957629.26

DEBUG:root:Extracted signature:bitarray('11110001100000001110001110000001110001100011010000111001101000011011100000110111100001111110000111010011100001111101111101110011001000001110001100000011110001110000011110001100000011100111000101110011000101010110011000001101100000011100000011100000110001101011100110000100')
DEBUG:root:Matched frame over all scan:2892

DEBUG:root:Errors over all scan:90

DEBUG:root:Result:tau3_fail
DEBUG:root:Match or Not:False
DEBUG:root:Real time1487957629.46

DEBUG:root:Real time1487957629.66

DEBUG:root:Extracted signature:bitarray('00000111111011100000111110000010001111000000100011100000000011101110000111111000011110000011110000011000001100001110000010000001101111110000110011011000000010111110010001101111100100000110000010001100000010010000001101111000001110001101000111000001100000000100110010000100')
DEBUG:root:Matched frame over all scan:1140

DEBUG:root:Errors over all scan:96

DEBUG:root:Result:tau2_fail
DEBUG:root:Match or Not:False
DEBUG:root:Real time1487957629.86

DEBUG:root:Extracted signature:bitarray('00000110111110000000111110010010001111000000110011100000000011100100000111111000011110000011110000011100000100000110000010000100111111100000111011110010000010011110010001100111100100000110000010000100000010010000011101100000101110000010000110000110100100001000100000000100')
DEBUG:root:Matched frame over all scan:554

DEBUG:root:Errors over all scan:81

DEBUG:root:Result:tau3_fail
DEBUG:root:Match or Not:False
DEBUG:root:Real time1487957630.06

DEBUG:root:Extracted signature:bitarray('00000110111111101100010111111101000111100111010011110001100001110000100011111110011111100001111000011110000110000110000010000000101101000000111001111101000011011111101000110111111010011010111110000010000010001000000100100000110111000101110000010011100001100001011010000100')
DEBUG:root:Matched frame over all scan:2384

DEBUG:root:Errors over all scan:95

DEBUG:root:Result:tau3_fail
DEBUG:root:Match or Not:False
DEBUG:root:Real time1487957630.26

DEBUG:root:Extracted signature:bitarray('00000111111111100000010111111101000101100111010011110001100011110000100011111110011111100001111000011110000110000110000010000001101100000000111001111101000011001111101000110111111000011011111100010010000010001100000100100010010111000001110000110011110000100001010010010100')
DEBUG:root:Matched frame over all scan:2384

DEBUG:root:Errors over all scan:92

DEBUG:root:Result:tau3_fail
DEBUG:root:Match or Not:False
DEBUG:root:Real time1487957630.46

DEBUG:root:Real time1487957630.66

DEBUG:root:Extracted signature:bitarray('01111111111000001111111111000001111111110000011111111100001111111100001111111111011111111101111111001111100011111101111101111011111111100000000001111110001000001111110110000001111110000000111110000000111110000000111100000000010000000010010001001100001000010000100010000100')
DEBUG:root:Matched frame over all scan:2261

DEBUG:root:Errors over all scan:58

DEBUG:root:Result:tau3_fail
DEBUG:root:Match or Not:False
DEBUG:root:Real time1487957630.87

DEBUG:root:Real time1487957631.07

DEBUG:root:Real time1487957631.27

DEBUG:root:Extracted signature:bitarray('11111000000000011111110000000011111100000001111110000001111110000001111100001110110000111100001111100111111011111101111101111011101111111111111000000101111111100000001111110010000111111000110011111000000111100000011110000000010000000010000000100000010000010000100100100100')
DEBUG:root:Matched frame over all scan:2136

DEBUG:root:Errors over all scan:66

DEBUG:root:Result:replica detected
DEBUG:root:Match or Not:True
DEBUG:root:Real time1487957631.47

DEBUG:root:Extracted signature:bitarray('00000000011111110000000011000011000000000000110000000000010000000000011100000000110000000010000000010000000100000010011100111011100000010000000000111110000000001110010000000011000100000000000011000000000010000000000100000000010000000010000000100000010000010000001101101100')
DEBUG:root:Matched frame over all scan:1520

DEBUG:root:Errors over all scan:59

DEBUG:root:Result:replica detected
DEBUG:root:Match or Not:True
DEBUG:root:Real time1487957631.67

DEBUG:root:Extracted signature:bitarray('00110000000000010111000001100010100000011000100000111110010000000111110000000111100010000010010000010000000100000010000010011111111111111110000111111101111000111111101110001111111011000111111111000000000010000000000100000000010000000010000000101000011000010000100010000100')
DEBUG:root:Matched frame over all scan:2890

DEBUG:root:Errors over all scan:75

DEBUG:root:Result:tau3_fail
DEBUG:root:Match or Not:False
DEBUG:root:Real time1487957631.87

DEBUG:root:Extracted signature:bitarray('10111111111101100011111111000000111111110000011111111000001111111000001111110000011111100001111000001110000110000110000010000101010000010011111110000000001111110000000011111100000000111111000000111111000001111110000011111000001111000011110000110000010000010000100000000100')
DEBUG:root:Matched frame over all scan:17

DEBUG:root:Errors over all scan:56

DEBUG:root:Result:replica detected
DEBUG:root:Match or Not:True
DEBUG:root:Real time1487957632.07

DEBUG:root:Extracted signature:bitarray('11111111110000001111111111111101100111111111011111000011101111000011101110011111011001111111001111100011111001111101111101111011111000000011000000000110001000000000010000000000010101000000001110000000000110000000001100000001110000001010000000100000010001110001100000000100')
DEBUG:root:Matched frame over all scan:2263

DEBUG:root:Errors over all scan:49

DEBUG:root:Result:replica detected
DEBUG:root:Match or Not:True
DEBUG:root:Real time1487957632.27

DEBUG:root:Real time1487957632.47

DEBUG:root:Extracted signature:bitarray('11111011111100101111011111111101100000011111011100001011101100011111101001110011100011001110011011101100111010011100011100000000000000111000000000000011010000000000110000000000000100000000000010000000000010000000000100000000010000000010000000100000010111000110011010000100')
DEBUG:root:Matched frame over all scan:2262

DEBUG:root:Errors over all scan:57

DEBUG:root:Result:tau2_fail
DEBUG:root:Match or Not:False
DEBUG:root:Real time1487957632.67

DEBUG:root:Extracted signature:bitarray('11011000000000011010000000000010000011111100011011111100001011111000000110110001111000001111000101110001110100011000011100111001101100011100000000000011100000000000011000000000000100000000000010000000000010000000000100000000010000000010000000100000010000010000100010010100')
DEBUG:root:Matched frame over all scan:1712

DEBUG:root:Errors over all scan:73

DEBUG:root:Result:tau3_fail
DEBUG:root:Match or Not:False
DEBUG:root:Real time1487957632.87

DEBUG:root:Extracted signature:bitarray('11111111111110001111111111111001001111111111000011111111100001001111100000011111100000000010000000010000000100000010000011110011101100011111111111111101111111011111101111111001111011111110011101111110001101111100000111111000011110000011100000100000010000011100011101100000')
DEBUG:root:Matched frame over all scan:871

DEBUG:root:Errors over all scan:70

DEBUG:root:Result:tau2_fail
DEBUG:root:Match or Not:False
DEBUG:root:Real time1487957633.07

DEBUG:root:Real time1487957633.27

DEBUG:root:Real time1487957633.47

DEBUG:root:Too small detection probably wrong
DEBUG:root:Real time1487957633.68

DEBUG:root:Real time1487957633.88

DEBUG:root:Real time1487957634.08

DEBUG:root:Real time1487957634.28

DEBUG:root:Extracted signature:bitarray('11111111111111101111111111111101111111111111011110111111101000111111000001111100000111110001111110001111100011110001100011000100000001111111101111110001100111111000001001111100011001111100001101111100111101111001111011010011101010001110000011100101100111101111001100000100')
DEBUG:root:Matched frame over all scan:833

DEBUG:root:Errors over all scan:23

DEBUG:root:Result:replica detected
DEBUG:root:Match or Not:True
DEBUG:root:Real time1487957634.48

DEBUG:root:Extracted signature:bitarray('11111111111111101111111111111101111111111111011110111111101000111111100001111100000111110000111110001111100011110001110001100100000000011111111111110001100011111000001001111110010001111100001101111100111101111001111011110011101010011110000011100101110111000111001100000100')
DEBUG:root:Matched frame over all scan:833

DEBUG:root:Errors over all scan:17

DEBUG:root:Result:replica detected
DEBUG:root:Match or Not:True
DEBUG:root:Real time1487957634.68

DEBUG:root:Extracted signature:bitarray('00000000001100110000000011000010000001100000100000110000010000110000010010000000110000000010000100010001000100111100111101111011100000011100001100010011100000000000011000000000011100000000001010000000000010000010000100010000010000000010000000100000010000010000001101000100')
DEBUG:root:Matched frame over all scan:1520

DEBUG:root:Errors over all scan:67

DEBUG:root:Result:replica detected
DEBUG:root:Match or Not:True
DEBUG:root:Real time1487957634.88

DEBUG:root:Real time1487957635.08

DEBUG:root:Extracted signature:bitarray('11111111111111101111111111111101111111111111011110111111101000111111000001111100001111110001111110001111100011110001110001100100000000011111111111110001000111111000000001111100011001111100001101111100111101111001111011110011101010001110010011100100110111100111001100000100')
DEBUG:root:Matched frame over all scan:833

DEBUG:root:Errors over all scan:17

DEBUG:root:Result:replica detected
DEBUG:root:Match or Not:True
DEBUG:root:Real time1487957635.28

DEBUG:root:Extracted signature:bitarray('11111111111111101111111111111101111111111111011110111111101000111111000011111100001111110001111110001111100011110001110001000100000000011111011111110001100011111100001001111110010001111100001101111100111101111000111011110011101010001110010011100100110011000111001101100100')
DEBUG:root:Matched frame over all scan:833

DEBUG:root:Errors over all scan:21

DEBUG:root:Result:replica detected
DEBUG:root:Match or Not:True
DEBUG:root:Real time1487957635.48

DEBUG:root:Extracted signature:bitarray('11111111111111101111111111111101111111111111011110111111101000111111000001111100001111110001111110001111100011110001110001100100000100011111111111110001100111111100001001111100000001111100001101111100111101111000111011110011101010001110010011100110110111100111001101100100')
DEBUG:root:Matched frame over all scan:832

DEBUG:root:Errors over all scan:21

DEBUG:root:Result:replica detected
DEBUG:root:Match or Not:True
DEBUG:root:Real time1487957635.68

DEBUG:root:Too small detection probably wrong
DEBUG:root:Real time1487957635.88

DEBUG:root:Real time1487957636.08

DEBUG:root:Real time1487957636.28

DEBUG:root:Real time1487957636.48

DEBUG:root:Real time1487957636.69

DEBUG:root:Extracted signature:bitarray('11111111100111101111111101111101111111111110011100111111001000111110000001111100000111110000111110001111100011110001110001100100010000011111001111110001000000111000000001101100000000111100001100111100011101111001111011010011101000011110000011100101110011100111001100000100')
DEBUG:root:Matched frame over all scan:833

DEBUG:root:Errors over all scan:40

DEBUG:root:Result:replica detected
DEBUG:root:Match or Not:True
DEBUG:root:Real time1487957636.89

DEBUG:root:Extracted signature:bitarray('11111111110111101111111111111101111111111111011110011111101000011111000001111100001111110001111110001111100011110001110001000100000100011111001111111001100000111100001001111110000001111100001101111100011101111000111011110011111010001110000011100101110011100111001101100100')
DEBUG:root:Matched frame over all scan:832

DEBUG:root:Errors over all scan:30

DEBUG:root:Result:replica detected
DEBUG:root:Match or Not:True
DEBUG:root:Real time1487957637.09

DEBUG:root:Extracted signature:bitarray('11111111110111101111111111111101111111111111011110111111001000111111000001111100000111110000111110001111100011110001110001100100000000011111001111110001000000111000000001111100001000111100001100111100111101111001111011110011101010011110000011100101110011100111001100000100')
DEBUG:root:Matched frame over all scan:833

DEBUG:root:Errors over all scan:29

DEBUG:root:Result:replica detected
DEBUG:root:Match or Not:True
DEBUG:root:Real time1487957637.29

DEBUG:root:Extracted signature:bitarray('11111111111111101111111111111101111111111111011110111111101000111111100001111100001111110001111110001111100011110001110001100100000000011111011111111001100000111100001001111110000001111100001101111100101101111001111011110011101010011111000011100101110011000111001101100100')
DEBUG:root:Matched frame over all scan:833

DEBUG:root:Errors over all scan:20

DEBUG:root:Result:replica detected
DEBUG:root:Match or Not:True
DEBUG:root:Real time1487957637.49

DEBUG:root:Extracted signature:bitarray('11111111110111101111111111111101111111111111011110111111101000111110000001111100001111110001111110001111100011110001110001100100000000011111001111110001000000111100000001111110000001111100001101111100111101111001111011110011101010011110000011100101110011100111001100100100')
DEBUG:root:Matched frame over all scan:832

DEBUG:root:Errors over all scan:27

DEBUG:root:Result:replica detected
DEBUG:root:Match or Not:True
DEBUG:root:Real time1487957637.69

DEBUG:root:Extracted signature:bitarray('11111111110111101111111111111101111111111111011110111111101000111110000001111100001111110001111110001111100011110001110001100100000000011111001111110001000000111100000001111110000001111100001101111100111101111001111011110011101010011110000011100101110011100111001100100100')
DEBUG:root:Matched frame over all scan:832

DEBUG:root:Errors over all scan:27

DEBUG:root:Result:replica detected
DEBUG:root:Match or Not:True
DEBUG:root:Real time1487957637.89

DEBUG:root:Extracted signature:bitarray('11111111110111101111111111111101111111111111011110111111101000111111000001111100001111110001111110001111100011110001110001100100000000011111011111110001100000111100001001111110000001111100001101111100111001111001111011110011101010011110000011100101110011000111001101100100')
DEBUG:root:Matched frame over all scan:833

DEBUG:root:Errors over all scan:22

DEBUG:root:Result:replica detected
DEBUG:root:Match or Not:True
DEBUG:root:Real time1487957638.09

DEBUG:root:Extracted signature:bitarray('11111111110111101111111111111101111111111111011110111111101000111111000001111100001111110001111110001111100011110001110001100100000000011111011111110001100000111100001001111110000001111100001101111100111101111000111011110011101010001110000011100100110011100111001101100100')
DEBUG:root:Matched frame over all scan:832

DEBUG:root:Errors over all scan:25

DEBUG:root:Result:replica detected
DEBUG:root:Match or Not:True
DEBUG:root:Real time1487957638.29

DEBUG:root:Extracted signature:bitarray('11111111110111101111111111111101111111111111011110111111101000111110000001111100000111110000111110001111100011110001110001100100000000011111101111110001100000111100001001111100010001111100001101111100111101111001111011110011101010011110010011100101110111100111001100000100')
DEBUG:root:Matched frame over all scan:833

DEBUG:root:Errors over all scan:23

DEBUG:root:Result:replica detected
DEBUG:root:Match or Not:True
DEBUG:root:Under real time Point counter:0.203752994537

DEBUG:root:Extracted signature:bitarray('11111111111111101111111111111101111111111111011110111111101000111111100001111100001111110001111110001111100011110001110001100100000000011111001111110001000000111100001001111100000000111100001100111100111101111001111011110011101010001110010011100101110111100111001101100100')
DEBUG:root:Matched frame over all scan:832

DEBUG:root:Errors over all scan:24

DEBUG:root:Result:replica detected
DEBUG:root:Match or Not:True
DEBUG:root:Under real time Point counter:0.241991043091

DEBUG:root:Extracted signature:bitarray('11111111110111101111111111111101111111111111011110111111101000111111000001111100000111110000111110001111100011110001110001100100000000011111111111110001100000111100001001111110000001111100001101111100111101111001111011110011101010011110000011100101110011100111001100100100')
DEBUG:root:Matched frame over all scan:832

DEBUG:root:Errors over all scan:24

DEBUG:root:Result:replica detected
DEBUG:root:Match or Not:True
DEBUG:root:Real time1487957638.94

DEBUG:root:Extracted signature:bitarray('11111111111111101111111111111101111111111111011110111111101000111111000001111100001111110001111110001111100011110001110001100100000100011111001111110001100000111100001001111110000001111100001101111100001101111000111011110011111010001110000011100100110011100111001101100100')
DEBUG:root:Matched frame over all scan:832

DEBUG:root:Errors over all scan:29

DEBUG:root:Result:replica detected
DEBUG:root:Match or Not:True
DEBUG:root:Real time1487957639.14

DEBUG:root:Extracted signature:bitarray('11111111111111101111111111111101111111111111011110111111101000111111000001111100001111110001111110001111100011110001110001100100000000011111101111110001100000111000001001111100000001111100001101111100111101111000111011110011111010001110000011100100110011100111001101100100')
DEBUG:root:Matched frame over all scan:833

DEBUG:root:Errors over all scan:25

DEBUG:root:Result:replica detected
DEBUG:root:Match or Not:True
DEBUG:root:Real time1487957639.34

DEBUG:root:Extracted signature:bitarray('11111111111111101111111111111101111111111111011110111111101000111111000001111100001111110001111110001111100011110001110001100100000000011111001111110001100000111100001001111100000001111100001101111100111001111000111011110011111010001110010011100101110111100111001101100100')
DEBUG:root:Matched frame over all scan:832

DEBUG:root:Errors over all scan:25

DEBUG:root:Result:replica detected
DEBUG:root:Match or Not:True
DEBUG:root:Real time1487957639.54

DEBUG:root:Extracted signature:bitarray('11111111111111101111111111111101111111111111011110111111101000111111100001111100001111110001111110001111100011110001110001100100000000011111001111110001100000111000001001111100000001111100001101111100101001111000111011110011111010001110000011100101110011000111001101100100')
DEBUG:root:Matched frame over all scan:833

DEBUG:root:Errors over all scan:27

DEBUG:root:Result:replica detected
DEBUG:root:Match or Not:True
DEBUG:root:Real time1487957639.74

DEBUG:root:Extracted signature:bitarray('11111111111111101111111111111101111111111111011110111111101000111111000001111100001111110001111110001111100011110001110001100100000000011111011111110001100000111100001001111110000001111100001101111100101001111001111011110011111010011111000011100101110011000111001101100100')
DEBUG:root:Matched frame over all scan:833

DEBUG:root:Errors over all scan:22

DEBUG:root:Result:replica detected
DEBUG:root:Match or Not:True
DEBUG:root:Real time1487957639.94

DEBUG:root:Extracted signature:bitarray('11111111111111101111111111111101111111111111011110111111101000111111000001111100001111110001111110001111100011110001110001100100000000011111001111110001100000111100001001111100000001111100001101111100111001111001111011110011101010001110010011100101110111000111001101100100')
DEBUG:root:Matched frame over all scan:833

DEBUG:root:Errors over all scan:22

DEBUG:root:Result:replica detected
DEBUG:root:Match or Not:True
DEBUG:root:Real time1487957640.14

DEBUG:root:Extracted signature:bitarray('11111111111111101111111111111101111111111111011110111111101000111111000001111100000111110000111110001111100011110001110001100100000000011111101111110001000000111000000001111100000001111100001101111100111101111000111011110011111010001110000011100100110011100111001100000100')
DEBUG:root:Matched frame over all scan:833

DEBUG:root:Errors over all scan:29

DEBUG:root:Result:replica detected
DEBUG:root:Match or Not:True
DEBUG:root:Real time1487957640.34

DEBUG:root:Extracted signature:bitarray('11111111111111101111111111111101111111111111011110111111101000111111000001111100001111110001111110001111100011110001110001100100000000011111101111110001100000111100001001111100000001111100001101111100011101111000111011110011101010001110010011100100110111100111001101100100')
DEBUG:root:Matched frame over all scan:832

DEBUG:root:Errors over all scan:24

DEBUG:root:Result:replica detected
DEBUG:root:Match or Not:True
DEBUG:root:Real time1487957640.54

DEBUG:root:Extracted signature:bitarray('11111111111111101111111111111101111111111111011110111111101000111111000001111100000111110000111110001111100011110001110001100100000000011111001111110001000000111100001001111100000001111100001100111100111001111001111011110011101010011110000011100101110111100111001101100100')
DEBUG:root:Matched frame over all scan:832

DEBUG:root:Errors over all scan:27

DEBUG:root:Result:replica detected
DEBUG:root:Match or Not:True
DEBUG:root:Real time1487957640.74

DEBUG:root:Extracted signature:bitarray('11111111111111101111111111111101111111111111011110011111101000111111000001111100001111110001111110001111100011110001110001100100000000011111001111110001000000111000000001111100000000111100001101111100011101111000111011110011111010001110000011100100110011100111001101100100')
DEBUG:root:Matched frame over all scan:833

DEBUG:root:Errors over all scan:31

DEBUG:root:Result:replica detected
DEBUG:root:Match or Not:True
DEBUG:root:Real time1487957640.95

DEBUG:root:Extracted signature:bitarray('11111111111111101111111111111101111111111111011110111111101000111111100001111100000111110001111110001111100011110001110001100100000000011111001111110001000000111100001001111100000001111100001100111100011101111000111011110011111010001110000011100101110011100111001101100100')
DEBUG:root:Matched frame over all scan:832

DEBUG:root:Errors over all scan:29

DEBUG:root:Result:replica detected
DEBUG:root:Match or Not:True
DEBUG:root:Real time1487957641.15

DEBUG:root:Extracted signature:bitarray('11111111110111101111111101111101111111111111011110111111101000111111100001111100000111110000111110001111100011110001110001100100000000011111011111110001100000111100001001111110000000111100001100111100111001111001111011110011101010011110000011100101110011100111001100100100')
DEBUG:root:Matched frame over all scan:832

DEBUG:root:Errors over all scan:28

DEBUG:root:Result:replica detected
DEBUG:root:Match or Not:True
DEBUG:root:Real time1487957641.35

DEBUG:root:Extracted signature:bitarray('11111111110111101111111111111101111111111111011110111111101000111111100001111100000111110000111110001111100011110001110001100100000000011111011111110001100000111100001001111110000000111100001100111100001001111001111011110011101010011110000011100101110011000111001100100100')
DEBUG:root:Matched frame over all scan:832

DEBUG:root:Errors over all scan:30

DEBUG:root:Result:replica detected
DEBUG:root:Match or Not:True
DEBUG:root:Real time1487957641.55

DEBUG:root:Extracted signature:bitarray('11011111110111101111111111111101111111111111011110111111101000111111100001111100001111110001111110001111100011110001110001100100000000011111001111110001000000111100001001111110000000111100000100111100001001111000111011110011111010001110000011100101110011100111001101100100')
DEBUG:root:Matched frame over all scan:832

DEBUG:root:Errors over all scan:33

DEBUG:root:Result:replica detected
DEBUG:root:Match or Not:True
DEBUG:root:Real time1487957641.75

DEBUG:root:Extracted signature:bitarray('11111111110111101111111111111101111111111111011110111111101000111111000001111100000111110000111110001111100011110001110001100100000000011111001111110001000000111000000001111100000000111100001101111100011101111000111011110011111010001110000011100100110011100111001100000100')
DEBUG:root:Matched frame over all scan:833

DEBUG:root:Errors over all scan:33

DEBUG:root:Result:replica detected
DEBUG:root:Match or Not:True
DEBUG:root:Real time1487957641.95

DEBUG:root:Extracted signature:bitarray('11111111110111101111111111111101111111111111011110111111101000111111100001111100000111110000111110001111100011110001110001100100000000011111011111110001100000111100001001111110000001111100000100111100001001111000111011110011111010001110000011100101110011100111001100100100')
DEBUG:root:Matched frame over all scan:832

DEBUG:root:Errors over all scan:32

DEBUG:root:Result:replica detected
DEBUG:root:Match or Not:True
DEBUG:root:Under real time Point counter:0.216445207596

DEBUG:root:Extracted signature:bitarray('11111111110111101111111101111101111111111111011110011111101000011110000001111100000111110000111110001111100011110001100011000100000000011111001111110001000000111000000001111100000000111100001101111100011101111000111011110011111010001110000011100100110011100111001101100100')
DEBUG:root:Matched frame over all scan:833

DEBUG:root:Errors over all scan:40

DEBUG:root:Result:replica detected
DEBUG:root:Match or Not:True
DEBUG:root:Real time1487957642.37

DEBUG:root:Extracted signature:bitarray('11111111110111101111111101111101111111111111011110011111001000111110000001111100000111110000111110001111100011110001110001100100000000011111001111110001000000111000000001111100000000111100001100111100011101111000111011110011111010001110000011100101110011100111001100000100')
DEBUG:root:Matched frame over all scan:833

DEBUG:root:Errors over all scan:37

DEBUG:root:Result:replica detected
DEBUG:root:Match or Not:True
DEBUG:root:Real time1487957642.57

DEBUG:root:Extracted signature:bitarray('11011111111111101111111111111101111111111111011110011111101000111111000001111100000111110000111110001111100011110001110001100100000000011111001111110001100000111100001001111110000001111100000101111100001001111000111011110011111010001110000011100100110011100111001101100100')
DEBUG:root:Matched frame over all scan:832

DEBUG:root:Errors over all scan:34

DEBUG:root:Result:replica detected
DEBUG:root:Match or Not:True
DEBUG:root:Real time1487957642.77

DEBUG:root:Extracted signature:bitarray('11011111110111101011111110111101111111111111011110111111101000111111000001111100001111110001111110001111100011110001110001000100000000011110011111110001100000111100001100111110000001111100000100111100000001111000110011110011111010001111000011100000110011000111001101100100')
DEBUG:root:Matched frame over all scan:834

DEBUG:root:Errors over all scan:38

DEBUG:root:Result:replica detected
DEBUG:root:Match or Not:True
DEBUG:root:Real time1487957642.97

DEBUG:root:Extracted signature:bitarray('11011111110111101111111111111101111111111111011110011111101000111111000001111100000111110000111110001111100011110001110001100100000000011111001111110001100000111100001001111110000001111100000101111100001001111000111011110011111010001110000011100100110011100111001101100100')
DEBUG:root:Matched frame over all scan:832

DEBUG:root:Errors over all scan:35

DEBUG:root:Result:replica detected
DEBUG:root:Match or Not:True
DEBUG:root:Real time1487957643.17

DEBUG:root:Extracted signature:bitarray('11011111110111101111111101111101111111111111011100111111101000111111100001111100000111110000111110001111100011110001110001100100010000011111111111110001100000111100001001111110000001111100000000111100000001111001110011110011101000011111000011100101110011000111001100100100')
DEBUG:root:Matched frame over all scan:833

DEBUG:root:Errors over all scan:36

DEBUG:root:Result:replica detected
DEBUG:root:Match or Not:True
DEBUG:root:Real time1487957643.37

DEBUG:root:Extracted signature:bitarray('11011111111111101011111111111101111111111111011110111111101000111111100001111100001111110001111110001111100011110001110001100100000000011111011111110001100000111100001001111110000001111100000100111100001001111000110011110011111010001110000011100101110011100111001101100100')
DEBUG:root:Matched frame over all scan:832

DEBUG:root:Errors over all scan:31

DEBUG:root:Result:replica detected
DEBUG:root:Match or Not:True
DEBUG:root:Under real time Point counter:0.241746902466

DEBUG:root:Extracted signature:bitarray('11111111110111101111111111111101111111111111011110011111101000111111000001111100000111110001111110001111100011110001110001100100000000011111001111110001100000111000001001111100000000111100000101111100001001111000111011110011111010001110000011100100110011100111001101100100')
DEBUG:root:Matched frame over all scan:833

DEBUG:root:Errors over all scan:34

DEBUG:root:Result:replica detected
DEBUG:root:Match or Not:True
DEBUG:root:Real time1487957643.81

DEBUG:root:Extracted signature:bitarray('11011111110111101111111110111101111111111111011110011111101000011111000001111100001111110001111110001111100011110001110001000100000000011111001111110001100000111100001001111110000001111100001100111100001001111000110011110011111010001110000011100101110011100111001101100100')
DEBUG:root:Matched frame over all scan:832

DEBUG:root:Errors over all scan:36

DEBUG:root:Result:replica detected
DEBUG:root:Match or Not:True
DEBUG:root:Real time1487957644.01

DEBUG:root:Extracted signature:bitarray('11011111110111101111111111111101111111111111011110111111101000111111000001111100001111110001111110001111100011110001110001100100000000011111001111110001000000111100001001111100000000111100001100111100011001111000111011110011111010001110000011100101110011100111001101100100')
DEBUG:root:Matched frame over all scan:832

DEBUG:root:Errors over all scan:33

DEBUG:root:Result:replica detected
DEBUG:root:Match or Not:True
DEBUG:root:Real time1487957644.21

DEBUG:root:Extracted signature:bitarray('11111111110111101111111101111101111111111111011100111111101000111111100001111100000111110000111110001111100011110001110001100100010000011111011111110001100000111100001001101110000000111100000000111100001001111001110011110011111010011111000011100101110011000111001100100100')
DEBUG:root:Matched frame over all scan:833

DEBUG:root:Errors over all scan:37

DEBUG:root:Result:replica detected
DEBUG:root:Match or Not:True
DEBUG:root:Real time1487957644.41

DEBUG:root:Extracted signature:bitarray('11111111110111101111111101111101111111111111011110011111001000111110000001111100000111110000111110001111100011110001100011000100000001111111101111110001000000111000000001111100000000111100001101111100111101111000111011010011101000001110000011100101110011100111001100000100')
DEBUG:root:Matched frame over all scan:833

DEBUG:root:Errors over all scan:40

DEBUG:root:Result:replica detected
DEBUG:root:Match or Not:True
DEBUG:root:Real time1487957644.61

DEBUG:root:Extracted signature:bitarray('11111111110111101111111100111101111111111111011110011111101000011110000001111100000111110000111110001111100011110001110011000100000000011111001111110001100000111100001001111110000000111100001100111100011101111000111011110011111010001110000011100101110011100111001101100100')
DEBUG:root:Matched frame over all scan:832

DEBUG:root:Errors over all scan:38

DEBUG:root:Result:replica detected
DEBUG:root:Match or Not:True
DEBUG:root:Real time1487957644.81

DEBUG:root:Extracted signature:bitarray('11011111110111101111111101111101111111111111011110111111101000111111000001111100000111110000111110001111100011110001110001100100000000011111001111110001100000111100001001111110000000111100001100111100011001111000111011110011111010011110000011100101110011100111001101100100')
DEBUG:root:Matched frame over all scan:832

DEBUG:root:Errors over all scan:33

DEBUG:root:Result:replica detected
DEBUG:root:Match or Not:True
DEBUG:root:Real time1487957645.01

DEBUG:root:Extracted signature:bitarray('11111111110111101111111101111101111111111111011110011111101000011110000001111100000111110000111110001111100011110001110011000100000000011111001111110001000000111100000001111100000000111100001100111100111101111000111011110011111010001110000011100101110011100111001101100100')
DEBUG:root:Matched frame over all scan:832

DEBUG:root:Errors over all scan:39

DEBUG:root:Result:replica detected
DEBUG:root:Match or Not:True
DEBUG:root:Real time1487957645.22

DEBUG:root:Extracted signature:bitarray('11011111110111101111111111111101111111111111011110111111101000111111100001111100001111110001111110001111100011110001110001100100000000011111001111110001100000111100001001111110000000111100001100111100001001111000111011110011111010001110000011100101110011100111001101100100')
DEBUG:root:Matched frame over all scan:832

DEBUG:root:Errors over all scan:31

DEBUG:root:Result:replica detected
DEBUG:root:Match or Not:True
DEBUG:root:Real time1487957645.42

DEBUG:root:Extracted signature:bitarray('11111111110111101111111111111101111111111111011110111111101000111111000001111100000111110000111110001111100011110001110001100100000000011111001111110001100000111100001001111110000001111100000101111100001101111000111011110011111010001110000011100100110011100111001100100100')
DEBUG:root:Matched frame over all scan:832

DEBUG:root:Errors over all scan:33

DEBUG:root:Result:replica detected
DEBUG:root:Match or Not:True
DEBUG:root:Real time1487957645.62

DEBUG:root:Extracted signature:bitarray('11111111110111101111111101111101111111111111011110111111101000111111000001111100000111110000111110001111100011110001110001100100000000011111011111110001100000111100001001111110000000111100001100111100001001111001111011110011111010011110000011100101110011000111001101100100')
DEBUG:root:Matched frame over all scan:833

DEBUG:root:Errors over all scan:30

DEBUG:root:Result:replica detected
DEBUG:root:Match or Not:True
DEBUG:root:Real time1487957645.82

DEBUG:root:Extracted signature:bitarray('11011111111111101111111111111101111111111111011110111111101000111111100001111100000111110001111110001111100011110001110001100100000000011111001111110001100000111100001001111110000000111100001100111100001001111000111011110011111010001110000011100101110011100111001101100100')
DEBUG:root:Matched frame over all scan:832

DEBUG:root:Errors over all scan:31

DEBUG:root:Result:replica detected
DEBUG:root:Match or Not:True
DEBUG:root:Real time1487957646.02

DEBUG:root:Extracted signature:bitarray('11111111110111101111111101111101111111111111011110111111101000111111000001111100000111110001111110001111100011110001110001100100000000011111001111110001100000111100001001111110000000111100001100111100011001111001110011110011111010011110000011100101110011000111001101100100')
DEBUG:root:Matched frame over all scan:833

DEBUG:root:Errors over all scan:30

DEBUG:root:Result:replica detected
DEBUG:root:Match or Not:True
DEBUG:root:Real time1487957646.22

DEBUG:root:Extracted signature:bitarray('11011111110111101111111111111101111111111111011110111111101000111111000001111100000111110001111110001111100011110001110001100100000000011111001111110001100000111100001001111110000000111100001100111100011001111000111011110011111010001110000011100101110011100111001101100100')
DEBUG:root:Matched frame over all scan:832

DEBUG:root:Errors over all scan:32

DEBUG:root:Result:replica detected
DEBUG:root:Match or Not:True
DEBUG:root:Real time1487957646.42

DEBUG:root:Extracted signature:bitarray('11111111110111101111111101111101111111111111011110011111001000111110000001111100000111110000111110001111100011110001100011000100000000011111001111110001000000111000000001111100000000111100001100111100111101111000111011110011111010001110000011100101110011100111001101100100')
DEBUG:root:Matched frame over all scan:833

DEBUG:root:Errors over all scan:39

DEBUG:root:Result:replica detected
DEBUG:root:Match or Not:True
DEBUG:root:Real time1487957646.62

DEBUG:root:Extracted signature:bitarray('11111111110111101111111111111101111111111111011110111111101000111111000001111100000111110000111110001111100011110001110001100100000000011111001111110001000000111000000001111100000000111100000100111100001001111000111011110011111010001110000011100101110011100111001100000100')
DEBUG:root:Matched frame over all scan:833

DEBUG:root:Errors over all scan:36

DEBUG:root:Result:replica detected
DEBUG:root:Match or Not:True
DEBUG:root:Real time1487957646.82

DEBUG:root:Extracted signature:bitarray('11111111111111101111111111111101111111111111011110111111101000111111100001111100000111110001111110001111100011110001110001100100000000011111001111110001000000111100001001111100000000111100001100111100001001111000111011110011111010001110000011100101110011100111001101100100')
DEBUG:root:Matched frame over all scan:832

DEBUG:root:Errors over all scan:32

DEBUG:root:Result:replica detected
DEBUG:root:Match or Not:True
DEBUG:root:Real time1487957647.02

DEBUG:root:Extracted signature:bitarray('11111111110111101111111111111101111111111111011110011111101000111111000001111100000111110000111110001111100011110001110001100100000000011111001111110001000000111000000001111100000000111100001100111100011101111000111011110011111010001110000011100101110011100111001101100100')
DEBUG:root:Matched frame over all scan:833

DEBUG:root:Errors over all scan:34

DEBUG:root:Result:replica detected
DEBUG:root:Match or Not:True
DEBUG:root:Real time1487957647.22

DEBUG:root:Extracted signature:bitarray('11011111110111101111111111111101111111111111011110111111101000111111100001111100000111110001111110001111100011110001110001100100000000011111011111110001100000111100001001111110000001111100001100111100001001111000110011110011101010011110000011100101110011100111001101100100')
DEBUG:root:Matched frame over all scan:832

DEBUG:root:Errors over all scan:29

DEBUG:root:Result:replica detected
DEBUG:root:Match or Not:True
DEBUG:root:Real time1487957647.42

DEBUG:root:Extracted signature:bitarray('11011111111111101111111111111101111111111111011110111111101000111111100001111100000111110001111110001111100011110001110001100100000000011111001111110001000000111100001001111100000000111100001100111100001101111000111011110011111010001110000011100101110011100111001101100100')
DEBUG:root:Matched frame over all scan:832

DEBUG:root:Errors over all scan:32

DEBUG:root:Result:replica detected
DEBUG:root:Match or Not:True
DEBUG:root:Real time1487957647.62

DEBUG:root:Extracted signature:bitarray('11111111110111101111111111111101111111111111011110011111101000111111000001111100001111110001111110001111100011110001110001000100000000011111001111110001000000111100000001111100000000111100001100111100011101111000111011110011111010001110000011100101110011100111001101100100')
DEBUG:root:Matched frame over all scan:832

DEBUG:root:Errors over all scan:34

DEBUG:root:Result:replica detected
DEBUG:root:Match or Not:True
DEBUG:root:Real time1487957647.82

DEBUG:root:Extracted signature:bitarray('11111111110111101111111101111101111111111111011110111111101000111111000001111100000111110000111110001111100011110001110001100100000000011111001111110001000000111100001001111110000000111100001100111100111101111000111011110011111010001110000011100101110011100111001101100100')
DEBUG:root:Matched frame over all scan:832

DEBUG:root:Errors over all scan:32

DEBUG:root:Result:replica detected
DEBUG:root:Match or Not:True
DEBUG:root:Real time1487957648.02

DEBUG:root:Extracted signature:bitarray('11011111111111101111111111111101111111111111011110111111101000111111100001111100001111110001111110001111100011110001110001100100000000011111001111110001100000111100001001111110000001111100001100111100001001111000111011110011111010001110000011100101110011100111001101100100')
DEBUG:root:Matched frame over all scan:832

DEBUG:root:Errors over all scan:29

DEBUG:root:Result:replica detected
DEBUG:root:Match or Not:True
DEBUG:root:Real time1487957648.22

DEBUG:root:Extracted signature:bitarray('11011111110111101111111111111101111111111111011110111111101000111111100001111100001111110001111110001111100011110001110001100100000000011111011111110001100000111100001001111110000001111100001100111100001001111000110011110011111010011110000011100101110011100111001101100100')
DEBUG:root:Matched frame over all scan:832

DEBUG:root:Errors over all scan:29

DEBUG:root:Result:replica detected
DEBUG:root:Match or Not:True
DEBUG:root:Real time1487957648.42

DEBUG:root:Extracted signature:bitarray('11011111111111101111111111111101111111111111011110111111101000111111100001111100001111110001111110001111100011110001110001100100000000011111011111110001100000111100001001111110000001111100000100111100001001111000110011110011111010011110000011100101110011000111001101100100')
DEBUG:root:Matched frame over all scan:832

DEBUG:root:Errors over all scan:30

DEBUG:root:Result:replica detected
DEBUG:root:Match or Not:True
DEBUG:root:Under real time Point counter:0.242886066437

DEBUG:root:Extracted signature:bitarray('11111111110111101111111111111101111111111111011110011111101000111111000001111100000111110000111110001111100011110001110011000100000000111111101111110001000000111000000001111100000000111100001100111100111101111000111011010011101010001110000011100101110011100111001100000100')
DEBUG:root:Matched frame over all scan:833

DEBUG:root:Errors over all scan:35

DEBUG:root:Result:replica detected
DEBUG:root:Match or Not:True
DEBUG:root:Real time1487957648.87

DEBUG:root:Extracted signature:bitarray('11111111110111101111111101111101111111111111011110111111101000111111000001111100000111110000111110001111100011110001110001100100010000011111011111110001100000111100001001111110000000111100000100111100001001111001111011110011111010011110000011100101110011000111001100000100')
DEBUG:root:Matched frame over all scan:833

DEBUG:root:Errors over all scan:32

DEBUG:root:Result:replica detected
DEBUG:root:Match or Not:True
DEBUG:root:Real time1487957649.07

DEBUG:root:Extracted signature:bitarray('11111111111111101111111111111101111111111111011110111111101000111111000001111100001111110001111110001111100011110001110001000100000100011111001111110001100010111100001001111110000001111100001101111100111101111000111011110011111010001110000011100100110011000111001101100100')
DEBUG:root:Matched frame over all scan:833

DEBUG:root:Errors over all scan:26

DEBUG:root:Result:replica detected
DEBUG:root:Match or Not:True
DEBUG:root:Real time1487957649.27

DEBUG:root:Extracted signature:bitarray('11111111111111101111111111111101111111111111011110111111101000111111000001111100001111110001111110001111100011110001110001100100000000011111001111110001100000111000001001111100000001111100001101111100111101111000111011110011111010001110000011100100110011100111001101100100')
DEBUG:root:Matched frame over all scan:833

DEBUG:root:Errors over all scan:26

DEBUG:root:Result:replica detected
DEBUG:root:Match or Not:True
DEBUG:root:Real time1487957649.47

DEBUG:root:Extracted signature:bitarray('11111111111111101111111111111101111111111111011110111111101000111111000001111100001111110001111110001111100011110001110001100100000000011111101111110001000100111000000001111100000001111100001101111100111101111000111011110011111010001110000011100100110011100111001100000100')
DEBUG:root:Matched frame over all scan:833

DEBUG:root:Errors over all scan:26

DEBUG:root:Result:replica detected
DEBUG:root:Match or Not:True
DEBUG:root:Real time1487957649.67

DEBUG:root:Extracted signature:bitarray('11111111110111101111111111111101111111111111011110111111001000111110000001111100000111110000111110001111100011110001110001100100000000011111101111110001000100111000000001111100000001111100001101111100111101111001111011110011101010001110000011100101110011100111001100000100')
DEBUG:root:Matched frame over all scan:833

DEBUG:root:Errors over all scan:28

DEBUG:root:Result:replica detected
DEBUG:root:Match or Not:True
DEBUG:root:Real time1487957649.87

DEBUG:root:Extracted signature:bitarray('11111111111111101111111111111101111111111111011110111111101000111111000001111100001111110001111110001111100011110001110001000100000000011111011111110001100011111100001001111110000001111100001101111100111001111001111011110011111010011111000011100101110011000111001101100100')
DEBUG:root:Matched frame over all scan:833

DEBUG:root:Errors over all scan:20

DEBUG:root:Result:replica detected
DEBUG:root:Match or Not:True
DEBUG:root:Real time1487957650.07

DEBUG:root:Extracted signature:bitarray('11111111111111101111111111111101111111111111011110111111101000111111000001111100001111110001111110001111100011110001110001100100000000011111111111110001100000111100001001111110000001111100001101111100111101111000111011110011111010001110000011100100110011000111001101100100')
DEBUG:root:Matched frame over all scan:833

DEBUG:root:Errors over all scan:23

DEBUG:root:Result:replica detected
DEBUG:root:Match or Not:True
