DEBUG:root:Under real time Point 1486600093.29

DEBUG:root:Under real time Point 0.113270044327

DEBUG:root:Under real time Point 0.116839170456

DEBUG:root:Under real time point 0.107093095779

DEBUG:root:Under real time point 0.101105928421

DEBUG:root:Under real time point 0.102419137955

DEBUG:root:Under real time point 0.102051019669

DEBUG:root:Under real time point 0.106457948685

DEBUG:root:Under real time point 0.10302400589

DEBUG:root:Under real time point 0.102499008179

DEBUG:root:Under real time point 0.104784011841

DEBUG:root:Under real time point 0.105859994888

DEBUG:root:Under real time point 0.10190987587

DEBUG:root:Real time1486600094.67

DEBUG:root:Under real time point 0.101052045822

DEBUG:root:Under real time point 0.100514888763

DEBUG:root:Under real time point 0.10061788559

DEBUG:root:Under real time point 0.108271837234

DEBUG:root:Under real time point 0.10062289238

DEBUG:root:Under real time Point 0.130163908005

DEBUG:root:Real time1486600095.41

DEBUG:root:Under real time point 0.10423207283

DEBUG:root:Under real time Point 0.147558927536

DEBUG:root:Under real time point 0.100963115692

DEBUG:root:Real time1486600095.87

DEBUG:root:Real time1486600095.97

DEBUG:root:Real time1486600096.07

DEBUG:root:Under real time point 0.100440979004

DEBUG:root:Real time1486600096.27

DEBUG:root:Real time1486600096.37

DEBUG:root:Real time1486600096.48

DEBUG:root:Real time1486600096.58

DEBUG:root:Real time1486600096.68

DEBUG:root:Real time1486600096.78

DEBUG:root:Under real time point 0.100735187531

DEBUG:root:Real time1486600096.98

DEBUG:root:Real time1486600097.08

DEBUG:root:Real time1486600097.18

DEBUG:root:Real time1486600097.28

DEBUG:root:Real time1486600097.38

DEBUG:root:Real time1486600097.49

DEBUG:root:Real time1486600097.59

DEBUG:root:Real time1486600097.69

DEBUG:root:Under real time point 0.101660966873

DEBUG:root:Real time1486600097.89

DEBUG:root:Real time1486600097.99

DEBUG:root:Real time1486600098.09

DEBUG:root:Real time1486600098.19

DEBUG:root:Real time1486600098.29

DEBUG:root:Real time1486600098.39

DEBUG:root:Real time1486600098.49

DEBUG:root:Real time1486600098.59

DEBUG:root:Under real time point 0.106901884079

DEBUG:root:Real time1486600098.8

DEBUG:root:Real time1486600098.9

DEBUG:root:Real time1486600099.0

DEBUG:root:Real time1486600099.1

DEBUG:root:Real time1486600099.2

DEBUG:root:Real time1486600099.31

DEBUG:root:Real time1486600099.41

DEBUG:root:Real time1486600099.51

DEBUG:root:Real time1486600099.61

DEBUG:root:Real time1486600099.71

DEBUG:root:Real time1486600099.81

DEBUG:root:Under real time point 0.103151082993

DEBUG:root:Under real time point 0.102381944656

DEBUG:root:Under real time Point 0.110862016678

DEBUG:root:Under real time Point 0.114434957504

DEBUG:root:Under real time point 0.106912136078

DEBUG:root:Under real time point 0.105796813965

DEBUG:root:Real time1486600100.57

DEBUG:root:Under real time point 0.109248161316

DEBUG:root:Under real time Point 0.126106977463

DEBUG:root:Under real time point 0.102479934692

DEBUG:root:Under real time point 0.106414079666

DEBUG:root:Under real time point 0.101581096649

DEBUG:root:Under real time point 0.10468006134

DEBUG:root:Under real time point 0.106494903564

DEBUG:root:Under real time point 0.109785079956

DEBUG:root:Under real time point 0.106824874878

DEBUG:root:Under real time Point 0.113219022751

DEBUG:root:Real time1486600101.76

DEBUG:root:Real time1486600101.86

DEBUG:root:Real time1486600101.96

DEBUG:root:Real time1486600102.06

DEBUG:root:Real time1486600102.16

DEBUG:root:Real time1486600102.27

DEBUG:root:Real time1486600102.37

DEBUG:root:Real time1486600102.47

DEBUG:root:Real time1486600102.57

DEBUG:root:Real time1486600102.67

DEBUG:root:Real time1486600102.77

DEBUG:root:Real time1486600102.87

DEBUG:root:Real time1486600102.97

DEBUG:root:Real time1486600103.07

DEBUG:root:Real time1486600103.17

DEBUG:root:Real time1486600103.27

DEBUG:root:Real time1486600103.37

DEBUG:root:Real time1486600103.47

DEBUG:root:Real time1486600103.58

DEBUG:root:Real time1486600103.68

DEBUG:root:Real time1486600103.78

DEBUG:root:Real time1486600103.88

DEBUG:root:Real time1486600103.98

DEBUG:root:Real time1486600104.08

DEBUG:root:Real time1486600104.18

DEBUG:root:Real time1486600104.28

DEBUG:root:Real time1486600104.38

DEBUG:root:Real time1486600104.48

DEBUG:root:Real time1486600104.58

DEBUG:root:Real time1486600104.68

DEBUG:root:Real time1486600104.78

DEBUG:root:Real time1486600104.88

DEBUG:root:Real time1486600104.98

DEBUG:root:Real time1486600105.08

DEBUG:root:Real time1486600105.18

DEBUG:root:Real time1486600105.28

DEBUG:root:Real time1486600105.38

DEBUG:root:Real time1486600105.49

DEBUG:root:Real time1486600105.59

DEBUG:root:Under real time Point 0.123100996017

DEBUG:root:Real time1486600105.81

DEBUG:root:Real time1486600105.91

DEBUG:root:Real time1486600106.01

DEBUG:root:Real time1486600106.11

DEBUG:root:Real time1486600106.21

DEBUG:root:Real time1486600106.31

DEBUG:root:Real time1486600106.41

DEBUG:root:Real time1486600106.51

DEBUG:root:Real time1486600106.62

DEBUG:root:Real time1486600106.72

DEBUG:root:Real time1486600106.82

DEBUG:root:Real time1486600106.92

DEBUG:root:Real time1486600107.02

DEBUG:root:Real time1486600107.12

DEBUG:root:Real time1486600107.22

DEBUG:root:Real time1486600107.32

DEBUG:root:Under real time point 0.100826025009

DEBUG:root:Under real time point 0.103307008743

DEBUG:root:Under real time point 0.102531909943

DEBUG:root:Under real time Point 0.125428915024

DEBUG:root:Under real time Point 0.112135887146

DEBUG:root:Under real time point 0.101495981216

DEBUG:root:Real time1486600108.08

DEBUG:root:Real time1486600108.18

DEBUG:root:Real time1486600108.28

DEBUG:root:Real time1486600108.38

DEBUG:root:Real time1486600108.48

DEBUG:root:Real time1486600108.58

DEBUG:root:Real time1486600108.68

DEBUG:root:Real time1486600108.78

DEBUG:root:Real time1486600108.88

DEBUG:root:Real time1486600108.98

DEBUG:root:Real time1486600109.08

DEBUG:root:Real time1486600109.18

DEBUG:root:Under real time Point 0.126415014267

DEBUG:root:Real time1486600109.41

DEBUG:root:Real time1486600109.51

DEBUG:root:Real time1486600109.61

DEBUG:root:Real time1486600109.71

DEBUG:root:Real time1486600109.81

DEBUG:root:Real time1486600109.92

DEBUG:root:Under real time Point 1486600169.71

DEBUG:root:Under real time Point 0.216597795486

DEBUG:root:Under real time point 0.101404190063

DEBUG:root:Under real time point 0.102787017822

DEBUG:root:Real time1486600170.24

DEBUG:root:Real time1486600170.34

DEBUG:root:Real time1486600170.44

DEBUG:root:Under real time point 0.102690935135

DEBUG:root:Under real time Point 0.12741112709

DEBUG:root:Under real time Point 0.142009973526

DEBUG:root:Under real time Point 0.149976015091

DEBUG:root:Real time1486600171.07

DEBUG:root:Real time1486600171.17

DEBUG:root:Real time1486600171.27

DEBUG:root:Real time1486600171.37

DEBUG:root:Real time1486600171.48

DEBUG:root:Real time1486600171.58

DEBUG:root:Real time1486600171.68

DEBUG:root:Real time1486600171.78

DEBUG:root:Under real time point 0.103224992752

DEBUG:root:Under real time point 0.102432012558

DEBUG:root:Real time1486600172.08

DEBUG:root:Real time1486600172.18

DEBUG:root:Real time1486600172.28

DEBUG:root:Real time1486600172.39

DEBUG:root:Under real time point 0.100967884064

DEBUG:root:Real time1486600172.59

DEBUG:root:Real time1486600172.69

DEBUG:root:Real time1486600172.79

DEBUG:root:Real time1486600172.89

DEBUG:root:Real time1486600172.99

DEBUG:root:Real time1486600173.09

DEBUG:root:Real time1486600173.19

DEBUG:root:Real time1486600173.29

DEBUG:root:Under real time point 0.100636005402

DEBUG:root:Real time1486600173.49

DEBUG:root:Real time1486600173.59

DEBUG:root:Real time1486600173.69

DEBUG:root:Real time1486600173.8

DEBUG:root:Real time1486600173.9

DEBUG:root:Under real time point 0.101708173752

DEBUG:root:Real time1486600174.1

DEBUG:root:Real time1486600174.2

DEBUG:root:Under real time point 0.100872993469

DEBUG:root:Real time1486600174.41

DEBUG:root:Real time1486600174.51

DEBUG:root:Real time1486600174.61

DEBUG:root:Real time1486600174.71

DEBUG:root:Real time1486600174.81

DEBUG:root:Under real time point 0.101886987686

DEBUG:root:Real time1486600175.01

DEBUG:root:Real time1486600175.11

DEBUG:root:Under real time point 0.106101036072

DEBUG:root:Real time1486600175.32

DEBUG:root:Under real time point 0.104561090469

DEBUG:root:Under real time point 0.101133823395

DEBUG:root:Under real time point 0.102005004883

DEBUG:root:Under real time Point 0.157127857208

DEBUG:root:Under real time point 0.101020097733

DEBUG:root:Under real time point 0.109486818314

DEBUG:root:Under real time point 0.102979898453

DEBUG:root:Real time1486600176.2

DEBUG:root:Real time1486600176.3

DEBUG:root:Real time1486600176.4

DEBUG:root:Real time1486600176.5

DEBUG:root:Under real time point 0.102434873581

DEBUG:root:Real time1486600176.71

DEBUG:root:Real time1486600176.81

DEBUG:root:Real time1486600176.91

DEBUG:root:Real time1486600177.01

DEBUG:root:Real time1486600177.11

DEBUG:root:Real time1486600177.21

DEBUG:root:Real time1486600177.31

DEBUG:root:Real time1486600177.41

DEBUG:root:Real time1486600177.51

DEBUG:root:Real time1486600177.61

DEBUG:root:Real time1486600177.71

DEBUG:root:Real time1486600177.81

DEBUG:root:Real time1486600177.91

DEBUG:root:Real time1486600178.01

DEBUG:root:Real time1486600178.11

DEBUG:root:Real time1486600178.21

DEBUG:root:Real time1486600178.31

DEBUG:root:Real time1486600178.41

DEBUG:root:Real time1486600178.52

DEBUG:root:Real time1486600178.62

DEBUG:root:Real time1486600178.72

DEBUG:root:Real time1486600178.82

DEBUG:root:Real time1486600178.92

DEBUG:root:Real time1486600179.02

DEBUG:root:Real time1486600179.12

DEBUG:root:Real time1486600179.22

DEBUG:root:Real time1486600179.32

DEBUG:root:Real time1486600179.42

DEBUG:root:Real time1486600179.52

DEBUG:root:Real time1486600179.62

DEBUG:root:Real time1486600179.72

DEBUG:root:Real time1486600179.83

DEBUG:root:Real time1486600179.93

DEBUG:root:Real time1486600180.03

DEBUG:root:Real time1486600180.13

DEBUG:root:Real time1486600180.23

DEBUG:root:Real time1486600180.33

DEBUG:root:Real time1486600180.43

DEBUG:root:Real time1486600180.53

DEBUG:root:Real time1486600180.63

DEBUG:root:Under real time Point 0.133021116257

DEBUG:root:Real time1486600180.87

DEBUG:root:Real time1486600180.97

DEBUG:root:Real time1486600181.07

DEBUG:root:Real time1486600181.17

DEBUG:root:Real time1486600181.27

DEBUG:root:Real time1486600181.37

DEBUG:root:Real time1486600181.47

DEBUG:root:Real time1486600181.57

DEBUG:root:Real time1486600181.67

DEBUG:root:Real time1486600181.78

DEBUG:root:Real time1486600181.88

DEBUG:root:Real time1486600181.98

DEBUG:root:Real time1486600182.08

DEBUG:root:Real time1486600182.18

DEBUG:root:Real time1486600182.28

DEBUG:root:Real time1486600182.38

DEBUG:root:Real time1486600182.48

DEBUG:root:Real time1486600182.58

DEBUG:root:Real time1486600182.68

DEBUG:root:Real time1486600182.78

DEBUG:root:Real time1486600182.88

DEBUG:root:Real time1486600182.98

DEBUG:root:Real time1486600183.08

DEBUG:root:Real time1486600183.18

DEBUG:root:Real time1486600183.29

DEBUG:root:Real time1486600183.39

DEBUG:root:Real time1486600183.49

DEBUG:root:Real time1486600183.59

DEBUG:root:Real time1486600183.69

DEBUG:root:Real time1486600183.79

DEBUG:root:Real time1486600183.89

DEBUG:root:Real time1486600183.99

DEBUG:root:Real time1486600184.09

DEBUG:root:Real time1486600184.19

DEBUG:root:Real time1486600184.29

DEBUG:root:Real time1486600184.39

DEBUG:root:Real time1486600184.49

DEBUG:root:Real time1486600184.59

DEBUG:root:Real time1486600184.7

DEBUG:root:Real time1486600184.8

DEBUG:root:Real time1486600184.9

DEBUG:root:Real time1486600185.0

DEBUG:root:Real time1486600185.1

DEBUG:root:Real time1486600185.2

DEBUG:root:Real time1486600185.3

DEBUG:root:Real time1486600185.4

DEBUG:root:Real time1486600185.5

DEBUG:root:Real time1486600185.6

DEBUG:root:Real time1486600185.7

DEBUG:root:Real time1486600185.8

DEBUG:root:Real time1486600185.9

DEBUG:root:Real time1486600186.0

DEBUG:root:Real time1486600186.11

DEBUG:root:Real time1486600186.21

DEBUG:root:Real time1486600186.31

DEBUG:root:Real time1486600186.41

DEBUG:root:Real time1486600186.51

DEBUG:root:Under real time point 0.109214067459

DEBUG:root:Under real time Point 0.125225067139

DEBUG:root:Under real time Point 0.119096040726

DEBUG:root:Under real time point 0.109308958054

DEBUG:root:Real time1486600187.08

DEBUG:root:Real time1486600187.18

DEBUG:root:Real time1486600187.28

DEBUG:root:Real time1486600187.38

DEBUG:root:Real time1486600187.48

DEBUG:root:Real time1486600187.58

DEBUG:root:Real time1486600187.68

DEBUG:root:Real time1486600187.78

DEBUG:root:Real time1486600187.88

DEBUG:root:Real time1486600187.98

DEBUG:root:Real time1486600188.08

DEBUG:root:Real time1486600188.18

DEBUG:root:Real time1486600188.29

DEBUG:root:Real time1486600188.39

DEBUG:root:Real time1486600188.49

DEBUG:root:Real time1486600188.59

DEBUG:root:Real time1486600188.69

DEBUG:root:Real time1486600188.79

DEBUG:root:Real time1486600188.89

DEBUG:root:Real time1486600188.99

DEBUG:root:Real time1486600189.09

DEBUG:root:Real time1486600189.19

DEBUG:root:Real time1486600189.29

DEBUG:root:Real time1486600189.39

DEBUG:root:Real time1486600189.49

DEBUG:root:Real time1486600189.59

DEBUG:root:Real time1486600189.69

DEBUG:root:Real time1486600189.79

DEBUG:root:Real time1486600189.89

DEBUG:root:Real time1486600189.99

DEBUG:root:Real time1486600190.09

DEBUG:root:Real time1486600190.2

DEBUG:root:Real time1486600190.3

DEBUG:root:Real time1486600190.4

DEBUG:root:Real time1486600190.5

DEBUG:root:Real time1486600190.6

DEBUG:root:Real time1486600190.7

DEBUG:root:Real time1486600190.8

DEBUG:root:Real time1486600190.9

DEBUG:root:Real time1486600191.0

DEBUG:root:Real time1486600191.1

DEBUG:root:Real time1486600191.2

DEBUG:root:Real time1486600191.3

DEBUG:root:Real time1486600191.4

DEBUG:root:Real time1486600191.5

DEBUG:root:Real time1486600191.6

DEBUG:root:Real time1486600191.71

DEBUG:root:Real time1486600191.81

DEBUG:root:Real time1486600191.91

DEBUG:root:Real time1486600192.01

DEBUG:root:Real time1486600192.11

DEBUG:root:Real time1486600192.21

DEBUG:root:Real time1486600192.31

DEBUG:root:Real time1486600192.41

DEBUG:root:Real time1486600192.51

DEBUG:root:Real time1486600192.61

DEBUG:root:Real time1486600192.71

DEBUG:root:Real time1486600192.81

DEBUG:root:Real time1486600192.91

DEBUG:root:Real time1486600193.01

DEBUG:root:Real time1486600193.12

DEBUG:root:Real time1486600193.22

DEBUG:root:Real time1486600193.32

DEBUG:root:Real time1486600193.42

DEBUG:root:Real time1486600193.52

DEBUG:root:Real time1486600193.62

DEBUG:root:Real time1486600193.72

DEBUG:root:Real time1486600193.82

DEBUG:root:Real time1486600193.92

DEBUG:root:Real time1486600194.02

DEBUG:root:Real time1486600194.12

DEBUG:root:Real time1486600194.22

DEBUG:root:Real time1486600194.32

DEBUG:root:Real time1486600194.42

DEBUG:root:Real time1486600194.53

DEBUG:root:Real time1486600194.63

DEBUG:root:Real time1486600194.73

DEBUG:root:Real time1486600194.83

DEBUG:root:Real time1486600194.93

DEBUG:root:Real time1486600195.03

DEBUG:root:Real time1486600195.13

DEBUG:root:Real time1486600195.23

DEBUG:root:Real time1486600195.33

DEBUG:root:Real time1486600195.43

DEBUG:root:Real time1486600195.54

DEBUG:root:Real time1486600195.64

DEBUG:root:Real time1486600195.74

DEBUG:root:Real time1486600195.84

DEBUG:root:Real time1486600195.94

DEBUG:root:Real time1486600196.04

DEBUG:root:Real time1486600196.14

DEBUG:root:Real time1486600196.24

DEBUG:root:Real time1486600196.34

DEBUG:root:Real time1486600196.44

DEBUG:root:Real time1486600196.54

DEBUG:root:Real time1486600196.64

DEBUG:root:Under real time point 0.10276889801

DEBUG:root:Real time1486600196.84

DEBUG:root:Real time1486600196.94

DEBUG:root:Real time1486600197.05

DEBUG:root:Real time1486600197.15

DEBUG:root:Real time1486600197.25

DEBUG:root:Real time1486600197.35

DEBUG:root:Real time1486600197.45

DEBUG:root:Real time1486600197.55

DEBUG:root:Real time1486600197.65

DEBUG:root:Real time1486600197.75

DEBUG:root:Real time1486600197.85

DEBUG:root:Real time1486600197.95

DEBUG:root:Real time1486600198.05

DEBUG:root:Real time1486600198.15

DEBUG:root:Real time1486600198.25

DEBUG:root:Real time1486600198.35

DEBUG:root:Real time1486600198.46

DEBUG:root:Real time1486600198.56

DEBUG:root:Real time1486600198.66

DEBUG:root:Real time1486600198.76

DEBUG:root:Real time1486600198.86

DEBUG:root:Real time1486600198.96

DEBUG:root:Real time1486600199.06

DEBUG:root:Real time1486600199.16

DEBUG:root:Real time1486600199.26

DEBUG:root:Real time1486600199.36

DEBUG:root:Real time1486600199.46

DEBUG:root:Real time1486600199.56

DEBUG:root:Real time1486600199.66

DEBUG:root:Real time1486600199.76

DEBUG:root:Real time1486600199.87

DEBUG:root:Real time1486600199.97

DEBUG:root:Real time1486600200.07

DEBUG:root:Real time1486600200.17

DEBUG:root:Real time1486600200.27

DEBUG:root:Real time1486600200.37

DEBUG:root:Real time1486600200.47

DEBUG:root:Real time1486600200.57

DEBUG:root:Real time1486600200.68

DEBUG:root:Under real time Point 0.119230031967

DEBUG:root:Real time1486600200.9

DEBUG:root:Real time1486600201.0

DEBUG:root:Real time1486600201.1

DEBUG:root:Real time1486600201.2

DEBUG:root:Real time1486600201.3

DEBUG:root:Real time1486600201.4

DEBUG:root:Real time1486600201.5

DEBUG:root:Real time1486600201.6

DEBUG:root:Real time1486600201.7

DEBUG:root:Real time1486600201.8

DEBUG:root:Real time1486600201.9

DEBUG:root:Real time1486600202.0

DEBUG:root:Real time1486600202.1

DEBUG:root:Real time1486600202.2

DEBUG:root:Real time1486600202.31

DEBUG:root:Real time1486600202.41

DEBUG:root:Real time1486600202.51

DEBUG:root:Real time1486600202.61

DEBUG:root:Real time1486600202.71

DEBUG:root:Real time1486600202.81

DEBUG:root:Real time1486600202.91

DEBUG:root:Real time1486600203.01

DEBUG:root:Real time1486600203.11

DEBUG:root:Real time1486600203.21

DEBUG:root:Real time1486600203.31

DEBUG:root:Real time1486600203.41

DEBUG:root:Real time1486600203.51

DEBUG:root:Real time1486600203.61

DEBUG:root:Real time1486600203.71

DEBUG:root:Real time1486600203.81

DEBUG:root:Real time1486600203.91

DEBUG:root:Real time1486600204.01

DEBUG:root:Real time1486600204.12

DEBUG:root:Real time1486600204.22

DEBUG:root:Real time1486600204.32

DEBUG:root:Real time1486600204.42

DEBUG:root:Real time1486600204.52

DEBUG:root:Real time1486600204.62

DEBUG:root:Real time1486600204.72

DEBUG:root:Real time1486600204.82

DEBUG:root:Real time1486600204.92

DEBUG:root:Real time1486600205.02

DEBUG:root:Real time1486600205.12

DEBUG:root:Real time1486600205.22

DEBUG:root:Real time1486600205.32

DEBUG:root:Real time1486600205.42

DEBUG:root:Real time1486600205.52

DEBUG:root:Real time1486600205.62

DEBUG:root:Under real time Point 0.142582893372

DEBUG:root:Real time1486600205.87

DEBUG:root:Real time1486600205.97

DEBUG:root:Real time1486600206.07

DEBUG:root:Real time1486600206.17

DEBUG:root:Real time1486600206.27

DEBUG:root:Real time1486600206.37

DEBUG:root:Real time1486600206.47

DEBUG:root:Real time1486600206.57

DEBUG:root:Real time1486600206.67

DEBUG:root:Real time1486600206.77

DEBUG:root:Real time1486600206.87

DEBUG:root:Real time1486600206.97

DEBUG:root:Real time1486600207.07

DEBUG:root:Real time1486600207.17

DEBUG:root:Real time1486600207.28

DEBUG:root:Real time1486600207.38

DEBUG:root:Real time1486600207.48

DEBUG:root:Real time1486600207.58

DEBUG:root:Real time1486600207.68

DEBUG:root:Real time1486600207.78

DEBUG:root:Real time1486600207.88

DEBUG:root:Real time1486600207.98

DEBUG:root:Real time1486600208.08

DEBUG:root:Real time1486600208.18

DEBUG:root:Real time1486600208.28

DEBUG:root:Real time1486600208.38

DEBUG:root:Real time1486600208.48

DEBUG:root:Real time1486600208.58

DEBUG:root:Real time1486600208.68

DEBUG:root:Real time1486600208.78

DEBUG:root:Real time1486600208.89

DEBUG:root:Real time1486600208.99

DEBUG:root:Real time1486600209.09

DEBUG:root:Real time1486600209.19

DEBUG:root:Real time1486600209.29

DEBUG:root:Real time1486600209.39

DEBUG:root:Real time1486600209.49

DEBUG:root:Real time1486600209.59

DEBUG:root:Real time1486600209.69

DEBUG:root:Real time1486600209.79

DEBUG:root:Real time1486600209.89

DEBUG:root:Real time1486600209.99

DEBUG:root:Real time1486600210.09

DEBUG:root:Real time1486600210.19

DEBUG:root:Real time1486600210.3

DEBUG:root:Real time1486600210.4

DEBUG:root:Real time1486600210.5

DEBUG:root:Real time1486600210.6

DEBUG:root:Under real time Point 0.138531923294

DEBUG:root:Real time1486600210.84

DEBUG:root:Real time1486600210.94

DEBUG:root:Real time1486600211.04

DEBUG:root:Real time1486600211.14

DEBUG:root:Real time1486600211.24

DEBUG:root:Real time1486600211.34

DEBUG:root:Real time1486600211.44

DEBUG:root:Real time1486600211.54

DEBUG:root:Real time1486600211.64

DEBUG:root:Real time1486600211.74

DEBUG:root:Real time1486600211.84

DEBUG:root:Real time1486600211.94

DEBUG:root:Real time1486600212.04

DEBUG:root:Real time1486600212.14

DEBUG:root:Real time1486600212.25

DEBUG:root:Real time1486600212.35

DEBUG:root:Real time1486600212.45

DEBUG:root:Real time1486600212.55

DEBUG:root:Real time1486600212.65

DEBUG:root:Real time1486600212.75

DEBUG:root:Real time1486600212.85

DEBUG:root:Real time1486600212.95

DEBUG:root:Real time1486600213.05

DEBUG:root:Real time1486600213.15

DEBUG:root:Real time1486600213.25

DEBUG:root:Real time1486600213.35

DEBUG:root:Real time1486600213.45

DEBUG:root:Real time1486600213.55

DEBUG:root:Real time1486600213.66

DEBUG:root:Real time1486600213.76

DEBUG:root:Real time1486600213.86

DEBUG:root:Real time1486600213.96

DEBUG:root:Real time1486600214.06

DEBUG:root:Real time1486600214.16

DEBUG:root:Real time1486600214.26

DEBUG:root:Real time1486600214.36

DEBUG:root:Real time1486600214.46

DEBUG:root:Real time1486600214.56

DEBUG:root:Real time1486600214.66

DEBUG:root:Real time1486600214.77

DEBUG:root:Real time1486600214.87

DEBUG:root:Real time1486600214.97

DEBUG:root:Real time1486600215.07

DEBUG:root:Real time1486600215.17

DEBUG:root:Real time1486600215.27

DEBUG:root:Real time1486600215.37

DEBUG:root:Real time1486600215.47

DEBUG:root:Real time1486600215.57

DEBUG:root:Under real time Point 0.113908052444

DEBUG:root:Under real time Point 0.117770910263

DEBUG:root:Real time1486600215.91

DEBUG:root:Real time1486600216.01

DEBUG:root:Real time1486600216.11

DEBUG:root:Real time1486600216.21

DEBUG:root:Real time1486600216.31

DEBUG:root:Real time1486600216.41

DEBUG:root:Real time1486600216.51

DEBUG:root:Real time1486600216.61

DEBUG:root:Real time1486600216.71

DEBUG:root:Real time1486600216.81

DEBUG:root:Real time1486600216.91

DEBUG:root:Real time1486600217.01

DEBUG:root:Real time1486600217.11

DEBUG:root:Real time1486600217.21

DEBUG:root:Real time1486600217.31

DEBUG:root:Real time1486600217.41

DEBUG:root:Real time1486600217.51

DEBUG:root:Real time1486600217.62

DEBUG:root:Real time1486600217.72

DEBUG:root:Real time1486600217.82

DEBUG:root:Real time1486600217.92

DEBUG:root:Real time1486600218.02

DEBUG:root:Real time1486600218.12

DEBUG:root:Real time1486600218.22

DEBUG:root:Real time1486600218.32

DEBUG:root:Real time1486600218.42

DEBUG:root:Real time1486600218.52

DEBUG:root:Real time1486600218.62

DEBUG:root:Real time1486600218.72

DEBUG:root:Real time1486600218.82

DEBUG:root:Real time1486600218.92

DEBUG:root:Real time1486600219.02

DEBUG:root:Real time1486600219.13

DEBUG:root:Real time1486600219.23

DEBUG:root:Real time1486600219.33

DEBUG:root:Real time1486600219.43

DEBUG:root:Real time1486600219.53

DEBUG:root:Real time1486600219.63

DEBUG:root:Real time1486600219.73

DEBUG:root:Real time1486600219.83

DEBUG:root:Real time1486600219.93

DEBUG:root:Real time1486600220.03

DEBUG:root:Real time1486600220.13

DEBUG:root:Real time1486600220.23

DEBUG:root:Real time1486600220.33

DEBUG:root:Real time1486600220.43

DEBUG:root:Real time1486600220.53

DEBUG:root:Real time1486600220.63

DEBUG:root:Real time1486600220.74

DEBUG:root:Real time1486600220.84

DEBUG:root:Real time1486600220.94

DEBUG:root:Real time1486600221.04

DEBUG:root:Real time1486600221.14

DEBUG:root:Real time1486600221.24

DEBUG:root:Real time1486600221.34

DEBUG:root:Real time1486600221.44

DEBUG:root:Real time1486600221.54

DEBUG:root:Real time1486600221.64

DEBUG:root:Real time1486600221.74

DEBUG:root:Real time1486600221.84

DEBUG:root:Under real time Point 0.117511034012

DEBUG:root:Real time1486600222.06

DEBUG:root:Real time1486600222.16

DEBUG:root:Real time1486600222.26

DEBUG:root:Real time1486600222.36

DEBUG:root:Real time1486600222.47

DEBUG:root:Real time1486600222.57

DEBUG:root:Real time1486600222.67

DEBUG:root:Real time1486600222.77

DEBUG:root:Real time1486600222.87

DEBUG:root:Real time1486600222.97

DEBUG:root:Real time1486600223.07

DEBUG:root:Real time1486600223.17

DEBUG:root:Real time1486600223.27

DEBUG:root:Real time1486600223.37

DEBUG:root:Real time1486600223.47

DEBUG:root:Real time1486600223.57

DEBUG:root:Under real time point 0.10028886795

DEBUG:root:Real time1486600223.77

DEBUG:root:Real time1486600223.87

DEBUG:root:Real time1486600223.97

DEBUG:root:Real time1486600224.07

DEBUG:root:Real time1486600224.17

DEBUG:root:Real time1486600224.28

DEBUG:root:Real time1486600224.38

DEBUG:root:Real time1486600224.48

DEBUG:root:Real time1486600224.58

DEBUG:root:Real time1486600224.68

DEBUG:root:Real time1486600224.78

DEBUG:root:Real time1486600224.88

DEBUG:root:Real time1486600224.98

DEBUG:root:Under real time point 0.100589036942

DEBUG:root:Under real time point 0.100375890732

DEBUG:root:Under real time point 0.10035610199

DEBUG:root:Real time1486600225.38

DEBUG:root:Too small detection probably wrong
DEBUG:root:Under real time Point 0.0489740371704

DEBUG:root:Real time1486600225.53

DEBUG:root:Real time1486600225.63

DEBUG:root:Real time1486600225.73

DEBUG:root:Real time1486600225.83

DEBUG:root:Real time1486600225.94

DEBUG:root:Real time1486600226.04

DEBUG:root:Real time1486600226.14

DEBUG:root:Real time1486600226.24

DEBUG:root:Real time1486600226.34

DEBUG:root:Real time1486600226.44

DEBUG:root:Real time1486600226.54

DEBUG:root:Real time1486600226.64

DEBUG:root:Real time1486600226.74

DEBUG:root:Real time1486600226.84

DEBUG:root:Under real time Point 0.149964094162

DEBUG:root:Real time1486600227.09

DEBUG:root:Real time1486600227.19

DEBUG:root:Real time1486600227.29

DEBUG:root:Real time1486600227.4

DEBUG:root:Real time1486600227.5

DEBUG:root:Real time1486600227.6

DEBUG:root:Real time1486600227.7

DEBUG:root:Real time1486600227.8

DEBUG:root:Real time1486600227.9

DEBUG:root:Real time1486600228.0

DEBUG:root:Real time1486600228.1

DEBUG:root:Real time1486600228.2

DEBUG:root:Real time1486600228.3

DEBUG:root:Real time1486600228.4

DEBUG:root:Real time1486600228.5

DEBUG:root:Real time1486600228.6

DEBUG:root:Real time1486600228.7

DEBUG:root:Real time1486600228.81

DEBUG:root:Real time1486600228.91

DEBUG:root:Real time1486600229.01

DEBUG:root:Real time1486600229.11

DEBUG:root:Real time1486600229.21

DEBUG:root:Real time1486600229.31

DEBUG:root:Real time1486600229.41

DEBUG:root:Real time1486600229.51

DEBUG:root:Real time1486600229.61

DEBUG:root:Real time1486600229.71

DEBUG:root:Real time1486600229.81

DEBUG:root:Real time1486600229.91

DEBUG:root:Real time1486600230.01

DEBUG:root:Real time1486600230.11

DEBUG:root:Real time1486600230.21

DEBUG:root:Real time1486600230.31

DEBUG:root:Real time1486600230.41

DEBUG:root:Real time1486600230.52

DEBUG:root:Real time1486600230.62

DEBUG:root:Real time1486600230.72

DEBUG:root:Real time1486600230.82

DEBUG:root:Real time1486600230.92

DEBUG:root:Real time1486600231.02

DEBUG:root:Real time1486600231.14

DEBUG:root:Real time1486600231.24

DEBUG:root:Real time1486600231.34

DEBUG:root:Real time1486600231.44

DEBUG:root:Real time1486600231.54

DEBUG:root:Real time1486600231.65

DEBUG:root:Real time1486600231.75

DEBUG:root:Real time1486600231.85

DEBUG:root:Real time1486600231.95

DEBUG:root:Real time1486600232.05

DEBUG:root:Real time1486600232.15

DEBUG:root:Real time1486600232.25

DEBUG:root:Real time1486600232.35

DEBUG:root:Real time1486600232.45

DEBUG:root:Real time1486600232.55

DEBUG:root:Real time1486600232.65

DEBUG:root:Real time1486600232.75

DEBUG:root:Real time1486600232.85

DEBUG:root:Real time1486600232.95

DEBUG:root:Real time1486600233.05

DEBUG:root:Real time1486600233.16

DEBUG:root:Real time1486600233.26

DEBUG:root:Real time1486600233.36

DEBUG:root:Real time1486600233.46

DEBUG:root:Real time1486600233.56

DEBUG:root:Real time1486600233.66

DEBUG:root:Real time1486600233.76

DEBUG:root:Real time1486600233.86

DEBUG:root:Real time1486600233.96

DEBUG:root:Real time1486600234.06

DEBUG:root:Real time1486600234.16

DEBUG:root:Real time1486600234.26

DEBUG:root:Real time1486600234.36

DEBUG:root:Real time1486600234.47

DEBUG:root:Real time1486600234.57

DEBUG:root:Real time1486600234.67

DEBUG:root:Real time1486600234.77

DEBUG:root:Real time1486600234.87

DEBUG:root:Real time1486600234.97

DEBUG:root:Real time1486600235.07

DEBUG:root:Real time1486600235.17

DEBUG:root:Real time1486600235.27

DEBUG:root:Real time1486600235.37

DEBUG:root:Real time1486600235.47

DEBUG:root:Real time1486600235.57

DEBUG:root:Real time1486600235.67

DEBUG:root:Real time1486600235.77

DEBUG:root:Real time1486600235.87

DEBUG:root:Real time1486600235.98

DEBUG:root:Real time1486600236.08

DEBUG:root:Real time1486600236.18

DEBUG:root:Real time1486600236.28

DEBUG:root:Real time1486600236.38

DEBUG:root:Real time1486600236.48

DEBUG:root:Real time1486600236.58

DEBUG:root:Real time1486600236.68

DEBUG:root:Real time1486600236.79

DEBUG:root:Real time1486600236.89

DEBUG:root:Real time1486600236.99

DEBUG:root:Real time1486600237.09

DEBUG:root:Real time1486600237.19

DEBUG:root:Real time1486600237.29

DEBUG:root:Real time1486600237.39

DEBUG:root:Real time1486600237.49

DEBUG:root:Real time1486600237.59

DEBUG:root:Real time1486600237.69

DEBUG:root:Real time1486600237.79

DEBUG:root:Real time1486600237.9

DEBUG:root:Real time1486600238.0

DEBUG:root:Real time1486600238.1

DEBUG:root:Real time1486600238.2

DEBUG:root:Real time1486600238.3

DEBUG:root:Real time1486600238.4

DEBUG:root:Real time1486600238.5

DEBUG:root:Real time1486600238.6

DEBUG:root:Real time1486600238.7

DEBUG:root:Real time1486600238.81

DEBUG:root:Real time1486600238.91

DEBUG:root:Real time1486600239.01

DEBUG:root:Real time1486600239.11

DEBUG:root:Real time1486600239.21

DEBUG:root:Real time1486600239.31

DEBUG:root:Real time1486600239.41

DEBUG:root:Real time1486600239.51

DEBUG:root:Real time1486600239.61

DEBUG:root:Real time1486600239.71

DEBUG:root:Real time1486600239.81

DEBUG:root:Real time1486600239.91

DEBUG:root:Real time1486600240.01

DEBUG:root:Real time1486600240.12

DEBUG:root:Real time1486600240.22

DEBUG:root:Real time1486600240.32

DEBUG:root:Real time1486600240.42

DEBUG:root:Real time1486600240.52

DEBUG:root:Real time1486600240.62

DEBUG:root:Under real time Point 0.150910139084

DEBUG:root:Under real time Point 0.110758781433

DEBUG:root:Under real time point 0.10307097435

DEBUG:root:Real time1486600241.09

DEBUG:root:Real time1486600241.19

DEBUG:root:Real time1486600241.29

DEBUG:root:Real time1486600241.39

DEBUG:root:Real time1486600241.49

DEBUG:root:Real time1486600241.59

DEBUG:root:Real time1486600241.69

DEBUG:root:Real time1486600241.79

DEBUG:root:Real time1486600241.89

DEBUG:root:Real time1486600241.99

DEBUG:root:Real time1486600242.09

DEBUG:root:Real time1486600242.19

DEBUG:root:Real time1486600242.29

DEBUG:root:Real time1486600242.4

DEBUG:root:Real time1486600242.5

DEBUG:root:Real time1486600242.6

DEBUG:root:Real time1486600242.7

DEBUG:root:Real time1486600242.8

DEBUG:root:Real time1486600242.9

DEBUG:root:Real time1486600243.0

DEBUG:root:Real time1486600243.1

DEBUG:root:Real time1486600243.2

DEBUG:root:Real time1486600243.3

DEBUG:root:Real time1486600243.4

DEBUG:root:Real time1486600243.5

DEBUG:root:Real time1486600243.6

DEBUG:root:Real time1486600243.7

DEBUG:root:Real time1486600243.8

DEBUG:root:Real time1486600243.91

DEBUG:root:Real time1486600244.01

DEBUG:root:Real time1486600244.11

DEBUG:root:Real time1486600244.21

DEBUG:root:Real time1486600244.31

DEBUG:root:Real time1486600244.41

DEBUG:root:Real time1486600244.52

DEBUG:root:Real time1486600244.62

DEBUG:root:Real time1486600244.72

DEBUG:root:Real time1486600244.82

DEBUG:root:Real time1486600244.92

DEBUG:root:Real time1486600245.02

DEBUG:root:Real time1486600245.12

DEBUG:root:Real time1486600245.22

DEBUG:root:Real time1486600245.32

DEBUG:root:Real time1486600245.42

DEBUG:root:Real time1486600245.52

DEBUG:root:Under real time Point 0.193660020828

DEBUG:root:Real time1486600245.82

DEBUG:root:Real time1486600245.92

DEBUG:root:Real time1486600246.02

DEBUG:root:Real time1486600246.12

DEBUG:root:Real time1486600246.22

DEBUG:root:Real time1486600246.32

DEBUG:root:Real time1486600246.42

DEBUG:root:Real time1486600246.52

DEBUG:root:Real time1486600246.62

DEBUG:root:Real time1486600246.73

DEBUG:root:Real time1486600246.83

DEBUG:root:Real time1486600246.93

DEBUG:root:Real time1486600247.03

DEBUG:root:Real time1486600247.13

DEBUG:root:Real time1486600247.23

DEBUG:root:Real time1486600247.33

DEBUG:root:Real time1486600247.43

DEBUG:root:Real time1486600247.53

DEBUG:root:Real time1486600247.63

DEBUG:root:Real time1486600247.73

DEBUG:root:Real time1486600247.83

DEBUG:root:Real time1486600247.93

DEBUG:root:Real time1486600248.03

DEBUG:root:Real time1486600248.13

DEBUG:root:Real time1486600248.23

DEBUG:root:Real time1486600248.33

DEBUG:root:Real time1486600248.43

DEBUG:root:Real time1486600248.54

DEBUG:root:Real time1486600248.64

DEBUG:root:Real time1486600248.74

DEBUG:root:Real time1486600248.84

DEBUG:root:Real time1486600248.94

DEBUG:root:Real time1486600249.04

DEBUG:root:Real time1486600249.14

DEBUG:root:Real time1486600249.24

DEBUG:root:Real time1486600249.34

DEBUG:root:Real time1486600249.44

DEBUG:root:Real time1486600249.54

DEBUG:root:Real time1486600249.64

DEBUG:root:Real time1486600249.74

DEBUG:root:Real time1486600249.84

DEBUG:root:Real time1486600249.94

DEBUG:root:Under real time point 0.100543022156

DEBUG:root:Under real time point 0.109714984894

DEBUG:root:Real time1486600250.26

DEBUG:root:Real time1486600250.36

DEBUG:root:Real time1486600250.46

DEBUG:root:Under real time point 0.103380918503

DEBUG:root:Under real time Point 0.182016849518

DEBUG:root:Real time1486600250.85

DEBUG:root:Real time1486600250.95

DEBUG:root:Real time1486600251.05

DEBUG:root:Real time1486600251.15

DEBUG:root:Real time1486600251.25

DEBUG:root:Real time1486600251.35

DEBUG:root:Real time1486600251.45

DEBUG:root:Real time1486600251.55

DEBUG:root:Real time1486600251.65

DEBUG:root:Real time1486600251.75

DEBUG:root:Real time1486600251.86

DEBUG:root:Real time1486600251.96

DEBUG:root:Real time1486600252.06

DEBUG:root:Real time1486600252.16

DEBUG:root:Real time1486600252.26

DEBUG:root:Real time1486600252.36

DEBUG:root:Real time1486600252.46

DEBUG:root:Real time1486600252.56

DEBUG:root:Real time1486600252.66

DEBUG:root:Real time1486600252.76

DEBUG:root:Real time1486600252.86

DEBUG:root:Real time1486600252.97

DEBUG:root:Real time1486600253.07

DEBUG:root:Real time1486600253.17

DEBUG:root:Real time1486600253.27

DEBUG:root:Real time1486600253.37

DEBUG:root:Real time1486600253.47

DEBUG:root:Real time1486600253.57

DEBUG:root:Real time1486600253.67

DEBUG:root:Real time1486600253.77

DEBUG:root:Real time1486600253.87

DEBUG:root:Real time1486600253.97

DEBUG:root:Real time1486600254.07

DEBUG:root:Real time1486600254.17

DEBUG:root:Real time1486600254.27

DEBUG:root:Real time1486600254.37

DEBUG:root:Real time1486600254.47

DEBUG:root:Real time1486600254.57

DEBUG:root:Real time1486600254.68

DEBUG:root:Real time1486600254.78

DEBUG:root:Real time1486600254.88

DEBUG:root:Real time1486600254.98

DEBUG:root:Real time1486600255.08

DEBUG:root:Real time1486600255.18

DEBUG:root:Real time1486600255.28

DEBUG:root:Real time1486600255.38

DEBUG:root:Real time1486600255.48

DEBUG:root:Real time1486600255.58

DEBUG:root:Real time1486600255.68

DEBUG:root:Real time1486600255.78

DEBUG:root:Real time1486600255.88

DEBUG:root:Real time1486600255.98

DEBUG:root:Real time1486600256.09

DEBUG:root:Real time1486600256.19

DEBUG:root:Real time1486600256.29

DEBUG:root:Real time1486600256.39

DEBUG:root:Real time1486600256.49

DEBUG:root:Real time1486600256.59

DEBUG:root:Real time1486600256.69

DEBUG:root:Real time1486600256.79

DEBUG:root:Real time1486600256.89

DEBUG:root:Real time1486600256.99

DEBUG:root:Real time1486600257.09

DEBUG:root:Real time1486600257.19

DEBUG:root:Real time1486600257.29

DEBUG:root:Real time1486600257.4

DEBUG:root:Real time1486600257.5

DEBUG:root:Real time1486600257.6

DEBUG:root:Real time1486600257.7

DEBUG:root:Real time1486600257.8

DEBUG:root:Real time1486600257.9

DEBUG:root:Real time1486600258.0

DEBUG:root:Real time1486600258.1

DEBUG:root:Real time1486600258.2

DEBUG:root:Real time1486600258.3

DEBUG:root:Real time1486600258.4

DEBUG:root:Real time1486600258.5

DEBUG:root:Real time1486600258.6

DEBUG:root:Real time1486600258.7

DEBUG:root:Real time1486600258.8

DEBUG:root:Real time1486600258.91

DEBUG:root:Real time1486600259.01

DEBUG:root:Real time1486600259.11

DEBUG:root:Real time1486600259.21

DEBUG:root:Real time1486600259.31

DEBUG:root:Real time1486600259.41

DEBUG:root:Real time1486600259.51

DEBUG:root:Under real time Point 0.129512071609

DEBUG:root:Real time1486600259.74

DEBUG:root:Real time1486600259.84

DEBUG:root:Real time1486600259.94

DEBUG:root:Real time1486600260.04

DEBUG:root:Real time1486600260.14

DEBUG:root:Real time1486600260.24

DEBUG:root:Real time1486600260.34

DEBUG:root:Real time1486600260.44

DEBUG:root:Real time1486600260.54

DEBUG:root:Real time1486600260.65

DEBUG:root:Real time1486600260.75

DEBUG:root:Real time1486600260.85

DEBUG:root:Real time1486600260.95

DEBUG:root:Real time1486600261.05

DEBUG:root:Real time1486600261.15

DEBUG:root:Real time1486600261.25

DEBUG:root:Real time1486600261.35

DEBUG:root:Real time1486600261.45

DEBUG:root:Real time1486600261.55

DEBUG:root:Real time1486600261.65

DEBUG:root:Real time1486600261.75

DEBUG:root:Real time1486600261.85

DEBUG:root:Real time1486600261.95

DEBUG:root:Real time1486600262.05

DEBUG:root:Real time1486600262.15

DEBUG:root:Real time1486600262.25

DEBUG:root:Real time1486600262.35

DEBUG:root:Real time1486600262.45

DEBUG:root:Real time1486600262.56

DEBUG:root:Real time1486600262.66

DEBUG:root:Real time1486600262.76

DEBUG:root:Real time1486600262.86

DEBUG:root:Real time1486600262.96

DEBUG:root:Real time1486600263.06

DEBUG:root:Real time1486600263.16

DEBUG:root:Real time1486600263.26

DEBUG:root:Real time1486600263.36

DEBUG:root:Real time1486600263.46

DEBUG:root:Real time1486600263.56

DEBUG:root:Real time1486600263.66

DEBUG:root:Real time1486600263.76

DEBUG:root:Real time1486600263.86

DEBUG:root:Real time1486600263.96

DEBUG:root:Real time1486600264.07

DEBUG:root:Real time1486600264.17

DEBUG:root:Real time1486600264.27

DEBUG:root:Real time1486600264.37

DEBUG:root:Real time1486600264.47

DEBUG:root:Real time1486600264.57

DEBUG:root:Real time1486600264.67

DEBUG:root:Real time1486600264.77

DEBUG:root:Real time1486600264.87

DEBUG:root:Real time1486600264.97

DEBUG:root:Real time1486600265.07

DEBUG:root:Real time1486600265.17

DEBUG:root:Real time1486600265.27

DEBUG:root:Real time1486600265.37

DEBUG:root:Real time1486600265.47

DEBUG:root:Real time1486600265.57

DEBUG:root:Real time1486600265.68

DEBUG:root:Under real time Point 0.112532138824

DEBUG:root:Real time1486600265.89

DEBUG:root:Real time1486600265.99

DEBUG:root:Real time1486600266.09

DEBUG:root:Real time1486600266.19

DEBUG:root:Real time1486600266.29

DEBUG:root:Real time1486600266.39

DEBUG:root:Real time1486600266.49

DEBUG:root:Real time1486600266.59

DEBUG:root:Real time1486600266.7

DEBUG:root:Real time1486600266.8

DEBUG:root:Real time1486600266.9

DEBUG:root:Real time1486600267.0

DEBUG:root:Real time1486600267.1

DEBUG:root:Real time1486600267.2

DEBUG:root:Real time1486600267.3

DEBUG:root:Real time1486600267.4

DEBUG:root:Real time1486600267.5

DEBUG:root:Real time1486600267.6

DEBUG:root:Real time1486600267.7

DEBUG:root:Real time1486600267.81

DEBUG:root:Real time1486600267.91

DEBUG:root:Real time1486600268.01

DEBUG:root:Real time1486600268.11

DEBUG:root:Real time1486600268.21

DEBUG:root:Real time1486600268.31

DEBUG:root:Real time1486600268.41

DEBUG:root:Real time1486600268.51

DEBUG:root:Real time1486600268.61

DEBUG:root:Real time1486600268.71

DEBUG:root:Real time1486600268.81

DEBUG:root:Real time1486600268.91

DEBUG:root:Real time1486600269.01

DEBUG:root:Real time1486600269.11

DEBUG:root:Real time1486600269.21

DEBUG:root:Real time1486600269.31

DEBUG:root:Real time1486600269.42

DEBUG:root:Real time1486600269.52

DEBUG:root:Real time1486600269.62

DEBUG:root:Real time1486600269.72

DEBUG:root:Real time1486600269.82

DEBUG:root:Real time1486600269.92

DEBUG:root:Real time1486600270.02

DEBUG:root:Real time1486600270.12

DEBUG:root:Real time1486600270.22

DEBUG:root:Real time1486600270.32

DEBUG:root:Real time1486600270.42

DEBUG:root:Real time1486600270.52

DEBUG:root:Real time1486600270.62

DEBUG:root:Real time1486600270.72

DEBUG:root:Real time1486600270.82

DEBUG:root:Real time1486600270.92

DEBUG:root:Real time1486600271.02

DEBUG:root:Real time1486600271.12

DEBUG:root:Real time1486600271.23

DEBUG:root:Real time1486600271.33

DEBUG:root:Real time1486600271.43

DEBUG:root:Real time1486600271.53

DEBUG:root:Real time1486600271.63

DEBUG:root:Real time1486600271.73

DEBUG:root:Real time1486600271.83

DEBUG:root:Real time1486600271.93

DEBUG:root:Real time1486600272.03

DEBUG:root:Real time1486600272.13

DEBUG:root:Real time1486600272.23

DEBUG:root:Real time1486600272.33

DEBUG:root:Real time1486600272.43

DEBUG:root:Real time1486600272.53

DEBUG:root:Real time1486600272.64

DEBUG:root:Real time1486600272.74

DEBUG:root:Real time1486600272.84

DEBUG:root:Real time1486600272.94

DEBUG:root:Real time1486600273.04

DEBUG:root:Real time1486600273.14

DEBUG:root:Real time1486600273.24

DEBUG:root:Real time1486600273.34

DEBUG:root:Real time1486600273.44

DEBUG:root:Real time1486600273.54

DEBUG:root:Real time1486600273.64

DEBUG:root:Real time1486600273.74

DEBUG:root:Real time1486600273.84

DEBUG:root:Real time1486600273.94

DEBUG:root:Real time1486600274.04

DEBUG:root:Real time1486600274.14

DEBUG:root:Real time1486600274.25

DEBUG:root:Real time1486600274.35

DEBUG:root:Real time1486600274.45

DEBUG:root:Real time1486600274.55

DEBUG:root:Real time1486600274.65

DEBUG:root:Real time1486600274.75

DEBUG:root:Real time1486600274.85

DEBUG:root:Real time1486600274.95

DEBUG:root:Real time1486600275.05

DEBUG:root:Real time1486600275.15

DEBUG:root:Real time1486600275.25

DEBUG:root:Real time1486600275.35

DEBUG:root:Real time1486600275.45

DEBUG:root:Real time1486600275.55

DEBUG:root:Real time1486600275.65

DEBUG:root:Real time1486600275.76

DEBUG:root:Real time1486600275.86

DEBUG:root:Real time1486600275.96

DEBUG:root:Real time1486600276.06

DEBUG:root:Real time1486600276.16

DEBUG:root:Real time1486600276.26

DEBUG:root:Real time1486600276.36

DEBUG:root:Real time1486600276.46

DEBUG:root:Real time1486600276.56

DEBUG:root:Real time1486600276.66

DEBUG:root:Real time1486600276.76

DEBUG:root:Real time1486600276.86

DEBUG:root:Real time1486600276.96

DEBUG:root:Real time1486600277.06

DEBUG:root:Real time1486600277.16

DEBUG:root:Real time1486600277.26

DEBUG:root:Real time1486600277.36

DEBUG:root:Real time1486600277.47

DEBUG:root:Real time1486600277.57

DEBUG:root:Real time1486600277.67

DEBUG:root:Real time1486600277.77

DEBUG:root:Real time1486600277.87

DEBUG:root:Real time1486600277.97

DEBUG:root:Real time1486600278.07

DEBUG:root:Real time1486600278.17

DEBUG:root:Real time1486600278.27

DEBUG:root:Real time1486600278.37

DEBUG:root:Real time1486600278.47

DEBUG:root:Real time1486600278.57

DEBUG:root:Real time1486600278.67

DEBUG:root:Real time1486600278.77

DEBUG:root:Under real time Point 0.157465934753

DEBUG:root:Real time1486600279.03

DEBUG:root:Real time1486600279.13

DEBUG:root:Real time1486600279.23

DEBUG:root:Real time1486600279.34

DEBUG:root:Real time1486600279.44

DEBUG:root:Real time1486600279.54

DEBUG:root:Real time1486600279.64

DEBUG:root:Real time1486600279.74

DEBUG:root:Real time1486600279.84

DEBUG:root:Real time1486600279.94

DEBUG:root:Real time1486600280.04

DEBUG:root:Real time1486600280.14

DEBUG:root:Real time1486600280.25

DEBUG:root:Real time1486600280.35

DEBUG:root:Real time1486600280.45

DEBUG:root:Real time1486600280.55

DEBUG:root:Real time1486600280.65

DEBUG:root:Under real time Point 0.127330064774

DEBUG:root:Under real time Point 0.148355960846

DEBUG:root:Real time1486600281.02

DEBUG:root:Real time1486600281.13

DEBUG:root:Real time1486600281.23

DEBUG:root:Real time1486600281.33

DEBUG:root:Real time1486600281.43

DEBUG:root:Real time1486600281.53

DEBUG:root:Real time1486600281.63

DEBUG:root:Real time1486600281.73

DEBUG:root:Real time1486600281.83

DEBUG:root:Real time1486600281.93

DEBUG:root:Real time1486600282.03

DEBUG:root:Real time1486600282.13

DEBUG:root:Real time1486600282.23

DEBUG:root:Real time1486600282.33

DEBUG:root:Real time1486600282.46

DEBUG:root:Real time1486600282.56

DEBUG:root:Real time1486600282.66

DEBUG:root:Real time1486600282.76

DEBUG:root:Real time1486600282.86

DEBUG:root:Real time1486600282.96

DEBUG:root:Real time1486600283.06

DEBUG:root:Real time1486600283.16

DEBUG:root:Real time1486600283.26

DEBUG:root:Real time1486600283.36

DEBUG:root:Real time1486600283.47

DEBUG:root:Real time1486600283.57

DEBUG:root:Real time1486600283.67

DEBUG:root:Real time1486600283.77

DEBUG:root:Real time1486600283.87

DEBUG:root:Real time1486600283.97

DEBUG:root:Real time1486600284.07

DEBUG:root:Real time1486600284.17

DEBUG:root:Real time1486600284.27

DEBUG:root:Real time1486600284.37

DEBUG:root:Real time1486600284.47

DEBUG:root:Real time1486600284.58

DEBUG:root:Real time1486600284.68

DEBUG:root:Real time1486600284.78

DEBUG:root:Real time1486600284.88

DEBUG:root:Real time1486600284.98

DEBUG:root:Real time1486600285.08

DEBUG:root:Real time1486600285.18

DEBUG:root:Real time1486600285.28

DEBUG:root:Real time1486600285.38

DEBUG:root:Real time1486600285.48

DEBUG:root:Real time1486600285.58

DEBUG:root:Under real time point 0.10430598259

DEBUG:root:Under real time Point 0.110780000687

DEBUG:root:Real time1486600285.9

DEBUG:root:Real time1486600286.0

DEBUG:root:Real time1486600286.1

DEBUG:root:Real time1486600286.2

DEBUG:root:Real time1486600286.3

DEBUG:root:Real time1486600286.4

DEBUG:root:Real time1486600286.5

DEBUG:root:Real time1486600286.6

DEBUG:root:Real time1486600286.7

DEBUG:root:Real time1486600286.8

DEBUG:root:Real time1486600286.9

DEBUG:root:Real time1486600287.0

DEBUG:root:Real time1486600287.1

DEBUG:root:Under real time point 0.100208044052

DEBUG:root:Real time1486600287.31

DEBUG:root:Real time1486600287.41

DEBUG:root:Real time1486600287.51

DEBUG:root:Real time1486600287.61

DEBUG:root:Real time1486600287.71

DEBUG:root:Real time1486600287.81

DEBUG:root:Real time1486600287.91

DEBUG:root:Real time1486600288.01

DEBUG:root:Real time1486600288.11

DEBUG:root:Real time1486600288.21

DEBUG:root:Real time1486600288.31

DEBUG:root:Real time1486600288.42

DEBUG:root:Real time1486600288.52

DEBUG:root:Real time1486600288.62

DEBUG:root:Real time1486600288.72

DEBUG:root:Real time1486600288.82

DEBUG:root:Real time1486600288.92

DEBUG:root:Real time1486600289.02

DEBUG:root:Real time1486600289.12

DEBUG:root:Real time1486600289.22

DEBUG:root:Real time1486600289.32

DEBUG:root:Real time1486600289.42

DEBUG:root:Real time1486600289.52

DEBUG:root:Real time1486600289.62

DEBUG:root:Real time1486600289.72

DEBUG:root:Real time1486600289.82

DEBUG:root:Real time1486600289.93

DEBUG:root:Real time1486600290.03

DEBUG:root:Real time1486600290.13

DEBUG:root:Real time1486600290.23

DEBUG:root:Real time1486600290.33

DEBUG:root:Real time1486600290.43

DEBUG:root:Real time1486600290.53

DEBUG:root:Real time1486600290.63

DEBUG:root:Under real time Point 0.141087055206

DEBUG:root:Real time1486600290.87

DEBUG:root:Real time1486600290.97

DEBUG:root:Real time1486600291.07

DEBUG:root:Real time1486600291.17

DEBUG:root:Real time1486600291.27

DEBUG:root:Real time1486600291.37

DEBUG:root:Real time1486600291.47

DEBUG:root:Real time1486600291.57

DEBUG:root:Real time1486600291.68

DEBUG:root:Real time1486600291.78

DEBUG:root:Real time1486600291.88

DEBUG:root:Real time1486600291.98

DEBUG:root:Real time1486600292.08

DEBUG:root:Real time1486600292.18

DEBUG:root:Real time1486600292.28

DEBUG:root:Real time1486600292.38

DEBUG:root:Real time1486600292.48

DEBUG:root:Real time1486600292.58

DEBUG:root:Real time1486600292.68

DEBUG:root:Real time1486600292.78

DEBUG:root:Real time1486600292.88

DEBUG:root:Real time1486600292.98

DEBUG:root:Real time1486600293.09

DEBUG:root:Real time1486600293.19

DEBUG:root:Real time1486600293.29

DEBUG:root:Real time1486600293.39

DEBUG:root:Real time1486600293.49

DEBUG:root:Real time1486600293.59

DEBUG:root:Real time1486600293.69

DEBUG:root:Real time1486600293.79

DEBUG:root:Real time1486600293.89

DEBUG:root:Real time1486600293.99

DEBUG:root:Real time1486600294.09

DEBUG:root:Real time1486600294.19

DEBUG:root:Real time1486600294.29

DEBUG:root:Real time1486600294.4

DEBUG:root:Real time1486600294.5

DEBUG:root:Real time1486600294.6

DEBUG:root:Real time1486600294.7

DEBUG:root:Real time1486600294.8

DEBUG:root:Real time1486600294.9

DEBUG:root:Real time1486600295.0

DEBUG:root:Real time1486600295.1

DEBUG:root:Real time1486600295.2

DEBUG:root:Real time1486600295.3

DEBUG:root:Real time1486600295.4

DEBUG:root:Real time1486600295.5

DEBUG:root:Real time1486600295.6

DEBUG:root:Real time1486600295.7

DEBUG:root:Real time1486600295.8

DEBUG:root:Real time1486600295.9

DEBUG:root:Real time1486600296.0

DEBUG:root:Real time1486600296.1

DEBUG:root:Real time1486600296.2

DEBUG:root:Real time1486600296.31

DEBUG:root:Real time1486600296.41

DEBUG:root:Real time1486600296.51

DEBUG:root:Real time1486600296.61

DEBUG:root:Real time1486600296.71

DEBUG:root:Real time1486600296.81

DEBUG:root:Real time1486600296.91

DEBUG:root:Real time1486600297.01

DEBUG:root:Real time1486600297.11

DEBUG:root:Real time1486600297.21

DEBUG:root:Real time1486600297.31

DEBUG:root:Real time1486600297.41

DEBUG:root:Real time1486600297.51

DEBUG:root:Real time1486600297.61

DEBUG:root:Real time1486600297.71

DEBUG:root:Real time1486600297.81

DEBUG:root:Real time1486600297.91

DEBUG:root:Real time1486600298.02

DEBUG:root:Real time1486600298.12

DEBUG:root:Real time1486600298.22

DEBUG:root:Real time1486600298.32

DEBUG:root:Real time1486600298.42

DEBUG:root:Real time1486600298.52

DEBUG:root:Real time1486600298.62

DEBUG:root:Real time1486600298.72

DEBUG:root:Real time1486600298.82

DEBUG:root:Real time1486600298.92

DEBUG:root:Real time1486600299.02

DEBUG:root:Real time1486600299.12

DEBUG:root:Real time1486600299.22

DEBUG:root:Real time1486600299.32

DEBUG:root:Real time1486600299.43

DEBUG:root:Real time1486600299.53

DEBUG:root:Real time1486600299.63

DEBUG:root:Real time1486600299.73

DEBUG:root:Real time1486600299.83

DEBUG:root:Real time1486600299.93

DEBUG:root:Real time1486600300.03

DEBUG:root:Real time1486600300.13

DEBUG:root:Real time1486600300.23

DEBUG:root:Real time1486600300.33

DEBUG:root:Real time1486600300.43

DEBUG:root:Real time1486600300.53

DEBUG:root:Real time1486600300.63

DEBUG:root:Real time1486600300.73

DEBUG:root:Real time1486600300.83

DEBUG:root:Real time1486600300.93

DEBUG:root:Real time1486600301.03

DEBUG:root:Real time1486600301.13

DEBUG:root:Real time1486600301.23

DEBUG:root:Real time1486600301.33

DEBUG:root:Real time1486600301.43

DEBUG:root:Real time1486600301.54

DEBUG:root:Real time1486600301.64

DEBUG:root:Real time1486600301.74

DEBUG:root:Real time1486600301.84

DEBUG:root:Real time1486600301.94

DEBUG:root:Real time1486600302.04

DEBUG:root:Real time1486600302.14

DEBUG:root:Real time1486600302.24

DEBUG:root:Real time1486600302.34

DEBUG:root:Real time1486600302.44

DEBUG:root:Real time1486600302.54

DEBUG:root:Real time1486600302.64

DEBUG:root:Real time1486600302.74

DEBUG:root:Real time1486600302.84

DEBUG:root:Real time1486600302.94

DEBUG:root:Real time1486600303.04

DEBUG:root:Real time1486600303.15

DEBUG:root:Real time1486600303.25

DEBUG:root:Real time1486600303.35

DEBUG:root:Real time1486600303.45

DEBUG:root:Real time1486600303.55

DEBUG:root:Real time1486600303.65

DEBUG:root:Real time1486600303.75

DEBUG:root:Real time1486600303.85

DEBUG:root:Real time1486600303.95

DEBUG:root:Real time1486600304.05

DEBUG:root:Real time1486600304.15

DEBUG:root:Real time1486600304.25

DEBUG:root:Real time1486600304.35

DEBUG:root:Real time1486600304.45

DEBUG:root:Real time1486600304.55

DEBUG:root:Real time1486600304.65

DEBUG:root:Real time1486600304.75

DEBUG:root:Real time1486600304.86

DEBUG:root:Real time1486600304.96

DEBUG:root:Real time1486600305.06

DEBUG:root:Real time1486600305.16

DEBUG:root:Real time1486600305.26

DEBUG:root:Real time1486600305.36

DEBUG:root:Real time1486600305.46

DEBUG:root:Real time1486600305.56

DEBUG:root:Real time1486600305.66

DEBUG:root:Real time1486600305.76

DEBUG:root:Real time1486600305.86

DEBUG:root:Real time1486600305.96

DEBUG:root:Real time1486600306.06

DEBUG:root:Real time1486600306.16

DEBUG:root:Real time1486600306.26

DEBUG:root:Real time1486600306.36

DEBUG:root:Real time1486600306.46

DEBUG:root:Real time1486600306.57

DEBUG:root:Real time1486600306.67

DEBUG:root:Real time1486600306.77

DEBUG:root:Real time1486600306.87

DEBUG:root:Real time1486600306.97

DEBUG:root:Real time1486600307.07

DEBUG:root:Real time1486600307.17

DEBUG:root:Real time1486600307.27

DEBUG:root:Real time1486600307.37

DEBUG:root:Real time1486600307.47

DEBUG:root:Real time1486600307.57

DEBUG:root:Real time1486600307.67

DEBUG:root:Real time1486600307.77

DEBUG:root:Real time1486600307.87

DEBUG:root:Real time1486600307.97

DEBUG:root:Real time1486600308.07

DEBUG:root:Real time1486600308.18

DEBUG:root:Real time1486600308.28

DEBUG:root:Real time1486600308.38

DEBUG:root:Real time1486600308.48

DEBUG:root:Real time1486600308.58

DEBUG:root:Real time1486600308.68

DEBUG:root:Real time1486600308.78

DEBUG:root:Real time1486600308.88

DEBUG:root:Real time1486600308.98

DEBUG:root:Real time1486600309.08

DEBUG:root:Under real time Point 0.155838012695

DEBUG:root:Real time1486600309.34

DEBUG:root:Real time1486600309.44

DEBUG:root:Real time1486600309.54

DEBUG:root:Real time1486600309.64

DEBUG:root:Real time1486600309.74

DEBUG:root:Real time1486600309.84

DEBUG:root:Real time1486600309.95

DEBUG:root:Real time1486600310.05

DEBUG:root:Real time1486600310.15

DEBUG:root:Real time1486600310.25

DEBUG:root:Real time1486600310.35

DEBUG:root:Real time1486600310.45

DEBUG:root:Real time1486600310.55

DEBUG:root:Real time1486600310.65

DEBUG:root:Under real time Point 0.115899085999

DEBUG:root:Real time1486600310.87

DEBUG:root:Real time1486600310.97

DEBUG:root:Real time1486600311.07

DEBUG:root:Real time1486600311.17

DEBUG:root:Real time1486600311.27

DEBUG:root:Real time1486600311.37

DEBUG:root:Real time1486600311.47

DEBUG:root:Real time1486600311.57

DEBUG:root:Real time1486600311.68

DEBUG:root:Real time1486600311.78

DEBUG:root:Real time1486600311.88

DEBUG:root:Real time1486600311.98

DEBUG:root:Real time1486600312.08

DEBUG:root:Real time1486600312.18

DEBUG:root:Real time1486600312.28

DEBUG:root:Real time1486600312.38

DEBUG:root:Real time1486600312.48

DEBUG:root:Real time1486600312.58

DEBUG:root:Real time1486600312.68

DEBUG:root:Real time1486600312.78

DEBUG:root:Real time1486600312.88

DEBUG:root:Real time1486600312.98

DEBUG:root:Real time1486600313.08

DEBUG:root:Real time1486600313.18

DEBUG:root:Real time1486600313.28

DEBUG:root:Real time1486600313.39

DEBUG:root:Under real time Point 0.126592159271

DEBUG:root:Real time1486600313.61

DEBUG:root:Real time1486600313.71

DEBUG:root:Real time1486600313.82

DEBUG:root:Real time1486600313.92

DEBUG:root:Real time1486600314.02

DEBUG:root:Real time1486600314.12

DEBUG:root:Real time1486600314.22

DEBUG:root:Real time1486600314.32

DEBUG:root:Real time1486600314.42

DEBUG:root:Real time1486600314.52

DEBUG:root:Real time1486600314.62

DEBUG:root:Real time1486600314.72

DEBUG:root:Real time1486600314.82

DEBUG:root:Real time1486600314.92

DEBUG:root:Real time1486600315.02

DEBUG:root:Real time1486600315.12

DEBUG:root:Real time1486600315.22

DEBUG:root:Under real time Point 0.152570962906

DEBUG:root:Real time1486600315.48

DEBUG:root:Real time1486600315.58

DEBUG:root:Real time1486600315.68

DEBUG:root:Real time1486600315.78

DEBUG:root:Real time1486600315.88

DEBUG:root:Real time1486600315.98

DEBUG:root:Real time1486600316.08

DEBUG:root:Real time1486600316.18

DEBUG:root:Real time1486600316.28

DEBUG:root:Real time1486600316.38

DEBUG:root:Real time1486600316.48

DEBUG:root:Real time1486600316.58

DEBUG:root:Real time1486600316.68

DEBUG:root:Real time1486600316.79

DEBUG:root:Real time1486600316.89

DEBUG:root:Real time1486600316.99

DEBUG:root:Real time1486600317.09

DEBUG:root:Real time1486600317.19

DEBUG:root:Real time1486600317.29

DEBUG:root:Real time1486600317.39

DEBUG:root:Real time1486600317.49

DEBUG:root:Real time1486600317.59

DEBUG:root:Real time1486600317.69

DEBUG:root:Real time1486600317.79

DEBUG:root:Real time1486600317.89

DEBUG:root:Real time1486600317.99

DEBUG:root:Real time1486600318.1

DEBUG:root:Real time1486600318.2

DEBUG:root:Real time1486600318.3

DEBUG:root:Real time1486600318.4

DEBUG:root:Real time1486600318.5

DEBUG:root:Real time1486600318.6

DEBUG:root:Real time1486600318.7

DEBUG:root:Real time1486600318.8

DEBUG:root:Real time1486600318.9

DEBUG:root:Real time1486600319.0

DEBUG:root:Real time1486600319.1

DEBUG:root:Real time1486600319.21

DEBUG:root:Real time1486600319.31

DEBUG:root:Real time1486600319.41

DEBUG:root:Real time1486600319.51

DEBUG:root:Real time1486600319.61

DEBUG:root:Real time1486600319.71

DEBUG:root:Real time1486600319.81

DEBUG:root:Real time1486600319.91

DEBUG:root:Real time1486600320.01

DEBUG:root:Real time1486600320.11

DEBUG:root:Real time1486600320.21

DEBUG:root:Real time1486600320.31

DEBUG:root:Under real time point 0.101384878159

DEBUG:root:Real time1486600320.52

DEBUG:root:Real time1486600320.62

DEBUG:root:Under real time Point 0.137945890427

DEBUG:root:Real time1486600320.86

DEBUG:root:Real time1486600320.96

DEBUG:root:Real time1486600321.06

DEBUG:root:Real time1486600321.16

DEBUG:root:Real time1486600321.26

DEBUG:root:Real time1486600321.36

DEBUG:root:Real time1486600321.46

DEBUG:root:Real time1486600321.56

DEBUG:root:Real time1486600321.66

DEBUG:root:Real time1486600321.76

DEBUG:root:Real time1486600321.86

DEBUG:root:Real time1486600321.96

DEBUG:root:Real time1486600322.06

DEBUG:root:Real time1486600322.16

DEBUG:root:Real time1486600322.27

DEBUG:root:Real time1486600322.37

DEBUG:root:Real time1486600322.47

DEBUG:root:Real time1486600322.57

DEBUG:root:Real time1486600322.67

DEBUG:root:Real time1486600322.77

DEBUG:root:Real time1486600322.87

DEBUG:root:Real time1486600322.97

DEBUG:root:Real time1486600323.07

DEBUG:root:Real time1486600323.17

DEBUG:root:Real time1486600323.28

DEBUG:root:Real time1486600323.38

DEBUG:root:Real time1486600323.48

DEBUG:root:Real time1486600323.58

DEBUG:root:Real time1486600323.68

DEBUG:root:Real time1486600323.78

DEBUG:root:Real time1486600323.88

DEBUG:root:Real time1486600323.98

DEBUG:root:Real time1486600324.08

DEBUG:root:Real time1486600324.18

DEBUG:root:Real time1486600324.28

DEBUG:root:Real time1486600324.38

DEBUG:root:Real time1486600324.48

DEBUG:root:Real time1486600324.58

DEBUG:root:Real time1486600324.69

DEBUG:root:Real time1486600324.79

DEBUG:root:Real time1486600324.89

DEBUG:root:Real time1486600324.99

DEBUG:root:Real time1486600325.09

DEBUG:root:Real time1486600325.19

DEBUG:root:Real time1486600325.29

DEBUG:root:Real time1486600325.39

DEBUG:root:Real time1486600325.49

DEBUG:root:Real time1486600325.59

DEBUG:root:Real time1486600325.69

DEBUG:root:Real time1486600325.79

DEBUG:root:Real time1486600325.89

DEBUG:root:Real time1486600325.99

DEBUG:root:Real time1486600326.09

DEBUG:root:Real time1486600326.19

DEBUG:root:Real time1486600326.29

DEBUG:root:Real time1486600326.4

DEBUG:root:Real time1486600326.5

DEBUG:root:Real time1486600326.6

DEBUG:root:Real time1486600326.7

DEBUG:root:Real time1486600326.8

DEBUG:root:Real time1486600326.9

DEBUG:root:Under real time Point 0.147591114044

DEBUG:root:Real time1486600327.15

DEBUG:root:Real time1486600327.25

DEBUG:root:Real time1486600327.35

DEBUG:root:Real time1486600327.45

DEBUG:root:Real time1486600327.55

DEBUG:root:Real time1486600327.65

DEBUG:root:Real time1486600327.75

DEBUG:root:Real time1486600327.86

DEBUG:root:Real time1486600327.96

DEBUG:root:Real time1486600328.06

DEBUG:root:Real time1486600328.16

DEBUG:root:Real time1486600328.26

DEBUG:root:Real time1486600328.36

DEBUG:root:Real time1486600328.46

DEBUG:root:Under real time Point 0.14106798172

DEBUG:root:Real time1486600328.7

DEBUG:root:Real time1486600328.8

DEBUG:root:Real time1486600328.9

DEBUG:root:Real time1486600329.0

DEBUG:root:Real time1486600329.1

DEBUG:root:Real time1486600329.21

DEBUG:root:Real time1486600329.31

DEBUG:root:Real time1486600329.41

DEBUG:root:Real time1486600329.51

DEBUG:root:Real time1486600329.61

DEBUG:root:Real time1486600329.71

DEBUG:root:Real time1486600329.81

DEBUG:root:Real time1486600329.91

DEBUG:root:Real time1486600330.01

DEBUG:root:Real time1486600330.11

DEBUG:root:Real time1486600330.21

DEBUG:root:Real time1486600330.31

DEBUG:root:Real time1486600330.41

DEBUG:root:Real time1486600330.51

DEBUG:root:Real time1486600330.62

DEBUG:root:Real time1486600330.72

DEBUG:root:Real time1486600330.82

DEBUG:root:Real time1486600330.92

DEBUG:root:Real time1486600331.02

DEBUG:root:Real time1486600331.12

DEBUG:root:Real time1486600331.22

DEBUG:root:Real time1486600331.32

DEBUG:root:Real time1486600331.42

DEBUG:root:Real time1486600331.52

DEBUG:root:Real time1486600331.62

DEBUG:root:Real time1486600331.72

DEBUG:root:Real time1486600331.82

DEBUG:root:Real time1486600331.92

DEBUG:root:Real time1486600332.03

DEBUG:root:Real time1486600332.13

DEBUG:root:Real time1486600332.23

DEBUG:root:Real time1486600332.33

DEBUG:root:Real time1486600332.43

DEBUG:root:Real time1486600332.53

DEBUG:root:Real time1486600332.63

DEBUG:root:Real time1486600332.73

DEBUG:root:Real time1486600332.83

DEBUG:root:Real time1486600332.93

DEBUG:root:Real time1486600333.03

DEBUG:root:Real time1486600333.13

DEBUG:root:Real time1486600333.23

DEBUG:root:Real time1486600333.33

DEBUG:root:Real time1486600333.44

DEBUG:root:Real time1486600333.54

DEBUG:root:Real time1486600333.64

DEBUG:root:Real time1486600333.74

DEBUG:root:Real time1486600333.84

DEBUG:root:Real time1486600333.94

DEBUG:root:Real time1486600334.04

DEBUG:root:Real time1486600334.14

DEBUG:root:Real time1486600334.24

DEBUG:root:Real time1486600334.34

DEBUG:root:Real time1486600334.44

DEBUG:root:Real time1486600334.54

DEBUG:root:Real time1486600334.64

DEBUG:root:Real time1486600334.74

DEBUG:root:Real time1486600334.84

DEBUG:root:Real time1486600334.94

DEBUG:root:Real time1486600335.05

DEBUG:root:Real time1486600335.15

DEBUG:root:Real time1486600335.25

DEBUG:root:Real time1486600335.35

DEBUG:root:Real time1486600335.45

DEBUG:root:Real time1486600335.55

DEBUG:root:Real time1486600335.65

DEBUG:root:Real time1486600335.75

DEBUG:root:Real time1486600335.85

DEBUG:root:Real time1486600335.95

DEBUG:root:Real time1486600336.05

DEBUG:root:Real time1486600336.15

DEBUG:root:Real time1486600336.25

DEBUG:root:Real time1486600336.35

DEBUG:root:Real time1486600336.46

DEBUG:root:Real time1486600336.56

DEBUG:root:Real time1486600336.66

DEBUG:root:Real time1486600336.76

DEBUG:root:Real time1486600336.86

DEBUG:root:Real time1486600336.96

DEBUG:root:Real time1486600337.06

DEBUG:root:Real time1486600337.16

DEBUG:root:Real time1486600337.26

DEBUG:root:Real time1486600337.36

DEBUG:root:Real time1486600337.46

DEBUG:root:Real time1486600337.56

DEBUG:root:Real time1486600337.66

DEBUG:root:Real time1486600337.77

DEBUG:root:Real time1486600337.87

DEBUG:root:Real time1486600337.97

DEBUG:root:Real time1486600338.07

DEBUG:root:Real time1486600338.17

DEBUG:root:Real time1486600338.27

DEBUG:root:Real time1486600338.37

DEBUG:root:Real time1486600338.47

DEBUG:root:Real time1486600338.57

DEBUG:root:Real time1486600338.68

DEBUG:root:Real time1486600338.78

DEBUG:root:Real time1486600338.88

DEBUG:root:Real time1486600338.98

DEBUG:root:Real time1486600339.08

DEBUG:root:Real time1486600339.18

DEBUG:root:Under real time Point 0.14523601532

DEBUG:root:Real time1486600339.43

DEBUG:root:Real time1486600339.53

DEBUG:root:Real time1486600339.63

DEBUG:root:Real time1486600339.73

DEBUG:root:Real time1486600339.83

DEBUG:root:Real time1486600339.93

DEBUG:root:Real time1486600340.03

DEBUG:root:Real time1486600340.13

DEBUG:root:Real time1486600340.23

DEBUG:root:Real time1486600340.33

DEBUG:root:Real time1486600340.43

DEBUG:root:Real time1486600340.53

DEBUG:root:Real time1486600340.63

DEBUG:root:Real time1486600340.74

DEBUG:root:Real time1486600340.84

DEBUG:root:Real time1486600340.94

DEBUG:root:Real time1486600341.04

DEBUG:root:Real time1486600341.14

DEBUG:root:Real time1486600341.24

DEBUG:root:Real time1486600341.34

DEBUG:root:Real time1486600341.44

DEBUG:root:Real time1486600341.54

DEBUG:root:Real time1486600341.64

DEBUG:root:Real time1486600341.74

DEBUG:root:Real time1486600341.84

DEBUG:root:Real time1486600341.94

DEBUG:root:Real time1486600342.04

DEBUG:root:Real time1486600342.15

DEBUG:root:Real time1486600342.25

DEBUG:root:Real time1486600342.35

DEBUG:root:Real time1486600342.45

DEBUG:root:Real time1486600342.55

DEBUG:root:Real time1486600342.65

DEBUG:root:Real time1486600342.75

DEBUG:root:Real time1486600342.85

DEBUG:root:Real time1486600342.95

DEBUG:root:Real time1486600343.05

DEBUG:root:Real time1486600343.15

DEBUG:root:Real time1486600343.25

DEBUG:root:Real time1486600343.35

DEBUG:root:Real time1486600343.46

DEBUG:root:Real time1486600343.56

DEBUG:root:Real time1486600343.66

DEBUG:root:Real time1486600343.76

DEBUG:root:Real time1486600343.86

DEBUG:root:Real time1486600343.96

DEBUG:root:Real time1486600344.06

DEBUG:root:Real time1486600344.16

DEBUG:root:Real time1486600344.26

DEBUG:root:Real time1486600344.36

DEBUG:root:Real time1486600344.46

DEBUG:root:Real time1486600344.56

DEBUG:root:Real time1486600344.66

DEBUG:root:Real time1486600344.76

DEBUG:root:Real time1486600344.86

DEBUG:root:Real time1486600344.97

DEBUG:root:Real time1486600345.07

DEBUG:root:Real time1486600345.17

DEBUG:root:Real time1486600345.27

DEBUG:root:Real time1486600345.37

DEBUG:root:Real time1486600345.47

DEBUG:root:Real time1486600345.57

DEBUG:root:Real time1486600345.67

DEBUG:root:Real time1486600345.77

DEBUG:root:Real time1486600345.87

DEBUG:root:Real time1486600345.97

DEBUG:root:Real time1486600346.07

DEBUG:root:Real time1486600346.17

DEBUG:root:Real time1486600346.28

DEBUG:root:Real time1486600346.38

DEBUG:root:Real time1486600346.48

DEBUG:root:Real time1486600346.58

DEBUG:root:Real time1486600346.68

DEBUG:root:Real time1486600346.78

DEBUG:root:Real time1486600346.88

DEBUG:root:Real time1486600346.98

DEBUG:root:Real time1486600347.08

DEBUG:root:Real time1486600347.18

DEBUG:root:Real time1486600347.28

DEBUG:root:Real time1486600347.38

DEBUG:root:Real time1486600347.48

DEBUG:root:Real time1486600347.58

DEBUG:root:Real time1486600347.68

DEBUG:root:Real time1486600347.78

DEBUG:root:Real time1486600347.88

DEBUG:root:Real time1486600347.98

DEBUG:root:Real time1486600348.09

DEBUG:root:Real time1486600348.19

DEBUG:root:Real time1486600348.29

DEBUG:root:Real time1486600348.39

DEBUG:root:Real time1486600348.49

DEBUG:root:Real time1486600348.59

DEBUG:root:Real time1486600348.69

DEBUG:root:Real time1486600348.79

DEBUG:root:Real time1486600348.89

DEBUG:root:Real time1486600348.99

DEBUG:root:Real time1486600349.09

DEBUG:root:Real time1486600349.2

DEBUG:root:Real time1486600349.3

DEBUG:root:Real time1486600349.4

DEBUG:root:Real time1486600349.5

DEBUG:root:Real time1486600349.6

DEBUG:root:Real time1486600349.7

DEBUG:root:Real time1486600349.8

DEBUG:root:Real time1486600349.9

DEBUG:root:Real time1486600350.0

DEBUG:root:Real time1486600350.1

DEBUG:root:Real time1486600350.2

DEBUG:root:Real time1486600350.3

DEBUG:root:Real time1486600350.4

DEBUG:root:Real time1486600350.5

DEBUG:root:Real time1486600350.6

DEBUG:root:Under real time Point 0.133666992188

DEBUG:root:Real time1486600350.84

DEBUG:root:Real time1486600350.94

DEBUG:root:Under real time Point 0.117667913437

DEBUG:root:Real time1486600351.16

DEBUG:root:Real time1486600351.26

DEBUG:root:Real time1486600351.36

DEBUG:root:Real time1486600351.46

DEBUG:root:Real time1486600351.56

DEBUG:root:Real time1486600351.66

DEBUG:root:Real time1486600351.76

DEBUG:root:Real time1486600351.86

DEBUG:root:Real time1486600351.96

DEBUG:root:Real time1486600352.07

DEBUG:root:Real time1486600352.17

DEBUG:root:Real time1486600352.27

DEBUG:root:Real time1486600352.37

DEBUG:root:Real time1486600352.47

DEBUG:root:Real time1486600352.57

DEBUG:root:Real time1486600352.67

DEBUG:root:Real time1486600352.77

DEBUG:root:Real time1486600352.87

DEBUG:root:Real time1486600352.97

DEBUG:root:Real time1486600353.07

DEBUG:root:Real time1486600353.17

DEBUG:root:Real time1486600353.27

DEBUG:root:Real time1486600353.37

DEBUG:root:Real time1486600353.47

DEBUG:root:Real time1486600353.57

DEBUG:root:Real time1486600353.67

DEBUG:root:Real time1486600353.77

DEBUG:root:Real time1486600353.88

DEBUG:root:Real time1486600353.98

DEBUG:root:Real time1486600354.08

DEBUG:root:Real time1486600354.18

DEBUG:root:Real time1486600354.28

DEBUG:root:Real time1486600354.38

DEBUG:root:Real time1486600354.48

DEBUG:root:Real time1486600354.58

DEBUG:root:Real time1486600354.68

DEBUG:root:Real time1486600354.78

DEBUG:root:Real time1486600354.88

DEBUG:root:Real time1486600354.98

DEBUG:root:Real time1486600355.08

DEBUG:root:Real time1486600355.18

DEBUG:root:Real time1486600355.28

DEBUG:root:Real time1486600355.38

DEBUG:root:Real time1486600355.49

DEBUG:root:Real time1486600355.59

DEBUG:root:Real time1486600355.69

DEBUG:root:Real time1486600355.79

DEBUG:root:Real time1486600355.89

DEBUG:root:Real time1486600355.99

DEBUG:root:Real time1486600356.09

DEBUG:root:Real time1486600356.19

DEBUG:root:Real time1486600356.29

DEBUG:root:Real time1486600356.39

DEBUG:root:Real time1486600356.49

DEBUG:root:Real time1486600356.59

DEBUG:root:Real time1486600356.69

DEBUG:root:Real time1486600356.79

DEBUG:root:Real time1486600356.89

DEBUG:root:Real time1486600357.0

DEBUG:root:Real time1486600357.1

DEBUG:root:Real time1486600357.2

DEBUG:root:Real time1486600357.3

DEBUG:root:Real time1486600357.4

DEBUG:root:Real time1486600357.5

DEBUG:root:Real time1486600357.6

DEBUG:root:Real time1486600357.7

DEBUG:root:Real time1486600357.8

DEBUG:root:Real time1486600357.9

DEBUG:root:Real time1486600358.0

DEBUG:root:Real time1486600358.1

DEBUG:root:Real time1486600358.2

DEBUG:root:Real time1486600358.3

DEBUG:root:Real time1486600358.4

DEBUG:root:Real time1486600358.5

DEBUG:root:Real time1486600358.6

DEBUG:root:Real time1486600358.71

DEBUG:root:Real time1486600358.81

DEBUG:root:Real time1486600358.91

DEBUG:root:Real time1486600359.01

DEBUG:root:Real time1486600359.11

DEBUG:root:Real time1486600359.21

DEBUG:root:Real time1486600359.31

DEBUG:root:Real time1486600359.41

DEBUG:root:Real time1486600359.51

DEBUG:root:Real time1486600359.61

DEBUG:root:Under real time Point 0.121021986008

DEBUG:root:Real time1486600359.84

DEBUG:root:Real time1486600359.94

DEBUG:root:Real time1486600360.04

DEBUG:root:Real time1486600360.14

DEBUG:root:Real time1486600360.24

DEBUG:root:Real time1486600360.34

DEBUG:root:Real time1486600360.44

DEBUG:root:Real time1486600360.54

DEBUG:root:Real time1486600360.64

DEBUG:root:Under real time Point 0.129129886627

DEBUG:root:Real time1486600360.87

DEBUG:root:Real time1486600360.97

DEBUG:root:Real time1486600361.07

DEBUG:root:Real time1486600361.17

DEBUG:root:Real time1486600361.27

DEBUG:root:Real time1486600361.38

DEBUG:root:Real time1486600361.48

DEBUG:root:Real time1486600361.58

DEBUG:root:Real time1486600361.68

DEBUG:root:Real time1486600361.78

DEBUG:root:Real time1486600361.88

DEBUG:root:Real time1486600361.98

DEBUG:root:Real time1486600362.08

DEBUG:root:Real time1486600362.18

DEBUG:root:Real time1486600362.28

DEBUG:root:Real time1486600362.38

DEBUG:root:Real time1486600362.48

DEBUG:root:Real time1486600362.58

DEBUG:root:Real time1486600362.68

DEBUG:root:Real time1486600362.79

DEBUG:root:Real time1486600362.89

DEBUG:root:Real time1486600362.99

DEBUG:root:Real time1486600363.09

DEBUG:root:Real time1486600363.19

DEBUG:root:Real time1486600363.29

DEBUG:root:Real time1486600363.39

DEBUG:root:Real time1486600363.49

DEBUG:root:Real time1486600363.59

DEBUG:root:Real time1486600363.69

DEBUG:root:Real time1486600363.79

DEBUG:root:Real time1486600363.89

DEBUG:root:Real time1486600363.99

DEBUG:root:Real time1486600364.09

DEBUG:root:Real time1486600364.19

DEBUG:root:Real time1486600364.29

DEBUG:root:Real time1486600364.39

DEBUG:root:Real time1486600364.49

DEBUG:root:Real time1486600364.59

DEBUG:root:Real time1486600364.69

DEBUG:root:Real time1486600364.8

DEBUG:root:Real time1486600364.9

DEBUG:root:Real time1486600365.0

DEBUG:root:Real time1486600365.1

DEBUG:root:Real time1486600365.2

DEBUG:root:Real time1486600365.3

DEBUG:root:Real time1486600365.4

DEBUG:root:Real time1486600365.5

DEBUG:root:Real time1486600365.6

DEBUG:root:Real time1486600365.7

DEBUG:root:Real time1486600365.8

DEBUG:root:Real time1486600365.9

DEBUG:root:Real time1486600366.0

DEBUG:root:Real time1486600366.1

DEBUG:root:Real time1486600366.21

DEBUG:root:Real time1486600366.31

DEBUG:root:Real time1486600366.41

DEBUG:root:Real time1486600366.51

DEBUG:root:Real time1486600366.61

DEBUG:root:Real time1486600366.71

DEBUG:root:Real time1486600366.81

DEBUG:root:Real time1486600366.91

DEBUG:root:Real time1486600367.01

DEBUG:root:Real time1486600367.11

DEBUG:root:Real time1486600367.21

DEBUG:root:Real time1486600367.31

DEBUG:root:Real time1486600367.41

DEBUG:root:Real time1486600367.51

DEBUG:root:Real time1486600367.61

DEBUG:root:Real time1486600367.72

DEBUG:root:Real time1486600367.82

DEBUG:root:Real time1486600367.92

DEBUG:root:Real time1486600368.02

DEBUG:root:Real time1486600368.12

DEBUG:root:Real time1486600368.22

DEBUG:root:Real time1486600368.32

DEBUG:root:Real time1486600368.42

DEBUG:root:Real time1486600368.52

DEBUG:root:Under real time point 0.101963043213

DEBUG:root:Real time1486600368.72

DEBUG:root:Real time1486600368.82

DEBUG:root:Real time1486600368.92

DEBUG:root:Real time1486600369.03

DEBUG:root:Under real time point 0.102656126022

DEBUG:root:Under real time point 0.106774091721

DEBUG:root:Under real time point 0.104877948761

DEBUG:root:Under real time point 0.109453201294

DEBUG:root:Under real time point 0.10791516304

DEBUG:root:Under real time point 0.100552797318

DEBUG:root:Under real time point 0.10187792778

DEBUG:root:Real time1486600369.86

DEBUG:root:Under real time point 0.102308034897

DEBUG:root:Under real time point 0.1001329422

DEBUG:root:Real time1486600370.17

DEBUG:root:Under real time point 0.103620052338

DEBUG:root:Real time1486600370.37

DEBUG:root:Real time1486600370.48

DEBUG:root:Under real time point 0.103575944901

DEBUG:root:Under real time point 0.105229139328

DEBUG:root:Real time1486600370.79

DEBUG:root:Real time1486600370.89

DEBUG:root:Under real time point 0.104730844498

DEBUG:root:Under real time point 0.105151891708

DEBUG:root:Under real time point 0.101151943207

DEBUG:root:Real time1486600371.3

DEBUG:root:Real time1486600371.4

DEBUG:root:Real time1486600371.5

DEBUG:root:Real time1486600371.6

DEBUG:root:Under real time point 0.102312088013

DEBUG:root:Real time1486600371.81

DEBUG:root:Real time1486600371.91

DEBUG:root:Real time1486600372.01

DEBUG:root:Real time1486600372.11

DEBUG:root:Real time1486600372.21

DEBUG:root:Real time1486600372.31

DEBUG:root:Real time1486600372.41

DEBUG:root:Real time1486600372.51

DEBUG:root:Real time1486600372.61

DEBUG:root:Real time1486600372.72

DEBUG:root:Real time1486600372.82

DEBUG:root:Real time1486600372.92

DEBUG:root:Real time1486600373.02

DEBUG:root:Real time1486600373.12

DEBUG:root:Real time1486600373.22

DEBUG:root:Real time1486600373.32

DEBUG:root:Real time1486600373.42

DEBUG:root:Real time1486600373.52

DEBUG:root:Real time1486600373.62

DEBUG:root:Real time1486600373.72

DEBUG:root:Real time1486600373.82

DEBUG:root:Real time1486600373.92

DEBUG:root:Real time1486600374.02

DEBUG:root:Real time1486600374.13

DEBUG:root:Real time1486600374.23

DEBUG:root:Real time1486600374.33

DEBUG:root:Real time1486600374.43

DEBUG:root:Real time1486600374.53

DEBUG:root:Real time1486600374.63

DEBUG:root:Real time1486600374.73

DEBUG:root:Real time1486600374.83

DEBUG:root:Real time1486600374.93

DEBUG:root:Real time1486600375.03

DEBUG:root:Real time1486600375.13

DEBUG:root:Real time1486600375.23

DEBUG:root:Real time1486600375.33

DEBUG:root:Real time1486600375.43

DEBUG:root:Real time1486600375.53

DEBUG:root:Real time1486600375.63

DEBUG:root:Real time1486600375.73

DEBUG:root:Real time1486600375.83

DEBUG:root:Real time1486600375.94

DEBUG:root:Real time1486600376.04

DEBUG:root:Real time1486600376.14

DEBUG:root:Real time1486600376.24

DEBUG:root:Real time1486600376.34

DEBUG:root:Real time1486600376.44

DEBUG:root:Real time1486600376.54

DEBUG:root:Real time1486600376.64

DEBUG:root:Real time1486600376.74

DEBUG:root:Real time1486600376.84

DEBUG:root:Under real time Point 0.121511936188

DEBUG:root:Real time1486600377.06

DEBUG:root:Real time1486600377.16

DEBUG:root:Real time1486600377.26

DEBUG:root:Real time1486600377.36

DEBUG:root:Real time1486600377.46

DEBUG:root:Real time1486600377.56

DEBUG:root:Real time1486600377.66

DEBUG:root:Real time1486600377.77

