DEBUG:root:Under real time Point counter:3.38554382324e-05

DEBUG:root:Extracted signature:bitarray('10011111110111100011111110111101111111111111011111001111001111100110001111101100011100111000010111100101111010111100111100011001101101110111001111110000011001111111100111100111111001110011110101111111110101111111101011111110101110110101101111010111001011000110011010010000')
DEBUG:root:Matched frame over all scan:2493

DEBUG:root:Errors over all scan:54

DEBUG:root:Result:replica detected
DEBUG:root:Under real time Point counter:0.253005981445

DEBUG:root:Extracted signature:bitarray('10111111110111100111111110111101111111111111011111001111001111100111001111001100011100111000000011100101111010111100011100011001101101010111001111110000111001111110100111100111111001110011110101111111111001111111111011110110101110110101101111010011001011000110011010010000')
DEBUG:root:Matched frame over all scan:2493

DEBUG:root:Errors over all scan:57

DEBUG:root:Result:replica detected
DEBUG:root:Real time1487900442.11

DEBUG:root:Extracted signature:bitarray('10111101110111100011111110111101111111111111011111001111001111100110001111101100011100111000000111100101111010111101111100011001101101110111001111110000111001111111100111100111111001110011110101011111110001111111111011111110101110110101101111010011001011000110011010010000')
DEBUG:root:Matched frame over all scan:2493

DEBUG:root:Errors over all scan:55

DEBUG:root:Result:replica detected
DEBUG:root:Real time1487900442.31

DEBUG:root:Extracted signature:bitarray('10011101110011100011111111111101111111111111011111001111001111100111001111001100011100111100000111101101111010011100001100011001101101110111001111111000111001111111100111000111111001110011111101011111111001111111111011111111101110111101100111010011001011000110011010010000')
DEBUG:root:Matched frame over all scan:2493

DEBUG:root:Errors over all scan:57

DEBUG:root:Result:replica detected
DEBUG:root:Real time1487900442.51

DEBUG:root:Extracted signature:bitarray('10111101110111100011111110111101111111011111011111000111001111100110001111101100011110111100010111101101111000111100111100011001101101110111001111110000111001111110100111100111101001110011110101011111110001111111101011111110101110110101101111010111001011000110011010010000')
DEBUG:root:Matched frame over all scan:2493

DEBUG:root:Errors over all scan:57

DEBUG:root:Result:replica detected
DEBUG:root:Real time1487900442.71

DEBUG:root:Extracted signature:bitarray('11111000111000101110011111000001111110000000011110001000111100001000011000000000100000011110001011110011111001111101110001000100000000011111000011001011111000000001101110000000001011100000000111100000000111000000000110000000010000111010001110101111010111010110101110110000')
DEBUG:root:Matched frame over all scan:1361

DEBUG:root:Errors over all scan:79

DEBUG:root:Result:tau1_fail
DEBUG:root:Real time1487900442.91

DEBUG:root:Extracted signature:bitarray('11111001111000101111011111000000111110000011011110000001111100000000011000000011100000001110000001111100011011111101100011000100000000011110010000001011111010000001101110000100011011100000001111100000000111000000001100000001010000011010001110101111001111110111101110101000')
DEBUG:root:Matched frame over all scan:1359

DEBUG:root:Errors over all scan:77

DEBUG:root:Result:tau2_fail
DEBUG:root:Real time1487900443.11

DEBUG:root:Extracted signature:bitarray('11111000111100011110001011110011011100011100111110000100011100000100010000000000100001100010011110010011100000111001110001100111010000011111000011000111111000011000101111000000001011110000000101110000000111100000001110000000111000000111000000010011001001001000101010010000')
DEBUG:root:Matched frame over all scan:2148

DEBUG:root:Errors over all scan:75

DEBUG:root:Result:tau3_fail
DEBUG:root:Under real time Point counter:0.20899605751

DEBUG:root:Extracted signature:bitarray('11000001111110011000111011110010001100001100001110000110001100000111110000001111000001111101111011101110111011011101001100011011111111111111110001110011111110011100011111110000000011111000010011111110000010111100010111100001011000000011110000111000011000011000100010010000')
DEBUG:root:Matched frame over all scan:39

DEBUG:root:Errors over all scan:76

DEBUG:root:Result:tau3_fail
DEBUG:root:Under real time Point counter:0.205338954926

DEBUG:root:Extracted signature:bitarray('11000001111100011000111011110010001100001100001110000110001100000111110000011111000001111101011111100110111011111101111100011001111111111110000111110011110111011000011111110000000011111000100011111100000011110000110111000011011000000011000010110001011000010000100010010000')
DEBUG:root:Matched frame over all scan:921

DEBUG:root:Errors over all scan:73

DEBUG:root:Result:tau3_fail
DEBUG:root:Under real time Point counter:0.202655076981

DEBUG:root:Extracted signature:bitarray('11000001111000011000110011010010001100100100101110000110001110000110011000011100100001111100011111101110111011011101111101111011111111111100000100000011100100110000011010000100000111110010000001100010110001000101100111110100001100100001001000110000011100011110111010010000')
DEBUG:root:Matched frame over all scan:834

DEBUG:root:Errors over all scan:91

DEBUG:root:Result:tau2_fail
DEBUG:root:Real time1487900443.93

DEBUG:root:Extracted signature:bitarray('11000000111000011000110111000110001110010011100111000001100110000011101100011111010001111100000111100000111000011100111001111011111111011100000000001011100100000000111111001110001111001110000101000000001101100000000110000000011011000011111000111100011110011100111010010000')
DEBUG:root:Matched frame over all scan:924

DEBUG:root:Errors over all scan:77

DEBUG:root:Result:tau3_fail
DEBUG:root:Under real time Point counter:0.20281791687

DEBUG:root:Extracted signature:bitarray('11000000111000110000110011001110001110010011100111000011100110000111101100011111010001111100001111100001111000111100111101111011101111111110100000000011111100110000101111111110001110111100000101011100000001101000000111111000011111100011111000111110011110011110101010010000')
DEBUG:root:Matched frame over all scan:924

DEBUG:root:Errors over all scan:80

DEBUG:root:Result:tau3_fail
DEBUG:root:Under real time Point counter:0.206634044647

DEBUG:root:Extracted signature:bitarray('11100001000001111100111000001111001110000011100110000011101110000111101100011111000011111100011111000111110001111101111101111011111110111100110000000011111110110000111101111110001110111100000101011100000011111100000101111100011111100011111000111110001111011110101010011000')
DEBUG:root:Matched frame over all scan:1655

DEBUG:root:Errors over all scan:81

DEBUG:root:Result:tau3_fail
DEBUG:root:Under real time Point counter:0.203236103058

DEBUG:root:Extracted signature:bitarray('11110000110000011110010110000011100100100000110100010000011100010001111000000000100001100010001100011011100001111001111001100100000000010110000100000011110000000000011100000110000110000111000011100100000011000000000110000000011000000011111000011110001110101111001100101000')
DEBUG:root:Matched frame over all scan:2148

DEBUG:root:Errors over all scan:69

DEBUG:root:Result:tau3_fail
DEBUG:root:Real time1487900444.74

DEBUG:root:Extracted signature:bitarray('11110000111000011110000011000011100000110000111000011000011000000000010000000001100000001110000000111111100111110001110011111110010000011110000100000011110000000000011100001100000111001110000011000000000011100000000110011000011111000011111000111110011111011110101110101000')
DEBUG:root:Matched frame over all scan:926

DEBUG:root:Errors over all scan:74

DEBUG:root:Result:tau3_fail
DEBUG:root:Under real time Point counter:0.266952037811

DEBUG:root:Extracted signature:bitarray('11000001110000011000011110100010100001111000111000010000011100010001011000100011100011011100011111100111111011111001110001100110010010110111001100000111111000000000101101011100001110111110000111110000000111101100001111111000011111100011111100111110011100011000100010010000')
DEBUG:root:Matched frame over all scan:927

DEBUG:root:Errors over all scan:75

DEBUG:root:Result:tau3_fail
DEBUG:root:Under real time Point counter:0.20308804512

DEBUG:root:Extracted signature:bitarray('11000000111000111000011111000010000011110000110000110000010100011001111100111011100011111110011111100111110011110001110011000100010010111110000100000111011100000000101101011100001110111100000111111100000111111100001111111000011111100001111100111101011100010000100010010000')
DEBUG:root:Matched frame over all scan:927

DEBUG:root:Errors over all scan:87

DEBUG:root:Result:tau2_fail
DEBUG:root:Under real time Point counter:0.206675052643

DEBUG:root:Extracted signature:bitarray('11000000111001111000011111000110000111110001110000111000110100001111111100011111000001111100011111000111110011110001100011000100010000011111111100000111111000100000101001001100001110111100000110111100000110111100000101111000011111100011111100111111011000010000100010010000')
DEBUG:root:Matched frame over all scan:32

DEBUG:root:Errors over all scan:83

DEBUG:root:Result:tau2_fail
DEBUG:root:Under real time Point counter:0.205528974533

DEBUG:root:Extracted signature:bitarray('11000000111001111000011111000110000011110001110000011000010100001101111100011111000001111110011111000111110011110001100011000100010010011111000000000111111000100000101001001100001110111100000110111000000111111100000101111000011111100011111100111111011000010000100010010000')
DEBUG:root:Matched frame over all scan:32

DEBUG:root:Errors over all scan:87

DEBUG:root:Result:tau2_fail
DEBUG:root:Real time1487900445.82

DEBUG:root:Extracted signature:bitarray('11000001111001111000111111000110001111110000100110011100110110001111111100011111000001111100001111000111110011110001100011000100010010011110000000000111111100100000101001101110001110111100000110111100000110111110000101111000011111100011111100111111011000010000100010010000')
DEBUG:root:Matched frame over all scan:31

DEBUG:root:Errors over all scan:87

DEBUG:root:Result:tau2_fail
DEBUG:root:Real time1487900446.02

DEBUG:root:Extracted signature:bitarray('11001100001100111001100001100110011010001001101101100001111100000001111000000001100100000011100000011000000100000010000010000100100101110111000000100011111110001100011111111011000011111100011001111100001001111000000111100000011100000011000001100000110000111011001100110000')
DEBUG:root:Matched frame over all scan:945

DEBUG:root:Errors over all scan:54

DEBUG:root:Result:tau3_fail
DEBUG:root:Real time1487900446.22

DEBUG:root:Extracted signature:bitarray('11011000011101111001000001101110010011010001101100000001111100000001111001000011100110000011100000011000000100000010000010000100100101110111100000010011011111100110001011111001100011111100011001111100001001111000000111100000011100000011000001100000110010110111001100110000')
DEBUG:root:Matched frame over all scan:942

DEBUG:root:Errors over all scan:57

DEBUG:root:Result:tau3_fail
DEBUG:root:Real time1487900446.42

DEBUG:root:Extracted signature:bitarray('11011000001100111001000001100110010010000001101100000001111100000001111001000001100110000011100000011000000100000010000010000100100101110111000000000011011100000100011011110001100011111000011001111000001001110000000111100000011100000111000001100000110010110011001100110000')
DEBUG:root:Matched frame over all scan:945

DEBUG:root:Errors over all scan:61

DEBUG:root:Result:tau3_fail
DEBUG:root:Real time1487900446.62

DEBUG:root:Extracted signature:bitarray('11011100001100111001100001100110010010001001101100100001111100000001111001000011100100000011100000011000000100000010000010000100100101111111000000010011011000000010011111110001100111111000011001011000001001110000000111100000011100000011000001100000110000110011001100110000')
DEBUG:root:Matched frame over all scan:945

DEBUG:root:Errors over all scan:63

DEBUG:root:Result:tau3_fail
DEBUG:root:Real time1487900446.83

DEBUG:root:Extracted signature:bitarray('11011100001100111001100001100110011010000001101100100001111100000001111001000011100100000011100000011000000100000010000010000100100101111110000000010011011000000010011111110000100011111100011001011000001001110000000111000000011100000111000001100000110010110111001100100000')
DEBUG:root:Matched frame over all scan:945

DEBUG:root:Errors over all scan:64

DEBUG:root:Result:tau3_fail
DEBUG:root:Real time1487900447.03

DEBUG:root:Extracted signature:bitarray('11011000001001111001000001100110010010000001101100100001111100000001111001000011100100000011100000011000000100000010000010000100100101111111100000010011011100000010011111110000100111111000011001011000001001010000000111000000011100000011000001100000110000110011001100110000')
DEBUG:root:Matched frame over all scan:942

DEBUG:root:Errors over all scan:60

DEBUG:root:Result:tau3_fail
DEBUG:root:Real time1487900447.23

DEBUG:root:Extracted signature:bitarray('11011000001001111001000001101110010010000001111100100001111100000001111001000011100110000011110000011000000100000010000010000100100101110111000000010011011000000010011111111000100011011100011001011000001101010000000111100000011100000011000001100000110000111011001100110000')
DEBUG:root:Matched frame over all scan:942

DEBUG:root:Errors over all scan:64

DEBUG:root:Result:tau3_fail
DEBUG:root:Real time1487900447.43

DEBUG:root:Extracted signature:bitarray('11011000001001111001000001100110010011000001101100100001111100000001111001000011100110000011110000011000000100000010000010000100100101111111000000010011011100000010011111111000100011111100011001011100001001111000000111100000011100000011000001100000110000111011001100110000')
DEBUG:root:Matched frame over all scan:942

DEBUG:root:Errors over all scan:54

DEBUG:root:Result:tau3_fail
DEBUG:root:Real time1487900447.63

DEBUG:root:Extracted signature:bitarray('11011000001100111001100001100110011010000001101100000001111100000001111001000011100100000011100000011000000100000010000010000100100101111111000000010011111100000010011111111000100111111100011001011000001001110000000111000000011000000111000001100000110010110111001100100000')
DEBUG:root:Matched frame over all scan:945

DEBUG:root:Errors over all scan:60

DEBUG:root:Result:tau3_fail
DEBUG:root:Real time1487900447.83

DEBUG:root:Extracted signature:bitarray('11011100001100111001100001100110010010000001101100100001111100000001111001000001100100000011100000011000000100000010000010000100100101110111000000010011011100000010011111110001100111111000011001011000001001110000000111000000011100000011000001100000110000110011001100110000')
DEBUG:root:Matched frame over all scan:942

DEBUG:root:Errors over all scan:63

DEBUG:root:Result:tau3_fail
DEBUG:root:Real time1487900448.03

DEBUG:root:Extracted signature:bitarray('11011100001000111001100001100110010010000001101100100001111100000001111001000001100100000011100000011000000100000010000010000100100101111111100000010011011100000010011111110000100111111000011001011000001001110000000111000000011000000011000001100000110000111011001100110000')
DEBUG:root:Matched frame over all scan:942

DEBUG:root:Errors over all scan:61

DEBUG:root:Result:tau3_fail
DEBUG:root:Real time1487900448.23

DEBUG:root:Extracted signature:bitarray('11011000001100111001000001100110010010000001101100000001111100000001111001000001100110000011100000011000000100000010000010000100100101111111100000010011011100000010011111110001100011111000011001011000001011110000000111000000011100000011000001100001110000101011001100110000')
DEBUG:root:Matched frame over all scan:942

DEBUG:root:Errors over all scan:60

DEBUG:root:Result:tau3_fail
DEBUG:root:Real time1487900448.43

DEBUG:root:Extracted signature:bitarray('11011100001101111001000001100110010011000001101100100001111100000001111001000001100110000011100000011000000100000010000010000100100101111111000000010011011100000010011111110001100011111100011001011000001001110000000111100000011100000011000001100000110000110011001100110000')
DEBUG:root:Matched frame over all scan:942

DEBUG:root:Errors over all scan:57

DEBUG:root:Result:tau3_fail
DEBUG:root:Real time1487900448.63

DEBUG:root:Extracted signature:bitarray('11011100001100111001100001100110010011001001101100100001111100000001111001000001100110000011100000011000000100000010000010000100100101110011100000010011011111000110011111111000100011111100001001111100000001110000000111100000011100000011000001100001010000101011000100110000')
DEBUG:root:Matched frame over all scan:945

DEBUG:root:Errors over all scan:54

DEBUG:root:Result:tau3_fail
DEBUG:root:Real time1487900448.83

DEBUG:root:Extracted signature:bitarray('10000001111001110000111111001100001111110011011110011001101110001011101100011011110001100010000000010001100100110010000000001100010000010111000000001111111100110001101001111000011010100000000011100010001010001110010101111000010111100010111100101110010101010000100010010000')
DEBUG:root:Matched frame over all scan:1509

DEBUG:root:Errors over all scan:91

DEBUG:root:Result:tau2_fail
DEBUG:root:Real time1487900449.03

DEBUG:root:Extracted signature:bitarray('11000000111110011000011111100010001110111000111110011100011000001100110000011111100001111100001111100001110000111001110011100100010000011101100011100111111100011000001111000110000011110000000011111000000010110000000110000000011000000010000000100000011100011000100010010000')
DEBUG:root:Matched frame over all scan:927

DEBUG:root:Errors over all scan:75

DEBUG:root:Result:tau2_fail
DEBUG:root:Real time1487900449.24

DEBUG:root:Extracted signature:bitarray('11100000111110011000001100011010000110000001110000001100011000001100010000011000100111100010111001001110111010111101111101111011101111111111000111000011110000000000011100000100000011000011000011100000000011000000000110000000010000000010011110111111011111010110101010010000')
DEBUG:root:Matched frame over all scan:1714

DEBUG:root:Errors over all scan:77

DEBUG:root:Result:tau2_fail
DEBUG:root:Real time1487900449.44

DEBUG:root:Extracted signature:bitarray('11100011111000011000011011100010000110111000111010011000011000011100010000011011000011101100011001011110010111101101111001111011101111111110000111000011110000010001011110001110000111100110000011100000000011000000000100000001010000001010111010111111011111010110101010010000')
DEBUG:root:Matched frame over all scan:1714

DEBUG:root:Errors over all scan:81

DEBUG:root:Result:tau2_fail
DEBUG:root:Real time1487900449.64

DEBUG:root:Extracted signature:bitarray('11100011111000011000111011000010001100110000100110011000010000011000110000111011000001101100001100101111000111000111111101111011011011111110000110000011111110110000011011101100000110111100000011110110001010111110010101111100010111100010111110101111010111010110101010010000')
DEBUG:root:Matched frame over all scan:951

DEBUG:root:Errors over all scan:69

DEBUG:root:Result:tau3_fail
DEBUG:root:Real time1487900449.84

DEBUG:root:Extracted signature:bitarray('11111011011100011000110011000010001100110000111110011000011110001000110000010011100001101100011100100110001110000110111101111011011011111111000111000011111100000001011111000000000011110011000011110000001011100000000110000000010000000010000000101100011110011110101010010000')
DEBUG:root:Matched frame over all scan:953

DEBUG:root:Errors over all scan:79

DEBUG:root:Result:tau3_fail
DEBUG:root:Real time1487900450.04

DEBUG:root:Extracted signature:bitarray('11110011011000011000011011000010000110110000110010011000011000001100110001011011000111111100011100101111001111100110111101110011011011110011000110001011111101110001011001111000010110001100011011100110000010001110010101111011010111111010111110111101011111011110101010010000')
DEBUG:root:Matched frame over all scan:954

DEBUG:root:Errors over all scan:86

DEBUG:root:Result:tau3_fail
DEBUG:root:Real time1487900450.24

DEBUG:root:Extracted signature:bitarray('11111011011000011000011011000010000110110000111010001000011000001101110001011111000111111100011100101111001111100111111101110110010010011111100110001011111111110001011011111000010011111110000011111111000010111110010101111111010111111010111100111110011111011110101010010000')
DEBUG:root:Matched frame over all scan:34

DEBUG:root:Errors over all scan:84

DEBUG:root:Result:tau1_fail
DEBUG:root:Under real time Point counter:0.20224905014

DEBUG:root:Extracted signature:bitarray('11111001011100011110001011000011000110110000100011001100011000000101110001001111001111111101111100101111001111000110111101110110010010010111000000001011111101110001011011011000010111111000011011111110000010111110010101111111010111111010111110101111011111011110101010011000')
DEBUG:root:Matched frame over all scan:34

DEBUG:root:Errors over all scan:83

DEBUG:root:Result:tau2_fail
DEBUG:root:Under real time Point counter:0.23388504982

DEBUG:root:Extracted signature:bitarray('11111000011000011100000111000011000111110000100010000000011100000101110001011111000111111100111101101111001111000110011101110110010010010011000100011011111101110001011001111000010010001000011011001100000010011110010101111011010111110010111110101111011111011110101010010000')
DEBUG:root:Matched frame over all scan:1342

DEBUG:root:Errors over all scan:92

DEBUG:root:Result:tau2_fail
DEBUG:root:Real time1487900450.88

DEBUG:root:Extracted signature:bitarray('11111000111000011110000111000011000001100000100010000011011100000101110001001011001111011101111111101111001010000110011101110110010010010010000100011011110001110001011100011000010010001000011011001000000010001100010101111011010111110010111100101111011111011110101010010000')
DEBUG:root:Matched frame over all scan:1342

DEBUG:root:Errors over all scan:87

DEBUG:root:Result:tau2_fail
DEBUG:root:Real time1487900451.08

DEBUG:root:Extracted signature:bitarray('11111000111000011110000111000011000110100000100111000011011100000101110001010011001111011101111011101111011000111100111101100110010010010011000100001011111101110001011001111000010010001000011011100111000010011110010101111011010111111010111110101111011111011110101010111000')
DEBUG:root:Matched frame over all scan:2025

DEBUG:root:Errors over all scan:91

DEBUG:root:Result:tau2_fail
DEBUG:root:Under real time Point counter:0.213799953461

DEBUG:root:Extracted signature:bitarray('11001111110111110000111111100100011111100000011111100001101111000001101110000011110011110010001110010011100111110010110001100110010010011111111000000101111111100000101100111100001010001110000101011110001101111100001010111000101001100101000101010000100110101101010101001000')
DEBUG:root:Matched frame over all scan:2195

DEBUG:root:Errors over all scan:81

DEBUG:root:Result:tau2_fail
DEBUG:root:Real time1487900451.49

DEBUG:root:Extracted signature:bitarray('11001111110011101000111110101100001111100000001111110001101111100001101111000011110011110010001110010011100101100011110011100110010010011111110000000101111111100000101111111100001011011110000101011110000101011100001010011000101001000101000001010100100100101101010101001000')
DEBUG:root:Matched frame over all scan:2195

DEBUG:root:Errors over all scan:75

DEBUG:root:Result:tau2_fail
DEBUG:root:Real time1487900451.69

DEBUG:root:Extracted signature:bitarray('11001111110011101000111110011100011111100000001111110001101111100001101111100011100011100010001110010011100101110011110011100110010010011111110000011101111111100000101111111100001010011110000101011110000101001100001010011000101001000101000001010100100100101101010101001000')
DEBUG:root:Matched frame over all scan:961

DEBUG:root:Errors over all scan:73

DEBUG:root:Result:tau3_fail
DEBUG:root:Real time1487900451.89

DEBUG:root:Extracted signature:bitarray('10001111110011100001111110111100111111001001011111101100001110111001101111110011001111000001111000001110000111000010000010100111010000111111100000111001111110000000101111111000001011111110000101111110000101111100001011110000101111000101110001011000101000101001011100101000')
DEBUG:root:Matched frame over all scan:2867

DEBUG:root:Errors over all scan:68

DEBUG:root:Result:replica detected
DEBUG:root:Under real time Point counter:0.208305120468

DEBUG:root:Extracted signature:bitarray('11111101111111101011101111111100111001110111011000111001101000111001110000111011000011111101001110010011100101110001110001100110010010011111001110110001111101110111001100011100001010000111000101000111000101000110001010001001101000000101001001100100100110101101010100101000')
DEBUG:root:Matched frame over all scan:976

DEBUG:root:Errors over all scan:82

DEBUG:root:Result:tau3_fail
DEBUG:root:Real time1487900452.3

DEBUG:root:Extracted signature:bitarray('11111100011111101111100111001101111001110001011111111000011111110000010111100000110110000011110000111100111011111101011100111011101111111111100000001011111100000001011111000000010111100000000011100000000011000000000110000001011000000010000000100000011001010010101110111000')
DEBUG:root:Matched frame over all scan:797

DEBUG:root:Errors over all scan:79

DEBUG:root:Result:tau2_fail
DEBUG:root:Real time1487900452.5

DEBUG:root:Extracted signature:bitarray('11111100011100101111100011001101111000100111111100000011011000000011010000000111100000011110000001110000001100011100111101111011100100011111100011101001111100011111011111000111110111100000011011100000010011000000000110000000011000000010000000100000010001010010101111010000')
DEBUG:root:Matched frame over all scan:2000

DEBUG:root:Errors over all scan:71

DEBUG:root:Result:replica detected
DEBUG:root:Real time1487900452.7

DEBUG:root:Extracted signature:bitarray('11110000000111111110001000011101100010000111100011001011100001100011110011000111001100111101100111101001111001111101111101111011110000011110000000001111110000000001101000000000111010000000111100000000111110100011111100011111100011111100111111011111101111101111011101101000')
DEBUG:root:Matched frame over all scan:1344

DEBUG:root:Errors over all scan:72

DEBUG:root:Result:tau3_fail
DEBUG:root:Real time1487900452.9

DEBUG:root:Extracted signature:bitarray('11111000000001111110000000000011000011100000100011110000010011000000110110000011100000011010001100010111000111100011100010000100010000010000000000111011000000001111011000001111110100001111111000011111111000111111001011111100101111100001111000011000001000001000001101101000')
DEBUG:root:Matched frame over all scan:2952

DEBUG:root:Errors over all scan:81

DEBUG:root:Result:tau3_fail
DEBUG:root:Real time1487900453.1

DEBUG:root:Extracted signature:bitarray('11111000000011010111001000000010001111100000100111000000010111000000011000000111100000001110111000011110000111000011000110011011101101111000000000111011000000111111011000111111110100111111111000111111110000111111101011110010101111000101110001011000111000101010011001010000')
DEBUG:root:Matched frame over all scan:160

DEBUG:root:Errors over all scan:90

DEBUG:root:Result:tau3_fail
DEBUG:root:Real time1487900453.3

DEBUG:root:Extracted signature:bitarray('10110110000110010010111000000010011110000000011111000000011111000001110010000011100000000110110000011100000100000010000010011001101111110000000111111011000001111111011000111111110101111111110000111101100000111111001101001100011000100001100001010000101001101110011001011000')
DEBUG:root:Matched frame over all scan:160

DEBUG:root:Errors over all scan:87

DEBUG:root:Result:tau3_fail
DEBUG:root:Under real time Point counter:0.200479030609

DEBUG:root:Extracted signature:bitarray('11111110000100011010110000100010011111000000001111000001101011000011100110000011111000001110000000010000000100000010000010011011101111111000000111111011000000111111011000111111110100111111001000111111101000110011011001011100110001100001000000010000101000101101010001011000')
DEBUG:root:Matched frame over all scan:2946

DEBUG:root:Errors over all scan:93

DEBUG:root:Result:tau3_fail
DEBUG:root:Under real time Point counter:0.204540014267

DEBUG:root:Extracted signature:bitarray('11111101111111101111100110111101111001100111011100111001101000111000110000110011000011111101001110010011100101110001110001100110010010011111001110110001111101110111001111001100000011000111000101100011000101000110001010001001101001000101001001000100100100101001010100101000')
DEBUG:root:Matched frame over all scan:971

DEBUG:root:Errors over all scan:69

DEBUG:root:Result:tau3_fail
DEBUG:root:Real time1487900453.91

DEBUG:root:Extracted signature:bitarray('11111101111111101111100110111100111001110111011100111001101000011000110000111011000001111101001110010011100101110001110001100110010010011111001110110001111000110111001111001100000011000111000101000011000101000110001010001001101000100101001001000100100110101001010100101000')
DEBUG:root:Matched frame over all scan:971

DEBUG:root:Errors over all scan:80

DEBUG:root:Result:tau3_fail
DEBUG:root:Real time1487900454.11

DEBUG:root:Extracted signature:bitarray('11111101111111101111100111011100111001110111011100111001101000011000010000111011000001111101001110010001100101110001110001100110010010011111000110110001111100110111001111001100000011000111000101100011000101000110011010001001101000100101001001000100100110101001010100101000')
DEBUG:root:Matched frame over all scan:971

DEBUG:root:Errors over all scan:82

DEBUG:root:Result:tau3_fail
DEBUG:root:Real time1487900454.31

DEBUG:root:Extracted signature:bitarray('11111101111111101111100110111100111001110111011100111001101000011000110000111011000001111101001110010011100101110001110001100110010010011111001110110001111100110111001111001100000011000111000101100011000101000110001010001001101000100101001001001100100110101001010100101000')
DEBUG:root:Matched frame over all scan:971

DEBUG:root:Errors over all scan:79

DEBUG:root:Result:tau3_fail
DEBUG:root:Real time1487900454.51

DEBUG:root:Extracted signature:bitarray('11111001110111101111100110111101111001100111011000111001101000111000110000110011000011111101001110010011100001110001110001100110010010011111001111110001111001110111001110001100000011000111000101000011000101000110001010001001101001100101011001001100101100101001010100101000')
DEBUG:root:Matched frame over all scan:971

DEBUG:root:Errors over all scan:71

DEBUG:root:Result:tau3_fail
DEBUG:root:Real time1487900454.71

DEBUG:root:Extracted signature:bitarray('11111001111111101111100110011101111001110111011000111001101000111000110000110011000011111001001110010011100001110101110001100110010010011111001110110001111001110111001110001100000011000111000101100011000101000110011010001001101001100111011001001100101100101001010100101000')
DEBUG:root:Matched frame over all scan:971

DEBUG:root:Errors over all scan:70

DEBUG:root:Result:tau3_fail
DEBUG:root:Under real time Point counter:0.24055480957

DEBUG:root:Extracted signature:bitarray('11111000111111101111100110011101111001110111011000111001101000011000110000111011000001111001001110010001100101110001110001100110010010011111000110110001111000110111001110001110000011000111000101100011000101000110001010001001101000100111001001000110100110101101010100101000')
DEBUG:root:Matched frame over all scan:976

DEBUG:root:Errors over all scan:82

DEBUG:root:Result:tau3_fail
DEBUG:root:Real time1487900455.15

DEBUG:root:Extracted signature:bitarray('11111000111111101111100111111101110011001100100011100110010011100000001111000001111110001110011001110011011011111101110011000110010011111111001110110001111001110110001011110000000011111100000101011110000101011100001010110000101010000101000011010011101011101001010100111000')
DEBUG:root:Matched frame over all scan:602

DEBUG:root:Errors over all scan:92

DEBUG:root:Result:tau2_fail
DEBUG:root:Real time1487900455.35

DEBUG:root:Extracted signature:bitarray('11100100111111101100100110011101111001100111011001100110011001000100010110010000110011000010011000110000001101111101111001100110010010011111001110110001111100110111001101110000000010011100000101001110000101001100001010010000101000000101000001010001100011100001010100110000')
DEBUG:root:Matched frame over all scan:2195

DEBUG:root:Errors over all scan:91

DEBUG:root:Result:tau2_fail
DEBUG:root:Real time1487900455.55

DEBUG:root:Extracted signature:bitarray('11111111111111101111011111111101011111111111001111110111101111110001100111000011011100000011110000011100000100010010110011011011101101111111001110110001111100111111001111110000001011111110000101111110000101111100001011110000101110000101100001010011101011101111011101101000')
DEBUG:root:Matched frame over all scan:2020

DEBUG:root:Errors over all scan:69

DEBUG:root:Result:tau3_fail
DEBUG:root:Real time1487900455.76

DEBUG:root:Extracted signature:bitarray('11111111111111101101111111011100011111100111001111001011101111110001100111100011011100001011110000011110000110000010110011011111101101111111000110110001111100110111001111100000001011111110000101111111000101011100001011110000101110000101110001010010101011101111011101101000')
DEBUG:root:Matched frame over all scan:687

DEBUG:root:Errors over all scan:71

DEBUG:root:Result:tau3_fail
DEBUG:root:Real time1487900455.96

DEBUG:root:Extracted signature:bitarray('11111111111111101101111111111100011111101111001111101111101111111001101111100011011100000011110000011110000110000010110011010111101101111111001110110001111101110111001111110000001011111100000101111110000101011100001011110000101110000101100001010010101011101011011101101000')
DEBUG:root:Matched frame over all scan:2869

DEBUG:root:Errors over all scan:72

DEBUG:root:Result:tau3_fail
DEBUG:root:Real time1487900456.16

DEBUG:root:Extracted signature:bitarray('11101111111011101101111111011101011111101111001011101111101011111001101011100011001100000011100000011110000110000010011011111011101101111111001110110001111001110111001111110000001011111100000101101110000101111100001011110000101110000101100001010010101011101111011101101000')
DEBUG:root:Matched frame over all scan:2417

DEBUG:root:Errors over all scan:77

DEBUG:root:Result:tau3_fail
DEBUG:root:Real time1487900456.36

DEBUG:root:Extracted signature:bitarray('11111111111111101101111111011100011111101111001111100111101111111001101111100011001100000011100000011110000111000010011011110111101101011111001110110001111001110111001111110000001011111100000101101110000101011100001011110000101110000101100001010010101011101011011101101000')
DEBUG:root:Matched frame over all scan:1483

DEBUG:root:Errors over all scan:78

DEBUG:root:Result:tau2_fail
DEBUG:root:Real time1487900456.56

DEBUG:root:Extracted signature:bitarray('10101111001100011001111001100010011100011000101110001100011111011100011111111100011111111001111110011111110011111101111101111011111011111111111000000111111111000000111111110000001111111001100011110011110010101111100001111111100111111110111111101111110111110111101011011000')
DEBUG:root:Matched frame over all scan:986

DEBUG:root:Errors over all scan:62

DEBUG:root:Result:tau3_fail
DEBUG:root:Real time1487900456.76

DEBUG:root:Extracted signature:bitarray('10001110011110011001110011110010011000111100001100011100011110011000011111110000111100000011000000010001000100110011111101111011111011111111100000011111111100001001101110000010011010000000001101100000000101100000001011000000101100000100110001001100100111110111101111011000')
DEBUG:root:Matched frame over all scan:1825

DEBUG:root:Errors over all scan:82

DEBUG:root:Result:tau3_fail
DEBUG:root:Real time1487900456.96

DEBUG:root:Extracted signature:bitarray('10001100011110011001100011100010001000111001100100011111101101111111101111111111011100111101100011111000011100000110000011111011111011111111000011110111111000011110101110000011111010000001111101000000111101000001111010000011101000011101000011010000101000101001011111011000')
DEBUG:root:Matched frame over all scan:330

DEBUG:root:Errors over all scan:68

DEBUG:root:Result:replica detected
DEBUG:root:Real time1487900457.16

DEBUG:root:Extracted signature:bitarray('10001100011110011001100011100010011000111000101100011111101101111111101111111111011100111101110111101100111110001110000011111111111111111111000011110111111000011110101110000011101010000001110101000000111101000001111010000111101000011101000011010000101000101001011011011000')
DEBUG:root:Matched frame over all scan:330

DEBUG:root:Errors over all scan:72

DEBUG:root:Result:tau2_fail
DEBUG:root:Real time1487900457.36

DEBUG:root:Extracted signature:bitarray('10101100011110011001100011100010011000111000101100011100101101111111101111111111011110111101110111101100111110001110000011111111111011111111000011110111111000011110101110000111101010000001110101000001111101000001111010000111101000011101000011010001101000101001011011011000')
DEBUG:root:Matched frame over all scan:330

DEBUG:root:Errors over all scan:76

DEBUG:root:Result:tau2_fail
DEBUG:root:Real time1487900457.56

DEBUG:root:Extracted signature:bitarray('10101100011110011001100011110010010000111000101100011111101100111111101111111111011111111101110111101100111110001110000011111111111111111111000011110111111000011110101110000111101010000001110101000001111101000001111010000111101000011101000011010001101000101001011111011000')
DEBUG:root:Matched frame over all scan:328

DEBUG:root:Errors over all scan:73

DEBUG:root:Result:replica detected
DEBUG:root:Real time1487900457.76

DEBUG:root:Extracted signature:bitarray('10101100011110011001100011110010011000111000001100011111101100111111101111111111011111111101110111101100111110001110100011111111111111111111000011110111111000011110101111000011111010000001111101000000111101000001111010000011101000011101000011010000101000101001011111111000')
DEBUG:root:Matched frame over all scan:330

DEBUG:root:Errors over all scan:69

DEBUG:root:Result:replica detected
DEBUG:root:Real time1487900457.96

DEBUG:root:Extracted signature:bitarray('10110001100110111011001100011110011000000011101110000001101111110000001111100000011110000011111000100111111011111101111101111011101111111111111100000111111111100000101111111000011011111100000101111110000101111100001011110000101111000101111001011110101111001110011001001000')
DEBUG:root:Matched frame over all scan:1803

DEBUG:root:Errors over all scan:72

DEBUG:root:Result:tau3_fail
DEBUG:root:Real time1487900458.16

DEBUG:root:Extracted signature:bitarray('11101101110000011001101000100010011010000000101100000000011111011001111110000011111000000011001100010001000100000010001110011111010000011110000111000011110000010000111110000000011111000000001111100000011111000000111000000111100001100100001001000000100001100011001100101000')
DEBUG:root:Matched frame over all scan:788

DEBUG:root:Errors over all scan:81

DEBUG:root:Result:tau3_fail
DEBUG:root:Under real time Point counter:0.209498167038

DEBUG:root:Extracted signature:bitarray('11101110000000011001110000100010011000000000101100000001111110000001111110000001111001100011000100010000100100000110000110001100110000011110000111000111110000000000111110000000011011000000001111100000011111000000111110001100100001100100000001001000100000100001001100101000')
DEBUG:root:Matched frame over all scan:788

DEBUG:root:Errors over all scan:75

DEBUG:root:Result:tau3_fail
DEBUG:root:Real time1487900458.57

DEBUG:root:Extracted signature:bitarray('11101111000000011001110000100010011000001000101100000001111111011001111111010000111001100011000100010000100100000110000110001100110000011110000110000111110000000000111110000000011011000000001111100000011111000000111010001100100001100100000001001000100000100001001100101000')
DEBUG:root:Matched frame over all scan:788

DEBUG:root:Errors over all scan:79

DEBUG:root:Result:tau3_fail
DEBUG:root:Real time1487900458.77

DEBUG:root:Extracted signature:bitarray('11101111010000011001100000000010010000001000101100000001111111011001111110000000111001100011000100010000100100000110000110001100110000011100000110000111110000000000111100000000011111000000001111100000011111000000111000001110100001100100001001000000100000100001001100101000')
DEBUG:root:Matched frame over all scan:788

DEBUG:root:Errors over all scan:78

DEBUG:root:Result:tau3_fail
DEBUG:root:Real time1487900458.97

DEBUG:root:Extracted signature:bitarray('11101111010000011001110000100010011000001000101100000001111111011001111111010000111001100011000100010000100100000110000110001100110000011110000110000111110000000000111110000000011011000000001111100000011111000000111000001100100001100100001001001000100000100001001100101000')
DEBUG:root:Matched frame over all scan:788

DEBUG:root:Errors over all scan:80

DEBUG:root:Result:tau3_fail
DEBUG:root:Under real time Point counter:0.208601951599

DEBUG:root:Extracted signature:bitarray('11101111000000011001110000100010010000000000101100000001111110011001111110010000111001100011000000010000100100000110000110001100110000011110000110000111110000000001111110000000011111000000001111100000011111000000111000001100100001100100001001001000100000100001001100101000')
DEBUG:root:Matched frame over all scan:788

DEBUG:root:Errors over all scan:74

DEBUG:root:Result:tau3_fail
DEBUG:root:Real time1487900459.38

DEBUG:root:Extracted signature:bitarray('10101111011000011101110000000010011000100100101100010001111111011001111111010000111001100011000000010000100100000111000110001101101000011110000110000111110000000001111100000000011011000000011111100000011111000001111000001100100001100100001001001000100000100001001100101000')
DEBUG:root:Matched frame over all scan:1374

DEBUG:root:Errors over all scan:82

DEBUG:root:Result:tau1_fail
DEBUG:root:Real time1487900459.58

DEBUG:root:Extracted signature:bitarray('11101111010000011101100000000010010000000000101100000001111110011001111111010000111001100011000000010000100100000111000110001101101000011110000110000111110000000001111100000000011111000000011111100000011111000001111000001000100001000100001001000000100000100001001100101000')
DEBUG:root:Matched frame over all scan:788

DEBUG:root:Errors over all scan:77

DEBUG:root:Result:tau3_fail
DEBUG:root:Real time1487900459.78

DEBUG:root:Extracted signature:bitarray('11101111010000011101100000000010010000000000101100000001111110011001111110010000111001100011000000010000100100000011000110001101101100011110000110000111110000000001111110000000011111000000011111100000011111000001111000001000100001000100001001001000100000100001001100101000')
DEBUG:root:Matched frame over all scan:788

DEBUG:root:Errors over all scan:76

DEBUG:root:Result:tau3_fail
DEBUG:root:Real time1487900459.98

DEBUG:root:Extracted signature:bitarray('10111111010000011101100000000010010000000001101100000001111111011001111111010000111001100011000000010000111100000111000110001101101100011110000110000111110000000001111100000000011111000000011111000000011111000001111000001000100001000100001001000010100000100001001100101000')
DEBUG:root:Matched frame over all scan:727

DEBUG:root:Errors over all scan:82

DEBUG:root:Result:tau1_fail
DEBUG:root:Real time1487900460.18

DEBUG:root:Extracted signature:bitarray('11111111000000011101110000000010011000100010101100001001111111011001111110011000111001100011000000010000110100000111000110001101101100011110000010000111110000000001111110000000011011000000011111100000011111000001111100001000100001100100000001001000100000100001001100101000')
DEBUG:root:Matched frame over all scan:1374

DEBUG:root:Errors over all scan:75

DEBUG:root:Result:tau1_fail
DEBUG:root:Real time1487900460.38

DEBUG:root:Extracted signature:bitarray('10101111010000011101100000010010011000100001101100011001111111011001111111111000111011100011000000010000110100000111000110001101101100011110000110000111110000000001111100000000011011000000011111000000111111000001111000001000100001000100001001001000100000100001001100101000')
DEBUG:root:Matched frame over all scan:1374

DEBUG:root:Errors over all scan:79

DEBUG:root:Result:tau1_fail
DEBUG:root:Real time1487900460.58

DEBUG:root:Extracted signature:bitarray('10101101010000011101100000000010010000100001101000001001111111011001111111111100111011100011001000010000011100000111000110001101101100011110000110000111110000000001111100000000011011000000011101000000111111000001111000011000100001000100011011001010100000100011001100101000')
DEBUG:root:Matched frame over all scan:1374

DEBUG:root:Errors over all scan:84

DEBUG:root:Result:tau1_fail
DEBUG:root:Real time1487900460.78

DEBUG:root:Extracted signature:bitarray('11110001100011111110001100011011110010000110111000000011111000000011010000000000100000100010000100011001100100000010000010000100010000011111000000000101111100000000101111000000001011100000100101100000110001000000001010000000101000100111001000110000011000111001100100110000')
DEBUG:root:Matched frame over all scan:2000

DEBUG:root:Errors over all scan:59

DEBUG:root:Result:replica detected
DEBUG:root:Real time1487900460.98

DEBUG:root:Extracted signature:bitarray('11110001100111011110001100111111110001001111111000000011111000000011010000000111100000100010001110011001100100000010000010000100000001011000000000000101001000000100001111010001000011110000110011100000110001110000000011000000101000100101001000010100011000011001100110010000')
DEBUG:root:Matched frame over all scan:2000

DEBUG:root:Errors over all scan:69

DEBUG:root:Result:tau3_fail
DEBUG:root:Real time1487900461.18

DEBUG:root:Extracted signature:bitarray('11110001100111011110001100111001110001001111111000000011011000000011010000000111100000100010001110011001100100000010000010000100000101111000000000100101001111000100101111110001001011111000110001111000110001110000000011000000101000100001001000010100001100001000110110010000')
DEBUG:root:Matched frame over all scan:1011

DEBUG:root:Errors over all scan:81

DEBUG:root:Result:tau3_fail
DEBUG:root:Real time1487900461.39

DEBUG:root:Extracted signature:bitarray('11110001100111011110001100111011110001001111111000000111011000000111010000001111100000110010001110011001100100000010000010000100000101111001000000000101001100000100001111110001000011011000110011111000110001010000000011000000101000110001001100110100011100001000110100010000')
DEBUG:root:Matched frame over all scan:1011

DEBUG:root:Errors over all scan:76

DEBUG:root:Result:tau3_fail
DEBUG:root:Real time1487900461.59

DEBUG:root:Extracted signature:bitarray('11110001100011111110001100111111110001000111111000000011111000000011010000000001100000100010001110011001100100110010000010000100100101111011000000000101011111000100101111110001001011111000100001111000110001110001000011000000001000010001001100010100011100001000110110010000')
DEBUG:root:Matched frame over all scan:1555

DEBUG:root:Errors over all scan:74

DEBUG:root:Result:tau3_fail
DEBUG:root:Real time1487900461.79

DEBUG:root:Extracted signature:bitarray('11110001100111111110000000111111100000001111111000000111111000000011110000000110100000111110000110011001100100000010000010000100010000011111000000000001111111000000001111110001000011111000110001111000110001110000100011000001101000000101000001010000011000111001000100110000')
DEBUG:root:Matched frame over all scan:1011

DEBUG:root:Errors over all scan:66

DEBUG:root:Result:tau3_fail
