DEBUG:root:Under real time Point counter:1.8835067749e-05

DEBUG:root:Matched frame over all scan:62

DEBUG:root:Errors over all scan:117

DEBUG:root:Real time1486851493.85

DEBUG:root:Matched frame over all scan:140

DEBUG:root:Errors over all scan:114

DEBUG:root:Real time1486851494.05

DEBUG:root:Matched frame over all scan:234

DEBUG:root:Errors over all scan:117

DEBUG:root:Real time1486851494.25

DEBUG:root:Matched frame over all scan:185

DEBUG:root:Errors over all scan:116

DEBUG:root:Real time1486851494.45

DEBUG:root:Matched frame over all scan:185

DEBUG:root:Errors over all scan:117

DEBUG:root:Real time1486851494.65

DEBUG:root:Matched frame over all scan:225

DEBUG:root:Errors over all scan:113

DEBUG:root:Real time1486851494.86

DEBUG:root:Matched frame over all scan:140

DEBUG:root:Errors over all scan:114

DEBUG:root:Real time1486851495.06

DEBUG:root:Matched frame over all scan:17

DEBUG:root:Errors over all scan:115

DEBUG:root:Real time1486851495.26

DEBUG:root:Matched frame over all scan:93

DEBUG:root:Errors over all scan:109

DEBUG:root:Real time1486851495.46

DEBUG:root:Matched frame over all scan:93

DEBUG:root:Errors over all scan:111

DEBUG:root:Real time1486851495.66

DEBUG:root:Matched frame over all scan:77

DEBUG:root:Errors over all scan:110

DEBUG:root:Real time1486851495.86

DEBUG:root:Matched frame over all scan:140

DEBUG:root:Errors over all scan:108

DEBUG:root:Real time1486851496.06

DEBUG:root:Matched frame over all scan:140

DEBUG:root:Errors over all scan:113

DEBUG:root:Real time1486851496.26

DEBUG:root:Matched frame over all scan:140

DEBUG:root:Errors over all scan:107

DEBUG:root:Real time1486851496.46

DEBUG:root:Matched frame over all scan:17

DEBUG:root:Errors over all scan:115

DEBUG:root:Real time1486851496.66

DEBUG:root:Matched frame over all scan:354

DEBUG:root:Errors over all scan:111

DEBUG:root:Real time1486851496.86

DEBUG:root:Matched frame over all scan:225

DEBUG:root:Errors over all scan:104

DEBUG:root:Real time1486851497.06

DEBUG:root:Matched frame over all scan:225

DEBUG:root:Errors over all scan:113

DEBUG:root:Real time1486851497.26

DEBUG:root:Matched frame over all scan:233

DEBUG:root:Errors over all scan:113

DEBUG:root:Real time1486851497.46

DEBUG:root:Matched frame over all scan:23

DEBUG:root:Errors over all scan:117

DEBUG:root:Real time1486851497.66

DEBUG:root:Matched frame over all scan:212

DEBUG:root:Errors over all scan:112

DEBUG:root:Real time1486851497.86

DEBUG:root:Matched frame over all scan:220

DEBUG:root:Errors over all scan:116

DEBUG:root:Real time1486851498.07

DEBUG:root:Matched frame over all scan:44

DEBUG:root:Errors over all scan:114

DEBUG:root:Real time1486851498.27

DEBUG:root:Matched frame over all scan:257

DEBUG:root:Errors over all scan:116

DEBUG:root:Real time1486851498.47

DEBUG:root:Matched frame over all scan:17

DEBUG:root:Errors over all scan:117

DEBUG:root:Real time1486851498.67

DEBUG:root:Matched frame over all scan:17

DEBUG:root:Errors over all scan:112

DEBUG:root:Real time1486851498.87

DEBUG:root:Matched frame over all scan:312

DEBUG:root:Errors over all scan:112

DEBUG:root:Real time1486851499.07

DEBUG:root:Matched frame over all scan:261

DEBUG:root:Errors over all scan:114

DEBUG:root:Real time1486851499.27

DEBUG:root:Matched frame over all scan:312

DEBUG:root:Errors over all scan:113

DEBUG:root:Real time1486851499.47

DEBUG:root:Matched frame over all scan:128

DEBUG:root:Errors over all scan:112

DEBUG:root:Real time1486851499.67

DEBUG:root:Matched frame over all scan:120

DEBUG:root:Errors over all scan:118

DEBUG:root:Real time1486851499.87

DEBUG:root:Matched frame over all scan:93

DEBUG:root:Errors over all scan:109

DEBUG:root:Real time1486851500.07

DEBUG:root:Matched frame over all scan:104

DEBUG:root:Errors over all scan:117

DEBUG:root:Real time1486851500.27

DEBUG:root:Matched frame over all scan:140

DEBUG:root:Errors over all scan:106

DEBUG:root:Real time1486851500.47

DEBUG:root:Matched frame over all scan:86

DEBUG:root:Errors over all scan:115

DEBUG:root:Real time1486851500.67

DEBUG:root:Matched frame over all scan:189

DEBUG:root:Errors over all scan:115

DEBUG:root:Real time1486851500.87

DEBUG:root:Matched frame over all scan:23

DEBUG:root:Errors over all scan:112

DEBUG:root:Real time1486851501.07

DEBUG:root:Matched frame over all scan:225

DEBUG:root:Errors over all scan:116

DEBUG:root:Real time1486851501.27

DEBUG:root:Matched frame over all scan:23

DEBUG:root:Errors over all scan:112

DEBUG:root:Real time1486851501.48

DEBUG:root:Matched frame over all scan:82

DEBUG:root:Errors over all scan:117

DEBUG:root:Real time1486851501.68

DEBUG:root:Matched frame over all scan:253

DEBUG:root:Errors over all scan:116

DEBUG:root:Real time1486851501.88

DEBUG:root:Matched frame over all scan:225

DEBUG:root:Errors over all scan:114

DEBUG:root:Real time1486851502.08

DEBUG:root:Matched frame over all scan:225

DEBUG:root:Errors over all scan:115

DEBUG:root:Real time1486851502.28

DEBUG:root:Matched frame over all scan:327

DEBUG:root:Errors over all scan:111

DEBUG:root:Real time1486851502.48

DEBUG:root:Matched frame over all scan:95

DEBUG:root:Errors over all scan:116

DEBUG:root:Real time1486851502.68

DEBUG:root:Matched frame over all scan:211

DEBUG:root:Errors over all scan:114

DEBUG:root:Real time1486851502.88

DEBUG:root:Matched frame over all scan:216

DEBUG:root:Errors over all scan:116

DEBUG:root:Real time1486851503.08

DEBUG:root:Matched frame over all scan:129

DEBUG:root:Errors over all scan:120

DEBUG:root:Real time1486851503.28

DEBUG:root:Matched frame over all scan:149

DEBUG:root:Errors over all scan:115

DEBUG:root:Real time1486851503.48

DEBUG:root:Matched frame over all scan:149

DEBUG:root:Errors over all scan:113

DEBUG:root:Real time1486851503.68

DEBUG:root:Matched frame over all scan:37

DEBUG:root:Errors over all scan:120

DEBUG:root:Real time1486851503.89

DEBUG:root:Matched frame over all scan:63

DEBUG:root:Errors over all scan:115

DEBUG:root:Real time1486851504.09

DEBUG:root:Matched frame over all scan:199

DEBUG:root:Errors over all scan:113

DEBUG:root:Real time1486851504.29

DEBUG:root:Matched frame over all scan:199

DEBUG:root:Errors over all scan:111

DEBUG:root:Real time1486851504.49

DEBUG:root:Matched frame over all scan:199

DEBUG:root:Errors over all scan:111

DEBUG:root:Real time1486851504.69

DEBUG:root:Matched frame over all scan:199

DEBUG:root:Errors over all scan:114

DEBUG:root:Real time1486851504.89

DEBUG:root:Matched frame over all scan:199

DEBUG:root:Errors over all scan:114

DEBUG:root:Real time1486851505.09

DEBUG:root:Matched frame over all scan:199

DEBUG:root:Errors over all scan:103

DEBUG:root:Real time1486851505.29

DEBUG:root:Matched frame over all scan:70

DEBUG:root:Errors over all scan:114

DEBUG:root:Real time1486851505.49

DEBUG:root:Matched frame over all scan:17

DEBUG:root:Errors over all scan:116

DEBUG:root:Real time1486851505.69

DEBUG:root:Matched frame over all scan:93

DEBUG:root:Errors over all scan:114

DEBUG:root:Real time1486851505.89

DEBUG:root:Matched frame over all scan:84

DEBUG:root:Errors over all scan:114

DEBUG:root:Real time1486851506.09

DEBUG:root:Matched frame over all scan:67

DEBUG:root:Errors over all scan:121

DEBUG:root:Real time1486851506.3

DEBUG:root:Matched frame over all scan:225

DEBUG:root:Errors over all scan:116

DEBUG:root:Real time1486851506.5

DEBUG:root:Matched frame over all scan:63

DEBUG:root:Errors over all scan:114

DEBUG:root:Real time1486851506.7

DEBUG:root:Matched frame over all scan:197

DEBUG:root:Errors over all scan:110

DEBUG:root:Real time1486851506.9

DEBUG:root:Matched frame over all scan:82

DEBUG:root:Errors over all scan:115

DEBUG:root:Real time1486851507.1

DEBUG:root:Matched frame over all scan:101

DEBUG:root:Errors over all scan:117

DEBUG:root:Real time1486851507.3

DEBUG:root:Matched frame over all scan:212

DEBUG:root:Errors over all scan:117

DEBUG:root:Real time1486851507.5

DEBUG:root:Matched frame over all scan:212

DEBUG:root:Errors over all scan:115

DEBUG:root:Real time1486851507.7

DEBUG:root:Matched frame over all scan:140

DEBUG:root:Errors over all scan:116

DEBUG:root:Real time1486851507.9

DEBUG:root:Matched frame over all scan:282

DEBUG:root:Errors over all scan:110

DEBUG:root:Real time1486851508.1

DEBUG:root:Matched frame over all scan:151

DEBUG:root:Errors over all scan:114

DEBUG:root:Real time1486851508.3

DEBUG:root:Matched frame over all scan:275

DEBUG:root:Errors over all scan:110

DEBUG:root:Real time1486851508.5

DEBUG:root:Matched frame over all scan:284

DEBUG:root:Errors over all scan:109

DEBUG:root:Real time1486851508.7

DEBUG:root:Matched frame over all scan:3

DEBUG:root:Errors over all scan:109

DEBUG:root:Real time1486851508.9

DEBUG:root:Matched frame over all scan:3

DEBUG:root:Errors over all scan:110

DEBUG:root:Real time1486851509.11

DEBUG:root:Matched frame over all scan:211

DEBUG:root:Errors over all scan:117

DEBUG:root:Real time1486851509.31

DEBUG:root:Matched frame over all scan:211

DEBUG:root:Errors over all scan:113

DEBUG:root:Real time1486851509.51

DEBUG:root:Matched frame over all scan:121

DEBUG:root:Errors over all scan:114

DEBUG:root:Real time1486851509.71

DEBUG:root:Matched frame over all scan:121

DEBUG:root:Errors over all scan:110

DEBUG:root:Real time1486851509.91

DEBUG:root:Matched frame over all scan:121

DEBUG:root:Errors over all scan:114

DEBUG:root:Real time1486851510.11

DEBUG:root:Matched frame over all scan:121

DEBUG:root:Errors over all scan:110

DEBUG:root:Real time1486851510.31

DEBUG:root:Matched frame over all scan:121

DEBUG:root:Errors over all scan:107

DEBUG:root:Real time1486851510.51

DEBUG:root:Matched frame over all scan:121

DEBUG:root:Errors over all scan:110

DEBUG:root:Real time1486851510.71

DEBUG:root:Matched frame over all scan:175

DEBUG:root:Errors over all scan:113

DEBUG:root:Real time1486851510.91

DEBUG:root:Matched frame over all scan:68

DEBUG:root:Errors over all scan:118

DEBUG:root:Real time1486851511.11

DEBUG:root:Matched frame over all scan:225

DEBUG:root:Errors over all scan:114

DEBUG:root:Real time1486851511.31

DEBUG:root:Matched frame over all scan:183

DEBUG:root:Errors over all scan:114

DEBUG:root:Real time1486851511.51

DEBUG:root:Matched frame over all scan:183

DEBUG:root:Errors over all scan:116

DEBUG:root:Real time1486851511.71

DEBUG:root:Matched frame over all scan:17

DEBUG:root:Errors over all scan:114

DEBUG:root:Real time1486851511.91

DEBUG:root:Matched frame over all scan:189

DEBUG:root:Errors over all scan:111

DEBUG:root:Real time1486851512.11

DEBUG:root:Matched frame over all scan:232

DEBUG:root:Errors over all scan:115

DEBUG:root:Real time1486851512.32

DEBUG:root:Matched frame over all scan:60

DEBUG:root:Errors over all scan:112

DEBUG:root:Real time1486851512.52

DEBUG:root:Matched frame over all scan:121

DEBUG:root:Errors over all scan:110

DEBUG:root:Real time1486851512.72

DEBUG:root:Matched frame over all scan:53

DEBUG:root:Errors over all scan:109

DEBUG:root:Real time1486851512.92

DEBUG:root:Matched frame over all scan:175

DEBUG:root:Errors over all scan:112

DEBUG:root:Real time1486851513.12

DEBUG:root:Too small detection probably wrong
DEBUG:root:Real time1486851513.32

DEBUG:root:Matched frame over all scan:101

DEBUG:root:Errors over all scan:113

DEBUG:root:Real time1486851513.52

DEBUG:root:Matched frame over all scan:25

DEBUG:root:Errors over all scan:111

DEBUG:root:Real time1486851513.72

DEBUG:root:Matched frame over all scan:114

DEBUG:root:Errors over all scan:115

DEBUG:root:Real time1486851513.92

DEBUG:root:Matched frame over all scan:159

DEBUG:root:Errors over all scan:111

DEBUG:root:Real time1486851514.12

DEBUG:root:Matched frame over all scan:54

DEBUG:root:Errors over all scan:115

DEBUG:root:Real time1486851514.32

DEBUG:root:Matched frame over all scan:34

DEBUG:root:Errors over all scan:120

DEBUG:root:Real time1486851514.52

DEBUG:root:Matched frame over all scan:34

DEBUG:root:Errors over all scan:111

DEBUG:root:Real time1486851514.72

DEBUG:root:Matched frame over all scan:147

DEBUG:root:Errors over all scan:115

DEBUG:root:Real time1486851514.93

DEBUG:root:Matched frame over all scan:309

DEBUG:root:Errors over all scan:113

DEBUG:root:Real time1486851515.13

DEBUG:root:Matched frame over all scan:93

DEBUG:root:Errors over all scan:113

DEBUG:root:Real time1486851515.33

DEBUG:root:Matched frame over all scan:41

DEBUG:root:Errors over all scan:112

DEBUG:root:Real time1486851515.53

DEBUG:root:Matched frame over all scan:345

DEBUG:root:Errors over all scan:115

DEBUG:root:Real time1486851515.73

DEBUG:root:Matched frame over all scan:34

DEBUG:root:Errors over all scan:113

DEBUG:root:Real time1486851515.93

DEBUG:root:Matched frame over all scan:115

DEBUG:root:Errors over all scan:113

DEBUG:root:Real time1486851516.13

DEBUG:root:Matched frame over all scan:34

DEBUG:root:Errors over all scan:114

DEBUG:root:Real time1486851516.33

DEBUG:root:Matched frame over all scan:219

DEBUG:root:Errors over all scan:117

DEBUG:root:Real time1486851516.53

DEBUG:root:Matched frame over all scan:209

DEBUG:root:Errors over all scan:114

DEBUG:root:Real time1486851516.73

DEBUG:root:Matched frame over all scan:300

DEBUG:root:Errors over all scan:119

DEBUG:root:Real time1486851516.93

DEBUG:root:Matched frame over all scan:147

DEBUG:root:Errors over all scan:115

DEBUG:root:Real time1486851517.13

DEBUG:root:Matched frame over all scan:147

DEBUG:root:Errors over all scan:114

DEBUG:root:Real time1486851517.34

DEBUG:root:Matched frame over all scan:209

DEBUG:root:Errors over all scan:113

DEBUG:root:Real time1486851517.54

DEBUG:root:Matched frame over all scan:147

DEBUG:root:Errors over all scan:115

DEBUG:root:Real time1486851517.74

DEBUG:root:Matched frame over all scan:147

DEBUG:root:Errors over all scan:113

DEBUG:root:Real time1486851517.94

DEBUG:root:Matched frame over all scan:147

DEBUG:root:Errors over all scan:117

DEBUG:root:Real time1486851518.14

DEBUG:root:Matched frame over all scan:232

DEBUG:root:Errors over all scan:114

DEBUG:root:Real time1486851518.34

DEBUG:root:Matched frame over all scan:232

DEBUG:root:Errors over all scan:113

DEBUG:root:Real time1486851518.54

DEBUG:root:Matched frame over all scan:302

DEBUG:root:Errors over all scan:111

DEBUG:root:Real time1486851518.74

DEBUG:root:Matched frame over all scan:384

DEBUG:root:Errors over all scan:112

DEBUG:root:Real time1486851518.94

DEBUG:root:Matched frame over all scan:96

DEBUG:root:Errors over all scan:112

DEBUG:root:Real time1486851519.14

DEBUG:root:Matched frame over all scan:140

DEBUG:root:Errors over all scan:110

DEBUG:root:Real time1486851519.34

DEBUG:root:Matched frame over all scan:77

DEBUG:root:Errors over all scan:114

DEBUG:root:Real time1486851519.54

DEBUG:root:Matched frame over all scan:89

DEBUG:root:Errors over all scan:116

DEBUG:root:Real time1486851519.75

DEBUG:root:Matched frame over all scan:195

DEBUG:root:Errors over all scan:111

DEBUG:root:Real time1486851519.95

DEBUG:root:Matched frame over all scan:262

DEBUG:root:Errors over all scan:113

DEBUG:root:Real time1486851520.15

DEBUG:root:Matched frame over all scan:118

DEBUG:root:Errors over all scan:117

DEBUG:root:Real time1486851520.35

DEBUG:root:Matched frame over all scan:12

DEBUG:root:Errors over all scan:115

DEBUG:root:Real time1486851520.55

DEBUG:root:Matched frame over all scan:12

DEBUG:root:Errors over all scan:115

DEBUG:root:Real time1486851520.75

DEBUG:root:Matched frame over all scan:327

DEBUG:root:Errors over all scan:116

DEBUG:root:Real time1486851520.95

DEBUG:root:Matched frame over all scan:93

DEBUG:root:Errors over all scan:116

DEBUG:root:Real time1486851521.15

DEBUG:root:Matched frame over all scan:21

DEBUG:root:Errors over all scan:115

DEBUG:root:Real time1486851521.35

DEBUG:root:Matched frame over all scan:21

DEBUG:root:Errors over all scan:115

DEBUG:root:Real time1486851521.55

DEBUG:root:Matched frame over all scan:93

DEBUG:root:Errors over all scan:114

DEBUG:root:Real time1486851521.75

DEBUG:root:Matched frame over all scan:21

DEBUG:root:Errors over all scan:113

DEBUG:root:Real time1486851521.95

DEBUG:root:Matched frame over all scan:21

DEBUG:root:Errors over all scan:110

DEBUG:root:Real time1486851522.15

DEBUG:root:Matched frame over all scan:21

DEBUG:root:Errors over all scan:113

DEBUG:root:Real time1486851522.35

DEBUG:root:Matched frame over all scan:12

DEBUG:root:Errors over all scan:113

DEBUG:root:Real time1486851522.56

DEBUG:root:Matched frame over all scan:21

DEBUG:root:Errors over all scan:113

DEBUG:root:Real time1486851522.76

DEBUG:root:Matched frame over all scan:21

DEBUG:root:Errors over all scan:111

DEBUG:root:Real time1486851522.96

DEBUG:root:Matched frame over all scan:5

DEBUG:root:Errors over all scan:119

DEBUG:root:Real time1486851523.16

DEBUG:root:Matched frame over all scan:151

DEBUG:root:Errors over all scan:110

DEBUG:root:Real time1486851523.36

DEBUG:root:Matched frame over all scan:197

DEBUG:root:Errors over all scan:115

DEBUG:root:Real time1486851523.56

DEBUG:root:Matched frame over all scan:89

DEBUG:root:Errors over all scan:117

DEBUG:root:Real time1486851523.76

DEBUG:root:Matched frame over all scan:327

DEBUG:root:Errors over all scan:110

DEBUG:root:Real time1486851523.96

DEBUG:root:Matched frame over all scan:197

DEBUG:root:Errors over all scan:115

DEBUG:root:Real time1486851524.16

DEBUG:root:Matched frame over all scan:23

DEBUG:root:Errors over all scan:119

DEBUG:root:Real time1486851524.36

DEBUG:root:Matched frame over all scan:211

DEBUG:root:Errors over all scan:104

DEBUG:root:Real time1486851524.56

DEBUG:root:Matched frame over all scan:223

DEBUG:root:Errors over all scan:115

DEBUG:root:Real time1486851524.76

DEBUG:root:Matched frame over all scan:17

DEBUG:root:Errors over all scan:110

DEBUG:root:Real time1486851524.97

DEBUG:root:Matched frame over all scan:86

DEBUG:root:Errors over all scan:113

DEBUG:root:Real time1486851525.17

DEBUG:root:Matched frame over all scan:121

DEBUG:root:Errors over all scan:111

DEBUG:root:Real time1486851525.37

DEBUG:root:Matched frame over all scan:140

DEBUG:root:Errors over all scan:110

DEBUG:root:Real time1486851525.57

DEBUG:root:Matched frame over all scan:109

DEBUG:root:Errors over all scan:110

DEBUG:root:Real time1486851525.77

DEBUG:root:Matched frame over all scan:97

DEBUG:root:Errors over all scan:111

DEBUG:root:Real time1486851525.97

DEBUG:root:Matched frame over all scan:140

DEBUG:root:Errors over all scan:108

DEBUG:root:Real time1486851526.17

DEBUG:root:Matched frame over all scan:380

DEBUG:root:Errors over all scan:112

DEBUG:root:Real time1486851526.37

DEBUG:root:Matched frame over all scan:101

DEBUG:root:Errors over all scan:113

DEBUG:root:Real time1486851526.57

DEBUG:root:Matched frame over all scan:93

DEBUG:root:Errors over all scan:114

DEBUG:root:Real time1486851526.77

DEBUG:root:Matched frame over all scan:140

DEBUG:root:Errors over all scan:117

DEBUG:root:Real time1486851526.97

DEBUG:root:Matched frame over all scan:90

DEBUG:root:Errors over all scan:113

DEBUG:root:Real time1486851527.17

DEBUG:root:Matched frame over all scan:17

DEBUG:root:Errors over all scan:117

DEBUG:root:Real time1486851527.37

DEBUG:root:Matched frame over all scan:243

DEBUG:root:Errors over all scan:115

DEBUG:root:Real time1486851527.58

DEBUG:root:Matched frame over all scan:121

DEBUG:root:Errors over all scan:112

DEBUG:root:Real time1486851527.78

DEBUG:root:Matched frame over all scan:243

DEBUG:root:Errors over all scan:110

DEBUG:root:Real time1486851527.98

DEBUG:root:Matched frame over all scan:281

DEBUG:root:Errors over all scan:109

DEBUG:root:Real time1486851528.18

DEBUG:root:Matched frame over all scan:23

DEBUG:root:Errors over all scan:118

DEBUG:root:Real time1486851528.38

DEBUG:root:Matched frame over all scan:57

DEBUG:root:Errors over all scan:113

DEBUG:root:Real time1486851528.58

DEBUG:root:Matched frame over all scan:101

DEBUG:root:Errors over all scan:116

DEBUG:root:Real time1486851528.78

DEBUG:root:Matched frame over all scan:52

DEBUG:root:Errors over all scan:117

DEBUG:root:Real time1486851528.98

DEBUG:root:Matched frame over all scan:24

DEBUG:root:Errors over all scan:116

DEBUG:root:Real time1486851529.18

DEBUG:root:Real time1486851529.39

DEBUG:root:Real time1486851529.59

DEBUG:root:Real time1486851529.79

DEBUG:root:Real time1486851529.99

DEBUG:root:Real time1486851530.19

DEBUG:root:Matched frame over all scan:117

DEBUG:root:Errors over all scan:108

DEBUG:root:Real time1486851530.39

DEBUG:root:Real time1486851530.59

DEBUG:root:Real time1486851530.79

DEBUG:root:Matched frame over all scan:189

DEBUG:root:Errors over all scan:112

DEBUG:root:Real time1486851530.99

DEBUG:root:Real time1486851531.19

DEBUG:root:Real time1486851531.39

DEBUG:root:Matched frame over all scan:89

DEBUG:root:Errors over all scan:118

DEBUG:root:Real time1486851531.59

DEBUG:root:Matched frame over all scan:382

DEBUG:root:Errors over all scan:118

DEBUG:root:Real time1486851531.79

DEBUG:root:Matched frame over all scan:83

DEBUG:root:Errors over all scan:110

DEBUG:root:Real time1486851532.0

DEBUG:root:Matched frame over all scan:221

DEBUG:root:Errors over all scan:110

DEBUG:root:Real time1486851532.2

DEBUG:root:Matched frame over all scan:68

DEBUG:root:Errors over all scan:117

DEBUG:root:Real time1486851532.4

DEBUG:root:Matched frame over all scan:111

DEBUG:root:Errors over all scan:110

DEBUG:root:Real time1486851532.6

DEBUG:root:Matched frame over all scan:229

DEBUG:root:Errors over all scan:112

DEBUG:root:Real time1486851532.8

DEBUG:root:Matched frame over all scan:229

DEBUG:root:Errors over all scan:113

DEBUG:root:Real time1486851533.0

DEBUG:root:Matched frame over all scan:229

DEBUG:root:Errors over all scan:112

DEBUG:root:Real time1486851533.2

DEBUG:root:Matched frame over all scan:229

DEBUG:root:Errors over all scan:114

DEBUG:root:Real time1486851533.4

DEBUG:root:Matched frame over all scan:11

DEBUG:root:Errors over all scan:114

DEBUG:root:Real time1486851533.6

DEBUG:root:Matched frame over all scan:16

DEBUG:root:Errors over all scan:112

DEBUG:root:Real time1486851533.8

DEBUG:root:Matched frame over all scan:16

DEBUG:root:Errors over all scan:114

DEBUG:root:Real time1486851534.0

DEBUG:root:Matched frame over all scan:128

DEBUG:root:Errors over all scan:112

DEBUG:root:Real time1486851534.2

DEBUG:root:Matched frame over all scan:210

DEBUG:root:Errors over all scan:112

DEBUG:root:Real time1486851534.4

DEBUG:root:Matched frame over all scan:233

DEBUG:root:Errors over all scan:115

DEBUG:root:Real time1486851534.6

DEBUG:root:Matched frame over all scan:54

DEBUG:root:Errors over all scan:120

DEBUG:root:Real time1486851534.81

DEBUG:root:Matched frame over all scan:51

DEBUG:root:Errors over all scan:118

DEBUG:root:Real time1486851535.01

DEBUG:root:Matched frame over all scan:64

DEBUG:root:Errors over all scan:115

DEBUG:root:Real time1486851535.21

DEBUG:root:Matched frame over all scan:220

DEBUG:root:Errors over all scan:118

DEBUG:root:Real time1486851535.41

DEBUG:root:Matched frame over all scan:97

DEBUG:root:Errors over all scan:108

DEBUG:root:Real time1486851535.61

DEBUG:root:Matched frame over all scan:121

DEBUG:root:Errors over all scan:114

