DEBUG:root:Under real time Point counter:1.59740447998e-05

DEBUG:root:Real time1487956031.72

DEBUG:root:Real time1487956031.93

DEBUG:root:Real time1487956032.13

DEBUG:root:Real time1487956032.33

DEBUG:root:Real time1487956032.53

DEBUG:root:Real time1487956032.73

DEBUG:root:Real time1487956032.93

DEBUG:root:Extracted signature:bitarray('11100001110111011110001100111001100000001110111000000011110000000011110000000011100000000010000000010001000100000010000010001101101111101111111111000010111111111001010111111110000101111110000010111110000010111100110101110000010110000010100001110000110000110011001101101000')
DEBUG:root:Matched frame over all scan:2085

DEBUG:root:Errors over all scan:31

DEBUG:root:Result:replica detected
DEBUG:root:Match or Not:True
DEBUG:root:Under real time Point counter:0.278048038483

DEBUG:root:Extracted signature:bitarray('11100000100111001111110000111101110110000111010011100001110001100001110011001100111100000011110000011000000100000010000010000100010000011111111111000110111111111000010111111110000101111111000010110011000010100011000101000010010100000010100000100000110000110001010100100000')
DEBUG:root:Matched frame over all scan:2087

DEBUG:root:Errors over all scan:41

DEBUG:root:Result:replica detected
DEBUG:root:Match or Not:True
DEBUG:root:Under real time Point counter:0.262339830399

DEBUG:root:Extracted signature:bitarray('11100110000111001111111000111001110011001111010001110011100001110011101111000111011100000011110000011100000100000010000110000100010000001111111111000110111111111000010111111110000101111111000010111100000010111000110101110000010110000010100000100000110000111001010100101000')
DEBUG:root:Matched frame over all scan:2088

DEBUG:root:Errors over all scan:49

DEBUG:root:Result:replica detected
DEBUG:root:Match or Not:True
DEBUG:root:Under real time Point counter:0.263785839081

DEBUG:root:Extracted signature:bitarray('10100111110001111001111100001110011110001111001111000111101111111110001111111000011111110001011111001111111010000110000010000100010010101011110011111100011100111011000111011111110101111101100011111111100011111111000111111111001110111101100111010001011000010000100010010000')
DEBUG:root:Matched frame over all scan:2092

DEBUG:root:Errors over all scan:46

DEBUG:root:Result:replica detected
DEBUG:root:Match or Not:True
DEBUG:root:Under real time Point counter:0.326065063477

DEBUG:root:Extracted signature:bitarray('10011001100001111001001110011010110001100110011100111011101100011011101001111000011101000011000000010000011100011100111101111011100000001011110011011010011100111011010111011000100101111101000011111111000011111110000111100000011100000011000000100110010110010010100010111000')
DEBUG:root:Matched frame over all scan:2096

DEBUG:root:Errors over all scan:67

DEBUG:root:Result:tau3_fail
DEBUG:root:Match or Not:False
DEBUG:root:Under real time Point counter:0.269385099411

DEBUG:root:Extracted signature:bitarray('10111000100000011011001110000010011011100000011111110000001111110010001111001111011100111101000111101001111000001110000110000100010011101011110011011010011100111011010111011110100101111101000011111111000011111111000111111111101111111101100111010001101000110000110011011000')
DEBUG:root:Matched frame over all scan:2099

DEBUG:root:Errors over all scan:54

DEBUG:root:Result:replica detected
DEBUG:root:Match or Not:True
DEBUG:root:Under real time Point counter:0.263840913773

DEBUG:root:Extracted signature:bitarray('10001110100001111001101100001110011011000110011111100011001111110010001111111110011111111101001111100011111011000111000010000100010010011011110011111010011100011011010111000000110101111001100011111111100011111111000111100111101100011101100011110000010000010000100011010000')
DEBUG:root:Matched frame over all scan:2100

DEBUG:root:Errors over all scan:49

DEBUG:root:Result:replica detected
DEBUG:root:Match or Not:True
DEBUG:root:Under real time Point counter:0.266566038132

DEBUG:root:Extracted signature:bitarray('10111100010000011001000011000010010011110000011111111001001111101111001111000110011100011111100011111000111100111111100011001110010000011011110011111010011100011011010111011111110101111101100011111111000011111000000111100011011100011011000110100111010100011000100010010000')
DEBUG:root:Matched frame over all scan:2103

DEBUG:root:Errors over all scan:55

DEBUG:root:Result:replica detected
DEBUG:root:Match or Not:True
DEBUG:root:Under real time Point counter:0.252621889114

DEBUG:root:Extracted signature:bitarray('10111001000000111000001110000010011010100110011111000011101111010000111111100000011110000011110000111100000110000010000010000100010100011111110011011010011110011011010111011000100101111101000011111111000011111111000111111111011111111011111000111100011000001000010011010000')
DEBUG:root:Matched frame over all scan:2143

DEBUG:root:Errors over all scan:67

DEBUG:root:Result:replica detected
DEBUG:root:Match or Not:True
DEBUG:root:Under real time Point counter:0.244652032852

DEBUG:root:Extracted signature:bitarray('11100011110000011000111110001110011111000111001111100111101111101111101111111011010011111101001111100001111000111100000010000100010011101111110011111100011110111011000111011111110101111101110011111111100011111111000111111110101111111101011111000111000011010000100010011000')
DEBUG:root:Matched frame over all scan:2108

DEBUG:root:Errors over all scan:56

DEBUG:root:Result:replica detected
DEBUG:root:Match or Not:True
DEBUG:root:Under real time Point counter:0.249214172363

DEBUG:root:Extracted signature:bitarray('11100111110000010001111110000011111111000010011011100001001011100011101111100111011000011111000111110001110100110011000110001101101100011011110011111010011100011011010111001111110101111001001011111110001011111100010111110001111100000111001100100110010100011000110011010000')
DEBUG:root:Matched frame over all scan:2111

DEBUG:root:Errors over all scan:63

DEBUG:root:Result:replica detected
DEBUG:root:Match or Not:True
DEBUG:root:Under real time Point counter:0.250694036484

DEBUG:root:Extracted signature:bitarray('10100110000001110011110000001101111001000111011100110001101001111111101011111100011111100001111100011011011100001110000110001000001111111011110011111010011100011011010111001111110101111101100011111111100011111111000111111111001111111001111011011001100001110010111011011000')
DEBUG:root:Matched frame over all scan:2113

DEBUG:root:Errors over all scan:51

DEBUG:root:Result:replica detected
DEBUG:root:Match or Not:True
DEBUG:root:Under real time Point counter:0.25003194809

DEBUG:root:Extracted signature:bitarray('11101110001101111111110000001101111100000011011100000001111111111110001111011100011111111001110001100110000111100010000010000000000000011011110011111100011100011011010111001000110101111001100011111111000011111111000111111111011111111101111111011111000011010110011001001000')
DEBUG:root:Matched frame over all scan:2115

DEBUG:root:Errors over all scan:82

DEBUG:root:Result:tau2_fail
DEBUG:root:Match or Not:False
DEBUG:root:Under real time Point counter:0.252566099167

DEBUG:root:Extracted signature:bitarray('11110001100011101110011100011101110110000011111011000001110111100001111110000011111000001111000001110000011100001110001100011001101101111111111110001011111111110001010111111100010101111111001010111110001011111100010111111001010111001010100010110001010001010010101011010000')
DEBUG:root:Matched frame over all scan:2117

DEBUG:root:Errors over all scan:32

DEBUG:root:Result:replica detected
DEBUG:root:Match or Not:True
DEBUG:root:Under real time Point counter:0.243566036224

DEBUG:root:Extracted signature:bitarray('11110001000001111111000000001111110000000011111100000001110110010001111100100011111000001111000001110000011100001110001100011001101101111111111110001011111111110001011111111100010111111111001010111111001011111000010111101001010111001010100010110001010001010010101011010000')
DEBUG:root:Matched frame over all scan:2120

DEBUG:root:Errors over all scan:29

DEBUG:root:Result:replica detected
DEBUG:root:Match or Not:True
DEBUG:root:Under real time Point counter:0.244055986404

DEBUG:root:Extracted signature:bitarray('10111011100001110011011100001111111111000011111011100001110011100001100111000011011110001101110001111000011100001110001100011001101101111111111111001010111111110001010111111110010101111111001010111111001010111110010111111001010111001010100010110001010001010010101011010000')
DEBUG:root:Matched frame over all scan:2123

DEBUG:root:Errors over all scan:32

DEBUG:root:Result:replica detected
DEBUG:root:Match or Not:True
DEBUG:root:Under real time Point counter:0.24739408493

DEBUG:root:Extracted signature:bitarray('11111100010001111101100000001110010000100011101000110001111001110001111111000011110000000110000001110000111100001110001100011001101111111111111110001011111111110001011111111110010111111111001010111111001011111110010111111001010111001010100010100001010001010000100010011000')
DEBUG:root:Matched frame over all scan:2125

DEBUG:root:Errors over all scan:43

DEBUG:root:Result:replica detected
DEBUG:root:Match or Not:True
DEBUG:root:Under real time Point counter:0.245712995529

DEBUG:root:Extracted signature:bitarray('11111100011101111110000011001101100001110011110000111100110000011100010000011000100001100000011100100111001011100001100011000110010000000001110001111010110010011101010000011110000100000111100010000111100010000111000101011100010111000010110000101000010000010000100010100000')
DEBUG:root:Matched frame over all scan:2128

DEBUG:root:Errors over all scan:35

DEBUG:root:Result:replica detected
DEBUG:root:Match or Not:True
DEBUG:root:Under real time Point counter:0.246495962143

DEBUG:root:Extracted signature:bitarray('11111001111000001111001111000000110011110001011001110000101001110001100111100111011100011101000001111000011111000011000010001101100101111000001111000101011000111000101110001111101011001111100010001111001010111100010111000011011000111010011011101000111000110001100110010000')
DEBUG:root:Matched frame over all scan:3776

DEBUG:root:Errors over all scan:84

DEBUG:root:Result:tau3_fail
DEBUG:root:Match or Not:False
DEBUG:root:Under real time Point counter:0.243314027786

DEBUG:root:Extracted signature:bitarray('10011111110000001011111110001100111111000011011111100001101111100001111111000001101100110101011111101111001011000110000110001000101111111011111100011001001111100001001111111000010011001100011011001000010010010001110101001111010011111000111000111000011000010001001101101000')
DEBUG:root:Matched frame over all scan:2133

DEBUG:root:Errors over all scan:44

DEBUG:root:Result:replica detected
DEBUG:root:Match or Not:True
DEBUG:root:Under real time Point counter:0.24384188652

DEBUG:root:Extracted signature:bitarray('11111111110000001111111110000001001111110000000111111000001011100000110111000001111100000111100000111000000110001111001110000100000000011111001111100001100101111100001001111111000110011011100011011001000010111000000111100000010100001101000111001111000110011000100010010000')
DEBUG:root:Matched frame over all scan:2136

DEBUG:root:Errors over all scan:45

DEBUG:root:Result:replica detected
DEBUG:root:Match or Not:True
DEBUG:root:Under real time Point counter:0.239842891693

DEBUG:root:Extracted signature:bitarray('10011111110000000011111110001101111111101001011111100100001111100000010111000000111100000111100000110000011111001111001110000100000000011011000111110001111001111111001100011111100011100101110011100100000011111000000111100000011000000111000111010111100111001100100010010000')
DEBUG:root:Matched frame over all scan:2138

DEBUG:root:Errors over all scan:44

DEBUG:root:Result:replica detected
DEBUG:root:Match or Not:True
DEBUG:root:Under real time Point counter:0.243911981583

DEBUG:root:Extracted signature:bitarray('10000111110001110000111110001100011110011111011111001111001111111110001111111100011111100001111100001111000011100011110011100111011111111111110001111100001100011011100111001110110101101101100011111111100011111111000111111111011111111011111110111111011111011110111011110000')
DEBUG:root:Matched frame over all scan:2139

DEBUG:root:Errors over all scan:40

DEBUG:root:Result:replica detected
DEBUG:root:Match or Not:True
DEBUG:root:Under real time Point counter:0.249069213867

DEBUG:root:Extracted signature:bitarray('11000111110000011000111110000010011110001000111111000110011111100100011111000000111110000011110000011100000110001010011100110011010000011011110000000110011100000010010111000000110101101000011011111100010011111000110111100011010100011010000110100011010011010010101010110000')
DEBUG:root:Matched frame over all scan:2109

DEBUG:root:Errors over all scan:76

DEBUG:root:Result:tau3_fail
DEBUG:root:Match or Not:False
DEBUG:root:Under real time Point counter:0.250524044037

DEBUG:root:Extracted signature:bitarray('11000111110001111001111110001110011110000011011111001111101111101100001111111000011111100001111100001111000111100011100011111111111111101011110011011010011100011011010111001010100101101001100011111111100011111111000111111111011111111011111110111111011111011110111011010000')
DEBUG:root:Matched frame over all scan:2145

DEBUG:root:Errors over all scan:35

DEBUG:root:Result:replica detected
DEBUG:root:Match or Not:True
DEBUG:root:Under real time Point counter:0.252151966095

DEBUG:root:Extracted signature:bitarray('11000111110001111000111110001110011110011011011111001110001111001100001111111000011111100001111100001111000111100011110011110111011111101111110000111110101110011011010111001110110101101001100011111111100011111111000111111110011111111011111110111111011111011110101011010000')
DEBUG:root:Matched frame over all scan:2147

DEBUG:root:Errors over all scan:43

DEBUG:root:Result:replica detected
DEBUG:root:Match or Not:True
DEBUG:root:Under real time Point counter:0.247680902481

DEBUG:root:Extracted signature:bitarray('11000111110001111000111110001110011110011111011111001111001111111110001111111100011111100001111100001111000111100011110011100111011111111111110001111100001100011011000111001110100101101001100011111111000011111111000111111111011111111011111110111111011111011110101011010000')
DEBUG:root:Matched frame over all scan:2139

DEBUG:root:Errors over all scan:44

DEBUG:root:Result:replica detected
DEBUG:root:Match or Not:True
DEBUG:root:Under real time Point counter:0.262220859528

DEBUG:root:Extracted signature:bitarray('11000111110001111000111110001100011100011111011111001111001111111110001111111100011111110001111100001111000011100011110011100111011111111011110011111100011100011011000111000000110101101101100011111111100011111111000111111111011111111011111110111111011111011110111011010000')
DEBUG:root:Matched frame over all scan:2139

DEBUG:root:Errors over all scan:38

DEBUG:root:Result:replica detected
DEBUG:root:Match or Not:True
DEBUG:root:Under real time Point counter:0.245213985443

DEBUG:root:Extracted signature:bitarray('10000111110001110001111110001100011100111111011110001111101111011110001111111100011111110001111100001111000011100011110011110111011111101011110011011100011100011011000111000000100101101101000011111111100011111111000111111111011111111011111110111111011111011110111011010000')
DEBUG:root:Matched frame over all scan:2139

DEBUG:root:Errors over all scan:34

DEBUG:root:Result:replica detected
DEBUG:root:Match or Not:True
DEBUG:root:Under real time Point counter:0.249108076096

DEBUG:root:Extracted signature:bitarray('10001111110000010001111011100000111110111000011111011000001111111100001111111100011111111001111110001111100011110001110001110011111111101011110011011100011100111011100111001000000111111101000011111111100011111111000111111111011111111011111110111111011111011110111011010000')
DEBUG:root:Matched frame over all scan:2157

DEBUG:root:Errors over all scan:38

DEBUG:root:Result:replica detected
DEBUG:root:Match or Not:True
DEBUG:root:Under real time Point counter:0.250262975693

DEBUG:root:Extracted signature:bitarray('10000101100001110001110000000010011100000000111111000000001111100000001111001100011110110001111100001111000111100011110011100111011111101011110011011100011100011011000111001000100101100101000011111111100011111111000111111111011111111011111110111111011111011110111011010000')
DEBUG:root:Matched frame over all scan:2160

DEBUG:root:Errors over all scan:37

DEBUG:root:Result:replica detected
DEBUG:root:Match or Not:True
DEBUG:root:Under real time Point counter:0.253242969513

DEBUG:root:Extracted signature:bitarray('10000110100111110001111000100010011110001100001111100011101111110011101111100100011110110001111100001111000011100011110011110111011111101011110011011100011100010011000111000000100101100001000011111111000011111111000111111111011111111011111110111111011111011110111011010000')
DEBUG:root:Matched frame over all scan:2161

DEBUG:root:Errors over all scan:41

DEBUG:root:Result:replica detected
DEBUG:root:Match or Not:True
DEBUG:root:Under real time Point counter:0.245015144348

DEBUG:root:Extracted signature:bitarray('10000110000111110001111000100010011110001100001111100011101111110011101111100110011110110001111100001111000011100011110011110111011111101011110011011100011100011011000111001000100101101101000011111111000011111111000111111111011111111011111110111111011111011110111011010000')
DEBUG:root:Matched frame over all scan:2161

DEBUG:root:Errors over all scan:41

DEBUG:root:Result:replica detected
DEBUG:root:Match or Not:True
DEBUG:root:Under real time Point counter:0.245604991913

DEBUG:root:Extracted signature:bitarray('10000110000110010001110001100010011110011000001111100100101111110100001111101001011111100101111100101111001111100010000010000100010011111011110011111010011100011011010111000000110101101001100011111111100011111111000111111111011111111011111110100100010110010111001101110000')
DEBUG:root:Matched frame over all scan:2173

DEBUG:root:Errors over all scan:51

DEBUG:root:Result:replica detected
DEBUG:root:Match or Not:True
DEBUG:root:Under real time Point counter:0.24529004097

DEBUG:root:Extracted signature:bitarray('10000110001100010001110001100010011100011000001111000110001111110110101111100111011110011101111000101110001011000111001110011100010000011011110011011110011100011011010111001110110101101101100011111111100011111111000111111111011111101010111000101001010001010011101100100000')
DEBUG:root:Matched frame over all scan:2169

DEBUG:root:Errors over all scan:35

DEBUG:root:Result:replica detected
DEBUG:root:Match or Not:True
DEBUG:root:Under real time Point counter:0.257961034775

DEBUG:root:Extracted signature:bitarray('10000110001100010001111001100010011100011000011110000100101111110000101111100011011110000101111100011111000101100010000010000100010101111011110000011010011100010011010111000000100101101000000011111111000011111111000111111110011101110011001100100110010110010110101100110000')
DEBUG:root:Matched frame over all scan:2175

DEBUG:root:Errors over all scan:37

DEBUG:root:Result:replica detected
DEBUG:root:Match or Not:True
DEBUG:root:Under real time Point counter:0.253802061081

DEBUG:root:Extracted signature:bitarray('10000110000100010001110001100010011100011000011110000100101111110001101111100111011110000101111100011111000100100010000010000100010001111011100000011010011100010011010111000000100101101001000011111111000011111111000111111111011101110011001100100110010111010111101100110000')
DEBUG:root:Matched frame over all scan:2176

DEBUG:root:Errors over all scan:33

DEBUG:root:Result:replica detected
DEBUG:root:Match or Not:True
DEBUG:root:Under real time Point counter:0.246010065079

DEBUG:root:Extracted signature:bitarray('10000110000100010001111001100010011100011000111110000000101111110001101111100111011110001101111000111111000101000010000010000100010000001011110010011010011100011011010111000000100101111001000011111111000011111111000111111110011101100011011000101100010101010111101100110000')
DEBUG:root:Matched frame over all scan:2177

DEBUG:root:Errors over all scan:35

DEBUG:root:Result:replica detected
DEBUG:root:Match or Not:True
DEBUG:root:Under real time Point counter:0.247288942337

DEBUG:root:Extracted signature:bitarray('10000110100110010000111100110010011111101100011111010111001111111111001111110111011111101101111101101111000011100011100010000100010001011011110000111010011100010011010111000100110101100001000011111001000011111110000111111110011011110010011000101100010100010111101100100000')
DEBUG:root:Matched frame over all scan:2181

DEBUG:root:Errors over all scan:53

DEBUG:root:Result:replica detected
DEBUG:root:Match or Not:True
DEBUG:root:Under real time Point counter:0.247768163681

DEBUG:root:Extracted signature:bitarray('10000111100110010000111100110000011111100100011110111011001111111111001111111111011111111101111111101111000011100011100010000100010011111111110000111110011100010011010111000100100101100001000011111101000011111110000111111100011101110011001100100110010110010110101110110000')
DEBUG:root:Matched frame over all scan:2184

DEBUG:root:Errors over all scan:62

DEBUG:root:Result:tau3_fail
DEBUG:root:Match or Not:False
DEBUG:root:Under real time Point counter:0.250075817108

DEBUG:root:Extracted signature:bitarray('10000110000110010000110100110100011101111100011110111110001111111110001111111100011111111101111111101111111011101101100110000100010000011011110011111010011100010011010111001110110101101001100011111111000011111111000111111110011111111011111110111011010001010010101100101000')
DEBUG:root:Matched frame over all scan:2185

DEBUG:root:Errors over all scan:55

DEBUG:root:Result:replica detected
DEBUG:root:Match or Not:True
DEBUG:root:Under real time Point counter:0.258751153946

DEBUG:root:Extracted signature:bitarray('10001110001001110011110011001100111101111011011100111100101001111111100111111111011111111100111110101111110011111001111101110110010000001011110011011100011100111011000111011100100101111101100011111111100011111111000111111001010110001010100110100011010011010110101110100000')
DEBUG:root:Matched frame over all scan:2188

DEBUG:root:Errors over all scan:39

DEBUG:root:Result:replica detected
DEBUG:root:Match or Not:True
DEBUG:root:Under real time Point counter:0.245770931244

DEBUG:root:Extracted signature:bitarray('10000110001111110001110011111100111001111101011100111110101100111111000111111111011111111101111111101110011011101101101101100110010000001011110011111010011100011011010111001111110101111001100011111111000011111111000111111011010110001010100110101011010011010110101110100000')
DEBUG:root:Matched frame over all scan:2188

DEBUG:root:Errors over all scan:56

DEBUG:root:Result:replica detected
DEBUG:root:Match or Not:True
DEBUG:root:Under real time Point counter:0.248294115067

DEBUG:root:Extracted signature:bitarray('10000110001111110000110001111100011101110111011111111111101111111111001111111111011111111101111111101111111011111101001110000100010000001111110011111010011110110011010111011110100101111001100011111111000011111110000111111110011111111010001100100011010001010011101110010000')
DEBUG:root:Matched frame over all scan:2194

DEBUG:root:Errors over all scan:62

DEBUG:root:Result:replica detected
DEBUG:root:Match or Not:True
DEBUG:root:Under real time Point counter:0.244874000549

DEBUG:root:Extracted signature:bitarray('10000110000111110000110000111100111101100111011110111111101111111111001111111111011111111101111111101111111011011101001110000100010000001011110011111010011100111011010111011110110101111101100011111111000011111111000111111110011011111010011110100011010001010011101110010000')
DEBUG:root:Matched frame over all scan:2194

DEBUG:root:Errors over all scan:57

DEBUG:root:Result:replica detected
DEBUG:root:Match or Not:True
DEBUG:root:Under real time Point counter:0.249134063721

DEBUG:root:Extracted signature:bitarray('10000110000111110001110100111000111101101100011110111111001111111111001111111111011011111100111111101111100011100001100011000110010000011111110000111110101110010011010111001100100101101001000011111001000011111110000111111100011110110011001100100110010110010110101110010000')
DEBUG:root:Matched frame over all scan:2184

DEBUG:root:Errors over all scan:67

DEBUG:root:Result:tau3_fail
DEBUG:root:Match or Not:False
DEBUG:root:Under real time Point counter:0.255189180374

DEBUG:root:Extracted signature:bitarray('10000110000111110001110100111000111101101100011110111111001111111111001111111111011011111100111111101111001011100101100110000100010000011111110000111110011100010011010111000100110101100001100011111001000011111110000111111100011101100010011000101101010101010110101110010000')
DEBUG:root:Matched frame over all scan:2181

DEBUG:root:Errors over all scan:64

DEBUG:root:Result:tau3_fail
DEBUG:root:Match or Not:False
DEBUG:root:Under real time Point counter:0.256339073181

DEBUG:root:Extracted signature:bitarray('10000110001111010000110100111000111101101110011110111111001111111111001111111111011111111100111111101111001011100101100011000110010000001011110011111010011110110011010111011100100101111111000011111111000011111110000111111100011101100010011000101001010111010110101110010000')
DEBUG:root:Matched frame over all scan:2181

DEBUG:root:Errors over all scan:61

DEBUG:root:Result:tau3_fail
DEBUG:root:Match or Not:False
DEBUG:root:Under real time Point counter:0.25143289566

DEBUG:root:Extracted signature:bitarray('10000110000111010001110100111000111101101100011110111111001111111111001111111111011111111100111111101111001011100101100111000110010000011011110000111010011100010011010111001100110101100001000011111101000011111110000111111100011001100010011000101001010101010110101110010000')
DEBUG:root:Matched frame over all scan:2181

DEBUG:root:Errors over all scan:59

DEBUG:root:Result:tau3_fail
DEBUG:root:Match or Not:False
DEBUG:root:Under real time Point counter:0.244225025177

DEBUG:root:Extracted signature:bitarray('11111000000011011100000001111011100000001111111000000111110110000111111110001111110000011110010000110100000100000010000010001100100101101111111111000010111111110000010111110110000101110011000011111001100011110001100111100010011100010011100000100000010001110011101100101000')
DEBUG:root:Matched frame over all scan:2207

DEBUG:root:Errors over all scan:35

DEBUG:root:Result:replica detected
DEBUG:root:Match or Not:True
DEBUG:root:Under real time Point counter:0.248190164566

DEBUG:root:Extracted signature:bitarray('10110001000111011110000001111111100000011111111000001111110000001110110000001100101100110011100000011000000100000010000010100110010000011111111111001010111111111001010111111110010101111111000010111110000010111100000101110000010110000010100000100000010000001100010001000000')
DEBUG:root:Matched frame over all scan:2209

DEBUG:root:Errors over all scan:36

DEBUG:root:Result:replica detected
DEBUG:root:Match or Not:True
DEBUG:root:Under real time Point counter:0.25240111351

DEBUG:root:Extracted signature:bitarray('11011100000100111001100000100010011010000000101100100000011100000000111001000000100100000011100001110000000100000010000110011101001011101111111111000010111111111000010111111110000101111111000010111111000010111110000101111000011111000011110000110000011000011100011101101000')
DEBUG:root:Matched frame over all scan:2212

DEBUG:root:Errors over all scan:40

DEBUG:root:Result:replica detected
DEBUG:root:Match or Not:True
DEBUG:root:Under real time Point counter:0.253039121628

DEBUG:root:Extracted signature:bitarray('11011100000100111001100000100110011010000000101100000000011100000000111000000001100100001111100001110000010100001110000110000101001101011111111111000010111111111000010111111110000101111111000010111111000010111110000101111000010111000010110000110000011000011000011101101000')
DEBUG:root:Matched frame over all scan:2233

DEBUG:root:Errors over all scan:43

DEBUG:root:Result:replica detected
DEBUG:root:Match or Not:True
DEBUG:root:Under real time Point counter:0.246541023254

DEBUG:root:Extracted signature:bitarray('11011100000100111001100000100110011011000000101100100000011100000000111000000000100100000111100001110000010100000010000110000101001111001111111111000010111111111000010111111110000101111111000010111111000010111110000111111000011111000011110000110000011000011000011101101000')
DEBUG:root:Matched frame over all scan:2233

DEBUG:root:Errors over all scan:38

DEBUG:root:Result:replica detected
DEBUG:root:Match or Not:True
DEBUG:root:Under real time Point counter:0.244652986526

DEBUG:root:Extracted signature:bitarray('11011100000100111001100000100110011010000000101100000000011100000000111000000001100100001111100001110000011100001110000110000101001101011111111111000010111111111000010111111110000101111111000010111111000010111110000101111000010111000010110000110000011000011001011101101000')
DEBUG:root:Matched frame over all scan:2233

DEBUG:root:Errors over all scan:43

DEBUG:root:Result:replica detected
DEBUG:root:Match or Not:True
DEBUG:root:Under real time Point counter:0.256711006165

DEBUG:root:Extracted signature:bitarray('11011100001100111001101000100110011011000000101100100000011100000000111000000000100100001111100001110000010100001010000110000101001111001111111111000010111111111000010111111110000101111111000010111111000010111110000101111000010111000011110000110000011000011001011101101000')
DEBUG:root:Matched frame over all scan:2233

DEBUG:root:Errors over all scan:37

DEBUG:root:Result:replica detected
DEBUG:root:Match or Not:True
DEBUG:root:Under real time Point counter:0.255506038666

DEBUG:root:Extracted signature:bitarray('11011100001100111001101000100110011011001000101100100000011100000000111000000001100100001111100001110000011100001110000110000111001111001111111111000010111111111000010111111110000101111111000010111111000010111110000101111000010111000011110000110000011000011000011101101000')
DEBUG:root:Matched frame over all scan:2233

DEBUG:root:Errors over all scan:39

DEBUG:root:Result:replica detected
DEBUG:root:Match or Not:True
DEBUG:root:Under real time Point counter:0.255215167999

DEBUG:root:Extracted signature:bitarray('11001100000100111001100000100010011010001000101100100000011100000000111000000000100100001111100001110000010100000010000110011101001111001111111111000010111111111000010111111110000101111111000010111111000010111110000101111000010111000010110000110000011000011001011101101000')
DEBUG:root:Matched frame over all scan:2212

DEBUG:root:Errors over all scan:40

DEBUG:root:Result:replica detected
DEBUG:root:Match or Not:True
DEBUG:root:Under real time Point counter:0.249691963196

DEBUG:root:Extracted signature:bitarray('11011100000100111001100000100110011010001000101100000000011100000000111000000001100100001111100001110000011100001110000110000111001101011111111111000010111111111000010111111110000101111111000010111111000010111100000101111000010111000010110000110000011000011000011101101000')
DEBUG:root:Matched frame over all scan:2232

DEBUG:root:Errors over all scan:42

DEBUG:root:Result:replica detected
DEBUG:root:Match or Not:True
DEBUG:root:Under real time Point counter:0.249654054642

DEBUG:root:Extracted signature:bitarray('11011100001100111001101000100110011011000000101100100000011100000000111000000001100100001111100001110000011100001110000110000111001111001111111111000010111111111000010111111110000101111111000010111111000010111110000101111000010111000011110000110000011000011001011101101000')
DEBUG:root:Matched frame over all scan:2233

DEBUG:root:Errors over all scan:37

DEBUG:root:Result:replica detected
DEBUG:root:Match or Not:True
DEBUG:root:Under real time Point counter:0.24741601944

DEBUG:root:Extracted signature:bitarray('11011100001100111001101000100110011011000000101100100000011100000000111000000001100100001111100001110000011100001110000110000111001111001111111111000010111111111000010111111110000101111111000010111111000010111110000101111000010111000011110000110000011000011001011101101000')
DEBUG:root:Matched frame over all scan:2233

DEBUG:root:Errors over all scan:37

DEBUG:root:Result:replica detected
DEBUG:root:Match or Not:True
DEBUG:root:Under real time Point counter:0.250061035156

DEBUG:root:Extracted signature:bitarray('11001100000100111001100000100010011010001000101100100000011100000000111000000000100100000111100001110000010100000010000110011101001111001111111111000010111111111000010111111110000101111111000010111111000010111110000101111000010111000010110000110000011000011001011101101000')
DEBUG:root:Matched frame over all scan:2212

DEBUG:root:Errors over all scan:41

DEBUG:root:Result:replica detected
DEBUG:root:Match or Not:True
DEBUG:root:Under real time Point counter:0.250134944916

DEBUG:root:Extracted signature:bitarray('10000011110001111000011110001110010111100001001111110000001111110001001111100011010110011100011011100110010011000011000010000000000011111100001111000101110001111000101110011100001011111110000001111110000001111100000011110000001110000011000000110000011000010000100010011000')
DEBUG:root:Matched frame over all scan:2246

DEBUG:root:Errors over all scan:29

DEBUG:root:Result:replica detected
DEBUG:root:Match or Not:True
DEBUG:root:Under real time Point counter:0.252617120743

DEBUG:root:Extracted signature:bitarray('10000011110001111000011110001100000111100001001111110000001111110001001111100111011111011100011011100110010011001011001010000001001011111100001111000101110001111000101110011100000011111110000001111110000001111100000011110000001110000011100000111000011000010000100010011000')
DEBUG:root:Matched frame over all scan:2241

DEBUG:root:Errors over all scan:36

DEBUG:root:Result:replica detected
DEBUG:root:Match or Not:True
DEBUG:root:Under real time Point counter:0.24836397171

DEBUG:root:Extracted signature:bitarray('10000011110001111000011110000110010111100000001111110000001111110001001111100011011111011100011011100110011011001111001110011001101111111100001111000101110001111000101110011100001011111110000001111110000001111100000011110000011110000011000000110000011000010000100010011000')
DEBUG:root:Matched frame over all scan:2258

DEBUG:root:Errors over all scan:32

DEBUG:root:Result:replica detected
DEBUG:root:Match or Not:True
DEBUG:root:Under real time Point counter:0.247678041458

DEBUG:root:Extracted signature:bitarray('10000011110001111000011110001110000111100001001111110000001111110001001111100011011111011100011011100110011011001111001110011001101111111100001111000101110001111000101110011100000011111110000001111110000001111100000011110000001110000011100000110000011000010000100010011000')
DEBUG:root:Matched frame over all scan:2258

DEBUG:root:Errors over all scan:34

DEBUG:root:Result:replica detected
DEBUG:root:Match or Not:True
DEBUG:root:Under real time Point counter:0.247308969498

DEBUG:root:Extracted signature:bitarray('10000011110001111000011110001110000111100000001111110000001111110000001111100011011111001100011001100110011011001111001110011001101111111100001111000101110001111000101110011100001011111110000001111110000001111000000011100000011100000011000000110000011000010000100010011000')
DEBUG:root:Matched frame over all scan:2258

DEBUG:root:Errors over all scan:32

DEBUG:root:Result:replica detected
DEBUG:root:Match or Not:True
DEBUG:root:Under real time Point counter:0.249351978302

DEBUG:root:Extracted signature:bitarray('10000011110001111000011110001110000111100001001111110000001111110001001111100011011111011100011011100110011011000111001110011001001111111100001111000101110001111000101110011100001011111110000001111110000001111100000011110000001110000011100000111000011000010000100010001000')
DEBUG:root:Matched frame over all scan:2258

DEBUG:root:Errors over all scan:33

DEBUG:root:Result:replica detected
DEBUG:root:Match or Not:True
DEBUG:root:Under real time Point counter:0.244817018509

DEBUG:root:Extracted signature:bitarray('10000011110001111000011110000110000111100001001111110000001111110000001111100011011111011100011011100110011011000111000110000000001111111100001111000101110001111000101110011100001011111110000001111110000001111100000011110000001110000011100000110000011000010000100010001000')
DEBUG:root:Matched frame over all scan:2246

DEBUG:root:Errors over all scan:33

DEBUG:root:Result:replica detected
DEBUG:root:Match or Not:True
DEBUG:root:Under real time Point counter:0.251077890396

DEBUG:root:Extracted signature:bitarray('10000011110001111000011110001110000111100001001111110000101111110001101111100011011111001101011001100110011011001111001110011001101111111100001111000101110001111000101110011100001011111110000001111110000001111100000011110000001110000011100000110000011000010000100010011000')
DEBUG:root:Matched frame over all scan:2258

DEBUG:root:Errors over all scan:38

DEBUG:root:Result:replica detected
DEBUG:root:Match or Not:True
DEBUG:root:Under real time Point counter:0.244589090347

DEBUG:root:Extracted signature:bitarray('10000011110001111000011110001110000111100001001111110000001111110000001111100010011110001100011001100111110011111011011100111011101101111100001111000101110001111000101110011100001011111110000001111110000001111100000011110000011110000011100000111000011000010000100010101000')
DEBUG:root:Matched frame over all scan:2260

DEBUG:root:Errors over all scan:43

DEBUG:root:Result:replica detected
DEBUG:root:Match or Not:True
DEBUG:root:Under real time Point counter:0.244797945023

DEBUG:root:Extracted signature:bitarray('10001011110001111001001110001110010111100001001111110000001111110001001111100011011111011100011011100110011011000111001110011001101101111100001111000101110001111000101110011100001011111110000001111110000001111100000011110000001110000011100000110000011000010000100010001000')
DEBUG:root:Matched frame over all scan:2258

DEBUG:root:Errors over all scan:38

DEBUG:root:Result:replica detected
DEBUG:root:Match or Not:True
DEBUG:root:Under real time Point counter:0.248665094376

DEBUG:root:Extracted signature:bitarray('10000000001000010000011000000010000011010001100001111001100001111111100111111101011111110101111111101111001011100010000010000100000011111000011100100011000001100110011000001000011110010111001101001111100100111111001011110100001111001001110001110000111000011000110011001000')
DEBUG:root:Matched frame over all scan:2265

DEBUG:root:Errors over all scan:48

DEBUG:root:Result:replica detected
DEBUG:root:Match or Not:True
DEBUG:root:Under real time Point counter:0.25562787056

DEBUG:root:Extracted signature:bitarray('11000001111111100000001111111100000011100111000000110011101000110011110001101111000100111101100110001111000111000111100111001100110010011000011000110101000000100011101000001100111010000010001101000001100101001001101011100110101100000011000010101001010111010110101010010000')
DEBUG:root:Matched frame over all scan:2273

DEBUG:root:Errors over all scan:60

DEBUG:root:Result:replica detected
DEBUG:root:Match or Not:True
DEBUG:root:Under real time Point counter:0.251394033432

DEBUG:root:Extracted signature:bitarray('10000001111111100000001111011100000011000111000001110111101000111111100001111110000111100101111100101111011011001110011100111001101111111000011000110101100001100111101000001000111010000010001101000001100101001001101011100110011100000011000010101001010111010100111011010000')
DEBUG:root:Matched frame over all scan:2272

DEBUG:root:Errors over all scan:36

DEBUG:root:Result:replica detected
DEBUG:root:Match or Not:True
DEBUG:root:Under real time Point counter:0.24707698822

DEBUG:root:Extracted signature:bitarray('10000001111110010000001111111100000011000111000001100011101000111111100001111111000111110001111100101111001011001111001110011001101101111000011000110101100001100111101000001000111010000010001101000001100101011001101011100110011100000011000010101001010111010100111011010000')
DEBUG:root:Matched frame over all scan:2272

DEBUG:root:Errors over all scan:42

DEBUG:root:Result:replica detected
DEBUG:root:Match or Not:True
DEBUG:root:Under real time Point counter:0.252367973328

DEBUG:root:Extracted signature:bitarray('11000001111011100000001111011100000011110111000001111111100000111111100001111111001111111101110011101111011011100001110001111011111111011000011000110101100000100011101000001000011010000010001101000000100101001001101011100110101100000111000011001001100011100111011101101000')
DEBUG:root:Matched frame over all scan:2275

DEBUG:root:Errors over all scan:46

DEBUG:root:Result:replica detected
DEBUG:root:Match or Not:True
DEBUG:root:Under real time Point counter:0.251846075058

DEBUG:root:Extracted signature:bitarray('10111000111011100110001111000001000011110010100001111001110011111001100111010001111100000111100000110001000101100011110011100100011111010000011000110101100000100011101000001000111010000010001101000001100101011001101011100100111100000110000001101000100111100111001101101000')
DEBUG:root:Matched frame over all scan:2278

DEBUG:root:Errors over all scan:53

DEBUG:root:Result:replica detected
DEBUG:root:Match or Not:True
DEBUG:root:Under real time Point counter:0.243752002716

DEBUG:root:Extracted signature:bitarray('10111001111011000111001111000001100001100110100010110011110011110000001111001000111000000011000000110000000101100011100011000101101110011000001100110101000000100111101000001100111010000011000101000001100101011001101111100110010100100010000001101000110011100111001101101000')
DEBUG:root:Matched frame over all scan:2292

DEBUG:root:Errors over all scan:42

DEBUG:root:Result:replica detected
DEBUG:root:Match or Not:True
DEBUG:root:Under real time Point counter:0.242798089981

DEBUG:root:Extracted signature:bitarray('10111000111111000111001111000001100011110110010011110011110011110001101111001000111000000011000000110000000101100011100011000101101100011000001100110101100000100010101001001100011010010011000101000001100101011001101111100110010100100010000000100000110011110111001101101000')
DEBUG:root:Matched frame over all scan:2292

DEBUG:root:Errors over all scan:53

DEBUG:root:Result:replica detected
DEBUG:root:Match or Not:True
DEBUG:root:Under real time Point counter:0.247473955154

DEBUG:root:Extracted signature:bitarray('10111000111011000111001111000001100011100110110011110011110011100101101111001000111100000011000000110000000101100011100011100101101100011000001100110101000000100010101001000100011010010011001101000000100101011001101111100110010100100010001001100100110011100111001101101000')
DEBUG:root:Matched frame over all scan:2292

DEBUG:root:Errors over all scan:48

DEBUG:root:Result:replica detected
DEBUG:root:Match or Not:True
DEBUG:root:Under real time Point counter:0.247897148132

DEBUG:root:Extracted signature:bitarray('10111000111011000111000111000001101001110111000011110011100011100111001111001000111100000111100000110000000100100011110011100100101110011100001100111101100000100011101001000100011010010011001101000000100101011001101011100110011100100010001001100100110011100111001101101000')
DEBUG:root:Matched frame over all scan:2289

DEBUG:root:Errors over all scan:52

DEBUG:root:Result:replica detected
DEBUG:root:Match or Not:True
DEBUG:root:Under real time Point counter:0.24595117569

DEBUG:root:Extracted signature:bitarray('10111000111011000111000111000001101001110111000011110011100011100111001111001000111100000111100000110000000100100011110011100100101110011100001100111101100000100011101001000100011010010011001101000000100101011001101011100110011100100010001001100100110011100111001101101000')
DEBUG:root:Matched frame over all scan:2289

DEBUG:root:Errors over all scan:52

DEBUG:root:Result:replica detected
DEBUG:root:Match or Not:True
DEBUG:root:Under real time Point counter:0.252372980118

DEBUG:root:Extracted signature:bitarray('10001100111011001001001111011011000011100111100001110011110001100111100011001100111100000011000000110000000101100011110011100101101100011000001100110101100000100011101000001100011010000010001101000000100101011001101111100110011100000010000000101000110011100111001101101000')
DEBUG:root:Matched frame over all scan:2290

DEBUG:root:Errors over all scan:49

DEBUG:root:Result:replica detected
DEBUG:root:Match or Not:True
DEBUG:root:Under real time Point counter:0.246822118759

DEBUG:root:Extracted signature:bitarray('10000001111111000000001110011100000011100011000001110001100001111000000011111000011100000111100000010011000101100011110001111111101111111000001000110101100000100011101000001000111010000010001101000001111101011001110011100110011100110010011100001110000111101111011001101000')
DEBUG:root:Matched frame over all scan:2295

DEBUG:root:Errors over all scan:36

DEBUG:root:Result:replica detected
DEBUG:root:Match or Not:True
DEBUG:root:Under real time Point counter:0.245796203613

DEBUG:root:Extracted signature:bitarray('11100001111111001000001111111000000011101111000001110111100001111111100011111001001111100101100000110010011011001111001110011101101111110000001000110101100000100011101000000000111010000010001101000001100101001001101011100100101100000011111000111101011001011000110001001000')
DEBUG:root:Matched frame over all scan:2299

DEBUG:root:Errors over all scan:44

DEBUG:root:Result:replica detected
DEBUG:root:Match or Not:True
DEBUG:root:Under real time Point counter:0.247179031372

DEBUG:root:Extracted signature:bitarray('11100001110010011100001110010010000011100111100000110001110000110001110001100000101110000011110000011110001111000111000110001101101111101111111110011110111101100011110111001100111101000110001110000110000110001100000100110000010110000010110000111000111000110000101011011000')
DEBUG:root:Matched frame over all scan:2301

DEBUG:root:Errors over all scan:50

DEBUG:root:Result:replica detected
DEBUG:root:Match or Not:True
DEBUG:root:Under real time Point counter:0.245281934738

DEBUG:root:Extracted signature:bitarray('11110001100000011110101100000011110001000000111000100000011000110000110001100001101110000010111000011110001111000111000110001100101111101111101100001110111101100001110111001000011101100110000110100110000110001100001100110000010110000111100001111000111000110011101010111000')
DEBUG:root:Matched frame over all scan:2301

DEBUG:root:Errors over all scan:38

DEBUG:root:Result:replica detected
DEBUG:root:Match or Not:True
DEBUG:root:Under real time Point counter:0.242542028427

DEBUG:root:Extracted signature:bitarray('10110001110000011110111100000011110001000000111000100000010000110001110001100001101110000010111000011110001111000111000110001100101111101111111110001110111111110001110111111100011101100110000110100110000110001100001100110000010110000111100001111000111000110011101010111000')
DEBUG:root:Matched frame over all scan:2301

DEBUG:root:Errors over all scan:44

DEBUG:root:Result:replica detected
DEBUG:root:Match or Not:True
DEBUG:root:Under real time Point counter:0.244297981262

DEBUG:root:Extracted signature:bitarray('11110001100000011110101100000011110011000000111000100000011000110000110001100001101110000010111000011110000111000111000110001100101111101111101100001110111101100001110111001000011101100110000110100110000111001100001100110000010110000111100001111000111000110011101010111000')
DEBUG:root:Matched frame over all scan:2306

DEBUG:root:Errors over all scan:40

DEBUG:root:Result:replica detected
DEBUG:root:Match or Not:True
DEBUG:root:Under real time Point counter:0.242029905319

DEBUG:root:Extracted signature:bitarray('11110001100000011110101100000011110011000000111000100000011000110000110001100001101110000010111000011110000111000111000110001100101111101111101100001110111101100001110111001000011101100110000110100110000111001100001100110000010110000111100001111000111000110011101010111000')
DEBUG:root:Matched frame over all scan:2306

DEBUG:root:Errors over all scan:40

DEBUG:root:Result:replica detected
DEBUG:root:Match or Not:True
DEBUG:root:Under real time Point counter:0.246154069901

DEBUG:root:Extracted signature:bitarray('10010101110000011110111100000011110011000000111000100000011000110000110001100001101110000011111000011110000111000111000110001100101111101111101100001110111101100011110111001000011101100110000110100110000111001100001100110000010110000111100001110000111001110011101010111000')
DEBUG:root:Matched frame over all scan:2306

DEBUG:root:Errors over all scan:41

DEBUG:root:Result:replica detected
DEBUG:root:Match or Not:True
DEBUG:root:Under real time Point counter:0.245767116547

DEBUG:root:Extracted signature:bitarray('10010101110000011110111100000011110001000000111000100000010000110000111001100000101110000010111000011110000111000111000110001101101111101111101110001110111101110001110111011100011101100110000111100110000111001100001100110000010110000111100001111000111000110011101010111000')
DEBUG:root:Matched frame over all scan:2306

DEBUG:root:Errors over all scan:41

DEBUG:root:Result:replica detected
DEBUG:root:Match or Not:True
DEBUG:root:Under real time Point counter:0.248924016953

DEBUG:root:Extracted signature:bitarray('11110101100000011110111100000011110001000000111000100000010000110000111001100000101110000010110000011110000111000111000010000100101101101111101110001110111101100001110111101100011101100110000111100110000111001100001100110000010110000111100001111000111000110001100110101000')
DEBUG:root:Matched frame over all scan:2317

DEBUG:root:Errors over all scan:39

DEBUG:root:Result:replica detected
DEBUG:root:Match or Not:True
DEBUG:root:Under real time Point counter:0.241903066635

DEBUG:root:Extracted signature:bitarray('10110101110000011110111100000011010001000000111000110000010000110000011001100000101110000010111000011110000111000111000010000100100111101111111110001110111101110001110111111100011101110110000111100110000111001100001100110000010110000111100001111000111000110001100010011000')
DEBUG:root:Matched frame over all scan:2319

DEBUG:root:Errors over all scan:43

DEBUG:root:Result:replica detected
DEBUG:root:Match or Not:True
DEBUG:root:Under real time Point counter:0.248672962189

DEBUG:root:Extracted signature:bitarray('10110101100000011110111100000011111001000000111000100000010000110000011001100000101110000010110000011110000111000111000010000100001111101111101110001110111101100001110111101100011101100110000111100110000111001100001100110000010110000111100001111000111000110001100010011000')
DEBUG:root:Matched frame over all scan:2319

DEBUG:root:Errors over all scan:38

DEBUG:root:Result:replica detected
DEBUG:root:Match or Not:True
DEBUG:root:Under real time Point counter:0.250839948654

DEBUG:root:Extracted signature:bitarray('10010101110000011110111100000011010011000000111000110000010000110000111001100000101110000010111000011110000111000111000010000100010111101111101110001110111101110001110111011100011101100110000111100110000111001100001100110000010110000111100001111000111000110001100010011000')
DEBUG:root:Matched frame over all scan:2319

DEBUG:root:Errors over all scan:45

DEBUG:root:Result:replica detected
DEBUG:root:Match or Not:True
DEBUG:root:Under real time Point counter:0.255500793457

DEBUG:root:Extracted signature:bitarray('10110000111111110111000010011111110000000011111000000011010000111011010000111110000011110000011001010100011100011101111101111011111111111111001000111110111001100011110110011000101111001100111011001001111010000111110100011111011011001011110001111000111000011001100101101000')
DEBUG:root:Matched frame over all scan:2328

DEBUG:root:Errors over all scan:49

DEBUG:root:Result:replica detected
DEBUG:root:Match or Not:True
DEBUG:root:Under real time Point counter:0.254879951477

DEBUG:root:Extracted signature:bitarray('11111000111111100111000010111101110000000011111000000000010000011100010000111000100011100000011011100111111011111101111101111011101111111111001000111110111001100111100110011000111111001100110110000001110010000111100100011100010011001101100011110000111000111001001101101000')
DEBUG:root:Matched frame over all scan:2329

DEBUG:root:Errors over all scan:56

DEBUG:root:Result:replica detected
DEBUG:root:Match or Not:True
DEBUG:root:Under real time Point counter:0.262724876404

DEBUG:root:Extracted signature:bitarray('10111000111111100111000011110001110001100111011001110011110000110111100100000111011100001101110001101100011110000110000011100100010011111110001000111110110001100011110110011000111101001110011010001110110010110001100111001100011100000011000010110001011000011000100010010000')
DEBUG:root:Matched frame over all scan:2332

DEBUG:root:Errors over all scan:52

DEBUG:root:Result:replica detected
DEBUG:root:Match or Not:True
