DEBUG:root:Under real time Point counter:2.40802764893e-05

DEBUG:root:Extracted signature:bitarray('00000000000000000000000000000000000000000000000000000000000000000000000000000000000000000000000000000000000000000000000000000000000000000000000000000000000000000000000000000000000000000000000000000000000000000000000000000000000000000000000000000000000000000000000000000000')
DEBUG:root:Matched frame over all scan:0

DEBUG:root:Errors over all scan:0

DEBUG:root:Result:replica detected
DEBUG:root:Match or Not:True
DEBUG:root:Under real time Point counter:0.374387979507

DEBUG:root:Extracted signature:bitarray('11111010000111001111011100111010011111000111100110000000010010000000010100000000110000000010000000010000000100000010000010111011111111100011110000111010011001000110010011010001101001110000110101110010111001000111001110001100110000001110000011100001100001101111011101101000')
DEBUG:root:Matched frame over all scan:395

DEBUG:root:Errors over all scan:72

DEBUG:root:Result:tau3_fail
DEBUG:root:Match or Not:False
DEBUG:root:Under real time Point counter:0.286036014557

DEBUG:root:Extracted signature:bitarray('10001101000000111101001000000010000011000000100001100000010000000000010000000000100000000010000000011000000100000010000010100011101111110001110000011011001111100111010001111001110100111000110000110001110001000001100110010000010000000010000000100000110000100001000101101000')
DEBUG:root:Matched frame over all scan:367

DEBUG:root:Errors over all scan:58

DEBUG:root:Result:replica detected
DEBUG:root:Match or Not:True
DEBUG:root:Under real time Point counter:0.268060922623

DEBUG:root:Extracted signature:bitarray('11001111000001111001100000011110001000000011100111000001110111100000011110000001110000000010000000010000000100000110000010000100010011110001111000001010001101000011101011001000111011111100011101111000011001110010010011001100110000110110000001100000111000100001000100101000')
DEBUG:root:Matched frame over all scan:354

DEBUG:root:Errors over all scan:55

DEBUG:root:Result:replica detected
DEBUG:root:Match or Not:True
DEBUG:root:Under real time Point counter:0.265873908997

DEBUG:root:Extracted signature:bitarray('11101111100111111101111000111110001110000111100101000001110011100000011100000000110000000010000000010000000100000010000010000110011111100001111000111010001101100111010011011001111001111000110100110011111001000111100110000110010000000110000011100000110000101001001101101000')
DEBUG:root:Matched frame over all scan:355

DEBUG:root:Errors over all scan:65

DEBUG:root:Result:replica detected
DEBUG:root:Match or Not:True
DEBUG:root:Under real time Point counter:0.26863694191

DEBUG:root:Extracted signature:bitarray('11000111000001111001000000001110000000000011100000100000010110000001010100000000100000000010000000010000000100000010000010001100010011111001111000011111001101100011111011011000110100110100011000110000111001100011110110000110010000000010000000100000110000100001000100101000')
DEBUG:root:Matched frame over all scan:355

DEBUG:root:Errors over all scan:33

DEBUG:root:Result:replica detected
DEBUG:root:Match or Not:True
DEBUG:root:Under real time Point counter:0.280901908875

DEBUG:root:Extracted signature:bitarray('11001111000001111001100000001110001011000011100111100000010110000000011000000000100000000010000000010000000100000010000010001100011111101001111100111011001111100111101001111001110000111000111000010001111011000111100110000110010000000010000000100001010000100001000100101000')
DEBUG:root:Matched frame over all scan:369

DEBUG:root:Errors over all scan:46

DEBUG:root:Result:replica detected
DEBUG:root:Match or Not:True
DEBUG:root:Under real time Point counter:0.298483848572

DEBUG:root:Extracted signature:bitarray('11111101000111111111101000101111011010000011100101000001110111000000011100000000110000000010000000010000000100000010000010000100111111100011101000011010011001000011000011010000111001111000111101110000011001100110000110001100010000000010000001110000111000101011001101101000')
DEBUG:root:Matched frame over all scan:368

DEBUG:root:Errors over all scan:60

DEBUG:root:Result:tau3_fail
DEBUG:root:Match or Not:False
DEBUG:root:Under real time Point counter:0.269187927246

DEBUG:root:Extracted signature:bitarray('11001111000111111000101000011110001011000000100001100000010000000000010000000000100000000010010000010100000100000010000010000100111111111000111001110010000111101110100001110111100000010011110011000111110010001001100100100000010000000110000011100001100001101111011101101000')
DEBUG:root:Matched frame over all scan:395

DEBUG:root:Errors over all scan:76

DEBUG:root:Result:tau3_fail
DEBUG:root:Match or Not:False
DEBUG:root:Under real time Point counter:0.266134023666

DEBUG:root:Extracted signature:bitarray('11101101000000111111000001001111011000000011101101100000111111000000011110000000110000000010000000010000001100001110001110011000011011110011100000001011011100000011011011001000111011111000011101111000001001110010000111001100011000100010000001100001101001100011011101101000')
DEBUG:root:Matched frame over all scan:5926

DEBUG:root:Errors over all scan:67

DEBUG:root:Result:tau3_fail
DEBUG:root:Match or Not:False
DEBUG:root:Under real time Point counter:0.26485991478

DEBUG:root:Extracted signature:bitarray('11011000001001111011000000001110011000000001101111000000011111000000011100000000100000000010000000010000001100001110001110001100011011110111100000011010111000000011101111000000110011111000011001110000011001100010000110001100010000000010000011100001100001100111011101101000')
DEBUG:root:Matched frame over all scan:366

DEBUG:root:Errors over all scan:59

DEBUG:root:Result:tau3_fail
DEBUG:root:Match or Not:False
DEBUG:root:Under real time Point counter:0.257264852524

DEBUG:root:Extracted signature:bitarray('11001000000001111000000100001110000111000000100111000000010100000000011000000000100000000010000000010000000100000110000010000100010011101011111100111101001111100111100011111001110001110000111001000011111011000111100110000110010000000010000011100001100001100011011101101000')
DEBUG:root:Matched frame over all scan:366

DEBUG:root:Errors over all scan:48

DEBUG:root:Result:replica detected
DEBUG:root:Match or Not:True
DEBUG:root:Under real time Point counter:0.300188064575

DEBUG:root:Extracted signature:bitarray('11101101000001111101100000001110001001000011100111100000010110000000011000000000100000000010000000010000001100001110000110000100011011111011111100111011001101100011101011011000110000111100111001110001111011000111100110000110010000000010000011100001100001101011011101101000')
DEBUG:root:Matched frame over all scan:366

DEBUG:root:Errors over all scan:51

DEBUG:root:Result:replica detected
DEBUG:root:Match or Not:True
DEBUG:root:Under real time Point counter:0.293356895447

DEBUG:root:Extracted signature:bitarray('11011011000110011001001000000010011011000000101101100000011100000000011000000000100000000010000000110000011100001110000011000110011111100011011000110010011011001110000111100011100001100110110010100011110011000011000100000000010000001110000111100011100011101111011101101000')
DEBUG:root:Matched frame over all scan:416

DEBUG:root:Errors over all scan:43

DEBUG:root:Result:replica detected
DEBUG:root:Match or Not:True
DEBUG:root:Under real time Point counter:0.262336969376

DEBUG:root:Extracted signature:bitarray('11011011000000111001001000001110010011000000101100000000010100000000011000000000100000000010000000110000011100001110000010000100011111110011111001111010001111001110010011110011100000100011110010000011110011000001000100000000010000001110000111100011100011101111011101101000')
DEBUG:root:Matched frame over all scan:405

DEBUG:root:Errors over all scan:50

DEBUG:root:Result:replica detected
DEBUG:root:Match or Not:True
DEBUG:root:Under real time Point counter:0.264711856842

DEBUG:root:Extracted signature:bitarray('11011001000001111001001000001110011010000011101111000000011110000000011000000000100000000010000000010000011100001110001110001100011011111011001000011011011001000011100011010001110001110000111001110011011011100111000110000100010000000010000011100001100001101111011101101000')
DEBUG:root:Matched frame over all scan:374

DEBUG:root:Errors over all scan:50

DEBUG:root:Result:replica detected
DEBUG:root:Match or Not:True
DEBUG:root:Under real time Point counter:0.259838104248

DEBUG:root:Extracted signature:bitarray('11010011000000111000010000000010000001000000100000000000110000000000010000000000100000000010000000110100001100000110000111001111111111110010011000111010011011000111010011100011100101100011110010000111110011001001000100000000010000001010000111100011100011101111011101101000')
DEBUG:root:Matched frame over all scan:417

DEBUG:root:Errors over all scan:50

DEBUG:root:Result:replica detected
DEBUG:root:Match or Not:True
DEBUG:root:Under real time Point counter:0.257666110992

DEBUG:root:Extracted signature:bitarray('11111100000000011110000000001110110110000111001111000000011111000000011110000000110000000010000000010000000100011010111101111011111111110111100001000010111100000001101111100000111011111000001001111000100011110001000101001100010000100010000001110001101011101111010101101000')
DEBUG:root:Matched frame over all scan:5923

DEBUG:root:Errors over all scan:74

DEBUG:root:Result:tau3_fail
DEBUG:root:Match or Not:False
DEBUG:root:Under real time Point counter:0.265949964523

DEBUG:root:Extracted signature:bitarray('11111001001000011111000000000111010000000111101111000000011111000000011100000000100000000010000000110000011100011111111101111011101111110111000000011010111000000011011111100000111011111000101101110000001000100110000100001100010000000110000001110001101100101001010101001000')
DEBUG:root:Matched frame over all scan:429

DEBUG:root:Errors over all scan:73

DEBUG:root:Result:tau3_fail
DEBUG:root:Match or Not:False
DEBUG:root:Under real time Point counter:0.258423805237

DEBUG:root:Extracted signature:bitarray('11101100000000011100110000110010011100001100011111000000011111000000011110000000111000000110000000010000000100111100111101111011101111010111100000000011111110000010101111100000101011111000000101111000000010110000000101000000110001000110000001110011001111001110011011010000')
DEBUG:root:Matched frame over all scan:5957

DEBUG:root:Errors over all scan:73

DEBUG:root:Result:tau3_fail
DEBUG:root:Match or Not:False
DEBUG:root:Under real time Point counter:0.2644739151

DEBUG:root:Real time1487955755.02

DEBUG:root:Extracted signature:bitarray('11110001001000011101001000001111010010000111101111000000011110000000011100000000110000000010000000110000001100011101111101111011111111111111000000011011111000000011011111110000111011110000111101110001001011100110000110001100010000000110000001100001101110101001010001010000')
DEBUG:root:Matched frame over all scan:438

DEBUG:root:Errors over all scan:77

DEBUG:root:Result:tau3_fail
DEBUG:root:Match or Not:False
DEBUG:root:Under real time Point counter:0.272634029388

DEBUG:root:Extracted signature:bitarray('11101111000000011001111000000010000110000001100000000000110100000000011000000000100000000010000000110000011100001111100111011101101111100001111001111010001111001110010011000011100000000111110010000101110011000001000100000000010000001110000011101001101100101001010101101000')
DEBUG:root:Matched frame over all scan:431

DEBUG:root:Errors over all scan:52

DEBUG:root:Result:replica detected
DEBUG:root:Match or Not:True
DEBUG:root:Under real time Point counter:0.259609937668

DEBUG:root:Extracted signature:bitarray('11110000000000011110100000000111010100000011101111000000011110000000011100000000100000000010000000110000000100111101111101111011111111011111100000010011111100000011011111100000111011111000001101110000001010100110000100001100010000000110000001100010101110001100011011010000')
DEBUG:root:Matched frame over all scan:5959

DEBUG:root:Errors over all scan:76

DEBUG:root:Result:tau3_fail
DEBUG:root:Match or Not:False
DEBUG:root:Under real time Point counter:0.271938085556

DEBUG:root:Extracted signature:bitarray('11011000010001110001001000000110011110000000101100000000011100000000010000000000100000000010000000010000011100011110111101111111011111111011011000111010011011000111000011110001110101100011111011000011110011000001100100000000010000000010000011100001101100101001010101101000')
DEBUG:root:Matched frame over all scan:438

DEBUG:root:Errors over all scan:43

DEBUG:root:Result:replica detected
DEBUG:root:Match or Not:True
DEBUG:root:Under real time Point counter:0.258446931839

DEBUG:root:Extracted signature:bitarray('11001101000000011001001000011110111110000111011111000000011111000000011110000000110000000010000000110000111001111101111101111011101111111111001000011011011000000011001111100001111011110000111001110011001011100110000100001100110000000110000001100011001111001110011011010000')
DEBUG:root:Matched frame over all scan:442

DEBUG:root:Errors over all scan:68

DEBUG:root:Result:tau3_fail
DEBUG:root:Match or Not:False
DEBUG:root:Under real time Point counter:0.269556999207

DEBUG:root:Extracted signature:bitarray('11111001000000011101011000001110011110000001101111000000011110000000111100000000100000000010000000110000111001111101111101111011101111111111001000011011011001000011010111110001110011110000111001110010000011100110000100001100110000000110000011100111001111001110111011010000')
DEBUG:root:Matched frame over all scan:442

DEBUG:root:Errors over all scan:61

DEBUG:root:Result:tau3_fail
DEBUG:root:Match or Not:False
DEBUG:root:Under real time Point counter:0.263712882996

DEBUG:root:Extracted signature:bitarray('11100111110000011100011000000111000010000001100000000011110000000011110000000011101100000011100010011100000110000010010011100110010010001100111111010101100011111111101000111111110110000001111011000011111011000011110100101100010100100110100111001111100110101101010001001000')
DEBUG:root:Matched frame over all scan:3998

DEBUG:root:Errors over all scan:91

DEBUG:root:Result:tau3_fail
DEBUG:root:Match or Not:False
DEBUG:root:Under real time Point counter:0.301640033722

DEBUG:root:Extracted signature:bitarray('11111000000000011111110000000011111110000000101111000000011111000000011100000000100000000010000000010001111001111101111101111011111111110111100001000011111110000001001111100000011011111000000011111000100010110000000101001000110001100110000010110011001111001110111111010000')
DEBUG:root:Matched frame over all scan:5957

DEBUG:root:Errors over all scan:64

DEBUG:root:Result:tau3_fail
DEBUG:root:Match or Not:False
DEBUG:root:Under real time Point counter:0.256908893585

DEBUG:root:Extracted signature:bitarray('11110011000001111011011000000110111111000000101111000000011110000000111000000000100000000010000001110010111011111101111101111011111110010011001000011011011001000011010111000001110011100000111001100011000011000011001100000100110000001110100110011111001111001110011001010000')
DEBUG:root:Matched frame over all scan:442

DEBUG:root:Errors over all scan:59

DEBUG:root:Result:tau3_fail
DEBUG:root:Match or Not:False
DEBUG:root:Under real time Point counter:0.267748832703

DEBUG:root:Extracted signature:bitarray('11010011110001110001111100001110011110000001101110000001011110000001111000000000100000000010000001110100111011111101111101111011111010010011001000011011011001100011011111000000110011100000011001110011001001100011001110000110110000000110100110011111001111001111011101010000')
DEBUG:root:Matched frame over all scan:441

DEBUG:root:Errors over all scan:66

DEBUG:root:Result:tau3_fail
DEBUG:root:Match or Not:False
DEBUG:root:Under real time Point counter:0.270162820816

DEBUG:root:Extracted signature:bitarray('11110011000001111001111000000110111110000011111110000001111100000001110000000000100000000010000001100111111011111101111101111011010000010011011000011011011001000011011011010001110011100000011001100011001011000011101100000100110000011010111110011111001111001111011110010000')
DEBUG:root:Matched frame over all scan:452

DEBUG:root:Errors over all scan:66

DEBUG:root:Result:tau3_fail
DEBUG:root:Match or Not:False
DEBUG:root:Under real time Point counter:0.265483140945

DEBUG:root:Extracted signature:bitarray('10000001100001110001111100001110011100000111101100000011111100000011110000001110100000100010011001101111111011111101111101111011010010010011011000111011011001100111010011011001110011100010011001100011111001000011101000000110110011001010111110011111001111001111011011010000')
DEBUG:root:Matched frame over all scan:455

DEBUG:root:Errors over all scan:64

DEBUG:root:Result:tau3_fail
DEBUG:root:Match or Not:False
DEBUG:root:Under real time Point counter:0.260656833649

DEBUG:root:Extracted signature:bitarray('11011101100001110011100100001110011000000011111100000011111100000011010000000000100000000010000001111001111011111101111101111011011011110011001000011011001101100001011011011000110011110000011001110011001001000011001110000110110000000110100110011111001111001111011111010000')
DEBUG:root:Matched frame over all scan:452

DEBUG:root:Errors over all scan:61

DEBUG:root:Result:tau3_fail
DEBUG:root:Match or Not:False
DEBUG:root:Under real time Point counter:0.262171983719

DEBUG:root:Extracted signature:bitarray('11000111100001111001111100001110011100000011111100000011111000000011110000000100100000000010010001111101111011111101111101110011010000010010011100011011001111100011011011011001110111100000111011000011111011000001100100000010110011001110111110011111001111001110011111010000')
DEBUG:root:Matched frame over all scan:458

DEBUG:root:Errors over all scan:57

DEBUG:root:Result:replica detected
DEBUG:root:Match or Not:True
DEBUG:root:Under real time Point counter:0.263417959213

DEBUG:root:Extracted signature:bitarray('10001001100011110000100000011110000000000111100000000011110000000111110000000111100000000011100001111111111011111101111101111011101111110001111100111011001111100111010001110011110010001001111001000001111001001101111000010010110111100000111110011111001111001110011001010000')
DEBUG:root:Matched frame over all scan:466

DEBUG:root:Errors over all scan:49

DEBUG:root:Result:replica detected
DEBUG:root:Match or Not:True
DEBUG:root:Under real time Point counter:0.274698019028

DEBUG:root:Extracted signature:bitarray('11000111110001111001111100001110011101000001111100000000011000000000010000001100100001111000111111101111111011111101111101111011011010011011011100011011001111110001011000111100010100001110000011000111100011000111100110011110010011111000111110011111001111011110111011101000')
DEBUG:root:Matched frame over all scan:469

DEBUG:root:Errors over all scan:58

DEBUG:root:Result:replica detected
DEBUG:root:Match or Not:True
DEBUG:root:Under real time Point counter:0.268786907196

DEBUG:root:Extracted signature:bitarray('10001001100001110001100000001110110000010011111000001001110000001100010000011100100011110001111111001111111011111101111101111011101100011001011100011011001011110001011000111100010010001111000001000111100001000111000010011110000011110000111110011111001111001010011001000000')
DEBUG:root:Matched frame over all scan:470

DEBUG:root:Errors over all scan:47

DEBUG:root:Result:replica detected
DEBUG:root:Match or Not:True
DEBUG:root:Under real time Point counter:0.258600950241

DEBUG:root:Extracted signature:bitarray('10001001100001110001100000001110010000110011101000011000110000001100010000011100100011110001111111001111111011111101111101111011101100011001001100011011001011110001011000011100010010000111000001000111100001000111000010011110000011110000111110011111001111001110011001000000')
DEBUG:root:Matched frame over all scan:470

DEBUG:root:Errors over all scan:48

DEBUG:root:Result:replica detected
DEBUG:root:Match or Not:True
DEBUG:root:Under real time Point counter:0.254812955856

DEBUG:root:Extracted signature:bitarray('10100000011111100010000011111100010000111111000000011111100000011100100000111000000111100000111110000111100011110001110001100111111100000100100001111010011000011111100111000011111010100001111100010000111100110011101010001100111100000101100010011001011000011000100010010000')
DEBUG:root:Matched frame over all scan:478

DEBUG:root:Errors over all scan:52

DEBUG:root:Result:replica detected
DEBUG:root:Match or Not:True
DEBUG:root:Under real time Point counter:0.259224891663

DEBUG:root:Extracted signature:bitarray('10100100011111111100000011111101001000111011000000011110000000001110000000011111000011111100111110000111110011111001111001000110010010000110000001110110010000001111101011000011111010110000111101010000111101110000111011000011101010011001100000111001011101010000100010010000')
DEBUG:root:Matched frame over all scan:480

DEBUG:root:Errors over all scan:45

DEBUG:root:Result:replica detected
DEBUG:root:Match or Not:True
DEBUG:root:Under real time Point counter:0.260803937912

DEBUG:root:Extracted signature:bitarray('10100100011110011100000011110001000000111111000000001111000000001111100000011111000111111100111111001111110011110001110011000100010010000110010001110110010000001110101011000011101010110001111001010000111001110001111011110011101111110001111100011110001100011000100010010000')
DEBUG:root:Matched frame over all scan:482

DEBUG:root:Errors over all scan:40

DEBUG:root:Result:replica detected
DEBUG:root:Match or Not:True
DEBUG:root:Under real time Point counter:0.257494211197

DEBUG:root:Extracted signature:bitarray('11100100011100011100000011100001000000111100000000011110000000011100000000111111000011111100111110001111100011111000011000110110010010100110010001100110010000011100100011000111101010110011110001010001111001110011011011111000101111000001110100011011011001010000100010010000')
DEBUG:root:Matched frame over all scan:485

DEBUG:root:Errors over all scan:43

DEBUG:root:Result:replica detected
DEBUG:root:Match or Not:True
DEBUG:root:Under real time Point counter:0.260871171951

DEBUG:root:Extracted signature:bitarray('11100000011110011100000011110001000000111100000000001111100000001111100000011111000101111101111111001111110011111101110001100100010000000110010001110110010000001110100011000011101011110001110001010001111001110011110011000111001110110001111110011111001110011100100010010000')
DEBUG:root:Matched frame over all scan:488

DEBUG:root:Errors over all scan:40

DEBUG:root:Result:replica detected
DEBUG:root:Match or Not:True
DEBUG:root:Under real time Point counter:0.25691318512

DEBUG:root:Extracted signature:bitarray('11100000011110011100000011110010000001111100100000001110100000001111100000011111000111111100111111101111110011111101111101111011101100000110000001110110010000001110111010000011000010110001110001010001111001010011110011101100001111110001111100011110011110011000100010100000')
DEBUG:root:Matched frame over all scan:490

DEBUG:root:Errors over all scan:55

DEBUG:root:Result:replica detected
DEBUG:root:Match or Not:True
DEBUG:root:Under real time Point counter:0.258066892624

DEBUG:root:Extracted signature:bitarray('11000000011100011100000111110010000001111100100011110110010011110110100011111101001111010001110000011100010110001011001110010001000000000110000011100110010000111000110010001110001000111110000101111110000001011100100011110010001110000011100000110000011000011000100010010000')
DEBUG:root:Matched frame over all scan:492

DEBUG:root:Errors over all scan:51

DEBUG:root:Result:replica detected
DEBUG:root:Match or Not:True
DEBUG:root:Under real time Point counter:0.249240159988

DEBUG:root:Extracted signature:bitarray('11000011000110011000010000110110001100001111100110000111100110000111101100001111011110111101100011101100111110001110001110001100100000101110111000000110010111000001110011100000111001110000011101111000011101110001110011000111011000111011000110110011011011010110101010010000')
DEBUG:root:Matched frame over all scan:495

DEBUG:root:Errors over all scan:40

DEBUG:root:Result:replica detected
DEBUG:root:Match or Not:True
DEBUG:root:Under real time Point counter:0.255016088486

DEBUG:root:Extracted signature:bitarray('11110000001110011010000001111010000000001110100110000111110110000011101101100111010110001101011001110110011111000111000110000100010000001110000000000110111000001000110111000000001111110000011111110000001011100000010110000001011000000011010000111001011001011000110010010000')
DEBUG:root:Matched frame over all scan:498

DEBUG:root:Errors over all scan:28

DEBUG:root:Result:replica detected
DEBUG:root:Match or Not:True
DEBUG:root:Under real time Point counter:0.25445318222

DEBUG:root:Extracted signature:bitarray('11111000000111011011000000111010001000001111100110000111010110000011001101100111011110001110110001110110011111000111000010000100010000001111000000011110011000000000110111000000011111110000011111110000011011111000010110100001011010000011110000111001011001011000110010010000')
DEBUG:root:Matched frame over all scan:499

DEBUG:root:Errors over all scan:30

DEBUG:root:Result:replica detected
DEBUG:root:Match or Not:True
DEBUG:root:Under real time Point counter:0.254070043564

DEBUG:root:Extracted signature:bitarray('11011000000111011001100000111010001100001111100110000011110110000011011001100111001110001100110001101110011111000111000010000100010010001111100000011110111110000000110111100000011111110000011111110000011011111000010110110001011110000011110000111000011000011000110010010000')
DEBUG:root:Matched frame over all scan:500

DEBUG:root:Errors over all scan:36

DEBUG:root:Result:replica detected
DEBUG:root:Match or Not:True
DEBUG:root:Under real time Point counter:0.26461315155

DEBUG:root:Extracted signature:bitarray('11011000000111011000010000111010001100001111100110000011010110000011011001100111101110001110110001111110001111000011000010000100010010001111110000011110111110000000110111100000001111110000011111110000011011101000010110110001011110000011110000111000011000011000110010010000')
DEBUG:root:Matched frame over all scan:508

DEBUG:root:Errors over all scan:32

DEBUG:root:Result:replica detected
DEBUG:root:Match or Not:True
DEBUG:root:Under real time Point counter:0.252426147461

DEBUG:root:Extracted signature:bitarray('10010010000111011000010000111110000100000111100110000011010110000011011001100011111110001111110001111110000111000011000011000100010010001111110000011110011110000000110111100000001111110000011011110000001011100100010110110001011110000011110000111000011000011000110010000000')
DEBUG:root:Matched frame over all scan:508

DEBUG:root:Errors over all scan:37

DEBUG:root:Result:replica detected
DEBUG:root:Match or Not:True
DEBUG:root:Under real time Point counter:0.253687858582

DEBUG:root:Extracted signature:bitarray('10010011000111111000011000111110000110000111100110000011010100000011011001100011101110001110110001111110000111000011000011000100010010001111111000011110111011000000110110110000001111110000011011110000011011000000010110110000011110000011110000111000011000011000110010010000')
DEBUG:root:Matched frame over all scan:515

DEBUG:root:Errors over all scan:33

DEBUG:root:Result:replica detected
DEBUG:root:Match or Not:True
DEBUG:root:Under real time Point counter:0.251951932907

DEBUG:root:Extracted signature:bitarray('10010011000111011000011000111110000110000111100110000011010100000011011001100011101110001110110000111110000111000011000011000100010010001111111000011110111011000000110110110000001111111000011011110000001011000000000110110000011110000011110000111000011000011000110010010000')
DEBUG:root:Matched frame over all scan:517

DEBUG:root:Errors over all scan:35

DEBUG:root:Result:replica detected
DEBUG:root:Match or Not:True
DEBUG:root:Under real time Point counter:0.254847049713

DEBUG:root:Extracted signature:bitarray('10010011000111011000011000111110000110000111100011000011010010000011011001100011110110001110110000111110000111000011000011000100010010001111111000011110111011000000110110110000001111111000011011110000011011100000010110110000011010000011110000111000011000011000110010010000')
DEBUG:root:Matched frame over all scan:515

DEBUG:root:Errors over all scan:36

DEBUG:root:Result:replica detected
DEBUG:root:Match or Not:True
DEBUG:root:Under real time Point counter:0.258383989334

DEBUG:root:Extracted signature:bitarray('10010001100111011000001100011110000011000111100001000011010011000011011101100011110010001110011000110010000111000011000011000100010010001111101100001110111001100000110110011000001111011000000011111000001011100000010110011000011011000011010000111100011100011000110010010000')
DEBUG:root:Matched frame over all scan:519

DEBUG:root:Errors over all scan:48

DEBUG:root:Result:replica detected
DEBUG:root:Match or Not:True
DEBUG:root:Under real time Point counter:0.255338907242

DEBUG:root:Extracted signature:bitarray('10010000000111011000000000111110000000001111000000000011110000110011010111100011111001000111000000011000000110000011000011000100010010001011000100001100111000000011100110000001111011000111011011011110000011110010000110001000011001000011000000110100011100011000110010000000')
DEBUG:root:Matched frame over all scan:521

DEBUG:root:Errors over all scan:57

DEBUG:root:Result:tau3_fail
DEBUG:root:Match or Not:False
DEBUG:root:Under real time Point counter:0.256704807281

DEBUG:root:Extracted signature:bitarray('10011000000111011001000100011110010001000111100000000011100000110011010011000000111100000111100000111000000110000010000010000100010000101011000100001110111000000011110110000001111011000011111001000111110011011000100111000010011100001011000000110001011001011000110010010000')
DEBUG:root:Matched frame over all scan:522

DEBUG:root:Errors over all scan:53

DEBUG:root:Result:replica detected
DEBUG:root:Match or Not:True
DEBUG:root:Under real time Point counter:0.255926132202

DEBUG:root:Extracted signature:bitarray('10011000000111011001000100011110000001001111000000010011010000110011010011100000111100000111100000111000000110000010000010000100010000100011100100011110011100000011100111000011111010100111111011000111110011011000100111100010011100001011000000110001011001011010100010010000')
DEBUG:root:Matched frame over all scan:522

DEBUG:root:Errors over all scan:51

DEBUG:root:Result:tau3_fail
DEBUG:root:Match or Not:False
DEBUG:root:Under real time Point counter:0.255510091782

DEBUG:root:Extracted signature:bitarray('10010000000111111000000000011110000000001111100000000011010000110011010011000000111100000111100001111000000110000010000010000100010000101111100000001110111110000011100001100011111010110011111011000111110011011000100111100010011100001011000010110001011001011010100010010000')
DEBUG:root:Matched frame over all scan:528

DEBUG:root:Errors over all scan:51

DEBUG:root:Result:tau3_fail
DEBUG:root:Match or Not:False
DEBUG:root:Under real time Point counter:0.259186983109

DEBUG:root:Extracted signature:bitarray('10010000000111111000000100011110000001000111100000000111100000111011010011100000111100000011100000111000011100000110000110001100010001101111000100001110111000000011110010000001111011000011111001100111110011011001000111100110011100001011000010110001010001010010101010010000')
DEBUG:root:Matched frame over all scan:541

DEBUG:root:Errors over all scan:51

DEBUG:root:Result:replica detected
DEBUG:root:Match or Not:True
DEBUG:root:Under real time Point counter:0.255655050278

DEBUG:root:Extracted signature:bitarray('10010000000111011000001100011110000011001111000000100111100000111011000011100000011110001101110001111000001110000010000010000100010011100111000100011110011000000011110010000001111000100101111001100111111001011100100111110001011110000011000000110000011000011000100010010000')
DEBUG:root:Matched frame over all scan:540

DEBUG:root:Errors over all scan:46

DEBUG:root:Result:replica detected
DEBUG:root:Match or Not:True
DEBUG:root:Under real time Point counter:0.250334978104

DEBUG:root:Extracted signature:bitarray('10010000000111111000001100011110000011000111100000000111100000111011000011110010011110001101110000111000000110000010000010000100010000101111000100011110111000000011110010000001111000000001111001100011110001011110110111110001001110000011000000110000010000010000100010010000')
DEBUG:root:Matched frame over all scan:540

DEBUG:root:Errors over all scan:39

DEBUG:root:Result:replica detected
DEBUG:root:Match or Not:True
DEBUG:root:Under real time Point counter:0.257838010788

DEBUG:root:Extracted signature:bitarray('10010000000111011000001100011110000011000111000000000111100000111011000011110010001110001101110000111000001110000010000010000100010010100011000100011110011000000011110010000001111000100001111000110011101001011110000111110001001110000011000000110000011000010000100010010000')
DEBUG:root:Matched frame over all scan:541

DEBUG:root:Errors over all scan:44

DEBUG:root:Result:replica detected
DEBUG:root:Match or Not:True
DEBUG:root:Under real time Point counter:0.273277997971

DEBUG:root:Extracted signature:bitarray('10010000000111111000000100011110000001000111100000000111100000001111100001110011001111000101111000011100000110000010000011000100010011100111000100001110011000000000110010000000111100100000111000110001111001001111010110111000001111000011100000110000011000011000100010010000')
DEBUG:root:Matched frame over all scan:542

DEBUG:root:Errors over all scan:56

DEBUG:root:Result:tau3_fail
DEBUG:root:Match or Not:False
DEBUG:root:Under real time Point counter:0.280977964401

DEBUG:root:Extracted signature:bitarray('10000000000111011000000000111010000000001110100000000010010000110010010011100110011111111101111111101111111011001111000010000101101101100111000100011110011000000000110010000000000100100000010010011000010011011001110110100111001111110001111000011100011100011000111100101000')
DEBUG:root:Matched frame over all scan:546

DEBUG:root:Errors over all scan:48

DEBUG:root:Result:replica detected
DEBUG:root:Match or Not:True
DEBUG:root:Under real time Point counter:0.276607990265

DEBUG:root:Extracted signature:bitarray('11000001000111011000000000111110000000000111100000000011110000110011100011001111011100111101111111101111111011111101011100111001100101100111000100011110011000000000110010000000000110000000010010011000000011010000100110100011011110111001111110011111001101001000010001001000')
DEBUG:root:Matched frame over all scan:548

DEBUG:root:Errors over all scan:50

DEBUG:root:Result:tau3_fail
DEBUG:root:Match or Not:False
DEBUG:root:Under real time Point counter:0.258239030838

DEBUG:root:Extracted signature:bitarray('10000001000111011000001000111110000010001111100001000111100001100111000011001111001111111101111111101111111011111101111001100100010000000111000100011110011000000001010010000000000100100000000010011000000011010000100110100011011110011011111110011111001110001000010001010000')
DEBUG:root:Matched frame over all scan:550

DEBUG:root:Errors over all scan:49

DEBUG:root:Result:replica detected
DEBUG:root:Match or Not:True
DEBUG:root:Under real time Point counter:0.251549959183

DEBUG:root:Extracted signature:bitarray('10000001000111010000001000111110000000001111100000000111000000001111100111111111011111111101111111101111111011111101111101111011101100000111000100011110011000000000010010000000000100100000100010011000010011010000100110100011111110001011110110101111010111011110011001000000')
DEBUG:root:Matched frame over all scan:550

DEBUG:root:Errors over all scan:53

DEBUG:root:Result:tau3_fail
DEBUG:root:Match or Not:False
DEBUG:root:Under real time Point counter:0.252383947372

DEBUG:root:Extracted signature:bitarray('10001001000111010001000000111010010000001111100001110111100001110111100111001111011100111001100010011001000111100011100011111011111111101111000000011110011000000000110010000000001110100000000111011000000111010000001111100000110110000110110001101100110111110101101110111000')
DEBUG:root:Matched frame over all scan:552

DEBUG:root:Errors over all scan:52

DEBUG:root:Result:replica detected
DEBUG:root:Match or Not:True
DEBUG:root:Under real time Point counter:0.249733924866

DEBUG:root:Extracted signature:bitarray('10011001100111011011001100000010011111000000100111100000010111000001010111000000101110000011111000001110000011100011100011100110010011100111000100011110011000000000110010000000000100100000000010011000000011011000000111100000011110000110110001101100010110010100100010010000')
DEBUG:root:Matched frame over all scan:555

DEBUG:root:Errors over all scan:44

DEBUG:root:Result:replica detected
DEBUG:root:Match or Not:True
DEBUG:root:Under real time Point counter:0.26011800766

DEBUG:root:Extracted signature:bitarray('10000001100111110000001111111010110001111110111000001111010000001111110000000111000100011100110001100110011011101111100111100110011011100111000100011110011000000000110010000000001110100000000011011000000011011000000110100000111110000111010001101100010110010100100010010000')
DEBUG:root:Matched frame over all scan:559

DEBUG:root:Errors over all scan:48

DEBUG:root:Result:replica detected
DEBUG:root:Match or Not:True
DEBUG:root:Under real time Point counter:0.257796049118

DEBUG:root:Extracted signature:bitarray('11111001111111111110001111111101100011111111000001111111100011111111101111111000011111100001111100001111001011001111000111000100010111111111111111111011111111111111001111111111111001111111111100111111100100111111001001111100101111000111110000101000010000010000100010010000')
DEBUG:root:Matched frame over all scan:1735

DEBUG:root:Errors over all scan:52

DEBUG:root:Result:replica detected
DEBUG:root:Match or Not:True
DEBUG:root:Under real time Point counter:0.309509992599

DEBUG:root:Extracted signature:bitarray('11110111111111101100110111111101001001111111000111111111100111111101101111111011011111001101111001101110011111000111000111000100010011111111111111111101111111111111100111111111111001111111111100111111110100111111001001111100100111100110111000101100010100010000100010010000')
DEBUG:root:Matched frame over all scan:570

DEBUG:root:Errors over all scan:34

DEBUG:root:Result:replica detected
DEBUG:root:Match or Not:True
DEBUG:root:Under real time Point counter:0.275570869446

DEBUG:root:Extracted signature:bitarray('11110111111111101100110111111001000001111111000101111111100111111101101111110011011111000101111001101110011111000111000110000100010111111111111111111101111111111111100111111111111001111111111100111111110100111111001001111100100111100110111001101100010100010000100010010000')
DEBUG:root:Matched frame over all scan:569

DEBUG:root:Errors over all scan:30

DEBUG:root:Result:replica detected
DEBUG:root:Match or Not:True
DEBUG:root:Under real time Point counter:0.276133060455

DEBUG:root:Extracted signature:bitarray('11110111111111001100111111111101000001111111000111111111100111111111101111111011011111101101111001101110011011001111000111000100011111111111111111111101111111111111100111111111111001111111111100111111110100111111001001111100100111100110111000101100010100010000100010010000')
DEBUG:root:Matched frame over all scan:571

DEBUG:root:Errors over all scan:35

DEBUG:root:Result:replica detected
DEBUG:root:Match or Not:True
DEBUG:root:Under real time Point counter:0.27028298378

DEBUG:root:Extracted signature:bitarray('11110111111100011100111111100001001101111000000001111100100111111110101111101100011111111101111111101110011011001111000111000100011111111111111111111101111111111111100111111111111001111111111100111111111100111111101001111100100111100100111000101100010100010000100010010000')
DEBUG:root:Matched frame over all scan:574

DEBUG:root:Errors over all scan:38

DEBUG:root:Result:replica detected
DEBUG:root:Match or Not:True
DEBUG:root:Under real time Point counter:0.267488956451

DEBUG:root:Extracted signature:bitarray('11111001111100111100110100000011001110000011100111110011100111110001101111110001011111110001111110001111011011101101101101001100011111111111111111111101111111111111010111111111110101111111111100111111111100111111101001111100100111100100111001101100100100110000110010010000')
DEBUG:root:Matched frame over all scan:576

DEBUG:root:Errors over all scan:35

DEBUG:root:Result:replica detected
DEBUG:root:Match or Not:True
DEBUG:root:Under real time Point counter:0.274341106415

DEBUG:root:Extracted signature:bitarray('11000111111110001000111111110001000111111100000011111100100011111000101111100000110000000010000000010100000111000011100011000100010010111111111111111101111111111111100111111111111001111111111100111111111100111111000101111100010111100010111001101100110100110001100010011000')
DEBUG:root:Matched frame over all scan:579

DEBUG:root:Errors over all scan:34

DEBUG:root:Result:replica detected
DEBUG:root:Match or Not:True
DEBUG:root:Under real time Point counter:0.272095918655

DEBUG:root:Extracted signature:bitarray('10011111111111100011111111111100011111111111000111111101100111111000001111110000011100000001100000111000001100000011000011000100010010011111111111111101111111111111100111111111111001111111111100111111110100111111001001111100100111100110111000101100010100010000100110101000')
DEBUG:root:Matched frame over all scan:581

DEBUG:root:Errors over all scan:27

DEBUG:root:Result:replica detected
DEBUG:root:Match or Not:True
DEBUG:root:Under real time Point counter:0.261489152908

DEBUG:root:Extracted signature:bitarray('11111110011111101111111001111101111111011111011111110001101111110000101111100000011111000001111000011110000100100010111101111011111010111111111111111101111111111111100111111111111001111111111100111111110100111111001001111100100111100100111001001100110101010110111011010000')
DEBUG:root:Matched frame over all scan:584

DEBUG:root:Errors over all scan:23

DEBUG:root:Result:replica detected
DEBUG:root:Match or Not:True
DEBUG:root:Under real time Point counter:0.26814198494

DEBUG:root:Extracted signature:bitarray('11110001111111101111000000111101111110001111011111110001101111110001101111100001011111000011111100011110000111000010011100111011101101111111111111111101111111111111100111111111111000111111111100111111111100111111001001111100100111100100111001001100100101101111011010010000')
DEBUG:root:Matched frame over all scan:586

DEBUG:root:Errors over all scan:37

DEBUG:root:Result:replica detected
DEBUG:root:Match or Not:True
DEBUG:root:Under real time Point counter:0.271601915359

DEBUG:root:Extracted signature:bitarray('11110001111111101111100001111101111100001111011111000001101111100001101011100001011111000010011100010011000100111100111101111001100101111111111111111101111111111111100111111111111000111111111100111111111100111111001001111100100111100100111001001101101111101011011010010000')
DEBUG:root:Matched frame over all scan:590

DEBUG:root:Errors over all scan:32

DEBUG:root:Result:replica detected
DEBUG:root:Match or Not:True
DEBUG:root:Under real time Point counter:0.270438194275

DEBUG:root:Extracted signature:bitarray('11111000111111101111000001111100111100011111011111000001101111100000101111100001011111000010011100010011100100111100111101011000100101111111111111111101111111111111100111111111111000111111111100111111110100111111001001111100100111100100111111001111101111101010100010010000')
DEBUG:root:Matched frame over all scan:594

DEBUG:root:Errors over all scan:29

DEBUG:root:Result:replica detected
DEBUG:root:Match or Not:True
DEBUG:root:Under real time Point counter:0.282530784607

DEBUG:root:Extracted signature:bitarray('11111000111111101111000001111100111110011111011111000001101111100000101111100000011111000011011100010011100000111100111101011000100101111111111111111101111111111111100111111111111000111111111100111111111100111111001001111100100111100100111111001111101111101010101010010000')
DEBUG:root:Matched frame over all scan:595

DEBUG:root:Errors over all scan:27

DEBUG:root:Result:replica detected
DEBUG:root:Match or Not:True
DEBUG:root:Under real time Point counter:0.274991989136

DEBUG:root:Extracted signature:bitarray('11111000111111101111100001111100111100001111011111100001101111110000101111100000011111000010011100010011100000111100111101011000100001111111111111111101111111111111100111111111111000111111111100111111110100111111001001111100100111100100111111001111101111101010101010010000')
DEBUG:root:Matched frame over all scan:599

DEBUG:root:Errors over all scan:24

DEBUG:root:Result:replica detected
DEBUG:root:Match or Not:True
DEBUG:root:Under real time Point counter:0.268306016922

DEBUG:root:Extracted signature:bitarray('11110000111111101111100001111101111110011111011111100001101111100001101111100001011111000010011100010011100100111100111101011000100001111111111111111101111111111111100111111111111000111111111100111111110100111111001001111100100111100100111111001111101111101010101010010000')
DEBUG:root:Matched frame over all scan:598

DEBUG:root:Errors over all scan:26

DEBUG:root:Result:replica detected
DEBUG:root:Match or Not:True
DEBUG:root:Under real time Point counter:0.271546125412

DEBUG:root:Extracted signature:bitarray('11110000111111101111100001111101111110001111011111100001101111110001101111110001110111000010011100010011000100111100011100011100100101111111111111111101111111111111100111111111111000111111111100111111110100111111001001111100100111100100111111001111101111101010100010010000')
DEBUG:root:Matched frame over all scan:599

DEBUG:root:Errors over all scan:27

DEBUG:root:Result:replica detected
DEBUG:root:Match or Not:True
DEBUG:root:Under real time Point counter:0.271840810776

DEBUG:root:Extracted signature:bitarray('11110001111111101111100001111101111100001111011111000001101111100001101111100001110111000010011100010011000100111100111101111000100101111111111111111101111111111111100111111111111001111111111100111111111100111111001001111100100111100100111101001111101111101100100010010000')
DEBUG:root:Matched frame over all scan:594

DEBUG:root:Errors over all scan:28

DEBUG:root:Result:replica detected
DEBUG:root:Match or Not:True
DEBUG:root:Under real time Point counter:0.286038160324

DEBUG:root:Extracted signature:bitarray('11111111001111101111111001111101111111111111011111110111101111111011001100011000100001110010001111000011110001111001111101111010010011111111100000111001111100000011001111100000010011111000001101111100000101111110001011111100101111111001111110011111001111001100110011001000')
DEBUG:root:Matched frame over all scan:609

DEBUG:root:Errors over all scan:29

DEBUG:root:Result:replica detected
DEBUG:root:Match or Not:True
DEBUG:root:Under real time Point counter:0.276133060455

DEBUG:root:Extracted signature:bitarray('11111110011111101111111011111101111111111011011111111010001111011000011001110000100111000000111111001111110011111001111101111111111111111111100000011001111110000001101111110000001011111100000101111111000011111111000111111111001111111001111110011111001110001100110001001000')
DEBUG:root:Matched frame over all scan:614

DEBUG:root:Errors over all scan:25

DEBUG:root:Result:replica detected
DEBUG:root:Match or Not:True
DEBUG:root:Under real time Point counter:0.261195898056

DEBUG:root:Extracted signature:bitarray('11111110011111101111111011111101111110111111011111111010001111011000011101110000100111100000111111101111111011111101111101111011111111111111100000011001111110000001101111110000011011111100000101111110000011111111000111111111001111111001111110011111001110001100010001001000')
DEBUG:root:Matched frame over all scan:620

DEBUG:root:Errors over all scan:23

DEBUG:root:Result:replica detected
DEBUG:root:Match or Not:True
DEBUG:root:Under real time Point counter:0.258661031723

DEBUG:root:Extracted signature:bitarray('11111110011111101111111011011101111110110011011111011000001111011000011000010000100111110010111110000111110001111001111101111011111111111111100000011001111110000001101111110000011011111100000101111110000011111111000111111110001111111001111110011110001110011000110001001000')
DEBUG:root:Matched frame over all scan:624

DEBUG:root:Errors over all scan:29

DEBUG:root:Result:replica detected
DEBUG:root:Match or Not:True
DEBUG:root:Under real time Point counter:0.257822036743

DEBUG:root:Extracted signature:bitarray('11111110011111101111111011111101111111111111011111111010001111011000011001110000100111100100111111101111111011111101111101111011111111111111100000011001111110000001101111110000001011111100000101111111000011111111000111111111001111111001111110011111001110001100010001001000')
DEBUG:root:Matched frame over all scan:620

DEBUG:root:Errors over all scan:22

DEBUG:root:Result:replica detected
DEBUG:root:Match or Not:True
DEBUG:root:Under real time Point counter:0.256243944168

DEBUG:root:Extracted signature:bitarray('11111110011111101111111011001101111111110011011111111010001111011000011111110000100111100000111111101111111011111101111101111011101111111111110000011001111110000001101111110000011011111100000101111111000011111111000111111110001111111011111100011110001110001100010001001000')
DEBUG:root:Matched frame over all scan:624

DEBUG:root:Errors over all scan:25

DEBUG:root:Result:replica detected
DEBUG:root:Match or Not:True
DEBUG:root:Under real time Point counter:0.256831884384

DEBUG:root:Too small detection probably wrong
DEBUG:root:Real time1487955774.8

DEBUG:root:Extracted signature:bitarray('11111111011111101111111111011101111111111111011111111111101111011111101000011100000001110001001111100011111011111101111101111010010011111111100000111001111110000011001111110000010011111100000101111110000101111110001011111110101111111001111110011111001111001100010011000000')
DEBUG:root:Matched frame over all scan:608

DEBUG:root:Errors over all scan:32

DEBUG:root:Result:replica detected
DEBUG:root:Match or Not:True
DEBUG:root:Under real time Point counter:0.268369913101

DEBUG:root:Extracted signature:bitarray('11111110111110001111110111111001111110110111011111011111101111011111101100011111000001111100001111100011111011110011100011000100010000011110000011111001111000000111001111100000110011111000011101111100001101111110001011111101101111111001111110011110001110011000110011010000')
DEBUG:root:Matched frame over all scan:630

DEBUG:root:Errors over all scan:30

DEBUG:root:Result:replica detected
DEBUG:root:Match or Not:True
DEBUG:root:Under real time Point counter:0.268202066422

DEBUG:root:Extracted signature:bitarray('11111110011110001111110011100001111000111100011101111111101111111111101111111111011111111101111110001111100001111000111001110010001011111100000111100001110000011110001111000011100011110001110001111110111001111111110011111110011111100011110001011010101000101001010011010000')
DEBUG:root:Matched frame over all scan:632

DEBUG:root:Errors over all scan:46

DEBUG:root:Result:replica detected
DEBUG:root:Match or Not:True
DEBUG:root:Under real time Point counter:0.26691198349

DEBUG:root:Extracted signature:bitarray('11111111011110001111110011110001111000111111011100111111101101111111100011111111011111111101110011101100011100001110001100011011110000111000001111001001100000111101001110000111000011111111101001111111111001111111100011111000001110011011101110110001011001101001010001001000')
DEBUG:root:Matched frame over all scan:635

DEBUG:root:Errors over all scan:33

DEBUG:root:Result:replica detected
DEBUG:root:Match or Not:True
DEBUG:root:Under real time Point counter:0.257429838181

DEBUG:root:Extracted signature:bitarray('11100111001110001111111011110001111000111110011100111111101101111111101011111111011111111101111011101100011100001110001110011011010000111000011111011001000000111111001100001111010011100111101001111111111001111111100011111011001110111001011110111001011001011001010001101000')
DEBUG:root:Matched frame over all scan:638

DEBUG:root:Errors over all scan:27

DEBUG:root:Result:replica detected
DEBUG:root:Match or Not:True
DEBUG:root:Under real time Point counter:0.260693788528

DEBUG:root:Extracted signature:bitarray('10111100111111101111100111111101111100111110010011011100100011111111101111101011011111000111011000010110000100000010001100001100010011111111000011111101111100011111101111000111111011000001100101010001100101110001100011000110011001100011111000111100011100010000100010010000')
DEBUG:root:Matched frame over all scan:650

DEBUG:root:Errors over all scan:31

DEBUG:root:Result:replica detected
DEBUG:root:Match or Not:True
