DEBUG:root:Under real time Point counter:1.90734863281e-05

DEBUG:root:Real time1487472359.2

DEBUG:root:Real time1487472359.4

DEBUG:root:Real time1487472359.6

DEBUG:root:Real time1487472359.8

DEBUG:root:Real time1487472360.0

DEBUG:root:Real time1487472360.2

DEBUG:root:Real time1487472360.4

DEBUG:root:Real time1487472360.6

DEBUG:root:Real time1487472360.8

DEBUG:root:Real time1487472361.0

DEBUG:root:Real time1487472361.2

DEBUG:root:Real time1487472361.4

DEBUG:root:Real time1487472361.61

DEBUG:root:Real time1487472361.81

DEBUG:root:Real time1487472362.01

DEBUG:root:Too small detection probably wrong
DEBUG:root:Real time1487472362.21

DEBUG:root:Real time1487472362.41

DEBUG:root:Real time1487472362.61

DEBUG:root:Real time1487472362.81

DEBUG:root:Real time1487472363.01

DEBUG:root:Real time1487472363.21

DEBUG:root:Real time1487472363.41

DEBUG:root:Real time1487472363.61

DEBUG:root:Real time1487472363.81

DEBUG:root:Real time1487472364.01

DEBUG:root:Real time1487472364.21

DEBUG:root:Real time1487472364.41

DEBUG:root:Real time1487472364.61

DEBUG:root:Real time1487472364.81

DEBUG:root:Real time1487472365.01

DEBUG:root:Real time1487472365.22

DEBUG:root:Real time1487472365.42

DEBUG:root:Real time1487472365.62

DEBUG:root:Real time1487472365.82

DEBUG:root:Real time1487472366.02

DEBUG:root:Real time1487472366.22

DEBUG:root:Real time1487472366.42

DEBUG:root:Real time1487472366.62

DEBUG:root:Real time1487472366.82

DEBUG:root:Real time1487472367.03

DEBUG:root:Too small detection probably wrong
DEBUG:root:Real time1487472367.23

DEBUG:root:Too small detection probably wrong
DEBUG:root:Real time1487472367.43

DEBUG:root:Real time1487472367.63

DEBUG:root:Real time1487472367.83

DEBUG:root:Real time1487472368.03

DEBUG:root:Real time1487472368.23

DEBUG:root:Real time1487472368.43

DEBUG:root:Real time1487472368.63

DEBUG:root:Real time1487472368.83

DEBUG:root:Real time1487472369.03

DEBUG:root:Real time1487472369.23

DEBUG:root:Real time1487472369.43

DEBUG:root:Real time1487472369.64

DEBUG:root:Real time1487472369.84

DEBUG:root:Real time1487472370.04

DEBUG:root:Real time1487472370.24

DEBUG:root:Real time1487472370.44

DEBUG:root:Real time1487472370.64

DEBUG:root:Real time1487472370.84

DEBUG:root:Real time1487472371.04

DEBUG:root:Real time1487472371.24

DEBUG:root:Real time1487472371.44

DEBUG:root:Real time1487472371.64

DEBUG:root:Real time1487472371.84

DEBUG:root:Real time1487472372.04

DEBUG:root:Real time1487472372.25

DEBUG:root:Real time1487472372.45

DEBUG:root:Real time1487472372.65

DEBUG:root:Real time1487472372.85

DEBUG:root:Real time1487472373.05

DEBUG:root:Real time1487472373.25

DEBUG:root:Real time1487472373.45

DEBUG:root:Real time1487472373.65

DEBUG:root:Real time1487472373.85

DEBUG:root:Real time1487472374.05

DEBUG:root:Real time1487472374.25

DEBUG:root:Real time1487472374.45

DEBUG:root:Real time1487472374.65

DEBUG:root:Real time1487472374.85

DEBUG:root:Real time1487472375.05

DEBUG:root:Real time1487472375.26

DEBUG:root:Real time1487472375.46

DEBUG:root:Real time1487472375.66

DEBUG:root:Real time1487472375.86

DEBUG:root:Real time1487472376.06

DEBUG:root:Real time1487472376.26

DEBUG:root:Real time1487472376.46

DEBUG:root:Real time1487472376.66

DEBUG:root:Real time1487472376.86

DEBUG:root:Real time1487472377.06

DEBUG:root:Real time1487472377.26

DEBUG:root:Real time1487472377.46

DEBUG:root:Real time1487472377.66

DEBUG:root:Real time1487472377.86

DEBUG:root:Real time1487472378.07

DEBUG:root:Real time1487472378.27

DEBUG:root:Real time1487472378.47

DEBUG:root:Real time1487472378.67

DEBUG:root:Real time1487472378.87

DEBUG:root:Real time1487472379.07

DEBUG:root:Real time1487472379.27

DEBUG:root:Real time1487472379.47

DEBUG:root:Real time1487472379.67

DEBUG:root:Real time1487472379.87

DEBUG:root:Real time1487472380.07

DEBUG:root:Real time1487472380.27

DEBUG:root:Real time1487472380.47

DEBUG:root:Real time1487472380.68

DEBUG:root:Real time1487472380.88

DEBUG:root:Real time1487472381.08

DEBUG:root:Too small detection probably wrong
DEBUG:root:Real time1487472381.28

DEBUG:root:Real time1487472381.48

DEBUG:root:Real time1487472381.68

DEBUG:root:Real time1487472381.88

DEBUG:root:Real time1487472382.08

DEBUG:root:Real time1487472382.28

DEBUG:root:Real time1487472382.48

DEBUG:root:Real time1487472382.68

DEBUG:root:Real time1487472382.88

DEBUG:root:Real time1487472383.08

DEBUG:root:Real time1487472383.28

DEBUG:root:Real time1487472383.48

DEBUG:root:Real time1487472383.68

DEBUG:root:Real time1487472383.88

DEBUG:root:Real time1487472384.08

DEBUG:root:Real time1487472384.29

DEBUG:root:Real time1487472384.49

DEBUG:root:Real time1487472384.69

DEBUG:root:Real time1487472384.89

DEBUG:root:Real time1487472385.09

DEBUG:root:Real time1487472385.29

DEBUG:root:Real time1487472385.49

DEBUG:root:Real time1487472385.69

DEBUG:root:Real time1487472385.89

DEBUG:root:Real time1487472386.09

DEBUG:root:Real time1487472386.29

DEBUG:root:Real time1487472386.49

DEBUG:root:Real time1487472386.69

DEBUG:root:Real time1487472386.89

DEBUG:root:Real time1487472387.09

DEBUG:root:Real time1487472387.29

DEBUG:root:Real time1487472387.49

DEBUG:root:Real time1487472387.7

DEBUG:root:Real time1487472387.9

DEBUG:root:Real time1487472388.1

DEBUG:root:Real time1487472388.3

DEBUG:root:Real time1487472388.5

DEBUG:root:Real time1487472388.7

DEBUG:root:Real time1487472388.9

DEBUG:root:Real time1487472389.1

DEBUG:root:Real time1487472389.3

DEBUG:root:Real time1487472389.5

DEBUG:root:Real time1487472389.7

DEBUG:root:Real time1487472389.9

DEBUG:root:Real time1487472390.11

DEBUG:root:Real time1487472390.31

DEBUG:root:Real time1487472390.51

DEBUG:root:Real time1487472390.71

DEBUG:root:Real time1487472390.91

DEBUG:root:Real time1487472391.11

DEBUG:root:Real time1487472391.31

DEBUG:root:Real time1487472391.51

DEBUG:root:Real time1487472391.71

DEBUG:root:Real time1487472391.91

DEBUG:root:Real time1487472392.11

DEBUG:root:Real time1487472392.31

DEBUG:root:Real time1487472392.51

DEBUG:root:Real time1487472392.71

DEBUG:root:Real time1487472392.92

DEBUG:root:Real time1487472393.12

DEBUG:root:Real time1487472393.32

DEBUG:root:Real time1487472393.52

DEBUG:root:Real time1487472393.72

DEBUG:root:Real time1487472393.92

DEBUG:root:Real time1487472394.12

DEBUG:root:Real time1487472394.32

DEBUG:root:Real time1487472394.52

DEBUG:root:Real time1487472394.72

DEBUG:root:Real time1487472394.92

DEBUG:root:Real time1487472395.12

DEBUG:root:Real time1487472395.32

DEBUG:root:Real time1487472395.53

DEBUG:root:Real time1487472395.73

DEBUG:root:Real time1487472395.93

DEBUG:root:Real time1487472396.13

DEBUG:root:Real time1487472396.33

DEBUG:root:Real time1487472396.53

DEBUG:root:Real time1487472396.73

DEBUG:root:Real time1487472396.93

DEBUG:root:Real time1487472397.13

DEBUG:root:Real time1487472397.33

DEBUG:root:Real time1487472397.54

DEBUG:root:Real time1487472397.74

DEBUG:root:Real time1487472397.94

DEBUG:root:Real time1487472398.14

DEBUG:root:Real time1487472398.34

DEBUG:root:Real time1487472398.54

DEBUG:root:Real time1487472398.74

DEBUG:root:Real time1487472398.94

DEBUG:root:Real time1487472399.14

DEBUG:root:Real time1487472399.34

DEBUG:root:Real time1487472399.54

DEBUG:root:Real time1487472399.74

DEBUG:root:Real time1487472399.94

DEBUG:root:Real time1487472400.14

DEBUG:root:Real time1487472400.35

DEBUG:root:Real time1487472400.55

DEBUG:root:Real time1487472400.75

DEBUG:root:Real time1487472400.95

DEBUG:root:Real time1487472401.15

DEBUG:root:Real time1487472401.35

DEBUG:root:Real time1487472401.55

DEBUG:root:Real time1487472401.75

DEBUG:root:Real time1487472401.95

DEBUG:root:Real time1487472402.15

DEBUG:root:Real time1487472402.36

DEBUG:root:Real time1487472402.56

DEBUG:root:Real time1487472402.76

DEBUG:root:Real time1487472402.96

DEBUG:root:Real time1487472403.16

DEBUG:root:Real time1487472403.36

DEBUG:root:Real time1487472403.56

DEBUG:root:Real time1487472403.76

DEBUG:root:Real time1487472403.96

DEBUG:root:Real time1487472404.16

DEBUG:root:Real time1487472404.36

DEBUG:root:Real time1487472404.56

DEBUG:root:Real time1487472404.76

DEBUG:root:Real time1487472404.96

DEBUG:root:Real time1487472405.16

DEBUG:root:Real time1487472405.36

DEBUG:root:Real time1487472405.56

DEBUG:root:Real time1487472405.76

DEBUG:root:Real time1487472405.97

DEBUG:root:Real time1487472406.17

DEBUG:root:Real time1487472406.37

DEBUG:root:Real time1487472406.57

DEBUG:root:Real time1487472406.77

DEBUG:root:Real time1487472406.97

DEBUG:root:Real time1487472407.17

DEBUG:root:Real time1487472407.37

DEBUG:root:Real time1487472407.57

DEBUG:root:Real time1487472407.77

DEBUG:root:Real time1487472407.97

DEBUG:root:Real time1487472408.17

DEBUG:root:Real time1487472408.37

DEBUG:root:Real time1487472408.58

DEBUG:root:Real time1487472408.78

DEBUG:root:Real time1487472408.98

DEBUG:root:Real time1487472409.18

DEBUG:root:Real time1487472409.38

DEBUG:root:Real time1487472409.58

DEBUG:root:Real time1487472409.78

DEBUG:root:Real time1487472409.98

DEBUG:root:Too small detection probably wrong
DEBUG:root:Real time1487472410.18

DEBUG:root:Real time1487472410.38

DEBUG:root:Real time1487472410.58

DEBUG:root:Real time1487472410.78

DEBUG:root:Real time1487472410.98

DEBUG:root:Real time1487472411.18

DEBUG:root:Real time1487472411.38

DEBUG:root:Real time1487472411.59

DEBUG:root:Real time1487472411.79

DEBUG:root:Real time1487472411.99

DEBUG:root:Real time1487472412.19

DEBUG:root:Real time1487472412.39

DEBUG:root:Too small detection probably wrong
DEBUG:root:Real time1487472412.59

DEBUG:root:Real time1487472412.79

DEBUG:root:Real time1487472412.99

DEBUG:root:Real time1487472413.19

DEBUG:root:Real time1487472413.39

DEBUG:root:Too small detection probably wrong
DEBUG:root:Real time1487472413.59

DEBUG:root:Real time1487472413.8

DEBUG:root:Real time1487472414.0

DEBUG:root:Real time1487472414.2

DEBUG:root:Real time1487472414.4

DEBUG:root:Real time1487472414.6

DEBUG:root:Real time1487472414.8

DEBUG:root:Real time1487472415.0

DEBUG:root:Real time1487472415.2

DEBUG:root:Real time1487472415.4

DEBUG:root:Real time1487472415.6

DEBUG:root:Real time1487472415.8

DEBUG:root:Real time1487472416.0

DEBUG:root:Real time1487472416.2

DEBUG:root:Real time1487472416.4

DEBUG:root:Real time1487472416.61

DEBUG:root:Real time1487472416.81

DEBUG:root:Real time1487472417.01

DEBUG:root:Real time1487472417.21

DEBUG:root:Real time1487472417.41

DEBUG:root:Real time1487472417.61

DEBUG:root:Real time1487472417.81

DEBUG:root:Real time1487472418.01

DEBUG:root:Real time1487472418.21

DEBUG:root:Real time1487472418.41

DEBUG:root:Real time1487472418.62

DEBUG:root:Real time1487472418.82

DEBUG:root:Real time1487472419.02

DEBUG:root:Real time1487472419.22

DEBUG:root:Real time1487472419.42

DEBUG:root:Real time1487472419.62

DEBUG:root:Real time1487472419.82

DEBUG:root:Real time1487472420.02

DEBUG:root:Real time1487472420.22

DEBUG:root:Real time1487472420.42

DEBUG:root:Real time1487472420.62

DEBUG:root:Real time1487472420.82

DEBUG:root:Real time1487472421.03

DEBUG:root:Real time1487472421.23

DEBUG:root:Real time1487472421.43

DEBUG:root:Real time1487472421.63

DEBUG:root:Real time1487472421.83

DEBUG:root:Real time1487472422.03

DEBUG:root:Real time1487472422.23

DEBUG:root:Real time1487472422.43

DEBUG:root:Real time1487472422.63

DEBUG:root:Real time1487472422.83

DEBUG:root:Real time1487472423.03

DEBUG:root:Real time1487472423.23

DEBUG:root:Real time1487472423.43

DEBUG:root:Real time1487472423.64

DEBUG:root:Real time1487472423.84

DEBUG:root:Real time1487472424.04

DEBUG:root:Real time1487472424.24

DEBUG:root:Real time1487472424.44

DEBUG:root:Real time1487472424.64

DEBUG:root:Real time1487472424.84

DEBUG:root:Real time1487472425.04

DEBUG:root:Real time1487472425.24

DEBUG:root:Real time1487472425.44

DEBUG:root:Real time1487472425.65

DEBUG:root:Real time1487472425.85

DEBUG:root:Real time1487472426.05

DEBUG:root:Real time1487472426.25

DEBUG:root:Real time1487472426.45

DEBUG:root:Real time1487472426.65

DEBUG:root:Real time1487472426.85

DEBUG:root:Real time1487472427.05

DEBUG:root:Real time1487472427.25

DEBUG:root:Real time1487472427.45

DEBUG:root:Real time1487472427.65

DEBUG:root:Real time1487472427.85

DEBUG:root:Real time1487472428.05

DEBUG:root:Real time1487472428.25

DEBUG:root:Real time1487472428.45

DEBUG:root:Real time1487472428.65

DEBUG:root:Real time1487472428.85

DEBUG:root:Real time1487472429.06

DEBUG:root:Real time1487472429.26

DEBUG:root:Too small detection probably wrong
DEBUG:root:Real time1487472429.46

DEBUG:root:Real time1487472429.66

DEBUG:root:Too small detection probably wrong
DEBUG:root:Real time1487472429.86

DEBUG:root:Real time1487472430.06

DEBUG:root:Real time1487472430.26

DEBUG:root:Real time1487472430.46

DEBUG:root:Too small detection probably wrong
DEBUG:root:Real time1487472430.66

DEBUG:root:Real time1487472430.86

DEBUG:root:Real time1487472431.06

DEBUG:root:Real time1487472431.26

DEBUG:root:Real time1487472431.46

DEBUG:root:Real time1487472431.66

DEBUG:root:Real time1487472431.87

DEBUG:root:Real time1487472432.07

DEBUG:root:Real time1487472432.27

DEBUG:root:Real time1487472432.47

DEBUG:root:Real time1487472432.67

DEBUG:root:Real time1487472432.87

DEBUG:root:Real time1487472433.07

DEBUG:root:Real time1487472433.27

DEBUG:root:Real time1487472433.47

DEBUG:root:Real time1487472433.67

DEBUG:root:Real time1487472433.87

DEBUG:root:Real time1487472434.07

DEBUG:root:Real time1487472434.28

DEBUG:root:Real time1487472434.48

DEBUG:root:Real time1487472434.68

DEBUG:root:Real time1487472434.88

DEBUG:root:Real time1487472435.08

DEBUG:root:Real time1487472435.28

DEBUG:root:Real time1487472435.48

DEBUG:root:Real time1487472435.68

DEBUG:root:Real time1487472435.88

DEBUG:root:Real time1487472436.08

DEBUG:root:Real time1487472436.28

DEBUG:root:Real time1487472436.48

DEBUG:root:Real time1487472436.68

DEBUG:root:Real time1487472436.88

DEBUG:root:Real time1487472437.08

DEBUG:root:Real time1487472437.28

DEBUG:root:Real time1487472437.48

DEBUG:root:Real time1487472437.69

DEBUG:root:Real time1487472437.89

DEBUG:root:Real time1487472438.09

DEBUG:root:Real time1487472438.29

DEBUG:root:Real time1487472438.49

DEBUG:root:Real time1487472438.69

DEBUG:root:Real time1487472438.89

DEBUG:root:Real time1487472439.09

DEBUG:root:Real time1487472439.29

DEBUG:root:Real time1487472439.49

DEBUG:root:Real time1487472439.69

DEBUG:root:Real time1487472439.89

DEBUG:root:Real time1487472440.09

DEBUG:root:Real time1487472440.3

DEBUG:root:Real time1487472440.5

DEBUG:root:Real time1487472440.7

DEBUG:root:Real time1487472440.9

DEBUG:root:Real time1487472441.1

DEBUG:root:Real time1487472441.3

DEBUG:root:Real time1487472441.5

DEBUG:root:Real time1487472441.7

DEBUG:root:Real time1487472441.9

DEBUG:root:Real time1487472442.1

DEBUG:root:Real time1487472442.31

DEBUG:root:Real time1487472442.51

DEBUG:root:Real time1487472442.71

DEBUG:root:Real time1487472442.91

DEBUG:root:Real time1487472443.11

DEBUG:root:Real time1487472443.31

DEBUG:root:Real time1487472443.51

DEBUG:root:Real time1487472443.71

DEBUG:root:Real time1487472443.91

DEBUG:root:Real time1487472444.11

DEBUG:root:Real time1487472444.31

DEBUG:root:Real time1487472444.51

DEBUG:root:Real time1487472444.71

DEBUG:root:Real time1487472444.92

DEBUG:root:Under real time Point counter:0.200385093689

DEBUG:root:Real time1487472445.32

DEBUG:root:Real time1487472445.52

DEBUG:root:Real time1487472445.72

DEBUG:root:Real time1487472445.92

DEBUG:root:Real time1487472446.12

DEBUG:root:Real time1487472446.32

DEBUG:root:Real time1487472446.52

DEBUG:root:Real time1487472446.72

DEBUG:root:Real time1487472446.92

DEBUG:root:Real time1487472447.12

DEBUG:root:Real time1487472447.32

DEBUG:root:Real time1487472447.52

DEBUG:root:Real time1487472447.72

DEBUG:root:Real time1487472447.92

DEBUG:root:Real time1487472448.13

DEBUG:root:Real time1487472448.33

DEBUG:root:Real time1487472448.53

DEBUG:root:Real time1487472448.73

DEBUG:root:Real time1487472448.93

DEBUG:root:Real time1487472449.13

DEBUG:root:Real time1487472449.33

DEBUG:root:Real time1487472449.53

DEBUG:root:Real time1487472449.73

DEBUG:root:Real time1487472449.93

DEBUG:root:Real time1487472450.14

DEBUG:root:Real time1487472450.34

DEBUG:root:Real time1487472450.54

DEBUG:root:Real time1487472450.74

DEBUG:root:Real time1487472450.94

DEBUG:root:Real time1487472451.14

DEBUG:root:Real time1487472451.34

DEBUG:root:Real time1487472451.54

DEBUG:root:Real time1487472451.74

DEBUG:root:Real time1487472451.94

DEBUG:root:Real time1487472452.15

DEBUG:root:Real time1487472452.35

DEBUG:root:Real time1487472452.55

DEBUG:root:Real time1487472452.75

DEBUG:root:Real time1487472452.95

DEBUG:root:Real time1487472453.15

DEBUG:root:Real time1487472453.35

DEBUG:root:Real time1487472453.55

DEBUG:root:Real time1487472453.75

DEBUG:root:Real time1487472453.95

DEBUG:root:Real time1487472454.15

DEBUG:root:Real time1487472454.35

DEBUG:root:Real time1487472454.56

DEBUG:root:Real time1487472454.76

DEBUG:root:Real time1487472454.96

DEBUG:root:Real time1487472455.16

DEBUG:root:Real time1487472455.36

DEBUG:root:Real time1487472455.56

DEBUG:root:Real time1487472455.76

DEBUG:root:Real time1487472455.96

DEBUG:root:Real time1487472456.16

DEBUG:root:Real time1487472456.36

DEBUG:root:Real time1487472456.56

DEBUG:root:Real time1487472456.76

DEBUG:root:Real time1487472456.97

DEBUG:root:Real time1487472457.17

DEBUG:root:Real time1487472457.37

DEBUG:root:Real time1487472457.57

DEBUG:root:Real time1487472457.77

DEBUG:root:Real time1487472457.97

DEBUG:root:Real time1487472458.17

DEBUG:root:Real time1487472458.37

DEBUG:root:Real time1487472458.57

DEBUG:root:Real time1487472458.77

DEBUG:root:Real time1487472458.97

DEBUG:root:Real time1487472459.17

DEBUG:root:Real time1487472459.37

DEBUG:root:Real time1487472459.57

DEBUG:root:Real time1487472459.77

DEBUG:root:Real time1487472459.97

DEBUG:root:Real time1487472460.18

DEBUG:root:Real time1487472460.38

DEBUG:root:Real time1487472460.58

DEBUG:root:Real time1487472460.78

DEBUG:root:Real time1487472460.98

DEBUG:root:Real time1487472461.18

DEBUG:root:Real time1487472461.38

DEBUG:root:Real time1487472461.58

DEBUG:root:Real time1487472461.78

DEBUG:root:Real time1487472461.98

DEBUG:root:Real time1487472462.18

DEBUG:root:Real time1487472462.38

DEBUG:root:Real time1487472462.58

DEBUG:root:Real time1487472462.78

DEBUG:root:Real time1487472462.98

DEBUG:root:Real time1487472463.19

DEBUG:root:Real time1487472463.39

DEBUG:root:Real time1487472463.59

DEBUG:root:Real time1487472463.79

DEBUG:root:Real time1487472463.99

DEBUG:root:Real time1487472464.19

DEBUG:root:Real time1487472464.39

DEBUG:root:Real time1487472464.59

DEBUG:root:Real time1487472464.79

DEBUG:root:Real time1487472464.99

DEBUG:root:Real time1487472465.2

DEBUG:root:Real time1487472465.4

DEBUG:root:Real time1487472465.6

DEBUG:root:Real time1487472465.8

DEBUG:root:Real time1487472466.0

DEBUG:root:Real time1487472466.2

DEBUG:root:Real time1487472466.4

DEBUG:root:Real time1487472466.6

DEBUG:root:Real time1487472466.8

DEBUG:root:Real time1487472467.01

DEBUG:root:Real time1487472467.21

DEBUG:root:Real time1487472467.41

DEBUG:root:Real time1487472467.61

DEBUG:root:Real time1487472467.81

DEBUG:root:Real time1487472468.01

DEBUG:root:Real time1487472468.21

DEBUG:root:Real time1487472468.41

DEBUG:root:Real time1487472468.61

DEBUG:root:Real time1487472468.81

DEBUG:root:Real time1487472469.01

DEBUG:root:Real time1487472469.21

DEBUG:root:Real time1487472469.41

DEBUG:root:Real time1487472469.61

DEBUG:root:Real time1487472469.81

DEBUG:root:Real time1487472470.01

DEBUG:root:Real time1487472470.21

DEBUG:root:Real time1487472470.41

DEBUG:root:Real time1487472470.62

DEBUG:root:Real time1487472470.82

DEBUG:root:Real time1487472471.02

DEBUG:root:Real time1487472471.22

DEBUG:root:Real time1487472471.42

DEBUG:root:Real time1487472471.62

DEBUG:root:Real time1487472471.82

DEBUG:root:Real time1487472472.02

DEBUG:root:Real time1487472472.22

DEBUG:root:Real time1487472472.42

DEBUG:root:Real time1487472472.62

DEBUG:root:Real time1487472472.83

DEBUG:root:Real time1487472473.03

DEBUG:root:Real time1487472473.23

DEBUG:root:Real time1487472473.43

DEBUG:root:Real time1487472473.63

DEBUG:root:Real time1487472473.83

DEBUG:root:Real time1487472474.03

DEBUG:root:Real time1487472474.23

DEBUG:root:Real time1487472474.43

DEBUG:root:Real time1487472474.63

DEBUG:root:Real time1487472474.84

DEBUG:root:Real time1487472475.04

DEBUG:root:Real time1487472475.24

DEBUG:root:Real time1487472475.44

DEBUG:root:Real time1487472475.64

DEBUG:root:Real time1487472475.84

DEBUG:root:Real time1487472476.04

DEBUG:root:Real time1487472476.24

DEBUG:root:Real time1487472476.44

DEBUG:root:Real time1487472476.64

DEBUG:root:Real time1487472476.84

DEBUG:root:Real time1487472477.04

DEBUG:root:Real time1487472477.24

DEBUG:root:Real time1487472477.44

DEBUG:root:Real time1487472477.64

DEBUG:root:Real time1487472477.85

DEBUG:root:Real time1487472478.05

DEBUG:root:Real time1487472478.25

DEBUG:root:Real time1487472478.45

DEBUG:root:Real time1487472478.65

DEBUG:root:Real time1487472478.85

DEBUG:root:Real time1487472479.05

DEBUG:root:Real time1487472479.25

DEBUG:root:Real time1487472479.45

DEBUG:root:Real time1487472479.65

DEBUG:root:Real time1487472479.85

DEBUG:root:Real time1487472480.05

DEBUG:root:Real time1487472480.25

DEBUG:root:Real time1487472480.46

DEBUG:root:Real time1487472480.66

DEBUG:root:Real time1487472480.86

DEBUG:root:Real time1487472481.06

DEBUG:root:Real time1487472481.26

DEBUG:root:Real time1487472481.46

DEBUG:root:Real time1487472481.66

DEBUG:root:Real time1487472481.86

DEBUG:root:Real time1487472482.06

DEBUG:root:Real time1487472482.26

DEBUG:root:Real time1487472482.46

DEBUG:root:Real time1487472482.66

DEBUG:root:Real time1487472482.87

DEBUG:root:Real time1487472483.07

DEBUG:root:Real time1487472483.27

DEBUG:root:Real time1487472483.47

DEBUG:root:Real time1487472483.67

DEBUG:root:Real time1487472483.87

DEBUG:root:Real time1487472484.07

DEBUG:root:Real time1487472484.27

DEBUG:root:Real time1487472484.47

DEBUG:root:Real time1487472484.67

DEBUG:root:Real time1487472484.87

DEBUG:root:Real time1487472485.08

DEBUG:root:Real time1487472485.28

DEBUG:root:Real time1487472485.48

DEBUG:root:Real time1487472485.68

DEBUG:root:Real time1487472485.88

DEBUG:root:Real time1487472486.08

DEBUG:root:Real time1487472486.28

DEBUG:root:Real time1487472486.48

DEBUG:root:Real time1487472486.68

DEBUG:root:Real time1487472486.88

DEBUG:root:Real time1487472487.08

DEBUG:root:Real time1487472487.28

DEBUG:root:Real time1487472487.48

DEBUG:root:Real time1487472487.68

DEBUG:root:Real time1487472487.89

DEBUG:root:Real time1487472488.09

DEBUG:root:Real time1487472488.29

DEBUG:root:Real time1487472488.49

DEBUG:root:Real time1487472488.69

DEBUG:root:Real time1487472488.89

DEBUG:root:Real time1487472489.09

DEBUG:root:Real time1487472489.29

DEBUG:root:Real time1487472489.49

DEBUG:root:Real time1487472489.69

DEBUG:root:Real time1487472489.9

DEBUG:root:Real time1487472490.1

DEBUG:root:Real time1487472490.3

DEBUG:root:Real time1487472490.5

DEBUG:root:Real time1487472490.7

DEBUG:root:Real time1487472490.9

DEBUG:root:Real time1487472491.1

DEBUG:root:Real time1487472491.3

DEBUG:root:Real time1487472491.5

DEBUG:root:Real time1487472491.71

DEBUG:root:Real time1487472491.91

DEBUG:root:Real time1487472492.11

DEBUG:root:Real time1487472492.31

DEBUG:root:Real time1487472492.51

DEBUG:root:Real time1487472492.71

DEBUG:root:Real time1487472492.91

DEBUG:root:Real time1487472493.11

DEBUG:root:Real time1487472493.31

DEBUG:root:Real time1487472493.51

DEBUG:root:Real time1487472493.71

DEBUG:root:Real time1487472493.91

DEBUG:root:Real time1487472494.12

DEBUG:root:Real time1487472494.32

DEBUG:root:Real time1487472494.52

DEBUG:root:Real time1487472494.72

DEBUG:root:Real time1487472494.92

DEBUG:root:Real time1487472495.12

DEBUG:root:Real time1487472495.32

DEBUG:root:Real time1487472495.52

DEBUG:root:Real time1487472495.72

DEBUG:root:Real time1487472495.92

DEBUG:root:Real time1487472496.12

DEBUG:root:Real time1487472496.33

DEBUG:root:Real time1487472496.53

DEBUG:root:Real time1487472496.73

DEBUG:root:Real time1487472496.93

DEBUG:root:Real time1487472497.13

DEBUG:root:Too small detection probably wrong
DEBUG:root:Real time1487472497.33

DEBUG:root:Real time1487472497.53

DEBUG:root:Real time1487472497.73

DEBUG:root:Real time1487472497.93

DEBUG:root:Real time1487472498.13

DEBUG:root:Real time1487472498.33

DEBUG:root:Real time1487472498.53

DEBUG:root:Real time1487472498.73

DEBUG:root:Real time1487472498.93

DEBUG:root:Real time1487472499.14

DEBUG:root:Real time1487472499.34

DEBUG:root:Real time1487472499.54

DEBUG:root:Real time1487472499.74

DEBUG:root:Real time1487472499.94

DEBUG:root:Real time1487472500.14

DEBUG:root:Real time1487472500.34

DEBUG:root:Real time1487472500.54

DEBUG:root:Real time1487472500.74

DEBUG:root:Real time1487472500.94

DEBUG:root:Real time1487472501.14

DEBUG:root:Real time1487472501.34

DEBUG:root:Real time1487472501.54

DEBUG:root:Real time1487472501.74

DEBUG:root:Real time1487472501.94

DEBUG:root:Real time1487472502.15

DEBUG:root:Real time1487472502.35

DEBUG:root:Real time1487472502.55

DEBUG:root:Real time1487472502.75

DEBUG:root:Real time1487472502.95

DEBUG:root:Real time1487472503.15

DEBUG:root:Real time1487472503.35

DEBUG:root:Real time1487472503.55

DEBUG:root:Real time1487472503.75

DEBUG:root:Real time1487472503.95

DEBUG:root:Real time1487472504.15

DEBUG:root:Real time1487472504.35

DEBUG:root:Real time1487472504.56

DEBUG:root:Real time1487472504.76

DEBUG:root:Real time1487472504.96

DEBUG:root:Real time1487472505.16

DEBUG:root:Real time1487472505.36

DEBUG:root:Real time1487472505.56

DEBUG:root:Real time1487472505.76

DEBUG:root:Real time1487472505.96

DEBUG:root:Real time1487472506.16

DEBUG:root:Real time1487472506.36

DEBUG:root:Real time1487472506.56

DEBUG:root:Real time1487472506.76

DEBUG:root:Real time1487472506.96

DEBUG:root:Real time1487472507.16

DEBUG:root:Real time1487472507.37

DEBUG:root:Real time1487472507.57

DEBUG:root:Real time1487472507.77

DEBUG:root:Real time1487472507.97

DEBUG:root:Real time1487472508.17

DEBUG:root:Real time1487472508.37

DEBUG:root:Real time1487472508.57

DEBUG:root:Real time1487472508.77

DEBUG:root:Real time1487472508.97

DEBUG:root:Real time1487472509.17

DEBUG:root:Real time1487472509.37

DEBUG:root:Real time1487472509.57

DEBUG:root:Real time1487472509.77

DEBUG:root:Real time1487472509.97

DEBUG:root:Real time1487472510.18

DEBUG:root:Real time1487472510.38

DEBUG:root:Real time1487472510.58

DEBUG:root:Real time1487472510.78

DEBUG:root:Real time1487472510.98

DEBUG:root:Real time1487472511.18

DEBUG:root:Real time1487472511.38

DEBUG:root:Real time1487472511.58

DEBUG:root:Real time1487472511.78

DEBUG:root:Real time1487472511.98

DEBUG:root:Too small detection probably wrong
DEBUG:root:Real time1487472512.18

DEBUG:root:Real time1487472512.39

DEBUG:root:Real time1487472512.59

DEBUG:root:Real time1487472512.79

DEBUG:root:Real time1487472512.99

DEBUG:root:Real time1487472513.19

DEBUG:root:Real time1487472513.39

DEBUG:root:Real time1487472513.59

DEBUG:root:Real time1487472513.79

DEBUG:root:Real time1487472513.99

DEBUG:root:Real time1487472514.19

DEBUG:root:Real time1487472514.39

DEBUG:root:Real time1487472514.59

DEBUG:root:Real time1487472514.79

DEBUG:root:Real time1487472514.99

DEBUG:root:Real time1487472515.19

DEBUG:root:Real time1487472515.39

DEBUG:root:Real time1487472515.59

DEBUG:root:Real time1487472515.8

DEBUG:root:Real time1487472516.0

DEBUG:root:Real time1487472516.2

DEBUG:root:Real time1487472516.4

DEBUG:root:Real time1487472516.6

DEBUG:root:Real time1487472516.8

DEBUG:root:Real time1487472517.0

DEBUG:root:Real time1487472517.2

DEBUG:root:Real time1487472517.4

DEBUG:root:Real time1487472517.6

DEBUG:root:Real time1487472517.8

DEBUG:root:Real time1487472518.0

DEBUG:root:Real time1487472518.2

DEBUG:root:Real time1487472518.41

DEBUG:root:Real time1487472518.61

DEBUG:root:Real time1487472518.81

DEBUG:root:Real time1487472519.01

DEBUG:root:Real time1487472519.21

DEBUG:root:Real time1487472519.41

DEBUG:root:Real time1487472519.61

DEBUG:root:Real time1487472519.81

DEBUG:root:Real time1487472520.01

DEBUG:root:Real time1487472520.21

DEBUG:root:Real time1487472520.41

DEBUG:root:Real time1487472520.61

DEBUG:root:Real time1487472520.81

DEBUG:root:Real time1487472521.01

DEBUG:root:Real time1487472521.21

DEBUG:root:Real time1487472521.42

DEBUG:root:Real time1487472521.62

DEBUG:root:Real time1487472521.82

DEBUG:root:Real time1487472522.02

DEBUG:root:Real time1487472522.22

DEBUG:root:Real time1487472522.42

DEBUG:root:Real time1487472522.62

DEBUG:root:Real time1487472522.82

DEBUG:root:Real time1487472523.02

DEBUG:root:Real time1487472523.22

DEBUG:root:Real time1487472523.42

DEBUG:root:Real time1487472523.62

DEBUG:root:Real time1487472523.82

DEBUG:root:Real time1487472524.02

DEBUG:root:Real time1487472524.23

DEBUG:root:Real time1487472524.43

DEBUG:root:Real time1487472524.63

DEBUG:root:Real time1487472524.83

DEBUG:root:Real time1487472525.03

DEBUG:root:Real time1487472525.23

DEBUG:root:Real time1487472525.43

DEBUG:root:Real time1487472525.63

DEBUG:root:Real time1487472525.83

DEBUG:root:Real time1487472526.03

DEBUG:root:Real time1487472526.23

DEBUG:root:Real time1487472526.43

DEBUG:root:Real time1487472526.63

DEBUG:root:Real time1487472526.84

DEBUG:root:Real time1487472527.04

DEBUG:root:Real time1487472527.24

DEBUG:root:Real time1487472527.44

DEBUG:root:Real time1487472527.64

DEBUG:root:Real time1487472527.84

DEBUG:root:Real time1487472528.04

DEBUG:root:Real time1487472528.24

DEBUG:root:Real time1487472528.44

DEBUG:root:Real time1487472528.64

DEBUG:root:Real time1487472528.84

DEBUG:root:Real time1487472529.04

DEBUG:root:Real time1487472529.24

DEBUG:root:Real time1487472529.45

DEBUG:root:Real time1487472529.65

DEBUG:root:Real time1487472529.85

DEBUG:root:Real time1487472530.05

DEBUG:root:Real time1487472530.25

DEBUG:root:Real time1487472530.45

DEBUG:root:Real time1487472530.65

DEBUG:root:Real time1487472530.85

DEBUG:root:Real time1487472531.05

DEBUG:root:Real time1487472531.25

DEBUG:root:Real time1487472531.45

DEBUG:root:Real time1487472531.65

DEBUG:root:Real time1487472531.86

DEBUG:root:Real time1487472532.06

DEBUG:root:Real time1487472532.26

DEBUG:root:Real time1487472532.46

DEBUG:root:Real time1487472532.66

DEBUG:root:Real time1487472532.86

DEBUG:root:Real time1487472533.06

DEBUG:root:Real time1487472533.26

DEBUG:root:Real time1487472533.46

DEBUG:root:Real time1487472533.66

DEBUG:root:Real time1487472533.86

DEBUG:root:Real time1487472534.06

DEBUG:root:Real time1487472534.26

DEBUG:root:Real time1487472534.46

DEBUG:root:Real time1487472534.67

DEBUG:root:Real time1487472534.87

DEBUG:root:Real time1487472535.07

DEBUG:root:Real time1487472535.27

DEBUG:root:Real time1487472535.47

DEBUG:root:Real time1487472535.67

DEBUG:root:Real time1487472535.87

DEBUG:root:Real time1487472536.07

DEBUG:root:Real time1487472536.27

DEBUG:root:Real time1487472536.47

DEBUG:root:Real time1487472536.67

DEBUG:root:Real time1487472536.87

DEBUG:root:Real time1487472537.07

DEBUG:root:Real time1487472537.27

DEBUG:root:Real time1487472537.47

DEBUG:root:Real time1487472537.67

DEBUG:root:Real time1487472537.87

DEBUG:root:Real time1487472538.07

DEBUG:root:Real time1487472538.27

DEBUG:root:Real time1487472538.47

DEBUG:root:Real time1487472538.68

DEBUG:root:Real time1487472538.88

DEBUG:root:Real time1487472539.08

DEBUG:root:Real time1487472539.28

DEBUG:root:Real time1487472539.48

DEBUG:root:Real time1487472539.68

DEBUG:root:Real time1487472539.88

DEBUG:root:Real time1487472540.08

DEBUG:root:Real time1487472540.28

DEBUG:root:Real time1487472540.48

DEBUG:root:Real time1487472540.69

DEBUG:root:Real time1487472540.89

DEBUG:root:Real time1487472541.09

DEBUG:root:Real time1487472541.29

DEBUG:root:Real time1487472541.49

DEBUG:root:Real time1487472541.69

DEBUG:root:Real time1487472541.89

DEBUG:root:Real time1487472542.09

DEBUG:root:Real time1487472542.29

DEBUG:root:Real time1487472542.49

DEBUG:root:Real time1487472542.69

DEBUG:root:Real time1487472542.89

DEBUG:root:Real time1487472543.09

DEBUG:root:Real time1487472543.29

DEBUG:root:Real time1487472543.49

DEBUG:root:Real time1487472543.69

DEBUG:root:Real time1487472543.9

DEBUG:root:Real time1487472544.1

DEBUG:root:Real time1487472544.3

DEBUG:root:Real time1487472544.5

DEBUG:root:Real time1487472544.7

DEBUG:root:Real time1487472544.9

DEBUG:root:Real time1487472545.1

DEBUG:root:Real time1487472545.31

DEBUG:root:Real time1487472545.51

DEBUG:root:Real time1487472545.71

DEBUG:root:Real time1487472545.91

DEBUG:root:Real time1487472546.11

DEBUG:root:Real time1487472546.31

DEBUG:root:Real time1487472546.51

DEBUG:root:Real time1487472546.71

DEBUG:root:Real time1487472546.91

DEBUG:root:Real time1487472547.11

DEBUG:root:Real time1487472547.31

DEBUG:root:Real time1487472547.51

DEBUG:root:Real time1487472547.71

DEBUG:root:Real time1487472547.91

DEBUG:root:Real time1487472548.12

DEBUG:root:Real time1487472548.32

DEBUG:root:Real time1487472548.52

DEBUG:root:Real time1487472548.72

DEBUG:root:Real time1487472548.92

DEBUG:root:Real time1487472549.12

DEBUG:root:Real time1487472549.32

DEBUG:root:Real time1487472549.52

DEBUG:root:Real time1487472549.72

DEBUG:root:Real time1487472549.92

DEBUG:root:Real time1487472550.12

DEBUG:root:Real time1487472550.32

DEBUG:root:Real time1487472550.53

DEBUG:root:Real time1487472550.73

DEBUG:root:Real time1487472550.93

DEBUG:root:Real time1487472551.13

DEBUG:root:Real time1487472551.33

DEBUG:root:Real time1487472551.53

DEBUG:root:Real time1487472551.73

DEBUG:root:Real time1487472551.93

DEBUG:root:Real time1487472552.13

DEBUG:root:Real time1487472552.33

DEBUG:root:Real time1487472552.53

DEBUG:root:Real time1487472552.74

DEBUG:root:Real time1487472552.94

DEBUG:root:Too small detection probably wrong
DEBUG:root:Real time1487472553.14

DEBUG:root:Real time1487472553.34

DEBUG:root:Real time1487472553.54

DEBUG:root:Real time1487472553.74

DEBUG:root:Real time1487472553.94

DEBUG:root:Real time1487472554.14

DEBUG:root:Real time1487472554.34

DEBUG:root:Real time1487472554.54

DEBUG:root:Real time1487472554.74

DEBUG:root:Real time1487472554.94

DEBUG:root:Real time1487472555.15

DEBUG:root:Real time1487472555.35

DEBUG:root:Real time1487472555.55

DEBUG:root:Real time1487472555.75

DEBUG:root:Real time1487472555.95

DEBUG:root:Real time1487472556.15

DEBUG:root:Real time1487472556.35

DEBUG:root:Real time1487472556.55

DEBUG:root:Real time1487472556.75

DEBUG:root:Real time1487472556.95

DEBUG:root:Real time1487472557.15

DEBUG:root:Real time1487472557.35

DEBUG:root:Real time1487472557.56

DEBUG:root:Real time1487472557.76

DEBUG:root:Real time1487472557.96

DEBUG:root:Real time1487472558.16

DEBUG:root:Real time1487472558.36

DEBUG:root:Real time1487472558.56

DEBUG:root:Real time1487472558.76

DEBUG:root:Real time1487472558.96

DEBUG:root:Real time1487472559.16

DEBUG:root:Real time1487472559.37

DEBUG:root:Real time1487472559.57

DEBUG:root:Real time1487472559.77

DEBUG:root:Real time1487472559.97

DEBUG:root:Real time1487472560.17

DEBUG:root:Real time1487472560.37

DEBUG:root:Real time1487472560.57

DEBUG:root:Real time1487472560.77

DEBUG:root:Too small detection probably wrong
DEBUG:root:Real time1487472560.97

DEBUG:root:Real time1487472561.17

DEBUG:root:Real time1487472561.37

DEBUG:root:Real time1487472561.57

DEBUG:root:Real time1487472561.78

DEBUG:root:Real time1487472561.98

DEBUG:root:Real time1487472562.18

DEBUG:root:Real time1487472562.38

DEBUG:root:Real time1487472562.58

DEBUG:root:Real time1487472562.78

DEBUG:root:Real time1487472562.98

DEBUG:root:Real time1487472563.18

DEBUG:root:Real time1487472563.38

DEBUG:root:Real time1487472563.58

DEBUG:root:Real time1487472563.78

DEBUG:root:Real time1487472563.98

DEBUG:root:Real time1487472564.18

DEBUG:root:Real time1487472564.39

DEBUG:root:Real time1487472564.59

DEBUG:root:Real time1487472564.79

DEBUG:root:Real time1487472564.99

DEBUG:root:Real time1487472565.2

DEBUG:root:Real time1487472565.4

DEBUG:root:Real time1487472565.6

DEBUG:root:Real time1487472565.8

DEBUG:root:Real time1487472566.0

DEBUG:root:Real time1487472566.2

DEBUG:root:Real time1487472566.4

DEBUG:root:Real time1487472566.6

DEBUG:root:Real time1487472566.8

DEBUG:root:Real time1487472567.0

DEBUG:root:Real time1487472567.2

DEBUG:root:Real time1487472567.4

DEBUG:root:Real time1487472567.61

DEBUG:root:Real time1487472567.81

DEBUG:root:Real time1487472568.01

DEBUG:root:Real time1487472568.21

DEBUG:root:Real time1487472568.41

DEBUG:root:Real time1487472568.61

DEBUG:root:Real time1487472568.81

DEBUG:root:Real time1487472569.01

DEBUG:root:Real time1487472569.21

DEBUG:root:Real time1487472569.41

DEBUG:root:Real time1487472569.61

DEBUG:root:Real time1487472569.82

DEBUG:root:Real time1487472570.02

DEBUG:root:Real time1487472570.22

DEBUG:root:Real time1487472570.42

DEBUG:root:Real time1487472570.62

DEBUG:root:Real time1487472570.82

DEBUG:root:Real time1487472571.02

DEBUG:root:Real time1487472571.22

DEBUG:root:Real time1487472571.42

DEBUG:root:Real time1487472571.62

DEBUG:root:Real time1487472571.82

DEBUG:root:Real time1487472572.02

DEBUG:root:Real time1487472572.22

DEBUG:root:Real time1487472572.43

DEBUG:root:Too small detection probably wrong
DEBUG:root:Real time1487472572.63

DEBUG:root:Real time1487472572.83

DEBUG:root:Real time1487472573.03

DEBUG:root:Real time1487472573.23

DEBUG:root:Real time1487472573.43

DEBUG:root:Real time1487472573.63

DEBUG:root:Real time1487472573.83

DEBUG:root:Real time1487472574.03

DEBUG:root:Real time1487472574.23

DEBUG:root:Real time1487472574.43

DEBUG:root:Real time1487472574.63

DEBUG:root:Real time1487472574.83

DEBUG:root:Real time1487472575.03

DEBUG:root:Real time1487472575.23

DEBUG:root:Real time1487472575.44

DEBUG:root:Real time1487472575.64

DEBUG:root:Real time1487472575.84

DEBUG:root:Real time1487472576.04

DEBUG:root:Real time1487472576.24

DEBUG:root:Real time1487472576.44

DEBUG:root:Real time1487472576.64

DEBUG:root:Real time1487472576.84

DEBUG:root:Real time1487472577.04

DEBUG:root:Real time1487472577.24

DEBUG:root:Real time1487472577.45

DEBUG:root:Real time1487472577.65

DEBUG:root:Real time1487472577.85

DEBUG:root:Real time1487472578.05

DEBUG:root:Real time1487472578.25

DEBUG:root:Real time1487472578.45

DEBUG:root:Real time1487472578.65

DEBUG:root:Real time1487472578.85

DEBUG:root:Real time1487472579.05

DEBUG:root:Real time1487472579.25

DEBUG:root:Real time1487472579.45

DEBUG:root:Real time1487472579.65

DEBUG:root:Real time1487472579.85

DEBUG:root:Real time1487472580.05

DEBUG:root:Real time1487472580.25

DEBUG:root:Real time1487472580.46

DEBUG:root:Real time1487472580.66

DEBUG:root:Real time1487472580.87

DEBUG:root:Real time1487472581.07

DEBUG:root:Real time1487472581.27

DEBUG:root:Real time1487472581.47

DEBUG:root:Real time1487472581.67

DEBUG:root:Real time1487472581.87

DEBUG:root:Real time1487472582.07

DEBUG:root:Real time1487472582.27

DEBUG:root:Real time1487472582.47

DEBUG:root:Real time1487472582.67

DEBUG:root:Real time1487472582.87

DEBUG:root:Real time1487472583.07

DEBUG:root:Real time1487472583.27

DEBUG:root:Real time1487472583.48

DEBUG:root:Real time1487472583.68

DEBUG:root:Real time1487472583.88

DEBUG:root:Real time1487472584.08

DEBUG:root:Too small detection probably wrong
DEBUG:root:Real time1487472584.28

DEBUG:root:Real time1487472584.48

DEBUG:root:Real time1487472584.68

DEBUG:root:Real time1487472584.88

DEBUG:root:Real time1487472585.08

DEBUG:root:Real time1487472585.28

DEBUG:root:Real time1487472585.48

DEBUG:root:Real time1487472585.68

DEBUG:root:Real time1487472585.89

DEBUG:root:Too small detection probably wrong
DEBUG:root:Real time1487472586.09

DEBUG:root:Real time1487472586.29

DEBUG:root:Real time1487472586.49

DEBUG:root:Real time1487472586.69

DEBUG:root:Real time1487472586.89

DEBUG:root:Real time1487472587.09

DEBUG:root:Real time1487472587.29

DEBUG:root:Real time1487472587.49

DEBUG:root:Real time1487472587.69

DEBUG:root:Real time1487472587.9

DEBUG:root:Real time1487472588.1

DEBUG:root:Real time1487472588.3

DEBUG:root:Real time1487472588.5

DEBUG:root:Real time1487472588.7

DEBUG:root:Real time1487472588.9

DEBUG:root:Real time1487472589.1

DEBUG:root:Real time1487472589.3

DEBUG:root:Real time1487472589.5

DEBUG:root:Real time1487472589.7

DEBUG:root:Real time1487472589.9

DEBUG:root:Real time1487472590.1

DEBUG:root:Real time1487472590.3

DEBUG:root:Real time1487472590.51

DEBUG:root:Real time1487472590.71

DEBUG:root:Real time1487472590.91

DEBUG:root:Real time1487472591.11

DEBUG:root:Real time1487472591.31

DEBUG:root:Real time1487472591.51

DEBUG:root:Real time1487472591.71

DEBUG:root:Real time1487472591.91

DEBUG:root:Real time1487472592.11

DEBUG:root:Real time1487472592.31

DEBUG:root:Real time1487472592.51

DEBUG:root:Real time1487472592.72

DEBUG:root:Real time1487472592.92

DEBUG:root:Real time1487472593.12

DEBUG:root:Real time1487472593.32

DEBUG:root:Real time1487472593.52

DEBUG:root:Real time1487472593.72

DEBUG:root:Real time1487472593.92

DEBUG:root:Real time1487472594.12

DEBUG:root:Real time1487472594.32

DEBUG:root:Real time1487472594.52

DEBUG:root:Real time1487472594.72

DEBUG:root:Real time1487472594.93

DEBUG:root:Real time1487472595.13

DEBUG:root:Real time1487472595.33

DEBUG:root:Real time1487472595.53

DEBUG:root:Real time1487472595.73

DEBUG:root:Real time1487472595.93

DEBUG:root:Real time1487472596.13

DEBUG:root:Real time1487472596.34

DEBUG:root:Real time1487472596.54

DEBUG:root:Real time1487472596.74

DEBUG:root:Real time1487472596.94

DEBUG:root:Real time1487472597.14

DEBUG:root:Real time1487472597.34

DEBUG:root:Real time1487472597.54

DEBUG:root:Real time1487472597.74

DEBUG:root:Real time1487472597.94

DEBUG:root:Real time1487472598.14

DEBUG:root:Real time1487472598.34

DEBUG:root:Real time1487472598.54

DEBUG:root:Real time1487472598.75

DEBUG:root:Real time1487472598.95

DEBUG:root:Real time1487472599.15

DEBUG:root:Real time1487472599.35

DEBUG:root:Real time1487472599.55

DEBUG:root:Real time1487472599.75

DEBUG:root:Real time1487472599.95

DEBUG:root:Real time1487472600.15

DEBUG:root:Real time1487472600.35

DEBUG:root:Real time1487472600.55

DEBUG:root:Real time1487472600.75

DEBUG:root:Real time1487472600.96

DEBUG:root:Real time1487472601.16

DEBUG:root:Real time1487472601.36

DEBUG:root:Real time1487472601.56

DEBUG:root:Real time1487472601.76

DEBUG:root:Real time1487472601.96

DEBUG:root:Real time1487472602.16

DEBUG:root:Real time1487472602.36

DEBUG:root:Real time1487472602.56

DEBUG:root:Too small detection probably wrong
DEBUG:root:Real time1487472602.76

DEBUG:root:Real time1487472602.97

DEBUG:root:Real time1487472603.17

DEBUG:root:Real time1487472603.37

DEBUG:root:Real time1487472603.57

DEBUG:root:Real time1487472603.77

DEBUG:root:Real time1487472603.97

DEBUG:root:Real time1487472604.17

DEBUG:root:Real time1487472604.37

DEBUG:root:Real time1487472604.57

DEBUG:root:Real time1487472604.77

DEBUG:root:Real time1487472604.97

DEBUG:root:Real time1487472605.17

DEBUG:root:Real time1487472605.37

DEBUG:root:Real time1487472605.58

DEBUG:root:Real time1487472605.78

DEBUG:root:Real time1487472605.98

DEBUG:root:Real time1487472606.18

DEBUG:root:Real time1487472606.38

DEBUG:root:Real time1487472606.58

DEBUG:root:Real time1487472606.78

DEBUG:root:Real time1487472606.98

DEBUG:root:Real time1487472607.18

DEBUG:root:Real time1487472607.38

DEBUG:root:Real time1487472607.58

DEBUG:root:Real time1487472607.78

DEBUG:root:Real time1487472607.98

DEBUG:root:Real time1487472608.18

DEBUG:root:Real time1487472608.38

DEBUG:root:Real time1487472608.59

DEBUG:root:Real time1487472608.79

DEBUG:root:Real time1487472608.99

DEBUG:root:Real time1487472609.19

DEBUG:root:Real time1487472609.39

DEBUG:root:Real time1487472609.59

DEBUG:root:Real time1487472609.79

DEBUG:root:Real time1487472609.99

DEBUG:root:Real time1487472610.19

DEBUG:root:Real time1487472610.39

DEBUG:root:Real time1487472610.6

DEBUG:root:Real time1487472610.8

DEBUG:root:Real time1487472611.0

DEBUG:root:Real time1487472611.2

DEBUG:root:Real time1487472611.4

DEBUG:root:Real time1487472611.6

DEBUG:root:Real time1487472611.8

DEBUG:root:Real time1487472612.0

DEBUG:root:Real time1487472612.2

DEBUG:root:Real time1487472612.4

DEBUG:root:Real time1487472612.6

DEBUG:root:Real time1487472612.8

DEBUG:root:Real time1487472613.0

DEBUG:root:Real time1487472613.2

DEBUG:root:Real time1487472613.41

DEBUG:root:Real time1487472613.61

DEBUG:root:Too small detection probably wrong
DEBUG:root:Real time1487472613.81

DEBUG:root:Real time1487472614.01

DEBUG:root:Real time1487472614.21

DEBUG:root:Real time1487472614.41

DEBUG:root:Real time1487472614.61

