DEBUG:root:Under real time Point counter:2.59876251221e-05

DEBUG:root:Too small detection probably wrong
DEBUG:root:Real time1487956177.85

DEBUG:root:Real time1487956178.05

DEBUG:root:Extracted signature:bitarray('11111000111111001111001111111001000011111110000011111111100111111011101111000011011100001101110011101100111110011100011101111010010010011111111111110001111111111110001101111111100000011111110000111101100100111001101001100110100101111101111111000111010111010110100010010000')
DEBUG:root:Matched frame over all scan:2311

DEBUG:root:Errors over all scan:67

DEBUG:root:Result:tau3_fail
DEBUG:root:Match or Not:False
DEBUG:root:Under real time Point counter:0.234733819962

DEBUG:root:Real time1487956178.49

DEBUG:root:Real time1487956178.69

DEBUG:root:Extracted signature:bitarray('11111001111111001110001111111000000111111111000011111111000011111011001111000011011100001101100011111100111110011100011101111110010010001111111111111000111111111111001100111111100000011111110000011100110100011001111001100110101100111101001111000011010111010110100010010000')
DEBUG:root:Matched frame over all scan:1299

DEBUG:root:Errors over all scan:69

DEBUG:root:Result:tau3_fail
DEBUG:root:Match or Not:False
DEBUG:root:Under real time Point counter:0.247918128967

DEBUG:root:Extracted signature:bitarray('11111001111111001110011111111000000111111110000011111111100011111111101111000111011100011101100011101100111110011100011101111110010010001111111111110000111111111110001100111111100000111111110100111101110100111001101001100110101101111101001111000111010111010110100010010000')
DEBUG:root:Matched frame over all scan:2311

DEBUG:root:Errors over all scan:65

DEBUG:root:Result:tau3_fail
DEBUG:root:Match or Not:False
DEBUG:root:Real time1487956179.14

DEBUG:root:Extracted signature:bitarray('11110001111111001110011111111000000111111111000011111111100011111111101111000111011100011101100011101100111110011100011101100110010010101111111111111000111111111110001100111111100000011111110100011100110100111001111001100111101100111101001111000011010111010100100010010000')
DEBUG:root:Matched frame over all scan:2311

DEBUG:root:Errors over all scan:69

DEBUG:root:Result:tau3_fail
DEBUG:root:Match or Not:False
DEBUG:root:Under real time Point counter:0.21192407608

DEBUG:root:Extracted signature:bitarray('11111001111111001110011111111000000111111111000011111111100011111011101111000111011100011101100011111100111110011100011101110110010010001111111111111000111111111111001100111111100000011111110100011100110100111001111001100111101100111101001111000011010111010110100010010000')
DEBUG:root:Matched frame over all scan:2311

DEBUG:root:Errors over all scan:64

DEBUG:root:Result:tau3_fail
DEBUG:root:Match or Not:False
DEBUG:root:Under real time Point counter:0.211627960205

DEBUG:root:Extracted signature:bitarray('11111001111111001110001111111000000111111111000011111111100011111011101111000011011100011101100011111100111110011100011101110110010010001111111111110000111111111110001100111111100000011111110000111101100100011001111001100110101100111101001111000111010111010110100010010000')
DEBUG:root:Matched frame over all scan:2311

DEBUG:root:Errors over all scan:69

DEBUG:root:Result:tau3_fail
DEBUG:root:Match or Not:False
DEBUG:root:Real time1487956179.77

DEBUG:root:Extracted signature:bitarray('11111000111110001110001111111000000011111110000001111011100011111001100111000011011100001101110001101100111110011110011100110110010010001111111111111000111111111110001100111111100000111111110000111101100100111001111001100111101100111101001111000011010111010110100010010000')
DEBUG:root:Matched frame over all scan:1301

DEBUG:root:Errors over all scan:72

DEBUG:root:Result:tau3_fail
DEBUG:root:Match or Not:False
DEBUG:root:Under real time Point counter:0.203655004501

DEBUG:root:Extracted signature:bitarray('11111111111100001111111111100001000111110000000011111001100011111001100111000011011100001101111111101111111010111100111101111010010010101111111111111000111111111110001100111111100000011111110000011100111100111001111001100111101000111101000111010011000111010110100010010000')
DEBUG:root:Matched frame over all scan:398

DEBUG:root:Errors over all scan:65

DEBUG:root:Result:tau3_fail
DEBUG:root:Match or Not:False
DEBUG:root:Under real time Point counter:0.206418037415

DEBUG:root:Extracted signature:bitarray('11111011111111101110011111111001000111110111000011111001100011100001100111000011011100001101111111101111111010111100111101111010010010001111111111110100111111111110001100111111100000111111110010011100111010111001110001100111101000111101001111010111000111010110100010010000')
DEBUG:root:Matched frame over all scan:809

DEBUG:root:Errors over all scan:67

DEBUG:root:Result:tau3_fail
DEBUG:root:Match or Not:False
DEBUG:root:Real time1487956180.38

DEBUG:root:Too small detection probably wrong
DEBUG:root:Real time1487956180.58

DEBUG:root:Extracted signature:bitarray('11111011111100001111011111000000100111100110000011110001101011100001100111000011011100001101111111101111111010111100111101110110010010001111111111111000111111111111001100111111100000011111110010011100111010111001110001100111101100111101000111010011100011010110100010010000')
DEBUG:root:Matched frame over all scan:398

DEBUG:root:Errors over all scan:70

DEBUG:root:Result:tau3_fail
DEBUG:root:Match or Not:False
DEBUG:root:Under real time Point counter:0.203911781311

DEBUG:root:Extracted signature:bitarray('11111111110001101111111111111101110111111111011001111111101011111111101011011100001100011001110011101111111011111101111101110010010010001110111111100001100111111110001000111111111000111001111100111101110100111011001011101100101100000101100011010011100011100110100010010000')
DEBUG:root:Matched frame over all scan:2499

DEBUG:root:Errors over all scan:66

DEBUG:root:Result:tau3_fail
DEBUG:root:Match or Not:False
DEBUG:root:Real time1487956180.99

DEBUG:root:Extracted signature:bitarray('10001111110001100001110111111100011001111111001101111111101111101111101110011100001100011101100011100001111011101101100000100011011111001100111100100010100111101110011001110011111001110001111101110001110101110011101011011100101010000001100011010001101001100110010100111000')
DEBUG:root:Matched frame over all scan:1307

DEBUG:root:Errors over all scan:85

DEBUG:root:Result:tau3_fail
DEBUG:root:Match or Not:False
DEBUG:root:Under real time Point counter:0.210375070572

DEBUG:root:Extracted signature:bitarray('11111011100111101110001101111101000011011111000001101111100110001111101000011110001001110010000011110100011011101101111101100011011111001100111100100010100111101110010001110011111001110001111100110001111101110011101011011100001010000001100011010001101001101110010000111000')
DEBUG:root:Matched frame over all scan:1256

DEBUG:root:Errors over all scan:90

DEBUG:root:Result:tau2_fail
DEBUG:root:Match or Not:False
DEBUG:root:Real time1487956181.4

DEBUG:root:Extracted signature:bitarray('10110111111001110001101111100100011011111111001111111111101111101111101111111000011111000011111000111110001111000111000010100110011011001100111100000010100111101110010001110011111001110001111101110001111101110011100010011100001011000001100010010001101001001110010010110000')
DEBUG:root:Matched frame over all scan:2671

DEBUG:root:Errors over all scan:79

DEBUG:root:Result:tau3_fail
DEBUG:root:Match or Not:False
DEBUG:root:Under real time Point counter:0.203485965729

DEBUG:root:Extracted signature:bitarray('11100111111101111000111111110100011111111111001111111111101111111111101111111000011111000011111000011110000111001101101101101010011111101100111100000010100111101110010001110011111001110001111101111001110101110011001010011100001110000011100010010001101000101101010100010000')
DEBUG:root:Matched frame over all scan:2767

DEBUG:root:Errors over all scan:81

DEBUG:root:Result:tau3_fail
DEBUG:root:Match or Not:False
DEBUG:root:Real time1487956181.8

DEBUG:root:Extracted signature:bitarray('10100001111101111000101111100100001111111111001111111111101111111111101111011000011111000010111000011110001111000101100101110011001111001100111100000010100111101110010001110011111001110001111101110001111101110011100011001100001010000001100011010001101000101101010100110000')
DEBUG:root:Matched frame over all scan:1311

DEBUG:root:Errors over all scan:83

DEBUG:root:Result:tau3_fail
DEBUG:root:Match or Not:False
DEBUG:root:Under real time Point counter:0.206016778946

DEBUG:root:Extracted signature:bitarray('11100101111100111000101111100100001111111111001111111111101111111110101111111000010011100000011011101110111011011010010001100110010011101100111100000010100111101100010001110011111001110001111101111001110101110011101011011100101010000101100011010001101001001100010010010000')
DEBUG:root:Matched frame over all scan:1313

DEBUG:root:Errors over all scan:85

DEBUG:root:Result:tau3_fail
DEBUG:root:Match or Not:False
DEBUG:root:Under real time Point counter:0.215321063995

DEBUG:root:Extracted signature:bitarray('11100001111100111000101111110100001111111111001111111111101111111110101111111000011011100000011011101110111011011010010001100110010011101100111100000010100111101110010001110011110001110001111101111001110101110011101010011100101010000101100011010001101010101100010010010000')
DEBUG:root:Matched frame over all scan:1313

DEBUG:root:Errors over all scan:84

DEBUG:root:Result:tau3_fail
DEBUG:root:Match or Not:False
DEBUG:root:Real time1487956182.42

DEBUG:root:Extracted signature:bitarray('11100001111101111000101111100100001111111111001111111111101111111110101111111000011011000000011011101110111011011010010001100110010011101100111100000010100111101110010001110011111001110001111101111001110101110011101010011100001010000101100011010001101010001100110010010000')
DEBUG:root:Matched frame over all scan:1313

DEBUG:root:Errors over all scan:81

DEBUG:root:Result:tau3_fail
DEBUG:root:Match or Not:False
DEBUG:root:Under real time Point counter:0.20943903923

DEBUG:root:Extracted signature:bitarray('11100011100000011100111100100011001110001100010011000110000001001111000011011111011110011101100011100000111011110010010000100110010010011110011100110011100011100110001000111001100010001001110001001001110001010011100010011000001011000001011100011100011010011100110011001000')
DEBUG:root:Matched frame over all scan:1315

DEBUG:root:Errors over all scan:67

DEBUG:root:Result:tau3_fail
DEBUG:root:Match or Not:False
DEBUG:root:Real time1487956182.83

DEBUG:root:Extracted signature:bitarray('11100011100000011100111100100011001110001100110011001110000001001110000011011110011111011101000011110000111011010010010010100110010010011110011100100001100011000110001000110001100010001001110001001001110001010011000010011000001011010001011100011100011000011100110011001000')
DEBUG:root:Matched frame over all scan:1315

DEBUG:root:Errors over all scan:67

DEBUG:root:Result:tau3_fail
DEBUG:root:Match or Not:False
DEBUG:root:Real time1487956183.04

DEBUG:root:Extracted signature:bitarray('11110011100000011100111100100011101111001000110011100010010011100100011111110000011110000011100000110000000100000010000010000100010010011110011100100001100011100110001000111001100010001001110011001001110011010011000110011000010011000010011100101110010010010000110001001000')
DEBUG:root:Matched frame over all scan:1317

DEBUG:root:Errors over all scan:69

DEBUG:root:Result:tau3_fail
DEBUG:root:Match or Not:False
DEBUG:root:Real time1487956183.24

DEBUG:root:Extracted signature:bitarray('11110011100100111110111100110011101110011100110011101100010011101100010111111000011111010011100010010000100100110010110011000100010010011110011100110001100011100110001000111001100010001001110001001001110001010011000010011000011001100010011000101110010110010100101011001000')
DEBUG:root:Matched frame over all scan:1318

DEBUG:root:Errors over all scan:59

DEBUG:root:Result:tau3_fail
DEBUG:root:Match or Not:False
DEBUG:root:Real time1487956183.44

DEBUG:root:Extracted signature:bitarray('11100011100100101100111100110001001110011100110011101110010011101100010111111000011111000011100000010000000100110010110010000100010010011110011100111001110011100110001000011001100010001001110001001001110001010011000010011000011001100010011000101110010110010100111001001000')
DEBUG:root:Matched frame over all scan:1318

DEBUG:root:Errors over all scan:66

DEBUG:root:Result:tau3_fail
DEBUG:root:Match or Not:False
DEBUG:root:Real time1487956183.64

DEBUG:root:Extracted signature:bitarray('11100011110000111100111000000011001110011000100110001110010100001110010011111100011111001011000001010010000111010010010000110011010010011110010000000001100110010100001000000111100010000011110001000011000011000110000010011000001001000001011000011110000110000100010011001000')
DEBUG:root:Matched frame over all scan:1320

DEBUG:root:Errors over all scan:85

DEBUG:root:Result:tau3_fail
DEBUG:root:Match or Not:False
DEBUG:root:Under real time Point counter:0.248710870743

DEBUG:root:Extracted signature:bitarray('11110011100000011100111100100011001110001100110011000110010001001110010011001110011100001111100001110010011101010000010000000011011010011110011100110011110011100110001000111001100010001001110001001001110011010010000010011000001001100001011000011110000110000100011011001000')
DEBUG:root:Matched frame over all scan:1321

DEBUG:root:Errors over all scan:75

DEBUG:root:Result:tau3_fail
DEBUG:root:Match or Not:False
DEBUG:root:Under real time Point counter:0.211057901382

DEBUG:root:Extracted signature:bitarray('11110011100000011110111100110011001110001100110011000110010001100110000011001111011110011101100001110010011011010000010000000011011010011110011100110011110011100110001000111001100010001000110001001001110001010011000010011000001001100001011000011110000110000100011011001000')
DEBUG:root:Matched frame over all scan:1321

DEBUG:root:Errors over all scan:73

DEBUG:root:Result:tau3_fail
DEBUG:root:Match or Not:False
DEBUG:root:Under real time Point counter:0.200807094574

DEBUG:root:Extracted signature:bitarray('11111000000111111111000000011111110000000111111000000111011000000111010000001111010011111000011110000111111001111101111101100100010000011011001000111011011000000111011110000011110101000001111010010001110110100011101000001100100001100100011011001111001111011100110010010000')
DEBUG:root:Matched frame over all scan:1324

DEBUG:root:Errors over all scan:45

DEBUG:root:Result:replica detected
DEBUG:root:Match or Not:True
DEBUG:root:Under real time Point counter:0.216413974762

DEBUG:root:Extracted signature:bitarray('11111000000111111111000000011111110000000111111000000111011000000111010000001111010011111000011110000111110011111101111101100100010000011011001000110011011000000111011110000010110101000001110010010001110110100111101000001100100001100100011011001111000111011100110010010000')
DEBUG:root:Matched frame over all scan:1323

DEBUG:root:Errors over all scan:49

DEBUG:root:Result:tau3_fail
DEBUG:root:Match or Not:False
DEBUG:root:Real time1487956184.72

DEBUG:root:Extracted signature:bitarray('11111000000111111111000000001111100000010000111000001110011000000111110000011111010011110000011110000111100011111101111101100100010000011011001000110011011000000111010110000110110101000001110110010001110100100111101000001100101001100100011011001111000111011110110010010000')
DEBUG:root:Matched frame over all scan:1326

DEBUG:root:Errors over all scan:53

DEBUG:root:Result:replica detected
DEBUG:root:Match or Not:True
DEBUG:root:Under real time Point counter:0.252206087112

DEBUG:root:Extracted signature:bitarray('11111111000111001111111100111101111011100111011101110011101110011111001101111100000111110001111100001110011010011100111101111010010011111011001000110101011000001111101110000011111011000001110101010001110101100111101010001110101001101101011010001111000111001110110010010000')
DEBUG:root:Matched frame over all scan:1328

DEBUG:root:Errors over all scan:52

DEBUG:root:Result:tau3_fail
DEBUG:root:Match or Not:False
DEBUG:root:Under real time Point counter:0.212174892426

DEBUG:root:Extracted signature:bitarray('11111111100110001111111100111101111011100111011101110011101110111110001101111100000111110000111100001110011010011100111101111010000011111001001000110101001000001110101010000111111011000001110101110011110101100111101010011110101011101101110110001111000111001100110010010000')
DEBUG:root:Matched frame over all scan:1330

DEBUG:root:Errors over all scan:51

DEBUG:root:Result:replica detected
DEBUG:root:Match or Not:True
DEBUG:root:Under real time Point counter:0.204055786133

DEBUG:root:Extracted signature:bitarray('11111111100111001111111100111101111011100111011101111011101110111111001101111100000111110000111110001110011010011100111101111010000011111011001000110101011000001110101110000111111011000001110101010001110101100111101010011110101001101101010110001111000111001100110010010000')
DEBUG:root:Matched frame over all scan:1328

DEBUG:root:Errors over all scan:50

DEBUG:root:Result:replica detected
DEBUG:root:Match or Not:True
DEBUG:root:Under real time Point counter:0.207555055618

DEBUG:root:Extracted signature:bitarray('11111111100111001111111100111101111011100111011101110011101110111111001101111100000111110000111110001111011010011100111101111011000111111001001000110101001000001110101010000111111011000001110101010011110101100111101010011110101001101101011110001111000111001110010010010000')
DEBUG:root:Matched frame over all scan:1330

DEBUG:root:Errors over all scan:59

DEBUG:root:Result:tau3_fail
DEBUG:root:Match or Not:False
DEBUG:root:Under real time Point counter:0.21916103363

DEBUG:root:Extracted signature:bitarray('11111111100110001111111100011101111011100111011101110011101100111111001101111100000111110000111110001110011010011100111101111010000011111001001000110101011000001110101010000111111011000001101101010001110101100111101010011110101001101100011110001111000111001110110010010000')
DEBUG:root:Matched frame over all scan:1330

DEBUG:root:Errors over all scan:51

DEBUG:root:Result:replica detected
DEBUG:root:Match or Not:True
DEBUG:root:Under real time Point counter:0.200893878937

DEBUG:root:Extracted signature:bitarray('11111111100111001111111100111101111011100111011101111011101110111111001101111100000111110000111111101110011010011100111101111010000011111011001000110101011000001110101010000111111011000001100101010001110101100111101010011110101001101100011110001111000111001100110010010000')
DEBUG:root:Matched frame over all scan:1333

DEBUG:root:Errors over all scan:51

DEBUG:root:Result:replica detected
DEBUG:root:Match or Not:True
DEBUG:root:Under real time Point counter:0.209107160568

DEBUG:root:Extracted signature:bitarray('11111111100111001111111100111101111111100111011101111011101110111111001101111100000111110000111111101110011010011100111101111010000011111001001000110101001000001110101010000111111011000011110101010011110101100111101010011110101011101100111110001111000111001100110010010000')
DEBUG:root:Matched frame over all scan:1333

DEBUG:root:Errors over all scan:53

DEBUG:root:Result:replica detected
DEBUG:root:Match or Not:True
DEBUG:root:Real time1487956186.42

DEBUG:root:Extracted signature:bitarray('11111111100111001111111100111101111011100111011101110011101100111111101101111100000111110000111111101110011010011100111101111010000011111001001000110101001000001110101010000111111011000001110101010001110101100111101010011110101001101100011110001111000111001110110010010000')
DEBUG:root:Matched frame over all scan:1333

DEBUG:root:Errors over all scan:54

DEBUG:root:Result:replica detected
DEBUG:root:Match or Not:True
DEBUG:root:Real time1487956186.63

DEBUG:root:Extracted signature:bitarray('11111111100111001111111100111101111011100111011101111011101110111111101101111100000111110000111111101110011010011100111101111010000011111001001000110101001000001110101010000111111011000011110101010011110101100111101010011110101011101100011110001111000111001100110010010000')
DEBUG:root:Matched frame over all scan:1333

DEBUG:root:Errors over all scan:54

DEBUG:root:Result:replica detected
DEBUG:root:Match or Not:True
DEBUG:root:Under real time Point counter:0.20773601532

DEBUG:root:Extracted signature:bitarray('11111111100111001111111100111101111011100111011101110011101110111111001101111100000111110000111111101110011010011100111101111010000011111001000001110111001000001110101010000010111011000001110101000001110101000111101010011110101001101100011110001111000111001110110010010000')
DEBUG:root:Matched frame over all scan:1333

DEBUG:root:Errors over all scan:53

DEBUG:root:Result:replica detected
DEBUG:root:Match or Not:True
DEBUG:root:Under real time Point counter:0.202286958694

DEBUG:root:Extracted signature:bitarray('11111111000111001111111100111100111011100111011101110011101100111111101001111100000111110000111111101110011010011100011101111010000111111001000000110001001000001111101010000010111011000001110101000001110101000111101010011110101001101101011110001111000111001100110010010000')
DEBUG:root:Matched frame over all scan:1337

DEBUG:root:Errors over all scan:50

DEBUG:root:Result:tau3_fail
DEBUG:root:Match or Not:False
DEBUG:root:Under real time Point counter:0.210813045502

DEBUG:root:Extracted signature:bitarray('11111111000111001111111100111100111011100111011101110011101100111111001001111100000111110001111111101110011010011100011101111010000111111001000000110011001000000111101010000010111011000001110101000001110101000111101010011110101001101101011110001111000111001110010010010000')
DEBUG:root:Matched frame over all scan:1341

DEBUG:root:Errors over all scan:50

DEBUG:root:Result:replica detected
DEBUG:root:Match or Not:True
DEBUG:root:Under real time Point counter:0.202214956284

DEBUG:root:Extracted signature:bitarray('11111111000111001111111000111100111011100111011101110011101100111111101001111100000111110001111111101110011010011100011101111010000011111001000000110011001000001111101010000010111011000001110101000001110101000111101010001110101001101101011110001111000111001100110010010000')
DEBUG:root:Matched frame over all scan:1337

DEBUG:root:Errors over all scan:53

DEBUG:root:Result:tau3_fail
DEBUG:root:Match or Not:False
DEBUG:root:Under real time Point counter:0.208896160126

DEBUG:root:Extracted signature:bitarray('11111111000111001111111000111100111011000111011101110011101100111111001001111100000111110000111111101110011010011100011101111010000011111001000000110011001000000111101010000010101011000001110101000001110101000111101010011100101001100101011110001111000111001110110010010000')
DEBUG:root:Matched frame over all scan:1341

DEBUG:root:Errors over all scan:52

DEBUG:root:Result:replica detected
DEBUG:root:Match or Not:True
DEBUG:root:Real time1487956187.86

DEBUG:root:Extracted signature:bitarray('11111111000111001011111000111100111011001111011101110011101100111111001001111100000111110000111111101110011010011100011101111010000011111001000000110011001000000111101010000010111011000001110101000001110101000111101010011100101011100101011110001111000111001100110010010000')
DEBUG:root:Matched frame over all scan:1341

DEBUG:root:Errors over all scan:53

DEBUG:root:Result:replica detected
DEBUG:root:Match or Not:True
DEBUG:root:Real time1487956188.06

DEBUG:root:Extracted signature:bitarray('11111111000111001111111000111100111011001111011101110011101100111111001001111100000111110000111111101110011010011100011101111010000011111001000000110011001000000111101010000010111011000001110101000001110101000111101010011100101001100101011110001111000111001110110010010000')
DEBUG:root:Matched frame over all scan:1341

DEBUG:root:Errors over all scan:52

DEBUG:root:Result:replica detected
DEBUG:root:Match or Not:True
DEBUG:root:Under real time Point counter:0.212063074112

DEBUG:root:Extracted signature:bitarray('11111111000111001111111000111101111110000111011100110011101100111111001001111100000111110001111111001110111010011100111101111010000011111001000000110101001000001111101010000010111011000001110101000001110101000111101010011100101001101101011110001111000111001110110010010000')
DEBUG:root:Matched frame over all scan:1337

DEBUG:root:Errors over all scan:57

DEBUG:root:Result:tau3_fail
DEBUG:root:Match or Not:False
DEBUG:root:Under real time Point counter:0.203978061676

DEBUG:root:Extracted signature:bitarray('11111001000001111111000000001111111000000011111100000001111000000000010001000110100000011010000111100001111011110011100011000101101101101111000011011110111000000001100111000000111001100000001110110000000110100000001100000001100000111100011111001110001100011001101100010000')
DEBUG:root:Matched frame over all scan:1347

DEBUG:root:Errors over all scan:62

DEBUG:root:Result:tau3_fail
DEBUG:root:Match or Not:False
DEBUG:root:Real time1487956188.68

DEBUG:root:Extracted signature:bitarray('11111001000011111111000000011111111100000111111110000001111000000001110000000110100000111000001110001111000111000010000011100111101111101110000011011110111000010011100111000000111011100000011110110000011110100001111000000111000001110000111000011000111000101110111101110000')
DEBUG:root:Matched frame over all scan:1348

DEBUG:root:Errors over all scan:45

DEBUG:root:Result:tau3_fail
DEBUG:root:Match or Not:False
DEBUG:root:Under real time Point counter:0.256433963776

DEBUG:root:Extracted signature:bitarray('11111000000001111111000000001111111100000011111110000001111000000000010001100011100111100010001100010011100000111100111101111011010000001111000010011110111000010011100111000000111011100000001110110000000110100000001100000010110100010110000111001111100111100111011011010000')
DEBUG:root:Matched frame over all scan:1344

DEBUG:root:Errors over all scan:60

DEBUG:root:Result:tau3_fail
DEBUG:root:Match or Not:False
DEBUG:root:Under real time Point counter:0.206984043121

DEBUG:root:Extracted signature:bitarray('10111001000001111111000000001111111100000011111110000001111000000001110000001111100000110000001110001111000111000011001111110111111111101110000011001110111000011001100111000010001011100000000110110000111110100001110100001110000001110000111100011000111001111110011011010000')
DEBUG:root:Matched frame over all scan:1345

DEBUG:root:Errors over all scan:51

DEBUG:root:Result:tau3_fail
DEBUG:root:Match or Not:False
DEBUG:root:Under real time Point counter:0.206084012985

DEBUG:root:Extracted signature:bitarray('11111000000001111111000000001111111000000011111100000001111000000000010001100000100110110010000110010001100000111100111101111011011000001110000011011110111000010011100111000000011011100000001110110000000110100000001100100110110100110110000111000011100111100111011011010000')
DEBUG:root:Matched frame over all scan:1357

DEBUG:root:Errors over all scan:67

DEBUG:root:Result:tau3_fail
DEBUG:root:Match or Not:False
DEBUG:root:Real time1487956189.55

DEBUG:root:Extracted signature:bitarray('11111000000011111111000000011111111100000011111110000001111000000001110000000111100000111100000111101111111011000011000011111110010010001111000011011110111000001001100111000000011011100000001110110000001110110000111100000111000001111000111101011100101000101011110011001000')
DEBUG:root:Matched frame over all scan:1347

DEBUG:root:Errors over all scan:58

DEBUG:root:Result:tau3_fail
DEBUG:root:Match or Not:False
DEBUG:root:Under real time Point counter:0.201652050018

DEBUG:root:Extracted signature:bitarray('11111001000001111111000000001111111000000011111110000000011000000011010001000110100100011101100111101001110011110011100011000110010010101111000011011110111000000011100111000000011001100000010110110000010110110001101001100110100100111100011110001110001110111001100010010000')
DEBUG:root:Matched frame over all scan:1346

DEBUG:root:Errors over all scan:63

DEBUG:root:Result:tau3_fail
DEBUG:root:Match or Not:False
DEBUG:root:Real time1487956189.96

DEBUG:root:Extracted signature:bitarray('11111000000001111111000000001111111000000011111110000001111000000000010001000000100100110010000111000001111000111101111001100110010010101111000011011110111000000011100111000000011101110000001110110000000110110000101100000110100000111100001111001111101111001100110011011000')
DEBUG:root:Matched frame over all scan:1349

DEBUG:root:Errors over all scan:58

DEBUG:root:Result:tau3_fail
DEBUG:root:Match or Not:False
DEBUG:root:Under real time Point counter:0.20349407196

DEBUG:root:Extracted signature:bitarray('11111001000001111111000000001111111100000011111110000001111000000001110000001111100000111100001110001111000111000010001111110110011111101111000011011110111000010001100111000000011001110000001110110000001110110001101000001110100011110100111001011000101100101000010001011000')
DEBUG:root:Matched frame over all scan:1345

DEBUG:root:Errors over all scan:61

DEBUG:root:Result:tau3_fail
DEBUG:root:Match or Not:False
DEBUG:root:Real time1487956190.36

DEBUG:root:Extracted signature:bitarray('11111000000001111111000000001111110000000010111000000001111000000000010001100000100110001110001101110011101000111101111101111011110000001111000011001110111000001001110111000000011001110000001110110000000110110000001101100001100110011110000111000001100111100111011011010000')
DEBUG:root:Matched frame over all scan:1354

DEBUG:root:Errors over all scan:63

DEBUG:root:Result:tau3_fail
DEBUG:root:Match or Not:False
DEBUG:root:Real time1487956190.56

DEBUG:root:Extracted signature:bitarray('11111000000001111111000000011111111100000111111100000000011000000001010000000111100000111100000111001111100011000011000011011110010011101111000011011110111000010011100111000000111011110000000110110001011110110011110100001111000001110000111100011000111001111011011001001000')
DEBUG:root:Matched frame over all scan:1345

DEBUG:root:Errors over all scan:54

DEBUG:root:Result:tau3_fail
DEBUG:root:Match or Not:False
DEBUG:root:Real time1487956190.77

DEBUG:root:Extracted signature:bitarray('11111000000001111111000000001111111100000011111010000001111000000001110001000011100100011101100011101000111011111101110011000100010000001111000011011110111000011001110111000000011001110000001110110000000110110011001001111110100100111100001111001111101111101100100010010000')
DEBUG:root:Matched frame over all scan:1369

DEBUG:root:Errors over all scan:58

DEBUG:root:Result:tau3_fail
DEBUG:root:Match or Not:False
DEBUG:root:Real time1487956190.97

DEBUG:root:Extracted signature:bitarray('11111000000001111111000000001111111000000011111100000001111000000000010001000011100000011110001111001001111000111101111001100001101111101111000011001110111000001001110111000000011101110000001110110000000110110000001101100011100000011100001111001111100111001100010011001000')
DEBUG:root:Matched frame over all scan:1357

DEBUG:root:Errors over all scan:66

DEBUG:root:Result:tau3_fail
DEBUG:root:Match or Not:False
DEBUG:root:Real time1487956191.17

DEBUG:root:Extracted signature:bitarray('11110000000011111110000000011111111110000111111101000001011000000001110001000111100100111000101110001111000111000011000011111111101111101111000011011110111000010011110110000000111011110000001110010000001100010000111000101110100111100100111001011000011001011010111011010000')
DEBUG:root:Matched frame over all scan:1348

DEBUG:root:Errors over all scan:55

DEBUG:root:Result:tau3_fail
DEBUG:root:Match or Not:False
DEBUG:root:Under real time Point counter:0.206623792648

DEBUG:root:Extracted signature:bitarray('10110000000001110110000000001111110000000010111000000001011000000001010000000110100000011110000011110000011101100101111101111011101100000111000011011110111000001001110110000000011001100000001110110000000110010000001101100000110100010110000111100001100111100111001101000000')
DEBUG:root:Matched frame over all scan:1360

DEBUG:root:Errors over all scan:66

DEBUG:root:Result:tau3_fail
DEBUG:root:Match or Not:False
DEBUG:root:Under real time Point counter:0.203642129898

DEBUG:root:Extracted signature:bitarray('10110001000000110110000000000111110100000011111001000001111000000001110001000011100000011110000011110000111101111001111101111011111000001011000011011110111000010001100110000000011011100000001110000000000110011000001100100000110100010110001101100111100111100111011011010000')
DEBUG:root:Matched frame over all scan:1360

DEBUG:root:Errors over all scan:59

DEBUG:root:Result:tau3_fail
DEBUG:root:Match or Not:False
DEBUG:root:Under real time Point counter:0.231985807419

DEBUG:root:Extracted signature:bitarray('11110001000001111110000000001111110000000010111000000001011000000001010001000010100100001110000011111000111100011100111101100100010000001011000011011110111000010011110110000000011001000000001110000000000110001000001100100000100100011100000111000111100111101110110011010000')
DEBUG:root:Matched frame over all scan:1362

DEBUG:root:Errors over all scan:54

DEBUG:root:Result:tau3_fail
DEBUG:root:Match or Not:False
DEBUG:root:Under real time Point counter:0.242594957352

DEBUG:root:Extracted signature:bitarray('11110001000011111110000000001111110100000010111000000001011000000001010001100010100100001110100011111000111100011100111101110110010000001010000011011110111000011001110110000000011001000000001110000100000110001000001100100010100100011100000111000111100111101110011010000000')
DEBUG:root:Matched frame over all scan:1362

DEBUG:root:Errors over all scan:51

DEBUG:root:Result:tau3_fail
DEBUG:root:Match or Not:False
DEBUG:root:Under real time Point counter:0.203336000443

DEBUG:root:Extracted signature:bitarray('11110001000011111110000000001010110000000010111000000001011000000001010001100011100100001110100011101100111100011100111101110110010000001010000011011110111000010001110110000000011001100010001110000100000110001000001100100011100100011100000111000111100111101110110010010000')
DEBUG:root:Matched frame over all scan:1362

DEBUG:root:Errors over all scan:42

DEBUG:root:Result:replica detected
DEBUG:root:Match or Not:True
DEBUG:root:Under real time Point counter:0.207672834396

DEBUG:root:Extracted signature:bitarray('11111001000001111110000000001011110000000010111000000001011000000001010001000011100100001110010011111000111100111100111101110110010000000010000011011110111000001001110110000000011101000000001110000000000110001000001100100000100100011100000111000111100111101110111010000000')
DEBUG:root:Matched frame over all scan:1362

DEBUG:root:Errors over all scan:54

DEBUG:root:Result:tau3_fail
DEBUG:root:Match or Not:False
DEBUG:root:Real time1487956192.66

DEBUG:root:Extracted signature:bitarray('11110001000011111110000000001011110000000010111000000001011000000001010001100011100110001110010011111100111100111100111101111110010000000010000011011110111000001001110110000000011101100000001110000000000110001000001100110010100100011100000111000111100111101110111011000000')
DEBUG:root:Matched frame over all scan:1362

DEBUG:root:Errors over all scan:52

DEBUG:root:Result:tau3_fail
DEBUG:root:Match or Not:False
DEBUG:root:Under real time Point counter:0.212542057037

DEBUG:root:Extracted signature:bitarray('11110001000011111110000000001111110000000011111000000001111000000001110001000011100100001110000011110001111001111101111101111010010000000110000011001110111000001001110110000000011001100000001110100000000110001000001100110010100100011100000111000111100111101110010011010000')
DEBUG:root:Matched frame over all scan:1360

DEBUG:root:Errors over all scan:57

DEBUG:root:Result:tau3_fail
DEBUG:root:Match or Not:False
DEBUG:root:Real time1487956193.08

DEBUG:root:Real time1487956193.28

DEBUG:root:Extracted signature:bitarray('11100001000001111110000000001111110000000011111000000001111000000001110001000011100100011110000011111000111010111101110001000100010011100110000011001110110000001001110110000000011101100000001110000000000110011000001101100010100100011100001111000111100111001100100010010000')
DEBUG:root:Matched frame over all scan:1367

DEBUG:root:Errors over all scan:52

DEBUG:root:Result:tau3_fail
DEBUG:root:Match or Not:False
DEBUG:root:Under real time Point counter:0.205243825912

DEBUG:root:Extracted signature:bitarray('11100001000011111110000000011111100100000011111000000001111000000001110001000011100100011110100011111100111010111101110001100100010011101110000011011110110000010001100110000100011001100010000110110010000110111000001101100110100100011100000111001111000111001100100010010000')
DEBUG:root:Matched frame over all scan:1369

DEBUG:root:Errors over all scan:54

DEBUG:root:Result:tau3_fail
DEBUG:root:Match or Not:False
DEBUG:root:Under real time Point counter:0.203698158264

DEBUG:root:Extracted signature:bitarray('11100001000011111110000000011111110000000011111000000001111000000001110001000011100100011110100011111100111010111101110011000100010011100010000011001110110000001001100110000000011001100000001110110000000110111000001101100010100100110100000111000111100111001100100010010000')
DEBUG:root:Matched frame over all scan:1369

DEBUG:root:Errors over all scan:54

DEBUG:root:Result:tau3_fail
DEBUG:root:Match or Not:False
DEBUG:root:Under real time Point counter:0.254391908646

DEBUG:root:Extracted signature:bitarray('10110000000001110110000000001111110100000000111111000001111001000001110001000011100100011110100011111100111010111101110011000100010011100010000011011110110000000001100110000000011001100000001110110000000110111000001101100100100100111100000111001111100111001100100010010000')
DEBUG:root:Matched frame over all scan:1369

DEBUG:root:Errors over all scan:61

DEBUG:root:Result:tau3_fail
DEBUG:root:Match or Not:False
DEBUG:root:Real time1487956194.14

DEBUG:root:Extracted signature:bitarray('10011110011000110011110010001100111100001111001110000111101110000011101000000111000001011100001001101110011010001111001110011001101100001100111101100110100011100111100000111001111000011100111100101101111110011111111100011101110011101100110011001001110011110111001110010000')
DEBUG:root:Matched frame over all scan:1598

DEBUG:root:Errors over all scan:83

DEBUG:root:Result:tau1_fail
DEBUG:root:Match or Not:False
DEBUG:root:Under real time Point counter:0.204241991043

DEBUG:root:Extracted signature:bitarray('10011100000001110001000000001110010000000111101000000011111100000011111000000111100000001110001011010111111011011100011101111010010011110000000000000111000000000000111000000000001110000000000111000000000111000000001110000000111000000101000000010111001111001111010111010000')
DEBUG:root:Matched frame over all scan:1983

DEBUG:root:Errors over all scan:66

DEBUG:root:Result:tau3_fail
DEBUG:root:Match or Not:False
DEBUG:root:Real time1487956194.55

DEBUG:root:Extracted signature:bitarray('10011100011111100011100011011100111001111111011111100111101111100111101111001100011100110011000110010000100100010010000010000001101000010000000001111100001100000111101011100001111001111000111100111000111100111001111101100110111000010111000111100011010011010111001101000000')
DEBUG:root:Matched frame over all scan:1934

DEBUG:root:Errors over all scan:84

DEBUG:root:Result:tau3_fail
DEBUG:root:Match or Not:False
DEBUG:root:Under real time Point counter:0.223743915558

DEBUG:root:Extracted signature:bitarray('10011110011001110011110010001100111000000111011110000111101110010011101001110111000111011100111011101110011011000111000010000101101100001110111110100110100111100011100001111001111000111100111100101100111110011011111100011101100011101100110011101001110011110111001101010000')
DEBUG:root:Matched frame over all scan:1598

DEBUG:root:Errors over all scan:78

DEBUG:root:Result:tau1_fail
DEBUG:root:Match or Not:False
DEBUG:root:Real time1487956194.97

DEBUG:root:Extracted signature:bitarray('10011110011001110011100010001100111000000111011110000111101110010011101001110111000111011101111011101110011111000111000010000101101100001110111110100110100011100011100000111001111000111100111100101100111110011011111100011101100011101100111011001001110011110111001101010000')
DEBUG:root:Matched frame over all scan:1598

DEBUG:root:Errors over all scan:77

DEBUG:root:Result:tau1_fail
DEBUG:root:Match or Not:False
DEBUG:root:Real time1487956195.17

DEBUG:root:Extracted signature:bitarray('11111100000001110111100000001111111000000000111110000000011110000000011000000000100000000010001111110111111011111101111101111000010010001110000000100010110000000000011110000000000110000000000011000000000011000000000100000000011000000011000000111000011000101001010101101000')
DEBUG:root:Matched frame over all scan:2108

DEBUG:root:Errors over all scan:57

DEBUG:root:Result:replica detected
DEBUG:root:Match or Not:True
DEBUG:root:Real time1487956195.37

DEBUG:root:Extracted signature:bitarray('10011100001001110001100011111100011000011111001110011111101111000011101111000111011100001111100000010000000100000010000010000100000000010000000000110111000000000111101001100001111011110000111101110000111100010001111101000111111000000111000001110000110000100101010101100000')
DEBUG:root:Matched frame over all scan:1485

DEBUG:root:Errors over all scan:67

DEBUG:root:Result:replica detected
DEBUG:root:Match or Not:True
DEBUG:root:Real time1487956195.57

DEBUG:root:Extracted signature:bitarray('10011100001001110011100010001100111000001111011100000111101100010011011001100000100111000001111000011110011110000110000010000101101100000001111110000110100111100011100101111000111000111100111100101100111110011011111100011101100011101100110011101001110011010111001101010000')
DEBUG:root:Matched frame over all scan:1377

DEBUG:root:Errors over all scan:83

DEBUG:root:Result:tau3_fail
DEBUG:root:Match or Not:False
DEBUG:root:Under real time Point counter:0.203150987625

DEBUG:root:Extracted signature:bitarray('10011110011001110011100010001100111000001111011110000111101110110011001001100000100111000001111000011110011110000111000010000101101100001110111100100110110011100011100000111000111000111100111100101100111110011011111100011101100011101100110011001001110011110111001101010000')
DEBUG:root:Matched frame over all scan:1598

DEBUG:root:Errors over all scan:87

DEBUG:root:Result:tau2_fail
DEBUG:root:Match or Not:False
DEBUG:root:Under real time Point counter:0.206595182419

DEBUG:root:Extracted signature:bitarray('11000001100111011001100100110010011000011000011110001111101111001100101110011000111011000011100000011000001100000110000110000100010011111101001100111010001001101111010001011111000011111111100001001111100011001111000110111000010110000011000000100000010000010000110011011000')
DEBUG:root:Matched frame over all scan:1382

DEBUG:root:Errors over all scan:76

DEBUG:root:Result:tau3_fail
DEBUG:root:Match or Not:False
DEBUG:root:Real time1487956196.18

DEBUG:root:Extracted signature:bitarray('11001000111100010001000011000010010100110011011111011000101111111000011111000000111100000011000000010000000100000010000010000100011111111100000001110010100001111100010011011110000011111111000001011111000011011100000111100001011100001010001000100000010000010000100010010000')
DEBUG:root:Matched frame over all scan:550

DEBUG:root:Errors over all scan:74

DEBUG:root:Result:tau3_fail
DEBUG:root:Match or Not:False
DEBUG:root:Under real time Point counter:0.202202796936

DEBUG:root:Extracted signature:bitarray('11001000111100010001000111000010100101101001011111100100101111100000011111000000111000000011000000010000000100000010000010000100010011111100001111110010001001111000010000111100000010011110000001011110000011011100000111100000011000000010000000100000010000010000100010010000')
DEBUG:root:Matched frame over all scan:1858

DEBUG:root:Errors over all scan:75

DEBUG:root:Result:tau3_fail
DEBUG:root:Match or Not:False
DEBUG:root:Real time1487956196.58

DEBUG:root:Extracted signature:bitarray('11001000111000010001001111000010010111110001011111111000101111111000011111010000111001100011000100010001000100000010000010000101101100011101001111100010001001111000010011011100000010011111000001001110000011011000000111100001011000100010001000100000010000010000110010010000')
DEBUG:root:Matched frame over all scan:1830

DEBUG:root:Errors over all scan:78

DEBUG:root:Result:tau3_fail
DEBUG:root:Match or Not:False
DEBUG:root:Under real time Point counter:0.206239938736

DEBUG:root:Extracted signature:bitarray('11000001111000010000011111000010011111110000011111111000101111011000101110110001111110000011100000010000000100100010111101111011000000011101001011100010001101111000010011011110000011110111100001110111100011111100000101110010011100010010000000100100010110011110101010010000')
DEBUG:root:Matched frame over all scan:2690

DEBUG:root:Errors over all scan:77

DEBUG:root:Result:tau3_fail
DEBUG:root:Match or Not:False
DEBUG:root:Real time1487956196.99

DEBUG:root:Extracted signature:bitarray('11000011111000010000011111000010000111110000001111111000101111111000101110110001111110000011100000011000000100000010111101111011100000011101101111100010001101111000010011011110000001100111100001100111100011101110000101110000010110001010000000100100010110011110101010010000')
DEBUG:root:Matched frame over all scan:2690

DEBUG:root:Errors over all scan:73

DEBUG:root:Result:tau3_fail
DEBUG:root:Match or Not:False
DEBUG:root:Real time1487956197.19

DEBUG:root:Extracted signature:bitarray('11000111111000011000011111000010001111110000100111111000101111110000101111100000111110000011100000010000000100000010011000111011100000011101001111100010001101111000010011011110000101110111100001111111100001111110000111110010011110000010000000101100010110011110101010010000')
DEBUG:root:Matched frame over all scan:2690

DEBUG:root:Errors over all scan:70

DEBUG:root:Result:tau3_fail
DEBUG:root:Match or Not:False
DEBUG:root:Under real time Point counter:0.217080116272

DEBUG:root:Extracted signature:bitarray('11000111111000011000111111000010011111110001001111111000101111001000101110000010111000001011000001010001001100111100011101111010010000011101101111100010001110111000010011101111000001110011100001011111100011110010000111000001010000011010011100100110010111011110101010010000')
DEBUG:root:Matched frame over all scan:557

DEBUG:root:Errors over all scan:80

DEBUG:root:Result:tau2_fail
DEBUG:root:Match or Not:False
DEBUG:root:Real time1487956197.61

DEBUG:root:Extracted signature:bitarray('11000111111000011000111110000010001111100001001111110000101111100000111110000000111000000011100000010001111000011100011101111010010000011101100111000010001100111000010011101110000001111110000001111110000011100100000100000010010001110010001100100111010111011110101010010000')
DEBUG:root:Matched frame over all scan:557

DEBUG:root:Errors over all scan:76

DEBUG:root:Result:tau3_fail
DEBUG:root:Match or Not:False
DEBUG:root:Real time1487956197.81

DEBUG:root:Extracted signature:bitarray('10000000011111010000100011100100111000111111011101111111101111111111101111110111011111011101111011101000011100000011000010000100010011010000011110010111000000111100101010001111001011101111100101101111000101011101111011111011101111011101011101001110001110011000110011101000')
DEBUG:root:Matched frame over all scan:1391

DEBUG:root:Errors over all scan:73

DEBUG:root:Result:tau3_fail
DEBUG:root:Match or Not:False
DEBUG:root:Real time1487956198.01

DEBUG:root:Extracted signature:bitarray('10000000011111110000100011110010111000111111011101011111101111111111101111110111011111011101111011101000011100000011000010000100011010110000011010010111000001111000101010001111001011001111100101001111000101011100111011111011101111011101011110001110001110011000110111101000')
DEBUG:root:Matched frame over all scan:1391

DEBUG:root:Errors over all scan:76

DEBUG:root:Result:tau3_fail
DEBUG:root:Match or Not:False
DEBUG:root:Under real time Point counter:0.205931186676

DEBUG:root:Extracted signature:bitarray('10000000011111110000000011111100110001111111011100111111101101111111101111111111011111111101111111101000001100000010000010000110010011110000011010010111000001111100101000001111000011001111110001001111111001011110111011110011101100111101001110001110001100011000110101000000')
DEBUG:root:Matched frame over all scan:1393

DEBUG:root:Errors over all scan:72

DEBUG:root:Result:tau3_fail
DEBUG:root:Match or Not:False
DEBUG:root:Real time1487956198.42

DEBUG:root:Extracted signature:bitarray('10000000011111110000000011111100110001111111011101111111101111111111101011110111011110011101110011011100000110010010010001110011101101110000011011100111000011111100001000001111000011001111110001001111111000011100110011100011001000111001001110010111010111010110101010010000')
DEBUG:root:Matched frame over all scan:1393

DEBUG:root:Errors over all scan:82

DEBUG:root:Result:tau3_fail
DEBUG:root:Match or Not:False
DEBUG:root:Real time1487956198.62

DEBUG:root:Extracted signature:bitarray('10000011011111110000011001111100000000111111000100011111100110011111101111110111011100001101100001110000000100000010000010110011101111110000011011100010000001111100010000001111100001001111110000001111111000011100001001100000101000001100000111000000110100100101001101010000')
DEBUG:root:Matched frame over all scan:1395

DEBUG:root:Errors over all scan:61

DEBUG:root:Result:replica detected
DEBUG:root:Match or Not:True
DEBUG:root:Real time1487956198.82

DEBUG:root:Extracted signature:bitarray('10000001111111110000011011111000000001111111000000111111100100111111101011110111011110001101100000111000000100000010000011110011101111110000001111100110000001111100010000001111000001000111110000001111111000011100001011100000101000001101000111000000110100110101001111010000')
DEBUG:root:Matched frame over all scan:1396

DEBUG:root:Errors over all scan:62

DEBUG:root:Result:replica detected
DEBUG:root:Match or Not:True
DEBUG:root:Real time1487956199.02

DEBUG:root:Extracted signature:bitarray('10000001111110010000011011111000000001111111000000111111100100111111101111110111011111001101110000111000000100000010000010110011101111110000011111100110000001111100010000001111100000001111111000001111111000011100001011100001101000011101100011010000111100010101001111010000')
DEBUG:root:Matched frame over all scan:1398

DEBUG:root:Errors over all scan:61

DEBUG:root:Result:replica detected
DEBUG:root:Match or Not:True
DEBUG:root:Under real time Point counter:0.205905914307

DEBUG:root:Extracted signature:bitarray('10000001111111110000011011110000000001111111000000111111100100111111101011110111011110001101100001111000000100000010100011110011101111110000001111100110000001111100010000001111100001000111110000001111111000011100001011100000101000001101000111010001101100100101001111010000')
DEBUG:root:Matched frame over all scan:1396

DEBUG:root:Errors over all scan:63

DEBUG:root:Result:replica detected
DEBUG:root:Match or Not:True
DEBUG:root:Real time1487956199.43

DEBUG:root:Extracted signature:bitarray('11111110000110001111110000110011100000001110110000000111010000001111110000001111100000111000000110010000110100001110001100011001101100000111111110000100111111100100100111110001111011100000111101100000111101000001111010000110101000110001000110110001101000100001001100101000')
DEBUG:root:Matched frame over all scan:1399

DEBUG:root:Errors over all scan:63

DEBUG:root:Result:tau3_fail
DEBUG:root:Match or Not:False
