DEBUG:root:Under real time Point counter:2.09808349609e-05

DEBUG:root:Real time1486873712.04

DEBUG:root:Real time1486873712.24

DEBUG:root:Real time1486873712.44

DEBUG:root:Real time1486873712.65

DEBUG:root:Real time1486873712.85

DEBUG:root:Real time1486873713.05

DEBUG:root:Real time1486873713.25

DEBUG:root:Real time1486873713.45

DEBUG:root:Real time1486873713.65

DEBUG:root:Real time1486873713.85

DEBUG:root:Real time1486873714.05

DEBUG:root:Real time1486873714.25

DEBUG:root:Real time1486873714.46

DEBUG:root:Real time1486873714.66

DEBUG:root:Real time1486873714.86

DEBUG:root:Real time1486873715.06

DEBUG:root:Real time1486873715.26

DEBUG:root:Real time1486873715.46

DEBUG:root:Real time1486873715.66

DEBUG:root:Real time1486873715.86

DEBUG:root:Real time1486873716.06

DEBUG:root:Real time1486873716.26

DEBUG:root:Real time1486873716.46

DEBUG:root:Real time1486873716.66

DEBUG:root:Real time1486873716.86

DEBUG:root:Real time1486873717.06

DEBUG:root:Real time1486873717.27

DEBUG:root:Real time1486873717.47

DEBUG:root:Real time1486873717.67

DEBUG:root:Extracted signature:bitarray('111101100110001111111000111011001100001101000101100101001101001110110110010111111000111110001111110111111001010001001011111111011110001111110001111011111000011101110110000001100100000110000001011000010110000001100001111011100110000010010000')
DEBUG:root:Matched frame over all scan:744

DEBUG:root:Errors over all scan:56

DEBUG:root:Real time1486873717.87

DEBUG:root:Extracted signature:bitarray('111100001000001111000110000011100001110001000001110011001001111100111110110011110000111100001100111101101100010001001001111111111100001110001111101011001111100101111101100001101101000110000000010001100110011001101111101111001100011011010000')
DEBUG:root:Matched frame over all scan:745

DEBUG:root:Errors over all scan:58

DEBUG:root:Real time1486873718.07

DEBUG:root:Extracted signature:bitarray('111111110000001001111000000110001100000011000110001111011000011101101011110111110010111000101100101100001000010101111001111111100100101100110000010110001110011000111100011001011000000110000010010001111010011110001111111011010000101011010000')
DEBUG:root:Matched frame over all scan:747

DEBUG:root:Errors over all scan:58

DEBUG:root:Real time1486873718.27

DEBUG:root:Extracted signature:bitarray('111110000000011111100100000110111000000011010000000011000111001110011100111111100111111000011100001100001011100110010110011110111101010001101000010110000011111001000111111000011101100011100110000000110001001111000111100111100001100110010000')
DEBUG:root:Matched frame over all scan:747

DEBUG:root:Errors over all scan:68

DEBUG:root:Real time1486873718.47

DEBUG:root:Extracted signature:bitarray('111100010000011111000101100111010000100011110000100011000011111100011111110111100110111001101100011100011001100110110101111111111101001111111011010010000011111000001110111000111000000011000000011000110010001100100111000111001100110010010000')
DEBUG:root:Matched frame over all scan:751

DEBUG:root:Errors over all scan:42

DEBUG:root:Real time1486873718.67

DEBUG:root:Extracted signature:bitarray('111110010000011111100101000111110000100011010000100011100011111010011111110011110110110001101000110000110001111101001011111111111101000001111011010100000011111000001111111000111000001011100000011000010010011100101000011110010100000101101000')
DEBUG:root:Matched frame over all scan:750

DEBUG:root:Errors over all scan:33

DEBUG:root:Real time1486873718.87

DEBUG:root:Extracted signature:bitarray('111110010100011111111101100111110000100011100000100111000011111010011111110011110110111001101110110000011001100110111001111111111101000111111011010100000011111010001111110000111000001011100000011000110010001100100110011111001100100010000000')
DEBUG:root:Matched frame over all scan:750

DEBUG:root:Errors over all scan:31

DEBUG:root:Real time1486873719.07

DEBUG:root:Extracted signature:bitarray('111110010100011111101101000111100000100011000000100111000011111000011111110011110010011110101111000110001001110110110101111111111100101111111011010100000011111000001111110000111110001011100000011100010011000010100001010011101100100010010000')
DEBUG:root:Matched frame over all scan:751

DEBUG:root:Errors over all scan:39

DEBUG:root:Real time1486873719.27

DEBUG:root:Extracted signature:bitarray('111110010100011111111101000111110000000011000000011111000011111000001111110001110110011110100111110110110011101110111001111111111100101111111011010110000001111000001111100001111000001111100000011100010011000010110000010010011000100101110000')
DEBUG:root:Matched frame over all scan:752

DEBUG:root:Errors over all scan:20

DEBUG:root:Real time1486873719.47

DEBUG:root:Extracted signature:bitarray('111111010110011111110100000111110000000011100000000011000001111110011111110011111100111100001111100101100011001111001011111111111100101111111010000111010000111000000111111000011110000011100000011000000110000111100000010100111001101101101000')
DEBUG:root:Matched frame over all scan:753

DEBUG:root:Errors over all scan:31

DEBUG:root:Real time1486873719.67

DEBUG:root:Extracted signature:bitarray('111110000010001111000000000111000000000011000000011011000011111100011100110111100110110001011110001110011000110011010101111111101100011111101001000100000011111000001111001000111000001111000110010001110010011101100101100101011011000110101000')
DEBUG:root:Matched frame over all scan:754

DEBUG:root:Errors over all scan:59

DEBUG:root:Real time1486873719.87

DEBUG:root:Extracted signature:bitarray('111111001011001111110010110011110000011001100000011011000001111110001111110011111100111111001111110001110111101010101101111111010110001111100101101011110011111100000111101000111100000011100000011000001010000010100000111100110001101010100000')
DEBUG:root:Matched frame over all scan:756

DEBUG:root:Errors over all scan:44

DEBUG:root:Real time1486873720.07

DEBUG:root:Extracted signature:bitarray('111100100001001111111000000011111000000001110000011011000001111100001111100011111100111111101111110010110001100110011111111111111111000111111111111001111111111101111111001001111100000111100000111000000110000000100100011110011100110011010000')
DEBUG:root:Matched frame over all scan:757

DEBUG:root:Errors over all scan:30

DEBUG:root:Real time1486873720.27

DEBUG:root:Extracted signature:bitarray('111110000100101111111000011011111000001101100000001101000001111010001111100011111100111111100111110001110011110011011111111111111111000111111111111001111111111101111111100101111100001011100000111000000110000000110010011100111010011001000000')
DEBUG:root:Matched frame over all scan:758

DEBUG:root:Errors over all scan:27

DEBUG:root:Real time1486873720.47

DEBUG:root:Extracted signature:bitarray('111111000000101111111100001001111100000111110000001111000001111010000111100001111100011111100111110001110001110111111111111111111111000011111111111001111111110100111111100001111110001011110000111100000111000000110010011110011100010101100000')
DEBUG:root:Matched frame over all scan:759

DEBUG:root:Errors over all scan:11

DEBUG:root:Real time1486873720.67

DEBUG:root:Extracted signature:bitarray('111111110000101111111110001101111111000110111110001111101000111100000111110000111100111111001101111000110001110011011111111111111101100111111111001011111111110001111111100001111111000011111000011110000111000001100001011000011000110010000000')
DEBUG:root:Matched frame over all scan:760

DEBUG:root:Errors over all scan:42

DEBUG:root:Real time1486873720.87

DEBUG:root:Extracted signature:bitarray('111111110001011111111111110101111111000011110110000111100000011110000011110000111110001111010001111000011000110011011111111111111111100011111111101000111111111000011111110000111111000011111000011110000011100001110001101101001110011001000000')
DEBUG:root:Matched frame over all scan:761

DEBUG:root:Errors over all scan:25

DEBUG:root:Real time1486873721.07

DEBUG:root:Extracted signature:bitarray('101111111101011011111111000001111111000001111110000011100000001110000001111000011111000011110000111000011000010001101111111111111111101111111110100011111111111101111111111001111111100011111100001111000011100010011001101100101110011101100000')
DEBUG:root:Matched frame over all scan:761

DEBUG:root:Errors over all scan:49

DEBUG:root:Real time1486873721.27

DEBUG:root:Extracted signature:bitarray('111111000000101111100000000011110001100001100001000001001100000111000000111000001111001100011110001110001100010001001011111111101111001111100110000011110011000111111000001101100000110000001110000011100001110001011000101100011000100010010000')
DEBUG:root:Matched frame over all scan:763

DEBUG:root:Errors over all scan:21

DEBUG:root:Real time1486873721.48

DEBUG:root:Extracted signature:bitarray('111011100000111100111100011110011100001001011000010001000001000111000000011100000111001011001110001110001100010001000011111111111001101110111111110011001111100011001000001100110000111000001111000011100000110001001000101100101001000100000000')
DEBUG:root:Matched frame over all scan:764

DEBUG:root:Errors over all scan:57

DEBUG:root:Real time1486873721.68

DEBUG:root:Extracted signature:bitarray('111000100000011111001111000111110101000001010000000001110000000011000000011001000111111001111110001110001110011001001100111111111111100000011111100100001000110010000000000110000000011001001111001001110010011001101100100011100011000100000000')
DEBUG:root:Matched frame over all scan:765

DEBUG:root:Errors over all scan:34

DEBUG:root:Real time1486873721.88

DEBUG:root:Extracted signature:bitarray('111100010000111111100110001111110011000110110000000001110011000011001100011001100111111001111100001111001110011001001101111111111111100000001111100100000001110010000000100010000000011001001011101001110010011000000100000111100011000100000000')
DEBUG:root:Matched frame over all scan:765

DEBUG:root:Errors over all scan:40

DEBUG:root:Real time1486873722.08

DEBUG:root:Extracted signature:bitarray('111100001001111111111111111100111101110000111001110000110011000011001100001111100011111000111100011111001110001110111100011111111111100100000110110100000000000010000000000010000010001101001101110000111000001100010111000001100011100010010000')
DEBUG:root:Matched frame over all scan:767

DEBUG:root:Errors over all scan:34

DEBUG:root:Real time1486873722.28

DEBUG:root:Extracted signature:bitarray('111111100001101111111011011100111101110000111001100000110011000001101110001111110001101000011000001011000110001110111111001111111111110000000111110100000000000010001101000010010011001100000101110000111100101110001111101001100001100010000000')
DEBUG:root:Matched frame over all scan:768

DEBUG:root:Errors over all scan:27

DEBUG:root:Real time1486873722.48

DEBUG:root:Extracted signature:bitarray('111111100000001111111001111101111101110000111001110000110011100001101110001110110001100100011010001011000110001110111100001111111111110010000110111100000000000010001101100010010011001100000100100010111100111111001111101001110001100010000000')
DEBUG:root:Matched frame over all scan:768

DEBUG:root:Errors over all scan:30

DEBUG:root:Real time1486873722.68

DEBUG:root:Extracted signature:bitarray('100111111111111001111111110000111111110010011111110010111011100001100111000100111001111110011011001111000111001110110101100111011111101100110001111110010000100011000000100011001101000101110110101100111100011111001011100001110001100110100000')
DEBUG:root:Matched frame over all scan:770

DEBUG:root:Errors over all scan:47

DEBUG:root:Real time1486873722.88

DEBUG:root:Extracted signature:bitarray('100111110111001001111101110100111011110010111011110000111111100001111011110111011100110111001111100111110111101110111111100011010111101100000100011110010011001010010000100010100111011110011111100110001100010001101000010000110001101100100000')
DEBUG:root:Matched frame over all scan:771

DEBUG:root:Errors over all scan:55

DEBUG:root:Real time1486873723.08

DEBUG:root:Extracted signature:bitarray('100010000111011001100011110010110001111000111000111110100100111000010011000111110000110110001111000111110111101111101011100011110001011000100000011110010000001110010001000010101110001110011110010011100110110111100011111001110011010100000000')
DEBUG:root:Matched frame over all scan:772

DEBUG:root:Errors over all scan:47

DEBUG:root:Real time1486873723.28

DEBUG:root:Extracted signature:bitarray('100111000000111001110000111110111000011110111000011110100000111110011001100111001100110111001011100011100111001100111101110000111000001100001110000111000111000011001111010000001110110010001001010001001110010010101001111000110001100110000000')
DEBUG:root:Matched frame over all scan:773

DEBUG:root:Errors over all scan:80

DEBUG:root:Real time1486873723.48

DEBUG:root:Extracted signature:bitarray('100111000000111001110000011110011000000111111000000001110000000001001101001111011100110111101011110011110111001000100101110000011110001110001111000011000111100001000111101001001110110100000011010001001110010011111000111000110011010000110000')
DEBUG:root:Matched frame over all scan:208

DEBUG:root:Errors over all scan:78

DEBUG:root:Real time1486873723.68

DEBUG:root:Extracted signature:bitarray('100111001000001001110100000010111000010001110000100001100011001001011100110111100110111001101000110001110011001001001001111001111000101110001111111011000111011101001110011100001101011001000100111001100100001100101110011100111001101101100000')
DEBUG:root:Matched frame over all scan:774

DEBUG:root:Errors over all scan:69

DEBUG:root:Real time1486873723.88

DEBUG:root:Extracted signature:bitarray('100110011111101001100111111000111111111000111111111100101111011000111001100111001110110011101000110000110011101100001011110001111111001110011111110011001111110001001110000110011000000010000101101010101100001001000110100110101011000111101000')
DEBUG:root:Matched frame over all scan:776

DEBUG:root:Errors over all scan:78

DEBUG:root:Real time1486873724.08

DEBUG:root:Extracted signature:bitarray('100111111110001001111101110010111110100001111110000001111100000011111000001111100101111001011100110100110001101110101011110001111100001100011111101011000111101101000000001100011010011010011101101111100100001101000110000110011101100100101000')
DEBUG:root:Matched frame over all scan:776

DEBUG:root:Errors over all scan:69

DEBUG:root:Real time1486873724.28

DEBUG:root:Extracted signature:bitarray('100111111000001001111110000000111110000010111110000110111100001011100000101001000101111001011100110100110001100110110001110001111110001100011111000111000111111011000111110010011001100100110011101111101101001001000110100110011100110010111000')
DEBUG:root:Matched frame over all scan:778

DEBUG:root:Errors over all scan:59

DEBUG:root:Real time1486873724.48

DEBUG:root:Extracted signature:bitarray('100111100011001001111100110000111111111000111111000000111100000001110000001111000101111001011101110100110001100110110001110001111111101100011111110110000111111011000011110010000001100100011111100111111101011011001100100110011100110010101000')
DEBUG:root:Matched frame over all scan:777

DEBUG:root:Errors over all scan:60

DEBUG:root:Real time1486873724.68

DEBUG:root:Extracted signature:bitarray('100111001110001001110111000000111011000010111111000000111110000011001000001011100001110000011001110001110011101110110111110011111110101100011111000110001111001110000010010010000000000100011001100111011101111111011111100101101011001101101000')
DEBUG:root:Matched frame over all scan:779

DEBUG:root:Errors over all scan:21

DEBUG:root:Real time1486873724.89

DEBUG:root:Extracted signature:bitarray('111111111110101111111111101000111111001100111110001000111100010011100001001111000101110001011001101001100011100110110101111111111111001100011111010110001110011010000001100010000011011001110111101110111100011111001100101100101001110110001000')
DEBUG:root:Matched frame over all scan:781

DEBUG:root:Errors over all scan:44

DEBUG:root:Real time1486873725.09

DEBUG:root:Extracted signature:bitarray('111111111111001011111111110000111111110000111111100000111111000001111100001111100011110000011000001001101001010100001000111111111110000100111111100110000111100110011111111110111111111011111111001001111000011111011101101100101101010010001000')
DEBUG:root:Matched frame over all scan:782

DEBUG:root:Errors over all scan:44

DEBUG:root:Real time1486873725.29

DEBUG:root:Extracted signature:bitarray('100011111111101000111111111100011111111100111111110000111110000101001000011111000111110000111000001100001000010100010100111011111111100110011110001011000111001111001111111100111111110010111111000001110000011110011111001101101001010111010000')
DEBUG:root:Matched frame over all scan:782

DEBUG:root:Errors over all scan:62

DEBUG:root:Real time1486873725.49

DEBUG:root:Extracted signature:bitarray('100011001100001001111111001010111111110000111111100010111111000101110110011110000011100000111100010110110011101110110100011111111000010111111110000110111111100011111111100101111111000011111100000011100000111100001111010110000101011100101000')
DEBUG:root:Matched frame over all scan:783

DEBUG:root:Errors over all scan:66

DEBUG:root:Real time1486873725.69

DEBUG:root:Extracted signature:bitarray('100000001111101001000011111000110000111100110000011100100000111001000011110100011110000111100011110111110100010001001011011111111111000100111111110010011111111100111111111001111110110011111000001111001101110111011111101111101000100010111000')
DEBUG:root:Matched frame over all scan:787

DEBUG:root:Errors over all scan:52

DEBUG:root:Real time1486873725.89

DEBUG:root:Extracted signature:bitarray('100001001100101000111010101010111000000010111000000111110000111110000011110000011110000111100011110011110111110001001011011011111111010010011111011010001111111110001111110101101110000100111000100111001101110111011011100111101111000010010000')
DEBUG:root:Matched frame over all scan:786

DEBUG:root:Errors over all scan:36

DEBUG:root:Real time1486873726.09

DEBUG:root:Extracted signature:bitarray('100101111111001001011111110000100001110000100001110010000001100101000110010000011110000111100011110011110111100101001011010011111110000100111111100000010011110010001111110001111111000011111100101111000101110001011001101001101111000010010000')
DEBUG:root:Matched frame over all scan:787

DEBUG:root:Errors over all scan:57

DEBUG:root:Real time1486873726.29

DEBUG:root:Extracted signature:bitarray('110100101100111001001110001110100100000001100000000001110000011111000001101100011111000111110001111000111000110001101010110111111111101101111111111010111011111100000111111100111111110011111100001111000001110000011100001110000110001100101000')
DEBUG:root:Matched frame over all scan:788

DEBUG:root:Errors over all scan:50

DEBUG:root:Real time1486873726.49

DEBUG:root:Extracted signature:bitarray('110100110000011101001100111110100110011001100110000001111000000011000000001100001001000111110011110011110001100110110110111111111111100101111111111010111011111100101000011100000001111001111110001111100001111000011011101011100111011100101000')
DEBUG:root:Matched frame over all scan:788

DEBUG:root:Errors over all scan:54

DEBUG:root:Real time1486873726.69

DEBUG:root:Extracted signature:bitarray('110110111101011101101111110110110111010001111110000001111100000011110000001010001110110011111001111000011010001100110110111111111111100101111111101010011111110010000001100100000001111000011111001111111000011110011100101101100111100110010000')
DEBUG:root:Matched frame over all scan:789

DEBUG:root:Errors over all scan:34

DEBUG:root:Real time1486873726.89

DEBUG:root:Extracted signature:bitarray('110111111111101101111111110010111111010001111110000001110100000011010000011110000011100011111000111000011000110001001100111011111111000100111111100110011110110010001100110100010011111001011111101101110001011001011101100111001111011100100000')
DEBUG:root:Matched frame over all scan:791

DEBUG:root:Errors over all scan:17

DEBUG:root:Real time1486873727.09

DEBUG:root:Extracted signature:bitarray('110110111111001101101111110010111110110001111110000001111100000011110000001110000011100001110000111100011000110010111110111011111111001100111111100010011101100010011000000110110000111011001111101001111001011111001111100111101110011010010000')
DEBUG:root:Matched frame over all scan:792

DEBUG:root:Errors over all scan:18

DEBUG:root:Real time1486873727.29

DEBUG:root:Extracted signature:bitarray('110000011000001100001110000011000100000111000000001101000000110011000110001100110001001100010110001110000110001100100001100011110011101001101111001010011111000001011110001110111000111111100011011100110011001100010110001110001100011001100000')
DEBUG:root:Matched frame over all scan:793

DEBUG:root:Errors over all scan:65

DEBUG:root:Real time1486873727.49

DEBUG:root:Extracted signature:bitarray('111100011000001111111110000011111100000110111000001111110000111101000011110100011001000100010000001000001110001110110111110000111000101000101110001010011111001101011110011100011001100111100110011001100011011000111100001100101001010101001000')
DEBUG:root:Matched frame over all scan:794

DEBUG:root:Errors over all scan:65

DEBUG:root:Real time1486873727.69

DEBUG:root:Extracted signature:bitarray('111000000000001110000110000011000111000111000111001110000000111001100111001100111001001100010100001100001000010000110101111001100100011100111000001010111110000100111110001100011000101111100111101001011110010110000111000111101111011100101000')
DEBUG:root:Matched frame over all scan:795

DEBUG:root:Errors over all scan:60

DEBUG:root:Real time1486873727.9

DEBUG:root:Extracted signature:bitarray('111111110010001111001100100011100111000001000111000001001110001110110011001110010001000100010110001110001100110011001010111001100101110000011000011000011100001100111010011101100101111010011111101001110101001100000110001111101111011100100000')
DEBUG:root:Matched frame over all scan:796

DEBUG:root:Errors over all scan:22

DEBUG:root:Real time1486873728.1

DEBUG:root:Extracted signature:bitarray('111111110010001111000100100011000111000001000111000101001110011000110011000110110000001110000111000110001100110010011010111111100100100110111000011011111100011100110110011101000101111000011111101111110101111100000110000111101111011101101000')
DEBUG:root:Matched frame over all scan:796

DEBUG:root:Errors over all scan:34

DEBUG:root:Real time1486873728.3

DEBUG:root:Extracted signature:bitarray('101111101000111011000010111101100001111100100001111001100011110011001110001101000001110000011000101100110101101111100101110011111111101000000011100100111001101110001101011100011011111010101111101011101101011110011111001111001000100010011000')
DEBUG:root:Matched frame over all scan:798

DEBUG:root:Errors over all scan:61

DEBUG:root:Real time1486873728.5

DEBUG:root:Too small detection probably wrong
DEBUG:root:Real time1486873728.7

DEBUG:root:Extracted signature:bitarray('101111111011111011111111111101011011111101010011111001100111000110011100011001100001011000010100001110001100010001001000000001111110010000011011001100001101000110001111001100001100111000110111100110110100101110010111100011100010101101101000')
DEBUG:root:Matched frame over all scan:800

DEBUG:root:Errors over all scan:16

DEBUG:root:Real time1486873728.9

DEBUG:root:Extracted signature:bitarray('110111000111001101000001110010101000111001011000110001000001100110011100011000000011000001110000111000111000110011001001000110010011110001100000111100011000111110011100111100001110111000110011101111110101111111011100101110001100001011011000')
DEBUG:root:Matched frame over all scan:801

DEBUG:root:Errors over all scan:71

DEBUG:root:Real time1486873729.1

DEBUG:root:Extracted signature:bitarray('100001111111111100011111001010011111100101010111000101100110001011011000001011000001110000010000001000001000010001001011110001111101011000111001110100001000111100000001111100000011110010001101010011101000111010011101101101110101110100110000')
DEBUG:root:Matched frame over all scan:803

DEBUG:root:Errors over all scan:76

DEBUG:root:Real time1486873729.3

DEBUG:root:Extracted signature:bitarray('110110011111111101100111111001110011111001010011100001100111000010011000001011000001110000010001001000001001010011011011111000110001011111001110001100100111000110100111100011001111010100011101010011101000110011001010101010100101110011101000')
DEBUG:root:Matched frame over all scan:802

DEBUG:root:Errors over all scan:48

DEBUG:root:Real time1486873729.5

DEBUG:root:Extracted signature:bitarray('111000111100011111001110000101100111000011100111000011100110000110011000011111000011100000111000001000001000010001001111000000101110010110010011000111001001100101001001000101000010011100001001110001111100011111001111101100101111011101000000')
DEBUG:root:Matched frame over all scan:953

DEBUG:root:Errors over all scan:76

DEBUG:root:Real time1486873729.7

DEBUG:root:Extracted signature:bitarray('111000110000001100101100000010010110000001100110000001001100000010110101001110011001000111000001101100001000011101101101100000011100111001000111001100100011100101000111100010001111000000111110100110110101001111010111101111101011011110010000')
DEBUG:root:Matched frame over all scan:804

DEBUG:root:Errors over all scan:79

DEBUG:root:Real time1486873729.9

DEBUG:root:Extracted signature:bitarray('111000111000001100101100000110010111000001000111001001011010010011100000001100001001000110010001001000001001111111011011100000111001110001001110010100001111001010001111001010011110010001111001001111100001001100001110001100011100011101111000')
DEBUG:root:Matched frame over all scan:805

DEBUG:root:Errors over all scan:50

DEBUG:root:Real time1486873730.1

DEBUG:root:Extracted signature:bitarray('100110000100001001100101100010110010110001100010110001001101100010110110001000110011001100110110001100010011101110110101100101111000010001111110001100111111000010011111000001111110000011111000011011100000111010011101011001011110111001101000')
DEBUG:root:Matched frame over all scan:807

DEBUG:root:Errors over all scan:67

DEBUG:root:Real time1486873730.3

DEBUG:root:Extracted signature:bitarray('111100010110001111000101100011100110110001000110110001011001100011001110001001100001111000010000011000110111101110111101001011111000110001111110001001111111000100111111000101111110001110111000010111001001110110110011001111010110110010010000')
DEBUG:root:Matched frame over all scan:807

DEBUG:root:Errors over all scan:49

DEBUG:root:Real time1486873730.5

DEBUG:root:Extracted signature:bitarray('111111011110110111110111101101111011111110111111111110110111111101011111110011111110111111001110100110001100011001101001111111111111001110111111100011011111100001011111101100111111011011101111001001110001011001100110100000011000100010010000')
DEBUG:root:Matched frame over all scan:809

DEBUG:root:Errors over all scan:10

DEBUG:root:Real time1486873730.7

DEBUG:root:Extracted signature:bitarray('111111011110110111110111001101111011111110111111111110111111110100011111110011111110111111001110100110001100010001001001110111111111001100111111100010011111100000011111101100111111011011011110001001110000011001101100101000010000100010000000')
DEBUG:root:Matched frame over all scan:829

DEBUG:root:Errors over all scan:11

DEBUG:root:Real time1486873730.9

DEBUG:root:Extracted signature:bitarray('111111011110110111110111001101111011111110111111111110110111110100011111110011111110111111001100100110001100010001001001111111111111001100111111100011011111100000011111101100111011011011001100001001110000011001101100111000010000100010000000')
DEBUG:root:Matched frame over all scan:828

DEBUG:root:Errors over all scan:16

DEBUG:root:Real time1486873731.1

DEBUG:root:Extracted signature:bitarray('111111011110110111110111001101111011111110111111111110110111110100011111110011111110111111001100100110001100010001001001110111111111001100111111100010011111100000011111101100111111011011011110001001110000011001101100111000010000100010000000')
DEBUG:root:Matched frame over all scan:829

DEBUG:root:Errors over all scan:14

DEBUG:root:Real time1486873731.3

DEBUG:root:Extracted signature:bitarray('111111011110010111110111101101111011111110111111111110110111111101011111110011111110111111001110100110001100010011101001111111111111001100111111100011011111100000011111101100111111011011111110101001110001011001101110101000010000100010000000')
DEBUG:root:Matched frame over all scan:825

DEBUG:root:Errors over all scan:10

DEBUG:root:Real time1486873731.5

DEBUG:root:Extracted signature:bitarray('111111011110010111110111101101111011111110111111111110110111111101011111110011111110111111101110100110001110011011101001111111111111101110111111100011011111100001011111101100111111011011101111101101110001011001100110100000011000100010000000')
DEBUG:root:Matched frame over all scan:824

DEBUG:root:Errors over all scan:10

DEBUG:root:Real time1486873731.7

DEBUG:root:Extracted signature:bitarray('111111011110010111110111101101111011111110111111111110110111111101011111110011111110111111001110100110001110011001101001111111111111001100111111100011011111100000011111101100111111011011111110101001110001011001101100111000010000100010000000')
DEBUG:root:Matched frame over all scan:825

DEBUG:root:Errors over all scan:9

DEBUG:root:Real time1486873731.9

DEBUG:root:Extracted signature:bitarray('111111011110010111110111101101111011111110111111111110110111111101011111110011111110111111001110100110001110011011101001111111111111001100111111100011011111100000011111101100111111011011101110101001110001011001101100101000010000100010000000')
DEBUG:root:Matched frame over all scan:825

DEBUG:root:Errors over all scan:10

DEBUG:root:Real time1486873732.11

DEBUG:root:Extracted signature:bitarray('111111011110010111110111101101111011111110111111111110110111111101011111110011111110111111001110100110001100011001101001111111111111001100111111100011011111100000011111101100111111011011101110101001110001011001101100011000010000100010000000')
DEBUG:root:Matched frame over all scan:825

DEBUG:root:Errors over all scan:12

DEBUG:root:Real time1486873732.31

DEBUG:root:Extracted signature:bitarray('111111011110010111110111101101111011111110111111111110110111111101011111110011111110111111001110100110001110011001101001111111111111001100111111100011011111100000011111101100111111011011111110101001110001011001101100101000010000100010010000')
DEBUG:root:Matched frame over all scan:825

DEBUG:root:Errors over all scan:9

DEBUG:root:Real time1486873732.51

DEBUG:root:Extracted signature:bitarray('111111011110010111110111101101111011111110111111111110110111111101011111110011111110111111001110100110001100010001001001111111111111001100111111100011011111100000011111101100111111011011101110101001110001011001101100111000010000100010000000')
DEBUG:root:Matched frame over all scan:825

DEBUG:root:Errors over all scan:13

DEBUG:root:Real time1486873732.71

DEBUG:root:Extracted signature:bitarray('111111011110010111110111101101111011111110111111111110110111110101011111110011111110111111001100100110001100010001001001111111111111001100111111100011011111100000011111101100111011011011101110101001110001011001100100110000010000100010000000')
DEBUG:root:Matched frame over all scan:809

DEBUG:root:Errors over all scan:16

DEBUG:root:Real time1486873732.91

DEBUG:root:Extracted signature:bitarray('111111011110010111110111101101111011111110111111111110110111111101011111110011111110111111001110100110101110011011101001111111111111001100111111100011011111100000011111101100111111011011111110101001110001011001101100101000010000100010010000')
DEBUG:root:Matched frame over all scan:814

DEBUG:root:Errors over all scan:11

DEBUG:root:Real time1486873733.11

DEBUG:root:Extracted signature:bitarray('111111011110010111110111101101111011111110111111111110110111111101011111110011111110111111001110001110001100010001001001111111111111001100111111100011011111100000011111101100111111011011101110101001110001011001101100101000010000100010000000')
DEBUG:root:Matched frame over all scan:825

DEBUG:root:Errors over all scan:14

DEBUG:root:Real time1486873733.31

DEBUG:root:Extracted signature:bitarray('111111011110110111110111001101111011111110111111111110110111110100011111110011111110111110001100001110001100010001001001111111111111001101111111100011011111100000011111101100111011011011001100001001110000011011101101101000010000100010000000')
DEBUG:root:Matched frame over all scan:826

DEBUG:root:Errors over all scan:12

DEBUG:root:Real time1486873733.51

DEBUG:root:Extracted signature:bitarray('111111011110010111110111101101111011111110111111111110110111111101011111110011111110111111001100001110001100010001001001111111111111001100111111100011011111100000011111101100111111011011101110101001110001011001101101101000010000100010000000')
DEBUG:root:Matched frame over all scan:825

DEBUG:root:Errors over all scan:14

DEBUG:root:Real time1486873733.71

DEBUG:root:Extracted signature:bitarray('111111011110010111110111101101111011111110111111111110110111111101011111110011111110111111001110001110001100010001101001111111111111001100111111100011011111100000011111101100111111011011111110101001110001011001101101101000010000100010010000')
DEBUG:root:Matched frame over all scan:825

DEBUG:root:Errors over all scan:12

DEBUG:root:Real time1486873733.91

DEBUG:root:Extracted signature:bitarray('111111011110010111110111101101111011111110111111111110110111110101011111110011111110111111001110001110001100010001001001111111111111001100111111100011011111100000011111101100111011011011101110101001110001011001101101101000010000100010010000')
DEBUG:root:Matched frame over all scan:825

DEBUG:root:Errors over all scan:16

DEBUG:root:Real time1486873734.11

DEBUG:root:Extracted signature:bitarray('111111011110010111110111101101111011111110111111111110110111111101011111110011111110111111001110000110001100010001101001111111111111001100111111100011011111100000011111101100111111011011101110101001110001011001101101101000010000100010000000')
DEBUG:root:Matched frame over all scan:825

DEBUG:root:Errors over all scan:11

DEBUG:root:Real time1486873734.31

DEBUG:root:Extracted signature:bitarray('111111011110110111110111001101111011111110111111111110110111110100011111110011111110111111001100001110001100010001001001111111111111001101111111100011011111100000011111101100111011011011001100001001110000011001101101101000010000100010000000')
DEBUG:root:Matched frame over all scan:826

DEBUG:root:Errors over all scan:14

DEBUG:root:Real time1486873734.51

DEBUG:root:Extracted signature:bitarray('111111011110110111110111111101111011111110111111111010110111110101011111110011111110111111001110001100001100010001010100111110111110000111111111000011011111100001011111101100111111111001111110001111110101011001100100011000010000100010100000')
DEBUG:root:Matched frame over all scan:809

DEBUG:root:Errors over all scan:31

DEBUG:root:Real time1486873734.71

DEBUG:root:Extracted signature:bitarray('111110111110010111101100110101111110011010111100011000111011000100111100010111010010111100111000011000001000010011010101111001110100100110011101001101001110100000011011110100110111001000110011101111011101110101010011110011010010011001101000')
DEBUG:root:Matched frame over all scan:830

DEBUG:root:Errors over all scan:13

DEBUG:root:Real time1486873734.91

DEBUG:root:Extracted signature:bitarray('111110111110011111101100110101111110011010111100011010111011000100011000010011000010111100111000011000001000010011010101111001110100100110001101001101001100100100011010110100110111011000110011100111011101110101010011110011010110011001101000')
DEBUG:root:Matched frame over all scan:835

DEBUG:root:Errors over all scan:20

DEBUG:root:Real time1486873735.11

DEBUG:root:Extracted signature:bitarray('111110111110011111101100110101111110011010111100011010111011000100011000010011000010111100111000011000001000010011010101111000110100100110001001001100001110100100011011110100110111111011011111101011111100011101000011110011010110111001101000')
DEBUG:root:Matched frame over all scan:835

DEBUG:root:Errors over all scan:29

DEBUG:root:Real time1486873735.31

DEBUG:root:Extracted signature:bitarray('111110111110010111101101110101111110011010111100011010111011000100011100010011010010111100111000011000001000110011010101111001111100100110011101001101001110110000011011110100110111001000110011100111011101110101010011110011010010011001101000')
DEBUG:root:Matched frame over all scan:832

DEBUG:root:Errors over all scan:12

DEBUG:root:Real time1486873735.51

DEBUG:root:Extracted signature:bitarray('111110111110011111101101100101111110010010111100010010111011000100011000010011000010111100111000011000001000110011010101111000111100100110011001001101001100110000111010110101110100011000110011100111010101110101010011110011010010011001101000')
DEBUG:root:Matched frame over all scan:835

DEBUG:root:Errors over all scan:13

DEBUG:root:Real time1486873735.72

DEBUG:root:Extracted signature:bitarray('111110111110010111101101110101111110011010111100011010111011000100011100010011010010111100111000011000001000110011010101111000111100100110011001001100001110110000111010110001110110001000110011100111011101110001010011110001010010001101101000')
DEBUG:root:Matched frame over all scan:835

DEBUG:root:Errors over all scan:17

DEBUG:root:Real time1486873735.92

DEBUG:root:Extracted signature:bitarray('111110111110011111101101100101111110011010111100011010111011000100011000010011000010110000111000011000001000010011010101111000111100110110011001001100001100110100011010110101110000011000110011100111010101110101011011110011010010001001101000')
DEBUG:root:Matched frame over all scan:835

DEBUG:root:Errors over all scan:13

DEBUG:root:Real time1486873736.12

DEBUG:root:Extracted signature:bitarray('111110111110011111101101110101111100011010111100000010111111000100011000010011100010111100111000011000001000110011010101111000111100100100011101001100001010110000111011110101011100011000110011100111010101110001010011110001010010001101101000')
DEBUG:root:Matched frame over all scan:838

DEBUG:root:Errors over all scan:23

DEBUG:root:Real time1486873736.32

DEBUG:root:Extracted signature:bitarray('111110111110011111101100110101111110011010111100011010111011000100011000010011000010111000111000011000001000010011010101111000111100110100011001001100001100110100111010110100110000011001110011101111010101110101011011110001010010101001101000')
DEBUG:root:Matched frame over all scan:835

DEBUG:root:Errors over all scan:15

DEBUG:root:Real time1486873736.52

DEBUG:root:Extracted signature:bitarray('111110111110011111001101110101111110011010111100011010111011000100011000010011000010111000111000011000001000110011010101111001111100100100011001001100001100110100111010110101110110001001110011101110010101110001011001111001010010001101101000')
DEBUG:root:Matched frame over all scan:838

DEBUG:root:Errors over all scan:12

DEBUG:root:Real time1486873736.72

DEBUG:root:Extracted signature:bitarray('111110111110011111101101110101111100011010111100000011101110000110011000011011100010111000111000011000001000110011010101110000111100110000011001101100001010110100111010110100011000111001110011100111010100110101010011110001010010101001111000')
DEBUG:root:Matched frame over all scan:835

DEBUG:root:Errors over all scan:33

DEBUG:root:Real time1486873736.92

DEBUG:root:Extracted signature:bitarray('111110111110011111001100110101111100011010111100011010111011000100011000010011000010111000111000011000001000110011010101111001110100100100011001001100001010110100111010110101110100011001110011101110010101110101011001111001010010101101101000')
DEBUG:root:Matched frame over all scan:841

DEBUG:root:Errors over all scan:15

DEBUG:root:Real time1486873737.12

DEBUG:root:Extracted signature:bitarray('111100111110011111001100110101111100011010111100010010111010000110011000010011000010111000111000011000011000110011010101110000110100110000011001001100001000110100011010110100010000111001110111101010110100110101010011110001010010101001111000')
DEBUG:root:Matched frame over all scan:835

DEBUG:root:Errors over all scan:31

DEBUG:root:Real time1486873737.32

DEBUG:root:Extracted signature:bitarray('111110111110011111001100100101111110011010111100011010111011000110011000010011000011110000111000001000001000110011010101111001111100110000011001001100001000110110011010110101110100011001110011101110010100110101011011110001010010101001101000')
DEBUG:root:Matched frame over all scan:835

DEBUG:root:Errors over all scan:17

DEBUG:root:Real time1486873737.52

DEBUG:root:Extracted signature:bitarray('111100111110011111001100100101111100011010111100010010111010000100111000010011000010111000111000011000001000110011010101100000110100110000011101001100001010110100011010110100010001111001110111101010110100110101010011110001010010101001111000')
DEBUG:root:Matched frame over all scan:835

DEBUG:root:Errors over all scan:33

DEBUG:root:Real time1486873737.72

DEBUG:root:Extracted signature:bitarray('111100111110011111001100110101111100011010111101010010111011000100011000010011000010111000111000011000011000110011010101110001111100100000011001001100001000110110111010100101110100011001110011101110000101110001010001110001010011101101101000')
DEBUG:root:Matched frame over all scan:841

DEBUG:root:Errors over all scan:16

DEBUG:root:Real time1486873737.92

DEBUG:root:Extracted signature:bitarray('111110111110011111001101111101111100011110111100011110100110000100011000011010000011100000111000011000001000110010010101110000111100100000001001101101000010110110011010110100010100111000110111101100010101000111010011100011000010001101101000')
DEBUG:root:Matched frame over all scan:835

DEBUG:root:Errors over all scan:45

DEBUG:root:Real time1486873738.12

DEBUG:root:Extracted signature:bitarray('111111001110110111100101111101110110011110100111001110001110011101110000111110000111100001110000111000111011010110110001011110111100100111011110001011101100001101011110011101111110011011001100011100011111000111100011100011100110011101000000')
DEBUG:root:Matched frame over all scan:847

DEBUG:root:Errors over all scan:19

DEBUG:root:Real time1486873738.32

DEBUG:root:Extracted signature:bitarray('111110001100111111100001101101110110011110100110001110001110011101100100111100000111100001110000111001101011011110110101011110111000100111011100001011101100001101011110011101111110001011011010011000011011000111100011100011100110010101101000')
DEBUG:root:Matched frame over all scan:847

DEBUG:root:Errors over all scan:19

DEBUG:root:Real time1486873738.52

DEBUG:root:Extracted signature:bitarray('111110000011111111101000111101110110011110100110001110001110011000111101110111111110100111010001111001001001010110110101011110100111100111011000111011111100001101111100000011111100000111110110001111111001011110000111100110000110000101100000')
DEBUG:root:Matched frame over all scan:849

DEBUG:root:Errors over all scan:29

DEBUG:root:Real time1486873738.72

DEBUG:root:Extracted signature:bitarray('111110000001111111100000101101110100010110100110011001001110011000111111110111111110111111001111100011110011101110110101011110000011100111110000011011111000000101111100000011111111000011111111001111111001111110011111001111100111010101101000')
DEBUG:root:Matched frame over all scan:850

DEBUG:root:Errors over all scan:25

DEBUG:root:Real time1486873738.92

DEBUG:root:Extracted signature:bitarray('111110000100111111100000101101110110000110100111011000011111110000111111010111110010111100101111100011110111101110110101011110000011100111100000011011111110001101111110000011111111100011111110001111100101111001011111101111101111011101100000')
DEBUG:root:Matched frame over all scan:852

DEBUG:root:Errors over all scan:11

DEBUG:root:Real time1486873739.12

DEBUG:root:Extracted signature:bitarray('111110000100111111100000001101110110000110101111011001011111110000111111000111110010111100101111110011100111101110110101011110000001100111110000011011111110001101111110000011111111100011111110001111100101111001011111101111101111001101100000')
DEBUG:root:Matched frame over all scan:852

DEBUG:root:Errors over all scan:14

DEBUG:root:Real time1486873739.32

DEBUG:root:Extracted signature:bitarray('111110000100110111100001101101110110000010101111011000011111110000111111000111110010111100101111110111100111001110110001011110000111100111100100011011111110000101111110000011111111100011111110001111110001111001011111101111101110011101000000')
DEBUG:root:Matched frame over all scan:852

DEBUG:root:Errors over all scan:8

DEBUG:root:Real time1486873739.52

DEBUG:root:Extracted signature:bitarray('111110000000111111100000001101110110000010101111000001011111100000111110000111110000111100001111010011000111001110110101011100000001100111111000011011111110001101111110000011111111000011111100001111100001111001011110101111001110011101100000')
DEBUG:root:Matched frame over all scan:854

DEBUG:root:Errors over all scan:13

DEBUG:root:Real time1486873739.72

DEBUG:root:Extracted signature:bitarray('111110000000111111100000101101110110000011101111000001011111100000111110000011110000111100101111010011000111001110100001011110000001100111111000011011111110000101111110000001111111000011111100001111100001111000011110101110001110011101000000')
DEBUG:root:Matched frame over all scan:854

DEBUG:root:Errors over all scan:11

DEBUG:root:Real time1486873739.93

DEBUG:root:Extracted signature:bitarray('111110000100110111101000001101111110000010101111110000011111100000111100000011110000111100101111000111000111001110110001111110100001100111111100011011111110000101111111000011111111000011111100001111100001111001011110001110001110001101000000')
DEBUG:root:Matched frame over all scan:855

DEBUG:root:Errors over all scan:13

DEBUG:root:Real time1486873740.13

DEBUG:root:Extracted signature:bitarray('111110000001111111000001111101110100011110100110001110001100000111111000011111100001111100011111000111000110001110100001111100000011100111010000011011101000001101111100000011111100000111110000111111000011111000111100001110001100010011000000')
DEBUG:root:Matched frame over all scan:857

DEBUG:root:Errors over all scan:19

DEBUG:root:Real time1486873740.33

DEBUG:root:Extracted signature:bitarray('111110000011111111000000111101100000011111100110001111000100001110000100011000100001011000011100001101100111001101101001011110001111100110000011011011001100100101111100010011101000110110001101111100000111110000111000011111001110011001000000')
DEBUG:root:Matched frame over all scan:858

DEBUG:root:Errors over all scan:44

DEBUG:root:Real time1486873740.53

DEBUG:root:Extracted signature:bitarray('111110000111111111000001111101100000011110100000011110001000011100001000111011000011100000011100001110001110001111111001111100001111100111000010111011111001001101111000100011000000001110000000111100000011000000111100011100011000000000101000')
DEBUG:root:Matched frame over all scan:858

DEBUG:root:Errors over all scan:40

DEBUG:root:Real time1486873740.73

DEBUG:root:Extracted signature:bitarray('111110000111111111000001111101100000111110100000011111000000111100000001110000001110000011110000111000011000010111111101111100011111100110000110110011001001011001001100100010011001101110011011101001111100001111000011110000110000100010000000')
DEBUG:root:Matched frame over all scan:860

DEBUG:root:Errors over all scan:43

DEBUG:root:Real time1486873740.93

DEBUG:root:Extracted signature:bitarray('111100001001101111000001111101110000111110100000111110000001111100000011111000111111000111110011111001110001100111011101111101100001101111000001111011001001000111001100100010011000110111100110010011110010011111000111100011100101001100111000')
DEBUG:root:Matched frame over all scan:861

DEBUG:root:Errors over all scan:38

DEBUG:root:Real time1486873741.13

DEBUG:root:Extracted signature:bitarray('111100011011101111100110111101110000111110100000111110000001111110000111111000110011000111110001111001111001110011011101011111110001101111111000111011110011001101000111001110110000000100000100011111100010101111100111100011100011101100100000')
DEBUG:root:Matched frame over all scan:862

DEBUG:root:Errors over all scan:41

DEBUG:root:Real time1486873741.33

DEBUG:root:Extracted signature:bitarray('111100010011111111000000111101100001111110100001111110000001111110000111111000111110000111100001110001110011100110111100011111000011100111001111101011101110100001101111000000011101100111011100011111000001101111000011100011101111011101110000')
DEBUG:root:Matched frame over all scan:862

DEBUG:root:Errors over all scan:33

DEBUG:root:Real time1486873741.53

DEBUG:root:Extracted signature:bitarray('111100000111111111000001111101100001111110100001111110000001111110000111110000111110000111100001110001110001100110010000011000001111100010011011101011100110110001001111011000010111110010011000110111011100110111001011100001100011001100000000')
DEBUG:root:Matched frame over all scan:866

DEBUG:root:Errors over all scan:11

DEBUG:root:Real time1486873741.73

DEBUG:root:Extracted signature:bitarray('111000000111111111000001111101100001111110100001111110000001111110000111110000111110000111100001110001110001100110010000111100011111100110011011001011100111110001111111011000011111110010011000010111001100110111001001100001100011000110000000')
DEBUG:root:Matched frame over all scan:865

DEBUG:root:Errors over all scan:11

DEBUG:root:Real time1486873741.93

DEBUG:root:Extracted signature:bitarray('111000000111111111000001111101100011111110100001111110000001111110000111110000111110000111100001110000110001100110110000011100011111100110011011001011100110111000011111111000010111111010011000110111001100110111001001100001100011100110000000')
DEBUG:root:Matched frame over all scan:866

DEBUG:root:Errors over all scan:15

DEBUG:root:Real time1486873742.13

DEBUG:root:Extracted signature:bitarray('111000000111111111000001111101100011111110100001111110000001111110000111110000111110000111100001110000110001100010010000110000011111100110011011100011100110111000011111111000010111110010011000110111001100110111001001100001100011100110000000')
DEBUG:root:Matched frame over all scan:867

DEBUG:root:Errors over all scan:13

DEBUG:root:Real time1486873742.33

DEBUG:root:Extracted signature:bitarray('111000001111111111000001111101100011111110100011111110000001111110000111110000111110000111100001110000110001100110100000111000011111100100011011111011001110111001001110111000010110111010011001110111011100110111001001100001100011100110000000')
DEBUG:root:Matched frame over all scan:869

DEBUG:root:Errors over all scan:17

DEBUG:root:Real time1486873742.53

DEBUG:root:Extracted signature:bitarray('111000001111111111000001111101100011111110100001111110000001111110000111110000111110000111100001110000110001100110110000111100011111100110011011001011001110111001001111111000100111110010111000110111001100110111001001100001100011000100000000')
DEBUG:root:Matched frame over all scan:869

DEBUG:root:Errors over all scan:11

DEBUG:root:Real time1486873742.73

DEBUG:root:Extracted signature:bitarray('111000000111111111000001111101100011111110100001111110000001111110000111110000111110000111100001110000110001100010000000011000001111100110011011100011001110110001001111111000000111010010011000110111011100110111001101100001100011100110000000')
DEBUG:root:Matched frame over all scan:869

DEBUG:root:Errors over all scan:14

DEBUG:root:Real time1486873742.93

DEBUG:root:Extracted signature:bitarray('110000000111111100000001111101100010011111100011111111000001111110000111110000111110000111100001110001110001100010001001100000001001101000011011001101001110100001001111111000010111000110011001100011111100010111000111100011100001100010000000')
DEBUG:root:Matched frame over all scan:871

DEBUG:root:Errors over all scan:29

DEBUG:root:Real time1486873743.13

DEBUG:root:Extracted signature:bitarray('110000001101111110000011001111100011100011100011100011000011100110001110011000111110000111100011110011110011100010000011100000011001111000011111001101001111001000001111001000100111000010011101100011011100011111000111100011100011100110000000')
DEBUG:root:Matched frame over all scan:872

DEBUG:root:Errors over all scan:45

DEBUG:root:Real time1486873743.33

DEBUG:root:Extracted signature:bitarray('110000001100111110000011100101100011111000100001111100000011111000001111100000111110100111100001110000111000110011000011100000011001111000011111001001001111100001010111111000100011110010011011000100111101000111110001110000110001100010000000')
DEBUG:root:Matched frame over all scan:873

DEBUG:root:Errors over all scan:9

DEBUG:root:Real time1486873743.54

DEBUG:root:Extracted signature:bitarray('111000001110101110000011100101100011111100100001110100000001111000000111100000111110100011100001110000110000110011000011100000111000111000011111000001001111110001100111101000000111010010011111001100011101000011110001110001100011100110000000')
DEBUG:root:Matched frame over all scan:874

DEBUG:root:Errors over all scan:23

DEBUG:root:Real time1486873743.74

DEBUG:root:Extracted signature:bitarray('110000001100111100000011100101100011111000100001111100000011111000001111100010111110100011100001110000111000110011000011100000011001111000011111001001001111110001010111111000110011110010011111000100011101100011010001110000110001100010000000')
DEBUG:root:Matched frame over all scan:873

DEBUG:root:Errors over all scan:17

DEBUG:root:Real time1486873743.94

DEBUG:root:Extracted signature:bitarray('110000001100111100000011000111000011110001100001111001000011111000001111100000111110010011100000111000111000110001001011100011011001111000110110001100001111100001010111110000110011110011010111000110011101100011011001110000110001100010010000')
DEBUG:root:Matched frame over all scan:875

DEBUG:root:Errors over all scan:27

DEBUG:root:Real time1486873744.14

DEBUG:root:Extracted signature:bitarray('110000001100111110000011000111100011110001100011111001000111111010000111100000111100110111100001110000110000100011001011100000011001111000011110001101001111100001000111110000100111110010101111000110111011100111110001111000110001100110010000')
DEBUG:root:Matched frame over all scan:876

DEBUG:root:Errors over all scan:23

DEBUG:root:Real time1486873744.34

DEBUG:root:Extracted signature:bitarray('111000001100011111000011100111100001111001100001111101000111111000010111100111011100110011101100111000111000100011000011100110001000111000000111001000010111100001110011111001110011110010000111001100011011100011110001110001100011000100100000')
DEBUG:root:Matched frame over all scan:878

DEBUG:root:Errors over all scan:40

DEBUG:root:Real time1486873744.54

DEBUG:root:Extracted signature:bitarray('111111101100011111110111000101110011110001110001110001100011110001101111100111111100110110001100001100011000100011000011111111100110001111100000100011110011000001110001000011111000000011100010001110100001100000110000010000110001100110000000')
DEBUG:root:Matched frame over all scan:20

DEBUG:root:Errors over all scan:60

DEBUG:root:Real time1486873744.74

DEBUG:root:Extracted signature:bitarray('100111111100110011111110000101111111100000111111110000111111110001100011001110011001101110011000011000111001100010000001001111111100000011111111101001111101000100111001000001110000100011000111011000110010000000110001110001110001000100100000')
DEBUG:root:Matched frame over all scan:879

DEBUG:root:Errors over all scan:73

DEBUG:root:Real time1486873744.94

DEBUG:root:Extracted signature:bitarray('101100110011110111011111111100101111111000001111110000011111110000011111000011110010011111100111110001110001100110111101001011100111100010011001111001001110111100011111111100011111110000111101000111101100111001001111100011100011000100101000')
DEBUG:root:Matched frame over all scan:7

DEBUG:root:Errors over all scan:71

DEBUG:root:Real time1486873745.14

DEBUG:root:Extracted signature:bitarray('111100001111111111000011111100001100111110001110001110011100011101111001110111001110110011101111110111110111101011000011100011111111101000100111111000111000011101111000011101111000111011110011101110011101100111010111101111001100100100101000')
DEBUG:root:Matched frame over all scan:9

DEBUG:root:Errors over all scan:72

DEBUG:root:Real time1486873745.34

DEBUG:root:Extracted signature:bitarray('100010110001111001001100011100110110011110010110011110000100111100011111100011111100111001101000111100111001110101001111001100110011101100011100111010001110011101011100111100110001111011100111101100111101100111010011101111101001100010011000')
DEBUG:root:Matched frame over all scan:883

DEBUG:root:Errors over all scan:32

DEBUG:root:Real time1486873745.54

DEBUG:root:Extracted signature:bitarray('100001110001111101001100011100100110001110000110001110001100111100111111110011110000111000111000111100111000010111011001001100100101100100111100111011010110011100010110111100100001111011000111101100011101000111010111100111111000100010011000')
DEBUG:root:Matched frame over all scan:884

DEBUG:root:Errors over all scan:18

DEBUG:root:Real time1486873745.74

DEBUG:root:Extracted signature:bitarray('100000110001111001001100011100100110001110100110001110001100111100111011110011100001111000011000111100111001010111110001100100100001100100111100111010010110011101010110111100100101111011000111101100011101000111010011101011110000100010111000')
DEBUG:root:Matched frame over all scan:885

DEBUG:root:Errors over all scan:15

DEBUG:root:Real time1486873745.94

DEBUG:root:Extracted signature:bitarray('100001110001111001011100011100100110001110001110001110001100011100111110010011110000111000111000111100111001110111011101100001100001100100111000111010011110011100010110111100100001111011000111101000011101000111010111101111111001101010011000')
DEBUG:root:Matched frame over all scan:885

DEBUG:root:Errors over all scan:25

DEBUG:root:Real time1486873746.14

DEBUG:root:Extracted signature:bitarray('100001110001111001011100011100100110001110001110001110001100011100111110010011110010101100111000111001110111001100100111100001100001100100111000111010011110011100010110111100100001111011000111101100011101000111010111100111101111011001000000')
DEBUG:root:Matched frame over all scan:887

DEBUG:root:Errors over all scan:20

DEBUG:root:Real time1486873746.34

DEBUG:root:Extracted signature:bitarray('100001110001111001011100111100000110001110001110001110011100111100110111110111110000101100011000110001110011100110001111100001101001100100111000111010011110011100010110111100101101111011010111101100011101000111010011101111100111011000000000')
DEBUG:root:Matched frame over all scan:887

DEBUG:root:Errors over all scan:31

DEBUG:root:Real time1486873746.54

DEBUG:root:Extracted signature:bitarray('100000110001111001001100111100000110001110001110001110011100111100110011110110010010100100111000111000111001100010011111100001100001100100111000111011011110011100010110011100101111111010111011100011011100110111010011110001110011001100010000')
DEBUG:root:Matched frame over all scan:889

DEBUG:root:Errors over all scan:17

DEBUG:root:Real time1486873746.75

DEBUG:root:Extracted signature:bitarray('100001110001111001011100111100000110001110001110001110011100011100100101110101100110110001101001110001110011100110110101100001100001100110111000111010011110011100010110111100101101111010110111101100111101001110011111001011110011001100101000')
DEBUG:root:Matched frame over all scan:890

DEBUG:root:Errors over all scan:19

DEBUG:root:Real time1486873746.95

DEBUG:root:Extracted signature:bitarray('100000110001111001001100111100000111001110001111001110011010011100111001110110001110100011100011100011100011101110110111100001100001100100111000111011011110011100010110111100101001111011100111101000111100001111011011000011001111001101111000')
DEBUG:root:Matched frame over all scan:891

DEBUG:root:Errors over all scan:27

DEBUG:root:Real time1486873747.15

DEBUG:root:Extracted signature:bitarray('100000110001111001011100111100100111001110001111001110001110111100011011110011011110100111000111100111100111001111011101100001100001100110111000111011011110011101010110111100101001111011100111101100110101011110010011000011000110001111110000')
DEBUG:root:Matched frame over all scan:905

DEBUG:root:Errors over all scan:18

DEBUG:root:Real time1486873747.35

DEBUG:root:Extracted signature:bitarray('100000110001111001011100111100100111001110001111001110001110111100011011110011011110100111000111100111100111010011001001100001100001100100111000111011011110011101010110011100111001011011100111101101101101111110010011000011000110101110010000')
DEBUG:root:Matched frame over all scan:905

DEBUG:root:Errors over all scan:22

DEBUG:root:Real time1486873747.55

DEBUG:root:Extracted signature:bitarray('100000110001111001001100011100100111001110001110001110001000111100101011110001011110000011000111100111100111010011011001100001100001100110111000111011011110011100110110011100111001111011100111100100101101101110010011100011100010101010010000')
DEBUG:root:Matched frame over all scan:897

DEBUG:root:Errors over all scan:25

DEBUG:root:Real time1486873747.75

DEBUG:root:Extracted signature:bitarray('100000110001111001011100011100000110001110001110001110001000011100100111110000111110000011100011110111100111100111010101100001100001100100111000111011011110011100011110111100111001111011100111101000111100011111010011100011100110101010010000')
DEBUG:root:Matched frame over all scan:895

DEBUG:root:Errors over all scan:14

DEBUG:root:Real time1486873747.95

DEBUG:root:Extracted signature:bitarray('100001110001111001011100011100000111001110001110001110001000111100101111110000111110000111000011110111100111000111011101100001100001100100111000111010011110011100011110011100111001111011100111101000101100111111010011100011100110101010010000')
DEBUG:root:Matched frame over all scan:898

DEBUG:root:Errors over all scan:19

DEBUG:root:Real time1486873748.15

DEBUG:root:Extracted signature:bitarray('100000110001111001011100111100100111001110001111001110001110111100101111110100111100000111001011100111100111010011001001100001100001100100111000111011011110011100110110011100101001111011100111100000101100011110010011000011000110101010010000')
DEBUG:root:Matched frame over all scan:897

DEBUG:root:Errors over all scan:20

DEBUG:root:Real time1486873748.35

DEBUG:root:Extracted signature:bitarray('100000110001111001001100111100101111001110001111001110001110111100101111110100111100000111000011100111100111010011001001100001100001100100111000111011011110011100110110011100111001111011100111100000100100110110010011000011000110101010010000')
DEBUG:root:Matched frame over all scan:897

DEBUG:root:Errors over all scan:21

DEBUG:root:Real time1486873748.55

DEBUG:root:Extracted signature:bitarray('100000110011111001011100111100101111001110001111001110001110111100101111110000111100000111000011100111100111011011001001100001101100100110111001111011011110011100010110111100101001111011100111100000101100011110010011000011000110101010010000')
DEBUG:root:Matched frame over all scan:899

DEBUG:root:Errors over all scan:23

DEBUG:root:Real time1486873748.75

DEBUG:root:Extracted signature:bitarray('100000110011111001011100111100100111001110001110001110001100111100101011110000111100000111000011100111100111011011001001100001101111100110111001111011011110011100110110111100111001111011100111100000101100110110010011000011000110101010010000')
DEBUG:root:Matched frame over all scan:899

DEBUG:root:Errors over all scan:19

DEBUG:root:Real time1486873748.95

DEBUG:root:Extracted signature:bitarray('100001110001111001011100100100001111111010001110011110001110111100100111110100111100000111001011100111100111001111011101100001111001100100111110011010011111110000010110111100111001111011100111101010101100011110010011000011000110101110010000')
DEBUG:root:Matched frame over all scan:900

DEBUG:root:Errors over all scan:21

DEBUG:root:Real time1486873749.15

DEBUG:root:Extracted signature:bitarray('100000110001111001011100001100001111111010001111111100001110111000001011110001011110000111000111100111100111011011001101100001110001100100111110011011011111100100010111110000101001111010100111100001101100011110010011000011000110101010010000')
DEBUG:root:Matched frame over all scan:901

DEBUG:root:Errors over all scan:28

DEBUG:root:Real time1486873749.35

DEBUG:root:Extracted signature:bitarray('100000110000111001001110001100100111100010001111111010001110111000011011100010011110000111000111100111100111011001001001100001110001100110111110011011011111001100110111100100111011100011100111000100111101111110010011000011000110101010010000')
DEBUG:root:Matched frame over all scan:902

DEBUG:root:Errors over all scan:20

DEBUG:root:Real time1486873749.55

DEBUG:root:Extracted signature:bitarray('100100110001111001001100111100100111110010001111111000001111110000011111100011011100000111000111100111100111011001001001100001110001100110111100111011011111100101010111100000101011100011101111000101111001101110010011000111000110101010010000')
DEBUG:root:Matched frame over all scan:903

DEBUG:root:Errors over all scan:26

DEBUG:root:Real time1486873749.75

DEBUG:root:Extracted signature:bitarray('100000110001111001011100111100101111001110001111001110001110111100011011110011011110000111000111100111100111001011001001100001100001100100111000111011011110011100110110011100101001111011100111100101101101111110010011000011000110001010010000')
DEBUG:root:Matched frame over all scan:905

DEBUG:root:Errors over all scan:21

DEBUG:root:Real time1486873749.96

DEBUG:root:Extracted signature:bitarray('100001110001111001011100011100001110001110001110001110001110111100011011110011011100000111000011100111100011001111110101100001100001100100111000111010011110011100010110111100111001111011100111100100111100011110010011000111000110001110110000')
DEBUG:root:Matched frame over all scan:906

DEBUG:root:Errors over all scan:19

DEBUG:root:Real time1486873750.16

DEBUG:root:Extracted signature:bitarray('100000110001111001011100111100101111001110001111001110001110111100011011110011011110000111000111100111100011001111011101100001100001100100111000111011011110011100010110011100101001111011100111100101101101010110010011000011010110101010010000')
DEBUG:root:Matched frame over all scan:907

DEBUG:root:Errors over all scan:20

DEBUG:root:Real time1486873750.36

DEBUG:root:Extracted signature:bitarray('100000110001111001011100111100101111001110001111001110001110111100011011110011011110000111000111100111100011001111011101100001100001100100111000111011011110011100110110011100101001011011100111100101101101110110010011000011010110101010010000')
DEBUG:root:Matched frame over all scan:907

DEBUG:root:Errors over all scan:21

DEBUG:root:Real time1486873750.56

DEBUG:root:Extracted signature:bitarray('100000110001111001011100111100101111001110001111001110001110111100011011110011011110000111001111100101100011001111010101100001100001100100111000111011011110011100010110011100101001111011100111100100111101011110010011010011010110101010010000')
DEBUG:root:Matched frame over all scan:909

DEBUG:root:Errors over all scan:18

DEBUG:root:Real time1486873750.76

DEBUG:root:Extracted signature:bitarray('100111100011111001111000111100111100011000011100011100111000111101100001110100001111000011110101100111100110000010010101101110001001100101100000111010110001110100111000110001110001100011100010111100001111100110110001010000110001100010010000')
DEBUG:root:Matched frame over all scan:912

DEBUG:root:Errors over all scan:73

DEBUG:root:Real time1486873750.96

DEBUG:root:Extracted signature:bitarray('111111000100011111110001100011111000110001111000111000110000111111100011111100011111000011110110110100110101100100000010001110001001110001100010001100110011100010011001110000110011100011100111101010011100100111010001101101101011001100100000')
DEBUG:root:Matched frame over all scan:911

DEBUG:root:Errors over all scan:10

DEBUG:root:Real time1486873751.16

DEBUG:root:Extracted signature:bitarray('111111001100011111110001100011111000110001111000111000110000111111100011111100011111000011110110110100110101100100000010001110001001110001100110000100110011100010011001110000110011100011100111101010011100100111010001100101101011001100100000')
DEBUG:root:Matched frame over all scan:911

DEBUG:root:Errors over all scan:14

DEBUG:root:Real time1486873751.36

DEBUG:root:Extracted signature:bitarray('111111000100011111110001100011111000110001111000111000110000111111100011111100001111000011110110110110010000011000000010001110001001111001100010000100110011100010111001110000111011100011110110101010011101100111010001110100111001000100000000')
DEBUG:root:Matched frame over all scan:912

DEBUG:root:Errors over all scan:20

DEBUG:root:Real time1486873751.56

DEBUG:root:Extracted signature:bitarray('111111100010001111111000110011111100011001111000011001110000011111000001111100011111000110010111000111100101101110001000000111000111111000110001001100011000110010011100110010111100110010111001100011001100110001010110010111001111001101101000')
DEBUG:root:Matched frame over all scan:914

DEBUG:root:Errors over all scan:45

DEBUG:root:Real time1486873751.76

DEBUG:root:Extracted signature:bitarray('111010001001001111100010110010011110001001011110001001111100001111110000111110001111100111100111000110001111011110001000000011000111011000011011001100001110110010001100110010111100010011111000101111000101110111010011100000100101100010010000')
DEBUG:root:Matched frame over all scan:915

DEBUG:root:Errors over all scan:16

DEBUG:root:Real time1486873751.96

DEBUG:root:Extracted signature:bitarray('111001110000001110011111000001101111000000111111011000111111100001111100000111100100111111001111000111000110001100100100000001100000010000011111100100001111110000000111110000011101100011001110001001100000011001001100101100010110111011011000')
DEBUG:root:Matched frame over all scan:916

DEBUG:root:Errors over all scan:34

