DEBUG:root:Under real time Point counter:1.09672546387e-05

DEBUG:root:Extracted signature:bitarray('11111001110111011111000110111001111001100111011010111000100110011000000111111100011111111101111111101110011011001111011110111011100000000011111001111010011110011111010111000111110100111111111010111111000010110010001011000101100100101100110011011011101011101111000000000000')
DEBUG:root:Matched frame over all scan:373

DEBUG:root:Errors over all scan:75

DEBUG:root:Result:tau3_fail
DEBUG:root:Match or Not:False
DEBUG:root:Real time1487899254.63

DEBUG:root:Extracted signature:bitarray('11111111011100101111110001100101111110011101110111001111100011000111100111101111011110110001110000010110011011101101101111111110000000001011111101111010011111001111010111100011110101110111111010011110100100111100001001100010100010010100110001011101101101101011010000000000')
DEBUG:root:Matched frame over all scan:840

DEBUG:root:Errors over all scan:75

DEBUG:root:Result:tau3_fail
DEBUG:root:Match or Not:False
DEBUG:root:Under real time Point counter:0.259297132492

DEBUG:root:Extracted signature:bitarray('11111001101110011111001101110001110001001111010011110000010011100110000111011111011111101101111001101110001011101101111101111011101000001011111101111010011111001111010111100111110101110111010010011110000100110000001000000100100000010100110001011101101101101111011101001000')
DEBUG:root:Matched frame over all scan:372

DEBUG:root:Errors over all scan:75

DEBUG:root:Result:tau1_fail
DEBUG:root:Match or Not:False
DEBUG:root:Real time1487899255.1

DEBUG:root:Extracted signature:bitarray('11111011111111001111001111111101111011111111011101111111100111111111101111111111011111111101111111101111111011111101111101111011100000011111111111111101111111111111111110111111110100001100000010000000000010000000000100000000010001100010111000001100001100010000000000000000')
DEBUG:root:Matched frame over all scan:1632

DEBUG:root:Errors over all scan:59

DEBUG:root:Result:tau3_fail
DEBUG:root:Match or Not:False
DEBUG:root:Under real time Point counter:0.223258972168

DEBUG:root:Extracted signature:bitarray('11111011111100001111011111110001111111111000010111111000000111111111101111111111011111111101101111100011111011111101111101111011101101011111111111111010111111111111010111111111110101111111111010111110111011001001110111000111011001110010011100101111011001010010101010000000')
DEBUG:root:Matched frame over all scan:376

DEBUG:root:Errors over all scan:28

DEBUG:root:Result:replica detected
DEBUG:root:Match or Not:True
DEBUG:root:Under real time Point counter:0.210066080093

DEBUG:root:Extracted signature:bitarray('11111011111000101111011111100101111111111000011111111000010011111100001111101011011111110001101110000111110011011000011100111011101100011111111111111010111111111111010111111111110001111111111010111100111011100001100100001110010001100010111010111001011001010000100010010000')
DEBUG:root:Matched frame over all scan:377

DEBUG:root:Errors over all scan:38

DEBUG:root:Result:replica detected
DEBUG:root:Match or Not:True
DEBUG:root:Real time1487899255.73

DEBUG:root:Extracted signature:bitarray('11111011111000101111111111100101111111110000011111111000001111100000101111001001011111100001111110001111110010011100111101111011100000011111111111111010111111111111000111111111110001111111111011111000111011110001110111001110010001100010110010111001011001011000100010010000')
DEBUG:root:Matched frame over all scan:377

DEBUG:root:Errors over all scan:37

DEBUG:root:Result:replica detected
DEBUG:root:Match or Not:True
DEBUG:root:Real time1487899255.93

DEBUG:root:Extracted signature:bitarray('11111111111000101111111110000001111111111000011111111000011011111000011111000001011110001101110011101111111010111100111101110010010000011111111111111010111111111111000111111111100001111100010010111000011011111000110111100011011100111010011000111000011000011000100010010000')
DEBUG:root:Matched frame over all scan:379

DEBUG:root:Errors over all scan:27

DEBUG:root:Result:replica detected
DEBUG:root:Match or Not:True
DEBUG:root:Real time1487899256.13

DEBUG:root:Extracted signature:bitarray('11111101110000111111101111000101111111110000011111110100011011110000010111100000111111000001111111100011111001111101011101011110110000011111111111111010111111111111010111111111110101111110011010111110000010111100000101110001010001101010011010101101010000010000100010010000')
DEBUG:root:Matched frame over all scan:379

DEBUG:root:Errors over all scan:44

DEBUG:root:Result:replica detected
DEBUG:root:Match or Not:True
DEBUG:root:Real time1487899256.33

DEBUG:root:Extracted signature:bitarray('11111101111000111111111111000101111011110000111101111000011001110000010111110000111111100001111100001111100001110001110001100110010010011111111111111010111111111111010111111111110101111101111010111111111010111111000101111100010110110011001110100111010111010110101010010000')
DEBUG:root:Matched frame over all scan:380

DEBUG:root:Errors over all scan:19

DEBUG:root:Result:replica detected
DEBUG:root:Match or Not:True
DEBUG:root:Real time1487899256.53

DEBUG:root:Extracted signature:bitarray('11111101111000011111101111000001111011100001110001110000011001110000010011110000111111100010111100001111011010011100011100011010010000011111111111111010111111111111010111111111110101111101111010111101111010111111100101111000010110001011100110100011010011010110101010010000')
DEBUG:root:Matched frame over all scan:381

DEBUG:root:Errors over all scan:24

DEBUG:root:Result:replica detected
DEBUG:root:Match or Not:True
DEBUG:root:Under real time Point counter:0.211586952209

DEBUG:root:Extracted signature:bitarray('11111111111000011111110111000001111001100000111101110000011001110000010011100000111111100010111100001111011011011100011100111011010000011111111110111010111111111111010111111011110101111101111010111101111010111011110101100100010111000010110010101011010011010110101010010000')
DEBUG:root:Matched frame over all scan:383

DEBUG:root:Errors over all scan:23

DEBUG:root:Result:replica detected
DEBUG:root:Match or Not:True
DEBUG:root:Real time1487899256.94

DEBUG:root:Extracted signature:bitarray('11111110111000011111110010000011111111100010110001110001111001111000110011100000111111100011111100000111011011011100011100111011110010011111111111111010111111111110010111111011100101111001111010111101111010111011110101100000010111001010110110100011010011010110101010010000')
DEBUG:root:Matched frame over all scan:383

DEBUG:root:Errors over all scan:22

DEBUG:root:Result:replica detected
DEBUG:root:Match or Not:True
DEBUG:root:Real time1487899257.14

DEBUG:root:Extracted signature:bitarray('11111110111000011111110010000011111100100010110001110001111101111000111111100000111111100011111100000111011011111100011100111011100000011111111111111010111111111110010111111111100101111111111010111101111010111001100101100000010111000010110110100011010011010110101010010000')
DEBUG:root:Matched frame over all scan:383

DEBUG:root:Errors over all scan:20

DEBUG:root:Result:replica detected
DEBUG:root:Match or Not:True
DEBUG:root:Real time1487899257.34

DEBUG:root:Extracted signature:bitarray('11111110011000011111110010000011111100100010111001110001111011110000111110100000111001000011111100010111110011011101001100011011110000011111111111111010111111111110010111110111100101111000011010111000111010110001100101100000010110000010100110100011010011010110101010010000')
DEBUG:root:Matched frame over all scan:386

DEBUG:root:Errors over all scan:26

DEBUG:root:Result:replica detected
DEBUG:root:Match or Not:True
DEBUG:root:Real time1487899257.55

DEBUG:root:Extracted signature:bitarray('11111111111000011111110011000011111100100000111001110001111001110000111111100000111111000011111000011110111010011100011100011011110000011111111111111010111111111110010111111111100101111111110010111111111010111001100101100100010110000010100110100011010011010110101010010000')
DEBUG:root:Matched frame over all scan:386

DEBUG:root:Errors over all scan:20

DEBUG:root:Result:replica detected
DEBUG:root:Match or Not:True
DEBUG:root:Real time1487899257.75

DEBUG:root:Extracted signature:bitarray('11111110011000011111110011000011011000110000101100111000011100111000010010110000111111000011100110010001111000111100011101001100010000011111111111111010111111111110010111111111100101111011110010111100111010111001000101101000010110011010100110100111010111010110100010000000')
DEBUG:root:Matched frame over all scan:404

DEBUG:root:Errors over all scan:39

DEBUG:root:Result:replica detected
DEBUG:root:Match or Not:True
DEBUG:root:Under real time Point counter:0.207600831985

DEBUG:root:Extracted signature:bitarray('11111110011000011111110011000011011100110000100100001000011100000100011000001000100000000010000110010001111000111100111101110110010000011111111111110010111111111110010111111111100101111111111010111101100010111011000101111100010110010010100110100111010101010000100010010000')
DEBUG:root:Matched frame over all scan:389

DEBUG:root:Errors over all scan:20

DEBUG:root:Result:replica detected
DEBUG:root:Match or Not:True
DEBUG:root:Real time1487899258.15

DEBUG:root:Extracted signature:bitarray('11111110011000011111110011000011011000110000101100001000011100001100011100001000100000100010000110000101110000111100111101100110010000011111111111111010111111111110010111111111100101111111111010111101110010111011000101111100010111000010100010100001010111010000100010010000')
DEBUG:root:Matched frame over all scan:389

DEBUG:root:Errors over all scan:11

DEBUG:root:Result:replica detected
DEBUG:root:Match or Not:True
DEBUG:root:Real time1487899258.35

DEBUG:root:Extracted signature:bitarray('11111110011000011111110011000011011000110000101100011000011100001000011110001000110000100010000110000001100000111100111101100110010000011111111111110010111111111110010111111111100101111011111010111000110010111001100101101100010111001010110000100001010011010000100010010000')
DEBUG:root:Matched frame over all scan:392

DEBUG:root:Errors over all scan:16

DEBUG:root:Result:replica detected
DEBUG:root:Match or Not:True
DEBUG:root:Real time1487899258.56

DEBUG:root:Extracted signature:bitarray('11111110011000011111110011000011011100110000110100001000011100001100011000001000110000100010000110010001100000111100111101101110010000011111111111111010111111111110010111111111100101111001111010111000110010110001000101101100010110000010100000100001010011010000100010010000')
DEBUG:root:Matched frame over all scan:389

DEBUG:root:Errors over all scan:26

DEBUG:root:Result:replica detected
DEBUG:root:Match or Not:True
DEBUG:root:Real time1487899258.76

DEBUG:root:Extracted signature:bitarray('11111110011000011111110011000011011100110000101100001000011100001100011010001000110000100010000110010001100000111101111101100110010000011111111111111010111111111110010111111111100101111111110010111110110010111011100101111100010111001010100000100001010011010000100010010000')
DEBUG:root:Matched frame over all scan:391

DEBUG:root:Errors over all scan:16

DEBUG:root:Result:replica detected
DEBUG:root:Match or Not:True
DEBUG:root:Real time1487899258.96

DEBUG:root:Extracted signature:bitarray('11111110011000011111110011000011111000110000110000001000010000000100010010001000101000100011100110010001100000111100111101101100010000011111111111110010111111111110010111110111100101111001111010111000100010110001000101111100010110000010100010100001010011010000100010010000')
DEBUG:root:Matched frame over all scan:403

DEBUG:root:Errors over all scan:33

DEBUG:root:Result:replica detected
DEBUG:root:Match or Not:True
DEBUG:root:Under real time Point counter:0.200442075729

DEBUG:root:Extracted signature:bitarray('11111110011000011111100011000011011000010000110100000001111000001000010000011000101000100011000110000011100001111101111101111110010000011111111111110010111111111110010111111111100101111000111010111000110010110001100101101100010111000010110000101001010011010000100010010000')
DEBUG:root:Matched frame over all scan:395

DEBUG:root:Errors over all scan:22

DEBUG:root:Result:replica detected
DEBUG:root:Match or Not:True
DEBUG:root:Under real time Point counter:0.208981990814

DEBUG:root:Extracted signature:bitarray('11111110011000011111100011000011011000110000101100001000011000001100010000001000101000100011000110000011100001111101111101110110010000011111111111110010111111111110010111111111100101111011111010111000110010111001100101101100010111000010110000101000010011010000100010010000')
DEBUG:root:Matched frame over all scan:398

DEBUG:root:Errors over all scan:15

DEBUG:root:Result:replica detected
DEBUG:root:Match or Not:True
DEBUG:root:Real time1487899259.57

DEBUG:root:Extracted signature:bitarray('11111110011000011111110011000011111000110000110100001000011000001100010000001000101000100011000110010001100000111100111101111100010000011111111111110010111111111010010111111111100101111011111010111000000010110001000101101100010110000010110000101001010011010000100010010000')
DEBUG:root:Matched frame over all scan:395

DEBUG:root:Errors over all scan:30

DEBUG:root:Result:replica detected
DEBUG:root:Match or Not:True
DEBUG:root:Under real time Point counter:0.204833984375

DEBUG:root:Extracted signature:bitarray('11111110011000011111100011000011011000110000111100001000011000001100010000001000101000100011000110000011100001111101111101111110010000011111111111110010111111111110010111111111100101111011111010111100110010111001100101101100010111000010110000101001010011010000100010010000')
DEBUG:root:Matched frame over all scan:398

DEBUG:root:Errors over all scan:15

DEBUG:root:Result:replica detected
DEBUG:root:Match or Not:True
DEBUG:root:Under real time Point counter:0.226310968399

DEBUG:root:Extracted signature:bitarray('11111110011000011111100011000011011000110000101100001000011000001100010000001000111000100011000110000011100001111101111101111110010000011111111111110010111111111110010111110111100101111001110010111100000010111001000101101100010111000010110000101000010011010000100010010000')
DEBUG:root:Matched frame over all scan:398

DEBUG:root:Errors over all scan:18

DEBUG:root:Result:replica detected
DEBUG:root:Match or Not:True
DEBUG:root:Real time1487899260.2

DEBUG:root:Extracted signature:bitarray('11111110011000011111100011000011011000110000101100001000011000001100010000001000101000100011000110000011100001111101111101111110010000011111111111111010111111111100010111110111100101111001010010111100000010111001000101101100010111000010110000101000010011010000100010010000')
DEBUG:root:Matched frame over all scan:398

DEBUG:root:Errors over all scan:22

DEBUG:root:Result:replica detected
DEBUG:root:Match or Not:True
DEBUG:root:Real time1487899260.4

DEBUG:root:Extracted signature:bitarray('11111110011000011111100011000011011000110000101100001000011000001100010000001000101000100011000110000011100001111101111101111110010000011111111111110010111111111100010111111111100101111111110010111100000010111001000101101100010111000010110000101001010011010000100010010000')
DEBUG:root:Matched frame over all scan:398

DEBUG:root:Errors over all scan:18

DEBUG:root:Result:replica detected
DEBUG:root:Match or Not:True
DEBUG:root:Real time1487899260.6

DEBUG:root:Extracted signature:bitarray('11111110011000011111100011000011011000110000111100001000011000001100010000001000101000100011000110000011100001111100111101111110010000011111111111110010111111111110010111110111100101111001110010111000010010110001000101101100010111000010110000101001010011010000100010010000')
DEBUG:root:Matched frame over all scan:398

DEBUG:root:Errors over all scan:23

DEBUG:root:Result:replica detected
DEBUG:root:Match or Not:True
DEBUG:root:Real time1487899260.8

DEBUG:root:Extracted signature:bitarray('11111110011000011111110011000011011000110000110100001000011000001100010000001000101000100011100110000011100001111100111101111110010000011111111111110010111111111110010111111111100101111111110010111110000010111001000101101100010111000010110000101001010011010000100010010000')
DEBUG:root:Matched frame over all scan:403

DEBUG:root:Errors over all scan:20

DEBUG:root:Result:replica detected
DEBUG:root:Match or Not:True
DEBUG:root:Real time1487899261.0

DEBUG:root:Extracted signature:bitarray('11111110011000011111100011000011111000110000111100001100011000001100010010001000101000100011101110001111111001111100111101110110010000011111111111111010111111111000010111111110110101111000011010111100000010111001000101101100010111000010100010100001010111010000100010010000')
DEBUG:root:Matched frame over all scan:403

DEBUG:root:Errors over all scan:32

DEBUG:root:Result:replica detected
DEBUG:root:Match or Not:True
DEBUG:root:Real time1487899261.2

DEBUG:root:Extracted signature:bitarray('11111111011000011111110001000011111000000000111100110000011001111000011110110000111111000111101100110011101001111101111000110110010000011111111111111010111111111000010111110111110101111001100010111000000010111010000101111100010100101010011110101111010000010000100010010000')
DEBUG:root:Matched frame over all scan:404

DEBUG:root:Errors over all scan:36

DEBUG:root:Result:replica detected
DEBUG:root:Match or Not:True
DEBUG:root:Real time1487899261.4

DEBUG:root:Extracted signature:bitarray('11111110010000011111110000000011111000100001111101110000011111111000011111110000111111000111001101110011111000111000111001110010010000011111111111111010111111111111010111110111110101111011000010111101000010111110000101101101010101101010011010101111010000010000100010010000')
DEBUG:root:Matched frame over all scan:405

DEBUG:root:Errors over all scan:17

DEBUG:root:Result:replica detected
DEBUG:root:Match or Not:True
DEBUG:root:Real time1487899261.6

DEBUG:root:Extracted signature:bitarray('11111110010000011111110000000011111000100000111101110000011001111000011111110000111111000111001101100011111001111100111001110010010000011111111111111010111111111111010111110111110101111011000010111101000010111110000101101101010101101010011110101111010000010000100010010000')
DEBUG:root:Matched frame over all scan:406

DEBUG:root:Errors over all scan:22

DEBUG:root:Result:replica detected
DEBUG:root:Match or Not:True
DEBUG:root:Real time1487899261.8

DEBUG:root:Extracted signature:bitarray('11111110000001111111110000001111111000100000111100110000011001110000010011110001111111000111001001110111110010111100011101111011010000011111111111111010111111111111010111111111000101111111000010111111000010011110000100101101010001101010111110100000010000010000100010010000')
DEBUG:root:Matched frame over all scan:408

DEBUG:root:Errors over all scan:20

DEBUG:root:Result:replica detected
DEBUG:root:Match or Not:True
DEBUG:root:Real time1487899262.0

DEBUG:root:Extracted signature:bitarray('11111110001000011111110000000011111000100000111100110000011001111000011011110001111111000011000110010001110000111100111101111011100000011111111111111010111111111110010111111111110101111111100010111111100010001111100100111110010000100010001110101011010000010000100010010000')
DEBUG:root:Matched frame over all scan:408

DEBUG:root:Errors over all scan:27

DEBUG:root:Result:replica detected
DEBUG:root:Match or Not:True
DEBUG:root:Real time1487899262.2

DEBUG:root:Extracted signature:bitarray('11111110011000011111100001000011111000000000111000010000010011110000011110000000111000110011000111000001110001111101111101111011010000011111111111110010111111111100010111110111100101111011110010111100011010111000110101100111010100111010001100100010010000010000100010010000')
DEBUG:root:Matched frame over all scan:412

DEBUG:root:Errors over all scan:37

DEBUG:root:Result:replica detected
DEBUG:root:Match or Not:True
DEBUG:root:Real time1487899262.41

DEBUG:root:Extracted signature:bitarray('11111110011000011111100011000011111000010000111000000000010011000010011110000011111000011111001111100011111011111101111101111010010000011111111111111010111111111000010111110111100101111000010010111000010010111000100101100001011100001011000010100001010001010000100010010000')
DEBUG:root:Matched frame over all scan:410

DEBUG:root:Errors over all scan:36

DEBUG:root:Result:replica detected
DEBUG:root:Match or Not:True
DEBUG:root:Real time1487899262.61

DEBUG:root:Extracted signature:bitarray('11111110011000011111100011000011011000110000111100000000010011000001111110000011111000001111001111100011111011111101111101111010010000011111111111110010111111111100010111110111100101111011110010111100000010111000000101100001011100001011100010100001010000010000100010010000')
DEBUG:root:Matched frame over all scan:410

DEBUG:root:Errors over all scan:27

DEBUG:root:Result:replica detected
DEBUG:root:Match or Not:True
DEBUG:root:Real time1487899262.81

DEBUG:root:Extracted signature:bitarray('11111110011000011111100011000011111000011000111000000000011001100000010111000000111000000011000110010001111000111100011101111011100000011111111111110010111111011100010111110111100101111001100010111100011010111000100101100010011100111010001100100110010001010000100010010000')
DEBUG:root:Matched frame over all scan:412

DEBUG:root:Errors over all scan:37

DEBUG:root:Result:replica detected
DEBUG:root:Match or Not:True
DEBUG:root:Real time1487899263.01

DEBUG:root:Extracted signature:bitarray('11111110011000011111100001000011111000000000111100110000011001110000010011000000101111000011001100010011100001111100001100111011101101011111111111110010111111011110010111110011100101111001111010111100100010111011000101111110010101110010011000101101010000010000100010010000')
DEBUG:root:Matched frame over all scan:417

DEBUG:root:Errors over all scan:23

DEBUG:root:Result:replica detected
DEBUG:root:Match or Not:True
DEBUG:root:Under real time Point counter:0.203284025192

DEBUG:root:Extracted signature:bitarray('11111110011000011111100001000011111000000000111100110000011000110000010011110000101111000011001100010011100001101100001100111011100100011111111111111010111111111110010111111111110101111111111010111100100010011111000100111100010001101010011010100001010000010000100010010000')
DEBUG:root:Matched frame over all scan:415

DEBUG:root:Errors over all scan:12

DEBUG:root:Result:replica detected
DEBUG:root:Match or Not:True
DEBUG:root:Real time1487899263.41

DEBUG:root:Extracted signature:bitarray('11111110011000011111100001000011111000000000111100110000011001110000010011110000111111000011001100010011100001101100001100111011100100011111111111111010111111111110010111111111100101111111110010111110000010011111000100111100010001100010011010100001010000010000100010010000')
DEBUG:root:Matched frame over all scan:415

DEBUG:root:Errors over all scan:11

DEBUG:root:Result:replica detected
DEBUG:root:Match or Not:True
DEBUG:root:Real time1487899263.61

DEBUG:root:Extracted signature:bitarray('11111110011000011111100001000011111000000000111100110000011001110000010011110000111111000011001100010011100001101100001100111011100100011111111111111010111111111100010111111111100101111111111010111100000010111101000100111100010001100010011010100001010000010000100010010000')
DEBUG:root:Matched frame over all scan:415

DEBUG:root:Errors over all scan:14

DEBUG:root:Result:replica detected
DEBUG:root:Match or Not:True
DEBUG:root:Real time1487899263.81

DEBUG:root:Extracted signature:bitarray('11111110111000011111100001000011111000000000111100110000011001110000010011110000111111000011001100010011100001101100001100111011100100011111111111111010111111111110010111111111100101111111111010111111000010111111000101111100010001100010011010100001010000010000100010010000')
DEBUG:root:Matched frame over all scan:415

DEBUG:root:Errors over all scan:8

DEBUG:root:Result:replica detected
DEBUG:root:Match or Not:True
DEBUG:root:Real time1487899264.01

DEBUG:root:Extracted signature:bitarray('11111111111000011111100001000011111000000000111100110000011001110000010011100000111111000011001100010011100001101100001100111011100100011111111111110010111111111110010111111111100101111111111010111111000010111100000101111100010001100010011000101101010000010000100010010000')
DEBUG:root:Matched frame over all scan:417

DEBUG:root:Errors over all scan:8

DEBUG:root:Result:replica detected
DEBUG:root:Match or Not:True
DEBUG:root:Real time1487899264.21

DEBUG:root:Extracted signature:bitarray('11111111110000011111100011000011111000010000111100110000011000110000010011100000111111000011001100010011100001111100011100111011101100011111111111110010111111111110010111110011100101111001111010111100000010111000000101101100010001100010011010101101010001010000100010010000')
DEBUG:root:Matched frame over all scan:420

DEBUG:root:Errors over all scan:22

DEBUG:root:Result:replica detected
DEBUG:root:Match or Not:True
DEBUG:root:Real time1487899264.41

DEBUG:root:Extracted signature:bitarray('11111111110000011111100011000011111000010000111100110001011001110000010011100000111111000011001100010011100001011100011100111011101100011111111111110010111111111110010111111111100101111111111010111111001010111110000101101100010001100010111100101111010010010000100010010000')
DEBUG:root:Matched frame over all scan:421

DEBUG:root:Errors over all scan:14

DEBUG:root:Result:replica detected
DEBUG:root:Match or Not:True
DEBUG:root:Real time1487899264.61

DEBUG:root:Extracted signature:bitarray('11111110011000011111110111000011111000000000111100110001111101110000110011110000111111000011011100010111100011011000011100111011101000011111111111110010111111111110010111111111100101111111111010111111011010111110000101101000010011100010111000101110010110010000100010010000')
DEBUG:root:Matched frame over all scan:432

DEBUG:root:Errors over all scan:11

DEBUG:root:Result:replica detected
DEBUG:root:Match or Not:True
DEBUG:root:Real time1487899264.81

DEBUG:root:Extracted signature:bitarray('11111110011000011111100111000011111000000000111100110001111000110000110011110000111111000011011100010111100011011000011100111011101000011111111111110010111111111100010111110111100101111001111010111100011010111000010101101000010011100010111000101110010110010000100010010000')
DEBUG:root:Matched frame over all scan:432

DEBUG:root:Errors over all scan:15

DEBUG:root:Result:replica detected
DEBUG:root:Match or Not:True
DEBUG:root:Real time1487899265.01

DEBUG:root:Extracted signature:bitarray('11100000110001111000000110011110000011100111001001110001101111101100101110011111011011111000011111100111111010111100111101111011111000011111110100101101111100100011101111001000111011100110001101100011000101000101001010010111101001111101110011010001101000101001010101001000')
DEBUG:root:Matched frame over all scan:425

DEBUG:root:Errors over all scan:13

DEBUG:root:Result:replica detected
DEBUG:root:Match or Not:True
DEBUG:root:Real time1487899265.21

DEBUG:root:Extracted signature:bitarray('11101100100001111001000110011110000001100110100000110000011101110001101110011111011001111100011111101111111010111100111101110011011000011111110100011111111100000011101110001000111010000110001101000011000101000000011010000111101000000101100011010001101000101101010101001000')
DEBUG:root:Matched frame over all scan:431

DEBUG:root:Errors over all scan:32

DEBUG:root:Result:replica detected
DEBUG:root:Match or Not:True
DEBUG:root:Real time1487899265.41

DEBUG:root:Extracted signature:bitarray('11101100100001111001000100011110000001100110100001110000010001101001100110011111010011111100011111101111111010111100111101110011101100011111100000111011111100000111101110001000111010000110000101000011001101000100011010000111101000000101100011010001101000101001010101001000')
DEBUG:root:Matched frame over all scan:431

DEBUG:root:Errors over all scan:33

DEBUG:root:Result:replica detected
DEBUG:root:Match or Not:True
DEBUG:root:Real time1487899265.61

DEBUG:root:Extracted signature:bitarray('11101100000001111001000100011110010001100110101000110010001100110001101111011011011001111000001111101111111010111100011101111011010010011111100100111101111100000111101110000000111010000010000101000011001101000100011010000111101011001101100011010001101000101001010101001000')
DEBUG:root:Matched frame over all scan:424

DEBUG:root:Errors over all scan:33

DEBUG:root:Result:replica detected
DEBUG:root:Match or Not:True
DEBUG:root:Real time1487899265.81

DEBUG:root:Extracted signature:bitarray('11101000001001111001000000011010010001100110101000110011001100110000101111001111011001111000001111000111111010111100011101111010010010011111100000111111111100000111101110010000111010000010010101000011001101000110011010001110101011000101100011010001101001101001010101101000')
DEBUG:root:Matched frame over all scan:424

DEBUG:root:Errors over all scan:42

DEBUG:root:Result:replica detected
DEBUG:root:Match or Not:True
DEBUG:root:Real time1487899266.01

DEBUG:root:Extracted signature:bitarray('11101100000001111001000011011110000001100110101000110011001101100001101110011011010001111000011111100111111010111100111101110011011000011111100000111111111100001111101110000000111010000110001101000011001101000100011010010111101000100101100011010001101001101101010101001000')
DEBUG:root:Matched frame over all scan:431

DEBUG:root:Errors over all scan:23

DEBUG:root:Result:replica detected
DEBUG:root:Match or Not:True
DEBUG:root:Real time1487899266.22

DEBUG:root:Extracted signature:bitarray('11101100001001111001000010011110000001100110001000110010001101111001101110011011010001111100011111100111111010111100111101111011011000011111100001111101111100000111101110001000111010000110001101000011001101000100011010010111101000001101100011010001101001101101010101001000')
DEBUG:root:Matched frame over all scan:431

DEBUG:root:Errors over all scan:17

DEBUG:root:Result:replica detected
DEBUG:root:Match or Not:True
DEBUG:root:Real time1487899266.42

DEBUG:root:Extracted signature:bitarray('11000100000001111000001000011110000111000111001110110001101100111101101000111010000011111101011111100111111011111101111101111011101111111111110000001101111110000111101111000000111011000010001101000001000101000011001010001000101000011101001001011000101000101001011101101000')
DEBUG:root:Matched frame over all scan:431

DEBUG:root:Errors over all scan:57

DEBUG:root:Result:replica detected
DEBUG:root:Match or Not:True
DEBUG:root:Real time1487899266.62

DEBUG:root:Extracted signature:bitarray('11111000001001111100000000011110000011000110001001100010001111100000101110011011011011110100011110000111110011111100111101111011111000011111111100111101111101100111101111011000111011101100011101101010001101000110011010011101101001111101110011011001101001101101010001001000')
DEBUG:root:Matched frame over all scan:429

DEBUG:root:Errors over all scan:42

DEBUG:root:Result:replica detected
DEBUG:root:Match or Not:True
DEBUG:root:Real time1487899266.82

DEBUG:root:Extracted signature:bitarray('11111111011000011111100111000011111000000000111100110001111000110000110011110000111111000011011100010111100011011000011100111011101000011111111111110010111111111110010111110111100101111011111010111111011010111010010101001100010011100010111000101110010110010000100010010000')
DEBUG:root:Matched frame over all scan:432

DEBUG:root:Errors over all scan:13

DEBUG:root:Result:replica detected
DEBUG:root:Match or Not:True
DEBUG:root:Real time1487899267.02

DEBUG:root:Extracted signature:bitarray('11111111011000011111100111000011111000010000111100010001011000110000010011110000111101000011001100010011100011111100011100111011101000011111111111111010111111111110010111110111100101111011111010111111011010111010010101001100010001100010111000101110010110010000100010010000')
DEBUG:root:Matched frame over all scan:421

DEBUG:root:Errors over all scan:22

DEBUG:root:Result:replica detected
DEBUG:root:Match or Not:True
DEBUG:root:Real time1487899267.22

DEBUG:root:Extracted signature:bitarray('11111110011000011111110111000011111000110000111100010001011001110000010011000000111100000011100000010011111001101100001100011011100000011111111111110010111111111110010111110111100101111011110010111100111010111000000101100000010100010010001110101101010111010000100010010000')
DEBUG:root:Matched frame over all scan:439

DEBUG:root:Errors over all scan:27

DEBUG:root:Result:replica detected
DEBUG:root:Match or Not:True
DEBUG:root:Real time1487899267.42

DEBUG:root:Extracted signature:bitarray('11111111011000011111100111000011111001110000111000010000011000100000010011000000111111000011111100010011001001101100001100011011110000011111111111111010111111111110010111111111100101111111110010111111111010111010000101110001010110011010101110101111010111010110100010010000')
DEBUG:root:Matched frame over all scan:437

DEBUG:root:Errors over all scan:21

DEBUG:root:Result:replica detected
DEBUG:root:Match or Not:True
DEBUG:root:Real time1487899267.62

DEBUG:root:Extracted signature:bitarray('11111111011000011111100111000011111000110000111100010000011001110000010011000000111111000011100000010001111001001100001100011011010000011111111111110010111111111110010111111111100101111111110010111111111010111010000101110000010110011010001110101101010111010000100010010000')
DEBUG:root:Matched frame over all scan:439

DEBUG:root:Errors over all scan:18

DEBUG:root:Result:replica detected
DEBUG:root:Match or Not:True
DEBUG:root:Real time1487899267.82

DEBUG:root:Extracted signature:bitarray('11111111011000011111110111000011111000110000111100010001011001110000010111000000111110000011100000010011111001101100001100011011110000011111111111110010111111111110010111111111100101111111110010111111111010111110000101110000010110011010001110101101010111010000100010010000')
DEBUG:root:Matched frame over all scan:439

DEBUG:root:Errors over all scan:18

DEBUG:root:Result:replica detected
DEBUG:root:Match or Not:True
DEBUG:root:Real time1487899268.02

DEBUG:root:Extracted signature:bitarray('11111110011000011111110011000011111000110000111100010001011000110000010011000000111100000011100000010011111001101100001100011011100000011111111111110010111111111110010111111111100101111111111010111111111010111010000101100010010100111010001110101101010111010000100010010000')
DEBUG:root:Matched frame over all scan:439

DEBUG:root:Errors over all scan:22

DEBUG:root:Result:replica detected
DEBUG:root:Match or Not:True
DEBUG:root:Real time1487899268.22

DEBUG:root:Extracted signature:bitarray('11111110011000011111100111000011111000110000111000010000011000100000010011000000111001000011100000010011111001101100001100011011110000011111111111111010111111111100010111111111100101111111110010111100111010111000000101100000010110011010001110100101010101010000100010010000')
DEBUG:root:Matched frame over all scan:435

DEBUG:root:Errors over all scan:28

DEBUG:root:Result:replica detected
DEBUG:root:Match or Not:True
DEBUG:root:Real time1487899268.42

DEBUG:root:Extracted signature:bitarray('11111110001000011111110001000011111000110000111000011000011001100000010110000000111001000011001000010110000110011100011100111010010000011111111111111010111111011000010111110110100101111000010010111000011010110000000101100000010110100010100010100011010011010100100010010000')
DEBUG:root:Matched frame over all scan:442

DEBUG:root:Errors over all scan:33

DEBUG:root:Result:replica detected
DEBUG:root:Match or Not:True
DEBUG:root:Real time1487899268.62

DEBUG:root:Extracted signature:bitarray('11111110001000011111110011000011111000110000111000011000011001100000010111000000111001000011001000010110000110011000011100111010010000011111111111110010111111111110010111111111100101111111110010111100111010111001000101101100010111100010100010100011010011010100100010010000')
DEBUG:root:Matched frame over all scan:442

DEBUG:root:Errors over all scan:15

DEBUG:root:Result:replica detected
DEBUG:root:Match or Not:True
DEBUG:root:Real time1487899268.82

DEBUG:root:Extracted signature:bitarray('11111110011000011111110011000011111000110000111000011000011001100000010111000000111001000011011000010110000110011100011100111010010000011111111111110010111111111110010111111111100101111111110010111110111010111001000101101100010111100010100010100011010011010100100010010000')
DEBUG:root:Matched frame over all scan:445

DEBUG:root:Errors over all scan:12

DEBUG:root:Result:replica detected
DEBUG:root:Match or Not:True
DEBUG:root:Real time1487899269.02

DEBUG:root:Extracted signature:bitarray('11111110011000011111110011000011111000110000110000011000011001100000010111000000111101000011011000010110000110011100011100111010010000011111111111110010111111111100010111111111100101111111110010111110010010111000000101100100010111100010100010100011010011010100100010010000')
DEBUG:root:Matched frame over all scan:445

DEBUG:root:Errors over all scan:17

DEBUG:root:Result:replica detected
DEBUG:root:Match or Not:True
DEBUG:root:Real time1487899269.22

DEBUG:root:Extracted signature:bitarray('11111110011000011111110011000011111000110000110000011000011001100000010111000000111101000011011100010111000111001100011100111010010000011111111111111010111111111110010111111111100101111111110010111101010010111000000101100100010111100010100010100011010011010100100010010000')
DEBUG:root:Matched frame over all scan:445

DEBUG:root:Errors over all scan:21

DEBUG:root:Result:replica detected
DEBUG:root:Match or Not:True
DEBUG:root:Real time1487899269.42

DEBUG:root:Extracted signature:bitarray('11111110001000011111110011000011111000110000111000011000011001100000010111000000111000000011001000010110000100011100011100111010010000011111111111110010111111111100010111110111100101111011110010111100011010111000000101100100010111100010100110100011010011010000100010010000')
DEBUG:root:Matched frame over all scan:442

DEBUG:root:Errors over all scan:22

DEBUG:root:Result:replica detected
DEBUG:root:Match or Not:True
DEBUG:root:Real time1487899269.62

DEBUG:root:Extracted signature:bitarray('11111110011000011111110011000011111000110000111000010000011001100000010111000000111100000011101100010001111000011100011101111011110000011111111111111010111111111110010111111111100101111111110010111100111010111001000101101100010111000010100010100001010101010100100010010000')
DEBUG:root:Matched frame over all scan:449

DEBUG:root:Errors over all scan:28

DEBUG:root:Result:replica detected
DEBUG:root:Match or Not:True
DEBUG:root:Real time1487899269.82

DEBUG:root:Extracted signature:bitarray('11111110011000011111100111000011111000110000111100010001011001100000010011000000111111000011111100010001100001100000101101111011010000011111111111111010111111111110010111111111100101111111111010111110111010111000000101111000010110001010100000100000010101010110100010010000')
DEBUG:root:Matched frame over all scan:447

DEBUG:root:Errors over all scan:16

DEBUG:root:Result:replica detected
DEBUG:root:Match or Not:True
DEBUG:root:Real time1487899270.02

DEBUG:root:Extracted signature:bitarray('11111110011000011111110111000011111000110000111000010000011001100000010111000000111001000011111100010111100000100000001100111011010000011111111111110010111111111000010111111111100101111111110010111100111010111000000101101000010110000010100000100001010111010110100010010000')
DEBUG:root:Matched frame over all scan:448

DEBUG:root:Errors over all scan:23

DEBUG:root:Result:replica detected
DEBUG:root:Match or Not:True
DEBUG:root:Real time1487899270.22

DEBUG:root:Extracted signature:bitarray('11111110011000011111100111000011111000110000111000010000011001100000010111000000111001000011001100010111100011000010001100111011111000011111111111110010111111111100010111110111100101111011110010111100011010111000100101100000010110000010110000100000010000010110101010000000')
DEBUG:root:Matched frame over all scan:450

DEBUG:root:Errors over all scan:26

DEBUG:root:Result:replica detected
DEBUG:root:Match or Not:True
DEBUG:root:Real time1487899270.42

DEBUG:root:Extracted signature:bitarray('11111110011000011111110011000011111000110000111100010000011000110001010011100000111111000011011100010011000001100100001100111011101100011111111111110010111111111110010111111111100101111111110010111111011010111001110101100000010111000010110000100000010000010100100010011000')
DEBUG:root:Matched frame over all scan:451

DEBUG:root:Errors over all scan:22

DEBUG:root:Result:replica detected
DEBUG:root:Match or Not:True
DEBUG:root:Real time1487899270.62

DEBUG:root:Extracted signature:bitarray('11111110011000011111110011000011111000110000110100010000011100110000111011110000111111000011011100010011000101100100001100111011101111111111111111110010111111111100010111111111100101111111110010111100011010111001110101101000010101000010000000100001010001010110101010010000')
DEBUG:root:Matched frame over all scan:451

DEBUG:root:Errors over all scan:20

DEBUG:root:Result:replica detected
DEBUG:root:Match or Not:True
DEBUG:root:Real time1487899270.82

DEBUG:root:Extracted signature:bitarray('11111110011000011111100011000011111000100000111100110001111111110000011111110000111011000011001100010011111000011100111101111011100000011111111111110010111111111100010111111111100101111011110010111100110010111000000101100100011111001010000010100011010111010100100010000000')
DEBUG:root:Matched frame over all scan:453

DEBUG:root:Errors over all scan:35

DEBUG:root:Result:replica detected
DEBUG:root:Match or Not:True
DEBUG:root:Real time1487899271.02

DEBUG:root:Extracted signature:bitarray('11111110000000011111110000000011111100100000111111110000011111100000111010000001101000000111000110010011100011110101101110000100010000011111111111111010111111111110010111111111100101111111100010111111100010111100000101100011010000011010010000101100011000010000100010010000')
DEBUG:root:Matched frame over all scan:454

DEBUG:root:Errors over all scan:18

DEBUG:root:Result:replica detected
DEBUG:root:Match or Not:True
DEBUG:root:Real time1487899271.22

DEBUG:root:Extracted signature:bitarray('11111110000000011111110000000011111100000000111111100000011100000001111000000001100000100010010110000111100011111100110000000100010000011111111111111010111111111100010111111110000101111101001010111100001010110000110101000110010010000010110000111000010000010000100010010000')
DEBUG:root:Matched frame over all scan:454

DEBUG:root:Errors over all scan:42

DEBUG:root:Result:replica detected
DEBUG:root:Match or Not:True
DEBUG:root:Real time1487899271.43

DEBUG:root:Extracted signature:bitarray('11111111000000111111110000000111011000000001111100000000011100000000010000000000100111000011011110010011100000110000110001100110010000011111011111001010111101110001010111101000110101110000111010110000010010001100010101110001010110000011100000110000010000010000100010010000')
DEBUG:root:Matched frame over all scan:455

DEBUG:root:Errors over all scan:39

DEBUG:root:Result:replica detected
DEBUG:root:Match or Not:True
DEBUG:root:Real time1487899271.63

DEBUG:root:Extracted signature:bitarray('11111110010001111111100011000111111000110000110100110000011100111000011000110000100011000011011110010011100001110001110001100110010000011111111000011010111110010011010111100100000101110110000010111110000010111000000101100000010110000011100000110000010000010000100010010000')
DEBUG:root:Matched frame over all scan:456

DEBUG:root:Errors over all scan:19

DEBUG:root:Result:replica detected
DEBUG:root:Match or Not:True
DEBUG:root:Real time1487899271.83

DEBUG:root:Extracted signature:bitarray('11111110011000011111100011000011111000110000111100010000011100000000011000100000100011000011011110010011100001110000111001100110010000011111111110001010111111110000010111111110000101111110000010111100000010111000000101100000011100000011100000100000010000010000100010010000')
DEBUG:root:Matched frame over all scan:457

DEBUG:root:Errors over all scan:25

DEBUG:root:Result:replica detected
DEBUG:root:Match or Not:True
DEBUG:root:Real time1487899272.03

DEBUG:root:Extracted signature:bitarray('11111110000000011111110010000011111001100000111110110000011110110000011001110000100011000011011110010011100001110001110001100110010000011111111111010010111111111100010111111111100101111111110010111110010010111000100101110000010110000011100000110000010000010000100010010000')
DEBUG:root:Matched frame over all scan:459

DEBUG:root:Errors over all scan:16

DEBUG:root:Result:replica detected
DEBUG:root:Match or Not:True
DEBUG:root:Real time1487899272.23

DEBUG:root:Extracted signature:bitarray('11111110001000011111110011000011111100110000111100110000011100111000011001110000100011000011011110010011100001110001111001100110010000011111111111111010111111111000010111111110100101111111010010111100010010111000000101100000011100000011100000100000010000010000100010010000')
DEBUG:root:Matched frame over all scan:467

DEBUG:root:Errors over all scan:24

DEBUG:root:Result:replica detected
DEBUG:root:Match or Not:True
DEBUG:root:Real time1487899272.43

DEBUG:root:Extracted signature:bitarray('11111110001000011111100011000011111000110000101100110000011100110000011000110000100011000011011110010011100001110000110001100110010000011111111111111010111111111110010111111111100101111011110010111100010010111000100101100000010100000010100000100000010000010000100010010000')
DEBUG:root:Matched frame over all scan:467

DEBUG:root:Errors over all scan:17

DEBUG:root:Result:replica detected
DEBUG:root:Match or Not:True
DEBUG:root:Real time1487899272.63

DEBUG:root:Extracted signature:bitarray('11111110011000011111100011000011111000110000101100110000011100111000011001110000100011000011011110010011100001110000110001100110010000011111111111111010111111111110010111111111100101111111110010111100010010111000100101100000010110000011100000100000010000010000100010010000')
DEBUG:root:Matched frame over all scan:467

DEBUG:root:Errors over all scan:15

DEBUG:root:Result:replica detected
DEBUG:root:Match or Not:True
DEBUG:root:Real time1487899272.83

DEBUG:root:Extracted signature:bitarray('11111110011000011111100011000011111000110000101100110000011100111000011000110000100011000011011110010011100001110000111001100110010000011111111111111010111111111110010111111111100101111111110010111100010010111000100101100000010100000011100000100000010000010000100010010000')
DEBUG:root:Matched frame over all scan:467

DEBUG:root:Errors over all scan:18

DEBUG:root:Result:replica detected
DEBUG:root:Match or Not:True
DEBUG:root:Under real time Point counter:0.208101987839

DEBUG:root:Extracted signature:bitarray('11111110011000011111110011000011111000110000101100010000011100111000011000110000100011000011011110010011100001110000111101110010010000011111111111111010111111111010010111100111100101111000010010111000010010110000100101000000010100000010000000100000010000010000100010010000')
DEBUG:root:Matched frame over all scan:467

DEBUG:root:Errors over all scan:33

DEBUG:root:Result:replica detected
DEBUG:root:Match or Not:True
DEBUG:root:Real time1487899273.24

DEBUG:root:Extracted signature:bitarray('11111110011000011111100011000011111000110000101100110000011100110000011000110000100011000011011110010011100001110000111001100110010000011111111111111010111111111110010111111111100101111011110010111000010010111000100101100000010100000010100000100000010000010000100010010000')
DEBUG:root:Matched frame over all scan:467

DEBUG:root:Errors over all scan:18

DEBUG:root:Result:replica detected
DEBUG:root:Match or Not:True
DEBUG:root:Real time1487899273.44

DEBUG:root:Extracted signature:bitarray('11111110011000011111100011000011111000110000101100010000011100110000011000110000100011000011011110010011100001110000110001100110010000011111111111110010111111111110010111111111100101111011110010111000010010111000100101100000010100000010000000100000010000010000100010010000')
DEBUG:root:Matched frame over all scan:467

DEBUG:root:Errors over all scan:20

DEBUG:root:Result:replica detected
DEBUG:root:Match or Not:True
DEBUG:root:Real time1487899273.64

DEBUG:root:Extracted signature:bitarray('11111110011000011111100011000011111000110000101100010000011100110000011000110000100011000011011110010011100001110000111101100010010000011111111111111010111111111110010111100111100101111000010010111000010010110000100101000000010100000010000000100000010000010000100010010000')
DEBUG:root:Matched frame over all scan:467

DEBUG:root:Errors over all scan:29

DEBUG:root:Result:replica detected
DEBUG:root:Match or Not:True
DEBUG:root:Real time1487899273.84

DEBUG:root:Extracted signature:bitarray('11111110011001111111100011000101111000110000101100010000011100110000011000110000100011000011011110010011100001110000110001100110010000011111111111110010111111111110010111111111100101111001110010111000010010110000100101100000010100000010000000100000010000010000100010010000')
DEBUG:root:Matched frame over all scan:467

DEBUG:root:Errors over all scan:26

DEBUG:root:Result:replica detected
DEBUG:root:Match or Not:True
DEBUG:root:Real time1487899274.04

DEBUG:root:Extracted signature:bitarray('11111110011000011111100011000011111000110000101100110000011100110000011000110010100011100011011110000011100001110000111001100110010000011111111111111010111111111110010111111111100101111011110010111000010010110000100101100000010100000010000000100000010000010000100010010000')
DEBUG:root:Matched frame over all scan:467

DEBUG:root:Errors over all scan:23

DEBUG:root:Result:replica detected
DEBUG:root:Match or Not:True
DEBUG:root:Real time1487899274.24

DEBUG:root:Extracted signature:bitarray('11111110011000011111100011000011111000110000101100010000011100110000011000110000100011000011011110000011101001111100111101110010010000011111111111111010111111111110010111100111100101111011010010111000010010110000100101100000010100000010000000100000010000010000100010010000')
DEBUG:root:Matched frame over all scan:467

DEBUG:root:Errors over all scan:31

DEBUG:root:Result:replica detected
DEBUG:root:Match or Not:True
DEBUG:root:Real time1487899274.44

DEBUG:root:Extracted signature:bitarray('11111110011000011111100011000011111000110000101100010000011100110000011000110000100011000011011110010011100001110000110001100110010000011111111111111010111111111110010111111111100101111000110010111000010010110000100101100000010100000010000000100000010000010000100010010000')
DEBUG:root:Matched frame over all scan:467

DEBUG:root:Errors over all scan:22

DEBUG:root:Result:replica detected
DEBUG:root:Match or Not:True
