DEBUG:root:Under real time Point counter:2.59876251221e-05

DEBUG:root:Real time1487900625.43

DEBUG:root:Too small detection probably wrong
DEBUG:root:Real time1487900625.63

DEBUG:root:Extracted signature:bitarray('11111000011111101111110000111101110110000111011001100011100000110011100000000111000100011100110011100111110011110001110011000100010011111001111000011010000011000011110100011000011101001110001010000111110010000011110111000001010011000000111000011100011000010000101001101000')
DEBUG:root:Matched frame over all scan:1188

DEBUG:root:Errors over all scan:41

DEBUG:root:Result:replica detected
DEBUG:root:Real time1487900625.83

DEBUG:root:Extracted signature:bitarray('11111000111111101111100000111101111110001111011001100011101000110011110000000111100000111100100111000001110011110001110101000100010111111001111000111010001111000111010000011000111100001110001010000110101010000111100100001111011000100000111000011100011000010000101001101000')
DEBUG:root:Matched frame over all scan:1186

DEBUG:root:Errors over all scan:27

DEBUG:root:Result:replica detected
DEBUG:root:Real time1487900626.03

DEBUG:root:Extracted signature:bitarray('11111000011111101111110011011101111110010111010011001011100011001111100110000011001100001100011001100110011010011101111001100110010000011011010000111010011101000111010010011000110100001100011110001101101010000011000100001101010011101000110000111000011000010001100110100000')
DEBUG:root:Matched frame over all scan:1187

DEBUG:root:Errors over all scan:73

DEBUG:root:Result:tau2_fail
DEBUG:root:Real time1487900626.23

DEBUG:root:Extracted signature:bitarray('11001000111111011000001010010010000110000110110011000011100011001111100000001111000000110010011000010110000101100001110001111011101111111110011000111010011001001110010110011011100101001100111010001001101110010001001101001100110001000010110010101001100110101111011101010000')
DEBUG:root:Matched frame over all scan:1190

DEBUG:root:Errors over all scan:78

DEBUG:root:Result:tau2_fail
DEBUG:root:Real time1487900626.43

DEBUG:root:Extracted signature:bitarray('11000001000111110000001000001110010010000011111001000000111001100010111000000100110000101110000100010011100111000010001100111011101111111110001000011010011001000011010110011000011101001100000110001100100010111001100111000100011001100010011000101110010111001110011011110000')
DEBUG:root:Matched frame over all scan:1191

DEBUG:root:Errors over all scan:33

DEBUG:root:Result:replica detected
DEBUG:root:Real time1487900626.63

DEBUG:root:Extracted signature:bitarray('11110000110001111011000110001110110001100000111000110010011000110011010001000110100000010010000110010001100000110000110001001100110111111101000100001010001100100000010011001000001101001110000010001110011010111100110110010010011000100110011001100110010011010110100010010000')
DEBUG:root:Matched frame over all scan:1172

DEBUG:root:Errors over all scan:67

DEBUG:root:Result:tau3_fail
DEBUG:root:Real time1487900626.83

DEBUG:root:Extracted signature:bitarray('11100000110011111000000000001110110000000011111000100000110000100010011001000110100000111110000100110011100101110010011000111011101111111111001100011010011001100001010110011000001101001100000111001100110010101000100111000100011001100110011000101110010111010110101010010000')
DEBUG:root:Matched frame over all scan:1191

DEBUG:root:Errors over all scan:19

DEBUG:root:Result:replica detected
DEBUG:root:Real time1487900627.03

DEBUG:root:Extracted signature:bitarray('11001111001110001001111011110000011100111100111110011110011110011111001000011111000001111101001111100011100001111000001101001100110111111001111110100111001101111000010001101110000010110011100101110011111101000011111010000111101000111101011111001111100111101111000100110000')
DEBUG:root:Matched frame over all scan:1196

DEBUG:root:Errors over all scan:68

DEBUG:root:Result:tau3_fail
DEBUG:root:Real time1487900627.23

DEBUG:root:Extracted signature:bitarray('11001111101011011001111001011000011110110110011110011001001110011001101000111111000001111100001111100011100001111000001101001100110111111001111111100111001001111000010110001110000010110011001001110011101101000111111010001111101000111101011111000111100111101111001100110000')
DEBUG:root:Matched frame over all scan:1199

DEBUG:root:Errors over all scan:62

DEBUG:root:Result:replica detected
DEBUG:root:Real time1487900627.43

DEBUG:root:Real time1487900627.64

DEBUG:root:Real time1487900627.84

DEBUG:root:Real time1487900628.04

DEBUG:root:Real time1487900628.24

DEBUG:root:Real time1487900628.44

DEBUG:root:Extracted signature:bitarray('11001111000111010001111010000000111101100000011000110110011010010110011110000100101000111111000111110001111000111101111101111011101101010000111111000010001111011100010111100011000111110100110011000110110010000111100100001111010000001010101010011110001110011110111011010000')
DEBUG:root:Matched frame over all scan:1201

DEBUG:root:Errors over all scan:61

DEBUG:root:Result:replica detected
DEBUG:root:Real time1487900628.64

DEBUG:root:Extracted signature:bitarray('10000111011111010000110001110000111100111100011110111110001110010000110110110001110001111110000111100001110001111001110001110001101101010001111111000010001110001100000111000001100011101000110011011000110011100011000110001111010001111000011100011100101000011000111011010000')
DEBUG:root:Matched frame over all scan:1201

DEBUG:root:Errors over all scan:32

DEBUG:root:Result:replica detected
DEBUG:root:Real time1487900628.84

DEBUG:root:Extracted signature:bitarray('10000111011111010001111011000000111101100001011111110001111011110001110100100011110000001110000111100001111000111101111101111011100000010001111111001010001111011100000111100011000011101100110011001100111011110011100110001101010001111000011110011110001100001000110010000000')
DEBUG:root:Matched frame over all scan:1202

DEBUG:root:Errors over all scan:45

DEBUG:root:Result:replica detected
DEBUG:root:Real time1487900629.04

DEBUG:root:Extracted signature:bitarray('10000110011111010010110010010000111101101100011110110110011010011110000110011000011101110010010100011101001110000010000010100111100100010001111111001010001110001100000111000011100011101000110001001100111001000010010110001111110001111000111110011110011000011000101000000000')
DEBUG:root:Matched frame over all scan:1203

DEBUG:root:Errors over all scan:47

DEBUG:root:Result:replica detected
DEBUG:root:Real time1487900629.24

DEBUG:root:Extracted signature:bitarray('10000110011110010001110001110000111100111100011110111110001110111111001111111110011111100101000111100001111011000011000010000100010000010001111111100010011110101100000111000001101011101000110101011000111101000011001010001100110001111100001111001110011000011000110100101000')
DEBUG:root:Matched frame over all scan:1204

DEBUG:root:Errors over all scan:62

DEBUG:root:Result:replica detected
DEBUG:root:Real time1487900629.44

DEBUG:root:Extracted signature:bitarray('10000111011111010000110000010010101100000100110111000011010011000011011110000110111000000010000010010000110100011010001111011110011111110001111111001010011111101100000111000001101011001000110101001100111101010011100110001100110000100110001101100110110110010110111011011000')
DEBUG:root:Matched frame over all scan:1206

DEBUG:root:Errors over all scan:43

DEBUG:root:Result:replica detected
DEBUG:root:Real time1487900629.64

DEBUG:root:Extracted signature:bitarray('11000110011110010000110000110010011100000100111111100010010011100001111110000011110000001110000001110000000100000010000110000100111111110000111111101010001111101100000111000001100011001000110101001100101101010011001110001100110000101110000110100111010111010110110011010000')
DEBUG:root:Matched frame over all scan:1206

DEBUG:root:Errors over all scan:15

DEBUG:root:Result:replica detected
DEBUG:root:Real time1487900629.84

DEBUG:root:Extracted signature:bitarray('11000111011110010001111110000010111111100000111111100000010111000000111110000011111000001110000000110000000100000010000010000100101111110000111111101011001111001100000111000001100011101100110001001100100111010011101100001100110000100110000110100111010111010100110011010000')
DEBUG:root:Matched frame over all scan:1207

DEBUG:root:Errors over all scan:30

DEBUG:root:Result:replica detected
DEBUG:root:Real time1487900630.04

DEBUG:root:Extracted signature:bitarray('10000111011110010001111100000010011111100000111111100000011111100000111110000011110000001110000001010000000100000010000010000100011111110001111111001010011111101100000111001001100011001100110001001100100111010011001100001100110000100110000110100111010111011100110011010000')
DEBUG:root:Matched frame over all scan:1207

DEBUG:root:Errors over all scan:17

DEBUG:root:Result:replica detected
DEBUG:root:Real time1487900630.24

DEBUG:root:Extracted signature:bitarray('11000111011110010001111100100010111110010000011110011001101100011001111000110011100011001110000000010000100100000010000011000111111111110001111111001010011111101100000111001001101011001100110101001100100110010011001110001100011000100010000110100100010100110001100011010000')
DEBUG:root:Matched frame over all scan:1209

DEBUG:root:Errors over all scan:38

DEBUG:root:Result:replica detected
DEBUG:root:Real time1487900630.44

DEBUG:root:Extracted signature:bitarray('11000110011101110000110111000001111101110000011110111000010010111000010001100000101111000011100000010001000100110011110111001110111111110000111111101010001111101100000111001001100011101100110001001100010010011001100110001110011000100010000110110110111110101101010100101000')
DEBUG:root:Matched frame over all scan:1210

DEBUG:root:Errors over all scan:37

DEBUG:root:Result:replica detected
DEBUG:root:Real time1487900630.64

DEBUG:root:Extracted signature:bitarray('11000010111100111001110111000001111101110000111100111000011100110000010011100000111100000011000000010011000101110011111001111111010111111000011111100011001111111100000111101001000011100110110011100110010010001100110110000111011000111010000001110110111110001101010110101000')
DEBUG:root:Matched frame over all scan:1210

DEBUG:root:Errors over all scan:71

DEBUG:root:Result:tau3_fail
DEBUG:root:Real time1487900630.84

DEBUG:root:Extracted signature:bitarray('11000111011111110001111011001100011100110010011110010011101100110011111001100110100110000011000000010000100100110011000111001110111111110000111111101010001111101100000111001001100011101100110101001100001010011011100110001100011000101010000110100110011100101101000100101000')
DEBUG:root:Matched frame over all scan:1211

DEBUG:root:Errors over all scan:23

DEBUG:root:Result:replica detected
DEBUG:root:Real time1487900631.04

DEBUG:root:Extracted signature:bitarray('11100110111111111100110011100111000100111000110001111100010001011100010110011011011000001111000000110010001110000111100111001110010011110000011111000010011111111000010111001001000101100100100011100110010110100101100111000111011000001010110010101100011110011100110010010000')
DEBUG:root:Matched frame over all scan:33

DEBUG:root:Errors over all scan:95

DEBUG:root:Result:tau2_fail
DEBUG:root:Real time1487900631.24

DEBUG:root:Extracted signature:bitarray('10001011011110001000011011110000000110111100011011111110001011111110001100111101000011100100011110001111111011101111000010000101101111110001111111011100011110100110100111100001101011011000111101011000111101000011001010001100111000111110001110110011011111011100110011011000')
DEBUG:root:Matched frame over all scan:1215

DEBUG:root:Errors over all scan:52

DEBUG:root:Result:replica detected
DEBUG:root:Real time1487900631.45

DEBUG:root:Extracted signature:bitarray('10000111011111001000111001110000001110111100010011111110000011111110100111111110011111111100011111000111110011111111000110001001101111110001111101001100001101101110100111100001101011011000111101001100111101011001111010001101110000111110001110100111010110011000100010010000')
DEBUG:root:Matched frame over all scan:1217

DEBUG:root:Errors over all scan:27

DEBUG:root:Result:replica detected
DEBUG:root:Real time1487900631.65

DEBUG:root:Extracted signature:bitarray('11000111011111101000111011110000011111111100010011101110000011111110001111111111010101111100111111101111111011111101111101000100010011110001111111001010001111111000100111011011001011011100100101001100000101010011111010001111100000111100001111100111010110011100100010010000')
DEBUG:root:Matched frame over all scan:1218

DEBUG:root:Errors over all scan:29

DEBUG:root:Result:replica detected
DEBUG:root:Under real time Point counter:0.210791110992

DEBUG:root:Extracted signature:bitarray('11000111111111101000110011100100011111111000001111111100001011111110001111011100010101111100111111101111111001111101111101000100000001110000111111000010001101111000100111011011001011001100100101001110000101010011111010001111100000001100001011000111010110011100100010010000')
DEBUG:root:Matched frame over all scan:1218

DEBUG:root:Errors over all scan:41

DEBUG:root:Result:replica detected
DEBUG:root:Real time1487900632.06

DEBUG:root:Extracted signature:bitarray('11000111011111101000110111110000011101111100000111111110001111111110001111011111010111111100111111101011111001111101111101100000000001110000111111001010001100111100100111001011001011011100100101001110000101010110111010001111100000101100000111000111010111011100100010010000')
DEBUG:root:Matched frame over all scan:1218

DEBUG:root:Errors over all scan:37

DEBUG:root:Result:replica detected
DEBUG:root:Real time1487900632.26

DEBUG:root:Extracted signature:bitarray('11000111011110101001111001110000001110011100010011111110001011111110001111111111010111111100011101101111110011111101111101000000010011110001111111001001001101111100100111000011001011011000000101011100011101011011111010001111100000111100001110100111010110011100100010010000')
DEBUG:root:Matched frame over all scan:1218

DEBUG:root:Errors over all scan:19

DEBUG:root:Result:replica detected
DEBUG:root:Real time1487900632.46

DEBUG:root:Extracted signature:bitarray('11000110011111111001110001110000110111011100011011101100001011100000010111000010110000001110000001111000011100111101111101100100010011110001111110101010011100100110100111001000111011001100001111001100001111000000111110000111110000001110010010101000011000010000100010010000')
DEBUG:root:Matched frame over all scan:1220

DEBUG:root:Errors over all scan:55

DEBUG:root:Result:replica detected
DEBUG:root:Real time1487900632.66

DEBUG:root:Extracted signature:bitarray('10000110011111001000111001110000001110011100010111101111100011100001001111010000111001000011000001110000111100111101100001100111111111110001111111101100011101101110100111010001101011011000011101011100011101110000101110000110110000011111000010100001011000011000110011010000')
DEBUG:root:Matched frame over all scan:1221

DEBUG:root:Errors over all scan:17

DEBUG:root:Result:replica detected
DEBUG:root:Real time1487900632.86

DEBUG:root:Extracted signature:bitarray('10000110011111001000111011110000001111111110010111011111100011101001101111010000011101000011001000010000001101000011000010011001101111110001111111001100011100101110100111000001101011111000111101011000011101110000111010000000110000011010000010100001011000010000110011001000')
DEBUG:root:Matched frame over all scan:1222

DEBUG:root:Errors over all scan:38

DEBUG:root:Result:replica detected
DEBUG:root:Real time1487900633.06

DEBUG:root:Extracted signature:bitarray('11110111011111001011111100111001111111001100010111111110000011111100001111100001111000001110000001110000011100001100110011100111010010010001101111001010011101111110000111000001100011011000111001011100001010011110000100001101010000111011001110110111011110011100110011011000')
DEBUG:root:Matched frame over all scan:1223

DEBUG:root:Errors over all scan:61

DEBUG:root:Result:replica detected
DEBUG:root:Real time1487900633.26

DEBUG:root:Extracted signature:bitarray('10010011011011010010011110010001100101100100110011011100010011101100010000011000100001100010001100010001100100111010011010110111111011110001111111001100011101101110000111000001100011011000111010011000101010011011100100001100010000110010001110110111010110010100101010011000')
DEBUG:root:Matched frame over all scan:1224

DEBUG:root:Errors over all scan:66

DEBUG:root:Result:replica detected
DEBUG:root:Real time1487900633.47

DEBUG:root:Extracted signature:bitarray('10000111110111011001111110110000111101100000011111110000011011110000010111100111100001111100011111100111111011111001111101111011111111010000111111101100001101101110000111000001110011111000111001011100011001011000100110001100010000111110000111100011010110010100111001101000')
DEBUG:root:Matched frame over all scan:1225

DEBUG:root:Errors over all scan:48

DEBUG:root:Result:replica detected
DEBUG:root:Under real time Point counter:0.202629804611

DEBUG:root:Extracted signature:bitarray('10000111111010011000111110010001001110100100010111011000000011100000011111100011100011101100001111100011110001111001111001111011101100010001111111001000011101101110000111000001100010011000111101011100101101011011001010001101110000111110001111100110110110110101011001001000')
DEBUG:root:Matched frame over all scan:1226

DEBUG:root:Errors over all scan:34

DEBUG:root:Result:replica detected
DEBUG:root:Real time1487900633.87

DEBUG:root:Extracted signature:bitarray('11001111111100011001111111000000111110110000011111011000010011110000010111100011110000001110001111100011111001110001110001111011101101110001111111001010011101111100000111000001100010011000111001011100011001011110000110001100110000101110000110100110010110011100111001001000')
DEBUG:root:Matched frame over all scan:1226

DEBUG:root:Errors over all scan:30

DEBUG:root:Result:replica detected
DEBUG:root:Real time1487900634.07

DEBUG:root:Extracted signature:bitarray('10000111011110011010111101110001101111011000010111100000010011100000010111100000110011101110001111100001110001111001110001110011101101010001111011101000011111101110000111000000110011011000111001011000111001011001100010001100110000101110000111100011010110010100101011001000')
DEBUG:root:Matched frame over all scan:1228

DEBUG:root:Errors over all scan:32

DEBUG:root:Result:replica detected
DEBUG:root:Under real time Point counter:0.237239837646

DEBUG:root:Extracted signature:bitarray('11000111011111001000011111110000110111011000010011100000010011100000010111000000110001100110011101100111111011111101110011000100101101110001111111001010011101111000100111000001101010011000110011011100010001011111000110001100110000101110000111100110010110010000100011001000')
DEBUG:root:Matched frame over all scan:1228

DEBUG:root:Errors over all scan:50

DEBUG:root:Result:replica detected
DEBUG:root:Under real time Point counter:0.226462125778

DEBUG:root:Extracted signature:bitarray('11000111111100101001111111000101111111111000010011011100010011100000010111000000111100000010000000010000100100000010010011101111101111110001111111001100011101111100100111000001101010011000111001011110110011011110000110001100011000100011000100100010010110011000100010011000')
DEBUG:root:Matched frame over all scan:1232

DEBUG:root:Errors over all scan:23

DEBUG:root:Result:replica detected
DEBUG:root:Real time1487900634.73

DEBUG:root:Extracted signature:bitarray('11000111111100101001111111000001111111111000010011001100010011100000010111100000111100000011100000010000000100000010000011001100110111110001111111001010011101111000100111000011101010011000110001011110110001011110000110001100010000001010000000100100010100011000101010011000')
DEBUG:root:Matched frame over all scan:1232

DEBUG:root:Errors over all scan:18

DEBUG:root:Result:replica detected
DEBUG:root:Under real time Point counter:0.235695123672

DEBUG:root:Extracted signature:bitarray('10000111111101101000111111100000011101111000010111011100010011100000010111100000111000000010001100010000100100000010100011100111101101010001111111101100001101101100100111000001101011011000111001011100111011011111000110001100010000100010000110100010010010011100100010010000')
DEBUG:root:Matched frame over all scan:1234

DEBUG:root:Errors over all scan:17

DEBUG:root:Result:replica detected
DEBUG:root:Under real time Point counter:0.237866163254

DEBUG:root:Extracted signature:bitarray('11000111111100101000111111100101101111111000010011111100010011100000010111100000111100000010000000010000100100100010110011100111101101010001111111001100011101101100101111000011101010011001110101011101010001011110000110001100010000100010000100100010010110011000100010010000')
DEBUG:root:Matched frame over all scan:1233

DEBUG:root:Errors over all scan:10

DEBUG:root:Result:replica detected
DEBUG:root:Real time1487900635.41

DEBUG:root:Extracted signature:bitarray('11000111011100011001111111100001111110111000010011001110010011000000010111000000111000000010000000010000100100000010100011100110101111110001111111001100011101101100100111001001101010011000110001011110010011011110000110001100010000100010000100100010010100011000100010010000')
DEBUG:root:Matched frame over all scan:1232

DEBUG:root:Errors over all scan:23

DEBUG:root:Result:replica detected
DEBUG:root:Real time1487900635.61

DEBUG:root:Extracted signature:bitarray('11000111011110001001111011100000111110111000010111001110010011000000010111000000111000000010000000010000000100000010000011001110010011110001111111100101001111111100100111001001101011011100110011001110010011011110000110011100010001100010000000100000010110011100100010010000')
DEBUG:root:Matched frame over all scan:1232

DEBUG:root:Errors over all scan:40

DEBUG:root:Result:replica detected
DEBUG:root:Real time1487900635.81

DEBUG:root:Extracted signature:bitarray('11100000111110011110000111110011100000111000110000001100010000000110010000001111100000001110000000110000000101000010000110011011101111100110001111100010110000111110100110000111101001110001110111110001110111000001101110000001111000000111000000110000011000011001010101101000')
DEBUG:root:Matched frame over all scan:1237

DEBUG:root:Errors over all scan:55

DEBUG:root:Result:replica detected
DEBUG:root:Real time1487900636.01

DEBUG:root:Extracted signature:bitarray('10000000111000110000000111001110000000110111100000011111111100001111111100001111110000111110000011110000011100000010000010000111011011100111000011000110011000011000100111000110101001110001110101110000110101100001101110000010111000001111000001110000011000011000110101101000')
DEBUG:root:Matched frame over all scan:1238

DEBUG:root:Errors over all scan:16

DEBUG:root:Result:replica detected
DEBUG:root:Under real time Point counter:0.226871967316

DEBUG:root:Extracted signature:bitarray('11100000111110011110000111110011100000111000110000001100010000000110010000001111100000001110000000110000000101000010000110111011101111101110001111100010110001111110110100001111101101110001110110110001110111000001111110000001101000000011000000110000011000011001011101101000')
DEBUG:root:Matched frame over all scan:1237

DEBUG:root:Errors over all scan:65

DEBUG:root:Result:replica detected
DEBUG:root:Real time1487900636.44

DEBUG:root:Extracted signature:bitarray('00000000000000000000000000000000000000000000000000000000000000000000000000000000000000000000000000000000000000000000000000000000000000000000000000000000000000000000000000000000000000000000000000000000000000000000000000000000000000000000000000000000000000000000000000000000')
DEBUG:root:Matched frame over all scan:157

DEBUG:root:Errors over all scan:0

DEBUG:root:Result:replica detected
DEBUG:root:Real time1487900636.64

DEBUG:root:Extracted signature:bitarray('11100000010000111110000011000111100000100011110000000001110000000001110110000011111001001111101000111011000100110000111001111011101111101110001100101110110000110111110110011101111101001100011100111000111101110010001001111000101111000101000001110111100111100111001100101000')
DEBUG:root:Matched frame over all scan:1241

DEBUG:root:Errors over all scan:48

DEBUG:root:Result:replica detected
DEBUG:root:Real time1487900636.84

DEBUG:root:Extracted signature:bitarray('00000000000000000000000000000000000000000000000000000000000000000000000000000000000000000000000000000000000000000000000000000000000000000000000000000000000000000000000000000000000000000000000000000000000000000000000000000000000000000000000000000000000000000000000000000000')
DEBUG:root:Matched frame over all scan:157

DEBUG:root:Errors over all scan:0

DEBUG:root:Result:replica detected
DEBUG:root:Real time1487900637.04

DEBUG:root:Extracted signature:bitarray('11111111100001001111111000001101101110000011001111110001100011111000000111110000011110000001110000011100010100011100011001110110011111101111111000011000111111000001000111110000110011110000011001100000110011000000000110000000011000000011000010110001011001011001000100101000')
DEBUG:root:Matched frame over all scan:1243

DEBUG:root:Errors over all scan:59

DEBUG:root:Result:replica detected
DEBUG:root:Real time1487900637.24

DEBUG:root:Extracted signature:bitarray('11111111100000101111110000000101111100100000101110110000001111110000001111100000101110000011100000011111000011100001111100111011100011111111111110001000111101111000000111111110001001111111000000111110000001111000000111000000011000100011001001010000101000101001010100101000')
DEBUG:root:Matched frame over all scan:1243

DEBUG:root:Errors over all scan:60

DEBUG:root:Result:replica detected
DEBUG:root:Real time1487900637.44

DEBUG:root:Extracted signature:bitarray('11111110111111001111110011110001111101111001011111110000100111110000001111110000011111000011111000011110000011110001111001111000010011111111011111111000111100111111000111111111000001111111001000111110011001111001110111001010011001000011010110001111100111101001000100101000')
DEBUG:root:Matched frame over all scan:1245

DEBUG:root:Errors over all scan:70

DEBUG:root:Result:tau3_fail
DEBUG:root:Real time1487900637.64

DEBUG:root:Extracted signature:bitarray('11111111111110001111111111111101101110111111001110001111101110001111100110011111011011100001111100011110000100001100111101011001101111110111011111111101110011111111101001110010011001111001011101111001111101010011111011001100011001100011010000100001110001110011001101101000')
DEBUG:root:Matched frame over all scan:1246

DEBUG:root:Errors over all scan:42

DEBUG:root:Result:replica detected
DEBUG:root:Real time1487900637.84

DEBUG:root:Extracted signature:bitarray('11111111111011101111111111111101111111111011011111011101101111011100000111111000011111000011111000110110011000011101111101011101101111110011111011111100011111001111100111110011011011111001101001011001100010110111000101111000011100000011000010100001010101110011001100101000')
DEBUG:root:Matched frame over all scan:1247

DEBUG:root:Errors over all scan:20

DEBUG:root:Result:replica detected
DEBUG:root:Real time1487900638.04

DEBUG:root:Extracted signature:bitarray('11111111010000001111110010011101111001100011001111110001101111110001101111100011011111000011110000011100000100000010000011001111111111111100110001111011100100011111011000001110010110001110001011011100001010111000000111110000011110000011000000100000111000111001110101101000')
DEBUG:root:Matched frame over all scan:1249

DEBUG:root:Errors over all scan:67

DEBUG:root:Result:tau3_fail
DEBUG:root:Real time1487900638.24

DEBUG:root:Extracted signature:bitarray('11111110111000001111110010010001111100000100111110000001011111100000111111110001111111000111110000011100000100000010000010001100000000111111100011110010111100111100000111001111000101111110001010111100001010111000000111110000011100000011000000100000110000110011001110010000')
DEBUG:root:Matched frame over all scan:1249

DEBUG:root:Errors over all scan:37

DEBUG:root:Result:replica detected
DEBUG:root:Real time1487900638.44

DEBUG:root:Extracted signature:bitarray('11111111111000001111011110000101111110100001011111000000101111000000111100000001110010001110010000010101100100110001110001111000100000011001111111111010111001111101000111111110010001111110001010111111000010111110000111111000011100000011000001100000110001100111001100010000')
DEBUG:root:Matched frame over all scan:1250

DEBUG:root:Errors over all scan:28

DEBUG:root:Result:replica detected
DEBUG:root:Real time1487900638.64

DEBUG:root:Extracted signature:bitarray('11000111100001011000011000111010000100001110100010000111010110000111001100001110111000011111000001110100001111000011000010000100010011111111100000111011011100001111011111000011110011100001111001100001111011000011110110001111001001111000011110001111001101001011001100101000')
DEBUG:root:Matched frame over all scan:1251

DEBUG:root:Errors over all scan:16

DEBUG:root:Result:replica detected
DEBUG:root:Real time1487900638.85

DEBUG:root:Extracted signature:bitarray('11000111100000011000110000111010000100001110100010000111110111000111011110000110111000001011000001010000000111000011100010000100010000011111100000111010011100000111011111000011110111100001111011100000111011000001111110000111111000011110011110101110011100011000110100101000')
DEBUG:root:Matched frame over all scan:1252

DEBUG:root:Errors over all scan:22

DEBUG:root:Result:replica detected
DEBUG:root:Real time1487900639.05

DEBUG:root:Extracted signature:bitarray('11000111100100011000011100011010000110000110100011000011110011000011110110000011111100000111000000010000000111100011100010000111000000011111100001111010011100001111011111000011110111100000111011000000111011000001111110000111110000011110011110101110011110011000011100101000')
DEBUG:root:Matched frame over all scan:1253

DEBUG:root:Errors over all scan:34

DEBUG:root:Result:replica detected
DEBUG:root:Real time1487900639.25

DEBUG:root:Extracted signature:bitarray('11000011100000011000111000011010001100001110100011000111010011000011111110000101111000110011000000010000000110000011100011000100010000011111100000111010011100001111011111000011110111100001111011100000111011000001111110000111111000101110001110100111010110011100110101001000')
DEBUG:root:Matched frame over all scan:1253

DEBUG:root:Errors over all scan:31

DEBUG:root:Result:replica detected
DEBUG:root:Real time1487900639.45

DEBUG:root:Extracted signature:bitarray('11000111000000011000110000011010000100000111100010000011110010000111110110001111111000111111000010010000000110000011000010000100010000001111110000111010111110000111010011000000110111100000011011100000011111000001111010000111101000110100111001011100111100010000110000101000')
DEBUG:root:Matched frame over all scan:1255

DEBUG:root:Errors over all scan:33

DEBUG:root:Result:replica detected
DEBUG:root:Real time1487900639.65

DEBUG:root:Extracted signature:bitarray('11000011100110011000111000110011001100001100100110000110010111000111001110001111111000001111000001110000001100000011000010000100010000001111100001111010100100001111010111000011110111100000111011100000111011000001111110000011111000011110011101001100111000110000110000001000')
DEBUG:root:Matched frame over all scan:1256

DEBUG:root:Errors over all scan:39

DEBUG:root:Result:replica detected
DEBUG:root:Real time1487900639.85

DEBUG:root:Extracted signature:bitarray('11000011100000011000011100110010000011001100100011000111010010000111110110001111111000011011000000110000001100000010000011000100010010001101100001111010001100001111010110000011100111000001111011000000111101000001111000000011100001110110011001111000111000111001100100101000')
DEBUG:root:Matched frame over all scan:1257

DEBUG:root:Errors over all scan:38

DEBUG:root:Result:replica detected
DEBUG:root:Real time1487900640.05

DEBUG:root:Extracted signature:bitarray('11000110000000111000110000011110001100000110100110000011110110000001111110001011110000111111000010010000000111000011000010000100100000001111110000111010101110000111011011100000110111100000001011100001001111000011011110001101110001110110011100101100011100011001010100101000')
DEBUG:root:Matched frame over all scan:1252

DEBUG:root:Errors over all scan:49

DEBUG:root:Result:replica detected
DEBUG:root:Real time1487900640.25

DEBUG:root:Extracted signature:bitarray('11010000000001111010000000100010100000001100110000000111110001000111110000000111100000011110000001110000011111001111000110000100010011111100000111110111100000011110111000000011001110000000100101000000100101000000001010000000101000000101001110010111001101101001010100101000')
DEBUG:root:Matched frame over all scan:1266

DEBUG:root:Errors over all scan:54

DEBUG:root:Result:replica detected
DEBUG:root:Real time1487900640.45

DEBUG:root:Extracted signature:bitarray('10010000000110010110000000110011000010001001100011000000010011000000010110000000111001100010001100010011000101110001111101111011100000011110000000100111100000000100111000000000001010000000000101110000000101100000001010000000111000000011000000110110001111000111001100100000')
DEBUG:root:Matched frame over all scan:1260

DEBUG:root:Errors over all scan:45

DEBUG:root:Result:replica detected
DEBUG:root:Real time1487900640.65

DEBUG:root:Extracted signature:bitarray('11011000000110011001000000110010000001001000100000001000010000000000010000000011100011000010001000010010000101100111100011100100010000011110000011100111110000001100111000000000001110000000000111000000000101000000001010000000101000000011010000111110000111000110001100100000')
DEBUG:root:Matched frame over all scan:1260

DEBUG:root:Errors over all scan:20

DEBUG:root:Result:replica detected
DEBUG:root:Real time1487900640.85

DEBUG:root:Extracted signature:bitarray('10001000000110010000000000100011000001010000100000000000010000000000010000000001100011000010001000010011000101100011110011110111100000011110000001100111110000001000111000000000001110000000000111000000000111000000001010000000111000000011000000110110010111000110001100100000')
DEBUG:root:Matched frame over all scan:1260

DEBUG:root:Errors over all scan:29

DEBUG:root:Result:replica detected
DEBUG:root:Real time1487900641.05

DEBUG:root:Extracted signature:bitarray('11001000000110011001000000100010000001101000110000110000010000010000010000110000100011000010111000011010000101100011100011100101000000011110000000000011100000000000011000000000001110000000000111000000000111000000001010000000101000000011000000111110011110000110001100100000')
DEBUG:root:Matched frame over all scan:1262

DEBUG:root:Errors over all scan:32

DEBUG:root:Result:replica detected
DEBUG:root:Under real time Point counter:0.214728832245

DEBUG:root:Extracted signature:bitarray('11010000000110011010000000110011100001001100100000101110010000000111010000011111001111110001111010011111100011111001111101111011100000011100000011110111100000011100111000000010001110000000000111000000000101000000001010000000101000000001110000010111001011100111001101100000')
DEBUG:root:Matched frame over all scan:1263

DEBUG:root:Errors over all scan:42

DEBUG:root:Result:replica detected
DEBUG:root:Under real time Point counter:0.201422929764

DEBUG:root:Extracted signature:bitarray('11001000000000011000000010000010000000000000100000000000010000000000010000000001100011000010111000011111110000111100111101111011100000011110000001000111110000000000111000000000001110000000000111000000000111000000001010000000101000000101000001010100101110100111001100101000')
DEBUG:root:Matched frame over all scan:1265

DEBUG:root:Errors over all scan:23

DEBUG:root:Result:replica detected
DEBUG:root:Real time1487900641.67

DEBUG:root:Extracted signature:bitarray('11010000000110011010000000110011100001001000100000101100010000000000010000010011100011011001111000010110001011100001100011000100010000011110000011100111110000001100111000000000001110000000000111000000000101000000001010000000101000000101010000011110001111000111001100100000')
DEBUG:root:Matched frame over all scan:1261

DEBUG:root:Errors over all scan:25

DEBUG:root:Result:replica detected
DEBUG:root:Real time1487900641.87

DEBUG:root:Extracted signature:bitarray('10011000000010010010000000100011000000000001100010000000010010000000010110000001011011100001001100010011100101110001111101111011100000011110000000000111110000000000111000000000001010000000000101000000000101000000001010000000101000000111000000110000001111000111001100101000')
DEBUG:root:Matched frame over all scan:1267

DEBUG:root:Errors over all scan:36

DEBUG:root:Result:replica detected
DEBUG:root:Real time1487900642.07

DEBUG:root:Extracted signature:bitarray('11000110000111011000110110111010001001111000100111111100000111111100101111100011011110001101100001110000011100001101101101011001101101111111000110110011111000100110011100001001000110000100110011000000000011000000011110000001010000011010000010100000010000010000101001101000')
DEBUG:root:Matched frame over all scan:1268

DEBUG:root:Errors over all scan:29

DEBUG:root:Result:replica detected
DEBUG:root:Real time1487900642.27

DEBUG:root:Extracted signature:bitarray('11001110000001011000110011000010000101110001100011111000100111111001101111100111011110001101100001110000011100001111111101111001101101111111000110000011111000110000011100001100010110000100001011000000001001000000110010000011010100011010000010100000010000010010101001101000')
DEBUG:root:Matched frame over all scan:1269

DEBUG:root:Errors over all scan:9

DEBUG:root:Result:replica detected
DEBUG:root:Real time1487900642.47

DEBUG:root:Extracted signature:bitarray('11000100000111011000000110110010000001111100100011111100000111111100001111100111011110011101100001110000011100001111101111111001101101111111000100110011110000100110011100001001100110000100110011000000100001000000001110000001010000011010000010100000010000010000101001101000')
DEBUG:root:Matched frame over all scan:1268

DEBUG:root:Errors over all scan:26

DEBUG:root:Result:replica detected
DEBUG:root:Real time1487900642.67

DEBUG:root:Extracted signature:bitarray('11000001110011111000001111011111000001111111100011111110000011111110001111110111011111011101110001111000000100000110111101111011101101111110001100111011110000100111011100001001110110000100111011000000111001000010110010000111010000011010000100100000010000010110101001101000')
DEBUG:root:Matched frame over all scan:1275

DEBUG:root:Errors over all scan:27

DEBUG:root:Result:replica detected
DEBUG:root:Under real time Point counter:0.239861011505

DEBUG:root:Extracted signature:bitarray('11001100000111111000110000111110000101111111000011111100000111111110001111101111011110011101110000011000011100001111001111001101101100011111000100111011110000100111011100001001100110000100111011000000111001000000110110000011010000111010000010100001010000010000101001101000')
DEBUG:root:Matched frame over all scan:1272

DEBUG:root:Errors over all scan:8

DEBUG:root:Result:replica detected
DEBUG:root:Real time1487900643.11

DEBUG:root:Extracted signature:bitarray('11000110000111011000100000111010000001111100100011111100000111111100001111100000011110000011100000011000010100001111001111011011101101011111000100111011110000100111011100001001100110000100110011000000110011000000000110000000010000110010000000100000010000010000111001101000')
DEBUG:root:Matched frame over all scan:1268

DEBUG:root:Errors over all scan:22

DEBUG:root:Result:replica detected
DEBUG:root:Real time1487900643.31

DEBUG:root:Extracted signature:bitarray('11001110000000011000110011000010000001110001100011111001100111111001101111100111011110001101100001110000011100001111101111111011101101111111000111000011110000111000011100001000000110000100001011000000001001000000110110000011010000111010000010100000010000010010111001101000')
DEBUG:root:Matched frame over all scan:1274

DEBUG:root:Errors over all scan:11

DEBUG:root:Result:replica detected
DEBUG:root:Real time1487900643.52

DEBUG:root:Extracted signature:bitarray('11000100000111111000000110111110000011111111000011111100100111111100101111100111011110011001100010010000011100001111101111111011101101111111000100111011111000100111011100001001110110000100111011000000111001000000010110000011010000011010000010100000010000010000111001101000')
DEBUG:root:Matched frame over all scan:1270

DEBUG:root:Errors over all scan:16

DEBUG:root:Result:replica detected
DEBUG:root:Real time1487900643.72

DEBUG:root:Extracted signature:bitarray('11110010000010011000001101110010000010111000100001111100010001111100010001111000000111100000011110000111100011110001111001110110010000010000001111110011000001111110101000011111101010001111110101000111100101001111001000011100100000110100101101011110101110001110111011000000')
DEBUG:root:Matched frame over all scan:1276

DEBUG:root:Errors over all scan:44

DEBUG:root:Result:replica detected
DEBUG:root:Real time1487900643.92

DEBUG:root:Extracted signature:bitarray('11110000001111011000000011100010000011111001100001101111100001101111000011101110000111111000010011000110111011111101111001110110010000011011001111110111001001101110001000011011111010000111110101000111111101001111111010000111100000011100100111011111001111001110011011010000')
DEBUG:root:Matched frame over all scan:2982

DEBUG:root:Errors over all scan:76

DEBUG:root:Result:tau3_fail
DEBUG:root:Real time1487900644.12

DEBUG:root:Extracted signature:bitarray('11100000011100111000110001100011000100011000110010001110010000001110010110001100001100011001111011101111111000111101111101100110010010111111110111110101110100111110101100001111101010000011110101000011110101000011111011100011101110011101100111010111101111000110001111010000')
DEBUG:root:Matched frame over all scan:1278

DEBUG:root:Errors over all scan:27

DEBUG:root:Result:replica detected
DEBUG:root:Real time1487900644.32

DEBUG:root:Extracted signature:bitarray('11100111001100011100011001100011100000010000110000001110010000000110010000001111101100011101110011100100111011111101111101111010010010001111111011110101111110011110101111100111101011110011110101110001110101110001111011100011101100011101001111001111100111101111011011001000')
DEBUG:root:Matched frame over all scan:1279

DEBUG:root:Errors over all scan:22

DEBUG:root:Result:replica detected
DEBUG:root:Real time1487900644.52

DEBUG:root:Extracted signature:bitarray('11000011110000011000011111000010000111110001101111001000101111101100101001111100000011111000001111100011111010011100011100110000000011110001111110100011001011111000011010011110000110111111000011111111111011101111110110011111000001111000011111001111100011100011001100010000')
DEBUG:root:Matched frame over all scan:1281

DEBUG:root:Errors over all scan:40

DEBUG:root:Result:replica detected
DEBUG:root:Real time1487900644.72

DEBUG:root:Extracted signature:bitarray('11100111110100011100111100000010001111000000101111100000001111100001101111011100000111111000111111101111111011011100011100111000010011110011111110000011001101110000011011111110000111111111000011111111101011111011110100111111000011111000111111001111100011100111101110010000')
DEBUG:root:Matched frame over all scan:1280

DEBUG:root:Errors over all scan:19

DEBUG:root:Result:replica detected
DEBUG:root:Under real time Point counter:0.243106842041

DEBUG:root:Extracted signature:bitarray('11000011110100111000011101100110000111011000100111111100001111001100101000011111000011111101101111100011111011011101001110001000101101011000011100100011000001100000011000011110000110101111001011100011101011000011010110001111001000111100011111001111100000110001001101010000')
DEBUG:root:Matched frame over all scan:1282

DEBUG:root:Errors over all scan:44

DEBUG:root:Result:replica detected
DEBUG:root:Real time1487900645.16

DEBUG:root:Extracted signature:bitarray('11000011100000111000011100000110000111010000100111110000000111100000101111001100011111110000001111100011111010011010011010011001101111110000011100100011000001101100011000111011000110111001100011111110011011011100010111010000010011100100110001010000101010101001010101010000')
DEBUG:root:Matched frame over all scan:1287

DEBUG:root:Errors over all scan:74

DEBUG:root:Result:tau3_fail
DEBUG:root:Real time1487900645.36

DEBUG:root:Extracted signature:bitarray('11000011100000111000011100000110000110000000100111000000011111000000011110000000111001100111001101100011011001100101111101100110010011110000011100000111000001100000111000111000001100111000100011110000000011000100010110010000111011000100110011001101101101001100110011010000')
DEBUG:root:Matched frame over all scan:1285

DEBUG:root:Errors over all scan:16

DEBUG:root:Result:replica detected
DEBUG:root:Real time1487900645.56

DEBUG:root:Extracted signature:bitarray('11000011100000111000011100000110000111000000100111000000011111000000011110000000111001100011001100110011001001101101111101110100010111110000011100000111000001100000111000111010001100111000100011110100000011000100010110010000110011000100110001001101101101001100111011010000')
DEBUG:root:Matched frame over all scan:1285

DEBUG:root:Errors over all scan:24

DEBUG:root:Result:replica detected
DEBUG:root:Real time1487900645.76

DEBUG:root:Extracted signature:bitarray('11001111100000111000111101000010001110010000101111001000011111100000011111000000111000100101010111101101111010011110110101101010010010110000111000001111000011000000111001110010001101111001000111101100001011001000010110000001110011001100110011001011101001001000010011010000')
DEBUG:root:Matched frame over all scan:1285

DEBUG:root:Errors over all scan:50

DEBUG:root:Result:replica detected
DEBUG:root:Under real time Point counter:0.20899105072

DEBUG:root:Extracted signature:bitarray('11001111100100011000011100000010000111000000100111110000001111110000011111000000111101000111101101101011011000111100111101111001101111111111001100000111110001100000111000111000001100111000000101111000011111110000011111000001111000001110000011101001101011001110010011010000')
DEBUG:root:Matched frame over all scan:1287

DEBUG:root:Errors over all scan:56

DEBUG:root:Result:tau3_fail
DEBUG:root:Real time1487900646.17

DEBUG:root:Extracted signature:bitarray('11111100011011101111000110011101110011100111000001110011100001110011100011000111011100011101100011101100111010001110000110001100100100011111111000011101111111000011101111111000111000111100011100111100011101111000111011100011101000011101000011010001111000110011001110100000')
DEBUG:root:Matched frame over all scan:1290

DEBUG:root:Errors over all scan:27

DEBUG:root:Result:replica detected
DEBUG:root:Real time1487900646.37

DEBUG:root:Extracted signature:bitarray('11111100011111101111100111111101110011100111000001110011100001110011100111000111011100011101110011101100111010001110001110001100010000011111110000011101111111000011101111111000111000111100011100111100011101110000111011000011101000011101000111110001111001110011001110010000')
DEBUG:root:Matched frame over all scan:1290

DEBUG:root:Errors over all scan:25

DEBUG:root:Result:replica detected
DEBUG:root:Real time1487900646.57

DEBUG:root:Extracted signature:bitarray('11111100111011101111001111011101110011110111000001110011100001110001100111000011011100101101110111101111111011100011100011000100010000011111110000011101111101100011101111111000111000111100011100111110001100111000011011100011101100011101000011110000111000111000100010010000')
DEBUG:root:Matched frame over all scan:1290

DEBUG:root:Errors over all scan:36

DEBUG:root:Result:replica detected
DEBUG:root:Real time1487900646.77

DEBUG:root:Extracted signature:bitarray('11111000111011101011100111011100110011100011000001111001100001111001100111100011001110000001111100001111000111000010000010000100010010111111111100011101001111100011101011111000011001111110001100111110001100111110011010011110101011100101111001111100010100010100100110111000')
DEBUG:root:Matched frame over all scan:1291

DEBUG:root:Errors over all scan:71

DEBUG:root:Result:tau3_fail
