DEBUG:root:Under real time Point counter:2.09808349609e-05

DEBUG:root:Extracted signature:bitarray('11001100000001111001110000001111011100100011001110011001101110011001101010100011001110001101110001111000001110000010000010000100010010011111111000000111111000000000101110110000001010011000000101001100000101011000000011100000001000000101000001010000101000110001000101101000')
DEBUG:root:Matched frame over all scan:884

DEBUG:root:Errors over all scan:79

DEBUG:root:Result:tau3_fail
DEBUG:root:Match or Not:False
DEBUG:root:Real time1487949718.37

DEBUG:root:Extracted signature:bitarray('11001100000001111001110000001111011100000011001111000001101011100001100111000011001100001111100001110000011001111101010010000100101101011111011001000111111000000000101100110000001010011100000101001100000001011000000011000000001000000101000011001111100111100111001101101000')
DEBUG:root:Matched frame over all scan:1768

DEBUG:root:Errors over all scan:87

DEBUG:root:Result:tau3_fail
DEBUG:root:Match or Not:False
DEBUG:root:Real time1487949718.57

DEBUG:root:Extracted signature:bitarray('11001100010001111001110000001110011100000011001111000001101111100001100111000011001100001011110001111000011001001110001110001101101111111110001000000111110001000000101100110000001010011100000101001100000001011000000011100000001000000101000001011001101001100011001101101000')
DEBUG:root:Matched frame over all scan:2621

DEBUG:root:Errors over all scan:80

DEBUG:root:Result:tau3_fail
DEBUG:root:Match or Not:False
DEBUG:root:Real time1487949718.77

DEBUG:root:Extracted signature:bitarray('11001111000011110001111000001100011110100011000111110001101011100001100011000011001100001100110001101100011110000010000010000100011010011111111100000111111011001000101100111110001010011110000101011110000001111000000011000000001000000101010001010001101001100011000101101000')
DEBUG:root:Matched frame over all scan:5

DEBUG:root:Errors over all scan:79

DEBUG:root:Result:tau3_fail
DEBUG:root:Match or Not:False
DEBUG:root:Real time1487949718.97

DEBUG:root:Extracted signature:bitarray('11001101100011111011000110011111110001110011010000111001100100110011101011000011101100000110110001101000111001011101011100000001101111111111001110000111111000111000101100001110001010000111000101000111000101001100000011000000101000000101000011000011100011100111011101101000')
DEBUG:root:Matched frame over all scan:2637

DEBUG:root:Errors over all scan:80

DEBUG:root:Result:tau3_fail
DEBUG:root:Match or Not:False
DEBUG:root:Real time1487949719.17

DEBUG:root:Extracted signature:bitarray('11001110000001111001110000011110011100000111001111100011101111100001100111000000111100001110010001100110011010011110011100011001101111011111000001100111110000001100101100000011001010000001000101001110000001011000001011000000101001000101110011010011100011100111001101101000')
DEBUG:root:Matched frame over all scan:1768

DEBUG:root:Errors over all scan:81

DEBUG:root:Result:tau3_fail
DEBUG:root:Match or Not:False
DEBUG:root:Real time1487949719.37

DEBUG:root:Extracted signature:bitarray('11001110000001111001110000001111111100000011001111100001101111100001101111000011101100001110000001100110111010011100011100011001101110011111011001000111110011000000101100110000001010011000000101011000000101010000001011000000101000000101010011010011100111101111011101101000')
DEBUG:root:Matched frame over all scan:893

DEBUG:root:Errors over all scan:76

DEBUG:root:Result:tau3_fail
DEBUG:root:Match or Not:False
DEBUG:root:Real time1487949719.57

DEBUG:root:Extracted signature:bitarray('11001110000011111001110000011100111100000011001111100011101111100011101111000011101100001110011001101110111010011100011100111001101111011111111100000111111111101000101110111100001010011110000101011100000101011000001010001000101011000101100011010011100011100111011101101000')
DEBUG:root:Matched frame over all scan:903

DEBUG:root:Errors over all scan:78

DEBUG:root:Result:tau3_fail
DEBUG:root:Match or Not:False
DEBUG:root:Real time1487949719.77

DEBUG:root:Extracted signature:bitarray('11001110000011111001110000011101111100000011001111100001101111100000111011000000100000000010000011100111111011111101011100011100111111111111011101000111110011001000101100111000001010011110000001011100000011010000000110000000111000111100011111000111100111100111010101011000')
DEBUG:root:Matched frame over all scan:1433

DEBUG:root:Errors over all scan:84

DEBUG:root:Result:tau3_fail
DEBUG:root:Match or Not:False
DEBUG:root:Under real time Point counter:0.207851171494

DEBUG:root:Extracted signature:bitarray('11001110001011110001110001011100011100010011001111100001101111100001101111000011011110001100110001101100011010011100111101111001101111111111111110000111111111001000101100111110001010011110000101011100000101000110001010110000101110001101000011010011100111100111011101101000')
DEBUG:root:Matched frame over all scan:903

DEBUG:root:Errors over all scan:74

DEBUG:root:Result:tau3_fail
DEBUG:root:Match or Not:False
DEBUG:root:Real time1487949720.18

DEBUG:root:Extracted signature:bitarray('11001110000011111011110000011111111000000011001100110011101100110001101000000111100000011100011011100111011011111101111100011100101111111111011001000111110011001000101100000110001010000011100101000011100101000111001010000111101001101100011001001111100111101011011101011000')
DEBUG:root:Matched frame over all scan:1433

DEBUG:root:Errors over all scan:78

DEBUG:root:Result:tau3_fail
DEBUG:root:Match or Not:False
DEBUG:root:Real time1487949720.38

DEBUG:root:Extracted signature:bitarray('10111110110011101011111110111100111111001100011111100110101111110011101111100110011110011100010001100101111001111101111100111011101000011111001111110001111001111111001111001111100011100011110001111011111001111111100011110110001110110001100100010011011011000110010010010000')
DEBUG:root:Matched frame over all scan:2513

DEBUG:root:Errors over all scan:65

DEBUG:root:Result:replica detected
DEBUG:root:Match or Not:True
DEBUG:root:Real time1487949720.58

DEBUG:root:Extracted signature:bitarray('11111110110011101011111110011100111111001111011111101110001111111111101111100110011110011011000011110000011000111101111101011001101111111111011111111001111011111111001111000111110011101111110001111011110001110111100011010110101010110101001001010100101100101001010101101000')
DEBUG:root:Matched frame over all scan:2752

DEBUG:root:Errors over all scan:59

DEBUG:root:Result:replica detected
DEBUG:root:Match or Not:True
DEBUG:root:Real time1487949720.78

DEBUG:root:Extracted signature:bitarray('10111100110111100011111110111100111111001111011111101111101111000111101111001111011100111101000111100001111000111100111101111011101100000111001111110000111001111111000111100111110011110011111001111111111001111111100011110110001110110001101110010111001110000100110010010000')
DEBUG:root:Matched frame over all scan:872

DEBUG:root:Errors over all scan:52

DEBUG:root:Result:replica detected
DEBUG:root:Match or Not:True
DEBUG:root:Real time1487949720.98

DEBUG:root:Extracted signature:bitarray('11111110110011101111111110011100111111001111011111101110101111111111101111101110011110011001100011110000111000111100111101111011101111111111001111110000111001111111001111000111110011100011110001111011110001110111100011010110001110010101000101010110101110101001010100101000')
DEBUG:root:Matched frame over all scan:2753

DEBUG:root:Errors over all scan:56

DEBUG:root:Result:tau3_fail
DEBUG:root:Match or Not:False
DEBUG:root:Real time1487949721.18

DEBUG:root:Extracted signature:bitarray('11111110110011101111111110111100111111001111011111101111101111000111101110001111011100111101101111100001111010111100111101111011101100000111001111110000111001111111000111000111110001100011111001111111111001110111100011110110001110110001101110010011001110000100110010010000')
DEBUG:root:Matched frame over all scan:872

DEBUG:root:Errors over all scan:54

DEBUG:root:Result:tau3_fail
DEBUG:root:Match or Not:False
DEBUG:root:Real time1487949721.38

DEBUG:root:Extracted signature:bitarray('11111110110111101101111110111100011111001111001111101110001111111110001111101100011110011001110001110000011000111100111100011001101111101101111111110000001111111111000001111111110001111111110000111111110001111111100011111110101110000101100011010101001000101001001101111000')
DEBUG:root:Matched frame over all scan:2464

DEBUG:root:Errors over all scan:64

DEBUG:root:Result:tau3_fail
DEBUG:root:Match or Not:False
DEBUG:root:Real time1487949721.58

DEBUG:root:Extracted signature:bitarray('10111110110011101111111110111100111111001001011111101100101111101111101110001111011100110101100110010000000100111100111100111011111000001111001111110000111000111111000111000111110011110011111001111111110001111111100011110110001110110011101100110000001000000100010010010000')
DEBUG:root:Matched frame over all scan:872

DEBUG:root:Errors over all scan:69

DEBUG:root:Result:tau3_fail
DEBUG:root:Match or Not:False
DEBUG:root:Real time1487949721.78

DEBUG:root:Extracted signature:bitarray('10111110110011101111111110111100111111001111011111100101101111100101101111001111011100111101100111100001111000111100111101111011101100010111001111110000111000111111000111001111110011100011111001111111111001111111100011110110001110110001101110010111001110000100110010010000')
DEBUG:root:Matched frame over all scan:872

DEBUG:root:Errors over all scan:52

DEBUG:root:Result:replica detected
DEBUG:root:Match or Not:True
DEBUG:root:Real time1487949721.98

DEBUG:root:Extracted signature:bitarray('11111110110011101011111110011100111111001111011111101110001111101110001111001100011100010011000011010000110100011000110001100000101111101111001111110000111000111111000111000111110011110011110001111111110001111111100011110110001110110001100101010010001110101001010100101000')
DEBUG:root:Matched frame over all scan:2754

DEBUG:root:Errors over all scan:70

DEBUG:root:Result:replica detected
DEBUG:root:Match or Not:True
DEBUG:root:Real time1487949722.19

DEBUG:root:Extracted signature:bitarray('10011111110111100011111110111101111111011111011111101111101111100111101111000100011100011011100001101000011100011100111101111011101100000111001111110000111001111111000111000111110001110011111001111111111001110111110011010111001110111001101110010011001011010100110010010000')
DEBUG:root:Matched frame over all scan:872

DEBUG:root:Errors over all scan:61

DEBUG:root:Result:tau3_fail
DEBUG:root:Match or Not:False
DEBUG:root:Real time1487949722.39

DEBUG:root:Extracted signature:bitarray('10011111111111100011111111111101111111011111011111100111001111110111001111100100011100010011100001111100011100000100001100011011101000000111001111111000111001111111000111000111100001110011111001111111111001110111100011010110001110110001100100010010011001010110010010010000')
DEBUG:root:Matched frame over all scan:2785

DEBUG:root:Errors over all scan:73

DEBUG:root:Result:tau3_fail
DEBUG:root:Match or Not:False
DEBUG:root:Real time1487949722.59

DEBUG:root:Extracted signature:bitarray('10011101111111100011111111111100111111011111011111101111001111111010001111100100011100010011100011110000011100010000110001001001101111101111001111111000111001111111000111000111110011100011111001111011110001110111100011011110001010010001001100010110001100101001010101101000')
DEBUG:root:Matched frame over all scan:2773

DEBUG:root:Errors over all scan:73

DEBUG:root:Result:tau3_fail
DEBUG:root:Match or Not:False
DEBUG:root:Real time1487949722.79

DEBUG:root:Extracted signature:bitarray('10011110111111100011111111111100111111011111010111100111101001110010001011100000111110000011000010010000100100000010010101111011101101111111001111111000111001111111000111001111101011100011110001111011110001110111100111110110011110110011001100110110011100011000100010101000')
DEBUG:root:Matched frame over all scan:2768

DEBUG:root:Errors over all scan:72

DEBUG:root:Result:tau3_fail
DEBUG:root:Match or Not:False
DEBUG:root:Real time1487949722.99

DEBUG:root:Extracted signature:bitarray('10011101110111100011111110011100111111011111010111100111000011110010001111100000011110010010000011110000111010011100011100111011101111100111001111111000011001111111000111100111110001111011111001111110111001110110110010011011001010011001000110010011001001001001001101101000')
DEBUG:root:Matched frame over all scan:750

DEBUG:root:Errors over all scan:74

DEBUG:root:Result:tau3_fail
DEBUG:root:Match or Not:False
DEBUG:root:Real time1487949723.19

DEBUG:root:Extracted signature:bitarray('10011111111111100011111111111100111111011111011111100111100011100110001111000100011100011011100101110001011100110100110001101011101100000111001111110000111001111111000111000111110011110011111001111111111001110111100011010110001110110001101110010111011110010100110010010000')
DEBUG:root:Matched frame over all scan:872

DEBUG:root:Errors over all scan:68

DEBUG:root:Result:tau3_fail
DEBUG:root:Match or Not:False
DEBUG:root:Real time1487949723.39

DEBUG:root:Extracted signature:bitarray('10011111110111100011111110111100111111011111011111100111001011110010001111100100011110011011000011110001001100100110001100111011101000000111001111111000111001111111000111000111100001100011111001111111111001110111100011010110001110110001101100010010011010010100110010010000')
DEBUG:root:Matched frame over all scan:2785

DEBUG:root:Errors over all scan:78

DEBUG:root:Result:tau3_fail
DEBUG:root:Match or Not:False
DEBUG:root:Real time1487949723.59

DEBUG:root:Extracted signature:bitarray('10011110111111100011111110111100111111011111011111101110001001111010001011100100111100010011000001110000001100110000110001100100101111111111001111110001111000111111001111001111110011100011110001111111110001111111100011110110001110010001000100010110001110001001010101101000')
DEBUG:root:Matched frame over all scan:2773

DEBUG:root:Errors over all scan:70

DEBUG:root:Result:replica detected
DEBUG:root:Match or Not:True
DEBUG:root:Real time1487949723.79

DEBUG:root:Extracted signature:bitarray('10011111111111100011111111111100111111011111011111101111101011101111101111000101011100011111000001110001101100110000110001100111101100000111011111110000111001111111000111001111110001100011111001111111111001111111100011110110001110110001101110110111011110010100110010010000')
DEBUG:root:Matched frame over all scan:2519

DEBUG:root:Errors over all scan:65

DEBUG:root:Result:replica detected
DEBUG:root:Match or Not:True
DEBUG:root:Real time1487949723.99

DEBUG:root:Extracted signature:bitarray('10011110111111100011111111111100111111111111011111111111101001111010000011100100111110010011000000110000001100010110110011000100101111111111011111111000111001111111000111001111110011100111111001101111111001110111100011110110011110110011001100110010011000011000100101101000')
DEBUG:root:Matched frame over all scan:2768

DEBUG:root:Errors over all scan:70

DEBUG:root:Result:tau3_fail
DEBUG:root:Match or Not:False
DEBUG:root:Real time1487949724.19

DEBUG:root:Extracted signature:bitarray('10011101110111100011111110111100111111011111011111101111101011111011101111110001011000000111000000110000001100100101101100011010010000000111001111111000111001111111000111000111110001110011111001111111110001110111110011010110001110110011101100110000011000010000110010010000')
DEBUG:root:Matched frame over all scan:2769

DEBUG:root:Errors over all scan:72

DEBUG:root:Result:tau3_fail
DEBUG:root:Match or Not:False
DEBUG:root:Real time1487949724.39

DEBUG:root:Extracted signature:bitarray('10011100110111100011110110111101111111101111010111100111000011100110001111101100011110011010000111100001111000111000011100111011101100010111011111110000111001111111000111001111110011100011111001111011110001110111100011110110001110111001101110110110011110010100110010010000')
DEBUG:root:Matched frame over all scan:2519

DEBUG:root:Errors over all scan:68

DEBUG:root:Result:tau2_fail
DEBUG:root:Match or Not:False
DEBUG:root:Real time1487949724.59

DEBUG:root:Extracted signature:bitarray('10011100110111100111111110111101101111101111000111101110000011111110001111100100111100010011000011110000111100111100111101011001101111111111001111111000111001111111001111000111110011100011110001111011110001110111100011110110101110110101001001010100101100101001010101101000')
DEBUG:root:Matched frame over all scan:918

DEBUG:root:Errors over all scan:63

DEBUG:root:Result:tau3_fail
DEBUG:root:Match or Not:False
DEBUG:root:Real time1487949724.79

DEBUG:root:Extracted signature:bitarray('10011110110011100011111110111101111111111111011111001111001111101110001111101100011110111000010011100101111010111100111100011001101101010111001111110000111001111111100111000111101011100011110101111111110001110111101011010110101110110101101111010011001011000110011010010000')
DEBUG:root:Matched frame over all scan:2472

DEBUG:root:Errors over all scan:64

DEBUG:root:Result:tau3_fail
DEBUG:root:Match or Not:False
DEBUG:root:Real time1487949724.99

DEBUG:root:Extracted signature:bitarray('10011110110011100011111110011101111111111111011110001111001111101110001111101100011100111000010011100101111010111100111100011001101101000111001111110000111001111111100111000111111011100011110101111111111001110111111011010110101110110101100111010011001011000110011010010000')
DEBUG:root:Matched frame over all scan:2489

DEBUG:root:Errors over all scan:66

DEBUG:root:Result:tau3_fail
DEBUG:root:Match or Not:False
DEBUG:root:Real time1487949725.19

DEBUG:root:Extracted signature:bitarray('10111110110011100111111110111101111111111111011111001111001111111110001111101100011110111000000111100101111010111100111100011001101101011111001111110000111001111111101111000111101011100011110101111011110001110111101011010110101110110101101111010111001011000110011010010000')
DEBUG:root:Matched frame over all scan:2513

DEBUG:root:Errors over all scan:59

DEBUG:root:Result:tau3_fail
DEBUG:root:Match or Not:False
DEBUG:root:Real time1487949725.39

DEBUG:root:Extracted signature:bitarray('10011110110011101111111111011101111111111111011111001111001111100111001111101100011110111001000111100001111010011100011100011001101100001111011111111000111001111111100111001111101011100011111101111011111001110111101011010110101110111101100111010011001011000110011010010000')
DEBUG:root:Matched frame over all scan:2489

DEBUG:root:Errors over all scan:61

DEBUG:root:Result:replica detected
DEBUG:root:Match or Not:True
DEBUG:root:Real time1487949725.59

DEBUG:root:Extracted signature:bitarray('10011110110011100011111110011101111111111111011111101111001111110110001111101100011110010000010111100001111000111100111101011001101100011111001111110000111001111111100111001111101011100011110101111011110001110111101011110110101110110101101101010111001111000110010010010000')
DEBUG:root:Matched frame over all scan:2513

DEBUG:root:Errors over all scan:63

DEBUG:root:Result:replica detected
DEBUG:root:Match or Not:True
DEBUG:root:Real time1487949725.8

DEBUG:root:Extracted signature:bitarray('11110001111000001110011111000001111110000000111100011000011100001000111000010001100000000010001011100010111000111101100010000100000000011110000111100101111000110000101110000100001011000011000111100000000111000000000100000000010001111010011110101111010111110111101110110000')
DEBUG:root:Matched frame over all scan:2162

DEBUG:root:Errors over all scan:79

DEBUG:root:Result:tau3_fail
DEBUG:root:Match or Not:False
DEBUG:root:Real time1487949726.0

DEBUG:root:Extracted signature:bitarray('11111111111000101111111110000000111100000001011110001000011110000000111100000001110000000010000000110000111100111101110010000100010000011111100011001101111100000001101111100000001011110000000111110000000111100000001110000000111000000110000010100111010111110111101110101000')
DEBUG:root:Matched frame over all scan:2044

DEBUG:root:Errors over all scan:68

DEBUG:root:Result:replica detected
DEBUG:root:Match or Not:True
DEBUG:root:Real time1487949726.2

DEBUG:root:Extracted signature:bitarray('11100011111111101000011110011101111100100110111100010000011000000000010000000000101100000011100000011000011100000110000010000100010000011110001111100111110000111000101100010000001010000000000011000000000011000000000110000000011000000011000110110001011000010000100011010000')
DEBUG:root:Matched frame over all scan:1660

DEBUG:root:Errors over all scan:76

DEBUG:root:Result:tau3_fail
DEBUG:root:Match or Not:False
DEBUG:root:Real time1487949726.4

DEBUG:root:Extracted signature:bitarray('11000011110011111000111110011010011101100000011100011111111100001111110000010111100001001110001001110000111001111101111001111011110000011110001110001011110000000000011100000110000011000000000011000000000011000000000100000000010001000011111110111111011110011100100010010000')
DEBUG:root:Matched frame over all scan:2163

DEBUG:root:Errors over all scan:90

DEBUG:root:Result:tau1_fail
DEBUG:root:Match or Not:False
DEBUG:root:Real time1487949726.6

DEBUG:root:Extracted signature:bitarray('11000001111100011000011111110010001110001100101110000110011110001111011000011111000001111100011111100110111011111101111101001110011111111100011111100011100011111000011000111110000110010111000011010000000010111100000101111000010111101011111110111111011110010100100010010000')
DEBUG:root:Matched frame over all scan:1633

DEBUG:root:Errors over all scan:85

DEBUG:root:Result:tau3_fail
DEBUG:root:Match or Not:False
DEBUG:root:Real time1487949726.8

DEBUG:root:Extracted signature:bitarray('11000001111000011000011111000010001100100100100110000110001110000111001100001100100001110011001001100010111001111101111101111011111111111110001111000111100100111000011011000100001011100010110001000011110001100111000111100100001100100011000110110000011000011110110010010000')
DEBUG:root:Matched frame over all scan:930

DEBUG:root:Errors over all scan:74

DEBUG:root:Result:tau3_fail
DEBUG:root:Match or Not:False
DEBUG:root:Real time1487949727.0

DEBUG:root:Extracted signature:bitarray('11000001111100011000011111100010001111111000100110001111101110001011101100011111010001111100000111100000111000011100011101111111011111111100110000001011000000110000011110001110001111000110000101000000001001000000000110000000011011000011111000111100011100011100111010010000')
DEBUG:root:Matched frame over all scan:578

DEBUG:root:Errors over all scan:95

DEBUG:root:Result:tau2_fail
DEBUG:root:Match or Not:False
DEBUG:root:Real time1487949727.2

DEBUG:root:Extracted signature:bitarray('11000000111100010000110011100010001110010011100111000011100110001111101100011111010001111100001111100001111000111100111101111011101111111111100000001011111100110000101101111110001110111100000101011100000001101100000111111000011111100011111000111100011110011110111010010000')
DEBUG:root:Matched frame over all scan:932

DEBUG:root:Errors over all scan:78

DEBUG:root:Result:tau3_fail
DEBUG:root:Match or Not:False
DEBUG:root:Real time1487949727.4

DEBUG:root:Extracted signature:bitarray('11000000111100010000110001001110001110000011100111000011100110000111101100011111010001111100001111100001111000111101111101111011101111111111000000000011111100110000101111111100001110110110000101111100000001111100000111111000011111100011111000111110011110011110101010010000')
DEBUG:root:Matched frame over all scan:932

DEBUG:root:Errors over all scan:77

DEBUG:root:Result:tau3_fail
DEBUG:root:Match or Not:False
DEBUG:root:Real time1487949727.6

DEBUG:root:Extracted signature:bitarray('11100111000000111000111000000110001110000011110110000001111100000011111000011000100001100110011110101111111011111101111101111011101100011110000000000011110000010000011100001110000110000111000011000000000011100000000100011000011111100011111000011110001111101111001100101000')
DEBUG:root:Matched frame over all scan:934

DEBUG:root:Errors over all scan:72

DEBUG:root:Result:tau3_fail
DEBUG:root:Match or Not:False
DEBUG:root:Real time1487949727.8

DEBUG:root:Extracted signature:bitarray('11110000111000011110000111000011100001110000110000011000011000000000010000000000100000000010000110011111110011111001111011111100010000011100000100000011100000000001011000001100000111001110000011000000000011000000000100001000011011100011111110111110011111011110101110101000')
DEBUG:root:Matched frame over all scan:1271

DEBUG:root:Errors over all scan:68

DEBUG:root:Result:tau3_fail
DEBUG:root:Match or Not:False
DEBUG:root:Real time1487949728.0

DEBUG:root:Extracted signature:bitarray('11000011111000011000011111000011100011100000111000000000011100000000011000000001100000011110000011111101111011110011100011000100010000011110001000000011100000100001011000011100010110011100001011000000000011100100000100111000011111100011111000111110011111010110101010101000')
DEBUG:root:Matched frame over all scan:1271

DEBUG:root:Errors over all scan:80

DEBUG:root:Result:tau3_fail
DEBUG:root:Match or Not:False
DEBUG:root:Real time1487949728.2

DEBUG:root:Extracted signature:bitarray('11000011110000011000011110000010011001100000111100010000010100010000011000100011100011001100011111100111111011111001110001100110010011111100001000000111101000100000101001011100011110111100001111111000000111111100000101111000011111100011111100111110011100010000100010010000')
DEBUG:root:Matched frame over all scan:1113

DEBUG:root:Errors over all scan:78

DEBUG:root:Result:tau3_fail
DEBUG:root:Match or Not:False
DEBUG:root:Real time1487949728.4

DEBUG:root:Extracted signature:bitarray('11000001111000111000011111000110000111110000110100111000110100011001111000110011100011111110011111000111110011111001100011000100010000011100000100000101101001100001101001011100011110111100001110111100000110111110000101111000011111100011111100111011011000010000100010010000')
DEBUG:root:Matched frame over all scan:1122

DEBUG:root:Errors over all scan:78

DEBUG:root:Result:tau3_fail
DEBUG:root:Match or Not:False
DEBUG:root:Real time1487949728.6

DEBUG:root:Extracted signature:bitarray('11000000111001111000011111000111000111110000100100011000011100011001111000111011100011101110011111000111100011111001000010000100010000011111000000000101101001100000101001111100011110111000000111111100000110111110000101111000011111100011111100111001011000010000100010010000')
DEBUG:root:Matched frame over all scan:1122

DEBUG:root:Errors over all scan:79

DEBUG:root:Result:tau3_fail
DEBUG:root:Match or Not:False
DEBUG:root:Real time1487949728.81

DEBUG:root:Extracted signature:bitarray('11000000111001111000011111000111000111110001100100010001111100011001111000110011100011101110011111000111110011111001000011000100010000011111000000000101101001100000101001011100011110111000000111111100000110111110000101111000011111100011111100111001011000010000100010010000')
DEBUG:root:Matched frame over all scan:1122

DEBUG:root:Errors over all scan:77

DEBUG:root:Result:tau3_fail
DEBUG:root:Match or Not:False
DEBUG:root:Real time1487949729.01

DEBUG:root:Extracted signature:bitarray('11000001111001111000111111000110001111110000100110011000011100011100111000111011100011111110001111000111100011110001000010000100010000011101100000000111100100110000101001111100001110111100000110111110000010111110000101111100011111100011111100111011010001010000100010010000')
DEBUG:root:Matched frame over all scan:479

DEBUG:root:Errors over all scan:83

DEBUG:root:Result:tau1_fail
DEBUG:root:Match or Not:False
DEBUG:root:Real time1487949729.21

DEBUG:root:Extracted signature:bitarray('11011100001100111001100001100110011010001001101101100001111100000001111001000001100100000011100000010000000100000010000010000101101101111111110110110011111111100110011111111001100110111000011001111000011001111000000111100000011100000111000001100000110010011111001101110000')
DEBUG:root:Matched frame over all scan:947

DEBUG:root:Errors over all scan:57

DEBUG:root:Result:tau3_fail
DEBUG:root:Match or Not:False
DEBUG:root:Real time1487949729.41

DEBUG:root:Extracted signature:bitarray('11011100001100111001100001100110011010001001101100100001111100000001111001000001100100000011100000011000000100000010000010000101100101111111111000000011111111100010011111111000100011111000011001111000001001110000000111100000011100000011000001100000110010011111001101110000')
DEBUG:root:Matched frame over all scan:949

DEBUG:root:Errors over all scan:52

DEBUG:root:Result:replica detected
DEBUG:root:Match or Not:True
DEBUG:root:Real time1487949729.61

DEBUG:root:Extracted signature:bitarray('11011100001100111001100001100110011010001001101100100000111100000001111000000001100100000011100000011000000100000010000010000101101101111111100000010011111111000110011111110001100111111000011001111000001001110000000111000000011100000111000001100000110010110111001100110000')
DEBUG:root:Matched frame over all scan:952

DEBUG:root:Errors over all scan:61

DEBUG:root:Result:replica detected
DEBUG:root:Match or Not:True
DEBUG:root:Real time1487949729.81

DEBUG:root:Extracted signature:bitarray('11011100001100111001100001100110011010001001101100000000111100000000111000000000100110000011100000010000000100000010000010000101101101011111101000110011111111000110011111110001100110111000111001111000011001110000000111000000011000000111000001100000100010110111001100100000')
DEBUG:root:Matched frame over all scan:951

DEBUG:root:Errors over all scan:66

DEBUG:root:Result:tau3_fail
DEBUG:root:Match or Not:False
DEBUG:root:Under real time Point counter:0.246308088303

DEBUG:root:Extracted signature:bitarray('11011100001100111001100001100110011010001000101100100000111100000001111001000001100100000011100000011000000100000010000010000100100101111111100000010011111111000110011111111001100111111000011001111000001001110000000111100000011100000111000001100000110010111011001100110000')
DEBUG:root:Matched frame over all scan:946

DEBUG:root:Errors over all scan:55

DEBUG:root:Result:replica detected
DEBUG:root:Match or Not:True
DEBUG:root:Real time1487949730.25

DEBUG:root:Extracted signature:bitarray('11011100001100111001100001100110011010001001101100100000111100000001111001000001100100000011100000011000000100000010000010000100101101111111111100010011111111100110011111111001100111111000011001111000011001110000000111100000011100000111000001100000110010111111001101100000')
DEBUG:root:Matched frame over all scan:946

DEBUG:root:Errors over all scan:53

DEBUG:root:Result:replica detected
DEBUG:root:Match or Not:True
DEBUG:root:Real time1487949730.45

DEBUG:root:Extracted signature:bitarray('11011100001100111001100001100110011010001001101100100000111100000001111000000001100100000011100000011000000100000010000010000101101101011111100000110011111111000110011111110001100111111000111001011000011001110000000111100000011100000111000001100000110010110111001101100000')
DEBUG:root:Matched frame over all scan:952

DEBUG:root:Errors over all scan:63

DEBUG:root:Result:replica detected
DEBUG:root:Match or Not:True
DEBUG:root:Real time1487949730.65

DEBUG:root:Extracted signature:bitarray('11011100001100111001100001100110011010001001101100100000111100000001111000000001100100000011100000010000000100000010000010000101101101111111100000010011111100000110011111110001100111111000011001011000011001110000000111000000011000000111000001100000100010110111001101100000')
DEBUG:root:Matched frame over all scan:948

DEBUG:root:Errors over all scan:65

DEBUG:root:Result:replica detected
DEBUG:root:Match or Not:True
DEBUG:root:Real time1487949730.86

DEBUG:root:Extracted signature:bitarray('11011100001100111001100001100110011010001001101100100000111100000001111001000001100100000011100000011000000100000010000010000101101101111111111100010011111111100110011111111001100111111000011001111000011001110000000111100000011100000111000001100000110010110111001101100000')
DEBUG:root:Matched frame over all scan:942

DEBUG:root:Errors over all scan:55

DEBUG:root:Result:replica detected
DEBUG:root:Match or Not:True
DEBUG:root:Real time1487949731.06

DEBUG:root:Extracted signature:bitarray('11011100001100111001100001100110011010001001101100100000111100000001111000000001100100000011100000010000000100000010000010000101101101011111110000010011111111000010011111110001100111111000011001111000011001110000000111000000011000000111000001100000110010110111001100100000')
DEBUG:root:Matched frame over all scan:948

DEBUG:root:Errors over all scan:61

DEBUG:root:Result:tau3_fail
DEBUG:root:Match or Not:False
DEBUG:root:Real time1487949731.26

DEBUG:root:Extracted signature:bitarray('11011100001100111001100001100110011010001001101100100000111100000000111001000001100100000011100000011000000100000010000010000100100101111111000000010011111100000110011111110001100111111000011001011000001001110000000111000000011000000011000001100000110000111011001100110000')
DEBUG:root:Matched frame over all scan:948

DEBUG:root:Errors over all scan:63

DEBUG:root:Result:tau3_fail
DEBUG:root:Match or Not:False
DEBUG:root:Real time1487949731.46

DEBUG:root:Extracted signature:bitarray('11011100001100111001100001100110011010001001101100100000111100000001111000000000100110000011100000010000000100000010000010000101101101111111000000010011111111000110011111110001100111111000011001011000001001110000000111000000011000000111000001100010100010110111001100100000')
DEBUG:root:Matched frame over all scan:948

DEBUG:root:Errors over all scan:65

DEBUG:root:Result:replica detected
DEBUG:root:Match or Not:True
DEBUG:root:Real time1487949731.66

DEBUG:root:Extracted signature:bitarray('11011100000100111001100000100110011010001001101100100000111100000000111000000000100100000011100000011000000100000010000010000100100101111111100000010011111110000110011111110001100111111000011001011000001001110000000111000000011000000011000001100000110010111011001100110000')
DEBUG:root:Matched frame over all scan:948

DEBUG:root:Errors over all scan:62

DEBUG:root:Result:tau3_fail
DEBUG:root:Match or Not:False
DEBUG:root:Real time1487949731.86

DEBUG:root:Extracted signature:bitarray('11011100011100111001100001100110011011011000101100100100011100000001111001000001100110000011100000011000000100000010000010000100100100111111111100010011111111100000011101111000100110111100011001111100001001111000000111100000011100000011000001100000011000010000100010010000')
DEBUG:root:Matched frame over all scan:949

DEBUG:root:Errors over all scan:56

DEBUG:root:Result:tau3_fail
DEBUG:root:Match or Not:False
DEBUG:root:Real time1487949732.06

DEBUG:root:Extracted signature:bitarray('11000011111001101000111111001100011111110011011110111001101110011001111100010000110001000010000100010001000100000010000100110000100101011111110110001111101101110001101011011000011011100100001010111110001010111110000101111100010111100010111110101111010111010010100010010000')
DEBUG:root:Matched frame over all scan:956

DEBUG:root:Errors over all scan:73

DEBUG:root:Result:tau3_fail
DEBUG:root:Match or Not:False
DEBUG:root:Real time1487949732.26

DEBUG:root:Extracted signature:bitarray('11000000011110011000010001100010001110001000111011000100011000001100010000011000100011100010001110011000111000011100111101100110111111111111100011100011111100011000011111000000000111110001000011111001000011110000000110000000011000000011000000100000010100010100100010010000')
DEBUG:root:Matched frame over all scan:2126

DEBUG:root:Errors over all scan:84

DEBUG:root:Result:tau2_fail
DEBUG:root:Match or Not:False
DEBUG:root:Real time1487949732.46

DEBUG:root:Extracted signature:bitarray('11000011110010011000111100010010000110011000110010001100010000001100010000011000100001100010011100111110011010111101111101111011101111111111000111000011111000110000011110001110000111000010000011000000000011000000000100000001010000001010111010111111011111010110101010010000')
DEBUG:root:Matched frame over all scan:2160

DEBUG:root:Errors over all scan:80

DEBUG:root:Result:tau1_fail
DEBUG:root:Match or Not:False
DEBUG:root:Real time1487949732.66

DEBUG:root:Extracted signature:bitarray('11000111111110011000111011000010001100110000100110011000010000011000110000111011000001101100001111101101000111000111101101111011111111111111110110001011101111110001011011111100010011111110001011111111001010111111000101111100010111111010111110101111010111010110101010010000')
DEBUG:root:Matched frame over all scan:959

DEBUG:root:Errors over all scan:72

DEBUG:root:Result:tau3_fail
DEBUG:root:Match or Not:False
DEBUG:root:Real time1487949732.86

DEBUG:root:Extracted signature:bitarray('11100011111110011000111011000010001100110001100110011000110000011000110000110011000001101100001101101101001110000111001101111011101111111100111110001011100011110000011001111110000110111100001011111100001010111100010101111001010111101010111110101111010111010110101010010000')
DEBUG:root:Matched frame over all scan:960

DEBUG:root:Errors over all scan:75

DEBUG:root:Result:tau3_fail
DEBUG:root:Match or Not:False
DEBUG:root:Real time1487949733.06

DEBUG:root:Extracted signature:bitarray('11100011111000011000110011000010001101110000101100010000111100010000010000010011100001101100001101100111001110000110111101111011011011111111001110001011111000000001011111000110000011100110001011100000001011000000000110000001010000001010111000111100011111011110101010010000')
DEBUG:root:Matched frame over all scan:2160

DEBUG:root:Errors over all scan:76

DEBUG:root:Result:tau3_fail
DEBUG:root:Match or Not:False
DEBUG:root:Real time1487949733.26

DEBUG:root:Extracted signature:bitarray('11111111111000011000111111000010001101110001100110011000011000011001010000110011000001111100011100100111001011100111111101111011010011110111101110001011101111110001011000011000010110101100000011101110000010011110010101111111010111111010111010111101011111011110101010010000')
DEBUG:root:Matched frame over all scan:962

DEBUG:root:Errors over all scan:77

DEBUG:root:Result:tau3_fail
DEBUG:root:Match or Not:False
DEBUG:root:Real time1487949733.46

DEBUG:root:Extracted signature:bitarray('11111011011000011000011111000010000110110000111110011000011000001101110001011111000111111100011100101111001111100111111101111110010010011111111110001011101111110001011111111000010011111111000011111111001010111111110101111111010111111010111110111111011111011110101010010000')
DEBUG:root:Matched frame over all scan:962

DEBUG:root:Errors over all scan:76

DEBUG:root:Result:tau3_fail
DEBUG:root:Match or Not:False
DEBUG:root:Real time1487949733.66

DEBUG:root:Extracted signature:bitarray('11111011011000011000011111000010001101110001101110011000011000001001010000011111000011111100011101101111001011100110111101111110010011111111111110001011001111110001011001011000010011111110000011111111001010111110110101111111010111111010111110111111011111011110101010010000')
DEBUG:root:Matched frame over all scan:962

DEBUG:root:Errors over all scan:74

DEBUG:root:Result:tau3_fail
DEBUG:root:Match or Not:False
DEBUG:root:Real time1487949733.86

DEBUG:root:Extracted signature:bitarray('11111010011000011100000111000010000001100000101110010000011100001000110001011011000111111100111100101111001111000110011101110110010010010111101110001011101111110001011000011000010010001100001011101110000010111110010101111111010111111010111110101111011111011110101010010000')
DEBUG:root:Matched frame over all scan:967

DEBUG:root:Errors over all scan:91

DEBUG:root:Result:tau3_fail
DEBUG:root:Match or Not:False
DEBUG:root:Real time1487949734.06

DEBUG:root:Extracted signature:bitarray('11111000111000011000000111000011000001100010100110000000011100000101110001011011000111111100111111101111011010001110011101110110010010010011101110001011110111110001011000111000010010001100011011101110000010011110010101111111010111110010111110111111011111011110101010010000')
DEBUG:root:Matched frame over all scan:967

DEBUG:root:Errors over all scan:83

DEBUG:root:Result:tau3_fail
DEBUG:root:Match or Not:False
DEBUG:root:Real time1487949734.26

DEBUG:root:Extracted signature:bitarray('11111000111000011000001110001010000001100010101110000000011100001111010001011111000111111101111111001111011010111100111101100110010010010111101110001011001111110001011000011000110011101100000011111111001010011110110101111111010111111010111110111111011111011110111010011000')
DEBUG:root:Matched frame over all scan:967

DEBUG:root:Errors over all scan:82

DEBUG:root:Result:tau3_fail
DEBUG:root:Match or Not:False
DEBUG:root:Real time1487949734.46

DEBUG:root:Extracted signature:bitarray('11001111110100011000111100000000011111100011001111110001101111100001101111000000111110000010011110010011100101110001110001100110010000011111110000000101110111000000101100111000001010011110001101111100000101111100001011110000101011000101011001010100100100101101010101101000')
DEBUG:root:Matched frame over all scan:1793

DEBUG:root:Errors over all scan:77

DEBUG:root:Result:tau2_fail
DEBUG:root:Match or Not:False
DEBUG:root:Real time1487949734.66

DEBUG:root:Extracted signature:bitarray('11001111110111101000111110000000011111100000001111110001101111100001101111000011110011000010001110010011100101100001110011100110010000011111110000000101111111000000101100111100001010011110000101011110001101011100001010111000101001000101001001010100100100101101010101101000')
DEBUG:root:Matched frame over all scan:969

DEBUG:root:Errors over all scan:71

DEBUG:root:Result:replica detected
DEBUG:root:Match or Not:True
DEBUG:root:Under real time Point counter:0.233948945999

DEBUG:root:Extracted signature:bitarray('11001111110111101000111110001100011111110001001111110000101111100001101111100000110011010010001110010011000001100001110011100110010000011111110000111001111111000000101101111000001010011110000101011110000101001100001010011000101001000101001001001100100100101001010101101000')
DEBUG:root:Matched frame over all scan:969

DEBUG:root:Errors over all scan:76

DEBUG:root:Result:tau3_fail
DEBUG:root:Match or Not:False
DEBUG:root:Real time1487949735.1

DEBUG:root:Extracted signature:bitarray('11001111110111101000111110001100011111110001001111110000101111100001101111100000110011010010001110010011000001100001110011100110010000011111110000111001111111000000101101111000001010011110000101011110000101001100001010011000101001000101001001001100100100101001010101101000')
DEBUG:root:Matched frame over all scan:969

DEBUG:root:Errors over all scan:76

DEBUG:root:Result:tau3_fail
DEBUG:root:Match or Not:False
DEBUG:root:Real time1487949735.3

DEBUG:root:Extracted signature:bitarray('11111111110111101111111110011101111111100011010011110001101001111000110001110011000111000001001100010011000001100001110011100110010010011110011101110001110111000110001001111000001010011110000101001111000101001110001010011000101001000101011001001100101100101001010100101000')
DEBUG:root:Matched frame over all scan:972

DEBUG:root:Errors over all scan:76

DEBUG:root:Result:tau3_fail
DEBUG:root:Match or Not:False
DEBUG:root:Real time1487949735.5

DEBUG:root:Extracted signature:bitarray('11111100011111101111100111011101111001100001011111110000011111110000011111100000111110000011110001111100111110111100011101111011101111111111100000000011111100000000011111000000000111100000000011100000000011000000000110000000011000000010000000100000011001010000100110110000')
DEBUG:root:Matched frame over all scan:764

DEBUG:root:Errors over all scan:74

DEBUG:root:Result:tau3_fail
DEBUG:root:Match or Not:False
DEBUG:root:Real time1487949735.7

DEBUG:root:Extracted signature:bitarray('11111100100100001111100101100001111000010000111100000000011000000000010000000011100010011100110001100100011100001100011101110011001101011111100011110001111100011110011011000111100111100010000011100000000011000000000110000001110000001110000011100011010111000110101111010000')
DEBUG:root:Matched frame over all scan:2819

DEBUG:root:Errors over all scan:77

DEBUG:root:Result:tau3_fail
DEBUG:root:Match or Not:False
DEBUG:root:Real time1487949735.9

DEBUG:root:Extracted signature:bitarray('11110000000011111110000000011110000000000000100001000000010001100000010001001111000101111100111111101111111011111101111001111011101111111110000000001111100000000001101000000000111110000001111110000011111000001111111001111111101111111101111111011111101100101001010101101000')
DEBUG:root:Matched frame over all scan:273

DEBUG:root:Errors over all scan:79

DEBUG:root:Result:tau3_fail
DEBUG:root:Match or Not:False
DEBUG:root:Real time1487949736.1

DEBUG:root:Extracted signature:bitarray('11111000000001111110001000000010000111000000100111100000010011000000111110000011100000000010001100010111000111100011100010000100010000011000000000111111000000111111111000000111110000001111111000111111111000111110001011111000101111000001110000011000001000001011001101101000')
DEBUG:root:Matched frame over all scan:104

DEBUG:root:Errors over all scan:91

DEBUG:root:Result:tau3_fail
DEBUG:root:Match or Not:False
DEBUG:root:Real time1487949736.3

DEBUG:root:Extracted signature:bitarray('10110000000011010011111000000010011110000000001111000000011111000001011000000011100000001110110000011110000111000010000110011001101101111100000111111011000001111111011001111111110000111110110000111111100000111111001101100010001110000101110001010000101001101010011001010000')
DEBUG:root:Matched frame over all scan:2863

DEBUG:root:Errors over all scan:76

DEBUG:root:Result:tau3_fail
DEBUG:root:Match or Not:False
DEBUG:root:Real time1487949736.5

DEBUG:root:Extracted signature:bitarray('11110110000010010001111000000010011110000000011110000000011110000001110010000011100000000110110000011100000100000010000010011001101111111100000111111011000001111111011001111111110101111101100000111101100000111111000101001100011100000101100001010000101001101110011001011000')
DEBUG:root:Matched frame over all scan:2863

DEBUG:root:Errors over all scan:71

DEBUG:root:Result:tau3_fail
DEBUG:root:Match or Not:False
DEBUG:root:Real time1487949736.7

DEBUG:root:Extracted signature:bitarray('11111111100100011111111100110000111111010011011111101001101111001001111100100011110000001110000000010000000100000010100011100110011010011100001111111011000001100111001000011100110011101111000001100111000101100110011110001001111001000101000001010000101100101101010101101000')
DEBUG:root:Matched frame over all scan:5

DEBUG:root:Errors over all scan:83

DEBUG:root:Result:tau3_fail
DEBUG:root:Match or Not:False
DEBUG:root:Real time1487949736.9

DEBUG:root:Extracted signature:bitarray('11111001111111101111100111011101111001110011011100111001111000111000110000110011000001011101001110010011100101100101110101100110010010011111001110110001111001110111001110001100000011000111000101000011000101000110011010001001101001100101011001001100101100101001000100101000')
DEBUG:root:Matched frame over all scan:980

DEBUG:root:Errors over all scan:75

DEBUG:root:Result:tau3_fail
DEBUG:root:Match or Not:False
DEBUG:root:Real time1487949737.1

DEBUG:root:Extracted signature:bitarray('11111011110111001111111110011101110011110011011001111000111000111000110001110010100111111001001100010011000001100101100111100100010000011110011111110001110011101110001110011000000011001110000101000111000101000110001010011000101001000101011001001101101100101001010100101000')
DEBUG:root:Matched frame over all scan:984

DEBUG:root:Errors over all scan:86

DEBUG:root:Result:tau3_fail
DEBUG:root:Match or Not:False
DEBUG:root:Real time1487949737.3

DEBUG:root:Extracted signature:bitarray('11111011110010001111111111011101110011110011011001111000101000111000010001110010100111111101011100000011000001100101100111100100010000011110011111110001110011111110001110011000000011001110000101000111000101000110001010011000101001000100010001001101101100101001000100101000')
DEBUG:root:Matched frame over all scan:1691

DEBUG:root:Errors over all scan:90

DEBUG:root:Result:tau3_fail
DEBUG:root:Match or Not:False
DEBUG:root:Real time1487949737.5

DEBUG:root:Extracted signature:bitarray('11111001110111001111101110011101110011110011011000111001101000111000110001110011000011111001001100010011000001100101100011100100010010011110001111110001111001101111001110011100000011000110000101000111000101000110001010001000101001100101011001001100101100101001010100101000')
DEBUG:root:Matched frame over all scan:984

DEBUG:root:Errors over all scan:79

DEBUG:root:Result:tau3_fail
DEBUG:root:Match or Not:False
DEBUG:root:Real time1487949737.7

DEBUG:root:Extracted signature:bitarray('11111001110111001111101110011101110011110011011000111001101000111000110001110011000011111101001100010011000001100101100111100100010010011110001111110001111001100111001110011100000011000110000101000111000101000110001010001000101001100101011001001100101100101001010100101000')
DEBUG:root:Matched frame over all scan:984

DEBUG:root:Errors over all scan:80

DEBUG:root:Result:tau3_fail
DEBUG:root:Match or Not:False
DEBUG:root:Real time1487949737.9

DEBUG:root:Extracted signature:bitarray('11111011110011001111111111011101110011110011011001111000111000111000010001110010000111111101011100000011000011100101100111000100010000011110011111110001110011111110001100011111000010001110000101000111000101000110011010011000101001000100010011001101101100101001000100101000')
DEBUG:root:Matched frame over all scan:1691

DEBUG:root:Errors over all scan:82

DEBUG:root:Result:tau3_fail
DEBUG:root:Match or Not:False
DEBUG:root:Real time1487949738.11

DEBUG:root:Extracted signature:bitarray('11111001111111101111101111011101110011110011011000111001101000111001100001110011001111111001001110010011100001100101110001100110010010011111001110110001111001111111001110011100001011000111000101000111000101000110011010001000101001100101011001001100101100101001000100101000')
DEBUG:root:Matched frame over all scan:984

DEBUG:root:Errors over all scan:80

DEBUG:root:Result:tau3_fail
DEBUG:root:Match or Not:False
