DEBUG:root:Under real time Point counter:1.90734863281e-05

DEBUG:root:Extracted signature:bitarray('10011100110010010011111110011100111111110011011111111001001100111010001111110000111100001111010000110100001011110011000010011011111000010011001111010010011000111110000111101111100001110111110001111111110001111111100011011100001111000001100000010000011000010010101010010000')
DEBUG:root:Matched frame over all scan:2343

DEBUG:root:Errors over all scan:79

DEBUG:root:Result:tau2_fail
DEBUG:root:Match or Not:False
DEBUG:root:Under real time Point counter:0.23863196373

DEBUG:root:Extracted signature:bitarray('10111100110010010011111110011100111111110111011101111011001101111011001111100101111100000110000000110100001011110011000010011011111000000011001111010010011000111010000111101110100001111111110001111111111001111111100011011010001111000001100010010011011000010010101010010000')
DEBUG:root:Matched frame over all scan:2708

DEBUG:root:Errors over all scan:83

DEBUG:root:Result:tau2_fail
DEBUG:root:Match or Not:False
DEBUG:root:Real time1487903625.38

DEBUG:root:Extracted signature:bitarray('10111100110010000011111111011100111111110111011111111010001101111011001111100111011010010110010000110100001011110001000010011011111000000011001111010010011000111010000111101111100001110111110001111111111001111111100011011010001111000001100010010011011000010010101010010000')
DEBUG:root:Matched frame over all scan:2493

DEBUG:root:Errors over all scan:81

DEBUG:root:Result:tau2_fail
DEBUG:root:Match or Not:False
DEBUG:root:Real time1487903625.58

DEBUG:root:Extracted signature:bitarray('11111100111111001111111011111101111111001110011111100111001111100111101111100110011110011000110000101111001011110001100010000111011111111111000111000101011110011000101111100000101011110001110101100001111101000111101010011010101111000101110001010000001000001000011001001000')
DEBUG:root:Matched frame over all scan:2401

DEBUG:root:Errors over all scan:75

DEBUG:root:Result:tau3_fail
DEBUG:root:Match or Not:False
DEBUG:root:Real time1487903625.78

DEBUG:root:Extracted signature:bitarray('11111110111111101111110011110001001110111100010111001110011111001100011100100000110011000010011100010111000011110001110001110011101111111111110011101001111110011100001111100011001011110001100101110000110101100100101010010000101010000101111101011110101100101001010101101000')
DEBUG:root:Matched frame over all scan:1548

DEBUG:root:Errors over all scan:82

DEBUG:root:Result:tau3_fail
DEBUG:root:Match or Not:False
DEBUG:root:Real time1487903625.98

DEBUG:root:Extracted signature:bitarray('10011111111111100001111111110001011111111100011110011111001111001111101110011111011100111101100111101011110001111001111001111011101111111111110111110001111100011100001111000111000011100011100001110001100101100011001010000110101000010101000001011100101100101001010101101000')
DEBUG:root:Matched frame over all scan:615

DEBUG:root:Errors over all scan:67

DEBUG:root:Result:tau3_fail
DEBUG:root:Match or Not:False
DEBUG:root:Real time1487903626.18

DEBUG:root:Extracted signature:bitarray('10111111111111001011111111111001011111111110001111111111101111111111101001111111000111111100011111101011110010110010000010000100100100011111111111100001111111111000001111111110010011111111001001011111000001011111000010111100001011110001011100010110101010100001001100101000')
DEBUG:root:Matched frame over all scan:2403

DEBUG:root:Errors over all scan:64

DEBUG:root:Result:tau3_fail
DEBUG:root:Match or Not:False
DEBUG:root:Real time1487903626.38

DEBUG:root:Extracted signature:bitarray('10111111111111001111111111111001011111111110011111111111101100111111101001111111000011111100011111100011111010110010000010000100100100011111111111001001111111111000001111111110010011001111001001001111000001001111000010011100001001110001001100010110001010100001001100101000')
DEBUG:root:Matched frame over all scan:2404

DEBUG:root:Errors over all scan:69

DEBUG:root:Result:tau3_fail
DEBUG:root:Match or Not:False
DEBUG:root:Real time1487903626.58

DEBUG:root:Extracted signature:bitarray('10011100110011100011111110011100111111100111011111110010001111110010001011100100011000000110010000110100001011100001000110010011101100010011001111110011011000111111001111001111110011110011110001111011110001110111100011011010001010010001100110010001011001011010101011010000')
DEBUG:root:Matched frame over all scan:2711

DEBUG:root:Errors over all scan:83

DEBUG:root:Result:tau2_fail
DEBUG:root:Match or Not:False
DEBUG:root:Real time1487903626.78

DEBUG:root:Extracted signature:bitarray('10011101110011100011111110011100111111100111011111110010001111110110001111100100011010011110010000110110000011110001001100011011101100010011000111111011011000111110000011000111110001110011110001111111110001110111100010010110001110010001100100010011011011011010101011010000')
DEBUG:root:Matched frame over all scan:2464

DEBUG:root:Errors over all scan:79

DEBUG:root:Result:tau3_fail
DEBUG:root:Match or Not:False
DEBUG:root:Real time1487903626.98

DEBUG:root:Extracted signature:bitarray('10011100110011100011111110011100111111100111011111110010001111110010001111100101011010001110010000110100100011110001001110011011101000010011001111110011011001111110000111000111100011110011110001111111110001111111100011010110001110010001100100110011011001010010101011010000')
DEBUG:root:Matched frame over all scan:2493

DEBUG:root:Errors over all scan:81

DEBUG:root:Result:tau2_fail
DEBUG:root:Match or Not:False
DEBUG:root:Real time1487903627.18

DEBUG:root:Extracted signature:bitarray('10011100110011100011111110011100011111100110011111110010001111110011101111100110011010011010010000110100011010011100001100111011101000010011000111011011011000111011000011000111110001110011110001111111110001110111100011011110001110010001100110010011001001010010001110010000')
DEBUG:root:Matched frame over all scan:780

DEBUG:root:Errors over all scan:80

DEBUG:root:Result:tau3_fail
DEBUG:root:Match or Not:False
DEBUG:root:Real time1487903627.38

DEBUG:root:Extracted signature:bitarray('10011100110011100011111110011100111111100110011111110010001111111011101111100110011010011010010000110100011010011100001100111011101000010011001111110011011000111110000011000111110001110011110001111111110001110111100011011110001110010001100100010011001000010010101010010000')
DEBUG:root:Matched frame over all scan:2493

DEBUG:root:Errors over all scan:79

DEBUG:root:Result:tau2_fail
DEBUG:root:Match or Not:False
DEBUG:root:Real time1487903627.58

DEBUG:root:Extracted signature:bitarray('10011100110011100011111110011100011111100100011111110110001111110110101111100001111000000010010000010100000011000110011100111011001100010011000111110011011000111111000011000111110001110011110001111111110001111111100011010110001110010001100100010010011000010001110011010000')
DEBUG:root:Matched frame over all scan:728

DEBUG:root:Errors over all scan:84

DEBUG:root:Result:tau3_fail
DEBUG:root:Match or Not:False
DEBUG:root:Real time1487903627.79

DEBUG:root:Extracted signature:bitarray('10011100110011100011111110011100111111100110011111111010001110111010001101100001111110000110010000110100000111000010001100111011101100010011001111110011011000111111000111000111100001101011110001111111110001100110110011010010001110010001100100010010011000010100110011010000')
DEBUG:root:Matched frame over all scan:2708

DEBUG:root:Errors over all scan:81

DEBUG:root:Result:tau2_fail
DEBUG:root:Match or Not:False
DEBUG:root:Real time1487903627.99

DEBUG:root:Extracted signature:bitarray('10011100110011110011111110011100111111100110011111110010001110111011101111100001111110000110010000110110000111000010001100111011001100010011001111011011011000111011000011000111110001111011110001111111110001110111110011011010001110010001100100010010011000010000110011010000')
DEBUG:root:Matched frame over all scan:2708

DEBUG:root:Errors over all scan:76

DEBUG:root:Result:tau2_fail
DEBUG:root:Match or Not:False
DEBUG:root:Real time1487903628.19

DEBUG:root:Extracted signature:bitarray('10011110110011100011111110011100011111100110011111100110001101111001101111100011111100000111000000110110000111001010001100111011101000010011001111011011011000111011000010000111110001101011110001101011111001100110110011010011001010011001100100110011011001010111011111010000')
DEBUG:root:Matched frame over all scan:1824

DEBUG:root:Errors over all scan:86

DEBUG:root:Result:tau3_fail
DEBUG:root:Match or Not:False
DEBUG:root:Real time1487903628.39

DEBUG:root:Extracted signature:bitarray('10011100110011100011111110011100011111100110011111110110001111110111101111100000111100000010010010010100000110010010111101111011010000010011000111110011011000111111000011000111110001110011110001111111110001110111110011011011001110011001100100010010011010000100110010010000')
DEBUG:root:Matched frame over all scan:2708

DEBUG:root:Errors over all scan:83

DEBUG:root:Result:tau2_fail
DEBUG:root:Match or Not:False
DEBUG:root:Real time1487903628.59

DEBUG:root:Extracted signature:bitarray('10011100110011100011111110011100111111100111011111110110001111110010101111100000111110000010010010010100000110010010111101111010010000010011001111110011011001111111000011000111100001110011110001111111111001111110110011011011011110010001100100110010010110001100110010010000')
DEBUG:root:Matched frame over all scan:2708

DEBUG:root:Errors over all scan:79

DEBUG:root:Result:tau2_fail
DEBUG:root:Match or Not:False
DEBUG:root:Real time1487903628.79

DEBUG:root:Extracted signature:bitarray('10011100110001110011111110011100011111100110011111100111001111110111101111100100011000000110000001100100011011011100011100111011000000010011000111011011011000111011000011000111110001110011110001111111111001110111100011011110001110011001100110010011011011010110100010000000')
DEBUG:root:Matched frame over all scan:476

DEBUG:root:Errors over all scan:86

DEBUG:root:Result:tau2_fail
DEBUG:root:Match or Not:False
DEBUG:root:Real time1487903628.99

DEBUG:root:Extracted signature:bitarray('10011100110011110011111110011100011111000110011111101111001111111111001111001100011100110010000110010001100111110001111100111011100000010011001111111011011000111011000010000111100001110011110001111111110001110111100011011111001110110001101100010100011100110011001100101000')
DEBUG:root:Matched frame over all scan:789

DEBUG:root:Errors over all scan:81

DEBUG:root:Result:tau3_fail
DEBUG:root:Match or Not:False
DEBUG:root:Real time1487903629.19

DEBUG:root:Extracted signature:bitarray('10011100110011110011111110011100111111100111011111100110001111111010001111101000111100100110000111110001100100110010010100111011110010110011001111110011011000111111000110000111100011110011110001111111110001110111100011011100001000110001001100010110011010010100110110001000')
DEBUG:root:Matched frame over all scan:789

DEBUG:root:Errors over all scan:75

DEBUG:root:Result:tau3_fail
DEBUG:root:Match or Not:False
DEBUG:root:Real time1487903629.39

DEBUG:root:Extracted signature:bitarray('10011100110001110011111110011100011111000110011111001111001111110111001111001100111000110010000110110001100000110001111100110011011010110011000111011011011000111011000011000111110001110011111001111111110001110111100011011110001100010001001100010110001010010100110010001000')
DEBUG:root:Matched frame over all scan:721

DEBUG:root:Errors over all scan:85

DEBUG:root:Result:tau3_fail
DEBUG:root:Match or Not:False
DEBUG:root:Real time1487903629.59

DEBUG:root:Extracted signature:bitarray('10111111111111101111111111111001011111111110011111111111101001111111100001111111000011111100001111100001111000111100000010000100100000011111111110001001111111110001001111111110010011011111001001001111001001001111000010011110001001110001001110010111001011101001000100101000')
DEBUG:root:Matched frame over all scan:2462

DEBUG:root:Errors over all scan:73

DEBUG:root:Result:tau3_fail
DEBUG:root:Match or Not:False
DEBUG:root:Real time1487903629.79

DEBUG:root:Extracted signature:bitarray('10111111111111101011111111111001011111111110011111111111101001111111100001111111000011111100001111100011111000111100000010000001101000011111111111000001111111111000001111111110010011011111001001001111000001001111000010011100001001110001011100010111001010101001000100101000')
DEBUG:root:Matched frame over all scan:2704

DEBUG:root:Errors over all scan:71

DEBUG:root:Result:tau3_fail
DEBUG:root:Match or Not:False
DEBUG:root:Under real time Point counter:0.208084106445

DEBUG:root:Extracted signature:bitarray('10111111111110001111111111110101011111111001011111111100101001111110000001111100000011111000001111000011110000110010000010000100000000011111111110000001111111110000001111111110010010011111001001001111000001001111000010011100001001110001001100010110001010101001000100101000')
DEBUG:root:Matched frame over all scan:793

DEBUG:root:Errors over all scan:71

DEBUG:root:Result:tau3_fail
DEBUG:root:Match or Not:False
DEBUG:root:Real time1487903630.2

DEBUG:root:Extracted signature:bitarray('10111111111111101011111111111101011111111100011111111110001001111110000001111110000011111000001111001011110000110010000010000100000000011111111111001001111111111000001111111110010010011111001001001111001001001111000010011110001001110001001100010110001000101001000100101000')
DEBUG:root:Matched frame over all scan:793

DEBUG:root:Errors over all scan:65

DEBUG:root:Result:tau3_fail
DEBUG:root:Match or Not:False
DEBUG:root:Real time1487903630.4

DEBUG:root:Extracted signature:bitarray('11111111111111101111111111110001111111111100010111101110001011001111000011111110000011111000011111101111100011110011100010000100101111111111111111001001111111111101001111111111100010111111110001011111110001011111000000111100001011100101111001011100101100100011001101101000')
DEBUG:root:Matched frame over all scan:794

DEBUG:root:Errors over all scan:55

DEBUG:root:Result:tau3_fail
DEBUG:root:Match or Not:False
DEBUG:root:Real time1487903630.6

DEBUG:root:Extracted signature:bitarray('11111111111111101111111111111101111111111111011111111111001110011110000111111100001111110001111110001111100011110001110011100100000001111111111110001001111111110001001111111110110011111111000001111111000001111111000011111100001111100001111001011100101110101101010101101000')
DEBUG:root:Matched frame over all scan:2383

DEBUG:root:Errors over all scan:39

DEBUG:root:Result:replica detected
DEBUG:root:Match or Not:True
DEBUG:root:Real time1487903630.8

DEBUG:root:Extracted signature:bitarray('11111111111111101111111111111101111111111111011111111111101100111111100001111100000111110000111110001111100011110001110001100100010000011111111111101001111111111101001111111111110011111111101001111111100001001111000010111100000111110001111100011110001110101101011101101000')
DEBUG:root:Matched frame over all scan:797

DEBUG:root:Errors over all scan:36

DEBUG:root:Result:replica detected
DEBUG:root:Match or Not:True
DEBUG:root:Real time1487903631.0

DEBUG:root:Extracted signature:bitarray('11111111111111101011111111111101111111111111011111111111101101111111100011111110001111110001111110001111100011110001110001100000000000011111111111001001111111111001001111111110110011111111001001111111001001011111000011111100001111100001111100011110001110001101011101101000')
DEBUG:root:Matched frame over all scan:2381

DEBUG:root:Errors over all scan:37

DEBUG:root:Result:replica detected
DEBUG:root:Match or Not:True
DEBUG:root:Real time1487903631.2

DEBUG:root:Extracted signature:bitarray('11111111111111101111111111111101111111111111011111111111101100111111100011111100001111100001111100001111100011110001110001100000010000011111111110000001111111110001001111111100010011111111001001111111001001011110000001111100001111100001111100011110001110001101011101101000')
DEBUG:root:Matched frame over all scan:2381

DEBUG:root:Errors over all scan:46

DEBUG:root:Result:tau3_fail
DEBUG:root:Match or Not:False
DEBUG:root:Real time1487903631.4

DEBUG:root:Extracted signature:bitarray('11111100110011101111111110011100111111001110011111000111001111001111001111011100011100100111000111100001111000111001101100011011011000000111001111111010111001111111000111000111110001110011111001111111111001110111100011011110001100111001001110010110001010010000100110101000')
DEBUG:root:Matched frame over all scan:2471

DEBUG:root:Errors over all scan:75

DEBUG:root:Result:tau3_fail
DEBUG:root:Match or Not:False
DEBUG:root:Real time1487903631.6

DEBUG:root:Extracted signature:bitarray('11111100110011101011111110011100111111001110011111100111001111100011101111000111011100100111100101100000111000111100111101111001100010100111001111111010111001111111000111000111100001110011110001111111110001110111100011011100001100110001001101010110101110010000100110101000')
DEBUG:root:Matched frame over all scan:823

DEBUG:root:Errors over all scan:71

DEBUG:root:Result:tau3_fail
DEBUG:root:Match or Not:False
DEBUG:root:Real time1487903631.8

DEBUG:root:Extracted signature:bitarray('11111101110010101011101110111100011101001110011110000111101111000111101111001100011100110101000111100001110010111100111100011001100010100111001111111010111001111111000111000111110001110011111001111111111001110111100011011111001000111001001100010110001010010001100110101000')
DEBUG:root:Matched frame over all scan:802

DEBUG:root:Errors over all scan:73

DEBUG:root:Result:tau3_fail
DEBUG:root:Match or Not:False
DEBUG:root:Real time1487903632.0

DEBUG:root:Extracted signature:bitarray('11111101110010101011101110011100111111001111011110000111101111000111101111001100011100110110000111100001110000111001111101011001100010100111001111111010111001111111000111000111110001100011111001111111110001110111100011011111001000110001001100010110011010010000100110101000')
DEBUG:root:Matched frame over all scan:2484

DEBUG:root:Errors over all scan:78

DEBUG:root:Result:tau3_fail
DEBUG:root:Match or Not:False
DEBUG:root:Real time1487903632.2

DEBUG:root:Extracted signature:bitarray('11111101110110101011101110111100111111001111011111000111101111000111101111001101011101110100001111100001111010111100111101011001101011100111001111111010111001111111000111000111110001110011111001111111110001110111100011011111001100111001001110010110011010010001100110101000')
DEBUG:root:Matched frame over all scan:2440

DEBUG:root:Errors over all scan:67

DEBUG:root:Result:tau3_fail
DEBUG:root:Match or Not:False
DEBUG:root:Real time1487903632.4

DEBUG:root:Extracted signature:bitarray('11111101110011101111101110111100011101101111001110001111101110001111101101111110010110110010010010000100101010011100011101011000111000000111001111111010111001111111000111001111110001100011110001111111110001110111100011011110001110010001100100110010010010010010101011001000')
DEBUG:root:Matched frame over all scan:2473

DEBUG:root:Errors over all scan:78

DEBUG:root:Result:tau3_fail
DEBUG:root:Match or Not:False
DEBUG:root:Real time1487903632.6

DEBUG:root:Extracted signature:bitarray('11111101110011101011111110110100011110001101011111001111101111001111101100111111010011011100011011101111011011111100011101111011011111000111001111111010111001111111000111000111110001110011111001110011110001100111010011011111001110011001101110010111000011100101010111101000')
DEBUG:root:Matched frame over all scan:2444

DEBUG:root:Errors over all scan:68

DEBUG:root:Result:tau3_fail
DEBUG:root:Match or Not:False
DEBUG:root:Real time1487903632.8

DEBUG:root:Extracted signature:bitarray('11111111110111101111111110111101111111111111011111111111101111011111101111111111001111101101111100101111100011111101111101100000010000011111001111110101111111111110101111101111101011111011110001111111110001111111000011111101001111110001111100011111001110001101011101101000')
DEBUG:root:Matched frame over all scan:2455

DEBUG:root:Errors over all scan:39

DEBUG:root:Result:replica detected
DEBUG:root:Match or Not:True
DEBUG:root:Real time1487903633.0

DEBUG:root:Extracted signature:bitarray('10111111111110001011111111110001011100111100011110011110001110001110001100011110000011111000011111001111100010110010000010000100000000011111111110000001111110111000001111100110010011110011101001110011100001100011100010001110001001110001001100010110101010100011001100101000')
DEBUG:root:Matched frame over all scan:793

DEBUG:root:Errors over all scan:76

DEBUG:root:Result:tau3_fail
DEBUG:root:Match or Not:False
DEBUG:root:Real time1487903633.21

DEBUG:root:Extracted signature:bitarray('10011111111110001111111111110001111111111100011110011110001110011111001000011110000011111000011111000111100010110010000010001100000000011111111100000001111111110000001111101110000011110011000001110011100001100011000010001110001001110001001100010110101000100011001100101000')
DEBUG:root:Matched frame over all scan:2405

DEBUG:root:Errors over all scan:70

DEBUG:root:Result:tau3_fail
DEBUG:root:Match or Not:False
DEBUG:root:Real time1487903633.41

DEBUG:root:Extracted signature:bitarray('11111111111101101111101111011101111011111111011111111111101111111111101111011111011111111101111110101111100011110001110001100110011101011111111100000001111111110000001111111100000011111111000001111111000001111110000011111000001111100001111000011100001000001000110011010000')
DEBUG:root:Matched frame over all scan:2705

DEBUG:root:Errors over all scan:40

DEBUG:root:Result:replica detected
DEBUG:root:Match or Not:True
DEBUG:root:Real time1487903633.61

DEBUG:root:Extracted signature:bitarray('11111111111111101111111111111101111111111111011111111111101111111111101111111111011111111101111111101111111011111101111101111111111111111111111110000001111111110000001111111110000011111111001001111111000001111111000011111100001111100001111000011110001100001100011011010000')
DEBUG:root:Matched frame over all scan:2509

DEBUG:root:Errors over all scan:27

DEBUG:root:Result:replica detected
DEBUG:root:Match or Not:True
DEBUG:root:Real time1487903633.81

DEBUG:root:Extracted signature:bitarray('11111111111111101111111111011101111111111111011111111111101111111111101111111111011101111101111111101111111011111101111101111111111111111111111100000001111111110001001111111110010011111111001001111111001001111111000011111100001111100001111100011110001110001110011001001000')
DEBUG:root:Matched frame over all scan:2509

DEBUG:root:Errors over all scan:27

DEBUG:root:Result:replica detected
DEBUG:root:Match or Not:True
DEBUG:root:Real time1487903634.01

DEBUG:root:Extracted signature:bitarray('11111111111111101111111111011101111111110111011111111111101111111111101111111111011111111101111111101111111011111101111101111111111111111111111110000001111111110001001111111110010011111111001001111111001001111110000011111100001111100001111000011110001111001110011001011000')
DEBUG:root:Matched frame over all scan:2509

DEBUG:root:Errors over all scan:28

DEBUG:root:Result:replica detected
DEBUG:root:Match or Not:True
DEBUG:root:Real time1487903634.21

DEBUG:root:Extracted signature:bitarray('11111111111111101111111111011101111111110111011111111111101111111111101111111111011111111101111111101111111011111101111101111111111111111111111100000001111111110000001111111110010011111111001001111111001001111110000011111100001111100001111100011110001110001110011001010000')
DEBUG:root:Matched frame over all scan:2509

DEBUG:root:Errors over all scan:29

DEBUG:root:Result:replica detected
DEBUG:root:Match or Not:True
DEBUG:root:Real time1487903634.41

DEBUG:root:Extracted signature:bitarray('11111111111110001111101111111001111111111111011111111111101111011111101100111111000111111000111111101111111011111001111001110111111111111111111110000001111111110000001111111110000011111111001001111111000001111110000011111100001111100001111100011110001110001100011011010000')
DEBUG:root:Matched frame over all scan:2509

DEBUG:root:Errors over all scan:36

DEBUG:root:Result:replica detected
DEBUG:root:Match or Not:True
DEBUG:root:Real time1487903634.61

DEBUG:root:Extracted signature:bitarray('11111101111111101111101111111101111111111110011111101111101111101111101111111111011111111101011111100111111011111101111101111111111111111111111110000001111111111000001111111110010011111111001001111111000001111110000011111100001111100001111000011110001110001100010011010000')
DEBUG:root:Matched frame over all scan:2509

DEBUG:root:Errors over all scan:29

DEBUG:root:Result:replica detected
DEBUG:root:Match or Not:True
DEBUG:root:Under real time Point counter:0.219299077988

DEBUG:root:Extracted signature:bitarray('11111111111110001111111111111001111011111111011101111111101111111111101110011111011101111101101111101011111001110001110011100111011111111111111110000001111111110011001111111110110011111111011001111111001001111111000011111100001111110001111100011100101100101001010101101000')
DEBUG:root:Matched frame over all scan:2509

DEBUG:root:Errors over all scan:41

DEBUG:root:Result:replica detected
DEBUG:root:Match or Not:True
DEBUG:root:Real time1487903635.03

DEBUG:root:Extracted signature:bitarray('11111111111110101111111111110001111011111100011101111111101101111111101110011111011001111101001111001011100000111100110001100110011111111111111100000001111111110000001111111100000011111110000001111111000001111110000011111000001111100001111000011000101000101001010101001000')
DEBUG:root:Matched frame over all scan:2407

DEBUG:root:Errors over all scan:50

DEBUG:root:Result:replica detected
DEBUG:root:Match or Not:True
DEBUG:root:Real time1487903635.23

DEBUG:root:Extracted signature:bitarray('11111101111110101111111111110001111111111100011101111111101101111111101100111111011001111101001111101011111001111101100011100111011111111111111100000001111111110000001111111100000011111111000001111111000001111110000011111100001111100001111000011000101000101001010011010000')
DEBUG:root:Matched frame over all scan:2672

DEBUG:root:Errors over all scan:48

DEBUG:root:Result:replica detected
DEBUG:root:Match or Not:True
DEBUG:root:Real time1487903635.43

DEBUG:root:Extracted signature:bitarray('11111111111110101111111111110001111111111100011101111111101101111111101110011111011001111101001111101011111001110101100011100110011011011111111100000001111111110000001111111100000011111110000001111111000001111110000011111100001111100001111000011000101000101001010011010000')
DEBUG:root:Matched frame over all scan:2407

DEBUG:root:Errors over all scan:48

DEBUG:root:Result:replica detected
DEBUG:root:Match or Not:True
DEBUG:root:Real time1487903635.63

DEBUG:root:Extracted signature:bitarray('11111111111111101111111111110001111111111110011111111111101101111111101110111111011001111101001111101011111001100001100011100111111111111111111110000001111111110000001111111110000011111111000001111111000001111110000011111100001111100001110000011000101000101001010011010000')
DEBUG:root:Matched frame over all scan:2504

DEBUG:root:Errors over all scan:47

DEBUG:root:Result:replica detected
DEBUG:root:Match or Not:True
DEBUG:root:Real time1487903635.83

DEBUG:root:Extracted signature:bitarray('11111101111101101111101111101101111011111000011111111100001111111100101110111111011111111101001111100011111011111000110001100110011111111111111100000001111111110000001111111100000011111110000001111111000001111110000011111000001111100001111000011100001000101001010111010000')
DEBUG:root:Matched frame over all scan:2396

DEBUG:root:Errors over all scan:49

DEBUG:root:Result:replica detected
DEBUG:root:Match or Not:True
DEBUG:root:Real time1487903636.03

DEBUG:root:Extracted signature:bitarray('11111111111111001111111111111001111111111011011111111101101111111101101011111011011111111001011111100001111000111100111101111011111111111111111111000001111111111000001111111110000011111111001001111111000001111111000011111100001110110001101100010111001111100111011101110000')
DEBUG:root:Matched frame over all scan:2688

DEBUG:root:Errors over all scan:43

DEBUG:root:Result:replica detected
DEBUG:root:Match or Not:True
DEBUG:root:Real time1487903636.23

DEBUG:root:Extracted signature:bitarray('11111111111110001111111111110001111111111110011111111101101111111100101111111000011111100011111000010110000110010010011000111011101111111111111100000001111111110000001111111100000011111110001001111111000001111110000011110100001110011011100110110011001011001110011101110000')
DEBUG:root:Matched frame over all scan:2693

DEBUG:root:Errors over all scan:50

DEBUG:root:Result:replica detected
DEBUG:root:Match or Not:True
DEBUG:root:Real time1487903636.43

DEBUG:root:Extracted signature:bitarray('11111111111110001111111111110001111111111110011111111110101111111100001111111000011111100011111100010110000111000010011000111011101111111111111110000001111111110000001111111110000011111111001001111111000001111110000011111001011111001011100010110011011011001110011101111000')
DEBUG:root:Matched frame over all scan:2693

DEBUG:root:Errors over all scan:44

DEBUG:root:Result:replica detected
DEBUG:root:Match or Not:True
DEBUG:root:Real time1487903636.63

DEBUG:root:Extracted signature:bitarray('11111111111110001111111111110001111111111110011111111101101111111101101011111000011111110011011100010111000001100011100010000110011111111111111110000001111111111000001111111110000011111111001001111111000001111111000011111100001011100011011110011111001111011010111011010000')
DEBUG:root:Matched frame over all scan:2689

DEBUG:root:Errors over all scan:55

DEBUG:root:Result:replica detected
DEBUG:root:Match or Not:True
DEBUG:root:Real time1487903636.83

DEBUG:root:Extracted signature:bitarray('11111111111111101111111111111101111111111110011111111111101101111111100011111111000111111000111110001111000011100011000010000100011111111111111100000001111111110000001111111100000011001110000001001111000001011110000010111100101111100101111001011100101000111001000101101000')
DEBUG:root:Matched frame over all scan:2684

DEBUG:root:Errors over all scan:53

DEBUG:root:Result:tau3_fail
DEBUG:root:Match or Not:False
DEBUG:root:Real time1487903637.03

DEBUG:root:Extracted signature:bitarray('11111111111110001111111111100001111000111000011010001100000010001110001100011100011001110000001100010011000001111101111101111011101101111111111011100001111110001100001111100011000111110001100011110001100001100011000110001100011001100101001001010101100111101111011101101000')
DEBUG:root:Matched frame over all scan:680

DEBUG:root:Errors over all scan:61

DEBUG:root:Result:tau3_fail
DEBUG:root:Match or Not:False
DEBUG:root:Real time1487903637.23

DEBUG:root:Extracted signature:bitarray('11111111111110001111111111100001111110111000011010011100000010001110001110011100011001110000001110010011000001111101111101111011101101111111110001100001111110001100001111100011000111110001100011110001100001100011000010001100001001100101001001010101100111101111011101101000')
DEBUG:root:Matched frame over all scan:677

DEBUG:root:Errors over all scan:58

DEBUG:root:Result:replica detected
DEBUG:root:Match or Not:True
DEBUG:root:Real time1487903637.43

DEBUG:root:Extracted signature:bitarray('11111111111111101111111111101101111100111011011000011101100010011111100100011111011001110000001100010011000101110001111101111011101101111111110011000001111110011000001111100111000011110011100001110001100001100011000010001100001001100001011001010000101011101111001101101000')
DEBUG:root:Matched frame over all scan:680

DEBUG:root:Errors over all scan:68

DEBUG:root:Result:tau3_fail
DEBUG:root:Match or Not:False
DEBUG:root:Real time1487903637.63

DEBUG:root:Extracted signature:bitarray('11111111111111101111101111111101110011111111011000111111100000111111100100111111010011111100011100010011000101110001111101111011101111111111111111000001111101111000001111011100000011100111000001100011000001100111000010011100001001100001011001010000101011101111001101101000')
DEBUG:root:Matched frame over all scan:2679

DEBUG:root:Errors over all scan:66

DEBUG:root:Result:tau3_fail
DEBUG:root:Match or Not:False
DEBUG:root:Real time1487903637.83

DEBUG:root:Extracted signature:bitarray('11111111111111101111111111111001110011111111011000111111100000011111100100111111010011111101001100010011000100100011100011011101101111111111111100000001111001100000001110011100000011100111000001100011000001100111000010001100001001100001001001010000101010101111001101101000')
DEBUG:root:Matched frame over all scan:2679

DEBUG:root:Errors over all scan:82

DEBUG:root:Result:tau3_fail
DEBUG:root:Match or Not:False
DEBUG:root:Real time1487903638.04

DEBUG:root:Extracted signature:bitarray('11111111111111101111111111111001110111111110010001111111100000111111101000111111010001111000001100010011000011111101111101111011101111111111111110000001111111111000001110011110000011000111001001100111100001000111000010011100001001000101000001010001101011100111011101101000')
DEBUG:root:Matched frame over all scan:2679

DEBUG:root:Errors over all scan:63

DEBUG:root:Result:tau3_fail
DEBUG:root:Match or Not:False
DEBUG:root:Real time1487903638.24

DEBUG:root:Extracted signature:bitarray('11111111111111101111111111111001110111111110010001111111100000111111100000111111010001111000001100010011000001111101111101111011101111111111111100000001111111110000001111111100000011001110001001000111100001000111000010011100001001000101000001010001101011100111011101101000')
DEBUG:root:Matched frame over all scan:2679

DEBUG:root:Errors over all scan:65

DEBUG:root:Result:tau3_fail
DEBUG:root:Match or Not:False
DEBUG:root:Real time1487903638.44

DEBUG:root:Extracted signature:bitarray('11111111111111101111111111111001110111111110010011111111100001111111100000111111000001111000001100010011000001111101111101111011101111111111111100000001111111110000001111111100010011111110001001000111000001000111000010011100001001000101000001010001101011101111011101101000')
DEBUG:root:Matched frame over all scan:2679

DEBUG:root:Errors over all scan:63

DEBUG:root:Result:tau3_fail
DEBUG:root:Match or Not:False
DEBUG:root:Real time1487903638.64

DEBUG:root:Extracted signature:bitarray('11111111100011101111111110011101111111111111011111011111101111001111101110001111010000111100001111100011111001111101111101111011101101111111111001110001111111001110001111110011100011111000110001111000111101110001111011000001101000011101001111011111101101101011011101101000')
DEBUG:root:Matched frame over all scan:2731

DEBUG:root:Errors over all scan:58

DEBUG:root:Result:tau3_fail
DEBUG:root:Match or Not:False
DEBUG:root:Real time1487903638.84

DEBUG:root:Extracted signature:bitarray('11111111111100001111111111000001111111110000011111111001101111111001101110000111011000011101100011101001111000111101111101111011101111111111111100001001111111110001001111111100010010111110001001111110001001111100011011100011101100011101000111010011101111100111011101101000')
DEBUG:root:Matched frame over all scan:2687

DEBUG:root:Errors over all scan:60

DEBUG:root:Result:tau3_fail
DEBUG:root:Match or Not:False
DEBUG:root:Real time1487903639.04

DEBUG:root:Extracted signature:bitarray('11111110111111101111110101111101111111001111011111110011101111110011101110011111011001111000100110011101100110010010011100111011101111111111111101100001111111101100001111111001100011101110011001110111010001110111100011000110001100110101000001010000100011100111011101101000')
DEBUG:root:Matched frame over all scan:2681

DEBUG:root:Errors over all scan:65

DEBUG:root:Result:tau3_fail
DEBUG:root:Match or Not:False
DEBUG:root:Real time1487903639.24

DEBUG:root:Extracted signature:bitarray('11111111111111101111100111111001111100011110011110001111101110001111101110011111011100111101100111001001111001111101111101111011101101011111111110010001111111110011001011111100110010111110011001111110011001111100111011100011101100011101000111010011101011100111011101101000')
DEBUG:root:Matched frame over all scan:2413

DEBUG:root:Errors over all scan:57

DEBUG:root:Result:tau3_fail
DEBUG:root:Match or Not:False
DEBUG:root:Real time1487903639.44

DEBUG:root:Extracted signature:bitarray('10011101100111100011111100111101111111001111011111111111101111111111101111101111011110011001100001100000111001111101111101011001101111111011111111110000011111111111000111110111110001111111110000111111110000111111100011111110101110000101001011010100101100101001000101101000')
DEBUG:root:Matched frame over all scan:2413

DEBUG:root:Errors over all scan:58

DEBUG:root:Result:tau3_fail
DEBUG:root:Match or Not:False
DEBUG:root:Real time1487903639.64

DEBUG:root:Extracted signature:bitarray('10011101110011100011111110111101111111001111010111101111100011100111101111001111011000111100000111100011111001111100111101111011101010010111001111110010111001111111000111000111110011110011111001111111111001111111110011111111001110111001100110010011001011000100111010010000')
DEBUG:root:Matched frame over all scan:2478

DEBUG:root:Errors over all scan:58

DEBUG:root:Result:replica detected
DEBUG:root:Match or Not:True
DEBUG:root:Under real time Point counter:0.217998027802

DEBUG:root:Extracted signature:bitarray('11011101100111100011111100111101111111001101011111110110101001110111001001100110010110011100000111000001111000111100111101111011101100010111001111110010111001111111000111100111100011110011110001011111111001111111100011111110101110110001101100010110001010000100011010010000')
DEBUG:root:Matched frame over all scan:2493

DEBUG:root:Errors over all scan:70

DEBUG:root:Result:replica detected
DEBUG:root:Match or Not:True
DEBUG:root:Real time1487903640.06

DEBUG:root:Extracted signature:bitarray('11111101100111101011111100111100111111001111011111001111101111001111101110011111011000111100000111100001111000111100111101111011101100010111001111111010111001111111000111000111110001110011111001011111111001111111110011111111001110111001101110010011001011000010101010010000')
DEBUG:root:Matched frame over all scan:2484

DEBUG:root:Errors over all scan:58

DEBUG:root:Result:replica detected
DEBUG:root:Match or Not:True
DEBUG:root:Real time1487903640.26

DEBUG:root:Extracted signature:bitarray('11111101100111101011111100111100111111001111011111100111101011110111101111100110010110011110000011110000110100111100111101111011101101010111001111110000111001111111000111100111110011110011111001011111111001111111100011111110011110010011000100110010011110011100100110101000')
DEBUG:root:Matched frame over all scan:2711

DEBUG:root:Errors over all scan:66

DEBUG:root:Result:tau3_fail
DEBUG:root:Match or Not:False
DEBUG:root:Real time1487903640.46

DEBUG:root:Extracted signature:bitarray('11111111100111101011111110111100111111001111011111101111101111110111101111101110010110011100110001100100111011111101111101011001101111101111111111110000111111111111000111100111110001110011110000111111110001111111100011111110001110000101000011010100101100101001000101101000')
DEBUG:root:Matched frame over all scan:2413

DEBUG:root:Errors over all scan:56

DEBUG:root:Result:tau3_fail
DEBUG:root:Match or Not:False
DEBUG:root:Real time1487903640.66

DEBUG:root:Extracted signature:bitarray('11111101100111101111111100111100111111001101011111001110101111100111101111001111011001101101000100110001001100011100011100111011010000010111001111110010111001111111000111100111110011110011111001011111111001111111110011111110001110110001101100110000001001001010000010010000')
DEBUG:root:Matched frame over all scan:821

DEBUG:root:Errors over all scan:69

DEBUG:root:Result:tau3_fail
DEBUG:root:Match or Not:False
DEBUG:root:Real time1487903640.86

DEBUG:root:Extracted signature:bitarray('11111101110111101011111110111100111111001101011111100111101011110111100111100111010111011100011111100001111000111100111101111011101000010111001111110000111001111111000111100111100011110011110001011111111001111111100011111110001110110001101100010010001010010110010010010000')
DEBUG:root:Matched frame over all scan:2460

DEBUG:root:Errors over all scan:61

DEBUG:root:Result:replica detected
DEBUG:root:Match or Not:True
DEBUG:root:Real time1487903641.06

DEBUG:root:Extracted signature:bitarray('11001101000011011011111000011100111110000111001111110011101111100011100011000111001100011101110001101100001111000011000010000100010010011110000000000111111000000000101100110000001010011100000101001100000101011000001011100000001100000101000001011000101000110001001101101000')
DEBUG:root:Matched frame over all scan:1948

DEBUG:root:Errors over all scan:70

DEBUG:root:Result:tau2_fail
DEBUG:root:Match or Not:False
DEBUG:root:Real time1487903641.26

DEBUG:root:Extracted signature:bitarray('11001101110011111011111000011100111100100111001110011011101110011011101011100111001110001101110001101100001110000011000010000100000111111110011000000111111111111000101100111110001010011111000101011111000101111100001011100000101100001101000001010000101000111001001101101000')
DEBUG:root:Matched frame over all scan:2229

DEBUG:root:Errors over all scan:70

DEBUG:root:Result:tau3_fail
DEBUG:root:Match or Not:False
DEBUG:root:Real time1487903641.46

DEBUG:root:Extracted signature:bitarray('11001111000011111101110010011100111101100111011111100011101101100011100011000111001110001101110000001100011001001111000010001001101111111101000000000111111011001000101110111010001010011111000101011110000001011000000011100000001100000101000001011001101001100111001101101000')
DEBUG:root:Matched frame over all scan:832

DEBUG:root:Errors over all scan:84

DEBUG:root:Result:tau3_fail
DEBUG:root:Match or Not:False
DEBUG:root:Real time1487903641.66

DEBUG:root:Extracted signature:bitarray('11001101010011111001110010011100011110100111001111110011101111100011101011000111001110001101110001101100001111000010000010000100010010011111110100000111111111111000101100111110001010011111000101011110000101111100001011100000001100000101000001010000101000110001000100101000')
DEBUG:root:Matched frame over all scan:1948

DEBUG:root:Errors over all scan:67

DEBUG:root:Result:tau1_fail
DEBUG:root:Match or Not:False
DEBUG:root:Real time1487903641.86

DEBUG:root:Extracted signature:bitarray('11001101010011111001110000011110011110100111001111010011101111100011100011000111001110001101110001101100011110000010000010000100010010111111111100000111111111100000101111111110001011011111000101011110000101111100001011100000001100000101000001011000101000110001001101101000')
DEBUG:root:Matched frame over all scan:1948

DEBUG:root:Errors over all scan:65

DEBUG:root:Result:tau1_fail
DEBUG:root:Match or Not:False
DEBUG:root:Real time1487903642.06

DEBUG:root:Extracted signature:bitarray('11001101000011011001110000011101111100100111001110010011101110010011100000110111000110011000110001001110011011000010000010000100111111111111000000000111111000000000101110110000001010011100000101001100000001011000000011100000001000000101010001011001101001100011001101101000')
DEBUG:root:Matched frame over all scan:2619

DEBUG:root:Errors over all scan:88

DEBUG:root:Result:tau3_fail
DEBUG:root:Match or Not:False
DEBUG:root:Real time1487903642.26

DEBUG:root:Extracted signature:bitarray('11001101010011111001110000011100011110100111001111110011101111100011100011000111001110011100110001101100011111000010000010000100010010011110010000000111111111111000101111111110001011011111000101011110000001111100000011100000001000000101000001010000101000100001000101101000')
DEBUG:root:Matched frame over all scan:833

DEBUG:root:Errors over all scan:70

DEBUG:root:Result:tau3_fail
DEBUG:root:Match or Not:False
DEBUG:root:Real time1487903642.46

DEBUG:root:Extracted signature:bitarray('11001100010011111001100010011100111000000111000110001111100111100011101111000111001110000100110001101000111001111101011100000001101111111110000110100111110000100100101100000011101010000001110101000001100101000000000011100000101100000101000011000111100111100111011101101000')
DEBUG:root:Matched frame over all scan:1444

DEBUG:root:Errors over all scan:90

DEBUG:root:Result:tau3_fail
DEBUG:root:Match or Not:False
DEBUG:root:Real time1487903642.66

DEBUG:root:Extracted signature:bitarray('11001111010011111001110010011100011100100111001110110011101111110011100001100110000110001000110001101110011010001110001110011001101111111111000000000111110001000000101100111000001010011110000101001110000001011000000011001000101011000101110001010001100001100111001101101000')
DEBUG:root:Matched frame over all scan:2619

DEBUG:root:Errors over all scan:83

DEBUG:root:Result:tau3_fail
DEBUG:root:Match or Not:False
DEBUG:root:Real time1487903642.86

DEBUG:root:Extracted signature:bitarray('11001101010011111011110010011100111100100111000111100011100111100011101111000011101100001110110001100110111011111101110010000100011111011110000000000111110011001000101000110110001010011110000101001100000001011000001111000000101000000101001111011111100111100111011101101000')
DEBUG:root:Matched frame over all scan:834

DEBUG:root:Errors over all scan:89

DEBUG:root:Result:tau3_fail
DEBUG:root:Match or Not:False
DEBUG:root:Real time1487903643.06

DEBUG:root:Extracted signature:bitarray('11001101010011011001110010011100111100100111001111100011101111100011101111000110101100001110011001101110011010001110011100011001101111111110000001100111111011111000101100111110001010011111000101011110000001011100001110011000101011000101100011010001100011100111011101101000')
DEBUG:root:Matched frame over all scan:2615

DEBUG:root:Errors over all scan:88

DEBUG:root:Result:tau3_fail
DEBUG:root:Match or Not:False
DEBUG:root:Real time1487903643.26

DEBUG:root:Extracted signature:bitarray('11001100010011111001110010011101111100100111001111100001101111100001101111000001101100001110000011100110111011111101011100000100011011111111101111000111111111111000101111111110001011011110000101011110000001111000000110000000111000111101001111000111100111100111011101101000')
DEBUG:root:Matched frame over all scan:834

DEBUG:root:Errors over all scan:88

DEBUG:root:Result:tau3_fail
DEBUG:root:Match or Not:False
DEBUG:root:Real time1487903643.46

DEBUG:root:Extracted signature:bitarray('11001110000011111001110000011100011110000111001111100011101111100001101111000011011110001100110001101110011010011100011100111001101111111111111000000111111111100000101111111100001011111110000101011100000101100110001010011000101110001101100011010011100111100111001101101000')
DEBUG:root:Matched frame over all scan:1

DEBUG:root:Errors over all scan:68

DEBUG:root:Result:tau3_fail
DEBUG:root:Match or Not:False
DEBUG:root:Real time1487903643.66

DEBUG:root:Extracted signature:bitarray('11111101000100111011111100110100111111011111001111101111101111110111101111101111011111111101011101100111111011111100011100111011101111111111001111100011111001111100011111001111100010001111110001001111110001111111100011111100101101000101100111010011100011100111011110010000')
DEBUG:root:Matched frame over all scan:5

DEBUG:root:Errors over all scan:61

DEBUG:root:Result:tau3_fail
DEBUG:root:Match or Not:False
DEBUG:root:Real time1487903643.86

DEBUG:root:Extracted signature:bitarray('11111101110111101011111100111100111111001100011111100110101111110111101111100111011110011100011011100011111001111101111100111011111010010111001111110000011001111111001111100111100011110011110001011111111001111111100011111110001110110001100000010001001001100111010010010000')
DEBUG:root:Matched frame over all scan:2465

DEBUG:root:Errors over all scan:63

DEBUG:root:Result:tau3_fail
DEBUG:root:Match or Not:False
DEBUG:root:Real time1487903644.06

DEBUG:root:Extracted signature:bitarray('11111101100111101111111100111100111111001111011111011110101111111111101111101110011110011101100011100000111010111100111101111001101111110111001111110010111001111111000111100111110011110011110001111111110001111111100011111110001110110101101101010110101110101001010101101000')
DEBUG:root:Matched frame over all scan:2731

DEBUG:root:Errors over all scan:58

DEBUG:root:Result:tau3_fail
DEBUG:root:Match or Not:False
DEBUG:root:Real time1487903644.26

DEBUG:root:Extracted signature:bitarray('11111101100111101111111100111100111111001101011111100111101111100111101111001111011110111101111111100011111000111100111101111011101000010111001111110010111001111111000111100111110001110011111001011111111001111111110011111111001110111001101110010011001010000110111010010000')
DEBUG:root:Matched frame over all scan:2478

DEBUG:root:Errors over all scan:51

DEBUG:root:Result:replica detected
DEBUG:root:Match or Not:True
DEBUG:root:Real time1487903644.46

DEBUG:root:Extracted signature:bitarray('11111101100111101111111100111100111111001111011111100111101111110111101111100111011110011101110011100000111000111100111101111011101111110111001111110010111001111111000111100111110011110011111001011111111101110111101011011010001010011001000110010011001010001000100100101000')
DEBUG:root:Matched frame over all scan:2439

DEBUG:root:Errors over all scan:64

DEBUG:root:Result:tau3_fail
DEBUG:root:Match or Not:False
DEBUG:root:Real time1487903644.66

DEBUG:root:Extracted signature:bitarray('11111101100111101111111100111100111111001111011111001111101111000111101110001111011100011101100011100001111000111100111101111011101100010111001111110010111001111111000111100111110001110011111001011111111001111111110011111111001110111001101100010011001011000000100010010000')
DEBUG:root:Matched frame over all scan:2478

DEBUG:root:Errors over all scan:61

DEBUG:root:Result:replica detected
DEBUG:root:Match or Not:True
DEBUG:root:Under real time Point counter:0.215322971344

DEBUG:root:Extracted signature:bitarray('11111101100111101111111100111100111111001101011111100111101111100111101111001110011110111101111111101111111011111100111101111011101100010111001111110000111001111110000111100111100001110011111001011111111001111111100011111110001110110001101110010111001010000110111011010000')
DEBUG:root:Matched frame over all scan:2464

DEBUG:root:Errors over all scan:49

DEBUG:root:Result:replica detected
DEBUG:root:Match or Not:True
