DEBUG:root:Under real time Point counter:2.59876251221e-05

DEBUG:root:Real time1487957353.49

DEBUG:root:Real time1487957353.69

DEBUG:root:Real time1487957353.89

DEBUG:root:Real time1487957354.09

DEBUG:root:Real time1487957354.29

DEBUG:root:Real time1487957354.49

DEBUG:root:Real time1487957354.69

DEBUG:root:Real time1487957354.89

DEBUG:root:Real time1487957355.1

DEBUG:root:Real time1487957355.3

DEBUG:root:Real time1487957355.5

DEBUG:root:Real time1487957355.7

DEBUG:root:Real time1487957355.9

DEBUG:root:Real time1487957356.1

DEBUG:root:Too small detection probably wrong
DEBUG:root:Real time1487957356.3

DEBUG:root:Real time1487957356.5

DEBUG:root:Extracted signature:bitarray('11111111111111101111111111111101111111111111011111111111101111111111101111111111011111111101111111101111111011111101111101111011101111111111111000000011111111000000010111110000000111111000001111111000000010100000000110000000010000000011000000100000010000010000100010010100')
DEBUG:root:Matched frame over all scan:1661

DEBUG:root:Errors over all scan:37

DEBUG:root:Result:replica detected
DEBUG:root:Match or Not:True
DEBUG:root:Under real time Point counter:0.202136993408

DEBUG:root:Extracted signature:bitarray('11111111111111001111111111111101111111111111011111111111101111111111101111001111011100111101110011101110111011111101111101111011101111111101111001000011101111000000011111110000000111111001001111110011001011100110000110011000010000000011000001100000010000010000100010000100')
DEBUG:root:Matched frame over all scan:1661

DEBUG:root:Errors over all scan:47

DEBUG:root:Result:replica detected
DEBUG:root:Match or Not:True
DEBUG:root:Real time1487957356.91

DEBUG:root:Real time1487957357.11

DEBUG:root:Real time1487957357.31

DEBUG:root:Extracted signature:bitarray('11100001000000000000000000000000000000000000000000000000000000000000000000000000000000000000000000000000000000000000000000000000000000011100001000000000000000000000000000000000000000000000000000000000000000000000000000000000000000000000000000000000000000000000000000000000')
DEBUG:root:Matched frame over all scan:1520

DEBUG:root:Errors over all scan:8

DEBUG:root:Result:replica detected
DEBUG:root:Match or Not:True
DEBUG:root:Real time1487957357.51

DEBUG:root:Real time1487957357.71

DEBUG:root:Real time1487957357.91

DEBUG:root:Real time1487957358.11

DEBUG:root:Real time1487957358.31

DEBUG:root:Real time1487957358.51

DEBUG:root:Extracted signature:bitarray('11111111111111101101111111111101111111111111011111111111101001111111100011111111011111111101111111101111100011100001100011000110010010111111111000100101111111000100101111110001001011111010100111110000100010001111000001111100001111100011110000111100001110001000100010000100')
DEBUG:root:Matched frame over all scan:2555

DEBUG:root:Errors over all scan:54

DEBUG:root:Result:tau3_fail
DEBUG:root:Match or Not:False
DEBUG:root:Real time1487957358.71

DEBUG:root:Real time1487957358.91

DEBUG:root:Real time1487957359.11

DEBUG:root:Real time1487957359.31

DEBUG:root:Real time1487957359.51

DEBUG:root:Real time1487957359.72

DEBUG:root:Real time1487957359.92

DEBUG:root:Real time1487957360.12

DEBUG:root:Too small detection probably wrong
DEBUG:root:Real time1487957360.32

DEBUG:root:Real time1487957360.52

DEBUG:root:Extracted signature:bitarray('11111111111111101101110111111101111111111111011111111111101001111111100011111111011111111101111111101111100011100001100011000110010010111111111000100101111111000100101111110001001011111000100111110000100010001111000001111100001111100011110000101100001110001000100010000100')
DEBUG:root:Matched frame over all scan:2555

DEBUG:root:Errors over all scan:57

DEBUG:root:Result:tau3_fail
DEBUG:root:Match or Not:False
DEBUG:root:Under real time Point counter:0.241597175598

DEBUG:root:Real time1487957360.96

DEBUG:root:Real time1487957361.16

DEBUG:root:Real time1487957361.36

DEBUG:root:Real time1487957361.56

DEBUG:root:Real time1487957361.76

DEBUG:root:Real time1487957361.96

DEBUG:root:Extracted signature:bitarray('00000000000000000000000000000000000000000000000000000000000000000000000000000000000000000000000000000000000000000000000000000000000000000000000000000000000000000000000000000000000000000000000000000000000000000000000000000000000000000000000000000000000000000000000000000100')
DEBUG:root:Matched frame over all scan:1520

DEBUG:root:Errors over all scan:1

DEBUG:root:Result:replica detected
DEBUG:root:Match or Not:True
DEBUG:root:Real time1487957362.16

DEBUG:root:Real time1487957362.36

DEBUG:root:Extracted signature:bitarray('11111111111111001111110111111101111101111111011100111111101100111111100001111111011111111101111111001111111011111101111101111011101111111111111100001101111111100001101111110000011011101111000111001111001110110110011011011001100110001101100011110000010000010000100010000100')
DEBUG:root:Matched frame over all scan:1661

DEBUG:root:Errors over all scan:60

DEBUG:root:Result:tau3_fail
DEBUG:root:Match or Not:False
DEBUG:root:Real time1487957362.57

DEBUG:root:Extracted signature:bitarray('11111111011111101111111011111101111101111111011110111111101100111111100011111111001111111101111111101111110011111101111101111011101111111111111001001101111111001001101111100010001011110011000111001011001110001100011100110000000111000111110001100000010000010000100010000100')
DEBUG:root:Matched frame over all scan:1661

DEBUG:root:Errors over all scan:59

DEBUG:root:Result:tau3_fail
DEBUG:root:Match or Not:False
DEBUG:root:Real time1487957362.77

DEBUG:root:Extracted signature:bitarray('11111111111111101111110111111101111101111111011111111111101111111111101011111111011111111101111111101111111011101101111101111011101111111111111111001101111111111001101111110110011011111111001101111111001101111110011001111001101111001101100001110000010000010000100010000100')
DEBUG:root:Matched frame over all scan:9

DEBUG:root:Errors over all scan:41

DEBUG:root:Result:replica detected
DEBUG:root:Match or Not:True
DEBUG:root:Real time1487957362.97

DEBUG:root:Real time1487957363.17

DEBUG:root:Real time1487957363.37

DEBUG:root:Extracted signature:bitarray('11111111111111101111110111111101111100111111011110111111101110111111101101111111011110111101110011101100111011111101111101111011101111111111111111001101111111001001001111100110011011110011001111110011001111100110011100010011110000001111000001100000110000010000100010000100')
DEBUG:root:Matched frame over all scan:1661

DEBUG:root:Errors over all scan:55

DEBUG:root:Result:tau3_fail
DEBUG:root:Match or Not:False
DEBUG:root:Real time1487957363.57

DEBUG:root:Real time1487957363.77

DEBUG:root:Real time1487957363.97

DEBUG:root:Real time1487957364.17

DEBUG:root:Extracted signature:bitarray('11111111111111101111110111111101111101111111011110111111101110111111101111111111011111111101110111101110111011111101111101111011101111111111111111001101111111001001001111100110011011110011001111110011001111100110011100010011110100001111000001100000110000010000100010000100')
DEBUG:root:Matched frame over all scan:1661

DEBUG:root:Errors over all scan:51

DEBUG:root:Result:replica detected
DEBUG:root:Match or Not:True
DEBUG:root:Real time1487957364.37

DEBUG:root:Extracted signature:bitarray('11111110111111101111110111111101111101111111011100111111101000111111100001111111011111111101100011111000011110000011000110000110011111111111111100100101111111100100101111111101001011111110000101111110000111001101000100111100001111100011111100110110010010010000100010010100')
DEBUG:root:Matched frame over all scan:1666

DEBUG:root:Errors over all scan:51

DEBUG:root:Result:tau3_fail
DEBUG:root:Match or Not:False
DEBUG:root:Real time1487957364.57

DEBUG:root:Real time1487957364.77

DEBUG:root:Extracted signature:bitarray('10110000001110010100000100111110000001001111000000011111100000011111100111101111011110111101110111101101011000011100111101111011101100011000000011100010000011111000010100111110001010011000011100010000111101110001111011010011100110000101100011000111101100011100111100000100')
DEBUG:root:Matched frame over all scan:1668

DEBUG:root:Errors over all scan:64

DEBUG:root:Result:replica detected
DEBUG:root:Match or Not:True
DEBUG:root:Real time1487957364.97

DEBUG:root:Extracted signature:bitarray('11110000001111011100000100111110000001011111000000011111100000011111100111101111011110111101111101101101011010111100111101111011101100011000000011100010000011111000011100111100000110011000011110011000111100110001111011010011100110100101100011010111101100011100110010000100')
DEBUG:root:Matched frame over all scan:1667

DEBUG:root:Errors over all scan:73

DEBUG:root:Result:tau3_fail
DEBUG:root:Match or Not:False
DEBUG:root:Real time1487957365.17

DEBUG:root:Extracted signature:bitarray('10110000001110010100000100011110000001001111110000011111010000011111100111101111011110111101110110101101011010011100111101111011101100011000000011100010000001111000001100111110000010011000011010010000111100110001111011010011100110110101100011010111101110011100111100000100')
DEBUG:root:Matched frame over all scan:1670

DEBUG:root:Errors over all scan:64

DEBUG:root:Result:tau3_fail
DEBUG:root:Match or Not:False
DEBUG:root:Real time1487957365.38

DEBUG:root:Extracted signature:bitarray('10010010001100010010001100011110100011000111110000000111010000011111100111101111011110111100110111101101011010011100111101111011101100011000000010110010000001111000010100111100000110011100011010011000111100110001111011010011100111110101100011010111101110011100111000000100')
DEBUG:root:Matched frame over all scan:1670

DEBUG:root:Errors over all scan:69

DEBUG:root:Result:tau3_fail
DEBUG:root:Match or Not:False
DEBUG:root:Real time1487957365.58

DEBUG:root:Extracted signature:bitarray('10010010001100010000010110011110000001001111110000011111010000011111100111101111011110111100111101101101011010111100111101111011101100011000010011110010000001111000010100011100000110011100001010011000111100110001111011010011100110101101100011010111101110011100110010000100')
DEBUG:root:Matched frame over all scan:1671

DEBUG:root:Errors over all scan:69

DEBUG:root:Result:replica detected
DEBUG:root:Match or Not:True
DEBUG:root:Real time1487957365.78

DEBUG:root:Extracted signature:bitarray('10000010011000010100010110001110000001100111110000011111010000011111000111101111011110111101111101101101111000111100111101111011101000011000010010110010000001111000010100011100000110011100001010011000111100110011111011010011100111111101100011000111101110011100110010010100')
DEBUG:root:Matched frame over all scan:1680

DEBUG:root:Errors over all scan:66

DEBUG:root:Result:tau3_fail
DEBUG:root:Match or Not:False
DEBUG:root:Real time1487957365.98

DEBUG:root:Extracted signature:bitarray('10000010011000010100010110001110100001100111110000111111010000011111100111101111011110111101111101101101111010111100111101111011100000011000010010110010000001111000010100011100000110011100000010011000111100110011111011010011100110101101100011000111101110011100110010010100')
DEBUG:root:Matched frame over all scan:1680

DEBUG:root:Errors over all scan:70

DEBUG:root:Result:tau3_fail
DEBUG:root:Match or Not:False
DEBUG:root:Real time1487957366.18

DEBUG:root:Extracted signature:bitarray('10010000110100010110000110001110100011100111110000111111010000111111100111101111011110111101111101101101111010111100111101111011100000011000000111110010000000111000010100011100000110011100000010011000111100110011111011010011100110101101100011000111101110101100110010010100')
DEBUG:root:Matched frame over all scan:1679

DEBUG:root:Errors over all scan:72

DEBUG:root:Result:tau3_fail
DEBUG:root:Match or Not:False
DEBUG:root:Real time1487957366.38

DEBUG:root:Extracted signature:bitarray('10010000110100010110000110001110100001100111110000111111010000111111100111101111011110111101111101101101111010111100111101111011100000011000000110100010000001110000010100011100000110011100000010011000101100110011111011010011100110101101100011000111101110101100010010010100')
DEBUG:root:Matched frame over all scan:1679

DEBUG:root:Errors over all scan:75

DEBUG:root:Result:tau3_fail
DEBUG:root:Match or Not:False
DEBUG:root:Real time1487957366.58

DEBUG:root:Extracted signature:bitarray('10000010011100010100010110001110100001100110110000111111010000111111100111101111011110111101111101101101111010111100111101111011100000011000001010010010000001110000010100011100000110011100000010011000101100110001111011010011100110101101100111000111101110101100010010010100')
DEBUG:root:Matched frame over all scan:1679

DEBUG:root:Errors over all scan:70

DEBUG:root:Result:replica detected
DEBUG:root:Match or Not:True
DEBUG:root:Real time1487957366.78

DEBUG:root:Extracted signature:bitarray('10000010011100010100010110011110100001100110110000111111010000111111000111101111011110111101111101101101111010111100111101111011100000011000011010010010000001111000010100011100000110011100000010011000101000110001111011010011100110100101100011000111101110101100010010010100')
DEBUG:root:Matched frame over all scan:1679

DEBUG:root:Errors over all scan:71

DEBUG:root:Result:replica detected
DEBUG:root:Match or Not:True
DEBUG:root:Real time1487957366.98

DEBUG:root:Extracted signature:bitarray('10000010011100010100010110011010100001100110110000111111010000111111000111101111011110111101111101101100111010111100111101111011100000011000011011010010000001111000010100011100000110011100000010011100101000110000111011010011100110101101100011000111101110101100010010010100')
DEBUG:root:Matched frame over all scan:1679

DEBUG:root:Errors over all scan:69

DEBUG:root:Result:replica detected
DEBUG:root:Match or Not:True
DEBUG:root:Real time1487957367.18

DEBUG:root:Extracted signature:bitarray('10000010011100010000010110000010100011100110110000010111010000111111000111101111011110111100111101101101111010111100111101111011100000011000010010100010000001111000010100011100000110011100000010011100001000110001111011010011100110110101100011010111100110101100011010010100')
DEBUG:root:Matched frame over all scan:1678

DEBUG:root:Errors over all scan:63

DEBUG:root:Result:replica detected
DEBUG:root:Match or Not:True
DEBUG:root:Real time1487957367.38

DEBUG:root:Extracted signature:bitarray('10000010011100010100010110000011100001100110110000110111010000111111000111100111011110111101111101101100111010111100111101111011100000011000010010110010000001111000010100011100000110011100000010011100101000110000111011010011100110100101100011000111101110101100010010010100')
DEBUG:root:Matched frame over all scan:1679

DEBUG:root:Errors over all scan:70

DEBUG:root:Result:replica detected
DEBUG:root:Match or Not:True
DEBUG:root:Real time1487957367.58

DEBUG:root:Extracted signature:bitarray('10000000111100010000011110000010000111100110110000010111010000011111000111101111011110111100110111101101111010111100111101111011101000011000001010100010000001110000010100011100000110011110000010011000001100110001111011010011100110110101100011010011100110101100011000010100')
DEBUG:root:Matched frame over all scan:1681

DEBUG:root:Errors over all scan:59

DEBUG:root:Result:replica detected
DEBUG:root:Match or Not:True
DEBUG:root:Real time1487957367.78

DEBUG:root:Extracted signature:bitarray('11000100111100010000100110001110001111000011110010001111010000011111100111100111011110011101111101101101111010111100111101111011100000011010000011110010010000111000010110011100010011001110000010101100001001110000111011010011100110100101100011010111100100101100010010010100')
DEBUG:root:Matched frame over all scan:1681

DEBUG:root:Errors over all scan:79

DEBUG:root:Result:tau3_fail
DEBUG:root:Match or Not:False
DEBUG:root:Real time1487957367.98

DEBUG:root:Extracted signature:bitarray('11000100001100110000010111001110001100110011010110011101110000011111100011100111001110111101111101101110111001111101111101111011100000010010001001110010010010011000010100000110011001001010001111001110001100111000111011010011101110101101100111000111101101101001000010010100')
DEBUG:root:Matched frame over all scan:1683

DEBUG:root:Errors over all scan:80

DEBUG:root:Result:replica detected
DEBUG:root:Match or Not:True
DEBUG:root:Real time1487957368.18

DEBUG:root:Extracted signature:bitarray('11100000000111111000010000111110001100011111001100001101101010011101100100110111000111111100111001101110111001101101101101111011010000010010001100010110110001100110111100110011001100100001101101000011001100111110111011110111001110001101100111001111101101110000100010010100')
DEBUG:root:Matched frame over all scan:1684

DEBUG:root:Errors over all scan:75

DEBUG:root:Result:tau3_fail
DEBUG:root:Match or Not:False
DEBUG:root:Real time1487957368.38

DEBUG:root:Extracted signature:bitarray('10000000100001110000000100101110001100000111110010010011110000110011011001001100100000111100000111100011111010001100001110000111011011111100001111001111110010100001111100110000100100111000000010111000011000110001100011100110101110011101110111001011101011010000100010010100')
DEBUG:root:Matched frame over all scan:1686

DEBUG:root:Errors over all scan:91

DEBUG:root:Result:tau3_fail
DEBUG:root:Match or Not:False
DEBUG:root:Real time1487957368.58

DEBUG:root:Extracted signature:bitarray('11000000100001111000000000001110001100001111110110000011110100110011111001100111100000111100000011100011111011001110001110110110010010011110001111001110110000111001101100100011100100111000001010111110011000111001110011101010001110011101101111001011101011110000100010010100')
DEBUG:root:Matched frame over all scan:1686

DEBUG:root:Errors over all scan:83

DEBUG:root:Result:tau3_fail
DEBUG:root:Match or Not:False
DEBUG:root:Under real time Point counter:0.207720994949

DEBUG:root:Extracted signature:bitarray('10000000011111110111000011011101100000110011110001010000010001000000010001100000100110011100100111100001111000011011000010000101101111111111001100011100111001101001101110011000010010011000000010011000010011111100001000110001100110111100111111011011101000011000100010000100')
DEBUG:root:Matched frame over all scan:1371

DEBUG:root:Errors over all scan:96

DEBUG:root:Result:tau2_fail
DEBUG:root:Match or Not:False
DEBUG:root:Real time1487957368.99

DEBUG:root:Extracted signature:bitarray('10110110001111111110000000111111100001100111110000100011110000110011110001100111100111001100101001101000011100000010000010000100011111010110000101101100111001101111001100111010110010011110001110001100001101011100011100111001100101011101110111011000001100011000100011010100')
DEBUG:root:Matched frame over all scan:1689

DEBUG:root:Errors over all scan:81

DEBUG:root:Result:tau3_fail
DEBUG:root:Match or Not:False
DEBUG:root:Real time1487957369.19

DEBUG:root:Extracted signature:bitarray('11110000011011101110000011011111000000111000100000110101110000110011110001100111000110011100110011101000010100000010000010000100110010000110000101011111101001001111010010110101110101000110011111000110011100001001011001111001101111011100110110011100001100011000110010000100')
DEBUG:root:Matched frame over all scan:1689

DEBUG:root:Errors over all scan:87

DEBUG:root:Result:tau3_fail
DEBUG:root:Match or Not:False
DEBUG:root:Under real time Point counter:0.200737953186

DEBUG:root:Extracted signature:bitarray('11110011111011111100001111001111000011110011111000111001111000110001110001100111100010011100010011000110000011000011000010000110010010011100001010010011000011000110010000011011100100000111011110000111011100001100110001110010001011110000111000011100001100010110111111100100')
DEBUG:root:Matched frame over all scan:1691

DEBUG:root:Errors over all scan:67

DEBUG:root:Result:replica detected
DEBUG:root:Match or Not:True
DEBUG:root:Real time1487957369.59

DEBUG:root:Extracted signature:bitarray('11100111110011111100111100011111000111100111100000010011111000000111110000001111000100111000111110000110000011000011000010001100010000011100011010000011000011000101010000010001101001001101101100000101101100011000110001100110000111000001110000001100001100001111011101101100')
DEBUG:root:Matched frame over all scan:1717

DEBUG:root:Errors over all scan:95

DEBUG:root:Result:tau3_fail
DEBUG:root:Match or Not:False
DEBUG:root:Under real time Point counter:0.200731992722

DEBUG:root:Extracted signature:bitarray('10110000110001110111000110001101110001100111001000110111001000100111010000001111100001001110001100100011100001100011100110111011100101111100011000000001100111010001111001100111111000011110011001011100111110110011111000011011101010001100101000001100101111101111011101101100')
DEBUG:root:Matched frame over all scan:1693

DEBUG:root:Errors over all scan:87

DEBUG:root:Result:tau3_fail
DEBUG:root:Match or Not:False
DEBUG:root:Real time1487957369.99

DEBUG:root:Extracted signature:bitarray('11110001110001101111001110001101110011100111000000110111010000000111010000001110100001111110001100000011000001100001110100111011100101101110101100000101110101111001101000111110111000111100011001001100110010010011111001000111101010001100001000001100101111101111011101101100')
DEBUG:root:Matched frame over all scan:1693

DEBUG:root:Errors over all scan:77

DEBUG:root:Result:tau3_fail
DEBUG:root:Match or Not:False
DEBUG:root:Real time1487957370.19

DEBUG:root:Extracted signature:bitarray('11100110110011101100000010011101110000001111101000000111101100000111011000010100100001011010001100000011100001111001111001111001100000011100111000001101110111001100001100110111001100011100001110011010011100110110110000011101000100001000001000001111000111101111001101101100')
DEBUG:root:Matched frame over all scan:1694

DEBUG:root:Errors over all scan:85

DEBUG:root:Result:tau3_fail
DEBUG:root:Match or Not:False
DEBUG:root:Real time1487957370.39

DEBUG:root:Extracted signature:bitarray('10010000000011110111000000011101110010000111011001000011101000001011010000010000100001100110001111100011111001111100111101100100010100010001111001110010101111001110001111110011100010101011010010011110001000111100000001100110001000110010011101010111001011101100100010000100')
DEBUG:root:Matched frame over all scan:1324

DEBUG:root:Errors over all scan:92

DEBUG:root:Result:tau3_fail
DEBUG:root:Match or Not:False
DEBUG:root:Real time1487957370.59

DEBUG:root:Extracted signature:bitarray('10011000011011110011100011111100111101100100011110110010001100011000010000010000100001100010000111100001111000111100111101110010010000010000111000111100101110000111101011110001111100110100110010100111100000111001000001100100010000100010100110010111101001110100010010010100')
DEBUG:root:Matched frame over all scan:1696

DEBUG:root:Errors over all scan:92

DEBUG:root:Result:tau3_fail
DEBUG:root:Match or Not:False
DEBUG:root:Real time1487957370.79

DEBUG:root:Extracted signature:bitarray('10011000000011110001100000011110011000100111111100011010011000011100010000011000100001100010000111000001111000011100001100011001100000110000111000111100100111000011101011110000111100110011100001110011101000011011000011001000001000011110000110100001010000110010101001100100')
DEBUG:root:Matched frame over all scan:1697

DEBUG:root:Errors over all scan:86

DEBUG:root:Result:tau3_fail
DEBUG:root:Match or Not:False
DEBUG:root:Real time1487957371.0

DEBUG:root:Extracted signature:bitarray('11100000011111011110000011000011110000010000111000000000010000000000110100000111100000111100001111100011111011110001110001110011101100010001101100010010000101010000010001110000000101111100000011111100001111111000011111100011100110011100011111011110001110001110011001000100')
DEBUG:root:Matched frame over all scan:1699

DEBUG:root:Errors over all scan:77

DEBUG:root:Result:tau3_fail
DEBUG:root:Match or Not:False
DEBUG:root:Real time1487957371.2

DEBUG:root:Extracted signature:bitarray('11001100010011011010000010000010110000000000111000100000010010010000011100100100100000111110001110010010000101000001111001111011101101011100000000010010100000000100011100110001011010001100000010110110000001101110000011111100001111110001110000100000010010001110011000001100')
DEBUG:root:Matched frame over all scan:562

DEBUG:root:Errors over all scan:86

DEBUG:root:Result:tau3_fail
DEBUG:root:Match or Not:False
DEBUG:root:Real time1487957371.4

DEBUG:root:Extracted signature:bitarray('10000110011011010000110000110010001000101110100100011011110010011001100111110000111111001101011011100101111000111100111101111010010000011100100111001111100110010011110000000100111100010011111010010010011000111100011001101001101111001100000111000111000110001100110010000100')
DEBUG:root:Matched frame over all scan:1700

DEBUG:root:Errors over all scan:75

DEBUG:root:Result:tau3_fail
DEBUG:root:Match or Not:False
DEBUG:root:Real time1487957371.6

DEBUG:root:Extracted signature:bitarray('00011000010000010011000110001110111001100001111100110000011100011000010000110000001011010000011011001111101011111101111101111011101111011001000010010011000100111000010001001011001100100100100110000110000010000110000100011000011001110010011110011111101111101111011101100100')
DEBUG:root:Matched frame over all scan:236

DEBUG:root:Errors over all scan:87

DEBUG:root:Result:tau3_fail
DEBUG:root:Match or Not:False
DEBUG:root:Real time1487957371.8

DEBUG:root:Extracted signature:bitarray('10110000010001011100000011001111000000110001100000011001110100011000110000111000001011110001001110000011101001111101111101111011101111100110001000000011100001001000011000010110000100000011000010000011000011000111000100011100011011110010011100101110011111011110011101100100')
DEBUG:root:Matched frame over all scan:1702

DEBUG:root:Errors over all scan:86

DEBUG:root:Result:tau3_fail
DEBUG:root:Match or Not:False
DEBUG:root:Real time1487957372.0

DEBUG:root:Extracted signature:bitarray('10001100000001110001100000001101111000110000110000011000010000011001010000110111000011111101111110100101111011110001110001100001101111111000001000010011100000110001111101001100000110000111000010000110000010000100000100011100100111100001111000111100011100011101010010010100')
DEBUG:root:Matched frame over all scan:1703

DEBUG:root:Errors over all scan:66

DEBUG:root:Result:tau3_fail
DEBUG:root:Match or Not:False
DEBUG:root:Real time1487957372.2

DEBUG:root:Extracted signature:bitarray('10110000001100110010000011000011100001100000110000110011110000011011110000110011100011011100011111101100101110000111100111001100111111111000011000100011000001001000010000011000000100001100010010000000000010000100000100110000010110001001110000111000111000010000100010010100')
DEBUG:root:Matched frame over all scan:1704

DEBUG:root:Errors over all scan:64

DEBUG:root:Result:tau3_fail
DEBUG:root:Match or Not:False
DEBUG:root:Real time1487957372.4

DEBUG:root:Extracted signature:bitarray('10111000000001110111000000001110110000000111111000011011111000110011110000100100110010011110010011111000000100000010001110011101101111111000001000000111000000000000011000000000010100000000011010000000110010010001000111000100010000010011000000100000010000010000101001101100')
DEBUG:root:Matched frame over all scan:1705

DEBUG:root:Errors over all scan:56

DEBUG:root:Result:replica detected
DEBUG:root:Match or Not:True
DEBUG:root:Real time1487957372.6

DEBUG:root:Extracted signature:bitarray('10110000000011110110000000011110100000011101101000011110111100011001111000100011100000011010000010011100000110000010010000111011101111111000110000000011100000000000011010000000000101000000010010000000001010000000101100001110010000100010000000110000010110001100011101110100')
DEBUG:root:Matched frame over all scan:1706

DEBUG:root:Errors over all scan:66

DEBUG:root:Result:tau3_fail
DEBUG:root:Match or Not:False
DEBUG:root:Real time1487957372.8

DEBUG:root:Extracted signature:bitarray('10010000000001110010000000011110110000001110111100000110011100000001111000000111100000000010000000011100011110000110100100111011101111111100100000000111111100000000011000000001100100000000100010000000001010000000010100000100010000000010100000011100001100000111011101010100')
DEBUG:root:Matched frame over all scan:1707

DEBUG:root:Errors over all scan:57

DEBUG:root:Result:tau3_fail
DEBUG:root:Match or Not:False
DEBUG:root:Real time1487957373.0

DEBUG:root:Extracted signature:bitarray('10000110011001110000110010001110110000000011111000000000011000000010010000000000100110000010010001010100110110011110011100111011101111111100100000000111110000000000011000000000000100000000100011000000000010000000000101100000011100000010111100011110011001100011011001110100')
DEBUG:root:Matched frame over all scan:1708

DEBUG:root:Errors over all scan:47

DEBUG:root:Result:tau3_fail
DEBUG:root:Match or Not:False
DEBUG:root:Real time1487957373.2

DEBUG:root:Extracted signature:bitarray('10110110010000110110110010001111111000100011110100000001110000000010010000000000100010000110010001100100111010011100011100111011101100011110000011000011000011000010010001000000000101000000000010000000000010010000000101001000011101000010111100101100100101100010001101100100')
DEBUG:root:Matched frame over all scan:1709

DEBUG:root:Errors over all scan:63

DEBUG:root:Result:replica detected
DEBUG:root:Match or Not:True
DEBUG:root:Real time1487957373.4

DEBUG:root:Extracted signature:bitarray('11110000110000011110000100000111100001000001110000100001110010100001111001000001100100000010000001110000111000011100011100111011100101111000001100000011100001100000110110010000000101100000000011101000000010010010000100001000010110000011001011100110001111100011001100001100')
DEBUG:root:Matched frame over all scan:1711

DEBUG:root:Errors over all scan:59

DEBUG:root:Result:tau3_fail
DEBUG:root:Match or Not:False
DEBUG:root:Real time1487957373.6

DEBUG:root:Extracted signature:bitarray('11110000110000011110000110000010110001100000110000110001110010110001111111000001100100000010000010010000111000011100011100111011100000011000000110000011010001100000010011000000000101100100000011100100000011000000000100001100010010000110101011100111001111100111011000001100')
DEBUG:root:Matched frame over all scan:1711

DEBUG:root:Errors over all scan:46

DEBUG:root:Result:replica detected
DEBUG:root:Match or Not:True
DEBUG:root:Real time1487957373.8

DEBUG:root:Extracted signature:bitarray('11110000110000011000000110000010010001100001101000110000110000110001111110100010111000000011000001110000111100011100011100111011111000011100000110000011100000110000011000111000000100111100000011110100000110000000000100001100010001100010000110100011100011000000101001100100')
DEBUG:root:Matched frame over all scan:1712

DEBUG:root:Errors over all scan:51

DEBUG:root:Result:replica detected
DEBUG:root:Match or Not:True
DEBUG:root:Real time1487957374.0

DEBUG:root:Extracted signature:bitarray('10010010110000010000011110000011000001100000100000111000010000110001110000110011100011001111100001111000111100011100001110011011101110001100011110000001110010110000011000111100000101011010000011101110000010011000000111100000010000000010000010100011010011100011001101110100')
DEBUG:root:Matched frame over all scan:1713

DEBUG:root:Errors over all scan:53

DEBUG:root:Result:tau3_fail
DEBUG:root:Match or Not:False
DEBUG:root:Real time1487957374.2

DEBUG:root:Extracted signature:bitarray('10000110111000011000110111000010000111100000100000011000111100011001111001110011100110001100100001101000011100001110001100011011101111111001100111000011100011001000010100111100000101111110000011111100000011111000000111100000010000100010000000100011010011100111011001111100')
DEBUG:root:Matched frame over all scan:1714

DEBUG:root:Errors over all scan:52

DEBUG:root:Result:replica detected
DEBUG:root:Match or Not:True
DEBUG:root:Real time1487957374.4

DEBUG:root:Extracted signature:bitarray('11000000111000111100000111000111000001100100100000010001110000011001110001110011000111001100010001110000001100000010010010111001101111111010000110000011111000111100010110001110000011001111000111111100000011111000000111110000010110000011100000100001010011000110011010010100')
DEBUG:root:Matched frame over all scan:1715

DEBUG:root:Errors over all scan:56

DEBUG:root:Result:replica detected
DEBUG:root:Match or Not:True
DEBUG:root:Real time1487957374.6

DEBUG:root:Extracted signature:bitarray('11000100111110011000000011110110000000110011100010011000010000111110010001111011000111001100111100111110000110000010000010100000011111011110000011000011111100011100010111001111000011110111000010011110000001111100000111110000010111100011100000100000110000010110011011010100')
DEBUG:root:Matched frame over all scan:1716

DEBUG:root:Errors over all scan:60

DEBUG:root:Result:replica detected
DEBUG:root:Match or Not:True
DEBUG:root:Real time1487957374.8

DEBUG:root:Extracted signature:bitarray('11000001111111111000001111111110000001111011100000111001110000111011110001111111001111101101111100101111000111000010000110000000011111011101000111000011111000100010010110001111100011000111000001000110000010011100000101110000101111110001111000110000010000010110011001100100')
DEBUG:root:Matched frame over all scan:1717

DEBUG:root:Errors over all scan:66

DEBUG:root:Result:tau3_fail
DEBUG:root:Match or Not:False
DEBUG:root:Real time1487957375.0

DEBUG:root:Extracted signature:bitarray('11100000011001111100000011011110000000110111100000011111100000011000100101111000011111100001001100110010001100000110000110000000010011111011001111000011011110000011010111000001100011101111110001100011110001000111111001001111001001110010011100101110000100001100011101000100')
DEBUG:root:Matched frame over all scan:1718

DEBUG:root:Errors over all scan:65

DEBUG:root:Result:tau3_fail
DEBUG:root:Match or Not:False
DEBUG:root:Real time1487957375.2

DEBUG:root:Extracted signature:bitarray('11100000011001111100000001011110000000010111000000011001100000111001100001110011011111001101111001101100011110000110000110001001100000110111011011000011011011001000010111100110011011101101001101100011001101000110011000111001101111001100110011111001011000110001101010010100')
DEBUG:root:Matched frame over all scan:1719

DEBUG:root:Errors over all scan:73

DEBUG:root:Result:tau3_fail
DEBUG:root:Match or Not:False
DEBUG:root:Real time1487957375.41

DEBUG:root:Extracted signature:bitarray('11000000111001111000000011000010000000110000110000011000010000111000010001111000010111110001111100011001000100000110000110001000100000001101100011000101011110001000010110100010000011011000110011100100110010001111110000111111000111010001100100110010010000010000100010010100')
DEBUG:root:Matched frame over all scan:1720

DEBUG:root:Errors over all scan:65

DEBUG:root:Result:tau3_fail
DEBUG:root:Match or Not:False
DEBUG:root:Real time1487957375.61

DEBUG:root:Extracted signature:bitarray('10000000011001110000000011011110000001110111100100111001110100011011111000111100000111111000111011101101111000011100011000000000101101011101001111000011101000101001110110010110011011001011001101100011011101000101110000011111000011011101110011010011100010110000100100010100')
DEBUG:root:Matched frame over all scan:1721

DEBUG:root:Errors over all scan:84

DEBUG:root:Result:tau3_fail
DEBUG:root:Match or Not:False
DEBUG:root:Real time1487957375.81

DEBUG:root:Extracted signature:bitarray('10000000011011110000000011001110000000110000100000011000010011111011000111111100010011111100011001100111100011111000011100110001101101000000111010011010000011001011010010001011100110001001111010001001011000111011100011011011101011011101100111010011100111100000000000100100')
DEBUG:root:Matched frame over all scan:1722

DEBUG:root:Errors over all scan:73

DEBUG:root:Result:replica detected
DEBUG:root:Match or Not:True
DEBUG:root:Real time1487957376.01

DEBUG:root:Extracted signature:bitarray('10000000011011110000000011001110000000110000100000011000010011111011000111111100010011111100011001100111100011111000011100110001101101000000111010011010000011001011010010001011100110001001111010001001011000111011100011011011101011011101100111010011100111100000000000100100')
DEBUG:root:Matched frame over all scan:1722

DEBUG:root:Errors over all scan:73

DEBUG:root:Result:replica detected
DEBUG:root:Match or Not:True
DEBUG:root:Real time1487957376.21

DEBUG:root:Extracted signature:bitarray('10000010100100010000011100110010000011000000101101001000011100110001111001111111000111111100111111001110111011000101001100011001100111111110000100110011100000110100011000111001000100000001100110100011100110001111011000111111101111111001111110011111001110000011000101100100')
DEBUG:root:Matched frame over all scan:1290

DEBUG:root:Errors over all scan:93

DEBUG:root:Result:tau3_fail
DEBUG:root:Match or Not:False
DEBUG:root:Real time1487957376.41

DEBUG:root:Extracted signature:bitarray('10000100011100110011000001000101110010010001111011001000110011001000011100000000100010001110111001001110000011001100011000110110010010011100110000100110111110011000101110010011001110001101100100011001101000111011011011100111101110110001101100011110001110011000100010010100')
DEBUG:root:Matched frame over all scan:1727

DEBUG:root:Errors over all scan:86

DEBUG:root:Result:tau3_fail
DEBUG:root:Match or Not:False
DEBUG:root:Real time1487957376.61

DEBUG:root:Extracted signature:bitarray('10000000001100110111000001100101110010010001011001100000010011100000011110000000100000001110110011101100100110010010011010100110010000011000111000100001111010001100101110000110001110001101000110011101000010011001100001100111001100111001111000011100011100011000100010010100')
DEBUG:root:Matched frame over all scan:1727

DEBUG:root:Errors over all scan:70

DEBUG:root:Result:tau3_fail
DEBUG:root:Match or Not:False
DEBUG:root:Under real time Point counter:0.206482887268

DEBUG:root:Extracted signature:bitarray('10010010001100110110001001100101110010010001111001101000010011100000011110000000100000011110110011101100100110010010011001100110010010111001011000100011111010001100101110100110001110001011000010001101100011001111100000110011100100111101111100011100011110011100100010010100')
DEBUG:root:Matched frame over all scan:1728

DEBUG:root:Errors over all scan:69

DEBUG:root:Result:tau3_fail
DEBUG:root:Match or Not:False
DEBUG:root:Real time1487957377.01

DEBUG:root:Extracted signature:bitarray('10000010001100110110011001100101100110010011110011001000010011000100011110000000100000011110110011101100110010011001111001110010010011111001111000100010011010001100101100100110001110011011000010011001100010001110010100110011100110111101111100011110011110001110110010010100')
DEBUG:root:Matched frame over all scan:1728

DEBUG:root:Errors over all scan:65

DEBUG:root:Result:replica detected
DEBUG:root:Match or Not:True
DEBUG:root:Real time1487957377.22

DEBUG:root:Extracted signature:bitarray('10000010001100110000011001101110100110011000110011001100010011000100011110001100110000011110010011100100111001011101011100111011000011101001011001100010111011001101101110110011001111011001100010111001100011110011010010011011100010011100110110011011001011000110011000010100')
DEBUG:root:Matched frame over all scan:1730

DEBUG:root:Errors over all scan:69

DEBUG:root:Result:replica detected
DEBUG:root:Match or Not:True
DEBUG:root:Real time1487957377.42

DEBUG:root:Extracted signature:bitarray('10000010001100110000011001100100110110010001011011001000010011001100011111001100111100011110110011101000111000011100011101111011101111011000011000100001111011001101101110110010010010011001000010011001100010110011000011111011001110011100100111010011001011000111010000000100')
DEBUG:root:Matched frame over all scan:1728

DEBUG:root:Errors over all scan:86

DEBUG:root:Result:tau3_fail
DEBUG:root:Match or Not:False
DEBUG:root:Real time1487957377.62

DEBUG:root:Extracted signature:bitarray('10000010001100110010011001100101110010011001111011001000110011001110011110011000111011001100111001101110011011001100011101110011011111111000010000100011111111001100101110110010001110011011000110011011000010110111000011011001101111001100110011011011101011100111011000101100')
DEBUG:root:Matched frame over all scan:612

DEBUG:root:Errors over all scan:87

DEBUG:root:Result:tau2_fail
DEBUG:root:Match or Not:False
DEBUG:root:Real time1487957377.82

DEBUG:root:Extracted signature:bitarray('10010000011100110010000011101101100000111011010000011100100110111100001101110000100011011110010011100110111011111101111101110010011111101000110001100100111010001101101100111011011011011111100110011111100001011111100100110110001100111100110111011111101111001110011101000100')
DEBUG:root:Matched frame over all scan:1733

DEBUG:root:Errors over all scan:62

DEBUG:root:Result:tau3_fail
DEBUG:root:Match or Not:False
DEBUG:root:Real time1487957378.02

DEBUG:root:Extracted signature:bitarray('10000010011100110110011011101101100111111011110011111000110011111000010000110000100011011100110011101100111011011101011101111011101111111100000111100101110001101101101100111010011100011111000110001111000010101111100011111110001100111100111111011011101011000110001101100100')
DEBUG:root:Matched frame over all scan:1733

DEBUG:root:Errors over all scan:87

DEBUG:root:Result:tau3_fail
DEBUG:root:Match or Not:False
DEBUG:root:Real time1487957378.22

DEBUG:root:Extracted signature:bitarray('10000111111100110011111101100101110111011001011000011100011000011100010001100000100111011100011011101110111011010011000000110001000111111000011101100010011011101100100110111011100010010111110010000011100010001111100000111110001101111100011111011110001110000110011001100100')
DEBUG:root:Matched frame over all scan:1741

DEBUG:root:Errors over all scan:63

DEBUG:root:Result:replica detected
DEBUG:root:Match or Not:True
DEBUG:root:Real time1487957378.42

DEBUG:root:Extracted signature:bitarray('10000111111100110011111101101101110111011001011001011100111000101100010001100100100111011100111011101110110011000010001000111001101111111000001101101001011011101101000110111011100011011111110011000111110010001101100101111110001101100100111111011110001110000110001001100100')
DEBUG:root:Matched frame over all scan:1735

DEBUG:root:Errors over all scan:62

DEBUG:root:Result:replica detected
DEBUG:root:Match or Not:True
DEBUG:root:Real time1487957378.62

DEBUG:root:Extracted signature:bitarray('10000111111100110011111101101101110111011001011001001100111000101100010001000000100111011100011011101110110011000010000000111001100111111000001101101001011011101101000110111011100011011111110011000111110010001111100100111110001101111100111111011110001110000110001001100100')
DEBUG:root:Matched frame over all scan:1738

DEBUG:root:Errors over all scan:63

DEBUG:root:Result:replica detected
DEBUG:root:Match or Not:True
DEBUG:root:Under real time Point counter:0.203803062439

DEBUG:root:Extracted signature:bitarray('10000111111100110011111101101101110111011001011001001100111000100100010001000000100111011100011011101110110011000010000000111001100111111000001101101001011011101110000110111011100011011111110011000111110010001111100000111110001101111100111111011110001110000110001001100100')
DEBUG:root:Matched frame over all scan:1738

DEBUG:root:Errors over all scan:61

DEBUG:root:Result:replica detected
DEBUG:root:Match or Not:True
DEBUG:root:Real time1487957379.02

DEBUG:root:Extracted signature:bitarray('10000111111100110011111101101101110111011001011001001100111000000100010001000000100111011100011011101110110011000010000000110001100111111000001101101001011011101110000110111011100011011111110011000111110010001111100000111110001101111100111111011110001110000110001001100100')
DEBUG:root:Matched frame over all scan:1735

DEBUG:root:Errors over all scan:60

DEBUG:root:Result:replica detected
DEBUG:root:Match or Not:True
DEBUG:root:Under real time Point counter:0.200670957565

DEBUG:root:Extracted signature:bitarray('10000111111100110011111111100101110111011000011001011100011000011000010001100000100111011100011011101110110011000010001000111001101111111000001101100011011011101100100110111011000011011111100011000111100010001111100000111110001101101100111111011110001110000110001001100100')
DEBUG:root:Matched frame over all scan:1740

DEBUG:root:Errors over all scan:61

DEBUG:root:Result:tau3_fail
DEBUG:root:Match or Not:False
DEBUG:root:Real time1487957379.42

DEBUG:root:Extracted signature:bitarray('10000111111100110011111101100101110111011000011001011100011000011100010001100000100111011100011011101110110011000010001000111001101111111000101101100010011111101100100110111011000011011111100011000011100010001111100101111110001101100100111111011110001110000110001101100100')
DEBUG:root:Matched frame over all scan:1740

DEBUG:root:Errors over all scan:61

DEBUG:root:Result:tau3_fail
DEBUG:root:Match or Not:False
DEBUG:root:Real time1487957379.62

DEBUG:root:Extracted signature:bitarray('10000111101100110011111101100101110111011000011001011100011000011000010000100000100111011100011011101110110011000010000000111001101111111000101101100111011011101100100110111011000011011111100011000011100010001111100000111110001101111100111111011110001110000110001101100100')
DEBUG:root:Matched frame over all scan:1741

DEBUG:root:Errors over all scan:56

DEBUG:root:Result:replica detected
DEBUG:root:Match or Not:True
DEBUG:root:Real time1487957379.82

DEBUG:root:Extracted signature:bitarray('10000111111100110011111101100101110111011000011001011100011000011100010000100100100111011100011011101110110011000010001000111001101111111000101101100110011111101100100110111011000011011111100011000011100010001111100101111110001101100100111111011110001110000110001101100100')
DEBUG:root:Matched frame over all scan:1740

DEBUG:root:Errors over all scan:60

DEBUG:root:Result:tau3_fail
DEBUG:root:Match or Not:False
DEBUG:root:Real time1487957380.02

DEBUG:root:Extracted signature:bitarray('10001110001101110001110001100100011101001000001111110000001111110000001111100000011110000011110010011100000110000010000010000100010001111000111101100011000100111100110001001111000001100100100001111100000001111001100011101110001101100001111000011100001010010000100010010100')
DEBUG:root:Matched frame over all scan:1743

DEBUG:root:Errors over all scan:61

DEBUG:root:Result:tau3_fail
DEBUG:root:Match or Not:False
DEBUG:root:Under real time Point counter:0.207159042358

DEBUG:root:Extracted signature:bitarray('01111111011100000111111111100001111111111001011011111111101011111100000111111000011111110001111111001111111010111101111101111011111111101111011001100001111111001100000011110111000001111011100001111011100000111111000011111100001111110001111100000110001100011000100010000100')
DEBUG:root:Matched frame over all scan:2545

DEBUG:root:Errors over all scan:54

DEBUG:root:Result:replica detected
DEBUG:root:Match or Not:True
DEBUG:root:Real time1487957380.43

DEBUG:root:Real time1487957380.63

DEBUG:root:Extracted signature:bitarray('11100000111111001100001111110001000011110000010011111100000011111100001110110000111010000110000001110010011101000011000010001101101111111100000111110001000000111000011000101110000100000111000010000111100011001111000100101110000101100101111111001101101101101011000100101100')
DEBUG:root:Matched frame over all scan:1746

DEBUG:root:Errors over all scan:83

DEBUG:root:Result:replica detected
DEBUG:root:Match or Not:True
DEBUG:root:Under real time Point counter:0.255887985229

DEBUG:root:Real time1487957381.09

DEBUG:root:Extracted signature:bitarray('11100000111111001100001110000001000011100000010011111100000011111100001100110000110010000110001101100111001111000011000110001101101111011100001111010001000000110010011000001110000100000111000010000111100011001111000100111110000101110101011111011101101101101011000100011100')
DEBUG:root:Matched frame over all scan:1749

DEBUG:root:Errors over all scan:85

DEBUG:root:Result:replica detected
DEBUG:root:Match or Not:True
DEBUG:root:Real time1487957381.29

DEBUG:root:Real time1487957381.49

DEBUG:root:Extracted signature:bitarray('11100001111111001100001110010001001011110000010011111100000011001110001100111100010011011110000111100110011011000111100010001101101111011100001111011001000000110010011001101110000100000111100010000111110011000111100100110110000101101101011011001101101101101011000100101100')
DEBUG:root:Matched frame over all scan:1751

DEBUG:root:Errors over all scan:84

DEBUG:root:Result:replica detected
DEBUG:root:Match or Not:True
DEBUG:root:Real time1487957381.69

DEBUG:root:Extracted signature:bitarray('11100000111111001100001111000011000011111000010011101110000110001110001100111110110010011110000001110011000111100011100010001101101111011100001111110001100000110010011000001110000100000111110010000111110011000110000101111001101101100001111011001101101101100011000100011100')
DEBUG:root:Matched frame over all scan:1455

DEBUG:root:Errors over all scan:96

DEBUG:root:Result:tau3_fail
DEBUG:root:Match or Not:False
DEBUG:root:Real time1487957381.89

DEBUG:root:Extracted signature:bitarray('10100000110111001100001110010001000111111100010011001111100110001111101100110000111000000110000001110000011100000111100110001101101111111100000111011001100000110010011000001110000100000111110010000111100011000111000101111100101111100001111001011101101101101011000100111100')
DEBUG:root:Matched frame over all scan:1746

DEBUG:root:Errors over all scan:97

DEBUG:root:Result:tau3_fail
DEBUG:root:Match or Not:False
DEBUG:root:Real time1487957382.09

DEBUG:root:Extracted signature:bitarray('10010000011110110000000111100010001100111110110110011111010110011000001110000001111000000010000000011000000101000011000010001101101100011110000011110010100100011100011001000111000100100011100010000011100000111111000011101000010111100000111000011101101101100101011001100100')
DEBUG:root:Matched frame over all scan:1754

DEBUG:root:Errors over all scan:90

DEBUG:root:Result:tau3_fail
DEBUG:root:Match or Not:False
DEBUG:root:Real time1487957382.29

DEBUG:root:Extracted signature:bitarray('10011100011111110010000011110000000000111100111100111000001110010000111110000001111000000011010000010000000100000010000010000100000011111101100011110011100000011110010000010111000100001111100010110111100101111010000100111100010111100000111000011100011000110110011100100100')
DEBUG:root:Matched frame over all scan:1927

DEBUG:root:Errors over all scan:81

DEBUG:root:Result:tau3_fail
DEBUG:root:Match or Not:False
DEBUG:root:Under real time Point counter:0.206662893295

DEBUG:root:Extracted signature:bitarray('11010011001111101110001111111101101001111111111100000000011100010000011001100000100111000111011000110110000110000010001110000100000011111000010001110001100000111100011000011011001100111001100011100011100010001011000100011100110001101101111000111100011001100111011100100100')
DEBUG:root:Matched frame over all scan:1460

DEBUG:root:Errors over all scan:86

DEBUG:root:Result:tau3_fail
DEBUG:root:Match or Not:False
DEBUG:root:Real time1487957382.7

DEBUG:root:Extracted signature:bitarray('00111001011111100110001101111001111000010110111100010000010000010000010001100000111011000011011000010110000110000110000110000100010000010000011011100010000001111100011000111011001001100001100011000011100010000011000100001100010011100101110000111000011101100001011101000100')
DEBUG:root:Matched frame over all scan:1460

DEBUG:root:Errors over all scan:91

DEBUG:root:Result:tau1_fail
DEBUG:root:Match or Not:False
DEBUG:root:Real time1487957382.9

DEBUG:root:Extracted signature:bitarray('10011001111110010011000001110011110000010000111000011000010000010000010000100000101011000011110000011100001110001110000010000001000000010000001101100110000011001100010011110011000111000101100011100001100011000011000100001100010001100011110010110011101010010000001101100100')
DEBUG:root:Matched frame over all scan:587

DEBUG:root:Errors over all scan:88

DEBUG:root:Result:tau3_fail
DEBUG:root:Match or Not:False
