DEBUG:root:Under real time Point counter:3.81469726562e-05

DEBUG:root:Extracted signature:bitarray('11111110000000011111101100000011111111000010100111100010000111100000001111110000111001100011100100011001000111100011000010000110010000011100000000001011100000110001001000001110000010000111100101001111100100011110001011110110101111001101100011100001110001110111101100101000')
DEBUG:root:Matched frame over all scan:3723

DEBUG:root:Errors over all scan:92

DEBUG:root:Result:tau3_fail
DEBUG:root:Match or Not:False
DEBUG:root:Under real time Point counter:0.253442049026

DEBUG:root:Extracted signature:bitarray('11111111000000011111101100000011111011000010100011100000000111110000001111010000111001100011100100011001000101100011000010000110010010011100000000001011100000110001001000001110000010000111100001001111100100011111001011110100101111001001100010100001110001110110101010101000')
DEBUG:root:Matched frame over all scan:2651

DEBUG:root:Errors over all scan:94

DEBUG:root:Result:tau3_fail
DEBUG:root:Match or Not:False
DEBUG:root:Under real time Point counter:0.240603923798

DEBUG:root:Extracted signature:bitarray('11111110000000011111111100000011111011000010100011100000000111100000101111001000111001100011100100011001000100100011000010000110010010011110000000011011100000100001001000001110010010001111001001001111001100011101001011110100101110001101000011100001110001110111111010101000')
DEBUG:root:Matched frame over all scan:3723

DEBUG:root:Errors over all scan:89

DEBUG:root:Result:tau3_fail
DEBUG:root:Match or Not:False
DEBUG:root:Under real time Point counter:0.242105960846

DEBUG:root:Extracted signature:bitarray('11111110010000011111101110001001110011100000000011100010000111100100001111001000111001100011100100011001000100100011000010001100110000011111111110001001000000110001001000011110010010001111001101001111001100111100001011111001001110001001000010100011010011010110101010101000')
DEBUG:root:Matched frame over all scan:3778

DEBUG:root:Errors over all scan:89

DEBUG:root:Result:tau3_fail
DEBUG:root:Match or Not:False
DEBUG:root:Under real time Point counter:0.243135929108

DEBUG:root:Extracted signature:bitarray('11111111110000011111101110000001110011100100100111110100010111110000011100010000110001000011000000011000000101000010000110000100011010011100011111000001000000111100001000001111000010001111100001001111001001111100001011110000101110000110100010100011010111010110101011101000')
DEBUG:root:Matched frame over all scan:3127

DEBUG:root:Errors over all scan:85

DEBUG:root:Result:tau3_fail
DEBUG:root:Match or Not:False
DEBUG:root:Under real time Point counter:0.242002010345

DEBUG:root:Extracted signature:bitarray('11111011100000011111111100010001110011111100111000111110010001111100001110110000111001100011001100010011000100000010010000110011011111111111111110000001001111111000001000001111000010000111100001001111000101111110001011111000110111000110000001100010010011000111001100111000')
DEBUG:root:Matched frame over all scan:746

DEBUG:root:Errors over all scan:92

DEBUG:root:Result:tau3_fail
DEBUG:root:Match or Not:False
DEBUG:root:Under real time Point counter:0.24130988121

DEBUG:root:Extracted signature:bitarray('10111000011100011111000011110011110000111100111000011100011110011100011111110000111111000011101000010100001100001100101101111110110000010110000000001101100110000000101001100000001010000111000101000111000100011110001001111000100111000100110001001000100000100001100100101000')
DEBUG:root:Matched frame over all scan:749

DEBUG:root:Errors over all scan:70

DEBUG:root:Result:tau3_fail
DEBUG:root:Match or Not:False
DEBUG:root:Under real time Point counter:0.240989923477

DEBUG:root:Extracted signature:bitarray('10111000011100101111000011110001100000111111000010011101100110011011101110110011011111001101111000011110000100000000110000110011010000010000000011001101100000110001101000000100011010000000001101000000001101000000011010011000100111100101110011010000101000101001010100100000')
DEBUG:root:Matched frame over all scan:751

DEBUG:root:Errors over all scan:70

DEBUG:root:Result:tau3_fail
DEBUG:root:Match or Not:False
DEBUG:root:Under real time Point counter:0.243059158325

DEBUG:root:Extracted signature:bitarray('10111000001110000111000001110001110000111110010010011111100011001111001110011111011100000011111000011110000100000010000010100010010011110000000010011101000000110001101000001000011010000000001101000000011101000000011010011001100011100001110010110000011000001001010100101000')
DEBUG:root:Matched frame over all scan:754

DEBUG:root:Errors over all scan:76

DEBUG:root:Result:tau3_fail
DEBUG:root:Match or Not:False
DEBUG:root:Under real time Point counter:0.242439031601

DEBUG:root:Extracted signature:bitarray('11111111100000011111111000010011111110000100001111000000001111100000011111110000111011000011011000010111011011101111101111011101100101110110001100000101111001101000101011110010001011110110010101100111001001001110000111110000001100001011001110111111011111011010010101101000')
DEBUG:root:Matched frame over all scan:756

DEBUG:root:Errors over all scan:75

DEBUG:root:Result:tau3_fail
DEBUG:root:Match or Not:False
DEBUG:root:Under real time Point counter:0.235707044601

DEBUG:root:Extracted signature:bitarray('11111111000000011111111000000011111110000000101111000000001111100000001111100000111011000111011101100111011011101101101111011001100101110110001100100101110011001000101011100010001011100100010101110111001001101100000111110001001100011011011110111111011111011110011101101000')
DEBUG:root:Matched frame over all scan:756

DEBUG:root:Errors over all scan:73

DEBUG:root:Result:tau3_fail
DEBUG:root:Match or Not:False
DEBUG:root:Under real time Point counter:0.238775014877

DEBUG:root:Extracted signature:bitarray('11110111100001101111111100000101111111000000001111100000001111110000001111110000111011000111011101100111011011101101101101011001101111110100001100100101100111000100101001100010001011100001111101100111011001001100010011110001001100111001011110111111011111011110011101101000')
DEBUG:root:Matched frame over all scan:761

DEBUG:root:Errors over all scan:76

DEBUG:root:Result:tau3_fail
DEBUG:root:Match or Not:False
DEBUG:root:Under real time Point counter:0.239432096481

DEBUG:root:Extracted signature:bitarray('11111111100000011111111100000011111111000000001111100000001111110000001111100001111001000111001101100111000011110001110011110111101101010100011100100101100111100100101001100011001001110001111101110011011001101100010011110001001100111011011110111110010111011110011101101000')
DEBUG:root:Matched frame over all scan:763

DEBUG:root:Errors over all scan:70

DEBUG:root:Result:tau3_fail
DEBUG:root:Match or Not:False
DEBUG:root:Under real time Point counter:0.237337827682

DEBUG:root:Extracted signature:bitarray('11111111100011101111111100000001111111000000001111111100101111111001101111110001011111001101011101100111100011110001110011111111101101011100011100110101100111100100101101100001001001110001111101110011111101101100010011110001001100111011011100111110010111010110011101101000')
DEBUG:root:Matched frame over all scan:1216

DEBUG:root:Errors over all scan:73

DEBUG:root:Result:tau3_fail
DEBUG:root:Match or Not:False
DEBUG:root:Under real time Point counter:0.248897075653

DEBUG:root:Extracted signature:bitarray('11111111100000011111111100000011111111000000101111000000001111011000001110110000110011000111001101110011011011111101111111011101100011111100000110110101100010100110101100110000001001110000111101110011111101100100010011110001001100111001011110111111010111011101010101101000')
DEBUG:root:Matched frame over all scan:761

DEBUG:root:Errors over all scan:80

DEBUG:root:Result:tau3_fail
DEBUG:root:Match or Not:False
DEBUG:root:Under real time Point counter:0.239619970322

DEBUG:root:Extracted signature:bitarray('11111111100011001111111100000001111111000000011111100000001111111001101110111111011011111101101111001011100101110011101111110011011100011000001110010101100011100010101100110000001010110000111101110011111001110110111011111111101101111001001110110011011001010010011101100000')
DEBUG:root:Matched frame over all scan:771

DEBUG:root:Errors over all scan:76

DEBUG:root:Result:tau3_fail
DEBUG:root:Match or Not:False
DEBUG:root:Under real time Point counter:0.238839149475

DEBUG:root:Extracted signature:bitarray('11101100001011101101111100011001111111000000011110000000011110010000011100100000111010001111110010011001100100011010011110111110011111011000000111010101100001110010101100110000001011011000000101111001111101110011110011111001001111111101001111010011101001101011011101101000')
DEBUG:root:Matched frame over all scan:1226

DEBUG:root:Errors over all scan:88

DEBUG:root:Result:tau2_fail
DEBUG:root:Match or Not:False
DEBUG:root:Under real time Point counter:0.238207817078

DEBUG:root:Extracted signature:bitarray('11001110000001111101111100000001111111000000111111100000001111111000001111110011011110001101110110011001100100110000111001111110010011111000000111010101100001110011101100010000101011011000000101111000111001111011110011111011001111111001001100110000011001111011000100101000')
DEBUG:root:Matched frame over all scan:765

DEBUG:root:Errors over all scan:93

DEBUG:root:Result:tau3_fail
DEBUG:root:Match or Not:False
DEBUG:root:Under real time Point counter:0.241544961929

DEBUG:root:Extracted signature:bitarray('00000000000000000000000000000000000000000000000000000000000000000000000000000000000000000000000000000000000000000000000000000000000000000000000000000000000000000000000000000000000000000000000000000000000000000000000000000000000000000000000000000000000000000000000000000000')
DEBUG:root:Matched frame over all scan:0

DEBUG:root:Errors over all scan:0

DEBUG:root:Result:replica detected
DEBUG:root:Match or Not:True
DEBUG:root:Under real time Point counter:0.228068828583

DEBUG:root:Real time1487955841.0

DEBUG:root:Real time1487955841.2

DEBUG:root:Real time1487955841.4

DEBUG:root:Real time1487955841.6

DEBUG:root:Extracted signature:bitarray('11111110011000001111110111000001110001110000110000111110010000111000010011110000011111111000011111000111100011110101111101111011101011111100001111100001100001111100001000011110000110000110010011000110000011001100000110010000011011000011011000101100010111001110011100110000')
DEBUG:root:Matched frame over all scan:4047

DEBUG:root:Errors over all scan:85

DEBUG:root:Result:tau3_fail
DEBUG:root:Match or Not:False
DEBUG:root:Under real time Point counter:0.24379992485

DEBUG:root:Extracted signature:bitarray('11111110011000101111110011000001111101110000011111110000100111110000101111100000011111110001111111001111111011110101110101111011101101111111001111100101001101111000101011011100001011111110000001111110000001111100000011111000010011011010011110001111010111011110011100110000')
DEBUG:root:Matched frame over all scan:5232

DEBUG:root:Errors over all scan:70

DEBUG:root:Result:tau3_fail
DEBUG:root:Match or Not:False
DEBUG:root:Under real time Point counter:0.241985082626

DEBUG:root:Real time1487955842.29

DEBUG:root:Extracted signature:bitarray('11110000111110001100000011111101000010011111000111100110001110011110001100111111011011011101011111101111111011111101111101110011000101111000000011110011000100001111001000000011110010000000111101000000010101000000011010000001101001000101011001001111100111101111011100101000')
DEBUG:root:Matched frame over all scan:800

DEBUG:root:Errors over all scan:84

DEBUG:root:Result:tau3_fail
DEBUG:root:Match or Not:False
DEBUG:root:Under real time Point counter:0.240205049515

DEBUG:root:Extracted signature:bitarray('11111001111111001111000111111101101001111111010111111100100111111111101111111111011111111101111111101111111011111001100111001100010010111100110011110001100110001111001011000001110011111000000101111000000101111000011011000011101000011101111111011000101000111001110101101000')
DEBUG:root:Matched frame over all scan:798

DEBUG:root:Errors over all scan:68

DEBUG:root:Result:tau3_fail
DEBUG:root:Match or Not:False
DEBUG:root:Under real time Point counter:0.235563993454

DEBUG:root:Real time1487955842.97

DEBUG:root:Extracted signature:bitarray('11111011111000001111011111100001110111111000011011111000010011111101101111100111011100111101101110000011100011111100011101111011101100011111111111000101111111111000101111111111001011111111100101111111100001111111000011111100001111100001111000011100001100001000010001001000')
DEBUG:root:Matched frame over all scan:5104

DEBUG:root:Errors over all scan:57

DEBUG:root:Result:replica detected
DEBUG:root:Match or Not:True
DEBUG:root:Under real time Point counter:0.252838134766

DEBUG:root:Extracted signature:bitarray('11111011111000101111111111000001111111111000011011111100000011110000101111100011011100110001101110010011100010011000011100111011101100011111111111000101111111111000101111111111001011111111100101111111100001111111000011111100001111100001111000011100001100001000010001101000')
DEBUG:root:Matched frame over all scan:5104

DEBUG:root:Errors over all scan:61

DEBUG:root:Result:replica detected
DEBUG:root:Match or Not:True
DEBUG:root:Under real time Point counter:0.246900081635

DEBUG:root:Extracted signature:bitarray('11111111111000101111111111000101111111110000011111111000001011110000011111000001011100010001110110001100110010011100111101110010010000011111111111000101111111111000101111111110001011111111000101111111000101111111000011111110001111110001111000011100001100001000010001001000')
DEBUG:root:Matched frame over all scan:5718

DEBUG:root:Errors over all scan:60

DEBUG:root:Result:replica detected
DEBUG:root:Match or Not:True
DEBUG:root:Under real time Point counter:0.249284982681

DEBUG:root:Extracted signature:bitarray('11111111111000101111111111000101111111110000011111111000011011111000010111100000111111001101111001101101111000111101111101110110010000011111111110000101111111111000101111111110001011111111000101111111000101111110001011111100001111100001111000011100001100001000010001001000')
DEBUG:root:Matched frame over all scan:4980

DEBUG:root:Errors over all scan:63

DEBUG:root:Result:replica detected
DEBUG:root:Match or Not:True
DEBUG:root:Under real time Point counter:0.249546051025

DEBUG:root:Extracted signature:bitarray('11111111111000011111111111000001111111110000111111110000111111111000010111110000111111100011111100001111100001110001110001100110010000011111111110000101111111110000101111111100001011111110000101111110000101111100001011111000001111100001111000011100001100001000010001001000')
DEBUG:root:Matched frame over all scan:5718

DEBUG:root:Errors over all scan:57

DEBUG:root:Result:tau3_fail
DEBUG:root:Match or Not:False
DEBUG:root:Under real time Point counter:0.242308855057

DEBUG:root:Extracted signature:bitarray('11111111111000011111111110000011111111100011110101110001111001110000010111100000111111100011111100001110011010011100011100011010010000011111111000000101111111110000101111111100001011111110000101111110000101111100001011110000101111000001111000011100001000001000010001001000')
DEBUG:root:Matched frame over all scan:4983

DEBUG:root:Errors over all scan:75

DEBUG:root:Result:tau3_fail
DEBUG:root:Match or Not:False
DEBUG:root:Under real time Point counter:0.242961883545

DEBUG:root:Extracted signature:bitarray('11111110011000011111110010000011111111100010110001110001111101110000111111100000111111100011111100001111111011011100011100111010010000011111101000000101111111100000101111111000001011111110000101111110000101111100001011110000101111000001111000011100001000001000010001000000')
DEBUG:root:Matched frame over all scan:3651

DEBUG:root:Errors over all scan:77

DEBUG:root:Result:tau3_fail
DEBUG:root:Match or Not:False
DEBUG:root:Under real time Point counter:0.24550318718

DEBUG:root:Extracted signature:bitarray('11111110001000011111110010000011111100100010111001110001111111110000111110000000111000000011111100010111110001111100011100111011110000011111100000000101111111000000101111110000001011111100000101111100000101111000001011100000101100000101000000010000001000001000010011000000')
DEBUG:root:Matched frame over all scan:5958

DEBUG:root:Errors over all scan:77

DEBUG:root:Result:tau2_fail
DEBUG:root:Match or Not:False
DEBUG:root:Under real time Point counter:0.252502918243

DEBUG:root:Extracted signature:bitarray('11111110011000011111110010000011111100100010111001110001111111110000111111100000111101000011111100010111111011111101111101001100010000011111100000000101111111000000101111110000001011111100000101111100000101111000001011110000101110000001110000011000001000001000110001000000')
DEBUG:root:Matched frame over all scan:966

DEBUG:root:Errors over all scan:69

DEBUG:root:Result:tau3_fail
DEBUG:root:Match or Not:False
DEBUG:root:Under real time Point counter:0.254257917404

DEBUG:root:Extracted signature:bitarray('11111111111000011111111111000011111100110000110000110001011101110000011111000000111100000011000000010000111000111100011100111011110000011111011000000101111111000000101111111000001011111100000101111100000101111000001011110000101110000111110001011000001000001000010001000000')
DEBUG:root:Matched frame over all scan:945

DEBUG:root:Errors over all scan:81

DEBUG:root:Result:tau3_fail
DEBUG:root:Match or Not:False
DEBUG:root:Under real time Point counter:0.243758201599

DEBUG:root:Extracted signature:bitarray('11111110001000111111110001000011101100000000111110000000011000000000010110000000111000000011000110010001100001111001111101111011010000011110000000000101111100000000101111100000001011110000000101111000000101111000001011100000101100000101100000011000001000001000010001101000')
DEBUG:root:Matched frame over all scan:5958

DEBUG:root:Errors over all scan:62

DEBUG:root:Result:tau3_fail
DEBUG:root:Match or Not:False
DEBUG:root:Under real time Point counter:0.246790885925

DEBUG:root:Extracted signature:bitarray('11111110001000111111110001000011101100000000110100000000011100000000011100000000100000000010000010010001110000111100111101110110010000011111000000000101111110000000101111110000001011111000000101111100000101111000001011100000101100000101000000010000001000001000010001001000')
DEBUG:root:Matched frame over all scan:5949

DEBUG:root:Errors over all scan:55

DEBUG:root:Result:replica detected
DEBUG:root:Match or Not:True
DEBUG:root:Under real time Point counter:0.24916601181

DEBUG:root:Extracted signature:bitarray('11111110011000111111110011000011011100110000110100001000011100001000011110001000110000100010000110011001100000111000111101100110010000011111000000000101111110000000101111110000001011111100000101111100000101111000001011100000111110000101110000011000001000001000010001000000')
DEBUG:root:Matched frame over all scan:5949

DEBUG:root:Errors over all scan:65

DEBUG:root:Result:tau3_fail
DEBUG:root:Match or Not:False
DEBUG:root:Under real time Point counter:0.255040884018

DEBUG:root:Extracted signature:bitarray('11111110001000111111110001000011011100010000111100001000011100000000011110000000111000000010000110010001100000111001110101001100010000011111010000000101111110000000101111110000001011111000000101111100000101111000001011100000111100000101000001010000001000001000010001000000')
DEBUG:root:Matched frame over all scan:5949

DEBUG:root:Errors over all scan:56

DEBUG:root:Result:replica detected
DEBUG:root:Match or Not:True
DEBUG:root:Under real time Point counter:0.249269008636

DEBUG:root:Extracted signature:bitarray('11110011111000111111001111000011000001110000110100001000011000000000011110000000111000000010000110010001100000111001111101001100010000011110001110000101110001110000101110011100001011001110000101001100000101111000001011100000111110000101100000011000001000001000010001000000')
DEBUG:root:Matched frame over all scan:3724

DEBUG:root:Errors over all scan:80

DEBUG:root:Result:tau3_fail
DEBUG:root:Match or Not:False
DEBUG:root:Under real time Point counter:0.246153116226

DEBUG:root:Extracted signature:bitarray('11111110001000111111110011000011111100010000111100001000011000001100011000001000110000000011000110010001100000110001111101001100010000011111110000000101111111000000101111110000001011111100000101111100000101111000001011100000101100000101000000010000001000001000010001000000')
DEBUG:root:Matched frame over all scan:5949

DEBUG:root:Errors over all scan:57

DEBUG:root:Result:replica detected
DEBUG:root:Match or Not:True
DEBUG:root:Under real time Point counter:0.243726968765

DEBUG:root:Extracted signature:bitarray('11111110001000111111110011000011011100010000111100001000011000001100010000001000111000100011100110010001100000110001111101001100010000011111100000000101111111000000101111110000001011111100000101111100000101111000001011100000101100000101100000010000001000001000010001000000')
DEBUG:root:Matched frame over all scan:5949

DEBUG:root:Errors over all scan:58

DEBUG:root:Result:replica detected
DEBUG:root:Match or Not:True
DEBUG:root:Under real time Point counter:0.250311136246

DEBUG:root:Extracted signature:bitarray('11111110011000111111110011000011011100110000111100001000011000001100010000001000111000100011100110010001100000111101111101101100010000011111001000000101111110000000101111110000001011111100000101111100000101111000001011100000101110000101100000011000001000001000010001000000')
DEBUG:root:Matched frame over all scan:5949

DEBUG:root:Errors over all scan:62

DEBUG:root:Result:replica detected
DEBUG:root:Match or Not:True
DEBUG:root:Under real time Point counter:0.24756193161

DEBUG:root:Extracted signature:bitarray('11111110011000011111110011000011011100110000111100001000011000001100010000001000111000100011100110010001100000110001111101100100010000011111100000000101111110000000101111110000001011111100000101111100000101111100001011110000101110000101110000011000001000001000010001000000')
DEBUG:root:Matched frame over all scan:5949

DEBUG:root:Errors over all scan:63

DEBUG:root:Result:replica detected
DEBUG:root:Match or Not:True
DEBUG:root:Under real time Point counter:0.245664834976

DEBUG:root:Extracted signature:bitarray('11111110001000111111110011000011011100010000111100001000011000001000010000001000111000100011100110010001100000110001111101001100010000011111100000000101111111000000101111110000001011111100000101111100000101111000001011100000101100000101100000010000001000001000010001000000')
DEBUG:root:Matched frame over all scan:5949

DEBUG:root:Errors over all scan:57

DEBUG:root:Result:replica detected
DEBUG:root:Match or Not:True
DEBUG:root:Under real time Point counter:0.249711036682

DEBUG:root:Extracted signature:bitarray('11111110001000111111110011000011011100010000111100001000011000001100010100001000111000100011100110010001100000111001111101101100010000011111000000000101111110000000101111110000001011111100000101111100000101111000001011100000101110000101110000011000001000001000010001000000')
DEBUG:root:Matched frame over all scan:5949

DEBUG:root:Errors over all scan:64

DEBUG:root:Result:tau3_fail
DEBUG:root:Match or Not:False
DEBUG:root:Under real time Point counter:0.243429899216

DEBUG:root:Extracted signature:bitarray('11111110001000011111110011000011111100010000111100001000011000001100010000001000111000100011100110010001100000111001111101101100010000011111000000000101111111000000101111110000001011111100000101111100000101111000001011100000101110000101100000011000001000001000010001000000')
DEBUG:root:Matched frame over all scan:5949

DEBUG:root:Errors over all scan:61

DEBUG:root:Result:replica detected
DEBUG:root:Match or Not:True
DEBUG:root:Under real time Point counter:0.245505094528

DEBUG:root:Extracted signature:bitarray('11111110001000111111110011000011011100010000111100001000011000001100010000001000111000100011100110010011100000111100111101101100010000011111001000000101111111000000101111111000001011111100000101111100000101111000001011100000101110000101100000010000001000001000010001000000')
DEBUG:root:Matched frame over all scan:5949

DEBUG:root:Errors over all scan:59

DEBUG:root:Result:replica detected
DEBUG:root:Match or Not:True
DEBUG:root:Under real time Point counter:0.245012998581

DEBUG:root:Extracted signature:bitarray('11111110001000011111110001000011111100010000111100000000011000000000011110000000111100000111101100011011100001110101110101100100010000011111000000000101111111000000101111110000001011111100000101111100000101111000001011110000101110000101110001011000001000001000010001000000')
DEBUG:root:Matched frame over all scan:5949

DEBUG:root:Errors over all scan:62

DEBUG:root:Result:replica detected
DEBUG:root:Match or Not:True
DEBUG:root:Under real time Point counter:0.245479106903

DEBUG:root:Extracted signature:bitarray('11111110001000111111110000001111111100100001111110110000011111110000011111100001111100000111001100110011100000110000110001100110010000011111111000000101111111000000101111111000001011111100000101111100000101111100001011110000101110000101100000011000001000001000010001000000')
DEBUG:root:Matched frame over all scan:5949

DEBUG:root:Errors over all scan:73

DEBUG:root:Result:tau2_fail
DEBUG:root:Match or Not:False
DEBUG:root:Under real time Point counter:0.244238138199

DEBUG:root:Extracted signature:bitarray('11111110001000111111110000001111111100100001111110110000011111110000011111100001111100000111001100110011100000110000110001100110010000011111111000000101111111000000101111111000001011111100000101111100000101111100001011110000101110000101100000011000001000001000010001000000')
DEBUG:root:Matched frame over all scan:5949

DEBUG:root:Errors over all scan:73

DEBUG:root:Result:tau2_fail
DEBUG:root:Match or Not:False
DEBUG:root:Under real time Point counter:0.246778964996

DEBUG:root:Extracted signature:bitarray('11111110000001111111110000001111111100100000111101110000011011110000011111110001111111000111001001110011111010111100011101110010010000011111111000000101111111100000101111111000001011111110000101111110000101111100001011110000101110000101110000011000001000001000010001000000')
DEBUG:root:Matched frame over all scan:3651

DEBUG:root:Errors over all scan:77

DEBUG:root:Result:tau3_fail
DEBUG:root:Match or Not:False
DEBUG:root:Under real time Point counter:0.245572090149

DEBUG:root:Extracted signature:bitarray('11111110001000011111110000000011111000000000111100110000011111110000011111100001110010000011000110010001110000111100111101111010000000011111000000000101111111000000101111110000001011111100000101111100000101111000001011100000101110000101100000011000001000001000010001000000')
DEBUG:root:Matched frame over all scan:5958

DEBUG:root:Errors over all scan:68

DEBUG:root:Result:tau3_fail
DEBUG:root:Match or Not:False
DEBUG:root:Under real time Point counter:0.255429029465

DEBUG:root:Extracted signature:bitarray('11111110011000011111110001000011111000000000111110000000011110010000011100000011111000011111000111000001110001111101111101100000000000011111101000000101111111000000101111110000001011111100000101111100000101111000001011100000101110000101100001010000001000001000010001000000')
DEBUG:root:Matched frame over all scan:5949

DEBUG:root:Errors over all scan:66

DEBUG:root:Result:replica detected
DEBUG:root:Match or Not:True
DEBUG:root:Under real time Point counter:0.248445987701

DEBUG:root:Extracted signature:bitarray('11111110011000111111110011000011111000010000111110000001110110000001111100000011111000011111000111100011111011111101111101100010010000011111000000000101111110000000101111110000001011111000000101111100000101111000001011100000101100000101100001010000101000001000010001000000')
DEBUG:root:Matched frame over all scan:5949

DEBUG:root:Errors over all scan:69

DEBUG:root:Result:replica detected
DEBUG:root:Match or Not:True
DEBUG:root:Under real time Point counter:0.245573997498

DEBUG:root:Extracted signature:bitarray('11111110011000011111110000000011111000000100111100000010011011110000011111000000111000000011000110010001110000111100111101111011100000011111100000000101111111000000101111110000001011111100000101111100000101111000001011100000101100000101100001010000001000001000010001000000')
DEBUG:root:Matched frame over all scan:5958

DEBUG:root:Errors over all scan:62

DEBUG:root:Result:replica detected
DEBUG:root:Match or Not:True
DEBUG:root:Under real time Point counter:0.255882978439

DEBUG:root:Extracted signature:bitarray('11111110001000011111110000000011111000000000111100110000011001110000010011100000111111000011001100010011100000100100000000111011100101011111100000000101111111000000101111110000001011111100000101111100000101111000001011110000101110000101100001011000001000001000010001010000')
DEBUG:root:Matched frame over all scan:5929

DEBUG:root:Errors over all scan:71

DEBUG:root:Result:replica detected
DEBUG:root:Match or Not:True
DEBUG:root:Under real time Point counter:0.246194124222

DEBUG:root:Extracted signature:bitarray('11111110000000011111110000000011111000000100111100110000011000110000010011100000111111000011001100010011000001100100000110011011100100011111111000000101111111100000101111111000001011111100000101111100000101111000001011110000101110000101100001011000001000001000010001010000')
DEBUG:root:Matched frame over all scan:5956

DEBUG:root:Errors over all scan:67

DEBUG:root:Result:replica detected
DEBUG:root:Match or Not:True
DEBUG:root:Under real time Point counter:0.2545170784

DEBUG:root:Extracted signature:bitarray('11111110000000011111110000000011111100000000111100110000011101110000011111100000111111000111001100010011100100100010000010111011100101111111100000000101111111000000101111111000001011111100000101111100000101111100001011110000101110000101110001011000001100001000010001010000')
DEBUG:root:Matched frame over all scan:5913

DEBUG:root:Errors over all scan:67

DEBUG:root:Result:replica detected
DEBUG:root:Match or Not:True
DEBUG:root:Under real time Point counter:0.246129989624

DEBUG:root:Extracted signature:bitarray('11111110000000011111110000000011111000000000111100110000011100110000011111100000111111000011001000010011000100100010000010011011100101111111110000000101111111100000101111111000001011111100000101111110000101111100001011110000101110000101100001011000001000001000010001010000')
DEBUG:root:Matched frame over all scan:5913

DEBUG:root:Errors over all scan:62

DEBUG:root:Result:replica detected
DEBUG:root:Match or Not:True
DEBUG:root:Under real time Point counter:0.255182027817

DEBUG:root:Extracted signature:bitarray('11111111101000011111110001000011111000000000111100110000011001110000010011100000111111000011001100010011100000100100000110111011100100011111100000000101111111000000101111111000001011111100000101111100000101111100001011110000101110000101110001011100001100001000010001010000')
DEBUG:root:Matched frame over all scan:5909

DEBUG:root:Errors over all scan:75

DEBUG:root:Result:tau2_fail
DEBUG:root:Match or Not:False
DEBUG:root:Under real time Point counter:0.24503493309

DEBUG:root:Extracted signature:bitarray('11111111100000011111110001000011111000000000111100110001011101110000010111100000111111000011001100010011100000111100011100111011101101011111111000000101111111100000101111111000001011111110000101111110000101111100001011110000101110000101110001011000001000001000010001000000')
DEBUG:root:Matched frame over all scan:5958

DEBUG:root:Errors over all scan:67

DEBUG:root:Result:replica detected
DEBUG:root:Match or Not:True
DEBUG:root:Under real time Point counter:0.249951839447

DEBUG:root:Extracted signature:bitarray('11111111010000011111110010000011111000000000111100110001111100110001110011100000111111000011111100010111100011110000011100111011101100011111000000000101111111000000101111111000001011111100000101111100000101111000001011110000101110000101110000011000001100001000010001000000')
DEBUG:root:Matched frame over all scan:5956

DEBUG:root:Errors over all scan:76

DEBUG:root:Result:tau2_fail
DEBUG:root:Match or Not:False
DEBUG:root:Under real time Point counter:0.246330976486

DEBUG:root:Extracted signature:bitarray('11111111010000011111110111000011111000000000111100110001111101110000110011100000111111000011011100010011100000011000011100111011101000011111111000000101111111100000101111111000001011111110000101111110000101111100001011110000101110000101110000011000001000001000010001000000')
DEBUG:root:Matched frame over all scan:5958

DEBUG:root:Errors over all scan:74

DEBUG:root:Result:tau3_fail
DEBUG:root:Match or Not:False
DEBUG:root:Under real time Point counter:0.242480039597

DEBUG:root:Extracted signature:bitarray('11101001110001111000001110011110000011100111001001111111001111111110101111011111011001111000011111100111111010111100011101111011010000001101110100001110001100110011110010001100111001000110010101101100000101111000011011000001101011000101111001010111100111101111010101101000')
DEBUG:root:Matched frame over all scan:901

DEBUG:root:Errors over all scan:70

DEBUG:root:Result:tau3_fail
DEBUG:root:Match or Not:False
DEBUG:root:Under real time Point counter:0.242046833038

DEBUG:root:Extracted signature:bitarray('11101001110001111000001110011110000011100111001001111111001111111110101111011111011001111000011111100111111010111100011101111011010000001101110100001110001100110011110010001100111001000110010101101100000101111000011011000001101011000101111001010111100111101111010101101000')
DEBUG:root:Matched frame over all scan:901

DEBUG:root:Errors over all scan:70

DEBUG:root:Result:tau3_fail
DEBUG:root:Match or Not:False
DEBUG:root:Under real time Point counter:0.24151301384

DEBUG:root:Extracted signature:bitarray('11101001110001111001001110011110010011100111001001111111001101111111101111001111011001111000011111100111111010111100011101111011010000001101110100001110001100110011110010001100111001000110010101101100000101110000011011000001101011000101111001010111101111101111010101101000')
DEBUG:root:Matched frame over all scan:901

DEBUG:root:Errors over all scan:73

DEBUG:root:Result:tau3_fail
DEBUG:root:Match or Not:False
DEBUG:root:Under real time Point counter:0.249886989594

DEBUG:root:Extracted signature:bitarray('11101100110001111001001100011110000011101110001001110110001111101111101110011111011001111000011111100111111010111100011101111011011000001101100110001110001100110011110010001100101001000110010101101100001101110000011010000001101011000101111001010111101111101101010101101000')
DEBUG:root:Matched frame over all scan:901

DEBUG:root:Errors over all scan:70

DEBUG:root:Result:tau3_fail
DEBUG:root:Match or Not:False
DEBUG:root:Under real time Point counter:0.245197057724

DEBUG:root:Extracted signature:bitarray('11100100011001111000001110011110000011100110001001110011001111111110101111011111011001111000011111100111111010111100011101111011010000001101110110001110001100110011110010001100111001000110010101101100000101110000011011000001101011000101111001010111100111101101011101101000')
DEBUG:root:Matched frame over all scan:901

DEBUG:root:Errors over all scan:76

DEBUG:root:Result:tau3_fail
DEBUG:root:Match or Not:False
DEBUG:root:Under real time Point counter:0.244455099106

DEBUG:root:Extracted signature:bitarray('11101100000001111001001100011010000011100110001000111011001111111101101111011111011001111000011111101111111010111100011101111011010000001101100100001110001100110011110010001100111001000110010101101100000101110000011011000001101001000101111001010111100111101111010101101000')
DEBUG:root:Matched frame over all scan:901

DEBUG:root:Errors over all scan:70

DEBUG:root:Result:tau3_fail
DEBUG:root:Match or Not:False
DEBUG:root:Under real time Point counter:0.248203992844

DEBUG:root:Extracted signature:bitarray('11101100000001111001001100011010000011101110001000111011001111111111101111011111011001111000011111100111111010111100011101111011010000001101100100001110001100110011110010001100101001000110010101101100000101110000011011000001101001000101111001010111100111101111010101101000')
DEBUG:root:Matched frame over all scan:901

DEBUG:root:Errors over all scan:74

DEBUG:root:Result:tau3_fail
DEBUG:root:Match or Not:False
DEBUG:root:Under real time Point counter:0.247614145279

DEBUG:root:Extracted signature:bitarray('11111111010000011111110010000011111000000000111100110001111101110001110011100000111111000011011000010011100100010000011000111011100000011111000000000101111111000000101111110000001011111100000101111100000101111000001011100000101110000101100000010000001000001000010001000000')
DEBUG:root:Matched frame over all scan:5954

DEBUG:root:Errors over all scan:77

DEBUG:root:Result:tau2_fail
DEBUG:root:Match or Not:False
DEBUG:root:Under real time Point counter:0.244760990143

DEBUG:root:Extracted signature:bitarray('11111110010000011111110011000011111000000000111100110001111101110000110011110000111111000011001100010011100000011000011100111011100000011111111000000101111111100000101111111000001011111110000101111110000101111100001011110000101110000101110000011000001000001000010001000000')
DEBUG:root:Matched frame over all scan:5958

DEBUG:root:Errors over all scan:73

DEBUG:root:Result:tau3_fail
DEBUG:root:Match or Not:False
DEBUG:root:Under real time Point counter:0.254859924316

DEBUG:root:Extracted signature:bitarray('11111111010000011111110110000011111000100000111100010001011001110000011111000000111100000011100000010001000001101100001100011011100000011111100000000101111111000000101111111000001011111100000101111110000101111100001011110000101110000101110001011000001000001000010001000000')
DEBUG:root:Matched frame over all scan:5956

DEBUG:root:Errors over all scan:68

DEBUG:root:Result:tau2_fail
DEBUG:root:Match or Not:False
DEBUG:root:Under real time Point counter:0.250880002975

DEBUG:root:Extracted signature:bitarray('11111110010000011111110010000011111000000010111100010001011110110001111111100000111100000011100000010001110100111100001100111011100000011111100000000101111111000000101111110000001011111100000101111100000101111000001011100000101110000101100001010000101000001000010001000000')
DEBUG:root:Matched frame over all scan:5958

DEBUG:root:Errors over all scan:70

DEBUG:root:Result:replica detected
DEBUG:root:Match or Not:True
DEBUG:root:Under real time Point counter:0.25895190239

DEBUG:root:Extracted signature:bitarray('11111111011000011111100111000011111000110000111100010000011001100000010111000000111101000011110000010001111001001100001101011010010000011111110000000111111111000000101111111000001011111100000101111100000101111000001011110000101110000101100001010000001000001000010001000000')
DEBUG:root:Matched frame over all scan:5956

DEBUG:root:Errors over all scan:73

DEBUG:root:Result:tau2_fail
DEBUG:root:Match or Not:False
DEBUG:root:Under real time Point counter:0.25063085556

DEBUG:root:Extracted signature:bitarray('11111111010000011111110010000011111000000010111100010011011110110001111111100000111100000011100000010001110001111100001100111011100100011111110000000101111110000000101111110000001011111100000101111100000101111000001011100000101110000101100001011000101000001000010001000000')
DEBUG:root:Matched frame over all scan:5958

DEBUG:root:Errors over all scan:74

DEBUG:root:Result:replica detected
DEBUG:root:Match or Not:True
DEBUG:root:Under real time Point counter:0.250258922577

DEBUG:root:Extracted signature:bitarray('11111111000000011111110111000011111000110000111100010000011000100000010111000000111100000011101000010110011000001100001100011010010000011111111000000101111111100000101111111000001011111100000101111100000101111100001011110000101110000101100001011000001000001000010001000000')
DEBUG:root:Matched frame over all scan:4386

DEBUG:root:Errors over all scan:69

DEBUG:root:Result:tau3_fail
DEBUG:root:Match or Not:False
DEBUG:root:Under real time Point counter:0.250684976578

DEBUG:root:Extracted signature:bitarray('11111111001000111111110001000011111000110000111100010000011011100000011111000000111100000011111000010100100100011000011100110100010000011111100000000101111111000000101111111000001011111100000101111110000101111100001011110000101110000101110001011000001000001000010001000000')
DEBUG:root:Matched frame over all scan:5913

DEBUG:root:Errors over all scan:70

DEBUG:root:Result:tau2_fail
DEBUG:root:Match or Not:False
DEBUG:root:Under real time Point counter:0.252006053925

DEBUG:root:Extracted signature:bitarray('11111111001000011111110000000011111000110000111000010000011001100000011111000000111100000011101000010110000100001010011100011000010000011111100000000101111111000000101111111000001011111100000101111100000101111000001011100000101110000101100001010000001000001000010001000000')
DEBUG:root:Matched frame over all scan:5956

DEBUG:root:Errors over all scan:67

DEBUG:root:Result:replica detected
DEBUG:root:Match or Not:True
DEBUG:root:Under real time Point counter:0.251420021057

DEBUG:root:Extracted signature:bitarray('11111111001000111111110001000011111000110000111100010000011011100000011111000000111100000011101000010100100100011000011100111100010000011111000000000101111111000000101111110000001011111100000101111100000101111000001011110000101110000101110001011000001000001000010001000000')
DEBUG:root:Matched frame over all scan:5913

DEBUG:root:Errors over all scan:72

DEBUG:root:Result:tau2_fail
DEBUG:root:Match or Not:False
DEBUG:root:Under real time Point counter:0.258747816086

DEBUG:root:Extracted signature:bitarray('11111110000000111111110000000011111000110000111100010000011011100000011110000000111000000011100000010000110100011000011100111100010000011111000000000101111110000000101111110000001011111100000101111100000101111000001011100000101100000101100001010000001000001000010001000000')
DEBUG:root:Matched frame over all scan:5913

DEBUG:root:Errors over all scan:65

DEBUG:root:Result:replica detected
DEBUG:root:Match or Not:True
DEBUG:root:Under real time Point counter:0.248811006546

DEBUG:root:Extracted signature:bitarray('11111111000000111111110001000011111000110000111100010000011011100000011111000000111100000011100000110000110100011100011101110110010000011111000000000101111111000000101111110000001011111100000101111100000101111000001011110000101110000101110001011000001000001000010001000000')
DEBUG:root:Matched frame over all scan:5913

DEBUG:root:Errors over all scan:73

DEBUG:root:Result:tau2_fail
DEBUG:root:Match or Not:False
DEBUG:root:Under real time Point counter:0.25262594223

DEBUG:root:Extracted signature:bitarray('11111111011000011111110111000011111000100000111100010001011001110000011111000000111111000011111000010001100100100000101101111011010000011111111000000101111111100000101111111000001011111110000101111110000101111100001011110000101110000101110000011000001000001000010001001000')
DEBUG:root:Matched frame over all scan:5956

DEBUG:root:Errors over all scan:74

DEBUG:root:Result:tau2_fail
DEBUG:root:Match or Not:False
DEBUG:root:Under real time Point counter:0.253882169724

DEBUG:root:Extracted signature:bitarray('11111111000000111111110110000011111000010000111100010011011011110000011111000000111100000011101000011001000100110000101101111010010000011111000000000101111110000000101111110000001011111100000101111100000101111000001011100000101110000101100000011000001000001000010101101000')
DEBUG:root:Matched frame over all scan:5913

DEBUG:root:Errors over all scan:72

DEBUG:root:Result:tau2_fail
DEBUG:root:Match or Not:False
DEBUG:root:Under real time Point counter:0.251806974411

DEBUG:root:Extracted signature:bitarray('11111111011000011111110110000011111000100000111100010001011001110001011111000000111100000011101100010111000100000010001100111011110000011111111000000101111111100000101111111000001011111110000101111110000101111100001011110000101110000101100000011000001000001000010001101000')
DEBUG:root:Matched frame over all scan:5956

DEBUG:root:Errors over all scan:68

DEBUG:root:Result:tau2_fail
DEBUG:root:Match or Not:False
DEBUG:root:Under real time Point counter:0.254939079285

DEBUG:root:Extracted signature:bitarray('11111110011000011111110011000011111000110000111100010000011100110000111011110001111111000011111100010011000101000110001100011011101011111111100000000101111111000000101111111000001011111100000101111100000101111100001011110000101110000101110000011000001000001000010001001000')
DEBUG:root:Matched frame over all scan:5956

DEBUG:root:Errors over all scan:70

DEBUG:root:Result:tau2_fail
DEBUG:root:Match or Not:False
DEBUG:root:Under real time Point counter:0.254499912262

DEBUG:root:Extracted signature:bitarray('11111110011000011111110011000011111000000000111110000001111111110000111111110000111111000011111000010011100100111100111101111011101100011111111000000101111111100000101111111000001011111110000101111110000101111100001011110000101110000101110000011000001000001000010001001000')
DEBUG:root:Matched frame over all scan:5958

DEBUG:root:Errors over all scan:71

DEBUG:root:Result:replica detected
DEBUG:root:Match or Not:True
DEBUG:root:Under real time Point counter:0.25927400589

DEBUG:root:Extracted signature:bitarray('11111110000000011111110000000011111100000000111111100000011111100000111111000001111000000111000000010011100011110001100110000100010000011111110000000101111111100000101111111000001011111100000101111110000101111000001011110000101110000101100000011000001000001000010001000000')
DEBUG:root:Matched frame over all scan:5949

DEBUG:root:Errors over all scan:65

DEBUG:root:Result:replica detected
DEBUG:root:Match or Not:True
DEBUG:root:Under real time Point counter:0.251357793808

DEBUG:root:Extracted signature:bitarray('11111111000000111111111000000111111011000000111100100000111100000000010000000000100000000011111100011111100010110000110000000110010000011111111000000101111111100000101111111000001011111110000101111110000101111100001011110000101110000101110001011000001000001000010001000000')
DEBUG:root:Matched frame over all scan:5949

DEBUG:root:Errors over all scan:58

DEBUG:root:Result:replica detected
DEBUG:root:Match or Not:True
DEBUG:root:Under real time Point counter:0.255280017853

DEBUG:root:Extracted signature:bitarray('11111110000001111111110010000111111000100000111100110000011100110000011000110000110011000010011100010011100101110000110001000100010000011111111000000101111111000000101111111000001011111100000101111100000101111000001011110000101110000101100000010000001000001000010001000000')
DEBUG:root:Matched frame over all scan:5949

DEBUG:root:Errors over all scan:63

DEBUG:root:Result:replica detected
DEBUG:root:Match or Not:True
DEBUG:root:Under real time Point counter:0.255347967148

DEBUG:root:Extracted signature:bitarray('11111110011000011111110011000011111000100000111110010000011110010000011101100000100011000011111100010111100001110001110001100100010000011111111000000101111111100000101111111000001011111110000101111110000101111100001011110000101110000101100000011000001000001000010001000000')
DEBUG:root:Matched frame over all scan:966

DEBUG:root:Errors over all scan:63

DEBUG:root:Result:tau3_fail
DEBUG:root:Match or Not:False
DEBUG:root:Under real time Point counter:0.248799085617

DEBUG:root:Extracted signature:bitarray('11111110011000011111110011000011111000100000111110010000011110110000011000110000100011000011011100010111100011110001110001100110010000011111111000000111111111100000101111111000001011111110000101111110000101111100001011110000101110000101110000011000001000001000010001000000')
DEBUG:root:Matched frame over all scan:966

DEBUG:root:Errors over all scan:62

DEBUG:root:Result:tau3_fail
DEBUG:root:Match or Not:False
DEBUG:root:Under real time Point counter:0.254523992538

DEBUG:root:Extracted signature:bitarray('11111111000000011111110011000011111101110000101110010000011110110000011001110000110111000011111100010111100011110001110001100100010000011111100000000101111111100000101111111100001011111110000101111110000101111100001011110000101111000101110000011100001100001000010001000000')
DEBUG:root:Matched frame over all scan:967

DEBUG:root:Errors over all scan:64

DEBUG:root:Result:tau3_fail
DEBUG:root:Match or Not:False
DEBUG:root:Under real time Point counter:0.248291969299

DEBUG:root:Extracted signature:bitarray('11111111000000011111110011000011111101110000101110010000011110110000011001110000110111000011111100010111100011110001110001100100010000011111100000000101111111100000101111111100001011111110000101111110000101111100001011110000101111000101110000011100001100001000010001000000')
DEBUG:root:Matched frame over all scan:967

DEBUG:root:Errors over all scan:64

DEBUG:root:Result:tau3_fail
DEBUG:root:Match or Not:False
DEBUG:root:Under real time Point counter:0.256206989288

DEBUG:root:Extracted signature:bitarray('11111110011000011111110011000011111000110000101110010000011100110000011001100000110111000011111100010111100001110001110001100100010000011111110000000101111111000000101111111000001011111100000101111110000101111100001011110000101110000101110000011000001100001000010001000000')
DEBUG:root:Matched frame over all scan:966

DEBUG:root:Errors over all scan:65

DEBUG:root:Result:tau3_fail
DEBUG:root:Match or Not:False
DEBUG:root:Under real time Point counter:0.261122941971

DEBUG:root:Extracted signature:bitarray('11111110011000111111110011000011111100110000101110010000011110110000011001100000110111000011111100011111100001110001110001100100010000011111111000000101111111100000101111111000001011111110000101111110000101111100001011110000101110000101110000011100001100001000010001000000')
DEBUG:root:Matched frame over all scan:5949

DEBUG:root:Errors over all scan:66

DEBUG:root:Result:replica detected
DEBUG:root:Match or Not:True
DEBUG:root:Under real time Point counter:0.255756139755

DEBUG:root:Extracted signature:bitarray('11111110001000011111110011000011111100100000111110010000011110110000011101100000110011000011111100011011100001110001110011000100010000011111100000000101111111000000101111111000001011111100000101111100000101111000001011110000101110000101100000011000001000001000010001000000')
DEBUG:root:Matched frame over all scan:5949

DEBUG:root:Errors over all scan:64

DEBUG:root:Result:replica detected
DEBUG:root:Match or Not:True
DEBUG:root:Under real time Point counter:0.253684043884

DEBUG:root:Extracted signature:bitarray('11111110011000011111110011000011111000110000101100010000011110110000011001100000110011000011111100010111100001110001110001100110010000011111110000000101111111100000101111111000001011111110000101111110000101111100001011110000101110000101110000011000001000001000010001000000')
DEBUG:root:Matched frame over all scan:966

DEBUG:root:Errors over all scan:66

DEBUG:root:Result:tau3_fail
DEBUG:root:Match or Not:False
DEBUG:root:Under real time Point counter:0.254436016083

DEBUG:root:Extracted signature:bitarray('11111110011001101111110011001101111000110000101100010000011100110000011001100000110011000011011100010011100001110001110001000100010000011111100000000101111111000001101111111000001011111100000101111100000101111100001011110000101110000101110000011000001000001000010001000000')
DEBUG:root:Matched frame over all scan:965

DEBUG:root:Errors over all scan:70

DEBUG:root:Result:tau3_fail
DEBUG:root:Match or Not:False
DEBUG:root:Under real time Point counter:0.250082015991

DEBUG:root:Extracted signature:bitarray('11111110001000011111110011000011111100110000111110010000011110110000011101100011110111001111111110001111100001110001110001000100010000011111110000000101111111100000101111111000001011111110000101111110000101111100011011110001101110000001110000011000001000001000010001000000')
DEBUG:root:Matched frame over all scan:966

DEBUG:root:Errors over all scan:72

DEBUG:root:Result:tau3_fail
DEBUG:root:Match or Not:False
DEBUG:root:Under real time Point counter:0.25338602066

DEBUG:root:Extracted signature:bitarray('11111110001000111111110011000011111100110000101110010000011100110000011001100000100011000010011100010011100001110001110001100100010000011111100000000101111111000000101111111000001011111100000101111100000101111000001011100000101110000101100000010000001000001000010001000000')
DEBUG:root:Matched frame over all scan:5949

DEBUG:root:Errors over all scan:63

DEBUG:root:Result:replica detected
DEBUG:root:Match or Not:True
