DEBUG:root:Under real time Point counter:2.21729278564e-05

DEBUG:root:Extracted signature:bitarray('11111000000000110110000000001110000000000111100000000001110010000010010000000100100100111101110111101101111000111100111101111011011111111111111000011111111110000001111110100000010111010000000011000000000011000000000110000000011000011011000110110001011100011100110011011100')
DEBUG:root:Matched frame over all scan:945

DEBUG:root:Errors over all scan:35

DEBUG:root:Result:replica detected
DEBUG:root:Match or Not:True
DEBUG:root:Real time1487801147.66

DEBUG:root:Extracted signature:bitarray('11110000100001110010001000011110000000000111100000000011110001000011110000001111101100111101100111101001111000111101111101111011011011111111111000011110111111000011110111110000110111111000000011111000000011110000001111000000011000110011001110100111001111001110010011001100')
DEBUG:root:Matched frame over all scan:945

DEBUG:root:Errors over all scan:51

DEBUG:root:Result:replica detected
DEBUG:root:Match or Not:True
DEBUG:root:Real time1487801147.86

DEBUG:root:Extracted signature:bitarray('11110010000001111001111110000010011111100000100111100000010111000000111100000001100000000010000000011110000111000011000110011001100000011111110010000011111110000000111111100000001111110000000111100000001011000000000110000000010011000011110000111000011000011000110010001100')
DEBUG:root:Matched frame over all scan:946

DEBUG:root:Errors over all scan:35

DEBUG:root:Result:replica detected
DEBUG:root:Match or Not:True
DEBUG:root:Real time1487801148.06

DEBUG:root:Extracted signature:bitarray('11110110000011010001111000000010011110000000011110000000011110000001111000000001100000000010110000011110000110000010000010011001101101111111100111000011111100100000011111000000001111100000001111000000001111000000001100000000011111000011100000110000011000011000100100101100')
DEBUG:root:Matched frame over all scan:947

DEBUG:root:Errors over all scan:21

DEBUG:root:Result:replica detected
DEBUG:root:Match or Not:True
DEBUG:root:Real time1487801148.26

DEBUG:root:Extracted signature:bitarray('11110110000110010001111000000010011110000000011110000011011110000001111000000011100000000110100000011000000100000010000010000101101111111111001100000010111000000000011110000000001111000000011111000000001111000000001100111000011110000011100000110000011000010000100100101100')
DEBUG:root:Matched frame over all scan:948

DEBUG:root:Errors over all scan:22

DEBUG:root:Result:replica detected
DEBUG:root:Match or Not:True
DEBUG:root:Real time1487801148.46

DEBUG:root:Extracted signature:bitarray('11111001110011001111110110011101111001110111011000111001101000111000110000110011000011111101001110000011100001100101100111100100010010011111111111100010111111111110010111111110110101111111001010111111001010111100000101110000011110000011010000111000011000011110110011000100')
DEBUG:root:Matched frame over all scan:949

DEBUG:root:Errors over all scan:30

DEBUG:root:Result:replica detected
DEBUG:root:Match or Not:True
DEBUG:root:Real time1487801148.66

DEBUG:root:Extracted signature:bitarray('11111001110110001111111110011101111011110011011001111001101000111000110001110011000111111001001110000011000001100101100011100110010000011111111111100010111111111110010111111110110101111111001010111111000010111100000101111000011111100011110000111000011000011110110011000100')
DEBUG:root:Matched frame over all scan:951

DEBUG:root:Errors over all scan:28

DEBUG:root:Result:replica detected
DEBUG:root:Match or Not:True
DEBUG:root:Real time1487801148.86

DEBUG:root:Extracted signature:bitarray('11111001110110001111111110011101110011100011011001111001101000111000100001110011000111011001011110000011100001100101100111000100010000011111111111100010111111111110010111111110010101111111001010111111000010111100000101111000010111100011110000111000011000011010110011000100')
DEBUG:root:Matched frame over all scan:954

DEBUG:root:Errors over all scan:33

DEBUG:root:Result:replica detected
DEBUG:root:Match or Not:True
DEBUG:root:Real time1487801149.06

DEBUG:root:Extracted signature:bitarray('11111010110111001111111110011101110011110011011001111000101000111000100001110011000111111101011111000011010001100101100011000100010000011111111111100010111111111110010111111110010101111111001010111111000010111110000101111000010111100011111000111000011000011110110001000100')
DEBUG:root:Matched frame over all scan:954

DEBUG:root:Errors over all scan:36

DEBUG:root:Result:replica detected
DEBUG:root:Match or Not:True
DEBUG:root:Real time1487801149.26

DEBUG:root:Extracted signature:bitarray('11111101110111001111111110011101110011110011011001111000101000111000100001110011000111011101001110000011000001100101100011000100010000011111111111100010111111111110010111111110010101111111001010111111000010111110000101111000010111000011110000111000011000011010110011000100')
DEBUG:root:Matched frame over all scan:953

DEBUG:root:Errors over all scan:35

DEBUG:root:Result:replica detected
DEBUG:root:Match or Not:True
DEBUG:root:Real time1487801149.46

DEBUG:root:Extracted signature:bitarray('11111000110111001111101110011101110011110011011000111000101000111000110001110011000111111101001100010011000001100101100111000100010000011111111111100010111111111111010111111110110101111111001010111111000010111100000101110000010110100011010000111000011000011110110001000100')
DEBUG:root:Matched frame over all scan:954

DEBUG:root:Errors over all scan:29

DEBUG:root:Result:replica detected
DEBUG:root:Match or Not:True
DEBUG:root:Real time1487801149.66

DEBUG:root:Extracted signature:bitarray('11111010110111001111111110011101110011110011011001111000101000111000100001110011000111111101001110000011100001100101100111000100010000011111111111100010111111111110010111111110010101111111001010111111000010111110000101111000010111100011111000111000011000011110110001000100')
DEBUG:root:Matched frame over all scan:954

DEBUG:root:Errors over all scan:33

DEBUG:root:Result:replica detected
DEBUG:root:Match or Not:True
DEBUG:root:Under real time Point counter:0.232730150223

DEBUG:root:Extracted signature:bitarray('11111001110111101111101110011101110011110011011000111001101000111000110001110011000111111101001110000011000001100101100011000100010000011111111111100010111111111111010111111110110101111111001010111111000010111110000101111000010111100011110000111000011000011110110001000100')
DEBUG:root:Matched frame over all scan:954

DEBUG:root:Errors over all scan:27

DEBUG:root:Result:replica detected
DEBUG:root:Match or Not:True
DEBUG:root:Real time1487801150.09

DEBUG:root:Extracted signature:bitarray('11111000110011101111000110011101110000101000111000001000010001111000010110100011110000001110000011101100111010111100110001100110010010011111111111111100111111111101000111111111100101111111110010111111110010111111000101110100010111100010011010101011011111011110110010011100')
DEBUG:root:Matched frame over all scan:957

DEBUG:root:Errors over all scan:51

DEBUG:root:Result:replica detected
DEBUG:root:Match or Not:True
DEBUG:root:Real time1487801150.29

DEBUG:root:Extracted signature:bitarray('11100111111011101101110111011101011111011011000111100100001111110000001101100000111110000011110000011100000100000011001110111011101111111111111111100000111111111101000111111111010001111111100000111111100000111100000101111000011111000011110000111000011000011000110011010100')
DEBUG:root:Matched frame over all scan:959

DEBUG:root:Errors over all scan:43

DEBUG:root:Result:replica detected
DEBUG:root:Match or Not:True
DEBUG:root:Real time1487801150.49

DEBUG:root:Extracted signature:bitarray('11110111111011101110111111011101001101101111000111110100001011110000000111100000011100000011110000011100000100000010110010011011101101111111111111111000111111111101000111111111110101111111101010111111100000111100000111110000011111000011010000111010011000011000110011010100')
DEBUG:root:Matched frame over all scan:959

DEBUG:root:Errors over all scan:27

DEBUG:root:Result:replica detected
DEBUG:root:Match or Not:True
DEBUG:root:Real time1487801150.69

DEBUG:root:Extracted signature:bitarray('11101111111111101101111111011101101110111110000011111000001011110001100111100011011100000011100000011100000110000010011011111011101100011111111111111000111111111101000111111111110001111111101000111111100000111111000011111100011111100011011000111110011100011000110011010100')
DEBUG:root:Matched frame over all scan:960

DEBUG:root:Errors over all scan:30

DEBUG:root:Result:replica detected
DEBUG:root:Match or Not:True
DEBUG:root:Real time1487801150.89

DEBUG:root:Extracted signature:bitarray('11101111111011101101111111011101011111010111000011111000001011111001100111100001011100000011100000010110000111000010001111111011101100011111111111000000111111111101000111111110010001111111001010111111000010111100000111110000011110000011010000111000011000011000110011010100')
DEBUG:root:Matched frame over all scan:962

DEBUG:root:Errors over all scan:21

DEBUG:root:Result:replica detected
DEBUG:root:Match or Not:True
DEBUG:root:Real time1487801151.1

DEBUG:root:Extracted signature:bitarray('11101111111011101101111111011101011111011111000011101000001011111001100111100011011100000001100000011100000111000010001111111011101100011111111111111100111111111111000111111111110001111111101010111111000010111110000001111000011111100011111000111110011000011000110011010100')
DEBUG:root:Matched frame over all scan:962

DEBUG:root:Errors over all scan:29

DEBUG:root:Result:replica detected
DEBUG:root:Match or Not:True
DEBUG:root:Real time1487801151.3

DEBUG:root:Extracted signature:bitarray('11101111111011101101111111011101011111000111000011101000001011111001100111100011001100000011100000010110000111000010001111111011101100011111111111111000111111111101000111111111110101111111001010111111000010111100000111110000011111000011010000111000011000011000110011010100')
DEBUG:root:Matched frame over all scan:962

DEBUG:root:Errors over all scan:24

DEBUG:root:Result:replica detected
DEBUG:root:Match or Not:True
DEBUG:root:Real time1487801151.5

DEBUG:root:Extracted signature:bitarray('10110011000100011100111001100010001100011000101110011000011110011000011111111000011111110001111100001111000011101001011101111011011011001111110001100110101110011011100011101110000101100100000010111111000011111111000111111110101111110101111111011111101111101111011101110100')
DEBUG:root:Matched frame over all scan:1043

DEBUG:root:Errors over all scan:65

DEBUG:root:Result:replica detected
DEBUG:root:Match or Not:True
DEBUG:root:Real time1487801151.7

DEBUG:root:Extracted signature:bitarray('10000100011111011000100011111010001000111110000100011111101110011101101110110101011100000011000000011000000100100010011011111011111010101111110001101110101110010011010011100110100101110000000010111101000011111111000111111110101111111101111111011111101111101111011101110100')
DEBUG:root:Matched frame over all scan:964

DEBUG:root:Errors over all scan:60

DEBUG:root:Result:tau3_fail
DEBUG:root:Match or Not:False
DEBUG:root:Real time1487801151.9

DEBUG:root:Extracted signature:bitarray('10000100011100011000100011100010001000111100100000001111101100111111001111111111011100111101100111111000011100000010000011111111011010001111110001101110101110011011010111101110010101111100000010111101000011111111000111111110101111111101111111011111101111101111011101010100')
DEBUG:root:Matched frame over all scan:965

DEBUG:root:Errors over all scan:34

DEBUG:root:Result:replica detected
DEBUG:root:Match or Not:True
DEBUG:root:Real time1487801152.1

DEBUG:root:Extracted signature:bitarray('10000100011100011000100011100010001000111000100000001111101100111111001111111111011100111101100011101000111100000110000011111111111010001111110011101110101110011011110111101110010101111000100010111101000011111111000111111110101111111101111111011111101111101111011101010100')
DEBUG:root:Matched frame over all scan:965

DEBUG:root:Errors over all scan:40

DEBUG:root:Result:tau3_fail
DEBUG:root:Match or Not:False
DEBUG:root:Real time1487801152.3

DEBUG:root:Extracted signature:bitarray('10100100011110010001100011100001001000111000000100001111101100111111001111111111011100111101100111101000111100000110000011111111111010101111110001101110101110011011000111001110100101101101000010111101100011111111000111111111101111111101111111011111101111101111011101010100')
DEBUG:root:Matched frame over all scan:966

DEBUG:root:Errors over all scan:41

DEBUG:root:Result:tau3_fail
DEBUG:root:Match or Not:False
DEBUG:root:Real time1487801152.5

DEBUG:root:Extracted signature:bitarray('10100100011100011101100011100010001000011100100100001111101100111111101111111110011100111101100011111000011100000010000011111111111010101111110001100110101110010001110011100100010101100000000010111000100011111111000111111110101111111101111111011111101111101111011101110100')
DEBUG:root:Matched frame over all scan:965

DEBUG:root:Errors over all scan:48

DEBUG:root:Result:tau3_fail
DEBUG:root:Match or Not:False
DEBUG:root:Real time1487801152.7

DEBUG:root:Extracted signature:bitarray('10111111001000001101111001110000011110011100001111000110001111111100001111111000011100000001110000011110000111100011110011111011011010101111110001101110101110010011100011000110110101100100000010111101000011111111000111111111101111111101111111011111101111101111011101110100')
DEBUG:root:Matched frame over all scan:1044

DEBUG:root:Errors over all scan:60

DEBUG:root:Result:replica detected
DEBUG:root:Match or Not:True
DEBUG:root:Real time1487801152.9

DEBUG:root:Extracted signature:bitarray('11101100000000011001110000100010011110000000101110000000011111000000011110000000111100000011000000010000000100100000100101100110011111101111110001111110111100010011100111001100100101101000000011111101000011111111000111111110101111111101111111011111101111101111011101010100')
DEBUG:root:Matched frame over all scan:1043

DEBUG:root:Errors over all scan:61

DEBUG:root:Result:replica detected
DEBUG:root:Match or Not:True
DEBUG:root:Real time1487801153.1

DEBUG:root:Extracted signature:bitarray('10101100110000011101111000000010011000000100101100000001111110001001111111010000111001100011000100010000000100001010001110000110010010001111110001100110101110010011100011001100000101101100000010111111000011111110000111111110101111111101111111011111101111101111011101000100')
DEBUG:root:Matched frame over all scan:971

DEBUG:root:Errors over all scan:53

DEBUG:root:Result:tau3_fail
DEBUG:root:Match or Not:False
DEBUG:root:Real time1487801153.3

DEBUG:root:Extracted signature:bitarray('11101100010000011101110000010010011000000110101100001001111110001001111110011000111001100011000000010000100100000110000110001101100100001111110001101110101110011011000011001110010101110111000010111111000011111111000111111110101111111101111111011111101111101111011101001100')
DEBUG:root:Matched frame over all scan:972

DEBUG:root:Errors over all scan:49

DEBUG:root:Result:tau3_fail
DEBUG:root:Match or Not:False
DEBUG:root:Real time1487801153.5

DEBUG:root:Extracted signature:bitarray('10100110000000011001110000010010010000000110101100000001111110001001111110010000111001100011000100010000100100000010000110011101100000001111110001101110101110010011010111000100100101100100000010111111000011111110000111111110101111111101111111011111101111101111011101001100')
DEBUG:root:Matched frame over all scan:972

DEBUG:root:Errors over all scan:46

DEBUG:root:Result:tau3_fail
DEBUG:root:Match or Not:False
DEBUG:root:Real time1487801153.7

DEBUG:root:Extracted signature:bitarray('10101110000000011001110000000010011000000110101100000001111100001001011110011000111001100011000000010000010100000110000110011101101100001111110001100110101110010001100011001100000101110100000010111111000011111110000111111110101111111101111011011111101111101111011001001100')
DEBUG:root:Matched frame over all scan:972

DEBUG:root:Errors over all scan:56

DEBUG:root:Result:tau3_fail
DEBUG:root:Match or Not:False
DEBUG:root:Real time1487801153.9

DEBUG:root:Extracted signature:bitarray('10101110000000011101110000010010011000000011101100001001101110001001011110111000111001100011000000010000010110000111000110011101101100001111110011101110101110011011100011001110100101111101000010111111000011111111000111111110101111111101111111011111101111101111011101001100')
DEBUG:root:Matched frame over all scan:982

DEBUG:root:Errors over all scan:46

DEBUG:root:Result:tau3_fail
DEBUG:root:Match or Not:False
DEBUG:root:Real time1487801154.1

DEBUG:root:Extracted signature:bitarray('10101110000000111001110000000010011000000110101100001001111100001000011110111000111001100011000000010000010110000011000110011101101100001111110001100110101110011011100111101100000101101100100010111101000011111110000111111110101111111101111111011111101111101111011101001100')
DEBUG:root:Matched frame over all scan:980

DEBUG:root:Errors over all scan:53

DEBUG:root:Result:tau3_fail
DEBUG:root:Match or Not:False
DEBUG:root:Real time1487801154.3

DEBUG:root:Extracted signature:bitarray('10101110000000111101110000000011011000100010101100000001111110001000011110011000111001100011000000010000000110000011000010001101101100001111110001101110101110010011000011001100000101100100000010111111000011111110000111111110101111111101111111011111101111101111011101001100')
DEBUG:root:Matched frame over all scan:977

DEBUG:root:Errors over all scan:53

DEBUG:root:Result:tau3_fail
DEBUG:root:Match or Not:False
DEBUG:root:Real time1487801154.5

DEBUG:root:Extracted signature:bitarray('10011110000001111101100000000011011000100011101100000001111110001000011110111000111001100011000000010000000110000111000110011101101100001111110001100110101110010011010011001100000101100100000010111111000011111110000111111110101111111101111111011111101111101111011101001100')
DEBUG:root:Matched frame over all scan:982

DEBUG:root:Errors over all scan:55

DEBUG:root:Result:tau3_fail
DEBUG:root:Match or Not:False
DEBUG:root:Real time1487801154.7

DEBUG:root:Extracted signature:bitarray('10101100000001111101110010001010011000100111101100011001101100011000011110111000111011100011000000010000001111000111000010011001101100001111110011101110101110011011010011101100100101110100100010111111000011111111000111111110101111111101111111011111101111101111011001001100')
DEBUG:root:Matched frame over all scan:982

DEBUG:root:Errors over all scan:48

DEBUG:root:Result:tau3_fail
DEBUG:root:Match or Not:False
DEBUG:root:Real time1487801154.9

DEBUG:root:Extracted signature:bitarray('10001100000001011101110000000011011000100010101100010001111100011000011110111000111001000011000000010000000110000111000110011001101100001111110001101110101110010011010011101100010101110100000010111110000011111110000111111110101111111101111111011111101101101111011001001100')
DEBUG:root:Matched frame over all scan:977

DEBUG:root:Errors over all scan:53

DEBUG:root:Result:tau3_fail
DEBUG:root:Match or Not:False
DEBUG:root:Real time1487801155.1

DEBUG:root:Extracted signature:bitarray('10101100000000111101100000000011011000100011101100011001111100011000011110111000111011000011000000010000010110000111000110011001101100001111110001100110101110010011010011000110000101110010000010111110000011111110000111111110101111111101111111011111101111101111011001001100')
DEBUG:root:Matched frame over all scan:982

DEBUG:root:Errors over all scan:54

DEBUG:root:Result:tau3_fail
DEBUG:root:Match or Not:False
DEBUG:root:Real time1487801155.3

DEBUG:root:Extracted signature:bitarray('10101100000001111101110010000010011000100010101100010001111100011000011110111000111011000011000000010000000111000011000110011001101100001111110001100110101110010011010011101110000101100100000010111111000011111110000111111110101111111101111111011111101111101111011001001100')
DEBUG:root:Matched frame over all scan:982

DEBUG:root:Errors over all scan:51

DEBUG:root:Result:tau3_fail
DEBUG:root:Match or Not:False
DEBUG:root:Real time1487801155.5

DEBUG:root:Extracted signature:bitarray('10101101000000111101100000000011011000100010101100001001111100011000011110111000111011000011000000010000001110000111000110011001101100001111110001101010111100010011010111000110100101101000100010111101000011111111000111111110101111111101111111011111101111101111011101101100')
DEBUG:root:Matched frame over all scan:980

DEBUG:root:Errors over all scan:51

DEBUG:root:Result:tau3_fail
DEBUG:root:Match or Not:False
DEBUG:root:Real time1487801155.71

DEBUG:root:Extracted signature:bitarray('11100001100111011100000100111001100000001110111000000011011000000011010000000100100000110010001110011001100100000010000010000100010000011111111111000010111111111000010111111110000101111111000010111111000010100110000100011100010111110010100000100000010000010100010000000100')
DEBUG:root:Matched frame over all scan:987

DEBUG:root:Errors over all scan:23

DEBUG:root:Result:replica detected
DEBUG:root:Match or Not:True
DEBUG:root:Real time1487801155.91

DEBUG:root:Extracted signature:bitarray('11110000100011011110000100111011100000000110111000000011011000000011010000000000100000100010000110011001100100000010000010000100010000011111111110000010111111110000010111111100000101111110000010111110000010100110000100111100010111110010100100100000110000010100100000100100')
DEBUG:root:Matched frame over all scan:1001

DEBUG:root:Errors over all scan:31

DEBUG:root:Result:replica detected
DEBUG:root:Match or Not:True
DEBUG:root:Real time1487801156.11

DEBUG:root:Extracted signature:bitarray('11100001100111011110000100111001100000001110111000000011111000000011010000000100100000110010001110011001100100000010000010000100010000011111111111000010111111111000010111111110000101111111000010111110000010100110000100011100010111110010100100100000010000010110000000000100')
DEBUG:root:Matched frame over all scan:986

DEBUG:root:Errors over all scan:20

DEBUG:root:Result:replica detected
DEBUG:root:Match or Not:True
DEBUG:root:Real time1487801156.31

DEBUG:root:Extracted signature:bitarray('11100001100111011110000000111001100000001110111000000111011000000011010000000100100000110010000110011001100100000010000010000100010000011111111111000010111111111000010111111110000101111111000010111111000010110110000100011100010111110010100000100000010000010110011000000100')
DEBUG:root:Matched frame over all scan:986

DEBUG:root:Errors over all scan:21

DEBUG:root:Result:replica detected
DEBUG:root:Match or Not:True
DEBUG:root:Real time1487801156.51

DEBUG:root:Extracted signature:bitarray('11100001100111011110000000111001100000001110111000000011011000000011010000001100100000110010000110001001100100010010000010000100000000011111111111000010111111111000010111111110000101111111000010111111000010110110000100011000010011110010110100110000010000010110001001000100')
DEBUG:root:Matched frame over all scan:988

DEBUG:root:Errors over all scan:23

DEBUG:root:Result:replica detected
DEBUG:root:Match or Not:True
DEBUG:root:Real time1487801156.71

DEBUG:root:Extracted signature:bitarray('11100001100111011110000000111001100000001110111000000111011000000011010000000110100000110110000110011001100100000010000010000100010000011111111111000010111111111000010111111110000101111111000010111111000010100110000100111100010111010010100000100000010000010100110000000100')
DEBUG:root:Matched frame over all scan:989

DEBUG:root:Errors over all scan:22

DEBUG:root:Result:replica detected
DEBUG:root:Match or Not:True
DEBUG:root:Real time1487801156.91

DEBUG:root:Extracted signature:bitarray('11100001100111011110000000111001100000001110111000000111011000000011010000000100100000110010001110011001100100000010000010000100010000011111111111000010111111111000010111111110000101111111000010111110000010111110000100011100010111110010100100100000010000010110011000000100')
DEBUG:root:Matched frame over all scan:986

DEBUG:root:Errors over all scan:21

DEBUG:root:Result:replica detected
DEBUG:root:Match or Not:True
DEBUG:root:Real time1487801157.11

DEBUG:root:Extracted signature:bitarray('11100001100111011110000000111001100000001110111000000011011000000011010000000100100000111010000110001001100100010010000010000100010000011111111111000010111111111000010111111110000101111111000010111110000010110110000100011000010111110010100100100000010000010110001000000100')
DEBUG:root:Matched frame over all scan:987

DEBUG:root:Errors over all scan:24

DEBUG:root:Result:replica detected
DEBUG:root:Match or Not:True
DEBUG:root:Real time1487801157.31

DEBUG:root:Extracted signature:bitarray('11100001100111011110000000111001100000001110111000000111011000000011010000001100100000110010001110001001100100010010000010000100010000011111111111000010111111111000010111111110000101111111000010111110000010110110000100011000010111110010100100100000010000010110001000000100')
DEBUG:root:Matched frame over all scan:992

DEBUG:root:Errors over all scan:21

DEBUG:root:Result:replica detected
DEBUG:root:Match or Not:True
DEBUG:root:Real time1487801157.51

DEBUG:root:Extracted signature:bitarray('10110000000000011111000000000010110011000100011101100011001111110011001111000110011100011101000001111000011100001110001010011000100101101111110000111010111110010011010111001110000101101101000011111111000011111111000111111111011001111011011101100110100110100111101001000100')
DEBUG:root:Matched frame over all scan:993

DEBUG:root:Errors over all scan:42

DEBUG:root:Result:replica detected
DEBUG:root:Match or Not:True
DEBUG:root:Real time1487801157.71

DEBUG:root:Extracted signature:bitarray('10110000100000011101001000000010110011000100011101100011101111010011101111000110011100011011000001011100011110001110001110011001101111101111110001111010101110011001010011001110010101111001100010111101100011111111000111111110011110011011100110010001100001110010101101101100')
DEBUG:root:Matched frame over all scan:993

DEBUG:root:Errors over all scan:63

DEBUG:root:Result:tau3_fail
DEBUG:root:Match or Not:False
DEBUG:root:Real time1487801157.91

DEBUG:root:Extracted signature:bitarray('10110000000000011111001000000010110011001100111101100011001111110011001111000110011100010011110010011100010110001110001110011001101111111111110000111010101110010011010111001100000101110100000010111100000011111111000111111100011111110011001100100011110001110110101001010100')
DEBUG:root:Matched frame over all scan:995

DEBUG:root:Errors over all scan:49

DEBUG:root:Result:tau3_fail
DEBUG:root:Match or Not:False
DEBUG:root:Real time1487801158.11

DEBUG:root:Extracted signature:bitarray('10110000100000011111000001000010110000010000111101000010001111110011001110001110011000111011000010010100110110011110001110011001000001101111110000111010111110111001010111001100100101111101000010111101000011111111000111111000111111000011100000110001010011010110101011010100')
DEBUG:root:Matched frame over all scan:996

DEBUG:root:Errors over all scan:49

DEBUG:root:Result:tau3_fail
DEBUG:root:Match or Not:False
DEBUG:root:Real time1487801158.31

DEBUG:root:Extracted signature:bitarray('10111000100100011011000001100010110010001000111101100110001111010111001110001110011000111000010110011100001110001110001110011000101101101111110000111010101110010011010111101110010101111101100010111111100011111111001111111100111111000011110000110000110001110010101011010100')
DEBUG:root:Matched frame over all scan:998

DEBUG:root:Errors over all scan:51

DEBUG:root:Result:tau3_fail
DEBUG:root:Match or Not:False
DEBUG:root:Real time1487801158.51

DEBUG:root:Extracted signature:bitarray('10111000000000011011000001000010110011000000111111110000101111011011101110011110011000111000000110010000000100000110001100011001101101101111110000111010101110011011010011000110010101110101100010111101000011111111000111111110001001110010011100101100100110100101101101000100')
DEBUG:root:Matched frame over all scan:999

DEBUG:root:Errors over all scan:50

DEBUG:root:Result:tau3_fail
DEBUG:root:Match or Not:False
DEBUG:root:Real time1487801158.71

DEBUG:root:Extracted signature:bitarray('10111000100100011101000001100010111011100000111111110000101111100111101111001111011000011101000011100000110100000010001100001000100101111111110000111010101110011001010011001100000101101000000010111100000011111110000111111110100011100100111000101100110100110001101110000100')
DEBUG:root:Matched frame over all scan:999

DEBUG:root:Errors over all scan:61

DEBUG:root:Result:tau3_fail
DEBUG:root:Match or Not:False
DEBUG:root:Real time1487801158.91

DEBUG:root:Extracted signature:bitarray('10111000000100011101000001100010111011100001011111110000101111110011101111000111011100011101000011110000011100011110011100011000000000001111110001111010101110011011010011101110110101111101000010111101100011111111000110011100001001100010011000101001110001110011101110010100')
DEBUG:root:Matched frame over all scan:1000

DEBUG:root:Errors over all scan:51

DEBUG:root:Result:tau3_fail
DEBUG:root:Match or Not:False
DEBUG:root:Real time1487801159.11

DEBUG:root:Extracted signature:bitarray('11100001100111011110000100111101100000001110111000000011011000000011010000000100100000110010000110011001100100000010000010000100010000011111111111000010111111111000010111111110000101111111000010111110000010100110000100011100010111110010100100100000010000010110010000000100')
DEBUG:root:Matched frame over all scan:987

DEBUG:root:Errors over all scan:21

DEBUG:root:Result:replica detected
DEBUG:root:Match or Not:True
DEBUG:root:Real time1487801159.32

DEBUG:root:Extracted signature:bitarray('11100001100111011110000100111001100000001111111000000011011000000011010000000100100000110010000110011001100100000010000010000100010000011111111111000010111111111000010111111110000101111111000010111110000010110110000100011100010111110010100100100000010000010110010000000100')
DEBUG:root:Matched frame over all scan:986

DEBUG:root:Errors over all scan:23

DEBUG:root:Result:replica detected
DEBUG:root:Match or Not:True
DEBUG:root:Real time1487801159.52

DEBUG:root:Extracted signature:bitarray('11100001100111011110001000111001110000001110111000000111011000000011010000000100100000110010001110011001100100000010000010000100010000011111111111000010111111111000010111111110000101111111000010111110000010111110000100011100010111110010100100110000010000010110010000000100')
DEBUG:root:Matched frame over all scan:986

DEBUG:root:Errors over all scan:23

DEBUG:root:Result:replica detected
DEBUG:root:Match or Not:True
DEBUG:root:Real time1487801159.72

DEBUG:root:Extracted signature:bitarray('11100001100111011110000100111001100000001111111000000011011000000011010000000000100000100011001100011001000100000110001110001000101101111111111111000010111111111000010111111110000101111111000010111110000010011110000101111000010111000010010000100001010001110011101100101100')
DEBUG:root:Matched frame over all scan:1004

DEBUG:root:Errors over all scan:36

DEBUG:root:Result:replica detected
DEBUG:root:Match or Not:True
DEBUG:root:Under real time Point counter:0.22540807724

DEBUG:root:Extracted signature:bitarray('11100001100111011100000000111001100000001110111000000111111000000011110000000111100000001110000000010000000100000010000010000000100101111111111111000010111111111000010111111110000101111111000010111111000010111000000101000001010000001010100000110000010000010010001101100100')
DEBUG:root:Matched frame over all scan:1005

DEBUG:root:Errors over all scan:19

DEBUG:root:Result:replica detected
DEBUG:root:Match or Not:True
DEBUG:root:Real time1487801160.14

DEBUG:root:Extracted signature:bitarray('11100100000111001111110000111101110110001111010001100011100001110011101111000111101100000011110000011000000101000010000010000100010000011111111111000110111111111000010111111110000101111111000010111000000010110000100101100000010110000010100000100000110001101000010000100100')
DEBUG:root:Matched frame over all scan:1007

DEBUG:root:Errors over all scan:31

DEBUG:root:Result:replica detected
DEBUG:root:Match or Not:True
DEBUG:root:Real time1487801160.34

DEBUG:root:Extracted signature:bitarray('11100100000111101111110000111001100110001110010001100111100001100011101111000111001100000011110000011000000101000010000010000100010000011111111111000110111111111000010111111110000101111111000010111100000010111000010101110001010110000010100000100000110000111000110000101100')
DEBUG:root:Matched frame over all scan:1007

DEBUG:root:Errors over all scan:28

DEBUG:root:Result:replica detected
DEBUG:root:Match or Not:True
DEBUG:root:Real time1487801160.54

DEBUG:root:Extracted signature:bitarray('10100111100001111001111100001110011110001110001111000110001111111100001111111000011111111101011111001001111000001110000110000100010011111111110000111110101110010011010011101100000101101000000010111100000011111111000111111110101110111101100111010001011000010000100010010100')
DEBUG:root:Matched frame over all scan:1008

DEBUG:root:Errors over all scan:60

DEBUG:root:Result:tau3_fail
DEBUG:root:Match or Not:False
DEBUG:root:Real time1487801160.75

DEBUG:root:Extracted signature:bitarray('10100010110001111000111100001110011111001111001111100111101111110110001111011110011001111101001100000111000100000010100100001100010000101111110001111110101110011100010011001111000101111101101010111100110011111000110111110001101110000101100001100000110101110100100010010100')
DEBUG:root:Matched frame over all scan:1008

DEBUG:root:Errors over all scan:88

DEBUG:root:Result:tau3_fail
DEBUG:root:Match or Not:False
DEBUG:root:Real time1487801160.95

DEBUG:root:Extracted signature:bitarray('10110001100000111000101000000010011010000100101110000011001110001111001110001000111000010011000011110000111000111100111001111011101100001111110001111010101110011011010111101110000101111101000010111101000011111110000111100000011100000011000001100111100111100011001100100100')
DEBUG:root:Matched frame over all scan:1010

DEBUG:root:Errors over all scan:69

DEBUG:root:Result:tau3_fail
DEBUG:root:Match or Not:False
DEBUG:root:Real time1487801161.15

DEBUG:root:Extracted signature:bitarray('10010000100000111000111100000110011011000100011101110110001111111100001111111000011111100011111000011100000100000011000010000100000111101111110001111010101110011011010011101110010101111100000010111111100011111111000111111111001011110011111100111110011000011000110011010100')
DEBUG:root:Matched frame over all scan:1015

DEBUG:root:Errors over all scan:62

DEBUG:root:Result:tau3_fail
DEBUG:root:Match or Not:False
DEBUG:root:Real time1487801161.35

DEBUG:root:Extracted signature:bitarray('10110100110000011000011110000010011011000100111101100010001111111000001110111000011011110001011111000111111011001100000010000100010010111111110000111010101110011011010011100100100101111000000010111101000011111111000111111111001110111101100111010001111000011000100011010100')
DEBUG:root:Matched frame over all scan:1013

DEBUG:root:Errors over all scan:29

DEBUG:root:Result:replica detected
DEBUG:root:Match or Not:True
DEBUG:root:Real time1487801161.55

DEBUG:root:Extracted signature:bitarray('10011110000000111000111000000010011111000100001111100010001111111000001111110000011111000001111000000111000011000010000010000100010000001111110001111010101110011011010011001110000101111111000010111101000011111100000111110000111110000011100000100000110010110100100010110100')
DEBUG:root:Matched frame over all scan:526

DEBUG:root:Errors over all scan:66

DEBUG:root:Result:replica detected
DEBUG:root:Match or Not:True
DEBUG:root:Real time1487801161.75

DEBUG:root:Extracted signature:bitarray('10111100000001111001111000001110011111100000001111110001001111110000001111001100111000110011000110010001111001011100111101110011101101101111110000111010101110010011010011001110100101101101100011111111000011111100000111100010011000010011000101100011100111100101110010010100')
DEBUG:root:Matched frame over all scan:1014

DEBUG:root:Errors over all scan:61

DEBUG:root:Result:tau3_fail
DEBUG:root:Match or Not:False
DEBUG:root:Real time1487801161.95

DEBUG:root:Extracted signature:bitarray('10110000110001111000100110001110011000000110011111000011101111000100111111101000111110000011111000111110000110000010000010000100000100011111110000111010101110011001010011000110010101101100000010111111100011111111000111111111011111111011111110111110011100001000110011010100')
DEBUG:root:Matched frame over all scan:1015

DEBUG:root:Errors over all scan:62

DEBUG:root:Result:tau3_fail
DEBUG:root:Match or Not:False
DEBUG:root:Real time1487801162.15

DEBUG:root:Extracted signature:bitarray('11110001110001111000111110001110011111000111001111100110001111100110001111011100011100110011000111100011111011111000000010000100000011111111110001111110101110011011010011001110000101110101100010111111000011111110000111100100011001110010011101010011100011000010010010001100')
DEBUG:root:Matched frame over all scan:1012

DEBUG:root:Errors over all scan:83

DEBUG:root:Result:tau3_fail
DEBUG:root:Match or Not:False
DEBUG:root:Real time1487801162.35

DEBUG:root:Extracted signature:bitarray('11100111100000011001111100001110011110000011001111000110101111011110001111111110011110111101101111101111000111000010000010000100010000011111110000111110101110011011010011001100010101100000000011111101000011111011000111100111101100011101000011110000010001010000100010010100')
DEBUG:root:Matched frame over all scan:1017

DEBUG:root:Errors over all scan:50

DEBUG:root:Result:tau3_fail
DEBUG:root:Match or Not:False
DEBUG:root:Real time1487801162.55

DEBUG:root:Extracted signature:bitarray('11100110110001111001111100001110111111000011011011000111101011001111101010011011011001100010001100010011001110001110001100111011101101011111110000111110101110011011010011000100100101101100000011111100001011111100000111100000111100000111100001110001111000011100111011010100')
DEBUG:root:Matched frame over all scan:1018

DEBUG:root:Errors over all scan:53

DEBUG:root:Result:tau3_fail
DEBUG:root:Match or Not:False
DEBUG:root:Real time1487801162.75

DEBUG:root:Extracted signature:bitarray('10000100000001110101110000001101111001000011011000100001111001111100010011111000011111100001111100011111000111000110001110011001101111101111110001111010101110011011010011001110110101101100100011111101000011111111000111111111001111111001111111011111001001000010001001010100')
DEBUG:root:Matched frame over all scan:982

DEBUG:root:Errors over all scan:74

DEBUG:root:Result:tau2_fail
DEBUG:root:Match or Not:False
DEBUG:root:Real time1487801162.95

DEBUG:root:Extracted signature:bitarray('10100111000001110111111100001101111011000011011000110001110000111100011111111100011101110001111111101111111000011000000010000100000011101111110000111110111100010011000111000100100101101000000011111101000011111111000111111111011111111101111111010011100011010000010010001100')
DEBUG:root:Matched frame over all scan:1011

DEBUG:root:Errors over all scan:78

DEBUG:root:Result:tau1_fail
DEBUG:root:Match or Not:False
DEBUG:root:Real time1487801163.15

DEBUG:root:Extracted signature:bitarray('10000111000100010001111100001100111101000111011001110011101001111111101011111111011011111101011111100101111010001110000010000100010010111111110001111110101110011011100011001110001001101101000100111111000101111111001011100111101100011101000111110001010000010000100011011100')
DEBUG:root:Matched frame over all scan:1009

DEBUG:root:Errors over all scan:58

DEBUG:root:Result:replica detected
DEBUG:root:Match or Not:True
DEBUG:root:Real time1487801163.35

DEBUG:root:Extracted signature:bitarray('11110001110001111110001100001101110001000011111000100001110110000001111110000011111000001111000001110000011100001110001100011001101101111111111110001010111111110001010111111110010101111111001010111111001010111100000111111000010111001010110010110000010000010000100011010100')
DEBUG:root:Matched frame over all scan:1022

DEBUG:root:Errors over all scan:41

DEBUG:root:Result:tau3_fail
DEBUG:root:Match or Not:False
DEBUG:root:Real time1487801163.55

DEBUG:root:Extracted signature:bitarray('11110001000000110111000000001111110000000011111000000001110010011001111100100011111000001111000001110000011100001110001100011001101101111111111111001010111111111001010111111110010101111111000010111111001010111110000101111000010111001010110010110000010000010000100011010100')
DEBUG:root:Matched frame over all scan:1023

DEBUG:root:Errors over all scan:39

DEBUG:root:Result:tau3_fail
DEBUG:root:Match or Not:False
DEBUG:root:Real time1487801163.75

DEBUG:root:Extracted signature:bitarray('11110011000001111110011100000011110111000001111011000001111000000001100000110011010010001100110001111000011100001110001110011001101101111111111110001010111111110001010111111100010101111111001010111110001010111100010111111001010111001010110010110001010000010000100011010100')
DEBUG:root:Matched frame over all scan:1024

DEBUG:root:Errors over all scan:52

DEBUG:root:Result:tau3_fail
DEBUG:root:Match or Not:False
DEBUG:root:Real time1487801163.95

DEBUG:root:Extracted signature:bitarray('11110100110001111100100100001111001000000011101000000001111100100001110011000011111100001111100001101100011010001100001100011001101111111111111111000110111111111001010111111110000101111111000010111111000010111110000111111000010111000010110000110000010000010000100010011100')
DEBUG:root:Matched frame over all scan:1025

DEBUG:root:Errors over all scan:55

DEBUG:root:Result:replica detected
DEBUG:root:Match or Not:True
DEBUG:root:Real time1487801164.15

DEBUG:root:Extracted signature:bitarray('11110100000011011100000000010011000000000000100011000000010111000010011110001100100000111010100011011000110100111000011000110011011010011111111100000010111111000000010111111010000101111111000010111111000010111000000101100000010000000010000000100100011000010000100010101100')
DEBUG:root:Matched frame over all scan:106

DEBUG:root:Errors over all scan:70

DEBUG:root:Result:replica detected
DEBUG:root:Match or Not:True
DEBUG:root:Real time1487801164.35

DEBUG:root:Extracted signature:bitarray('11111000000000111111000010001111100000110011100000111000110000111000010001110011000111001000111000000110000011100011000010000100010000001111000000000010111000000010011100001111100100000111100010001111000010001111010100011100010011000010110000101100010000010000100100000100')
DEBUG:root:Matched frame over all scan:1027

DEBUG:root:Errors over all scan:56

DEBUG:root:Result:tau3_fail
DEBUG:root:Match or Not:False
DEBUG:root:Real time1487801164.55

DEBUG:root:Extracted signature:bitarray('11111001110000001111001110000001110011100001011111110001101101111001100011111000001111000001110000011100000100000010000011100100010000011110001110111101110000110110101110001111001011100011100101100111100010001110000101111000001110000011000000100010010111010110110010010100')
DEBUG:root:Matched frame over all scan:1028

DEBUG:root:Errors over all scan:46

DEBUG:root:Result:tau3_fail
DEBUG:root:Match or Not:False
DEBUG:root:Real time1487801164.75

DEBUG:root:Extracted signature:bitarray('10001111110000100001111111001100001111110001001111110000001111100000101111000001111100000111100000111111001011100111000010000100000101111000111111000011100111111000011001111100000111111111000010111110000010111000000111100001110100011101001110001111000110011000110001000100')
DEBUG:root:Matched frame over all scan:1030

DEBUG:root:Errors over all scan:55

DEBUG:root:Result:replica detected
DEBUG:root:Match or Not:True
DEBUG:root:Under real time Point counter:0.222684860229

DEBUG:root:Extracted signature:bitarray('11011111100000001011111110000001001111100000010011111100000011101100000111000001111100000111100000111100000110011110001110000100000000011110111101100011110111111100011001111111000110111111000010111101100010111100000111100000010110001101100111000111100111001100100010010100')
DEBUG:root:Matched frame over all scan:1030

DEBUG:root:Errors over all scan:63

DEBUG:root:Result:tau3_fail
DEBUG:root:Match or Not:False
DEBUG:root:Real time1487801165.18

DEBUG:root:Extracted signature:bitarray('11001111110001100011111110001100111111100011011111100000001111100000011111000000111100000111100000010000001110001110001110001000000000011011000111111011111000111111001110011111100010111110110011110100000011101100000111100000011100000111000011010011100111100110110010010100')
DEBUG:root:Matched frame over all scan:1031

DEBUG:root:Errors over all scan:54

DEBUG:root:Result:replica detected
DEBUG:root:Match or Not:True
DEBUG:root:Real time1487801165.38

DEBUG:root:Extracted signature:bitarray('10000111110001111000111110001110011110011111011111001111001111101110001111111100011111100001111100001110000111100011100011100111011110101111110000111100111110011011100111000100010101100000100011111101000011111111000111111110011111111011111110111111011111011110101011010100')
DEBUG:root:Matched frame over all scan:1032

DEBUG:root:Errors over all scan:44

DEBUG:root:Result:tau3_fail
DEBUG:root:Match or Not:False
DEBUG:root:Real time1487801165.58

DEBUG:root:Extracted signature:bitarray('10000111110001111000111110001110011110011110001111001111001111111100001111111100011111100001111100001110000111100011100011100111011111111111110000111110101110011011000111101110100101100100100011111101100011111111000111111110001111111001111110111111011111011110111011010100')
DEBUG:root:Matched frame over all scan:1038

DEBUG:root:Errors over all scan:43

DEBUG:root:Result:tau3_fail
DEBUG:root:Match or Not:False
DEBUG:root:Real time1487801165.78

DEBUG:root:Extracted signature:bitarray('10000111110001111000111110001110010100000110111000001110010011111100011111110000111111000011111100011110000111000011100011100111011111011111110000111110101110011011010111100110000101100000000010111011000011111111000111111100011111110011111110111111011111011110101011010100')
DEBUG:root:Matched frame over all scan:1036

DEBUG:root:Errors over all scan:62

DEBUG:root:Result:tau3_fail
DEBUG:root:Match or Not:False
DEBUG:root:Real time1487801165.98

DEBUG:root:Extracted signature:bitarray('11000111110001111000111110001110011100010011011111001111001111001100001111111000011111100001111100001111000111100011100011100111111110111111110000111110101110011011010111000100010101100001000010111101100011111111000111111110011111111011111110111111011111011110111011110100')
DEBUG:root:Matched frame over all scan:1032

DEBUG:root:Errors over all scan:48

DEBUG:root:Result:tau3_fail
DEBUG:root:Match or Not:False
DEBUG:root:Real time1487801166.18

DEBUG:root:Extracted signature:bitarray('11000111110001111000111110001110011110001011001111001111101111001100101111111000011111100001111100001111000111100011110001100111011110111111110000111110111110011011010111000110000101100001100011111111000011111111000111111110001111111011111110111111011111011110101011010100')
DEBUG:root:Matched frame over all scan:1039

DEBUG:root:Errors over all scan:48

DEBUG:root:Result:tau3_fail
DEBUG:root:Match or Not:False
DEBUG:root:Real time1487801166.38

DEBUG:root:Extracted signature:bitarray('11000111110001111000111100001110011110000111011111001111001111001110001111111100011111110001111000001110000111000011100011100111011110111111110000111100111110011011100111000110000101100001000011111101000011111111000111111110001111110011111110111111011111011110101011010100')
DEBUG:root:Matched frame over all scan:1037

DEBUG:root:Errors over all scan:43

DEBUG:root:Result:tau3_fail
DEBUG:root:Match or Not:False
DEBUG:root:Real time1487801166.58

DEBUG:root:Extracted signature:bitarray('10000111110001111000111110011110011100011110011110001111001111011100001111111100011111100001111100001111000011100011100011100111011110011111110000111110101110011011010111000110100101100001100011111111100011111111000111111110001111111001111110111111011111011110111011110100')
DEBUG:root:Matched frame over all scan:1039

DEBUG:root:Errors over all scan:38

DEBUG:root:Result:replica detected
DEBUG:root:Match or Not:True
DEBUG:root:Real time1487801166.78

DEBUG:root:Extracted signature:bitarray('11000111110001111000111110001110011100011110011110001111101111011100001111111100011111100001111000001110000111000011100011100111011110111111110000111110101110010001000011000110010101100000000011111101000011111111000111111110011111111011111110111111011111011110101011010100')
DEBUG:root:Matched frame over all scan:1038

DEBUG:root:Errors over all scan:43

DEBUG:root:Result:tau3_fail
DEBUG:root:Match or Not:False
DEBUG:root:Real time1487801166.98

DEBUG:root:Extracted signature:bitarray('10000111110100010000111011110000010100011100011000111111001111111111101111111111011111110001111100001110000011100011100011100111011010011111110001111110101110011011000111000110100101101001100011111111000011111111000111111110001111110011111110111111011111011110111011010100')
DEBUG:root:Matched frame over all scan:1041

DEBUG:root:Errors over all scan:46

DEBUG:root:Result:tau3_fail
DEBUG:root:Match or Not:False
DEBUG:root:Real time1487801167.18

DEBUG:root:Extracted signature:bitarray('10000111110100010001111111110000011111111100011111111100001111111101101111111111011111111101111100001111000111100011100011100111011110011111110000111100101100011001100111000100000101100000000011111101000011111111000111111110011111110011111110111111011111011110101011010100')
DEBUG:root:Matched frame over all scan:1041

DEBUG:root:Errors over all scan:60

DEBUG:root:Result:tau3_fail
DEBUG:root:Match or Not:False
DEBUG:root:Real time1487801167.38

DEBUG:root:Extracted signature:bitarray('10000111110000010000110110000010011001100000111100111000011111111000011111111000111111100001111100001110000111000011100011100111011010011111110000111100101110011001100111000110000101100001100011111101100011111111000111111110011111110011111110111111011111011110101011010100')
DEBUG:root:Matched frame over all scan:1042

DEBUG:root:Errors over all scan:56

DEBUG:root:Result:tau3_fail
DEBUG:root:Match or Not:False
