DEBUG:root:Under real time Point counter:2.00271606445e-05

DEBUG:root:Extracted signature:bitarray('11111110000011111111110000111101111100001011011110000111101110000111111100001111100000011110011011100111111011111001011100111011101111101111111100011100111111110011100111000110001011110011100101110011100101100011001010000000101010011101110111011011100001110011011100110000')
DEBUG:root:Matched frame over all scan:1429

DEBUG:root:Errors over all scan:71

DEBUG:root:Result:replica detected
DEBUG:root:Match or Not:True
DEBUG:root:Under real time Point counter:0.253578901291

DEBUG:root:Extracted signature:bitarray('11111100000010011111100000110101111101001011011110000111101110000111111000011111100001111100001111100111111011111101011100111011101111101111111100011100111101111011100111001110001011100011000101100011100101000011001010000000101010010101100111010011101011100111011101111000')
DEBUG:root:Matched frame over all scan:1421

DEBUG:root:Errors over all scan:65

DEBUG:root:Result:tau3_fail
DEBUG:root:Match or Not:False
DEBUG:root:Real time1487956270.23

DEBUG:root:Extracted signature:bitarray('11111100000011111111100000111101111100001111011110000111101110000111101100011111100001111100001111100111111011111101011100111011101111101111111100011100111111110011100111001110001011100011000101110011100101100011001010000000101010010101100111010011101011110111011101111000')
DEBUG:root:Matched frame over all scan:1421

DEBUG:root:Errors over all scan:67

DEBUG:root:Result:replica detected
DEBUG:root:Match or Not:True
DEBUG:root:Under real time Point counter:0.209578990936

DEBUG:root:Extracted signature:bitarray('11111100000011111111110000111101111100001011011110000111101110000111111000000111100000011110010011100111111011111101011100111011101111101111111110011100111101111001100111000111001011110011100101100001100101000001101010000000101010001001110010011001011001010011011100110000')
DEBUG:root:Matched frame over all scan:1429

DEBUG:root:Errors over all scan:69

DEBUG:root:Result:replica detected
DEBUG:root:Match or Not:True
DEBUG:root:Under real time Point counter:0.250504016876

DEBUG:root:Extracted signature:bitarray('11111100000010011111100000111101111100000011011110000011101110000111111100011111100001011100001011100111111011011101011100111011101111101111111100011100111101110011100111000110001011100011000101100011100101000011001010000000101010010101100111010011101011100111011101111000')
DEBUG:root:Matched frame over all scan:1429

DEBUG:root:Errors over all scan:65

DEBUG:root:Result:replica detected
DEBUG:root:Match or Not:True
DEBUG:root:Under real time Point counter:0.211415052414

DEBUG:root:Extracted signature:bitarray('11111100000011111111100000111101111100001011011110000100111110000100011100011100100001011100001111100111111011111101011100111011101111101111111100011100111101110011100111001110001011100011000101100011100101000011001010000000101010010101100111010011101011100111011101111000')
DEBUG:root:Matched frame over all scan:1423

DEBUG:root:Errors over all scan:61

DEBUG:root:Result:replica detected
DEBUG:root:Match or Not:True
DEBUG:root:Under real time Point counter:0.202658891678

DEBUG:root:Extracted signature:bitarray('11111100000011111111100000111101111100000011011110000001101110000011111100000011100000011100001011100111111011111101011100111011101111101111111100011100111111110011100111001110001011100011000101110011100101000011001010000000101010010101100111010011101011100111011101111000')
DEBUG:root:Matched frame over all scan:1433

DEBUG:root:Errors over all scan:66

DEBUG:root:Result:replica detected
DEBUG:root:Match or Not:True
DEBUG:root:Real time1487956271.3

DEBUG:root:Extracted signature:bitarray('11111100000011111111100000110101111100000011011110000011101110000111111000001111100000011010001011000111110011111001011100111011101111101111111100011100111101110011100111000110001011100011000101100011100101000011001010000000101010010001100110010011011011110111011101110000')
DEBUG:root:Matched frame over all scan:1430

DEBUG:root:Errors over all scan:66

DEBUG:root:Result:replica detected
DEBUG:root:Match or Not:True
DEBUG:root:Real time1487956271.5

DEBUG:root:Extracted signature:bitarray('11111100000011111111100000111101111100001011011110000111101110000111111100001111100001011100001111100111111011111011011010110011101111101111111100011100111101110011100111000110001011100011000101100011100101000011001010000000101010010101100111010000101000100101011101111000')
DEBUG:root:Matched frame over all scan:1421

DEBUG:root:Errors over all scan:72

DEBUG:root:Result:tau3_fail
DEBUG:root:Match or Not:False
DEBUG:root:Real time1487956271.7

DEBUG:root:Extracted signature:bitarray('11111100000011111111110000111101111100001011011110000101101110000111111000001111100000011100001111100111111011111101011100111011101111101111111100011100111101111011100111000110001011110011000101100011100101000011001010000000101010010101100111010011101011110111011101111000')
DEBUG:root:Matched frame over all scan:1421

DEBUG:root:Errors over all scan:65

DEBUG:root:Result:replica detected
DEBUG:root:Match or Not:True
DEBUG:root:Real time1487956271.9

DEBUG:root:Extracted signature:bitarray('11111100000011111111100000111101111100001011011110000101101110000111111000000011100000000010001001100111111011011101011100111011101111101111111100011100111101110011100111001110001011100011000101100011100101000011001010000000001010010001100110010011100011110111011101111000')
DEBUG:root:Matched frame over all scan:1437

DEBUG:root:Errors over all scan:59

DEBUG:root:Result:replica detected
DEBUG:root:Match or Not:True
DEBUG:root:Real time1487956272.11

DEBUG:root:Extracted signature:bitarray('11111100000011111111100000111101111100001011011110000111101110000111111000001111100000011100000011100110111011010011000010010011101111101111111100011100111101110011100111001110001011100011000101100011100101000011001010000000101010010101100110010011011011010110111101111000')
DEBUG:root:Matched frame over all scan:1438

DEBUG:root:Errors over all scan:71

DEBUG:root:Result:replica detected
DEBUG:root:Match or Not:True
DEBUG:root:Real time1487956272.31

DEBUG:root:Extracted signature:bitarray('11111100000011111111100000111101111100001011011110000111101110000111111100001111100000011100001011100111111011111101011100111011101011101111111100011100111101111011100111000110001011110011000101100011100101000011001010000000101010010101100111010011101011110110011011010000')
DEBUG:root:Matched frame over all scan:1447

DEBUG:root:Errors over all scan:68

DEBUG:root:Result:replica detected
DEBUG:root:Match or Not:True
DEBUG:root:Real time1487956272.51

DEBUG:root:Extracted signature:bitarray('11111100000011111111100000111101111101001011011110000111101110000111101100011111100000011100001011100111111011111101011100111001101100001111111100011100111111110011100111001110001011110011000101110011100101100011001010000000101000010101100111010011101011110111011101001000')
DEBUG:root:Matched frame over all scan:2693

DEBUG:root:Errors over all scan:75

DEBUG:root:Result:tau3_fail
DEBUG:root:Match or Not:False
DEBUG:root:Real time1487956272.71

DEBUG:root:Extracted signature:bitarray('11111100000011111111100000111101111100001011011110000111101110000111111100001111100000011100001111100111111011111101011100011001101111101111111100011100111101110011100111001110001011100011000101100011100101000011001010000000101010010101100111010011101011110001010101101000')
DEBUG:root:Matched frame over all scan:1421

DEBUG:root:Errors over all scan:71

DEBUG:root:Result:tau3_fail
DEBUG:root:Match or Not:False
DEBUG:root:Real time1487956272.91

DEBUG:root:Extracted signature:bitarray('11111100000011111111100000111101111100001011011110000011101110000111111100011111100000011100001011100111111011011101000010011011101111101111111100011100111111110011100111001110001011110011000101110011100101100011001010000000101000010101100111010010101000110001010101111000')
DEBUG:root:Matched frame over all scan:1372

DEBUG:root:Errors over all scan:78

DEBUG:root:Result:tau3_fail
DEBUG:root:Match or Not:False
DEBUG:root:Real time1487956273.11

DEBUG:root:Extracted signature:bitarray('11111100000011111111100000111101111101000111011110000011101110000111101100011111100000011100001011100111110011111001011100111011101111101111111100011100111111110011100111001110001011110011000101110011100101100011001010000000101000010101100101010010101011110111011101111000')
DEBUG:root:Matched frame over all scan:2693

DEBUG:root:Errors over all scan:72

DEBUG:root:Result:tau3_fail
DEBUG:root:Match or Not:False
DEBUG:root:Real time1487956273.31

DEBUG:root:Extracted signature:bitarray('11111100000010011111100000110101111001000111011110000011101110000111101100011111100001011100001011100111111011111101011100111011101111101111111100011100111111110011100111001110001011110011000101110011100101100011001010000000101010010101100111010011101011110111011101111000')
DEBUG:root:Matched frame over all scan:1451

DEBUG:root:Errors over all scan:71

DEBUG:root:Result:replica detected
DEBUG:root:Match or Not:True
DEBUG:root:Real time1487956273.51

DEBUG:root:Extracted signature:bitarray('11111100000011011111110000111101111100001011011110000111101110000111111000001111100001111100001111100111111011111101011100111011101111101111111110011100111101111011100111001110001011100011000101100011100101000011001010000000101010010101100111010011100011110111011101111000')
DEBUG:root:Matched frame over all scan:1421

DEBUG:root:Errors over all scan:67

DEBUG:root:Result:tau3_fail
DEBUG:root:Match or Not:False
DEBUG:root:Real time1487956273.71

DEBUG:root:Extracted signature:bitarray('11111100000010011111100000110101111101000011011110000011101110000111111100011111100001011100001011100111111011111101011100111011101111101111111100011100111111110011100111001110001011100011000101100011100101000011001010000000101010010101100111010011101011110111011101111000')
DEBUG:root:Matched frame over all scan:1451

DEBUG:root:Errors over all scan:67

DEBUG:root:Result:replica detected
DEBUG:root:Match or Not:True
DEBUG:root:Real time1487956273.91

DEBUG:root:Extracted signature:bitarray('11111100000011111111100000111101111100001011011110000111101110000111111000011111100001011100001011100111111011111101011100111011101111101111111110011100111101111011100111000110001011100011000101100011100101000001001010000000101010010101100111010011101011110111011101111000')
DEBUG:root:Matched frame over all scan:1429

DEBUG:root:Errors over all scan:61

DEBUG:root:Result:replica detected
DEBUG:root:Match or Not:True
DEBUG:root:Real time1487956274.11

DEBUG:root:Extracted signature:bitarray('11111100000011111111110000111101111100001011011110000111101110000111111100001111100000011100001011100111111011111101111101111011101111101111111100011100111101111011100111000110001011100011000101100011100101000001001010000000101010010101100111010011101011101111011101111000')
DEBUG:root:Matched frame over all scan:1429

DEBUG:root:Errors over all scan:64

DEBUG:root:Result:replica detected
DEBUG:root:Match or Not:True
DEBUG:root:Real time1487956274.31

DEBUG:root:Extracted signature:bitarray('11111100000011111111110000111101111100001011011110000111101110000111101100011111100001111100001111100111111011111101111101111011101111101111111100011100111111110011100111001110001011100011000101110011100101000011001010011100101101110101111111010111101011101111011101111000')
DEBUG:root:Matched frame over all scan:1421

DEBUG:root:Errors over all scan:64

DEBUG:root:Result:tau3_fail
DEBUG:root:Match or Not:False
DEBUG:root:Real time1487956274.51

DEBUG:root:Extracted signature:bitarray('11111100000011111111110000111101111100001011011110000111101110000111111000011111100001111100001111100111001011111101111101111011101111101111111110011100111101111011100111000110001011110011100101100011100101000011001010011100101001100101111001011100101010101111011101111000')
DEBUG:root:Matched frame over all scan:1450

DEBUG:root:Errors over all scan:65

DEBUG:root:Result:replica detected
DEBUG:root:Match or Not:True
DEBUG:root:Real time1487956274.71

DEBUG:root:Extracted signature:bitarray('11111100000011111111110000111101111100001011011110000111101110000111111000011111100001111100001111100111001011111101111101111011101111101111111110011100111101111011100111000110001011110011100101100011100101000011001010011101101101100101111001010100101000101011011101110000')
DEBUG:root:Matched frame over all scan:1450

DEBUG:root:Errors over all scan:69

DEBUG:root:Result:replica detected
DEBUG:root:Match or Not:True
DEBUG:root:Real time1487956274.91

DEBUG:root:Extracted signature:bitarray('11111100000011111111100000111101111100001011011110000111101110000111101100011111100001111100001111100111011011111101111101111011101111101111111100011100111101110011100111000110001011110011000101100011100101000011001010011100101101100101011001010100101000101011011101110000')
DEBUG:root:Matched frame over all scan:1450

DEBUG:root:Errors over all scan:70

DEBUG:root:Result:replica detected
DEBUG:root:Match or Not:True
DEBUG:root:Real time1487956275.11

DEBUG:root:Extracted signature:bitarray('11000100111100011001110011111110001100011111100110001111010010001111110000010011101111001101110001101100011111000111000010000101101101010001110011101101001110111001100011101110111001110111111100111111110100111111001010111100100111110100111001001100100100110001100100101000')
DEBUG:root:Matched frame over all scan:1588

DEBUG:root:Errors over all scan:81

DEBUG:root:Result:tau2_fail
DEBUG:root:Match or Not:False
DEBUG:root:Real time1487956275.31

DEBUG:root:Extracted signature:bitarray('10011001111100011111011001110011001100011111010110001111011001001100010011110001101110001101110001101100011111000111000010000101101101010001111011001101001110011001100011101110111001110111111100111111110100111111001010111100100111110100111001001100100100110001101100101000')
DEBUG:root:Matched frame over all scan:1456

DEBUG:root:Errors over all scan:81

DEBUG:root:Result:tau3_fail
DEBUG:root:Match or Not:False
DEBUG:root:Real time1487956275.51

DEBUG:root:Extracted signature:bitarray('10011011111100011111011011100001001100111111010111001100011011001100110011110001100111001101110001101100011111001111000010000101101101010001111011101101001110111011100011101110111001100111111100111111110100111111001010111100100111110100111001001100100100110001100100101000')
DEBUG:root:Matched frame over all scan:1456

DEBUG:root:Errors over all scan:75

DEBUG:root:Result:tau3_fail
DEBUG:root:Match or Not:False
DEBUG:root:Real time1487956275.71

DEBUG:root:Extracted signature:bitarray('10001011111100011111110011110001111100011111010111001110011011001100110010110011100110001100110001101100010110000011000010000100101101010001110011001101001110111011100011101110111001100111110100111111100100111111001010111100100111110100111001001100110100110001100100101000')
DEBUG:root:Matched frame over all scan:1456

DEBUG:root:Errors over all scan:73

DEBUG:root:Result:tau3_fail
DEBUG:root:Match or Not:False
DEBUG:root:Real time1487956275.92

DEBUG:root:Extracted signature:bitarray('10000100111100010001110011100101111100111111011110001110101011001000110110110011100011001110110011101100110110000010000010000100010101010001110011001101001110111011100011001111111001100111110100111111100100101111001010111100100111110100111001001100110100110001101100101000')
DEBUG:root:Matched frame over all scan:1376

DEBUG:root:Errors over all scan:81

DEBUG:root:Result:tau2_fail
DEBUG:root:Match or Not:False
DEBUG:root:Real time1487956276.12

DEBUG:root:Extracted signature:bitarray('11100110011100011100110011100011001100111011100110001110011110001100110100110011100011001100110001101100010110000010000010000100101101010001111011001101001110111001100011101110111001100111111100111111110100111111001010111100100111110100111101001100110100110001100100101000')
DEBUG:root:Matched frame over all scan:286

DEBUG:root:Errors over all scan:79

DEBUG:root:Result:tau2_fail
DEBUG:root:Match or Not:False
DEBUG:root:Real time1487956276.32

DEBUG:root:Extracted signature:bitarray('00100010011100100110110011111101111100011111011110001100001110011000011100110000100001001110001001110000001100000110000010000100010011110001110011011101001110111011100011001101111001100111111100101111100100101111001000111100100111111100111001101100110000110001100110101000')
DEBUG:root:Matched frame over all scan:283

DEBUG:root:Errors over all scan:77

DEBUG:root:Result:tau2_fail
DEBUG:root:Match or Not:False
DEBUG:root:Real time1487956276.52

DEBUG:root:Extracted signature:bitarray('10001100001111110011100011111110110000111110111000011100011000011100010000110000100011000010110000111100000110000010000010000100010011110011110110011100011100110011100111001101111001101111110100111111100100101111001000111001100110111100111101100100110001110001100110111000')
DEBUG:root:Matched frame over all scan:283

DEBUG:root:Errors over all scan:81

DEBUG:root:Result:tau1_fail
DEBUG:root:Match or Not:False
DEBUG:root:Real time1487956276.72

DEBUG:root:Extracted signature:bitarray('10000111111110000000110001110000111100011110011110001110001111001110001111001100011100110001100110000011100011110011100011000100010000010001110111111101001100111111000111001111110001101111111100111111111100101111111000111111100111111100111111001111000111010000100110110000')
DEBUG:root:Matched frame over all scan:20

DEBUG:root:Errors over all scan:79

DEBUG:root:Result:tau2_fail
DEBUG:root:Match or Not:False
DEBUG:root:Real time1487956276.92

DEBUG:root:Extracted signature:bitarray('10000111111110000000111001110000111100011100011111001110001111101110001111001100001110110001100110000001100001110001110011000100010010110001111111110101011111111110100111011111101001101111110100111111110100101111101000111110100111110100111101001110100111010100101010010000')
DEBUG:root:Matched frame over all scan:2763

DEBUG:root:Errors over all scan:69

DEBUG:root:Result:tau3_fail
DEBUG:root:Match or Not:False
DEBUG:root:Real time1487956277.12

DEBUG:root:Real time1487956277.32

DEBUG:root:Extracted signature:bitarray('10000111001110000010111100110001111111001100011111000110001111100111001111000111011100010101100110011001100100100010100011000100010010010011110110111101011111110100100111111111001001111111100100111111110100111111101001011110100000110100001101001110110100110001100100101000')
DEBUG:root:Matched frame over all scan:2293

DEBUG:root:Errors over all scan:69

DEBUG:root:Result:tau3_fail
DEBUG:root:Match or Not:False
DEBUG:root:Real time1487956277.52

DEBUG:root:Extracted signature:bitarray('10000111001110000010111100110001111111001100011111000110001111110011001111100101111110010011100110011001100100100010100011000100010010010011110110111101011111110111100111111111001001111111100100111111100100111111101001011110100000110100001101001110110100110001100100101000')
DEBUG:root:Matched frame over all scan:2293

DEBUG:root:Errors over all scan:72

DEBUG:root:Result:tau3_fail
DEBUG:root:Match or Not:False
DEBUG:root:Real time1487956277.72

DEBUG:root:Extracted signature:bitarray('10000011001110000000111100110001101111001100011111100111001111110011001111100100011110010001110110011001000100100010100011000100010000010011111000111101011111100111100111111001111001111111000100111111000100111111001001111110100111110100111001101100110010110101101100100000')
DEBUG:root:Matched frame over all scan:291

DEBUG:root:Errors over all scan:70

DEBUG:root:Result:tau1_fail
DEBUG:root:Match or Not:False
DEBUG:root:Real time1487956277.92

DEBUG:root:Real time1487956278.12

DEBUG:root:Real time1487956278.33

DEBUG:root:Extracted signature:bitarray('11111100011111101111100111111101101101111111000100001111100000011100100011111011011111001101111000101111100111100011000010000110010000011110000001100111110000001000111000000000011110000000011111000000111101000011111010011001101010011100000111000111100111100101010111010000')
DEBUG:root:Matched frame over all scan:1470

DEBUG:root:Errors over all scan:82

DEBUG:root:Result:tau3_fail
DEBUG:root:Match or Not:False
DEBUG:root:Real time1487956278.53

DEBUG:root:Extracted signature:bitarray('11111100011111101111100111100101101101111011000110001111100000001100000011111000011111001100111000101111000111100011000010000110010000011111000001100111110000001100111000000000011110000000011111000000111101000011111000011001101011011100100111000111100111100101000110010000')
DEBUG:root:Matched frame over all scan:1470

DEBUG:root:Errors over all scan:83

DEBUG:root:Result:tau3_fail
DEBUG:root:Match or Not:False
DEBUG:root:Real time1487956278.73

DEBUG:root:Extracted signature:bitarray('11111100011111101111000011111101101101111111010110001111100000001110100010111001011011001100011000101111000111100011100011001110010010011111000011100111110000001000111000000000011110000000011111000000111101000001111010000011101010011100000111000111100111100001010110010000')
DEBUG:root:Matched frame over all scan:1471

DEBUG:root:Errors over all scan:80

DEBUG:root:Result:replica detected
DEBUG:root:Match or Not:True
DEBUG:root:Real time1487956278.93

DEBUG:root:Extracted signature:bitarray('11111100011110101111000111110101101101111111010110101111100000001111100010111001011111001100011000101111000111100011100011001110010010011110000001100111110000001100111000000000011110000000011111000000111101000001111010000011101010011100000111000111100111100001010110010000')
DEBUG:root:Matched frame over all scan:1473

DEBUG:root:Errors over all scan:78

DEBUG:root:Result:replica detected
DEBUG:root:Match or Not:True
DEBUG:root:Real time1487956279.13

DEBUG:root:Extracted signature:bitarray('11111100011110101111000011110101101101111111010110101111100000001111100010111011011011001100011000101111000111100011100011001110010010011110000001100111110000001000111000000000011110000000011111000000111101000001111010000011101000011100000111000011100111100001010110010000')
DEBUG:root:Matched frame over all scan:1473

DEBUG:root:Errors over all scan:80

DEBUG:root:Result:replica detected
DEBUG:root:Match or Not:True
DEBUG:root:Real time1487956279.33

DEBUG:root:Extracted signature:bitarray('11111100011110101111000111110101101001111111000110101111100000001100000010111001011111000100011000001111000111100011100011001110010010011111000001100111110000001100111000000000011110000000011111000000111101000011111010001101101000011100000111000011100111100001010111010000')
DEBUG:root:Matched frame over all scan:1473

DEBUG:root:Errors over all scan:79

DEBUG:root:Result:replica detected
DEBUG:root:Match or Not:True
DEBUG:root:Real time1487956279.53

DEBUG:root:Extracted signature:bitarray('11111110011110101111010011111101101101111111010110001111100000011111100110111011011011001100011100101111000111100011100011001110010010011111000011100111110000001000111000000000011110000000011111000000111101000011011010001001101000011100000111000011100111101001010110010000')
DEBUG:root:Matched frame over all scan:1474

DEBUG:root:Errors over all scan:76

DEBUG:root:Result:replica detected
DEBUG:root:Match or Not:True
DEBUG:root:Real time1487956279.73

DEBUG:root:Extracted signature:bitarray('11111100011110101111000111111101101101111111010110001111100000011101100010111001011111000100011100001111000111100011100011000110010010011111000001100111110000001000111000000000011110000000011111000000111101000011011010001001101000011100000111000011100111101001010110010000')
DEBUG:root:Matched frame over all scan:1476

DEBUG:root:Errors over all scan:69

DEBUG:root:Result:replica detected
DEBUG:root:Match or Not:True
DEBUG:root:Real time1487956279.93

DEBUG:root:Extracted signature:bitarray('11100110111100001101110111000101111100110000011111011100001101111100001011110011001110011101110001111100001100000111000110001101111111110011100110011100011100110111100111011111111001101111110100111111110100101111111000111011100110011100111111000111100011100011001101101000')
DEBUG:root:Matched frame over all scan:2068

DEBUG:root:Errors over all scan:73

DEBUG:root:Result:tau3_fail
DEBUG:root:Match or Not:False
DEBUG:root:Real time1487956280.13

DEBUG:root:Extracted signature:bitarray('11101100000000011100100000000111001000111001100100110110010100110110011001101001100111100100111100011000000100001010001110011001101111101110001111000111100001111100110001000111110101110000110010110000110010011001000101111100001111100011011000100000110011100011001100101000')
DEBUG:root:Matched frame over all scan:438

DEBUG:root:Errors over all scan:95

DEBUG:root:Result:tau3_fail
DEBUG:root:Match or Not:False
DEBUG:root:Real time1487956280.33

DEBUG:root:Extracted signature:bitarray('11111000000000011110001100000011100111000000100011000000010011000010011110000110110001111000001111000011110011111000011100011011101000001111000111100101110001111100111000000011001100110000110110111000110010110001100111000110011011110001111100011110001001101011000100101000')
DEBUG:root:Matched frame over all scan:670

DEBUG:root:Errors over all scan:85

DEBUG:root:Result:tau3_fail
DEBUG:root:Match or Not:False
DEBUG:root:Real time1487956280.53

DEBUG:root:Extracted signature:bitarray('11111000001000111100000001100011000010011000100000111100011100111000011000100011100010011100111111101111111011111101111101110000010111101111000011100101110000011100110000001111001100000111110110000011110110000111110100001111001101111001101100010100001110001100110010001000')
DEBUG:root:Matched frame over all scan:2167

DEBUG:root:Errors over all scan:88

DEBUG:root:Result:tau2_fail
DEBUG:root:Match or Not:False
DEBUG:root:Real time1487956280.73

DEBUG:root:Extracted signature:bitarray('11111100001000011100000011000010000000110000100000011000010000001111111000001111011000111101000111000111111010001110001100111011101100001111000000111110110000011100110000001111001100000111111110100011111010000111110110001111011001111001011101011000100110100111011011010000')
DEBUG:root:Matched frame over all scan:1401

DEBUG:root:Errors over all scan:84

DEBUG:root:Result:tau3_fail
DEBUG:root:Match or Not:False
DEBUG:root:Real time1487956280.93

DEBUG:root:Real time1487956281.13

DEBUG:root:Extracted signature:bitarray('10001101101111100011111011111100011110011111001111001111101111001110101100011111110000011110000011110000011100001110000110001100010011110001110011111101001110111011100011001111111001100111111100111111100100101111001000111100100111101100111001001100110100110111101110101000')
DEBUG:root:Matched frame over all scan:291

DEBUG:root:Errors over all scan:71

DEBUG:root:Result:tau2_fail
DEBUG:root:Match or Not:False
DEBUG:root:Real time1487956281.34

DEBUG:root:Extracted signature:bitarray('10001101101111100011111011111100111110011111001111001111101111001110101100010111100010011110000011110000011100001110000110001100010011110001110011011101001100111011100011001111111001100111110100111111100100101111001000111100100111011100111001001100110001110011101110111000')
DEBUG:root:Matched frame over all scan:1484

DEBUG:root:Errors over all scan:79

DEBUG:root:Result:tau3_fail
DEBUG:root:Match or Not:False
DEBUG:root:Real time1487956281.54

DEBUG:root:Extracted signature:bitarray('10001110111111100001110111111100011110010111011110001011101110001111101100011111010000011111000011111000011100001110000010000100010011110001110011111101001110111011100011101111111001110111111100111111110100111111001000111100100111011100111101001100110100110111101110101000')
DEBUG:root:Matched frame over all scan:291

DEBUG:root:Errors over all scan:71

DEBUG:root:Result:tau2_fail
DEBUG:root:Match or Not:False
DEBUG:root:Real time1487956281.74

DEBUG:root:Extracted signature:bitarray('10001111111111100001110011111100111110010111011110000111101110001111101100011111010011011100000011110000011100001110000110001100010011110001110111111100011111111111100111101111111001111111111100111111110100111111001000111000100111011100111111001110110110110111101110101000')
DEBUG:root:Matched frame over all scan:2293

DEBUG:root:Errors over all scan:74

DEBUG:root:Result:tau3_fail
DEBUG:root:Match or Not:False
DEBUG:root:Real time1487956281.94

DEBUG:root:Extracted signature:bitarray('11111111111111101111111111111001111111110111011110011111101110011111101100111111011011111101000011101000011110001110000110000100010011111111111111111100111111111111100111111111111001111111111100111111110100111111001001111111100111111100111111001111110110110111101110101000')
DEBUG:root:Matched frame over all scan:1

DEBUG:root:Errors over all scan:49

DEBUG:root:Result:replica detected
DEBUG:root:Match or Not:True
DEBUG:root:Real time1487956282.14

DEBUG:root:Extracted signature:bitarray('11111111111111101111111111111101111111111111011111111111101111111111101111111111011111111101111111101111111011111101110011100101101111111111111111111010111111111111000111111111111001111111111100001111111100111111111001111111100111111100111111001111100110100101001100101000')
DEBUG:root:Matched frame over all scan:0

DEBUG:root:Errors over all scan:21

DEBUG:root:Result:replica detected
DEBUG:root:Match or Not:True
DEBUG:root:Under real time Point counter:0.200277090073

DEBUG:root:Extracted signature:bitarray('11111111100011001111111001001101111110010011011111101101101111000100001110000000111000000111001000110000000100000010100010000100010000011111111000111010111110001111010111100011110101100001111110010001111110100001111101000111110001111110011111001110100110100101001100101000')
DEBUG:root:Matched frame over all scan:2265

DEBUG:root:Errors over all scan:71

DEBUG:root:Result:tau3_fail
DEBUG:root:Match or Not:False
DEBUG:root:Under real time Point counter:0.202229976654

DEBUG:root:Extracted signature:bitarray('11111111111111101111111111111101111111111111011111111111101111111111101111111111011111111101111111101110111011111101100111001001101101111111100000111010111100011111010110100111110101010011111110011111111110011111111001011111100111111100111111001111100110100101001100101000')
DEBUG:root:Matched frame over all scan:0

DEBUG:root:Errors over all scan:42

DEBUG:root:Result:replica detected
DEBUG:root:Match or Not:True
DEBUG:root:Under real time Point counter:0.206425905228

DEBUG:root:Extracted signature:bitarray('11111111100011001111111000001001111110000011011111001001111111001001111110000011111000001110000000110000000100000010100010000100000000111111101100011110111101000011110111100000111101101000011110100001011110000000111100000011110000111110001111101110110110110001001100110000')
DEBUG:root:Matched frame over all scan:884

DEBUG:root:Errors over all scan:69

DEBUG:root:Result:tau3_fail
DEBUG:root:Match or Not:False
DEBUG:root:Real time1487956282.95

DEBUG:root:Extracted signature:bitarray('11111111111111101111111111001101111111110011011111111001101111111001101111110011011110001101110001101110001011100111100010000100101101011111010001111010111000011111010111000111111101100011111110110011111110000011111101011111110111111100111111001111100110100101001100101000')
DEBUG:root:Matched frame over all scan:34

DEBUG:root:Errors over all scan:60

DEBUG:root:Result:tau3_fail
DEBUG:root:Match or Not:False
DEBUG:root:Under real time Point counter:0.200489044189

DEBUG:root:Extracted signature:bitarray('11111111111111101111111111111101111111111111011111111111101111111111101111111111011111111101111111101111111011111101110001100011001111111111001011111010111011111111010110111111111101111111111110011111111100111111111001111111100111111100111111001111100111100111001100101000')
DEBUG:root:Matched frame over all scan:0

DEBUG:root:Errors over all scan:24

DEBUG:root:Result:replica detected
DEBUG:root:Match or Not:True
DEBUG:root:Real time1487956283.35

DEBUG:root:Extracted signature:bitarray('11111000001111111101000001111101101001101111010000001111101001101111100011101111011110011101110011111000111011011101111100111011101100011001000001111111001000000111111000000001111100000000111110001100011110011100111001110011110100001110000011100001100001100011001100110000')
DEBUG:root:Matched frame over all scan:1499

DEBUG:root:Errors over all scan:74

DEBUG:root:Result:tau3_fail
DEBUG:root:Match or Not:False
DEBUG:root:Real time1487956283.55

DEBUG:root:Extracted signature:bitarray('11111000000111111101000000111011101000001110110000000111010000000111010001000111110010011111000001011000010100001110011100011011101100011001000001111111001000000111111010000001111110000000011110000100001110011000111101110001110110001110000011100001110001110011101110110000')
DEBUG:root:Matched frame over all scan:1497

DEBUG:root:Errors over all scan:65

DEBUG:root:Result:tau3_fail
DEBUG:root:Match or Not:False
DEBUG:root:Real time1487956283.75

DEBUG:root:Extracted signature:bitarray('11110100000111111110000000111011101000001110110100000110010000000011010001000111101010001011110000011000000100000010000010010011011000011001000001111111001000000111011000000001110100000000011110000100011110011000111101100001110110001110000011100000110000110011101100100000')
DEBUG:root:Matched frame over all scan:1496

DEBUG:root:Errors over all scan:70

DEBUG:root:Result:tau3_fail
DEBUG:root:Match or Not:False
DEBUG:root:Real time1487956283.95

DEBUG:root:Extracted signature:bitarray('11111000001111001111000000111011110000001110111000000111011000010111010000100111010010011111100001111000011100001100001100011011101100011011000001111111001000000111111010000001111110000000011110000110011110001100111101010001110000001110000011100001110001110011101100110000')
DEBUG:root:Matched frame over all scan:1497

DEBUG:root:Errors over all scan:63

DEBUG:root:Result:tau3_fail
DEBUG:root:Match or Not:False
DEBUG:root:Real time1487956284.15

DEBUG:root:Extracted signature:bitarray('11111100001111011101100000111011011000001110100000000110011000001111010011000111111100011011100001011000010100011100011100011011101100011001000001111111001000000111111000000001111100000000011110000100001110011000111101100011110110001110000011100001110001110011101100110000')
DEBUG:root:Matched frame over all scan:1497

DEBUG:root:Errors over all scan:72

DEBUG:root:Result:tau3_fail
DEBUG:root:Match or Not:False
DEBUG:root:Real time1487956284.35

DEBUG:root:Extracted signature:bitarray('11111000001111001111000000111011010000001110110000000110010000011110010001100111110110011111100001011000011100011100011100011011101100011001000001111111001000000111111010000001111100000000011110000110011110001000111101100001110100001111000011100001110001110011101100110000')
DEBUG:root:Matched frame over all scan:1500

DEBUG:root:Errors over all scan:61

DEBUG:root:Result:replica detected
DEBUG:root:Match or Not:True
DEBUG:root:Real time1487956284.55

DEBUG:root:Extracted signature:bitarray('11111000001111101101000000111011010000001111110000000110010000011111010001100111000100011111100011111000011100011100011100011011101100011001000001111111001000000111111010000001111100000000011110000100011110011000111101100011110100001111000011100001110001110011001100110000')
DEBUG:root:Matched frame over all scan:1500

DEBUG:root:Errors over all scan:62

DEBUG:root:Result:replica detected
DEBUG:root:Match or Not:True
DEBUG:root:Real time1487956284.75

DEBUG:root:Extracted signature:bitarray('11101100001111011101000001110011010000001100110000010110010000010110010001100111101110011111100000011000000101000000011100011011011000011001100001111111001000000111111010000000111100000010011110000110011110001000111101100001110100001111000011100000110000110001101100110000')
DEBUG:root:Matched frame over all scan:1502

DEBUG:root:Errors over all scan:81

DEBUG:root:Result:tau3_fail
DEBUG:root:Match or Not:False
DEBUG:root:Real time1487956284.95

DEBUG:root:Extracted signature:bitarray('11101100001111011101000001111011011000001100100000000110010000001110010011000111101100011011100011011000010100001100011100011011101000011001000001111111001000000111111010000001111100000000011110000100001110011000111101100001110110001111000011100001110001110011001100110000')
DEBUG:root:Matched frame over all scan:1504

DEBUG:root:Errors over all scan:68

DEBUG:root:Result:tau3_fail
DEBUG:root:Match or Not:False
DEBUG:root:Real time1487956285.15

DEBUG:root:Extracted signature:bitarray('11111000001111011101000001110011010000111100110000010110010000110110010001100111001100011101100001111000001100000010001100011011101100011101000000111111001000000111111010000001111100000010011110000110011110001100111101100001110100001111000011100001110001110011001100100000')
DEBUG:root:Matched frame over all scan:1502

DEBUG:root:Errors over all scan:66

DEBUG:root:Result:tau3_fail
DEBUG:root:Match or Not:False
DEBUG:root:Real time1487956285.35

DEBUG:root:Extracted signature:bitarray('11111000001111011101000001110011011000001100110000000110010000100110010011000110101100000011100000011000000101000011000010011011101000011001100001111111001000000111111010000001111100000010011110000110011110001000111101100001011100001111000011100001110001110011001100110000')
DEBUG:root:Matched frame over all scan:1505

DEBUG:root:Errors over all scan:69

DEBUG:root:Result:tau3_fail
DEBUG:root:Match or Not:False
DEBUG:root:Real time1487956285.55

DEBUG:root:Extracted signature:bitarray('11111000011111011101000011110011110000111100110000000110010000100110010001000111001100001111100000011000000101000011000110001111011010011111100000111111101000000111111010000001111100010010011110000110011110001100111101100001111100001011000011100000110001110001101100110000')
DEBUG:root:Matched frame over all scan:1506

DEBUG:root:Errors over all scan:72

DEBUG:root:Result:tau3_fail
DEBUG:root:Match or Not:False
DEBUG:root:Real time1487956285.76

DEBUG:root:Extracted signature:bitarray('11101000011111011101000001110011101000001110110000000111010000000111010011000111001100001111100000011000000101000011000010000111011000011001000001111111001000000111111010000001111100000000011110000100001110011000111101100011111110001111000011100001110001110011001100100000')
DEBUG:root:Matched frame over all scan:1506

DEBUG:root:Errors over all scan:56

DEBUG:root:Result:replica detected
DEBUG:root:Match or Not:True
DEBUG:root:Real time1487956285.96

DEBUG:root:Extracted signature:bitarray('11101000001111011101000001111011101000001110100000000111010000000111010011000111001100011111100000111000000101000110001110011011101100011001000001111111001000000111111000000001111100000000011110000100001110011000111101100011111110001111000011100001110001110011001100100000')
DEBUG:root:Matched frame over all scan:1507

DEBUG:root:Errors over all scan:64

DEBUG:root:Result:replica detected
DEBUG:root:Match or Not:True
DEBUG:root:Real time1487956286.16

DEBUG:root:Extracted signature:bitarray('11101000011111011100100001111011001000001111100000000111110000100111110011000111001100001111100000111000000101000110001100011011101000011001100001111111001000000111111010000001111100000010011110000110011110001000111101100001111100001111000011100001110001110011001100110000')
DEBUG:root:Matched frame over all scan:1507

DEBUG:root:Errors over all scan:68

DEBUG:root:Result:tau3_fail
DEBUG:root:Match or Not:False
DEBUG:root:Real time1487956286.36

DEBUG:root:Extracted signature:bitarray('11100100001111011100100001111011001000001111100000000111110000100111110011000111001100011111000001010000000100001110001100011011101000011001100001111111101000000111111010000001111100000010011110000110011110001000111101100001111100001111000011100001110001110001001100110000')
DEBUG:root:Matched frame over all scan:1511

DEBUG:root:Errors over all scan:68

DEBUG:root:Result:tau3_fail
DEBUG:root:Match or Not:False
DEBUG:root:Real time1487956286.56

DEBUG:root:Extracted signature:bitarray('11100100001111011100100001111011001000001110100000000110010001000111010011001111001100011011100001010000000101000011100011000111011000011001100001111111001100000111111010000000111100000000011110000100001110011000111101100001111110001111000011100000110000110011101110100000')
DEBUG:root:Matched frame over all scan:1510

DEBUG:root:Errors over all scan:69

DEBUG:root:Result:tau3_fail
DEBUG:root:Match or Not:False
DEBUG:root:Real time1487956286.76

DEBUG:root:Extracted signature:bitarray('11100100001111011100100001110011001000001110100000000111110000000111110011000111001000011111000001110000011100001110001100011011011000011101100001111111101100000111111010000000111100000000011110000100001111001000111101100001111110001111000011100000110000110001101110110000')
DEBUG:root:Matched frame over all scan:1511

DEBUG:root:Errors over all scan:69

DEBUG:root:Result:tau3_fail
DEBUG:root:Match or Not:False
DEBUG:root:Real time1487956286.96

DEBUG:root:Extracted signature:bitarray('11101100001111111100100001111011001000001111100000000111110000100111110011000111011100011111000011111000011100001110000110000110010000011101100001111111001000000111111010000001111100000010011110000110011111001000111101100001110100001111000011100001110001110001101100101000')
DEBUG:root:Matched frame over all scan:1512

DEBUG:root:Errors over all scan:73

DEBUG:root:Result:tau3_fail
DEBUG:root:Match or Not:False
DEBUG:root:Real time1487956287.16

DEBUG:root:Extracted signature:bitarray('11101100101111011100100001111011001000001110100000000110010100100110010011000111001100011111000001010000011100011100011100111011000100011101100001111111101100000111111010000000111100000010011110000100001111001000111101100001110100001111000011100000110000110001101100101000')
DEBUG:root:Matched frame over all scan:1514

DEBUG:root:Errors over all scan:68

DEBUG:root:Result:tau3_fail
DEBUG:root:Match or Not:False
DEBUG:root:Real time1487956287.36

DEBUG:root:Extracted signature:bitarray('11101100001111011100100001111011001000001110100100000110011101100111011011000111001100011011100001011000010100001100011100111011101100011001100001111111001100000111111010000000111100000000011110000100001111011000111101100001111110001111000011100000110001110011001110100000')
DEBUG:root:Matched frame over all scan:1514

DEBUG:root:Errors over all scan:66

DEBUG:root:Result:tau3_fail
DEBUG:root:Match or Not:False
DEBUG:root:Real time1487956287.56

DEBUG:root:Extracted signature:bitarray('11001100101111011100100001111011001000001110100100000110011101100110011011000111111100011011000000011000010100001110001100111011101100011001100001111111001000000111111010000000111100000000011111000100001111011000111101100001110110001111000011100001110001110011001100100000')
DEBUG:root:Matched frame over all scan:1515

DEBUG:root:Errors over all scan:63

DEBUG:root:Result:tau3_fail
DEBUG:root:Match or Not:False
DEBUG:root:Real time1487956287.76

DEBUG:root:Extracted signature:bitarray('11001100001111011101100001111011001000001110100100000110011101100111011011001111001100011011100001011000010100001110001100011011010000011001100001111111001100000111111011000000111100000000001111000100001111010000111101100001111100001111000011100001110001110011001100100000')
DEBUG:root:Matched frame over all scan:1517

DEBUG:root:Errors over all scan:60

DEBUG:root:Result:tau3_fail
DEBUG:root:Match or Not:False
DEBUG:root:Real time1487956287.96

DEBUG:root:Extracted signature:bitarray('11101100101111011101100001111010011000001110100100000110011101100110011011000111101100011010000000011000001101001110001000010011010000011001100001111111001100000111111011000000111100000000011111000100001111011000111101100001110110001111000011100000110000110011001100101000')
DEBUG:root:Matched frame over all scan:1517

DEBUG:root:Errors over all scan:62

DEBUG:root:Result:tau3_fail
DEBUG:root:Match or Not:False
DEBUG:root:Real time1487956288.16

DEBUG:root:Extracted signature:bitarray('11111100111111111011101111011101110111100111011111111001101111111001101111010000101110000011110010011101100100110010110001100100000000111100000000111001100000000000001000001110000010000111000101000000000001000000000010000000001000000001000001010000101000101001010101001000')
DEBUG:root:Matched frame over all scan:2397

DEBUG:root:Errors over all scan:82

DEBUG:root:Result:tau2_fail
DEBUG:root:Match or Not:False
DEBUG:root:Real time1487956288.36

DEBUG:root:Extracted signature:bitarray('11111100111111101011100111011101110011110111010111111011100111111001101111010000111110000011110000011100100110110010110001100000000001011111000000110001100000001000001000000000000010000000000101000000000001000000000010000000001000000001000001010000101000101001010101101000')
DEBUG:root:Matched frame over all scan:1138

DEBUG:root:Errors over all scan:84

DEBUG:root:Result:tau3_fail
DEBUG:root:Match or Not:False
DEBUG:root:Real time1487956288.56

DEBUG:root:Extracted signature:bitarray('11111100011111111011101111011101101111110111010011111001100111111001101111010000111110000011110000011101000100110010110001001100100100011111100000111001111100000100001111110000001011100000000101000000000001000000000010000000001000000001000000010000101000101000011001101000')
DEBUG:root:Matched frame over all scan:340

DEBUG:root:Errors over all scan:86

DEBUG:root:Result:tau2_fail
DEBUG:root:Match or Not:False
DEBUG:root:Real time1487956288.76

DEBUG:root:Extracted signature:bitarray('11111100111111111001101111011101001111000111000011100011100111111001111011110000101110000011110001011001100100100010110011000100010000111111000000111001111000000100001110000000000011000000000001000000000001000000000010000000001000000001000001010000101000101000010001101000')
DEBUG:root:Matched frame over all scan:1277

DEBUG:root:Errors over all scan:88

DEBUG:root:Result:tau1_fail
DEBUG:root:Match or Not:False
DEBUG:root:Real time1487956288.96

DEBUG:root:Extracted signature:bitarray('11111100111111101001101111011101001111000111000011100011100101100001101011100010101110000011110001011100100100100010100011000100010010111111100000111001110000000100001000000000000010000000000001000000000001000000000010000000001000000001000001010000101000101001010000000000')
DEBUG:root:Matched frame over all scan:2104

DEBUG:root:Errors over all scan:90

DEBUG:root:Result:tau1_fail
DEBUG:root:Match or Not:False
DEBUG:root:Real time1487956289.16

DEBUG:root:Extracted signature:bitarray('11111100111111111111101111011101110111100111010011110001100111111001101111010000101100000011110000011001000100100010110001100100010001111111111000111001111111111100001111111000000010000000000101000000000001000000000010000000001000000001000001010000101000101000010001100000')
DEBUG:root:Matched frame over all scan:15

DEBUG:root:Errors over all scan:79

DEBUG:root:Result:tau3_fail
DEBUG:root:Match or Not:False
DEBUG:root:Real time1487956289.36

DEBUG:root:Extracted signature:bitarray('11111100011111111011101110011101001111100111000111110001101111111001011111110000111110000011110000011001000100100010100011000100000101011000000000111001110000000100001100100000001010000000000001000000000001000000000010000000001000000001000001010000101000101001010001010000')
DEBUG:root:Matched frame over all scan:340

DEBUG:root:Errors over all scan:89

DEBUG:root:Result:tau2_fail
DEBUG:root:Match or Not:False
DEBUG:root:Real time1487956289.56

DEBUG:root:Extracted signature:bitarray('11111100101111111111101111011101110011110111010011111001100111111001101111010000101100000011110000011100000110000010000010000100000101111111100000100001111111100000001111110000000010000000000101000000000101000000000010000000001000000101000001010000101000101001010001001000')
DEBUG:root:Matched frame over all scan:15

DEBUG:root:Errors over all scan:83

DEBUG:root:Result:tau3_fail
DEBUG:root:Match or Not:False
DEBUG:root:Real time1487956289.76

DEBUG:root:Extracted signature:bitarray('11111100101111111111101111011101110011110111011101110001101111101001101111010000101100000011110000011100000110010010000011000100010011111111111001111001111111111100001111010000000010000000000101000000000101000000001010000000101000000101000001010000101000101001010001001000')
DEBUG:root:Matched frame over all scan:15

DEBUG:root:Errors over all scan:75

DEBUG:root:Result:tau3_fail
DEBUG:root:Match or Not:False
DEBUG:root:Real time1487956289.97

DEBUG:root:Extracted signature:bitarray('11111100101111101111100111011101100011100111010011110011000111111001011111010000101100000011110000011000000100110010110001111001101111111110000000110001100000000000001000000000000010000001000101000000000101000000001010000000101000000101000001010110100110101101010101001000')
DEBUG:root:Matched frame over all scan:1137

DEBUG:root:Errors over all scan:80

DEBUG:root:Result:tau3_fail
DEBUG:root:Match or Not:False
DEBUG:root:Real time1487956290.17

DEBUG:root:Extracted signature:bitarray('11111101100111101111101111011101110011100111011011101000101111001100011110011000101100000011110000011100000100000010101101011001101111111111111111111001111111111111001111100000000011000000000101000000000101000000001010000000101000000101000001010000101000101001010001010000')
DEBUG:root:Matched frame over all scan:15

DEBUG:root:Errors over all scan:78

DEBUG:root:Result:tau3_fail
DEBUG:root:Match or Not:False
DEBUG:root:Real time1487956290.37

DEBUG:root:Extracted signature:bitarray('11111100111111111011101111011101101111100111010011000011010111001000011111011000111000100011000000010001100100110000111101001100010010111001000000110001011000000000001000000000000010000000000101000000000101000000001010000000101000000101000001010000101000101001010101101000')
DEBUG:root:Matched frame over all scan:210

DEBUG:root:Errors over all scan:86

DEBUG:root:Result:tau2_fail
DEBUG:root:Match or Not:False
DEBUG:root:Real time1487956290.57

DEBUG:root:Extracted signature:bitarray('10111100011111110001100011011101000010110110100011000000110100000000011000010000100001000010011100011111100011111101110111000100100010010000000000111101110000000011101000000100001010000010000101000000000101001000001110000000010010011011000110010011100011110011001101101000')
DEBUG:root:Matched frame over all scan:732

DEBUG:root:Errors over all scan:85

DEBUG:root:Result:tau2_fail
DEBUG:root:Match or Not:False
