DEBUG:root:Under real time Point counter:2.38418579102e-05

DEBUG:root:Extracted signature:bitarray('11111000111110101111001100101101110011000011011001110111100000110111100000001111000000111100100111000011100011110001100110001100000111111111111111100000011001101111100110011111110001001111101000001111110000100011111011001111101100100101111001011100011000011000101001101100')
DEBUG:root:Matched frame over all scan:1166

DEBUG:root:Errors over all scan:25

DEBUG:root:Result:replica detected
DEBUG:root:Match or Not:True
DEBUG:root:Under real time Point counter:0.251888036728

DEBUG:root:Extracted signature:bitarray('11111000111100101111001000101101110011001111010001100111100000110111100000001111000100111100100111000011100011110001100110001100010011111111111111100000011001111100100110011111100001001111101000001111111001100011111011001110101100100100111000011100011000010000101001101100')
DEBUG:root:Matched frame over all scan:1165

DEBUG:root:Errors over all scan:13

DEBUG:root:Result:replica detected
DEBUG:root:Match or Not:True
DEBUG:root:Real time1487801341.92

DEBUG:root:Extracted signature:bitarray('11111001111100101111001000001101110011001111010001110111100000110111100000001111000000111100100111000011100011110001100110001100010111111111111111100000011001111100000110011111100001001111001000001111111001100011111011000110101100100100111000011100011000010000101001101100')
DEBUG:root:Matched frame over all scan:1166

DEBUG:root:Errors over all scan:14

DEBUG:root:Result:replica detected
DEBUG:root:Match or Not:True
DEBUG:root:Real time1487801342.12

DEBUG:root:Extracted signature:bitarray('11111001111100001111001000001101110011001111010001100111110000110111100000001111000000111100100111000011100011110001100110001100010011111111111111100000011001101110100110011111100001001111101010001111111001100011111011000110101100100100111001011100011000010000101001101100')
DEBUG:root:Matched frame over all scan:1166

DEBUG:root:Errors over all scan:10

DEBUG:root:Result:replica detected
DEBUG:root:Match or Not:True
DEBUG:root:Real time1487801342.32

DEBUG:root:Extracted signature:bitarray('11111000111100000111001000001101100011000111010001100111010000100111000001001111001100011100100001100111001011110011110011000100010010011111111111100000011001101111100110011110110001001111110010001111110001000011111011001101101101100001111000111100011000010000100010010100')
DEBUG:root:Matched frame over all scan:1164

DEBUG:root:Errors over all scan:45

DEBUG:root:Result:replica detected
DEBUG:root:Match or Not:True
DEBUG:root:Real time1487801342.52

DEBUG:root:Extracted signature:bitarray('11000000000111111010000000001111100010000011110001000000110001100000010011001000101001100010001100000111000111000010000010011001101111111111111011100110111001100001010110011000001101001100000010001100110000110001101011001100100001100100011001001110110111000110011011010100')
DEBUG:root:Matched frame over all scan:1171

DEBUG:root:Errors over all scan:43

DEBUG:root:Result:replica detected
DEBUG:root:Match or Not:True
DEBUG:root:Real time1487801342.73

DEBUG:root:Extracted signature:bitarray('11000000000001110000000000001110100000000011110001000000110000100000110000001100100000100110001100000111000111000010001100111011101111111111111111100100111001100101100110011000001101001110000110001100110001010001100111001100011001100010011000101110010110010110011011010100')
DEBUG:root:Matched frame over all scan:1171

DEBUG:root:Errors over all scan:19

DEBUG:root:Result:replica detected
DEBUG:root:Match or Not:True
DEBUG:root:Real time1487801342.93

DEBUG:root:Extracted signature:bitarray('11100000100000110000001100001110100011000011110001100000110000100010010001001100100000100010001100010011000111000010001100111011101111111111111111100000111001100101100110011000001001001110000110001100110001111001100011000100011001100010011000101110010111010110011010010100')
DEBUG:root:Matched frame over all scan:1171

DEBUG:root:Errors over all scan:13

DEBUG:root:Result:replica detected
DEBUG:root:Match or Not:True
DEBUG:root:Real time1487801343.13

DEBUG:root:Extracted signature:bitarray('10000001000001010000001000001110100010000011111001000001111000000011110000001111100000111100001100000011100001110000001100011001101111110011111111000100011001111000100110011110000001001111100001001110110001000001110011000110101001100100011101001111100111101110001101110100')
DEBUG:root:Matched frame over all scan:1171

DEBUG:root:Errors over all scan:65

DEBUG:root:Result:tau3_fail
DEBUG:root:Match or Not:False
DEBUG:root:Real time1487801343.33

DEBUG:root:Extracted signature:bitarray('11011111100011001011111011011000111110110100011110011100001100011011101000011111011001111101001111100011100001111100101101001100111111110000111111110000011111111000000001101110001001100111100001100011110001000111101010001111101001110100011111001111100111101011001101110100')
DEBUG:root:Matched frame over all scan:1173

DEBUG:root:Errors over all scan:21

DEBUG:root:Result:replica detected
DEBUG:root:Match or Not:True
DEBUG:root:Real time1487801343.53

DEBUG:root:Extracted signature:bitarray('11011111001010011011111011010000111100110000011110011100001100011011101000011111011001111101001111100011111001111101001101001100101111110000111111000010011101111000000001101111000001100111100001100011110101000111111010001111101001111100011111011111101111101011001101110100')
DEBUG:root:Matched frame over all scan:1175

DEBUG:root:Errors over all scan:12

DEBUG:root:Result:replica detected
DEBUG:root:Match or Not:True
DEBUG:root:Real time1487801343.73

DEBUG:root:Extracted signature:bitarray('11111111011010011011111011010000111100110000011110011100011100011011101000011111000001111101001111100011111001111101100111001100100101110000111111000010011111111000000001101111000001100111100001100011110101000011111010001111101001111100011111001111101111001000010101110100')
DEBUG:root:Matched frame over all scan:1175

DEBUG:root:Errors over all scan:24

DEBUG:root:Result:replica detected
DEBUG:root:Match or Not:True
DEBUG:root:Real time1487801343.93

DEBUG:root:Extracted signature:bitarray('11011111100010011001111011010000111100110000011110011100011100011001111000011111010001111100001111100011100011111101101101001100101111110000111111000010001111111000000001101110000001100111100001100011110101000111101010001110101001110100011111001111100111110011101110110100')
DEBUG:root:Matched frame over all scan:1177

DEBUG:root:Errors over all scan:21

DEBUG:root:Result:replica detected
DEBUG:root:Match or Not:True
DEBUG:root:Real time1487801344.13

DEBUG:root:Extracted signature:bitarray('11011111101010011001111011011000011100110000011110011100001100011001101100110111011001111101001111100011111001111100100111001100101111110000011111000000010111111000000001001110000001100111100001100011110101000111101010001111101001111100011111001111100111101011001101110100')
DEBUG:root:Matched frame over all scan:1179

DEBUG:root:Errors over all scan:20

DEBUG:root:Result:replica detected
DEBUG:root:Match or Not:True
DEBUG:root:Real time1487801344.33

DEBUG:root:Extracted signature:bitarray('11111111110000011101111011011001011100110010011110011100101100011101101000111111010001111000001110000011100001110000100111001100101111110000011111000000011001111000000011001111000001100011100001100011110101000011111010001111101001111100011111001111100111101011001101110100')
DEBUG:root:Matched frame over all scan:1179

DEBUG:root:Errors over all scan:24

DEBUG:root:Result:replica detected
DEBUG:root:Match or Not:True
DEBUG:root:Real time1487801344.53

DEBUG:root:Extracted signature:bitarray('11011111100000001101111011011001011100110000011110011101101100011101101000111111010001111000001110000011100001110000100111001100101111110000011111000000011001111000000011001111000001100011110001100011110001000011111010001111101001111100011111001111100111101011001101110100')
DEBUG:root:Matched frame over all scan:1179

DEBUG:root:Errors over all scan:27

DEBUG:root:Result:replica detected
DEBUG:root:Match or Not:True
DEBUG:root:Real time1487801344.73

DEBUG:root:Extracted signature:bitarray('10000110011110010000110011110000111101111100010110110110000110110000001110000011010000111100000111100001110001111101110001000001101101110001111011100000011100001100000111000011100011001000110001001100110001000011111110001111110001111000001100010110011110011100110011010100')
DEBUG:root:Matched frame over all scan:1181

DEBUG:root:Errors over all scan:11

DEBUG:root:Result:replica detected
DEBUG:root:Match or Not:True
DEBUG:root:Under real time Point counter:0.229555130005

DEBUG:root:Extracted signature:bitarray('10000110011110010000110111010000111101100100011110110110001110010000111100010001110001101110000111100001111001111101011100111011100000010001111011100000011100001100000111000001100011001000110001001000111001000011001110001111110001111000001110011101101001101011011000010100')
DEBUG:root:Matched frame over all scan:1182

DEBUG:root:Errors over all scan:38

DEBUG:root:Result:replica detected
DEBUG:root:Match or Not:True
DEBUG:root:Real time1487801345.16

DEBUG:root:Extracted signature:bitarray('10000110011110010000110011110000111101001100011110000111001110000111001100010110110001101010000111000011110011111101111100111011101110010001111011100000011100001100000111000001100011001000110001001000111001000011001110001100110001111110001111010111001110001100110011001100')
DEBUG:root:Matched frame over all scan:1182

DEBUG:root:Errors over all scan:48

DEBUG:root:Result:replica detected
DEBUG:root:Match or Not:True
DEBUG:root:Real time1487801345.36

DEBUG:root:Extracted signature:bitarray('10000110011110010000110011100000111101111000011110111110000011111100000111111000111110000010010000010000000100000010000010000101000100010001111011100000011100001100001111000011100011001000110001001100111001000011011110001111110001111010111100111100011000011000101000101100')
DEBUG:root:Matched frame over all scan:1184

DEBUG:root:Errors over all scan:56

DEBUG:root:Result:replica detected
DEBUG:root:Match or Not:True
DEBUG:root:Real time1487801345.56

DEBUG:root:Extracted signature:bitarray('10000110011110000001110111110000011101111100010110111110000111111110001111111110010011110000001110010001100011110011110011000100010111110001111011100000011100101100101111000001101011001000110101001100110101000011101010001100110000110100001111010111100111100111100110110100')
DEBUG:root:Matched frame over all scan:1184

DEBUG:root:Errors over all scan:44

DEBUG:root:Result:replica detected
DEBUG:root:Match or Not:True
DEBUG:root:Real time1487801345.76

DEBUG:root:Extracted signature:bitarray('10000110011110010000110000110000011100101100110110000110010111000011001110000111110000000010000010010000110100011110010101111011101111110001111011100000011100101100101111001001101011001000110001001100111001000011101110001100110000110110001110100111010111000111011001010100')
DEBUG:root:Matched frame over all scan:1186

DEBUG:root:Errors over all scan:45

DEBUG:root:Result:replica detected
DEBUG:root:Match or Not:True
DEBUG:root:Real time1487801345.96

DEBUG:root:Extracted signature:bitarray('10000111001110010001111100000010011110000100110111000010010011000001111110000011111000000011000000010000000100000010000010000100010111110001111011100000011100101110001111100001100011011000110001001000111001000001111100001100110000111010001110100111010110010100110011010100')
DEBUG:root:Matched frame over all scan:1187

DEBUG:root:Errors over all scan:14

DEBUG:root:Result:replica detected
DEBUG:root:Match or Not:True
DEBUG:root:Real time1487801346.16

DEBUG:root:Extracted signature:bitarray('10000111011100010001111100100010011110100100101111000000001111000000101110000011111000000010000000010000000100000010000011000100010111110001111011100000011100101100001111001001100011001000110001001100111001000011111100001100110000111110001110100110010110010100110011010100')
DEBUG:root:Matched frame over all scan:1187

DEBUG:root:Errors over all scan:22

DEBUG:root:Result:replica detected
DEBUG:root:Match or Not:True
DEBUG:root:Real time1487801346.37

DEBUG:root:Extracted signature:bitarray('10000111011110010001111101100000011110000000011110000001001110000011111100100111100010001010000000010000100100010010000010000100011111110001111011100000011100101100001111001001100011001100110001001100111110000011111100001100110000101010001110100110010110010100100011010100')
DEBUG:root:Matched frame over all scan:1189

DEBUG:root:Errors over all scan:24

DEBUG:root:Result:replica detected
DEBUG:root:Match or Not:True
DEBUG:root:Real time1487801346.57

DEBUG:root:Extracted signature:bitarray('10001111011100010001110111000000011100100100011110000011001110001011101100110111100110000011100000011000100100010011000010000101111111110011101011100000011100101100001111001001100011011000110001011100111001000011100100001100110000111010001100100110000110010100101011011100')
DEBUG:root:Matched frame over all scan:1190

DEBUG:root:Errors over all scan:13

DEBUG:root:Result:replica detected
DEBUG:root:Match or Not:True
DEBUG:root:Real time1487801346.77

DEBUG:root:Extracted signature:bitarray('10001111011110010001110011000000011100100100001110010011001110010011101100100111100110000011100000011000100100010010000010001101111111110001111011100000011100101110001111001001100011011000110001001100111001000011110100001110111000111010001110100110000110010100101011011100')
DEBUG:root:Matched frame over all scan:1191

DEBUG:root:Errors over all scan:13

DEBUG:root:Result:replica detected
DEBUG:root:Match or Not:True
DEBUG:root:Real time1487801346.97

DEBUG:root:Extracted signature:bitarray('10000111001110010001111000111000011100000110011110000011001110011011101100110110100011000010000010010000110100010010000010000110011111110001101011100000011100101110001111100101100011011000111001011000111001000011100100001100110000110010001110100111010110010100101010011100')
DEBUG:root:Matched frame over all scan:1192

DEBUG:root:Errors over all scan:15

DEBUG:root:Result:replica detected
DEBUG:root:Match or Not:True
DEBUG:root:Real time1487801347.17

DEBUG:root:Extracted signature:bitarray('10001111011110010001111000110000111110000110011110000011100110001011101100110110100011000010000010010000110100010010000010000111011111110011100011100000011100101110101111100101101011011000111001011000111001000011101100001100110000111010001110100110010110010100101010011100')
DEBUG:root:Matched frame over all scan:1192

DEBUG:root:Errors over all scan:19

DEBUG:root:Result:replica detected
DEBUG:root:Match or Not:True
DEBUG:root:Real time1487801347.37

DEBUG:root:Extracted signature:bitarray('10000011001110010000111000110000001110100100110011100010010011000110011110001100100001100011000110010001110100111010011010110111111100010001101011100000011100101110000111100101101011011000111101011000111001000001101100001100110000110010001110100111010111010100101010001100')
DEBUG:root:Matched frame over all scan:1194

DEBUG:root:Errors over all scan:39

DEBUG:root:Result:replica detected
DEBUG:root:Match or Not:True
DEBUG:root:Real time1487801347.57

DEBUG:root:Extracted signature:bitarray('10001110011110000001111011110000011110111100010011111111100011111111100111111100010011110000001111000111111011011111000010000101011100010011101011100000011100101110100111100001101011011000111101011001111101000011111010001111110000111010001110100111010110011000110011010100')
DEBUG:root:Matched frame over all scan:1195

DEBUG:root:Errors over all scan:15

DEBUG:root:Result:replica detected
DEBUG:root:Match or Not:True
DEBUG:root:Real time1487801347.77

DEBUG:root:Extracted signature:bitarray('10001111001110001001111011110000011100111100010011111110100011111111001111111110010011111000011111000110110011000111000110000100010010110001101011100000011100101110100111100001101010011001111101011101111101000011111010001111110000111010001110100111010110011000100010010100')
DEBUG:root:Matched frame over all scan:1196

DEBUG:root:Errors over all scan:19

DEBUG:root:Result:replica detected
DEBUG:root:Match or Not:True
DEBUG:root:Real time1487801347.97

DEBUG:root:Extracted signature:bitarray('10001111001110001001111001110000011100111100010011111110000011111111001111111110010011111000011111000110111011011101001110000100010011110011100111100000011100111110100111100101101010011001111101011101111101000011111010001111110000111010001110100111010110011000100010010100')
DEBUG:root:Matched frame over all scan:1197

DEBUG:root:Errors over all scan:10

DEBUG:root:Result:replica detected
DEBUG:root:Match or Not:True
DEBUG:root:Real time1487801348.17

DEBUG:root:Extracted signature:bitarray('10001110011110000001110011110000001100111100000011111110000011111110001111111110010011111000011111000110110011011101101110000100010011110001100111100001011100111110100111000001101010011001111101011101111101001011111010001111110000111010001110100111010110010000100010010100')
DEBUG:root:Matched frame over all scan:1198

DEBUG:root:Errors over all scan:14

DEBUG:root:Result:replica detected
DEBUG:root:Match or Not:True
DEBUG:root:Real time1487801348.37

DEBUG:root:Extracted signature:bitarray('10011110011110000011111011110001000100111100000011111110000011111110001111111110010011111100011111000110110011011101100110000100010011110001100111100000011100111110100111000001101010011001111101011101111101000011101010001111110000111010001110100111010110010000100010010100')
DEBUG:root:Matched frame over all scan:1198

DEBUG:root:Errors over all scan:18

DEBUG:root:Result:replica detected
DEBUG:root:Match or Not:True
DEBUG:root:Real time1487801348.57

DEBUG:root:Extracted signature:bitarray('10010110011110000010110000110000000100111100010011111110000011111111001111111110010001111101001111000010110111001111000110000100010011110001100111100100011100110110100111100001101010011001110101011101110001001011100010001111010000111010001110101111010100010000100010010100')
DEBUG:root:Matched frame over all scan:1197

DEBUG:root:Errors over all scan:33

DEBUG:root:Result:replica detected
DEBUG:root:Match or Not:True
DEBUG:root:Real time1487801348.77

DEBUG:root:Extracted signature:bitarray('10001110011110000000111001110000011111001110010111110110000011110000001111100000111001000011000000110001111001111101001100011001101111110011100011100000011100001110101111000001101011100000011101111000001101100000111110000111110000011010000010111001011001011000111011010100')
DEBUG:root:Matched frame over all scan:1201

DEBUG:root:Errors over all scan:19

DEBUG:root:Result:replica detected
DEBUG:root:Match or Not:True
DEBUG:root:Real time1487801348.97

DEBUG:root:Extracted signature:bitarray('10100110011110000000111001110000001111111110010011101111100011110001001111110000111011000010000001110000111100111101100110000011111111110001100011100000011100101110101111000001101011011000111101011100011101100000101110000011110000011010000110110001011001011000110011010100')
DEBUG:root:Matched frame over all scan:1201

DEBUG:root:Errors over all scan:26

DEBUG:root:Result:replica detected
DEBUG:root:Match or Not:True
DEBUG:root:Real time1487801349.17

DEBUG:root:Extracted signature:bitarray('10110111011111000110111000111001101110001111010111000111100011011111100111110011011111001101000011110001100100000010000010001101101111110011101011110000011100100110001111000001110011011000111001011001111001111011110010001111001000111011001100100100010100011000100010111100')
DEBUG:root:Matched frame over all scan:1193

DEBUG:root:Errors over all scan:70

DEBUG:root:Result:tau2_fail
DEBUG:root:Match or Not:False
DEBUG:root:Real time1487801349.37

DEBUG:root:Extracted signature:bitarray('10100010011010010110010011010011100100110100110010011110010011001110000000011100100001100010001100010001100001110001011001111011101101110001101011110000011100101110001111000001110011011000111000011100111000001001110100001110010000110010001110100111000111010110101110010100')
DEBUG:root:Matched frame over all scan:1204

DEBUG:root:Errors over all scan:48

DEBUG:root:Result:replica detected
DEBUG:root:Match or Not:True
DEBUG:root:Real time1487801349.57

DEBUG:root:Extracted signature:bitarray('11100011111110000110011110010001110111100100011110110010000111110011001101100110010011100010011110000011110011111001110001110011101100010011101011100000011100101110001110000001110011010000111001011000111001001001101010001100110000110110001110010111000110000100011011010100')
DEBUG:root:Matched frame over all scan:1209

DEBUG:root:Errors over all scan:45

DEBUG:root:Result:replica detected
DEBUG:root:Match or Not:True
DEBUG:root:Real time1487801349.77

DEBUG:root:Extracted signature:bitarray('10000111111110001000111010110000011100111100000111011000000111001001001011110011000011101100001111000011100010110001111001111011101100010001101011110000011100101110001110000001110010010000111001011000111001001001110010001111110000111110001110100110010110000111011101000100')
DEBUG:root:Matched frame over all scan:1206

DEBUG:root:Errors over all scan:16

DEBUG:root:Result:replica detected
DEBUG:root:Match or Not:True
DEBUG:root:Under real time Point counter:0.212579965591

DEBUG:root:Extracted signature:bitarray('10001111111110000001111111110000011110111100011111111000000011111000000111110011000111001100001111100011110011110001110001111011101100010011101011100000011100101110001111000001110010011000111001011100111001011011111010001111110000111110001110100110010110010110011101000100')
DEBUG:root:Matched frame over all scan:1207

DEBUG:root:Errors over all scan:16

DEBUG:root:Result:replica detected
DEBUG:root:Match or Not:True
DEBUG:root:Real time1487801350.19

DEBUG:root:Extracted signature:bitarray('10000111011110000000111101110000001111111100010111100100000011110000000111110010010111100000001111000001110000110001110011110011101100010011101011100000011100111110001111000001110010011000111000011100111001011011110010001110110000111110001111100110010110010100111001000100')
DEBUG:root:Matched frame over all scan:1209

DEBUG:root:Errors over all scan:21

DEBUG:root:Result:replica detected
DEBUG:root:Match or Not:True
DEBUG:root:Real time1487801350.39

DEBUG:root:Extracted signature:bitarray('10000111111110000000111100110001001111101100010111110110000011110000000101110000010011100010011110000001110000111001110011110011101100010011101011100000011100101110101111000001110010011000111001011100111001011001101010001100110000111110001111100110010110010100101101000100')
DEBUG:root:Matched frame over all scan:1209

DEBUG:root:Errors over all scan:5

DEBUG:root:Result:replica detected
DEBUG:root:Match or Not:True
DEBUG:root:Real time1487801350.59

DEBUG:root:Extracted signature:bitarray('10100111011111000000111011111100001110110110010011010010010011100110000111111100010011000010011000010111000111100011100011000100010010010011111011100100011100111101101111000000110010011000111000011100111001011001110010001110110000100110001100100110010110011100100010110100')
DEBUG:root:Matched frame over all scan:1210

DEBUG:root:Errors over all scan:29

DEBUG:root:Result:replica detected
DEBUG:root:Match or Not:True
DEBUG:root:Real time1487801350.79

DEBUG:root:Extracted signature:bitarray('10000111111100001000111111100001101111111000010111101000010011100000000111000010011100000010000000010000110110011110001111011100111111010011111011100100011100111100101111000011100010011001111000011100111001011001110010001100111000100111001100100110010110010100100010010100')
DEBUG:root:Matched frame over all scan:1211

DEBUG:root:Errors over all scan:22

DEBUG:root:Result:replica detected
DEBUG:root:Match or Not:True
DEBUG:root:Real time1487801350.99

DEBUG:root:Extracted signature:bitarray('10000111111100000000111111100001101111111000110111110100010011100000000111100000111101000011001100010000100100010010010011100110111110010011111011100100011100111100101111000001100010011001111001011100111001011011100010001100111000100010001100100110010110011100100010010100')
DEBUG:root:Matched frame over all scan:1212

DEBUG:root:Errors over all scan:14

DEBUG:root:Result:replica detected
DEBUG:root:Match or Not:True
DEBUG:root:Real time1487801351.19

DEBUG:root:Extracted signature:bitarray('10000111111100000000111111100001101111111000010111110100010011100000000111100000111011000011001100010000100100100010110011100110011100010011111011100100011100111100101111100011100010011001110001011101111001011011100010001100110000110110001100100110010110011100100010010100')
DEBUG:root:Matched frame over all scan:1212

DEBUG:root:Errors over all scan:7

DEBUG:root:Result:replica detected
DEBUG:root:Match or Not:True
DEBUG:root:Real time1487801351.39

DEBUG:root:Extracted signature:bitarray('10000111111100000000111111110001001111111100010011110110000011110000010111100000111011100011001100010000000100100010110011100111011000010011111011100100011100101100101111000011100010010001110001011001111001011011101010001100110000110010001100100110010110011100101010010100')
DEBUG:root:Matched frame over all scan:1215

DEBUG:root:Errors over all scan:14

DEBUG:root:Result:replica detected
DEBUG:root:Match or Not:True
DEBUG:root:Real time1487801351.59

DEBUG:root:Extracted signature:bitarray('10000111111100000000111111110001101111111100010111111110000011110000000111100000111111000011001100010000100100010010110011100110011010010011101101100100011100100110101110000111100010010001111001011001111001011011100010001100111000110010001110100110010110011100100010010100')
DEBUG:root:Matched frame over all scan:1215

DEBUG:root:Errors over all scan:21

DEBUG:root:Result:replica detected
DEBUG:root:Match or Not:True
DEBUG:root:Real time1487801351.79

DEBUG:root:Extracted signature:bitarray('10000111111100000000111111110001101111111100010111111110010011110000010111100000111011000011001100010000100100000010110011100110010010010011111011100100011100101100101111000001100010011001110001011001111001011011100010001100110000110010001100100110010110011100100010010100')
DEBUG:root:Matched frame over all scan:1215

DEBUG:root:Errors over all scan:10

DEBUG:root:Result:replica detected
DEBUG:root:Match or Not:True
DEBUG:root:Real time1487801351.99

DEBUG:root:Extracted signature:bitarray('10000000111000010010000111001110000000110011100100001111101110001111101100001111010000011110000011110000001100000010000010000110011011110011100011100100011100011000100111000110111001110001111101110000111101100000111011000011101000001111000000110000011000011000110101101100')
DEBUG:root:Matched frame over all scan:1217

DEBUG:root:Errors over all scan:6

DEBUG:root:Result:replica detected
DEBUG:root:Match or Not:True
DEBUG:root:Real time1487801352.19

DEBUG:root:Extracted signature:bitarray('10000000111000110010000111001111000000110011100100001111101100000111101100001111110000011110000001110000000100000010000010000111111011110011000011100100111100011000100111000110111001100001111101110000111101100001101010000010101000000111000000110000011000011000110101101100')
DEBUG:root:Matched frame over all scan:1217

DEBUG:root:Errors over all scan:19

DEBUG:root:Result:replica detected
DEBUG:root:Match or Not:True
DEBUG:root:Real time1487801352.39

DEBUG:root:Extracted signature:bitarray('10001000111000010011100111000010111000110000101100011101101110001111101100001111010000111101000011101000011100001110000010000100011110111100000111000110011100111100100111000111001001100011111101110000111101100001111010001111101000111101000111100001110000110001100100111100')
DEBUG:root:Matched frame over all scan:1219

DEBUG:root:Errors over all scan:32

DEBUG:root:Result:replica detected
DEBUG:root:Match or Not:True
DEBUG:root:Real time1487801352.59

DEBUG:root:Extracted signature:bitarray('10000000000000110000000000001110000000000011100010000001110011000011111110000011111000000011100000011000000100111100111101111011011111111000000111000111101101100001101001111000011000111100011100111000111101110111001001111100101111000101110001011011100111100111001100101100')
DEBUG:root:Matched frame over all scan:1220

DEBUG:root:Errors over all scan:11

DEBUG:root:Result:replica detected
DEBUG:root:Match or Not:True
DEBUG:root:Real time1487801352.79

DEBUG:root:Extracted signature:bitarray('11000000010000110000000010001111000000000011100011000001110111000001111110000011111100000011100000011000000100111100111101111011011111111000000110000111101001100011101001111000111000111000011100111000111101110111001001111100101111000101110001010011100111100111001100101100')
DEBUG:root:Matched frame over all scan:1221

DEBUG:root:Errors over all scan:7

DEBUG:root:Result:replica detected
DEBUG:root:Match or Not:True
DEBUG:root:Real time1487801352.99

DEBUG:root:Extracted signature:bitarray('11000000000000110000000000001110000000000011100011000001110011000011111110000011111000000011100000011000000100111100111101111011011111111000000110000101001101100001101001111000011000111100001100111000111101110111001011111100101111000101110001011011100111100111001100101100')
DEBUG:root:Matched frame over all scan:1220

DEBUG:root:Errors over all scan:10

DEBUG:root:Result:replica detected
DEBUG:root:Match or Not:True
DEBUG:root:Real time1487801353.19

DEBUG:root:Extracted signature:bitarray('11111111110010001111111110001101101110110011001110011001101110011000101111110001011111000101111000001110000100100010011100111011101111111111111111000001111111110000000111111110000001111001000001100011001011000110010110011110001011100000011100101111000111100111001101110100')
DEBUG:root:Matched frame over all scan:665

DEBUG:root:Errors over all scan:78

DEBUG:root:Result:tau2_fail
DEBUG:root:Match or Not:False
DEBUG:root:Real time1487801353.39

DEBUG:root:Extracted signature:bitarray('11111111110000001111111001001101111110000011001111000000001111010000011110100000110110000010110000011100000111100011100011000111000011101111100111111000111101111111000111111111000001111110000000111100000001110000000110000000011011000011111000111100111100110001001100101100')
DEBUG:root:Matched frame over all scan:1224

DEBUG:root:Errors over all scan:25

DEBUG:root:Result:replica detected
DEBUG:root:Match or Not:True
DEBUG:root:Real time1487801353.59

DEBUG:root:Extracted signature:bitarray('11111110011110001111110011110001111111110011011111110001100111110000101111110000011111000101111000101110001011100011100011000100011111101111100011111000111100111110000111111111010001111111011000111100011001110011110011001001001011001100010111001111100100110001100100101100')
DEBUG:root:Matched frame over all scan:1225

DEBUG:root:Errors over all scan:6

DEBUG:root:Result:replica detected
DEBUG:root:Match or Not:True
DEBUG:root:Real time1487801353.79

DEBUG:root:Extracted signature:bitarray('11111111111110001111111011111101111110011111001110001111101110000111100110011111011011100001111000011110000100001101001100011001101111110111111101111101110111001111101001110011111001110001011101111000111101110011101011001100011001000011010001100001110001110011001101101100')
DEBUG:root:Matched frame over all scan:1226

DEBUG:root:Errors over all scan:18

DEBUG:root:Result:replica detected
DEBUG:root:Match or Not:True
DEBUG:root:Real time1487801353.99

DEBUG:root:Extracted signature:bitarray('11111111110011101111111111111101111110111111011111011100101111011100000111111000011111000011111000010010011101101101101101011100110010111111111001111100011110001111100111110011111011011001111101011001111010110011000101011000011111000011000001100001110101110001101100101100')
DEBUG:root:Matched frame over all scan:1227

DEBUG:root:Errors over all scan:25

DEBUG:root:Result:replica detected
DEBUG:root:Match or Not:True
DEBUG:root:Real time1487801354.19

DEBUG:root:Extracted signature:bitarray('11111111100010001111110000000101111100000011011111000000101111000000101110000011011100001111100000110000000100010010010010100111010000001111100001100000111100011111000111111110010001111110001010111100011010110011100111110000011100000010000000100000110000110011001100100100')
DEBUG:root:Matched frame over all scan:1229

DEBUG:root:Errors over all scan:49

DEBUG:root:Result:replica detected
DEBUG:root:Match or Not:True
DEBUG:root:Real time1487801354.39

DEBUG:root:Extracted signature:bitarray('11111111110000001111110000100001111100001000111110000000011111110000111111110001111110000011110000011000000100000010000010000100000000111111100011100000111100111100001111110111000001111111000010111110011010111001100111111100011100000011000000100000110000100011001100010100')
DEBUG:root:Matched frame over all scan:1229

DEBUG:root:Errors over all scan:29

DEBUG:root:Result:replica detected
DEBUG:root:Match or Not:True
DEBUG:root:Real time1487801354.59

DEBUG:root:Extracted signature:bitarray('11110111110000001110111110000001111110100001011111000000101111000000011100010000100111000010110000011001000100110000110001001000100000111100111110010001100101111001001111111110010001111110001000111111001010111111000111111100011100000011000001100000100000100011001100010100')
DEBUG:root:Matched frame over all scan:1230

DEBUG:root:Errors over all scan:17

DEBUG:root:Result:replica detected
DEBUG:root:Match or Not:True
DEBUG:root:Real time1487801354.8

DEBUG:root:Extracted signature:bitarray('11000111000001111000110000111110001100001111100110000111101110000111001100001110110000011010000001010000010111100011000010000100010000111111111000011111011110000111011111000001110011100000111101100000111011000001110110000111001000011000011110001111001101010011001100101100')
DEBUG:root:Matched frame over all scan:1231

DEBUG:root:Errors over all scan:10

DEBUG:root:Result:replica detected
DEBUG:root:Match or Not:True
DEBUG:root:Real time1487801355.0

DEBUG:root:Extracted signature:bitarray('11000111000001011000110000111110001100001111100110001111100110000111101100000111110000001110000000010000000111000011000010000100010000001111111100011110011110000111011111000011110011100001111001100000111011000001111110000011111000011110011110101111011110011000110100101100')
DEBUG:root:Matched frame over all scan:1232

DEBUG:root:Errors over all scan:16

DEBUG:root:Result:replica detected
DEBUG:root:Match or Not:True
DEBUG:root:Real time1487801355.2

DEBUG:root:Extracted signature:bitarray('11000111000000011000110000111010001100001101100110000111100110000011011100000010110000000110000000011000000100001011000011000100010000001111111000111110111110000111011011000001110111100000111101100000111111000001111110000011111000011110000110101111010110011000110010000100')
DEBUG:root:Matched frame over all scan:1233

DEBUG:root:Errors over all scan:18

DEBUG:root:Result:replica detected
DEBUG:root:Match or Not:True
DEBUG:root:Real time1487801355.4

DEBUG:root:Extracted signature:bitarray('11000111000001011000110000111110001100001011100111000001100111000001101100000110110000011010000000011110000111001111001111000100010000001111111000011110111110000111011111000011111011100001111101100000111111000001111110000011111000011110000110100111010111011100110011000100')
DEBUG:root:Matched frame over all scan:1234

DEBUG:root:Errors over all scan:24

DEBUG:root:Result:replica detected
DEBUG:root:Match or Not:True
DEBUG:root:Real time1487801355.6

DEBUG:root:Extracted signature:bitarray('11000111000001011000110000111110001100001111100110000111100110000111001100001111110000001110000001010000000101000011000010000100010000001111111000011110111110000111011011000011110011100001111101100000011101000110111010011001101001011010011100111100111000110001000100101100')
DEBUG:root:Matched frame over all scan:1236

DEBUG:root:Errors over all scan:17

DEBUG:root:Result:replica detected
DEBUG:root:Match or Not:True
DEBUG:root:Real time1487801355.8

DEBUG:root:Extracted signature:bitarray('11000111000001011000110000011010001100001111100110000111110110000111101100001111110000011110000010010000000111000011000010000100010000001111111000011010000100001111011011000011110111100000111101100000011101000100111010010011101001110010011000111000111000110001010100101100')
DEBUG:root:Matched frame over all scan:1238

DEBUG:root:Errors over all scan:4

DEBUG:root:Result:replica detected
DEBUG:root:Match or Not:True
DEBUG:root:Real time1487801356.0

DEBUG:root:Extracted signature:bitarray('11000111000000011000110000111110001100001111100110000111100110000111001100001111110000011110000010010000000111000011000010000100010000001111111000011010101110000111011011000011110011100001111101100000011101000100111010011011101001111010011000111100111000110001010100101100')
DEBUG:root:Matched frame over all scan:1236

DEBUG:root:Errors over all scan:9

DEBUG:root:Result:replica detected
DEBUG:root:Match or Not:True
DEBUG:root:Real time1487801356.2

DEBUG:root:Extracted signature:bitarray('11000111000000011000110000111110001100001111100110000111110110000111001100001111110000011110000000010000000111000011000010000100010000001111111000011110000100000111011011000011110111100000111101100000011101000100111010010011101001111010011000111100111000110101010100101100')
DEBUG:root:Matched frame over all scan:1236

DEBUG:root:Errors over all scan:5

DEBUG:root:Result:replica detected
DEBUG:root:Match or Not:True
DEBUG:root:Real time1487801356.4

DEBUG:root:Extracted signature:bitarray('11000001000000011000000100000011000100000000100010000011010110000011111100000111110000000010000001010100011011101101100110000100010000111110011000000011100000000001011000000000011110000000001111000000001111000000111110000000111000001101011110001111001100011001000100101100')
DEBUG:root:Matched frame over all scan:1239

DEBUG:root:Errors over all scan:55

DEBUG:root:Result:replica detected
DEBUG:root:Match or Not:True
DEBUG:root:Real time1487801356.6

DEBUG:root:Extracted signature:bitarray('10011000000100010010000000100011000001000000100000000000010000000000010000000000100000000010000000010000000101100011100011000100010000011110000100000011110000000000011100000000001110000000000111000000000111000000001110000000111000000011010000111110010111000110001100100100')
DEBUG:root:Matched frame over all scan:1241

DEBUG:root:Errors over all scan:13

DEBUG:root:Result:replica detected
DEBUG:root:Match or Not:True
DEBUG:root:Real time1487801356.8

DEBUG:root:Extracted signature:bitarray('10011000000110010010000100100011100001000000100000000000010000000000010000000001100001000010000000010010000101100011100011000100010000011111000000000011110000000000011100000000001110000000000111000000000111000000001110000000111000000011010000111110000111000111001100100100')
DEBUG:root:Matched frame over all scan:1241

DEBUG:root:Errors over all scan:11

DEBUG:root:Result:replica detected
DEBUG:root:Match or Not:True
DEBUG:root:Real time1487801357.0

DEBUG:root:Extracted signature:bitarray('11010000000100011010000100100011100001001000100000111000010000010000010000000000100000000010000000010010000111000011100010000100010000011110000000000011110000000000011100000000001110000000000111000000000111000000001110000000111000000011111000111110000111000111001100010100')
DEBUG:root:Matched frame over all scan:1242

DEBUG:root:Errors over all scan:16

DEBUG:root:Result:replica detected
DEBUG:root:Match or Not:True
DEBUG:root:Real time1487801357.2

DEBUG:root:Extracted signature:bitarray('11011000000100011011000100100011100001001000100000100000010000000000010000000000100011000010111000011110000111000011100011000100010000011110001100000011110000000000011100000000001110000000000111000000000111000000001010000000111000000011111000111110010111000111001100110100')
DEBUG:root:Matched frame over all scan:1243

DEBUG:root:Errors over all scan:19

DEBUG:root:Result:replica detected
DEBUG:root:Match or Not:True
DEBUG:root:Real time1487801357.4

DEBUG:root:Extracted signature:bitarray('11011000000110011010000100100011100001001000100000100000010000000000010000000000100001000010110000011110000111000011100011000100010000011110000000000011110000000000011100000000001110000000000111000000000111000000001110000000111000000011111000111110010111000111001100100100')
DEBUG:root:Matched frame over all scan:1243

DEBUG:root:Errors over all scan:17

DEBUG:root:Result:replica detected
DEBUG:root:Match or Not:True
DEBUG:root:Real time1487801357.6

DEBUG:root:Extracted signature:bitarray('10011000000100010011000100100011100001000000100000100000010000000000110000010001100011100000110100011111000111100011100011000100010000011110001100000011110000000000011100000000001110000000000111000000000111000000001110000000111000000111010000111110000111000110001100100100')
DEBUG:root:Matched frame over all scan:1241

DEBUG:root:Errors over all scan:17

DEBUG:root:Result:replica detected
DEBUG:root:Match or Not:True
DEBUG:root:Real time1487801357.8

DEBUG:root:Extracted signature:bitarray('11010000000010011010000100110011100001001000100000100000010000000000010000000011000100011001110001000110011011001111000110000100010000111111100100000011100000010000011000000000001110000000000111000000000111000000001010100000101111000101111100010111001011100111000010010100')
DEBUG:root:Matched frame over all scan:1244

DEBUG:root:Errors over all scan:41

DEBUG:root:Result:replica detected
DEBUG:root:Match or Not:True
DEBUG:root:Real time1487801358.0

DEBUG:root:Extracted signature:bitarray('11000000000110011000000100110011000001100000100000111000010001011000110010000111000110011101110011101100011100000111000011000100000000011110000100000011110000000000011100000000000110000000000111000000000111000000001110000000111010000011011000100110010111011110111000001100')
DEBUG:root:Matched frame over all scan:1243

DEBUG:root:Errors over all scan:51

DEBUG:root:Result:replica detected
DEBUG:root:Match or Not:True
DEBUG:root:Real time1487801358.2

DEBUG:root:Extracted signature:bitarray('11001100000111111000010000111110000111111111000011111110000111111110001111101111011110011001100011010000011100001111001110001101101100011111000110111011111000100111011100001001100110000100110011000000111001000000110110000011010100011010000010100001010000010000101001101100')
DEBUG:root:Matched frame over all scan:1248

DEBUG:root:Errors over all scan:28

DEBUG:root:Result:replica detected
DEBUG:root:Match or Not:True
DEBUG:root:Real time1487801358.4

DEBUG:root:Extracted signature:bitarray('11000110000001011100110011000011000100110000100011111000100111111001101111100111011110011101100000111000011100001110111101110001001101111110000111001011110000110011011100000000110110000000011011000000011011000000110110000111010100111010000010100000010001010110101001101100')
DEBUG:root:Matched frame over all scan:1249

DEBUG:root:Errors over all scan:4

DEBUG:root:Result:replica detected
DEBUG:root:Match or Not:True
DEBUG:root:Real time1487801358.6

DEBUG:root:Extracted signature:bitarray('11000110000001011100110011000010000001110000100011111000100111111001101111100111011110001101100001111000011100001110101101100001101101111110000111001011110000111001011100001000010110000000011011000000011011000000110110000011010100011010000010100000010001010110101001101100')
DEBUG:root:Matched frame over all scan:1250

DEBUG:root:Errors over all scan:9

DEBUG:root:Result:replica detected
DEBUG:root:Match or Not:True
DEBUG:root:Real time1487801358.8

DEBUG:root:Extracted signature:bitarray('11000110000111111100010010111110000101110000100011111100000111111100001111110111011110011101100000111000011100001110001111001101101100011110000100111011110000100111011100001001110110000000111011000000111011000001110110000111010000111010000010100000010000010110111001101100')
DEBUG:root:Matched frame over all scan:1252

DEBUG:root:Errors over all scan:12

DEBUG:root:Result:replica detected
DEBUG:root:Match or Not:True
DEBUG:root:Real time1487801359.0

DEBUG:root:Extracted signature:bitarray('11000110000111111000110000111110000101110000100111111100000111111100101111100111010110011101100000011000011100001110001111001100100100011110000100111011110000100111011100000001110110000000111011000000111011000001110110000111010100111010000010100001010000010110111001101100')
DEBUG:root:Matched frame over all scan:1252

DEBUG:root:Errors over all scan:3

DEBUG:root:Result:replica detected
DEBUG:root:Match or Not:True
DEBUG:root:Real time1487801359.21

DEBUG:root:Extracted signature:bitarray('11000110000111111000110011111110000000111001100011111100000111111100001111100111011110011001100000011000011100001110000111010001101100011110000100111011110000100111011100000001110110000000111011000000111011000000110110000111010100111010000110100000010000010100111001101100')
DEBUG:root:Matched frame over all scan:1253

DEBUG:root:Errors over all scan:14

DEBUG:root:Result:replica detected
DEBUG:root:Match or Not:True
DEBUG:root:Real time1487801359.41

DEBUG:root:Extracted signature:bitarray('11000110000001111000110011000010000100110000100011111000100111111001101111100111011110011101100000111000011100001110111101111011101101111110000110001011110000110001011100001000110110000000011011000000011011000000110110000111010000111010000000100000010001010110111001101100')
DEBUG:root:Matched frame over all scan:1254

DEBUG:root:Errors over all scan:4

DEBUG:root:Result:replica detected
DEBUG:root:Match or Not:True
DEBUG:root:Real time1487801359.61

DEBUG:root:Extracted signature:bitarray('11000110000001011000110011000010000001110000100011111000100111111001101111100111011110001101100001111000011100001110001101110011101101111110000111001011110000111001011100001000010110000000011011000000011011000000110110000011010000111010000000100000010001010110111001101100')
DEBUG:root:Matched frame over all scan:1254

DEBUG:root:Errors over all scan:12

DEBUG:root:Result:replica detected
DEBUG:root:Match or Not:True
DEBUG:root:Real time1487801359.81

DEBUG:root:Extracted signature:bitarray('11111110010000011011111000010010011110001000010001111100010001111100010001111001000011110100001110000111100011100001110001110110010000011001100011000101001110011110100011110011101011001111100101001111100101001111011010011101100001111101111001011100101110001100110011010100')
DEBUG:root:Matched frame over all scan:1256

DEBUG:root:Errors over all scan:7

DEBUG:root:Result:replica detected
DEBUG:root:Match or Not:True
DEBUG:root:Real time1487801360.01

DEBUG:root:Extracted signature:bitarray('11101100000010011000000001101010000000111001000001111100000001111110000001111100000011111000011111000101110011111001110001110110010000011001100011000111001110011111101011110011111010001111111101001111111101001100111010010111100000111101101111011111001111001110101010010100')
DEBUG:root:Matched frame over all scan:1257

DEBUG:root:Errors over all scan:9

DEBUG:root:Result:replica detected
DEBUG:root:Match or Not:True
DEBUG:root:Real time1487801360.21

DEBUG:root:Extracted signature:bitarray('11000000011100010000110001101110001100011111100110001111100011000111100111000111011011111101001111100001111001111101111101000100010010011001100111100011001100011111101011100011111011110001111101111000111101111000111011000011101000111101001111010111100111110010101010010100')
DEBUG:root:Matched frame over all scan:1258

DEBUG:root:Errors over all scan:19

DEBUG:root:Result:replica detected
DEBUG:root:Match or Not:True
DEBUG:root:Real time1487801360.41

DEBUG:root:Extracted signature:bitarray('11000100001000011000110001000010000100010100100000001110010000000111000011001111011000011100010011100111111011111101111101001100010000011001100011100111001110001111101011100011111011110001110101111000111101011001111010000111101000111100011111001111100111100111101010101100')
DEBUG:root:Matched frame over all scan:1259

DEBUG:root:Errors over all scan:16

DEBUG:root:Result:replica detected
DEBUG:root:Match or Not:True
DEBUG:root:Real time1487801360.61

DEBUG:root:Extracted signature:bitarray('11001011110000011000011100000010001111000000101111100001101111101001101101011110000101111100111111101111111011011100011101101000000111111011001100100111001001100000011010111000000111111101101001111101111001111011110000101111000001111100111110001011100011100111101110010100')
DEBUG:root:Matched frame over all scan:1260

DEBUG:root:Errors over all scan:14

DEBUG:root:Result:replica detected
DEBUG:root:Match or Not:True
DEBUG:root:Real time1487801360.81

DEBUG:root:Extracted signature:bitarray('11001001110000011000011100000010001111000000101111100001101111101011101111011110000101111100111111101111111010011100011100111000100111111011001100100111001001100000011010111000000110111101101001111101111001111011110000101111000011111100111111001011100011100011001100110100')
DEBUG:root:Matched frame over all scan:1261

DEBUG:root:Errors over all scan:13

DEBUG:root:Result:replica detected
DEBUG:root:Match or Not:True
DEBUG:root:Real time1487801361.01

DEBUG:root:Extracted signature:bitarray('11001001100000111000011100000110001111000011100111100001101111100011101001001111000101111101101111101111111010011100011100011000100101111011001100100011001001100000011000111000110110011100011011011100111001011001110010001111000001111100011111001111100011010011001101100100')
DEBUG:root:Matched frame over all scan:1262

DEBUG:root:Errors over all scan:12

DEBUG:root:Result:replica detected
DEBUG:root:Match or Not:True
DEBUG:root:Real time1487801361.21

DEBUG:root:Extracted signature:bitarray('11000001110000110000011110000110010111110000101111111000001111100000101111000000011110111101011011101100111000011100001100011000111111011011001100100111000001100000011000111000000110111101000011111100000011111100000110010001101011111100111111011010101110101000010011010100')
DEBUG:root:Matched frame over all scan:1263

DEBUG:root:Errors over all scan:20

DEBUG:root:Result:replica detected
DEBUG:root:Match or Not:True
DEBUG:root:Real time1487801361.41

DEBUG:root:Extracted signature:bitarray('11001011100000110000011100000010001110010000101111001000011111000000011110000000111011110000011111000111111011111101000010001001011010011011001100100111000001100000111000111000000100111000000111111000000111110000001110010000101011000100110011011101101100011000110011010100')
DEBUG:root:Matched frame over all scan:1264

DEBUG:root:Errors over all scan:30

DEBUG:root:Result:replica detected
DEBUG:root:Match or Not:True
