DEBUG:root:Under real time Point counter:5.19752502441e-05

DEBUG:root:Under real time Point counter:2.69412994385e-05

DEBUG:root:Under real time Point counter:2.59876251221e-05

DEBUG:root:Matched frame over all scan:93

DEBUG:root:Errors over all scan:111

DEBUG:root:Nomatch
DEBUG:root:Under real time Point counter:0.117424964905

DEBUG:root:Matched frame over all scan:225

DEBUG:root:Errors over all scan:107

DEBUG:root:Nomatch
DEBUG:root:Under real time Point counter:0.126327037811

DEBUG:root:Matched frame over all scan:225

DEBUG:root:Errors over all scan:105

DEBUG:root:Nomatch
DEBUG:root:Under real time Point counter:0.185652971268

DEBUG:root:Matched frame over all scan:225

DEBUG:root:Errors over all scan:109

DEBUG:root:Nomatch
DEBUG:root:Under real time Point counter:0.111010074615

DEBUG:root:Matched frame over all scan:93

DEBUG:root:Errors over all scan:112

DEBUG:root:Nomatch
DEBUG:root:Under real time Point counter:0.132724046707

DEBUG:root:Matched frame over all scan:225

DEBUG:root:Errors over all scan:106

DEBUG:root:Nomatch
DEBUG:root:Under real time Point counter:0.1203789711

DEBUG:root:Matched frame over all scan:225

DEBUG:root:Errors over all scan:108

DEBUG:root:Nomatch
DEBUG:root:Under real time Point counter:0.115524053574

DEBUG:root:Matched frame over all scan:225

DEBUG:root:Errors over all scan:107

DEBUG:root:Nomatch
DEBUG:root:Under real time Point counter:0.122228145599

DEBUG:root:Matched frame over all scan:93

DEBUG:root:Errors over all scan:113

DEBUG:root:Nomatch
DEBUG:root:Under real time Point counter:0.133043050766

DEBUG:root:Matched frame over all scan:225

DEBUG:root:Errors over all scan:105

DEBUG:root:Nomatch
DEBUG:root:Under real time Point counter:0.128180980682

DEBUG:root:Matched frame over all scan:225

DEBUG:root:Errors over all scan:109

DEBUG:root:Nomatch
DEBUG:root:Under real time Point counter:0.11430811882

DEBUG:root:Matched frame over all scan:225

DEBUG:root:Errors over all scan:106

DEBUG:root:Nomatch
DEBUG:root:Under real time Point counter:0.112357854843

DEBUG:root:Matched frame over all scan:225

DEBUG:root:Errors over all scan:106

DEBUG:root:Nomatch
DEBUG:root:Under real time Point counter:0.123307943344

DEBUG:root:Matched frame over all scan:225

DEBUG:root:Errors over all scan:106

DEBUG:root:Nomatch
DEBUG:root:Under real time Point counter:0.120605945587

DEBUG:root:Matched frame over all scan:225

DEBUG:root:Errors over all scan:107

DEBUG:root:Nomatch
DEBUG:root:Under real time Point counter:0.126533985138

DEBUG:root:Matched frame over all scan:225

DEBUG:root:Errors over all scan:109

DEBUG:root:Nomatch
DEBUG:root:Under real time Point counter:0.11634016037

DEBUG:root:Matched frame over all scan:34

DEBUG:root:Errors over all scan:113

DEBUG:root:Nomatch
DEBUG:root:Under real time Point counter:0.126488208771

DEBUG:root:Matched frame over all scan:10

DEBUG:root:Errors over all scan:111

DEBUG:root:Nomatch
DEBUG:root:Under real time Point counter:0.123224020004

DEBUG:root:Matched frame over all scan:225

DEBUG:root:Errors over all scan:113

DEBUG:root:Nomatch
DEBUG:root:Under real time Point counter:0.132992982864

DEBUG:root:Matched frame over all scan:225

DEBUG:root:Errors over all scan:107

DEBUG:root:Nomatch
DEBUG:root:Under real time Point counter:0.124639034271

DEBUG:root:Matched frame over all scan:225

DEBUG:root:Errors over all scan:108

DEBUG:root:Nomatch
DEBUG:root:Under real time Point counter:0.133249044418

DEBUG:root:Matched frame over all scan:225

DEBUG:root:Errors over all scan:108

DEBUG:root:Nomatch
DEBUG:root:Under real time Point counter:0.127704143524

DEBUG:root:Matched frame over all scan:225

DEBUG:root:Errors over all scan:111

DEBUG:root:Nomatch
DEBUG:root:Under real time Point counter:0.120252847672

DEBUG:root:Matched frame over all scan:225

DEBUG:root:Errors over all scan:109

DEBUG:root:Nomatch
DEBUG:root:Under real time Point counter:0.118498086929

DEBUG:root:Matched frame over all scan:225

DEBUG:root:Errors over all scan:108

DEBUG:root:Nomatch
DEBUG:root:Under real time Point counter:0.124821901321

DEBUG:root:Matched frame over all scan:225

DEBUG:root:Errors over all scan:114

DEBUG:root:Nomatch
DEBUG:root:Under real time Point counter:0.126647949219

DEBUG:root:Matched frame over all scan:16

DEBUG:root:Errors over all scan:114

DEBUG:root:Nomatch
DEBUG:root:Under real time Point counter:0.116899967194

DEBUG:root:Matched frame over all scan:225

DEBUG:root:Errors over all scan:112

DEBUG:root:Nomatch
DEBUG:root:Under real time Point counter:0.131342887878

DEBUG:root:Matched frame over all scan:93

DEBUG:root:Errors over all scan:109

DEBUG:root:Nomatch
DEBUG:root:Under real time Point counter:0.124294996262

DEBUG:root:Matched frame over all scan:225

DEBUG:root:Errors over all scan:105

DEBUG:root:Nomatch
DEBUG:root:Under real time Point counter:0.116762161255

DEBUG:root:Matched frame over all scan:225

DEBUG:root:Errors over all scan:106

DEBUG:root:Nomatch
DEBUG:root:Under real time Point counter:0.126457214355

DEBUG:root:Matched frame over all scan:225

DEBUG:root:Errors over all scan:99

DEBUG:root:Nomatch
DEBUG:root:Under real time Point counter:0.115149974823

DEBUG:root:Matched frame over all scan:13

DEBUG:root:Errors over all scan:106

DEBUG:root:Nomatch
DEBUG:root:Under real time Point counter:0.134790897369

DEBUG:root:Matched frame over all scan:62

DEBUG:root:Errors over all scan:110

DEBUG:root:Nomatch
DEBUG:root:Under real time Point counter:0.125095844269

DEBUG:root:Matched frame over all scan:178

DEBUG:root:Errors over all scan:115

DEBUG:root:Nomatch
DEBUG:root:Under real time Point counter:0.13695192337

DEBUG:root:Matched frame over all scan:24

DEBUG:root:Errors over all scan:112

DEBUG:root:Nomatch
DEBUG:root:Under real time Point counter:0.136629104614

DEBUG:root:Matched frame over all scan:17

DEBUG:root:Errors over all scan:110

DEBUG:root:Nomatch
DEBUG:root:Under real time Point counter:0.129910945892

DEBUG:root:Matched frame over all scan:101

DEBUG:root:Errors over all scan:114

DEBUG:root:Nomatch
DEBUG:root:Under real time Point counter:0.149838924408

DEBUG:root:Matched frame over all scan:140

DEBUG:root:Errors over all scan:112

DEBUG:root:Nomatch
DEBUG:root:Under real time Point counter:0.127148866653

DEBUG:root:Matched frame over all scan:140

DEBUG:root:Errors over all scan:112

DEBUG:root:Nomatch
DEBUG:root:Under real time Point counter:0.106467962265

DEBUG:root:Matched frame over all scan:225

DEBUG:root:Errors over all scan:112

DEBUG:root:Nomatch
DEBUG:root:Under real time Point counter:0.114223957062

DEBUG:root:Matched frame over all scan:17

DEBUG:root:Errors over all scan:110

DEBUG:root:Nomatch
DEBUG:root:Under real time Point counter:0.123324155807

DEBUG:root:Matched frame over all scan:15

DEBUG:root:Errors over all scan:111

DEBUG:root:Nomatch
DEBUG:root:Under real time Point counter:0.131618976593

DEBUG:root:Matched frame over all scan:225

DEBUG:root:Errors over all scan:109

DEBUG:root:Nomatch
DEBUG:root:Under real time Point counter:0.126874923706

DEBUG:root:Matched frame over all scan:225

DEBUG:root:Errors over all scan:102

DEBUG:root:Nomatch
DEBUG:root:Under real time Point counter:0.137135982513

DEBUG:root:Matched frame over all scan:10

DEBUG:root:Errors over all scan:111

DEBUG:root:Nomatch
DEBUG:root:Under real time Point counter:0.133046150208

DEBUG:root:Matched frame over all scan:19

DEBUG:root:Errors over all scan:110

DEBUG:root:Nomatch
DEBUG:root:Under real time Point counter:0.127022027969

DEBUG:root:Matched frame over all scan:225

DEBUG:root:Errors over all scan:108

DEBUG:root:Nomatch
DEBUG:root:Under real time Point counter:0.12420296669

DEBUG:root:Matched frame over all scan:10

DEBUG:root:Errors over all scan:108

DEBUG:root:Nomatch
DEBUG:root:Under real time Point counter:0.134167194366

DEBUG:root:Matched frame over all scan:199

DEBUG:root:Errors over all scan:111

DEBUG:root:Nomatch
DEBUG:root:Under real time Point counter:0.127317905426

DEBUG:root:Matched frame over all scan:17

DEBUG:root:Errors over all scan:106

DEBUG:root:Nomatch
DEBUG:root:Under real time Point counter:0.123140096664

DEBUG:root:Matched frame over all scan:15

DEBUG:root:Errors over all scan:108

DEBUG:root:Nomatch
DEBUG:root:Under real time Point counter:0.123236179352

DEBUG:root:Matched frame over all scan:199

DEBUG:root:Errors over all scan:106

DEBUG:root:Nomatch
DEBUG:root:Under real time Point counter:0.116996049881

DEBUG:root:Matched frame over all scan:199

DEBUG:root:Errors over all scan:107

DEBUG:root:Nomatch
DEBUG:root:Under real time Point counter:0.103883981705

DEBUG:root:Matched frame over all scan:15

DEBUG:root:Errors over all scan:107

DEBUG:root:Nomatch
DEBUG:root:Under real time Point counter:0.125217914581

DEBUG:root:Matched frame over all scan:17

DEBUG:root:Errors over all scan:108

DEBUG:root:Nomatch
DEBUG:root:Under real time Point counter:0.123082876205

DEBUG:root:Matched frame over all scan:229

DEBUG:root:Errors over all scan:109

DEBUG:root:Nomatch
DEBUG:root:Under real time Point counter:0.116670131683

DEBUG:root:Matched frame over all scan:225

DEBUG:root:Errors over all scan:109

DEBUG:root:Nomatch
DEBUG:root:Under real time Point counter:0.108889102936

DEBUG:root:Matched frame over all scan:199

DEBUG:root:Errors over all scan:109

DEBUG:root:Nomatch
DEBUG:root:Under real time Point counter:0.10399389267

DEBUG:root:Matched frame over all scan:4

DEBUG:root:Errors over all scan:101

DEBUG:root:Nomatch
DEBUG:root:Under real time Point counter:0.143791913986

DEBUG:root:Matched frame over all scan:17

DEBUG:root:Errors over all scan:107

DEBUG:root:Nomatch
DEBUG:root:Under real time Point counter:0.136722803116

DEBUG:root:Matched frame over all scan:19

DEBUG:root:Errors over all scan:110

DEBUG:root:Nomatch
DEBUG:root:Under real time Point counter:0.133430957794

DEBUG:root:Matched frame over all scan:199

DEBUG:root:Errors over all scan:113

DEBUG:root:Nomatch
DEBUG:root:Under real time Point counter:0.135100841522

DEBUG:root:Matched frame over all scan:17

DEBUG:root:Errors over all scan:112

DEBUG:root:Nomatch
DEBUG:root:Under real time Point counter:0.172144889832

DEBUG:root:Matched frame over all scan:24

DEBUG:root:Errors over all scan:114

DEBUG:root:Nomatch
DEBUG:root:Under real time Point counter:0.141305923462

DEBUG:root:Matched frame over all scan:286

DEBUG:root:Errors over all scan:115

DEBUG:root:Nomatch
DEBUG:root:Under real time Point counter:0.129371881485

DEBUG:root:Matched frame over all scan:67

DEBUG:root:Errors over all scan:115

DEBUG:root:Nomatch
DEBUG:root:Under real time Point counter:0.134115934372

DEBUG:root:Matched frame over all scan:318

DEBUG:root:Errors over all scan:114

DEBUG:root:Nomatch
DEBUG:root:Under real time Point counter:0.110717058182

DEBUG:root:Matched frame over all scan:14

DEBUG:root:Errors over all scan:116

DEBUG:root:Nomatch
DEBUG:root:Under real time Point counter:0.145143032074

DEBUG:root:Matched frame over all scan:84

DEBUG:root:Errors over all scan:119

DEBUG:root:Nomatch
DEBUG:root:Under real time Point counter:0.123789787292

DEBUG:root:Matched frame over all scan:200

DEBUG:root:Errors over all scan:117

DEBUG:root:Nomatch
DEBUG:root:Under real time Point counter:0.127586841583

DEBUG:root:Matched frame over all scan:82

DEBUG:root:Errors over all scan:117

DEBUG:root:Nomatch
DEBUG:root:Under real time Point counter:0.12152504921

DEBUG:root:Matched frame over all scan:82

DEBUG:root:Errors over all scan:117

DEBUG:root:Nomatch
DEBUG:root:Under real time Point counter:0.126605987549

DEBUG:root:Matched frame over all scan:82

DEBUG:root:Errors over all scan:119

DEBUG:root:Nomatch
DEBUG:root:Under real time Point counter:0.124274969101

DEBUG:root:Matched frame over all scan:82

DEBUG:root:Errors over all scan:115

DEBUG:root:Nomatch
DEBUG:root:Under real time Point counter:0.105950832367

DEBUG:root:Matched frame over all scan:82

DEBUG:root:Errors over all scan:118

DEBUG:root:Nomatch
DEBUG:root:Under real time Point counter:0.117988109589

DEBUG:root:Matched frame over all scan:25

DEBUG:root:Errors over all scan:116

DEBUG:root:Nomatch
DEBUG:root:Under real time Point counter:0.143445014954

DEBUG:root:Matched frame over all scan:82

DEBUG:root:Errors over all scan:118

DEBUG:root:Nomatch
DEBUG:root:Under real time Point counter:0.116506099701

DEBUG:root:Matched frame over all scan:82

DEBUG:root:Errors over all scan:118

DEBUG:root:Nomatch
DEBUG:root:Under real time Point counter:0.114357948303

DEBUG:root:Matched frame over all scan:82

DEBUG:root:Errors over all scan:119

DEBUG:root:Nomatch
DEBUG:root:Under real time Point counter:0.119194030762

DEBUG:root:Matched frame over all scan:82

DEBUG:root:Errors over all scan:117

DEBUG:root:Nomatch
DEBUG:root:Under real time Point counter:0.12903881073

DEBUG:root:Matched frame over all scan:140

DEBUG:root:Errors over all scan:117

DEBUG:root:Nomatch
DEBUG:root:Under real time Point counter:0.11118221283

DEBUG:root:Matched frame over all scan:82

DEBUG:root:Errors over all scan:114

DEBUG:root:Nomatch
DEBUG:root:Under real time Point counter:0.113858938217

DEBUG:root:Matched frame over all scan:63

DEBUG:root:Errors over all scan:116

DEBUG:root:Nomatch
DEBUG:root:Under real time Point counter:0.121066808701

DEBUG:root:Matched frame over all scan:25

DEBUG:root:Errors over all scan:113

DEBUG:root:Nomatch
DEBUG:root:Under real time Point counter:0.114731788635

DEBUG:root:Matched frame over all scan:140

DEBUG:root:Errors over all scan:109

DEBUG:root:Nomatch
DEBUG:root:Under real time Point counter:0.120850086212

DEBUG:root:Matched frame over all scan:115

DEBUG:root:Errors over all scan:111

DEBUG:root:Nomatch
DEBUG:root:Under real time Point counter:0.121633052826

DEBUG:root:Matched frame over all scan:140

DEBUG:root:Errors over all scan:112

DEBUG:root:Nomatch
DEBUG:root:Under real time Point counter:0.123617887497

DEBUG:root:Matched frame over all scan:25

DEBUG:root:Errors over all scan:109

DEBUG:root:Nomatch
DEBUG:root:Under real time Point counter:0.122844934464

DEBUG:root:Matched frame over all scan:25

DEBUG:root:Errors over all scan:110

DEBUG:root:Nomatch
DEBUG:root:Under real time Point counter:0.115021944046

DEBUG:root:Matched frame over all scan:140

DEBUG:root:Errors over all scan:107

DEBUG:root:Nomatch
DEBUG:root:Under real time Point counter:0.132322072983

DEBUG:root:Matched frame over all scan:115

DEBUG:root:Errors over all scan:114

DEBUG:root:Nomatch
DEBUG:root:Under real time Point counter:0.121937990189

DEBUG:root:Matched frame over all scan:39

DEBUG:root:Errors over all scan:113

DEBUG:root:Nomatch
DEBUG:root:Under real time Point counter:0.129905939102

DEBUG:root:Matched frame over all scan:140

DEBUG:root:Errors over all scan:111

DEBUG:root:Nomatch
DEBUG:root:Under real time Point counter:0.118906974792

DEBUG:root:Matched frame over all scan:25

DEBUG:root:Errors over all scan:115

DEBUG:root:Nomatch
DEBUG:root:Under real time Point counter:0.11390709877

DEBUG:root:Matched frame over all scan:63

DEBUG:root:Errors over all scan:116

DEBUG:root:Nomatch
DEBUG:root:Under real time Point counter:0.119194984436

DEBUG:root:Matched frame over all scan:63

DEBUG:root:Errors over all scan:112

DEBUG:root:Nomatch
DEBUG:root:Under real time Point counter:0.117590904236

DEBUG:root:Matched frame over all scan:140

DEBUG:root:Errors over all scan:106

DEBUG:root:Nomatch
DEBUG:root:Under real time Point counter:0.134679079056

DEBUG:root:Matched frame over all scan:151

DEBUG:root:Errors over all scan:114

DEBUG:root:Nomatch
DEBUG:root:Under real time Point counter:0.138194084167

DEBUG:root:Matched frame over all scan:225

DEBUG:root:Errors over all scan:110

DEBUG:root:Nomatch
DEBUG:root:Under real time Point counter:0.126837015152

DEBUG:root:Matched frame over all scan:151

DEBUG:root:Errors over all scan:110

DEBUG:root:Nomatch
DEBUG:root:Under real time Point counter:0.108765125275

DEBUG:root:Matched frame over all scan:159

DEBUG:root:Errors over all scan:118

DEBUG:root:Nomatch
DEBUG:root:Under real time Point counter:0.13716006279

DEBUG:root:Matched frame over all scan:24

DEBUG:root:Errors over all scan:117

DEBUG:root:Nomatch
DEBUG:root:Under real time Point counter:0.110924005508

DEBUG:root:Matched frame over all scan:155

DEBUG:root:Errors over all scan:119

DEBUG:root:Nomatch
DEBUG:root:Under real time Point counter:0.113919973373

DEBUG:root:Matched frame over all scan:294

DEBUG:root:Errors over all scan:112

DEBUG:root:Nomatch
DEBUG:root:Under real time Point counter:0.123409032822

DEBUG:root:Matched frame over all scan:198

DEBUG:root:Errors over all scan:117

DEBUG:root:Nomatch
DEBUG:root:Under real time Point counter:0.114322185516

DEBUG:root:Matched frame over all scan:225

DEBUG:root:Errors over all scan:115

DEBUG:root:Nomatch
DEBUG:root:Under real time Point counter:0.136250972748

DEBUG:root:Matched frame over all scan:225

DEBUG:root:Errors over all scan:118

DEBUG:root:Nomatch
DEBUG:root:Under real time Point counter:0.11602306366

DEBUG:root:Matched frame over all scan:225

DEBUG:root:Errors over all scan:112

DEBUG:root:Nomatch
DEBUG:root:Under real time Point counter:0.132695913315

DEBUG:root:Matched frame over all scan:225

DEBUG:root:Errors over all scan:111

DEBUG:root:Nomatch
DEBUG:root:Under real time Point counter:0.133005142212

DEBUG:root:Matched frame over all scan:225

DEBUG:root:Errors over all scan:116

DEBUG:root:Nomatch
DEBUG:root:Under real time Point counter:0.113943099976

DEBUG:root:Matched frame over all scan:273

DEBUG:root:Errors over all scan:115

DEBUG:root:Nomatch
DEBUG:root:Under real time Point counter:0.143239974976

DEBUG:root:Matched frame over all scan:175

DEBUG:root:Errors over all scan:117

DEBUG:root:Nomatch
DEBUG:root:Under real time Point counter:0.127824068069

DEBUG:root:Matched frame over all scan:175

DEBUG:root:Errors over all scan:116

DEBUG:root:Nomatch
DEBUG:root:Under real time Point counter:0.126028060913

DEBUG:root:Matched frame over all scan:225

DEBUG:root:Errors over all scan:112

DEBUG:root:Nomatch
DEBUG:root:Under real time Point counter:0.12989616394

DEBUG:root:Matched frame over all scan:267

DEBUG:root:Errors over all scan:119

DEBUG:root:Nomatch
DEBUG:root:Under real time Point counter:0.138333082199

DEBUG:root:Matched frame over all scan:217

DEBUG:root:Errors over all scan:114

DEBUG:root:Nomatch
DEBUG:root:Under real time Point counter:0.149553060532

DEBUG:root:Matched frame over all scan:297

DEBUG:root:Errors over all scan:111

DEBUG:root:Nomatch
DEBUG:root:Under real time Point counter:0.122494935989

DEBUG:root:Matched frame over all scan:273

DEBUG:root:Errors over all scan:112

DEBUG:root:Nomatch
DEBUG:root:Under real time Point counter:0.111868143082

DEBUG:root:Matched frame over all scan:215

DEBUG:root:Errors over all scan:117

DEBUG:root:Nomatch
DEBUG:root:Under real time Point counter:0.121812820435

DEBUG:root:Matched frame over all scan:113

DEBUG:root:Errors over all scan:120

DEBUG:root:Nomatch
DEBUG:root:Under real time Point counter:0.131110906601

DEBUG:root:Matched frame over all scan:199

DEBUG:root:Errors over all scan:112

DEBUG:root:Nomatch
DEBUG:root:Under real time Point counter:0.119229078293

DEBUG:root:Matched frame over all scan:177

DEBUG:root:Errors over all scan:107

DEBUG:root:Nomatch
DEBUG:root:Under real time Point counter:0.128448963165

DEBUG:root:Matched frame over all scan:140

DEBUG:root:Errors over all scan:114

DEBUG:root:Nomatch
DEBUG:root:Under real time Point counter:0.127161979675

DEBUG:root:Matched frame over all scan:159

DEBUG:root:Errors over all scan:112

DEBUG:root:Nomatch
DEBUG:root:Under real time Point counter:0.139808177948

DEBUG:root:Matched frame over all scan:114

DEBUG:root:Errors over all scan:112

DEBUG:root:Nomatch
DEBUG:root:Under real time Point counter:0.11943602562

DEBUG:root:Matched frame over all scan:273

DEBUG:root:Errors over all scan:115

DEBUG:root:Nomatch
DEBUG:root:Under real time Point counter:0.138396978378

DEBUG:root:Matched frame over all scan:393

DEBUG:root:Errors over all scan:110

DEBUG:root:Nomatch
DEBUG:root:Under real time Point counter:0.125303983688

DEBUG:root:Matched frame over all scan:393

DEBUG:root:Errors over all scan:110

DEBUG:root:Nomatch
DEBUG:root:Under real time Point counter:0.12371301651

DEBUG:root:Matched frame over all scan:57

DEBUG:root:Errors over all scan:115

DEBUG:root:Nomatch
DEBUG:root:Under real time Point counter:0.117865085602

DEBUG:root:Matched frame over all scan:253

DEBUG:root:Errors over all scan:108

DEBUG:root:Nomatch
DEBUG:root:Under real time Point counter:0.116449117661

DEBUG:root:Matched frame over all scan:191

DEBUG:root:Errors over all scan:109

DEBUG:root:Nomatch
DEBUG:root:Under real time Point counter:0.127092838287

DEBUG:root:Matched frame over all scan:179

DEBUG:root:Errors over all scan:117

DEBUG:root:Nomatch
DEBUG:root:Under real time Point counter:0.113276958466

DEBUG:root:Matched frame over all scan:205

DEBUG:root:Errors over all scan:114

DEBUG:root:Nomatch
DEBUG:root:Under real time Point counter:0.134288072586

DEBUG:root:Matched frame over all scan:121

DEBUG:root:Errors over all scan:117

DEBUG:root:Nomatch
DEBUG:root:Under real time Point counter:0.111918926239

DEBUG:root:Matched frame over all scan:205

DEBUG:root:Errors over all scan:116

DEBUG:root:Nomatch
DEBUG:root:Under real time Point counter:0.122861862183

DEBUG:root:Matched frame over all scan:209

DEBUG:root:Errors over all scan:112

DEBUG:root:Nomatch
DEBUG:root:Under real time Point counter:0.118340015411

DEBUG:root:Matched frame over all scan:140

DEBUG:root:Errors over all scan:115

DEBUG:root:Nomatch
DEBUG:root:Under real time Point counter:0.124621152878

DEBUG:root:Matched frame over all scan:205

DEBUG:root:Errors over all scan:114

DEBUG:root:Nomatch
DEBUG:root:Under real time Point counter:0.148061037064

DEBUG:root:Matched frame over all scan:179

DEBUG:root:Errors over all scan:117

DEBUG:root:Nomatch
DEBUG:root:Under real time Point counter:0.117218017578

DEBUG:root:Matched frame over all scan:60

DEBUG:root:Errors over all scan:119

DEBUG:root:Nomatch
DEBUG:root:Under real time Point counter:0.14416217804

DEBUG:root:Matched frame over all scan:179

DEBUG:root:Errors over all scan:117

DEBUG:root:Nomatch
DEBUG:root:Under real time Point counter:0.122982025146

DEBUG:root:Matched frame over all scan:121

DEBUG:root:Errors over all scan:115

DEBUG:root:Nomatch
DEBUG:root:Under real time Point counter:0.110228061676

DEBUG:root:Matched frame over all scan:140

DEBUG:root:Errors over all scan:118

DEBUG:root:Nomatch
DEBUG:root:Under real time Point counter:0.127213001251

DEBUG:root:Matched frame over all scan:179

DEBUG:root:Errors over all scan:115

DEBUG:root:Nomatch
DEBUG:root:Under real time Point counter:0.12427687645

DEBUG:root:Matched frame over all scan:179

DEBUG:root:Errors over all scan:114

DEBUG:root:Nomatch
DEBUG:root:Under real time Point counter:0.123679876328

DEBUG:root:Matched frame over all scan:179

DEBUG:root:Errors over all scan:115

DEBUG:root:Nomatch
DEBUG:root:Under real time Point counter:0.127388954163

DEBUG:root:Matched frame over all scan:34

DEBUG:root:Errors over all scan:110

DEBUG:root:Nomatch
DEBUG:root:Under real time Point counter:0.111999988556

DEBUG:root:Matched frame over all scan:60

DEBUG:root:Errors over all scan:117

DEBUG:root:Nomatch
DEBUG:root:Under real time Point counter:0.109019041061

DEBUG:root:Matched frame over all scan:73

DEBUG:root:Errors over all scan:118

DEBUG:root:Nomatch
DEBUG:root:Under real time Point counter:0.11540389061

DEBUG:root:Matched frame over all scan:273

DEBUG:root:Errors over all scan:115

DEBUG:root:Nomatch
DEBUG:root:Under real time Point counter:0.116364002228

DEBUG:root:Matched frame over all scan:273

DEBUG:root:Errors over all scan:110

DEBUG:root:Nomatch
DEBUG:root:Under real time Point counter:0.133105993271

DEBUG:root:Matched frame over all scan:282

DEBUG:root:Errors over all scan:115

DEBUG:root:Nomatch
DEBUG:root:Under real time Point counter:0.11433506012

DEBUG:root:Matched frame over all scan:200

DEBUG:root:Errors over all scan:113

DEBUG:root:Nomatch
DEBUG:root:Under real time Point counter:0.115436077118

DEBUG:root:Matched frame over all scan:200

DEBUG:root:Errors over all scan:113

DEBUG:root:Nomatch
DEBUG:root:Under real time Point counter:0.107084989548

DEBUG:root:Matched frame over all scan:200

DEBUG:root:Errors over all scan:113

DEBUG:root:Nomatch
DEBUG:root:Under real time Point counter:0.108821868896

DEBUG:root:Matched frame over all scan:200

DEBUG:root:Errors over all scan:113

DEBUG:root:Nomatch
DEBUG:root:Under real time Point counter:0.105017185211

DEBUG:root:Matched frame over all scan:200

DEBUG:root:Errors over all scan:113

DEBUG:root:Nomatch
DEBUG:root:Under real time Point counter:0.104966878891

DEBUG:root:Matched frame over all scan:200

DEBUG:root:Errors over all scan:113

DEBUG:root:Nomatch
DEBUG:root:Under real time Point counter:0.104118824005

DEBUG:root:Matched frame over all scan:200

DEBUG:root:Errors over all scan:113

DEBUG:root:Nomatch
DEBUG:root:Under real time Point counter:0.102406024933

DEBUG:root:Matched frame over all scan:200

DEBUG:root:Errors over all scan:113

DEBUG:root:Nomatch
DEBUG:root:Under real time Point counter:0.103905916214

DEBUG:root:Matched frame over all scan:200

DEBUG:root:Errors over all scan:113

DEBUG:root:Nomatch
DEBUG:root:Under real time Point counter:0.107259988785

DEBUG:root:Matched frame over all scan:200

DEBUG:root:Errors over all scan:113

DEBUG:root:Nomatch
DEBUG:root:Under real time Point counter:0.10405421257

DEBUG:root:Matched frame over all scan:200

DEBUG:root:Errors over all scan:113

DEBUG:root:Nomatch
DEBUG:root:Under real time Point counter:0.10556101799

DEBUG:root:Matched frame over all scan:200

DEBUG:root:Errors over all scan:113

DEBUG:root:Nomatch
DEBUG:root:Real time1486834055.36

DEBUG:root:Matched frame over all scan:200

DEBUG:root:Errors over all scan:113

DEBUG:root:Nomatch
DEBUG:root:Under real time Point counter:0.109061956406

DEBUG:root:Matched frame over all scan:200

DEBUG:root:Errors over all scan:113

DEBUG:root:Nomatch
DEBUG:root:Under real time Point counter:0.101923942566

DEBUG:root:Matched frame over all scan:200

DEBUG:root:Errors over all scan:113

DEBUG:root:Nomatch
DEBUG:root:Under real time Point counter:0.10010099411

DEBUG:root:Matched frame over all scan:200

DEBUG:root:Errors over all scan:113

DEBUG:root:Nomatch
DEBUG:root:Under real time Point counter:0.102946043015

DEBUG:root:Matched frame over all scan:200

DEBUG:root:Errors over all scan:113

DEBUG:root:Nomatch
DEBUG:root:Under real time Point counter:0.105242013931

DEBUG:root:Matched frame over all scan:200

DEBUG:root:Errors over all scan:113

DEBUG:root:Nomatch
DEBUG:root:Under real time Point counter:0.101495981216

DEBUG:root:Matched frame over all scan:200

DEBUG:root:Errors over all scan:113

DEBUG:root:Nomatch
DEBUG:root:Under real time Point counter:0.100878000259

DEBUG:root:Matched frame over all scan:200

DEBUG:root:Errors over all scan:113

DEBUG:root:Nomatch
DEBUG:root:Under real time Point counter:0.105079889297

DEBUG:root:Matched frame over all scan:200

DEBUG:root:Errors over all scan:113

DEBUG:root:Nomatch
DEBUG:root:Under real time Point counter:0.101509094238

DEBUG:root:Matched frame over all scan:200

DEBUG:root:Errors over all scan:113

DEBUG:root:Nomatch
DEBUG:root:Under real time Point counter:0.107430934906

DEBUG:root:Matched frame over all scan:200

DEBUG:root:Errors over all scan:113

DEBUG:root:Nomatch
DEBUG:root:Under real time Point counter:0.101363897324

DEBUG:root:Matched frame over all scan:200

DEBUG:root:Errors over all scan:113

DEBUG:root:Nomatch
DEBUG:root:Under real time Point counter:0.101172924042

DEBUG:root:Matched frame over all scan:200

DEBUG:root:Errors over all scan:113

DEBUG:root:Nomatch
DEBUG:root:Under real time Point counter:0.100369930267

DEBUG:root:Matched frame over all scan:200

DEBUG:root:Errors over all scan:113

DEBUG:root:Nomatch
DEBUG:root:Under real time Point counter:0.107506990433

DEBUG:root:Matched frame over all scan:200

DEBUG:root:Errors over all scan:113

DEBUG:root:Nomatch
DEBUG:root:Under real time Point counter:0.101315975189

DEBUG:root:Matched frame over all scan:200

DEBUG:root:Errors over all scan:113

DEBUG:root:Nomatch
DEBUG:root:Under real time Point counter:0.101271152496

DEBUG:root:Matched frame over all scan:200

DEBUG:root:Errors over all scan:113

DEBUG:root:Nomatch
DEBUG:root:Under real time Point counter:0.105268955231

DEBUG:root:Matched frame over all scan:200

DEBUG:root:Errors over all scan:113

DEBUG:root:Nomatch
DEBUG:root:Under real time Point counter:0.105676174164

DEBUG:root:Matched frame over all scan:200

DEBUG:root:Errors over all scan:113

DEBUG:root:Nomatch
DEBUG:root:Under real time Point counter:0.100713014603

DEBUG:root:Matched frame over all scan:200

DEBUG:root:Errors over all scan:113

DEBUG:root:Nomatch
DEBUG:root:Under real time Point counter:0.105041027069

DEBUG:root:Matched frame over all scan:200

DEBUG:root:Errors over all scan:113

DEBUG:root:Nomatch
DEBUG:root:Under real time Point counter:0.104757785797

DEBUG:root:Matched frame over all scan:200

DEBUG:root:Errors over all scan:113

DEBUG:root:Nomatch
DEBUG:root:Under real time Point counter:0.10095000267

DEBUG:root:Matched frame over all scan:200

DEBUG:root:Errors over all scan:113

DEBUG:root:Nomatch
DEBUG:root:Under real time Point counter:0.105806827545

DEBUG:root:Matched frame over all scan:200

DEBUG:root:Errors over all scan:113

DEBUG:root:Nomatch
DEBUG:root:Under real time Point counter:0.105460166931

DEBUG:root:Matched frame over all scan:200

DEBUG:root:Errors over all scan:113

DEBUG:root:Nomatch
DEBUG:root:Under real time Point counter:0.100649118423

DEBUG:root:Matched frame over all scan:200

DEBUG:root:Errors over all scan:113

DEBUG:root:Nomatch
DEBUG:root:Under real time Point counter:0.105719804764

DEBUG:root:Matched frame over all scan:200

DEBUG:root:Errors over all scan:113

DEBUG:root:Nomatch
DEBUG:root:Under real time Point counter:0.102063179016

DEBUG:root:Matched frame over all scan:200

DEBUG:root:Errors over all scan:113

DEBUG:root:Nomatch
DEBUG:root:Under real time Point counter:0.104676008224

DEBUG:root:Matched frame over all scan:200

DEBUG:root:Errors over all scan:113

DEBUG:root:Nomatch
DEBUG:root:Under real time Point counter:0.106630086899

DEBUG:root:Matched frame over all scan:200

DEBUG:root:Errors over all scan:113

DEBUG:root:Nomatch
DEBUG:root:Under real time Point counter:0.101949930191

DEBUG:root:Matched frame over all scan:200

DEBUG:root:Errors over all scan:113

DEBUG:root:Nomatch
DEBUG:root:Under real time Point counter:0.103363037109

DEBUG:root:Matched frame over all scan:200

DEBUG:root:Errors over all scan:113

DEBUG:root:Nomatch
DEBUG:root:Under real time Point counter:0.106117963791

DEBUG:root:Matched frame over all scan:200

DEBUG:root:Errors over all scan:113

DEBUG:root:Nomatch
DEBUG:root:Under real time Point counter:0.102962970734

DEBUG:root:Matched frame over all scan:200

DEBUG:root:Errors over all scan:113

DEBUG:root:Nomatch
DEBUG:root:Under real time Point counter:0.105643033981

DEBUG:root:Matched frame over all scan:200

DEBUG:root:Errors over all scan:113

DEBUG:root:Nomatch
DEBUG:root:Under real time Point counter:2.71797180176e-05

DEBUG:root:Matched frame over all scan:233

DEBUG:root:Errors over all scan:111

DEBUG:root:Nomatch
DEBUG:root:Under real time Point counter:0.114865064621

DEBUG:root:Matched frame over all scan:233

DEBUG:root:Errors over all scan:115

DEBUG:root:Nomatch
DEBUG:root:Under real time Point counter:0.135257959366

DEBUG:root:Matched frame over all scan:117

DEBUG:root:Errors over all scan:100

DEBUG:root:Nomatch
DEBUG:root:Under real time Point counter:0.124337911606

DEBUG:root:Matched frame over all scan:48

DEBUG:root:Errors over all scan:112

DEBUG:root:Nomatch
DEBUG:root:Under real time Point counter:0.123953819275

DEBUG:root:Matched frame over all scan:229

DEBUG:root:Errors over all scan:115

DEBUG:root:Nomatch
DEBUG:root:Under real time Point counter:0.111983060837

DEBUG:root:Matched frame over all scan:117

DEBUG:root:Errors over all scan:100

DEBUG:root:Nomatch
DEBUG:root:Under real time Point counter:0.135601997375

DEBUG:root:Matched frame over all scan:117

DEBUG:root:Errors over all scan:100

DEBUG:root:Nomatch
DEBUG:root:Under real time Point counter:0.12665104866

DEBUG:root:Matched frame over all scan:175

DEBUG:root:Errors over all scan:114

DEBUG:root:Nomatch
DEBUG:root:Under real time Point counter:0.110996961594

DEBUG:root:Matched frame over all scan:117

DEBUG:root:Errors over all scan:100

DEBUG:root:Nomatch
DEBUG:root:Under real time Point counter:0.12397313118

DEBUG:root:Matched frame over all scan:117

DEBUG:root:Errors over all scan:100

DEBUG:root:Nomatch
DEBUG:root:Under real time Point counter:0.124031066895

DEBUG:root:Matched frame over all scan:117

DEBUG:root:Errors over all scan:100

DEBUG:root:Nomatch
DEBUG:root:Under real time Point counter:0.124118089676

DEBUG:root:Matched frame over all scan:117

DEBUG:root:Errors over all scan:100

DEBUG:root:Nomatch
DEBUG:root:Under real time Point counter:0.163547992706

DEBUG:root:Matched frame over all scan:117

DEBUG:root:Errors over all scan:100

DEBUG:root:Nomatch
DEBUG:root:Under real time Point counter:0.107694864273

DEBUG:root:Matched frame over all scan:120

DEBUG:root:Errors over all scan:109

DEBUG:root:Nomatch
DEBUG:root:Under real time Point counter:0.12513589859

DEBUG:root:Matched frame over all scan:149

DEBUG:root:Errors over all scan:115

DEBUG:root:Nomatch
DEBUG:root:Under real time Point counter:0.10801410675

DEBUG:root:Matched frame over all scan:312

DEBUG:root:Errors over all scan:116

DEBUG:root:Nomatch
DEBUG:root:Under real time Point counter:0.130297899246

DEBUG:root:Matched frame over all scan:70

DEBUG:root:Errors over all scan:114

DEBUG:root:Nomatch
DEBUG:root:Under real time Point counter:0.146517038345

DEBUG:root:Matched frame over all scan:299

DEBUG:root:Errors over all scan:111

DEBUG:root:Nomatch
DEBUG:root:Under real time Point counter:0.108746051788

DEBUG:root:Matched frame over all scan:209

DEBUG:root:Errors over all scan:106

DEBUG:root:Nomatch
DEBUG:root:Under real time Point counter:0.133870840073

DEBUG:root:Matched frame over all scan:197

DEBUG:root:Errors over all scan:111

DEBUG:root:Nomatch
DEBUG:root:Under real time Point counter:0.113229990005

DEBUG:root:Matched frame over all scan:93

DEBUG:root:Errors over all scan:112

DEBUG:root:Nomatch
DEBUG:root:Under real time Point counter:0.116639137268

DEBUG:root:Matched frame over all scan:225

DEBUG:root:Errors over all scan:117

DEBUG:root:Nomatch
DEBUG:root:Under real time Point counter:0.123487949371

DEBUG:root:Matched frame over all scan:140

DEBUG:root:Errors over all scan:105

DEBUG:root:Nomatch
DEBUG:root:Under real time Point counter:0.119667053223

DEBUG:root:Matched frame over all scan:140

DEBUG:root:Errors over all scan:108

DEBUG:root:Nomatch
DEBUG:root:Under real time Point counter:0.118935108185

DEBUG:root:Matched frame over all scan:24

DEBUG:root:Errors over all scan:112

DEBUG:root:Nomatch
DEBUG:root:Under real time Point counter:0.133157968521

DEBUG:root:Matched frame over all scan:159

DEBUG:root:Errors over all scan:111

DEBUG:root:Nomatch
DEBUG:root:Under real time Point counter:0.122241020203

DEBUG:root:Matched frame over all scan:104

DEBUG:root:Errors over all scan:112

DEBUG:root:Nomatch
DEBUG:root:Under real time Point counter:0.120685100555

DEBUG:root:Matched frame over all scan:68

DEBUG:root:Errors over all scan:115

DEBUG:root:Nomatch
DEBUG:root:Under real time Point counter:0.122878074646

DEBUG:root:Matched frame over all scan:77

DEBUG:root:Errors over all scan:113

DEBUG:root:Nomatch
DEBUG:root:Under real time Point counter:0.11886382103

DEBUG:root:Matched frame over all scan:225

DEBUG:root:Errors over all scan:113

DEBUG:root:Nomatch
DEBUG:root:Under real time Point counter:0.122010946274

DEBUG:root:Matched frame over all scan:95

DEBUG:root:Errors over all scan:110

DEBUG:root:Nomatch
DEBUG:root:Under real time Point counter:0.131379127502

DEBUG:root:Matched frame over all scan:95

DEBUG:root:Errors over all scan:114

DEBUG:root:Nomatch
DEBUG:root:Under real time Point counter:0.121474981308

DEBUG:root:Matched frame over all scan:225

DEBUG:root:Errors over all scan:111

DEBUG:root:Nomatch
DEBUG:root:Under real time Point counter:0.115863084793

DEBUG:root:Matched frame over all scan:225

DEBUG:root:Errors over all scan:114

DEBUG:root:Nomatch
DEBUG:root:Under real time Point counter:0.128915786743

DEBUG:root:Matched frame over all scan:95

DEBUG:root:Errors over all scan:111

DEBUG:root:Nomatch
DEBUG:root:Under real time Point counter:0.12232708931

DEBUG:root:Matched frame over all scan:95

DEBUG:root:Errors over all scan:109

DEBUG:root:Nomatch
DEBUG:root:Under real time Point counter:0.124814987183

DEBUG:root:Matched frame over all scan:225

DEBUG:root:Errors over all scan:114

DEBUG:root:Nomatch
DEBUG:root:Under real time Point counter:0.149573087692

DEBUG:root:Matched frame over all scan:77

DEBUG:root:Errors over all scan:112

DEBUG:root:Nomatch
DEBUG:root:Under real time Point counter:0.145656108856

DEBUG:root:Matched frame over all scan:327

DEBUG:root:Errors over all scan:108

DEBUG:root:Nomatch
DEBUG:root:Under real time Point counter:0.137428998947

DEBUG:root:Matched frame over all scan:327

DEBUG:root:Errors over all scan:113

DEBUG:root:Nomatch
DEBUG:root:Under real time Point counter:0.115188121796

DEBUG:root:Matched frame over all scan:389

DEBUG:root:Errors over all scan:113

DEBUG:root:Nomatch
DEBUG:root:Under real time Point counter:0.113698959351

DEBUG:root:Matched frame over all scan:64

DEBUG:root:Errors over all scan:118

DEBUG:root:Nomatch
DEBUG:root:Under real time Point counter:0.122208118439

DEBUG:root:Matched frame over all scan:136

DEBUG:root:Errors over all scan:116

DEBUG:root:Nomatch
DEBUG:root:Under real time Point counter:0.109127044678

DEBUG:root:Matched frame over all scan:128

DEBUG:root:Errors over all scan:112

DEBUG:root:Nomatch
DEBUG:root:Under real time Point counter:0.130355834961

DEBUG:root:Matched frame over all scan:117

DEBUG:root:Errors over all scan:108

DEBUG:root:Nomatch
DEBUG:root:Under real time Point counter:0.141430854797

DEBUG:root:Matched frame over all scan:140

DEBUG:root:Errors over all scan:118

DEBUG:root:Nomatch
DEBUG:root:Under real time Point counter:0.155843019485

DEBUG:root:Matched frame over all scan:140

DEBUG:root:Errors over all scan:111

DEBUG:root:Nomatch
DEBUG:root:Under real time Point counter:0.123548030853

DEBUG:root:Matched frame over all scan:140

DEBUG:root:Errors over all scan:112

DEBUG:root:Nomatch
DEBUG:root:Under real time Point counter:0.127912998199

DEBUG:root:Matched frame over all scan:209

DEBUG:root:Errors over all scan:111

DEBUG:root:Nomatch
DEBUG:root:Under real time Point counter:0.120265007019

DEBUG:root:Matched frame over all scan:121

DEBUG:root:Errors over all scan:117

DEBUG:root:Nomatch
DEBUG:root:Under real time Point counter:0.117383956909

DEBUG:root:Matched frame over all scan:140

DEBUG:root:Errors over all scan:117

DEBUG:root:Nomatch
DEBUG:root:Under real time Point counter:0.126213788986

DEBUG:root:Matched frame over all scan:89

DEBUG:root:Errors over all scan:112

DEBUG:root:Nomatch
DEBUG:root:Under real time Point counter:0.120358943939

DEBUG:root:Matched frame over all scan:5

DEBUG:root:Errors over all scan:108

DEBUG:root:Nomatch
DEBUG:root:Under real time Point counter:0.111654043198

DEBUG:root:Matched frame over all scan:382

DEBUG:root:Errors over all scan:113

DEBUG:root:Nomatch
DEBUG:root:Under real time Point counter:0.117023944855

DEBUG:root:Matched frame over all scan:199

DEBUG:root:Errors over all scan:111

DEBUG:root:Nomatch
DEBUG:root:Under real time Point counter:0.11699795723

DEBUG:root:Matched frame over all scan:199

DEBUG:root:Errors over all scan:109

DEBUG:root:Nomatch
DEBUG:root:Under real time Point counter:0.11264705658

DEBUG:root:Matched frame over all scan:163

DEBUG:root:Errors over all scan:113

DEBUG:root:Nomatch
DEBUG:root:Under real time Point counter:0.122424840927

DEBUG:root:Matched frame over all scan:17

DEBUG:root:Errors over all scan:110

DEBUG:root:Nomatch
DEBUG:root:Under real time Point counter:0.109685897827

DEBUG:root:Matched frame over all scan:238

DEBUG:root:Errors over all scan:107

DEBUG:root:Nomatch
DEBUG:root:Under real time Point counter:0.132658004761

DEBUG:root:Matched frame over all scan:5

DEBUG:root:Errors over all scan:114

DEBUG:root:Nomatch
DEBUG:root:Under real time Point counter:0.105164051056

DEBUG:root:Matched frame over all scan:117

DEBUG:root:Errors over all scan:100

DEBUG:root:Nomatch
DEBUG:root:Under real time Point counter:0.118391990662

DEBUG:root:Matched frame over all scan:199

DEBUG:root:Errors over all scan:116

DEBUG:root:Nomatch
DEBUG:root:Under real time Point counter:0.128497123718

DEBUG:root:Matched frame over all scan:117

DEBUG:root:Errors over all scan:100

DEBUG:root:Nomatch
DEBUG:root:Too small detection probably wrong
DEBUG:root:Under real time Point counter:0.109706878662

DEBUG:root:Matched frame over all scan:117

DEBUG:root:Errors over all scan:101

DEBUG:root:Nomatch
DEBUG:root:Under real time Point counter:0.121512174606

DEBUG:root:Matched frame over all scan:117

DEBUG:root:Errors over all scan:100

DEBUG:root:Nomatch
DEBUG:root:Too small detection probably wrong
DEBUG:root:Under real time Point counter:0.103229045868

DEBUG:root:Matched frame over all scan:117

DEBUG:root:Errors over all scan:101

DEBUG:root:Nomatch
DEBUG:root:Too small detection probably wrong
DEBUG:root:Under real time Point counter:0.118322849274

DEBUG:root:Too small detection probably wrong
DEBUG:root:Matched frame over all scan:117

DEBUG:root:Errors over all scan:100

DEBUG:root:Nomatch
DEBUG:root:Too small detection probably wrong
DEBUG:root:Under real time Point counter:0.115428209305

DEBUG:root:Matched frame over all scan:117

DEBUG:root:Errors over all scan:100

DEBUG:root:Nomatch
DEBUG:root:Too small detection probably wrong
DEBUG:root:Too small detection probably wrong
DEBUG:root:Under real time Point counter:0.115427017212

DEBUG:root:Matched frame over all scan:117

DEBUG:root:Errors over all scan:100

DEBUG:root:Nomatch
DEBUG:root:Too small detection probably wrong
DEBUG:root:Under real time Point counter:0.118928909302

DEBUG:root:Matched frame over all scan:106

DEBUG:root:Errors over all scan:117

DEBUG:root:Nomatch
DEBUG:root:Too small detection probably wrong
DEBUG:root:Under real time Point counter:0.136913061142

DEBUG:root:Matched frame over all scan:136

DEBUG:root:Errors over all scan:116

DEBUG:root:Nomatch
DEBUG:root:Too small detection probably wrong
DEBUG:root:Under real time Point counter:0.105340957642

DEBUG:root:Matched frame over all scan:136

DEBUG:root:Errors over all scan:116

DEBUG:root:Nomatch
DEBUG:root:Under real time Point counter:0.110962152481

DEBUG:root:Matched frame over all scan:339

DEBUG:root:Errors over all scan:110

DEBUG:root:Nomatch
DEBUG:root:Under real time Point counter:0.138539075851

DEBUG:root:Matched frame over all scan:345

DEBUG:root:Errors over all scan:113

DEBUG:root:Nomatch
DEBUG:root:Too small detection probably wrong
DEBUG:root:Under real time Point counter:0.129914999008

DEBUG:root:Matched frame over all scan:345

DEBUG:root:Errors over all scan:114

DEBUG:root:Nomatch
DEBUG:root:Too small detection probably wrong
DEBUG:root:Under real time Point counter:0.117073059082

DEBUG:root:Matched frame over all scan:345

DEBUG:root:Errors over all scan:111

DEBUG:root:Nomatch
DEBUG:root:Too small detection probably wrong
DEBUG:root:Too small detection probably wrong
DEBUG:root:Under real time Point counter:0.112868070602

DEBUG:root:Matched frame over all scan:345

DEBUG:root:Errors over all scan:113

DEBUG:root:Nomatch
DEBUG:root:Too small detection probably wrong
DEBUG:root:Under real time Point counter:0.110581874847

DEBUG:root:Matched frame over all scan:345

DEBUG:root:Errors over all scan:113

DEBUG:root:Nomatch
DEBUG:root:Too small detection probably wrong
DEBUG:root:Under real time Point counter:0.110785007477

DEBUG:root:Matched frame over all scan:345

DEBUG:root:Errors over all scan:113

DEBUG:root:Nomatch
DEBUG:root:Under real time Point counter:0.11406493187

DEBUG:root:Matched frame over all scan:345

DEBUG:root:Errors over all scan:113

DEBUG:root:Nomatch
DEBUG:root:Under real time Point counter:0.122433900833

DEBUG:root:Matched frame over all scan:236

DEBUG:root:Errors over all scan:101

DEBUG:root:Nomatch
DEBUG:root:Under real time Point counter:0.124021053314

DEBUG:root:Matched frame over all scan:161

DEBUG:root:Errors over all scan:118

DEBUG:root:Nomatch
DEBUG:root:Under real time Point counter:0.122101068497

DEBUG:root:Matched frame over all scan:117

DEBUG:root:Errors over all scan:100

DEBUG:root:Nomatch
DEBUG:root:Under real time Point counter:0.126545190811

DEBUG:root:Matched frame over all scan:117

DEBUG:root:Errors over all scan:100

DEBUG:root:Nomatch
DEBUG:root:Under real time Point counter:0.129286050797

DEBUG:root:Matched frame over all scan:253

DEBUG:root:Errors over all scan:119

DEBUG:root:Nomatch
DEBUG:root:Under real time Point counter:0.107995033264

DEBUG:root:Matched frame over all scan:140

DEBUG:root:Errors over all scan:115

DEBUG:root:Nomatch
DEBUG:root:Under real time Point counter:0.117333173752

DEBUG:root:Matched frame over all scan:93

DEBUG:root:Errors over all scan:110

DEBUG:root:Nomatch
DEBUG:root:Under real time Point counter:0.118339061737

DEBUG:root:Matched frame over all scan:275

DEBUG:root:Errors over all scan:111

DEBUG:root:Nomatch
DEBUG:root:Under real time Point counter:0.128574132919

DEBUG:root:Matched frame over all scan:93

DEBUG:root:Errors over all scan:104

DEBUG:root:Nomatch
DEBUG:root:Under real time Point counter:0.122841119766

DEBUG:root:Matched frame over all scan:101

DEBUG:root:Errors over all scan:114

DEBUG:root:Nomatch
DEBUG:root:Under real time Point counter:0.139503955841

DEBUG:root:Matched frame over all scan:117

DEBUG:root:Errors over all scan:105

DEBUG:root:Nomatch
DEBUG:root:Under real time Point counter:0.11430311203

DEBUG:root:Matched frame over all scan:3

DEBUG:root:Errors over all scan:109

DEBUG:root:Nomatch
DEBUG:root:Under real time Point counter:0.122528076172

DEBUG:root:Matched frame over all scan:284

DEBUG:root:Errors over all scan:111

DEBUG:root:Nomatch
DEBUG:root:Under real time Point counter:0.111507177353

DEBUG:root:Matched frame over all scan:275

DEBUG:root:Errors over all scan:113

DEBUG:root:Nomatch
DEBUG:root:Under real time Point counter:0.114995956421

DEBUG:root:Matched frame over all scan:221

DEBUG:root:Errors over all scan:113

DEBUG:root:Nomatch
DEBUG:root:Under real time Point counter:0.122250080109

DEBUG:root:Matched frame over all scan:221

DEBUG:root:Errors over all scan:115

DEBUG:root:Nomatch
DEBUG:root:Under real time Point counter:0.12334394455

DEBUG:root:Matched frame over all scan:298

DEBUG:root:Errors over all scan:115

DEBUG:root:Nomatch
DEBUG:root:Under real time Point counter:0.114497900009

DEBUG:root:Matched frame over all scan:4

DEBUG:root:Errors over all scan:119

DEBUG:root:Nomatch
DEBUG:root:Under real time Point counter:0.127310037613

DEBUG:root:Matched frame over all scan:188

DEBUG:root:Errors over all scan:115

DEBUG:root:Nomatch
DEBUG:root:Under real time Point counter:0.120975971222

DEBUG:root:Matched frame over all scan:52

DEBUG:root:Errors over all scan:117

DEBUG:root:Nomatch
DEBUG:root:Under real time Point counter:0.113428115845

DEBUG:root:Matched frame over all scan:188

DEBUG:root:Errors over all scan:118

DEBUG:root:Nomatch
DEBUG:root:Under real time Point counter:0.108625173569

DEBUG:root:Matched frame over all scan:121

DEBUG:root:Errors over all scan:118

DEBUG:root:Nomatch
DEBUG:root:Under real time Point counter:0.119715929031

DEBUG:root:Matched frame over all scan:209

DEBUG:root:Errors over all scan:117

DEBUG:root:Nomatch
DEBUG:root:Under real time Point counter:0.120764017105

DEBUG:root:Matched frame over all scan:193

DEBUG:root:Errors over all scan:113

DEBUG:root:Nomatch
DEBUG:root:Under real time Point counter:0.115631103516

DEBUG:root:Matched frame over all scan:121

DEBUG:root:Errors over all scan:113

DEBUG:root:Nomatch
DEBUG:root:Under real time Point counter:0.116662979126

DEBUG:root:Matched frame over all scan:121

DEBUG:root:Errors over all scan:114

DEBUG:root:Nomatch
DEBUG:root:Under real time Point counter:0.115232944489

DEBUG:root:Matched frame over all scan:4

DEBUG:root:Errors over all scan:110

DEBUG:root:Nomatch
DEBUG:root:Under real time Point counter:0.114368915558

DEBUG:root:Matched frame over all scan:12

DEBUG:root:Errors over all scan:111

DEBUG:root:Nomatch
DEBUG:root:Under real time Point counter:0.11737203598

DEBUG:root:Matched frame over all scan:320

DEBUG:root:Errors over all scan:121

DEBUG:root:Nomatch
DEBUG:root:Under real time Point counter:0.109404087067

DEBUG:root:Matched frame over all scan:34

DEBUG:root:Errors over all scan:117

DEBUG:root:Nomatch
DEBUG:root:Under real time Point counter:0.119199037552

DEBUG:root:Matched frame over all scan:171

DEBUG:root:Errors over all scan:117

DEBUG:root:Nomatch
DEBUG:root:Under real time Point counter:0.116739988327

DEBUG:root:Matched frame over all scan:183

DEBUG:root:Errors over all scan:112

DEBUG:root:Nomatch
DEBUG:root:Under real time Point counter:0.114250898361

DEBUG:root:Matched frame over all scan:230

DEBUG:root:Errors over all scan:111

DEBUG:root:Nomatch
DEBUG:root:Under real time Point counter:0.113107919693

DEBUG:root:Matched frame over all scan:28

DEBUG:root:Errors over all scan:117

DEBUG:root:Nomatch
DEBUG:root:Under real time Point counter:0.115317106247

DEBUG:root:Matched frame over all scan:17

DEBUG:root:Errors over all scan:116

DEBUG:root:Nomatch
DEBUG:root:Under real time Point counter:0.113050937653

DEBUG:root:Matched frame over all scan:17

DEBUG:root:Errors over all scan:111

DEBUG:root:Nomatch
DEBUG:root:Under real time Point counter:0.12076997757

DEBUG:root:Matched frame over all scan:17

DEBUG:root:Errors over all scan:113

DEBUG:root:Nomatch
DEBUG:root:Under real time Point counter:0.12034702301

DEBUG:root:Matched frame over all scan:62

DEBUG:root:Errors over all scan:115

DEBUG:root:Nomatch
DEBUG:root:Under real time Point counter:0.105120897293

DEBUG:root:Matched frame over all scan:68

DEBUG:root:Errors over all scan:114

DEBUG:root:Nomatch
DEBUG:root:Under real time Point counter:0.119415044785

DEBUG:root:Matched frame over all scan:148

DEBUG:root:Errors over all scan:116

DEBUG:root:Nomatch
DEBUG:root:Under real time Point counter:0.117130041122

DEBUG:root:Matched frame over all scan:97

DEBUG:root:Errors over all scan:118

DEBUG:root:Nomatch
DEBUG:root:Under real time Point counter:0.102939128876

DEBUG:root:Matched frame over all scan:24

DEBUG:root:Errors over all scan:113

DEBUG:root:Nomatch
DEBUG:root:Under real time Point counter:0.133191108704

DEBUG:root:Matched frame over all scan:24

DEBUG:root:Errors over all scan:107

DEBUG:root:Nomatch
DEBUG:root:Under real time Point counter:0.115255832672

DEBUG:root:Matched frame over all scan:179

DEBUG:root:Errors over all scan:111

DEBUG:root:Nomatch
DEBUG:root:Under real time Point counter:0.1208589077

DEBUG:root:Matched frame over all scan:24

DEBUG:root:Errors over all scan:110

DEBUG:root:Nomatch
DEBUG:root:Under real time Point counter:0.119115114212

DEBUG:root:Matched frame over all scan:19

DEBUG:root:Errors over all scan:114

DEBUG:root:Nomatch
DEBUG:root:Under real time Point counter:0.109014987946

DEBUG:root:Matched frame over all scan:13

DEBUG:root:Errors over all scan:117

DEBUG:root:Nomatch
DEBUG:root:Under real time Point counter:0.116639137268

DEBUG:root:Matched frame over all scan:19

DEBUG:root:Errors over all scan:112

DEBUG:root:Nomatch
DEBUG:root:Under real time Point counter:0.117295980453

DEBUG:root:Matched frame over all scan:225

DEBUG:root:Errors over all scan:115

DEBUG:root:Nomatch
DEBUG:root:Under real time Point counter:0.112669229507

DEBUG:root:Matched frame over all scan:189

DEBUG:root:Errors over all scan:110

DEBUG:root:Nomatch
DEBUG:root:Under real time Point counter:0.122453927994

DEBUG:root:Matched frame over all scan:140

DEBUG:root:Errors over all scan:111

DEBUG:root:Nomatch
DEBUG:root:Under real time Point counter:0.109376907349

DEBUG:root:Matched frame over all scan:236

DEBUG:root:Errors over all scan:116

DEBUG:root:Nomatch
DEBUG:root:Under real time Point counter:0.11928319931

DEBUG:root:Matched frame over all scan:250

DEBUG:root:Errors over all scan:119

DEBUG:root:Nomatch
DEBUG:root:Under real time Point counter:0.101364135742

DEBUG:root:Matched frame over all scan:159

DEBUG:root:Errors over all scan:109

DEBUG:root:Nomatch
DEBUG:root:Under real time Point counter:0.115073919296

DEBUG:root:Matched frame over all scan:159

DEBUG:root:Errors over all scan:106

DEBUG:root:Nomatch
DEBUG:root:Under real time Point counter:0.118837118149

DEBUG:root:Matched frame over all scan:339

DEBUG:root:Errors over all scan:110

DEBUG:root:Nomatch
DEBUG:root:Under real time Point counter:0.113437891006

DEBUG:root:Matched frame over all scan:54

DEBUG:root:Errors over all scan:115

DEBUG:root:Nomatch
DEBUG:root:Under real time Point counter:0.115947961807

DEBUG:root:Matched frame over all scan:41

DEBUG:root:Errors over all scan:117

DEBUG:root:Nomatch
DEBUG:root:Under real time Point counter:0.111931800842

DEBUG:root:Matched frame over all scan:34

DEBUG:root:Errors over all scan:116

DEBUG:root:Nomatch
DEBUG:root:Under real time Point counter:0.12135887146

DEBUG:root:Matched frame over all scan:34

DEBUG:root:Errors over all scan:117

DEBUG:root:Nomatch
DEBUG:root:Under real time Point counter:0.110805034637

DEBUG:root:Matched frame over all scan:93

DEBUG:root:Errors over all scan:109

DEBUG:root:Nomatch
DEBUG:root:Under real time Point counter:0.120053052902

DEBUG:root:Matched frame over all scan:189

DEBUG:root:Errors over all scan:109

DEBUG:root:Nomatch
DEBUG:root:Under real time Point counter:0.116899967194

DEBUG:root:Matched frame over all scan:189

DEBUG:root:Errors over all scan:111

DEBUG:root:Nomatch
DEBUG:root:Under real time Point counter:0.119811058044

DEBUG:root:Matched frame over all scan:147

DEBUG:root:Errors over all scan:112

DEBUG:root:Nomatch
DEBUG:root:Under real time Point counter:0.113599777222

DEBUG:root:Matched frame over all scan:8

DEBUG:root:Errors over all scan:110

DEBUG:root:Nomatch
DEBUG:root:Under real time Point counter:0.116833925247

DEBUG:root:Matched frame over all scan:209

DEBUG:root:Errors over all scan:117

DEBUG:root:Nomatch
DEBUG:root:Under real time Point counter:0.11726808548

DEBUG:root:Matched frame over all scan:318

DEBUG:root:Errors over all scan:113

DEBUG:root:Nomatch
DEBUG:root:Under real time Point counter:0.111008167267

DEBUG:root:Matched frame over all scan:179

DEBUG:root:Errors over all scan:111

DEBUG:root:Nomatch
DEBUG:root:Under real time Point counter:0.115592956543

DEBUG:root:Matched frame over all scan:179

DEBUG:root:Errors over all scan:116

DEBUG:root:Nomatch
DEBUG:root:Under real time Point counter:0.112503051758

DEBUG:root:Matched frame over all scan:189

DEBUG:root:Errors over all scan:113

DEBUG:root:Nomatch
DEBUG:root:Under real time Point counter:0.110603094101

DEBUG:root:Matched frame over all scan:225

DEBUG:root:Errors over all scan:115

DEBUG:root:Nomatch
DEBUG:root:Under real time Point counter:0.134382963181

DEBUG:root:Matched frame over all scan:179

DEBUG:root:Errors over all scan:115

DEBUG:root:Nomatch
DEBUG:root:Real time1486834191.91

DEBUG:root:Matched frame over all scan:189

DEBUG:root:Errors over all scan:115

DEBUG:root:Nomatch
DEBUG:root:Under real time Point counter:0.124109983444

DEBUG:root:Matched frame over all scan:93

DEBUG:root:Errors over all scan:115

DEBUG:root:Nomatch
DEBUG:root:Under real time Point counter:0.113185882568

DEBUG:root:Matched frame over all scan:209

DEBUG:root:Errors over all scan:116

DEBUG:root:Nomatch
DEBUG:root:Under real time Point counter:0.116223096848

DEBUG:root:Matched frame over all scan:219

DEBUG:root:Errors over all scan:114

DEBUG:root:Nomatch
DEBUG:root:Under real time Point counter:0.102746009827

DEBUG:root:Matched frame over all scan:209

DEBUG:root:Errors over all scan:114

DEBUG:root:Nomatch
DEBUG:root:Under real time Point counter:0.124889850616

DEBUG:root:Matched frame over all scan:158

DEBUG:root:Errors over all scan:119

DEBUG:root:Nomatch
DEBUG:root:Under real time Point counter:0.110278129578

DEBUG:root:Matched frame over all scan:41

DEBUG:root:Errors over all scan:117

DEBUG:root:Nomatch
DEBUG:root:Under real time Point counter:0.120901107788

DEBUG:root:Matched frame over all scan:54

DEBUG:root:Errors over all scan:114

DEBUG:root:Nomatch
DEBUG:root:Under real time Point counter:0.103935956955

DEBUG:root:Matched frame over all scan:161

DEBUG:root:Errors over all scan:116

DEBUG:root:Nomatch
DEBUG:root:Under real time Point counter:0.118791103363

DEBUG:root:Matched frame over all scan:158

DEBUG:root:Errors over all scan:111

DEBUG:root:Nomatch
DEBUG:root:Under real time Point counter:0.121579885483

DEBUG:root:Matched frame over all scan:230

DEBUG:root:Errors over all scan:118

DEBUG:root:Nomatch
DEBUG:root:Under real time Point counter:0.130164861679

DEBUG:root:Matched frame over all scan:209

DEBUG:root:Errors over all scan:117

DEBUG:root:Nomatch
DEBUG:root:Under real time Point counter:0.109003067017

DEBUG:root:Matched frame over all scan:209

DEBUG:root:Errors over all scan:109

DEBUG:root:Nomatch
DEBUG:root:Under real time Point counter:0.131546020508

DEBUG:root:Matched frame over all scan:209

DEBUG:root:Errors over all scan:115

DEBUG:root:Nomatch
DEBUG:root:Under real time Point counter:0.103794813156

DEBUG:root:Matched frame over all scan:41

DEBUG:root:Errors over all scan:115

DEBUG:root:Nomatch
DEBUG:root:Under real time Point counter:0.1097240448

DEBUG:root:Matched frame over all scan:209

DEBUG:root:Errors over all scan:113

DEBUG:root:Nomatch
DEBUG:root:Under real time Point counter:0.111194849014

DEBUG:root:Matched frame over all scan:68

DEBUG:root:Errors over all scan:112

DEBUG:root:Nomatch
DEBUG:root:Under real time Point counter:0.111202955246

DEBUG:root:Matched frame over all scan:393

DEBUG:root:Errors over all scan:113

DEBUG:root:Nomatch
DEBUG:root:Under real time Point counter:0.115501880646

DEBUG:root:Matched frame over all scan:259

DEBUG:root:Errors over all scan:111

DEBUG:root:Nomatch
DEBUG:root:Under real time Point counter:0.114481925964

DEBUG:root:Matched frame over all scan:75

DEBUG:root:Errors over all scan:117

DEBUG:root:Nomatch
DEBUG:root:Under real time Point counter:0.112176179886

DEBUG:root:Matched frame over all scan:281

DEBUG:root:Errors over all scan:117

DEBUG:root:Nomatch
DEBUG:root:Under real time Point counter:0.114363908768

DEBUG:root:Matched frame over all scan:189

DEBUG:root:Errors over all scan:113

DEBUG:root:Nomatch
DEBUG:root:Under real time Point counter:0.123143911362

DEBUG:root:Matched frame over all scan:61

DEBUG:root:Errors over all scan:116

DEBUG:root:Nomatch
DEBUG:root:Under real time Point counter:0.107236862183

DEBUG:root:Matched frame over all scan:281

DEBUG:root:Errors over all scan:115

DEBUG:root:Nomatch
DEBUG:root:Under real time Point counter:0.127177000046

DEBUG:root:Matched frame over all scan:182

DEBUG:root:Errors over all scan:117

DEBUG:root:Nomatch
DEBUG:root:Under real time Point counter:0.107771873474

DEBUG:root:Matched frame over all scan:188

DEBUG:root:Errors over all scan:115

DEBUG:root:Nomatch
DEBUG:root:Under real time Point counter:0.116933107376

DEBUG:root:Matched frame over all scan:140

DEBUG:root:Errors over all scan:119

DEBUG:root:Nomatch
DEBUG:root:Under real time Point counter:0.115708112717

DEBUG:root:Matched frame over all scan:209

DEBUG:root:Errors over all scan:116

DEBUG:root:Nomatch
DEBUG:root:Under real time Point counter:0.129550933838

DEBUG:root:Matched frame over all scan:189

DEBUG:root:Errors over all scan:107

DEBUG:root:Nomatch
DEBUG:root:Under real time Point counter:0.121432065964

DEBUG:root:Matched frame over all scan:302

DEBUG:root:Errors over all scan:108

DEBUG:root:Nomatch
DEBUG:root:Under real time Point counter:0.115646123886

DEBUG:root:Matched frame over all scan:118

DEBUG:root:Errors over all scan:112

DEBUG:root:Nomatch
DEBUG:root:Under real time Point counter:0.117118120193

DEBUG:root:Matched frame over all scan:232

DEBUG:root:Errors over all scan:113

DEBUG:root:Nomatch
DEBUG:root:Under real time Point counter:0.118101835251

DEBUG:root:Matched frame over all scan:339

DEBUG:root:Errors over all scan:115

DEBUG:root:Nomatch
DEBUG:root:Under real time Point counter:0.111144065857

DEBUG:root:Matched frame over all scan:115

DEBUG:root:Errors over all scan:118

DEBUG:root:Nomatch
DEBUG:root:Under real time Point counter:0.116693019867

DEBUG:root:Matched frame over all scan:37

DEBUG:root:Errors over all scan:117

DEBUG:root:Nomatch
DEBUG:root:Under real time Point counter:0.127246856689

DEBUG:root:Matched frame over all scan:68

DEBUG:root:Errors over all scan:115

DEBUG:root:Nomatch
DEBUG:root:Under real time Point counter:0.113317966461

DEBUG:root:Matched frame over all scan:189

DEBUG:root:Errors over all scan:111

DEBUG:root:Nomatch
DEBUG:root:Under real time Point counter:0.116325139999

DEBUG:root:Matched frame over all scan:140

DEBUG:root:Errors over all scan:114

DEBUG:root:Nomatch
DEBUG:root:Under real time Point counter:0.106159925461

DEBUG:root:Matched frame over all scan:140

DEBUG:root:Errors over all scan:110

DEBUG:root:Nomatch
DEBUG:root:Under real time Point counter:0.118949890137

DEBUG:root:Matched frame over all scan:140

DEBUG:root:Errors over all scan:112

DEBUG:root:Nomatch
DEBUG:root:Under real time Point counter:0.120895862579

DEBUG:root:Matched frame over all scan:140

DEBUG:root:Errors over all scan:110

DEBUG:root:Nomatch
DEBUG:root:Under real time Point counter:0.111594200134

DEBUG:root:Matched frame over all scan:140

DEBUG:root:Errors over all scan:111

DEBUG:root:Nomatch
DEBUG:root:Under real time Point counter:0.119893074036

DEBUG:root:Matched frame over all scan:140

DEBUG:root:Errors over all scan:110

DEBUG:root:Nomatch
DEBUG:root:Under real time Point counter:0.126362085342

DEBUG:root:Matched frame over all scan:140

DEBUG:root:Errors over all scan:110

DEBUG:root:Nomatch
DEBUG:root:Under real time Point counter:0.114552974701

DEBUG:root:Matched frame over all scan:140

DEBUG:root:Errors over all scan:111

DEBUG:root:Nomatch
DEBUG:root:Under real time Point counter:0.114870071411

DEBUG:root:Matched frame over all scan:140

DEBUG:root:Errors over all scan:109

DEBUG:root:Nomatch
DEBUG:root:Under real time Point counter:0.108947038651

DEBUG:root:Matched frame over all scan:140

DEBUG:root:Errors over all scan:108

DEBUG:root:Nomatch
DEBUG:root:Under real time Point counter:0.11461019516

DEBUG:root:Matched frame over all scan:140

DEBUG:root:Errors over all scan:108

DEBUG:root:Nomatch
DEBUG:root:Under real time Point counter:3.21865081787e-05

DEBUG:root:Matched frame over all scan:93

DEBUG:root:Errors over all scan:118

DEBUG:root:Nomatch
DEBUG:root:Under real time Point counter:0.116472959518

DEBUG:root:Matched frame over all scan:191

DEBUG:root:Errors over all scan:114

DEBUG:root:Nomatch
DEBUG:root:Under real time Point counter:0.112557888031

DEBUG:root:Matched frame over all scan:229

DEBUG:root:Errors over all scan:113

DEBUG:root:Nomatch
DEBUG:root:Under real time Point counter:0.125241994858

DEBUG:root:Matched frame over all scan:229

DEBUG:root:Errors over all scan:112

DEBUG:root:Nomatch
DEBUG:root:Under real time Point counter:0.126116991043

DEBUG:root:Matched frame over all scan:62

DEBUG:root:Errors over all scan:110

DEBUG:root:Nomatch
DEBUG:root:Under real time Point counter:0.112054824829

DEBUG:root:Matched frame over all scan:115

DEBUG:root:Errors over all scan:114

DEBUG:root:Nomatch
DEBUG:root:Under real time Point counter:0.131615161896

DEBUG:root:Matched frame over all scan:17

DEBUG:root:Errors over all scan:117

DEBUG:root:Nomatch
DEBUG:root:Under real time Point counter:0.189446210861

DEBUG:root:Matched frame over all scan:17

DEBUG:root:Errors over all scan:114

DEBUG:root:Nomatch
DEBUG:root:Under real time Point counter:0.127334833145

DEBUG:root:Matched frame over all scan:140

DEBUG:root:Errors over all scan:102

DEBUG:root:Nomatch
DEBUG:root:Under real time Point counter:0.128476858139

DEBUG:root:Matched frame over all scan:307

DEBUG:root:Errors over all scan:110

DEBUG:root:Nomatch
DEBUG:root:Under real time Point counter:0.121634960175

DEBUG:root:Matched frame over all scan:50

DEBUG:root:Errors over all scan:117

DEBUG:root:Nomatch
DEBUG:root:Under real time Point counter:0.120139122009

DEBUG:root:Matched frame over all scan:68

DEBUG:root:Errors over all scan:108

DEBUG:root:Nomatch
DEBUG:root:Under real time Point counter:0.13073515892

DEBUG:root:Matched frame over all scan:128

DEBUG:root:Errors over all scan:112

DEBUG:root:Nomatch
DEBUG:root:Under real time Point counter:0.115041971207

DEBUG:root:Matched frame over all scan:34

DEBUG:root:Errors over all scan:118

DEBUG:root:Nomatch
DEBUG:root:Under real time Point counter:0.121293783188

DEBUG:root:Matched frame over all scan:57

DEBUG:root:Errors over all scan:115

DEBUG:root:Nomatch
DEBUG:root:Under real time Point counter:0.154263019562

DEBUG:root:Matched frame over all scan:189

DEBUG:root:Errors over all scan:112

DEBUG:root:Nomatch
DEBUG:root:Under real time Point counter:0.123454093933

DEBUG:root:Matched frame over all scan:34

DEBUG:root:Errors over all scan:116

DEBUG:root:Nomatch
DEBUG:root:Under real time Point counter:0.14085316658

DEBUG:root:Matched frame over all scan:52

DEBUG:root:Errors over all scan:115

DEBUG:root:Nomatch
DEBUG:root:Under real time Point counter:0.116853952408

DEBUG:root:Matched frame over all scan:24

DEBUG:root:Errors over all scan:115

DEBUG:root:Nomatch
DEBUG:root:Under real time Point counter:0.128155946732

DEBUG:root:Matched frame over all scan:24

DEBUG:root:Errors over all scan:112

DEBUG:root:Nomatch
DEBUG:root:Under real time Point counter:0.113342046738

DEBUG:root:Matched frame over all scan:144

DEBUG:root:Errors over all scan:119

DEBUG:root:Nomatch
DEBUG:root:Under real time Point counter:0.122205972672

DEBUG:root:Matched frame over all scan:246

DEBUG:root:Errors over all scan:115

DEBUG:root:Nomatch
DEBUG:root:Under real time Point counter:0.102289915085

DEBUG:root:Matched frame over all scan:144

DEBUG:root:Errors over all scan:114

DEBUG:root:Nomatch
DEBUG:root:Under real time Point counter:0.122977972031

DEBUG:root:Matched frame over all scan:24

DEBUG:root:Errors over all scan:117

DEBUG:root:Nomatch
DEBUG:root:Under real time Point counter:0.128054141998

DEBUG:root:Matched frame over all scan:5

DEBUG:root:Errors over all scan:112

DEBUG:root:Nomatch
DEBUG:root:Under real time Point counter:0.123319149017

DEBUG:root:Matched frame over all scan:339

DEBUG:root:Errors over all scan:113

DEBUG:root:Nomatch
DEBUG:root:Under real time Point counter:0.118489980698

DEBUG:root:Matched frame over all scan:189

DEBUG:root:Errors over all scan:114

DEBUG:root:Nomatch
DEBUG:root:Under real time Point counter:0.12721991539

DEBUG:root:Matched frame over all scan:34

DEBUG:root:Errors over all scan:115

DEBUG:root:Nomatch
DEBUG:root:Under real time Point counter:0.12624502182

DEBUG:root:Matched frame over all scan:34

DEBUG:root:Errors over all scan:113

DEBUG:root:Nomatch
DEBUG:root:Under real time Point counter:0.113350868225

DEBUG:root:Matched frame over all scan:34

DEBUG:root:Errors over all scan:112

DEBUG:root:Nomatch
DEBUG:root:Under real time Point counter:0.134712934494

DEBUG:root:Matched frame over all scan:246

DEBUG:root:Errors over all scan:111

DEBUG:root:Nomatch
DEBUG:root:Under real time Point counter:0.123540878296

DEBUG:root:Matched frame over all scan:192

DEBUG:root:Errors over all scan:115

DEBUG:root:Nomatch
DEBUG:root:Too small detection probably wrong
DEBUG:root:Too small detection probably wrong
DEBUG:root:Under real time Point counter:0.116842031479

DEBUG:root:Matched frame over all scan:192

DEBUG:root:Errors over all scan:115

DEBUG:root:Nomatch
DEBUG:root:Under real time Point counter:0.108572006226

DEBUG:root:Matched frame over all scan:34

DEBUG:root:Errors over all scan:110

DEBUG:root:Nomatch
DEBUG:root:Under real time Point counter:0.110255002975

DEBUG:root:Matched frame over all scan:144

DEBUG:root:Errors over all scan:116

DEBUG:root:Nomatch
DEBUG:root:Under real time Point counter:0.122271060944

DEBUG:root:Matched frame over all scan:34

DEBUG:root:Errors over all scan:118

DEBUG:root:Nomatch
DEBUG:root:Too small detection probably wrong
DEBUG:root:Too small detection probably wrong
DEBUG:root:Under real time Point counter:0.106456041336

DEBUG:root:Matched frame over all scan:34

DEBUG:root:Errors over all scan:118

DEBUG:root:Nomatch
DEBUG:root:Too small detection probably wrong
DEBUG:root:Under real time Point counter:0.109835863113

DEBUG:root:Matched frame over all scan:34

DEBUG:root:Errors over all scan:118

DEBUG:root:Nomatch
DEBUG:root:Under real time Point counter:0.108040809631

DEBUG:root:Matched frame over all scan:89

DEBUG:root:Errors over all scan:115

DEBUG:root:Nomatch
DEBUG:root:Under real time Point counter:0.13755607605

DEBUG:root:Matched frame over all scan:234

DEBUG:root:Errors over all scan:117

DEBUG:root:Nomatch
DEBUG:root:Under real time Point counter:0.110116004944

DEBUG:root:Matched frame over all scan:299

DEBUG:root:Errors over all scan:112

DEBUG:root:Nomatch
DEBUG:root:Under real time Point counter:0.12472486496

DEBUG:root:Matched frame over all scan:118

DEBUG:root:Errors over all scan:111

DEBUG:root:Nomatch
DEBUG:root:Under real time Point counter:0.125084161758

DEBUG:root:Matched frame over all scan:128

DEBUG:root:Errors over all scan:113

DEBUG:root:Nomatch
DEBUG:root:Under real time Point counter:0.112844944

DEBUG:root:Matched frame over all scan:253

DEBUG:root:Errors over all scan:109

DEBUG:root:Nomatch
DEBUG:root:Under real time Point counter:0.133430957794

DEBUG:root:Matched frame over all scan:68

DEBUG:root:Errors over all scan:113

DEBUG:root:Nomatch
DEBUG:root:Under real time Point counter:0.124213218689

DEBUG:root:Matched frame over all scan:183

DEBUG:root:Errors over all scan:113

DEBUG:root:Nomatch
DEBUG:root:Under real time Point counter:0.111567974091

DEBUG:root:Matched frame over all scan:111

DEBUG:root:Errors over all scan:107

DEBUG:root:Nomatch
DEBUG:root:Under real time Point counter:0.143128871918

DEBUG:root:Matched frame over all scan:140

DEBUG:root:Errors over all scan:118

DEBUG:root:Nomatch
DEBUG:root:Under real time Point counter:0.11124420166

DEBUG:root:Matched frame over all scan:34

DEBUG:root:Errors over all scan:111

DEBUG:root:Nomatch
DEBUG:root:Under real time Point counter:0.114967107773

DEBUG:root:Matched frame over all scan:57

DEBUG:root:Errors over all scan:115

DEBUG:root:Nomatch
DEBUG:root:Under real time Point counter:0.138550043106

DEBUG:root:Matched frame over all scan:312

DEBUG:root:Errors over all scan:114

DEBUG:root:Nomatch
DEBUG:root:Under real time Point counter:0.105113983154

DEBUG:root:Matched frame over all scan:34

DEBUG:root:Errors over all scan:113

DEBUG:root:Nomatch
DEBUG:root:Under real time Point counter:0.122725963593

DEBUG:root:Matched frame over all scan:34

DEBUG:root:Errors over all scan:114

DEBUG:root:Nomatch
DEBUG:root:Under real time Point counter:0.118571996689

DEBUG:root:Matched frame over all scan:34

DEBUG:root:Errors over all scan:116

DEBUG:root:Nomatch
DEBUG:root:Under real time Point counter:0.124479055405

DEBUG:root:Matched frame over all scan:16

DEBUG:root:Errors over all scan:116

DEBUG:root:Nomatch
DEBUG:root:Under real time Point counter:0.121721029282

DEBUG:root:Matched frame over all scan:16

DEBUG:root:Errors over all scan:118

DEBUG:root:Nomatch
DEBUG:root:Under real time Point counter:0.124796867371

DEBUG:root:Matched frame over all scan:140

DEBUG:root:Errors over all scan:113

DEBUG:root:Nomatch
DEBUG:root:Under real time Point counter:0.119915008545

DEBUG:root:Matched frame over all scan:140

DEBUG:root:Errors over all scan:117

DEBUG:root:Nomatch
DEBUG:root:Under real time Point counter:0.120447874069

DEBUG:root:Matched frame over all scan:229

DEBUG:root:Errors over all scan:113

DEBUG:root:Nomatch
DEBUG:root:Under real time Point counter:0.12363910675

DEBUG:root:Matched frame over all scan:23

DEBUG:root:Errors over all scan:120

DEBUG:root:Nomatch
DEBUG:root:Under real time Point counter:0.124264955521

DEBUG:root:Matched frame over all scan:384

DEBUG:root:Errors over all scan:112

DEBUG:root:Nomatch
DEBUG:root:Under real time Point counter:0.114681005478

DEBUG:root:Matched frame over all scan:113

DEBUG:root:Errors over all scan:115

DEBUG:root:Nomatch
DEBUG:root:Under real time Point counter:0.128866910934

DEBUG:root:Matched frame over all scan:71

DEBUG:root:Errors over all scan:118

DEBUG:root:Nomatch
DEBUG:root:Under real time Point counter:0.103100061417

DEBUG:root:Matched frame over all scan:212

DEBUG:root:Errors over all scan:109

DEBUG:root:Nomatch
DEBUG:root:Under real time Point counter:0.133902072906

DEBUG:root:Matched frame over all scan:24

DEBUG:root:Errors over all scan:115

DEBUG:root:Nomatch
DEBUG:root:Under real time Point counter:0.106649875641

DEBUG:root:Matched frame over all scan:28

DEBUG:root:Errors over all scan:116

DEBUG:root:Nomatch
DEBUG:root:Under real time Point counter:0.115586042404

DEBUG:root:Matched frame over all scan:100

DEBUG:root:Errors over all scan:117

DEBUG:root:Nomatch
DEBUG:root:Under real time Point counter:0.124656915665

DEBUG:root:Matched frame over all scan:288

DEBUG:root:Errors over all scan:117

DEBUG:root:Nomatch
DEBUG:root:Under real time Point counter:0.111032962799

DEBUG:root:Matched frame over all scan:82

DEBUG:root:Errors over all scan:119

DEBUG:root:Nomatch
DEBUG:root:Under real time Point counter:0.127756118774

DEBUG:root:Matched frame over all scan:229

DEBUG:root:Errors over all scan:119

DEBUG:root:Nomatch
DEBUG:root:Under real time Point counter:0.112488985062

DEBUG:root:Matched frame over all scan:101

DEBUG:root:Errors over all scan:115

DEBUG:root:Nomatch
DEBUG:root:Under real time Point counter:0.12667298317

DEBUG:root:Matched frame over all scan:89

DEBUG:root:Errors over all scan:115

DEBUG:root:Nomatch
DEBUG:root:Under real time Point counter:0.142086982727

DEBUG:root:Matched frame over all scan:97

DEBUG:root:Errors over all scan:119

DEBUG:root:Nomatch
DEBUG:root:Under real time Point counter:0.12956905365

DEBUG:root:Matched frame over all scan:225

DEBUG:root:Errors over all scan:107

DEBUG:root:Nomatch
DEBUG:root:Under real time Point counter:0.122919797897

DEBUG:root:Matched frame over all scan:52

DEBUG:root:Errors over all scan:107

DEBUG:root:Nomatch
DEBUG:root:Under real time Point counter:0.110040903091

DEBUG:root:Matched frame over all scan:140

DEBUG:root:Errors over all scan:115

DEBUG:root:Nomatch
DEBUG:root:Under real time Point counter:0.133892059326

DEBUG:root:Matched frame over all scan:140

DEBUG:root:Errors over all scan:117

DEBUG:root:Nomatch
DEBUG:root:Under real time Point counter:0.131479978561

DEBUG:root:Matched frame over all scan:299

DEBUG:root:Errors over all scan:117

DEBUG:root:Nomatch
DEBUG:root:Under real time Point counter:0.125622034073

DEBUG:root:Matched frame over all scan:152

DEBUG:root:Errors over all scan:109

DEBUG:root:Nomatch
DEBUG:root:Under real time Point counter:0.142828941345

DEBUG:root:Matched frame over all scan:117

DEBUG:root:Errors over all scan:101

DEBUG:root:Nomatch
DEBUG:root:Under real time Point counter:0.133483171463

DEBUG:root:Matched frame over all scan:115

DEBUG:root:Errors over all scan:112

DEBUG:root:Nomatch
DEBUG:root:Under real time Point counter:0.107325077057

DEBUG:root:Matched frame over all scan:140

DEBUG:root:Errors over all scan:115

DEBUG:root:Nomatch
DEBUG:root:Under real time Point counter:0.143041133881

DEBUG:root:Matched frame over all scan:161

DEBUG:root:Errors over all scan:119

DEBUG:root:Nomatch
DEBUG:root:Under real time Point counter:0.116312026978

DEBUG:root:Matched frame over all scan:368

DEBUG:root:Errors over all scan:114

DEBUG:root:Nomatch
DEBUG:root:Under real time Point counter:0.128383874893

DEBUG:root:Matched frame over all scan:57

DEBUG:root:Errors over all scan:115

DEBUG:root:Nomatch
DEBUG:root:Under real time Point counter:0.11998796463

DEBUG:root:Matched frame over all scan:100

DEBUG:root:Errors over all scan:114

DEBUG:root:Nomatch
DEBUG:root:Under real time Point counter:0.115480899811

DEBUG:root:Matched frame over all scan:110

DEBUG:root:Errors over all scan:119

DEBUG:root:Nomatch
DEBUG:root:Under real time Point counter:0.11824798584

DEBUG:root:Matched frame over all scan:89

DEBUG:root:Errors over all scan:115

DEBUG:root:Nomatch
DEBUG:root:Under real time Point counter:0.122051954269

DEBUG:root:Matched frame over all scan:72

DEBUG:root:Errors over all scan:114

DEBUG:root:Nomatch
DEBUG:root:Under real time Point counter:0.131614923477

DEBUG:root:Matched frame over all scan:146

DEBUG:root:Errors over all scan:111

DEBUG:root:Nomatch
DEBUG:root:Under real time Point counter:0.139626026154

DEBUG:root:Matched frame over all scan:199

DEBUG:root:Errors over all scan:115

DEBUG:root:Nomatch
DEBUG:root:Under real time Point counter:0.105135917664

DEBUG:root:Matched frame over all scan:155

DEBUG:root:Errors over all scan:119

DEBUG:root:Nomatch
DEBUG:root:Under real time Point counter:0.122295856476

DEBUG:root:Matched frame over all scan:189

DEBUG:root:Errors over all scan:114

DEBUG:root:Nomatch
DEBUG:root:Under real time Point counter:0.110692024231

DEBUG:root:Matched frame over all scan:339

DEBUG:root:Errors over all scan:115

DEBUG:root:Nomatch
DEBUG:root:Under real time Point counter:0.126749992371

DEBUG:root:Matched frame over all scan:137

DEBUG:root:Errors over all scan:110

DEBUG:root:Nomatch
DEBUG:root:Under real time Point counter:0.140938043594

DEBUG:root:Matched frame over all scan:230

DEBUG:root:Errors over all scan:110

DEBUG:root:Nomatch
DEBUG:root:Under real time Point counter:0.1164290905

DEBUG:root:Matched frame over all scan:179

DEBUG:root:Errors over all scan:113

DEBUG:root:Nomatch
DEBUG:root:Under real time Point counter:0.122884988785

DEBUG:root:Matched frame over all scan:175

DEBUG:root:Errors over all scan:115

DEBUG:root:Nomatch
DEBUG:root:Under real time Point counter:0.138878107071

DEBUG:root:Matched frame over all scan:4

DEBUG:root:Errors over all scan:116

DEBUG:root:Nomatch
DEBUG:root:Under real time Point counter:0.132375001907

DEBUG:root:Matched frame over all scan:80

DEBUG:root:Errors over all scan:115

DEBUG:root:Nomatch
DEBUG:root:Under real time Point counter:0.114087820053

DEBUG:root:Matched frame over all scan:225

DEBUG:root:Errors over all scan:115

DEBUG:root:Nomatch
DEBUG:root:Under real time Point counter:0.135929107666

DEBUG:root:Matched frame over all scan:197

DEBUG:root:Errors over all scan:116

DEBUG:root:Nomatch
DEBUG:root:Under real time Point counter:0.125982999802

DEBUG:root:Matched frame over all scan:90

DEBUG:root:Errors over all scan:114

DEBUG:root:Nomatch
DEBUG:root:Under real time Point counter:0.131031036377

DEBUG:root:Matched frame over all scan:14

DEBUG:root:Errors over all scan:113

DEBUG:root:Nomatch
DEBUG:root:Under real time Point counter:0.107933044434

DEBUG:root:Matched frame over all scan:176

DEBUG:root:Errors over all scan:115

DEBUG:root:Nomatch
DEBUG:root:Under real time Point counter:0.104583024979

DEBUG:root:Matched frame over all scan:17

DEBUG:root:Errors over all scan:111

DEBUG:root:Nomatch
DEBUG:root:Under real time Point counter:0.118788957596

DEBUG:root:Matched frame over all scan:93

DEBUG:root:Errors over all scan:115

DEBUG:root:Nomatch
DEBUG:root:Under real time Point counter:0.125850915909

DEBUG:root:Matched frame over all scan:17

DEBUG:root:Errors over all scan:113

DEBUG:root:Nomatch
DEBUG:root:Under real time Point counter:0.137042999268

DEBUG:root:Matched frame over all scan:17

DEBUG:root:Errors over all scan:112

DEBUG:root:Nomatch
DEBUG:root:Under real time Point counter:0.108138084412

DEBUG:root:Matched frame over all scan:17

DEBUG:root:Errors over all scan:110

DEBUG:root:Nomatch
DEBUG:root:Under real time Point counter:0.111007928848

DEBUG:root:Matched frame over all scan:17

DEBUG:root:Errors over all scan:109

DEBUG:root:Nomatch
DEBUG:root:Under real time Point counter:0.118818044662

DEBUG:root:Matched frame over all scan:17

DEBUG:root:Errors over all scan:109

DEBUG:root:Nomatch
DEBUG:root:Under real time Point counter:0.122921943665

DEBUG:root:Matched frame over all scan:17

DEBUG:root:Errors over all scan:107

DEBUG:root:Nomatch
DEBUG:root:Under real time Point counter:0.104614019394

DEBUG:root:Matched frame over all scan:17

DEBUG:root:Errors over all scan:108

DEBUG:root:Nomatch
DEBUG:root:Under real time Point counter:0.148416042328

DEBUG:root:Matched frame over all scan:17

DEBUG:root:Errors over all scan:104

DEBUG:root:Nomatch
DEBUG:root:Under real time Point counter:0.117856025696

DEBUG:root:Matched frame over all scan:17

DEBUG:root:Errors over all scan:104

DEBUG:root:Nomatch
DEBUG:root:Under real time Point counter:0.110383987427

DEBUG:root:Matched frame over all scan:97

DEBUG:root:Errors over all scan:113

DEBUG:root:Nomatch
DEBUG:root:Under real time Point counter:0.119961023331

DEBUG:root:Matched frame over all scan:147

DEBUG:root:Errors over all scan:114

DEBUG:root:Nomatch
DEBUG:root:Under real time Point counter:0.1197078228

DEBUG:root:Matched frame over all scan:225

DEBUG:root:Errors over all scan:108

DEBUG:root:Nomatch
DEBUG:root:Under real time Point counter:0.128457069397

DEBUG:root:Matched frame over all scan:225

DEBUG:root:Errors over all scan:111

DEBUG:root:Nomatch
DEBUG:root:Under real time Point counter:0.126430034637

DEBUG:root:Matched frame over all scan:17

DEBUG:root:Errors over all scan:106

DEBUG:root:Nomatch
DEBUG:root:Under real time Point counter:0.114487886429

DEBUG:root:Matched frame over all scan:199

DEBUG:root:Errors over all scan:111

DEBUG:root:Nomatch
DEBUG:root:Under real time Point counter:0.124517917633

DEBUG:root:Matched frame over all scan:13

DEBUG:root:Errors over all scan:108

DEBUG:root:Nomatch
DEBUG:root:Under real time Point counter:0.116662025452

DEBUG:root:Matched frame over all scan:17

DEBUG:root:Errors over all scan:109

DEBUG:root:Nomatch
DEBUG:root:Under real time Point counter:0.136950016022

DEBUG:root:Matched frame over all scan:140

DEBUG:root:Errors over all scan:115

DEBUG:root:Nomatch
DEBUG:root:Under real time Point counter:0.112459182739

DEBUG:root:Matched frame over all scan:13

DEBUG:root:Errors over all scan:106

DEBUG:root:Nomatch
DEBUG:root:Under real time Point counter:0.118262052536

DEBUG:root:Matched frame over all scan:219

DEBUG:root:Errors over all scan:114

DEBUG:root:Nomatch
DEBUG:root:Under real time Point counter:0.124127864838

DEBUG:root:Matched frame over all scan:95

DEBUG:root:Errors over all scan:114

DEBUG:root:Nomatch
DEBUG:root:Under real time Point counter:0.116939067841

DEBUG:root:Matched frame over all scan:219

DEBUG:root:Errors over all scan:113

DEBUG:root:Nomatch
DEBUG:root:Under real time Point counter:0.125868797302

DEBUG:root:Matched frame over all scan:217

DEBUG:root:Errors over all scan:112

DEBUG:root:Nomatch
DEBUG:root:Under real time Point counter:0.117225885391

DEBUG:root:Matched frame over all scan:219

DEBUG:root:Errors over all scan:109

DEBUG:root:Nomatch
DEBUG:root:Under real time Point counter:0.123224973679

DEBUG:root:Matched frame over all scan:120

DEBUG:root:Errors over all scan:116

DEBUG:root:Nomatch
DEBUG:root:Under real time Point counter:0.113030195236

DEBUG:root:Matched frame over all scan:277

DEBUG:root:Errors over all scan:116

DEBUG:root:Nomatch
DEBUG:root:Under real time Point counter:0.126172065735

DEBUG:root:Matched frame over all scan:23

DEBUG:root:Errors over all scan:115

DEBUG:root:Nomatch
DEBUG:root:Under real time Point counter:0.118510007858

DEBUG:root:Matched frame over all scan:106

DEBUG:root:Errors over all scan:120

DEBUG:root:Nomatch
DEBUG:root:Under real time Point counter:0.126891136169

DEBUG:root:Matched frame over all scan:339

DEBUG:root:Errors over all scan:115

DEBUG:root:Nomatch
DEBUG:root:Under real time Point counter:0.123602867126

DEBUG:root:Matched frame over all scan:52

DEBUG:root:Errors over all scan:116

DEBUG:root:Nomatch
DEBUG:root:Under real time Point counter:0.129860162735

DEBUG:root:Matched frame over all scan:52

DEBUG:root:Errors over all scan:115

DEBUG:root:Nomatch
DEBUG:root:Under real time Point counter:0.119163036346

DEBUG:root:Matched frame over all scan:375

DEBUG:root:Errors over all scan:111

DEBUG:root:Nomatch
DEBUG:root:Under real time Point counter:0.127263069153

DEBUG:root:Matched frame over all scan:375

DEBUG:root:Errors over all scan:115

DEBUG:root:Nomatch
DEBUG:root:Under real time Point counter:0.144519090652

DEBUG:root:Matched frame over all scan:120

DEBUG:root:Errors over all scan:116

DEBUG:root:Nomatch
DEBUG:root:Under real time Point counter:0.114366054535

DEBUG:root:Matched frame over all scan:312

DEBUG:root:Errors over all scan:115

DEBUG:root:Nomatch
DEBUG:root:Under real time Point counter:0.104290008545

DEBUG:root:Matched frame over all scan:339

DEBUG:root:Errors over all scan:110

DEBUG:root:Nomatch
DEBUG:root:Under real time Point counter:0.124102115631

DEBUG:root:Matched frame over all scan:135

DEBUG:root:Errors over all scan:116

DEBUG:root:Nomatch
DEBUG:root:Under real time Point counter:0.138263940811

DEBUG:root:Matched frame over all scan:272

DEBUG:root:Errors over all scan:114

DEBUG:root:Nomatch
DEBUG:root:Under real time Point counter:0.136642932892

DEBUG:root:Matched frame over all scan:249

DEBUG:root:Errors over all scan:119

DEBUG:root:Nomatch
DEBUG:root:Under real time Point counter:0.117809057236

DEBUG:root:Matched frame over all scan:254

DEBUG:root:Errors over all scan:112

DEBUG:root:Nomatch
DEBUG:root:Under real time Point counter:0.109968900681

DEBUG:root:Matched frame over all scan:16

DEBUG:root:Errors over all scan:117

DEBUG:root:Nomatch
DEBUG:root:Under real time Point counter:0.117411851883

DEBUG:root:Matched frame over all scan:246

DEBUG:root:Errors over all scan:118

DEBUG:root:Nomatch
DEBUG:root:Under real time Point counter:0.132600069046

DEBUG:root:Matched frame over all scan:185

DEBUG:root:Errors over all scan:118

DEBUG:root:Nomatch
DEBUG:root:Under real time Point counter:0.139688014984

DEBUG:root:Matched frame over all scan:233

DEBUG:root:Errors over all scan:116

DEBUG:root:Nomatch
DEBUG:root:Under real time Point counter:0.132164001465

DEBUG:root:Matched frame over all scan:281

DEBUG:root:Errors over all scan:110

DEBUG:root:Nomatch
DEBUG:root:Under real time Point counter:0.129784107208

DEBUG:root:Matched frame over all scan:215

DEBUG:root:Errors over all scan:119

DEBUG:root:Nomatch
DEBUG:root:Under real time Point counter:0.123194932938

DEBUG:root:Matched frame over all scan:140

DEBUG:root:Errors over all scan:113

DEBUG:root:Nomatch
DEBUG:root:Under real time Point counter:0.122022151947

DEBUG:root:Matched frame over all scan:62

DEBUG:root:Errors over all scan:114

DEBUG:root:Nomatch
DEBUG:root:Under real time Point counter:0.118345975876

DEBUG:root:Matched frame over all scan:231

DEBUG:root:Errors over all scan:116

DEBUG:root:Nomatch
DEBUG:root:Under real time Point counter:0.122577905655

DEBUG:root:Matched frame over all scan:127

DEBUG:root:Errors over all scan:113

DEBUG:root:Nomatch
DEBUG:root:Under real time Point counter:0.116428136826

DEBUG:root:Matched frame over all scan:276

DEBUG:root:Errors over all scan:114

DEBUG:root:Nomatch
DEBUG:root:Under real time Point counter:0.138106107712

DEBUG:root:Matched frame over all scan:209

DEBUG:root:Errors over all scan:117

DEBUG:root:Nomatch
DEBUG:root:Under real time Point counter:0.118231058121

DEBUG:root:Matched frame over all scan:119

DEBUG:root:Errors over all scan:114

DEBUG:root:Nomatch
DEBUG:root:Under real time Point counter:0.123006105423

DEBUG:root:Matched frame over all scan:38

DEBUG:root:Errors over all scan:116

DEBUG:root:Nomatch
DEBUG:root:Under real time Point counter:0.116549968719

DEBUG:root:Matched frame over all scan:209

DEBUG:root:Errors over all scan:107

DEBUG:root:Nomatch
DEBUG:root:Under real time Point counter:0.11953997612

DEBUG:root:Matched frame over all scan:114

DEBUG:root:Errors over all scan:117

DEBUG:root:Nomatch
DEBUG:root:Under real time Point counter:0.123901128769

DEBUG:root:Matched frame over all scan:200

DEBUG:root:Errors over all scan:110

DEBUG:root:Nomatch
DEBUG:root:Under real time Point counter:0.121336221695

DEBUG:root:Matched frame over all scan:60

DEBUG:root:Errors over all scan:119

DEBUG:root:Nomatch
DEBUG:root:Under real time Point counter:0.112360954285

DEBUG:root:Matched frame over all scan:239

DEBUG:root:Errors over all scan:115

DEBUG:root:Nomatch
DEBUG:root:Under real time Point counter:0.119775056839

DEBUG:root:Matched frame over all scan:117

DEBUG:root:Errors over all scan:118

DEBUG:root:Nomatch
DEBUG:root:Under real time Point counter:0.123542070389

DEBUG:root:Matched frame over all scan:37

DEBUG:root:Errors over all scan:116

DEBUG:root:Nomatch
DEBUG:root:Under real time Point counter:0.105244159698

DEBUG:root:Matched frame over all scan:197

DEBUG:root:Errors over all scan:114

DEBUG:root:Nomatch
DEBUG:root:Under real time Point counter:0.13692688942

DEBUG:root:Matched frame over all scan:190

DEBUG:root:Errors over all scan:113

DEBUG:root:Nomatch
DEBUG:root:Under real time Point counter:0.106729984283

DEBUG:root:Matched frame over all scan:261

DEBUG:root:Errors over all scan:110

DEBUG:root:Nomatch
DEBUG:root:Under real time Point counter:0.119759082794

DEBUG:root:Matched frame over all scan:178

DEBUG:root:Errors over all scan:117

DEBUG:root:Nomatch
DEBUG:root:Under real time Point counter:0.115011930466

DEBUG:root:Matched frame over all scan:89

DEBUG:root:Errors over all scan:109

DEBUG:root:Nomatch
DEBUG:root:Under real time Point counter:0.132107019424

DEBUG:root:Matched frame over all scan:253

DEBUG:root:Errors over all scan:116

DEBUG:root:Nomatch
DEBUG:root:Under real time Point counter:0.108758926392

DEBUG:root:Matched frame over all scan:62

DEBUG:root:Errors over all scan:117

DEBUG:root:Nomatch
DEBUG:root:Under real time Point counter:0.120685100555

DEBUG:root:Matched frame over all scan:321

DEBUG:root:Errors over all scan:114

DEBUG:root:Nomatch
DEBUG:root:Under real time Point counter:0.131685972214

DEBUG:root:Matched frame over all scan:73

DEBUG:root:Errors over all scan:112

DEBUG:root:Nomatch
DEBUG:root:Under real time Point counter:0.124202013016

DEBUG:root:Matched frame over all scan:28

DEBUG:root:Errors over all scan:116

DEBUG:root:Nomatch
DEBUG:root:Under real time Point counter:0.111644983292

DEBUG:root:Matched frame over all scan:104

DEBUG:root:Errors over all scan:110

DEBUG:root:Nomatch
DEBUG:root:Under real time Point counter:0.111842870712

DEBUG:root:Matched frame over all scan:140

DEBUG:root:Errors over all scan:111

DEBUG:root:Nomatch
DEBUG:root:Under real time Point counter:0.142616033554

DEBUG:root:Matched frame over all scan:50

DEBUG:root:Errors over all scan:112

DEBUG:root:Nomatch
DEBUG:root:Under real time Point counter:0.12061715126

DEBUG:root:Matched frame over all scan:140

DEBUG:root:Errors over all scan:108

DEBUG:root:Nomatch
DEBUG:root:Under real time Point counter:0.12751698494

DEBUG:root:Matched frame over all scan:90

DEBUG:root:Errors over all scan:111

DEBUG:root:Nomatch
DEBUG:root:Under real time Point counter:0.111283063889

DEBUG:root:Matched frame over all scan:225

DEBUG:root:Errors over all scan:103

DEBUG:root:Nomatch
DEBUG:root:Under real time Point counter:0.127810001373

DEBUG:root:Matched frame over all scan:90

DEBUG:root:Errors over all scan:114

DEBUG:root:Nomatch
DEBUG:root:Under real time Point counter:0.123687028885

DEBUG:root:Matched frame over all scan:93

DEBUG:root:Errors over all scan:112

DEBUG:root:Nomatch
DEBUG:root:Under real time Point counter:0.122814178467

DEBUG:root:Matched frame over all scan:93

DEBUG:root:Errors over all scan:113

DEBUG:root:Nomatch
DEBUG:root:Under real time Point counter:0.104860067368

DEBUG:root:Matched frame over all scan:90

DEBUG:root:Errors over all scan:109

DEBUG:root:Nomatch
DEBUG:root:Under real time Point counter:0.12668800354

DEBUG:root:Matched frame over all scan:225

DEBUG:root:Errors over all scan:109

DEBUG:root:Nomatch
DEBUG:root:Under real time Point counter:0.112801074982

DEBUG:root:Matched frame over all scan:93

DEBUG:root:Errors over all scan:109

DEBUG:root:Nomatch
DEBUG:root:Under real time Point counter:0.122936964035

DEBUG:root:Matched frame over all scan:151

DEBUG:root:Errors over all scan:109

DEBUG:root:Nomatch
DEBUG:root:Under real time Point counter:0.122718811035

DEBUG:root:Matched frame over all scan:151

DEBUG:root:Errors over all scan:110

DEBUG:root:Nomatch
DEBUG:root:Under real time Point counter:0.120823144913

DEBUG:root:Matched frame over all scan:84

DEBUG:root:Errors over all scan:113

DEBUG:root:Nomatch
DEBUG:root:Under real time Point counter:0.125141143799

DEBUG:root:Matched frame over all scan:84

DEBUG:root:Errors over all scan:114

DEBUG:root:Nomatch
DEBUG:root:Under real time Point counter:0.111809015274

DEBUG:root:Matched frame over all scan:86

DEBUG:root:Errors over all scan:104

DEBUG:root:Nomatch
DEBUG:root:Under real time Point counter:0.132688999176

DEBUG:root:Matched frame over all scan:90

DEBUG:root:Errors over all scan:110

DEBUG:root:Nomatch
DEBUG:root:Under real time Point counter:0.113651990891

DEBUG:root:Matched frame over all scan:189

DEBUG:root:Errors over all scan:112

DEBUG:root:Nomatch
DEBUG:root:Under real time Point counter:0.131548881531

DEBUG:root:Matched frame over all scan:93

DEBUG:root:Errors over all scan:112

DEBUG:root:Nomatch
DEBUG:root:Under real time Point counter:0.138916969299

DEBUG:root:Matched frame over all scan:93

DEBUG:root:Errors over all scan:110

DEBUG:root:Nomatch
DEBUG:root:Under real time Point counter:0.126056194305

DEBUG:root:Matched frame over all scan:151

DEBUG:root:Errors over all scan:111

DEBUG:root:Nomatch
