DEBUG:root:Under real time Point counter:3.2901763916e-05

DEBUG:root:Matched frame over all scan:350

DEBUG:root:Errors over all scan:113

DEBUG:root:Nomatch
DEBUG:root:Under real time Point counter:0.105867147446

DEBUG:root:Matched frame over all scan:305

DEBUG:root:Errors over all scan:112

DEBUG:root:Nomatch
DEBUG:root:Under real time Point counter:0.128946781158

DEBUG:root:Matched frame over all scan:305

DEBUG:root:Errors over all scan:110

DEBUG:root:Nomatch
DEBUG:root:Under real time Point counter:0.130612850189

DEBUG:root:Matched frame over all scan:140

DEBUG:root:Errors over all scan:111

DEBUG:root:Nomatch
DEBUG:root:Under real time Point counter:0.11110496521

DEBUG:root:Matched frame over all scan:350

DEBUG:root:Errors over all scan:112

DEBUG:root:Nomatch
DEBUG:root:Under real time Point counter:0.186350107193

DEBUG:root:Matched frame over all scan:140

DEBUG:root:Errors over all scan:107

DEBUG:root:Nomatch
DEBUG:root:Under real time Point counter:0.119327068329

DEBUG:root:Matched frame over all scan:140

DEBUG:root:Errors over all scan:107

DEBUG:root:Nomatch
DEBUG:root:Under real time Point counter:0.123995065689

DEBUG:root:Matched frame over all scan:350

DEBUG:root:Errors over all scan:112

DEBUG:root:Nomatch
DEBUG:root:Under real time Point counter:0.118833780289

DEBUG:root:Matched frame over all scan:350

DEBUG:root:Errors over all scan:113

DEBUG:root:Nomatch
DEBUG:root:Under real time Point counter:0.111109972

DEBUG:root:Matched frame over all scan:68

DEBUG:root:Errors over all scan:110

DEBUG:root:Nomatch
DEBUG:root:Under real time Point counter:0.119867086411

DEBUG:root:Matched frame over all scan:140

DEBUG:root:Errors over all scan:108

DEBUG:root:Nomatch
DEBUG:root:Under real time Point counter:0.126311063766

DEBUG:root:Matched frame over all scan:68

DEBUG:root:Errors over all scan:110

DEBUG:root:Nomatch
DEBUG:root:Under real time Point counter:0.132498025894

DEBUG:root:Matched frame over all scan:140

DEBUG:root:Errors over all scan:104

DEBUG:root:Nomatch
DEBUG:root:Under real time Point counter:0.113465070724

DEBUG:root:Matched frame over all scan:140

DEBUG:root:Errors over all scan:108

DEBUG:root:Nomatch
DEBUG:root:Under real time Point counter:0.121343851089

DEBUG:root:Matched frame over all scan:225

DEBUG:root:Errors over all scan:111

DEBUG:root:Nomatch
DEBUG:root:Under real time Point counter:0.116734981537

DEBUG:root:Matched frame over all scan:225

DEBUG:root:Errors over all scan:103

DEBUG:root:Nomatch
DEBUG:root:Under real time Point counter:0.128298997879

DEBUG:root:Matched frame over all scan:13

DEBUG:root:Errors over all scan:100

DEBUG:root:Nomatch
DEBUG:root:Under real time Point counter:0.125751018524

DEBUG:root:Matched frame over all scan:13

DEBUG:root:Errors over all scan:102

DEBUG:root:Nomatch
DEBUG:root:Under real time Point counter:0.116490840912

DEBUG:root:Matched frame over all scan:13

DEBUG:root:Errors over all scan:108

DEBUG:root:Nomatch
DEBUG:root:Under real time Point counter:0.126613140106

DEBUG:root:Matched frame over all scan:13

DEBUG:root:Errors over all scan:109

DEBUG:root:Nomatch
DEBUG:root:Under real time Point counter:0.114957809448

DEBUG:root:Matched frame over all scan:229

DEBUG:root:Errors over all scan:110

DEBUG:root:Nomatch
DEBUG:root:Under real time Point counter:0.118005037308

DEBUG:root:Matched frame over all scan:192

DEBUG:root:Errors over all scan:112

DEBUG:root:Nomatch
DEBUG:root:Under real time Point counter:0.114754915237

DEBUG:root:Matched frame over all scan:225

DEBUG:root:Errors over all scan:111

DEBUG:root:Nomatch
DEBUG:root:Under real time Point counter:0.122516870499

DEBUG:root:Matched frame over all scan:93

DEBUG:root:Errors over all scan:110

DEBUG:root:Nomatch
DEBUG:root:Under real time Point counter:0.12180685997

DEBUG:root:Matched frame over all scan:229

DEBUG:root:Errors over all scan:105

DEBUG:root:Nomatch
DEBUG:root:Under real time Point counter:0.129965782166

DEBUG:root:Matched frame over all scan:13

DEBUG:root:Errors over all scan:98

DEBUG:root:Nomatch
DEBUG:root:Under real time Point counter:0.102001190186

DEBUG:root:Matched frame over all scan:229

DEBUG:root:Errors over all scan:97

DEBUG:root:Nomatch
DEBUG:root:Under real time Point counter:0.146532058716

DEBUG:root:Matched frame over all scan:13

DEBUG:root:Errors over all scan:96

DEBUG:root:Nomatch
DEBUG:root:Under real time Point counter:0.115523099899

DEBUG:root:Matched frame over all scan:13

DEBUG:root:Errors over all scan:97

DEBUG:root:Nomatch
DEBUG:root:Under real time Point counter:0.118689060211

DEBUG:root:Matched frame over all scan:13

DEBUG:root:Errors over all scan:97

DEBUG:root:Nomatch
DEBUG:root:Under real time Point counter:0.121296167374

DEBUG:root:Matched frame over all scan:10

DEBUG:root:Errors over all scan:101

DEBUG:root:Nomatch
DEBUG:root:Under real time Point counter:0.113557100296

DEBUG:root:Matched frame over all scan:10

DEBUG:root:Errors over all scan:106

DEBUG:root:Nomatch
DEBUG:root:Under real time Point counter:0.127013921738

DEBUG:root:Matched frame over all scan:4

DEBUG:root:Errors over all scan:106

DEBUG:root:Nomatch
DEBUG:root:Under real time Point counter:0.113151073456

DEBUG:root:Matched frame over all scan:229

DEBUG:root:Errors over all scan:92

DEBUG:root:Nomatch
DEBUG:root:Under real time Point counter:0.122985839844

DEBUG:root:Matched frame over all scan:225

DEBUG:root:Errors over all scan:99

DEBUG:root:Nomatch
DEBUG:root:Under real time Point counter:0.125158786774

DEBUG:root:Matched frame over all scan:225

DEBUG:root:Errors over all scan:100

DEBUG:root:Nomatch
DEBUG:root:Under real time Point counter:0.108431816101

DEBUG:root:Matched frame over all scan:225

DEBUG:root:Errors over all scan:100

DEBUG:root:Nomatch
DEBUG:root:Under real time Point counter:0.123428106308

DEBUG:root:Matched frame over all scan:229

DEBUG:root:Errors over all scan:100

DEBUG:root:Nomatch
DEBUG:root:Under real time Point counter:0.11066198349

DEBUG:root:Matched frame over all scan:13

DEBUG:root:Errors over all scan:100

DEBUG:root:Nomatch
DEBUG:root:Under real time Point counter:0.118512153625

DEBUG:root:Matched frame over all scan:225

DEBUG:root:Errors over all scan:99

DEBUG:root:Nomatch
DEBUG:root:Under real time Point counter:0.123982906342

DEBUG:root:Matched frame over all scan:225

DEBUG:root:Errors over all scan:99

DEBUG:root:Nomatch
DEBUG:root:Under real time Point counter:0.133361816406

DEBUG:root:Matched frame over all scan:229

DEBUG:root:Errors over all scan:103

DEBUG:root:Nomatch
DEBUG:root:Under real time Point counter:0.13990688324

DEBUG:root:Matched frame over all scan:225

DEBUG:root:Errors over all scan:100

DEBUG:root:Nomatch
DEBUG:root:Under real time Point counter:0.121168136597

DEBUG:root:Matched frame over all scan:225

DEBUG:root:Errors over all scan:100

DEBUG:root:Nomatch
DEBUG:root:Under real time Point counter:0.116320848465

DEBUG:root:Matched frame over all scan:229

DEBUG:root:Errors over all scan:98

DEBUG:root:Nomatch
DEBUG:root:Under real time Point counter:0.121895074844

DEBUG:root:Matched frame over all scan:225

DEBUG:root:Errors over all scan:100

DEBUG:root:Nomatch
DEBUG:root:Under real time Point counter:0.124271154404

DEBUG:root:Matched frame over all scan:229

DEBUG:root:Errors over all scan:101

DEBUG:root:Nomatch
DEBUG:root:Under real time Point counter:0.126286029816

DEBUG:root:Matched frame over all scan:225

DEBUG:root:Errors over all scan:100

DEBUG:root:Nomatch
DEBUG:root:Under real time Point counter:0.127336978912

DEBUG:root:Matched frame over all scan:60

DEBUG:root:Errors over all scan:114

DEBUG:root:Nomatch
DEBUG:root:Under real time Point counter:0.117068052292

DEBUG:root:Matched frame over all scan:225

DEBUG:root:Errors over all scan:107

DEBUG:root:Nomatch
DEBUG:root:Under real time Point counter:0.118937015533

DEBUG:root:Matched frame over all scan:225

DEBUG:root:Errors over all scan:105

DEBUG:root:Nomatch
DEBUG:root:Under real time Point counter:0.114123821259

DEBUG:root:Matched frame over all scan:225

DEBUG:root:Errors over all scan:112

DEBUG:root:Nomatch
DEBUG:root:Under real time Point counter:0.123800039291

DEBUG:root:Matched frame over all scan:93

DEBUG:root:Errors over all scan:110

DEBUG:root:Nomatch
DEBUG:root:Under real time Point counter:0.126749038696

DEBUG:root:Matched frame over all scan:225

DEBUG:root:Errors over all scan:110

DEBUG:root:Nomatch
DEBUG:root:Under real time Point counter:0.116693973541

DEBUG:root:Matched frame over all scan:93

DEBUG:root:Errors over all scan:110

DEBUG:root:Nomatch
DEBUG:root:Under real time Point counter:0.122902870178

DEBUG:root:Matched frame over all scan:230

DEBUG:root:Errors over all scan:118

DEBUG:root:Nomatch
DEBUG:root:Under real time Point counter:0.122564077377

DEBUG:root:Matched frame over all scan:93

DEBUG:root:Errors over all scan:117

DEBUG:root:Nomatch
DEBUG:root:Under real time Point counter:0.127180814743

DEBUG:root:Matched frame over all scan:93

DEBUG:root:Errors over all scan:111

DEBUG:root:Nomatch
DEBUG:root:Under real time Point counter:0.123491048813

DEBUG:root:Matched frame over all scan:225

DEBUG:root:Errors over all scan:109

DEBUG:root:Nomatch
DEBUG:root:Under real time Point counter:0.117200136185

DEBUG:root:Matched frame over all scan:225

DEBUG:root:Errors over all scan:110

DEBUG:root:Nomatch
DEBUG:root:Under real time Point counter:0.135875940323

DEBUG:root:Matched frame over all scan:93

DEBUG:root:Errors over all scan:113

DEBUG:root:Nomatch
DEBUG:root:Under real time Point counter:0.110759019852

DEBUG:root:Matched frame over all scan:121

DEBUG:root:Errors over all scan:112

DEBUG:root:Nomatch
DEBUG:root:Under real time Point counter:0.136725902557

DEBUG:root:Matched frame over all scan:16

DEBUG:root:Errors over all scan:114

DEBUG:root:Nomatch
DEBUG:root:Under real time Point counter:0.113826990128

DEBUG:root:Matched frame over all scan:225

DEBUG:root:Errors over all scan:111

DEBUG:root:Nomatch
DEBUG:root:Under real time Point counter:0.131299972534

DEBUG:root:Matched frame over all scan:225

DEBUG:root:Errors over all scan:103

DEBUG:root:Nomatch
DEBUG:root:Under real time Point counter:0.124371051788

DEBUG:root:Matched frame over all scan:225

DEBUG:root:Errors over all scan:109

DEBUG:root:Nomatch
DEBUG:root:Under real time Point counter:0.111895084381

DEBUG:root:Matched frame over all scan:225

DEBUG:root:Errors over all scan:102

DEBUG:root:Nomatch
DEBUG:root:Under real time Point counter:0.11944103241

DEBUG:root:Matched frame over all scan:225

DEBUG:root:Errors over all scan:107

DEBUG:root:Nomatch
DEBUG:root:Under real time Point counter:0.11908197403

DEBUG:root:Matched frame over all scan:16

DEBUG:root:Errors over all scan:111

DEBUG:root:Nomatch
DEBUG:root:Under real time Point counter:0.11397600174

DEBUG:root:Matched frame over all scan:225

DEBUG:root:Errors over all scan:102

DEBUG:root:Nomatch
DEBUG:root:Under real time Point counter:0.108810901642

DEBUG:root:Matched frame over all scan:225

DEBUG:root:Errors over all scan:106

DEBUG:root:Nomatch
DEBUG:root:Under real time Point counter:0.126479148865

DEBUG:root:Matched frame over all scan:225

DEBUG:root:Errors over all scan:107

DEBUG:root:Nomatch
DEBUG:root:Under real time Point counter:0.10955286026

DEBUG:root:Matched frame over all scan:225

DEBUG:root:Errors over all scan:108

DEBUG:root:Nomatch
DEBUG:root:Under real time Point counter:0.114966869354

DEBUG:root:Matched frame over all scan:225

DEBUG:root:Errors over all scan:107

DEBUG:root:Nomatch
DEBUG:root:Under real time Point counter:0.111280918121

DEBUG:root:Matched frame over all scan:225

DEBUG:root:Errors over all scan:110

DEBUG:root:Nomatch
DEBUG:root:Too small detection probably wrong
DEBUG:root:Under real time Point counter:0.11793088913

DEBUG:root:Matched frame over all scan:121

DEBUG:root:Errors over all scan:114

DEBUG:root:Nomatch
DEBUG:root:Under real time Point counter:0.129907846451

DEBUG:root:Matched frame over all scan:11

DEBUG:root:Errors over all scan:114

DEBUG:root:Nomatch
DEBUG:root:Under real time Point counter:0.137842178345

DEBUG:root:Matched frame over all scan:13

DEBUG:root:Errors over all scan:103

DEBUG:root:Nomatch
DEBUG:root:Under real time Point counter:0.143937826157

DEBUG:root:Matched frame over all scan:13

DEBUG:root:Errors over all scan:102

DEBUG:root:Nomatch
DEBUG:root:Under real time Point counter:0.127726793289

DEBUG:root:Matched frame over all scan:229

DEBUG:root:Errors over all scan:100

DEBUG:root:Nomatch
DEBUG:root:Under real time Point counter:0.140141963959

DEBUG:root:Matched frame over all scan:229

DEBUG:root:Errors over all scan:99

DEBUG:root:Nomatch
DEBUG:root:Under real time Point counter:0.129463195801

DEBUG:root:Matched frame over all scan:229

DEBUG:root:Errors over all scan:101

DEBUG:root:Nomatch
DEBUG:root:Under real time Point counter:0.120164871216

DEBUG:root:Matched frame over all scan:13

DEBUG:root:Errors over all scan:102

DEBUG:root:Nomatch
DEBUG:root:Under real time Point counter:0.123710870743

DEBUG:root:Matched frame over all scan:229

DEBUG:root:Errors over all scan:107

DEBUG:root:Nomatch
DEBUG:root:Under real time Point counter:0.119309902191

DEBUG:root:Matched frame over all scan:229

DEBUG:root:Errors over all scan:100

DEBUG:root:Nomatch
DEBUG:root:Under real time Point counter:0.133724927902

DEBUG:root:Matched frame over all scan:229

DEBUG:root:Errors over all scan:109

DEBUG:root:Nomatch
DEBUG:root:Under real time Point counter:0.134390830994

DEBUG:root:Matched frame over all scan:225

DEBUG:root:Errors over all scan:110

DEBUG:root:Nomatch
DEBUG:root:Under real time Point counter:0.122323989868

DEBUG:root:Matched frame over all scan:225

DEBUG:root:Errors over all scan:107

DEBUG:root:Nomatch
DEBUG:root:Under real time Point counter:0.126374959946

DEBUG:root:Matched frame over all scan:17

DEBUG:root:Errors over all scan:117

DEBUG:root:Nomatch
DEBUG:root:Under real time Point counter:0.122790813446

DEBUG:root:Matched frame over all scan:225

DEBUG:root:Errors over all scan:107

DEBUG:root:Nomatch
DEBUG:root:Under real time Point counter:0.125066041946

DEBUG:root:Matched frame over all scan:225

DEBUG:root:Errors over all scan:107

DEBUG:root:Nomatch
DEBUG:root:Under real time Point counter:0.119757890701

DEBUG:root:Matched frame over all scan:225

DEBUG:root:Errors over all scan:113

DEBUG:root:Nomatch
DEBUG:root:Under real time Point counter:0.126451015472

DEBUG:root:Matched frame over all scan:225

DEBUG:root:Errors over all scan:110

DEBUG:root:Nomatch
DEBUG:root:Under real time Point counter:0.122457027435

DEBUG:root:Matched frame over all scan:225

DEBUG:root:Errors over all scan:112

DEBUG:root:Nomatch
DEBUG:root:Under real time Point counter:0.119902849197

DEBUG:root:Matched frame over all scan:17

DEBUG:root:Errors over all scan:113

DEBUG:root:Nomatch
DEBUG:root:Under real time Point counter:0.121651172638

DEBUG:root:Matched frame over all scan:111

DEBUG:root:Errors over all scan:112

DEBUG:root:Nomatch
DEBUG:root:Under real time Point counter:0.130042076111

DEBUG:root:Matched frame over all scan:12

DEBUG:root:Errors over all scan:113

DEBUG:root:Nomatch
DEBUG:root:Under real time Point counter:0.124480962753

DEBUG:root:Matched frame over all scan:17

DEBUG:root:Errors over all scan:115

DEBUG:root:Nomatch
DEBUG:root:Under real time Point counter:0.119649887085

DEBUG:root:Matched frame over all scan:17

DEBUG:root:Errors over all scan:112

DEBUG:root:Nomatch
DEBUG:root:Under real time Point counter:0.123064041138

DEBUG:root:Matched frame over all scan:12

DEBUG:root:Errors over all scan:113

DEBUG:root:Nomatch
DEBUG:root:Under real time Point counter:0.107665061951

DEBUG:root:Matched frame over all scan:225

DEBUG:root:Errors over all scan:109

DEBUG:root:Nomatch
DEBUG:root:Under real time Point counter:0.119540929794

DEBUG:root:Matched frame over all scan:225

DEBUG:root:Errors over all scan:112

DEBUG:root:Nomatch
DEBUG:root:Under real time Point counter:0.122250795364

DEBUG:root:Matched frame over all scan:17

DEBUG:root:Errors over all scan:113

DEBUG:root:Nomatch
DEBUG:root:Under real time Point counter:0.120645046234

DEBUG:root:Matched frame over all scan:17

DEBUG:root:Errors over all scan:111

DEBUG:root:Nomatch
DEBUG:root:Under real time Point counter:0.119869232178

DEBUG:root:Matched frame over all scan:17

DEBUG:root:Errors over all scan:109

DEBUG:root:Nomatch
DEBUG:root:Under real time Point counter:0.113173007965

DEBUG:root:Matched frame over all scan:197

DEBUG:root:Errors over all scan:114

DEBUG:root:Nomatch
DEBUG:root:Under real time Point counter:0.119224071503

DEBUG:root:Matched frame over all scan:17

DEBUG:root:Errors over all scan:111

DEBUG:root:Nomatch
DEBUG:root:Under real time Point counter:0.124703884125

DEBUG:root:Matched frame over all scan:197

DEBUG:root:Errors over all scan:113

DEBUG:root:Nomatch
DEBUG:root:Under real time Point counter:0.123739004135

DEBUG:root:Matched frame over all scan:17

DEBUG:root:Errors over all scan:111

DEBUG:root:Nomatch
DEBUG:root:Under real time Point counter:0.11901807785

DEBUG:root:Matched frame over all scan:17

DEBUG:root:Errors over all scan:113

DEBUG:root:Nomatch
DEBUG:root:Under real time Point counter:0.119621038437

DEBUG:root:Matched frame over all scan:197

DEBUG:root:Errors over all scan:112

DEBUG:root:Nomatch
DEBUG:root:Under real time Point counter:0.120645999908

DEBUG:root:Matched frame over all scan:197

DEBUG:root:Errors over all scan:114

DEBUG:root:Nomatch
DEBUG:root:Under real time Point counter:0.128582000732

DEBUG:root:Matched frame over all scan:225

DEBUG:root:Errors over all scan:111

DEBUG:root:Nomatch
DEBUG:root:Under real time Point counter:0.118400096893

DEBUG:root:Matched frame over all scan:225

DEBUG:root:Errors over all scan:113

DEBUG:root:Nomatch
DEBUG:root:Under real time Point counter:0.122080087662

DEBUG:root:Matched frame over all scan:225

DEBUG:root:Errors over all scan:114

DEBUG:root:Nomatch
DEBUG:root:Under real time Point counter:0.122866868973

DEBUG:root:Matched frame over all scan:225

DEBUG:root:Errors over all scan:113

DEBUG:root:Nomatch
DEBUG:root:Under real time Point counter:0.127342939377

DEBUG:root:Matched frame over all scan:225

DEBUG:root:Errors over all scan:113

DEBUG:root:Nomatch
DEBUG:root:Under real time Point counter:0.11444401741

DEBUG:root:Matched frame over all scan:225

DEBUG:root:Errors over all scan:112

DEBUG:root:Nomatch
DEBUG:root:Under real time Point counter:0.126543045044

DEBUG:root:Matched frame over all scan:179

DEBUG:root:Errors over all scan:113

DEBUG:root:Nomatch
DEBUG:root:Under real time Point counter:0.118694067001

DEBUG:root:Matched frame over all scan:24

DEBUG:root:Errors over all scan:113

DEBUG:root:Nomatch
DEBUG:root:Under real time Point counter:0.126822948456

DEBUG:root:Matched frame over all scan:24

DEBUG:root:Errors over all scan:114

DEBUG:root:Nomatch
DEBUG:root:Under real time Point counter:0.116738080978

DEBUG:root:Matched frame over all scan:225

DEBUG:root:Errors over all scan:111

DEBUG:root:Nomatch
DEBUG:root:Under real time Point counter:0.121248006821

DEBUG:root:Matched frame over all scan:225

DEBUG:root:Errors over all scan:112

DEBUG:root:Nomatch
DEBUG:root:Under real time Point counter:0.124625921249

DEBUG:root:Matched frame over all scan:16

DEBUG:root:Errors over all scan:112

DEBUG:root:Nomatch
DEBUG:root:Under real time Point counter:0.119771957397

DEBUG:root:Matched frame over all scan:21

DEBUG:root:Errors over all scan:115

DEBUG:root:Nomatch
DEBUG:root:Under real time Point counter:0.108922958374

DEBUG:root:Matched frame over all scan:225

DEBUG:root:Errors over all scan:112

DEBUG:root:Nomatch
DEBUG:root:Under real time Point counter:0.133694887161

DEBUG:root:Matched frame over all scan:229

DEBUG:root:Errors over all scan:110

DEBUG:root:Nomatch
DEBUG:root:Under real time Point counter:0.126466035843

DEBUG:root:Matched frame over all scan:225

DEBUG:root:Errors over all scan:104

DEBUG:root:Nomatch
DEBUG:root:Under real time Point counter:0.111744880676

DEBUG:root:Matched frame over all scan:229

DEBUG:root:Errors over all scan:104

DEBUG:root:Nomatch
DEBUG:root:Under real time Point counter:0.120245933533

DEBUG:root:Matched frame over all scan:229

DEBUG:root:Errors over all scan:110

DEBUG:root:Nomatch
DEBUG:root:Under real time Point counter:0.118072032928

DEBUG:root:Matched frame over all scan:225

DEBUG:root:Errors over all scan:109

DEBUG:root:Nomatch
DEBUG:root:Under real time Point counter:0.110105991364

DEBUG:root:Matched frame over all scan:93

DEBUG:root:Errors over all scan:113

DEBUG:root:Nomatch
DEBUG:root:Under real time Point counter:0.108052015305

DEBUG:root:Matched frame over all scan:225

DEBUG:root:Errors over all scan:110

DEBUG:root:Nomatch
DEBUG:root:Under real time Point counter:0.113309860229

DEBUG:root:Matched frame over all scan:225

DEBUG:root:Errors over all scan:112

DEBUG:root:Nomatch
DEBUG:root:Under real time Point counter:0.125281095505

DEBUG:root:Matched frame over all scan:225

DEBUG:root:Errors over all scan:113

DEBUG:root:Nomatch
DEBUG:root:Under real time Point counter:0.116460800171

DEBUG:root:Matched frame over all scan:229

DEBUG:root:Errors over all scan:111

DEBUG:root:Nomatch
DEBUG:root:Under real time Point counter:0.124948978424

DEBUG:root:Matched frame over all scan:225

DEBUG:root:Errors over all scan:110

DEBUG:root:Nomatch
DEBUG:root:Under real time Point counter:0.1190969944

DEBUG:root:Matched frame over all scan:225

DEBUG:root:Errors over all scan:108

DEBUG:root:Nomatch
DEBUG:root:Under real time Point counter:0.138819932938

DEBUG:root:Matched frame over all scan:93

DEBUG:root:Errors over all scan:111

DEBUG:root:Nomatch
DEBUG:root:Under real time Point counter:0.128895044327

DEBUG:root:Matched frame over all scan:93

DEBUG:root:Errors over all scan:111

DEBUG:root:Nomatch
DEBUG:root:Under real time Point counter:0.120637893677

DEBUG:root:Matched frame over all scan:229

DEBUG:root:Errors over all scan:108

DEBUG:root:Nomatch
DEBUG:root:Under real time Point counter:0.110638856888

DEBUG:root:Matched frame over all scan:93

DEBUG:root:Errors over all scan:111

DEBUG:root:Nomatch
DEBUG:root:Under real time Point counter:0.10259604454

DEBUG:root:Matched frame over all scan:93

DEBUG:root:Errors over all scan:111

DEBUG:root:Nomatch
DEBUG:root:Under real time Point counter:0.118428945541

DEBUG:root:Matched frame over all scan:225

DEBUG:root:Errors over all scan:108

DEBUG:root:Nomatch
DEBUG:root:Under real time Point counter:0.123983860016

DEBUG:root:Matched frame over all scan:225

DEBUG:root:Errors over all scan:110

DEBUG:root:Nomatch
DEBUG:root:Under real time Point counter:0.108877897263

DEBUG:root:Matched frame over all scan:93

DEBUG:root:Errors over all scan:112

DEBUG:root:Nomatch
DEBUG:root:Under real time Point counter:0.114964008331

DEBUG:root:Matched frame over all scan:93

DEBUG:root:Errors over all scan:110

DEBUG:root:Nomatch
DEBUG:root:Under real time Point counter:0.118449926376

DEBUG:root:Matched frame over all scan:93

DEBUG:root:Errors over all scan:112

DEBUG:root:Nomatch
DEBUG:root:Under real time Point counter:0.119547843933

DEBUG:root:Matched frame over all scan:225

DEBUG:root:Errors over all scan:110

DEBUG:root:Nomatch
DEBUG:root:Under real time Point counter:0.116176843643

DEBUG:root:Matched frame over all scan:93

DEBUG:root:Errors over all scan:110

DEBUG:root:Nomatch
DEBUG:root:Under real time Point counter:0.117616891861

DEBUG:root:Matched frame over all scan:93

DEBUG:root:Errors over all scan:111

DEBUG:root:Nomatch
DEBUG:root:Under real time Point counter:0.113956212997

DEBUG:root:Matched frame over all scan:225

DEBUG:root:Errors over all scan:110

DEBUG:root:Nomatch
DEBUG:root:Under real time Point counter:0.119781017303

DEBUG:root:Matched frame over all scan:225

DEBUG:root:Errors over all scan:105

DEBUG:root:Nomatch
DEBUG:root:Under real time Point counter:0.120743989944

DEBUG:root:Matched frame over all scan:225

DEBUG:root:Errors over all scan:110

DEBUG:root:Nomatch
DEBUG:root:Under real time Point counter:0.12372303009

DEBUG:root:Matched frame over all scan:225

DEBUG:root:Errors over all scan:113

DEBUG:root:Nomatch
DEBUG:root:Under real time Point counter:0.115673065186

DEBUG:root:Matched frame over all scan:225

DEBUG:root:Errors over all scan:109

DEBUG:root:Nomatch
DEBUG:root:Under real time Point counter:0.115727186203

DEBUG:root:Matched frame over all scan:225

DEBUG:root:Errors over all scan:110

DEBUG:root:Nomatch
DEBUG:root:Under real time Point counter:0.127770900726

DEBUG:root:Matched frame over all scan:225

DEBUG:root:Errors over all scan:108

DEBUG:root:Nomatch
DEBUG:root:Under real time Point counter:0.111880064011

DEBUG:root:Matched frame over all scan:229

DEBUG:root:Errors over all scan:98

DEBUG:root:Nomatch
DEBUG:root:Under real time Point counter:0.123852968216

DEBUG:root:Matched frame over all scan:225

DEBUG:root:Errors over all scan:111

DEBUG:root:Nomatch
DEBUG:root:Under real time Point counter:0.135280132294

DEBUG:root:Matched frame over all scan:60

DEBUG:root:Errors over all scan:114

DEBUG:root:Nomatch
DEBUG:root:Under real time Point counter:0.108850002289

DEBUG:root:Matched frame over all scan:225

DEBUG:root:Errors over all scan:112

DEBUG:root:Nomatch
DEBUG:root:Under real time Point counter:0.126236915588

DEBUG:root:Matched frame over all scan:225

DEBUG:root:Errors over all scan:111

DEBUG:root:Nomatch
DEBUG:root:Under real time Point counter:0.119571208954

DEBUG:root:Matched frame over all scan:225

DEBUG:root:Errors over all scan:113

DEBUG:root:Nomatch
DEBUG:root:Under real time Point counter:0.11546087265

DEBUG:root:Matched frame over all scan:189

DEBUG:root:Errors over all scan:113

DEBUG:root:Nomatch
DEBUG:root:Under real time Point counter:0.115789890289

DEBUG:root:Matched frame over all scan:16

DEBUG:root:Errors over all scan:110

DEBUG:root:Nomatch
DEBUG:root:Under real time Point counter:0.123996973038

DEBUG:root:Matched frame over all scan:12

DEBUG:root:Errors over all scan:110

DEBUG:root:Nomatch
DEBUG:root:Under real time Point counter:0.119115114212

DEBUG:root:Matched frame over all scan:140

DEBUG:root:Errors over all scan:113

DEBUG:root:Nomatch
DEBUG:root:Under real time Point counter:0.122850894928

DEBUG:root:Matched frame over all scan:34

DEBUG:root:Errors over all scan:113

DEBUG:root:Nomatch
DEBUG:root:Under real time Point counter:0.109977006912

DEBUG:root:Matched frame over all scan:229

DEBUG:root:Errors over all scan:106

DEBUG:root:Nomatch
DEBUG:root:Under real time Point counter:0.123899936676

DEBUG:root:Matched frame over all scan:225

DEBUG:root:Errors over all scan:103

DEBUG:root:Nomatch
DEBUG:root:Under real time Point counter:0.130438089371

DEBUG:root:Matched frame over all scan:13

DEBUG:root:Errors over all scan:101

DEBUG:root:Nomatch
DEBUG:root:Under real time Point counter:0.12607884407

DEBUG:root:Matched frame over all scan:197

DEBUG:root:Errors over all scan:111

DEBUG:root:Nomatch
DEBUG:root:Under real time Point counter:0.119713068008

DEBUG:root:Matched frame over all scan:140

DEBUG:root:Errors over all scan:109

DEBUG:root:Nomatch
DEBUG:root:Under real time Point counter:0.129966974258

DEBUG:root:Matched frame over all scan:90

DEBUG:root:Errors over all scan:112

DEBUG:root:Nomatch
DEBUG:root:Under real time Point counter:0.111130952835

DEBUG:root:Matched frame over all scan:93

DEBUG:root:Errors over all scan:114

DEBUG:root:Nomatch
DEBUG:root:Under real time Point counter:0.126080036163

DEBUG:root:Matched frame over all scan:24

DEBUG:root:Errors over all scan:111

DEBUG:root:Nomatch
DEBUG:root:Under real time Point counter:0.131964921951

DEBUG:root:Matched frame over all scan:225

DEBUG:root:Errors over all scan:108

DEBUG:root:Nomatch
DEBUG:root:Under real time Point counter:0.121548175812

DEBUG:root:Matched frame over all scan:225

DEBUG:root:Errors over all scan:109

DEBUG:root:Nomatch
DEBUG:root:Under real time Point counter:0.117758989334

DEBUG:root:Matched frame over all scan:225

DEBUG:root:Errors over all scan:112

DEBUG:root:Nomatch
DEBUG:root:Under real time Point counter:0.122704982758

DEBUG:root:Matched frame over all scan:179

DEBUG:root:Errors over all scan:109

DEBUG:root:Nomatch
DEBUG:root:Under real time Point counter:0.123252153397

DEBUG:root:Matched frame over all scan:17

DEBUG:root:Errors over all scan:112

DEBUG:root:Nomatch
DEBUG:root:Under real time Point counter:0.129474878311

DEBUG:root:Matched frame over all scan:225

DEBUG:root:Errors over all scan:106

DEBUG:root:Nomatch
DEBUG:root:Under real time Point counter:0.130083084106

DEBUG:root:Matched frame over all scan:225

DEBUG:root:Errors over all scan:103

DEBUG:root:Nomatch
DEBUG:root:Under real time Point counter:0.119052886963

DEBUG:root:Matched frame over all scan:17

DEBUG:root:Errors over all scan:110

DEBUG:root:Nomatch
DEBUG:root:Under real time Point counter:0.131720781326

DEBUG:root:Matched frame over all scan:225

DEBUG:root:Errors over all scan:106

DEBUG:root:Nomatch
DEBUG:root:Under real time Point counter:0.13561797142

DEBUG:root:Matched frame over all scan:225

DEBUG:root:Errors over all scan:105

DEBUG:root:Nomatch
DEBUG:root:Under real time Point counter:0.130859136581

DEBUG:root:Matched frame over all scan:225

DEBUG:root:Errors over all scan:106

DEBUG:root:Nomatch
DEBUG:root:Under real time Point counter:0.107816934586

DEBUG:root:Matched frame over all scan:17

DEBUG:root:Errors over all scan:111

DEBUG:root:Nomatch
DEBUG:root:Under real time Point counter:0.116991996765

DEBUG:root:Matched frame over all scan:225

DEBUG:root:Errors over all scan:103

DEBUG:root:Nomatch
DEBUG:root:Under real time Point counter:0.127022027969

DEBUG:root:Matched frame over all scan:199

DEBUG:root:Errors over all scan:109

DEBUG:root:Nomatch
DEBUG:root:Under real time Point counter:0.12459897995

DEBUG:root:Matched frame over all scan:225

DEBUG:root:Errors over all scan:101

DEBUG:root:Nomatch
DEBUG:root:Under real time Point counter:0.124387979507

DEBUG:root:Matched frame over all scan:163

DEBUG:root:Errors over all scan:108

DEBUG:root:Nomatch
DEBUG:root:Under real time Point counter:0.114969015121

DEBUG:root:Matched frame over all scan:225

DEBUG:root:Errors over all scan:106

DEBUG:root:Nomatch
DEBUG:root:Under real time Point counter:0.12535405159

DEBUG:root:Matched frame over all scan:225

DEBUG:root:Errors over all scan:107

DEBUG:root:Nomatch
DEBUG:root:Under real time Point counter:0.118218898773

DEBUG:root:Matched frame over all scan:225

DEBUG:root:Errors over all scan:103

DEBUG:root:Nomatch
DEBUG:root:Under real time Point counter:0.130748033524

DEBUG:root:Matched frame over all scan:225

DEBUG:root:Errors over all scan:108

DEBUG:root:Nomatch
DEBUG:root:Under real time Point counter:0.125010967255

DEBUG:root:Matched frame over all scan:225

DEBUG:root:Errors over all scan:105

DEBUG:root:Nomatch
DEBUG:root:Under real time Point counter:0.126806974411

DEBUG:root:Matched frame over all scan:225

DEBUG:root:Errors over all scan:102

DEBUG:root:Nomatch
DEBUG:root:Under real time Point counter:0.13002204895

DEBUG:root:Matched frame over all scan:13

DEBUG:root:Errors over all scan:111

DEBUG:root:Nomatch
