DEBUG:root:Under real time Point counter:7.70092010498e-05

DEBUG:root:bitarray('11101110110000011111100110000011111011100110111001110111011001100111010010011110111011001011111000011101000110110011110011100110010010110000001000000111100011000100101000011111001000000000111100001000110100010001101010001110100000111100011111001000100000100001000100101000')
DEBUG:root:Real time1486834678.88

DEBUG:root:bitarray('11111110110000011111100110000011111011100000110001111110010000000100010000000000100000000011011000010110000110011011111011110111011010110000000000100111100011001100101000011111101100000000110100001100000100111000001011110000101000000100001011000100100001100011001100101000')
DEBUG:root:Real time1486834678.99

DEBUG:root:bitarray('11111111110000011111100010000011111111110000110001111110010000000100010000000000100000000011011000010110000110011011111011110111011010111001110000100001110011011110011000011111101100000000110100001100000100111000001011110000101000000100001011000100100001100011001100101000')
DEBUG:root:Real time1486834679.09

DEBUG:root:bitarray('11111111110000011111111010000011111111110000111011111111011001000111010000001110101000110011011000010110000111011011111011110111011010111100000010000111100000010010001000011111100100000000111100001100000100010000001000000000100100000101000011000010100000100001000100101000')
DEBUG:root:Real time1486834679.19

DEBUG:root:bitarray('11111111110000011111111010000011111111110000111011111111011001000111010000001110101000110011011000010110000111011011111011110111011010111100000010000111100000010010001000011111100100000000111100001100000100010000001000000000100100000101000011000010100000100001000100101000')
DEBUG:root:Real time1486834679.29

DEBUG:root:bitarray('11111111110000011111111110000011111111110000111011111111010011001111010010001110111000110011011100010111010111101011101011110101011010111100000010000101100000010011001000011111110000000000111100001100000100010000001000000000100100000101000001000010100000100001010100101000')
DEBUG:root:Real time1486834679.4

DEBUG:root:bitarray('11111111110000011111111110000011111111110000111011111111010011001111010010001110111000110011011100010111010111101011101011110101011010111100000010000101100000010011001000011111110000000000111100001100000100010000001000000000100100000101000001000010100000100001010100101000')
DEBUG:root:Real time1486834679.5

DEBUG:root:bitarray('11111101110000011111111110000011111111111000111011111111010011000000010110000100111100010011111110010111100101100011110011100110011010111100000000000101101000000001001000011111110100001001111100001001100100010010001000000000100000000101000001001001101000100001000100101000')
DEBUG:root:Real time1486834679.6

DEBUG:root:bitarray('11111101110000011111111110000011111111111000111011111111010011000000010110000100111100010011111110010111100101100011110011100110011010111100000000000101101000000001001000011111110100001001111100001001100100010010001000000000100000000101000001001001101000100001000100101000')
DEBUG:root:Under real time Point counter:0.114107131958

DEBUG:root:bitarray('11111101110000011111101110000011111111100000111011111100010011001111010000000100111000000011111000010011100111110011110011100111010010101100000010000101110000000000101000011111000000000001111100001001000100001010001000000001100000000100001001010100101000100001000101101000')
DEBUG:root:Real time1486834679.82

DEBUG:root:bitarray('11111100111000011111100111000011111111100000111111111110011001101111010000000100111000000011111000010011100111110011110011100111010010100110000101000110110000000010001100011111100010000001111100001100000100001010001000000001100000000100001001010100101000100001000101101000')
DEBUG:root:Real time1486834679.92

DEBUG:root:bitarray('11111111111001011111100011000011111110011000111111001100011111001100011110011000111000100011000010010011110100011010011010010101011010101001111111111100000111111111100001111100111000000110011100000110011100001101111000111111101111111101110111011011101100101101010100101000')
DEBUG:root:Real time1486834680.02

DEBUG:root:bitarray('11111111111001011111100011000011111110011000111111001100011111001100011110011000111000100011000010010011110100011010011010010101011010101001111111111100000111111111100001111100111000000110011100000110011100001101111000111111101111111101110111011011101100101101010100101000')
DEBUG:root:Real time1486834680.12

DEBUG:root:bitarray('10111111111000011111111111000011111110110000111111011000011111011000011110110010111000011011001111010011110111111011011010110101011010100001111111101100000111111111100001111101111000001110111100000100111100011001101001111111101111111101101111010011101101101001010100101000')
DEBUG:root:Real time1486834680.22

DEBUG:root:bitarray('10111111111000011111111111000011111110110000111111011000011111011000011110110010111000011011001111010011110111111011011010110101011010100001111111101100000111111111100001111101111000001110111100000100111100011001101001111111101111111101101111010011101101101001010100101000')
DEBUG:root:Real time1486834680.32

DEBUG:root:bitarray('10111111111000011111111111100011111110011000111111001100011111011000011110010010111000001011001111010011110101011011011010110101011010100001111111101100000111111111100000111100111000000110011100000110111100001101111001110111101111111101110111010011101100101001010100101000')
DEBUG:root:Real time1486834680.43

DEBUG:root:bitarray('10111111111000011111111111100011111110011000111111001100011111011000011110010010111000111011001110010011100101100011011010110101011010100001111111101100000111111111100000111100111000000110011100000100111100001101101001110111101110011101100111010011101101101001010100101000')
DEBUG:root:Real time1486834680.53

DEBUG:root:bitarray('10111111111000011111100111000011111110111000111111011100011111011000011110010010111000111011001110010011100101100011011010110101011010100001111111101100000111111111100000111100111000000110111100000100111100001101101001110111101110011101100111010011101101101001010100101000')
DEBUG:root:Real time1486834680.63

DEBUG:root:bitarray('11111111111111011111111111000011111110110000111111001100011111011000011110110010111001001011001111010011110101011010011010010101011010101111111111111101001111111111100001111101111000001110011100000110111100001001111000110111101111111101100111010011101100101101010100101000')
DEBUG:root:Real time1486834680.73

DEBUG:root:bitarray('11111111111111011111111111000011111110110000111111001100011111011000011110110010111001001011001111010011110101011010011010010101011010101111111111111101001111111111100001111101111000001110011100000110111100001001111000110111101111111101100111010011101100101101010100101000')
DEBUG:root:Real time1486834680.83

DEBUG:root:bitarray('10111111111000011111110111000011111110111000111111011100011111011000011110010000111000011011001111010011110101111010011010110101011010100001111111101100000111111111100000111100111000000110011100000110111100001101111001110111101111111101111111010011101100101001010100101000')
DEBUG:root:Real time1486834680.94

DEBUG:root:bitarray('11111111111111011111110111000011111110011000111111001100011111001100011110010000111000000011000111010011110100011010011010110101011010101001111111111100001111111111100001111100111000000110011100000110011100001101111000110111101111111101110111011001101100101001010100101000')
DEBUG:root:Real time1486834681.04

DEBUG:root:bitarray('11111111111111011111110111000011111110011000111111001100011111001100011110010000111000000011000111010011110100011010011010110101011010101001111111111100001111111111100001111100111000000110011100000110011100001101111000110111101111111101110111011001101100101001010100101000')
DEBUG:root:Real time1486834681.15

DEBUG:root:bitarray('11001111111011011000111110001011100111110010111001111000011111100110011110000100111100000011110000011000000110000010000010000100011010110111100010011100011100011001100001100110011000110010011100110110101100001111011000011111100001111100011111001100011110101101010100101000')
DEBUG:root:Real time1486834681.25

DEBUG:root:bitarray('01001111111011011000111111001011000111110110111110011110011111000010011111000100111100000011100000011000000111100011100011000110010010110111100010011100111100010001101001100001111000001111011100001111101100001111011000000111100001111100011111000011100011100111011100101000')
DEBUG:root:Under real time Point counter:0.114094018936

DEBUG:root:bitarray('11101111011100011101111011011011011100110110111110011110011111000010011111000100111100000011100000011000000111100011100011000110010010110010000111100100010001111100100000011001111000001111011100001111101100001111011000000111100001111100011111000011100011100111011100101000')
DEBUG:root:Real time1486834681.47

DEBUG:root:bitarray('11101111011111011001110011011011111100111110111110011100011110011111011111110110111111001010111000010110000111100011100011000111011010110000001100111101000001100101100000101001111000000100111100000100111100001001011000100111100000111101001111000011100011100001000100101000')
DEBUG:root:Real time1486834681.58

DEBUG:root:bitarray('11001111001111011101110011111011111100111110111110011100011110011101011111110010101111000011011100010011000111100011100011100111011010110000000110111100000000100101100000101001011000000100111100001100111100000001101000100111100100011101000111000011100011100011000100101000')
DEBUG:root:Real time1486834681.68

DEBUG:root:bitarray('11001111001111011101110011111011111100111110111110011100011110011101011111110010101111000011011100010011000111100011100011100111011010110000000110111100000000100101100000101001011000000100111100001100111100000001101000100111100100011101000111000011100011100011000100101000')
DEBUG:root:Real time1486834681.8

DEBUG:root:bitarray('11101111001111011101111001111011111100111110111100011100011110011100011101110100111011010011011000010011000101100011100011100111011010110100000110111100000000110101100000111001111000011000111100001100111100001001011000100111100100011101000111010011100011100001000100101000')
DEBUG:root:Real time1486834681.9

DEBUG:root:bitarray('11011111001111011001111011011011111100110110111110011000011110111000011111110000111111000010011000010111000111100011100011100110011010110100000110101100100001100101100000111001011000011101011100001101101100000001011000000111100100111101000111000011100011100011000100101000')
DEBUG:root:Under real time Point counter:0.100430011749

DEBUG:root:bitarray('11001111001111011001111011011011111100110010111110011000011110011000011111110000101111000010111000011110000111000011100011000111011010110100000110101100100001100100100000111001011000011101011100011001101100000001011000000111101000111100001111000111100011100111010100101000')
DEBUG:root:Real time1486834682.1

DEBUG:root:bitarray('11101111001111011001111011110010011100111000111110011100011110011100011111110000101111000010111000011110000111100011100011000111011010110000000110111100100000110100101000111001011000001100111100001100111100001001011000000111100000111100100111000011100011100001010100101000')
DEBUG:root:Real time1486834682.2

DEBUG:root:bitarray('11101111001111011101111001100011011100111000111110011100011110011100011111111000101111000011111000011110000111100011100011100101011010110000000110110100100000110110101000011001011000001100111100001100111100001001011000000111100010111100101111010011100011100001010100101000')
DEBUG:root:Real time1486834682.31

DEBUG:root:bitarray('11101111001111011101111001100011011100111000111110011100011110011100011111111000101111000011111000011110000111100011100011100101011010110000000110110100100000110110101000011001011000001100111100001100111100001001011000000111100010111100101111010011100011100001010100101000')
DEBUG:root:Real time1486834682.41

DEBUG:root:bitarray('11101111001110011101111001100011011100111000111110011100011110001100011111011000111100000011100000011011000111100011100011010101011010110010000110110100100000110101101000111001011000001100111100001100111100001001011000100111100010011100100111000011100001100001010100101000')
DEBUG:root:Real time1486834682.51

DEBUG:root:bitarray('11101111001110011101111001100011011100111000111110011100011110001100011111011000111100000011100000011011000111100011100011010101011010110010000110110100100000110101101000111001011000001100111100001100111100001001011000100111100010011100100111000011100001100001010100101000')
DEBUG:root:Real time1486834682.61

DEBUG:root:bitarray('11101111011101011001111011001010011100110010111110011001011111110001011111100110111011001011011001011110010111001011001011010101011010110100001111101100100001101110101000111001101000001001110100001101110100000011101000000110100100110100001101000110100110100101010100101000')
DEBUG:root:Real time1486834682.71

DEBUG:root:bitarray('11101111011101011001111011001010011100110010111110011001011111110001011111100110111011001011011001011110010111001011001011010101011010110100001111101100100001101110101000111001101000001001110100001101110100000011101000000110100100110100001101000110100110100101010100101000')
DEBUG:root:Real time1486834682.81

DEBUG:root:bitarray('11101111011101011001111011001010011100110010111110011001011111110001011111100110111011001011011001011110010111001011001011010101011010110100001111101100100001101110101000111001101000001001110100001101110100000011101000000110100100110100001101000110100110100101010100101000')
DEBUG:root:Real time1486834682.92

DEBUG:root:bitarray('10111001001111010110001011011011000100110110110111011111011111100111011111000100111110010011111000011110000111101011101010010101011010111100110001000101100100001000101100000010011010100011000101100011001101000100011010000001101100011101000001000000100000100001000100101000')
DEBUG:root:Real time1486834683.02

DEBUG:root:bitarray('11111111000111011100111000001011111110010010111111011001011111110011011111100110111110011011110000011100000111010011110011100110010010111000000111000101000000011100101000000111101000000001110100000001100100000011011000000111100000111100001111000101100000100011001101101000')
DEBUG:root:Real time1486834683.13

DEBUG:root:bitarray('11101111000111011101111000011011011110110010111111011001011111110011011111100110111110000011111000011110010111001011011010110111010010111000000111000111000000011100101000000111101000000001110100000001100100000011001000000111100000111100001101000110100100101001000100101000')
DEBUG:root:Real time1486834683.23

DEBUG:root:bitarray('11101111110011011101111010011011011100010110111110001111011111100011011111100110111110000011111000011110010111001011011010110111010010111000000011101101100000101100101000101100001000010011000100010011000100100011001000000111100000111100001101000110100100101001000100101000')
DEBUG:root:Real time1486834683.34

DEBUG:root:bitarray('00111111001111011110111001011011111110010010111101000111011011100011010111100000111110000011110000011100000111001010011011100110010010111000001110100101000000110000100000100110001000010011000100110111101101000001111000000111100000110100101101010110100100101001001100101000')
DEBUG:root:Real time1486834683.44

DEBUG:root:bitarray('10101111100111010100111000011011111100110110111111011000011011111000011111110010111111000011111000011010000101001011111011100100010010111100001011000101100011001100101000100001011000110000111100110000111100000001111000000111100000111100101101010110100100100011000100101000')
DEBUG:root:Real time1486834683.54

DEBUG:root:bitarray('10101111100111010100111000011011111100110110111111011000011011111000011111110010111111000011111000011010000101001011111011100100010010111100001011000101100011001100101000100001011000110000111100110000111100000001111000000111100000111100101101010110100100100011000100101000')
DEBUG:root:Real time1486834683.64

DEBUG:root:bitarray('11110000000111011000000011000010000011111000100001111110010011111110010111111110111111110011111100011110000100011010111011110110010010110110100000001100101100000000100111100110001011000111000100001111000100011110001001111000101011101100111111001111101001100011100101101000')
DEBUG:root:Real time1486834683.75

DEBUG:root:bitarray('11110000000011011000000110000010000011111000100011111100010011111110010111111100111111100011111100011110000100010010011011100110010010110110100000000100101100000000100111001110001010000111000100001111000100011000001001100000101001100100011111010011100100110001101101101000')
DEBUG:root:Real time1486834683.85

DEBUG:root:bitarray('11110000000011011000000110000010000011111000100011111100010011111110010111111100111111100011111100011110000100010010011011100110010010110110100000000100101100000000100111001110001010000111000100001111000100011000001001100000101001100100011111010011100100110001101101101000')
DEBUG:root:Real time1486834683.95

DEBUG:root:bitarray('11100001110011011000011110000010001101110000101110011100011110011100011101111000110111000010111000011110000110001010001010010101011010110100111110010101011111110000100111101110001010100011000100100111000101000110001000011000100110001100110001110010110110001001000100101000')
DEBUG:root:Real time1486834684.06

DEBUG:root:bitarray('11000001100011011000011110000010000001110000101000111000011001111000011111110000111110000011111000011100000110001010001010010111011010110100111100010101011111100000101101001110001011000111000101000111000101001100001000100001100001001100110101110110011100010001000100101000')
DEBUG:root:Under real time Point counter:0.114233016968

DEBUG:root:bitarray('11000001100011011000000110000010000001110000101000111000011001111000011111110000111110000011111000011100000110001010001010010111011010110010011100010100110111110000101101001110001011000111000101000111000101001100001000100001100001001100110101110110011100010001000100101000')
DEBUG:root:Real time1486834684.28

DEBUG:root:bitarray('10000000110000010001000110000010010011100000111001111000011011111000010111110000111110000011110000011100000100010010111011110111011010110110011110000100110110110000101011001100001001001110000101001110000101001000011000000011101000111100011110111100011000010001000100101000')
DEBUG:root:Real time1486834684.39

DEBUG:root:bitarray('10000000111000010001000111000010010001100000101111111000011111011000011111100000111110000011110000011000000100110010111011110111011010110110111111000100110111011000101111001100001011000110000101000110001100001000011001100011100000111100111010111100011000010001000100101000')
DEBUG:root:Real time1486834684.49

DEBUG:root:bitarray('10000000111000010000000110000010010011100000101001111100011111011000011111100000111110000011100000011000000100110010111011110111011010110110111111000101110110111000101011001100001011001110000101001110001100001000011001100011100000111100111110111100011000010001000100101000')
DEBUG:root:Under real time Point counter:0.103782892227

DEBUG:root:bitarray('10000000111000010000000110000010010011100000101001111100011111011000011111100000111110000011100000011000000100110010111011110111011010110110111111000101110110111000101011001100001011001110000101001110001100001000011001100011100000111100111110111100011000010001000100101000')
DEBUG:root:Under real time Point counter:0.103389024734

DEBUG:root:bitarray('10000000110000010001000111000010010001100000101111100000011111011000011111100000111110000011100000011000000100010010111011110111010010110110111111000100110111011000101111001100001011000110000101000110001100001000111001100111100001101101111010111100011000010001000100101000')
DEBUG:root:Under real time Point counter:0.117219924927

DEBUG:root:bitarray('10000000111000010001000111000010010001100000101111100000011111011000011111100000111110000011100000011000000100010010111011110111010010110110111111000100110111011000101111001100001011000110000101000110001100001000111001100111100001101101111010111100011000010001000100101000')
DEBUG:root:Real time1486834684.92

DEBUG:root:bitarray('11000000111000010000000111000010011001111000101110001100011110001000011110000000111100000011100000011000000101111011111011110111011010111110000111000101110100111000101001001110001100001111000100001111000100011100001001110011100001101101111011011101101100100001000100101000')
DEBUG:root:Real time1486834685.03

DEBUG:root:bitarray('11111110011101011111110011101011111100011010111110001001011110000001011100000110110000001010011000011111010111111011111011110111011010110111001111111011110001111101011000011111110100001111111010001111111010011111110000011111101001111100000111000001100000100001000101101000')
DEBUG:root:Real time1486834685.13

DEBUG:root:bitarray('11111110011101011111110011101011111100011010111110001001011110000001011100000110110000001010011000011111010111111011111011110111011010110111001111111011110001111101011000011111110100001111111010001111111010011111110000011111101001111100000111000001100000100001000101101000')
DEBUG:root:Real time1486834685.24

DEBUG:root:bitarray('11111110000001011111110000001011111100000010111110000001011110000001011100000000111110000011110000011100110111111011111011110111011010111111001111111011110000111111011000011111110100001111111010001111111010100111110110001111100001111100001011000100100000100001000101101000')
DEBUG:root:Real time1486834685.34

DEBUG:root:bitarray('11111110000001011111110000001011111100000010111110000001011110000001011110000000111110000011110000011100110111111011111011110111011010111111000111111011110000111111011000001111110100001111111010000111111010100111110110001111100001111100001011000100100000100001000100101000')
DEBUG:root:Real time1486834685.44

DEBUG:root:bitarray('11111110011100011111110011100011110100111000110010011000010110011000011101000010110100001010110000011101000111100011100011100110011010111111000111111011110000111111011001100111110100110011111011110001111011100001110110001001110011001100010011000011100001100011001100101000')
DEBUG:root:Real time1486834685.54

DEBUG:root:bitarray('11111110000000011111110000001011111100000010111110000011011110000011011000001110100000011010111111011111110101111011111011110111011010111111000111111011110000111111011000011111110100001111111010011111100001111110000011000000100100000100110001010000101000100001000100101000')
DEBUG:root:Real time1486834685.64

DEBUG:root:bitarray('11111110000000011111110000001011111100000010111110000011011110000011011000001110100000011010111111011111110101111011111011110111011010111111000111111011110000111111011000011111110100001111111010011111100001111110000011000000100100000100110001010000101000100001000100101000')
DEBUG:root:Real time1486834685.75

DEBUG:root:bitarray('11111110000001011111110000001011111100000010111110000011011110000011010000001110100000111010111111011111110101111011111011110111011010111111001111111011110000111111011000011111100100001111111010011111101011110110000111000000110000000101110001010000100000100001001101101000')
DEBUG:root:Real time1486834685.86

DEBUG:root:bitarray('11111110000001011111110000001011111100000010111110000011011110000011010000001110100000111010111111011111110111111011111011110111011010111111001111111011110000111111011000011111100100001111111010011111101011110110000111000000110000000101110001010000100000100001001101101000')
DEBUG:root:Real time1486834685.97

DEBUG:root:bitarray('11111100010001011111110000001011111100000010111110000011011110000011011000001110100000011010111111011111110111111011111011110111011010111111001111111011110001111111011000011111110100001111111010011111100011111110000111000000110100000101110001011000100000100001000100101000')
DEBUG:root:Real time1486834686.07

DEBUG:root:bitarray('11111100010001011111110000001011111100000010111110000011011110000011011000001110100000011010111111011111110111111011111011110111011010111111001111111011110001111111011000011111110100001111111010011111100011111110000111000000110100000101110001011000100000100001000100101000')
DEBUG:root:Real time1486834686.17

DEBUG:root:bitarray('11011100000000011111100000001011111100000010111110000001011110000011011100000010111010011010110011011001110110111011111011110111011010101111000111111011111001111111011100001111110100001111111010001111111010001111110100011110010001100100010011000001100000100001000100101000')
DEBUG:root:Real time1486834686.28

DEBUG:root:bitarray('11100110010001011111100000001011111100000110111110000011011111000011011110000110111000011011000011010110110111110011111011110111011010100111100111111011111000111111011110001111110110000111111010001111110010011111100100111101010001101100001111000001100000100001000100101000')
DEBUG:root:Under real time Point counter:0.105005979538

DEBUG:root:bitarray('11100110010001011111100000001011111100000110111110000011011111000011011110000110111000011011000011010110110111110011111011110111011010100111100111111011111000111111011110001111110110000111110110001111110010011111100100111101010001101100001111000001100000100001000100101000')
DEBUG:root:Real time1486834686.49

DEBUG:root:bitarray('11100100110001011110000110001011110001100010111100110001011110000001011100000110111000011011011001010111010111110011110011110111011010110111100111111011011100011111011110010111110111001110111011001110110010011101100101111111010001111110001111000011100001100001000100101000')
DEBUG:root:Under real time Point counter:0.106079101562

DEBUG:root:bitarray('11000011110001011100011110011011000111100110100011110001010111110001011111000110111110011011111001011111010111111011111011110111011010110111110011111010001110011111011011000111110101100110111011000110110010111001100101100111011001111010011110101110011110000101000100101000')
DEBUG:root:Real time1486834686.7

DEBUG:root:bitarray('10000001111111011100011111111011000111111110100000011110010110011111011111111110111111111011111111011111110111111011111011110111011010100011111111111010001110011000010011100110000101011100000011111110001011111000110111100011011110011011111110101100010100001001000100101000')
DEBUG:root:Real time1486834686.8

DEBUG:root:bitarray('11111000000011011111000000011011111000000110111111100011011111100011010111100010101110001011110001011100110100001010001010010100010010101111100001100101111100001100100011100011001000110001100100000001110100000011111000001110100000110100000111000001100000100011011101101000')
DEBUG:root:Real time1486834686.9

DEBUG:root:bitarray('11111000000011011111000000011011111000000110111111100011011111100011010111100010101110001011110001011100110100001010001010010100010010101111100001100101111100001100100011100011001000110001100100000001110100000011111000001110100000110100000111000001100000100011011101101000')
DEBUG:root:Real time1486834687.0

DEBUG:root:bitarray('10010000001111010110000111111011100001111110110000101111010000001101010001110010100111101010111111011111110111110011110011000100010010110000111100000100001111111000100011111110001000111110000100111110000101111100001011110000101110000101110001011000101001100101010101101000')
DEBUG:root:Under real time Point counter:0.102693080902

DEBUG:root:bitarray('10010000001111010110000111111011100001111110110000101111010000001101010001110010100111101010111111011111110111110011110011000100010010110000111100000100001111111000100011111110001000111110000100111110000101111100001011110000101110000101110001011000101001100101010101101000')
DEBUG:root:Real time1486834687.21

DEBUG:root:bitarray('10110000001111010110000011111011000001111110100000111111010000011111010011111010101111101010111111011111100111110011110011000100010010100001111111000100011111111000101011111110001000111110000100111110000100111100001011111000101111000101110001011000100001100011011101101000')
DEBUG:root:Real time1486834687.33

DEBUG:root:bitarray('11100000011111011100000011111011000001111110100001111111010001111111010011111010101111111010011110010111100111110011110011100100010010100011111111000100111111111000101011111110001000111111000100111110000100011100001001111000101111000101110001010000100001100011001101101000')
DEBUG:root:Real time1486834687.44

DEBUG:root:bitarray('10111100010011011111000111011011110001110010111001111001011001111001010011111010101111110010011111010111110111110011110011100110010010101110001111100101110011111100101100111101001010011100100100011100100100011110001000111000100111000101110001000000100000100011001101101000')
DEBUG:root:Real time1486834687.54

DEBUG:root:bitarray('10111100010011011111000111011011110001110010111001111001011001111001010011111010101111110010011111010111110111110011110011100110010010101110001111100101110011111100101100111101001010011100100100011100100100011110001000111000100111000101110001000000100000100011001101101000')
DEBUG:root:Real time1486834687.64

DEBUG:root:bitarray('10111111000111010111101100111010111011100110111111110011011011110011010011100010111111111010111111010111100111110011110011100100010010101110001111000101110001111000101100111111001010011111100100001111100100001111001000111100100111100100011001000000100001100011001101101000')
DEBUG:root:Real time1486834687.74

DEBUG:root:bitarray('10111111000110011100000011110011000000111100101111011100011111000000011110000000111001101010011110010111100111100011100011000100010010101110001111000100011111111100101111111110001011011111000101001111000100001111001000111100100111100100011001000100100001100011011101101000')
DEBUG:root:Real time1486834687.84

DEBUG:root:bitarray('11100000000110011100000011110011000000111100101111011100011111000000011110000000111001101010011110010111100111100011100011000100010010100011101111000100011111111100101111111110001011011111000101001111000100001111001000111100100111100100011001000100100001100011011101101000')
DEBUG:root:Real time1486834687.94

DEBUG:root:bitarray('10000101000011011101101000011010010000000110100010001111010010000111010010000110101100011010111111010111100111100011100011000100011010110001101101110100001101100110100011110011101001011111100101101111100101001111001000011100100011000100011001000100100001100011011101101000')
DEBUG:root:Real time1486834688.04

DEBUG:root:bitarray('10100101100011011101101000010010011111100000100011110000010011110000010011110000111111001010011111010111000111101011111011110111011010110001101101100100001101100100101110011100001011001110000101100111000100001110001000111000100111000101111001010000100000100001001101101000')
DEBUG:root:Under real time Point counter:0.101577043533

DEBUG:root:bitarray('10001101100001010001101100000010011111100000100011110000010011110000010011110000111111001010011111010111000111101011111011110111011010101111000110010101111001110000101110011100001011001110000101100111000100001110001000111000100111000101111001010000100000100001001101101000')
DEBUG:root:Real time1486834688.25

DEBUG:root:bitarray('11111111111100011111111111100011111111111000111111111110011111111111011111111100111111111011111111011111110111111011111011110111011010111110001100011101110001100011101100010000111001100000011101000000011100000000111000000010100000010100000101000110100000100011000100101000')
DEBUG:root:Real time1486834688.35

DEBUG:root:bitarray('11111111111100011111111111100011111111111000111111111110011111111111011111111100111111111011111111011111110111111011111011110111011010111110001100011101110001100011101100010000111001100000011101000000011100000000111000000010100000010100000101000110100000100011000100101000')
DEBUG:root:Real time1486834688.46

DEBUG:root:bitarray('11111111111100011111111111100011111111111000111111111110011111111111011111111100111111111011111111011111110111111011111011110111011010111110001100011101110001100011101100010000111001100000011101000000011100000000111000000010100000010100000101000110100000100011000100101000')
DEBUG:root:Real time1486834688.56

DEBUG:root:bitarray('11111001111100011111011111100011111111111000111111111000011111011001011111110010111110111011111111011111110111111011111011110111011010111111110010111011111100000011101111000000111000000000101100000100111100001001111000001100100010100100000001000001100001100001000101101000')
DEBUG:root:Real time1486834688.67

DEBUG:root:bitarray('10110001110100011111011111100011110111111000111111111100011111011101011111110110111111111011111111011111110111111011111011110111011010101111110010111101111110010011101111000000111000000000101100000000111100001001111000111100100010100100001001000100100100101001000101101000')
DEBUG:root:Real time1486834688.77

DEBUG:root:bitarray('11111101111100011111011111100011110111111000111111111000011111011001011111110110111110111011111111011111110111111011111011110111011010100111010010001101111110011010101111000111001011000001111101000000111100001001111000101100100001110100001001011011100010100111011100101000')
DEBUG:root:Real time1486834688.88

DEBUG:root:bitarray('11111111110011011111011110001011110011100110111100111111011100011111011011111110111111011011111111011111110111111011111011110111011010110001111110100100000011110110100000101111011000011000011100001100011100100010011010000001100000000100000011011011100010100111011100101000')
DEBUG:root:Real time1486834688.98

DEBUG:root:bitarray('11111011110011011111001110011011110001110110111100011110011110011111011111111010111111111011111111011111110111111011111011110111011010110001001110100101001011110110100000110011111000001100011100000110111101100010111010000001100000011100001111010111100011100111011100101000')
DEBUG:root:Real time1486834689.08

DEBUG:root:bitarray('11111011110011011111001110011011110001110110111100011110011110011111011111111010111111111011111111011111110111111011111011110111011010110001001110100101001011110110100000110011111000001100011100000110111101100010111010000001100000011100001111010111100011100111011100101000')
DEBUG:root:Real time1486834689.18

DEBUG:root:bitarray('11110001110001011001001111001010000001110110100000011111010010011111010011111110111111111011111111011111110111111011111011110111011010110111001100011100111001100010101110000001101011100000110101110000000101100000001010000001100000011100001111000111100111101101010100101000')
DEBUG:root:Real time1486834689.29

DEBUG:root:bitarray('11111101110011011111101110011011100011100110111100111111011100011111011111101110111110011011110111011111110111111011111011110111011010110000000100001110010001001001101110000010011011000011000101000011000101000110001010001100100001000100000001000000100000100001010100101000')
DEBUG:root:Real time1486834689.39

DEBUG:root:bitarray('11111101110011011111101110011011100011100110111100111111011100011111011111101110111110011011110111011111110111111011111011110111011010110000000100001110010001001001101110000010011011000011000101000011000101000110001010001100100001000100000001000000100000100001010100101000')
DEBUG:root:Real time1486834689.49

DEBUG:root:bitarray('11111100110110011110000000110011100000100100111010010011011010110011011011100110111110011011110011011100010111001011001010010101011010100001100110010100001100000000100011000000001000101110000101000111000101000111001000011100100011100100011101000110100110101101010100101000')
DEBUG:root:Real time1486834689.59

DEBUG:root:bitarray('11111000100110011110000000110011100000100100111010010011011010001000010100110010110010001011000000010000000101101011101011110111011010100001100000010110001100000000100011000000001000101110000101001001001101100011011000101101100110111101111101011110100010100001000100101000')
DEBUG:root:Real time1486834689.69

DEBUG:root:bitarray('11101110011100011100110011100011000000111100100000001110010000001000010100110010110010001011000000010000000101101011101011110111011010110111000010001100111000010001100111100000011011110000001101110001001101100011011000101101100110111101111101011110100010100001000100101000')
DEBUG:root:Real time1486834689.79

DEBUG:root:bitarray('11001100001100011100000011100011000000111000100000011100010000001100010100000000110000001010000011010010110101011011111011110111011010110111000000011100111100010011101111100100111011100000001101110011001101100110011010111101101111100101101001010100100000100001000100101000')
DEBUG:root:Real time1486834689.89

DEBUG:root:bitarray('11001100011100011100000011100011000000111000100000011100010000000100010100000000110000001010000011010010110101011011111011110111011010110111100000011100111100010011101111100100111011100000001101110011001101100110011000111101101111100101101001010100100000100001000100101000')
DEBUG:root:Real time1486834690.0

DEBUG:root:bitarray('11110000011100011110000111000011110001110000111000110101011100110111011001001110100100011010100011010001110101111011011011110111011010100001100000111100001100000011100001101100111000000010000100001011000100000110001010011000100011000100110001001100100100100001000100101000')
DEBUG:root:Real time1486834690.1

DEBUG:root:bitarray('11000100001110011100000011110011100000101100110000010011011100011001011100110010110011011010011011010110110111111011101011110111011010110111000000000100111100010001100111000100011001110000000101010000100100000001001010100100100000110100001101001110100010100001000100101000')
DEBUG:root:Real time1486834690.2

DEBUG:root:bitarray('11000100001110011100000011110011100000101100110000010011011100011001011110010010111101001011001001011110010111001011111011110111011010110111000000000100111100010001100111100100011001110000000100010000100100011001101001100110101100110100001101010110100000100001000101101000')
DEBUG:root:Real time1486834690.3

DEBUG:root:bitarray('11100101100110011000000100110010000001000110111000000011011110000011011110010010111101001011001001011110010111001011111011110111011010110111000100000100111100000001101111100000001000111000000100011100110100011001101001100110101100110100001101010110100000100001000101101000')
DEBUG:root:Real time1486834690.4

DEBUG:root:bitarray('11000110000111011000010110110010100001100100111000110011011100110111011100110110111011011011011001011110010111011011111011110111011010110111010000010100111110010010101011001100011000100110000100001000100100001001001011100100101100110101001101001100100000100001000101101000')
DEBUG:root:Real time1486834690.51

DEBUG:root:bitarray('11000110000110011000011000110011100110001100110011011111011000011011011000100110111110011011110011011100110110111011111011110111011010110111000000011100111111000001101001110000011000111001000100011001100100011011001001101100101001100100011001001100100000100001000100101000')
DEBUG:root:Real time1486834690.61

DEBUG:root:bitarray('11000110000110011000011000110011100110001100110011011111011000011011011000100110111110011011110011011100110110111011111011110111011010110111000000011100111111000001101001110000011000111001000100011001100100011011001001101100101001100100011001001100100000100001000100101000')
DEBUG:root:Real time1486834690.72

DEBUG:root:bitarray('11001110011110011000110011110010011000011100101100111011010100111011011111110110111111011011111001010110110111111011111011110111011010100111000011001100111100001001101011100010011000110001000100011100100100011001001001100100101000110100011001000100100000100001000100101000')
DEBUG:root:Real time1486834690.82

DEBUG:root:bitarray('11001110011110011000110011110010011000011100101100111011010100111011011111110110111111011011111001010110110111111011111011110111011010100111000011001100111100001001101011100010011000110001000100011100100100011001001001100100101000110100011001000100100000100001000100101000')
DEBUG:root:Real time1486834690.92

DEBUG:root:bitarray('11000110001110011000110001110011001100011100110000111111011100111011011100100110111110011011110011011110110111111011111011110111011010110111110000000100111110000001101001100010011000011011000100011101100100011011001001101100101001100100011001001100100000100001000100101000')
DEBUG:root:Real time1486834691.02

DEBUG:root:bitarray('11000110001110011000110001110010101100001100110000111011011100111011011100110110111011011011111001010110010111011011111011110111011010110111110000000100111110000001101001100000011000011011000100001100100100011001001000100100101000110100001101001100100000100001000100101000')
DEBUG:root:Real time1486834691.13

DEBUG:root:bitarray('11000110001110011000110001110010101100001100110000111011011100111011011100110110111011011011111001010110010111011011111011110111011010110111100001000100111110000001101001100000011000011011000100001100100100011001001000100100101000110100001101001100100000100001000100101000')
DEBUG:root:Real time1486834691.23

DEBUG:root:bitarray('11001111100110011000101100110011100011001100111000001111011100011111011100110110111010011011111011011110110111011011111011110111011010110111000100011100111100100001101011001000011000110001000100011001100100011011001001101100101000100101001001001100100000100001000100101000')
DEBUG:root:Real time1486834691.34

DEBUG:root:bitarray('11000100100110011000100110110010100000011100111000001111011110010011011100110110111011011011011001011110010111011011111011110111011010110111000100001100111100110001101011000010011000110001000100011100100100011001001001100100101100110101001101001100100000100001000100101000')
DEBUG:root:Real time1486834691.44

DEBUG:root:bitarray('11000100100110011000100110110010100000011100111000001111011110010011011100110110111011011011011001011110010111011011111011110111011010110111000100001100111100110001101011000010011000110001000100011100100100011001001001100100101100110101001101001100100000100001000100101000')
DEBUG:root:Real time1486834691.55

DEBUG:root:bitarray('11001001100110011000000011110011100000111110111000110011011110011011011110110110111111001011011001011110010111111011111011110111011010100111000100001100111100001001101011100110001000111000000100011100100100011001001011100110101100110101001101000100100000100001000100101000')
DEBUG:root:Real time1486834691.65

DEBUG:root:bitarray('11001100011110011000110111110010100011101100111001110111011110011011011110110110111011011011011001010110010111011011111011110111011010110111000011001100111100000001101011100000011000111000000100011100100100011001001011100100101100110101001101001100100000100001000100101000')
DEBUG:root:Real time1486834691.75

DEBUG:root:bitarray('11001100011110011000110111110010100011101100111001110111011110011011011110110110111011011011011001010110010111011011111011110111011010110111000011001100111100000001101011100000011000111000000100011100100100011001001011100100101100110101001101001100100000100001000100101000')
DEBUG:root:Real time1486834691.86

DEBUG:root:bitarray('11001100111110011000010110110010100011101100111001110011011110011011011100110110111011011011011001010110010111011011111011110111011010110111000011001100111110000001101011100000011000111000000100011100100100011001001011100100101100110101001101001100100000100001000100101000')
DEBUG:root:Real time1486834691.97

DEBUG:root:bitarray('11001100011110011000111110110010100011101100111100110011011110011011011100110110111011011011111001010110010111011011111011110111011010110111000010001100111110000001101011100000011000111001000100011100100100011001001001100100101000110101001101001100100000100001000100101000')
DEBUG:root:Real time1486834692.07

DEBUG:root:bitarray('11001100011110011000111110110010100011101100111001110111011100010011011100100110111010011011111011011110110110111011111011110111011010110111000010001100111110000001101011100000011000111000000100011101100100011011001001101100101001100100011001001100100000100001000100101000')
DEBUG:root:Real time1486834692.17

DEBUG:root:bitarray('11001100011110011000111111110011100011101100111001110111011100010011011100100110111010011011111011011110110110111011111011110111011010110111000010001100111100000001101011100000011000111000000100011101100100011011001001101100101001100100011001001100100000100001000100101000')
DEBUG:root:Real time1486834692.28

DEBUG:root:bitarray('11000100001100011000000000110011100000101110111000010011011100010111010000111110100011011010011011010110110111111011111011110111011010110111000000010100111100000010100011000100001000110001000100010001100100110011001011001100101000100100011001001100100000100001000100101000')
DEBUG:root:Real time1486834692.38

DEBUG:root:bitarray('11000100001100011000000100110011000111001110111101100111011101110011011000101110100011111010011011010011110101111011111011110111011010110111000000011100111000100001101110000000001000001100000100001101100100011011001011100100101000100100000101001100100000100001000100101000')
DEBUG:root:Under real time Point counter:0.103657960892

DEBUG:root:bitarray('11000101100110011000000100110011000111001110111101100111011101110011011000101110100011111010011011010011110101111011111011110111011010100111000100001100111000100001101110000000001000001100000100001101100100011011001011100100101000100100001001001100100000100001000100101000')
DEBUG:root:Real time1486834692.59

DEBUG:root:bitarray('11000000100110011100001100110011100011001110111001100111011100110011011000100110111011011010011111010111110101111011111011110111011010110111000100001100111000000001101011010000011000011000000100001101100100011011001000101100101100100101001001001100100000100001000100101000')
DEBUG:root:Real time1486834692.7

DEBUG:root:bitarray('11000000100110011000001100110011100011001110111001100111011100110011011000100110111011011010011111010111110101111011111011110111011010110111000000001100111000000001101011010000011000011000000100001101100100011011001001001100101100100101001001001100100000100001000100101000')
DEBUG:root:Real time1486834692.81

DEBUG:root:bitarray('11001000000110011000001100110011100011001100111001100111011000110111011000100110111010011011110011011110110110011011011011110101011010110111000000001100111000000001101111010000011000111000000100011101100100011011001011001100101001100100011001001100100100100101010100101000')
DEBUG:root:Real time1486834692.91

DEBUG:root:bitarray('11001001100110011000001000110011100010001100111001000111011001010111011000100110110110011011110011011100110110011011111011110101011010100111001100011100111000000001101111010000011000011000000100011001100100011011001001001100101001100100011001001100100100101101010100101000')
DEBUG:root:Under real time Point counter:0.100223064423

DEBUG:root:bitarray('11001001100110011000001000110011100010001100111001000111011001010111011000100110110110011011110011011100110110011011111011110101011010100111001100011100111000000001101111010000011000011000000100011001100100011011001001001100101001100100011001001100100100101101010100101000')
DEBUG:root:Real time1486834693.12

DEBUG:root:bitarray('11001000111110011000001100110011100011001100111001100111011100110011011100100110110110011011110011011100110110111011111011110111011010110111000100011100111000000001100011001000011000111100000100011101100100011011001001001100101001100100011001001000100000100001000100101000')
DEBUG:root:Real time1486834693.22

DEBUG:root:bitarray('11001001100110011000000110110011100011001110111001100111011001100011011001100110110111011011111011011110110111111011111011110111011010100111001100001100111000000001101010000000011000111000000100011101100100011011001000101100101001100100011001001100100000100001000100101000')
DEBUG:root:Real time1486834693.32

DEBUG:root:bitarray('11001001100110011000000110110011100011001110111001100111011001100011011001100110110111011011111011011110110111111011111011110111011010100111001100001100111000000001101010000000011000111000000100011101100100011011001000101100101001100100011001001100100000100001000100101000')
DEBUG:root:Real time1486834693.43

DEBUG:root:bitarray('11001001100110011000000110110011100011001110111001100111011001100011011001100110100111011011111001011110110111111011111011110111011010100111001100001100111000000001101011000000011000111000000100011101100100011011001000101100100000100101011001001100100000100001000100101000')
DEBUG:root:Real time1486834693.53

DEBUG:root:bitarray('11001100110110011100000100110011100011001110111001100111011100110011011101100110111110011011111011011110110111111011111011110111011010110111000110011100111000000001100011001000011000011100000100001101100100011011001000001100101001100100011001001100100000100001000100101000')
DEBUG:root:Real time1486834693.63

DEBUG:root:bitarray('11001100110110011100000100110011100011001110111001100111011100110011011101100110111110011011111011011110110111111011111011110111011010110111000110011100111000000001100011001000011000011100000100001101100100011011001000001100101001100100011001001100100000100001000100101000')
DEBUG:root:Real time1486834693.73

DEBUG:root:bitarray('11001000110110011100000100110011100011001110111001100111011100110011011101100110111110011011111011011110110111111011111011110111011010110111000110011100111000000001100011001000011000011100000100001101100100011011001000001100101001100100011001001100100000100001000100101000')
DEBUG:root:Real time1486834693.83

DEBUG:root:bitarray('11001000110110011100000100110011100011001110111001100111011100110011011101100110111110011011111011011110110111111011111011110111011010110111000110011100111000000001100011001000011000011100000100001101100100011011001000001100101001100100011001001100100000100001000100101000')
DEBUG:root:Real time1486834693.93

DEBUG:root:bitarray('11000111011111011100110011111010001100111110100100001111010100001111010110000110111000101011001100010011100111111011111011100110010010101000110011111101000100010111100001000011111000000011000100000111000100011100001011100000101100000101100101010001100101100111011101101000')
DEBUG:root:Real time1486834694.04

DEBUG:root:bitarray('11000011111111011000010111111010001000111110100100011111010100001111010010000110111000000011001110010011110111111011111011100110010010111100000011000101000100011111100001000000111000010011001100001111000100001100001001100000101100000101100011010001100100101111011101101000')
DEBUG:root:Real time1486834694.14

DEBUG:root:bitarray('11000011111111011000010111111010001000111110100100011111010100001111010010000110111000000011001110010011110111111011111011100110010010111100000011000101000100011111100001000000111000010011001100001111000100001100001001100000101100000101100011010001100100101111011101101000')
DEBUG:root:Real time1486834694.24

DEBUG:root:bitarray('11000011111111011000010111110010000001111110100000011111010000011111010000111110100110000010001100010011100111111011111011110110010010101100000011100101000100111110101011000011111000100011001100011110000100011000001011100000101100000101000001010001100100101011001101101000')
DEBUG:root:Real time1486834694.35

DEBUG:root:bitarray('11000011111111011000110111110010000001111110100000011111010000001111010000111110101110000011001100010011100101111011111011110110010010111100000010000101100100111110100011000001111000100011011100011110000100011100001001100000101100000101000001010001100100101011011101101000')
DEBUG:root:Real time1486834694.45

DEBUG:root:bitarray('10000011111111011000010111110010000001111110100000011111010000001111010000110110100110000011100110010011110111111011111011110111011010111110000010000100100100111110101001000001111000110011011100011110000100011100001001100000101100000101000001010101100100101011001101101000')
DEBUG:root:Real time1486834694.55

DEBUG:root:bitarray('11000011111111011000010111111010000001111110100000001111011000001111010000011110101001110011001110010011110101111011101011110111011010111110000010000101100100111110100001000101111000110011011100001110000100011100001001000000101000000101000011010101101000100011001101101000')
DEBUG:root:Real time1486834694.65

DEBUG:root:bitarray('11000011111111011000010111111010000001111110100000001111011000001111010000011110101001110011001110010011110101111011101011110111011010111110000010000101100100111110100001000101111000110011011100001110000100011100001001000000101000000101000011010101101000100011001101101000')
DEBUG:root:Real time1486834694.76

DEBUG:root:bitarray('10000011110111011000010100111010000001001110100000000111011000001111010000011110101001110011001110010011110101111011101011110111011010111110000001000101100100111000100001000110111000110011001100001110000100011100001001010000101000000101100011010001100100100011001101101000')
DEBUG:root:Real time1486834694.87

DEBUG:root:bitarray('10110111110000010110111110000011110111011000111011101100011101000100011110001000111000001011000000010110010110011010011010110111011010111110110001100100100110001110100001000001111000100010011100101111100101011111001001111100101111100100111001011100101100101001001100101000')
DEBUG:root:Real time1486834694.97

DEBUG:root:bitarray('10110111110000010110111110000011110111011000111011101100011101000100011110001000111000001011000000010110010110011010011010110111011010111110110001100100100110001110100001000001111000100010011100101111100101011111001001111100101111100100111001011100101100101001001100101000')
DEBUG:root:Real time1486834695.07

DEBUG:root:bitarray('11001100001111011001100000001010110001110000111001111001010011110000010011111000110111110010111111011111110111111011111011110111011010111010000111111101110000111110101000000001101000000010111100000010111100010111111000111101100011110101111101011110100110101111000100101000')
DEBUG:root:Real time1486834695.18

DEBUG:root:bitarray('11001100011111011011100111111010011001001000101101100100011001111111010010111110101111111011111111011111110111111011111011110111011010111010000111111101111001110000101110001111101011010000111101000111011100001111111000111001101111010101111101011100100000100001000100101000')
DEBUG:root:Under real time Point counter:0.123051166534

DEBUG:root:bitarray('10001100111111010001100111111010011001001000101101100100011001111111010010111110101111111011111111011111110111111011111011110111011010110100000110001101111001110000101110001111101011010000111101000111011100001111111000111001101111010101111101011100100000100001000100101000')
DEBUG:root:Real time1486834695.41

DEBUG:root:bitarray('11000011101110011000011100111010000111001110100011000111010010001111010100011110110001111010011111010011110111111011111011110111011010111100011110111100111110101111101111000001111010010000111100000000111100000001111001001111100000111100011111011111100111100111001100101000')
DEBUG:root:Real time1486834695.51

DEBUG:root:bitarray('11000011101110011000001110111010000011101110100001000111011010000111010100001110110001111010001111010011110111111011111011110111011010111100011111111101110110011111101111000001111010010000111100010000011100001000111000100111100000111100001111001111101111100111001100101000')
DEBUG:root:Real time1486834695.61

DEBUG:root:bitarray('11000011101110011000001110111010000011101110100001000111011010000111010100001110110001111010001111010011110111111011111011110111011010111100011111111101110110011111101111000001111010010000111100010000011100001000111000100111100000111100001111001111101111100111001100101000')
DEBUG:root:Real time1486834695.71

DEBUG:root:bitarray('10000010010000010000010011000010000001110000100000110010011000000011010000000110101000011011100011011001110100111010111011110111011010111110000011101101100101100111100001001001111000100000111100000100011100001100001000110001100010000100001101000011100010101101010100101000')
DEBUG:root:Under real time Point counter:0.103589057922

DEBUG:root:bitarray('10000010010000010000010011000010000001110000100000110010011000000011010000000110101000011011100011011001110100111010111011110111011010111110000011101101100101100111100001001001111000100000111100000100011100001100001000110001100010000100001101000011100010101101010100101000')
DEBUG:root:Real time1486834695.92

DEBUG:root:bitarray('10000010000110010000000000100010000000011000101000001100011000001100010000010010100000001010000000011000110110010010010010100111011010111100000011110101100101111111101011001011111000110001111100001011001100000110001000011001100011001100100011010011100011100101010100101000')
DEBUG:root:Real time1486834696.02

DEBUG:root:bitarray('11000010000110011000000000100010000000001000101000001100011000001001010000010010101001001010000001010000010111010011010010100110011010111100000011110101000100111111101001001011111000110001111100001011001100000110001000011001100011001100100001010011100011100101010100101000')
DEBUG:root:Real time1486834696.13

DEBUG:root:bitarray('11000010000110011000000000110010010000011000101000001100011000001101010000010010101001001010000001010000010111010011010010100110011010111100010011110101100100111111101001001011111000110001111100001001001100000110001000011001100011001100100001010011100011100101010100101000')
DEBUG:root:Real time1486834696.23

DEBUG:root:bitarray('10000011100111010000111110011010001111111010100111111101010111111111011111111110111111111011111111011111110111111011111011110111011010110000000011000100000000011000100001000110001000111111000100011111000100011110001001111000100111000101110001011000101000100011000100101000')
DEBUG:root:Real time1486834696.33

DEBUG:root:bitarray('10000011100111010000111110011010001111111010100111111101010111111111010111111110111111111011011111011111110111111011111011110111011010110000010011000110000000011000100001000110001000111111000100011111000100111111001011111000100111000101110001011000101001100001000100101000')
DEBUG:root:Real time1486834696.44

DEBUG:root:bitarray('10000011100111010000011110011010001111110010100111111111010111111111010111111110111111111011011111011111110111111011111011110111011010110000010011000110000000011000100001000110001000111111000100011111000100111111001011111000100111000101110001011000101001100001000100101000')
DEBUG:root:Real time1486834696.54

DEBUG:root:bitarray('10000011101111010000011111011010001111111110100111111111010111111111010111111110111111111011011111010111110111111011111011110111011010110000100010000110000000011000100001000110001000111111000100011111100100111111001011111000100111000101110001011000101001100001000100101000')
DEBUG:root:Real time1486834696.64

DEBUG:root:bitarray('10000011101111010000011111011010001111111110100111111111010111111111010111111110111111111011011111010111110111111011111011110111011010110000100010000110000000011000100001000110001000111111000100011111100100111111001011111000100111000101110001011000101001100001000100101000')
DEBUG:root:Real time1486834696.74

DEBUG:root:bitarray('10000011100111010000011110011010001111111010100111111111010111111111010111111110111111111011011111011111110111111011111011110111011010110000000011000110000000011000100001000110001000111111000100011111100100111111001011111000100111000101110001011000101001100001000100101000')
DEBUG:root:Real time1486834696.85

DEBUG:root:bitarray('10000011100111010000111110011010001111111010100111111111010111111111010111111110111111111011011111010111110111111011111011110111011010110000100011000110000000011000100011000110001000111111000100011111100100111111001011111000100111000101110001011000101001100001000100101000')
DEBUG:root:Real time1486834696.95

DEBUG:root:bitarray('10000011100111010000011111011010001111111010100111111111010111111111010111111110111111111011011111010111110111111011111011110111011010110000110010000110000000011000100011000110001000111111000100011111100100111111001011111100100111000101110001011000101001100001000100101000')
DEBUG:root:Real time1486834697.05

DEBUG:root:bitarray('10000011100111010000011111011010001111111110100111111111010111111111010111111110111111111011011111010111110111111011111011110111011010110000110010000110001100011000100011000110001000111111000100111111100100111111001011111100101111000101110001011000101001100001000100101000')
DEBUG:root:Under real time Point counter:0.100891113281

DEBUG:root:bitarray('10000011100111010000011111011010001111111110100111111111010111111111010111111110111111111011011111010111110111111011111011110111011010110000100010000110000100011000100011000110001000111111000100111111100100111111001011111100101111000101110001011000101001100001000100101000')
DEBUG:root:Real time1486834697.26

DEBUG:root:bitarray('10000011101110010000011111111010001111111110100111111111010011111111010111111110111111111011011111010111110111111011111011110111011010110000110010000110000100011000100001001110001000111111100100011111100100011111001011111100101111000101110001011000101001100001000100101000')
DEBUG:root:Real time1486834697.37

DEBUG:root:bitarray('10000011101111010000011111011010001111111010100111111111010111111111010111111110111111111011011111010111110111111011111011110111011010110000110010000110000100011000100011000110001000110111000100111111100100111111001011111100101111000101110001011000101001100001000100101000')
DEBUG:root:Real time1486834697.47

DEBUG:root:bitarray('10000011100110010000011111011010000111111110100111111111010111111111010111111110111111111011011111010111110111111011111011110111011010110000110010000110000100011000100001001110001000110111000100011111100100111111001011111000101111000101110001011000101001100001000100101000')
DEBUG:root:Real time1486834697.57

DEBUG:root:bitarray('10000011100110010000011111011010000111111110100111111111010111111111010111111110111111111011011111010111110111111011111011110111011010110000110010000110000100011000100001001110001000110111000100011111100100111111001011111000101111000101110001011000101001100001000100101000')
DEBUG:root:Real time1486834697.67

DEBUG:root:bitarray('10000011100110010000011111011010001111111110100111111111010111111111010111111110111111111011011111010111110111111011111011110111011010110000110011000100000100011000100011001110001000110111000100011111100100111111001011111000101111000101110001011000101001100001000100101000')
DEBUG:root:Real time1486834697.78

DEBUG:root:bitarray('10000011101111010000011111011010001111111010100111111111010111111111010111111110111111111011011111010111110111111011111011110111011010110000110010000110000100011000100011000110001000111111100100111111100100111111001011111100101111000101110001011000101001100001000100101000')
DEBUG:root:Real time1486834697.88

DEBUG:root:bitarray('10000011101111010000011111011010001111111010100111111111010111111111010111111110111111111011011111010111110111111011111011110111011010110000110010000110000100011000100011000110001000111111100100111111100100111111001011111100101111000101110001011000101001100001000100101000')
DEBUG:root:Real time1486834697.99

DEBUG:root:bitarray('10000011100111010000011111011010000111111110100111111111010111111111010111111110111111111011011111010111110111111011111011110111011010110000110010000110000100011000100011000110001000110111000100111111100100111111001011111100101111000101110001011000101001100001000100101000')
DEBUG:root:Real time1486834698.09

DEBUG:root:bitarray('10000011100110010000011111011010000111111110100111111111010111111111010111111110111111111011011111010111110111111011111011110111011010110000110010000110000100011000100011000110001000110111000100111111100100111111001011111100101111000101110001011000101001100001000100101000')
DEBUG:root:Under real time Point counter:0.109966993332

DEBUG:root:bitarray('10000011100110010000011111011010001111111110100111111111010111111111010111111110111111111011011111010111110111111011111011110111011010110000110010000110000100011000100011000110001000110111000100111111100100111111001011111100101111000101110001011000101001100001000100101000')
DEBUG:root:Real time1486834698.3

DEBUG:root:bitarray('10000011100110010000011111011010000111111110100111111111010111111111010111111110111111111011011111010111110111111011111011110111011010110000110010000110000100011000100011001110001000100111000100011111100100111111001011111100101111000101110001011000101001100001000100101000')
DEBUG:root:Real time1486834698.4

DEBUG:root:bitarray('10000011100110010000011111011010000111111110100111111111010111111111010111111110111111111011011111010111110111111011111011110111011010110000110011000110000100011000100011001110001000100111000100011111100100111111001011111000101111000101110001011000101001100001000100101000')
DEBUG:root:Real time1486834698.51

DEBUG:root:bitarray('10000011100110010000011111011010000111111110100111111111010111111111010111111110111111111011011111010111110111111011111011110111011010110000110011000110000100011000100011001110001000100111000100011111100100111111001011111000101111000101110001011000101001100001000100101000')
DEBUG:root:Real time1486834698.61

DEBUG:root:bitarray('10000011101110010000011111111010000111111110100011111111010011111111010111111110111111111011011111010111110111111011111011110111011010110000110010000110000100011000100001001110001000100111100100011111100100011111001001111100101111000101110011011000101001100001000100101000')
DEBUG:root:Real time1486834698.71

DEBUG:root:bitarray('10000011101110010000011111111010000111111110100011111111010011111111010111111110111111111011011111010111110111111011111011110111011010110000110010000110000100011000100001001110001000100111100100011111100100011111001001111100101111000101110011011000101001100001000100101000')
DEBUG:root:Real time1486834698.82

DEBUG:root:bitarray('10001110111110010001110110000010011101100000101111111011011111111011011011100110101110111011111110011111100111110011111011110111011010111000110101110101000110101000100001100010001000100001100100000101100100011011011001001111100001111100011111011111101100101001000100101000')
DEBUG:root:Real time1486834698.92

DEBUG:root:bitarray('10001110111110010011110101110010111111000110101111100001011111111001011111100010101110001011110001011110000111000011000010000100010010110110110011100101100110111100101001100110001000110011000100101111000101001100001000110000100111001101000011000101101100101001000100101000')
DEBUG:root:Real time1486834699.02

DEBUG:root:bitarray('10001110111110010011110101110010111111000110101111100001011111111001011111100010101110001011110001011110000111000011000010000100010010110110110011100101100110111100101001100110001000110011000100101111000101001100001000110000100111001101000011000101101100101001000100101000')
DEBUG:root:Real time1486834699.13

DEBUG:root:bitarray('10001110111110010011110011110010111110001100101111000010011111011000011110110000111110001011110001011110000111000011000010000100011010110110110001100101110011011100101101100101001000110011000100111111000101101110001010011000100111001101000111010010101110101101010101101000')
DEBUG:root:Real time1486834699.24

DEBUG:root:bitarray('11000011001110011000111101110010001111011100100111101111010111100110011111001000111101100011101100010001000110000010100011000110010010111000001000011101011001100011100010011010111001001101101100011101100100111011001011111100101001100101001001010011100011100011011101101000')
DEBUG:root:Real time1486834699.34

DEBUG:root:bitarray('11000011001110011000111101110010001111011100100111101111010111100110011111001000111101100011101100010001000110000010100011000110010010111000001000011101011001100011100010011010111001001101101100011101100100111011001011111100101001100101001001010011100011100011011101101000')
DEBUG:root:Real time1486834699.44

DEBUG:root:bitarray('10010011110010010000011110010010000110101100100011011110010011001111011110000110111100011011100101011011000100100011100011000100010010110000011110011111000101110001100001010010011000001111011100011001111100110011111001001111101101100101001001000100101100101001000101101000')
