DEBUG:root:Under real time Point counter:3.48091125488e-05

DEBUG:root:bitarray('11100100000110011001100000110011111000001100111100001110011110000111011000001110100000011010010011011110110110111010001011110111011010111110010011000101111111001001101111000110011010100111001100110111000101111110001011111100100110000101000001001000100010100101000100101000')
DEBUG:root:Under real time Point counter:0.11608505249

DEBUG:root:bitarray('11100100000110011001100000110011111000001100111100001110011110000111011000001110100000011010010011011110110110111010001011110111011010111110010011000101111111001001101111000110011010100111001100110111000101111110001011111100100110000101000001001000100010100101000100101000')
DEBUG:root:Real time1486834554.87

DEBUG:root:bitarray('11110000000110011001111000110010011100001100111110000110011110000111011000001110100000011010000011011101110111111011001010110111011010111110010011000101111111001001101011100010011000100111001100110111000101111110001011111110101110000101001001001100100010100111000100101000')
DEBUG:root:Real time1486834554.98

DEBUG:root:bitarray('11110000000000011111110000110011111100011100111110001110011110001110011000001110110001011010011101010110010111001011000011000110010010101111111111000101111011011001101111000100011010110110001100110110000101111100001011110100100111001101110001010000101001100011000100101000')
DEBUG:root:Real time1486834555.08

DEBUG:root:bitarray('11011110000110011001100000110011111000001100111110001110010110000111010000000110100000011010011011011100110110011010101011010111010010111110010001001101111110011001101111000110011010100110001100110111000101111111001011111100100110000101100001000000100110100101000100101000')
DEBUG:root:Real time1486834555.18

DEBUG:root:bitarray('11011110000110011001100000110011111000001100111110001110010110000111010000000110100000011010011011011100110110011010101011010111010010111110010001001101111110011001101111000110011010100110001100110111000101111111001011111100100110000101100001000000100110100101000100101000')
DEBUG:root:Real time1486834555.28

DEBUG:root:bitarray('11100000111100011101000110100011110001101100111000011100010000111100010001111100101111111010110111011111110110111010111010110111011010101111010011100101110010001011101001110110011000011001011101111000111101110000111011000001101000110100000001001000101100101001000100101000')
DEBUG:root:Real time1486834555.38

DEBUG:root:bitarray('10000001111100010100001111100011000011011000100001101100010001101100010011111100111111110011110111011101110110111010111011110111011010100011110000111101011110000111100111100100111011110010011101110010011101100000011010000110100001110100011101000000100100101001000100101000')
DEBUG:root:Real time1486834555.49

DEBUG:root:bitarray('10110000111100011110000111100011100001011000110001111100010001111100010011111100101111110010111110011101110100111010111010110111011010101111010001011101011110010011100111100100101011110010011101110000011101100000011010000111100001110100011101000000100100101001000100101000')
DEBUG:root:Real time1486834555.59

DEBUG:root:bitarray('10110000111100011110000111100011100001011000110001111100010001111100010011111100101111110010111110011101110100111010111010110111011010101111010001011101011110010011100111100100101011110010011101110000011101100000011010000111100001110100011101000000100100101001000100101000')
DEBUG:root:Real time1486834555.69

DEBUG:root:bitarray('11100001111100011100001111100011000011110100100001111000010001111000010011111100101101110011111110010111110100111010111011110111011010110010110010110100111110010111100111100001011011110000111101110000011101100000011010001111100001110100011101000000100000101001000100101000')
DEBUG:root:Real time1486834555.8

DEBUG:root:bitarray('11110001011100011110001111100011100011110000110001111000010001111100010011111000101101100011110110011101110100111010111011110111011010101111110010001101011110000111100111100001111011110000111101110000011101100000111010001111100001110100001101000000100100101001000100101000')
DEBUG:root:Real time1486834555.9

DEBUG:root:bitarray('11110001011001011110001111001011100011110010110001111000010001111011010011110110101101011011111101011111110100111010111011110111011010101111110000110101011110000110100111100001101011110000110101110001100101100011001010001100100001110100001101000000101000101001000100101000')
DEBUG:root:Real time1486834556.0

DEBUG:root:bitarray('11110001111001011110001111001011100011110010110001111000010001111011010011110110101101011011111101011111110100111010111011110111011010101011010010110101011110000110100111100001101011110000110101110001100101100011001010001100100001110100001101000000101000101001000100101000')
DEBUG:root:Real time1486834556.11

DEBUG:root:bitarray('11110001111000011110001111001011100011110010110001111000010001111000010011110110101111011011110001011101110110111010111011110111011010101011010010010101011110000110100111100001101011110000111101110000100101100011001010001110100001110100011101000000101000101001000100101000')
DEBUG:root:Real time1486834556.21

DEBUG:root:bitarray('11110001111000011110001011001011100010110010110001011001010001111000010011101100111100111011100111011101110110011011011010110111011010101011010101000100011110100110100111101001101000110100110101110000111101100011011010001100100001100100001001000100100100101101000100101000')
DEBUG:root:Real time1486834556.31

DEBUG:root:bitarray('11110001111000011110001011001011100010110010110001011001010001111000010011101100111100111011100111011111110110111011011010110111011010100010110100010100111110100110101111101001101011110100110101110000111101100011011010001100100011100100011001000100100110101101010101101000')
DEBUG:root:Under real time Point counter:0.102578878403

DEBUG:root:bitarray('11110001111000011110001111000011100010110000110001111000010001111000010011110010101111000011111001011111110110111010111011110111011010101010010110001101011110000111100111101001111011110000111101110000110101100001101010000110100001110100011101001110100110101101011100101000')
DEBUG:root:Real time1486834556.52

DEBUG:root:bitarray('11110001111100011110001111000011100011110000110001111000010001111000010011110010101111001011111001011111110110111010111011110111011010101110010110001101011110000111100111100001111011110000111101110000111101100001101010000110100001110100011101001110100110101101011100101000')
DEBUG:root:Real time1486834556.62

DEBUG:root:bitarray('11110000111100011110001111000011100010110000110001111000010001111000010011110000101111100011111101011101010110111010111011110111011010101010010110000101011110000111100111101001111011110000111101110000111101100001111010000110100001110100011101001110100110101111011100101000')
DEBUG:root:Real time1486834556.72

DEBUG:root:bitarray('11110000111100011110001111100011100011110000110001111000010001111000010011111000101111100011111100011111000110111010111011110111011010101010010110000101011110000111100111100101111011110010111101110000111101100001111010000111100001111100011101001110100110101111011100101000')
DEBUG:root:Real time1486834556.82

DEBUG:root:bitarray('11110000111100011110001111100011100011110000110001111000010001111000010011111000101111100011111100011111000110111010111011110111011010101010010110000101011110000111100111100101111011110010111101110000111101100001111010000111100001111100011101001110100100101001000100101000')
DEBUG:root:Under real time Point counter:0.105782985687

DEBUG:root:bitarray('11100001111000011100001111000011000011110000100001111000010001111000010011110000101111100011111000011111000111110010111011110111011010101001010111111101011010010111100111100010111011010010111101110000111101100001111010000111100001111100011111011100011111101001000101101000')
DEBUG:root:Real time1486834557.03

DEBUG:root:bitarray('11100001111000011100001111000011000011110000100001111000010000111000010011110000101111010010111001011111110111111010111011110111011010101001000111111101011010000111100111100000111011010000111101010010111101100001101010001101100001100100011101000110100010100111011100101000')
DEBUG:root:Real time1486834557.14

DEBUG:root:bitarray('11100001111000011100001111000011000011100010100000110001010000110000010011110000101111111010111111011111110111111010111011110111011010101001001110100101011010000111100111110011101011111100110101110001101101100011011010001000100001100100011011001100100000101111011100101000')
DEBUG:root:Real time1486834557.24

DEBUG:root:bitarray('11100001111000011100001111001011000011100010100000110001010000110000010011110000101111111010111111011111110111111010111011110111011010101000010110001101011010001110100111110011101011111100110101110001101101100011011010001000100001100100011011001100100000101111011100101000')
DEBUG:root:Real time1486834557.34

DEBUG:root:bitarray('11110000111100011110000111000011110000110000110000011000010000011000010000111110100111110010111110011101110110111010011010110111011010101110000111000100111011000011100011111001111001111100111101111100110101110001001011000101101001100100011001000101100000100101011101101000')
DEBUG:root:Real time1486834557.47

DEBUG:root:bitarray('11100001111001011100001111001011000011100010100001110001010001110000010011110000101111110010111111011111110101111010111010110111011010101001010110001101011010001110100111100011101011110100110101110000101101100010011010001001100001100100011011001100100000101111001100101000')
DEBUG:root:Real time1486834557.57

DEBUG:root:bitarray('11110000111110011110000111110011100001110100110000111010010000111010010001111100100111110010011110010111110100111010111011110110011010101001011010001101011111000000100111110000011011111000001101111000000101110000001011000001101000010100000001000000100000101111001100101000')
DEBUG:root:Real time1486834557.67

DEBUG:root:bitarray('11110000110110011110000110110011100001101100110000110110010000110110010001101110100111111010111110011111110100111010111011110111011010101111001011001101011111011001100111110110011011011001001101011001001101110010001011001000101000100100000001000000100100101001000100101000')
DEBUG:root:Real time1486834557.77

DEBUG:root:bitarray('11110000110010011110000110010011100001100100110000111010010000111110010001111110100111110010111110011111110100111010111011110111011010101110000110011101011011000101100111110011011011011001101101011001001101110000001011000000101001111100001101000000101100101001000101101000')
DEBUG:root:Real time1486834557.88

DEBUG:root:bitarray('11110000110010011110000110010011100001100100110000111010010000111110010001111110100111110010111110011111110100111010111011110111011010101110000110011101011011000101100111110011011011011001101101011001001101110000001011000000101001111100001101000000101100101001000101101000')
DEBUG:root:Real time1486834557.98

DEBUG:root:bitarray('11110000111100011110000111100011100001111000110000111100010000111100010001111000100111110010111110011111100110111010111011110111011010101010000010000101011111010011100111110100111011011010011101011000011101110000011011000011101000111100001001000000100100101001100101101000')
DEBUG:root:Real time1486834558.08

DEBUG:root:bitarray('11100000110011011100000111001011000001110000100000110010010000110000010001111100100111110010011111010111110111111011111011110111011010111101001100011101101011100100101111111001011011111000001101111001001101110100011011110000101110000101000001000000100100100001000100101000')
DEBUG:root:Real time1486834558.19

DEBUG:root:bitarray('11100000110000011100010110100011000111100000100011110001010000111001010001111110100111111010111110010011110100111010111011110111011010111000110111011101001100111011100111001110101011100110010101100010010101100100001011000000101100000100110001011000101000101001000100101000')
DEBUG:root:Real time1486834558.3

DEBUG:root:bitarray('11100001110000011100010110010011000101100000100000110000010000111011010000110110100011111010011111010011110100111010111011110111011010101000001011101101001101001101100111010010111011111001110101110010100101111001001011100000101000000100100001011000101100101001000100101000')
DEBUG:root:Real time1486834558.4

DEBUG:root:bitarray('11100001110000011100010110010011000101100000100000110000010000111011010000110110100011111010011111010011110100111010111011110111011010101000001011101101001101001101100111010010111011111001110101110010100101111001001011100000101000000100100001011000101100101001000100101000')
DEBUG:root:Real time1486834558.5

DEBUG:root:bitarray('11100001110001011100001110000011000001100000110000110010010000010010010000011110100011111010011111010101110110111010111011110111011010111100001110001101100011010111101011110011101001111011100101111111000101111100001011110000101001000100011001001100101000101001000100101000')
DEBUG:root:Real time1486834558.6

DEBUG:root:bitarray('11100000111000011100000111000011000001101000100000111100010000011100010000111110100101111010101111011001100100110010111010110111011010101100010010110100011111100111100111111000111011111100011101111100010101111000001011010000101011000100110011001001101000101001000100101000')
DEBUG:root:Real time1486834558.71

DEBUG:root:bitarray('11110000110001011110000110001011100011100010110001110000010001111010010001111110100111111010111111011101110110111010111011110110011010101100111100010101001111001110100011101011101001110011101101110001100101100011001010001000101001000100000001000000100101101001001101101000')
DEBUG:root:Real time1486834558.82

DEBUG:root:bitarray('11100000110000011110000110001011100000100010110001110000010001111010010001110110100111111010101111011101110110111010111011100110011010101100111100010101001111001110100011111011101001110001011101110011101101100011001010001000100001000100000001000000100000101111001101101000')
DEBUG:root:Real time1486834558.92

DEBUG:root:bitarray('11100001111100011100000111110011000001111100100000111110010000111110010001110110100111111010101111011001110110111010111011110111011010111000010110000101001110010000100111100100011011111000001101111000001101110001001011000100101000100100011001001000101100101001000101101000')
DEBUG:root:Real time1486834559.02

DEBUG:root:bitarray('11100001111100010110000111110011100001111000110000011101010000011001010001110110100111111010111111011101110110011011111011110111011010111000011110000100000011000000100011110000101001111100010101111000110101110001001011000100101001110100010001000100100100100001001101101000')
DEBUG:root:Real time1486834559.12

DEBUG:root:bitarray('11110000111110011110000111110011100001111000110000011101010000011001010001110110100111111010111111011101110110011011111011110111011010111000001110000101000011000000100011110000101001111100010101111000110101110001001011000100101001110100010001000100100100100001001101101000')
DEBUG:root:Real time1486834559.22

DEBUG:root:bitarray('11110000011100011110000011101011110000111010111000011111010000011111010001111110100110111010110011011111110111111011111011110111011010101000011001000101001111000010100011111000101001111100011101111100001100110010011011001100101001100100000001000011100001100011000100101000')
DEBUG:root:Real time1486834559.33

DEBUG:root:bitarray('11110000011100011110000011101011110000111010111000011111010000011111010001111110100110111010110011011111110111111011111011110111011010101000011001000101001111000010100011111000101001111100011101111100001100110010011011001100101001100100000001000011100001100011000100101000')
DEBUG:root:Real time1486834559.44

DEBUG:root:bitarray('11110000101100011111000111000011100001111000100000101100010000110010010011100110101110011011111110011111110111110011110011110111011010111000010011111101000111000011100111110001111011111000011101111001101101110011001011001100101000011100000111000011100001100011001100101000')
DEBUG:root:Real time1486834559.55

DEBUG:root:bitarray('11111000101100011111000111000011100001111000100000100100010000110010010011100110101110010010111110011111110111110011110011100111011010111000011011011101000111000001100111110001111011111000011101111001111100110011001011000100101000011100000111000011100011100011001100101000')
DEBUG:root:Real time1486834559.67

DEBUG:root:bitarray('11111000110110011111000111100011000001111000100000100100010000110000010001100010100111110010111110011111110111110011110011110111011010111001011001011101001011000000100111110001111011011000011101011101111100110011011011000101101000111100001111000111100011100111001100101000')
DEBUG:root:Real time1486834559.78

DEBUG:root:bitarray('11110011001101011110011001111011100111011110110011001111010011100111010110011110111001111011000111010011010101110011101011110111011010110000101011100111000100010000100001000110001000101010000100100011000101001110001000110000100111000101100001010000100010100001000100101000')
DEBUG:root:Real time1486834559.88

DEBUG:root:bitarray('11110011100111011110011100111011100111011110110011100111010011100111010110011110111000111011001111011011110101111011111011110111011010110000100010011110000100011000100001010110001000100011000100100011000101001110001010111000100111000100100001010000100000100001000100101000')
DEBUG:root:Real time1486834559.98

DEBUG:root:bitarray('11110011100111011110011100111011100111011110110011100111010011100111010110011110111000111011001111011011110101111011111011110111011010110000100010011110000100011000100001010110001000100011000100100011000101001110001010111000100111000100100001010000100000100001000100101000')
DEBUG:root:Real time1486834560.08

DEBUG:root:bitarray('11111011100110011111011100111011110111001110111011100111011011100111010110001110111100111011100111011011110101111011111011110111011010110000100110010110100100011000100001000110001000100011000100100011000100101110001010111000100111000100110001011000100000010001000100101000')
DEBUG:root:Real time1486834560.18

DEBUG:root:bitarray('11110011001101011110011101111011100111011110110011001111010011100111010110011110111001111011000111011011110101111011101011110111011010110000101011100111000100111000100001000110001000100010000100100011000101001110001000111000100111000100100001010000100000100001000100101000')
DEBUG:root:Real time1486834560.29

DEBUG:root:bitarray('11110011001101011110011101110011100111011110110011001111010011100111010110011110111001111011001111010011110101111011101011110111011010110100101010011101100100011000101001010110001000101011000100100011000101001100001000111000100111000101100001010000100010100001000100101000')
DEBUG:root:Real time1486834560.39

DEBUG:root:bitarray('11110011001101011110011110111011100111011110110011001111010011100111010110011110111001111011001111010011110101111011111011110111011010110000101011010100100100011100101001010111001000101011000100100011100101001111001000111000100110000101100001010000100000100001000100101000')
DEBUG:root:Real time1486834560.49

DEBUG:root:bitarray('11100111111100011100111011101011001111011100100111001111010111001111011110011110111001111011001111010011010101100011101011010101011010100100101111110101000100010000100001010110001000100010000100100010000101001100001000110000100110000101100001010000100010100101010100101000')
DEBUG:root:Real time1486834560.59

DEBUG:root:bitarray('11100111111100011100111001110011101111011110110111001111010111001111011110011110111001111011001111010011110101111011111011110111011010100100101111110100000100110000100001010110001000100010000100100011000101001100001000110000100110000101100001010000100000100001000100101000')
DEBUG:root:Real time1486834560.69

DEBUG:root:bitarray('11110111001101011100111001110011101111011110110111001111010111001111011110011110111001111011001111010011110101111011111011110111011010100000101110110100000100110000100001010110001000100010000100100011000101001100001000110000100110000101100001010000100000100001000100101000')
DEBUG:root:Real time1486834560.79

DEBUG:root:bitarray('11100111111100011100111011101011001111011100100111001111010111001111011110011110111001111011001111010011010101100011101011010111011010100100101111110101000100010000100001010110001000101010000100100010000101001100001001110010100110000101100101010000100010100001000100101000')
DEBUG:root:Real time1486834560.9

DEBUG:root:bitarray('11100111011100011100111001111011001111011110110111001111010111001111010110011110111001111011001111010011010101110011101011110101011010100100101111110100000100010000100001010110001000101010000100100011000101001100001000110000100111000101100101010000100010100001000100101000')
DEBUG:root:Real time1486834561.01

DEBUG:root:bitarray('11100111011101011100111001110011101111011110110111001111010111001111011110011110111001111011001111010011010101111011101011110111011010100100101011110100000100110000100001010110001000101010000100100011000101001100001000110000100110000101100001010000100010100001000100101000')
DEBUG:root:Real time1486834561.11

DEBUG:root:bitarray('11100111111100011100111001101011001111011110110111001111010111001111010110011110111001111011001111010011010101100011101011010101011010100100101111110101000100010000100001010110001000100010000100100010000101001100001000110000100110000101100001010000100010100001000100101000')
DEBUG:root:Real time1486834561.21

DEBUG:root:bitarray('11100111111100011100111001101011001111011110110111001111010111001111010110011110111001111011001111010011010101100011101011010101011010100100100111110101000100010000100001010110001000100010000100100010000101001100001000110000100110000101100001010000100010100001000100101000')
DEBUG:root:Real time1486834561.31

DEBUG:root:bitarray('11100111011100011100111011101011001110011100100111011111010111001111011110011110111001111011001111010011010101100011101011010111010010100100111111110101000100111100100001000110001000101010100100100010000101001100001001110100100110000101100101010000100010100001000100101000')
DEBUG:root:Real time1486834561.42

DEBUG:root:bitarray('11100111011100011100111011101011001110011100100111011111010111001111011110011110111001111011001111010011010101100011101011010111011010100100111111110101000100111100100001000110001000101010100100100010000101001100001001110100100110000101100101010010100010100001000100101000')
DEBUG:root:Real time1486834561.52

DEBUG:root:bitarray('11100111011101011100111011111011001111011110110111001111010111001111011110011110111001111011001111010011010101110011101011110101011010100100101111110100000100110000100001010110001000100010000100100010000101001100001001110000100110000101100001010000100010100001000100101000')
DEBUG:root:Real time1486834561.62

DEBUG:root:bitarray('11100000110110011100000110110011000001001100100000100111010000100111010001001100100100110010100110011001110100111010011011110111011010100100001011000100101011011000100111110110001011011011000101011011000101110110001011111000101111000100100001010100101100101001000100101000')
DEBUG:root:Real time1486834561.73

DEBUG:root:bitarray('11100000110111011100000110110011000001001100100000100111010100100110010001001100100110110010100110011001110100111010111011110111011010100100001011000100100001011000100110110110001011011011000101011011000101110110001011101000101111000100100001011000101110101001000100101000')
DEBUG:root:Real time1486834561.83

DEBUG:root:bitarray('11100000110110011100000110110011000001001100100000100110010000100110010001001100100100110010100110011001100101111010111011110111011010101100001011000100101011011000101110110110011011011011001101111011001101110110011011011001101101000101100011010000100100101001000100101000')
DEBUG:root:Real time1486834561.94

DEBUG:root:bitarray('11100000110110011100000110110011000001101100100000100100010000100100010001001000100100110010100110010001110101111010111011110111011010101100001101000100101011001001101110110010011011011001001101111011011101110110011011011001101001001101010011010000100110101001000100101000')
DEBUG:root:Real time1486834562.04

DEBUG:root:bitarray('11100000110110011100000110110011000001101100100000100100010000100100010001001000100100110010100110010001110101111010111011110111011010101100001101000100101011001001101110110010011011011001001101111011011101110110011011011001101001001101010011010000100110101001000100101000')
DEBUG:root:Real time1486834562.15

DEBUG:root:bitarray('11100000110110011100000110110011000001101100100000100110010000100110010001001000100100110010110110011000110101111010111010110111011010100100001011000100101011001000100111110010011011011011001101011011001101110110011011011001101001001101000011010100100110101001000100101000')
DEBUG:root:Real time1486834562.25

DEBUG:root:bitarray('11100000111010011100000110110011000001101100100000110100010000110100010001101000100110110010100110011001110100111010111010110111011010100101001011000100111001001000100110110010011011011001001101011001001101110010011011001001101001001101010011010101100110101001000100101000')
DEBUG:root:Real time1486834562.37

DEBUG:root:bitarray('11100000111100011100000111011011000001110100100000111010010000111010010001110110100110001010110000011001000100110010111010110111011010111100001111000100101001000001100110110001001011011000101101011000100101110001001011000000101000011101000011010001100110101101010100101000')
DEBUG:root:Real time1486834562.47

DEBUG:root:bitarray('11100000111100011100000111011011000001110110100000111010010000111110010001100110100110001010110001011101000100110010111010110111011010111100001011000100111011001001100110110001001011011000101101011000101101110000001011000000101000011101000111000001100110101101010100101000')
DEBUG:root:Real time1486834562.58

DEBUG:root:bitarray('11100000111110011100000110110011000001101110100000100110010000101110010001011100100101111010100111011000010101100010111011110111011010100100001111000100101001011000100110110110001011011010001101011010001101110100011011010001101010001100000111000111101111101001000100101000')
DEBUG:root:Real time1486834562.69

DEBUG:root:bitarray('11100000111000011100000111000011000001111100100100111110010100111100010001111000100110001010110011011000010101001010111010110110010010100100000111000100101101011001100111110000011011011000001101011000011101110000111011000011101000110100001101000110101111101011010100101000')
DEBUG:root:Real time1486834562.8

DEBUG:root:bitarray('11100000111000011100000111000011000001111100100100111110010100111100010001111000100110001010110011011000010101001010111010110110010010100100000111000100101101011001100111110000011011011000001101011000011101110000111011000011101000110100001101000110101111101011010100101000')
DEBUG:root:Real time1486834562.92

DEBUG:root:bitarray('11100000111000011100000111010011000001111100100000111110010000111110010011100000101100001011100001011100010111001010111011110110010010100100001111000100111001011000100110110000001011011000001101011000011101110001111011000111101000111100001101000110100111101111011101101000')
DEBUG:root:Real time1486834563.02

DEBUG:root:bitarray('11100000111000011100000111010011000001111100100000111110010000111100010011100000100110000010110001011100010111000010111010110110010010111100001111000100111001011001100110110000001011010000001101010000011101110001111011000111101000111100001101000011100111101111011101101000')
DEBUG:root:Real time1486834563.13

DEBUG:root:bitarray('11100000111000011100000111010011000001111100100000111110010000111110010001100000100110000010110001011100010110100010111011110110010010100100001111000100111001011010100110110000001011011000001101011000011101110001111011000111101000111100001111000011100111101111011101101000')
DEBUG:root:Real time1486834563.23

DEBUG:root:bitarray('11100000111000011100000111010011000001111100100000111110010000111110010011101000100110000010110010011100000110100010111011110110010010100100001111001100101001000001101110110000011011011000001101011000011101110001111011000111101001111100011111000011100111101111011101101000')
DEBUG:root:Real time1486834563.34

DEBUG:root:bitarray('11100000111000011100000111010011000001111100100000111110010000111100010001110000100110000010110010011100000110110010111011100110010010100100001111000100110001010010101110110000001011011000001101011000111101110001111011000111101000111100001111000011100111101111011101101000')
DEBUG:root:Real time1486834563.45

DEBUG:root:bitarray('11100000111000011100000111010011000001111100100000111110010000111100010001110000100110000010110010011100000110100010111011110110010010100100001111000100110001011010100110110000001011011000001101011000111101110001111011000111101000111100001111000011100111101111011101101000')
DEBUG:root:Real time1486834563.56

DEBUG:root:bitarray('11100000111000011100000111010011000001101100100000111110010001111100010011100000100110000010110000011100010110100010111011110110010010100100001111000100110001011010101110110000011011010000001101011000111101110001111011001111101000111100001111000011100110101111011101101000')
DEBUG:root:Real time1486834563.67

DEBUG:root:bitarray('11100000111000011100000111110011000001111100100000111110010000111100010001100000100110010010110011011100010110111010111011110110010010100100001111000100110001010010101110110000011011011000001101011000111101110001111011001111101000101100001101000011100111101111011101101000')
DEBUG:root:Real time1486834563.77

DEBUG:root:bitarray('11100000111000011100000111110011000001111100100000111110010000111100010001100000100110010010110011011100010110111010111011110110010010100100001111000100111001010110100110110000011011011000011101011000111101110001111011001111101000101100001101000011100111101111011101101000')
DEBUG:root:Real time1486834563.87

DEBUG:root:bitarray('11100000111100011100000111100011000001111000100000111011010000110011010001001100100110010010110001011111010110111010111011110110010010100100001111100100111001011110101110110001111011011000101101011001101101110010011011001101101000111100001111001011100110101111011101101000')
DEBUG:root:Real time1486834563.97

DEBUG:root:bitarray('11100000111100011100000111100011000001111000100000111011010000110011010001001100100111000010110000011101010100111010111011110110010010100100001111100100111001011110101110110001111011011000101101011001101101110010011011000111101000111100001111001110100110101111011101101000')
DEBUG:root:Real time1486834564.07

DEBUG:root:bitarray('11100000111111011100000110111011000001101110100000110111010000110110010001100000100111000010110000011101010100111010111011110110010010100100001110111100110001001001101110110010011011011001001101011001101101110001111011000111101000111100001111001110100110101111011101101000')
DEBUG:root:Real time1486834564.17

DEBUG:root:bitarray('11100000111011011100000110011011000001100010100000111001010000111000010001111000100111000010110100011001110100111010111010010101011010100100001110101100111011010100101110110001001011011000110101011000111101110000111011000011101000011100001011001101100111101111011101101000')
DEBUG:root:Real time1486834564.28

DEBUG:root:bitarray('11100001111001011100001110001011000011100010100001111000010001111000010001110000100111100010111110011001100100111010111010110111011010101100001110100101111011000100101110100011101011010000110101110000111101110001111011000011101000001100110011001001100001101001000100101000')
DEBUG:root:Real time1486834564.38

DEBUG:root:bitarray('11100000111001011100000111000011000001110000100000111000010000111100010001110000100111100010111100011111100111111011111010110101011010100100001011010100111011011010100110110001111011011000111101011000111101110000111011000011101000011100000011000101100111101101010100101000')
DEBUG:root:Real time1486834564.49

DEBUG:root:bitarray('11100000111000011100000111000011000001110000100000111000010000111100010001111000100111100010111110011101100110111010011010110111011010100100001011001100111001011011100110110001111011011000111101011000011101110000111011000011101000011100001011001001100111101101010100101000')
DEBUG:root:Real time1486834564.6

DEBUG:root:bitarray('11100000111000011100000111000011000001110000100000111000010000111000010001111000100111100010111110011111100110111010011010110111011010100111001011001100111001000011101110110001111011011000111101011000111101110000111011000111101000001100000011000011100011101101010100101000')
DEBUG:root:Real time1486834564.7

DEBUG:root:bitarray('11100000111000011100000111000011000001110000100000111000010000111100010001111000100111100010111110011001100100111010011010110101011010100100001011001100111011011011101110110001111011011000111101011000111101110000111011000011101000011100000011001001100011101101010100101000')
DEBUG:root:Real time1486834564.8

DEBUG:root:bitarray('11100000111000011100000111000011000001110000100000111000010000111000010001111000100111000010111100011101100110011010011010110101011010100100001011000100111011001011100110110001111011011000111101011000111101110000111011000011101000001100000011001101100011101001010100101000')
DEBUG:root:Real time1486834564.91

DEBUG:root:bitarray('11100000111000011100000111000011000001110000100000111000010000111000010001111000100111000010111100011101100110110010111010110111011010111100001111001100101011001011100110110001111011011000111101011000111101110000111011000011101000001100000011000101101100101001000100101000')
DEBUG:root:Real time1486834565.01

DEBUG:root:bitarray('11100001111000011100001110000011000001110000100000111000010000111000010001110000100111100010111100011111100100110010111010110111011010101101001110000100101001010000101110110001111011011000111101011000111101110001111011000011101000001100000011000011101100101001000100101000')
DEBUG:root:Real time1486834565.11

DEBUG:root:bitarray('11100001111000011100001110000011000011110000100001111000010001111001010001110010100111000010111000011111000100111010111010110111011010101100001110000101111011000000101110100001111011010000111101010000111101110001111011000111101000011100000011000111101100101001000100101000')
DEBUG:root:Real time1486834565.21

DEBUG:root:bitarray('11100000111000011100000111000011000001110010100000111001010000111001010001110000100111000010111100011101100110011010011010010101011010100100001011000100101001010000100110110001101011011000111101011000111101110001111011000011101000011100001011001101100101101101010100101000')
DEBUG:root:Real time1486834565.32

DEBUG:root:bitarray('11100000111000011100000111100011000001110000100100111000010100111010010001110110100111000010111000011111100100111010011010110111011010100111001011000100111101001100100111110001111011011000111101011000101101110001011011000111101000011100001011000001100100101101010100101000')
DEBUG:root:Real time1486834565.43

DEBUG:root:bitarray('11100001111000011100001111100011000001110000100000111000010000110010010001100100100110000010111000011101000110111010011010110111011010101100001111000100101011000000101110110001111011011000111101011001101101110001011011000111101000111100000011001000100100101101010100101000')
DEBUG:root:Real time1486834565.55

DEBUG:root:bitarray('11100000111100011100000111100011000001110000100100111000010000110010010001100100100111000010111000011101100110011010011011110101011010100100001011000100101101001100100111110001111011011000101101011000101101110001011011000111101000011100001011000001100111101101010100101000')
DEBUG:root:Real time1486834565.66

DEBUG:root:bitarray('11100001111000011100001110000011000011111000100001111000010001110010010011100100101110010011110000011110000111110010111010110111011010101100001110001101111011000000101110100000111011010000111101110000111101110001011011000101101000111100000111000111100111101001000100101000')
DEBUG:root:Real time1486834565.78

DEBUG:root:bitarray('11100000111000011100000111000011000001110000100000111000010000111000010001100010100111000011111000011100000110001010011010110111011010111100001111000100101011011000101110110001111011011000111101011000111101110001111011000111101000011100000011001101100101101101010100101000')
DEBUG:root:Real time1486834565.89

DEBUG:root:bitarray('11100000111000011100000111100011000001110000100100111000010000111010010001100100100111000010110000011101100100111010011010110111011010100100001011000100101001011100100110110000111011011000111101011000101101110001011011000111101000011100001011001011100111101101010100101000')
DEBUG:root:Real time1486834566.0

DEBUG:root:bitarray('11100000111000011100000111000011000001111000100000111000010000111000010001100100100110011010011000010110000110110010011010110111011010101100001111000100101001011000100110110000111011011000011101011000111100110001011011000101101000111100001111000111101111101001000100101000')
DEBUG:root:Real time1486834566.1

DEBUG:root:bitarray('11100000111000011100000111000011000001111000100000111000010100111010010001100100100110011010100000011000000100011010011010110111011010100100001111000100101001011000100110110000111011011000111101011000111101110001011011000101101000011100001111000011100111101001010100101000')
DEBUG:root:Real time1486834566.21

DEBUG:root:bitarray('11100000111000011100000111100011000001110000100000111000010000111010010001100110100110000010110000011100000110001010001010110111011010100100001111000100101001011000100110110001111011011000111101011000101101110001011011000111101000111100000101001001100101101101010100101000')
DEBUG:root:Real time1486834566.32

DEBUG:root:bitarray('11100000111000011100000111100011000001110000100100111000010000110010010001100100100111000010101000010001100100011010011010110111011010100100001011000100101001011000100110110000111011011000111101011000101101110001011011000111101000011100110011001001100011101101010100101000')
DEBUG:root:Real time1486834566.43

DEBUG:root:bitarray('11100000111000011100000111000011000001111000100100111000010000111001010001110010100111000010111000011100100110111010011010110111011010100100001011000100101001011000100111110000111011011000111101011000111101110001111011000111101000011100001011000001100111101101010100101000')
DEBUG:root:Real time1486834566.55

DEBUG:root:bitarray('11100000111000011100000111000011000001110000100000111000010000111001010001110010100111000010111000011101100110111010111011010101011010100101001011000100101001010000101110110001111011011000111101011000111101110001111011000111101000011100001011001001100111101101010100101000')
DEBUG:root:Real time1486834566.66

DEBUG:root:bitarray('11100000111000011100000111000011000001111000100000111000010000111000010001110000100111100010100100011001110100111010011010110101011010100100001011000100101011011000101110110001111011011000111101011000111101110001111011000011101000001100011011001101100111101101010100101000')
DEBUG:root:Real time1486834566.76

DEBUG:root:bitarray('11100000111000011100000111000011000001110000100000111100010000111100010001111000100111000011110010011000110110011010011010010101011010100100001011000100101011011000101110110001111011011000111101011000111101110001111011000011101000111100000011001001100001101101010100101000')
DEBUG:root:Real time1486834566.87

DEBUG:root:bitarray('11100000111100011100000111100011000001110000100000111100010000110100010001100000100111000010110001011100010100101010001011010101011010100101001011100100111011001001100110110001111011011000011101011000011101110001111011000111101000111100010011001101100101101111010100101000')
DEBUG:root:Real time1486834566.98

DEBUG:root:bitarray('11100000111110011100000110110011000001100100100000110000010000110000010001100000100111000010111010011000110100111010111010010101011010100100001011100100101011001011100110110011001011011001101101011001111101110001111011000111101000111100011011001101100111101101010100101000')
DEBUG:root:Real time1486834567.09

DEBUG:root:bitarray('11100000111100011100000110000011000001100100100100110000010000110000010001100000100111000010111010011100110110111010111010110101011010100100001011100100101001001100100111110010101011011001101101011001101101110001111011000111101000011100001011001101100111101101010100101000')
DEBUG:root:Real time1486834567.2

DEBUG:root:bitarray('11100001111100011100001111000011000011100000100001100000010001100000010011100000101110000011111110011101110110111010011010110111011010101100001011001101101010011001101110100010011011010001101101010001111101110011111011000111101000011100000011000001101111101001000100101000')
DEBUG:root:Real time1486834567.3

DEBUG:root:bitarray('11100000111100011100000110000011000001100100100100110000010000110000010001100000100111000010111010011100110110111010111010110101011010100100001011100100101001001100100111110011001011011001101101011001101101110001111011000111101000111100001011001101100111101101010100101000')
DEBUG:root:Real time1486834567.4

DEBUG:root:bitarray('11100000111100011100000110000011000001100100100100110000010000110000010001100000100111000010111010011100110110111010111010110101011010100100001011100100101001001100100111110011001011011001101101011001101101110001111011000111101000111100001011001101100111101101010100101000')
DEBUG:root:Real time1486834567.5

DEBUG:root:bitarray('11100000111100011100000110000011000001100100100100110000010000110000010001100000100111000010111010011100110110111010111010110101011010100100001011100100101001001100100110110011001011011001101101011001101101110001111011000111101000111100001011001101100111101101010100101000')
DEBUG:root:Real time1486834567.6

DEBUG:root:bitarray('11100000111110011100000110110011001001101100101000111100011000111100010001110000100111100010111100011111000111100011100011000100010010100100001001111100101001001110100110110000011011011000011101111000111101110001111011000011101000111100011101000111100001101001000100101000')
DEBUG:root:Real time1486834567.7

DEBUG:root:bitarray('11111100100011011101100100011011011001000110101100100111010000101111010001111110100111111010111100011111100111110011000010000100010010101101001100001100101001001000101100110111001010011011100100011010001100110000011011000001101000011100000011001101100111101001000101101000')
DEBUG:root:Real time1486834567.8

DEBUG:root:bitarray('11101100111011011101100110011011011001000110101100100111011100101110011001011110100111011010011100010111010111101011100011010111011010100101101110001100101101110011101001110100111000111010001100011010000100110100001011100000101100011101100101000010100010100111000100101000')
DEBUG:root:Real time1486834567.9

DEBUG:root:bitarray('10101100100111011101100100111011011001001110100100100111010100100110011001011100100001110010001100011010000111000011001010110111011010100101100100011101101100100111101011010100101001111010000101111010000101111000001011100010101100010100001111000111100011100011001100101000')
DEBUG:root:Real time1486834568.01

DEBUG:root:bitarray('11100010110110011100010010100011000000111100100000111000010000111000010001111000100111001010111011011111110111110011110011110101011010101101100001100101101100001100101011110011001001111100011101110100111101111000111011100100101001100101010001011000100000100111011101101000')
DEBUG:root:Real time1486834568.11

DEBUG:root:bitarray('11100000110100011100000110100010000001100110100010011111010010011111010110111100110011110010001110010011110111111011111011110111011010111101100001100101101100001100101011100000001001100000000101100000000101111000001011100000101100000101000001000000101001100001000101101000')
DEBUG:root:Real time1486834568.21

DEBUG:root:bitarray('11100000100111011100000100011010000001100110100010011111010010011111010110111100110011110010001110010011110111111011111011110111011010110101110000000100101110000000101011100000001001100000000101100000000101111000001011100000101100000101000001000000101001100001000101101000')
DEBUG:root:Real time1486834568.31

DEBUG:root:bitarray('11100011000011011100011011011010000010011110100011100111010011110111010111101110111110111010010111010001110110110011111011110111011010111001110000001101001110000000101011100000001011110000000101110001000101000010001011001000101101000101000001010000101000100011010100101000')
DEBUG:root:Real time1486834568.41

DEBUG:root:bitarray('11100011000011011100011011011011000110011110100011000111010011110111010111100110111110011010010111010101110110110011111011110111011010111001111000001101001111000000101111110000001011110000000101110001000101000010001011001000101101000101000001010000101000100011010100101000')
DEBUG:root:Real time1486834568.52

DEBUG:root:bitarray('11100011110111011100011111111011000111011110100011100011010010110011010101100110110010011010011011010110110111011011110011100111011010111000111000001101001110000000100011110000001011111000000101110000000101100011001010001100100000100101001001010000101000101001001101101000')
DEBUG:root:Real time1486834568.62

DEBUG:root:bitarray('11110001110111011100011101111011000111011110100011100011010011100011010101100110110010011010011001010110010111101011100011100101011010110000111000001101001111100000100011111000001001111000000101111000000101100001001010000100100000110100001101001000100000101001001101101000')
DEBUG:root:Real time1486834568.73

DEBUG:root:bitarray('11100011110111011100011101111011000111011110100011100011010011100011010101100110110010011010011001010110010111101011100011100111011010111000111000001101001111100000100011111000001001111000000101111000000101100011001010001100100000110100001001001000101000101001001101101000')
DEBUG:root:Real time1486834568.84

DEBUG:root:bitarray('11110001110111011100011101111011000111011110100011100011010011100011010101100110110010011010011001010110010111101011100011000101011010110000111000000101001111000000100011111000001001111000000101111000000101100001001010000100100000110100001101001000100000100001011101101000')
DEBUG:root:Real time1486834568.95

DEBUG:root:bitarray('11110011100111011100011111111011000111110110100011100011010001100011010101100110110011011010011001010110010111101011100011100111011010111100111000000101001111100000100011111000001001111000000101111000000101100001001010000100100000110100001101000000100000101001011101101000')
DEBUG:root:Real time1486834569.05

DEBUG:root:bitarray('11110000110011011110110011001011101100110010110111110000010111110010011111110000111101100011100100010011010101100011100011000100010010100001111001000100001101100100101010011001111011000011011101000011011100000100111000010011101001111100111111011111100011100111010100101000')
DEBUG:root:Real time1486834569.15

DEBUG:root:bitarray('11110000110011011110110011011011101100110010110111110000010111110010011111110000111101100011100100010011010101100011100011000100010010100001111001000100001101100100101110011001111011000001111101000001011100000100111000010011101001111100111111011111100011100111010100101000')
DEBUG:root:Real time1486834569.25

DEBUG:root:bitarray('11110100110111011110110010011011111111110010101111101001011111110010011111010000111101000011001000010010000111000011100010000100010010110001011001000100011011101100101110011011101011000011111101000010111100001101111000010111100011111101111111010111100011100111010100101000')
DEBUG:root:Real time1486834569.35

DEBUG:root:bitarray('11110100110111011110100010011011111111110010101111110001011111110000011111110010111101000011000000010010000111100011100010000100010010100011011001000100011011101100101110011011101010000111011100000010011100001101111000010111100011111101111111011111100011100101010100101000')
DEBUG:root:Real time1486834569.46

DEBUG:root:bitarray('11110110010111011110110010001011101111110010110111110000010111110010011111110000111101000011101000010011010101100011100011000100010010100011101101000100011001101110101110010111111011000011011101000010011100000101111000010111101011111100111111011111100011100111010100101000')
DEBUG:root:Real time1486834569.57

DEBUG:root:bitarray('11110100010111011110111110011011111111100010101111100010011111110010011111010000111101000011100000010010010101100011100010000100010010100011011101000101011001001100101110001111111011000011011101000010011100000101111000010111100011111100111111011111100011100101010100101000')
DEBUG:root:Real time1486834569.67

DEBUG:root:bitarray('11110110011111011110110010001011101111100010100111110001011111110010011111110010111101000011100000010011000101100011100011000100010010100011001101000100011001101110101110010011101011000011111101000010011100000101111000010111100011111101111111011111100111100111010100101000')
DEBUG:root:Real time1486834569.77

DEBUG:root:bitarray('11110110011111011110110010001011101111100010100111110001011111110010011111110010111101000011100000010011000101100011100011000100010010100011001101000100011001101110101110010011101011000011111101000010011100000101111000010111100011111101111111011111100111100111010100101000')
DEBUG:root:Real time1486834569.87

DEBUG:root:bitarray('11110100110011011111111110011011011111100110101111100110011111110110011111010000111101000011100000010010010101100011100010000100010010100011011101100101011000001101101100001111111010000111011100000010011100000100111010010011100011111100111111011111101011101101010100101000')
DEBUG:root:Real time1486834569.97

DEBUG:root:bitarray('11110110010011011110111110001011101111110010100111110010010111110010011111010000111101000011100000010011010101100011100010000100010010100011001101100101111001001100101110000111111011000011011101000011011100000100111000010011100011111100111111011111101011100101010100101000')
DEBUG:root:Real time1486834570.08

DEBUG:root:bitarray('11110110010011011110111110001011101111110010110111110010010111110010011111110000111101000011100000010011010111100011100010000100010010100011001101000100011001001100101110010111111011000011011101000010011100000100111000010111100011111100111111010111100011100111010100101000')
DEBUG:root:Real time1486834570.19

DEBUG:root:bitarray('11110110010011011110111110001011111111110010100111110010011111110010011111010000111101000011100000010011010101100010100010000100010010100011001101100101111001001100101110000111111011000011011101000011011100000100111000010011100011111101110111011011101011100101010100101000')
DEBUG:root:Real time1486834570.3

DEBUG:root:bitarray('11110110010011011110111110001011101111110010100111110010010111110010011111110000111101000011100000010011010101100010100011000100010010100011001101100101011001001110101110010111111011000011011101000010011100000100111000010111100011111101110111011011101011100111010100101000')
DEBUG:root:Real time1486834570.4

DEBUG:root:bitarray('11110110010011011110111110001011101111110010100111110010011111110010011111010000111101000011100100010011110101110010000010000100010010100011001101100101111001001100101110000111111011000011011101000011011100000100111000010011100011111100111011011101101001100101010100101000')
DEBUG:root:Real time1486834570.5

DEBUG:root:bitarray('11110110010011011110110110011011011111100100101111100110011111110110011111000000111100000011100010010000110110010010011010010100010010110001001101100101111000011101101100001111111010000111011100000111011100000100111000011011100011111100111011001101101100101101010100101000')
DEBUG:root:Real time1486834570.6

DEBUG:root:bitarray('11110100110011011111111110011011011111100100101111100110011111110110011111000000111100000011100010010000110110010010011010010100010010110001011001100101111011011101101100001111111010000111011100000111011100000100111000011011100011111100111011001101101100101101010100101000')
DEBUG:root:Real time1486834570.7

DEBUG:root:bitarray('11110110010011011110111110001011101111110010100111110010010111110010011111110000111101000011100100010011110101110010100010000100010010100011001101100100011001001110101110010111111011000011011101000010011100000100111000010011100011111100110111011101101001100111010100101000')
DEBUG:root:Real time1486834570.8

DEBUG:root:bitarray('10110100010111010110110011001011101111100010111111111001011111100000011111010010111101000011100100010011100101100011100011000100010010100001011001000100011001100100101110010011101011000011111101000010111100000101111000010111100011111101110111011011101011100111010100101000')
DEBUG:root:Real time1486834570.9

DEBUG:root:bitarray('11000011101110011100101110110011001011111100100100011100010100011110011000101110110110011011011000010011000110000010001010110111011010110011100011001100011010001001100000100100111000100000011100000100101101111110001001011100100101110101100111011111101110101001000100101000')
DEBUG:root:Real time1486834571.0

DEBUG:root:bitarray('10000011101110011100101110110011001011111100100100011100010100011111011100100110111001011011001100011101000111000010001010110111011010101011100011001101011010001001100000100100111000100000011100000010100100001111001000111100100110011100111111011111101110101001000100101000')
DEBUG:root:Real time1486834571.1

DEBUG:root:bitarray('10000011000110011100111100111011001001111100100100011110010000011111011100100110111001011011001100011101000111000010001010110111011010101011000011001100011010011000100000100010011000100001000100100110100100001111001000111100100110011100111111011111101110101001000100101000')
DEBUG:root:Real time1486834571.2

DEBUG:root:bitarray('11000011100110011000101100110010001011011110100100011110010100011110011100111110110010011010001001010011100110000010001010110111011010110011100011001100011010011001100000101110001000100101010100100100111100111110011001101100101110110101110011011111101110101001000100101000')
DEBUG:root:Real time1486834571.31

DEBUG:root:bitarray('10000011100111011000111100111010001110111100100000011110010000011011011100001110111001111011001100011001000111000010011010110111011010111011010001001100011010011000100000001100111000101100101100111100100100011111001000110100100110011100111111011111101110101001000100101000')
DEBUG:root:Real time1486834571.41

DEBUG:root:bitarray('10000011110011011000110111111010001101111100100100111010010010011011011100101110111001011011001000011110000100000010011010110111011010101011010000001100011011001001100000000001011000100000101100111100100100011100011000111100100110111100011111011110101100101001000100101000')
DEBUG:root:Real time1486834571.51

DEBUG:root:bitarray('11000011110111011000110111111010001101111100100100111010010010011011011100100110110010011011011000010011000111000010001010110111011010110011010000001100011011001001100000000001111000100000101100111100100100111111001001101100100110111101100111001111101110101001000100101000')
DEBUG:root:Real time1486834571.61

DEBUG:root:bitarray('11000011110110011000111100110010001111111000100110011010010110011011011100100110110010011011011000010011000111000010001010110111011010110011010001011100011010011001100000001100111000101000111100111100100100111111001001101100100110111101100111001111101110101001000100101000')
DEBUG:root:Real time1486834571.71

DEBUG:root:bitarray('10000110110011011100110110111011001100111100100100011010010010011011011100100110111001011011001000011111000101000010011010110111011010101011010001101100011011010001100000001001111000101000101100111100100100011100001000111100100110111100011111011110101100101001000100101000')
DEBUG:root:Real time1486834571.82

DEBUG:root:bitarray('10000011100011011000111110111010001101111100100100011100010010011110011100110110111000011011001001011110000101000010011010110111011010101011010000101100011010011000100000000001011000100000001100111100011100011111001000111100100110110100011111011110101100101001000100101000')
DEBUG:root:Real time1486834571.92

DEBUG:root:bitarray('11000011110111011000111110110010011111111110100111011100010110011100011100111100111011011011011000010010010100001011000010010111011010110010010000011100010010001001100000000111001000111000011100111100001100111110001000101100100110110101101101011110101111101101000100101000')
DEBUG:root:Real time1486834572.02

DEBUG:root:bitarray('11000111111011011000111110111010001111100110101111111110011111111100011110011100110011011011111000011111000111100011010010110111011010110011110011100100011110011001100100100011001000110000101100110100011101110100011000101100100101110101011011000111101101101001000100101000')
DEBUG:root:Real time1486834572.13

DEBUG:root:bitarray('10000111111011011000111110111010001111100110101111111110011111111100011110011100110011011011111000011111000111100011010010110111011010100011110011100100111110011001100110100011001000110000101100110100011101110100011000101100100101110101001111000011101101101001000100101000')
DEBUG:root:Real time1486834572.23

DEBUG:root:bitarray('11100110111011011100111111011011001111100110100111111110010111101110011110011110111011001011111000011111000111100011010010110111011010101011010001100100011011001100100010010011001000111000011100010100011101110110011000101100100101111101001011000101100101101001000100101000')
DEBUG:root:Real time1486834572.33

DEBUG:root:bitarray('10000011101111011000111111001010001111101110100111111100010111101110011110011110111001001011111100010111100111110011001010110111011010101011010001100100011010001010100000100001101000110100011100110110001101110110001000110110100100111101001111000011100110101001000100101000')
DEBUG:root:Real time1486834572.44

DEBUG:root:bitarray('11000011111111011000111111111010001111110010100111111111010110111110011101101110111100001011111000011111000111110011100010000111011010110011110011000100011010011001100000100011101000010000111100011100011100111100011000001111100010111101000101010000100001101111000100101000')
DEBUG:root:Real time1486834572.54

DEBUG:root:bitarray('10110000011111011100011111001011000101110010100001111001010001111111011110100010111000001011110000011111000111100011100011000100011010101100010010101101100110011110101111001110101011000111010101001100110101111000001011000000101000001101110011011001101001100111010100101000')
DEBUG:root:Real time1486834572.65

DEBUG:root:bitarray('10110001001111011100000011101011000111110010100000111001010000111111011110100110111100001011110000011111000111100011100011000100011010111100011011101101101110011000101111100110101011000111110101001100010100111000001011000000101000001101110111011001101001100111011100101000')
DEBUG:root:Real time1486834572.75

DEBUG:root:bitarray('10110000111101011100000111101011000111110010100000111001010000111111010111100010111110000011111000011111000111100011100011000100011010100110010001100101101110011110101111000110101011000111110101001100000101111100001011110000100011001101110111011001101001101111011100101000')
DEBUG:root:Real time1486834572.85

DEBUG:root:bitarray('10110000111101011100000111101011000111110010100000111001010000111111010111100010111110000011111000011111000111100011100011000100011010100110010001100101101110011110101111000110101011000111110101001100000101111100001011110000100011001101110111011001101001101111011100101000')
DEBUG:root:Real time1486834572.96

DEBUG:root:bitarray('10110000110111011110001110111011000011111010100000011111010000111101010011111010101111101011111111011111100111110011110011100110010010100110010001100100111110011100101111000111001011100011100101000011000101101010001011111000100111100100111011011100011000100101001101101000')
DEBUG:root:Real time1486834573.06

DEBUG:root:bitarray('10110000110011011110001110011011000011111110100000011111010000011111010001111010101111111011111111011111100111110011111010110110010010100111010001100100111100011100101111000110001011100011000101000011000101010100001011111000100011100100011101011101101100101000101101101000')
DEBUG:root:Real time1486834573.16

DEBUG:root:bitarray('10110000111011010110001111011011000001111110100000011111010000011111010001111110100111111011111111011111110111110011111010110111010010100111000001100100111100001100101111000010001011100001100101100001000101010100001011111000101011100100011101001101101101101001001101101000')
DEBUG:root:Real time1486834573.26

DEBUG:root:bitarray('10110000111011011100001111011011000001111110100000011111010000011111010001111110100111111011111111011111110111110011111011110111010010110110100011100100111100001100101111000001001011000001000101100011000101011000001011011100101011100100011101001111101001100001000101101000')
DEBUG:root:Real time1486834573.36

DEBUG:root:bitarray('10110000011011011100001111011011000011111110100000011111010100011111010001111110100111111011111111011111110111110011111011110111010010110111100001100100111100001100101111000001101011000001000101100011000101111000001011011100101001110100011101001011101011100001000101101000')
DEBUG:root:Real time1486834573.46

DEBUG:root:bitarray('10110000011011011100000111011011000000111110100000001111010100001111011001111110100111111010111111011111110111110011111011110111011010110111100001100100111100001100101111001001101011100001000101100010000101111000001011001100101001110100000101000011101011100001010101101000')
DEBUG:root:Real time1486834573.56

DEBUG:root:bitarray('10110000011011011110001111011011000000111110100000011111010000011111010001101010100111100011111111011111100111110011111011110111010010110111000000100100111100001100101111001011001011100001000101100001000101010000001011011100101001110100001111000011101000100001001101101000')
DEBUG:root:Real time1486834573.66

DEBUG:root:bitarray('10110000000011011110000000011011000010011110111111001101011111111000011111111100111111111011111111011111110111111011111011110111011010110110000011111010111100011110011111001111110110000011111011100000111111000000011010000000101110000101000001000000100001100001000100101000')
DEBUG:root:Real time1486834573.76

DEBUG:root:bitarray('10001111100111010001111000110010111110011110111111001101011111111000011111111100111111111011111111011111110111111011111011110111011010111001011111111010011001111111010100001111110110000011111011100000111111000000011010000000101110000101000001000000100001100001000100101000')
DEBUG:root:Real time1486834573.87

DEBUG:root:bitarray('10001111111111010000111001111010111110011110111111011101011100011000010000111100100011111010111111011000110100010010011010010101010010110001010011111010001000111111011000000111110100100001111010111100011100111000011011110001101110000101110001011001101001100011001001010000')
DEBUG:root:Real time1486834573.97

DEBUG:root:bitarray('10001111100111010001111101110010111111111010111111111100011100011110011000111110100001111010001111010011110101110011110011100100010010110001000011111010001000111111010000100111110100111000111010111100001100011100001001110000101111100101111101010111100010100101001100101000')
DEBUG:root:Real time1486834574.08

DEBUG:root:bitarray('10001111100111010000111101110010111111111000111111111100011100011110011000111110110000111010001111010111010111100011100011000100010010111001010111111010001000111111010001100111110100111000111010011100001100011100001001111000101111100101111111000111100110101001011100101000')
DEBUG:root:Real time1486834574.2

DEBUG:root:bitarray('10001111100111010000111111110010111111111100111110111100011100011110011000011110110000111010000011010011010111100011110011000100010010110001000011111010001000111111010000100111110100011000111010011100001100011100001001111000101111100101111111010111100110100001011100101000')
DEBUG:root:Real time1486834574.3

DEBUG:root:bitarray('10001111100111010001111101110010111111011000111111111100011100111100011000111110100011111010011111010011010101100011110011000100010010111000001111111010010001111111010000000111110100110001111010111000011101111000001011110000101111000101111101011110101110101101011100101000')
DEBUG:root:Real time1486834574.4

DEBUG:root:bitarray('10011110001111010011111000111010111110000110111111000001011111110000011111100110111110011011110011011100010110001010001010010101010010110000000111111011000000111111011000001100110100000111001010000011101100000011101000001100100001100100011101010100100110100101000100101000')
DEBUG:root:Real time1486834574.51

DEBUG:root:bitarray('10001111000000010001111000001010111110000000111111100000011111110000011111100000111110011011111111011111110111111011110011110111011010111000000011111011000000111111010000000111110100000011111100000011111100000100111000000011100000001100000011001000101001100011001100101000')
DEBUG:root:Real time1486834574.61

DEBUG:root:bitarray('10001111000000010001111000001010111110000000111111000001011111110000011111100000111110010011111111011111110111111011111011110111011010111000000111111011000000111111010000001111110100000111111000000011111100000101111000000011100000001100100001010000101000100001000101101000')
DEBUG:root:Under real time Point counter:0.128888130188

DEBUG:root:bitarray('10000111110010010000111000100010001110001110100111000001010111000001011110100010101110011011110000011110000111100011100011100110010010111001101011111100011000001111100110001110111011000101001101000101101100000010111010001001100001111100001111000111100111100011001101101000')
DEBUG:root:Real time1486834574.84

DEBUG:root:bitarray('10000111110010010000111000100010001110001110100111000001010111000001011110100010101110011011110000011110000111100011100011100110010010111001101011111100011000001111100110001110111011000101001101000101101100000010111010001001100001111100001111000111100111100011001101101000')
DEBUG:root:Real time1486834574.94

DEBUG:root:bitarray('11000110010110011000110000110010001100001110100110000001010110000001010100001010101100111011110000011110000111000011100011100110010010111011001001000100011000101001100110001110011011000110000101000011010101000110011000011001100001111100001111000111100011100011001101101000')
DEBUG:root:Real time1486834575.05

DEBUG:root:bitarray('11000111110110011100111010110010000010011110100001001011010000011011011000011010101000111011110000011110000111000011100011100110010010111001101011001100011100101001100110000110111011011000001101001111000101001100111010011001100001111100001111000111100011100011001101101000')
DEBUG:root:Real time1486834575.15

DEBUG:root:bitarray('11000110110110011000110000110010000110011110100011001101010000011101011001111010100110111011110000011110000111000011100011100110010010111011001011001100011001101001100110000110111011111000010101001010010101011100111000111001100011111100001111000111100011100011001101101000')
DEBUG:root:Real time1486834575.26

DEBUG:root:bitarray('11000111110110011000111010110010001110011100100111001101010011011001010011110010101111010011110000011110000111000011100011100110010010111001101011001100011100101001101111000110011011101000011101100000010101001001111000100011100011111100011111000111100011100011001101101000')
DEBUG:root:Real time1486834575.37

DEBUG:root:bitarray('11000110010110011000111001111010000110000110100011000001010111000100010100001100101100110010100000011111000111100011110011100110010010111011000101000100011000110100100110010011001011001111000101000001011101000010011000001001101001111100001111000011100001100011001101101000')
DEBUG:root:Real time1486834575.47

DEBUG:root:bitarray('11000110010110011000111000110010000110001110100001011111010010011001011000111010100111110011110000011110000111100011100011100110010010111001100001101100011000111001100110000111111011001101010101100100010101001100111000111001100011101100011111000111100011100011001101101000')
